# state, exact probability, frequency, count:
#------------------------------------------------------------------
|100100101100111001101000000010> :  0.8125952E+00  0.8092000E+00        8092
|100100101100111001101010000010> :  0.9806914E-01  0.9980000E-01         998
|100101001100111000101100000010> :  0.4454388E-02  0.4400000E-02          44
|100101101100111001101000000110> :  0.2794852E-02  0.2400000E-02          24
|100101101100111001001000000110> :  0.3558131E-03  0.6000000E-03           6
|100100101100111001101010100110> :  0.6621937E-03  0.5000000E-03           5
|100100101100111001101000000110> :  0.5159446E-03  0.5000000E-03           5
|100101101100111001101000010010> :  0.2414402E-03  0.4000000E-03           4
|101100001100001001101100000110> :  0.3881365E-03  0.4000000E-03           4
|100101101100111001101000000011> :  0.3913412E-03  0.4000000E-03           4
|100100101100111000101000010010> :  0.5357372E-04  0.3000000E-03           3
|100100101100111001100010000110> :  0.6179575E-04  0.3000000E-03           3
|100101001100111001001010000110> :  0.9032555E-04  0.3000000E-03           3
|100100101100111001101010000110> :  0.2305866E-03  0.3000000E-03           3
|100100001100111001101000010110> :  0.9956465E-04  0.3000000E-03           3
|100101101100111001101010000110> :  0.2497096E-03  0.3000000E-03           3
|100100001100101001101000000110> :  0.9833698E-04  0.3000000E-03           3
|100101101110111000001000000010> :  0.1242290E-03  0.3000000E-03           3
|100100101100111001001000000010> :  0.2385727E-03  0.3000000E-03           3
|101000101100111001101000000011> :  0.9125108E-04  0.3000000E-03           3
|100100001100111000101100010100> :  0.4168734E-04  0.2000000E-03           2
|100101001100110001101010000011> :  0.4000809E-04  0.2000000E-03           2
|100100001100101101101000100110> :  0.3847099E-05  0.2000000E-03           2
|000100001100111001100010000110> :  0.3624003E-04  0.2000000E-03           2
|100100001100111001100010000010> :  0.9391212E-04  0.2000000E-03           2
|100100001100111000100101010010> :  0.2463008E-03  0.2000000E-03           2
|000101001100111001001000000110> :  0.1593797E-04  0.2000000E-03           2
|100100000100111000101100010011> :  0.1431128E-03  0.2000000E-03           2
|100110101100111001100001000010> :  0.4463406E-04  0.2000000E-03           2
|100000101100111000100100010010> :  0.3744771E-04  0.2000000E-03           2
|100100001100111001110000010010> :  0.1170969E-04  0.2000000E-03           2
|100101101100111001101000000000> :  0.1020362E-03  0.2000000E-03           2
|100100001100111001100000000010> :  0.5042882E-04  0.2000000E-03           2
|100100000100101001101100000110> :  0.7127185E-04  0.2000000E-03           2
|100100101101111100001000000010> :  0.4276090E-04  0.2000000E-03           2
|100000001100111001100010010010> :  0.1094442E-03  0.2000000E-03           2
|100100001100101001100010010110> :  0.1546312E-04  0.2000000E-03           2
|100101101100111001101011100110> :  0.2384627E-04  0.2000000E-03           2
|100101001100111001100010010110> :  0.4710865E-05  0.2000000E-03           2
|100101101100101001101010100110> :  0.1346158E-03  0.2000000E-03           2
|100100101100111110001000000010> :  0.3345477E-04  0.2000000E-03           2
|100100101000111001101010110010> :  0.3308970E-04  0.2000000E-03           2
|100100111001111001001000000010> :  0.9147224E-05  0.2000000E-03           2
|100000001100111000100100010010> :  0.3587219E-04  0.2000000E-03           2
|100100001100111100000000100110> :  0.1048569E-05  0.2000000E-03           2
|100100001100110001100010010010> :  0.5276332E-04  0.2000000E-03           2
|100100001100111001101000000010> :  0.8990951E-04  0.2000000E-03           2
|100100000100111000100100010110> :  0.7531869E-04  0.2000000E-03           2
|100101001100111001001000000111> :  0.4962616E-04  0.2000000E-03           2
|101101001100111001001010000111> :  0.1110606E-04  0.2000000E-03           2
|100101101100011001101000000110> :  0.1398153E-03  0.2000000E-03           2
|000100101100111001001010000110> :  0.1072217E-03  0.2000000E-03           2
|110100001000111001101000100010> :  0.4254703E-04  0.2000000E-03           2
|100000101100110001100010100110> :  0.1846005E-04  0.2000000E-03           2
|100100001100111010101100010010> :  0.1969349E-04  0.2000000E-03           2
|100101101110111001101000000010> :  0.2251395E-03  0.2000000E-03           2
|000100001100111001100000010010> :  0.4342275E-04  0.2000000E-03           2
|000101001000111000101100000111> :  0.9048360E-07  0.1000000E-03           1
|000100001100111001111000000110> :  0.6208410E-04  0.1000000E-03           1
|000101000111011000100100010010> :  0.2985632E-07  0.1000000E-03           1
|000101000110111001011000000110> :  0.4174359E-07  0.1000000E-03           1
|000101001000111001111000000010> :  0.1637402E-05  0.1000000E-03           1
|000100001100111001101100000110> :  0.2209765E-03  0.1000000E-03           1
|000001101100001001001101000011> :  0.4933816E-09  0.1000000E-03           1
|000101000110101000100100100010> :  0.2941234E-08  0.1000000E-03           1
|000101000101101001101100010010> :  0.8315003E-07  0.1000000E-03           1
|000100001100111001101100000010> :  0.5474624E-04  0.1000000E-03           1
|000101000100111000100100001110> :  0.9657768E-06  0.1000000E-03           1
|001100101100111001111100000010> :  0.1881106E-06  0.1000000E-03           1
|000101000100011001100000001110> :  0.4951197E-06  0.1000000E-03           1
|000001101000111001000100010000> :  0.8599882E-09  0.1000000E-03           1
|000000101001111001100001010010> :  0.9807577E-07  0.1000000E-03           1
|000101000100011000101100010010> :  0.3285933E-06  0.1000000E-03           1
|001100001101101000100100001110> :  0.2708297E-06  0.1000000E-03           1
|000100111101110101101000110110> :  0.2335868E-08  0.1000000E-03           1
|000100111100111011001100000010> :  0.3627933E-06  0.1000000E-03           1
|000100111001011001101000000010> :  0.2460896E-06  0.1000000E-03           1
|000100001100111000101100000110> :  0.8224875E-05  0.1000000E-03           1
|000001001100111000000000011010> :  0.1511331E-05  0.1000000E-03           1
|000100111000011010100000010010> :  0.1338892E-07  0.1000000E-03           1
|000100101100111001111000000010> :  0.1071782E-04  0.1000000E-03           1
|000100001100101011100011000110> :  0.3491170E-07  0.1000000E-03           1
|000100101100111001101100000010> :  0.6198343E-04  0.1000000E-03           1
|000100101100111001101000000110> :  0.1393720E-03  0.1000000E-03           1
|000100001100011001101100000110> :  0.4918020E-04  0.1000000E-03           1
|000001001100110000101100111111> :  0.7143192E-11  0.1000000E-03           1
|000000101001101001001100110010> :  0.7531495E-09  0.1000000E-03           1
|000000001100001011100001001110> :  0.4940612E-06  0.1000000E-03           1
|000101101101111101101011000110> :  0.1153623E-07  0.1000000E-03           1
|000100101100111001101000000010> :  0.1160592E-03  0.1000000E-03           1
|000101101100111001101000000111> :  0.2147328E-06  0.1000000E-03           1
|100000101101110000101001000010> :  0.1129190E-06  0.1000000E-03           1
|000101101100111001101000000110> :  0.5047931E-04  0.1000000E-03           1
|000111001000011100100000011010> :  0.4259484E-09  0.1000000E-03           1
|001000000101011001110000001110> :  0.3747256E-06  0.1000000E-03           1
|001000001101101010000000011010> :  0.1150843E-07  0.1000000E-03           1
|001000100101001000101100000110> :  0.1129687E-06  0.1000000E-03           1
|001000101000111001011000000010> :  0.1070167E-05  0.1000000E-03           1
|001000101001011000100010000110> :  0.6880954E-06  0.1000000E-03           1
|001000101100001001100010000010> :  0.9954257E-08  0.1000000E-03           1
|001000111000011001000000100011> :  0.1002647E-08  0.1000000E-03           1
|001001011100011000100100011110> :  0.2009160E-06  0.1000000E-03           1
|001010111100111000000000001010> :  0.3578192E-07  0.1000000E-03           1
|001100000100000000100110000111> :  0.8178211E-10  0.1000000E-03           1
|001100000100111000100100011000> :  0.1743969E-08  0.1000000E-03           1
|001100000101101000100100000010> :  0.1493651E-06  0.1000000E-03           1
|100100000100101001101100010110> :  0.1341712E-04  0.1000000E-03           1
|001100011000010110000000001110> :  0.1565553E-09  0.1000000E-03           1
|001100101000111001101010000110> :  0.7354773E-06  0.1000000E-03           1
|001100101001101001101000010010> :  0.2086573E-07  0.1000000E-03           1
|100100101100111001101010100100> :  0.5771886E-06  0.1000000E-03           1
|001100110000001001100110000110> :  0.1375591E-07  0.1000000E-03           1
|001101001100010000111100010110> :  0.1904197E-08  0.1000000E-03           1
|001101111100001000100000001110> :  0.1276990E-07  0.1000000E-03           1
|010000001100111000110100010010> :  0.2240290E-04  0.1000000E-03           1
|010000100001001001101000000110> :  0.4203090E-06  0.1000000E-03           1
|010000100001101011101100000010> :  0.1422006E-08  0.1000000E-03           1
|010000100001111000010001010010> :  0.4204382E-08  0.1000000E-03           1
|010000101100101010100000101010> :  0.2796608E-07  0.1000000E-03           1
|010000101100110100110000100000> :  0.1902374E-09  0.1000000E-03           1
|010001000100111000100010011010> :  0.9500013E-07  0.1000000E-03           1
|010100001000111000001101010011> :  0.2061210E-08  0.1000000E-03           1
|010100100001111000110100110010> :  0.1240858E-07  0.1000000E-03           1
|010101110000011001010000000110> :  0.1672616E-09  0.1000000E-03           1
|100000000100011010100001010010> :  0.9591430E-06  0.1000000E-03           1
|100000000100111000101100010011> :  0.8035322E-04  0.1000000E-03           1
|000100001100001001101110000110> :  0.7897464E-05  0.1000000E-03           1
|000101101100111001001000000110> :  0.2588860E-04  0.1000000E-03           1
|000101101100111000101100000110> :  0.6115496E-05  0.1000000E-03           1
|000100101100011011010010000110> :  0.2115343E-06  0.1000000E-03           1
|000101101100111000101000001010> :  0.1336284E-04  0.1000000E-03           1
|000101101100111000001010001010> :  0.5231221E-06  0.1000000E-03           1
|000100101001001101101000000010> :  0.1359210E-06  0.1000000E-03           1
|000100001100001001101000000110> :  0.3541931E-06  0.1000000E-03           1
|000001000101001001000100010110> :  0.3190476E-08  0.1000000E-03           1
|000101101100110001101010100110> :  0.6969564E-05  0.1000000E-03           1
|000101101100101100101100010110> :  0.4739071E-06  0.1000000E-03           1
|000100101000111001111000000110> :  0.2386209E-04  0.1000000E-03           1
|000101101100101001101010100110> :  0.1913763E-04  0.1000000E-03           1
|000101101100101000101100010110> :  0.4358159E-05  0.1000000E-03           1
|000100101000111001110000000110> :  0.9279719E-06  0.1000000E-03           1
|000100001001001001101000001110> :  0.2568265E-06  0.1000000E-03           1
|000101101000111000001010000110> :  0.4211652E-06  0.1000000E-03           1
|000101100110111000100100010010> :  0.6571713E-07  0.1000000E-03           1
|000100101000111001100000101010> :  0.5437993E-06  0.1000000E-03           1
|000101100100111001111100000010> :  0.1368512E-06  0.1000000E-03           1
|000101100100111001111000000010> :  0.4580664E-06  0.1000000E-03           1
|000100101000001001111000101011> :  0.5223151E-10  0.1000000E-03           1
|000100000100001011000101011010> :  0.7132699E-08  0.1000000E-03           1
|000001000100111001111001000010> :  0.5459740E-07  0.1000000E-03           1
|000000001101011000101101000110> :  0.1966127E-07  0.1000000E-03           1
|100000101000111000111001000111> :  0.2098652E-05  0.1000000E-03           1
|000101100100011001101100001010> :  0.8803879E-06  0.1000000E-03           1
|100000101000110100000001010010> :  0.3552039E-07  0.1000000E-03           1
|100000101000110001100000101010> :  0.1128965E-06  0.1000000E-03           1
|000101011100111000101100000010> :  0.3038135E-05  0.1000000E-03           1
|000100100101101001101000001110> :  0.4342040E-06  0.1000000E-03           1
|100000101000111001110011000010> :  0.4304751E-06  0.1000000E-03           1
|100000101000111001111000100010> :  0.5983463E-05  0.1000000E-03           1
|100000101001011001000011010110> :  0.3142409E-07  0.1000000E-03           1
|100000101001111100001000000010> :  0.1049905E-05  0.1000000E-03           1
|100000101010110000100000100110> :  0.9336469E-08  0.1000000E-03           1
|100000101100011001101010010110> :  0.3633239E-05  0.1000000E-03           1
|100000101100011010100101001011> :  0.6704861E-08  0.1000000E-03           1
|100100001101101010110000000011> :  0.6652925E-10  0.1000000E-03           1
|100000101100110001101010110010> :  0.3236070E-04  0.1000000E-03           1
|100000101100111000001000010011> :  0.3567467E-04  0.1000000E-03           1
|100000101100111000001100010011> :  0.1444208E-04  0.1000000E-03           1
|100000101100111000100000010010> :  0.2113583E-04  0.1000000E-03           1
|100000101100111000100010010010> :  0.3529318E-04  0.1000000E-03           1
|100100010100111000100100010011> :  0.9973898E-05  0.1000000E-03           1
|100000101100111000101000010011> :  0.1353614E-04  0.1000000E-03           1
|100000101100111000110010110010> :  0.2089096E-06  0.1000000E-03           1
|100000101100111001001000100110> :  0.6435884E-06  0.1000000E-03           1
|100000101100111001100000010000> :  0.6399224E-07  0.1000000E-03           1
|100000101100111001101000000010> :  0.1886865E-04  0.1000000E-03           1
|100000101100111001101010000010> :  0.1245150E-03  0.1000000E-03           1
|100000101100111001110010100010> :  0.6491156E-05  0.1000000E-03           1
|100000101100111010000101011010> :  0.4464251E-07  0.1000000E-03           1
|100000101100111011101010000110> :  0.1224637E-05  0.1000000E-03           1
|100000101100111101111010100010> :  0.2109891E-05  0.1000000E-03           1
|100000101101011001101000001010> :  0.5277551E-05  0.1000000E-03           1
|100100100000111010101101010011> :  0.4920849E-07  0.1000000E-03           1
|100000101101111000100010000000> :  0.1038961E-08  0.1000000E-03           1
|100000101110011000101110100011> :  0.1366108E-08  0.1000000E-03           1
|100000111000111101110010010010> :  0.1842753E-09  0.1000000E-03           1
|100001000100111100110100011011> :  0.2837917E-06  0.1000000E-03           1
|100001001100110000111011010011> :  0.5072012E-08  0.1000000E-03           1
|100001001100111000110010110110> :  0.1818687E-06  0.1000000E-03           1
|100001001100111001010010010010> :  0.6904418E-07  0.1000000E-03           1
|100001001110011000100001001110> :  0.5627779E-07  0.1000000E-03           1
|100001001111111001000000010010> :  0.3564562E-08  0.1000000E-03           1
|100001011100001011101010000110> :  0.3267542E-08  0.1000000E-03           1
|100001101100110000100011110011> :  0.9948086E-08  0.1000000E-03           1
|100001101100111001001000000011> :  0.1964667E-06  0.1000000E-03           1
|100001101100111001100010010010> :  0.2971093E-05  0.1000000E-03           1
|100010000000111100101000011010> :  0.3584381E-09  0.1000000E-03           1
|100010001000011010100001010010> :  0.1510113E-08  0.1000000E-03           1
|100010001000011010100010100110> :  0.9799877E-10  0.1000000E-03           1
|100010001010011000110010010001> :  0.2640732E-10  0.1000000E-03           1
|100010001101111100101000010010> :  0.4570598E-08  0.1000000E-03           1
|100010100000011000001110010010> :  0.3272745E-09  0.1000000E-03           1
|100010101000100000010100101110> :  0.3408246E-12  0.1000000E-03           1
|100010101000111000101001001011> :  0.1428458E-07  0.1000000E-03           1
|100100000000010001101100110011> :  0.3274326E-07  0.1000000E-03           1
|100100000000101100100100110010> :  0.2237364E-06  0.1000000E-03           1
|100100000001011100101100010110> :  0.7845583E-06  0.1000000E-03           1
|100100000100001001101100010110> :  0.3434738E-04  0.1000000E-03           1
|100100000100001001101110000110> :  0.3081453E-05  0.1000000E-03           1
|100100000100010011101110000110> :  0.5458424E-09  0.1000000E-03           1
|100100000100011010100001001010> :  0.6292468E-06  0.1000000E-03           1
|100100000100011110101000001010> :  0.8675268E-06  0.1000000E-03           1
|100100000100101000101110110110> :  0.4363959E-06  0.1000000E-03           1
|100100101100110101101010001010> :  0.7027335E-06  0.1000000E-03           1
|100100101100111000100010010011> :  0.2330873E-04  0.1000000E-03           1
|100100000100101010101101000110> :  0.5530884E-06  0.1000000E-03           1
|100100000100101100101100010111> :  0.1019861E-05  0.1000000E-03           1
|100100000100110010100111010011> :  0.4462376E-07  0.1000000E-03           1
|100100101100111001000000000110> :  0.2411017E-04  0.1000000E-03           1
|100100000100111000101000010110> :  0.1480778E-04  0.1000000E-03           1
|100100000100111000101010010110> :  0.1368414E-04  0.1000000E-03           1
|100100000100111000101100000111> :  0.1198406E-04  0.1000000E-03           1
|100000101000011101001001100010> :  0.2545664E-07  0.1000000E-03           1
|100100000100111000101100010110> :  0.1920153E-04  0.1000000E-03           1
|100100000100111000111000010110> :  0.2544708E-04  0.1000000E-03           1
|100100000100111000111100010010> :  0.1825293E-04  0.1000000E-03           1
|100100000100111001101000000110> :  0.2522009E-04  0.1000000E-03           1
|100100000100111001111100000110> :  0.7744066E-05  0.1000000E-03           1
|100100000100111101100100100010> :  0.1273043E-05  0.1000000E-03           1
|100100000110011000101000100010> :  0.1119309E-05  0.1000000E-03           1
|100100000110011000101101000110> :  0.7957738E-07  0.1000000E-03           1
|100100000110011001101101000110> :  0.1279134E-06  0.1000000E-03           1
|100100000110101100110010110100> :  0.3558073E-10  0.1000000E-03           1
|100100000111011100100100000010> :  0.6331516E-08  0.1000000E-03           1
|100100001000010100100000010110> :  0.1254815E-06  0.1000000E-03           1
|100100001000010101100000100010> :  0.1958181E-05  0.1000000E-03           1
|100100001000011001101010000110> :  0.4403886E-04  0.1000000E-03           1
|100100001000011111100010000010> :  0.1958896E-05  0.1000000E-03           1
|100100001000110101000010100010> :  0.2762159E-05  0.1000000E-03           1
|100100001000111001011001000110> :  0.2934153E-06  0.1000000E-03           1
|100100001000111001101010100110> :  0.1218756E-03  0.1000000E-03           1
|100100001000111100100000100110> :  0.1996938E-05  0.1000000E-03           1
|100100001010011001100010100010> :  0.2759142E-05  0.1000000E-03           1
|100100001100001001101000000110> :  0.3096682E-04  0.1000000E-03           1
|100100001100001001101010000110> :  0.5189714E-04  0.1000000E-03           1
|100100001100001011001001000110> :  0.1125067E-04  0.1000000E-03           1
|100100001100010001111010100010> :  0.3618518E-06  0.1000000E-03           1
|100100001100010011100011001010> :  0.2595239E-05  0.1000000E-03           1
|100100001100011000101000110110> :  0.6671654E-06  0.1000000E-03           1
|100100001100011001100100000110> :  0.2514562E-04  0.1000000E-03           1
|100100001100011001101000001110> :  0.4845466E-04  0.1000000E-03           1
|100100001100011101000010110010> :  0.5947360E-07  0.1000000E-03           1
|100100001100011110000010000010> :  0.5645426E-06  0.1000000E-03           1
|100100001100011111000010010010> :  0.1282686E-06  0.1000000E-03           1
|100000100100101001101000110010> :  0.3390781E-05  0.1000000E-03           1
|000101011100101001000100000110> :  0.2732915E-05  0.1000000E-03           1
|100000100100011001101010001110> :  0.6538269E-08  0.1000000E-03           1
|100000010100011100101100010110> :  0.7526673E-08  0.1000000E-03           1
|000101010100001011000100010100> :  0.1352417E-09  0.1000000E-03           1
|000100100000110001101110011011> :  0.1850018E-09  0.1000000E-03           1
|000100000001111000101001001110> :  0.1087349E-08  0.1000000E-03           1
|100000010100010010101010010011> :  0.1047871E-06  0.1000000E-03           1
|100000001100111001111100000010> :  0.3288374E-06  0.1000000E-03           1
|000101001100111001110000100000> :  0.1292395E-08  0.1000000E-03           1
|100000001100111001111000010010> :  0.2536817E-05  0.1000000E-03           1
|100100001100111001100000001110> :  0.2198291E-05  0.1000000E-03           1
|100000001100111001101000000110> :  0.2902984E-04  0.1000000E-03           1
|000100011100101111000000001010> :  0.3655625E-07  0.1000000E-03           1
|100100001100111001011100000110> :  0.2457578E-05  0.1000000E-03           1
|100000001100111000111101000010> :  0.6011568E-05  0.1000000E-03           1
|000101001100111001000000010011> :  0.5582152E-07  0.1000000E-03           1
|100000001100111000101100010011> :  0.2839191E-04  0.1000000E-03           1
|100000001100111000101000010011> :  0.1719758E-04  0.1000000E-03           1
|000101001100111001000000001010> :  0.3123447E-04  0.1000000E-03           1
|000100010100101001101000010100> :  0.1410140E-09  0.1000000E-03           1
|000011001100111010000001010010> :  0.3204606E-09  0.1000000E-03           1
|000001000100011000101100011010> :  0.2103501E-06  0.1000000E-03           1
|100000001100111000100100010111> :  0.6500759E-05  0.1000000E-03           1
|100100001100111000101010010010> :  0.4572477E-04  0.1000000E-03           1
|100101101100110001101010000110> :  0.1270953E-03  0.1000000E-03           1
|100100001100111000101010000110> :  0.5178032E-04  0.1000000E-03           1
|000101001100111000111100000110> :  0.2298064E-04  0.1000000E-03           1
|100100001100111000101000010011> :  0.2755853E-04  0.1000000E-03           1
|100100001100111000100110010010> :  0.3079180E-04  0.1000000E-03           1
|100101101100111000100000010000> :  0.2274293E-05  0.1000000E-03           1
|100100001100111000101100010110> :  0.3921226E-04  0.1000000E-03           1
|100100001100111000101100010111> :  0.6642213E-04  0.1000000E-03           1
|100100001100111000110000010110> :  0.2589138E-04  0.1000000E-03           1
|100100001100111000111001000010> :  0.5705927E-05  0.1000000E-03           1
|100100001100111000111100000110> :  0.1440768E-04  0.1000000E-03           1
|100100001100111001001000000010> :  0.1108242E-04  0.1000000E-03           1
|100100001100111001011001000010> :  0.1549938E-04  0.1000000E-03           1
|100101101100111001101011000110> :  0.1638418E-04  0.1000000E-03           1
|100101101100111001111001000010> :  0.3699291E-05  0.1000000E-03           1
|100101101100111011101010100110> :  0.6403768E-04  0.1000000E-03           1
|100100001100111001100000010010> :  0.1421785E-03  0.1000000E-03           1
|100101101100111100101010000010> :  0.2566938E-06  0.1000000E-03           1
|100100001100111001100100010010> :  0.3814452E-04  0.1000000E-03           1
|100101101110111000101010000010> :  0.1639572E-04  0.1000000E-03           1
|100100001100111001101000010010> :  0.2784116E-04  0.1000000E-03           1
|100101111100110001101010000110> :  0.1276834E-04  0.1000000E-03           1
|100100001100111001101010000111> :  0.7045048E-05  0.1000000E-03           1
|100100001100111001101010010010> :  0.4206451E-04  0.1000000E-03           1
|100100001100111001101010010011> :  0.1237125E-05  0.1000000E-03           1
|100100001100111001101100000010> :  0.1019126E-03  0.1000000E-03           1
|100100001100111001101100010010> :  0.2085659E-03  0.1000000E-03           1
|100100001100111001101100010110> :  0.5152623E-04  0.1000000E-03           1
|100100001100111001101100100010> :  0.6150799E-04  0.1000000E-03           1
|100110101000101101001000000011> :  0.6684122E-08  0.1000000E-03           1
|100100001100111001111010000010> :  0.7710595E-05  0.1000000E-03           1
|100100001100111010000001000111> :  0.5933050E-07  0.1000000E-03           1
|100100001100111010011010000110> :  0.1425581E-05  0.1000000E-03           1
|100100001100111010100000010011> :  0.5161038E-05  0.1000000E-03           1
|100100001100111010100100010010> :  0.4564918E-04  0.1000000E-03           1
|100100001100111010101010000101> :  0.6385694E-07  0.1000000E-03           1
|100110101101111001101000000010> :  0.6730329E-04  0.1000000E-03           1
|100100001100111011100000000010> :  0.2667645E-04  0.1000000E-03           1
|100100001100111011101010000000> :  0.7380129E-05  0.1000000E-03           1
|100111001000111000001000000111> :  0.3441724E-07  0.1000000E-03           1
|100100001100111100000100000111> :  0.9862339E-06  0.1000000E-03           1
|100100001100111101100000000010> :  0.2860375E-04  0.1000000E-03           1
|100100001100111110001000000110> :  0.5910783E-05  0.1000000E-03           1
|100100001100111111001010000010> :  0.4799638E-05  0.1000000E-03           1
|100100001100111111101001000010> :  0.4782353E-05  0.1000000E-03           1
|100100001101000100101000000110> :  0.9480928E-06  0.1000000E-03           1
|100100001101000101101100000010> :  0.9621998E-06  0.1000000E-03           1
|100100001101001001001111000110> :  0.6409393E-06  0.1000000E-03           1
|100100001101010101111010000010> :  0.9622902E-07  0.1000000E-03           1
|100100001101011100101000010010> :  0.9152004E-06  0.1000000E-03           1
|100100001101011101101010000010> :  0.1704701E-05  0.1000000E-03           1
|101100001100011001101010010010> :  0.3151522E-04  0.1000000E-03           1
|100100001101111000100010010010> :  0.6591459E-04  0.1000000E-03           1
|100100001101111000100100010010> :  0.4166728E-04  0.1000000E-03           1
|100100001101111001000001000010> :  0.3494345E-05  0.1000000E-03           1
|100100001110011001101000000110> :  0.7867402E-05  0.1000000E-03           1
|100100001110011100101100100010> :  0.1713678E-07  0.1000000E-03           1
|100100001110101001100010100110> :  0.1792127E-05  0.1000000E-03           1
|100100001110111000001001000010> :  0.1047125E-04  0.1000000E-03           1
|100100001110111001001000100110> :  0.6366159E-05  0.1000000E-03           1
|100100010100001101101100001110> :  0.4775172E-07  0.1000000E-03           1
|100100010100010110101100010010> :  0.9345684E-07  0.1000000E-03           1
|100100010100011011101100000010> :  0.8371267E-06  0.1000000E-03           1
|101100101100111001001010000010> :  0.3431141E-04  0.1000000E-03           1
|100100010101111101111010100010> :  0.5336947E-09  0.1000000E-03           1
|100100011000010111100010000010> :  0.1985105E-07  0.1000000E-03           1
|100100011000011101101010000110> :  0.4041098E-06  0.1000000E-03           1
|100100011000111101100010000010> :  0.1079318E-05  0.1000000E-03           1
|100100011000111111111111000011> :  0.9418993E-11  0.1000000E-03           1
|100100011100001001101100000110> :  0.2248483E-04  0.1000000E-03           1
|100100011100001101101011000110> :  0.1068306E-07  0.1000000E-03           1
|100100011100010010101010010010> :  0.4041659E-05  0.1000000E-03           1
|100100011100010101101100000010> :  0.7403598E-04  0.1000000E-03           1
|100100011100011011001000000011> :  0.2800863E-06  0.1000000E-03           1
|100100011100011111101010000110> :  0.1989272E-05  0.1000000E-03           1
|100100011100101000001100010000> :  0.2909971E-08  0.1000000E-03           1
|100100011100111000100000010010> :  0.7404593E-04  0.1000000E-03           1
|100100011100111000100100010110> :  0.1631930E-04  0.1000000E-03           1
|100100011100111001000001000110> :  0.5738993E-06  0.1000000E-03           1
|100100011100111001100100000010> :  0.4158390E-04  0.1000000E-03           1
|100100011100111100001000000110> :  0.9712752E-05  0.1000000E-03           1
|100100011100111100101010101110> :  0.8707400E-08  0.1000000E-03           1
|100100011101011000001100000010> :  0.2438026E-05  0.1000000E-03           1
|100100011101111000111000000010> :  0.1409382E-06  0.1000000E-03           1
|100100100000001101101000100110> :  0.1544157E-06  0.1000000E-03           1
|100100100000010000111111000011> :  0.1325761E-07  0.1000000E-03           1
|100100100000011100010010000111> :  0.1067114E-08  0.1000000E-03           1
|110100001100001010101100100010> :  0.8359370E-08  0.1000000E-03           1
|100100100001101001001100000010> :  0.3660878E-09  0.1000000E-03           1
|100100100100001001100010101110> :  0.2926029E-07  0.1000000E-03           1
|100100100100001011110000000110> :  0.1090258E-06  0.1000000E-03           1
|100100100100001101101100100110> :  0.1399523E-05  0.1000000E-03           1
|100100100100010000101000110110> :  0.4631715E-06  0.1000000E-03           1
|100100100100011001101000000110> :  0.9691782E-05  0.1000000E-03           1
|100100100100011001101010000110> :  0.2540707E-04  0.1000000E-03           1
|100100100100011100101010110110> :  0.2415635E-06  0.1000000E-03           1
|100100100100101000101000110110> :  0.2390852E-05  0.1000000E-03           1
|100100100100110001111010100011> :  0.6290930E-07  0.1000000E-03           1
|100100100100111001111001000110> :  0.4311607E-06  0.1000000E-03           1
|100100100100111001111001100110> :  0.5737088E-07  0.1000000E-03           1
|100100100101111000101000000010> :  0.2790016E-07  0.1000000E-03           1
|100100100101111100100100000010> :  0.7665857E-08  0.1000000E-03           1
|100100100110010001101011000110> :  0.1929239E-07  0.1000000E-03           1
|100100100110111001001001000010> :  0.2804781E-07  0.1000000E-03           1
|100100101000010101000010100010> :  0.7092834E-06  0.1000000E-03           1
|100100101000010111101010000010> :  0.1546815E-05  0.1000000E-03           1
|100100101000011000101000100110> :  0.1724847E-05  0.1000000E-03           1
|100100101000011001001010100010> :  0.9360838E-05  0.1000000E-03           1
|100100101000011001101010000110> :  0.3281071E-04  0.1000000E-03           1
|100100101000110000100011010000> :  0.2329550E-07  0.1000000E-03           1
|100100101000110000101000100110> :  0.1433957E-04  0.1000000E-03           1
|100100101000110001101010100110> :  0.2068550E-03  0.1000000E-03           1
|100100101000111000101010010011> :  0.7999092E-05  0.1000000E-03           1
|100100101000111000101100010110> :  0.1067157E-05  0.1000000E-03           1
|100100101000111001100010000110> :  0.1226834E-04  0.1000000E-03           1
|100100101000111001101000000010> :  0.2415589E-03  0.1000000E-03           1
|100100101000111001101010000010> :  0.6419291E-04  0.1000000E-03           1
|100000001100111000000100011011> :  0.4820431E-05  0.1000000E-03           1
|100100101000111101001010010010> :  0.2134549E-04  0.1000000E-03           1
|100100101000111101101010000000> :  0.1959182E-05  0.1000000E-03           1
|100100101000111111101110000110> :  0.4614245E-06  0.1000000E-03           1
|100100101001110110101000000010> :  0.9915163E-08  0.1000000E-03           1
|100100101001111001100000000000> :  0.3614848E-05  0.1000000E-03           1
|100100101010111000101100100010> :  0.5479004E-07  0.1000000E-03           1
|100100101100000000100111001111> :  0.8050411E-09  0.1000000E-03           1
|100100101100001001001100100110> :  0.3064865E-05  0.1000000E-03           1
|100100101100001111100000000110> :  0.6657979E-06  0.1000000E-03           1
|100100101100010001111000100110> :  0.5736528E-06  0.1000000E-03           1
|100100101100010011001111100110> :  0.1331273E-09  0.1000000E-03           1
|100100101100011000101010010110> :  0.5456368E-05  0.1000000E-03           1
|100100101100011001101000000110> :  0.3712738E-04  0.1000000E-03           1
|100100101100011001101010000010> :  0.9587756E-04  0.1000000E-03           1
|100100101100011001101100000110> :  0.3982241E-05  0.1000000E-03           1
|100100101100011010111000000010> :  0.1260396E-05  0.1000000E-03           1
|100100101100011011100001000010> :  0.5074030E-07  0.1000000E-03           1
|100100101100011111101000000010> :  0.1139516E-04  0.1000000E-03           1
|100100101100101001001010100110> :  0.8625576E-05  0.1000000E-03           1
|100100101100101001101000000110> :  0.5152581E-04  0.1000000E-03           1
|100100101100101001101000110010> :  0.1541650E-05  0.1000000E-03           1
|100100101100101001101100000010> :  0.1231744E-04  0.1000000E-03           1
|100100101100101101101000100110> :  0.2971595E-06  0.1000000E-03           1
|100100101100110000100010100110> :  0.4853495E-04  0.1000000E-03           1
|100100101100110001011011000010> :  0.3006513E-05  0.1000000E-03           1
|100100101100110001100010000110> :  0.1648613E-04  0.1000000E-03           1
|100100101100110001101010000010> :  0.1693162E-03  0.1000000E-03           1
|100100101100110001101010000110> :  0.3275692E-04  0.1000000E-03           1
|100100101100110001101100000010> :  0.1631881E-04  0.1000000E-03           1
|100100101100110001111001000010> :  0.3922679E-05  0.1000000E-03           1
|100100101100110100100110100011> :  0.1076241E-07  0.1000000E-03           1
|100100001100111000100110000110> :  0.5708240E-05  0.1000000E-03           1
|100100101100111000001000000110> :  0.9736771E-05  0.1000000E-03           1
|100101101100011001101010010110> :  0.1152786E-04  0.1000000E-03           1
|100100101100111000100010100110> :  0.1823185E-04  0.1000000E-03           1
|100100101100111000100110010010> :  0.1863200E-04  0.1000000E-03           1
|100100101100111000101000000010> :  0.3969225E-04  0.1000000E-03           1
|100000001100110001100010100110> :  0.8122856E-05  0.1000000E-03           1
|100100101100111000101001000100> :  0.2037034E-05  0.1000000E-03           1
|100100101100111000101100010011> :  0.3096745E-04  0.1000000E-03           1
|100100101100111001000000000010> :  0.2821516E-04  0.1000000E-03           1
|000101001100111000001100000111> :  0.3166296E-05  0.1000000E-03           1
|100100101100111001000000010010> :  0.4449374E-05  0.1000000E-03           1
|000100010000010100100100001110> :  0.4540973E-09  0.1000000E-03           1
|100100101100111001100000110010> :  0.9697012E-04  0.1000000E-03           1
|100100001100111000100100010010> :  0.3273778E-04  0.1000000E-03           1
|100100001100111000100100010001> :  0.6678000E-04  0.1000000E-03           1
|100000001100110000110101000011> :  0.7374587E-06  0.1000000E-03           1
|100100001100111000100010010011> :  0.4448745E-04  0.1000000E-03           1
|100100001100111000100000011110> :  0.2420870E-04  0.1000000E-03           1
|100000001100110000001111010010> :  0.2386622E-08  0.1000000E-03           1
|000101001100101001101100000000> :  0.2575075E-05  0.1000000E-03           1
|100100101100111001101011010110> :  0.2965124E-06  0.1000000E-03           1
|100100101100111001111001000010> :  0.3786738E-04  0.1000000E-03           1
|100100101100111001111100000010> :  0.7313509E-05  0.1000000E-03           1
|100100101100111011101000000000> :  0.2023944E-04  0.1000000E-03           1
|100100101100111011101010000110> :  0.3650599E-03  0.1000000E-03           1
|100100101100111011101010100110> :  0.1028805E-03  0.1000000E-03           1
|100100101100111011111000000010> :  0.6166617E-04  0.1000000E-03           1
|100100101100111011111001000010> :  0.2332305E-05  0.1000000E-03           1
|100100101100111100001010000011> :  0.2457074E-05  0.1000000E-03           1
|100100101100111100101010100110> :  0.3606907E-04  0.1000000E-03           1
|100100101100111101001010010010> :  0.4450556E-05  0.1000000E-03           1
|100100101100111101100000100010> :  0.7837646E-04  0.1000000E-03           1
|100100101100111101100010110010> :  0.3165922E-05  0.1000000E-03           1
|100100001100111000100000010110> :  0.2517024E-04  0.1000000E-03           1
|100100101100111111101010000010> :  0.2510463E-05  0.1000000E-03           1
|100100101101100100101010000110> :  0.4424471E-08  0.1000000E-03           1
|100100101101111000100001010010> :  0.2444475E-06  0.1000000E-03           1
|100100101101111001101010110010> :  0.1870987E-05  0.1000000E-03           1
|100100001100111000001100010011> :  0.9631742E-04  0.1000000E-03           1
|100100101110100001100011000010> :  0.6508456E-07  0.1000000E-03           1
|100100101110110001101010100010> :  0.1787080E-05  0.1000000E-03           1
|100100101110111101101010100110> :  0.5093865E-05  0.1000000E-03           1
|100100101111111001101011110000> :  0.7493857E-09  0.1000000E-03           1
|100100110100001011101100000110> :  0.8732640E-06  0.1000000E-03           1
|100100111000111101100000000010> :  0.3720638E-05  0.1000000E-03           1
|100100111001010000101001010010> :  0.1363429E-09  0.1000000E-03           1
|100000001100101010101010000010> :  0.1017118E-07  0.1000000E-03           1
|100100111100011011101000000010> :  0.2693050E-04  0.1000000E-03           1
|100100111100100011101001010110> :  0.4922410E-08  0.1000000E-03           1
|100100111100110011001001000010> :  0.4927764E-08  0.1000000E-03           1
|100100111100111111101000000010> :  0.5914251E-05  0.1000000E-03           1
|100100111110111101101010110110> :  0.4889557E-07  0.1000000E-03           1
|100100111111111001101011000010> :  0.6800473E-08  0.1000000E-03           1
|100101000000111001101101000010> :  0.6311994E-07  0.1000000E-03           1
|100101000100001001101000010110> :  0.2265182E-05  0.1000000E-03           1
|100101000100101000100000000010> :  0.1111050E-06  0.1000000E-03           1
|100101000100101001101000010010> :  0.4626055E-05  0.1000000E-03           1
|100101000100111001101010000011> :  0.8497970E-06  0.1000000E-03           1
|100101000100111001101100010000> :  0.1645007E-05  0.1000000E-03           1
|100101000100111101101000000111> :  0.5235576E-06  0.1000000E-03           1
|100101000110001001001100000010> :  0.4574640E-05  0.1000000E-03           1
|100101000110001001110000001011> :  0.5896438E-09  0.1000000E-03           1
|100101000110011001101100000110> :  0.2088013E-04  0.1000000E-03           1
|100101000110111000101000000010> :  0.7785345E-06  0.1000000E-03           1
|100101001000110000100001111111> :  0.7793988E-11  0.1000000E-03           1
|100101001000110000111100000010> :  0.2635377E-06  0.1000000E-03           1
|100101001000110100101000000001> :  0.1809302E-08  0.1000000E-03           1
|100101001000111000011000001011> :  0.4984633E-09  0.1000000E-03           1
|100101001000111001100001000010> :  0.3960084E-08  0.1000000E-03           1
|100101001000111100001000000101> :  0.4886069E-07  0.1000000E-03           1
|100101001100010001001010010110> :  0.8482339E-06  0.1000000E-03           1
|100101001100011001001010000110> :  0.3603839E-04  0.1000000E-03           1
|100101001100011001001101000010> :  0.2244487E-05  0.1000000E-03           1
|100101001100100101101110000010> :  0.1040327E-07  0.1000000E-03           1
|100101001100101001101100000100> :  0.1206854E-04  0.1000000E-03           1
|100101001100101100001100000010> :  0.3074544E-06  0.1000000E-03           1
|100101001100110000101010000110> :  0.2121589E-04  0.1000000E-03           1
|100101001100110001100000001010> :  0.4060340E-05  0.1000000E-03           1
|100100001100111000001100000110> :  0.3078792E-05  0.1000000E-03           1
|100101001100110001110010000010> :  0.4467598E-05  0.1000000E-03           1
|100101001100110100001010000111> :  0.1030575E-07  0.1000000E-03           1
|100100001100110110100000010010> :  0.6857582E-07  0.1000000E-03           1
|100000001100011010000001010110> :  0.1832758E-06  0.1000000E-03           1
|000101001100011001100010000010> :  0.2322765E-06  0.1000000E-03           1
|000100001110111010100100100010> :  0.1431297E-07  0.1000000E-03           1
|000010111000011101000000100011> :  0.2487257E-09  0.1000000E-03           1
|100100001100110101101010000001> :  0.5652079E-08  0.1000000E-03           1
|100100001100110101000010100010> :  0.1394362E-05  0.1000000E-03           1
|100000001000111001110010100011> :  0.5095697E-06  0.1000000E-03           1
|100100001100110100101010000011> :  0.1207763E-05  0.1000000E-03           1
|100100001100110010111010000010> :  0.1778917E-05  0.1000000E-03           1
|100000001000111000101100010011> :  0.1253528E-06  0.1000000E-03           1
|000101001100011000111010000110> :  0.7580068E-07  0.1000000E-03           1
|100100001100110001111001000010> :  0.1667456E-05  0.1000000E-03           1
|100101011100110000000000000010> :  0.5923606E-07  0.1000000E-03           1
|100000000110011000101100010011> :  0.3074991E-08  0.1000000E-03           1
|100101010100110000100100010110> :  0.1757421E-05  0.1000000E-03           1
|100101010100011000101110010010> :  0.2565795E-06  0.1000000E-03           1
|100100001100110001100010000010> :  0.3391416E-05  0.1000000E-03           1
|100101010000101000111000000110> :  0.6753524E-09  0.1000000E-03           1
|100101001110111011001001010010> :  0.9404705E-09  0.1000000E-03           1
|100100001100110000111001000110> :  0.9478408E-05  0.1000000E-03           1
|100101011100110000100000000010> :  0.6524455E-05  0.1000000E-03           1
|100101011100111000001100000110> :  0.8291011E-06  0.1000000E-03           1
|100101011100111001000000000010> :  0.1249445E-04  0.1000000E-03           1
|100101011100111001100010000010> :  0.1011028E-05  0.1000000E-03           1
|100101011101111011101100110010> :  0.2954123E-08  0.1000000E-03           1
|100101100000110100110000010110> :  0.4719638E-08  0.1000000E-03           1
|100101100100001001101010000110> :  0.1423704E-04  0.1000000E-03           1
|100101100100011001101000001010> :  0.1983108E-05  0.1000000E-03           1
|100101100100011001101000010010> :  0.1259650E-05  0.1000000E-03           1
|100101100100011001101100001010> :  0.4592423E-05  0.1000000E-03           1
|100101100100110001111000000110> :  0.3423932E-06  0.1000000E-03           1
|100101100100111000001000010011> :  0.1035716E-06  0.1000000E-03           1
|100101100100111001101010100110> :  0.1039519E-03  0.1000000E-03           1
|100101100110000001101010000110> :  0.2219731E-06  0.1000000E-03           1
|100101101000110001101010000011> :  0.4032777E-04  0.1000000E-03           1
|100101101000110101101010000010> :  0.3285815E-06  0.1000000E-03           1
|100101101000110110100000010110> :  0.2496380E-07  0.1000000E-03           1
|100101101000111000011000000110> :  0.7949575E-05  0.1000000E-03           1
|100101101000111001001010000111> :  0.2010693E-04  0.1000000E-03           1
|100101101000111001101010000011> :  0.1737406E-04  0.1000000E-03           1
|100101101000111001101010000110> :  0.2029599E-04  0.1000000E-03           1
|100101101000111001101010100110> :  0.3090207E-04  0.1000000E-03           1
|100101101001110010100001010011> :  0.3708933E-10  0.1000000E-03           1
|100101101100001110100010010110> :  0.1950870E-08  0.1000000E-03           1
|100101101100010001101010010110> :  0.2483469E-04  0.1000000E-03           1
|100101101100011000100010010110> :  0.6428228E-06  0.1000000E-03           1
|100000000100111010100100010011> :  0.1575607E-04  0.1000000E-03           1
|000101001100001001101100010110> :  0.2801957E-05  0.1000000E-03           1
|100101101100011101101010010010> :  0.9484486E-05  0.1000000E-03           1
|100101101100101000100010010110> :  0.6548662E-06  0.1000000E-03           1
|100101101100101001101000000110> :  0.6742638E-04  0.1000000E-03           1
|100101101100101001101010000110> :  0.4883747E-04  0.1000000E-03           1
|000100001110001001101100100011> :  0.4492476E-08  0.1000000E-03           1
|100101101100101101100010100110> :  0.1101916E-05  0.1000000E-03           1
|100101101100110000111010000010> :  0.4141916E-05  0.1000000E-03           1
|100101001110111001101010000010> :  0.6260599E-05  0.1000000E-03           1
|100101101100110001101010100110> :  0.4005093E-04  0.1000000E-03           1
|100101101100110101000010000010> :  0.5133522E-05  0.1000000E-03           1
|100101101100111000001000000111> :  0.2437932E-05  0.1000000E-03           1
|100101001110011001101100000010> :  0.7793104E-05  0.1000000E-03           1
|100101101100111000101010000110> :  0.3042116E-04  0.1000000E-03           1
|100101101100111001000010010010> :  0.7050318E-04  0.1000000E-03           1
|100101101100111001001000000011> :  0.2059800E-04  0.1000000E-03           1
|100100001100110000100010010011> :  0.1860276E-04  0.1000000E-03           1
|100101101100111001001000010010> :  0.3359599E-04  0.1000000E-03           1
|100101101100111001100001010011> :  0.5016700E-08  0.1000000E-03           1
|100101001101111000100010000110> :  0.8113995E-06  0.1000000E-03           1
|100101101100111001101000000010> :  0.4777864E-05  0.1000000E-03           1
|100101001101101010001100000010> :  0.4993795E-07  0.1000000E-03           1
|100100001100110000100010010010> :  0.9321260E-05  0.1000000E-03           1
|100000000100111000111100010111> :  0.1905220E-04  0.1000000E-03           1
|100101101100111001101000101010> :  0.4902472E-05  0.1000000E-03           1
|100101101100111001101010000000> :  0.2075581E-04  0.1000000E-03           1
|100101001101011000100000000110> :  0.5021873E-06  0.1000000E-03           1
|100101101100111001101010100110> :  0.6374246E-04  0.1000000E-03           1
|100101001100111100100000000110> :  0.2585282E-05  0.1000000E-03           1
|100101001100111001101010000110> :  0.6982093E-04  0.1000000E-03           1
|100101001100111001101000000100> :  0.1074391E-04  0.1000000E-03           1
|100101101100111011101000000110> :  0.3461653E-04  0.1000000E-03           1
|100100001100101001101100000010> :  0.3264589E-04  0.1000000E-03           1
|100101101100111100000010000010> :  0.3418207E-06  0.1000000E-03           1
|100101101100111100001000000010> :  0.2428355E-05  0.1000000E-03           1
|100101101100111100100000110010> :  0.2546883E-07  0.1000000E-03           1
|100000000100111000111100000011> :  0.9133045E-06  0.1000000E-03           1
|100101101100111101101010010010> :  0.1003006E-04  0.1000000E-03           1
|100101101101010001101000001010> :  0.5436407E-07  0.1000000E-03           1
|100101101110100001101010000010> :  0.3031534E-06  0.1000000E-03           1
|000101001100001001101000011110> :  0.7692314E-07  0.1000000E-03           1
|100101001100111001101000000000> :  0.2220204E-04  0.1000000E-03           1
|100101001100111001001000001010> :  0.1834095E-05  0.1000000E-03           1
|100101110000111000001010000110> :  0.1184240E-08  0.1000000E-03           1
|100000000100111000111000010011> :  0.1389996E-05  0.1000000E-03           1
|100101111100111000001100000010> :  0.4249493E-05  0.1000000E-03           1
|100101111100111001101010000110> :  0.1099981E-03  0.1000000E-03           1
|100101111101011000101100000110> :  0.4141811E-07  0.1000000E-03           1
|100110001000101000101101000110> :  0.2182901E-06  0.1000000E-03           1
|100110001001111010011100000010> :  0.2419129E-09  0.1000000E-03           1
|100110001100010001101011000110> :  0.2532255E-05  0.1000000E-03           1
|100110001100011110001000000010> :  0.9550527E-07  0.1000000E-03           1
|100110001100111000100101000010> :  0.1266645E-04  0.1000000E-03           1
|100110001100111001100001000010> :  0.7143833E-05  0.1000000E-03           1
|100110001110101000000101000010> :  0.9895146E-08  0.1000000E-03           1
|100110001110111001100000010110> :  0.1657198E-06  0.1000000E-03           1
|100110001110111100000110000110> :  0.1714015E-08  0.1000000E-03           1
|100110010000111100101101110110> :  0.3559708E-11  0.1000000E-03           1
|100110011000110001000010010010> :  0.3040822E-07  0.1000000E-03           1
|100110011100111010001000000011> :  0.4253100E-07  0.1000000E-03           1
|100101001100111001001000000110> :  0.1206501E-03  0.1000000E-03           1
|100110101100010001100011000110> :  0.4179886E-05  0.1000000E-03           1
|100110101100011000101000010000> :  0.1042982E-06  0.1000000E-03           1
|100110101100110000101011000010> :  0.7805232E-05  0.1000000E-03           1
|100110101100111000000011010010> :  0.2889601E-06  0.1000000E-03           1
|100110101100111000100001000010> :  0.1429887E-04  0.1000000E-03           1
|100110101100111000100011000010> :  0.9102327E-05  0.1000000E-03           1
|100100001100101001100010000110> :  0.7161772E-04  0.1000000E-03           1
|100110101100111001100010000010> :  0.9005438E-04  0.1000000E-03           1
|100110101101011000101010000010> :  0.5293575E-05  0.1000000E-03           1
|100110101101011001100000000010> :  0.2100039E-04  0.1000000E-03           1
|100110101101011001101010000110> :  0.1611020E-05  0.1000000E-03           1
|100110101101011011101011000010> :  0.2904312E-07  0.1000000E-03           1
|100110101101101001001000000010> :  0.1639884E-06  0.1000000E-03           1
|100101001100111000100100011110> :  0.5731215E-05  0.1000000E-03           1
|100110101110111001001100000010> :  0.6417287E-06  0.1000000E-03           1
|100110111000001000100000000110> :  0.3592471E-07  0.1000000E-03           1
|100110111000110001001010000001> :  0.2029612E-08  0.1000000E-03           1
|100110111100110000000110010010> :  0.2347780E-07  0.1000000E-03           1
|100110111100111001101000000000> :  0.4632063E-08  0.1000000E-03           1
|100100001100101000101100000110> :  0.1027502E-04  0.1000000E-03           1
|100111001100111000000000011110> :  0.2652338E-08  0.1000000E-03           1
|100111011001111001100000000010> :  0.4101645E-09  0.1000000E-03           1
|100111101000111100010000000010> :  0.8371017E-08  0.1000000E-03           1
|100111101101111001101000000010> :  0.4350972E-05  0.1000000E-03           1
|100111101110111001101001110010> :  0.1564477E-08  0.1000000E-03           1
|101000000110010010101000011010> :  0.2412417E-08  0.1000000E-03           1
|101000001100110101000000001010> :  0.1730752E-09  0.1000000E-03           1
|101000001100111000101110010011> :  0.1461953E-05  0.1000000E-03           1
|101000100000010000101010010110> :  0.2758918E-06  0.1000000E-03           1
|101000101000011001101010000011> :  0.3899222E-05  0.1000000E-03           1
|101000101100110001101010010011> :  0.2434550E-07  0.1000000E-03           1
|100000000100111000101100010110> :  0.1056387E-04  0.1000000E-03           1
|101001001100011011100100011010> :  0.1692375E-08  0.1000000E-03           1
|101001101100111011101010100110> :  0.2936424E-06  0.1000000E-03           1
|101100000000101000100000011110> :  0.2394195E-07  0.1000000E-03           1
|101100000100010000100010010111> :  0.1031489E-06  0.1000000E-03           1
|101100000100111000101010000110> :  0.6406832E-06  0.1000000E-03           1
|101100000101101000100100011110> :  0.8304232E-07  0.1000000E-03           1
|101100000111001010100110000110> :  0.1576629E-08  0.1000000E-03           1
|101100001100001001101010010010> :  0.2436474E-05  0.1000000E-03           1
|000101001100001001000010010110> :  0.1212305E-07  0.1000000E-03           1
|101100001100010111001000000011> :  0.3467039E-09  0.1000000E-03           1
|101100001100011001100110000010> :  0.6157378E-04  0.1000000E-03           1
|000100001100111010100101000010> :  0.1858310E-05  0.1000000E-03           1
|101100001100111000101100010001> :  0.1715443E-05  0.1000000E-03           1
|101100001100111000101100010111> :  0.4627952E-05  0.1000000E-03           1
|101100001100111000111000000010> :  0.2559858E-04  0.1000000E-03           1
|101100001100111001101110000110> :  0.6116344E-05  0.1000000E-03           1
|101100001100111001101110010010> :  0.7142816E-05  0.1000000E-03           1
|101100010100011000101100010110> :  0.1365067E-05  0.1000000E-03           1
|101100011100000001100010001110> :  0.6183851E-08  0.1000000E-03           1
|101100011100111000100000000010> :  0.5819814E-05  0.1000000E-03           1
|101100100000001001101000000111> :  0.2779016E-05  0.1000000E-03           1
|101100100000011000100010000110> :  0.1259146E-06  0.1000000E-03           1
|101100100100011001101010000010> :  0.1537864E-04  0.1000000E-03           1
|101100100100111001101010000010> :  0.1582254E-04  0.1000000E-03           1
|101100101000111000101010000010> :  0.9657083E-06  0.1000000E-03           1
|101100101000111001100000000011> :  0.1828034E-05  0.1000000E-03           1
|101100101000111001101010000110> :  0.3781642E-05  0.1000000E-03           1
|101100101001111001100110000010> :  0.4316882E-07  0.1000000E-03           1
|101100101100010001111010000010> :  0.2884084E-05  0.1000000E-03           1
|101100101100101000101010000011> :  0.3427852E-06  0.1000000E-03           1
|101100101100110000101000000010> :  0.2314335E-06  0.1000000E-03           1
|101100101100110000101110010010> :  0.1362831E-05  0.1000000E-03           1
|101100101100110001100010000011> :  0.1084650E-04  0.1000000E-03           1
|101100101100111000101010000010> :  0.1671086E-04  0.1000000E-03           1
|101100101100111000111000000010> :  0.7715965E-05  0.1000000E-03           1
|000001101100101011110000000110> :  0.1674691E-07  0.1000000E-03           1
|101100101100111001101010000010> :  0.1337730E-03  0.1000000E-03           1
|101100101100111101101010010010> :  0.3359965E-05  0.1000000E-03           1
|101100110100001001100100000110> :  0.1721662E-06  0.1000000E-03           1
|101100111000111000001000000010> :  0.2364987E-06  0.1000000E-03           1
|101100111100111001100100000010> :  0.1327404E-05  0.1000000E-03           1
|101100111100111001101010000110> :  0.8326210E-05  0.1000000E-03           1
|101100111100111010100010010010> :  0.4433666E-08  0.1000000E-03           1
|000000111101111001000000001110> :  0.2379929E-08  0.1000000E-03           1
|101101001101011001100111100110> :  0.2063730E-08  0.1000000E-03           1
|101101001110101000101010110101> :  0.7494005E-11  0.1000000E-03           1
|101101011100001000000100010100> :  0.1593374E-08  0.1000000E-03           1
|101101101000111000101010000111> :  0.2916368E-06  0.1000000E-03           1
|101101101100111001101010000110> :  0.2851044E-04  0.1000000E-03           1
|101101101100111001101011010110> :  0.7400866E-07  0.1000000E-03           1
|101101101110111001101010100110> :  0.4912240E-05  0.1000000E-03           1
|101101110100111101111010100010> :  0.2194662E-07  0.1000000E-03           1
|110000000100001001101110001110> :  0.2146151E-07  0.1000000E-03           1
|110000000100101000100100010010> :  0.1176744E-06  0.1000000E-03           1
|110000000100111000100100010010> :  0.6125123E-04  0.1000000E-03           1
|110000000100111000100100011110> :  0.5055471E-05  0.1000000E-03           1
|110000000100111000101100010010> :  0.1746053E-05  0.1000000E-03           1
|110000000100111000101110110010> :  0.2103053E-05  0.1000000E-03           1
|110000000101001000111000000110> :  0.6353009E-07  0.1000000E-03           1
|110000001000110000100010110111> :  0.2388790E-08  0.1000000E-03           1
|110000001100010110100110011010> :  0.2859082E-08  0.1000000E-03           1
|110000001100110000101010110010> :  0.1124777E-05  0.1000000E-03           1
|110000001100111000100100010010> :  0.4540640E-04  0.1000000E-03           1
|110000001100111000100100011010> :  0.2709999E-04  0.1000000E-03           1
|110000001100111000110100010010> :  0.1011239E-04  0.1000000E-03           1
|110000001101011001101100000110> :  0.2065899E-05  0.1000000E-03           1
|110000100000111000110100010011> :  0.3140177E-05  0.1000000E-03           1
|110000100000111001111001000010> :  0.5902305E-07  0.1000000E-03           1
|110000100000111010100101000010> :  0.2140011E-07  0.1000000E-03           1
|110000100100011000100111001011> :  0.1404704E-08  0.1000000E-03           1
|110000101000111000101100100010> :  0.7369813E-05  0.1000000E-03           1
|110000101000111001000001000010> :  0.2672633E-04  0.1000000E-03           1
|110000101000111001001010100010> :  0.4253855E-06  0.1000000E-03           1
|110000101100111000100000000010> :  0.1848789E-05  0.1000000E-03           1
|110000101100111000100000010010> :  0.9908099E-04  0.1000000E-03           1
|110000101110010001101000000010> :  0.7849003E-08  0.1000000E-03           1
|110000110000111100100000000010> :  0.4126530E-07  0.1000000E-03           1
|110000111101111101101010100011> :  0.1116403E-07  0.1000000E-03           1
|110001001000101000101101010110> :  0.2845330E-09  0.1000000E-03           1
|110001101101111001001001001010> :  0.3971283E-09  0.1000000E-03           1
|110010101000111000001001010010> :  0.2046616E-07  0.1000000E-03           1
|110100000101111100100000010110> :  0.1113872E-08  0.1000000E-03           1
|000000001100101011000001000110> :  0.6687558E-07  0.1000000E-03           1
|000000000101001011000100010111> :  0.1874837E-08  0.1000000E-03           1
|110100001100101000101101010100> :  0.5450259E-08  0.1000000E-03           1
|110100001100110001100011000010> :  0.1273519E-06  0.1000000E-03           1
|110100001100111000100000010110> :  0.4518000E-05  0.1000000E-03           1
|110100001100111000100100000010> :  0.2459975E-04  0.1000000E-03           1
|110100001100111000100100010010> :  0.5067811E-04  0.1000000E-03           1
|110100001100111000101100010010> :  0.3615480E-04  0.1000000E-03           1
|110100001101101000101000000010> :  0.1191417E-04  0.1000000E-03           1
|110100001101111001101001100110> :  0.3068198E-06  0.1000000E-03           1
|110100011100001000101000000110> :  0.3068673E-07  0.1000000E-03           1
|110100100000011010110000011010> :  0.7804570E-07  0.1000000E-03           1
|110100100100111010010100000010> :  0.6965206E-07  0.1000000E-03           1
|110100101000010001101000100010> :  0.6460558E-06  0.1000000E-03           1
|110100101000111000101010100010> :  0.1900665E-05  0.1000000E-03           1
|110100101000111000101100010011> :  0.4572343E-08  0.1000000E-03           1
|110100101000111001101000100010> :  0.2899065E-05  0.1000000E-03           1
|110100101100010001100010100110> :  0.1959093E-06  0.1000000E-03           1
|110100101100101000100000100010> :  0.1947099E-06  0.1000000E-03           1
|110100101100110001101001000010> :  0.1638879E-05  0.1000000E-03           1
|110100101100111000100010110010> :  0.3414465E-05  0.1000000E-03           1
|110100101100111000100100000010> :  0.3601347E-05  0.1000000E-03           1
|110100101100111011101011100110> :  0.7772284E-06  0.1000000E-03           1
|110100111100011000010000010010> :  0.2042172E-08  0.1000000E-03           1
|110101001001001000101000010011> :  0.1243750E-10  0.1000000E-03           1
|110101100110111101101011100000> :  0.5426276E-09  0.1000000E-03           1
|110101101101001001101011000110> :  0.1843286E-07  0.1000000E-03           1
|111000000001011010100000011010> :  0.5624720E-07  0.1000000E-03           1
|111000101100111001101000000010> :  0.9232535E-05  0.1000000E-03           1
|111100001100111001101100000110> :  0.8521231E-08  0.1000000E-03           1
|111100100000010001111000000010> :  0.2044255E-07  0.1000000E-03           1
|111100101000011000101010000010> :  0.5802620E-06  0.1000000E-03           1
|111110111000111000000000000010> :  0.1741642E-06  0.1000000E-03           1
|000000000100011011100101011010> :  0.2277467E-05  0.1000000E-03           1
