# state, exact probability, frequency, count:
#------------------------------------------------------------------
|011010101000001111010011> :  0.2134377E+00  0.2162000E+00        2162
|100101010111110000101100> :  0.2134377E+00  0.2151000E+00        2151
|100110010111110000101100> :  0.2001328E+00  0.1980000E+00        1980
|011001101000001111010011> :  0.2001328E+00  0.1960000E+00        1960
|000101111111010100101001> :  0.1469605E-01  0.1590000E-01         159
|111010000000101011010110> :  0.1469605E-01  0.1540000E-01         154
|000101111111110000101001> :  0.1230475E-01  0.1330000E-01         133
|000101111011011100101001> :  0.1089796E-01  0.1230000E-01         123
|111010000100100011010110> :  0.1089796E-01  0.1210000E-01         121
|111010000000001111010110> :  0.1230475E-01  0.1130000E-01         113
|011001101110100111010010> :  0.7864289E-02  0.9400000E-02          94
|011001001110100111010110> :  0.8067607E-02  0.8700000E-02          87
|100110010001011000101101> :  0.7864289E-02  0.8300000E-02          83
|100110110001011000101001> :  0.8067607E-02  0.7500000E-02          75
|100101110111110000101001> :  0.6870551E-02  0.6200000E-02          62
|111001000100100011010110> :  0.5903723E-02  0.5600000E-02          56
|011010001000001111010110> :  0.6870551E-02  0.5600000E-02          56
|000110111011011100101001> :  0.5903723E-02  0.5100000E-02          51
|100101110001011000101001> :  0.3956828E-02  0.4500000E-02          45
|100110010001111000101100> :  0.4596559E-02  0.4400000E-02          44
|011001101110000111010011> :  0.4596559E-02  0.4300000E-02          43
|011010001110100111010110> :  0.3956828E-02  0.3900000E-02          39
|001110111011011100001001> :  0.1877296E-02  0.2000000E-02          20
|110001000100100011110110> :  0.1877296E-02  0.1600000E-02          16
|100101010111110000101101> :  0.1084148E-02  0.1000000E-02          10
|011010001000001111010011> :  0.5158280E-03  0.9000000E-03           9
|011010101000001111010010> :  0.1084148E-02  0.8000000E-03           8
|011001101010001111010011> :  0.5669850E-03  0.7000000E-03           7
|100110010101110000101100> :  0.5669850E-03  0.6000000E-03           6
|100101110111110000101100> :  0.5158280E-03  0.5000000E-03           5
|100110010111110000101101> :  0.2000289E-03  0.3000000E-03           3
|011001101100001111010011> :  0.3583201E-03  0.2000000E-03           2
|011010101010001111010011> :  0.7327140E-04  0.2000000E-03           2
|001110010110011100110101> :  0.5118182E-07  0.1000000E-03           1
|001110001110010111110001> :  0.1471892E-07  0.1000000E-03           1
|000110110011111010101001> :  0.1241756E-06  0.1000000E-03           1
|001110001101110111110100> :  0.8787080E-08  0.1000000E-03           1
|001110000100110010110100> :  0.1766662E-06  0.1000000E-03           1
|000110101011110000001111> :  0.2920339E-08  0.1000000E-03           1
|000101101001001110010001> :  0.2986969E-05  0.1000000E-03           1
|001101101000001110010011> :  0.7175880E-05  0.1000000E-03           1
|001100011111010110000111> :  0.3306832E-07  0.1000000E-03           1
|000110010011011100101101> :  0.1214603E-06  0.1000000E-03           1
|001100000111100001110100> :  0.1700463E-08  0.1000000E-03           1
|011001101000001111000110> :  0.5479447E-05  0.1000000E-03           1
|100110000011110000100100> :  0.3167210E-07  0.1000000E-03           1
|001010101001001101010011> :  0.6953763E-05  0.1000000E-03           1
|000110010001111110110100> :  0.1452210E-07  0.1000000E-03           1
|011001101000001111010010> :  0.2000289E-03  0.1000000E-03           1
|100110010101110100100101> :  0.9349606E-06  0.1000000E-03           1
|000101101000001110010011> :  0.6177222E-05  0.1000000E-03           1
|100110010111110000110101> :  0.5730242E-05  0.1000000E-03           1
|100111110111110000101000> :  0.1122639E-04  0.1000000E-03           1
|101000000111110000001110> :  0.2632007E-05  0.1000000E-03           1
|011001111000011111000001> :  0.3730391E-05  0.1000000E-03           1
|011010000010000101000111> :  0.1507267E-06  0.1000000E-03           1
|101100010111100000101100> :  0.8502714E-05  0.1000000E-03           1
|101101111111010000000001> :  0.6636317E-08  0.1000000E-03           1
|011010001010001011110011> :  0.1657210E-07  0.1000000E-03           1
|011010001010101011001110> :  0.7889680E-06  0.1000000E-03           1
|110000010111100001111100> :  0.8870510E-06  0.1000000E-03           1
|011010010110000110110101> :  0.1106697E-07  0.1000000E-03           1
|000010101011110001101001> :  0.6392774E-07  0.1000000E-03           1
|010111101000001111110011> :  0.5839383E-06  0.1000000E-03           1
|010110101000011110110000> :  0.1410496E-06  0.1000000E-03           1
|001010100010001101001011> :  0.1774569E-07  0.1000000E-03           1
|010110001010100111010110> :  0.4241498E-07  0.1000000E-03           1
|100101010111110000111100> :  0.4530199E-04  0.1000000E-03           1
|010101111010000110110000> :  0.7904299E-07  0.1000000E-03           1
|001010011011011110010010> :  0.1812814E-08  0.1000000E-03           1
|010101110111110110110100> :  0.7376494E-07  0.1000000E-03           1
|010101110001011110101001> :  0.2856067E-07  0.1000000E-03           1
|001010001110000110010011> :  0.5753170E-07  0.1000000E-03           1
|010101101110100110010000> :  0.9230112E-07  0.1000000E-03           1
|100011010111100000101110> :  0.2235288E-05  0.1000000E-03           1
|010010101010001101110001> :  0.1817582E-06  0.1000000E-03           1
|001000101011010101011011> :  0.3667307E-07  0.1000000E-03           1
|000101111111011100110100> :  0.6111156E-07  0.1000000E-03           1
|000100111001011110001011> :  0.3699612E-06  0.1000000E-03           1
|100011011011011000001011> :  0.9159635E-08  0.1000000E-03           1
|100100110011100000101100> :  0.1402678E-05  0.1000000E-03           1
|100101000111110100101101> :  0.2798698E-06  0.1000000E-03           1
|100101001101011110100001> :  0.9337573E-08  0.1000000E-03           1
|100101010001011110101001> :  0.1631799E-06  0.1000000E-03           1
|100011000100110010110110> :  0.3193462E-06  0.1000000E-03           1
|100001010111110000101100> :  0.1620492E-05  0.1000000E-03           1
|010010101000001111110001> :  0.6632192E-05  0.1000000E-03           1
|100101010111111010101100> :  0.9003237E-06  0.1000000E-03           1
|100101100011011100110001> :  0.5505529E-07  0.1000000E-03           1
|100101100101011100110100> :  0.4687631E-07  0.1000000E-03           1
|011110111000001111110001> :  0.3994000E-05  0.1000000E-03           1
|100101110101110110110001> :  0.3438336E-06  0.1000000E-03           1
|011101111111100000011000> :  0.1153109E-06  0.1000000E-03           1
|010001111111110100110000> :  0.6991632E-07  0.1000000E-03           1
|000111011111110111110100> :  0.6833457E-08  0.1000000E-03           1
|100110000011110100111110> :  0.6902791E-07  0.1000000E-03           1
|011101101111100000011010> :  0.1806290E-06  0.1000000E-03           1
|011010111010000100101001> :  0.5627318E-07  0.1000000E-03           1
|100110010011110000101100> :  0.3583201E-03  0.1000000E-03           1
|100110010100110011111100> :  0.1015084E-06  0.1000000E-03           1
|010001101111000101010011> :  0.5848730E-05  0.1000000E-03           1
|111010011000001010000111> :  0.5079231E-08  0.1000000E-03           1
|011010101100100111010011> :  0.1156150E-04  0.1000000E-03           1
|010001101001001110110011> :  0.1412502E-05  0.1000000E-03           1
|000111011011010110100101> :  0.5632734E-07  0.1000000E-03           1
|100110101001001001001011> :  0.1387321E-07  0.1000000E-03           1
|011010101000101011011011> :  0.8870703E-05  0.1000000E-03           1
|111000100100000011010010> :  0.7882799E-07  0.1000000E-03           1
|010001001111111101010110> :  0.3983112E-08  0.1000000E-03           1
|101001000111110000011110> :  0.2754297E-06  0.1000000E-03           1
|101010000100100001010110> :  0.1196783E-06  0.1000000E-03           1
|101010000101011111100111> :  0.6254769E-08  0.1000000E-03           1
|101010010111110010110100> :  0.5870288E-07  0.1000000E-03           1
|101100000100011011110100> :  0.6590860E-07  0.1000000E-03           1
|110011110000001010001011> :  0.5375543E-07  0.1000000E-03           1
|101101010111110010110100> :  0.1565210E-05  0.1000000E-03           1
|011010101000001111000110> :  0.7019013E-05  0.1000000E-03           1
|101110010110110000111001> :  0.1139462E-06  0.1000000E-03           1
|101110111001111010010100> :  0.2853805E-07  0.1000000E-03           1
|101111010110110000001100> :  0.2958552E-05  0.1000000E-03           1
|101111010110110000101100> :  0.7224722E-05  0.1000000E-03           1
|101111010111110000001100> :  0.7118786E-05  0.1000000E-03           1
|010000101000001111110011> :  0.7118786E-05  0.1000000E-03           1
|000111001011011100101101> :  0.4806596E-07  0.1000000E-03           1
|110001000111100000101100> :  0.1743340E-04  0.1000000E-03           1
|110001000111100000110100> :  0.2454568E-05  0.1000000E-03           1
|011010101000001110010001> :  0.7366105E-05  0.1000000E-03           1
|110001100001011001101001> :  0.1968067E-06  0.1000000E-03           1
|110001011101100001001010> :  0.9695743E-07  0.1000000E-03           1
|011010101000000011010011> :  0.2647000E-05  0.1000000E-03           1
|110001010111110001101110> :  0.1024087E-04  0.1000000E-03           1
|110001001111100001101101> :  0.8776739E-08  0.1000000E-03           1
|110010010010011000101101> :  0.4201580E-07  0.1000000E-03           1
|110010010111110001101100> :  0.7175880E-05  0.1000000E-03           1
|110011000100100011110110> :  0.3659235E-06  0.1000000E-03           1
|110011011001101001001110> :  0.3023492E-07  0.1000000E-03           1
|011010100000101011011010> :  0.1336626E-06  0.1000000E-03           1
|110101110010000110110001> :  0.7227632E-08  0.1000000E-03           1
|110001000111100001111110> :  0.1780431E-03  0.1000000E-03           1
|110001000111100001011110> :  0.7697041E-06  0.1000000E-03           1
|111001001100001101010111> :  0.1994718E-06  0.1000000E-03           1
|111001100010001001011011> :  0.1038630E-05  0.1000000E-03           1
|011010011000001110000100> :  0.8496380E-06  0.1000000E-03           1
|001110110010111100110100> :  0.2402670E-07  0.1000000E-03           1
|000011101011001001011110> :  0.6511629E-08  0.1000000E-03           1
|000001110011110001101110> :  0.1794046E-07  0.1000000E-03           1
|111010100100101111010110> :  0.9750609E-06  0.1000000E-03           1
|111011000100100011101100> :  0.1234187E-05  0.1000000E-03           1
|111100010110110000010100> :  0.5288135E-07  0.1000000E-03           1
|111101010111110000101100> :  0.6980909E-05  0.1000000E-03           1
|111101110010100010111100> :  0.1300014E-07  0.1000000E-03           1
|111110000100000111110110> :  0.2359077E-07  0.1000000E-03           1
|111111110000011000101001> :  0.8988198E-07  0.1000000E-03           1
|000001100111110001001011> :  0.6320004E-07  0.1000000E-03           1
