# state, exact probability, frequency, count:
#------------------------------------------------------------------
|0000001111110101011000011> :  0.2313797E+00  0.2265000E+00        2265
|1111110000001010100111100> :  0.2313797E+00  0.2256000E+00        2256
|0000001111110101111000001> :  0.6951779E-01  0.7060000E-01         706
|1111110000001010000111110> :  0.6951779E-01  0.7030000E-01         703
|0000000111110111011000011> :  0.6730513E-01  0.6970000E-01         697
|1111111000001000100111100> :  0.6730513E-01  0.6580000E-01         658
|1111110100001000010111100> :  0.1463634E-01  0.1510000E-01         151
|0000001011110111101000011> :  0.1463634E-01  0.1360000E-01         136
|0000001111100101011000111> :  0.1053834E-01  0.1110000E-01         111
|1111110000011010100111000> :  0.1053834E-01  0.1060000E-01         106
|1111110000001010101111100> :  0.7430625E-02  0.7700000E-02          77
|0000000111110101011000111> :  0.5379760E-02  0.7400000E-02          74
|0000001111110101010000011> :  0.7430625E-02  0.7200000E-02          72
|1011111000011010100011001> :  0.5976108E-02  0.7000000E-02          70
|0000001111110111011000001> :  0.6158895E-02  0.6900000E-02          69
|0100000111100101011100110> :  0.5976108E-02  0.6600000E-02          66
|1111111000001010100111000> :  0.5379760E-02  0.5800000E-02          58
|1111110000001000100111110> :  0.6158895E-02  0.5300000E-02          53
|1101110000001000010111110> :  0.3275441E-02  0.3200000E-02          32
|1111111000001000100111000> :  0.1865967E-02  0.3100000E-02          31
|0010001111110111101000001> :  0.3275441E-02  0.2700000E-02          27
|1111111000001010100111100> :  0.2087273E-02  0.2600000E-02          26
|0000000111110101011000011> :  0.2087273E-02  0.2600000E-02          26
|1011111000111010100010001> :  0.1149104E-02  0.2000000E-02          20
|0000000111110111011000111> :  0.1865967E-02  0.1900000E-02          19
|1101100000001001100111110> :  0.1824115E-02  0.1800000E-02          18
|0100000111000101011100110> :  0.1558064E-02  0.1600000E-02          16
|0010011111110110011000001> :  0.1824115E-02  0.1600000E-02          16
|0100000110100101011101011> :  0.1227574E-02  0.1600000E-02          16
|0000001111111101111000001> :  0.1210717E-02  0.1500000E-02          15
|1111110000001010100111000> :  0.1140078E-02  0.1500000E-02          15
|1011111000111010100011001> :  0.1558064E-02  0.1500000E-02          15
|0000001111110101011000111> :  0.1140078E-02  0.1300000E-02          13
|0000001111110101011000001> :  0.1104097E-02  0.1300000E-02          13
|1101110100001001010111100> :  0.1297265E-02  0.1300000E-02          13
|1111110000001010100111110> :  0.1104097E-02  0.1200000E-02          12
|1011111001011010100010100> :  0.1227574E-02  0.1200000E-02          12
|1011110101011010100010100> :  0.1062264E-02  0.1100000E-02          11
|1111110000000010000111110> :  0.1210717E-02  0.1100000E-02          11
|1111110000001000000111110> :  0.9022743E-03  0.1000000E-02          10
|0100000111000101011101110> :  0.1149104E-02  0.1000000E-02          10
|0010001011110110101000011> :  0.1297265E-02  0.9000000E-03           9
|0010001010110110101000011> :  0.9172481E-03  0.9000000E-03           9
|0000001111110111111000001> :  0.9022743E-03  0.9000000E-03           9
|1101110000001010100111100> :  0.7656531E-03  0.9000000E-03           9
|0000001111101101111000001> :  0.7894247E-03  0.8000000E-03           8
|1111110000001000100111100> :  0.5782365E-03  0.8000000E-03           8
|0100001010100101011101011> :  0.1062264E-02  0.8000000E-03           8
|1111110000011010100011100> :  0.7662153E-03  0.7000000E-03           7
|0000001111100101011100111> :  0.6623386E-03  0.7000000E-03           7
|0000000111111111011000011> :  0.8343285E-03  0.7000000E-03           7
|1101111000001000100111100> :  0.4868214E-03  0.7000000E-03           7
|1111110100011010100111000> :  0.2056379E-03  0.7000000E-03           7
|1111111000000000100111100> :  0.8343285E-03  0.7000000E-03           7
|0010001111110101011000011> :  0.7656531E-03  0.7000000E-03           7
|0010101111110101101000001> :  0.5219015E-03  0.7000000E-03           7
|1101110101001001010111100> :  0.9172481E-03  0.7000000E-03           7
|1101110000001001100111100> :  0.5127914E-03  0.7000000E-03           7
|0100000111101101011000101> :  0.5691089E-03  0.7000000E-03           7
|1111110000011010100111010> :  0.5835110E-03  0.6000000E-03           6
|0000011111110101011000001> :  0.3458118E-03  0.6000000E-03           6
|0010001011110111101000001> :  0.6519520E-03  0.6000000E-03           6
|1011110000010010100111110> :  0.4436444E-03  0.6000000E-03           6
|0000101111110101010000011> :  0.3185212E-03  0.6000000E-03           6
|1011111010111010100010001> :  0.3366342E-03  0.6000000E-03           6
|0000000111111111011000001> :  0.3315843E-03  0.6000000E-03           6
|1111110000000010101111100> :  0.3889570E-03  0.6000000E-03           6
|0100000111110101011000111> :  0.5523892E-03  0.6000000E-03           6
|1101110100001000010111100> :  0.3862442E-03  0.6000000E-03           6
|0000001011110111111000001> :  0.5886332E-03  0.6000000E-03           6
|0000001111100101011100011> :  0.7662153E-03  0.5000000E-03           5
|1111110000011010100011000> :  0.6623386E-03  0.5000000E-03           5
|1111100000001010100111110> :  0.3458118E-03  0.5000000E-03           5
|1111110100001000000111100> :  0.3988938E-03  0.5000000E-03           5
|0100000101000101011101110> :  0.3366342E-03  0.5000000E-03           5
|0000101111110101101000001> :  0.4251644E-03  0.5000000E-03           5
|0000001111110111101000001> :  0.4016262E-03  0.5000000E-03           5
|1111110000010010000111110> :  0.7894247E-03  0.5000000E-03           5
|0000001111110111011000011> :  0.5782365E-03  0.5000000E-03           5
|0100001111101101011000001> :  0.4436444E-03  0.5000000E-03           5
|1111111000000000000111110> :  0.4809692E-03  0.5000000E-03           5
|1011111000001010100111000> :  0.5523892E-03  0.4000000E-03           4
|1101110100001000010111110> :  0.6519520E-03  0.4000000E-03           4
|0000001111100101011000101> :  0.5835110E-03  0.4000000E-03           4
|0010001011110111101000011> :  0.3862442E-03  0.4000000E-03           4
|0010010111111110011000001> :  0.3730614E-03  0.4000000E-03           4
|0100000111100101011100111> :  0.2286972E-03  0.4000000E-03           4
|0000000111111111110000001> :  0.3970501E-04  0.4000000E-03           4
|1101110000001010100111110> :  0.1686360E-03  0.4000000E-03           4
|1111010000001010101111100> :  0.3185212E-03  0.4000000E-03           4
|1011110000011010100111010> :  0.2917014E-03  0.4000000E-03           4
|1101010000001010010111110> :  0.5219015E-03  0.4000000E-03           4
|0010000111110111011000011> :  0.4868214E-03  0.4000000E-03           4
|0010000111111111011000001> :  0.1682039E-03  0.4000000E-03           4
|0100001111100111101000011> :  0.6621391E-04  0.4000000E-03           4
|1111110100001000000111110> :  0.5886332E-03  0.4000000E-03           4
|1111110000001010100011100> :  0.2129397E-03  0.3000000E-03           3
|0000001011110111111000011> :  0.3988938E-03  0.3000000E-03           3
|1111110000011010000011110> :  0.2923272E-03  0.3000000E-03           3
|1111110000001000010111110> :  0.4016262E-03  0.3000000E-03           3
|1100000001100101011101110> :  0.1580917E-03  0.3000000E-03           3
|0000001011100101011000111> :  0.2056379E-03  0.3000000E-03           3
|1111100000010010100111110> :  0.1049731E-03  0.3000000E-03           3
|0010001111110110011000011> :  0.5127914E-03  0.3000000E-03           3
|1111111000000010100111100> :  0.1400760E-03  0.3000000E-03           3
|1111100000001000100111110> :  0.2655923E-03  0.3000000E-03           3
|1110110000001010100111000> :  0.1374572E-03  0.3000000E-03           3
|1101110100001001010101100> :  0.2107572E-03  0.3000000E-03           3
|0000001111100101111100001> :  0.2923272E-03  0.3000000E-03           3
|1100110100001001110111100> :  0.1715420E-03  0.3000000E-03           3
|1111110000001010100111010> :  0.2215714E-03  0.3000000E-03           3
|0000000111111111111000001> :  0.4809692E-03  0.3000000E-03           3
|0000001011110111010000111> :  0.1340837E-03  0.3000000E-03           3
|0000000111110101011100110> :  0.2172279E-03  0.3000000E-03           3
|1111111000001010100011100> :  0.1759736E-03  0.3000000E-03           3
|0000001011110111100000011> :  0.1359827E-03  0.3000000E-03           3
|0010011011110110011000011> :  0.7383220E-04  0.2000000E-03           2
|1111110100001000101111100> :  0.1294255E-03  0.2000000E-03           2
|0010001111110101111000001> :  0.2367992E-03  0.2000000E-03           2
|0010001011110110011000011> :  0.1406116E-03  0.2000000E-03           2
|1111011000001000101111100> :  0.5990180E-04  0.2000000E-03           2
|0101001111110101011000011> :  0.5135923E-04  0.2000000E-03           2
|1111110100011010101011100> :  0.9709329E-05  0.2000000E-03           2
|0000001111110111000000011> :  0.1337423E-03  0.2000000E-03           2
|1101110100001001100111100> :  0.1406116E-03  0.2000000E-03           2
|0010001001110110101000011> :  0.6502627E-04  0.2000000E-03           2
|1111010000001010000111110> :  0.6371596E-04  0.2000000E-03           2
|1011111100011010100110000> :  0.5162943E-04  0.2000000E-03           2
|1011110001001000010111100> :  0.2929540E-04  0.2000000E-03           2
|1011110000111010100011010> :  0.5551688E-04  0.2000000E-03           2
|0100001000100101011101011> :  0.1252008E-03  0.2000000E-03           2
|0000001011110111010000011> :  0.1294255E-03  0.2000000E-03           2
|0010011011111110011000001> :  0.2093311E-04  0.2000000E-03           2
|0010011011110111010000001> :  0.7493053E-04  0.2000000E-03           2
|0010001111110111011000001> :  0.8495032E-04  0.2000000E-03           2
|1111110100001000110111100> :  0.2323510E-03  0.2000000E-03           2
|1111110100010000101111100> :  0.9243178E-04  0.2000000E-03           2
|1111010000001000111111100> :  0.8679418E-04  0.2000000E-03           2
|0000001011110101010100110> :  0.3545655E-04  0.2000000E-03           2
|1011111000011010100011000> :  0.2286972E-03  0.2000000E-03           2
|1011111000010010100111010> :  0.5691089E-03  0.2000000E-03           2
|0011110000011010101011110> :  0.1936739E-05  0.2000000E-03           2
|0000001011110101011000111> :  0.1256623E-03  0.2000000E-03           2
|0011111110011010100010001> :  0.1580917E-03  0.2000000E-03           2
|1011110000011010100011100> :  0.2886413E-04  0.2000000E-03           2
|1011110000001000010111100> :  0.6333052E-04  0.2000000E-03           2
|1011110100011010100111000> :  0.1754078E-03  0.2000000E-03           2
|1101010001001010000111111> :  0.2519750E-05  0.2000000E-03           2
|0000001111110101010001011> :  0.1676813E-03  0.2000000E-03           2
|1011110001001000000111100> :  0.6908948E-04  0.2000000E-03           2
|0000001011101111010000011> :  0.9243178E-04  0.2000000E-03           2
|1101101000000001100111110> :  0.3730614E-03  0.2000000E-03           2
|0000001011110101111000011> :  0.1902226E-03  0.2000000E-03           2
|1101100100001000101111110> :  0.7493053E-04  0.2000000E-03           2
|1101111000000000100111110> :  0.1682039E-03  0.2000000E-03           2
|0000001111110101111000011> :  0.1999056E-03  0.2000000E-03           2
|0100001111100101011000101> :  0.2917014E-03  0.2000000E-03           2
|0000000111010111011000111> :  0.5111085E-04  0.2000000E-03           2
|0000001111110111001000011> :  0.1228953E-03  0.2000000E-03           2
|1111010000001010010111110> :  0.4251644E-03  0.2000000E-03           2
|1111100000000100100111110> :  0.9301720E-04  0.2000000E-03           2
|0010001011110111010000011> :  0.2511722E-03  0.2000000E-03           2
|0000001111100100111000001> :  0.8010533E-04  0.2000000E-03           2
|0000001111111000011000011> :  0.6876601E-04  0.2000000E-03           2
|0100001111110111111000011> :  0.5729947E-04  0.2000000E-03           2
|1111110000000111100111100> :  0.6876601E-04  0.2000000E-03           2
|1111110000001010010111100> :  0.2930498E-04  0.2000000E-03           2
|1111110000011010100011010> :  0.6455178E-04  0.2000000E-03           2
|1111110000101000000111110> :  0.1168331E-03  0.2000000E-03           2
|0111110000001010001111100> :  0.1030226E-04  0.2000000E-03           2
|1111110000001010101110100> :  0.1676813E-03  0.2000000E-03           2
|1111110100001000101111000> :  0.1340837E-03  0.2000000E-03           2
|1111111000000000100111110> :  0.3315843E-03  0.2000000E-03           2
|1111110100011010100101000> :  0.9884274E-04  0.2000000E-03           2
|1111110100001000101101100> :  0.7140538E-05  0.2000000E-03           2
|1111111000001000100111001> :  0.7469065E-04  0.2000000E-03           2
|1111111000001000101011100> :  0.2268826E-04  0.2000000E-03           2
|1111111000001010100011000> :  0.8939360E-04  0.2000000E-03           2
|0010101110110111101000001> :  0.1949596E-03  0.2000000E-03           2
|0000100101010101101111010> :  0.4243372E-08  0.1000000E-03           1
|0000100011110001101001110> :  0.2336983E-07  0.1000000E-03           1
|0000001110110101110000011> :  0.1142928E-05  0.1000000E-03           1
|0000100011011110110010110> :  0.1013546E-07  0.1000000E-03           1
|0000100010110111011001111> :  0.2854554E-06  0.1000000E-03           1
|0000001110100100101100011> :  0.2704416E-08  0.1000000E-03           1
|0000001011100101011001011> :  0.1749297E-04  0.1000000E-03           1
|0000011111111110000000110> :  0.7718929E-07  0.1000000E-03           1
|0000011111111011011000001> :  0.9301720E-04  0.1000000E-03           1
|0000001101000100101100111> :  0.4292270E-08  0.1000000E-03           1
|0000011111110111011000001> :  0.2655923E-03  0.1000000E-03           1
|1000000111110101010000111> :  0.2642599E-05  0.1000000E-03           1
|1000000111110100010100111> :  0.7198131E-06  0.1000000E-03           1
|0000001011111111010000001> :  0.4234020E-04  0.1000000E-03           1
|0000000111110101011100011> :  0.1759736E-03  0.1000000E-03           1
|0000011111101101011000001> :  0.1049731E-03  0.1000000E-03           1
|0010010111110001011001011> :  0.1204297E-06  0.1000000E-03           1
|0000011111101001100011001> :  0.9804661E-08  0.1000000E-03           1
|0000011111100110111000101> :  0.6823480E-06  0.1000000E-03           1
|0111110000000010001111010> :  0.1334013E-06  0.1000000E-03           1
|0000011011111011011001101> :  0.6741209E-06  0.1000000E-03           1
|0000001011100101010000111> :  0.5775100E-04  0.1000000E-03           1
|0000011011110111101100011> :  0.2913243E-06  0.1000000E-03           1
|0000011011110101010000111> :  0.2289604E-05  0.1000000E-03           1
|0000001011110111110010100> :  0.1017197E-05  0.1000000E-03           1
|0000010101010111110000101> :  0.3924646E-07  0.1000000E-03           1
|0010001111110101010010011> :  0.4990416E-04  0.1000000E-03           1
|0000010101000011111011100> :  0.5257923E-08  0.1000000E-03           1
|0000001011110111101000110> :  0.2467165E-04  0.1000000E-03           1
|0000001011100100111110001> :  0.2503409E-05  0.1000000E-03           1
|0000000111101100011001011> :  0.1181911E-05  0.1000000E-03           1
|0000010011110101111000101> :  0.6542891E-06  0.1000000E-03           1
|0010001111101101011000001> :  0.2469323E-04  0.1000000E-03           1
|0000001111111111011000001> :  0.2222502E-04  0.1000000E-03           1
|0010001111010101001001011> :  0.2383391E-06  0.1000000E-03           1
|0010001111001101010010001> :  0.2187398E-06  0.1000000E-03           1
|0000001111111111010000011> :  0.3414094E-04  0.1000000E-03           1
|0010001110110111101000001> :  0.1091130E-03  0.1000000E-03           1
|0110001101001100111110001> :  0.1322634E-07  0.1000000E-03           1
|0110101100100101000100111> :  0.4672088E-07  0.1000000E-03           1
|0010001111101101110100001> :  0.3616273E-05  0.1000000E-03           1
|0010001111110000111000001> :  0.6477981E-05  0.1000000E-03           1
|0010001111110101010000011> :  0.7398684E-04  0.1000000E-03           1
|0111000001000111001101010> :  0.2821965E-07  0.1000000E-03           1
|0010001111110101010100011> :  0.8254094E-05  0.1000000E-03           1
|0111010010000000001111111> :  0.1309846E-08  0.1000000E-03           1
|0010001111110101101000001> :  0.9121695E-04  0.1000000E-03           1
|0111010110101010100110100> :  0.5409807E-08  0.1000000E-03           1
|0111011000000100011001001> :  0.2702647E-07  0.1000000E-03           1
|0010001111110111000100011> :  0.4848130E-05  0.1000000E-03           1
|0111100100101101010101101> :  0.4067601E-07  0.1000000E-03           1
|1111111000000010101001100> :  0.4188727E-06  0.1000000E-03           1
|0010001111110111111000001> :  0.7325753E-04  0.1000000E-03           1
|0010001111111101011000001> :  0.1292129E-04  0.1000000E-03           1
|0010010111011011110100001> :  0.6357262E-07  0.1000000E-03           1
|0111110100001000110101010> :  0.1062053E-06  0.1000000E-03           1
|0111110110011000001010100> :  0.1871648E-07  0.1000000E-03           1
|0010011000100110100101101> :  0.5398961E-08  0.1000000E-03           1
|0010011000110110010100111> :  0.8808276E-09  0.1000000E-03           1
|0010001110110110101000001> :  0.8353010E-05  0.1000000E-03           1
|1000000111111101001000101> :  0.1341151E-06  0.1000000E-03           1
|1000001011000111111101010> :  0.1907276E-07  0.1000000E-03           1
|0010011100001010100111101> :  0.1762805E-08  0.1000000E-03           1
|0010011100001110100110001> :  0.8756299E-08  0.1000000E-03           1
|0010011101001010100010111> :  0.5579570E-08  0.1000000E-03           1
|0010011111110101011000001> :  0.3658792E-04  0.1000000E-03           1
|1000011000010010100011110> :  0.1958377E-07  0.1000000E-03           1
|0010100111010101100001011> :  0.8492700E-07  0.1000000E-03           1
|0010100111110110000001010> :  0.1295547E-07  0.1000000E-03           1
|0010100111110110010000001> :  0.1594445E-06  0.1000000E-03           1
|0010101011100011010000011> :  0.1525208E-08  0.1000000E-03           1
|0010101011100100000110111> :  0.3063167E-08  0.1000000E-03           1
|0010101011110111000000011> :  0.3444541E-04  0.1000000E-03           1
|0010101011110111001100001> :  0.1397416E-06  0.1000000E-03           1
|0010101100110001111111001> :  0.2797657E-08  0.1000000E-03           1
|0000001011110111100010011> :  0.8210561E-05  0.1000000E-03           1
|0000001010111100011001011> :  0.1668844E-05  0.1000000E-03           1
|0010001110110101011000010> :  0.6079483E-05  0.1000000E-03           1
|0010001110101101001100101> :  0.8757259E-07  0.1000000E-03           1
|0000001111111101110010011> :  0.8495623E-06  0.1000000E-03           1
|0010001110100111111110011> :  0.6586944E-07  0.1000000E-03           1
|0101111100000100000110110> :  0.5886176E-08  0.1000000E-03           1
|0010001101110101001001111> :  0.2550499E-06  0.1000000E-03           1
|0000001111111101101000001> :  0.8181431E-05  0.1000000E-03           1
|0010001100100101011101101> :  0.6610512E-06  0.1000000E-03           1
|0101110000000011110000101> :  0.9765166E-10  0.1000000E-03           1
|0000001111111101010000011> :  0.3889570E-03  0.1000000E-03           1
|0101101111001001000111100> :  0.1216031E-07  0.1000000E-03           1
|1111110000000111000111110> :  0.1750402E-04  0.1000000E-03           1
|0101011011100000011101010> :  0.6220392E-08  0.1000000E-03           1
|0010001011110111010010001> :  0.5797174E-05  0.1000000E-03           1
|0000001111111011011000001> :  0.4785656E-05  0.1000000E-03           1
|0000001011110111011010011> :  0.1118448E-05  0.1000000E-03           1
|0101010011000111011101001> :  0.9621183E-08  0.1000000E-03           1
|1111101000000011101101000> :  0.1545914E-07  0.1000000E-03           1
|0010001011110111010000001> :  0.4765157E-04  0.1000000E-03           1
|0010001011110110101010011> :  0.2107572E-03  0.1000000E-03           1
|1111100000010010100111010> :  0.2278721E-05  0.1000000E-03           1
|0101001010110011011011010> :  0.2361491E-07  0.1000000E-03           1
|0000001011110111010001011> :  0.3966410E-04  0.1000000E-03           1
|0101000111110101001000101> :  0.2973748E-06  0.1000000E-03           1
|0101000111011010010111100> :  0.9678073E-08  0.1000000E-03           1
|0010001011110110001000011> :  0.3676971E-04  0.1000000E-03           1
|0010001011110100001010101> :  0.1937456E-07  0.1000000E-03           1
|1111010101000010011110000> :  0.2561281E-06  0.1000000E-03           1
|1111010100100000110111000> :  0.1364332E-07  0.1000000E-03           1
|0100111111000011001100110> :  0.5025837E-08  0.1000000E-03           1
|0010001010111011111001001> :  0.4731746E-06  0.1000000E-03           1
|0010001010110111101000011> :  0.3116393E-04  0.1000000E-03           1
|0100110111110011000000110> :  0.3005035E-07  0.1000000E-03           1
|0010001010110110101100011> :  0.4698621E-04  0.1000000E-03           1
|0010001010110110101001011> :  0.5784528E-04  0.1000000E-03           1
|1111001010110100110100001> :  0.6641121E-08  0.1000000E-03           1
|0100101011101101101100000> :  0.1130741E-07  0.1000000E-03           1
|0000001011110111010000101> :  0.1600857E-04  0.1000000E-03           1
|0100100111111111011010000> :  0.1367859E-07  0.1000000E-03           1
|0010001001110011011010111> :  0.1121005E-07  0.1000000E-03           1
|0000001111110111000100110> :  0.5244547E-06  0.1000000E-03           1
|0010000111111111110000001> :  0.2740346E-05  0.1000000E-03           1
|1110110110011010101010011> :  0.4770372E-08  0.1000000E-03           1
|0100100010101101101110100> :  0.1300984E-09  0.1000000E-03           1
|1110110110001010000011110> :  0.2044663E-05  0.1000000E-03           1
|1110110100010001110110000> :  0.8194084E-07  0.1000000E-03           1
|0100100000001001110011101> :  0.4073960E-08  0.1000000E-03           1
|0000000111110100101001111> :  0.9533306E-07  0.1000000E-03           1
|0000000011110110010100111> :  0.1154374E-06  0.1000000E-03           1
|0100011111000101011000101> :  0.2780506E-04  0.1000000E-03           1
|0010000111110110011000011> :  0.1589601E-03  0.1000000E-03           1
|0000001111110110010010111> :  0.1394576E-05  0.1000000E-03           1
|0010000111110101011000011> :  0.7945574E-05  0.1000000E-03           1
|0010000111101101110110111> :  0.1823560E-07  0.1000000E-03           1
|0000001111110101111001101> :  0.6326660E-04  0.1000000E-03           1
|0000001011110111001000011> :  0.2323510E-03  0.1000000E-03           1
|0010000110100111111001001> :  0.8112358E-07  0.1000000E-03           1
|0010000110010111101111001> :  0.1074039E-07  0.1000000E-03           1
|0000001111110101111000101> :  0.3687648E-05  0.1000000E-03           1
|0010000010111100001001011> :  0.8241104E-09  0.1000000E-03           1
|1101111100000001101101000> :  0.1108501E-05  0.1000000E-03           1
|0100001111100101011100011> :  0.2886413E-04  0.1000000E-03           1
|0001111110111010010010101> :  0.1098641E-07  0.1000000E-03           1
|0000001011110111000000111> :  0.7149166E-04  0.1000000E-03           1
|0001111011011000001010101> :  0.1100682E-07  0.1000000E-03           1
|0100001111010100111100110> :  0.1999489E-07  0.1000000E-03           1
|0001111001000111001001101> :  0.6966770E-08  0.1000000E-03           1
|0001110111011100010101100> :  0.6022818E-08  0.1000000E-03           1
|0001110101011000001011110> :  0.2576565E-07  0.1000000E-03           1
|0000001111110101100001001> :  0.2306348E-05  0.1000000E-03           1
|0000001011110110010000111> :  0.1068449E-04  0.1000000E-03           1
|0001110011011000010010110> :  0.2527355E-07  0.1000000E-03           1
|0001110000011011111001001> :  0.1139469E-07  0.1000000E-03           1
|0000001111110101011100011> :  0.2129397E-03  0.1000000E-03           1
|0001101000110101101100111> :  0.1870372E-07  0.1000000E-03           1
|1101110000011010100111110> :  0.6902796E-05  0.1000000E-03           1
|0100001010110111101111000> :  0.2392481E-08  0.1000000E-03           1
|0001100010111011001001111> :  0.4588016E-07  0.1000000E-03           1
|0000000111111110001000100> :  0.1161428E-06  0.1000000E-03           1
|0000000111110100011100001> :  0.3160926E-04  0.1000000E-03           1
|0001100010101100100101111> :  0.1559493E-08  0.1000000E-03           1
|0100000111111111011000001> :  0.3980676E-05  0.1000000E-03           1
|0001100010001110110111100> :  0.3827746E-08  0.1000000E-03           1
|0100000111111011010000111> :  0.5387493E-07  0.1000000E-03           1
|0100000111110101011100110> :  0.4557411E-04  0.1000000E-03           1
|0001011111100101010000101> :  0.3066304E-05  0.1000000E-03           1
|1101101010110001101100100> :  0.9171290E-08  0.1000000E-03           1
|1101100111111010000110110> :  0.1176592E-07  0.1000000E-03           1
|1101100111011100110111000> :  0.4530107E-08  0.1000000E-03           1
|0001011111001011101010100> :  0.1641594E-07  0.1000000E-03           1
|1101110000001001010111110> :  0.1720883E-04  0.1000000E-03           1
|0100001000100011111111101> :  0.3813007E-08  0.1000000E-03           1
|0000001011110101110000110> :  0.1038678E-05  0.1000000E-03           1
|1101110000001010101101100> :  0.4990416E-04  0.1000000E-03           1
|1101110000011101000001110> :  0.5675137E-07  0.1000000E-03           1
|0100001011010110011000111> :  0.9725920E-07  0.1000000E-03           1
|0100001011011101111100001> :  0.1661226E-06  0.1000000E-03           1
|0100001011100101010100011> :  0.5518023E-05  0.1000000E-03           1
|0100001011100101011100110> :  0.5007187E-04  0.1000000E-03           1
|0100001011100110011000001> :  0.4707181E-05  0.1000000E-03           1
|0100001011101101111101010> :  0.2057488E-08  0.1000000E-03           1
|0100001011111100111000001> :  0.4965541E-06  0.1000000E-03           1
|0100001110010101010000011> :  0.3993821E-06  0.1000000E-03           1
|0100001110110111111000011> :  0.6908948E-04  0.1000000E-03           1
|0100001110111110101010001> :  0.1943725E-07  0.1000000E-03           1
|0100001111010001011000011> :  0.1867003E-05  0.1000000E-03           1
|1101111000000000110111011> :  0.2092144E-06  0.1000000E-03           1
|0100001111100100011001101> :  0.3903753E-06  0.1000000E-03           1
|1101111000001010011111000> :  0.1601839E-06  0.1000000E-03           1
|0100001111100101011000111> :  0.1191682E-03  0.1000000E-03           1
|1110000000111110110100011> :  0.3361397E-07  0.1000000E-03           1
|0100001111100101011100100> :  0.3304678E-05  0.1000000E-03           1
|0100001111100101011101001> :  0.2696315E-06  0.1000000E-03           1
|0100001111100110011000011> :  0.8847689E-05  0.1000000E-03           1
|1110011101100100001100110> :  0.3670262E-07  0.1000000E-03           1
|1110100100011110110100000> :  0.1987982E-07  0.1000000E-03           1
|0100001111101110011001001> :  0.3477890E-06  0.1000000E-03           1
|1110101011011000000011101> :  0.7366807E-10  0.1000000E-03           1
|0100010010101101011001011> :  0.3893944E-08  0.1000000E-03           1
|0100010011111011010010110> :  0.1223249E-06  0.1000000E-03           1
|0100010111000101111000001> :  0.1610253E-07  0.1000000E-03           1
|0100011011000101010000101> :  0.4306372E-07  0.1000000E-03           1
|0100011100010101101001011> :  0.1932070E-08  0.1000000E-03           1
|0100011110100011011001011> :  0.1082086E-06  0.1000000E-03           1
|1110110000011010101011000> :  0.3077824E-05  0.1000000E-03           1
|0100011111100101001100010> :  0.1382249E-07  0.1000000E-03           1
|1101100100001110110111000> :  0.6031438E-07  0.1000000E-03           1
|1110111000000011100111110> :  0.1162603E-05  0.1000000E-03           1
|0100100010110111001000011> :  0.5241110E-06  0.1000000E-03           1
|0100100011100111001101110> :  0.4633404E-06  0.1000000E-03           1
|0100100011111011101000010> :  0.6130734E-08  0.1000000E-03           1
|0100100111011111001000101> :  0.7339206E-07  0.1000000E-03           1
|1111000111100101010110000> :  0.5692727E-08  0.1000000E-03           1
|0100101000100111001111110> :  0.9099118E-08  0.1000000E-03           1
|1111001101001100110110011> :  0.2660033E-09  0.1000000E-03           1
|0100110100011100001001111> :  0.1015351E-07  0.1000000E-03           1
|0100110110010001000001101> :  0.4774028E-07  0.1000000E-03           1
|0100110111001001010010101> :  0.2238598E-06  0.1000000E-03           1
|1111010000001010101111110> :  0.6566803E-06  0.1000000E-03           1
|0100111010000101000000010> :  0.3090719E-09  0.1000000E-03           1
|0100111010001111001000101> :  0.7438487E-08  0.1000000E-03           1
|0100111010100100001001011> :  0.6743097E-09  0.1000000E-03           1
|1101100100000001100111110> :  0.2093311E-04  0.1000000E-03           1
|0101000011110100011100111> :  0.2639635E-07  0.1000000E-03           1
|0101000110000110101000101> :  0.1902145E-10  0.1000000E-03           1
|0101000110110101001101001> :  0.6724803E-07  0.1000000E-03           1
|1111011001101000100111101> :  0.2130912E-07  0.1000000E-03           1
|0101000111011101111100001> :  0.3445243E-06  0.1000000E-03           1
|1111100000001010000111000> :  0.7787532E-06  0.1000000E-03           1
|0101001000101000100111110> :  0.4317138E-07  0.1000000E-03           1
|0001011011000010011010100> :  0.1040218E-07  0.1000000E-03           1
|0101001101010101101101010> :  0.4644441E-09  0.1000000E-03           1
|0101001110101111011001001> :  0.1403541E-07  0.1000000E-03           1
|0101001111000111101000101> :  0.7910992E-08  0.1000000E-03           1
|1111101000000100100111100> :  0.1096252E-06  0.1000000E-03           1
|0101010000110010011000111> :  0.2480838E-07  0.1000000E-03           1
|1111101110010010100110100> :  0.1285402E-07  0.1000000E-03           1
|0101010110010011011001111> :  0.2971343E-07  0.1000000E-03           1
|0100000111100011011000011> :  0.3763710E-04  0.1000000E-03           1
|0101011101000001111111100> :  0.1479646E-07  0.1000000E-03           1
|1111110000001000100110010> :  0.6223840E-04  0.1000000E-03           1
|0101101111001101110000101> :  0.9031907E-08  0.1000000E-03           1
|1111110000001000101111101> :  0.6294137E-06  0.1000000E-03           1
|0101110001000010000111111> :  0.2035699E-06  0.1000000E-03           1
|0101110010101011011000110> :  0.2942385E-08  0.1000000E-03           1
|0101111011001010100111101> :  0.9769460E-08  0.1000000E-03           1
|0100000111011011111000010> :  0.5880542E-07  0.1000000E-03           1
|0101111110000001100111100> :  0.2083524E-07  0.1000000E-03           1
|0101111111101011010000101> :  0.2577276E-08  0.1000000E-03           1
|0110000011000110011110111> :  0.7757114E-07  0.1000000E-03           1
|0110000110100110111100011> :  0.1239334E-07  0.1000000E-03           1
|0110000111101111001000111> :  0.8579962E-07  0.1000000E-03           1
|0110000111110101011001111> :  0.7556990E-06  0.1000000E-03           1
|0110001001010100001100111> :  0.9347768E-09  0.1000000E-03           1
|1111110000010010101111100> :  0.1094636E-04  0.1000000E-03           1
|0110001111111111111001001> :  0.1255180E-06  0.1000000E-03           1
|0110010100101010011001111> :  0.1632312E-07  0.1000000E-03           1
|0110010101100001011110101> :  0.9471023E-08  0.1000000E-03           1
|0110010111110011011000010> :  0.2033531E-07  0.1000000E-03           1
|0110011111110000111010101> :  0.1779093E-08  0.1000000E-03           1
|0110100100011110110101001> :  0.2354003E-07  0.1000000E-03           1
|0110101100100001011011011> :  0.7692842E-09  0.1000000E-03           1
|1111110000101000010111110> :  0.1958949E-05  0.1000000E-03           1
|0110101110111010001010001> :  0.8095127E-08  0.1000000E-03           1
|0110110100001110110110110> :  0.8764499E-08  0.1000000E-03           1
|0110110100011000100001101> :  0.7041591E-08  0.1000000E-03           1
|0110110110001111001000101> :  0.4540502E-07  0.1000000E-03           1
|0110110110101101110010001> :  0.9098159E-08  0.1000000E-03           1
|0110111000010001100111001> :  0.1047625E-07  0.1000000E-03           1
|0110111010101010000111011> :  0.4310840E-08  0.1000000E-03           1
|1111110100001000010111001> :  0.2467165E-04  0.1000000E-03           1
|0111001000000100111111110> :  0.1348426E-07  0.1000000E-03           1
|0111001010100001111100001> :  0.1727010E-06  0.1000000E-03           1
|0111001110110100111000001> :  0.4075942E-07  0.1000000E-03           1
|1111110100001000110111000> :  0.7302238E-04  0.1000000E-03           1
|0111010010101100010001001> :  0.1038340E-07  0.1000000E-03           1
|0111010100001010111111001> :  0.1255207E-05  0.1000000E-03           1
|0111010100110100011100001> :  0.4123027E-07  0.1000000E-03           1
|1111110100001010101011000> :  0.3102697E-04  0.1000000E-03           1
|0111010111111000010100101> :  0.4610716E-08  0.1000000E-03           1
|1111110100010011110111000> :  0.8468508E-07  0.1000000E-03           1
|0111011000111010101011000> :  0.5742919E-07  0.1000000E-03           1
|0111011010001010010011000> :  0.4758104E-08  0.1000000E-03           1
|0111100011110101011000011> :  0.1365037E-07  0.1000000E-03           1
|0001010001111010011100111> :  0.2665118E-08  0.1000000E-03           1
|0111101110110100001000011> :  0.5115450E-07  0.1000000E-03           1
|1111111000000010110011110> :  0.8823485E-06  0.1000000E-03           1
|0111110000001000000111101> :  0.2046738E-04  0.1000000E-03           1
|0111110000001010000101001> :  0.1822218E-07  0.1000000E-03           1
|0000001111110101010100001> :  0.1014808E-04  0.1000000E-03           1
|0111110000001010101011101> :  0.1179851E-05  0.1000000E-03           1
|0111110000011010101011110> :  0.3698938E-05  0.1000000E-03           1
|0111110010001000100111110> :  0.1470038E-04  0.1000000E-03           1
|0111110100001000100111011> :  0.2472567E-05  0.1000000E-03           1
|1111111001000110100010100> :  0.3725345E-07  0.1000000E-03           1
|0111110100011001001101010> :  0.5052444E-08  0.1000000E-03           1
|1111111100001110000111100> :  0.5084784E-05  0.1000000E-03           1
|0111111001000100100110100> :  0.1686981E-06  0.1000000E-03           1
|0111111010001000100111100> :  0.3112950E-04  0.1000000E-03           1
|0111111100011010100111100> :  0.3235932E-06  0.1000000E-03           1
|1000000011110111100001011> :  0.5611339E-07  0.1000000E-03           1
|1000000111101111010000011> :  0.2429284E-06  0.1000000E-03           1
|0100000111010011011011001> :  0.7619516E-07  0.1000000E-03           1
|1101011101101000100110100> :  0.4429467E-07  0.1000000E-03           1
|0001001111111101011000101> :  0.4572577E-06  0.1000000E-03           1
|1000001011000101011110101> :  0.3095940E-07  0.1000000E-03           1
|1101011001101100010111001> :  0.1543403E-07  0.1000000E-03           1
|1000001011100100101010110> :  0.1083209E-07  0.1000000E-03           1
|1000001110111101011100000> :  0.8144205E-07  0.1000000E-03           1
|1000001111100111011001011> :  0.7285885E-06  0.1000000E-03           1
|1000001111110011001000011> :  0.1528396E-05  0.1000000E-03           1
|1000001111110110011000010> :  0.3709402E-06  0.1000000E-03           1
|1000001111110111011001111> :  0.1077413E-05  0.1000000E-03           1
|1000001111111100110010100> :  0.1077456E-07  0.1000000E-03           1
|1000010001101101111110110> :  0.3563311E-08  0.1000000E-03           1
|1000010011110101111000011> :  0.9989353E-06  0.1000000E-03           1
|1101011001000101101101010> :  0.8941489E-08  0.1000000E-03           1
|1000011001000011011010100> :  0.1962488E-07  0.1000000E-03           1
|1000100000110110101010110> :  0.9985285E-08  0.1000000E-03           1
|1000100101000101101101101> :  0.3656653E-07  0.1000000E-03           1
|1000100111011101111100110> :  0.1105724E-07  0.1000000E-03           1
|1000101010000101101011111> :  0.1271463E-07  0.1000000E-03           1
|1000101010010100110111110> :  0.9698599E-08  0.1000000E-03           1
|1000101011100011100011111> :  0.9365202E-09  0.1000000E-03           1
|1000101110110111001100011> :  0.1010109E-07  0.1000000E-03           1
|1000101110111001010000001> :  0.5558212E-07  0.1000000E-03           1
|1000101111110001100011010> :  0.1017344E-07  0.1000000E-03           1
|1000110001001011100111100> :  0.6339901E-06  0.1000000E-03           1
|1000110110011010100011000> :  0.2762261E-07  0.1000000E-03           1
|1000110111001011100011010> :  0.7024323E-08  0.1000000E-03           1
|1001000011111011100101010> :  0.2577440E-07  0.1000000E-03           1
|1001001001010010110111010> :  0.4736194E-07  0.1000000E-03           1
|1001001011000110001111010> :  0.2377439E-07  0.1000000E-03           1
|1001001011110010001000100> :  0.1636040E-07  0.1000000E-03           1
|1101011001000001100100110> :  0.5014770E-08  0.1000000E-03           1
|0100000110110111010110110> :  0.1269032E-07  0.1000000E-03           1
|0001001111110101111000101> :  0.3532277E-04  0.1000000E-03           1
|0000001011110101100000101> :  0.2949843E-06  0.1000000E-03           1
|0100000110110001111110111> :  0.3295940E-08  0.1000000E-03           1
|1101010100001000111111100> :  0.3444541E-04  0.1000000E-03           1
|0001001111110101110100001> :  0.2182258E-05  0.1000000E-03           1
|0100000110100101011100111> :  0.9441726E-04  0.1000000E-03           1
|1101010001010011001011110> :  0.5458377E-08  0.1000000E-03           1
|0100000110000101011101111> :  0.7849571E-05  0.1000000E-03           1
|0001001111110101011000111> :  0.1374572E-03  0.1000000E-03           1
|1101010000111010101101100> :  0.1600617E-07  0.1000000E-03           1
|0100000100111111010001011> :  0.2342727E-07  0.1000000E-03           1
|0001001111110100111000001> :  0.8546398E-05  0.1000000E-03           1
|0100000011100101011100111> :  0.1926442E-04  0.1000000E-03           1
|1100111010001010100011100> :  0.1638364E-05  0.1000000E-03           1
|0100000011011101011001001> :  0.9754090E-08  0.1000000E-03           1
|0001001111110001011000011> :  0.7330929E-04  0.1000000E-03           1
|0000001011110101011001011> :  0.1106465E-04  0.1000000E-03           1
|0100000010110110011001001> :  0.8923841E-07  0.1000000E-03           1
|0100000001100101011111110> :  0.1358225E-05  0.1000000E-03           1
|0001001111101101010000111> :  0.3399219E-06  0.1000000E-03           1
|0100000000111111111101001> :  0.4692013E-07  0.1000000E-03           1
|0011111111011010100000001> :  0.1642250E-05  0.1000000E-03           1
|0001001111101010011010001> :  0.6738734E-06  0.1000000E-03           1
|0000001111101101011000001> :  0.5853654E-04  0.1000000E-03           1
|0011111110111010100010001> :  0.8292240E-05  0.1000000E-03           1
|1100101000000101100111110> :  0.1196571E-04  0.1000000E-03           1
|0001001111100111011000111> :  0.2673253E-05  0.1000000E-03           1
|0011111110001000100010101> :  0.6211679E-07  0.1000000E-03           1
|1100011001000011111001101> :  0.5537229E-08  0.1000000E-03           1
|0011111101001011001011000> :  0.1972292E-07  0.1000000E-03           1
|0001001111100110111000001> :  0.8512325E-06  0.1000000E-03           1
|0000001111101101010000011> :  0.1094636E-04  0.1000000E-03           1
|0000000111110111011000110> :  0.7469065E-04  0.1000000E-03           1
|0000000111110001011010011> :  0.2659257E-05  0.1000000E-03           1
|0000000011111111010001011> :  0.1102269E-04  0.1000000E-03           1
|0011111100000010110111010> :  0.2063324E-07  0.1000000E-03           1
|0011111001011110100011100> :  0.1776300E-06  0.1000000E-03           1
|0001001111010101011000011> :  0.2416197E-04  0.1000000E-03           1
|0011111000100011101001101> :  0.1002902E-07  0.1000000E-03           1
|0011110111111011000000000> :  0.3148830E-07  0.1000000E-03           1
|0001001001110101011100011> :  0.5010571E-05  0.1000000E-03           1
|0000001111101001011001101> :  0.4986770E-06  0.1000000E-03           1
|0011110110011011110111001> :  0.1105978E-07  0.1000000E-03           1
|0011110100101010010111100> :  0.2603066E-08  0.1000000E-03           1
|0001000111110100001100011> :  0.2734679E-07  0.1000000E-03           1
|0011110100001101010101101> :  0.1567690E-07  0.1000000E-03           1
|1011111101111011001000000> :  0.1210175E-07  0.1000000E-03           1
|0011110010001110110001011> :  0.1383259E-07  0.1000000E-03           1
|0001000111100101010000111> :  0.1374372E-05  0.1000000E-03           1
|0000001111100111111000001> :  0.1323416E-04  0.1000000E-03           1
|1011111100111010010110010> :  0.1209019E-06  0.1000000E-03           1
|0011101111111100010000001> :  0.4446181E-05  0.1000000E-03           1
|0001000111010001011110111> :  0.7185988E-08  0.1000000E-03           1
|0011101100101010100010101> :  0.4869705E-08  0.1000000E-03           1
|0011101011001101101000001> :  0.1670011E-07  0.1000000E-03           1
|0001000101010011110110110> :  0.5899200E-08  0.1000000E-03           1
|0000001111100110111100011> :  0.5775464E-05  0.1000000E-03           1
|0011101010110110110110001> :  0.4127077E-07  0.1000000E-03           1
|0011101010101100101100001> :  0.4531545E-08  0.1000000E-03           1
|0001000011111111101101011> :  0.1881777E-07  0.1000000E-03           1
|0011101000111011100000100> :  0.1415783E-08  0.1000000E-03           1
|1011111000011010110111100> :  0.5375380E-05  0.1000000E-03           1
|0011101000101100101101001> :  0.8587987E-08  0.1000000E-03           1
|0001000011110111010001110> :  0.4028733E-06  0.1000000E-03           1
|0000001111100110111000001> :  0.1582595E-06  0.1000000E-03           1
|0000001011101111111010001> :  0.8204796E-04  0.1000000E-03           1
|0011100111110001110100001> :  0.1778865E-07  0.1000000E-03           1
|0011100110101110100111010> :  0.2565822E-07  0.1000000E-03           1
|0001000011101111100011110> :  0.1092270E-07  0.1000000E-03           1
|0011100011011110010000001> :  0.1511278E-07  0.1000000E-03           1
|1011110111011010000010100> :  0.1797092E-04  0.1000000E-03           1
|0011011111001010100011000> :  0.1080506E-07  0.1000000E-03           1
|0000111111110101010000001> :  0.3358564E-04  0.1000000E-03           1
|0011011100011110001000101> :  0.3052051E-08  0.1000000E-03           1
|0011011011110101111100001> :  0.1863559E-07  0.1000000E-03           1
|0000111111001110101010100> :  0.6369591E-07  0.1000000E-03           1
|1011110100011010100101000> :  0.1950622E-04  0.1000000E-03           1
|0011011011110010001000011> :  0.1001589E-04  0.1000000E-03           1
|1011110100011010100001001> :  0.2352194E-05  0.1000000E-03           1
|1011110100011010001101100> :  0.1356640E-05  0.1000000E-03           1
|0011011011100100011001011> :  0.3138746E-07  0.1000000E-03           1
|0000111110111010100000110> :  0.1361339E-07  0.1000000E-03           1
|1011110101000010100110000> :  0.4890364E-06  0.1000000E-03           1
|1011110101001010001001110> :  0.3307342E-07  0.1000000E-03           1
|0000001111100101111000001> :  0.2114324E-04  0.1000000E-03           1
|1011110111010000010010001> :  0.8229471E-08  0.1000000E-03           1
|0000001011101111010100011> :  0.1566735E-05  0.1000000E-03           1
|1011111000000010100101110> :  0.9095295E-08  0.1000000E-03           1
|1011111000001010100011101> :  0.4270929E-06  0.1000000E-03           1
|1011110100010110110110010> :  0.6999124E-08  0.1000000E-03           1
|1011111000010010100011110> :  0.1107927E-04  0.1000000E-03           1
|1011110100001010001111000> :  0.1744426E-06  0.1000000E-03           1
|1011111000011010010111110> :  0.3109841E-06  0.1000000E-03           1
|0011011011100010111010100> :  0.6567848E-08  0.1000000E-03           1
|1011110001111000000011010> :  0.1017560E-07  0.1000000E-03           1
|0011010111111010011000001> :  0.1196571E-04  0.1000000E-03           1
|1011111000100010010111110> :  0.2727039E-07  0.1000000E-03           1
|1011111000101010101111001> :  0.3280480E-07  0.1000000E-03           1
|1011111000110110000000101> :  0.2449014E-07  0.1000000E-03           1
|1011111000111000000011101> :  0.7280435E-06  0.1000000E-03           1
|1011111000111000000101000> :  0.3163428E-07  0.1000000E-03           1
|0000110111011001110001000> :  0.5445017E-08  0.1000000E-03           1
|0011010011001010010111000> :  0.1625255E-08  0.1000000E-03           1
|1011111001001000000111000> :  0.2332330E-05  0.1000000E-03           1
|1011110000101001110111010> :  0.7444412E-07  0.1000000E-03           1
|1011111001011010100011000> :  0.9441726E-04  0.1000000E-03           1
|0011010001111110011110001> :  0.5295554E-08  0.1000000E-03           1
|1011111100001000101111001> :  0.7866522E-06  0.1000000E-03           1
|0000110110001011010110100> :  0.5590611E-08  0.1000000E-03           1
|1011110000011010100111000> :  0.1191682E-03  0.1000000E-03           1
|0011001111110111010000001> :  0.2669544E-04  0.1000000E-03           1
|1011111110011010100010001> :  0.4161727E-04  0.1000000E-03           1
|1011111111110011100010000> :  0.2839452E-07  0.1000000E-03           1
|1100000000100101011101110> :  0.4089605E-04  0.1000000E-03           1
|1100000000110111011011010> :  0.8021647E-08  0.1000000E-03           1
|0011001111101101001100001> :  0.9186100E-07  0.1000000E-03           1
|1100000001111101011100111> :  0.1639207E-08  0.1000000E-03           1
|1100000110000101011011100> :  0.8468943E-08  0.1000000E-03           1
|1100000110100111011000001> :  0.6319970E-07  0.1000000E-03           1
|1100001011100101111001110> :  0.3531338E-07  0.1000000E-03           1
|1100001101110001001001101> :  0.7445889E-08  0.1000000E-03           1
|1100010000000011101111110> :  0.4446181E-05  0.1000000E-03           1
|1100010000010001110111110> :  0.7642238E-08  0.1000000E-03           1
|1100010001111100011001010> :  0.1071375E-07  0.1000000E-03           1
|1100010100000001111111100> :  0.8432504E-06  0.1000000E-03           1
|1100010111111001011001011> :  0.4305359E-07  0.1000000E-03           1
|0000110011011011100010111> :  0.1197682E-08  0.1000000E-03           1
|1100100000001111110011000> :  0.8253335E-08  0.1000000E-03           1
|1100100100001001100111110> :  0.1561672E-04  0.1000000E-03           1
|1100100101010000011100110> :  0.3041476E-07  0.1000000E-03           1
|1011110000000001010111110> :  0.1467725E-05  0.1000000E-03           1
|1100101111011001101000001> :  0.4259275E-08  0.1000000E-03           1
|1100110000001000101111110> :  0.2669544E-04  0.1000000E-03           1
|1100110000001011110111001> :  0.1712308E-06  0.1000000E-03           1
|1100110000011000101111110> :  0.1609481E-05  0.1000000E-03           1
|1100110000101001111011110> :  0.5507878E-08  0.1000000E-03           1
|1100110011001000110011100> :  0.2686249E-07  0.1000000E-03           1
|1011101011010110100011001> :  0.8441011E-08  0.1000000E-03           1
|1100110101000001110110110> :  0.1491713E-05  0.1000000E-03           1
|1100110101011000011000110> :  0.1317144E-07  0.1000000E-03           1
|1100111000001001110110110> :  0.6301961E-07  0.1000000E-03           1
|1100111001010100001001110> :  0.7346993E-09  0.1000000E-03           1
|0011001101001111010000001> :  0.5965542E-09  0.1000000E-03           1
|1101000001101110110111110> :  0.9775721E-08  0.1000000E-03           1
|1101000100001010100011100> :  0.5364064E-08  0.1000000E-03           1
|1101000100010010001011110> :  0.2216842E-07  0.1000000E-03           1
|1101010000000010111111100> :  0.9699236E-05  0.1000000E-03           1
|1011101011010001100110100> :  0.1689115E-07  0.1000000E-03           1
|1011101000101001100100111> :  0.5729804E-08  0.1000000E-03           1
|1101010001001000010111110> :  0.1949596E-03  0.1000000E-03           1
|0011001100010110100110011> :  0.7368894E-08  0.1000000E-03           1
|0000101111111101010000011> :  0.8850220E-04  0.1000000E-03           1
|1101010011000100010111011> :  0.6522575E-08  0.1000000E-03           1
|1101010100001000100111111> :  0.2599300E-06  0.1000000E-03           1
|0000000111110110111100000> :  0.3041538E-06  0.1000000E-03           1
|1101010101001000111111100> :  0.1563911E-04  0.1000000E-03           1
|1101010101001001010111100> :  0.8070789E-05  0.1000000E-03           1
|1101010111010010001001101> :  0.1804210E-07  0.1000000E-03           1
|0000000111110001011000010> :  0.6382786E-07  0.1000000E-03           1
|1011100101011111100011000> :  0.5135435E-07  0.1000000E-03           1
|1011100100010001101111010> :  0.1557669E-06  0.1000000E-03           1
|1101011001111000011100010> :  0.1067126E-07  0.1000000E-03           1
|0011001011110110001000011> :  0.1715420E-03  0.1000000E-03           1
|1101100000000101100111110> :  0.1197571E-03  0.1000000E-03           1
|1011100100000110100110010> :  0.3764348E-05  0.1000000E-03           1
|1101100000101001100111110> :  0.5539119E-04  0.1000000E-03           1
|1101100000111110100010110> :  0.1536426E-07  0.1000000E-03           1
|1101100001011011100010110> :  0.8329647E-07  0.1000000E-03           1
|1101100011011010000011100> :  0.1411402E-06  0.1000000E-03           1
|1101100100000000101111110> :  0.9029965E-05  0.1000000E-03           1
|1011100001101001100011110> :  0.9542414E-07  0.1000000E-03           1
|0011001011100111110000001> :  0.2869972E-06  0.1000000E-03           1
|0000101111110111110000011> :  0.3652583E-05  0.1000000E-03           1
|1101100101001001000010100> :  0.1848732E-07  0.1000000E-03           1
|1011100000111010100111010> :  0.2780506E-04  0.1000000E-03           1
|1011100000011010100111010> :  0.4686187E-04  0.1000000E-03           1
|0011001011100110000010111> :  0.1768319E-06  0.1000000E-03           1
|1011011010110000101110001> :  0.3639847E-07  0.1000000E-03           1
|1101101111001001001000101> :  0.4171578E-09  0.1000000E-03           1
|1101110000000000010110110> :  0.8969399E-05  0.1000000E-03           1
|1101110000000101001111100> :  0.4922017E-06  0.1000000E-03           1
|1101110000001000000111110> :  0.7325753E-04  0.1000000E-03           1
|1011011000110010010100010> :  0.2743988E-08  0.1000000E-03           1
|0011001011100101011010010> :  0.3415607E-07  0.1000000E-03           1
|0000101111110111101000001> :  0.1228587E-04  0.1000000E-03           1
|1101110000001001100111110> :  0.8795591E-04  0.1000000E-03           1
|1011010101001100111110001> :  0.6382833E-08  0.1000000E-03           1
|1011010001001000010111011> :  0.2819347E-08  0.1000000E-03           1
|0011001011100010001111010> :  0.1722452E-07  0.1000000E-03           1
|1101110000001011101101100> :  0.6919716E-05  0.1000000E-03           1
|1011010000001000010111110> :  0.1192822E-04  0.1000000E-03           1
|1011001101001000100110110> :  0.2738729E-07  0.1000000E-03           1
|1101110000011101100111000> :  0.1064107E-05  0.1000000E-03           1
|1101110001000000110110110> :  0.1095461E-05  0.1000000E-03           1
|1101110001001000010111110> :  0.1091130E-03  0.1000000E-03           1
|1101110001001010000111110> :  0.5259714E-05  0.1000000E-03           1
|1101110001011010100010010> :  0.2377864E-05  0.1000000E-03           1
|1101110010001010000111110> :  0.3229777E-04  0.1000000E-03           1
|1101110011101001001000101> :  0.9552892E-08  0.1000000E-03           1
|1101110100001000000110111> :  0.8304345E-06  0.1000000E-03           1
|0011001000111110100100111> :  0.1486870E-07  0.1000000E-03           1
|0000101111110111000000011> :  0.8679418E-04  0.1000000E-03           1
|1101110100001000101111100> :  0.2511722E-03  0.1000000E-03           1
|1101110100001000111111100> :  0.3473021E-04  0.1000000E-03           1
|1011001010111100010100010> :  0.7017072E-09  0.1000000E-03           1
|1011001001110001100100010> :  0.5061296E-07  0.1000000E-03           1
|1101110100001001100101100> :  0.2520583E-04  0.1000000E-03           1
|0011001000101111111000011> :  0.1315243E-07  0.1000000E-03           1
|1101110100001010001111100> :  0.1816192E-05  0.1000000E-03           1
|1101110101001000101111100> :  0.5979170E-05  0.1000000E-03           1
|1011001001100111101100100> :  0.3296752E-07  0.1000000E-03           1
|1101110101001001100011100> :  0.2333042E-06  0.1000000E-03           1
|1101110110001000010111100> :  0.5948762E-04  0.1000000E-03           1
|1101110111000010010110100> :  0.2214726E-06  0.1000000E-03           1
|1011001000101100011010011> :  0.2846185E-08  0.1000000E-03           1
|0011000111110110010000001> :  0.1461219E-04  0.1000000E-03           1
|1101111000000001100111110> :  0.2002745E-04  0.1000000E-03           1
|1101111000001000100110001> :  0.2022867E-05  0.1000000E-03           1
|0000101111110101110010011> :  0.8954837E-06  0.1000000E-03           1
|0000001011101111010000001> :  0.3741245E-04  0.1000000E-03           1
|1101111000010010110011110> :  0.6532280E-06  0.1000000E-03           1
|1101111001001011000111101> :  0.2644014E-08  0.1000000E-03           1
|1011000111011110010100100> :  0.7501648E-07  0.1000000E-03           1
|1011000110110111101000010> :  0.1923382E-07  0.1000000E-03           1
|1110001110100001011000001> :  0.2395695E-07  0.1000000E-03           1
|1110010000001010010111010> :  0.2135069E-05  0.1000000E-03           1
|1110010000001010111111000> :  0.2742518E-06  0.1000000E-03           1
|1110010000011010101111000> :  0.1598334E-06  0.1000000E-03           1
|1110011100010000001110100> :  0.3856650E-07  0.1000000E-03           1
|1110011101011100110110000> :  0.8233964E-08  0.1000000E-03           1
|0011000111100101010110011> :  0.1718596E-07  0.1000000E-03           1
|1110100100011001001100110> :  0.5578846E-07  0.1000000E-03           1
|1011000000101000100111110> :  0.4203822E-05  0.1000000E-03           1
|1110100100111011100010100> :  0.1786863E-07  0.1000000E-03           1
|1110101000010010100110100> :  0.1519662E-06  0.1000000E-03           1
|1110101000111101101000100> :  0.8095603E-08  0.1000000E-03           1
|1010111100010010110011100> :  0.2606126E-07  0.1000000E-03           1
|1110101100001000010110000> :  0.6532853E-08  0.1000000E-03           1
|1110101100010110100110100> :  0.2490550E-06  0.1000000E-03           1
|1110101101010100101100001> :  0.2369099E-07  0.1000000E-03           1
|1110110000000011100111000> :  0.5530907E-07  0.1000000E-03           1
|1110110000001000100111101> :  0.1477142E-04  0.1000000E-03           1
|1110110000001000101111110> :  0.7578436E-05  0.1000000E-03           1
|1110110000001010000111100> :  0.1132894E-03  0.1000000E-03           1
|1110110000001010000111111> :  0.4589375E-05  0.1000000E-03           1
|0011000111011010110010011> :  0.5200141E-08  0.1000000E-03           1
|1110110000001010110111000> :  0.1290765E-04  0.1000000E-03           1
|1110110000001011000111110> :  0.8546398E-05  0.1000000E-03           1
|1110110000011010000111000> :  0.4598054E-05  0.1000000E-03           1
|1110110000011010000111100> :  0.1692807E-04  0.1000000E-03           1
|1010111001011000100010101> :  0.2029884E-08  0.1000000E-03           1
|1110110000110000101101010> :  0.4093149E-07  0.1000000E-03           1
|1110110010001001110111110> :  0.2266954E-08  0.1000000E-03           1
|1110110100000011000111110> :  0.9155341E-05  0.1000000E-03           1
|1010111000001110101110001> :  0.2452517E-07  0.1000000E-03           1
|0011000110111111110101001> :  0.5613440E-08  0.1000000E-03           1
|1010110001110010110110110> :  0.3031519E-08  0.1000000E-03           1
|1010110000111010110011101> :  0.6328587E-08  0.1000000E-03           1
|1110111000001110000111110> :  0.1336806E-05  0.1000000E-03           1
|1110111000010010100111111> :  0.7592368E-08  0.1000000E-03           1
|1110111000011000101111000> :  0.5195556E-06  0.1000000E-03           1
|1110111100001000001110110> :  0.1270273E-05  0.1000000E-03           1
|1110111100001101000101001> :  0.1013319E-07  0.1000000E-03           1
|1111000000001010101111110> :  0.3358564E-04  0.1000000E-03           1
|1111000001111010011100000> :  0.3091783E-07  0.1000000E-03           1
|1111000011101010100111000> :  0.1717713E-07  0.1000000E-03           1
|0011000011110110010001011> :  0.3231805E-06  0.1000000E-03           1
|1111001000001010101101001> :  0.3407405E-08  0.1000000E-03           1
|1111001000001110011111011> :  0.1467948E-09  0.1000000E-03           1
|1111001010110010110101101> :  0.2251832E-10  0.1000000E-03           1
|0000001111100101011000011> :  0.1113531E-03  0.1000000E-03           1
|1010110000101000011111110> :  0.5938350E-09  0.1000000E-03           1
|1111010000000000111111100> :  0.1093240E-04  0.1000000E-03           1
|1111010000000010101111100> :  0.8850220E-04  0.1000000E-03           1
|1010101111111100010101001> :  0.3450648E-08  0.1000000E-03           1
|0011000011110010111010001> :  0.1294881E-06  0.1000000E-03           1
|1010101111110101011100000> :  0.8844541E-07  0.1000000E-03           1
|1010101100011100110110100> :  0.1539986E-07  0.1000000E-03           1
|0011000011101111010010001> :  0.4903592E-07  0.1000000E-03           1
|1111010000010010101111100> :  0.9568974E-05  0.1000000E-03           1
|1111010000100001111111110> :  0.3672825E-08  0.1000000E-03           1
|1111010000100010001011100> :  0.9777130E-07  0.1000000E-03           1
|1111010001001010000111101> :  0.7071197E-05  0.1000000E-03           1
|1111010010100101011100001> :  0.1139714E-07  0.1000000E-03           1
|1111010100000000111111100> :  0.8910212E-06  0.1000000E-03           1
|1111010100001010101111100> :  0.3027860E-04  0.1000000E-03           1
|0000101111110001100000011> :  0.1497942E-06  0.1000000E-03           1
|1010100111110010000110110> :  0.1162939E-07  0.1000000E-03           1
|1010100100110100000101011> :  0.4473790E-08  0.1000000E-03           1
|1111011000001000110111001> :  0.3023966E-05  0.1000000E-03           1
|1111011000001000111110011> :  0.9034216E-08  0.1000000E-03           1
|1111011000100000011011010> :  0.1001834E-06  0.1000000E-03           1
|1111011001000100100011101> :  0.1679986E-07  0.1000000E-03           1
|1111011001011000100111100> :  0.1626083E-06  0.1000000E-03           1
|0011000011011110011010010> :  0.2257518E-08  0.1000000E-03           1
|1111011010010000001001001> :  0.1829291E-07  0.1000000E-03           1
|1111011010110110011001001> :  0.3082131E-08  0.1000000E-03           1
|1010100011111110110000101> :  0.9647684E-09  0.1000000E-03           1
|1010011100111010101000010> :  0.9445948E-08  0.1000000E-03           1
|0011000001010111111101000> :  0.2695975E-07  0.1000000E-03           1
|0000101111010001111000011> :  0.8465828E-06  0.1000000E-03           1
|1111100000001010101111100> :  0.1935266E-04  0.1000000E-03           1
|0000001011101010011000111> :  0.2563070E-06  0.1000000E-03           1
|0000000111110101111000001> :  0.1149717E-05  0.1000000E-03           1
|1111100000011110100111100> :  0.7351777E-05  0.1000000E-03           1
|1111100000100100011101111> :  0.1025340E-07  0.1000000E-03           1
|1111100000101101100100010> :  0.2209286E-07  0.1000000E-03           1
|1111100011111010001010000> :  0.6368037E-07  0.1000000E-03           1
|1111100100000100100110010> :  0.6741209E-06  0.1000000E-03           1
|1111100100001001001101100> :  0.3405966E-05  0.1000000E-03           1
|1010011100101001110110011> :  0.4734149E-08  0.1000000E-03           1
|1010011100000100110111101> :  0.2262467E-07  0.1000000E-03           1
|1111101010001010000101110> :  0.1171781E-07  0.1000000E-03           1
|1111101100001010101111110> :  0.1600572E-05  0.1000000E-03           1
|0011000000110111101111100> :  0.1485029E-10  0.1000000E-03           1
|1111110000000000101101100> :  0.5585565E-06  0.1000000E-03           1
|1010011001010010001111110> :  0.2865613E-07  0.1000000E-03           1
|1111110000000010100110010> :  0.1624128E-04  0.1000000E-03           1
|1010010111011010011100101> :  0.4787119E-08  0.1000000E-03           1
|0010111111110100011000011> :  0.4748819E-08  0.1000000E-03           1
|0000101111000111001000110> :  0.2652352E-08  0.1000000E-03           1
|1010001111110101010000011> :  0.1116643E-04  0.1000000E-03           1
|1010001110010101001100011> :  0.1804521E-07  0.1000000E-03           1
|0010111111011011001000110> :  0.6650125E-07  0.1000000E-03           1
|1010001101101111100100100> :  0.5971984E-08  0.1000000E-03           1
|1010001001110011100011001> :  0.2002464E-07  0.1000000E-03           1
|0010111111001100100100001> :  0.2854205E-08  0.1000000E-03           1
|1111110000001000101111110> :  0.1764960E-04  0.1000000E-03           1
|1111110000001000111111001> :  0.3314768E-05  0.1000000E-03           1
|1111110000001000111111100> :  0.1337423E-03  0.1000000E-03           1
|0000101110111101010000011> :  0.1247797E-05  0.1000000E-03           1
|0000001111100011001100011> :  0.2307627E-06  0.1000000E-03           1
|1111110000001010011111110> :  0.7149351E-05  0.1000000E-03           1
|1010000111110100011000101> :  0.1559654E-06  0.1000000E-03           1
|1010000110101110011110011> :  0.8284623E-08  0.1000000E-03           1
|0010111110110101010000011> :  0.7049338E-06  0.1000000E-03           1
|1010000100001110110111001> :  0.1299136E-07  0.1000000E-03           1
|1001111101111001110100001> :  0.1783556E-08  0.1000000E-03           1
|1111110000001010101011100> :  0.1491754E-03  0.1000000E-03           1
|0010111110011000001000001> :  0.2158675E-07  0.1000000E-03           1
|0000101110111011110000011> :  0.4420295E-07  0.1000000E-03           1
|1111110000001010101111110> :  0.5841251E-04  0.1000000E-03           1
|1111110000001010111011100> :  0.2729794E-05  0.1000000E-03           1
|1111110000001011100111011> :  0.1330556E-05  0.1000000E-03           1
|1111110000001110000001100> :  0.3074538E-06  0.1000000E-03           1
|1111110000010000000110111> :  0.6013359E-06  0.1000000E-03           1
|1111110000010000000111110> :  0.3458517E-04  0.1000000E-03           1
|1001111101101001100100110> :  0.2517251E-08  0.1000000E-03           1
|1111110000010010001011110> :  0.1441845E-04  0.1000000E-03           1
|1111110000010010100001110> :  0.1037433E-06  0.1000000E-03           1
|1001111100101001100110010> :  0.7643801E-08  0.1000000E-03           1
|1111110000010100100110100> :  0.1537823E-05  0.1000000E-03           1
|1111110000011000000111110> :  0.1323416E-04  0.1000000E-03           1
|1111110000011000100111110> :  0.2542373E-04  0.1000000E-03           1
|0010111101000110011010100> :  0.3586194E-08  0.1000000E-03           1
|1111110000011010001110100> :  0.2108698E-04  0.1000000E-03           1
|1001111100000010010111110> :  0.1335423E-06  0.1000000E-03           1
|1001111011001110110010000> :  0.2373738E-07  0.1000000E-03           1
|0010111100011110100001100> :  0.2460914E-07  0.1000000E-03           1
|1111110000011010100110110> :  0.8243990E-06  0.1000000E-03           1
|0000101010100110001101011> :  0.2302235E-07  0.1000000E-03           1
|0000001111100010001000111> :  0.2512484E-06  0.1000000E-03           1
|1111110000011010101101100> :  0.2236878E-04  0.1000000E-03           1
|1111110000011010101110100> :  0.7816350E-04  0.1000000E-03           1
|1111110000011011100111110> :  0.3890605E-04  0.1000000E-03           1
|1111110000100011100111000> :  0.1742587E-07  0.1000000E-03           1
|0000001011100111111010001> :  0.7552953E-05  0.1000000E-03           1
|1001111001011100100111100> :  0.8813458E-08  0.1000000E-03           1
|1111110001000000001111100> :  0.2293218E-06  0.1000000E-03           1
|1111110001001010100111101> :  0.4849987E-05  0.1000000E-03           1
|1111110001011010000011011> :  0.2386109E-06  0.1000000E-03           1
|1111110010001010000110010> :  0.2437561E-05  0.1000000E-03           1
|1111110010001010100110000> :  0.1531494E-05  0.1000000E-03           1
|1111110100000000011111100> :  0.9369012E-05  0.1000000E-03           1
|1111110100000000101101110> :  0.2427105E-05  0.1000000E-03           1
|1111110100000000110010100> :  0.7262783E-07  0.1000000E-03           1
|1111110100000000110110000> :  0.5304907E-05  0.1000000E-03           1
|1111110100000001101111100> :  0.8517743E-05  0.1000000E-03           1
|1111110100000010100110000> :  0.2456456E-04  0.1000000E-03           1
|1111110100000100011111100> :  0.2170650E-06  0.1000000E-03           1
|1111110100001000000110010> :  0.1092329E-04  0.1000000E-03           1
|1001110111001010100110000> :  0.6408259E-06  0.1000000E-03           1
|0010111011110100000010111> :  0.8476680E-06  0.1000000E-03           1
|1001110110111010010010010> :  0.1411499E-06  0.1000000E-03           1
|1001110101000001110110110> :  0.1866482E-05  0.1000000E-03           1
|1111110100001000010111110> :  0.3431054E-04  0.1000000E-03           1
|1111110100001000011101100> :  0.8210561E-05  0.1000000E-03           1
|1111110100001000011111100> :  0.1359827E-03  0.1000000E-03           1
|0010111001000101101010001> :  0.1807793E-07  0.1000000E-03           1
|0000100111111111010100110> :  0.2477387E-07  0.1000000E-03           1
|1001101001110000011111010> :  0.1934107E-08  0.1000000E-03           1
|1001100111011001110101100> :  0.1728537E-07  0.1000000E-03           1
|1111110100001000110111001> :  0.3864683E-05  0.1000000E-03           1
|0010101111111010000010101> :  0.1403867E-07  0.1000000E-03           1
|1111110100001000111111001> :  0.1284303E-04  0.1000000E-03           1
|1111110100001010000111100> :  0.1902226E-03  0.1000000E-03           1
|1111110100001010001111110> :  0.1737478E-04  0.1000000E-03           1
|1111110100001010100111000> :  0.1256623E-03  0.1000000E-03           1
|1001100110101001100101100> :  0.7050628E-08  0.1000000E-03           1
|1111110100001010101111000> :  0.4796062E-04  0.1000000E-03           1
|1111110100001111100000001> :  0.3970274E-08  0.1000000E-03           1
|1001100110011100110100010> :  0.5801150E-07  0.1000000E-03           1
|0010101111110111000000011> :  0.1555822E-05  0.1000000E-03           1
|0000100111110101001001001> :  0.9505897E-05  0.1000000E-03           1
|0000001111010111111000001> :  0.1168331E-03  0.1000000E-03           1
|1001100011011000101011010> :  0.1767615E-08  0.1000000E-03           1
|1111110100011011010011100> :  0.5908274E-06  0.1000000E-03           1
|1111110110001000010111000> :  0.1223008E-06  0.1000000E-03           1
|1001100000010110100110010> :  0.1459267E-07  0.1000000E-03           1
|1111111000000000001111110> :  0.3970501E-04  0.1000000E-03           1
|1001100000001001010111100> :  0.7218951E-08  0.1000000E-03           1
|1001011011001100110110110> :  0.2288328E-08  0.1000000E-03           1
|1111111000000010000111110> :  0.2076674E-04  0.1000000E-03           1
|0010101111110101010000011> :  0.2167323E-04  0.1000000E-03           1
|0000100111110101001000001> :  0.1270873E-04  0.1000000E-03           1
|1001011000001000100111100> :  0.1980848E-06  0.1000000E-03           1
|1111111000000011000101000> :  0.8115603E-07  0.1000000E-03           1
|1111111000001000000111110> :  0.2780224E-04  0.1000000E-03           1
|1001010111111010101000101> :  0.1648339E-08  0.1000000E-03           1
|0010101111101101000100100> :  0.5709421E-08  0.1000000E-03           1
|1001010111001010110101000> :  0.1214663E-07  0.1000000E-03           1
|1001001011110101001000011> :  0.2365609E-07  0.1000000E-03           1
|0000100110110111001100011> :  0.1002444E-05  0.1000000E-03           1
|1111111000001010100011001> :  0.2172279E-03  0.1000000E-03           1
|0000001111010011101100101> :  0.1472703E-08  0.1000000E-03           1
|0000001011100101011010111> :  0.9884274E-04  0.1000000E-03           1
|0000000111101110111010101> :  0.1133103E-05  0.1000000E-03           1
|1111111000001110000011110> :  0.1142880E-05  0.1000000E-03           1
|1111111000011001010111000> :  0.3870941E-06  0.1000000E-03           1
|1111111000101000100111000> :  0.5111085E-04  0.1000000E-03           1
|0000000011110111011000011> :  0.3206892E-04  0.1000000E-03           1
|1111111100000000100111111> :  0.6788282E-07  0.1000000E-03           1
|1111111100001000100111100> :  0.3206892E-04  0.1000000E-03           1
|1111111100001010101010100> :  0.1633897E-05  0.1000000E-03           1
|0000000011100101111010011> :  0.2415774E-07  0.1000000E-03           1
|1111111100010011100111110> :  0.9959118E-08  0.1000000E-03           1
|1111111111011000110000100> :  0.3779645E-08  0.1000000E-03           1
|0000000011010101001001111> :  0.1442448E-06  0.1000000E-03           1
