# state, exact probability, frequency, count:
#------------------------------------------------------------------
|0110001001111110010010100100110010> :  0.1753271E+00  0.1761000E+00        1761
|1001110110000001101101011011001101> :  0.1753271E+00  0.1743000E+00        1743
|0111111111000001000100010101100001> :  0.1467661E+00  0.1450000E+00        1450
|1000000000111110111011101010011110> :  0.1467661E+00  0.1416000E+00        1416
|0110101011011111010000100101110000> :  0.4695032E-01  0.4760000E-01         476
|1001010100100000101111011010001111> :  0.4695032E-01  0.4580000E-01         458
|0110001101111100010010100100110011> :  0.1221436E-01  0.1250000E-01         125
|1001110010000011101101011011001100> :  0.1221436E-01  0.1240000E-01         124
|0000101010011111111001101011110000> :  0.7023342E-02  0.9100000E-02          91
|1111010101100000000110010100001111> :  0.7023342E-02  0.7500000E-02          75
|1101110110000001100100010111001101> :  0.6676116E-02  0.7400000E-02          74
|0010001001111110011011101000110010> :  0.6676116E-02  0.7000000E-02          70
|0000101011011111011001101011110000> :  0.5767292E-02  0.6800000E-02          68
|1111010100100000100110010100001111> :  0.5767292E-02  0.6400000E-02          64
|1111110110000001100100010101001101> :  0.6069274E-02  0.6300000E-02          63
|0001110110000001101101011011100101> :  0.6086017E-02  0.6100000E-02          61
|1111110111000001000100010101001101> :  0.5502235E-02  0.6000000E-02          60
|0000100010011111111001101011111000> :  0.5457290E-02  0.5600000E-02          56
|1111011101100000000110010100000111> :  0.5457290E-02  0.5500000E-02          55
|1110001001111110010010100100011010> :  0.6086017E-02  0.5200000E-02          52
|0000001001111110011011101010110010> :  0.6069274E-02  0.5200000E-02          52
|0000001000111110111011101010110010> :  0.5502235E-02  0.4900000E-02          49
|0110001101111100000010110100110011> :  0.4279862E-02  0.4800000E-02          48
|1001110010000011111101001011001100> :  0.4279862E-02  0.4400000E-02          44
|1101110110000001100101010011001101> :  0.3755149E-02  0.4200000E-02          42
|0000001000111100111011111010110011> :  0.2221323E-02  0.3600000E-02          36
|1101010100100000100110010110001111> :  0.3580803E-02  0.3500000E-02          35
|0001110010001011111001001011001100> :  0.2033071E-02  0.3400000E-02          34
|1001000000110010111011101010011110> :  0.3204635E-02  0.3300000E-02          33
|1110000001111110010010100100011110> :  0.3424713E-02  0.3300000E-02          33
|0010001001111110011010101100110010> :  0.3755149E-02  0.3200000E-02          32
|0001111110000001101101011011100001> :  0.3424713E-02  0.3200000E-02          32
|0010101011011111011001101001110000> :  0.3580803E-02  0.3000000E-02          30
|1111111111000001000100010101000101> :  0.2988027E-02  0.2900000E-02          29
|0000100010011111111001101011011100> :  0.2395101E-02  0.2700000E-02          27
|1000000000111110111011111010011110> :  0.2596380E-02  0.2700000E-02          27
|1111011101100000000110010100100011> :  0.2395101E-02  0.2700000E-02          27
|0000110010001111111001001011001100> :  0.2305787E-02  0.2600000E-02          26
|1111001101110000000110110100110011> :  0.2305787E-02  0.2400000E-02          24
|1111110111000011000100000101001100> :  0.2221323E-02  0.2400000E-02          24
|0110111111001101000100010101100001> :  0.3204635E-02  0.2300000E-02          23
|0000000000111110111011101010111010> :  0.2988027E-02  0.2300000E-02          23
|1000000000111010111011101010011110> :  0.1950243E-02  0.2200000E-02          22
|1001110110000001101101011011001100> :  0.1685684E-02  0.2200000E-02          22
|1110001101110100000110110100110011> :  0.2033071E-02  0.2000000E-02          20
|0110001001111110010010100100110011> :  0.1685684E-02  0.2000000E-02          20
|1001110010000001101101011011001101> :  0.2274142E-02  0.2000000E-02          20
|0111111111000001000100000101100001> :  0.2596380E-02  0.2000000E-02          20
|0110001101111110010010100100110010> :  0.2274142E-02  0.1900000E-02          19
|0111111111000101000100010101100001> :  0.1950243E-02  0.1800000E-02          18
|0110111011001111010000000101100001> :  0.1410486E-02  0.1800000E-02          18
|1000000100110100101111111010001111> :  0.1192372E-02  0.1800000E-02          18
|0111111011001011010000000101100001> :  0.1481478E-02  0.1800000E-02          18
|1000000100110100101111111010011110> :  0.1481478E-02  0.1800000E-02          18
|0010101011011111011000101101110000> :  0.1448701E-02  0.1700000E-02          17
|0110001001111110010010100100111010> :  0.1342695E-02  0.1400000E-02          14
|0001110110000001101101011011001101> :  0.1214190E-02  0.1300000E-02          13
|1001110110000001101101011011000101> :  0.1342695E-02  0.1300000E-02          13
|1110001001111110010010100100110010> :  0.1214190E-02  0.1300000E-02          13
|0111111111000001000100010101110001> :  0.7626982E-03  0.1200000E-02          12
|0111111111001001000100010101100001> :  0.1340926E-02  0.1200000E-02          12
|0111111111001001010000000101100001> :  0.9274209E-03  0.1100000E-02          11
|1111110011000011010100000101001100> :  0.8169266E-03  0.1100000E-02          11
|1101010100100000100111010010001111> :  0.1448701E-02  0.1100000E-02          11
|0000000000111110111011101010011110> :  0.7348700E-03  0.1000000E-02          10
|1000000000110110101111111010011110> :  0.9274209E-03  0.1000000E-02          10
|0111111011001011010000000101110000> :  0.1192372E-02  0.1000000E-02          10
|1001000100110000101111111010011110> :  0.1410486E-02  0.1000000E-02          10
|1001000000110010101111111010011110> :  0.9385845E-03  0.1000000E-02          10
|1000000000110110111011101010011110> :  0.1340926E-02  0.1000000E-02          10
|0110111011001111010000000101110000> :  0.1029962E-02  0.1000000E-02          10
|0110101001111110010010100100110010> :  0.1021664E-02  0.1000000E-02          10
|0111111110000001000100010101100001> :  0.4784967E-03  0.1000000E-02          10
|1000000000111110111011101010001110> :  0.7626982E-03  0.1000000E-02          10
|0000001100111100101011111010110011> :  0.8169266E-03  0.9000000E-03           9
|1001010000100010101111011010001110> :  0.4353366E-03  0.9000000E-03           9
|0110001001111110011010100100110010> :  0.4104474E-03  0.7000000E-03           7
|1000000001111110111011101010011110> :  0.4784967E-03  0.7000000E-03           7
|1001000100110000101111111010001111> :  0.1029962E-02  0.7000000E-03           7
|1000000000111110111011101010011010> :  0.4775974E-03  0.6000000E-03           6
|0110101111011101010000100101110001> :  0.4353366E-03  0.6000000E-03           6
|1001010110000001101101011011001101> :  0.1021664E-02  0.6000000E-03           6
|1001110110000101101101011011001101> :  0.5417402E-03  0.6000000E-03           6
|1111110111000001000100000101001101> :  0.3901106E-03  0.6000000E-03           6
|1111001001110010010010100100011010> :  0.7202397E-03  0.6000000E-03           6
|1111111111000001000100010101100001> :  0.7348700E-03  0.6000000E-03           6
|0000001000111110111011101010110011> :  0.4130975E-03  0.6000000E-03           6
|0111111111000001000100011101100001> :  0.4639076E-03  0.6000000E-03           6
|0000110110001101101101011011100101> :  0.7202397E-03  0.5000000E-03           5
|0000001000111110111011111010110010> :  0.3901106E-03  0.5000000E-03           5
|0111111011000011010100000101110000> :  0.5135256E-03  0.5000000E-03           5
|0001110010000011111101001011001100> :  0.2701389E-03  0.5000000E-03           5
|0000110110001101101101011011001101> :  0.3268172E-03  0.5000000E-03           5
|1000000000111110111011100010011110> :  0.4639076E-03  0.5000000E-03           5
|1110000101111100000010110100011110> :  0.1039696E-03  0.5000000E-03           5
|1110001101111100000010110100110011> :  0.2701389E-03  0.5000000E-03           5
|1110001001111010010010100100011010> :  0.3310438E-03  0.4000000E-03           4
|0111111111000001000100010101100101> :  0.4775974E-03  0.4000000E-03           4
|0001110110000101101101011011100101> :  0.3310438E-03  0.4000000E-03           4
|0110001001111010010010100100110010> :  0.5417402E-03  0.4000000E-03           4
|1001110110000001100101011011001101> :  0.4104474E-03  0.4000000E-03           4
|0001111010001011111001001011100001> :  0.1816198E-03  0.4000000E-03           4
|0110001100111100000010110100110011> :  0.5419175E-04  0.4000000E-03           4
|1000000100111100101011111010001111> :  0.5135256E-03  0.4000000E-03           4
|1000000100111100101011111010011110> :  0.5352946E-03  0.4000000E-03           4
|1001010000100010111011101010001110> :  0.9432005E-04  0.4000000E-03           4
|1110000101111110010010100100011110> :  0.1515602E-03  0.4000000E-03           4
|1100000001111110110010100110011110> :  0.1185313E-03  0.4000000E-03           4
|0001111010001011111001001011110000> :  0.2380324E-03  0.3000000E-03           3
|0111111111000001000110010101100001> :  0.4457538E-03  0.3000000E-03           3
|0110101011011011010010100100110000> :  0.7990787E-04  0.3000000E-03           3
|0001110110001001101101011011100101> :  0.1903298E-03  0.3000000E-03           3
|1111001001110010010010100100110010> :  0.3268172E-03  0.3000000E-03           3
|0010111011001111011000001101110000> :  0.3739766E-04  0.3000000E-03           3
|0011111011001011011001001001110000> :  0.1431506E-03  0.3000000E-03           3
|0000100000111110111011101010111010> :  0.6876074E-04  0.3000000E-03           3
|1110000101110100000110110100011110> :  0.1816198E-03  0.3000000E-03           3
|0000111110001101101101011011100001> :  0.2525489E-03  0.3000000E-03           3
|1111000100110000100110110100011110> :  0.9118034E-04  0.3000000E-03           3
|1110001101111110010010100100011010> :  0.1896075E-03  0.3000000E-03           3
|1000010100110100101101011011001111> :  0.1898159E-03  0.3000000E-03           3
|0111111011000011010100000101100001> :  0.5352946E-03  0.3000000E-03           3
|0110001101111100000110110100110011> :  0.2800268E-03  0.3000000E-03           3
|1000000000111110111011101000011110> :  0.6040578E-04  0.2000000E-03           2
|1110001001110110010010100100011010> :  0.1903298E-03  0.2000000E-03           2
|0010101001111110011011101000110010> :  0.8007783E-04  0.2000000E-03           2
|0110001001111110010000100100110010> :  0.2138824E-03  0.2000000E-03           2
|1111010110000001100100010101001101> :  0.1353358E-03  0.2000000E-03           2
|1101010110000001100101010011001101> :  0.4308116E-04  0.2000000E-03           2
|0001110010000001101101011011100101> :  0.1896075E-03  0.2000000E-03           2
|1111110111000001000100010101001100> :  0.4130975E-03  0.2000000E-03           2
|0000101010111010111011101010110000> :  0.8903247E-05  0.2000000E-03           2
|1001110010000011111101001011011100> :  0.7241192E-04  0.2000000E-03           2
|1001110110000001101111011011001101> :  0.2138824E-03  0.2000000E-03           2
|0000101110011101101001111011110001> :  0.1036369E-03  0.2000000E-03           2
|0111111111000001000100010101110000> :  0.2559653E-04  0.2000000E-03           2
|0110101111011101000000110101110001> :  0.1442261E-03  0.2000000E-03           2
|0000111011001111011001001011110000> :  0.1442548E-03  0.2000000E-03           2
|1000000000111110101011111010011110> :  0.1064956E-03  0.2000000E-03           2
|0010111011001111011001001001110000> :  0.8647026E-04  0.2000000E-03           2
|1110010100110100100110010100001111> :  0.7894012E-04  0.2000000E-03           2
|1100000000111110111010100110011110> :  0.1069088E-03  0.2000000E-03           2
|1111010001100010010010100100001110> :  0.9769100E-04  0.2000000E-03           2
|1111010001100010010110000100001110> :  0.1036369E-03  0.2000000E-03           2
|1001010000100010111111001010001110> :  0.1442261E-03  0.2000000E-03           2
|0001111011001011011001001011110000> :  0.2392262E-03  0.2000000E-03           2
|1100000100110100100110110110001111> :  0.1431506E-03  0.2000000E-03           2
|1110000100111100100010110100011110> :  0.8338058E-04  0.2000000E-03           2
|1100000100110100100110110110011110> :  0.8120694E-04  0.2000000E-03           2
|1000001001111110011011101010011010> :  0.7055366E-04  0.2000000E-03           2
|1110000001111110010010100100001110> :  0.5360583E-04  0.2000000E-03           2
|1110010101110100000110010100001111> :  0.8697574E-04  0.2000000E-03           2
|0110001001111010010010100100111010> :  0.2890725E-04  0.2000000E-03           2
|1110001101111100010010100100110011> :  0.7769185E-04  0.2000000E-03           2
|1111010111000001000100010101001101> :  0.1561741E-03  0.2000000E-03           2
|1000000000111110111011001010011110> :  0.4431181E-05  0.1000000E-03           1
|0110000001111110010010100100111010> :  0.3909744E-05  0.1000000E-03           1
|0001111010000001101101011011100001> :  0.1515602E-03  0.1000000E-03           1
|0000111010001111111001001011110000> :  0.1278659E-03  0.1000000E-03           1
|0000000000111110111011111010111010> :  0.4887948E-04  0.1000000E-03           1
|1001000000111010111011101010011110> :  0.2908509E-05  0.1000000E-03           1
|0111110111000001000100010101100001> :  0.3604409E-05  0.1000000E-03           1
|1001000000110010111011111010011110> :  0.4981722E-04  0.1000000E-03           1
|0110101011011111010000000101110000> :  0.4189745E-04  0.1000000E-03           1
|0010101001111110011010101100110010> :  0.4308116E-04  0.1000000E-03           1
|0010000000111110011011101010110110> :  0.8374582E-07  0.1000000E-03           1
|1111110111000101000100010101001101> :  0.3528823E-04  0.1000000E-03           1
|0110101001111110010000100100110010> :  0.5846803E-05  0.1000000E-03           1
|0110011001111010010000100100110010> :  0.2150945E-06  0.1000000E-03           1
|0111101111001001000010110100110001> :  0.2548870E-05  0.1000000E-03           1
|0001111010000011111101001011110000> :  0.1040546E-03  0.1000000E-03           1
|0001110110001001101101011011001101> :  0.8072435E-04  0.1000000E-03           1
|0111001011111010010010100100110010> :  0.5732818E-06  0.1000000E-03           1
|0000101110011101101101011011110001> :  0.9769100E-04  0.1000000E-03           1
|0100001001111110111011101100110010> :  0.5505756E-07  0.1000000E-03           1
|1001110110000001101101010011001101> :  0.1366300E-03  0.1000000E-03           1
|1000001001111110011011101010110010> :  0.4766934E-04  0.1000000E-03           1
|0001111010000011101111011011110000> :  0.1726849E-07  0.1000000E-03           1
|0110101011011110010000100101110000> :  0.3133024E-04  0.1000000E-03           1
|0111101011001011010000100101110000> :  0.3820899E-03  0.1000000E-03           1
|1101110110000001100110010111001101> :  0.2214969E-04  0.1000000E-03           1
|1111110110000001100100011101001101> :  0.1633737E-04  0.1000000E-03           1
|0110101011011111010000100101110001> :  0.1029232E-03  0.1000000E-03           1
|1011110011000001111100011101001101> :  0.8363810E-08  0.1000000E-03           1
|0001101011001011001001101011110001> :  0.3601188E-09  0.1000000E-03           1
|1011111001000111011011101000010000> :  0.5699232E-09  0.1000000E-03           1
|0000001001111110011001101010110010> :  0.2746159E-04  0.1000000E-03           1
|0100001001111110010011100010110010> :  0.4279577E-04  0.1000000E-03           1
|0000101010011101111001111011110001> :  0.1189876E-03  0.1000000E-03           1
|0110001001111110010010101100110010> :  0.1366300E-03  0.1000000E-03           1
|1111111111000101000100010101000101> :  0.3145764E-04  0.1000000E-03           1
|1001011011100001001011111000000001> :  0.2085304E-12  0.1000000E-03           1
|0110101111011111010000100101110000> :  0.1270431E-04  0.1000000E-03           1
|0010101011011011011011101000110000> :  0.7750977E-05  0.1000000E-03           1
|0000001001111110010001101011010010> :  0.1401338E-09  0.1000000E-03           1
|1111111111000001000100010101011000> :  0.6172699E-06  0.1000000E-03           1
|1001110110000101101101011011000101> :  0.2890725E-04  0.1000000E-03           1
|0001110110000001101111011011100101> :  0.5736667E-04  0.1000000E-03           1
|0000001001111010011011101010110010> :  0.2331710E-04  0.1000000E-03           1
|0001101110000101101001111010111000> :  0.1074297E-09  0.1000000E-03           1
|0110101011111110010000100100110000> :  0.7453465E-05  0.1000000E-03           1
|1110001001111010010010100100110010> :  0.6772257E-04  0.1000000E-03           1
|0001110110000001101101011011000101> :  0.1231272E-04  0.1000000E-03           1
|0011111011001001010001001011100101> :  0.9244024E-09  0.1000000E-03           1
|0111110110000001100100010101100101> :  0.7055366E-04  0.1000000E-03           1
|0110101011011111010000100101111000> :  0.9991819E-04  0.1000000E-03           1
|1001110010000001101101011011000101> :  0.3388509E-04  0.1000000E-03           1
|1010100011000011011000101101011000> :  0.9629499E-10  0.1000000E-03           1
|1101010110000001100100010111001101> :  0.8007783E-04  0.1000000E-03           1
|0110101011111010010010100100110000> :  0.4105028E-04  0.1000000E-03           1
|0001101010001011111011101010110000> :  0.2642730E-04  0.1000000E-03           1
|1000010110101101101101011011101101> :  0.4126047E-07  0.1000000E-03           1
|1001110110000001101111011011001100> :  0.6064836E-05  0.1000000E-03           1
|1100100110011001100100110111001101> :  0.7470178E-08  0.1000000E-03           1
|0000001000111110011011101010110010> :  0.7677951E-05  0.1000000E-03           1
|1000110010001010111001011011001100> :  0.5531873E-08  0.1000000E-03           1
|0110111111001101010000000101100001> :  0.9385845E-03  0.1000000E-03           1
|1001110010000011111111001011001100> :  0.1239404E-04  0.1000000E-03           1
|0000100010011111111001101011011000> :  0.3984516E-05  0.1000000E-03           1
|1001110010000011111011101010001100> :  0.3327210E-05  0.1000000E-03           1
|1001110010000011111001001011001100> :  0.2800268E-03  0.1000000E-03           1
|0000100010011011111011101010111000> :  0.9667744E-05  0.1000000E-03           1
|0001110010000011101101011011001100> :  0.7769185E-04  0.1000000E-03           1
|0111111111001001000100000101100001> :  0.4763717E-04  0.1000000E-03           1
|0111110110000001101101011011001101> :  0.3116947E-06  0.1000000E-03           1
|1111110010000011101100010101001100> :  0.1907275E-04  0.1000000E-03           1
|0001110110000001101101011011101101> :  0.2509282E-05  0.1000000E-03           1
|0111111111001001000000010101100001> :  0.8753333E-04  0.1000000E-03           1
|0001100010001011111001101011111000> :  0.3498839E-04  0.1000000E-03           1
|0000101011001111011001101011110000> :  0.1771607E-04  0.1000000E-03           1
|0000100010011111111001100011011100> :  0.1851269E-05  0.1000000E-03           1
|0001100010001011111001101011011100> :  0.5597016E-05  0.1000000E-03           1
|1101001110000001100101010011011100> :  0.3694724E-08  0.1000000E-03           1
|0001110111000001100101001011001101> :  0.5420922E-08  0.1000000E-03           1
|0110111111101100010000000101100011> :  0.6835333E-08  0.1000000E-03           1
|0110101101111100000010110100110011> :  0.6514210E-04  0.1000000E-03           1
|0000101100111000101011111010110011> :  0.4283535E-07  0.1000000E-03           1
|1001000000110010111011101000011110> :  0.1228912E-04  0.1000000E-03           1
|0001111111000001000101011011100001> :  0.8022177E-04  0.1000000E-03           1
|1001011100100000101111011010100011> :  0.7029673E-04  0.1000000E-03           1
|0101111111000001000101010011100001> :  0.3522971E-04  0.1000000E-03           1
|0010101011011111011001101000110000> :  0.2973619E-05  0.1000000E-03           1
|0110001101111100010010110100110011> :  0.1458233E-04  0.1000000E-03           1
|1100010110010100100111010011001111> :  0.2579005E-09  0.1000000E-03           1
|1000000000111100111011111010011110> :  0.6747608E-04  0.1000000E-03           1
|0110001101111100010010100110110011> :  0.4220255E-04  0.1000000E-03           1
|1000000000111110111001101000011110> :  0.1900971E-05  0.1000000E-03           1
|1000000000111110111001101010011110> :  0.4457538E-03  0.1000000E-03           1
|1111010101100100000100010101001111> :  0.1703170E-04  0.1000000E-03           1
|1000010100110100101111011010001111> :  0.3820899E-03  0.1000000E-03           1
|0110001101111100010000100100110011> :  0.1099650E-04  0.1000000E-03           1
|1100010100110100100100010111001111> :  0.1520058E-04  0.1000000E-03           1
|1101010100110000100110010110001111> :  0.1057363E-04  0.1000000E-03           1
|0000001101111100000011111010110011> :  0.1838588E-04  0.1000000E-03           1
|1001010100100100101101011011001111> :  0.7990787E-04  0.1000000E-03           1
|1001010100100000101111111010001111> :  0.4189745E-04  0.1000000E-03           1
|0100001101111100000011110010110011> :  0.1254048E-04  0.1000000E-03           1
|0110101011001111010000100101110000> :  0.1082593E-03  0.1000000E-03           1
|0110001101111100000010110110110011> :  0.2800295E-04  0.1000000E-03           1
|1001010100100000100111011010001111> :  0.5891813E-04  0.1000000E-03           1
|0111111111000001000100010001100001> :  0.2995396E-05  0.1000000E-03           1
|1001010100000101101101011011001111> :  0.4105028E-04  0.1000000E-03           1
|1001010000101010011011101010001111> :  0.8496102E-09  0.1000000E-03           1
|0110111011001111010000001101110000> :  0.2845236E-05  0.1000000E-03           1
|0010000100111100110011101000001111> :  0.9335975E-09  0.1000000E-03           1
|1100000100111100100010110110001111> :  0.5821599E-04  0.1000000E-03           1
|1011001101110000000110110100110011> :  0.4230566E-07  0.1000000E-03           1
|1110000100110100100110110100001111> :  0.2392262E-03  0.1000000E-03           1
|1111000100110000100110110100001111> :  0.1442548E-03  0.1000000E-03           1
|0100111110001101100100010111100001> :  0.2825065E-05  0.1000000E-03           1
|0110101011011111011000100101110000> :  0.5891813E-04  0.1000000E-03           1
|1000001100110100101111111010110011> :  0.7988982E-04  0.1000000E-03           1
|1110011101110100000110010100000111> :  0.3498839E-04  0.1000000E-03           1
|1001001100110000101111111010110011> :  0.8569791E-04  0.1000000E-03           1
|0000001001111110011011101010110011> :  0.2884997E-04  0.1000000E-03           1
|1111010101100000001111010100000111> :  0.6676882E-08  0.1000000E-03           1
|0110001101111100010000100100100111> :  0.1831311E-07  0.1000000E-03           1
|0111111110000001000110010101100001> :  0.1855706E-05  0.1000000E-03           1
|0110001001111110010010100010110011> :  0.3952904E-06  0.1000000E-03           1
|0000100100011100101011111011001110> :  0.3949289E-08  0.1000000E-03           1
|1111010101100010000110000100001110> :  0.1189876E-03  0.1000000E-03           1
|1101010100000101100001110011001110> :  0.2517055E-08  0.1000000E-03           1
|1000010001111010111011100110001110> :  0.1247237E-08  0.1000000E-03           1
|1001001000110000101111111010100011> :  0.3823710E-08  0.1000000E-03           1
|0110111101001101000100010101100001> :  0.6873441E-05  0.1000000E-03           1
|0011101011001011011011101000110000> :  0.1520058E-04  0.1000000E-03           1
|0110000101111100010010100100110011> :  0.3128914E-06  0.1000000E-03           1
|1011010000100010111110001100001110> :  0.5092989E-06  0.1000000E-03           1
|1101000101110000100111111010010011> :  0.5295754E-09  0.1000000E-03           1
|1111010101100000000110010100001110> :  0.2165832E-04  0.1000000E-03           1
|0000111011001111011001001011100001> :  0.9118034E-04  0.1000000E-03           1
|1001010000000011101111111011001110> :  0.4062218E-08  0.1000000E-03           1
|1110001101110100000110110100000111> :  0.9113782E-04  0.1000000E-03           1
|1110001101111100000010110100000111> :  0.4079741E-04  0.1000000E-03           1
|1110000001111100010010100100100011> :  0.1784322E-06  0.1000000E-03           1
|1110001011111010010010100100111110> :  0.9498349E-09  0.1000000E-03           1
|0001010110101000101101010011100111> :  0.4547713E-09  0.1000000E-03           1
|0000100010111110111011111010111010> :  0.5088762E-08  0.1000000E-03           1
|0011111011001011011000001101110000> :  0.6256181E-04  0.1000000E-03           1
|0010100101111100110010100100100111> :  0.3297587E-09  0.1000000E-03           1
|1100000000111100110011100010011111> :  0.5317946E-07  0.1000000E-03           1
|1000000000111100111011111010001111> :  0.2067662E-03  0.1000000E-03           1
|1110000101110110000110100100011110> :  0.2827313E-04  0.1000000E-03           1
|0000100000011010101011101010111010> :  0.5814770E-09  0.1000000E-03           1
|0011111011001011011001001001100001> :  0.8120694E-04  0.1000000E-03           1
|1001011000100010111011111011011010> :  0.1271996E-08  0.1000000E-03           1
|1110001111111110010100100100011010> :  0.8997639E-09  0.1000000E-03           1
|0110101011011111010000100100110000> :  0.2078698E-04  0.1000000E-03           1
|1000000010111110111001101010011110> :  0.2205415E-04  0.1000000E-03           1
|1000000001111110111001101010011110> :  0.1855706E-05  0.1000000E-03           1
|1110001101111100010010100100011010> :  0.5562868E-05  0.1000000E-03           1
|0111111011000111010000100101110001> :  0.2071622E-08  0.1000000E-03           1
|1100000001111110110011100010011110> :  0.5702937E-04  0.1000000E-03           1
|1110000001111110010010101100011110> :  0.5971508E-05  0.1000000E-03           1
|1010001001111110011011101000011010> :  0.5441135E-04  0.1000000E-03           1
|0001111011000011011101001011100001> :  0.8338058E-04  0.1000000E-03           1
|0110000001111110010010100100011110> :  0.2773009E-04  0.1000000E-03           1
|1001010100100000101111011011001111> :  0.2078698E-04  0.1000000E-03           1
|1010001001111110011010101100011010> :  0.5651848E-04  0.1000000E-03           1
|1110000001111010010010100100011110> :  0.1059622E-03  0.1000000E-03           1
|1111000001110010010010100100011110> :  0.2525489E-03  0.1000000E-03           1
|1001010100110000101111011010001111> :  0.1082593E-03  0.1000000E-03           1
|1010000000111110111011111110011110> :  0.6712509E-07  0.1000000E-03           1
|1000000000111110111011101100011110> :  0.7349409E-05  0.1000000E-03           1
|1100010100110100100110010110001111> :  0.4904692E-04  0.1000000E-03           1
|0000111010001111111001001011100001> :  0.7736823E-04  0.1000000E-03           1
|0011111011000011001100011011110000> :  0.7424138E-08  0.1000000E-03           1
|0110101011011111010000100011110000> :  0.4195417E-05  0.1000000E-03           1
|0011101011001011011001101001110000> :  0.4904692E-04  0.1000000E-03           1
|0110101010011111001101010001110000> :  0.1988157E-08  0.1000000E-03           1
|0110101001011111010010100100110000> :  0.1055104E-04  0.1000000E-03           1
|1000110110111100101001011011001111> :  0.4274246E-08  0.1000000E-03           1
|0000101000111110111011101010110000> :  0.1907780E-05  0.1000000E-03           1
