# state, exact probability, frequency, count:
#------------------------------------------------------------------
|111001101110000001011100011101> :  0.1324230E+00  0.1335000E+00        1335
|000110010001111110100011100010> :  0.1324230E+00  0.1301000E+00        1301
|111001001110010001001101000101> :  0.2634021E-01  0.2730000E-01         273
|000110110001101110110010111010> :  0.2634021E-01  0.2400000E-01         240
|000100110011101110110010111010> :  0.1670038E-01  0.1820000E-01         182
|110100010011111110110011100000> :  0.1578965E-01  0.1700000E-01         170
|111011001100010001001101000101> :  0.1670038E-01  0.1580000E-01         158
|001011101100000001001100011111> :  0.1578965E-01  0.1380000E-01         138
|001001101011100110010000111011> :  0.1194406E-01  0.1270000E-01         127
|001011111100000001001100011110> :  0.1064405E-01  0.1240000E-01         124
|000110010001111110100111100010> :  0.1049945E-01  0.1180000E-01         118
|110110010101011001100111000100> :  0.1114512E-01  0.1180000E-01         118
|110110010100011001101111000100> :  0.1194406E-01  0.1150000E-01         115
|001001101010100110011000111011> :  0.1114512E-01  0.1140000E-01         114
|111011101100000001001100011101> :  0.1010571E-01  0.1130000E-01         113
|110100000011111110110011100001> :  0.1064405E-01  0.1110000E-01         111
|000110010001111110101011100010> :  0.8864782E-02  0.9200000E-02          92
|111001101110000001011000011101> :  0.1049945E-01  0.9100000E-02          91
|000100010011111110110011100010> :  0.1010571E-01  0.9000000E-02          90
|001100111011100110010000111010> :  0.8078672E-02  0.8800000E-02          88
|001011101000000110011000111111> :  0.9070271E-02  0.8500000E-02          85
|110110000100011001101111000101> :  0.8960221E-02  0.8100000E-02          81
|111001101110000001010100011101> :  0.8864782E-02  0.7900000E-02          79
|110100010111111001100111000000> :  0.9070271E-02  0.7800000E-02          78
|100110010101011001100111000110> :  0.8402114E-02  0.7800000E-02          78
|001001111011100110010000111010> :  0.8960221E-02  0.7600000E-02          76
|011001101110000001011100011101> :  0.4701043E-02  0.7500000E-02          75
|110011000100011001101111000101> :  0.8078672E-02  0.7500000E-02          75
|000110010001111110100011110010> :  0.7198925E-02  0.7300000E-02          73
|110100000111111001100111000001> :  0.7701299E-02  0.7200000E-02          72
|001001101010000110011000111111> :  0.6352639E-02  0.7000000E-02          70
|011001101010100110011000111001> :  0.8402114E-02  0.6800000E-02          68
|110110010101111001100111000000> :  0.6352639E-02  0.6700000E-02          67
|001011111000100110011000111010> :  0.5972924E-02  0.6700000E-02          67
|110100000111011001100111000101> :  0.5972924E-02  0.6300000E-02          63
|001011111000000110011000111110> :  0.7701299E-02  0.6300000E-02          63
|001011101000100110011000111011> :  0.6163542E-02  0.6200000E-02          62
|111001101110000001011100001101> :  0.7198925E-02  0.6100000E-02          61
|110001000110011001101111000101> :  0.6152293E-02  0.6100000E-02          61
|110100000110011001101111000101> :  0.6164854E-02  0.5800000E-02          58
|001110111001100110010000111010> :  0.6152293E-02  0.5700000E-02          57
|001011111001100110010000111010> :  0.6164854E-02  0.5500000E-02          55
|100110010100011001101111000110> :  0.5473328E-02  0.5400000E-02          54
|110100010111011001100111000100> :  0.6163542E-02  0.5400000E-02          54
|011001101110100100011000111001> :  0.4756696E-02  0.5200000E-02          52
|100110010001111110100011100010> :  0.4701043E-02  0.5000000E-02          50
|011001101011100110010000111001> :  0.5473328E-02  0.5000000E-02          50
|100110010001111010100011100010> :  0.3289743E-02  0.4400000E-02          44
|111001101110000001111100001101> :  0.4475045E-02  0.4400000E-02          44
|100110010001011011100111000110> :  0.4756696E-02  0.4400000E-02          44
|110100010111111001110011000000> :  0.4134210E-02  0.4300000E-02          43
|000110010011111110100011100010> :  0.3505495E-02  0.4100000E-02          41
|000110010001111110000011110010> :  0.4475045E-02  0.4100000E-02          41
|000110010000111110101011100010> :  0.3875785E-02  0.4000000E-02          40
|001011101000000110001100111111> :  0.4134210E-02  0.4000000E-02          40
|111001101110100001011000011101> :  0.3405657E-02  0.3900000E-02          39
|100110010001111011100111000010> :  0.3327532E-02  0.3800000E-02          38
|111001101100000001011100011101> :  0.3505495E-02  0.3700000E-02          37
|000011010100011001001110011110> :  0.2629523E-02  0.3700000E-02          37
|000110010001011110100111100010> :  0.3405657E-02  0.3600000E-02          36
|111001101111000001010100011101> :  0.3875785E-02  0.3400000E-02          34
|000110010001111110110011100010> :  0.3265470E-02  0.3300000E-02          33
|011001101110000100011000111101> :  0.3327532E-02  0.3200000E-02          32
|001100101011100110010000111011> :  0.3427558E-02  0.3200000E-02          32
|011001101010000110011000111101> :  0.3215077E-02  0.3200000E-02          32
|011001101111100100010000111001> :  0.2686228E-02  0.3100000E-02          31
|001011101100000110001100011111> :  0.2638132E-02  0.3000000E-02          30
|011001101110000101011100011101> :  0.3289743E-02  0.3000000E-02          30
|100100010011111110110011100010> :  0.2622908E-02  0.3000000E-02          30
|111001101110000001001100011101> :  0.3265470E-02  0.3000000E-02          30
|100110010101111001100111000010> :  0.3215077E-02  0.3000000E-02          30
|011011101100000001001100011101> :  0.2622908E-02  0.2900000E-02          29
|110100010011111001110011100000> :  0.2638132E-02  0.2900000E-02          29
|001011111000000110001100111110> :  0.2452971E-02  0.2800000E-02          28
|100110010001011010100111100110> :  0.1912515E-02  0.2800000E-02          28
|111100101011100110110001100001> :  0.2629523E-02  0.2800000E-02          28
|110011010100011001101111000100> :  0.3427558E-02  0.2700000E-02          27
|001011111100000110001100011110> :  0.2382446E-02  0.2700000E-02          27
|001011111000110110001000110010> :  0.2279521E-02  0.2600000E-02          26
|110100000111001001110111001101> :  0.2279521E-02  0.2600000E-02          26
|110100000011110110110011100001> :  0.2115638E-02  0.2600000E-02          26
|100110010000011011101111000110> :  0.2686228E-02  0.2500000E-02          25
|011001101110100101011000011001> :  0.1912515E-02  0.2500000E-02          25
|000110010001111110100111000010> :  0.2001361E-02  0.2400000E-02          24
|110100000111111001110011000001> :  0.2452971E-02  0.2400000E-02          24
|110100100111001001110110001101> :  0.1749844E-02  0.2200000E-02          22
|110100000011111001110011100001> :  0.2382446E-02  0.2100000E-02          21
|111100001011110110110001100001> :  0.1500301E-02  0.2100000E-02          21
|001011111100001001001100011110> :  0.2115638E-02  0.2000000E-02          20
|111001001110110001011001000101> :  0.1796403E-02  0.2000000E-02          20
|000110111001101110010000111010> :  0.2116632E-02  0.2000000E-02          20
|000100111011101110010000111010> :  0.2545889E-02  0.2000000E-02          20
|111001101110000001011000111101> :  0.2001361E-02  0.2000000E-02          20
|000011110100001001001110011110> :  0.1500301E-02  0.1900000E-02          19
|111011000100010001101111000101> :  0.2545889E-02  0.1800000E-02          18
|101011101100000001001100011101> :  0.1452995E-02  0.1800000E-02          18
|111001000110010001101111000101> :  0.2116632E-02  0.1800000E-02          18
|110100010111001001110111001100> :  0.1406177E-02  0.1700000E-02          17
|010100010011111110110011100010> :  0.1452995E-02  0.1700000E-02          17
|001011011000110110001001110010> :  0.1749844E-02  0.1600000E-02          16
|001011101000110110001000110011> :  0.1406177E-02  0.1600000E-02          16
|110001000110001001111111001101> :  0.9639989E-03  0.1500000E-02          15
|100110010000011010101111100110> :  0.1391583E-02  0.1500000E-02          15
|111000101111000001110100001101> :  0.1604179E-02  0.1500000E-02          15
|000110010001011110100110111010> :  0.1291984E-02  0.1500000E-02          15
|000110110001001110100110111010> :  0.1796403E-02  0.1500000E-02          15
|001011111001110110000000110010> :  0.1280223E-02  0.1400000E-02          14
|000111010000111110001011110010> :  0.1604179E-02  0.1400000E-02          14
|110100000110001001111111001101> :  0.1280223E-02  0.1300000E-02          13
|111001101111100001010001000001> :  0.8050359E-03  0.1300000E-02          13
|011001101111100101010000011001> :  0.1391583E-02  0.1300000E-02          13
|111100101011100110110000101001> :  0.1122308E-02  0.1300000E-02          13
|001110011001110110000001110010> :  0.9390827E-03  0.1200000E-02          12
|110100010011101110110011100000> :  0.8708493E-03  0.1200000E-02          12
|000011010100011001001111010110> :  0.1122308E-02  0.1100000E-02          11
|000110010000011110101110111110> :  0.8050359E-03  0.1000000E-02          10
|110001100110001001111110001101> :  0.9390827E-03  0.1000000E-02          10
|011001101110000001011100011111> :  0.5308600E-03  0.1000000E-02          10
|111001100110000001011100011101> :  0.6421467E-03  0.1000000E-02          10
|000110010001101110110011100010> :  0.9098487E-03  0.1000000E-02          10
|001011111100010001001100011110> :  0.8875300E-03  0.1000000E-02          10
|001110111001110110000000110010> :  0.9639989E-03  0.1000000E-02          10
|000110110001101110111010111010> :  0.1001576E-02  0.1000000E-02          10
|110100110111001001110110001100> :  0.9015551E-03  0.1000000E-02          10
|111001101110100001011001000101> :  0.1291984E-02  0.1000000E-02          10
|111000101111100001110001000001> :  0.7635995E-03  0.1000000E-02          10
|000110011001111110100011100010> :  0.6421467E-03  0.1000000E-02          10
|000111010000011110001110111110> :  0.7635995E-03  0.9000000E-03           9
|111011011100010001001101000101> :  0.5267639E-03  0.9000000E-03           9
|001011011001110110000001110010> :  0.1010431E-02  0.9000000E-03           9
|101011001100010001001101000101> :  0.7331551E-03  0.9000000E-03           9
|111000001111110001100101000001> :  0.7492492E-03  0.9000000E-03           9
|001011101100010001001100011111> :  0.8708493E-03  0.8000000E-03           8
|101011001000110010001001100101> :  0.3736266E-03  0.8000000E-03           8
|000100110011101110010010111010> :  0.2685542E-03  0.8000000E-03           8
|111001101110000001011101001101> :  0.7427446E-03  0.8000000E-03           8
|000111110000001110011010111110> :  0.7492492E-03  0.8000000E-03           8
|111001001111110001000101000001> :  0.2630966E-03  0.8000000E-03           8
|010100110011101110110010111010> :  0.7331551E-03  0.8000000E-03           8
|000110110001001110110010111010> :  0.8929966E-03  0.8000000E-03           8
|001110010001111110100011100010> :  0.5448366E-03  0.8000000E-03           8
|000110010001111110101011110010> :  0.6471157E-03  0.7000000E-03           7
|110100100011101110110010101001> :  0.6017324E-03  0.7000000E-03           7
|001011001000110110001001110011> :  0.9015551E-03  0.7000000E-03           7
|000111110000001110001110111110> :  0.1305107E-02  0.7000000E-03           7
|000110010001111110100010110010> :  0.7427446E-03  0.7000000E-03           7
|111001111100000001011100011101> :  0.9461358E-03  0.7000000E-03           7
|000111111000001110001100111110> :  0.6226036E-03  0.7000000E-03           7
|111001100110000001111100001101> :  0.9188307E-03  0.7000000E-03           7
|111001001110010001000101000101> :  0.1001576E-02  0.7000000E-03           7
|000110110001101110100010111010> :  0.6137330E-03  0.7000000E-03           7
|001011011100010001001101010110> :  0.6017324E-03  0.6000000E-03           6
|000110010001111110100010111010> :  0.4874116E-03  0.6000000E-03           6
|001011001100010001001101010111> :  0.4019669E-03  0.6000000E-03           6
|000110010001111110110011110010> :  0.3686789E-03  0.6000000E-03           6
|111000000111010001100111000101> :  0.2898554E-03  0.6000000E-03           6
|000111111000001110011000111110> :  0.5245717E-03  0.6000000E-03           6
|000111010001111110000011110010> :  0.2785010E-03  0.6000000E-03           6
|011001101110000101011000011101> :  0.2433254E-03  0.6000000E-03           6
|001011111001100110000000111010> :  0.2781159E-03  0.6000000E-03           6
|111000000111110001110011000001> :  0.6226036E-03  0.6000000E-03           6
|010100100011101110110010111001> :  0.3332821E-03  0.6000000E-03           6
|110100100110001001111110001101> :  0.1010431E-02  0.6000000E-03           6
|110100110011101110110010101000> :  0.4019669E-03  0.6000000E-03           6
|011001101110100100011000110001> :  0.1917286E-03  0.6000000E-03           6
|111001001110110001001101000101> :  0.8929966E-03  0.6000000E-03           6
|111000001111110001110001000001> :  0.1305107E-02  0.6000000E-03           6
|111000000111110001100111000001> :  0.5245717E-03  0.6000000E-03           6
|000110010001111110100001100010> :  0.3155210E-03  0.5000000E-03           5
|100110000001111110101011100001> :  0.2465771E-03  0.5000000E-03           5
|000110010001111110100111110010> :  0.5221381E-03  0.5000000E-03           5
|111001101111100001010000011001> :  0.3728285E-03  0.5000000E-03           5
|111001101110000001011101000101> :  0.4874116E-03  0.5000000E-03           5
|111001101110000001010100001101> :  0.6471157E-03  0.5000000E-03           5
|111001101110000001011000001101> :  0.5221381E-03  0.5000000E-03           5
|111001001111110001010001000001> :  0.7444299E-03  0.5000000E-03           5
|111001001010110110011001100001> :  0.1366117E-03  0.5000000E-03           5
|110100000111011001110111000101> :  0.4174901E-03  0.5000000E-03           5
|010100110111101101110010011010> :  0.2197684E-03  0.5000000E-03           5
|111001000110000001111111001101> :  0.3658955E-03  0.5000000E-03           5
|110100000110011001101111001101> :  0.1221545E-03  0.5000000E-03           5
|000110110000001110101110111110> :  0.7444299E-03  0.5000000E-03           5
|000100010011101110110011100010> :  0.2231505E-03  0.5000000E-03           5
|000100100011101110110010111010> :  0.5267639E-03  0.5000000E-03           5
|100110010100011001101111001110> :  0.2500920E-03  0.4000000E-03           4
|011001101110000001011000011101> :  0.4090760E-03  0.4000000E-03           4
|100110010001111110100011100000> :  0.5308600E-03  0.4000000E-03           4
|100110010001111011100011100010> :  0.1571885E-03  0.4000000E-03           4
|101011001100010011001101000101> :  0.4045086E-03  0.4000000E-03           4
|100110010001111010100111100010> :  0.2433254E-03  0.4000000E-03           4
|101011001000110110001001100001> :  0.3171966E-03  0.4000000E-03           4
|011001101111000101010100011001> :  0.3481530E-03  0.4000000E-03           4
|000111111000101110011000111010> :  0.2898554E-03  0.4000000E-03           4
|111001101110001001011100011101> :  0.4457116E-03  0.4000000E-03           4
|001011111100000001000100011110> :  0.3528425E-03  0.4000000E-03           4
|111001001111110100010001100001> :  0.1215304E-03  0.4000000E-03           4
|000110110001001110100110011010> :  0.2296095E-03  0.4000000E-03           4
|111001001110010001011101000101> :  0.6137330E-03  0.4000000E-03           4
|111000001111010001100101000101> :  0.3132671E-03  0.4000000E-03           4
|110100010011001001110011101100> :  0.6999520E-04  0.4000000E-03           4
|000110110000001110111010111110> :  0.2630966E-03  0.4000000E-03           4
|000110010000011110101111100110> :  0.3728285E-03  0.4000000E-03           4
|110100000011111110111011100001> :  0.3528425E-03  0.4000000E-03           4
|111001101110000001011100011001> :  0.2802817E-03  0.4000000E-03           4
|110100000011101110110011100001> :  0.8875300E-03  0.4000000E-03           4
|011001101110000001010100011101> :  0.3241804E-03  0.4000000E-03           4
|111001101110010001001100011101> :  0.9098487E-03  0.4000000E-03           4
|111001101111000001010100001101> :  0.1586447E-03  0.4000000E-03           4
|001011111000100110001000111010> :  0.4174901E-03  0.4000000E-03           4
|000110000011111110100011100010> :  0.9461358E-03  0.4000000E-03           4
|000110010001110110100011100010> :  0.4457116E-03  0.4000000E-03           4
|111011111100000001001100011101> :  0.6564249E-03  0.4000000E-03           4
|100110010001111110101011100010> :  0.3241804E-03  0.3000000E-03           3
|100110000000111010101011100101> :  0.2182899E-03  0.3000000E-03           3
|100011010100011001101111000110> :  0.1785025E-03  0.3000000E-03           3
|011011101100010001001100011101> :  0.6739993E-04  0.3000000E-03           3
|000100000011111110110011100010> :  0.6564249E-03  0.3000000E-03           3
|000100110011101110110000111010> :  0.1596785E-03  0.3000000E-03           3
|100011010100011001101111001110> :  0.1707944E-03  0.3000000E-03           3
|000110010001111110100011100011> :  0.1430182E-03  0.3000000E-03           3
|100110000011111110100011100001> :  0.2715465E-03  0.3000000E-03           3
|100110010000111010101011100110> :  0.3481530E-03  0.3000000E-03           3
|101011001000010010001101100101> :  0.2197684E-03  0.3000000E-03           3
|000111110000101110011010111010> :  0.3132671E-03  0.3000000E-03           3
|111001101110000001011110011101> :  0.3155210E-03  0.3000000E-03           3
|111001101110000001011000101101> :  0.1210164E-03  0.3000000E-03           3
|110011010100111001101111000100> :  0.5192647E-04  0.3000000E-03           3
|001011111100000101001100011110> :  0.9020947E-04  0.3000000E-03           3
|000100010011111110110011110010> :  0.3809309E-04  0.3000000E-03           3
|111001001110110001011001000001> :  0.3479896E-04  0.3000000E-03           3
|000110110101001001100110011110> :  0.1366117E-03  0.3000000E-03           3
|110100010011111010110011100000> :  0.1085361E-03  0.3000000E-03           3
|110100100011001001110010101101> :  0.1739486E-03  0.3000000E-03           3
|000110110001101110110010101010> :  0.1058777E-03  0.3000000E-03           3
|111000101110000001111100001101> :  0.2785010E-03  0.3000000E-03           3
|110100010111011001100111001100> :  0.2277655E-03  0.3000000E-03           3
|111000101111000001010100011101> :  0.1839718E-03  0.3000000E-03           3
|111001001100010001001101000101> :  0.2134613E-03  0.3000000E-03           3
|111001001110010001001111000101> :  0.2149899E-03  0.3000000E-03           3
|110100000111111001110111000001> :  0.3636831E-04  0.3000000E-03           3
|110100000111111001110011000101> :  0.1556761E-03  0.3000000E-03           3
|110100000111111001111011000001> :  0.4658366E-04  0.3000000E-03           3
|001011111101000101000100011010> :  0.2514251E-03  0.3000000E-03           3
|111001101010000001011100011101> :  0.1352658E-03  0.3000000E-03           3
|111001101010000001011000111101> :  0.1134804E-03  0.3000000E-03           3
|010100110111001001110110011110> :  0.3171966E-03  0.3000000E-03           3
|111001101110000001001100001101> :  0.3686789E-03  0.3000000E-03           3
|001011111100000011001100011110> :  0.2631459E-03  0.3000000E-03           3
|000110011001111110000011110010> :  0.9188307E-03  0.3000000E-03           3
|011001101110000001001100011101> :  0.3807567E-03  0.3000000E-03           3
|111001101100000001011000011101> :  0.1219488E-03  0.3000000E-03           3
|110001101110000001011100011101> :  0.5448366E-03  0.3000000E-03           3
|111011001100010001101101000101> :  0.2685542E-03  0.3000000E-03           3
|000110010011111110110011100010> :  0.2965598E-03  0.3000000E-03           3
|111101101110000001011100011101> :  0.1900031E-03  0.3000000E-03           3
|001101101010000110011000111111> :  0.5514854E-04  0.3000000E-03           3
|000110000001110110101011100011> :  0.8243922E-04  0.2000000E-03           2
|100110010001111110100111100010> :  0.4090760E-03  0.2000000E-03           2
|001011101000000010011000111111> :  0.5851335E-04  0.2000000E-03           2
|000011010100111101001111010010> :  0.2843714E-04  0.2000000E-03           2
|100110010011011010100111100110> :  0.1551515E-04  0.2000000E-03           2
|011100101011100110010000110001> :  0.1707944E-03  0.2000000E-03           2
|000110010001111110001011110010> :  0.8181274E-04  0.2000000E-03           2
|011100101011000110010000111001> :  0.6854443E-04  0.2000000E-03           2
|000100110011101110110010101010> :  0.2639454E-03  0.2000000E-03           2
|011001111111000101010100011001> :  0.7116372E-04  0.2000000E-03           2
|001011101000000010001100111111> :  0.9971143E-04  0.2000000E-03           2
|001011101000100110011000110011> :  0.2277655E-03  0.2000000E-03           2
|100110010001111110110011100010> :  0.3807567E-03  0.2000000E-03           2
|100110010101011001100111001110> :  0.1310142E-03  0.2000000E-03           2
|101011001100010001001101000111> :  0.1110458E-03  0.2000000E-03           2
|101011011100010001001101000110> :  0.3332821E-03  0.2000000E-03           2
|001011101100000110001100011011> :  0.4547245E-04  0.2000000E-03           2
|001011101100010001001100010111> :  0.6112800E-04  0.2000000E-03           2
|101011101100010001001100011101> :  0.1191360E-03  0.2000000E-03           2
|000010010001111110100011100010> :  0.1900031E-03  0.2000000E-03           2
|001011111000000010001100111110> :  0.3204829E-04  0.2000000E-03           2
|111001101110100001011000011001> :  0.1408845E-03  0.2000000E-03           2
|111001101110000001111000001101> :  0.5274023E-04  0.2000000E-03           2
|011001101011100110010000110001> :  0.2500920E-03  0.2000000E-03           2
|011001101011000110010000111001> :  0.3356158E-04  0.2000000E-03           2
|000110010001011110101110111010> :  0.9970752E-04  0.2000000E-03           2
|000111010000111110001111110010> :  0.2353742E-04  0.2000000E-03           2
|000011010100011001101111000110> :  0.1251922E-03  0.2000000E-03           2
|111001001110110100011001100001> :  0.1263748E-03  0.2000000E-03           2
|000110010001011110100110111110> :  0.6781820E-04  0.2000000E-03           2
|110110010101011001100111001100> :  0.1253724E-03  0.2000000E-03           2
|110100100011001010110010101101> :  0.9959786E-04  0.2000000E-03           2
|000110010001011110100011100010> :  0.5841304E-04  0.2000000E-03           2
|000110110011101110110010111010> :  0.2134613E-03  0.2000000E-03           2
|110100010011111110110011100010> :  0.4069728E-04  0.2000000E-03           2
|110100010011111010110011100100> :  0.7163562E-04  0.2000000E-03           2
|010100010111111101100111000010> :  0.1002617E-03  0.2000000E-03           2
|111001001110110001010001000101> :  0.9439801E-04  0.2000000E-03           2
|001100001011110110010001110011> :  0.1108653E-03  0.2000000E-03           2
|001011111101110101000100010010> :  0.3974435E-04  0.2000000E-03           2
|001011111101000110000100011010> :  0.3041939E-03  0.2000000E-03           2
|000110110000101110111010111010> :  0.4131070E-04  0.2000000E-03           2
|001011111100110101001100010010> :  0.9999978E-04  0.2000000E-03           2
|001011111100010110001100011110> :  0.1494206E-03  0.2000000E-03           2
|000110010001011110100111101010> :  0.2996986E-04  0.2000000E-03           2
|001100101011100110010000110011> :  0.1318209E-03  0.2000000E-03           2
|110100000110011001111111000101> :  0.2781159E-03  0.2000000E-03           2
|000011010101111101000111010010> :  0.1767276E-04  0.2000000E-03           2
|111001101010100110011001100001> :  0.9350963E-04  0.2000000E-03           2
|111001000110010001111111000101> :  0.5035448E-04  0.2000000E-03           2
|001011111100000110001100011010> :  0.1256585E-03  0.2000000E-03           2
|110100000011111100110011100001> :  0.2631459E-03  0.2000000E-03           2
|001011111100000101001100011010> :  0.1227543E-03  0.2000000E-03           2
|000111010000111110101011100010> :  0.1839718E-03  0.2000000E-03           2
|001011111100000001001100011111> :  0.1498930E-03  0.2000000E-03           2
|110100000010111010111011100101> :  0.2514251E-03  0.2000000E-03           2
|110100000010001010111011101101> :  0.3974435E-04  0.2000000E-03           2
|110011110100001001001110011100> :  0.6908178E-04  0.2000000E-03           2
|110011010100011001101111001100> :  0.1318209E-03  0.2000000E-03           2
|001011111001000110000100111010> :  0.2372800E-03  0.2000000E-03           2
|111001101110100001011001100101> :  0.2165871E-03  0.2000000E-03           2
|011001101110000001010100011111> :  0.1580151E-04  0.2000000E-03           2
|110010010101111001100111000000> :  0.5514854E-04  0.2000000E-03           2
|111001101111000001010100011001> :  0.1794480E-03  0.2000000E-03           2
|001011111000100110011000110010> :  0.2596941E-03  0.2000000E-03           2
|110001100110001001011110011101> :  0.9760562E-04  0.2000000E-03           2
|001001101010100110011000110011> :  0.1253724E-03  0.2000000E-03           2
|000110010001110110100011100011> :  0.6507947E-04  0.2000000E-03           2
|000100110011001110110010111110> :  0.7079146E-04  0.2000000E-03           2
|000011111100001001001100011110> :  0.7305284E-04  0.2000000E-03           2
|111011001100010001001111000101> :  0.1596785E-03  0.2000000E-03           2
|111011001100010001001101010101> :  0.2639454E-03  0.2000000E-03           2
|111011101100010001001100011101> :  0.2231505E-03  0.2000000E-03           2
|111011101100000001101100001101> :  0.8509849E-04  0.2000000E-03           2
|101111101000000011001100011101> :  0.7804309E-05  0.2000000E-03           2
|011001111110000001010100011110> :  0.2465771E-03  0.2000000E-03           2
|011001111100001001011100011110> :  0.6419091E-04  0.2000000E-03           2
|000011010100111110001111010010> :  0.7531755E-04  0.2000000E-03           2
|101011111100000001001100011110> :  0.6272123E-04  0.2000000E-03           2
|011001101110000001011100011110> :  0.1401417E-03  0.2000000E-03           2
|101011101100000011101100001101> :  0.3556866E-05  0.1000000E-03           1
|001011101100000110001110011101> :  0.3592494E-07  0.1000000E-03           1
|000110010011111110100111100010> :  0.1219488E-03  0.1000000E-03           1
|101011101000000011001100001101> :  0.9270108E-06  0.1000000E-03           1
|101011101000000010001100111101> :  0.9140669E-04  0.1000000E-03           1
|000110010011111110100011110010> :  0.5604934E-04  0.1000000E-03           1
|001011101100000101001100011011> :  0.7163562E-04  0.1000000E-03           1
|101011011000010010001101100110> :  0.2871472E-05  0.1000000E-03           1
|001011101100000011111100011011> :  0.1402716E-08  0.1000000E-03           1
|001011101100000011001100011101> :  0.2409933E-05  0.1000000E-03           1
|101011001100010001001100011101> :  0.5841964E-05  0.1000000E-03           1
|000110010011111110100010110010> :  0.1391329E-04  0.1000000E-03           1
|000110000001011110101110111010> :  0.2723107E-05  0.1000000E-03           1
|000100010001111110111011100010> :  0.2295452E-05  0.1000000E-03           1
|001011101100000001001100011101> :  0.4069728E-04  0.1000000E-03           1
|101001101010000011011100011111> :  0.2347830E-05  0.1000000E-03           1
|001011101100000001001100010111> :  0.2766002E-05  0.1000000E-03           1
|001011101100000000001100011111> :  0.1839841E-05  0.1000000E-03           1
|100110110100001001101110001110> :  0.1159323E-03  0.1000000E-03           1
|001011101011110110000000110011> :  0.9659537E-05  0.1000000E-03           1
|000110000000111110100011100010> :  0.1810353E-05  0.1000000E-03           1
|001011101010100100011000111001> :  0.1360198E-05  0.1000000E-03           1
|001011101010000110000100111111> :  0.3859620E-06  0.1000000E-03           1
|000110010001111110110010110010> :  0.3297017E-04  0.1000000E-03           1
|001011101001110110001000110111> :  0.1839002E-07  0.1000000E-03           1
|100110010100011100101111000110> :  0.1458982E-06  0.1000000E-03           1
|000110010001111110110001100010> :  0.6749576E-05  0.1000000E-03           1
|000101110010101110010010111010> :  0.5523432E-05  0.1000000E-03           1
|000100010001111110110011100010> :  0.8150375E-04  0.1000000E-03           1
|000011010100111101101111000010> :  0.2295793E-04  0.1000000E-03           1
|100110010011111110100011100010> :  0.9094068E-04  0.1000000E-03           1
|000110010001111110101111100010> :  0.7385620E-04  0.1000000E-03           1
|001011101000100110001000111011> :  0.1751262E-03  0.1000000E-03           1
|001011101000100110001000101011> :  0.4904374E-07  0.1000000E-03           1
|000101110010001110010010111110> :  0.1037111E-04  0.1000000E-03           1
|001011101000100011011000011011> :  0.5012981E-06  0.1000000E-03           1
|100110010001111110100001100010> :  0.6074158E-05  0.1000000E-03           1
|001011101000000110011000111101> :  0.3570252E-04  0.1000000E-03           1
|100110010001111010101011110010> :  0.3648659E-06  0.1000000E-03           1
|000101101010101110011000111010> :  0.2380437E-04  0.1000000E-03           1
|000100010001111110100011100010> :  0.1963897E-04  0.1000000E-03           1
|001011101000000110001100011011> :  0.1748012E-06  0.1000000E-03           1
|100110010001111010100011100110> :  0.1191858E-03  0.1000000E-03           1
|100110010001101010100011100110> :  0.6500393E-07  0.1000000E-03           1
|001011011101110101000101010010> :  0.3970461E-04  0.1000000E-03           1
|000110010001111110100111010010> :  0.1210164E-03  0.1000000E-03           1
|000101010001111110110011100010> :  0.6806793E-06  0.1000000E-03           1
|001011011100110110001101010010> :  0.1739486E-03  0.1000000E-03           1
|100110010000111011001011000010> :  0.4348719E-08  0.1000000E-03           1
|001011011100110101001101010010> :  0.9959786E-04  0.1000000E-03           1
|100110010000111010101111100110> :  0.2480401E-05  0.1000000E-03           1
|001011011100010110001101010110> :  0.8029368E-04  0.1000000E-03           1
|100110010000011011101111001110> :  0.1527432E-03  0.1000000E-03           1
|000100001011110110110011100011> :  0.1260555E-04  0.1000000E-03           1
|000011010100011001000110011110> :  0.7636959E-05  0.1000000E-03           1
|001011011100010001001100011110> :  0.9552106E-04  0.1000000E-03           1
|100110001100010001101111000110> :  0.3391993E-07  0.1000000E-03           1
|000110010001111110100011101010> :  0.1358034E-03  0.1000000E-03           1
|100110000011110110100011100001> :  0.6419091E-04  0.1000000E-03           1
|100110000001111010101011100001> :  0.5322597E-04  0.1000000E-03           1
|001011011000000110001101111110> :  0.7561151E-07  0.1000000E-03           1
|001011001100110101001101010011> :  0.7900207E-04  0.1000000E-03           1
|100100010110011001111111000100> :  0.5535225E-06  0.1000000E-03           1
|001011001100010110001101010111> :  0.5436012E-04  0.1000000E-03           1
|100100010011111010110011100110> :  0.4138022E-04  0.1000000E-03           1
|100100000111111011100111000011> :  0.9434932E-06  0.1000000E-03           1
|001011001100010001001100011111> :  0.5796355E-04  0.1000000E-03           1
|000110010001111110100011100000> :  0.7303961E-04  0.1000000E-03           1
|000100000011111110110011100011> :  0.5488248E-04  0.1000000E-03           1
|001011001011110110000001110011> :  0.2167599E-04  0.1000000E-03           1
|100011010100011001001111000110> :  0.1474262E-03  0.1000000E-03           1
|001011001000010110001101110111> :  0.1147509E-04  0.1000000E-03           1
|011100101011100110110000111001> :  0.1474262E-03  0.1000000E-03           1
|001010010101111110100011100010> :  0.1056616E-04  0.1000000E-03           1
|000100110011101110110001110010> :  0.8971460E-07  0.1000000E-03           1
|001010010001111110100001100010> :  0.8554762E-05  0.1000000E-03           1
|011011111100000001001100011101> :  0.5081452E-04  0.1000000E-03           1
|001010001111100100000001110011> :  0.1019008E-09  0.1000000E-03           1
|011011101100000101001100011001> :  0.4138022E-04  0.1000000E-03           1
|001001111111100110010000111010> :  0.5043094E-04  0.1000000E-03           1
|011011001100110101001101010001> :  0.3876096E-04  0.1000000E-03           1
|001001111100010001011000011110> :  0.8641275E-06  0.1000000E-03           1
|000011010100111001001010111110> :  0.1681842E-06  0.1000000E-03           1
|011100001011110110010001110001> :  0.5863016E-04  0.1000000E-03           1
|011001111111110100010000110010> :  0.4538225E-06  0.1000000E-03           1
|111111101110010000000100010101> :  0.1138284E-09  0.1000000E-03           1
|011001111111101100010000111010> :  0.2246172E-04  0.1000000E-03           1
|011100111011100100010000111010> :  0.6204242E-05  0.1000000E-03           1
|011101101010100110011000111011> :  0.1271290E-06  0.1000000E-03           1
|100010010101111001100111000010> :  0.9577957E-04  0.1000000E-03           1
|011001111111100101010000011010> :  0.1655031E-03  0.1000000E-03           1
|111101001110110001011101000001> :  0.1662086E-08  0.1000000E-03           1
|011001111111100100010000111001> :  0.4614630E-04  0.1000000E-03           1
|100100000011111110110011100001> :  0.3247213E-04  0.1000000E-03           1
|001001111011100110010000110010> :  0.4340091E-04  0.1000000E-03           1
|100100010011001010110011101110> :  0.3713379E-04  0.1000000E-03           1
|011001111111000101010100011010> :  0.2182899E-03  0.1000000E-03           1
|001001111000100110011000111010> :  0.3322049E-04  0.1000000E-03           1
|011001111110000101010100011110> :  0.5322597E-04  0.1000000E-03           1
|100100010111011000100111000010> :  0.3825193E-08  0.1000000E-03           1
|100100100011101110110000101010> :  0.2670792E-07  0.1000000E-03           1
|100101001010010011001101000101> :  0.4069976E-07  0.1000000E-03           1
|111100101011000010110000101101> :  0.2843714E-04  0.1000000E-03           1
|111100101011000001110000101101> :  0.7531755E-04  0.1000000E-03           1
|001001111000000110011000111110> :  0.2648322E-04  0.1000000E-03           1
|000110010001111110000011100010> :  0.8780015E-04  0.1000000E-03           1
|011001111110000001010000011110> :  0.8855658E-05  0.1000000E-03           1
|111100010011111110110011100000> :  0.1193374E-05  0.1000000E-03           1
|100110010000001011101111001110> :  0.3324887E-05  0.1000000E-03           1
|001001101111100110010100011111> :  0.2252539E-07  0.1000000E-03           1
|011001110111101100110010111000> :  0.9636558E-07  0.1000000E-03           1
|011001101111100101010000011011> :  0.5424479E-04  0.1000000E-03           1
|001001101110110110001101010111> :  0.1669525E-07  0.1000000E-03           1
|000110010001111110000010110010> :  0.4525699E-04  0.1000000E-03           1
|111011111100000001001100001100> :  0.1276210E-04  0.1000000E-03           1
|011001101111100100010001110001> :  0.1928737E-04  0.1000000E-03           1
|100110010001011010101111100110> :  0.7239678E-05  0.1000000E-03           1
|001001101110000001011100011111> :  0.2325442E-04  0.1000000E-03           1
|100110010001011011100111001110> :  0.1917286E-03  0.1000000E-03           1
|100110010001011110100111100010> :  0.9700226E-04  0.1000000E-03           1
|111011101100110011001000010101> :  0.3567894E-07  0.1000000E-03           1
|111011101100010001001100010101> :  0.1045631E-03  0.1000000E-03           1
|011001101111100100010000110001> :  0.1527432E-03  0.1000000E-03           1
|000110010001111100100011100010> :  0.7604863E-04  0.1000000E-03           1
|100110010001111010101011100110> :  0.2326813E-05  0.1000000E-03           1
|100110010001111010101011110000> :  0.7734370E-06  0.1000000E-03           1
|000100110011100110110010111010> :  0.3929239E-05  0.1000000E-03           1
|000100000011011011100111000101> :  0.3877275E-07  0.1000000E-03           1
|011001101111000110010100011101> :  0.2380605E-07  0.1000000E-03           1
|100110010001111110000011100110> :  0.6538633E-07  0.1000000E-03           1
|011001101111000101010100011011> :  0.5546161E-04  0.1000000E-03           1
|001001101011100110010000110011> :  0.1759948E-03  0.1000000E-03           1
|100110010001111110100011100001> :  0.1401417E-03  0.1000000E-03           1
|111011001100110001001001000101> :  0.2541662E-04  0.1000000E-03           1
|011001101111000101000100011001> :  0.1264411E-04  0.1000000E-03           1
|001001101011100110001100111010> :  0.3975669E-08  0.1000000E-03           1
|000110010001111001100011000010> :  0.1192091E-04  0.1000000E-03           1
|011001101111000001010100011101> :  0.4938454E-04  0.1000000E-03           1
|111011001100010001001001000101> :  0.4544398E-05  0.1000000E-03           1
|100110010100001001101111001110> :  0.1032251E-04  0.1000000E-03           1
|001001101011010110010100110011> :  0.3685971E-06  0.1000000E-03           1
|011001101110100101011000010001> :  0.7141176E-04  0.1000000E-03           1
|111010111101100001111000001001> :  0.3311044E-07  0.1000000E-03           1
|100110010101011001100111000100> :  0.1784825E-04  0.1000000E-03           1
|111010101100000001001100011101> :  0.1956396E-04  0.1000000E-03           1
|011001101110100101010000011001> :  0.7239678E-05  0.1000000E-03           1
|001001101011010110000100010011> :  0.9644978E-07  0.1000000E-03           1
|100110010101111001110111001010> :  0.2250482E-06  0.1000000E-03           1
|100110110000001011101110001110> :  0.4816910E-04  0.1000000E-03           1
|100110110001001011100110001110> :  0.7226181E-04  0.1000000E-03           1
|111010010011111110100011100000> :  0.1896646E-08  0.1000000E-03           1
|101001000010010010111011100101> :  0.2490369E-08  0.1000000E-03           1
|101001101000000010001100111111> :  0.8795969E-07  0.1000000E-03           1
|101001101010000010011000111101> :  0.4435568E-05  0.1000000E-03           1
|111010001101110001101101000001> :  0.1037111E-04  0.1000000E-03           1
|111010000101010001101111000101> :  0.5401043E-05  0.1000000E-03           1
|011001101110001001011100011110> :  0.5290873E-04  0.1000000E-03           1
|111001111110000001010100001101> :  0.2525409E-04  0.1000000E-03           1
|111001111100001001011100011100> :  0.1535305E-03  0.1000000E-03           1
|011001101110000101011100011111> :  0.3409770E-04  0.1000000E-03           1
|011001101110000101011100011110> :  0.6056980E-05  0.1000000E-03           1
|101011001100010010001101000101> :  0.2809555E-04  0.1000000E-03           1
|111001111100000001011100001101> :  0.4055529E-04  0.1000000E-03           1
|001001101010100110010000111011> :  0.3256464E-04  0.1000000E-03           1
|101011011100000001001111101110> :  0.5736729E-09  0.1000000E-03           1
|101011011100010001001101000101> :  0.1699812E-04  0.1000000E-03           1
|111001111010010010000100111101> :  0.3604725E-08  0.1000000E-03           1
|111001101111110001010001000001> :  0.2068102E-05  0.1000000E-03           1
|011001101110000101011100001110> :  0.1094663E-05  0.1000000E-03           1
|101011101000100110001100010001> :  0.6880665E-08  0.1000000E-03           1
|000110010001101110110111100010> :  0.9799609E-05  0.1000000E-03           1
|101011101100000011001100001101> :  0.9199991E-05  0.1000000E-03           1
|000100100011101110111010111010> :  0.4795768E-04  0.1000000E-03           1
|000011010100011110001111010110> :  0.4911267E-04  0.1000000E-03           1
|000011010000111110001011110010> :  0.9979761E-04  0.1000000E-03           1
|011001101110000100011100011101> :  0.1571885E-03  0.1000000E-03           1
|111001101111000001011100011101> :  0.8672058E-04  0.1000000E-03           1
|001001011110110011011001010110> :  0.7115548E-09  0.1000000E-03           1
|011001101110000001111101001101> :  0.5426938E-05  0.1000000E-03           1
|111001101110110001011100010101> :  0.8237019E-05  0.1000000E-03           1
|111001101110100100011001100001> :  0.9209830E-04  0.1000000E-03           1
|000110010001101110110011101010> :  0.3759110E-04  0.1000000E-03           1
|111001101110100001011100011101> :  0.5841304E-04  0.1000000E-03           1
|111001101110100001011000111101> :  0.7215560E-04  0.1000000E-03           1
|011001101110000001011100001110> :  0.1584811E-05  0.1000000E-03           1
|111001101110100001011000010001> :  0.2499250E-04  0.1000000E-03           1
|111001101110100001010001000101> :  0.9970752E-04  0.1000000E-03           1
|111001101110010001001100010101> :  0.3759110E-04  0.1000000E-03           1
|111001101110001001011100011100> :  0.6507947E-04  0.1000000E-03           1
|111001101110000011011100011101> :  0.7604863E-04  0.1000000E-03           1
|111001101110000001111101001101> :  0.4525699E-04  0.1000000E-03           1
|011001101011100110011000111001> :  0.3923151E-05  0.1000000E-03           1
|000110010001101110100110100010> :  0.2236739E-05  0.1000000E-03           1
|111001101110000001011100011100> :  0.1430182E-03  0.1000000E-03           1
|000111010001111110100011100010> :  0.1461358E-03  0.1000000E-03           1
|000110010001101110100011100010> :  0.4021802E-04  0.1000000E-03           1
|000100011011110110010011110010> :  0.4313175E-05  0.1000000E-03           1
|000011111001101110010000111010> :  0.1413430E-05  0.1000000E-03           1
|011001101010010110011001100111> :  0.5672547E-09  0.1000000E-03           1
|111001101110000001011001001101> :  0.1307132E-03  0.1000000E-03           1
|011001101010001110011000111101> :  0.8167127E-06  0.1000000E-03           1
|111001101110000001010101001101> :  0.2806403E-04  0.1000000E-03           1
|011001101010000110010000111101> :  0.8978623E-05  0.1000000E-03           1
|011001001111110100010001110001> :  0.4816910E-04  0.1000000E-03           1
|011001001110110101011001010001> :  0.5380368E-04  0.1000000E-03           1
|011001001110010001001101000101> :  0.3593322E-05  0.1000000E-03           1
|111001101100000001001100011101> :  0.2965598E-03  0.1000000E-03           1
|011001001011110110010001110001> :  0.1159323E-03  0.1000000E-03           1
|000110010001011110100111110010> :  0.4116608E-04  0.1000000E-03           1
|000100011001111110100011100010> :  0.1805405E-06  0.1000000E-03           1
|011001001010110110011001110001> :  0.1162637E-03  0.1000000E-03           1
|011000111111100100010000111010> :  0.1166956E-04  0.1000000E-03           1
|000111010000111110001011100010> :  0.1075624E-05  0.1000000E-03           1
|011000101111100101110000011001> :  0.5329899E-05  0.1000000E-03           1
|111001100111100000010001100001> :  0.2068013E-08  0.1000000E-03           1
|111001100110001001111100011101> :  0.1045660E-04  0.1000000E-03           1
|011000101111000001010100011101> :  0.4165757E-05  0.1000000E-03           1
|011000001111110110100101100001> :  0.2637707E-08  0.1000000E-03           1
|010110110011101101110010111010> :  0.1977861E-06  0.1000000E-03           1
|000111010000011011001111010110> :  0.4677643E-05  0.1000000E-03           1
|010110000100011001001111010101> :  0.6361771E-06  0.1000000E-03           1
|111001011001100100010001100001> :  0.5182262E-09  0.1000000E-03           1
|000111010000011011001110011110> :  0.3429669E-04  0.1000000E-03           1
|000110010001011110100111100110> :  0.1408845E-03  0.1000000E-03           1
|000100010111111001100111000000> :  0.9110692E-07  0.1000000E-03           1
|000011110100001110001110011010> :  0.1195563E-06  0.1000000E-03           1
|010100110111001101110110011010> :  0.3736266E-03  0.1000000E-03           1
|000111001100110110101101000011> :  0.1428842E-08  0.1000000E-03           1
|111001001110110001011001100101> :  0.2296095E-03  0.1000000E-03           1
|111001001110110001011001100001> :  0.5523098E-05  0.1000000E-03           1
|010100110011101110110010111000> :  0.1110458E-03  0.1000000E-03           1
|000110111001111110110000100010> :  0.2758683E-06  0.1000000E-03           1
|010100110011101100110010111010> :  0.4045086E-03  0.1000000E-03           1
|010100101011100100010000111001> :  0.1516200E-05  0.1000000E-03           1
|000110111001111110000000110010> :  0.3658955E-03  0.1000000E-03           1
|111001001110110001001101000001> :  0.6395102E-04  0.1000000E-03           1
|010100010111111101110011000010> :  0.9140669E-04  0.1000000E-03           1
|000110111001101110111010111010> :  0.1463247E-06  0.1000000E-03           1
|000110010001011110100111100000> :  0.1090654E-05  0.1000000E-03           1
|000100010011111111110111000010> :  0.8729833E-06  0.1000000E-03           1
|111001001110010001001101010101> :  0.1058777E-03  0.1000000E-03           1
|111001001110000001011110010101> :  0.1066172E-05  0.1000000E-03           1
|010100010011111110110011100000> :  0.1086503E-04  0.1000000E-03           1
|010100010011111110010011110010> :  0.1681270E-04  0.1000000E-03           1
|000110111001101110010000110010> :  0.3380669E-04  0.1000000E-03           1
|010100010011111100110011100010> :  0.6069993E-04  0.1000000E-03           1
|010100010011101110110011100010> :  0.1191360E-03  0.1000000E-03           1
|000110111001011110100101101010> :  0.1097839E-06  0.1000000E-03           1
|111000101111100001110001100001> :  0.9851282E-05  0.1000000E-03           1
|010100010011101100110011100010> :  0.5003749E-05  0.1000000E-03           1
|111000101111100001110000001001> :  0.2122384E-03  0.1000000E-03           1
|010100010010101111110011100000> :  0.6415090E-08  0.1000000E-03           1
|000110111001001110000100111010> :  0.6086314E-04  0.1000000E-03           1
|010100010001111110110111100010> :  0.4619290E-05  0.1000000E-03           1
|010001100111101101010010011010> :  0.5568957E-07  0.1000000E-03           1
|010001010111111101010011010010> :  0.1142649E-04  0.1000000E-03           1
|111000010111110001100111000001> :  0.1072261E-04  0.1000000E-03           1
|001111111001100110010000111011> :  0.2522665E-06  0.1000000E-03           1
|000110110100001001101110011110> :  0.1173965E-03  0.1000000E-03           1
|001111111001100110010000111010> :  0.6229730E-04  0.1000000E-03           1
|111000001111010001100101010001> :  0.7333983E-08  0.1000000E-03           1
|001111111000000110011000111110> :  0.4812181E-04  0.1000000E-03           1
|001111101000100110011000111011> :  0.2082844E-04  0.1000000E-03           1
|001111011000010110001100011110> :  0.4507324E-08  0.1000000E-03           1
|000110110001111110101011100010> :  0.1249790E-05  0.1000000E-03           1
|000110010001011011100110011110> :  0.9209830E-04  0.1000000E-03           1
|000100010011111110110011100110> :  0.3011951E-04  0.1000000E-03           1
|001111001000110110001000110011> :  0.3832661E-08  0.1000000E-03           1
|001110111011100110010000111010> :  0.1100046E-04  0.1000000E-03           1
|000110110001111110100011100010> :  0.5028542E-04  0.1000000E-03           1
|001110111001100110011000111010> :  0.1600495E-04  0.1000000E-03           1
|000110110001111110100010101010> :  0.1253699E-04  0.1000000E-03           1
|000110010001011010100011100010> :  0.1198207E-05  0.1000000E-03           1
|001110111001100110010000111011> :  0.3882059E-05  0.1000000E-03           1
|110110000111111101100111000001> :  0.6557571E-06  0.1000000E-03           1
|000110110001111110100000110010> :  0.1709591E-04  0.1000000E-03           1
|110110000100011110101111100101> :  0.6537208E-06  0.1000000E-03           1
|001110111001100110000000111010> :  0.1508038E-03  0.1000000E-03           1
|110110000000011001101111000101> :  0.5043094E-04  0.1000000E-03           1
|001110111001100101010000011010> :  0.4393692E-06  0.1000000E-03           1
|000110010001001110100011101010> :  0.8237019E-05  0.1000000E-03           1
|000011010101111110100111000010> :  0.1366983E-04  0.1000000E-03           1
|000011010000111110000011100110> :  0.4932144E-06  0.1000000E-03           1
|001110111000100010011001110110> :  0.1510652E-08  0.1000000E-03           1
|110101010011111110110011100000> :  0.1821296E-05  0.1000000E-03           1
|001110101001100110011000111011> :  0.3646922E-04  0.1000000E-03           1
|001110101000000110101100111111> :  0.7849262E-06  0.1000000E-03           1
|110100110011001001110010101100> :  0.7104213E-04  0.1000000E-03           1
|001110011001110110100011100010> :  0.1272796E-04  0.1000000E-03           1
|000110010000111110101111110010> :  0.5652629E-05  0.1000000E-03           1
|110100101110001001011110011101> :  0.1741362E-05  0.1000000E-03           1
|110100101110001001011100011100> :  0.3299111E-06  0.1000000E-03           1
|110100101110000001101100011101> :  0.4097609E-07  0.1000000E-03           1
|110100100111101001110010001001> :  0.1368776E-04  0.1000000E-03           1
|001110010001111110101011100010> :  0.5165276E-05  0.1000000E-03           1
|000110110001101110100011101010> :  0.1196265E-04  0.1000000E-03           1
|110100110011101110110011100000> :  0.5796355E-04  0.1000000E-03           1
|110100110110001001110110001100> :  0.8041254E-05  0.1000000E-03           1
|110100100011101110110011100001> :  0.9552106E-04  0.1000000E-03           1
|001110001001110110101001100011> :  0.3530814E-04  0.1000000E-03           1
|110101101000101000011000110001> :  0.2307488E-10  0.1000000E-03           1
|110101101010000010011000111101> :  0.2060493E-04  0.1000000E-03           1
|000110010000111110101011110010> :  0.1586447E-03  0.1000000E-03           1
|000100010011111110101011100010> :  0.1300589E-04  0.1000000E-03           1
|110100100011001110110010101001> :  0.2711169E-05  0.1000000E-03           1
|110110000111011001100111000101> :  0.3322049E-04  0.1000000E-03           1
|001101101010100110011000111011> :  0.3326536E-04  0.1000000E-03           1
|110110010001011000100111000110> :  0.7444646E-06  0.1000000E-03           1
|110100010111111001110011000100> :  0.3215864E-04  0.1000000E-03           1
|110110010100011100101111000000> :  0.1036642E-05  0.1000000E-03           1
|110110010100111101101111001000> :  0.5683778E-06  0.1000000E-03           1
|110110010101011001100110000100> :  0.1757048E-05  0.1000000E-03           1
|000110110001101110100000100010> :  0.1250363E-04  0.1000000E-03           1
|110100010111111001110011000010> :  0.2757969E-04  0.1000000E-03           1
|001100111011110110010000110010> :  0.4188600E-05  0.1000000E-03           1
|110110010111111001100111000000> :  0.9153859E-05  0.1000000E-03           1
|110110100011101110110011101001> :  0.3143023E-07  0.1000000E-03           1
|110110110100001001101110001100> :  0.5097940E-04  0.1000000E-03           1
|110100010111111001100111000100> :  0.1690583E-04  0.1000000E-03           1
|110100010111111001100111000010> :  0.3570252E-04  0.1000000E-03           1
|000110110001011110110011110010> :  0.2966157E-05  0.1000000E-03           1
|000110010000111110101011100110> :  0.1794480E-03  0.1000000E-03           1
|110100010111101100110011100000> :  0.3810579E-06  0.1000000E-03           1
|001100111011100110010000110010> :  0.5072935E-04  0.1000000E-03           1
|110100010111011001110111000100> :  0.1751262E-03  0.1000000E-03           1
|111000010111011000100101001100> :  0.6476658E-09  0.1000000E-03           1
|001100101110100110111000111011> :  0.3703813E-06  0.1000000E-03           1
|111000100111000001110100001101> :  0.2362793E-04  0.1000000E-03           1
|111000100111110101110000001001> :  0.3409212E-08  0.1000000E-03           1
|111000101110000001011100011101> :  0.1461358E-03  0.1000000E-03           1
|000110110001001110110010111110> :  0.6395102E-04  0.1000000E-03           1
|001100101011100110010001110011> :  0.1125197E-04  0.1000000E-03           1
|110100010011111110110011110000> :  0.2553878E-05  0.1000000E-03           1
|111000101111100001010000011001> :  0.5210757E-04  0.1000000E-03           1
|000100010011111110100011100010> :  0.2732023E-04  0.1000000E-03           1
|000011010101111110000111010010> :  0.3762933E-04  0.1000000E-03           1
|110100010011111110100011100000> :  0.4037507E-04  0.1000000E-03           1
|111000101111100100010000111001> :  0.2207657E-06  0.1000000E-03           1
|111000110111001001110000101100> :  0.1778192E-07  0.1000000E-03           1
|111000111111000001110100001101> :  0.3830867E-04  0.1000000E-03           1
|110100010011111101110011100000> :  0.7182996E-05  0.1000000E-03           1
|001100101011100011110000101011> :  0.9936267E-08  0.1000000E-03           1
|110100010011111010100011100000> :  0.2905236E-05  0.1000000E-03           1
|001100011011110110110001100010> :  0.2305488E-04  0.1000000E-03           1
|110100010011111001110011100100> :  0.4547245E-04  0.1000000E-03           1
|111001001110000001010001011001> :  0.1555126E-08  0.1000000E-03           1
|001100011011100110010100111010> :  0.4880157E-07  0.1000000E-03           1
|110100010011101100110011100000> :  0.4312644E-05  0.1000000E-03           1
|001100010011100110010010111011> :  0.6557160E-08  0.1000000E-03           1
|110100010011011010110011100100> :  0.7617024E-05  0.1000000E-03           1
|000110110001001011100110011110> :  0.1263748E-03  0.1000000E-03           1
|111001001110010001010100010101> :  0.8031387E-06  0.1000000E-03           1
|110100001011110110110011100001> :  0.1058693E-03  0.1000000E-03           1
|000110110001001010100110111110> :  0.1869579E-04  0.1000000E-03           1
|000110010000011110101111000110> :  0.1578573E-04  0.1000000E-03           1
|111001001110110001010001000001> :  0.1638949E-05  0.1000000E-03           1
|000100010011110110110011100010> :  0.6092231E-04  0.1000000E-03           1
|110100000111101001110011001101> :  0.2466767E-07  0.1000000E-03           1
|110100000111101001110011001001> :  0.4633984E-05  0.1000000E-03           1
|110100000111101001110011000101> :  0.6672759E-06  0.1000000E-03           1
|001011111100100101001100011010> :  0.7973291E-05  0.1000000E-03           1
|111001001110110001011100010101> :  0.2592382E-05  0.1000000E-03           1
|110100000110111001111011000101> :  0.2372800E-03  0.1000000E-03           1
|110100000110111001101111000101> :  0.5870306E-04  0.1000000E-03           1
|001011111100010101001100011110> :  0.1861490E-04  0.1000000E-03           1
|111001001111110001010001100001> :  0.1438458E-04  0.1000000E-03           1
|110100000110011001100111000100> :  0.1697515E-06  0.1000000E-03           1
|110100000100011001101111000101> :  0.1183208E-04  0.1000000E-03           1
|111001100110000001001100011101> :  0.7272114E-05  0.1000000E-03           1
|001011111100000111001100011110> :  0.2953111E-05  0.1000000E-03           1
|111001100110000001101100001101> :  0.5863753E-05  0.1000000E-03           1
|111001100110000001111000001101> :  0.1074061E-04  0.1000000E-03           1
|000110110000001011101110011110> :  0.1215304E-03  0.1000000E-03           1
|111001100110001001011110011101> :  0.8162617E-05  0.1000000E-03           1
|000110010000011011101111000110> :  0.4870998E-04  0.1000000E-03           1
|000100010011101110110011101010> :  0.1045631E-03  0.1000000E-03           1
|000011010100011001001111000110> :  0.1283700E-05  0.1000000E-03           1
|110100000011111110110011100000> :  0.1498930E-03  0.1000000E-03           1
|111001101010000010011100011101> :  0.8167336E-05  0.1000000E-03           1
|111001101010100010011001100101> :  0.3577365E-04  0.1000000E-03           1
|110100000011111110100011100001> :  0.1283675E-03  0.1000000E-03           1
|111001101011100110010000111001> :  0.9957212E-04  0.1000000E-03           1
|000110110000001010101110111110> :  0.1552647E-04  0.1000000E-03           1
|110100000011111010110011100001> :  0.9020947E-04  0.1000000E-03           1
|111001101100000001011100001101> :  0.5604934E-04  0.1000000E-03           1
|110100000011111001110011100101> :  0.1256585E-03  0.1000000E-03           1
|000110100011100110111010111001> :  0.2000004E-06  0.1000000E-03           1
|000110010000011011101110011110> :  0.9677479E-04  0.1000000E-03           1
|110100000011110010110011100001> :  0.3925627E-05  0.1000000E-03           1
|001011111100000101000100011110> :  0.4005512E-04  0.1000000E-03           1
|110100000011101110110011101001> :  0.7698336E-04  0.1000000E-03           1
|000110100001101110111010111010> :  0.2328147E-04  0.1000000E-03           1
|110100000011101001110011101001> :  0.2604270E-04  0.1000000E-03           1
|110100000011101001110011100001> :  0.1494206E-03  0.1000000E-03           1
|110100000011011010110011100101> :  0.7973291E-05  0.1000000E-03           1
|110100000011001001110011101101> :  0.1534759E-03  0.1000000E-03           1
|000110011011011110001110111110> :  0.5745288E-09  0.1000000E-03           1
|111001101110000001011100010101> :  0.1358034E-03  0.1000000E-03           1
|000110001011110110000011110011> :  0.3335213E-04  0.1000000E-03           1
|110100000010111110110011100001> :  0.3056805E-05  0.1000000E-03           1
|110100000010111001111011100101> :  0.3041939E-03  0.1000000E-03           1
|110100000010001001111011101101> :  0.4931368E-04  0.1000000E-03           1
|110011110100001001101110001100> :  0.1108653E-03  0.1000000E-03           1
|110011101100000001001100011101> :  0.8729173E-05  0.1000000E-03           1
|000110000011111110101011100010> :  0.1998418E-04  0.1000000E-03           1
|001011111001000110010000111010> :  0.5870306E-04  0.1000000E-03           1
|110011010100011001001111000100> :  0.2548197E-04  0.1000000E-03           1
|111001101110000011011100001101> :  0.2798928E-05  0.1000000E-03           1
|000110011001111110000011100010> :  0.7774601E-05  0.1000000E-03           1
|111001101110000101011100011101> :  0.6901750E-04  0.1000000E-03           1
|110011010100011000101111000100> :  0.3132603E-06  0.1000000E-03           1
|110011001100010001001111000101> :  0.1003581E-04  0.1000000E-03           1
|110011000100011100101111100101> :  0.4248618E-06  0.1000000E-03           1
|001011111000110011001000011110> :  0.9419588E-08  0.1000000E-03           1
|000110011001111110000001110010> :  0.1659021E-03  0.1000000E-03           1
|000110000011111110100011110011> :  0.8356052E-05  0.1000000E-03           1
|000100010011011110110011100010> :  0.1679326E-04  0.1000000E-03           1
|000011010100111110101111000010> :  0.3340867E-04  0.1000000E-03           1
|110011000100011001001111000101> :  0.3766153E-04  0.1000000E-03           1
|110010010101011100100011100100> :  0.6916349E-08  0.1000000E-03           1
|110010000111111001100111000001> :  0.2880464E-06  0.1000000E-03           1
|000110011001110110100101100010> :  0.8742635E-06  0.1000000E-03           1
|110001110100001001011110011100> :  0.6735090E-04  0.1000000E-03           1
|110001101110000001011110011101> :  0.7032190E-05  0.1000000E-03           1
|001011111000100001011000011010> :  0.3288044E-06  0.1000000E-03           1
|000110010101111110100111000010> :  0.1134804E-03  0.1000000E-03           1
|110001100110001001111110001100> :  0.1053141E-04  0.1000000E-03           1
|110001100110001001011100011100> :  0.1138564E-04  0.1000000E-03           1
|111001101111000101011100001001> :  0.5254463E-06  0.1000000E-03           1
|111001101111100001010000001001> :  0.1202285E-03  0.1000000E-03           1
|110001001110010001011111001001> :  0.5291654E-09  0.1000000E-03           1
|000110010101111110100011000010> :  0.4966399E-05  0.1000000E-03           1
|110001000110111001111011100101> :  0.5395784E-05  0.1000000E-03           1
|110001000110011001111111000101> :  0.1508038E-03  0.1000000E-03           1
|001011111000000110001000111110> :  0.3636831E-04  0.1000000E-03           1
|111001111100000001011100010101> :  0.5715629E-06  0.1000000E-03           1
|111001111100000001011100011100> :  0.6505495E-04  0.1000000E-03           1
|110001000110011001101111001101> :  0.8712975E-04  0.1000000E-03           1
|001011111000000110000100111110> :  0.4658366E-04  0.1000000E-03           1
|000110010101111101100111010010> :  0.9155055E-04  0.1000000E-03           1
|111001111110001001010100011100> :  0.8243922E-04  0.1000000E-03           1
|111001111111000001010100011101> :  0.8712777E-04  0.1000000E-03           1
|000110000011110110100011100011> :  0.1535305E-03  0.1000000E-03           1
|000100010010111110111011100010> :  0.7379896E-06  0.1000000E-03           1
|110001000110011001001111000101> :  0.1512198E-04  0.1000000E-03           1
|111010010101111001100110001000> :  0.2649918E-08  0.1000000E-03           1
|110000010111011001100111000100> :  0.2082844E-04  0.1000000E-03           1
|110000010011111110110011100000> :  0.4591745E-05  0.1000000E-03           1
|001011101110010001001100011111> :  0.5698045E-05  0.1000000E-03           1
|111011001000010011001100111101> :  0.1237372E-07  0.1000000E-03           1
|000110010101111100100011000010> :  0.1196790E-04  0.1000000E-03           1
|111011001100010001001100011101> :  0.8062582E-04  0.1000000E-03           1
|110000000111111100110011100001> :  0.3441243E-05  0.1000000E-03           1
|110000000111111001110011000001> :  0.2719997E-04  0.1000000E-03           1
|001011101100110110001100010011> :  0.6999520E-04  0.1000000E-03           1
|110000000111111001100111000001> :  0.4812181E-04  0.1000000E-03           1
|110000000111011001100111000101> :  0.8646463E-04  0.1000000E-03           1
|111011001100110001001101000001> :  0.7079146E-04  0.1000000E-03           1
|001011101100110011001000111111> :  0.1964305E-07  0.1000000E-03           1
|000110010101011001100110011110> :  0.9350963E-04  0.1000000E-03           1
|000110000001111110101011100011> :  0.8999297E-04  0.1000000E-03           1
|111011101100001001001100011101> :  0.6092231E-04  0.1000000E-03           1
|101110111001100110110000101001> :  0.2189559E-05  0.1000000E-03           1
|001011101100010110001100011111> :  0.1451324E-03  0.1000000E-03           1
|101110111001100011010000111110> :  0.3961148E-06  0.1000000E-03           1
|111011101110000001001100011101> :  0.8150375E-04  0.1000000E-03           1
|111011101110010001001000001101> :  0.4327885E-06  0.1000000E-03           1
|111011110100001001101100001100> :  0.1861799E-04  0.1000000E-03           1
|101110001011111110100011100010> :  0.3970765E-07  0.1000000E-03           1
|111011111100000001001100001101> :  0.1982418E-04  0.1000000E-03           1
|111011111100000001001100011100> :  0.5488248E-04  0.1000000E-03           1
|001011101100010110001100010111> :  0.1585064E-04  0.1000000E-03           1
|111011111100010001001100011101> :  0.3488803E-04  0.1000000E-03           1
|000110010101011001000111010100> :  0.1385934E-06  0.1000000E-03           1
|101110001001110110101001100001> :  0.3859197E-04  0.1000000E-03           1
|111100101010000001111000101101> :  0.3762933E-04  0.1000000E-03           1
|111100101010000010111100101101> :  0.5138945E-06  0.1000000E-03           1
|111100101011000001010100011101> :  0.2637432E-05  0.1000000E-03           1
|101100111011100110010000101000> :  0.7366935E-06  0.1000000E-03           1
|001011101100010101001100011111> :  0.3701408E-04  0.1000000E-03           1
|111100101011100001010001100001> :  0.1383793E-06  0.1000000E-03           1
|111100101011100001110001100001> :  0.2040182E-04  0.1000000E-03           1
|101011101110000001011100011111> :  0.1115819E-04  0.1000000E-03           1
|000110000001111110101011100010> :  0.1046689E-03  0.1000000E-03           1
|111100101110000001111100001101> :  0.4991667E-04  0.1000000E-03           1
|111100101111000001111100011101> :  0.7187779E-05  0.1000000E-03           1
|000100010010111110101011100010> :  0.4410529E-05  0.1000000E-03           1
|111101101010000010011000111101> :  0.1007898E-03  0.1000000E-03           1
|000010010101111101100111000010> :  0.1007898E-03  0.1000000E-03           1
|111101101110000001011100111101> :  0.1234829E-05  0.1000000E-03           1
|000010000101011001000110011110> :  0.7866838E-07  0.1000000E-03           1
|000001100010101110011010111010> :  0.2375699E-06  0.1000000E-03           1
