# state, exact probability, frequency, count:
#------------------------------------------------------------------
|110101101011101100000001> :  0.2501820E+00  0.2525000E+00        2525
|001010010100010011111110> :  0.2501820E+00  0.2501000E+00        2501
|000011010100010011111110> :  0.2414287E+00  0.2431000E+00        2431
|111100101011101100000001> :  0.2414287E+00  0.2374000E+00        2374
|111100111001111001000001> :  0.1553031E-02  0.2400000E-02          24
|000011000110000110111110> :  0.1553031E-02  0.1800000E-02          18
|000001001110000110111110> :  0.1337664E-02  0.1300000E-02          13
|111110110001111001000001> :  0.1337664E-02  0.9000000E-03           9
|001010000110000110111110> :  0.1043262E-02  0.7000000E-03           7
|111010110001111001000101> :  0.5027057E-03  0.7000000E-03           7
|110101111001111001000001> :  0.1043262E-02  0.7000000E-03           7
|110101111000111001100001> :  0.3336701E-03  0.5000000E-03           5
|000101001110000110111010> :  0.5027057E-03  0.5000000E-03           5
|001010000111000110011110> :  0.3336701E-03  0.3000000E-03           3
|001010010101000011011110> :  0.4572363E-04  0.2000000E-03           2
|011000101011101100000101> :  0.1117297E-03  0.2000000E-03           2
|110101101110101100100001> :  0.5954016E-04  0.2000000E-03           2
|001000010100010011101111> :  0.8790396E-08  0.1000000E-03           1
|001000010000110011111100> :  0.3195201E-05  0.1000000E-03           1
|000011010100010011101101> :  0.5184077E-05  0.1000000E-03           1
|001000010000110011011110> :  0.6288650E-06  0.1000000E-03           1
|001010101011100100000101> :  0.1196910E-06  0.1000000E-03           1
|001010100010011011111110> :  0.5206243E-08  0.1000000E-03           1
|000101010010111010101101> :  0.8400026E-08  0.1000000E-03           1
|001110011100000011111010> :  0.4027270E-06  0.1000000E-03           1
|001111010100010011011110> :  0.5377629E-05  0.1000000E-03           1
|010011010100110001110110> :  0.9744697E-06  0.1000000E-03           1
|010011010101010011011110> :  0.5830389E-05  0.1000000E-03           1
|010100101001111001000101> :  0.2506371E-07  0.1000000E-03           1
|010101011110111100111100> :  0.3702189E-07  0.1000000E-03           1
|000011010100000011111110> :  0.2151951E-05  0.1000000E-03           1
|000010010001110001111111> :  0.1247725E-06  0.1000000E-03           1
|100101011001000011100010> :  0.1577443E-08  0.1000000E-03           1
|100101001011001110101001> :  0.8230646E-08  0.1000000E-03           1
|001010010100011011110100> :  0.4389456E-05  0.1000000E-03           1
|011110100110011111000101> :  0.6397779E-08  0.1000000E-03           1
|011100110000111001010110> :  0.1231452E-08  0.1000000E-03           1
|111110100011100100010001> :  0.5138249E-06  0.1000000E-03           1
|011100011011101101010001> :  0.2107574E-07  0.1000000E-03           1
|000100010000110001111110> :  0.3935476E-06  0.1000000E-03           1
|011001111001101001010100> :  0.9330387E-06  0.1000000E-03           1
|100001101111000110101001> :  0.1531715E-07  0.1000000E-03           1
|011001010100011011111110> :  0.8531938E-06  0.1000000E-03           1
|100101010100010011111111> :  0.7528862E-06  0.1000000E-03           1
|001010000110010111111010> :  0.1192908E-05  0.1000000E-03           1
|100101101011101110001001> :  0.4453438E-05  0.1000000E-03           1
|100110011100100000111010> :  0.2519325E-07  0.1000000E-03           1
|100110011110000010101011> :  0.3535746E-06  0.1000000E-03           1
|100110100101101101110001> :  0.2636344E-08  0.1000000E-03           1
|101000010000111011011101> :  0.3986475E-06  0.1000000E-03           1
|101001010100110011111110> :  0.6840660E-07  0.1000000E-03           1
|101001101110011110100100> :  0.3468313E-07  0.1000000E-03           1
|101010100010010010101110> :  0.5178577E-07  0.1000000E-03           1
|101011000101000011011010> :  0.2446848E-07  0.1000000E-03           1
|101100010100010011111010> :  0.4163710E-05  0.1000000E-03           1
|101100101011101100000000> :  0.4923271E-06  0.1000000E-03           1
|101100101110101110101001> :  0.2678553E-06  0.1000000E-03           1
|101110100110010011101011> :  0.3708143E-07  0.1000000E-03           1
|101110101100000110111010> :  0.7114578E-07  0.1000000E-03           1
|110100011101000001001010> :  0.9667550E-08  0.1000000E-03           1
|110101001011101100011001> :  0.4859170E-05  0.1000000E-03           1
|110101100100001111100010> :  0.4187395E-07  0.1000000E-03           1
|111001101110001110000111> :  0.9439039E-07  0.1000000E-03           1
|111000100011100100000101> :  0.2343743E-06  0.1000000E-03           1
|011000100001101100010101> :  0.2278498E-06  0.1000000E-03           1
|000011010100100100111100> :  0.3614555E-08  0.1000000E-03           1
|110111101011100100000011> :  0.5243902E-05  0.1000000E-03           1
|110111100001101100100001> :  0.1617569E-06  0.1000000E-03           1
|010111010100000011011110> :  0.1565096E-06  0.1000000E-03           1
|110111010100110001101000> :  0.3142880E-07  0.1000000E-03           1
|110110101110001100101001> :  0.4533009E-07  0.1000000E-03           1
|111001010100001001010100> :  0.3012329E-08  0.1000000E-03           1
|010101110000111001010000> :  0.1302238E-07  0.1000000E-03           1
|001001100110011010110110> :  0.3546408E-07  0.1000000E-03           1
|111011010100010011011111> :  0.1739223E-07  0.1000000E-03           1
|111100001011100100001001> :  0.4199673E-05  0.1000000E-03           1
|010101101010111110110101> :  0.1822079E-07  0.1000000E-03           1
|010101101010101000100001> :  0.2426336E-07  0.1000000E-03           1
|001001010101011011010110> :  0.3143398E-06  0.1000000E-03           1
|000010010101010011011110> :  0.6490159E-05  0.1000000E-03           1
|111111110001010011000110> :  0.5496528E-08  0.1000000E-03           1
|000010000100001111111110> :  0.7395133E-08  0.1000000E-03           1
