# state, exact probability, frequency, count:
#------------------------------------------------------------------
|0100100011000001000010101> :  0.3068614E+00  0.3040000E+00        3040
|0100110001000000011000101> :  0.2010461E+00  0.1963000E+00        1963
|0100110001000000001010101> :  0.1005667E+00  0.9970000E-01         997
|0100010001000000011001101> :  0.6323539E-01  0.6560000E-01         656
|0100110001000000001000101> :  0.5242594E-01  0.5560000E-01         556
|0100110001000000011010101> :  0.4063375E-01  0.4020000E-01         402
|0100010001001000001010101> :  0.3595306E-01  0.3470000E-01         347
|0100110011000000000010101> :  0.3044568E-01  0.3330000E-01         333
|0100110011000001000000101> :  0.2563691E-01  0.2390000E-01         239
|0100110011000000000000101> :  0.2044103E-01  0.2000000E-01         200
|0100010001000000001001101> :  0.1797195E-01  0.1700000E-01         170
|0100100011000011000000101> :  0.1298892E-01  0.1110000E-01         111
|0100110011000000001000101> :  0.7251752E-02  0.6900000E-02          69
|0101010000001000001101101> :  0.6235561E-02  0.6200000E-02          62
|0100110011000001000010101> :  0.5442577E-02  0.4700000E-02          47
|1100110001000000000010101> :  0.3766728E-02  0.4300000E-02          43
|0100010001000000001100101> :  0.2062861E-02  0.2900000E-02          29
|0100110001000000000010101> :  0.1859363E-02  0.2700000E-02          27
|0100100011000011000110101> :  0.1300045E-02  0.2500000E-02          25
|0100010001001000001100101> :  0.2989247E-02  0.2300000E-02          23
|0100100011000001000110101> :  0.1629304E-02  0.2000000E-02          20
|0100110001001000000010101> :  0.1501251E-02  0.1800000E-02          18
|0100110001001000001000101> :  0.1176276E-02  0.1500000E-02          15
|0101000000001000001101101> :  0.4392212E-03  0.9000000E-03           9
|0100110001000000001001101> :  0.5825163E-03  0.8000000E-03           8
|0100110001000000010010101> :  0.7535783E-03  0.8000000E-03           8
|0100100011000000010110101> :  0.6782911E-03  0.7000000E-03           7
|0100010001000000001101101> :  0.7476396E-03  0.5000000E-03           5
|0100100011000011000010100> :  0.4708997E-03  0.5000000E-03           5
|0101010000001000001001101> :  0.1803757E-03  0.4000000E-03           4
|1100100001000000000011110> :  0.3036198E-03  0.4000000E-03           4
|0100010011000001001010001> :  0.3364523E-03  0.4000000E-03           4
|0100100011000001000000101> :  0.9280277E-03  0.4000000E-03           4
|0100110001000001000010101> :  0.2406815E-03  0.4000000E-03           4
|0100110011000001000110101> :  0.7828674E-04  0.3000000E-03           3
|1100100011000001000010101> :  0.2138355E-03  0.3000000E-03           3
|0100100011000001010000101> :  0.2079333E-03  0.3000000E-03           3
|1100010001000000001001101> :  0.3590524E-04  0.3000000E-03           3
|1100100001000001000010110> :  0.1947275E-03  0.3000000E-03           3
|0110000000011000001001101> :  0.1816193E-04  0.2000000E-03           2
|0100100100000001000101101> :  0.7834341E-05  0.2000000E-03           2
|1100100010000001000110101> :  0.2121230E-03  0.2000000E-03           2
|0100010001000100010110110> :  0.1232621E-05  0.2000000E-03           2
|0100000011000001001010001> :  0.7783104E-04  0.2000000E-03           2
|0101100010000010000001111> :  0.2113451E-03  0.2000000E-03           2
|0100110011000000001010101> :  0.4520513E-04  0.2000000E-03           2
|0100000011000001001011001> :  0.5181737E-04  0.2000000E-03           2
|0100100011000011000010101> :  0.3248549E-03  0.2000000E-03           2
|0100100011000010000010100> :  0.2821620E-03  0.2000000E-03           2
|0100000001000001001010101> :  0.2427469E-04  0.2000000E-03           2
|0100100011100011000010100> :  0.2248770E-03  0.2000000E-03           2
|0100010001011000001000101> :  0.2475804E-03  0.2000000E-03           2
|0011000000011000001001101> :  0.2010117E-04  0.2000000E-03           2
|0100010001000000011011101> :  0.2289308E-03  0.2000000E-03           2
|1100100011000010000000101> :  0.1589062E-04  0.2000000E-03           2
|1100110001000000000010110> :  0.2160809E-03  0.2000000E-03           2
|0100010011000000001001101> :  0.6752878E-04  0.2000000E-03           2
|0100100011001000000000101> :  0.8695551E-05  0.2000000E-03           2
|0100000011000001000010101> :  0.1093097E-03  0.2000000E-03           2
|0101110001000000001000101> :  0.3952737E-04  0.2000000E-03           2
|0100110010100001000010101> :  0.1580876E-04  0.2000000E-03           2
|0100110001001000001010101> :  0.1851573E-03  0.2000000E-03           2
|0100110101000000000110101> :  0.1048715E-03  0.2000000E-03           2
|0100110001000001010010101> :  0.1092151E-03  0.2000000E-03           2
|0100010001000000011100110> :  0.7668934E-05  0.2000000E-03           2
|0100100011000000000111101> :  0.8434879E-04  0.2000000E-03           2
|0100100011000001010010001> :  0.1239279E-04  0.2000000E-03           2
|0100100011000011000110110> :  0.8493938E-05  0.2000000E-03           2
|0011000000001000101001101> :  0.8110094E-04  0.2000000E-03           2
|0101110100000000001100101> :  0.1254168E-04  0.2000000E-03           2
|0100100001000011000110101> :  0.2506604E-03  0.2000000E-03           2
|0100110011000010000000101> :  0.2840128E-04  0.2000000E-03           2
|0100110010000000000001101> :  0.3663060E-04  0.2000000E-03           2
|0100100010000001001001101> :  0.4583050E-04  0.2000000E-03           2
|1100010101000000001010100> :  0.2483260E-04  0.2000000E-03           2
|1100100001000000000001101> :  0.6877289E-04  0.2000000E-03           2
|1100010001000000001011101> :  0.3962593E-04  0.2000000E-03           2
|1100100001000010000010101> :  0.1851368E-04  0.2000000E-03           2
|0100110000000000001011101> :  0.3359030E-05  0.2000000E-03           2
|0100110001000000000000101> :  0.1254390E-03  0.2000000E-03           2
|1100110001000000001010101> :  0.7144782E-04  0.2000000E-03           2
|0101010001001000001001101> :  0.7936699E-04  0.2000000E-03           2
|0100010101001000001000101> :  0.3723368E-04  0.2000000E-03           2
|0100010001000000011010101> :  0.1908011E-03  0.2000000E-03           2
|0100000011000001011001101> :  0.1394858E-04  0.1000000E-03           1
|0100000011000001011000101> :  0.1377108E-04  0.1000000E-03           1
|0100000000101000000100101> :  0.8797266E-06  0.1000000E-03           1
|0100000011000001010110101> :  0.2542353E-05  0.1000000E-03           1
|0100000011000001010000101> :  0.2557748E-04  0.1000000E-03           1
|0011100010000011000100110> :  0.2202586E-08  0.1000000E-03           1
|0001001100010001000101001> :  0.3705072E-09  0.1000000E-03           1
|0100000011000001001011101> :  0.1556015E-04  0.1000000E-03           1
|0100010001001001000010101> :  0.8901553E-04  0.1000000E-03           1
|0011100000001000000001101> :  0.4620261E-05  0.1000000E-03           1
|0100000011000001001010101> :  0.2165123E-04  0.1000000E-03           1
|1100010001000100001010100> :  0.2621730E-05  0.1000000E-03           1
|0100100011000111000010100> :  0.1146880E-05  0.1000000E-03           1
|0001001001000010001111100> :  0.5820473E-08  0.1000000E-03           1
|0000110001001000000010101> :  0.2661766E-04  0.1000000E-03           1
|0100000011000001000110110> :  0.2563359E-05  0.1000000E-03           1
|0100010001000100001100111> :  0.1233224E-05  0.1000000E-03           1
|0100000011000001000110011> :  0.3432516E-06  0.1000000E-03           1
|0100010001000011010110101> :  0.4138465E-05  0.1000000E-03           1
|0100100011000010000110101> :  0.1854438E-03  0.1000000E-03           1
|0100010001000010001111101> :  0.2956321E-05  0.1000000E-03           1
|0100010001000001011011100> :  0.2479929E-04  0.1000000E-03           1
|1100000011000001000010100> :  0.1840666E-04  0.1000000E-03           1
|0100100011000011000100101> :  0.2039796E-03  0.1000000E-03           1
|0100010001000101000010101> :  0.3885330E-05  0.1000000E-03           1
|0100010001001000001001100> :  0.2490101E-05  0.1000000E-03           1
|1100010001000101001010100> :  0.1861097E-05  0.1000000E-03           1
|0100010001001000001011100> :  0.4208329E-04  0.1000000E-03           1
|0100100011010001010110100> :  0.4509286E-06  0.1000000E-03           1
|0100010001001000101010101> :  0.4926015E-04  0.1000000E-03           1
|0100100011100010000010100> :  0.5492140E-05  0.1000000E-03           1
|0100010001010000001000101> :  0.2201257E-04  0.1000000E-03           1
|0100010001010000011000101> :  0.4760180E-04  0.1000000E-03           1
|0100010001010000011010111> :  0.6800353E-05  0.1000000E-03           1
|0100010001010001010000101> :  0.6969968E-04  0.1000000E-03           1
|0100010001010100111100100> :  0.1461609E-06  0.1000000E-03           1
|0100010001011000000000101> :  0.1165901E-03  0.1000000E-03           1
|0100010001011000000010101> :  0.8896295E-05  0.1000000E-03           1
|0100101111000001000110101> :  0.2288126E-06  0.1000000E-03           1
|0100010001011000001010101> :  0.1128094E-04  0.1000000E-03           1
|0100010001100000001110100> :  0.6759173E-04  0.1000000E-03           1
|0100010001100001001000101> :  0.9688991E-05  0.1000000E-03           1
|0100010001000001011001101> :  0.1079922E-04  0.1000000E-03           1
|0100000011000001000001101> :  0.4965351E-04  0.1000000E-03           1
|0011000000001000001001101> :  0.1052839E-03  0.1000000E-03           1
|0001000010000011001110000> :  0.4519101E-08  0.1000000E-03           1
|0100010001000001001011101> :  0.9919060E-05  0.1000000E-03           1
|0100010001000001001010001> :  0.2685496E-04  0.1000000E-03           1
|0100000011000000011011101> :  0.3612725E-06  0.1000000E-03           1
|0100100011000001000110001> :  0.2487094E-04  0.1000000E-03           1
|0110000000011001010100100> :  0.4607101E-07  0.1000000E-03           1
|0100000010100001011110100> :  0.3873820E-06  0.1000000E-03           1
|0010110000001000001001101> :  0.1045889E-05  0.1000000E-03           1
|0101110110000000001100100> :  0.3312963E-05  0.1000000E-03           1
|0100100011000000000010100> :  0.9838404E-05  0.1000000E-03           1
|0100000010010010010101101> :  0.1408868E-06  0.1000000E-03           1
|0100010001000000011001100> :  0.9891242E-05  0.1000000E-03           1
|0100010001000000011000101> :  0.1108588E-03  0.1000000E-03           1
|0100000010000010010111101> :  0.5410930E-06  0.1000000E-03           1
|0010010000001000001001101> :  0.2824852E-04  0.1000000E-03           1
|0001000010000001001100101> :  0.3679515E-06  0.1000000E-03           1
|0000110001000100010110100> :  0.3629195E-06  0.1000000E-03           1
|0000010001001000001011101> :  0.2442858E-04  0.1000000E-03           1
|0100100010000011000001101> :  0.1348076E-04  0.1000000E-03           1
|0100100010000010000001101> :  0.4666211E-04  0.1000000E-03           1
|0100000010000001101001101> :  0.1068203E-04  0.1000000E-03           1
|0100010001000000001011100> :  0.1613891E-04  0.1000000E-03           1
|0100100010000001000001101> :  0.3240379E-04  0.1000000E-03           1
|0100000001101010000100110> :  0.4827242E-09  0.1000000E-03           1
|0001110100101100000100100> :  0.5025590E-07  0.1000000E-03           1
|0100010001000000000001101> :  0.1262373E-04  0.1000000E-03           1
|0100010000111000010110100> :  0.2080643E-07  0.1000000E-03           1
|0100000001100001001010101> :  0.2204033E-06  0.1000000E-03           1
|0100010000001100001000111> :  0.2414175E-05  0.1000000E-03           1
|0100010000001000001111110> :  0.4780161E-06  0.1000000E-03           1
|0100000001011000011010111> :  0.1639592E-06  0.1000000E-03           1
|0001110001001000001000101> :  0.4399770E-05  0.1000000E-03           1
|0001000000101010001000100> :  0.1743463E-07  0.1000000E-03           1
|0100010000001000001011100> :  0.1850758E-05  0.1000000E-03           1
|0100010000001000000010101> :  0.2914320E-05  0.1000000E-03           1
|0100000001010001000010101> :  0.5609778E-05  0.1000000E-03           1
|0100100001000001001000101> :  0.2646060E-04  0.1000000E-03           1
|0100100001000001000011101> :  0.1363060E-04  0.1000000E-03           1
|0100010000000100001010111> :  0.3910247E-05  0.1000000E-03           1
|0100100001000000000111111> :  0.2612084E-05  0.1000000E-03           1
|0100100000100000001001110> :  0.1115478E-06  0.1000000E-03           1
|0100100001000001010110101> :  0.6994653E-05  0.1000000E-03           1
|0100100001000001010111101> :  0.1053931E-04  0.1000000E-03           1
|0100100001000001011000101> :  0.9246911E-04  0.1000000E-03           1
|0100100001000010000001101> :  0.1399160E-04  0.1000000E-03           1
|0100100001000010001110101> :  0.2930754E-05  0.1000000E-03           1
|0101000000001000001101111> :  0.3450139E-04  0.1000000E-03           1
|0100100001000011010010101> :  0.1090445E-04  0.1000000E-03           1
|0100100001000100010110100> :  0.8175376E-06  0.1000000E-03           1
|0100100001001000101000101> :  0.1075796E-05  0.1000000E-03           1
|0100100001001111001011100> :  0.1170056E-07  0.1000000E-03           1
|0100100001100011000110100> :  0.3870705E-05  0.1000000E-03           1
|0100100010000000010110101> :  0.1528024E-04  0.1000000E-03           1
|0101010000001000101001100> :  0.5955435E-05  0.1000000E-03           1
|0100100010000001000011101> :  0.1877192E-04  0.1000000E-03           1
|0101010001001000001011101> :  0.9917392E-05  0.1000000E-03           1
|0100100010000001001010101> :  0.2620564E-04  0.1000000E-03           1
|0101010011100001001100100> :  0.8720971E-07  0.1000000E-03           1
|0100100010000010000010101> :  0.3497719E-04  0.1000000E-03           1
|0101100000101000001100101> :  0.1061370E-05  0.1000000E-03           1
|0100100010000011000010101> :  0.5483371E-04  0.1000000E-03           1
|0100100010010101000100101> :  0.2560845E-05  0.1000000E-03           1
|0100100010100001000000101> :  0.1614792E-04  0.1000000E-03           1
|0100100010100001000001101> :  0.3690195E-04  0.1000000E-03           1
|0100100010100101000010101> :  0.1301242E-06  0.1000000E-03           1
|0101110010001000001000101> :  0.1208030E-04  0.1000000E-03           1
|0100100011000000000110010> :  0.5095779E-07  0.1000000E-03           1
|0100010000000010011100101> :  0.1068690E-04  0.1000000E-03           1
|0101111001000000011100100> :  0.2177123E-06  0.1000000E-03           1
|0100000001001011000110101> :  0.1248401E-05  0.1000000E-03           1
|0110000000101000000101101> :  0.9521257E-06  0.1000000E-03           1
|0110000001100000001100101> :  0.3901838E-06  0.1000000E-03           1
|0110010000100000011100101> :  0.3412313E-05  0.1000000E-03           1
|0100100011000001001000101> :  0.6220579E-04  0.1000000E-03           1
|0100100011000001001010001> :  0.4240392E-04  0.1000000E-03           1
|0110100000000001010100101> :  0.5271053E-06  0.1000000E-03           1
|0110100101001011011110101> :  0.8337675E-10  0.1000000E-03           1
|0100100011000001100110101> :  0.2696025E-04  0.1000000E-03           1
|0100100011000010000000101> :  0.5480303E-04  0.1000000E-03           1
|0100100011000010000001101> :  0.1109481E-04  0.1000000E-03           1
|1001000000000100001101110> :  0.1472262E-06  0.1000000E-03           1
|1100000001000000101111101> :  0.1535527E-05  0.1000000E-03           1
|0100100011000011000000100> :  0.3646639E-04  0.1000000E-03           1
|1100000001000010000100100> :  0.2889267E-05  0.1000000E-03           1
|1100000010100000101001101> :  0.3447106E-07  0.1000000E-03           1
|1100000011000001000100101> :  0.1470921E-04  0.1000000E-03           1
|0100100011000011000100010> :  0.2411683E-06  0.1000000E-03           1
|1100001001000000000010101> :  0.6102329E-07  0.1000000E-03           1
|1100001001000001000001101> :  0.3563979E-05  0.1000000E-03           1
|1100010001000000001000101> :  0.2910227E-04  0.1000000E-03           1
|0100100011000011010000101> :  0.3139911E-04  0.1000000E-03           1
|0100100011000011010110100> :  0.1528878E-04  0.1000000E-03           1
|0100100011000011100000101> :  0.1576549E-05  0.1000000E-03           1
|0001100111000010000001111> :  0.3307123E-08  0.1000000E-03           1
|1100010001001000000011100> :  0.4257888E-05  0.1000000E-03           1
|0100100011001000000010100> :  0.1100447E-04  0.1000000E-03           1
|0100100011001001000110101> :  0.6975457E-04  0.1000000E-03           1
|1100010010100100000110100> :  0.4813652E-06  0.1000000E-03           1
|0100100011010011000000100> :  0.2149693E-04  0.1000000E-03           1
|0100100011100001000000101> :  0.2756926E-04  0.1000000E-03           1
|0100100011100001000010100> :  0.1098569E-03  0.1000000E-03           1
|1100100000000010000111110> :  0.6320239E-06  0.1000000E-03           1
|1100100001000000000001111> :  0.9828564E-04  0.1000000E-03           1
|1100100001000000001011100> :  0.1997925E-04  0.1000000E-03           1
|0100100100010001000100101> :  0.9335278E-06  0.1000000E-03           1
|0100100100100001010001101> :  0.1444646E-06  0.1000000E-03           1
|0100100101001010011010101> :  0.5010227E-08  0.1000000E-03           1
|0100100110001000000110100> :  0.3359964E-06  0.1000000E-03           1
|0100100111100001000000101> :  0.1018511E-05  0.1000000E-03           1
|0100101001000000000101100> :  0.7510159E-06  0.1000000E-03           1
|0100101001000001000010101> :  0.4855789E-04  0.1000000E-03           1
|0100101001000001000110101> :  0.1454830E-04  0.1000000E-03           1
|0100101001000001010010101> :  0.3317944E-04  0.1000000E-03           1
|0100101001000011000110000> :  0.2105766E-07  0.1000000E-03           1
|0100101001001000000010101> :  0.8924799E-05  0.1000000E-03           1
|0100101001100000000000101> :  0.1183837E-06  0.1000000E-03           1
|0100101011000000001101100> :  0.1359640E-06  0.1000000E-03           1
|1100110001000000001010100> :  0.4654788E-04  0.1000000E-03           1
|1100110001000000001011101> :  0.1524802E-04  0.1000000E-03           1
|0100110000000000111100101> :  0.5899367E-05  0.1000000E-03           1
|0100110000000010001110101> :  0.2379625E-04  0.1000000E-03           1
|0100110000000011001000110> :  0.3581716E-06  0.1000000E-03           1
|0100110000000101001110100> :  0.1475477E-04  0.1000000E-03           1
|0100110000001000001010101> :  0.3302953E-04  0.1000000E-03           1
|0100110000001100000110101> :  0.5647987E-05  0.1000000E-03           1
|0100100000001000000001101> :  0.3493724E-06  0.1000000E-03           1
|0100100000000100101101101> :  0.1887966E-07  0.1000000E-03           1
|0100010000000001001101101> :  0.1653061E-05  0.1000000E-03           1
|0100100000000001000111101> :  0.2093432E-05  0.1000000E-03           1
|0100100000000000010110101> :  0.6532022E-05  0.1000000E-03           1
|0100010000000000001011101> :  0.6548555E-05  0.1000000E-03           1
|0100000001001001011101101> :  0.1643132E-06  0.1000000E-03           1
|0100011101110000001000100> :  0.7193795E-07  0.1000000E-03           1
|0100011100000101010110001> :  0.1607290E-09  0.1000000E-03           1
|0100001001000110010100100> :  0.1475560E-07  0.1000000E-03           1
|0100011001001000000100100> :  0.1428934E-06  0.1000000E-03           1
|0100011001000000000100110> :  0.1370586E-06  0.1000000E-03           1
|0100001001000000001001101> :  0.1609561E-04  0.1000000E-03           1
|0100000001001001001010101> :  0.7856225E-05  0.1000000E-03           1
|0001100000001000001001101> :  0.3256427E-04  0.1000000E-03           1
|0001000000101000001010110> :  0.2379380E-07  0.1000000E-03           1
|0000100001000001010100101> :  0.4507883E-06  0.1000000E-03           1
|0100010111100001000010000> :  0.1797805E-05  0.1000000E-03           1
|0100010111000000101100101> :  0.2154400E-07  0.1000000E-03           1
|0100001000011010000100101> :  0.3670039E-07  0.1000000E-03           1
|0100010110001000000101100> :  0.1275496E-06  0.1000000E-03           1
|0100010110000000000110101> :  0.2174903E-05  0.1000000E-03           1
|0100001000011001000010110> :  0.9561976E-09  0.1000000E-03           1
|0100000001001000001011101> :  0.6350325E-05  0.1000000E-03           1
|0100010101010100001100000> :  0.3874008E-07  0.1000000E-03           1
|0100010101010001000100001> :  0.1798322E-06  0.1000000E-03           1
|0100000111100110010001101> :  0.5373585E-09  0.1000000E-03           1
|0100010101001000001010100> :  0.6729576E-04  0.1000000E-03           1
|0100110010001000000001101> :  0.3801232E-05  0.1000000E-03           1
|0100000101001011101000100> :  0.1535826E-08  0.1000000E-03           1
|0100000001001000001010101> :  0.3460521E-04  0.1000000E-03           1
|0001100000000001001101101> :  0.1129099E-06  0.1000000E-03           1
|0100010101001000000010101> :  0.1050927E-03  0.1000000E-03           1
|0100010101000000011001101> :  0.5990087E-05  0.1000000E-03           1
|0100000100000001000111101> :  0.9105550E-06  0.1000000E-03           1
|0100010101000000011000101> :  0.3135618E-04  0.1000000E-03           1
|0100110001110000011000101> :  0.9129037E-05  0.1000000E-03           1
|0100110001101000000100101> :  0.1292335E-04  0.1000000E-03           1
|0100010011100001000010100> :  0.5579798E-05  0.1000000E-03           1
|0100000011100001000010101> :  0.7957182E-04  0.1000000E-03           1
|0100000001001000000011101> :  0.6498864E-05  0.1000000E-03           1
|0100110001100100000110100> :  0.1756201E-05  0.1000000E-03           1
|0100110001100001001110100> :  0.7058955E-05  0.1000000E-03           1
|0100110010000000001001101> :  0.4940624E-04  0.1000000E-03           1
|0100110010000000001010101> :  0.1694089E-04  0.1000000E-03           1
|0100110010000001001010100> :  0.4304024E-05  0.1000000E-03           1
|0100110010000001011110111> :  0.7752314E-06  0.1000000E-03           1
|0100110010000011000110101> :  0.1438219E-04  0.1000000E-03           1
|0100010011100000000100111> :  0.1465836E-06  0.1000000E-03           1
|0100110010001000001000101> :  0.4593750E-05  0.1000000E-03           1
|0100110010100000010100100> :  0.4182625E-05  0.1000000E-03           1
|0100110001100000000110101> :  0.3806601E-04  0.1000000E-03           1
|0100110001100000000100100> :  0.1047455E-04  0.1000000E-03           1
|0100110011000000000010100> :  0.1019746E-03  0.1000000E-03           1
|0100010011100000000010101> :  0.4934535E-04  0.1000000E-03           1
|0100000011010001010100111> :  0.7022526E-08  0.1000000E-03           1
|0100110011000000001001101> :  0.4014837E-04  0.1000000E-03           1
|0100110001010000001000101> :  0.6771128E-05  0.1000000E-03           1
|0100110011000000001111111> :  0.3184112E-05  0.1000000E-03           1
|0100110011000000010100001> :  0.8267255E-06  0.1000000E-03           1
|0100110011000000010110101> :  0.1058739E-03  0.1000000E-03           1
|0100110011000000011110111> :  0.4194965E-04  0.1000000E-03           1
|0100110001001001000010101> :  0.2710638E-04  0.1000000E-03           1
|0100010011100000000000101> :  0.1093639E-04  0.1000000E-03           1
|0100110001001000110100100> :  0.1969069E-06  0.1000000E-03           1
|0100110011000001010000101> :  0.5499915E-04  0.1000000E-03           1
|0100110011000001010010101> :  0.1046881E-03  0.1000000E-03           1
|0100110011000001100100101> :  0.6785281E-05  0.1000000E-03           1
|0100010011010000001010111> :  0.6959092E-05  0.1000000E-03           1
|0100110011000010000110101> :  0.9974398E-04  0.1000000E-03           1
|0100110011000010001000101> :  0.2106648E-05  0.1000000E-03           1
|0100110011000010010000101> :  0.1313753E-05  0.1000000E-03           1
|0100110011000010010010111> :  0.4432006E-06  0.1000000E-03           1
|0100110011000100000010100> :  0.3956770E-04  0.1000000E-03           1
|0100110011000100000010111> :  0.9242610E-05  0.1000000E-03           1
|0100110011000100000110101> :  0.6009612E-04  0.1000000E-03           1
|0100110011001000001110111> :  0.1854067E-04  0.1000000E-03           1
|0100110011001001000010100> :  0.1364868E-04  0.1000000E-03           1
|0100110011010000000010111> :  0.5563500E-05  0.1000000E-03           1
|0100110011100000000110111> :  0.1134347E-04  0.1000000E-03           1
|0100110011100000001111100> :  0.2037496E-07  0.1000000E-03           1
|0100110011100001001000110> :  0.5180051E-06  0.1000000E-03           1
|0100110011101001001100111> :  0.1109487E-07  0.1000000E-03           1
|0100110100000000011110100> :  0.9091488E-05  0.1000000E-03           1
|0100110100000000011110101> :  0.6187410E-06  0.1000000E-03           1
|0100000011001000001010100> :  0.6894352E-06  0.1000000E-03           1
|0100110101000000011100100> :  0.1011014E-04  0.1000000E-03           1
|0100110101000001000110100> :  0.2463877E-04  0.1000000E-03           1
|0100110101000100011000101> :  0.8257426E-06  0.1000000E-03           1
|0100110101100010011110101> :  0.2188816E-06  0.1000000E-03           1
|0100110101101100001110101> :  0.2080168E-07  0.1000000E-03           1
|0100110110001000000100101> :  0.2835334E-05  0.1000000E-03           1
|0100110111001001001000101> :  0.1863137E-06  0.1000000E-03           1
|0100111001000010011010101> :  0.1923018E-05  0.1000000E-03           1
|0100111001001000000110101> :  0.2383757E-05  0.1000000E-03           1
|0100111010000000000110100> :  0.2367122E-06  0.1000000E-03           1
|0100111011000000000100101> :  0.3207583E-05  0.1000000E-03           1
|0101000000001000001001101> :  0.8310518E-04  0.1000000E-03           1
|0100000001000001111010101> :  0.4900064E-05  0.1000000E-03           1
|0001010011101000000100100> :  0.5253738E-07  0.1000000E-03           1
|0101000000001000101001101> :  0.1219727E-03  0.1000000E-03           1
|0101000001000000011001101> :  0.1431907E-04  0.1000000E-03           1
|0101000001001000001001101> :  0.6173954E-04  0.1000000E-03           1
|0101000001001000100001101> :  0.1057790E-04  0.1000000E-03           1
|0101000001001000101001101> :  0.4996274E-04  0.1000000E-03           1
|0101000010000000101001101> :  0.1414965E-04  0.1000000E-03           1
|0101000100111000000100101> :  0.2485696E-06  0.1000000E-03           1
|0101000101010001001000111> :  0.7279976E-07  0.1000000E-03           1
|0101000110000011000101100> :  0.3585687E-06  0.1000000E-03           1
|0101001000000010000110100> :  0.7213671E-07  0.1000000E-03           1
|0101001000100000000101110> :  0.4052346E-06  0.1000000E-03           1
|0001000000001001000111110> :  0.2646761E-06  0.1000000E-03           1
|0100110001001000001010100> :  0.2193806E-04  0.1000000E-03           1
|0100010011001000001010111> :  0.1774064E-04  0.1000000E-03           1
|0101010000001100001001101> :  0.6475663E-04  0.1000000E-03           1
|0101010001001000001000101> :  0.8845003E-04  0.1000000E-03           1
|0100110001000110011000101> :  0.4880019E-05  0.1000000E-03           1
|0100010011001000001001101> :  0.9051009E-05  0.1000000E-03           1
|0101010001011000001000100> :  0.6665938E-05  0.1000000E-03           1
|0101010010100010100001101> :  0.2462906E-06  0.1000000E-03           1
|0100000011001000000100111> :  0.1726622E-05  0.1000000E-03           1
|0101010100000000001111110> :  0.6581033E-08  0.1000000E-03           1
|0101010100001010000110000> :  0.4591037E-07  0.1000000E-03           1
|0101100000001000001001111> :  0.1916185E-06  0.1000000E-03           1
|0100110001000110000100100> :  0.1107240E-05  0.1000000E-03           1
|0101100001001000101001100> :  0.7119505E-05  0.1000000E-03           1
|0101100010000001000000101> :  0.8511068E-06  0.1000000E-03           1
|0100110001000101000100100> :  0.5697176E-05  0.1000000E-03           1
|0101100011000000001001101> :  0.5764816E-05  0.1000000E-03           1
|0101100011000001000001100> :  0.6826227E-07  0.1000000E-03           1
|0101100011101010010000101> :  0.1157721E-08  0.1000000E-03           1
|0101100011110010001000101> :  0.1326139E-07  0.1000000E-03           1
|0101100100001000100100101> :  0.4317530E-06  0.1000000E-03           1
|0101101000001000000001101> :  0.4059494E-05  0.1000000E-03           1
|0101101111100000000100100> :  0.2127174E-08  0.1000000E-03           1
|0101110000001000001001100> :  0.6764123E-05  0.1000000E-03           1
|0100010011001000000010100> :  0.1088911E-04  0.1000000E-03           1
|0100110001000100001100101> :  0.9908703E-05  0.1000000E-03           1
|0101110011000001000000101> :  0.1306183E-06  0.1000000E-03           1
|0101110011001000011011101> :  0.6497813E-10  0.1000000E-03           1
|0100110001000010111010101> :  0.4343174E-05  0.1000000E-03           1
|0100010011000010000010100> :  0.1525185E-04  0.1000000E-03           1
|0100000011001000000001101> :  0.2245213E-05  0.1000000E-03           1
|0110000000001000001001101> :  0.1148725E-03  0.1000000E-03           1
|0100000001000001001011101> :  0.1192238E-04  0.1000000E-03           1
|0100110001000010010101101> :  0.5907158E-06  0.1000000E-03           1
|0100110001000001101000101> :  0.3090833E-04  0.1000000E-03           1
|0110000001000001011001101> :  0.1322359E-04  0.1000000E-03           1
|0100010011000001001011000> :  0.2879962E-05  0.1000000E-03           1
|0110010000000000011001101> :  0.3737088E-04  0.1000000E-03           1
|0100110001000001011010101> :  0.7947826E-05  0.1000000E-03           1
|0110010000100010000000100> :  0.4435035E-07  0.1000000E-03           1
|0110010001000000001000101> :  0.4787693E-04  0.1000000E-03           1
|0110010001000000011001101> :  0.6036438E-04  0.1000000E-03           1
|0110010001100000010110100> :  0.5822779E-07  0.1000000E-03           1
|0110010010001000000001101> :  0.4603916E-06  0.1000000E-03           1
|0100110001000001011000101> :  0.4493362E-04  0.1000000E-03           1
|0110100011000011000000100> :  0.7592536E-05  0.1000000E-03           1
|0100000011000101001010100> :  0.3404533E-05  0.1000000E-03           1
|0110110001000000001000101> :  0.5408485E-04  0.1000000E-03           1
|0110110001000000011110101> :  0.1325922E-05  0.1000000E-03           1
|0111000000000000101001101> :  0.8496980E-06  0.1000000E-03           1
|0111000100000010001101001> :  0.3183301E-07  0.1000000E-03           1
|0111010000001000001001101> :  0.1313602E-04  0.1000000E-03           1
|0111110000001000001001101> :  0.4853908E-05  0.1000000E-03           1
|1000100011000001010010000> :  0.2652132E-08  0.1000000E-03           1
|0100110001000001001000101> :  0.2879370E-04  0.1000000E-03           1
|1100000001000000010100101> :  0.7071485E-05  0.1000000E-03           1
|0100010011000001001000101> :  0.6631838E-04  0.1000000E-03           1
|1100000001000001000011100> :  0.6153649E-05  0.1000000E-03           1
|1100000001000001000011101> :  0.4874423E-05  0.1000000E-03           1
|1100000001000001001011101> :  0.1221833E-04  0.1000000E-03           1
|0100110001000001000000101> :  0.3670212E-04  0.1000000E-03           1
|1100000001010011010100100> :  0.6606146E-06  0.1000000E-03           1
|0100010011000001000000101> :  0.7472625E-04  0.1000000E-03           1
|1100000011000000000011100> :  0.8418632E-05  0.1000000E-03           1
|0100000011000011010111100> :  0.5372145E-06  0.1000000E-03           1
|0001010010110100000100100> :  0.2060572E-08  0.1000000E-03           1
|1100000011000001001110101> :  0.2426927E-05  0.1000000E-03           1
|1100000011000001011100100> :  0.1548653E-06  0.1000000E-03           1
|0100110001000000101000101> :  0.2639411E-04  0.1000000E-03           1
|1100001001000000000011101> :  0.9077687E-05  0.1000000E-03           1
|0100110001000000011111101> :  0.3429184E-04  0.1000000E-03           1
|1100010001000000001000011> :  0.9040613E-07  0.1000000E-03           1
|0100010011000000010000101> :  0.7532420E-05  0.1000000E-03           1
|0100110001000000011010100> :  0.1241124E-03  0.1000000E-03           1
|1100010001000000001010101> :  0.4117462E-04  0.1000000E-03           1
|0100010011000000001010100> :  0.1337318E-04  0.1000000E-03           1
|1100010001000000010110101> :  0.8645858E-05  0.1000000E-03           1
|1100010001000001000010100> :  0.1305109E-05  0.1000000E-03           1
|1100010001000001000010101> :  0.3181053E-04  0.1000000E-03           1
|1100010001000010000111101> :  0.2314127E-06  0.1000000E-03           1
|0100000011000011000010101> :  0.3403616E-04  0.1000000E-03           1
|0100110001000000011001101> :  0.1429365E-03  0.1000000E-03           1
|0100010011000000001010001> :  0.2833698E-04  0.1000000E-03           1
|1100010001001100000010100> :  0.3072988E-05  0.1000000E-03           1
|1100010001010000000010101> :  0.9784561E-05  0.1000000E-03           1
|1100010001100000000100101> :  0.1233706E-04  0.1000000E-03           1
|1100010001100000101101101> :  0.2508602E-07  0.1000000E-03           1
|1100010001100010000111101> :  0.4010765E-07  0.1000000E-03           1
|0100110001000000010111101> :  0.7914174E-04  0.1000000E-03           1
|1100010011000000001011100> :  0.3587284E-04  0.1000000E-03           1
|1100010011001000000010100> :  0.1496195E-05  0.1000000E-03           1
|1100010101000000000010100> :  0.2306190E-04  0.1000000E-03           1
|0100000011000011000001101> :  0.4787207E-04  0.1000000E-03           1
|1100010101011000000000100> :  0.6390776E-05  0.1000000E-03           1
|1100010111000000000010100> :  0.2857280E-04  0.1000000E-03           1
|1100011001010010000100100> :  0.1076634E-06  0.1000000E-03           1
|0100000001000001001001101> :  0.6942819E-05  0.1000000E-03           1
|1100100000010000101101100> :  0.4727839E-07  0.1000000E-03           1
|0100110001000000010010100> :  0.5837655E-05  0.1000000E-03           1
|1110010000000000011100101> :  0.7696284E-07  0.1000000E-03           1
|0100010010001001000010101> :  0.8998832E-05  0.1000000E-03           1
|1101110101000000000100000> :  0.5153336E-06  0.1000000E-03           1
|1100100001000001000000101> :  0.1600180E-04  0.1000000E-03           1
|1100100001000001000010101> :  0.8525020E-04  0.1000000E-03           1
|1101010001000000001011100> :  0.5836302E-05  0.1000000E-03           1
|0100010010001000001011100> :  0.4551285E-04  0.1000000E-03           1
|1100100001101010010010100> :  0.4214287E-07  0.1000000E-03           1
|1100100010000000011100101> :  0.2051262E-05  0.1000000E-03           1
|0100000011000001100010100> :  0.2401710E-05  0.1000000E-03           1
|1100100010000001001100101> :  0.2771914E-05  0.1000000E-03           1
|1100100011000000000001100> :  0.1247058E-05  0.1000000E-03           1
|1100100011000000000110101> :  0.3121160E-04  0.1000000E-03           1
|1100111001000000000001100> :  0.3515539E-06  0.1000000E-03           1
|1100100011000001000010110> :  0.8397410E-04  0.1000000E-03           1
|1100100011000001000110101> :  0.1014530E-03  0.1000000E-03           1
|1100100011000001001010000> :  0.4207736E-04  0.1000000E-03           1
|1100110011000100000010100> :  0.4619073E-04  0.1000000E-03           1
|1100100011000010000010101> :  0.3282754E-05  0.1000000E-03           1
|1100100011000101000010100> :  0.2642286E-04  0.1000000E-03           1
|1100100011100001000010100> :  0.4829590E-05  0.1000000E-03           1
|1100100101000000000110000> :  0.5499269E-05  0.1000000E-03           1
|1100101001000001000010101> :  0.2249390E-03  0.1000000E-03           1
|1100110000000000000001101> :  0.8234501E-06  0.1000000E-03           1
|1100110001000000000001101> :  0.7915765E-04  0.1000000E-03           1
|0100010010000000001011101> :  0.2695006E-04  0.1000000E-03           1
|1100110011000000001001100> :  0.2945922E-05  0.1000000E-03           1
|1100110001000000000011100> :  0.3294176E-05  0.1000000E-03           1
|1100110001000000001000101> :  0.7051716E-04  0.1000000E-03           1
|1100110010100000001100101> :  0.5208848E-06  0.1000000E-03           1
|0100110000101010001001101> :  0.5324920E-07  0.1000000E-03           1
|1100110010100000000110100> :  0.1218386E-05  0.1000000E-03           1
|1100110001000000010000101> :  0.2226367E-04  0.1000000E-03           1
|1100110001000000010110101> :  0.3543934E-04  0.1000000E-03           1
|1100110001000001000010101> :  0.2125488E-04  0.1000000E-03           1
|1100110001000001001000101> :  0.1124470E-04  0.1000000E-03           1
|1100110001000010000110101> :  0.7421261E-05  0.1000000E-03           1
|1100110001000100000011100> :  0.1403045E-05  0.1000000E-03           1
|1100110001001000000000101> :  0.2736905E-04  0.1000000E-03           1
|1100110001001000000110101> :  0.5540541E-05  0.1000000E-03           1
|1100110001010000000001100> :  0.3850763E-05  0.1000000E-03           1
|1100110001010000000010100> :  0.3147548E-04  0.1000000E-03           1
|1100110001010000000010101> :  0.8451970E-05  0.1000000E-03           1
|1100110010000000000010101> :  0.1332252E-04  0.1000000E-03           1
|1100110010000000000111001> :  0.1727753E-07  0.1000000E-03           1
|1100110010000001000100101> :  0.2290192E-04  0.1000000E-03           1
|0100110000100000000110101> :  0.3777964E-04  0.1000000E-03           1
|0100010001101000010100100> :  0.7282577E-06  0.1000000E-03           1
|0100000011000001011010001> :  0.3065098E-04  0.1000000E-03           1
|0100000001000000001101110> :  0.4292013E-06  0.1000000E-03           1
|1100110101000000000010100> :  0.3801306E-04  0.1000000E-03           1
|0001010000001000001001101> :  0.2398148E-04  0.1000000E-03           1
|1100111001010011000010101> :  0.1138172E-08  0.1000000E-03           1
|0001000000000101000010011> :  0.1506982E-09  0.1000000E-03           1
|1101100010100000000101100> :  0.1994398E-06  0.1000000E-03           1
|0000010010100001101100001> :  0.5014392E-07  0.1000000E-03           1
|1110000001100001101010000> :  0.2765954E-08  0.1000000E-03           1
|0000001000001010000100101> :  0.1985184E-08  0.1000000E-03           1
|1111110000000001011000101> :  0.2293078E-08  0.1000000E-03           1
|0000000011000010000100101> :  0.8192607E-07  0.1000000E-03           1
