# state, exact probability, frequency, count:
#------------------------------------------------------------------
|101011010000010010000010010010> :  0.9593375E+00  0.9557000E+00        9557
|101011010001010010000000001010> :  0.6810006E-03  0.1000000E-02          10
|101011010000010010000010010011> :  0.1027476E-02  0.8000000E-03           8
|101011010001010010000000001011> :  0.3582113E-03  0.5000000E-03           5
|101011010001010010000000001110> :  0.2223709E-03  0.3000000E-03           3
|101011010000010010100010010010> :  0.2888281E-04  0.3000000E-03           3
|101011010001010010000000000010> :  0.5409755E-04  0.3000000E-03           3
|101011010000010010000011010110> :  0.4143264E-04  0.3000000E-03           3
|101011000001000011000000100010> :  0.1150491E-03  0.3000000E-03           3
|101011010000000010001000010010> :  0.3897732E-04  0.3000000E-03           3
|101011010000010010000010001010> :  0.4312401E-04  0.3000000E-03           3
|101001000000010011010010110010> :  0.9836845E-04  0.3000000E-03           3
|101001010000010011000010110001> :  0.7159884E-04  0.3000000E-03           3
|101011000000010011000010110011> :  0.7725285E-04  0.2000000E-03           2
|101011010011010010000000001010> :  0.3685297E-04  0.2000000E-03           2
|101010010000010010000010001011> :  0.3059952E-04  0.2000000E-03           2
|101011000001010010000010001010> :  0.1008909E-03  0.2000000E-03           2
|111011010000010010000000110010> :  0.5076690E-04  0.2000000E-03           2
|101011010001010011000000110010> :  0.6052175E-04  0.2000000E-03           2
|101011010000010010000011000010> :  0.1637094E-03  0.2000000E-03           2
|101011000001001010000010111001> :  0.1780739E-04  0.2000000E-03           2
|101011000001001010000000101010> :  0.6649416E-04  0.2000000E-03           2
|101101000000000011000010110001> :  0.8862296E-04  0.2000000E-03           2
|101011000000110001000010010010> :  0.1672171E-03  0.2000000E-03           2
|101011010000010010100010001010> :  0.9276614E-04  0.2000000E-03           2
|101011001000000010000010110010> :  0.4863866E-04  0.2000000E-03           2
|100001000000010001000010110011> :  0.7752028E-04  0.2000000E-03           2
|101011100000011010100010010000> :  0.1131086E-03  0.2000000E-03           2
|101011010001010010000010010011> :  0.3519181E-04  0.2000000E-03           2
|101011010011010010000100000010> :  0.6153163E-04  0.2000000E-03           2
|101001000000010011000000111011> :  0.4649340E-04  0.2000000E-03           2
|101011010000010010001010000010> :  0.1565785E-03  0.2000000E-03           2
|101011010000010010000010110010> :  0.2759626E-03  0.2000000E-03           2
|101011010000010011000000110011> :  0.2320368E-04  0.2000000E-03           2
|101011010001000010000010110010> :  0.1671629E-04  0.2000000E-03           2
|101011010000010011000000110001> :  0.7095922E-05  0.2000000E-03           2
|101001010000010011000000110010> :  0.6021556E-04  0.2000000E-03           2
|101011010000000010000010011011> :  0.8896810E-04  0.2000000E-03           2
|101011010000010110000010100010> :  0.2894257E-04  0.2000000E-03           2
|111011010000010000000010010011> :  0.3115364E-04  0.2000000E-03           2
|101011010001010010000011000010> :  0.1277895E-03  0.2000000E-03           2
|101011010001110010000010001010> :  0.5487975E-04  0.2000000E-03           2
|101011000000110010000010001010> :  0.5050227E-04  0.2000000E-03           2
|111011000000000010000010110010> :  0.1772491E-03  0.2000000E-03           2
|101011000000010011000010010011> :  0.4207300E-04  0.2000000E-03           2
|101011010010010000000010000010> :  0.7938307E-04  0.2000000E-03           2
|111011010000010010000010001010> :  0.3313701E-04  0.2000000E-03           2
|101011000001010010000010100010> :  0.1387281E-03  0.2000000E-03           2
|101001000000010011000010110010> :  0.2704698E-03  0.2000000E-03           2
|101011010010010010000010001010> :  0.1905832E-03  0.2000000E-03           2
|101011010000010010100010100010> :  0.7937051E-04  0.2000000E-03           2
|100010111000010100000101000010> :  0.1472024E-08  0.1000000E-03           1
|100010101100011100000000100010> :  0.1800347E-09  0.1000000E-03           1
|011011000001001010000000110010> :  0.1678148E-07  0.1000000E-03           1
|101000010100110001000100001001> :  0.5612662E-09  0.1000000E-03           1
|101000000001110010010100100101> :  0.3797190E-09  0.1000000E-03           1
|100010000101001010000010011011> :  0.4263776E-08  0.1000000E-03           1
|101000000001010100001110100101> :  0.8005052E-09  0.1000000E-03           1
|101001000000000010000010110011> :  0.2288737E-04  0.1000000E-03           1
|101001000000000010000010111011> :  0.4588993E-05  0.1000000E-03           1
|101001000000000010001010110010> :  0.1153028E-04  0.1000000E-03           1
|101001000000000010001011010110> :  0.5943611E-07  0.1000000E-03           1
|100111011001000000000000001011> :  0.7388964E-09  0.1000000E-03           1
|100010000101001001000001100100> :  0.2625152E-09  0.1000000E-03           1
|011010010011110000000000001010> :  0.5143129E-07  0.1000000E-03           1
|001011010000010010000010110011> :  0.1372291E-04  0.1000000E-03           1
|100111010001111000000000100110> :  0.1060486E-09  0.1000000E-03           1
|100111000001110101010000000001> :  0.2289500E-09  0.1000000E-03           1
|100010000001000100001010011010> :  0.5349688E-09  0.1000000E-03           1
|100111000000000110100010111111> :  0.6634088E-11  0.1000000E-03           1
|100101010000000010001010101011> :  0.7197255E-08  0.1000000E-03           1
|100010000000010000100011001110> :  0.2988546E-09  0.1000000E-03           1
|001111110010000011010000000001> :  0.5533499E-10  0.1000000E-03           1
|100101000000000101100111100001> :  0.6386083E-09  0.1000000E-03           1
|100011100110110000001010000000> :  0.8752579E-08  0.1000000E-03           1
|100001101000101000100001110000> :  0.1577957E-08  0.1000000E-03           1
|100011100011000100010000000011> :  0.4839198E-10  0.1000000E-03           1
|100011011000110010000010110011> :  0.3467746E-06  0.1000000E-03           1
|100001011101010010000100001100> :  0.8954231E-10  0.1000000E-03           1
|001111100011100101000000000001> :  0.1954339E-09  0.1000000E-03           1
|001011010000010010000010100011> :  0.3554768E-05  0.1000000E-03           1
|000111000000110100100110100010> :  0.1803609E-10  0.1000000E-03           1
|100011010100010010000010111011> :  0.1128588E-05  0.1000000E-03           1
|100011010001010011000000001011> :  0.3416411E-04  0.1000000E-03           1
|100001010001010000100000001100> :  0.1292056E-10  0.1000000E-03           1
|101001000001010011000000110011> :  0.2809654E-04  0.1000000E-03           1
|101001000001000110000011101001> :  0.2634560E-07  0.1000000E-03           1
|100011010001000011000000001011> :  0.5076192E-06  0.1000000E-03           1
|101001000001000011010000111010> :  0.5414973E-04  0.1000000E-03           1
|101001000001000011010000110010> :  0.4177923E-04  0.1000000E-03           1
|101001000001010011000000111001> :  0.3322204E-04  0.1000000E-03           1
|101001000010010010000010100110> :  0.3447031E-05  0.1000000E-03           1
|101001010000001010000110010011> :  0.3004603E-05  0.1000000E-03           1
|101001010000010001000010110001> :  0.1626698E-05  0.1000000E-03           1
|101001010000010010000010010010> :  0.4112471E-04  0.1000000E-03           1
|101001010000010010000010110010> :  0.2005353E-04  0.1000000E-03           1
|101001010000010010000010110011> :  0.2146149E-04  0.1000000E-03           1
|101001010000010010000011010111> :  0.2966248E-05  0.1000000E-03           1
|101001010000010010000101110011> :  0.3873570E-05  0.1000000E-03           1
|101011010000010010000010001110> :  0.3833968E-04  0.1000000E-03           1
|101001010000010011000010010010> :  0.1888206E-04  0.1000000E-03           1
|101011010000010010000010100010> :  0.2910420E-04  0.1000000E-03           1
|101001010000110100000010101000> :  0.1905578E-07  0.1000000E-03           1
|101001010001000010000000110011> :  0.5210472E-04  0.1000000E-03           1
|101001010001100011001110010010> :  0.8489046E-08  0.1000000E-03           1
|101001010010010010000010010010> :  0.8153755E-05  0.1000000E-03           1
|101001011000000010000011010100> :  0.1774752E-06  0.1000000E-03           1
|101001011000010001000100010011> :  0.6987347E-07  0.1000000E-03           1
|101001011100110010000000000010> :  0.5791933E-07  0.1000000E-03           1
|101001100000010011000010110000> :  0.1427955E-04  0.1000000E-03           1
|101010000001000011000000110011> :  0.2158438E-04  0.1000000E-03           1
|101010000001010011000000101011> :  0.6646028E-05  0.1000000E-03           1
|101010000001010011000010100011> :  0.3377912E-06  0.1000000E-03           1
|101010000001010011010011001001> :  0.2742089E-08  0.1000000E-03           1
|101011010000110010000010010010> :  0.7089332E-04  0.1000000E-03           1
|101010010001000010000000001011> :  0.2299999E-04  0.1000000E-03           1
|101010010001010010000000101010> :  0.9106969E-05  0.1000000E-03           1
|101010010001010010000010100010> :  0.1763462E-04  0.1000000E-03           1
|101010011100010001000000001010> :  0.2702964E-08  0.1000000E-03           1
|101011000000001010000010010001> :  0.5824741E-06  0.1000000E-03           1
|101011000000001010000010111010> :  0.5119437E-04  0.1000000E-03           1
|101011000000001011000010110000> :  0.9884915E-05  0.1000000E-03           1
|101011000000010001000000100011> :  0.8234966E-07  0.1000000E-03           1
|101011000000010001000000110011> :  0.9829343E-05  0.1000000E-03           1
|101011000000010001000010100011> :  0.1019321E-04  0.1000000E-03           1
|101011000000010001000010110010> :  0.3390584E-04  0.1000000E-03           1
|100011010001000010000000101011> :  0.5386140E-04  0.1000000E-03           1
|100001001010001010110010001001> :  0.2264032E-11  0.1000000E-03           1
|001011111000101000001010000000> :  0.8086043E-10  0.1000000E-03           1
|101001000001000011000100110010> :  0.2417782E-04  0.1000000E-03           1
|101001000001000011000010110011> :  0.2776097E-04  0.1000000E-03           1
|100011010001000010000000001011> :  0.3080374E-05  0.1000000E-03           1
|101001000001000011000010110001> :  0.1080568E-04  0.1000000E-03           1
|101001000001000011000000111011> :  0.5698109E-04  0.1000000E-03           1
|100011010000110010000010010010> :  0.1615475E-04  0.1000000E-03           1
|100001001000010101000000010001> :  0.1593704E-08  0.1000000E-03           1
|101001000001000011000000111001> :  0.1590370E-04  0.1000000E-03           1
|101001000000011011000010110000> :  0.1194295E-04  0.1000000E-03           1
|100011010000010011000010010010> :  0.6716979E-06  0.1000000E-03           1
|101001000000010011100010110010> :  0.2506470E-04  0.1000000E-03           1
|101011000001010010000000001011> :  0.4549639E-04  0.1000000E-03           1
|100011010000010010000010110010> :  0.3566076E-05  0.1000000E-03           1
|100001000001110011000001101101> :  0.1883666E-08  0.1000000E-03           1
|001011110001000100100010010010> :  0.1560987E-09  0.1000000E-03           1
|001010000010101010010000110010> :  0.1413787E-09  0.1000000E-03           1
|101001000000010011000010111011> :  0.7080434E-04  0.1000000E-03           1
|101001000000010011000010111010> :  0.4988960E-04  0.1000000E-03           1
|100011010000010010000010001011> :  0.3801508E-04  0.1000000E-03           1
|101011000001001010000010110000> :  0.8867903E-04  0.1000000E-03           1
|101011100000011010000010011000> :  0.3623383E-04  0.1000000E-03           1
|101011000001001010000010100010> :  0.2235940E-04  0.1000000E-03           1
|101011100000010010001010010010> :  0.3489079E-04  0.1000000E-03           1
|101011100000010010000010001010> :  0.1710636E-04  0.1000000E-03           1
|101011000001000011000010110010> :  0.9879859E-05  0.1000000E-03           1
|101011100001110010000010000010> :  0.6541888E-05  0.1000000E-03           1
|101011000001001011000000100010> :  0.4194707E-05  0.1000000E-03           1
|101011000001010001000010001010> :  0.1584719E-04  0.1000000E-03           1
|101011000001010001000010100011> :  0.9540132E-05  0.1000000E-03           1
|101011110000111010000000000010> :  0.3689831E-07  0.1000000E-03           1
|101011000001010010000000101010> :  0.3341248E-04  0.1000000E-03           1
|101011000001010010000010000010> :  0.7005590E-05  0.1000000E-03           1
|101101000000010001000010110011> :  0.5100507E-04  0.1000000E-03           1
|101011000001010010000010011001> :  0.2325414E-04  0.1000000E-03           1
|101111000010110110100110000000> :  0.6077228E-10  0.1000000E-03           1
|101011000001010010000010100011> :  0.5034576E-04  0.1000000E-03           1
|101011000001010011000000100010> :  0.1631587E-04  0.1000000E-03           1
|101011000001010011000010001001> :  0.9943427E-05  0.1000000E-03           1
|101011000001010011000010001011> :  0.2865707E-04  0.1000000E-03           1
|101011000001010011000010010010> :  0.2597363E-04  0.1000000E-03           1
|101011000001010011000010110000> :  0.1233916E-04  0.1000000E-03           1
|101011000001010111000000100010> :  0.1135511E-04  0.1000000E-03           1
|101011000001011010000010001010> :  0.2315853E-04  0.1000000E-03           1
|101011000001100010000000001010> :  0.1123001E-04  0.1000000E-03           1
|101011000001100010000010001010> :  0.5320507E-04  0.1000000E-03           1
|101011000001100011000000001010> :  0.1385731E-04  0.1000000E-03           1
|101011000001110011000000001011> :  0.2634925E-06  0.1000000E-03           1
|101011000011010010000000100010> :  0.1206446E-06  0.1000000E-03           1
|101011000100000010000010110010> :  0.3177824E-04  0.1000000E-03           1
|101011000100010000010010010011> :  0.1042529E-05  0.1000000E-03           1
|111011010010010010000010010000> :  0.3267831E-04  0.1000000E-03           1
|101011001000000010010011010010> :  0.6656766E-07  0.1000000E-03           1
|101011010000000010000010010010> :  0.1684575E-04  0.1000000E-03           1
|111111100111000000001100001000> :  0.1780710E-09  0.1000000E-03           1
|100011010000000001001010110101> :  0.7758055E-08  0.1000000E-03           1
|101011010000000010001000110010> :  0.3493126E-04  0.1000000E-03           1
|101011010000000010001010010010> :  0.9932552E-05  0.1000000E-03           1
|101011010000000010001010110100> :  0.7291203E-05  0.1000000E-03           1
|101011010000000010100010010010> :  0.2537497E-05  0.1000000E-03           1
|101011010000000011000000010011> :  0.6983376E-05  0.1000000E-03           1
|101011010000000110000101100100> :  0.4735179E-08  0.1000000E-03           1
|101011010000001010000010011010> :  0.7425671E-05  0.1000000E-03           1
|101011010000010000000010010011> :  0.4006938E-04  0.1000000E-03           1
|101011010000010000000011110110> :  0.6934624E-06  0.1000000E-03           1
|101011010000010000010001001011> :  0.8454089E-08  0.1000000E-03           1
|101011010000010001000010100011> :  0.1302268E-04  0.1000000E-03           1
|101011010000010010000000011011> :  0.3994116E-04  0.1000000E-03           1
|101011010000010010000000101011> :  0.4277863E-05  0.1000000E-03           1
|101011010000010010000000111010> :  0.1239959E-04  0.1000000E-03           1
|100001000000010011000010110001> :  0.2810671E-04  0.1000000E-03           1
|101011010000010010000010001011> :  0.2676942E-04  0.1000000E-03           1
|101011000001000011000000111010> :  0.1010870E-04  0.1000000E-03           1
|101011010000010010000010010000> :  0.2954064E-04  0.1000000E-03           1
|101011000001000011000000111001> :  0.1217497E-04  0.1000000E-03           1
|101001000000010011000000111010> :  0.2357949E-04  0.1000000E-03           1
|101011000001000011000000110001> :  0.5905699E-04  0.1000000E-03           1
|101011011000010010000110010011> :  0.2807170E-04  0.1000000E-03           1
|101001000000010011000000110010> :  0.2275924E-04  0.1000000E-03           1
|100011000010110010000000010010> :  0.4228555E-09  0.1000000E-03           1
|101011010000010010001000010010> :  0.2162102E-04  0.1000000E-03           1
|101011000001000010000011011101> :  0.3314006E-07  0.1000000E-03           1
|101011010000010010010001110010> :  0.7084747E-06  0.1000000E-03           1
|101011010000010010010010010010> :  0.5892185E-04  0.1000000E-03           1
|101011000001000010000010101011> :  0.6095470E-04  0.1000000E-03           1
|101001000000010010010011001011> :  0.2112893E-05  0.1000000E-03           1
|101011000001000010000000111010> :  0.5899155E-04  0.1000000E-03           1
|101011010000010011000000010011> :  0.8296957E-04  0.1000000E-03           1
|101011010011000010000000010010> :  0.6345341E-05  0.1000000E-03           1
|101011000001000010000000111001> :  0.1698396E-04  0.1000000E-03           1
|101011010000010011000010010000> :  0.1454369E-04  0.1000000E-03           1
|101011010000010011000010110010> :  0.4401773E-04  0.1000000E-03           1
|101011010000010110000010000010> :  0.1682483E-04  0.1000000E-03           1
|101001000000010010000010111011> :  0.4993906E-04  0.1000000E-03           1
|101011010000010110000011010011> :  0.4166595E-04  0.1000000E-03           1
|101011010000011010000010010010> :  0.2246267E-04  0.1000000E-03           1
|101011010000011110000110010010> :  0.6794972E-05  0.1000000E-03           1
|101011010000100010000000010010> :  0.1473365E-04  0.1000000E-03           1
|101011010000100110001110100000> :  0.2862485E-07  0.1000000E-03           1
|101011010000110000001111010010> :  0.4136826E-07  0.1000000E-03           1
|101011010000110010000000001010> :  0.9834761E-05  0.1000000E-03           1
|101011010000110010000000110010> :  0.1223761E-04  0.1000000E-03           1
|100011000001101010001001010011> :  0.2551364E-08  0.1000000E-03           1
|101011010000110010001000010010> :  0.1556531E-03  0.1000000E-03           1
|101011010000110110000011010010> :  0.4470179E-05  0.1000000E-03           1
|101011010001000010000000000011> :  0.3711750E-04  0.1000000E-03           1
|101011010001000010000000010010> :  0.1314933E-03  0.1000000E-03           1
|101011010001000010000000100010> :  0.3300998E-04  0.1000000E-03           1
|101011010001000010000000110010> :  0.7545343E-04  0.1000000E-03           1
|101011010001000010000010100011> :  0.4374352E-04  0.1000000E-03           1
|101011010001000010000010110000> :  0.8211402E-05  0.1000000E-03           1
|001011010110110000001000000010> :  0.1061257E-04  0.1000000E-03           1
|101011010001000010000011000010> :  0.2161418E-04  0.1000000E-03           1
|101011010001000010000100001011> :  0.1956235E-04  0.1000000E-03           1
|101011010001000011000000100010> :  0.3317578E-04  0.1000000E-03           1
|101011010001001011000110100010> :  0.9623711E-06  0.1000000E-03           1
|101011010001010000000010000010> :  0.7062002E-05  0.1000000E-03           1
|101011010001010000000010001011> :  0.4589324E-04  0.1000000E-03           1
|101011010001010000000010010011> :  0.2893718E-04  0.1000000E-03           1
|101011010001010000000010100011> :  0.2041940E-04  0.1000000E-03           1
|101011010001010000000011100100> :  0.1147951E-07  0.1000000E-03           1
|101011010010110000001010000010> :  0.7188338E-04  0.1000000E-03           1
|101011010010100100100000010000> :  0.4274506E-08  0.1000000E-03           1
|101001000000010010000010111001> :  0.5064152E-04  0.1000000E-03           1
|101011000000110001000010001011> :  0.2889176E-06  0.1000000E-03           1
|101011010001010010000000001111> :  0.1218567E-04  0.1000000E-03           1
|101011000000100100000110100001> :  0.2110158E-07  0.1000000E-03           1
|101001000000010001000010110001> :  0.3312753E-04  0.1000000E-03           1
|100011000001101010000000101010> :  0.9593762E-05  0.1000000E-03           1
|101011000000011010000010001010> :  0.1223449E-04  0.1000000E-03           1
|101011000000010110000011010011> :  0.1971840E-05  0.1000000E-03           1
|101001000000010000010011110011> :  0.1176640E-05  0.1000000E-03           1
|101011010001110010000000001010> :  0.2054665E-04  0.1000000E-03           1
|101011000000010011000010110010> :  0.7916628E-04  0.1000000E-03           1
|101001000000000110000101110010> :  0.1015679E-07  0.1000000E-03           1
|100011000001100001000000111111> :  0.2078209E-09  0.1000000E-03           1
|100001000000001001100011010001> :  0.1891861E-09  0.1000000E-03           1
|101011010001100010001000000010> :  0.2888782E-04  0.1000000E-03           1
|101011010001100010000000110010> :  0.5878097E-04  0.1000000E-03           1
|101011000000010011000010100010> :  0.3434812E-04  0.1000000E-03           1
|101011010001100010000000010010> :  0.1326354E-04  0.1000000E-03           1
|101011010001100010000000001010> :  0.6296538E-05  0.1000000E-03           1
|101011010001110000000000001010> :  0.6450730E-04  0.1000000E-03           1
|101011010001110000001000000010> :  0.3139170E-05  0.1000000E-03           1
|101011000000010011000010011001> :  0.2404938E-04  0.1000000E-03           1
|101001000000000100000011111000> :  0.1639962E-07  0.1000000E-03           1
|101011010001110010010010110010> :  0.1379234E-07  0.1000000E-03           1
|101011010001010011000010000010> :  0.9801304E-04  0.1000000E-03           1
|101011010010010001000000010010> :  0.3098051E-04  0.1000000E-03           1
|101011010010010001000010010010> :  0.3849312E-04  0.1000000E-03           1
|101011010010010010000000110010> :  0.2615138E-04  0.1000000E-03           1
|101011010001010011000000001011> :  0.1819266E-04  0.1000000E-03           1
|101011010010010010000010110110> :  0.2329074E-05  0.1000000E-03           1
|101011010010010010001000010010> :  0.1040615E-03  0.1000000E-03           1
|101011010001010011000000000011> :  0.1910311E-04  0.1000000E-03           1
|101011010010110000000010000011> :  0.2128283E-06  0.1000000E-03           1
|101011000000010011000010010010> :  0.2263395E-04  0.1000000E-03           1
|101011010010110010000000010010> :  0.3838474E-04  0.1000000E-03           1
|101001000000000011000010111010> :  0.1028776E-04  0.1000000E-03           1
|101011010011010000000000001010> :  0.3020594E-04  0.1000000E-03           1
|100011000001000101010000001111> :  0.2201845E-09  0.1000000E-03           1
|101011010011010010000000001011> :  0.7124287E-04  0.1000000E-03           1
|101011010011010010000010000010> :  0.1244103E-04  0.1000000E-03           1
|101011010001010010000100001001> :  0.5771793E-06  0.1000000E-03           1
|101011010100010010000010000010> :  0.2300093E-05  0.1000000E-03           1
|101011010111100010000100000000> :  0.1210685E-08  0.1000000E-03           1
|101011000000010011000000110011> :  0.8752083E-04  0.1000000E-03           1
|101011011000010110001010010010> :  0.1024872E-05  0.1000000E-03           1
|101011011001100010000001000101> :  0.1659690E-09  0.1000000E-03           1
|101011011010010000100100101000> :  0.1787671E-09  0.1000000E-03           1
|101011011010010110000011000110> :  0.1141880E-08  0.1000000E-03           1
|101011100000001010000000110010> :  0.4768494E-06  0.1000000E-03           1
|101011100000001010000010010000> :  0.4662894E-05  0.1000000E-03           1
|101011100000001010100010110000> :  0.1084432E-04  0.1000000E-03           1
|101011010001010010000010001011> :  0.4474329E-04  0.1000000E-03           1
|101011100000010010000010010001> :  0.3471595E-05  0.1000000E-03           1
|101011000000010010000010111011> :  0.3473631E-04  0.1000000E-03           1
|101011100000011010000010001010> :  0.8485642E-05  0.1000000E-03           1
|101001000000000011000010110010> :  0.4217728E-04  0.1000000E-03           1
|101011010001010010000010000011> :  0.7333523E-04  0.1000000E-03           1
|101011100001001010000000001010> :  0.5355203E-05  0.1000000E-03           1
|101011100001010010000010010001> :  0.4701763E-06  0.1000000E-03           1
|101011010001010010000000100011> :  0.3950535E-04  0.1000000E-03           1
|101011110000000010001000110110> :  0.1524199E-07  0.1000000E-03           1
|101011110000000011000110010011> :  0.1320098E-07  0.1000000E-03           1
|101011110000010001000010111000> :  0.3847947E-06  0.1000000E-03           1
|101011110000010010000010010001> :  0.1021177E-03  0.1000000E-03           1
|101011110000010010100010010000> :  0.4776231E-05  0.1000000E-03           1
|101011110000110000001000000010> :  0.3331848E-05  0.1000000E-03           1
|101011110000110010000010000010> :  0.2470256E-04  0.1000000E-03           1
|101011000000010010000010111010> :  0.3420095E-04  0.1000000E-03           1
|101011110001010010000000010010> :  0.3208650E-04  0.1000000E-03           1
|101011110001100010000100000000> :  0.3445163E-07  0.1000000E-03           1
|101011110010010010000010010000> :  0.1223247E-04  0.1000000E-03           1
|101011010001010010000000100010> :  0.1240266E-03  0.1000000E-03           1
|101101000000000011000010110010> :  0.3801358E-04  0.1000000E-03           1
|101011010001010010000000010010> :  0.3928984E-04  0.1000000E-03           1
|101101100100000000001001110000> :  0.7849122E-09  0.1000000E-03           1
|101101110100000000100100110000> :  0.8720946E-10  0.1000000E-03           1
|101110010011000001010100100001> :  0.1066269E-10  0.1000000E-03           1
|101011000000010010000010011011> :  0.1896874E-04  0.1000000E-03           1
|101111010000010000000010010010> :  0.5902800E-05  0.1000000E-03           1
|101111010000010010000010010010> :  0.1029167E-03  0.1000000E-03           1
|101111010000010010000010010110> :  0.2557422E-04  0.1000000E-03           1
|101111010000010010000011110010> :  0.7438635E-07  0.1000000E-03           1
|101111010100010001001010001000> :  0.3601639E-09  0.1000000E-03           1
|110001000000010000000100100010> :  0.1448042E-09  0.1000000E-03           1
|110001010100110110000000000010> :  0.5612293E-09  0.1000000E-03           1
|110111011110010000000010000000> :  0.5637076E-09  0.1000000E-03           1
|111001000001000001000111101010> :  0.8123506E-09  0.1000000E-03           1
|111001000010010011000010000110> :  0.6810867E-09  0.1000000E-03           1
|111001010000010010000010010010> :  0.9672669E-06  0.1000000E-03           1
|111001010001010010000001001100> :  0.1785386E-07  0.1000000E-03           1
|111001011000000010001011100010> :  0.2016645E-08  0.1000000E-03           1
|111001101000010110001010001000> :  0.1354857E-09  0.1000000E-03           1
|111010000011001000000100010110> :  0.2670465E-09  0.1000000E-03           1
|111010010000010001000010000011> :  0.5409106E-07  0.1000000E-03           1
|111010010101000100100100000001> :  0.4212714E-09  0.1000000E-03           1
|101001000000000011000010110001> :  0.4088878E-04  0.1000000E-03           1
|111011000000010011000011000001> :  0.3349012E-08  0.1000000E-03           1
|111011000001000010000000110010> :  0.8080641E-04  0.1000000E-03           1
|111011010000000010000000010010> :  0.8933759E-05  0.1000000E-03           1
|111011010000000010000010011010> :  0.1468717E-05  0.1000000E-03           1
|100011000001000011000000101010> :  0.1493987E-04  0.1000000E-03           1
|111011010000010010000000001010> :  0.1930059E-04  0.1000000E-03           1
|111011010000010010000000011010> :  0.8715255E-05  0.1000000E-03           1
|011011010010010000000010010010> :  0.3731928E-05  0.1000000E-03           1
|001011010011110001000000000010> :  0.3007549E-04  0.1000000E-03           1
|111011010000110010000010000010> :  0.5979299E-05  0.1000000E-03           1
|111011010001010010000000100010> :  0.1877507E-04  0.1000000E-03           1
|111011010010000110000100001001> :  0.2364657E-08  0.1000000E-03           1
|111011010010010010000000001010> :  0.5019899E-04  0.1000000E-03           1
|001001000000010001000010110011> :  0.4169232E-05  0.1000000E-03           1
|111011010011010010000000001010> :  0.1419425E-03  0.1000000E-03           1
|111011010011110000000000000010> :  0.7513676E-05  0.1000000E-03           1
|111011010110110000000000010010> :  0.3000971E-05  0.1000000E-03           1
|111011011000010010000010110011> :  0.7749062E-06  0.1000000E-03           1
|111011100000011010001010000001> :  0.2787111E-08  0.1000000E-03           1
|000011001110100010001100100000> :  0.1021138E-09  0.1000000E-03           1
|000010010110101001101000010000> :  0.2005260E-09  0.1000000E-03           1
