# state, exact probability, frequency, count:
#------------------------------------------------------------------
|111100110111101000001000> :  0.9502358E-01  0.9810000E-01         981
|000011001000010111110111> :  0.9502358E-01  0.9290000E-01         929
|111000110110111000101000> :  0.7149282E-01  0.7160000E-01         716
|000111001001000111010111> :  0.7149282E-01  0.7090000E-01         709
|000011000010010111110111> :  0.5398477E-01  0.5630000E-01         563
|111100111101101000001000> :  0.5398477E-01  0.5180000E-01         518
|101111011000011010000001> :  0.3186988E-01  0.3310000E-01         331
|010000100111100101111110> :  0.3186988E-01  0.3080000E-01         308
|010100100111100101011110> :  0.2706036E-01  0.2790000E-01         279
|101011011000011010100001> :  0.2706036E-01  0.2560000E-01         256
|000101010101100101011010> :  0.2304925E-01  0.2480000E-01         248
|000101000101100101011110> :  0.2520525E-01  0.2440000E-01         244
|111010111010011010100001> :  0.2520525E-01  0.2290000E-01         229
|111010101010011010100101> :  0.2304925E-01  0.2050000E-01         205
|011010101010011110100101> :  0.1836663E-01  0.2050000E-01         205
|101011001000011010100101> :  0.2053671E-01  0.2000000E-01         200
|100101010101100001011010> :  0.1836663E-01  0.1850000E-01         185
|010100110111100101011010> :  0.2053671E-01  0.1790000E-01         179
|101111011001001010000001> :  0.1524776E-01  0.1580000E-01         158
|010000100110110101111110> :  0.1524776E-01  0.1560000E-01         156
|110100110111100001011010> :  0.1279636E-01  0.1230000E-01         123
|111000111010011010101001> :  0.1134284E-01  0.1210000E-01         121
|010010101010011111100101> :  0.9482956E-02  0.1200000E-01         120
|001011001000011110100101> :  0.1279636E-01  0.1180000E-01         118
|000111000101100101010110> :  0.1134284E-01  0.1110000E-01         111
|111101011101101000001010> :  0.8891485E-02  0.1020000E-01         102
|101101010101100000011010> :  0.9482956E-02  0.9400000E-02          94
|000010100010010111110101> :  0.8891485E-02  0.8100000E-02          81
|000011001000011111100101> :  0.6199627E-02  0.5600000E-02          56
|000000100010010111110111> :  0.4806225E-02  0.5500000E-02          55
|111100110111100000011010> :  0.6199627E-02  0.5400000E-02          54
|111111011101101000001000> :  0.4806225E-02  0.4600000E-02          46
|111000110110110000111010> :  0.4675686E-02  0.4500000E-02          45
|010110100111101101000100> :  0.1411330E-02  0.2900000E-02          29
|000111001001001111000101> :  0.4675686E-02  0.2900000E-02          29
|000010000010010111110111> :  0.2251784E-02  0.2900000E-02          29
|111101111101101000001000> :  0.2251784E-02  0.2400000E-02          24
|010110101101101101000100> :  0.1890304E-02  0.2300000E-02          23
|101000110010010010111011> :  0.1287617E-02  0.2200000E-02          22
|101001010010010010111011> :  0.1890304E-02  0.2200000E-02          22
|101011011000010010110011> :  0.1352425E-02  0.2100000E-02          21
|000011000010010111110101> :  0.1671831E-02  0.2000000E-02          20
|010110101001101111000100> :  0.1084114E-02  0.2000000E-02          20
|101101011000011010001011> :  0.1268049E-02  0.1900000E-02          19
|111000100110111000101000> :  0.1532092E-02  0.1900000E-02          19
|010010100110111101100100> :  0.1514015E-02  0.1700000E-02          17
|010100101101101101001100> :  0.1184761E-02  0.1700000E-02          17
|000011000110010111110111> :  0.1654921E-02  0.1700000E-02          17
|101101011001000010011011> :  0.1514015E-02  0.1600000E-02          16
|010111001001101111000100> :  0.1387491E-02  0.1500000E-02          15
|010010100110010111110100> :  0.1069809E-02  0.1500000E-02          15
|101101011001100000011011> :  0.7975048E-03  0.1500000E-02          15
|010100100111101101001100> :  0.1352425E-02  0.1500000E-02          15
|000111011001000111010111> :  0.1532092E-02  0.1500000E-02          15
|111100111001101000001000> :  0.1654921E-02  0.1500000E-02          15
|111100110111101000001010> :  0.1351107E-02  0.1400000E-02          14
|101001011000010010111011> :  0.1411330E-02  0.1400000E-02          14
|000011001000010111110101> :  0.1351107E-02  0.1300000E-02          13
|101011010010010010110011> :  0.1184761E-02  0.1300000E-02          13
|111100111101101000001010> :  0.1671831E-02  0.1300000E-02          13
|010010100111100101110100> :  0.1268049E-02  0.1200000E-02          12
|101000110010011010111001> :  0.9617003E-03  0.1200000E-02          12
|100101011001100001011011> :  0.6956019E-03  0.1200000E-02          12
|010000100111101101101100> :  0.7418711E-03  0.1100000E-02          11
|101000110110010000111011> :  0.1387491E-02  0.1100000E-02          11
|101001010110010000111011> :  0.1084114E-02  0.1100000E-02          11
|101101011001001010001011> :  0.1712405E-02  0.1100000E-02          11
|101101111000011010001001> :  0.8426573E-03  0.1100000E-02          11
|010111001101101101000100> :  0.1287617E-02  0.1100000E-02          11
|010111001101100101000110> :  0.9617003E-03  0.1100000E-02          11
|000101001001000111010111> :  0.1205686E-02  0.1100000E-02          11
|010010100110110101110100> :  0.1712405E-02  0.1000000E-02          10
|111000110110111000111000> :  0.1146827E-02  0.1000000E-02          10
|100101011001000011011011> :  0.7805085E-03  0.1000000E-02          10
|010010000110110101110110> :  0.1029826E-02  0.1000000E-02          10
|010010000111100101110110> :  0.8426573E-03  0.1000000E-02          10
|000111001001000111000111> :  0.1146827E-02  0.1000000E-02          10
|101111011001000010010011> :  0.6236611E-03  0.1000000E-02          10
|111000110110011000101000> :  0.1279423E-02  0.1000000E-02          10
|101000110110011000111001> :  0.5791854E-03  0.9000000E-03           9
|101011010010011010110001> :  0.6135258E-03  0.9000000E-03           9
|000001000010010111110111> :  0.3964425E-03  0.9000000E-03           9
|000111001001100111010111> :  0.1279423E-02  0.9000000E-03           9
|010110100111100101010100> :  0.6249822E-03  0.9000000E-03           9
|111010110110111000101000> :  0.1205686E-02  0.8000000E-03           8
|101101011000010010011011> :  0.1104043E-02  0.8000000E-03           8
|101010110010011010110001> :  0.6210424E-03  0.8000000E-03           8
|100101011101100001011010> :  0.1495087E-03  0.8000000E-03           8
|101101011001101000001011> :  0.1069809E-02  0.8000000E-03           8
|110100111101101000001000> :  0.4700133E-03  0.8000000E-03           8
|101011000010011010110101> :  0.5261130E-03  0.7000000E-03           7
|101101111001101000001001> :  0.5399168E-03  0.7000000E-03           7
|010111001001001111000101> :  0.2010941E-03  0.7000000E-03           7
|011010100110111100100100> :  0.7805085E-03  0.7000000E-03           7
|010010100111101101100100> :  0.1104043E-02  0.6000000E-03           6
|000011000110110101110110> :  0.2728602E-03  0.6000000E-03           6
|101101111001001010001001> :  0.1029826E-02  0.6000000E-03           6
|000111001001000111010101> :  0.5606420E-03  0.6000000E-03           6
|010100110111101101001000> :  0.3834114E-03  0.6000000E-03           6
|111010100110111000100100> :  0.3185320E-03  0.6000000E-03           6
|001011001000010111110111> :  0.6585174E-03  0.6000000E-03           6
|101111011000010010010011> :  0.7418711E-03  0.6000000E-03           6
|000101011001100101011011> :  0.4273042E-03  0.5000000E-03           5
|010000100110110101110110> :  0.3253111E-03  0.5000000E-03           5
|010000100110010111110110> :  0.5230231E-03  0.5000000E-03           5
|010111001001100111000110> :  0.5791854E-03  0.5000000E-03           5
|101001011000011010101011> :  0.6249822E-03  0.5000000E-03           5
|111000110110111000101010> :  0.5606420E-03  0.5000000E-03           5
|010101001101100101001110> :  0.6210424E-03  0.5000000E-03           5
|101111011001101000001001> :  0.5230231E-03  0.5000000E-03           5
|000001000110110101111110> :  0.1030105E-03  0.5000000E-03           5
|111110111101101000001000> :  0.3964425E-03  0.5000000E-03           5
|000011000111100101110110> :  0.2153387E-03  0.4000000E-03           4
|000101011001000111011011> :  0.3185320E-03  0.4000000E-03           4
|010000100110111101101100> :  0.6236611E-03  0.4000000E-03           4
|000101001001100101011111> :  0.1134977E-03  0.4000000E-03           4
|010010000110010111110110> :  0.5399168E-03  0.4000000E-03           4
|101010100010011010110101> :  0.3165154E-03  0.4000000E-03           4
|010110101001001111000101> :  0.4616292E-03  0.4000000E-03           4
|010100111101100101001010> :  0.5261130E-03  0.4000000E-03           4
|110100110111101000001000> :  0.6585174E-03  0.4000000E-03           4
|101011001000010010110111> :  0.3834114E-03  0.3000000E-03           3
|101001010110110000111010> :  0.4616292E-03  0.3000000E-03           3
|101011011000011010110001> :  0.1781855E-03  0.3000000E-03           3
|010010100110011111100100> :  0.7975048E-03  0.3000000E-03           3
|111100110111101000011000> :  0.3279933E-03  0.3000000E-03           3
|001011000010010111110111> :  0.4700133E-03  0.3000000E-03           3
|010110000111100101010110> :  0.3792806E-03  0.3000000E-03           3
|110101011101100001001010> :  0.1536515E-03  0.3000000E-03           3
|000011001001010111110111> :  0.1308209E-03  0.3000000E-03           3
|110100111101100001001010> :  0.2086600E-03  0.3000000E-03           3
|000111001001101111000101> :  0.6393760E-04  0.3000000E-03           3
|111010100110011010100100> :  0.4273042E-03  0.3000000E-03           3
|111100111100101000001000> :  0.2087009E-03  0.3000000E-03           3
|011000100110111100101100> :  0.2851306E-03  0.3000000E-03           3
|111110111001101010000000> :  0.8281788E-04  0.3000000E-03           3
|111010100010011010100101> :  0.1652025E-03  0.3000000E-03           3
|101101011101101000001010> :  0.9000435E-04  0.2000000E-03           2
|000011001000000111110111> :  0.1810170E-04  0.2000000E-03           2
|101011011000011010100011> :  0.1888013E-03  0.2000000E-03           2
|101011001000011010100111> :  0.4745028E-04  0.2000000E-03           2
|101001111000011010101001> :  0.3792806E-03  0.2000000E-03           2
|000101011101100101011010> :  0.1652025E-03  0.2000000E-03           2
|010000100111100101111010> :  0.8842335E-04  0.2000000E-03           2
|010000100110110101111100> :  0.1622779E-03  0.2000000E-03           2
|000011000011010111110111> :  0.2087009E-03  0.2000000E-03           2
|000001001000010111110111> :  0.3306405E-03  0.2000000E-03           2
|010010000010010111110111> :  0.4091684E-04  0.2000000E-03           2
|101011001010011010100101> :  0.6626316E-04  0.2000000E-03           2
|101011011000011010101001> :  0.6661274E-04  0.2000000E-03           2
|011010100110011110100100> :  0.6956019E-03  0.2000000E-03           2
|000011001000010111100111> :  0.3279933E-03  0.2000000E-03           2
|111000111110111000101000> :  0.2063134E-03  0.2000000E-03           2
|010101011101100101001010> :  0.3165154E-03  0.2000000E-03           2
|010100110111100101001010> :  0.1562602E-03  0.2000000E-03           2
|010100111101101101001000> :  0.3376158E-03  0.2000000E-03           2
|010100101101100101001110> :  0.6135258E-03  0.2000000E-03           2
|001011000010011110110101> :  0.2086600E-03  0.2000000E-03           2
|010100100111100101011100> :  0.1888013E-03  0.2000000E-03           2
|010100100111100101001110> :  0.1781855E-03  0.2000000E-03           2
|101111011000011010001001> :  0.2238802E-03  0.2000000E-03           2
|101111011000011010000011> :  0.1919306E-03  0.2000000E-03           2
|000000100110010111110111> :  0.5719755E-04  0.2000000E-03           2
|010010101011011111100101> :  0.4917718E-04  0.1000000E-03           1
|101101111000001010001001> :  0.5135317E-05  0.1000000E-03           1
|101101011101100000011010> :  0.1236476E-03  0.1000000E-03           1
|101101011100101000001010> :  0.2957814E-06  0.1000000E-03           1
|010010101010010110110101> :  0.1558967E-05  0.1000000E-03           1
|101101011001001010000110> :  0.1166658E-07  0.1000000E-03           1
|010010100111100111110100> :  0.2624821E-05  0.1000000E-03           1
|101101010111100000011010> :  0.7087056E-04  0.1000000E-03           1
|101101010100010000011011> :  0.1256198E-04  0.1000000E-03           1
|000111001001000011010111> :  0.1056161E-04  0.1000000E-03           1
|010010100110110101100100> :  0.4887244E-05  0.1000000E-03           1
|000111001000110111010111> :  0.4299426E-05  0.1000000E-03           1
|101011011000011010000001> :  0.4375061E-04  0.1000000E-03           1
|010010100010011111100101> :  0.1236476E-03  0.1000000E-03           1
|000111001000011111100101> :  0.1096581E-04  0.1000000E-03           1
|010010000111111110100100> :  0.9368862E-08  0.1000000E-03           1
|101011001000011010110101> :  0.1562602E-03  0.1000000E-03           1
|101011001000011010100001> :  0.3229641E-04  0.1000000E-03           1
|000111000001000111110111> :  0.5818265E-05  0.1000000E-03           1
|000011000111000101100111> :  0.6036005E-07  0.1000000E-03           1
|000001100110110101101110> :  0.1118681E-05  0.1000000E-03           1
|000000110111101100011011> :  0.1035828E-08  0.1000000E-03           1
|101010111010011010100001> :  0.1038686E-03  0.1000000E-03           1
|010001100010110111110110> :  0.4387034E-06  0.1000000E-03           1
|000101110001101101011101> :  0.3764540E-08  0.1000000E-03           1
|010001001010011111100101> :  0.6791490E-06  0.1000000E-03           1
|010000111010011011101011> :  0.1841098E-06  0.1000000E-03           1
|000101100101100101011010> :  0.4033695E-06  0.1000000E-03           1
|010000110111100101011010> :  0.3719165E-04  0.1000000E-03           1
|010000110110110001101000> :  0.4713179E-05  0.1000000E-03           1
|101000111110010000111011> :  0.3148839E-06  0.1000000E-03           1
|101000110110110000111010> :  0.2010941E-03  0.1000000E-03           1
|010000100111100101111111> :  0.6775661E-05  0.1000000E-03           1
|000001001111010111011111> :  0.6919103E-08  0.1000000E-03           1
|101000110010011010011001> :  0.3343557E-05  0.1000000E-03           1
|101000110010010010110011> :  0.1215085E-05  0.1000000E-03           1
|101000110000011010101001> :  0.3213157E-07  0.1000000E-03           1
|010000100111100101011110> :  0.5910891E-04  0.1000000E-03           1
|100111011001000011010011> :  0.2851306E-03  0.1000000E-03           1
|100111011000011010000001> :  0.6188276E-05  0.1000000E-03           1
|000011000110010101110111> :  0.1859841E-04  0.1000000E-03           1
|100111010101100100011110> :  0.2803089E-06  0.1000000E-03           1
|100101111001100001011001> :  0.2766045E-06  0.1000000E-03           1
|000101010101100101010000> :  0.9105935E-06  0.1000000E-03           1
|100101010100100100011010> :  0.8608271E-06  0.1000000E-03           1
|100100101011000111011001> :  0.1362055E-07  0.1000000E-03           1
|010000100110100101111110> :  0.4249296E-04  0.1000000E-03           1
|000000101111100101110111> :  0.1089873E-07  0.1000000E-03           1
|000000100011010111110111> :  0.1986069E-04  0.1000000E-03           1
|101001010110111000111010> :  0.3642306E-05  0.1000000E-03           1
|100011101000011110110001> :  0.4206417E-07  0.1000000E-03           1
|100011011000011111100001> :  0.6071326E-05  0.1000000E-03           1
|100010100110101000110100> :  0.2310705E-08  0.1000000E-03           1
|101010010010001010010001> :  0.3543646E-07  0.1000000E-03           1
|101010010010010010100001> :  0.1078136E-06  0.1000000E-03           1
|111111011100111000001000> :  0.1888818E-05  0.1000000E-03           1
|011110101010101110100101> :  0.1529426E-05  0.1000000E-03           1
|010000100101100101111110> :  0.7000374E-05  0.1000000E-03           1
|101011000010010010110111> :  0.3376158E-03  0.1000000E-03           1
|011100110111101100001000> :  0.1363686E-05  0.1000000E-03           1
|011100110110010011110110> :  0.6981064E-07  0.1000000E-03           1
|010000100011100111111111> :  0.3397874E-05  0.1000000E-03           1
|111110111101101100001000> :  0.2895748E-06  0.1000000E-03           1
|011010101010010110110111> :  0.3725618E-05  0.1000000E-03           1
|010000100011000101111111> :  0.3717168E-05  0.1000000E-03           1
|000101001001000101011101> :  0.1631589E-05  0.1000000E-03           1
|000011000010010111111111> :  0.1032285E-04  0.1000000E-03           1
|011010101000011110100101> :  0.5605051E-04  0.1000000E-03           1
|011010100111101000101100> :  0.1381374E-06  0.1000000E-03           1
|010000100010000111111110> :  0.2700103E-06  0.1000000E-03           1
|111110101000011111000101> :  0.5217548E-07  0.1000000E-03           1
|111101111111101000001000> :  0.2754029E-05  0.1000000E-03           1
|010000000110110101111110> :  0.1824939E-04  0.1000000E-03           1
|011010100010011110100101> :  0.1495087E-03  0.1000000E-03           1
|101011011100011000100000> :  0.3241310E-05  0.1000000E-03           1
|011010000110111100110100> :  0.1584921E-06  0.1000000E-03           1
|001101110000000011010111> :  0.1982669E-07  0.1000000E-03           1
|011010000110100001110010> :  0.1450801E-06  0.1000000E-03           1
|111100111110101000001000> :  0.1542245E-05  0.1000000E-03           1
|111100111110100000001011> :  0.2418213E-07  0.1000000E-03           1
|011001000100110101111110> :  0.4908076E-07  0.1000000E-03           1
|001101010101100000011010> :  0.1591454E-05  0.1000000E-03           1
|000101000101100101010110> :  0.2440795E-04  0.1000000E-03           1
|011000110111101100101000> :  0.5987080E-06  0.1000000E-03           1
|011000101110111100101000> :  0.2356417E-06  0.1000000E-03           1
|001011011000010011110101> :  0.9414786E-07  0.1000000E-03           1
|011000101010011110100101> :  0.2954542E-04  0.1000000E-03           1
|111100111001101000001001> :  0.4747525E-04  0.1000000E-03           1
|001011001001010110110101> :  0.4814947E-06  0.1000000E-03           1
|000100100111100101011111> :  0.6851026E-06  0.1000000E-03           1
|111100111001001010001001> :  0.2728602E-03  0.1000000E-03           1
|111100111000011010001001> :  0.2153387E-03  0.1000000E-03           1
|111100110111101000001001> :  0.1030594E-04  0.1000000E-03           1
|111100110111101000000010> :  0.1783161E-06  0.1000000E-03           1
|000011011001000011110111> :  0.1162551E-05  0.1000000E-03           1
|111100110110001010000000> :  0.3808134E-06  0.1000000E-03           1
|010111001001000111000111> :  0.3196471E-04  0.1000000E-03           1
|001011001000010011110111> :  0.1956395E-04  0.1000000E-03           1
|010111000101100101010110> :  0.1290446E-03  0.1000000E-03           1
|010110101101101101000110> :  0.3003099E-06  0.1000000E-03           1
|001011000111010111010111> :  0.7788883E-07  0.1000000E-03           1
|000011011000010111111011> :  0.5899621E-05  0.1000000E-03           1
|111010111000011010100001> :  0.1536784E-04  0.1000000E-03           1
|010110101010001111000101> :  0.8212481E-06  0.1000000E-03           1
|001011000011010111010111> :  0.3353663E-05  0.1000000E-03           1
|111010110010011010100001> :  0.1239670E-03  0.1000000E-03           1
|111010101010111010100101> :  0.2409789E-05  0.1000000E-03           1
|000011011000010111110111> :  0.1152423E-04  0.1000000E-03           1
|000011000010010111100111> :  0.1215667E-04  0.1000000E-03           1
|000001000110010101111111> :  0.8281788E-04  0.1000000E-03           1
|000000100111010001011001> :  0.1294272E-08  0.1000000E-03           1
|111010100110011010100101> :  0.2042061E-05  0.1000000E-03           1
|111010010110111000101000> :  0.2530722E-04  0.1000000E-03           1
|010110001000100111110110> :  0.2662010E-06  0.1000000E-03           1
|001010100010011110110101> :  0.1536515E-03  0.1000000E-03           1
|000011011000010111010011> :  0.6695304E-05  0.1000000E-03           1
|111000111010010010101010> :  0.2322498E-06  0.1000000E-03           1
|010101011001100101001010> :  0.2438814E-05  0.1000000E-03           1
|001000110110010011110110> :  0.1778052E-07  0.1000000E-03           1
|111000110110111000101001> :  0.1023009E-04  0.1000000E-03           1
|111000110110111000001000> :  0.4547753E-04  0.1000000E-03           1
|001000100010010011110111> :  0.4321602E-06  0.1000000E-03           1
|000011011000000111110111> :  0.4095223E-05  0.1000000E-03           1
|000010100110010111110101> :  0.5678640E-04  0.1000000E-03           1
|111000110110110001111010> :  0.5251306E-04  0.1000000E-03           1
|010100111011100101011011> :  0.2037962E-05  0.1000000E-03           1
|000111101001001111000101> :  0.8111502E-04  0.1000000E-03           1
|010100110111110101011010> :  0.2774227E-05  0.1000000E-03           1
|111000110010111000101000> :  0.1119589E-04  0.1000000E-03           1
|111000110010001010101001> :  0.4990463E-07  0.1000000E-03           1
|000111101001000111010111> :  0.8427291E-05  0.1000000E-03           1
|000011001010010111110111> :  0.9897871E-04  0.1000000E-03           1
|111000101110111000101000> :  0.5594971E-05  0.1000000E-03           1
|111000101110011100101000> :  0.7503557E-07  0.1000000E-03           1
|111000110110011000101001> :  0.4943493E-04  0.1000000E-03           1
|111000110110101000101000> :  0.1663467E-03  0.1000000E-03           1
|111000110110110000111000> :  0.1027672E-04  0.1000000E-03           1
|111000101101101000101000> :  0.4794055E-05  0.1000000E-03           1
|111000100111100001111110> :  0.3179979E-05  0.1000000E-03           1
|000111101000011111000001> :  0.2011123E-07  0.1000000E-03           1
|111000100110011010101000> :  0.1654669E-06  0.1000000E-03           1
|010100110111100001111110> :  0.3300169E-05  0.1000000E-03           1
|110111010001100011010100> :  0.9448898E-09  0.1000000E-03           1
|010100110101100101011010> :  0.6626316E-04  0.1000000E-03           1
|111000110111100101111010> :  0.2778767E-06  0.1000000E-03           1
|000010100010011110100001> :  0.2060786E-08  0.1000000E-03           1
|111000111010011010100001> :  0.3725907E-04  0.1000000E-03           1
|000001000010010111111111> :  0.3168875E-04  0.1000000E-03           1
|110101010101100001011010> :  0.2826069E-04  0.1000000E-03           1
|111001011111101000001010> :  0.2480631E-06  0.1000000E-03           1
|111010000110111000100100> :  0.5057146E-05  0.1000000E-03           1
|110100111111101000001000> :  0.4003609E-05  0.1000000E-03           1
|110100111101101001001000> :  0.3315789E-04  0.1000000E-03           1
|000111001100111111100100> :  0.6716292E-07  0.1000000E-03           1
|110100111001001111000011> :  0.3256945E-08  0.1000000E-03           1
|010100101011100101011111> :  0.2886905E-05  0.1000000E-03           1
|110100110111100101011010> :  0.3116362E-04  0.1000000E-03           1
|010100101001101101001100> :  0.2102763E-05  0.1000000E-03           1
|000111001011000111010111> :  0.1203614E-04  0.1000000E-03           1
|000011001000100101110110> :  0.2412163E-05  0.1000000E-03           1
|111010110111101000000000> :  0.1959781E-05  0.1000000E-03           1
|110100110011100011011011> :  0.9145502E-06  0.1000000E-03           1
|110000110111111001101000> :  0.5189198E-05  0.1000000E-03           1
|111010111010111010100000> :  0.9902140E-06  0.1000000E-03           1
|111011011001101000100000> :  0.2266311E-06  0.1000000E-03           1
|111100010111101000001000> :  0.1576119E-04  0.1000000E-03           1
|111100101010011010001001> :  0.7420585E-06  0.1000000E-03           1
|111100101101101100101100> :  0.5886055E-05  0.1000000E-03           1
|111100110101101000001000> :  0.9897871E-04  0.1000000E-03           1
|110000110111100001011010> :  0.1462558E-04  0.1000000E-03           1
|111100110110111000101000> :  0.1208718E-04  0.1000000E-03           1
|010100100111100101110110> :  0.2625292E-06  0.1000000E-03           1
|101111111100100000011011> :  0.5950572E-09  0.1000000E-03           1
|101111011001101010000001> :  0.1175206E-04  0.1000000E-03           1
|101111011001001010001001> :  0.3253111E-03  0.1000000E-03           1
|101111011001001010000011> :  0.1622779E-03  0.1000000E-03           1
|010100100111100101011010> :  0.6996186E-04  0.1000000E-03           1
|101111011001000111010011> :  0.7908928E-06  0.1000000E-03           1
|010100100111100101010110> :  0.6661274E-04  0.1000000E-03           1
|000111001001010111010111> :  0.1663467E-03  0.1000000E-03           1
|101111011000011111001001> :  0.1181648E-06  0.1000000E-03           1
|111100111011101000011000> :  0.7842061E-05  0.1000000E-03           1
|111100111100001010000100> :  0.3590896E-07  0.1000000E-03           1
|101111011000011010100001> :  0.5910891E-04  0.1000000E-03           1
|111100111101100000001010> :  0.3374140E-04  0.1000000E-03           1
|101111011000011010010001> :  0.2843690E-04  0.1000000E-03           1
|010100100110110101011110> :  0.1726800E-05  0.1000000E-03           1
|000111001001001111000111> :  0.1027672E-04  0.1000000E-03           1
|101111011000011010000101> :  0.8842335E-04  0.1000000E-03           1
|111100111111101000001000> :  0.1114244E-03  0.1000000E-03           1
|111101010101100000001011> :  0.1367374E-05  0.1000000E-03           1
|111101011100101000001010> :  0.3663970E-04  0.1000000E-03           1
|111101011101101000001000> :  0.2560750E-04  0.1000000E-03           1
|010100100101100101011110> :  0.3802261E-04  0.1000000E-03           1
|111101110101101000001000> :  0.3639691E-05  0.1000000E-03           1
|010100100011010101011011> :  0.3310938E-08  0.1000000E-03           1
|101111001001000011010111> :  0.6176246E-05  0.1000000E-03           1
|101111000101100001010110> :  0.1014900E-05  0.1000000E-03           1
|111110101011001010100101> :  0.1793070E-05  0.1000000E-03           1
|111110110111101000000000> :  0.1862981E-04  0.1000000E-03           1
|111110110111101000000100> :  0.1980708E-05  0.1000000E-03           1
|111110110111101000001000> :  0.3306405E-03  0.1000000E-03           1
|111110111000011010000001> :  0.5354817E-04  0.1000000E-03           1
|111110111001001010000001> :  0.1030105E-03  0.1000000E-03           1
|010011000010010111110111> :  0.7259555E-05  0.1000000E-03           1
|101111000001011010000101> :  0.5998047E-07  0.1000000E-03           1
|010011000000110111110100> :  0.5354921E-07  0.1000000E-03           1
|111111010101101000001000> :  0.1058008E-04  0.1000000E-03           1
|111111011001001010000001> :  0.2166166E-04  0.1000000E-03           1
|111111011100101000001000> :  0.1986069E-04  0.1000000E-03           1
|111111011100101000111000> :  0.3560001E-07  0.1000000E-03           1
|000111001001000111110111> :  0.4547753E-04  0.1000000E-03           1
|000010001110011111100100> :  0.2751898E-06  0.1000000E-03           1
|111111111101101000001000> :  0.4238877E-05  0.1000000E-03           1
|000000100010010111111011> :  0.4423775E-05  0.1000000E-03           1
