# state, exact probability, frequency, count:
#------------------------------------------------------------------
|1111011110000001110011000> :  0.1709822E+00  0.1724000E+00        1724
|0000100001111110001100111> :  0.1709822E+00  0.1719000E+00        1719
|1011010110010001011101010> :  0.6680302E-01  0.6580000E-01         658
|0100101001101110100010101> :  0.6680302E-01  0.6470000E-01         647
|0100101001111110001010001> :  0.5825477E-01  0.5950000E-01         595
|1011010110000001110101110> :  0.5825477E-01  0.5840000E-01         584
|0100101001101110100110101> :  0.4463907E-01  0.4670000E-01         467
|1011010110010001011001010> :  0.4463907E-01  0.4510000E-01         451
|0000100001111111001100111> :  0.3872018E-01  0.3850000E-01         385
|1111011110000000110011000> :  0.3872018E-01  0.3550000E-01         355
|1111001110000000110011000> :  0.1021209E-01  0.9900000E-02          99
|0000110001111111001100111> :  0.1021209E-01  0.9300000E-02          93
|1011010110010001011100010> :  0.8312815E-02  0.8600000E-02          86
|0100101001101110100011101> :  0.8312815E-02  0.7900000E-02          79
|1011010110000001011101110> :  0.4717714E-02  0.5400000E-02          54
|0100101001111110100010001> :  0.4717714E-02  0.5200000E-02          52
|0000100001111111001101111> :  0.4356852E-02  0.5100000E-02          51
|0000100001111111001100011> :  0.5311264E-02  0.4900000E-02          49
|1111010110000000110011100> :  0.3223496E-02  0.4500000E-02          45
|1111011110000000110011100> :  0.5311264E-02  0.4500000E-02          45
|1011010110010001011101110> :  0.3582938E-02  0.3800000E-02          38
|0100101001101110100010001> :  0.3582938E-02  0.3700000E-02          37
|1111010110000000110111100> :  0.2921880E-02  0.3500000E-02          35
|1111011110000000110010000> :  0.4356852E-02  0.3400000E-02          34
|0000101001111111001100011> :  0.3223496E-02  0.3000000E-02          30
|1011010110010001010101110> :  0.2398200E-02  0.2800000E-02          28
|1111001110000000110011010> :  0.2245882E-02  0.2600000E-02          26
|0000110001111111001100101> :  0.2245882E-02  0.2600000E-02          26
|0000101001111111001000011> :  0.2921880E-02  0.2300000E-02          23
|0100101001101110101010001> :  0.2398200E-02  0.2300000E-02          23
|0101101001111110001000001> :  0.1311836E-02  0.1900000E-02          19
|0000100001111111001110011> :  0.1506501E-02  0.1800000E-02          18
|1111001110000000110011001> :  0.1723142E-02  0.1800000E-02          18
|1110011111000000110011100> :  0.1174521E-02  0.1500000E-02          15
|1111001110001000110011000> :  0.1151513E-02  0.1300000E-02          13
|0100101001111110101010001> :  0.9892388E-03  0.1300000E-02          13
|1111001110000000110111000> :  0.1245613E-02  0.1200000E-02          12
|1010010110000001110111110> :  0.1311836E-02  0.1200000E-02          12
|1111001110000000110010000> :  0.1257501E-02  0.1200000E-02          12
|0000100001111111001110001> :  0.1231487E-02  0.1100000E-02          11
|0000110001110111001100111> :  0.1151513E-02  0.1100000E-02          11
|0001100000111111001100011> :  0.1174521E-02  0.1100000E-02          11
|1111010110000001110011100> :  0.5375808E-03  0.1000000E-02          10
|1111010110000001110011000> :  0.1015744E-02  0.1000000E-02          10
|0000110001111111001101111> :  0.1257501E-02  0.9000000E-03           9
|0000110001111111001100110> :  0.1723142E-02  0.9000000E-03           9
|1111011110000000110001110> :  0.1231487E-02  0.9000000E-03           9
|0100101001111110001000101> :  0.9443101E-03  0.9000000E-03           9
|1011010110000001110111110> :  0.1088172E-02  0.9000000E-03           9
|1011010110000001110111010> :  0.9443101E-03  0.9000000E-03           9
|1111011110000000110001100> :  0.1506501E-02  0.9000000E-03           9
|1011010110000001011101010> :  0.6214154E-03  0.9000000E-03           9
|0000100001110111001101111> :  0.3943915E-03  0.8000000E-03           8
|1011010110000001010101110> :  0.9892388E-03  0.8000000E-03           8
|1011010110010001011001110> :  0.6139110E-03  0.8000000E-03           8
|0000101001111110001100011> :  0.5375808E-03  0.8000000E-03           8
|0100101001111110001000001> :  0.1088172E-02  0.8000000E-03           8
|0000101001111110001100111> :  0.1015744E-02  0.8000000E-03           8
|0001000100111111011110001> :  0.5719785E-03  0.7000000E-03           7
|1110111011000000100001110> :  0.5719785E-03  0.7000000E-03           7
|1111011111000000110001100> :  0.5280967E-03  0.7000000E-03           7
|0100101001111110100010101> :  0.6214154E-03  0.7000000E-03           7
|1011010110110001011001010> :  0.6340699E-03  0.7000000E-03           7
|1011000110011001011100110> :  0.4383559E-03  0.6000000E-03           6
|0100111001100110100011001> :  0.4383559E-03  0.6000000E-03           6
|0000100000111111001110011> :  0.5280967E-03  0.6000000E-03           6
|1111011110000001100011000> :  0.4232059E-03  0.6000000E-03           6
|0001000100111111001110001> :  0.6138403E-03  0.6000000E-03           6
|0100101001100110100011101> :  0.4595850E-03  0.6000000E-03           6
|1111001110000001111011000> :  0.4069566E-03  0.6000000E-03           6
|0000110001111111001000111> :  0.1245613E-02  0.6000000E-03           6
|0000101001111110001000111> :  0.3417244E-03  0.6000000E-03           6
|0100101001101110100000101> :  0.3500801E-03  0.5000000E-03           5
|0000100001111111001101101> :  0.3896757E-03  0.5000000E-03           5
|0001100100111111001110001> :  0.5489105E-03  0.5000000E-03           5
|1111011110001000110010000> :  0.3943915E-03  0.5000000E-03           5
|1011000110111001001100110> :  0.2435899E-03  0.5000000E-03           5
|0100101001101110100110001> :  0.6139110E-03  0.5000000E-03           5
|0000101001101110001100111> :  0.4802541E-03  0.5000000E-03           5
|1110111011000000110001110> :  0.6138403E-03  0.5000000E-03           5
|1111001110000001110011000> :  0.5492528E-03  0.5000000E-03           5
|1111011110000000110010010> :  0.3896757E-03  0.5000000E-03           5
|0001100000111111011100011> :  0.1749036E-03  0.4000000E-03           4
|0100101001101111100010001> :  0.1173328E-03  0.4000000E-03           4
|0001000100111011011110001> :  0.3395211E-03  0.4000000E-03           4
|0100111001110100100011001> :  0.2283447E-03  0.4000000E-03           4
|1111001110000011110011000> :  0.2196500E-03  0.4000000E-03           4
|0000100001111110011100111> :  0.4232059E-03  0.4000000E-03           4
|0100101000101110100110101> :  0.1806160E-03  0.4000000E-03           4
|1011010110011001011100010> :  0.4595850E-03  0.4000000E-03           4
|0001000100111111011100011> :  0.3968800E-03  0.4000000E-03           4
|1110111011000100100001110> :  0.3395211E-03  0.4000000E-03           4
|1011010110011001011101010> :  0.1667425E-03  0.4000000E-03           4
|0000100001111110000100011> :  0.1713794E-03  0.4000000E-03           4
|1110111011000000100011100> :  0.3968800E-03  0.3000000E-03           3
|1111000110000000111011001> :  0.9838158E-04  0.3000000E-03           3
|0000101001111111001010001> :  0.2063119E-03  0.3000000E-03           3
|1110011111000000110001110> :  0.3209468E-03  0.3000000E-03           3
|0000111001101111001100110> :  0.3206227E-04  0.3000000E-03           3
|1011010110010001011111010> :  0.3500801E-03  0.3000000E-03           3
|1011010110010001011011010> :  0.9227920E-04  0.3000000E-03           3
|0000100101111111001110001> :  0.8007480E-04  0.3000000E-03           3
|0001100000111111001110001> :  0.3209468E-03  0.3000000E-03           3
|0000101001111111001110001> :  0.2950533E-03  0.3000000E-03           3
|0100111001000110110011001> :  0.2435899E-03  0.3000000E-03           3
|0000110001111111101100110> :  0.1082679E-03  0.3000000E-03           3
|1110010111000000110001110> :  0.2232447E-03  0.3000000E-03           3
|1111001110000000010011001> :  0.1082679E-03  0.3000000E-03           3
|1011000110011001011100010> :  0.8655848E-04  0.3000000E-03           3
|0100101001111110001000011> :  0.1113356E-03  0.3000000E-03           3
|0000110001111111001110011> :  0.9435607E-04  0.3000000E-03           3
|0000110001111110000100111> :  0.4069566E-03  0.3000000E-03           3
|1011010110000001110111000> :  0.1045466E-03  0.3000000E-03           3
|0100101001001110100110101> :  0.6340699E-03  0.3000000E-03           3
|1110111111000000100011100> :  0.2130431E-04  0.3000000E-03           3
|1110011111000000110001100> :  0.3795047E-04  0.3000000E-03           3
|1011000110001011011100110> :  0.2283447E-03  0.3000000E-03           3
|1110011011000000110001110> :  0.5489105E-03  0.3000000E-03           3
|1111011010000000110001110> :  0.8007480E-04  0.3000000E-03           3
|0001101000111111001110001> :  0.2232447E-03  0.3000000E-03           3
|1111011110000001111011100> :  0.1713794E-03  0.3000000E-03           3
|1111010110010001110011000> :  0.4802541E-03  0.2000000E-03           2
|1111010110010001010011000> :  0.3860579E-04  0.2000000E-03           2
|1111001110000010110011001> :  0.1495331E-03  0.2000000E-03           2
|1110011011000000110011100> :  0.1560577E-03  0.2000000E-03           2
|0000100001111110101100111> :  0.2077270E-03  0.2000000E-03           2
|0000100001011110101000111> :  0.1014147E-03  0.2000000E-03           2
|0100111001101110101110101> :  0.2194224E-04  0.2000000E-03           2
|0000100001111110001100011> :  0.9607978E-04  0.2000000E-03           2
|0000111001111111001000111> :  0.5716209E-04  0.2000000E-03           2
|1011000110010001010001011> :  0.7584948E-05  0.2000000E-03           2
|1011010110000001011100110> :  0.7619755E-04  0.2000000E-03           2
|0000100100101111011110011> :  0.2471601E-04  0.2000000E-03           2
|1011010110010001010001110> :  0.1583288E-03  0.2000000E-03           2
|0000100001011110011101111> :  0.2098686E-04  0.2000000E-03           2
|1010001110000000110111010> :  0.1358579E-04  0.2000000E-03           2
|0000100001111110001101111> :  0.1288690E-03  0.2000000E-03           2
|0100101001101110001110001> :  0.7282838E-04  0.2000000E-03           2
|0000101001101110101100111> :  0.3860579E-04  0.2000000E-03           2
|1110011111000000100011100> :  0.1749036E-03  0.2000000E-03           2
|0100101001100110100010101> :  0.1667425E-03  0.2000000E-03           2
|0000110001111110001100111> :  0.5492528E-03  0.2000000E-03           2
|0000101001101110101110001> :  0.3029999E-04  0.2000000E-03           2
|1110111011000000000011100> :  0.1269535E-04  0.2000000E-03           2
|0000100001111101001101111> :  0.2215755E-03  0.2000000E-03           2
|1111000110000001110001100> :  0.2992907E-04  0.2000000E-03           2
|0001000100111111011100001> :  0.3969431E-04  0.2000000E-03           2
|1111001110000000110111010> :  0.2897716E-03  0.2000000E-03           2
|0000110001110110001110011> :  0.5998488E-04  0.2000000E-03           2
|0000100001111010001101111> :  0.1263012E-03  0.2000000E-03           2
|1111001110010000100011001> :  0.4905060E-04  0.2000000E-03           2
|1111001110000001110001100> :  0.9989175E-04  0.2000000E-03           2
|1111010110000001110111000> :  0.3417244E-03  0.2000000E-03           2
|1111011011000000110001100> :  0.4692666E-04  0.2000000E-03           2
|1111011110000001010011000> :  0.2077270E-03  0.2000000E-03           2
|1111011110100001010111000> :  0.1014147E-03  0.2000000E-03           2
|1111011110010001100011000> :  0.8855141E-04  0.2000000E-03           2
|1111011111000101110011000> :  0.2609836E-04  0.2000000E-03           2
|0000100000101111011110011> :  0.3069247E-04  0.2000000E-03           2
|0000110001101110011110000> :  0.2192003E-05  0.1000000E-03           1
|0000110001101110010100111> :  0.5860585E-05  0.1000000E-03           1
|0000100011100111101110001> :  0.2802846E-06  0.1000000E-03           1
|0000110001101110010100110> :  0.1190168E-04  0.1000000E-03           1
|0000110001100111001100111> :  0.1709637E-04  0.1000000E-03           1
|0000100011011111011100111> :  0.8087378E-05  0.1000000E-03           1
|0000100001110110101100111> :  0.6242935E-04  0.1000000E-03           1
|0000110001100111001100011> :  0.7528124E-05  0.1000000E-03           1
|0000110001011111001100011> :  0.8319555E-04  0.1000000E-03           1
|0000100011011110001000111> :  0.5171402E-04  0.1000000E-03           1
|0000110001011111001100010> :  0.1410846E-04  0.1000000E-03           1
|0001110001111110010000001> :  0.3718153E-06  0.1000000E-03           1
|0000110001011110111100001> :  0.7301947E-06  0.1000000E-03           1
|0000100010111111101100111> :  0.2115229E-05  0.1000000E-03           1
|0000100001110101001101111> :  0.2944772E-04  0.1000000E-03           1
|0000110000111111001110010> :  0.7851282E-04  0.1000000E-03           1
|0000110000111111001100111> :  0.4729358E-05  0.1000000E-03           1
|0000100001111111100001111> :  0.2245202E-05  0.1000000E-03           1
|0000110000001111110111000> :  0.1785400E-07  0.1000000E-03           1
|0000101110111010001011001> :  0.5845333E-07  0.1000000E-03           1
|0000100001111111011100111> :  0.1607985E-04  0.1000000E-03           1
|0000100001110101001001111> :  0.8325256E-05  0.1000000E-03           1
|0000101110100111000011101> :  0.1229027E-07  0.1000000E-03           1
|0001100100111111001100011> :  0.1560577E-03  0.1000000E-03           1
|0000101100111010111110010> :  0.8416009E-07  0.1000000E-03           1
|0000101100001110001110001> :  0.4562634E-06  0.1000000E-03           1
|0001100001111110001100111> :  0.2210904E-05  0.1000000E-03           1
|0000101011111111001011001> :  0.9465057E-07  0.1000000E-03           1
|0000100001110100100111111> :  0.8004773E-07  0.1000000E-03           1
|0000100000101011001100111> :  0.4527190E-05  0.1000000E-03           1
|0000010001111111001100111> :  0.2227270E-04  0.1000000E-03           1
|0000101011111010011100111> :  0.6977740E-05  0.1000000E-03           1
|0001100000111111001100111> :  0.7652430E-04  0.1000000E-03           1
|0000101011101010110010111> :  0.1568233E-06  0.1000000E-03           1
|0000101011011011011000111> :  0.6565886E-07  0.1000000E-03           1
|0001010011010110011001011> :  0.8129923E-09  0.1000000E-03           1
|0000101011000111110100111> :  0.1513661E-06  0.1000000E-03           1
|0000100001110100001101111> :  0.2287254E-04  0.1000000E-03           1
|0000101010111101000110001> :  0.2179142E-07  0.1000000E-03           1
|0001001101111111000100001> :  0.5195023E-06  0.1000000E-03           1
|0000100001111111001101011> :  0.2405442E-04  0.1000000E-03           1
|0000101001111111001101111> :  0.3267754E-05  0.1000000E-03           1
|1111001110000000110010001> :  0.6755815E-04  0.1000000E-03           1
|0101010100000001110111010> :  0.6446362E-09  0.1000000E-03           1
|0001001001111111001000011> :  0.6290805E-04  0.1000000E-03           1
|0000100001101111011110011> :  0.3082563E-05  0.1000000E-03           1
|0000011100100111110110000> :  0.1539528E-07  0.1000000E-03           1
|0001001000111111001110001> :  0.1588569E-05  0.1000000E-03           1
|0001001011111111110100110> :  0.2155625E-08  0.1000000E-03           1
|0001001100110101011110010> :  0.2924674E-07  0.1000000E-03           1
|0001001101011111011111001> :  0.1894843E-07  0.1000000E-03           1
|0101011101100110011000011> :  0.9878233E-08  0.1000000E-03           1
|0001001110011011011001010> :  0.2140636E-07  0.1000000E-03           1
|0001010001110110011100111> :  0.9568482E-05  0.1000000E-03           1
|0001010001111111001100111> :  0.2644933E-04  0.1000000E-03           1
|0101101001111001100001011> :  0.4177733E-07  0.1000000E-03           1
|0001010100110110011111011> :  0.1423447E-07  0.1000000E-03           1
|0001011100110110100011011> :  0.7041192E-08  0.1000000E-03           1
|0101111000111110010001011> :  0.2875721E-08  0.1000000E-03           1
|0101111010100110001111001> :  0.5815822E-07  0.1000000E-03           1
|0110010001001100110011100> :  0.6248577E-08  0.1000000E-03           1
|0001100000111111001110011> :  0.3795047E-04  0.1000000E-03           1
|0110011010000110010011001> :  0.1197689E-07  0.1000000E-03           1
|0110100001011110101100111> :  0.7330612E-06  0.1000000E-03           1
|0001100001111111001100001> :  0.1378853E-04  0.1000000E-03           1
|0001100010101110010110111> :  0.6327199E-07  0.1000000E-03           1
|0001100100111111001100010> :  0.7935412E-04  0.1000000E-03           1
|0110101001111110001010000> :  0.4012733E-04  0.1000000E-03           1
|0110101011011001001011101> :  0.8999492E-08  0.1000000E-03           1
|0001100110100011000110100> :  0.2367119E-07  0.1000000E-03           1
|0001101000011110001100011> :  0.1519937E-05  0.1000000E-03           1
|0001101000101111001110001> :  0.9591522E-04  0.1000000E-03           1
|0001101000110111000000111> :  0.1183744E-07  0.1000000E-03           1
|0110111111001111100011111> :  0.9847617E-10  0.1000000E-03           1
|0001101101101110101100010> :  0.5795002E-07  0.1000000E-03           1
|0001101101111111000010010> :  0.1169051E-07  0.1000000E-03           1
|0001110000111111001000011> :  0.4058801E-06  0.1000000E-03           1
|0001110000111111011110010> :  0.3003530E-05  0.1000000E-03           1
|0001110001011111001100011> :  0.1697887E-05  0.1000000E-03           1
|0111010110111001110011000> :  0.1152642E-05  0.1000000E-03           1
|0001110001111111001000101> :  0.4566588E-04  0.1000000E-03           1
|0001110101111111001000101> :  0.3301902E-05  0.1000000E-03           1
|0001110110000111011100110> :  0.5065395E-07  0.1000000E-03           1
|0001110110110001011111001> :  0.7616464E-07  0.1000000E-03           1
|0001111000100100110110101> :  0.3387413E-08  0.1000000E-03           1
|0001111000101111001100101> :  0.2814114E-06  0.1000000E-03           1
|0001111001111110001100000> :  0.2381866E-06  0.1000000E-03           1
|0010000000011011111100011> :  0.3770360E-08  0.1000000E-03           1
|0010010010001011011100011> :  0.6126673E-09  0.1000000E-03           1
|0010010111100000101011001> :  0.3520737E-07  0.1000000E-03           1
|0010011001001011010010001> :  0.4800555E-08  0.1000000E-03           1
|0010100001011110001100111> :  0.3049552E-04  0.1000000E-03           1
|0010100100010000110101110> :  0.6499558E-08  0.1000000E-03           1
|0010100100100111001101111> :  0.1280849E-07  0.1000000E-03           1
|0010100110100101101111001> :  0.4119073E-08  0.1000000E-03           1
|0100111110100110100011010> :  0.4991812E-08  0.1000000E-03           1
|0001000110111110010100100> :  0.1804363E-07  0.1000000E-03           1
|0100111100001111001110001> :  0.1648293E-06  0.1000000E-03           1
|1111001010010001110001001> :  0.3004219E-05  0.1000000E-03           1
|1111001010001001110101010> :  0.5099112E-06  0.1000000E-03           1
|0100111010001010100010001> :  0.2915401E-07  0.1000000E-03           1
|0100111001111111000000111> :  0.1246008E-05  0.1000000E-03           1
|0100111001111101001000111> :  0.5088817E-05  0.1000000E-03           1
|0001000100111111011010001> :  0.3770443E-05  0.1000000E-03           1
|0100111001110000100011001> :  0.6406789E-05  0.1000000E-03           1
|0100111001101111100110101> :  0.7447759E-05  0.1000000E-03           1
|1111000110000000110111000> :  0.5716209E-04  0.1000000E-03           1
|0000100001111111001001111> :  0.9334196E-04  0.1000000E-03           1
|0000100001101110101100101> :  0.4273730E-06  0.1000000E-03           1
|0001000100111010111110010> :  0.6680108E-08  0.1000000E-03           1
|0100111001001111101110101> :  0.1957609E-05  0.1000000E-03           1
|0001000100011101011110010> :  0.9113145E-08  0.1000000E-03           1
|0000111110110110100011001> :  0.4069702E-07  0.1000000E-03           1
|0000111110000010100101110> :  0.1349519E-07  0.1000000E-03           1
|0000101001111100110010011> :  0.8691900E-07  0.1000000E-03           1
|0000100001111111001000111> :  0.6794506E-05  0.1000000E-03           1
|0000111101100110000110111> :  0.1808669E-05  0.1000000E-03           1
|0000111100101111001110011> :  0.3479889E-06  0.1000000E-03           1
|0000101001111100001010001> :  0.8573516E-05  0.1000000E-03           1
|0000111011111111100110011> :  0.9761483E-06  0.1000000E-03           1
|0000111011000110001100111> :  0.6478501E-07  0.1000000E-03           1
|0000101001111011001101011> :  0.1123855E-04  0.1000000E-03           1
|0000100001111111000001111> :  0.3572899E-05  0.1000000E-03           1
|0000100001011111011101111> :  0.3836190E-05  0.1000000E-03           1
|0000011100011111001110001> :  0.1847032E-06  0.1000000E-03           1
|0000010001111111001100101> :  0.4414782E-05  0.1000000E-03           1
|0000000111110110000100011> :  0.4399669E-08  0.1000000E-03           1
|0000111001111111010110010> :  0.3996938E-06  0.1000000E-03           1
|0100101011110110100010101> :  0.4932489E-06  0.1000000E-03           1
|0000101001111010011110000> :  0.2868631E-06  0.1000000E-03           1
|0000111001111111000110011> :  0.4613099E-06  0.1000000E-03           1
|0100101011101110100101101> :  0.4583394E-05  0.1000000E-03           1
|0000111001111111000100111> :  0.2097114E-04  0.1000000E-03           1
|0000101001111010001001111> :  0.1309946E-05  0.1000000E-03           1
|0000111001111111000100101> :  0.2133486E-04  0.1000000E-03           1
|0000111001111110001110011> :  0.2992907E-04  0.1000000E-03           1
|0000101001101111001110011> :  0.1660529E-04  0.1000000E-03           1
|0000111001111110000100101> :  0.2222292E-05  0.1000000E-03           1
|0100101010000101011011011> :  0.2740419E-07  0.1000000E-03           1
|0000111001111101011100011> :  0.5112747E-06  0.1000000E-03           1
|0000100001111110101100110> :  0.9711397E-04  0.1000000E-03           1
|0000100001011111001101011> :  0.6236616E-04  0.1000000E-03           1
|0000111001111101000100111> :  0.2137203E-05  0.1000000E-03           1
|0100101001111110100011101> :  0.5756482E-05  0.1000000E-03           1
|0000111001110110001110011> :  0.1759532E-04  0.1000000E-03           1
|0000111001101111100101100> :  0.1310511E-07  0.1000000E-03           1
|1100111001100001100010111> :  0.9212760E-08  0.1000000E-03           1
|0000111001101111001100111> :  0.4973809E-05  0.1000000E-03           1
|0000101001101110100110101> :  0.9119452E-04  0.1000000E-03           1
|1100110001110101100001011> :  0.8552423E-07  0.1000000E-03           1
|1100101001100110100001100> :  0.2310643E-06  0.1000000E-03           1
|0000111001101111001100101> :  0.1424739E-04  0.1000000E-03           1
|0000111001101110111110100> :  0.2065217E-05  0.1000000E-03           1
|1100100100110000110101111> :  0.3712013E-07  0.1000000E-03           1
|1100100001011110001010001> :  0.4313289E-05  0.1000000E-03           1
|0000111001101110001110111> :  0.1962329E-04  0.1000000E-03           1
|0000101001100011111011101> :  0.5185252E-08  0.1000000E-03           1
|0000011001110110101100101> :  0.9388578E-08  0.1000000E-03           1
|0000111001100110000010011> :  0.1421028E-05  0.1000000E-03           1
|0000111001011111100100101> :  0.2947252E-05  0.1000000E-03           1
|0000101001000110100110110> :  0.7353573E-08  0.1000000E-03           1
|0000111001011111011010001> :  0.9499033E-07  0.1000000E-03           1
|0000111001011111001100111> :  0.4727100E-04  0.1000000E-03           1
|0000101000111111001110001> :  0.2698540E-04  0.1000000E-03           1
|0000100001111110001101110> :  0.2239437E-04  0.1000000E-03           1
|0000111001011110101010001> :  0.3988764E-06  0.1000000E-03           1
|0000111001001110100010101> :  0.1526520E-05  0.1000000E-03           1
|0000101000111111001001101> :  0.1137451E-06  0.1000000E-03           1
|0000111001000111111110011> :  0.3459009E-06  0.1000000E-03           1
|1011011110000001111111100> :  0.4505541E-05  0.1000000E-03           1
|1011011110000001111011100> :  0.3472662E-04  0.1000000E-03           1
|0100101001100110100010111> :  0.3424683E-04  0.1000000E-03           1
|0000111001000111110000111> :  0.4900798E-07  0.1000000E-03           1
|0000101000111000110101011> :  0.1521867E-08  0.1000000E-03           1
|1011011100010001011001010> :  0.2429758E-05  0.1000000E-03           1
|0100101001100101100100011> :  0.1023930E-07  0.1000000E-03           1
|1011011110001000111100110> :  0.2256594E-07  0.1000000E-03           1
|0100101001100110110011101> :  0.7721659E-05  0.1000000E-03           1
|0100101001101010010010101> :  0.1477561E-06  0.1000000E-03           1
|0100101001101010100000101> :  0.3442305E-05  0.1000000E-03           1
|1011100110001001011111101> :  0.1522610E-07  0.1000000E-03           1
|1011110010010001011001110> :  0.6791950E-05  0.1000000E-03           1
|1011110110000010011101110> :  0.7571554E-06  0.1000000E-03           1
|1011110110010101011100010> :  0.1200749E-05  0.1000000E-03           1
|1011111110010011101001110> :  0.8696471E-09  0.1000000E-03           1
|1100000101111110001100001> :  0.3259330E-07  0.1000000E-03           1
|1100001001100110100110101> :  0.1814555E-05  0.1000000E-03           1
|1100010001010100110111000> :  0.1241001E-07  0.1000000E-03           1
|0100101001101110101010101> :  0.2464065E-04  0.1000000E-03           1
|0100101001101110101110001> :  0.1583288E-03  0.1000000E-03           1
|0100101001101110110110101> :  0.7945734E-05  0.1000000E-03           1
|0000111000111111001110010> :  0.5383599E-05  0.1000000E-03           1
|0100101001101111100110001> :  0.4849291E-04  0.1000000E-03           1
|0100101001110110100011001> :  0.2300551E-04  0.1000000E-03           1
|0100101001111101011100011> :  0.2302533E-06  0.1000000E-03           1
|1100101001101110010100001> :  0.1953903E-07  0.1000000E-03           1
|1100101011010111001010001> :  0.1416197E-07  0.1000000E-03           1
|1100110110010001000011011> :  0.3162638E-08  0.1000000E-03           1
|0100101001111110001000111> :  0.1045466E-03  0.1000000E-03           1
|1100111001101100100010011> :  0.1283707E-06  0.1000000E-03           1
|0100101001111110001011001> :  0.2268458E-04  0.1000000E-03           1
|1101000011110001011011011> :  0.1853496E-07  0.1000000E-03           1
|1101000111010001101011001> :  0.1604238E-07  0.1000000E-03           1
|1101001101010010110111001> :  0.1210858E-07  0.1000000E-03           1
|1101010010000001110111001> :  0.3276520E-06  0.1000000E-03           1
|0100101001111110101110001> :  0.3100060E-05  0.1000000E-03           1
|0100101001111111001010001> :  0.3037943E-03  0.1000000E-03           1
|1101010110110000011101010> :  0.1834335E-05  0.1000000E-03           1
|0100101010001010011100101> :  0.1825388E-08  0.1000000E-03           1
|0100101011001110011000001> :  0.2401699E-06  0.1000000E-03           1
|0100101011001110110000101> :  0.4588896E-05  0.1000000E-03           1
|0100101011100010100101101> :  0.8267754E-07  0.1000000E-03           1
|0100101011100010100111100> :  0.1168405E-06  0.1000000E-03           1
|0100101011100110100011100> :  0.1305413E-06  0.1000000E-03           1
|0100101011101100010000101> :  0.4233649E-07  0.1000000E-03           1
|1110001100000000110001100> :  0.2006048E-06  0.1000000E-03           1
|0100101011101110110000101> :  0.1370884E-04  0.1000000E-03           1
|0100101011101110110010101> :  0.2375390E-04  0.1000000E-03           1
|0100101011101111010010000> :  0.1542035E-06  0.1000000E-03           1
|1110010111000000110011100> :  0.3290938E-04  0.1000000E-03           1
|0100101011111110000100101> :  0.4680379E-06  0.1000000E-03           1
|0100101101110110101011010> :  0.2677619E-07  0.1000000E-03           1
|0100101111100110000000110> :  0.1973350E-06  0.1000000E-03           1
|0100110001011110101100111> :  0.1921455E-05  0.1000000E-03           1
|0100110001011111101100101> :  0.3797418E-06  0.1000000E-03           1
|0100110001100110111000101> :  0.9050304E-08  0.1000000E-03           1
|0100110001111100001000010> :  0.4325638E-06  0.1000000E-03           1
|0100110001111111100100100> :  0.6610954E-06  0.1000000E-03           1
|0100110010111111001000001> :  0.3617080E-07  0.1000000E-03           1
|0100110101110110011011001> :  0.9549718E-07  0.1000000E-03           1
|0100110110010011100011000> :  0.3107001E-07  0.1000000E-03           1
|0100110110100111100011000> :  0.1058700E-07  0.1000000E-03           1
|0100110111110100101001001> :  0.3549988E-09  0.1000000E-03           1
|0100101001100010110111100> :  0.1185909E-07  0.1000000E-03           1
|0100111001000110110011101> :  0.1573876E-04  0.1000000E-03           1
|1111000000100100011011001> :  0.4514090E-08  0.1000000E-03           1
|1111000010000001001001110> :  0.1822241E-07  0.1000000E-03           1
|0100111001100111010110101> :  0.4107220E-07  0.1000000E-03           1
|0100111001101110100010101> :  0.2711116E-04  0.1000000E-03           1
|1011010111010001011001010> :  0.1806160E-03  0.1000000E-03           1
|1111000110000000111011100> :  0.1198291E-05  0.1000000E-03           1
|1111000110001000111001100> :  0.1590286E-05  0.1000000E-03           1
|1111000110010001110101100> :  0.1088496E-05  0.1000000E-03           1
|1111000110100000110011000> :  0.4727100E-04  0.1000000E-03           1
|0100111001111110001010011> :  0.1198683E-04  0.1000000E-03           1
|1111000111000001110001100> :  0.1135138E-05  0.1000000E-03           1
|0100111001111111000100101> :  0.9535401E-05  0.1000000E-03           1
|0000111000001101110110111> :  0.7820873E-07  0.1000000E-03           1
|0100111010111100100101101> :  0.5622380E-07  0.1000000E-03           1
|1111001011000000110001100> :  0.4239367E-04  0.1000000E-03           1
|0100111101000110100101110> :  0.1775823E-07  0.1000000E-03           1
|1111001011010000110001001> :  0.3404498E-06  0.1000000E-03           1
|0101000001111100101000101> :  0.8895352E-07  0.1000000E-03           1
|0101001000101111000010101> :  0.3781343E-06  0.1000000E-03           1
|0101001110011001010011010> :  0.1063990E-06  0.1000000E-03           1
|0000101000101111001110011> :  0.6014240E-04  0.1000000E-03           1
|0101010110010011001110000> :  0.1282659E-07  0.1000000E-03           1
|0101010110110011110011001> :  0.8802739E-06  0.1000000E-03           1
|0101011001000010100011001> :  0.2767975E-07  0.1000000E-03           1
|0101011010101110001010011> :  0.9534951E-08  0.1000000E-03           1
|0101011011111001100011000> :  0.1500333E-07  0.1000000E-03           1
|0101011100001110010100001> :  0.6286585E-08  0.1000000E-03           1
|0101011100110100100011100> :  0.1611946E-07  0.1000000E-03           1
|1111001110000011010011100> :  0.7989903E-05  0.1000000E-03           1
|0101100000111100001101111> :  0.5407441E-06  0.1000000E-03           1
|0101100001111011101100001> :  0.3357611E-07  0.1000000E-03           1
|0101100001111111110010011> :  0.8068379E-10  0.1000000E-03           1
|0101100100101110001101100> :  0.9198642E-08  0.1000000E-03           1
|0101101000111111010010000> :  0.1582474E-08  0.1000000E-03           1
|0101101001100110100110111> :  0.2596170E-05  0.1000000E-03           1
|0101101001101110010100110> :  0.9053684E-09  0.1000000E-03           1
|1111001110110001000011010> :  0.4352198E-06  0.1000000E-03           1
|1111001111000000110001100> :  0.7764367E-04  0.1000000E-03           1
|0101101010001110101110000> :  0.1643607E-07  0.1000000E-03           1
|0101101100101110100001101> :  0.2279539E-07  0.1000000E-03           1
|0101101101101110100010101> :  0.2214947E-05  0.1000000E-03           1
|0101111000111101010110000> :  0.3976947E-07  0.1000000E-03           1
|1111010110000001110001110> :  0.6792328E-04  0.1000000E-03           1
|0101111001010000110011010> :  0.1010051E-07  0.1000000E-03           1
|1111010110000001110111100> :  0.2450300E-03  0.1000000E-03           1
|0101111100111111100011000> :  0.5179448E-07  0.1000000E-03           1
|1111010110010000110011000> :  0.1497148E-05  0.1000000E-03           1
|0110010011101000101000110> :  0.1602395E-07  0.1000000E-03           1
|0110010110001101000011000> :  0.1637759E-07  0.1000000E-03           1
|0110010111011001010000100> :  0.9642490E-08  0.1000000E-03           1
|1111010111000000110001100> :  0.3708742E-04  0.1000000E-03           1
|0110011111010000010111010> :  0.3276257E-08  0.1000000E-03           1
|1111010111010100110011100> :  0.2084450E-05  0.1000000E-03           1
|0110100001100100110011110> :  0.2692396E-07  0.1000000E-03           1
|0110100001111001101010001> :  0.5719290E-06  0.1000000E-03           1
|0110100001111111001000111> :  0.1084591E-04  0.1000000E-03           1
|0110101000101010100010101> :  0.1242538E-06  0.1000000E-03           1
|0110101001011011001010001> :  0.2239610E-05  0.1000000E-03           1
|0110101001011110001010001> :  0.3277906E-04  0.1000000E-03           1
|0110101001101000001010101> :  0.1676072E-07  0.1000000E-03           1
|1111011100000001000111010> :  0.4997266E-05  0.1000000E-03           1
|0110101001111110001100101> :  0.5759514E-05  0.1000000E-03           1
|1111011100011100010011000> :  0.7742621E-06  0.1000000E-03           1
|0110101011011001101010100> :  0.4664861E-08  0.1000000E-03           1
|0110101100100000110111010> :  0.2182181E-07  0.1000000E-03           1
|0110101111101011100010001> :  0.1632850E-08  0.1000000E-03           1
|0110110000101101100100100> :  0.5877816E-07  0.1000000E-03           1
|0110110010000001010111100> :  0.5544031E-07  0.1000000E-03           1
|0110110011001101011100110> :  0.3828777E-08  0.1000000E-03           1
|0110110110000011100101100> :  0.1511238E-06  0.1000000E-03           1
|0110111000001110000111001> :  0.2056220E-07  0.1000000E-03           1
|0110111011000000100001110> :  0.4522251E-04  0.1000000E-03           1
|1111011110000001110011100> :  0.9607978E-04  0.1000000E-03           1
|0111000010111001001011000> :  0.5238523E-08  0.1000000E-03           1
|0111000110011001010101000> :  0.1035074E-05  0.1000000E-03           1
|0111001010101001101011000> :  0.8935520E-08  0.1000000E-03           1
|0111001011010000011001001> :  0.1923269E-07  0.1000000E-03           1
|0111001110000001110011001> :  0.4503688E-05  0.1000000E-03           1
|0111001110000001110111110> :  0.4023480E-05  0.1000000E-03           1
|0111001110001010100001101> :  0.3596365E-07  0.1000000E-03           1
|0111001110011001110001010> :  0.2046699E-07  0.1000000E-03           1
|0111001110100001100011000> :  0.1998798E-05  0.1000000E-03           1
|0111010010011001010011101> :  0.2501091E-06  0.1000000E-03           1
|0111010100010001110101001> :  0.9053695E-07  0.1000000E-03           1
|1111011111000100110010000> :  0.7905535E-06  0.1000000E-03           1
|0111010111110101001001000> :  0.5743516E-08  0.1000000E-03           1
|0111011011001001001001110> :  0.2682235E-08  0.1000000E-03           1
|0111011011011000000000010> :  0.2086730E-07  0.1000000E-03           1
|0111011100001001100101101> :  0.1262216E-07  0.1000000E-03           1
|0111011100101101100011000> :  0.1415225E-06  0.1000000E-03           1
|0111011110000001001101100> :  0.3743823E-07  0.1000000E-03           1
|0111011110000001100010000> :  0.1420659E-06  0.1000000E-03           1
|0111011110000001110011000> :  0.6769159E-04  0.1000000E-03           1
|0111011110011001110110000> :  0.9395463E-07  0.1000000E-03           1
|0111011110101001001001010> :  0.1321669E-07  0.1000000E-03           1
|0111100000111101001100111> :  0.6161402E-06  0.1000000E-03           1
|0111100000111101101100100> :  0.6054893E-08  0.1000000E-03           1
|0111100011101000100000110> :  0.7974538E-08  0.1000000E-03           1
|0111101000011000010011001> :  0.3856709E-08  0.1000000E-03           1
|0111110011000010100001110> :  0.5684181E-08  0.1000000E-03           1
|0111110111110001100011000> :  0.2929022E-07  0.1000000E-03           1
|0111111100011000100001100> :  0.3845683E-08  0.1000000E-03           1
|1000000101101011010110111> :  0.3035591E-08  0.1000000E-03           1
|1000010001111110011000001> :  0.9040867E-06  0.1000000E-03           1
|1000010011110000111001010> :  0.7171496E-08  0.1000000E-03           1
|1000010100010111110100010> :  0.3194918E-07  0.1000000E-03           1
|1000010110010011110101100> :  0.1417081E-08  0.1000000E-03           1
|1000011001111110101000111> :  0.3274425E-07  0.1000000E-03           1
|1000011010000100110111110> :  0.2357638E-07  0.1000000E-03           1
|1000011011110000101000111> :  0.1391280E-07  0.1000000E-03           1
|1000100001011110001000111> :  0.3877097E-04  0.1000000E-03           1
|1000100001110110010111101> :  0.2890351E-07  0.1000000E-03           1
|1000100001110110101100111> :  0.5472231E-04  0.1000000E-03           1
|1000100011010110001000111> :  0.4436695E-06  0.1000000E-03           1
|1000100011110000111001111> :  0.1577830E-06  0.1000000E-03           1
|1000100100001111001110101> :  0.4179954E-07  0.1000000E-03           1
|0100101001001110100100101> :  0.7875139E-05  0.1000000E-03           1
|0100101001001101100001011> :  0.3908667E-07  0.1000000E-03           1
|0000110101111111010100100> :  0.1348125E-05  0.1000000E-03           1
|0100101001001011001100011> :  0.9032131E-07  0.1000000E-03           1
|0100101000101111100110101> :  0.6086153E-04  0.1000000E-03           1
|0000110101111101001100110> :  0.2773533E-04  0.1000000E-03           1
|0000101000100110110111111> :  0.5715744E-07  0.1000000E-03           1
|0000100001111110001100101> :  0.9255623E-05  0.1000000E-03           1
|1011010110101000110011000> :  0.1844898E-05  0.1000000E-03           1
|0100101000101010100010101> :  0.2432094E-04  0.1000000E-03           1
|0000110101110111010110010> :  0.8635012E-06  0.1000000E-03           1
|0100101000010010110111110> :  0.1573680E-07  0.1000000E-03           1
|0100100111101110100110110> :  0.9034456E-08  0.1000000E-03           1
|0000110101010010111100110> :  0.1031681E-07  0.1000000E-03           1
|0000101000011111001101111> :  0.8349207E-05  0.1000000E-03           1
|0100100101111110010100011> :  0.1579358E-06  0.1000000E-03           1
|0100100101110011011100011> :  0.3956826E-07  0.1000000E-03           1
|0000110100110011001110011> :  0.9636537E-07  0.1000000E-03           1
|0100100101101110000010001> :  0.6638084E-05  0.1000000E-03           1
|0100100100010010011111001> :  0.1126840E-07  0.1000000E-03           1
|0000110011111111101100111> :  0.8358652E-05  0.1000000E-03           1
|0000100111110011100100111> :  0.9058166E-07  0.1000000E-03           1
|0000100001011100111100111> :  0.2812448E-06  0.1000000E-03           1
|0000011001110101101110011> :  0.5278777E-08  0.1000000E-03           1
|0000001101110011100011010> :  0.6226333E-08  0.1000000E-03           1
|0100100011001010100100110> :  0.4589667E-07  0.1000000E-03           1
|1011010110010001001001010> :  0.7945734E-05  0.1000000E-03           1
|0100100010101110011010001> :  0.5711880E-06  0.1000000E-03           1
|0100100001110110001110100> :  0.5277693E-06  0.1000000E-03           1
|0100100001101110110110101> :  0.2341925E-06  0.1000000E-03           1
|0000110001111111100100111> :  0.1460505E-04  0.1000000E-03           1
|0000100111010010110100110> :  0.1366122E-08  0.1000000E-03           1
|0100100001101101001110001> :  0.4157670E-08  0.1000000E-03           1
|0100100001101100101101111> :  0.9175328E-07  0.1000000E-03           1
|0000110001111111100100101> :  0.1517080E-04  0.1000000E-03           1
|0100100001011110011101101> :  0.2419141E-05  0.1000000E-03           1
|1011010101011011001110010> :  0.1482497E-06  0.1000000E-03           1
|1011010101001001110101000> :  0.1553308E-06  0.1000000E-03           1
|0100100001001110100011101> :  0.1763090E-04  0.1000000E-03           1
|0000110001111111011100110> :  0.3362671E-04  0.1000000E-03           1
|0100100000111001010110001> :  0.8877961E-08  0.1000000E-03           1
|0100100000101110011101011> :  0.1867728E-07  0.1000000E-03           1
|0000110001111111010010011> :  0.8604139E-07  0.1000000E-03           1
|0100100000011111011101011> :  0.1152383E-06  0.1000000E-03           1
|0100100000011001110110010> :  0.1454916E-07  0.1000000E-03           1
|0000110001111111001110101> :  0.4143128E-05  0.1000000E-03           1
|0000100101111111001101010> :  0.2512698E-05  0.1000000E-03           1
|0100011010101100101001101> :  0.2480661E-07  0.1000000E-03           1
|1011001110110000010001111> :  0.3953953E-06  0.1000000E-03           1
|0100011001110010100110010> :  0.7192828E-08  0.1000000E-03           1
|0100011001011010011010001> :  0.3510466E-07  0.1000000E-03           1
|1011001110000000110111010> :  0.3373612E-04  0.1000000E-03           1
|0100010011111111001000001> :  0.1342649E-06  0.1000000E-03           1
|0000110001111111001110010> :  0.6649349E-04  0.1000000E-03           1
|0000100100111111011110001> :  0.4471047E-04  0.1000000E-03           1
|0000100001001011001110011> :  0.2329803E-06  0.1000000E-03           1
|0100001001111110100110101> :  0.5577729E-05  0.1000000E-03           1
|1011001010000011011111010> :  0.3370784E-09  0.1000000E-03           1
|0100001001111110000010001> :  0.9953161E-05  0.1000000E-03           1
|0100001001101110100110111> :  0.2729903E-06  0.1000000E-03           1
|0100001001101010100011101> :  0.1200749E-05  0.1000000E-03           1
|0000110001111111001101110> :  0.6755815E-04  0.1000000E-03           1
|0000100100111111001110011> :  0.4692666E-04  0.1000000E-03           1
|0011111110100000110111010> :  0.1686163E-07  0.1000000E-03           1
|0011111011100100000001011> :  0.2908466E-08  0.1000000E-03           1
|0011111001111100001001101> :  0.2109501E-07  0.1000000E-03           1
|1011000110000001110101101> :  0.1323407E-05  0.1000000E-03           1
|0011111000011010010111001> :  0.2978841E-08  0.1000000E-03           1
|0000100100111111001110001> :  0.7016972E-04  0.1000000E-03           1
|0000100001111101001101011> :  0.3936459E-04  0.1000000E-03           1
|0011110110010001011101010> :  0.2132904E-04  0.1000000E-03           1
|1011000100010001011110001> :  0.1231109E-07  0.1000000E-03           1
|1011000100010001001101110> :  0.2688332E-06  0.1000000E-03           1
|0011110110010001011100010> :  0.2556455E-05  0.1000000E-03           1
|1011000010011110001000110> :  0.3912656E-07  0.1000000E-03           1
|1010111100010000100111010> :  0.7959272E-07  0.1000000E-03           1
|0011110110000011010101010> :  0.1274360E-05  0.1000000E-03           1
|1010111100000101000111010> :  0.2804511E-08  0.1000000E-03           1
|1011000110000001001011110> :  0.5444636E-06  0.1000000E-03           1
|1011000110000001110101010> :  0.5711978E-05  0.1000000E-03           1
|1010110110010001011101010> :  0.1872585E-04  0.1000000E-03           1
|0011110110000001011011010> :  0.1650184E-06  0.1000000E-03           1
|0000100100111111001100010> :  0.2130514E-04  0.1000000E-03           1
|1011000110010001011111010> :  0.2682272E-04  0.1000000E-03           1
|1010110011010001101001000> :  0.4678677E-08  0.1000000E-03           1
|1010101110001011110100110> :  0.9108358E-08  0.1000000E-03           1
|1011000110011001101001011> :  0.1486181E-06  0.1000000E-03           1
|1011000110011001110011110> :  0.7402598E-06  0.1000000E-03           1
|1011000110110000100111000> :  0.7423398E-07  0.1000000E-03           1
|0011101110001011011011000> :  0.1868834E-06  0.1000000E-03           1
|1011000111010000011011100> :  0.1241068E-06  0.1000000E-03           1
|1011000111111010011001010> :  0.2270196E-07  0.1000000E-03           1
|1010101101010001010110111> :  0.8577433E-08  0.1000000E-03           1
|1011001010001011010011110> :  0.1552536E-07  0.1000000E-03           1
|1011001011011001010001111> :  0.2617050E-07  0.1000000E-03           1
|1011001110000000011001011> :  0.4413295E-07  0.1000000E-03           1
|1010101001110001011110011> :  0.2736331E-07  0.1000000E-03           1
|1011001110000001010001001> :  0.1622925E-07  0.1000000E-03           1
|1011001110000001110011100> :  0.1825896E-05  0.1000000E-03           1
|1011001110000011011100100> :  0.2964850E-06  0.1000000E-03           1
|0011101110000000110101110> :  0.2145728E-06  0.1000000E-03           1
|1011001110110001000001010> :  0.1739414E-06  0.1000000E-03           1
|1011010000011000110111001> :  0.1012279E-07  0.1000000E-03           1
|1011010001001111001100110> :  0.7756923E-07  0.1000000E-03           1
|1011010010000001010111001> :  0.3043481E-05  0.1000000E-03           1
|1011010100000001011101101> :  0.5432832E-06  0.1000000E-03           1
|1011010100000001100111000> :  0.8694023E-07  0.1000000E-03           1
|1011010100010001001101010> :  0.2375390E-04  0.1000000E-03           1
|1011010100010001110111010> :  0.2609113E-04  0.1000000E-03           1
|1011010100010101001001010> :  0.1700618E-05  0.1000000E-03           1
|1011010100010111011001010> :  0.3619142E-05  0.1000000E-03           1
|1011010100110101001001001> :  0.2406371E-07  0.1000000E-03           1
|0000110001111111001000101> :  0.2897716E-03  0.1000000E-03           1
|1010101001000100001101111> :  0.6751574E-08  0.1000000E-03           1
|1011010101101100011000100> :  0.2307435E-07  0.1000000E-03           1
|1011010110000000110101110> :  0.3037943E-03  0.1000000E-03           1
|1010100110100001011111111> :  0.3590469E-07  0.1000000E-03           1
|0011101010111001001010011> :  0.1876141E-07  0.1000000E-03           1
|1010100001101110101100110> :  0.3518277E-06  0.1000000E-03           1
|1010011111100000001000111> :  0.4878803E-07  0.1000000E-03           1
|1011010110000001011111010> :  0.1797756E-04  0.1000000E-03           1
|0011101001101010100111101> :  0.1198241E-07  0.1000000E-03           1
|0000110001111110001110010> :  0.4357777E-05  0.1000000E-03           1
|0000100001111101001100111> :  0.2988891E-04  0.1000000E-03           1
|0000011000111111001100011> :  0.1563779E-06  0.1000000E-03           1
|1010011101000011110000011> :  0.7939398E-08  0.1000000E-03           1
|1010011000010001100101111> :  0.1427198E-07  0.1000000E-03           1
|0011100110011011011001010> :  0.2324328E-06  0.1000000E-03           1
|1010010111010010010000010> :  0.7487596E-08  0.1000000E-03           1
|1010010111000001110100110> :  0.5333212E-05  0.1000000E-03           1
|1011010110010001011011000> :  0.3538424E-05  0.1000000E-03           1
|0011100101101111000110110> :  0.4644237E-08  0.1000000E-03           1
|1010010110110100010101110> :  0.4213329E-07  0.1000000E-03           1
|1010010110011001110001001> :  0.1656045E-07  0.1000000E-03           1
|0011100001111001001001111> :  0.1918998E-06  0.1000000E-03           1
|1010010110010101110011110> :  0.1481092E-05  0.1000000E-03           1
|1011010110010001110001110> :  0.7282838E-04  0.1000000E-03           1
|1011010110010100110111100> :  0.1329015E-05  0.1000000E-03           1
|1011010110010101000111110> :  0.5652181E-07  0.1000000E-03           1
|1011010110010101011001010> :  0.2347806E-04  0.1000000E-03           1
|1011010110011001011001010> :  0.5925381E-04  0.1000000E-03           1
|1010010110010001011000110> :  0.2087408E-07  0.1000000E-03           1
|0011011110110001011101010> :  0.1504095E-04  0.1000000E-03           1
|0000110001111110001100010> :  0.1392704E-04  0.1000000E-03           1
|1011010110101001110001110> :  0.3668247E-06  0.1000000E-03           1
|1011010110110001001001010> :  0.5739840E-04  0.1000000E-03           1
|0000100100100110101000111> :  0.8448318E-08  0.1000000E-03           1
|1011010110111000111011000> :  0.1338072E-06  0.1000000E-03           1
|1011010111000110001110000> :  0.3905904E-07  0.1000000E-03           1
|1011010111001001110101110> :  0.2166440E-05  0.1000000E-03           1
|1011010111001001110110110> :  0.3045604E-07  0.1000000E-03           1
|1011010111010001001011111> :  0.5771239E-07  0.1000000E-03           1
|1010010101000011111011001> :  0.4203431E-07  0.1000000E-03           1
|1011010111011001011000010> :  0.3676977E-05  0.1000000E-03           1
|1011010111100000010011000> :  0.3771198E-06  0.1000000E-03           1
|1011011000000011011111000> :  0.5752673E-07  0.1000000E-03           1
|1011011010010000011100011> :  0.1309351E-07  0.1000000E-03           1
|1011011100010000001000110> :  0.6310244E-08  0.1000000E-03           1
|0011011010100001110001111> :  0.1337121E-06  0.1000000E-03           1
|1011011101010100111001010> :  0.2439940E-06  0.1000000E-03           1
|1010010011011100100000110> :  0.7123627E-07  0.1000000E-03           1
|1010010010100101100001110> :  0.7554334E-08  0.1000000E-03           1
|0011011010001111010110110> :  0.7030270E-07  0.1000000E-03           1
|1011011110100000011101010> :  0.1178406E-05  0.1000000E-03           1
|1011011110100011110011000> :  0.3212537E-05  0.1000000E-03           1
|1011011110110000101011110> :  0.3158039E-07  0.1000000E-03           1
|1011011111001001100110000> :  0.8850832E-07  0.1000000E-03           1
|1011011111010000101011011> :  0.7109799E-08  0.1000000E-03           1
|1011100100001001110111100> :  0.2444439E-07  0.1000000E-03           1
|1011100110000000011111000> :  0.2639959E-07  0.1000000E-03           1
|1010001110000011110111100> :  0.1755645E-06  0.1000000E-03           1
|1011101110000001110011110> :  0.4936715E-05  0.1000000E-03           1
|0011011000001110110011001> :  0.2567252E-07  0.1000000E-03           1
|1011110100010001011101010> :  0.2701315E-04  0.1000000E-03           1
|1010001011000010111111010> :  0.2883066E-07  0.1000000E-03           1
|1011110110010001011101001> :  0.6811341E-06  0.1000000E-03           1
|1010001001001110100100100> :  0.4381777E-08  0.1000000E-03           1
|1011110111000010110101100> :  0.2205263E-07  0.1000000E-03           1
|0011010110111011011001110> :  0.2153736E-07  0.1000000E-03           1
|1100000001101110101010101> :  0.2117579E-06  0.1000000E-03           1
|0000110001111100101100111> :  0.5664987E-04  0.1000000E-03           1
|1100001001011110100110001> :  0.4030676E-06  0.1000000E-03           1
|0000100100100110100011011> :  0.1254223E-07  0.1000000E-03           1
|1100010000011101100100110> :  0.6870902E-07  0.1000000E-03           1
|0000100001111100001101111> :  0.1268572E-03  0.1000000E-03           1
|1100010011001110100010100> :  0.1713537E-07  0.1000000E-03           1
|1100010110010111001111000> :  0.8411932E-08  0.1000000E-03           1
|1100011011000110100111000> :  0.3296165E-07  0.1000000E-03           1
|1100011011110100011001101> :  0.1275351E-07  0.1000000E-03           1
|1100011100100100110011100> :  0.1924395E-07  0.1000000E-03           1
|1100100000110110111011011> :  0.1099942E-07  0.1000000E-03           1
|1100100001001110100010101> :  0.1504095E-04  0.1000000E-03           1
|1010000110000011011011000> :  0.1971116E-07  0.1000000E-03           1
|1010000100010001110100110> :  0.7437579E-08  0.1000000E-03           1
|1100100111000110101110001> :  0.1173406E-07  0.1000000E-03           1
|1100100111100100101001100> :  0.2509928E-07  0.1000000E-03           1
|1100101000011001010011011> :  0.1943161E-07  0.1000000E-03           1
|1100101000110110011001111> :  0.4249057E-08  0.1000000E-03           1
|1100101001001100110010101> :  0.1178978E-05  0.1000000E-03           1
|1100101001100110100000100> :  0.7222129E-06  0.1000000E-03           1
|0011010110010000011001010> :  0.2738938E-05  0.1000000E-03           1
|1010000011011111111000110> :  0.1265891E-08  0.1000000E-03           1
|1001110111010000010101111> :  0.6406858E-08  0.1000000E-03           1
|1100101100111110100010001> :  0.1371088E-07  0.1000000E-03           1
|0011010101100110011000100> :  0.3643087E-07  0.1000000E-03           1
|0000110001111100011100111> :  0.2833614E-04  0.1000000E-03           1
|1100110110011000100101000> :  0.1372183E-07  0.1000000E-03           1
|1100111000101110101011001> :  0.6546897E-07  0.1000000E-03           1
|1001110110010001011100010> :  0.5655546E-05  0.1000000E-03           1
|1001110110000001110101110> :  0.1827074E-04  0.1000000E-03           1
|1100111001110110111001001> :  0.1043473E-07  0.1000000E-03           1
|1101000010000000000011001> :  0.3578682E-10  0.1000000E-03           1
|0011010101100001011000111> :  0.1311764E-07  0.1000000E-03           1
|1101000110100110011001001> :  0.7555265E-08  0.1000000E-03           1
|1001101100111011001000011> :  0.1065776E-07  0.1000000E-03           1
|1101001001111110101001100> :  0.1812804E-07  0.1000000E-03           1
|1001100110110001000011110> :  0.6655003E-07  0.1000000E-03           1
|1101001110000001010011101> :  0.4815271E-07  0.1000000E-03           1
|0011010100011001110111011> :  0.6798396E-06  0.1000000E-03           1
|1101010100001111011001001> :  0.1262866E-07  0.1000000E-03           1
|1101010100010101100101100> :  0.3208230E-07  0.1000000E-03           1
|1101010101001110010100001> :  0.1083738E-08  0.1000000E-03           1
|1101010110000000110011000> :  0.9228322E-05  0.1000000E-03           1
|1101010110100011010011001> :  0.5485593E-06  0.1000000E-03           1
|0000110001111100001100111> :  0.2196500E-03  0.1000000E-03           1
|1101010110111111000001000> :  0.3012063E-07  0.1000000E-03           1
|1101011000110101010000111> :  0.9081559E-08  0.1000000E-03           1
|1101011001010010000001101> :  0.4096696E-06  0.1000000E-03           1
|1101011011110010110101101> :  0.1447538E-08  0.1000000E-03           1
|1101100001110010100011111> :  0.7998977E-08  0.1000000E-03           1
|1101101110111001001011001> :  0.3878805E-08  0.1000000E-03           1
|1101110111010100011001000> :  0.2279911E-07  0.1000000E-03           1
|1101111000000100100111110> :  0.2785800E-07  0.1000000E-03           1
|1101111010101000100011001> :  0.3104691E-07  0.1000000E-03           1
|1101111011101100001001001> :  0.8724109E-09  0.1000000E-03           1
|1101111110010110011001000> :  0.1296623E-08  0.1000000E-03           1
|1110000111001010101000100> :  0.2028120E-07  0.1000000E-03           1
|1110000111001010101100010> :  0.3552622E-07  0.1000000E-03           1
|1110000111010000110001010> :  0.2800912E-06  0.1000000E-03           1
|1110001011001000110011100> :  0.2112603E-06  0.1000000E-03           1
|0000100011111111101100111> :  0.2275037E-05  0.1000000E-03           1
|1110001110000000110111000> :  0.4701201E-05  0.1000000E-03           1
|1110001111001000100001110> :  0.7704519E-06  0.1000000E-03           1
|1110010001110100100011101> :  0.1278640E-07  0.1000000E-03           1
|1110010100010101110001110> :  0.5849266E-07  0.1000000E-03           1
|1110010101010111110001000> :  0.7429720E-09  0.1000000E-03           1
|1110010110000000110111100> :  0.7048949E-04  0.1000000E-03           1
|1001100110101101010100100> :  0.5436909E-08  0.1000000E-03           1
|1001100101110100010111001> :  0.2375268E-08  0.1000000E-03           1
|1110010111000011110110000> :  0.3507557E-07  0.1000000E-03           1
|1110010111000100110111110> :  0.1613218E-06  0.1000000E-03           1
|1110010111010010001100111> :  0.5258266E-08  0.1000000E-03           1
|1110010111010101001011000> :  0.3012369E-06  0.1000000E-03           1
|1110010111100010110111100> :  0.3578613E-06  0.1000000E-03           1
|0011010011001110011100100> :  0.1158730E-07  0.1000000E-03           1
|1001100100101101011010001> :  0.1036457E-08  0.1000000E-03           1
|1110011011000000110011101> :  0.7935412E-04  0.1000000E-03           1
|1110011011000000110011110> :  0.6817183E-05  0.1000000E-03           1
|1110011011001001110010000> :  0.2803000E-06  0.1000000E-03           1
|1110011011011010001011001> :  0.1054452E-07  0.1000000E-03           1
|1110011110100001100111010> :  0.4136182E-06  0.1000000E-03           1
|1001100011100100001100111> :  0.1429957E-07  0.1000000E-03           1
|0011001111001011011011100> :  0.4354884E-08  0.1000000E-03           1
|0000110001111100001100011> :  0.9198004E-05  0.1000000E-03           1
|1110011111000000110011000> :  0.7652430E-04  0.1000000E-03           1
|1001100000111001010111111> :  0.3295589E-08  0.1000000E-03           1
|1110011111011000010100110> :  0.1579409E-07  0.1000000E-03           1
|1110101110000000110101101> :  0.1801794E-07  0.1000000E-03           1
|1110101110000001110011000> :  0.5010930E-04  0.1000000E-03           1
|1110101110000010110010000> :  0.3707882E-07  0.1000000E-03           1
|1110110001000110110111010> :  0.9226186E-08  0.1000000E-03           1
|1110110001011110101100100> :  0.6279284E-07  0.1000000E-03           1
|1110110110000100000100110> :  0.3084511E-07  0.1000000E-03           1
|1110110110000100101100101> :  0.5003837E-09  0.1000000E-03           1
|1001011110001110011001000> :  0.1194383E-07  0.1000000E-03           1
|0011001011101110101000001> :  0.4223894E-07  0.1000000E-03           1
|1001011110000110110011000> :  0.1011910E-05  0.1000000E-03           1
|1001011110000001110011001> :  0.5790709E-05  0.1000000E-03           1
|0011001000001111110011101> :  0.2009966E-08  0.1000000E-03           1
|1110111011010000010101010> :  0.5608455E-08  0.1000000E-03           1
|0000110001110111001110001> :  0.2073928E-04  0.1000000E-03           1
|0000100011111010101100011> :  0.3165312E-05  0.1000000E-03           1
|0000100001111100001001111> :  0.2546289E-04  0.1000000E-03           1
|1111000010010000101011001> :  0.3984851E-06  0.1000000E-03           1
|1111000011100100010001000> :  0.4930531E-08  0.1000000E-03           1
|1111000101110000001000101> :  0.5504332E-08  0.1000000E-03           1
|1111000110000000011011010> :  0.1159411E-04  0.1000000E-03           1
|1111000110000000110011001> :  0.1528411E-04  0.1000000E-03           1
|0000100000111111001100111> :  0.3612646E-04  0.1000000E-03           1
|1001010110100001110101110> :  0.3277906E-04  0.1000000E-03           1
|1001010110010010110101100> :  0.2298170E-06  0.1000000E-03           1
|1111000110000001101011110> :  0.1461159E-05  0.1000000E-03           1
|0011000110111001011110010> :  0.3847651E-07  0.1000000E-03           1
|1001010110010000110101010> :  0.2337124E-06  0.1000000E-03           1
|1001010110010000100111010> :  0.9139997E-07  0.1000000E-03           1
|1111000110100000101011111> :  0.6601036E-07  0.1000000E-03           1
|0011000101111010001010100> :  0.5162514E-08  0.1000000E-03           1
|1111000110100000110011010> :  0.6589310E-06  0.1000000E-03           1
|1111000110100001010011010> :  0.2335542E-04  0.1000000E-03           1
|1111000110110000110011000> :  0.1070190E-04  0.1000000E-03           1
|1001010110000011110101110> :  0.2861231E-04  0.1000000E-03           1
|1111000111000010111001101> :  0.1246105E-05  0.1000000E-03           1
|1111001010000000110011001> :  0.1175707E-03  0.1000000E-03           1
|1111001010000001110101101> :  0.3533725E-05  0.1000000E-03           1
|1001010110000001110101111> :  0.4012733E-04  0.1000000E-03           1
|0011000101011011010100011> :  0.2716494E-07  0.1000000E-03           1
|1111001010010001110001010> :  0.7262292E-05  0.1000000E-03           1
|1111001010011001001111000> :  0.3939519E-07  0.1000000E-03           1
|1001010110000001110101110> :  0.6596513E-04  0.1000000E-03           1
|1111001011001001000100110> :  0.1709810E-07  0.1000000E-03           1
|1111001011001101001011001> :  0.6158577E-07  0.1000000E-03           1
|1111001011010000100001100> :  0.6187074E-05  0.1000000E-03           1
|1001010110000001110001110> :  0.7380477E-05  0.1000000E-03           1
|1111001011111010001010001> :  0.4046009E-07  0.1000000E-03           1
|1111001100000101110001000> :  0.2864015E-05  0.1000000E-03           1
|1111001101010000110011001> :  0.7974902E-06  0.1000000E-03           1
|0011000100110001111111100> :  0.1406771E-07  0.1000000E-03           1
|1111001110000000010101111> :  0.5091786E-07  0.1000000E-03           1
|1111001110000000110001100> :  0.9435607E-04  0.1000000E-03           1
|0000110001110111001000111> :  0.1752568E-03  0.1000000E-03           1
|0000100011111010011110001> :  0.2601058E-05  0.1000000E-03           1
|1001010110000000110101110> :  0.3221106E-04  0.1000000E-03           1
|1001010110000000011011000> :  0.2125986E-08  0.1000000E-03           1
|0011000001111100001000111> :  0.1738543E-05  0.1000000E-03           1
|1001010101110011101110010> :  0.2953539E-07  0.1000000E-03           1
|1001010000100101011110101> :  0.1977158E-09  0.1000000E-03           1
|1111001110000001001011000> :  0.1127417E-04  0.1000000E-03           1
|1111001110000001001100110> :  0.5883759E-07  0.1000000E-03           1
|1111001110000001010001011> :  0.1379718E-05  0.1000000E-03           1
|1111001110000001011011000> :  0.1966319E-05  0.1000000E-03           1
|1111001110000001101011000> :  0.6927277E-05  0.1000000E-03           1
|0010110111100101101000110> :  0.3169174E-07  0.1000000E-03           1
|1111001110000001110001101> :  0.4357777E-05  0.1000000E-03           1
|1001010000010111001100111> :  0.1462892E-07  0.1000000E-03           1
|1111001110000001110011001> :  0.7201147E-04  0.1000000E-03           1
|1001001110101110011010010> :  0.1124050E-07  0.1000000E-03           1
|0010110111000110011101110> :  0.4627322E-08  0.1000000E-03           1
|1001001100110011001100010> :  0.1333717E-07  0.1000000E-03           1
|1001000110110101000111011> :  0.1078914E-07  0.1000000E-03           1
|0010110110000011110101100> :  0.2354929E-06  0.1000000E-03           1
|1111001110001000110111000> :  0.1752568E-03  0.1000000E-03           1
|1111001110001001110001100> :  0.5998488E-04  0.1000000E-03           1
|1111001110001001110011010> :  0.5937058E-06  0.1000000E-03           1
|1111001110001011011011000> :  0.3647615E-05  0.1000000E-03           1
|1111001110010000011011010> :  0.2395153E-04  0.1000000E-03           1
|1111001110010000100011000> :  0.1367863E-04  0.1000000E-03           1
|0000110001110110001100011> :  0.1116419E-04  0.1000000E-03           1
|1111001110010000110010001> :  0.4660438E-06  0.1000000E-03           1
|1111001110010000110011000> :  0.6710940E-04  0.1000000E-03           1
|1111001110010001110011000> :  0.2104444E-04  0.1000000E-03           1
|1111001110100000010011001> :  0.4741690E-05  0.1000000E-03           1
|1111001110100001010011010> :  0.3909728E-05  0.1000000E-03           1
|0000100011111001111100111> :  0.1710511E-06  0.1000000E-03           1
|1111001111000000000011101> :  0.1614771E-06  0.1000000E-03           1
|1000111110100101100101010> :  0.1566526E-08  0.1000000E-03           1
|1111001111000000110001101> :  0.7851282E-04  0.1000000E-03           1
|1111010000010101110011101> :  0.8711474E-07  0.1000000E-03           1
|1111010000011001000001101> :  0.8836662E-08  0.1000000E-03           1
|1111010001010001110101001> :  0.8521745E-08  0.1000000E-03           1
|1111010010010010011101110> :  0.3435445E-07  0.1000000E-03           1
|1111010100110001110010010> :  0.7196465E-07  0.1000000E-03           1
|1111010101010010110100110> :  0.1531089E-07  0.1000000E-03           1
|1000111101110100101100110> :  0.2466156E-07  0.1000000E-03           1
|1111010110000000110101110> :  0.2063119E-03  0.1000000E-03           1
|0010110101010000111101011> :  0.1262440E-07  0.1000000E-03           1
|1000111001100110101110001> :  0.8434408E-08  0.1000000E-03           1
|1000110110100101000100010> :  0.1089989E-08  0.1000000E-03           1
|0010110001001110110100000> :  0.2045930E-07  0.1000000E-03           1
|0000110001110101011100111> :  0.6474392E-05  0.1000000E-03           1
|1000110101110110001000010> :  0.4591228E-07  0.1000000E-03           1
|1111010110000100110010100> :  0.1123855E-04  0.1000000E-03           1
|1111010110001010010101101> :  0.2966653E-07  0.1000000E-03           1
|1000110101110101001100110> :  0.9684682E-07  0.1000000E-03           1
|0010101111101011001010110> :  0.5640819E-07  0.1000000E-03           1
|1000110001111110001000111> :  0.2737175E-05  0.1000000E-03           1
|1111010110010011001100010> :  0.1915950E-05  0.1000000E-03           1
|1111010110100001110101110> :  0.3435951E-04  0.1000000E-03           1
|1111010110100011010011100> :  0.1547933E-06  0.1000000E-03           1
|1111010110110001001101010> :  0.4333382E-06  0.1000000E-03           1
|1111010110110011011001000> :  0.1279504E-06  0.1000000E-03           1
|1000110001110110111110110> :  0.5237086E-07  0.1000000E-03           1
|1111010111000011010101000> :  0.1582067E-07  0.1000000E-03           1
|1111010111000101110011000> :  0.1076835E-04  0.1000000E-03           1
|1111010111010000101001100> :  0.2385834E-05  0.1000000E-03           1
|0010101100101011100111101> :  0.1524985E-07  0.1000000E-03           1
|1111010111100100101100000> :  0.1582932E-07  0.1000000E-03           1
|1111011000001101000011001> :  0.3183321E-05  0.1000000E-03           1
|1111011001001010110010000> :  0.3404875E-06  0.1000000E-03           1
|1111011001010000011000101> :  0.3654027E-07  0.1000000E-03           1
|1111011001010011000011001> :  0.3043645E-06  0.1000000E-03           1
|1111011010000000110001101> :  0.6338184E-05  0.1000000E-03           1
|0000110001101111011100110> :  0.4905060E-04  0.1000000E-03           1
|0000100011110111011100111> :  0.2249696E-04  0.1000000E-03           1
|1111011011010000100001110> :  0.4892985E-04  0.1000000E-03           1
|1111011011100000110000101> :  0.2759786E-06  0.1000000E-03           1
|1111011011100010010010001> :  0.4229100E-08  0.1000000E-03           1
|1111011011110010010001101> :  0.7665580E-08  0.1000000E-03           1
|1111011100000000010111100> :  0.4912371E-05  0.1000000E-03           1
|1111011100000000100010000> :  0.5585295E-05  0.1000000E-03           1
|1111011100000000100010001> :  0.4292279E-05  0.1000000E-03           1
|1000110001110110101110011> :  0.1789603E-06  0.1000000E-03           1
|1111011100000010010011100> :  0.1381224E-05  0.1000000E-03           1
|1111011100000101110011101> :  0.1198494E-06  0.1000000E-03           1
|1111011100001000010011000> :  0.1748721E-04  0.1000000E-03           1
|1000101110100011110110010> :  0.1548230E-07  0.1000000E-03           1
|1111011100100001110111000> :  0.5171402E-04  0.1000000E-03           1
|1111011101001001010011100> :  0.8848463E-06  0.1000000E-03           1
|1111011101010000110000101> :  0.1447568E-06  0.1000000E-03           1
|1111011101010001000011000> :  0.1190668E-05  0.1000000E-03           1
|1111011110000000100011000> :  0.1607985E-04  0.1000000E-03           1
|1111011110000000100110010> :  0.1939745E-05  0.1000000E-03           1
|0010101001111110001110010> :  0.6310767E-06  0.1000000E-03           1
|1000101011011110001000111> :  0.1719264E-04  0.1000000E-03           1
|1000101001100110111000010> :  0.2276894E-07  0.1000000E-03           1
|0010101001111101100000010> :  0.2443553E-07  0.1000000E-03           1
|0000110001101111001100111> :  0.6710940E-04  0.1000000E-03           1
|1000100111001110010100111> :  0.9997433E-08  0.1000000E-03           1
|1111011110000000110111000> :  0.6794506E-05  0.1000000E-03           1
|1000100110111001011110100> :  0.2833775E-08  0.1000000E-03           1
|1111011110000001010111000> :  0.8529441E-06  0.1000000E-03           1
|1111011110000001011010100> :  0.4367485E-06  0.1000000E-03           1
|0010101001111010101000010> :  0.6356746E-07  0.1000000E-03           1
|1000100101010111101100010> :  0.1151705E-06  0.1000000E-03           1
|1111011110000001110011001> :  0.1379618E-05  0.1000000E-03           1
|1000100100111100001110111> :  0.5862762E-07  0.1000000E-03           1
|1111011110000001110111000> :  0.1304956E-04  0.1000000E-03           1
|0010101001010000110110110> :  0.1383492E-07  0.1000000E-03           1
|1111011110000010110010000> :  0.2215755E-03  0.1000000E-03           1
|1111011110000010110110000> :  0.3009722E-04  0.1000000E-03           1
|1111011110000011010010000> :  0.7702659E-05  0.1000000E-03           1
|1111011110000011110010000> :  0.1268572E-03  0.1000000E-03           1
|1111011110000100110101100> :  0.6294938E-08  0.1000000E-03           1
|1111011110000101110010000> :  0.1263012E-03  0.1000000E-03           1
|0000110001101110110100001> :  0.1792106E-05  0.1000000E-03           1
|1111011110001000110010100> :  0.2814267E-04  0.1000000E-03           1
|1111011110010000010011000> :  0.8660692E-05  0.1000000E-03           1
|0000100011101101101100111> :  0.1461198E-04  0.1000000E-03           1
|1111011110010100010011100> :  0.3595610E-05  0.1000000E-03           1
|1111011110011000110010000> :  0.3963895E-06  0.1000000E-03           1
|1111011110100000011101000> :  0.3360760E-06  0.1000000E-03           1
|1111011110100000110010100> :  0.6236616E-04  0.1000000E-03           1
|1111011110100001000111000> :  0.2626580E-04  0.1000000E-03           1
|0000100000111111001100011> :  0.6236786E-05  0.1000000E-03           1
|1111011110100110000001110> :  0.4994096E-07  0.1000000E-03           1
|1111011110101001110011000> :  0.2283127E-04  0.1000000E-03           1
|0000010110111101011100010> :  0.3402131E-08  0.1000000E-03           1
|1111011111000000110011100> :  0.6236786E-05  0.1000000E-03           1
|1111011111000001110010000> :  0.7098995E-05  0.1000000E-03           1
|0000001001110111101110101> :  0.6015103E-08  0.1000000E-03           1
|0000000011111110001100111> :  0.9487748E-05  0.1000000E-03           1
|1111011111100000110010100> :  0.6314632E-04  0.1000000E-03           1
|1111100110000001110011010> :  0.6709573E-05  0.1000000E-03           1
|1111101010000001100011010> :  0.3088907E-05  0.1000000E-03           1
|1111101110000000110011100> :  0.1054273E-04  0.1000000E-03           1
|1111101110000001100011010> :  0.2767867E-04  0.1000000E-03           1
|1111110010000001110011000> :  0.3825317E-07  0.1000000E-03           1
|1111110110010001001001010> :  0.3671255E-06  0.1000000E-03           1
|1111111001101100101000110> :  0.9608087E-08  0.1000000E-03           1
|1111111010010000010101100> :  0.9563991E-08  0.1000000E-03           1
|1111111011010000010001101> :  0.9227479E-08  0.1000000E-03           1
|1111111111010100000001100> :  0.3044904E-07  0.1000000E-03           1
|0000000001111111000100111> :  0.1675747E-04  0.1000000E-03           1
