# state, exact probability, frequency, count:
#------------------------------------------------------------------
|001101010101010011100001> :  0.3047137E+00  0.3014000E+00        3014
|110010101010101100011110> :  0.3047137E+00  0.2999000E+00        2999
|101101110000011001110001> :  0.1139451E-01  0.1330000E-01         133
|110010001011100110001110> :  0.1085527E-01  0.1180000E-01         118
|011101110000011001110001> :  0.1129342E-01  0.1160000E-01         116
|100010011101110110000110> :  0.1154156E-01  0.1110000E-01         111
|100010011111100110000110> :  0.1075184E-01  0.1100000E-01         110
|100010001111100110001110> :  0.1129342E-01  0.1100000E-01         110
|010010001111100110001110> :  0.1139451E-01  0.1090000E-01         109
|011101100000011001111001> :  0.1075184E-01  0.1030000E-01         103
|001101110100011001110001> :  0.1085527E-01  0.1020000E-01         102
|011101100010001001111001> :  0.1154156E-01  0.9900000E-02          99
|101101010001011001110001> :  0.8815261E-02  0.9400000E-02          94
|011101101010001100111000> :  0.7770008E-02  0.9200000E-02          92
|010010011111100110000110> :  0.7942300E-02  0.9000000E-02          90
|110010101010100110001110> :  0.8744673E-02  0.8900000E-02          89
|100010101110100110001110> :  0.8303404E-02  0.8700000E-02          87
|001101010101011001110001> :  0.8744673E-02  0.8400000E-02          84
|101101100000011001111001> :  0.7942300E-02  0.8400000E-02          84
|010010101110100110001110> :  0.8815261E-02  0.8200000E-02          82
|100010010101110011000111> :  0.7770008E-02  0.8000000E-02          80
|011101010001011001110001> :  0.8303404E-02  0.7900000E-02          79
|001101100110001001111001> :  0.6968642E-02  0.7800000E-02          78
|001101100100011001111001> :  0.7614467E-02  0.7700000E-02          77
|100010010101110111000110> :  0.6345495E-02  0.7700000E-02          77
|011101101010001000111001> :  0.6345495E-02  0.7200000E-02          72
|111010001010100110001110> :  0.6166417E-02  0.7000000E-02          70
|110010011001110110000110> :  0.6968642E-02  0.6900000E-02          69
|011010001110100110001110> :  0.6562402E-02  0.6800000E-02          68
|110010011011100110000110> :  0.7614467E-02  0.6700000E-02          67
|100101110001011001110001> :  0.6562402E-02  0.6500000E-02          65
|010101100010001001111101> :  0.4722596E-02  0.6300000E-02          63
|101101100010001001111001> :  0.7432793E-02  0.6300000E-02          63
|010101110001011001110001> :  0.6300594E-02  0.6300000E-02          63
|000101110101011001110001> :  0.6166417E-02  0.6200000E-02          62
|010010011101110110000110> :  0.7432793E-02  0.6200000E-02          62
|011101101000011100111000> :  0.2996406E-02  0.5300000E-02          53
|101010001110100110001110> :  0.6300594E-02  0.5200000E-02          52
|000011010101110011000111> :  0.4538376E-02  0.5200000E-02          52
|101010011101110110000010> :  0.4722596E-02  0.4600000E-02          46
|101010010101110011000011> :  0.4284790E-02  0.4600000E-02          46
|111100101010001100111000> :  0.4538376E-02  0.4500000E-02          45
|010101101010001100111100> :  0.4284790E-02  0.4400000E-02          44
|001011010101110011000011> :  0.3169893E-02  0.4100000E-02          41
|011010011101110110000010> :  0.3174345E-02  0.4000000E-02          40
|100010010101110011100101> :  0.2896703E-02  0.3900000E-02          39
|010101101010001100011110> :  0.2661921E-02  0.3500000E-02          35
|000011010101110011100101> :  0.2322959E-02  0.3500000E-02          35
|111010011001110110000010> :  0.3023084E-02  0.3300000E-02          33
|011101101000011000111001> :  0.3519314E-02  0.3200000E-02          32
|100010010111100111000110> :  0.3519314E-02  0.3100000E-02          31
|111100101010001100011010> :  0.2322959E-02  0.3100000E-02          31
|110100101010001100111100> :  0.3169893E-02  0.3000000E-02          30
|010101101010001000111101> :  0.2840315E-02  0.2900000E-02          29
|101010010101110111000010> :  0.2840315E-02  0.2900000E-02          29
|100010010111100011000111> :  0.2996406E-02  0.2800000E-02          28
|100101100010001001111101> :  0.3174345E-02  0.2600000E-02          26
|011101101010001100011010> :  0.2896703E-02  0.2600000E-02          26
|110100101010001100011110> :  0.2308370E-02  0.2500000E-02          25
|000101100110001001111101> :  0.3023084E-02  0.2400000E-02          24
|001011010101110011100001> :  0.2308370E-02  0.2200000E-02          22
|101010010101110011100001> :  0.2661921E-02  0.2100000E-02          21
|100010101110100100011110> :  0.1276278E-02  0.1700000E-02          17
|010010101110100100011110> :  0.1334267E-02  0.1500000E-02          15
|000011010111100011000111> :  0.1505343E-02  0.1400000E-02          14
|111100101000011100111000> :  0.1505343E-02  0.1300000E-02          13
|101101010001011011100001> :  0.1334267E-02  0.1300000E-02          13
|011101010001011011100001> :  0.1276278E-02  0.1100000E-02          11
|001101010101011011100001> :  0.9235226E-03  0.8000000E-03           8
|110000101010101100111100> :  0.5783444E-03  0.8000000E-03           8
|110010101010100100011110> :  0.9235226E-03  0.5000000E-03           5
|101100010101110011100001> :  0.4845933E-03  0.5000000E-03           5
|001101010101010011110001> :  0.4596398E-03  0.4000000E-03           4
|110010101000101100111100> :  0.8345224E-04  0.3000000E-03           3
|100010101010101100011110> :  0.9009892E-04  0.2000000E-03           2
|010011101010001100011110> :  0.4845933E-03  0.2000000E-03           2
|110010101010101100001110> :  0.4596398E-03  0.2000000E-03           2
|000011100110001001011101> :  0.1919846E-04  0.2000000E-03           2
|110000101010101100011110> :  0.3005479E-03  0.2000000E-03           2
|101101010101010011100001> :  0.1346109E-03  0.2000000E-03           2
|001101010101110011100001> :  0.2137207E-03  0.1000000E-03           1
|010010101010101100011110> :  0.1346109E-03  0.1000000E-03           1
|111110011001110110000010> :  0.7367373E-05  0.1000000E-03           1
|010010101001111100010110> :  0.1917936E-07  0.1000000E-03           1
|000011110101011001110101> :  0.3649515E-05  0.1000000E-03           1
|111100001010001110001010> :  0.2398143E-05  0.1000000E-03           1
|110010101011101100011110> :  0.6743059E-04  0.1000000E-03           1
|011101100010001001101001> :  0.2100197E-07  0.1000000E-03           1
|110010101010001100011110> :  0.2137207E-03  0.1000000E-03           1
|001111010101010011100001> :  0.3005479E-03  0.1000000E-03           1
|011100011111110110000010> :  0.2171357E-04  0.1000000E-03           1
|001111010101010011000011> :  0.5783444E-03  0.1000000E-03           1
|011100011101110110100010> :  0.1951773E-04  0.1000000E-03           1
|011010001100100110001110> :  0.2399937E-06  0.1000000E-03           1
|101010010101110111100010> :  0.6384546E-06  0.1000000E-03           1
|000011100100001001111101> :  0.1879959E-04  0.1000000E-03           1
