# state, exact probability, frequency, count:
#------------------------------------------------------------------
|001101010101010011100001> :  0.3117452E+00  0.3075000E+00        3075
|110010101010101100011110> :  0.3117452E+00  0.3068000E+00        3068
|110010001011100110001110> :  0.1062123E-01  0.1140000E-01         114
|101101110000011001110001> :  0.1099809E-01  0.1140000E-01         114
|011101110000011001110001> :  0.1120583E-01  0.1120000E-01         112
|100010011101110110000110> :  0.1108437E-01  0.1100000E-01         110
|100010001111100110001110> :  0.1120583E-01  0.1100000E-01         110
|010010001111100110001110> :  0.1099809E-01  0.1080000E-01         108
|100010011111100110000110> :  0.1060772E-01  0.1040000E-01         104
|011101100010001001111001> :  0.1108437E-01  0.1020000E-01         102
|001101110100011001110001> :  0.1062123E-01  0.9300000E-02          93
|101101010001011001110001> :  0.8401542E-02  0.9200000E-02          92
|011101100000011001111001> :  0.1060772E-01  0.9100000E-02          91
|100010101110100110001110> :  0.8052734E-02  0.8900000E-02          89
|011101101010001100111000> :  0.7368432E-02  0.8800000E-02          88
|010010011111100110000110> :  0.7796392E-02  0.8600000E-02          86
|101101100000011001111001> :  0.7796392E-02  0.8500000E-02          85
|001101010101011001110001> :  0.8353884E-02  0.7800000E-02          78
|110010011001110110000110> :  0.6729720E-02  0.7700000E-02          77
|010010101110100110001110> :  0.8401542E-02  0.7600000E-02          76
|001101100100011001111001> :  0.7518953E-02  0.7600000E-02          76
|100010010101110111000110> :  0.6202796E-02  0.7500000E-02          75
|011101010001011001110001> :  0.8052734E-02  0.7500000E-02          75
|100010010101110011000111> :  0.7368432E-02  0.7400000E-02          74
|110010101010100110001110> :  0.8353884E-02  0.7400000E-02          74
|011010001110100110001110> :  0.6297937E-02  0.7100000E-02          71
|110010011011100110000110> :  0.7518953E-02  0.6900000E-02          69
|011101101010001000111001> :  0.6202796E-02  0.6800000E-02          68
|010010011101110110000110> :  0.7054525E-02  0.6700000E-02          67
|111010001010100110001110> :  0.6012978E-02  0.6700000E-02          67
|001101100110001001111001> :  0.6729720E-02  0.6600000E-02          66
|101101100010001001111001> :  0.7054525E-02  0.6400000E-02          64
|010101110001011001110001> :  0.6115748E-02  0.6300000E-02          63
|101010001110100110001110> :  0.6115748E-02  0.6100000E-02          61
|100101110001011001110001> :  0.6297937E-02  0.5500000E-02          55
|010101100010001001111101> :  0.4573173E-02  0.5400000E-02          54
|000101110101011001110001> :  0.6012978E-02  0.5300000E-02          53
|101010011101110110000010> :  0.4573173E-02  0.5100000E-02          51
|000011010101110011000111> :  0.4192640E-02  0.4900000E-02          49
|011101101000011100111000> :  0.2835586E-02  0.4200000E-02          42
|111100101010001100111000> :  0.4192640E-02  0.4200000E-02          42
|011101101000011000111001> :  0.3551139E-02  0.4200000E-02          42
|100010010101110011100101> :  0.2751544E-02  0.4000000E-02          40
|101010010101110011000011> :  0.4148454E-02  0.3900000E-02          39
|010101101010001100111100> :  0.4148454E-02  0.3900000E-02          39
|010101101010001000111101> :  0.2839083E-02  0.3600000E-02          36
|001011010101110011000011> :  0.2977098E-02  0.3400000E-02          34
|011010011101110110000010> :  0.3017858E-02  0.3400000E-02          34
|110100101010001100111100> :  0.2977098E-02  0.3300000E-02          33
|111010011001110110000010> :  0.2868844E-02  0.3200000E-02          32
|000011010101110011100101> :  0.2179647E-02  0.3200000E-02          32
|001011010101110011100001> :  0.2265094E-02  0.3100000E-02          31
|000101100110001001111101> :  0.2868844E-02  0.3000000E-02          30
|010101101010001100011110> :  0.2602025E-02  0.3000000E-02          30
|100010010111100011000111> :  0.2835586E-02  0.2900000E-02          29
|100010010111100111000110> :  0.3551139E-02  0.2800000E-02          28
|011101101010001100011010> :  0.2751544E-02  0.2800000E-02          28
|100101100010001001111101> :  0.3017858E-02  0.2600000E-02          26
|101010010101110011100001> :  0.2602025E-02  0.2500000E-02          25
|111100101010001100011010> :  0.2179647E-02  0.2400000E-02          24
|101010010101110111000010> :  0.2839083E-02  0.2300000E-02          23
|110100101010001100011110> :  0.2265094E-02  0.2200000E-02          22
|000011010111100011000111> :  0.1366379E-02  0.1700000E-02          17
|011101010001011011100001> :  0.1261597E-02  0.1700000E-02          17
|010010101110100100011110> :  0.1330555E-02  0.1600000E-02          16
|100010101110100100011110> :  0.1261597E-02  0.1500000E-02          15
|111100101000011100111000> :  0.1366379E-02  0.1400000E-02          14
|101101010001011011100001> :  0.1330555E-02  0.1200000E-02          12
|010011101010001100011110> :  0.4620377E-03  0.8000000E-03           8
|001111010101010011000011> :  0.5140899E-03  0.7000000E-03           7
|110000101010101100111100> :  0.5140899E-03  0.6000000E-03           6
|001101010101011011100001> :  0.5571392E-03  0.5000000E-03           5
|110010101010101100001110> :  0.2117717E-03  0.5000000E-03           5
|110010101010100100011110> :  0.5571392E-03  0.4000000E-03           4
|110000101010101100011110> :  0.2450950E-03  0.4000000E-03           4
|001101010101110011100001> :  0.2342215E-03  0.3000000E-03           3
|001101010101010011110001> :  0.2117717E-03  0.3000000E-03           3
|001101010111010011100001> :  0.4228235E-04  0.2000000E-03           2
|001111010101010011100001> :  0.2450950E-03  0.2000000E-03           2
|001101010101010011100011> :  0.9873821E-04  0.2000000E-03           2
|110010101010001100011110> :  0.2342215E-03  0.2000000E-03           2
|101110011101110110000010> :  0.5762003E-05  0.2000000E-03           2
|100011100010001001011101> :  0.1301092E-04  0.1000000E-03           1
|010010101010101100011110> :  0.8227390E-04  0.1000000E-03           1
|111110011001110110000010> :  0.7099211E-05  0.1000000E-03           1
|010010001111100110000110> :  0.1734282E-05  0.1000000E-03           1
|010010001101110110000110> :  0.4236468E-06  0.1000000E-03           1
|110010101010101100011100> :  0.9873821E-04  0.1000000E-03           1
|110010101000101100111100> :  0.7395985E-04  0.1000000E-03           1
|101101010101010011100001> :  0.8227390E-04  0.1000000E-03           1
|001101000111010011110001> :  0.1015596E-07  0.1000000E-03           1
