# state, exact probability, frequency, count:
#------------------------------------------------------------------
|10010110011000001000011010100000001> :  0.3944836E+00  0.3914000E+00        3914
|10010110011000001010011010100000001> :  0.2587371E+00  0.2538000E+00        2538
|10010110011000001010001010100000001> :  0.1659186E+00  0.1686000E+00        1686
|00010110011000001010011010100000001> :  0.9749656E-01  0.9860000E-01         986
|01010110011000001000011010100000001> :  0.1755665E-01  0.1880000E-01         188
|11010110011000001010001010100000001> :  0.1075979E-01  0.1060000E-01         106
|01010110011000001010001010100000001> :  0.5137583E-02  0.4900000E-02          49
|00010110011000001000011010100000001> :  0.3792834E-02  0.2900000E-02          29
|00010010011000001000011010100000011> :  0.9072666E-03  0.1500000E-02          15
|10010110001000001010001010000001011> :  0.1437729E-02  0.1300000E-02          13
|00010110011000001000011010100000011> :  0.3728718E-03  0.5000000E-03           5
|11010110010100001000101010100000001> :  0.3650297E-03  0.4000000E-03           4
|10010110001000001010011010100000001> :  0.1845118E-03  0.4000000E-03           4
|01010110010100001000101010100000001> :  0.6859719E-03  0.4000000E-03           4
|11010010011000001000011010100000001> :  0.7520110E-04  0.4000000E-03           4
|01010110011000001000111010100000001> :  0.1441471E-03  0.3000000E-03           3
|10010100011000001000011011100000001> :  0.1244375E-03  0.3000000E-03           3
|10010110011000000010001010100001001> :  0.1153258E-03  0.3000000E-03           3
|10010110010000001000111010100000001> :  0.2389414E-03  0.3000000E-03           3
|01010110011000001000011000100000001> :  0.5331900E-04  0.3000000E-03           3
|01010110011000001010000010100000001> :  0.4983244E-04  0.3000000E-03           3
|11000110010000001000111010100000001> :  0.1217468E-03  0.3000000E-03           3
|00010110001000001000011010100001001> :  0.7685699E-04  0.3000000E-03           3
|11010100001000001010011010100000001> :  0.8413971E-04  0.3000000E-03           3
|01010110010000001010001010100000001> :  0.8382290E-04  0.2000000E-03           2
|00000110011000001011011010100000001> :  0.9424461E-04  0.2000000E-03           2
|11000110011000011000101010000000001> :  0.1995583E-04  0.2000000E-03           2
|11010100010000001000011010100000001> :  0.4513708E-04  0.2000000E-03           2
|01000110010000001000011010100000001> :  0.1147110E-03  0.2000000E-03           2
|11000100011000001000011010100000001> :  0.1424505E-03  0.2000000E-03           2
|01000010011000001000111010100000001> :  0.1915305E-04  0.2000000E-03           2
|11010110011000001000101000100000001> :  0.7957802E-04  0.2000000E-03           2
|11000110011000000010001010100000001> :  0.1965467E-04  0.2000000E-03           2
|01010110011000000010001010100000001> :  0.3836033E-04  0.2000000E-03           2
|10010110011000001000011010000000001> :  0.8762326E-04  0.2000000E-03           2
|10010010011001001000111010100000001> :  0.6701731E-04  0.2000000E-03           2
|01010110011000001100011010100000001> :  0.1099681E-03  0.2000000E-03           2
|11000000011000001000111010100000001> :  0.4504954E-04  0.2000000E-03           2
|10010110011000001100011010000000001> :  0.1206921E-03  0.2000000E-03           2
|00010110011000001000011010100001001> :  0.6319103E-04  0.2000000E-03           2
|00010110001000011000011010100000001> :  0.3357477E-04  0.2000000E-03           2
|00010110010000001000011010100000001> :  0.9263055E-04  0.2000000E-03           2
|11010100011010001010001010100000001> :  0.7989969E-05  0.2000000E-03           2
|10010110011000001011001010000000001> :  0.8432570E-04  0.2000000E-03           2
|10010110010000001010011010100000001> :  0.9439384E-04  0.2000000E-03           2
|00000100010100001010011010100001001> :  0.4101318E-05  0.2000000E-03           2
|11010110011000001010000010100000001> :  0.1213549E-04  0.2000000E-03           2
|10010110011000001000011010100100001> :  0.6184333E-04  0.2000000E-03           2
|11010110010000001000011010100000001> :  0.1772056E-03  0.2000000E-03           2
|11000110011000001000011010000000001> :  0.7219130E-04  0.2000000E-03           2
|00000110011000011000111010100000001> :  0.2522652E-04  0.2000000E-03           2
|01001000011000001000011011100000001> :  0.6559983E-04  0.2000000E-03           2
|01010000011000001000011010100100001> :  0.3153167E-04  0.2000000E-03           2
|00010010011000001000111010100000001> :  0.9329056E-04  0.2000000E-03           2
|01010110011000000000111010100000001> :  0.1900229E-05  0.2000000E-03           2
|11000110011010001010001010100000001> :  0.4566803E-04  0.2000000E-03           2
|10010100011000001010011010100000001> :  0.1502038E-03  0.2000000E-03           2
|01010110011000001010011010100000001> :  0.7979152E-04  0.2000000E-03           2
|00010110011001001010001010100000001> :  0.1146042E-04  0.2000000E-03           2
|10010110011100001000011010100001001> :  0.7579210E-04  0.2000000E-03           2
|00010010001100001011011010100000001> :  0.1532719E-05  0.2000000E-03           2
|11011110011000001000011010100000001> :  0.1356194E-04  0.2000000E-03           2
|00010110011000001000011010100100001> :  0.5339732E-04  0.2000000E-03           2
|00110110011100001000011010100000001> :  0.3365068E-04  0.2000000E-03           2
|10010110001000001010001010100001001> :  0.9988504E-04  0.2000000E-03           2
|00000011011100101010001010100000001> :  0.9517150E-07  0.1000000E-03           1
|00100110001100001011001010000000001> :  0.5289848E-06  0.1000000E-03           1
|00010010111000101000001100100000001> :  0.3061349E-08  0.1000000E-03           1
|10110010101000001101011000100000001> :  0.9015208E-08  0.1000000E-03           1
|01010010101000001000001011110000001> :  0.5434913E-07  0.1000000E-03           1
|01011010011000001000011010100000001> :  0.2451942E-04  0.1000000E-03           1
|11000000011000010000111010100100001> :  0.6428082E-06  0.1000000E-03           1
|01000010011111001100011010100000001> :  0.3827640E-10  0.1000000E-03           1
|00000010011110001010011010100000001> :  0.1424468E-05  0.1000000E-03           1
|01001010011000001000011010100000001> :  0.5721069E-04  0.1000000E-03           1
|10010010011110001000001010100000001> :  0.5813104E-06  0.1000000E-03           1
|11001010011101000000010000100000001> :  0.2272520E-09  0.1000000E-03           1
|00110010010100001000011010100000001> :  0.1543870E-06  0.1000000E-03           1
|10010000011000001010111010100100001> :  0.7669477E-06  0.1000000E-03           1
|10010000001100001010011110100000001> :  0.9353340E-07  0.1000000E-03           1
|10010010011100001110011010100000001> :  0.2631160E-06  0.1000000E-03           1
|00010010011100001010011010110000001> :  0.2611220E-05  0.1000000E-03           1
|11000010010010001000111010100000001> :  0.1587896E-05  0.1000000E-03           1
|01010010011100001010011010100100001> :  0.9173263E-06  0.1000000E-03           1
|11000100011010001000111010100000001> :  0.8632959E-05  0.1000000E-03           1
|10010010011100001010001011100000001> :  0.1543352E-05  0.1000000E-03           1
|11011000011000001000111010100000001> :  0.3967576E-04  0.1000000E-03           1
|01000010011100001001101000001100001> :  0.6510003E-09  0.1000000E-03           1
|10010010011100000010011010100100001> :  0.2162107E-05  0.1000000E-03           1
|01010010001100001010001010100100001> :  0.6975609E-06  0.1000000E-03           1
|01000010011010001000011010100000001> :  0.6248471E-05  0.1000000E-03           1
|11000100011000001000111010100000001> :  0.1858496E-04  0.1000000E-03           1
|10000110011000001000011010000001001> :  0.9954451E-04  0.1000000E-03           1
|01010100011000001000111010100000001> :  0.2891078E-04  0.1000000E-03           1
|00000010011010000000101110100100001> :  0.8647785E-10  0.1000000E-03           1
|01010010001100001001001000100000001> :  0.8195964E-07  0.1000000E-03           1
|11000100011000001010001010100000001> :  0.1439253E-04  0.1000000E-03           1
|11010100011000001010001010100100001> :  0.1330370E-05  0.1000000E-03           1
|01000100011000001010011010100000001> :  0.2310999E-05  0.1000000E-03           1
|10000110011000001000101010000000001> :  0.1274308E-04  0.1000000E-03           1
|11010100011000001010011010100000001> :  0.1213849E-03  0.1000000E-03           1
|10000100011000011000111010100000001> :  0.1962439E-04  0.1000000E-03           1
|10010110011000001001011010000000001> :  0.8967905E-05  0.1000000E-03           1
|10010110011000001010001010000000001> :  0.1066602E-03  0.1000000E-03           1
|00010100011100001000011110100000001> :  0.9129307E-06  0.1000000E-03           1
|10110100011100001000101000000000001> :  0.4148460E-06  0.1000000E-03           1
|00000100011100001100011010001000001> :  0.1012457E-08  0.1000000E-03           1
|01010101010000001000111010100000001> :  0.7852314E-06  0.1000000E-03           1
|11010110000000001000101010100000001> :  0.1224531E-04  0.1000000E-03           1
|11010110000010001010001010100000001> :  0.5621365E-04  0.1000000E-03           1
|01010110001000001000111010100000001> :  0.5051269E-04  0.1000000E-03           1
|11010110001000001010001010100000001> :  0.1499147E-04  0.1000000E-03           1
|01000110001000001010011010100000001> :  0.7233288E-04  0.1000000E-03           1
|10010110011000001100101010000000001> :  0.1570659E-04  0.1000000E-03           1
|10010110001000001010011011100000001> :  0.7404258E-04  0.1000000E-03           1
|10010110011000011000011000000000001> :  0.2497080E-05  0.1000000E-03           1
|10000110001000011001101000001000001> :  0.5576681E-07  0.1000000E-03           1
|00010110001000101010001010100000001> :  0.9476953E-05  0.1000000E-03           1
|10010110001000101010001010100000001> :  0.6987034E-05  0.1000000E-03           1
|01001110001001001000011010100000001> :  0.1434885E-05  0.1000000E-03           1
|00010110001001001000011011100000001> :  0.6070898E-05  0.1000000E-03           1
|11000110001010001010001010100000001> :  0.2312346E-05  0.1000000E-03           1
|00010110011001001000011010100000001> :  0.1442618E-03  0.1000000E-03           1
|00010110001100001110011010000000001> :  0.4479675E-05  0.1000000E-03           1
|00000110001100011000011110100000001> :  0.1681479E-05  0.1000000E-03           1
|00010110001110001000111010100000001> :  0.6874379E-06  0.1000000E-03           1
|10010000001100001001011110100000001> :  0.3191630E-08  0.1000000E-03           1
|11001100000010001000111010100000000> :  0.5963216E-04  0.1000000E-03           1
|11010110010000001000001010100001001> :  0.2439319E-05  0.1000000E-03           1
|10010110001000011000101100000001001> :  0.8646287E-04  0.1000000E-03           1
|01010100011000001000011011100000001> :  0.1963219E-04  0.1000000E-03           1
|01000100011000001000011011100000001> :  0.3214189E-04  0.1000000E-03           1
|11010100011000001000011010100100001> :  0.4682772E-04  0.1000000E-03           1
|00010010011001001000111010100000001> :  0.1382918E-04  0.1000000E-03           1
|01010010000100011000001010100000001> :  0.8062794E-08  0.1000000E-03           1
|01010100011000001000011010100100001> :  0.9804526E-05  0.1000000E-03           1
|01000100011000001000011010100100001> :  0.1343633E-04  0.1000000E-03           1
|10010010011001001000111000100000001> :  0.1957272E-05  0.1000000E-03           1
|11011100011000001000011010100000001> :  0.2006092E-04  0.1000000E-03           1
|10000110011000000010011010100000001> :  0.6766890E-04  0.1000000E-03           1
|11010100011000001000011010100000001> :  0.6698219E-04  0.1000000E-03           1
|01001010011001001000011010100000001> :  0.3730905E-04  0.1000000E-03           1
|01000001011000000000011010100100001> :  0.1568503E-04  0.1000000E-03           1
|11010110011000000010001010100000001> :  0.1286096E-03  0.1000000E-03           1
|01010100011000001000011010100000001> :  0.5956688E-04  0.1000000E-03           1
|00001010011001001000010011100000001> :  0.5226005E-04  0.1000000E-03           1
|10110100010100001010101000100000001> :  0.1047062E-07  0.1000000E-03           1
|11010100010010000010001010100000001> :  0.2020268E-05  0.1000000E-03           1
|00000010011000011000111010100000001> :  0.2186002E-04  0.1000000E-03           1
|00001000110000011000011000111000001> :  0.1156118E-09  0.1000000E-03           1
|01010100010001010000101100101100001> :  0.4745725E-10  0.1000000E-03           1
|01010100010000001000011011100000001> :  0.5942283E-05  0.1000000E-03           1
|00000010011000011000011010110000001> :  0.4627849E-07  0.1000000E-03           1
|11000110010010100010001010100000001> :  0.1671264E-05  0.1000000E-03           1
|01000110010010100010001010100000001> :  0.2162764E-04  0.1000000E-03           1
|10010110011000001010001010000000011> :  0.3040043E-05  0.1000000E-03           1
|11000110010010011000011010100000001> :  0.2720901E-06  0.1000000E-03           1
|11010100010000001000001010100100001> :  0.1667896E-05  0.1000000E-03           1
|10010010011000001010011011100000001> :  0.2536512E-05  0.1000000E-03           1
|11010000011110000010011010100000001> :  0.6678576E-06  0.1000000E-03           1
|10010110011000101000011010100000011> :  0.1598792E-04  0.1000000E-03           1
|11110110010100001000011010100000001> :  0.2988787E-06  0.1000000E-03           1
|00010111011000001000001010100000011> :  0.1814312E-05  0.1000000E-03           1
|10000010011000001000011010100010011> :  0.3022571E-06  0.1000000E-03           1
|00000110010100001011001010100000001> :  0.2317294E-05  0.1000000E-03           1
|01000110010100011010111000001000001> :  0.1281270E-06  0.1000000E-03           1
|10010110010100101001001010000000001> :  0.2276709E-07  0.1000000E-03           1
|01010110011000000000011010100100001> :  0.2196517E-04  0.1000000E-03           1
|00010110011000001010001010100000101> :  0.9317667E-05  0.1000000E-03           1
|01000110011000000001011010100000001> :  0.6954908E-06  0.1000000E-03           1
|10010110011000001010011010100000101> :  0.6156029E-04  0.1000000E-03           1
|00000110011001001000011010100000101> :  0.3303136E-05  0.1000000E-03           1
|11010100010000000010011000100010101> :  0.1152424E-09  0.1000000E-03           1
|01000110011000000010011010100000001> :  0.5373409E-04  0.1000000E-03           1
|00000010111001001011011000000001001> :  0.3466041E-08  0.1000000E-03           1
|11010110011000001000001000100000001> :  0.6227076E-04  0.1000000E-03           1
|11010110011000001000001000100100001> :  0.8568824E-05  0.1000000E-03           1
|01000110011000001000001010100000001> :  0.2961860E-04  0.1000000E-03           1
|10010110011000001000001010100100001> :  0.1361471E-04  0.1000000E-03           1
|00010110011000001000010010100000001> :  0.1459384E-04  0.1000000E-03           1
|01001110011000001000010010100000001> :  0.4064508E-04  0.1000000E-03           1
|00010110011000001000010011100000001> :  0.5172766E-05  0.1000000E-03           1
|10010110001000001000001010000001001> :  0.1665366E-04  0.1000000E-03           1
|10010110011000001000011000100000001> :  0.2156594E-04  0.1000000E-03           1
|00010110011000001000011001100000001> :  0.6995978E-05  0.1000000E-03           1
|00110110001000001010011010100001001> :  0.1536391E-05  0.1000000E-03           1
|00000110001000011000111000000001001> :  0.6229939E-08  0.1000000E-03           1
|10010110011000001000011010000100001> :  0.4456165E-05  0.1000000E-03           1
|00010110010000001010011010100001001> :  0.1915113E-04  0.1000000E-03           1
|01001110011000001000011010100000001> :  0.3668644E-04  0.1000000E-03           1
|10010110010000011000111010100000000> :  0.1010971E-05  0.1000000E-03           1
|10010110011000001000011010100001001> :  0.3049559E-04  0.1000000E-03           1
|11000110011000001000011010100000001> :  0.1075827E-04  0.1000000E-03           1
|11010110011000001000011010100000001> :  0.6481588E-04  0.1000000E-03           1
|10010110011000011000101000000001001> :  0.3827891E-04  0.1000000E-03           1
|10010110011100001010001010100001001> :  0.4006303E-04  0.1000000E-03           1
|11010110011100001010001010100001001> :  0.1476926E-04  0.1000000E-03           1
|01000110011000001000011010101000001> :  0.1009481E-03  0.1000000E-03           1
|01000110011000001000011011100000001> :  0.2206780E-04  0.1000000E-03           1
|10010100011000001000011010010011001> :  0.2394099E-06  0.1000000E-03           1
|01010101011000000000001010110101011> :  0.1540096E-10  0.1000000E-03           1
|11000110011000001000101010000000001> :  0.1909950E-04  0.1000000E-03           1
|11010110011000001000111000100000001> :  0.1594364E-04  0.1000000E-03           1
|00010110011000001000111010100000001> :  0.1193811E-03  0.1000000E-03           1
|01000110011000001000111010100000001> :  0.3560312E-04  0.1000000E-03           1
|00110110010010001010010010100000001> :  0.2356102E-09  0.1000000E-03           1
|01010110010010001010001010100000001> :  0.2842083E-04  0.1000000E-03           1
|11010100010000000000011010100100001> :  0.3079143E-04  0.1000000E-03           1
|01000110010010001010001010100000001> :  0.6070808E-04  0.1000000E-03           1
|11010110010010001000101000100000001> :  0.1008921E-04  0.1000000E-03           1
|00000110011000001010001010100000001> :  0.1218590E-04  0.1000000E-03           1
|00010110011000001010001010100000001> :  0.4811514E-04  0.1000000E-03           1
|01100100001110001000011000000000001> :  0.1010151E-07  0.1000000E-03           1
|01000010011000001010011010100000001> :  0.2030035E-04  0.1000000E-03           1
|01000110010010000010011010100000001> :  0.5819221E-06  0.1000000E-03           1
|00000110011000001010010010100000001> :  0.1441268E-05  0.1000000E-03           1
|01000110011000001010011000100000001> :  0.3879051E-07  0.1000000E-03           1
|10010110010000101010011010000000001> :  0.9446154E-08  0.1000000E-03           1
|01000110011000001010011010100000001> :  0.7668256E-04  0.1000000E-03           1
|10110100001100011000111000100000001> :  0.1072309E-06  0.1000000E-03           1
|10000110011000001010011010100000001> :  0.5410748E-04  0.1000000E-03           1
|10010110010000011010011010100000001> :  0.5521086E-05  0.1000000E-03           1
|10010110011000001010011010100100001> :  0.3815895E-04  0.1000000E-03           1
|11010110011000001010101010100000001> :  0.3539664E-04  0.1000000E-03           1
|01000110010000011000111010101000001> :  0.9167273E-05  0.1000000E-03           1
|11000110011000001011001010000000001> :  0.1006546E-04  0.1000000E-03           1
|00000100001100001010011010110000001> :  0.1993876E-06  0.1000000E-03           1
|10010010011000001001011010100000001> :  0.8387197E-06  0.1000000E-03           1
|01000000011100001010011011110000001> :  0.3422123E-07  0.1000000E-03           1
|10000110010000011000111010100000001> :  0.4666952E-04  0.1000000E-03           1
|10000110011000001110001010000000001> :  0.1550614E-05  0.1000000E-03           1
|00011110011000001111011010100000001> :  0.1395032E-07  0.1000000E-03           1
|01000110010000011000111000101000001> :  0.8837517E-05  0.1000000E-03           1
|00001110011000011000011010100000001> :  0.3754776E-05  0.1000000E-03           1
|11010110011000011000101000000000001> :  0.2427054E-04  0.1000000E-03           1
|11010100001000001010011011100000001> :  0.3868491E-06  0.1000000E-03           1
|11010110011000011000101010000000001> :  0.4568260E-04  0.1000000E-03           1
|10010110011000011000101100000000001> :  0.2264895E-04  0.1000000E-03           1
|10000110011000011000111010000000001> :  0.4975420E-04  0.1000000E-03           1
|11010110010000011000101010100000001> :  0.2435811E-04  0.1000000E-03           1
|00010110011000011000111010100000001> :  0.2346712E-04  0.1000000E-03           1
|10000110011000011100101010000000001> :  0.1040715E-05  0.1000000E-03           1
|10010110011000101010001010000000001> :  0.1819285E-04  0.1000000E-03           1
|00000110011000101010011010100000001> :  0.2778532E-04  0.1000000E-03           1
|01000110011001000010001010100000001> :  0.6014853E-05  0.1000000E-03           1
|00000110011001001000011010100000001> :  0.1310423E-04  0.1000000E-03           1
|00001010000100001100010011110100010> :  0.2848581E-09  0.1000000E-03           1
|10010110011001001000111010000000001> :  0.1929328E-04  0.1000000E-03           1
|10010110011001001010000010000000001> :  0.1416853E-05  0.1000000E-03           1
|10010110010000011000101010100000001> :  0.1176804E-04  0.1000000E-03           1
|01000110011001001010001010100000001> :  0.4692503E-04  0.1000000E-03           1
|00010110011001001010011010100000001> :  0.2491942E-04  0.1000000E-03           1
|01000110011010000010001010100000001> :  0.1556839E-05  0.1000000E-03           1
|01000110011010001000011010100000001> :  0.1175050E-05  0.1000000E-03           1
|11000010011000001000111010100000001> :  0.2310058E-04  0.1000000E-03           1
|11010110010000011000101000100000001> :  0.8233956E-04  0.1000000E-03           1
|10010110010000011000101000100000001> :  0.1294291E-04  0.1000000E-03           1
|01010100001000001010011010100000001> :  0.2672155E-04  0.1000000E-03           1
|01010110010000011000101000100000001> :  0.4182555E-04  0.1000000E-03           1
|00010110010000011000011010100100001> :  0.1030965E-04  0.1000000E-03           1
|11010100001000001000111010100000001> :  0.1153929E-03  0.1000000E-03           1
|10000010011000001000111010100000001> :  0.1730853E-04  0.1000000E-03           1
|10110000011100001000011010000000001> :  0.7802823E-06  0.1000000E-03           1
|01011000011000001000011010100000001> :  0.8384217E-06  0.1000000E-03           1
|01010110010000011000001010100000001> :  0.9444496E-05  0.1000000E-03           1
|01010110010000001100011010100000001> :  0.1338133E-04  0.1000000E-03           1
|00010100001000001000011011100100001> :  0.6668500E-06  0.1000000E-03           1
|01010110010000001100001010100000001> :  0.6576623E-06  0.1000000E-03           1
|01000111010000011000011010100000001> :  0.6535291E-04  0.1000000E-03           1
|01010111010000001000011010100000001> :  0.3673303E-04  0.1000000E-03           1
|11010100001000001000011010100100001> :  0.2400970E-04  0.1000000E-03           1
|00010110111001001000001000110000001> :  0.3093755E-07  0.1000000E-03           1
|10011110111000011000011000100000001> :  0.1978342E-06  0.1000000E-03           1
|10110110111000001000111000000000001> :  0.4778362E-07  0.1000000E-03           1
|10100110110001000001000100000000001> :  0.3853974E-09  0.1000000E-03           1
|01010110010000001000111010101000001> :  0.1763700E-05  0.1000000E-03           1
|11010100000100011011101100000000001> :  0.9460041E-08  0.1000000E-03           1
|10000110110000001010011010010000001> :  0.5935783E-06  0.1000000E-03           1
|00000110101000000010111010110000001> :  0.3983193E-07  0.1000000E-03           1
|10000110011110001010001010100000001> :  0.3041844E-05  0.1000000E-03           1
|01000111011000001010001010100000001> :  0.5081543E-04  0.1000000E-03           1
|01010111011100001000011010100000001> :  0.2103903E-04  0.1000000E-03           1
|10000000000110011000111000101010001> :  0.6541302E-09  0.1000000E-03           1
|00010010010000001010011010110010001> :  0.1952435E-05  0.1000000E-03           1
|10010100001000011010001010100010001> :  0.1997711E-09  0.1000000E-03           1
|11010100011000000010001010110010001> :  0.1588456E-05  0.1000000E-03           1
|10100110010000001010011010100010001> :  0.4723623E-05  0.1000000E-03           1
|00000110010100100100011010100010001> :  0.6163900E-09  0.1000000E-03           1
|01110110011000000000011010100010001> :  0.3328493E-06  0.1000000E-03           1
|00110110011000000010001010100010001> :  0.2186959E-06  0.1000000E-03           1
|10000110011000000010011010100010001> :  0.1874035E-04  0.1000000E-03           1
|00000110011000001000011010100010001> :  0.2274948E-04  0.1000000E-03           1
|10000110011000001010011010000010001> :  0.1316800E-04  0.1000000E-03           1
|00100111010010110001000000000010001> :  0.2364226E-10  0.1000000E-03           1
|10010110011110001000011010100000001> :  0.1038567E-04  0.1000000E-03           1
|00000000000000001010011011100000011> :  0.1567794E-07  0.1000000E-03           1
|00001000001000101100110011100000011> :  0.9220942E-09  0.1000000E-03           1
|00010000010000101110010011100000011> :  0.8903194E-10  0.1000000E-03           1
|10100000010010001000111010100000011> :  0.6737950E-08  0.1000000E-03           1
|00010010010000001000101010110000011> :  0.7264476E-06  0.1000000E-03           1
|10010010010000001010001010100100011> :  0.5220797E-06  0.1000000E-03           1
|00000010010000100000001000101000011> :  0.3511376E-11  0.1000000E-03           1
|11010100000010001010011010100000001> :  0.1619359E-04  0.1000000E-03           1
|10010010011000001010011010110000011> :  0.2450834E-05  0.1000000E-03           1
|11000010011000011001011000100000011> :  0.4288127E-08  0.1000000E-03           1
|00011010111000000000011010110000011> :  0.2970307E-09  0.1000000E-03           1
|01000011100000001000111010101000011> :  0.4381792E-10  0.1000000E-03           1
|00010100000000001000011011100100011> :  0.1205894E-07  0.1000000E-03           1
|01110100011000000000011010100000011> :  0.1054283E-05  0.1000000E-03           1
|00100110000000001110011010000000011> :  0.7015181E-10  0.1000000E-03           1
|01001110001000001000011010110000011> :  0.2010370E-06  0.1000000E-03           1
|10000110001000011000110110010000011> :  0.8856127E-09  0.1000000E-03           1
|10111110001001001010001010000000011> :  0.6903425E-10  0.1000000E-03           1
|11010110001001001010011010000000011> :  0.9342964E-07  0.1000000E-03           1
|00100110010000011000000000000100011> :  0.1471306E-08  0.1000000E-03           1
|11010110010001001000001010000000011> :  0.2171216E-06  0.1000000E-03           1
|10000110011000000001001010100000011> :  0.1230071E-06  0.1000000E-03           1
|11010000011001001000111010100000001> :  0.2930966E-05  0.1000000E-03           1
|01010110011110001000011010100000001> :  0.4168468E-05  0.1000000E-03           1
|01010110011000001010001010100100011> :  0.7391476E-05  0.1000000E-03           1
|01000110011000001010011010110000011> :  0.5609591E-06  0.1000000E-03           1
|01000110011000100000011010100000011> :  0.2848979E-05  0.1000000E-03           1
|01000110011101000010011010100000001> :  0.9465952E-07  0.1000000E-03           1
|01010110011001001000011010000000011> :  0.9609409E-06  0.1000000E-03           1
|10000110011010001000011010100000011> :  0.1536278E-05  0.1000000E-03           1
|11010111011000000010001010100000011> :  0.1156683E-05  0.1000000E-03           1
|11010110010000001000101000100000001> :  0.4292582E-04  0.1000000E-03           1
|01000111110000000000011010100100011> :  0.3001691E-09  0.1000000E-03           1
|10010110011100001010011010100000001> :  0.3413622E-04  0.1000000E-03           1
|00010010011000001000011011100010011> :  0.1894091E-05  0.1000000E-03           1
|00010110011000001000011010000010011> :  0.4081192E-05  0.1000000E-03           1
|10101110001010001001000000100000100> :  0.4873230E-12  0.1000000E-03           1
|01000100000100001000000010100100101> :  0.1467839E-08  0.1000000E-03           1
|10010100111000001010011011100000101> :  0.4764611E-07  0.1000000E-03           1
|01000101010110100000000010100000101> :  0.4946287E-08  0.1000000E-03           1
|00010110001000011010011010100000101> :  0.1178409E-04  0.1000000E-03           1
|10010110011000001000011010000000101> :  0.6808310E-05  0.1000000E-03           1
|10010110011000001010001010000000101> :  0.3683254E-04  0.1000000E-03           1
|11010110011100001010011010000000001> :  0.9116705E-05  0.1000000E-03           1
|10010110011000001010001010100000101> :  0.8239193E-04  0.1000000E-03           1
|00010110011000001010011000100000101> :  0.5681682E-05  0.1000000E-03           1
|00010110011000001010011010100000101> :  0.4119070E-04  0.1000000E-03           1
|01000110010000001000011011100000001> :  0.7630988E-05  0.1000000E-03           1
|00000110011000011010011010100000101> :  0.3657450E-06  0.1000000E-03           1
|01010100000010001010011010100000001> :  0.1164765E-05  0.1000000E-03           1
|00010110011010001000111110000000101> :  0.1022752E-09  0.1000000E-03           1
|11110110011100001010001110100000001> :  0.9537909E-06  0.1000000E-03           1
|00001010000001010000010010100000111> :  0.1732234E-09  0.1000000E-03           1
|10010110000000010000100100000100111> :  0.3836590E-10  0.1000000E-03           1
|01001000101000000010011010100001001> :  0.1097822E-07  0.1000000E-03           1
|10010110011100001010001110100000001> :  0.1365597E-04  0.1000000E-03           1
|11010100001000001000011010100001001> :  0.8229388E-04  0.1000000E-03           1
|10110100001000001000111010000001001> :  0.6927165E-05  0.1000000E-03           1
|10010100001000011000111010100001001> :  0.1684743E-04  0.1000000E-03           1
|01000100001010001010001010100001001> :  0.1924447E-07  0.1000000E-03           1
|11010100001100000010001010000001001> :  0.2675436E-06  0.1000000E-03           1
|10010110011100001010001011100000001> :  0.1765016E-05  0.1000000E-03           1
|00010100010100001010011010100001001> :  0.5468850E-04  0.1000000E-03           1
|01010100010100001010011010100001001> :  0.5235075E-05  0.1000000E-03           1
|10010100010100001010011010100001001> :  0.2313249E-04  0.1000000E-03           1
|10010100011000001000011010000001001> :  0.6499024E-05  0.1000000E-03           1
|11010100011000001010001010100001001> :  0.3097051E-05  0.1000000E-03           1
|01010100011001001000011010010001001> :  0.1989475E-08  0.1000000E-03           1
|11000100011100001010011010000001001> :  0.1120361E-05  0.1000000E-03           1
|00010100011100001010011010100001001> :  0.5080621E-04  0.1000000E-03           1
|10010110001000000010011010100001001> :  0.7977775E-04  0.1000000E-03           1
|11010110011100001010001011000000001> :  0.2419431E-06  0.1000000E-03           1
|10010110001000001000011010000001001> :  0.1044244E-03  0.1000000E-03           1
|11000100000010001000101000101000001> :  0.5773669E-09  0.1000000E-03           1
|10010110001000001000111010000001001> :  0.1392365E-03  0.1000000E-03           1
|10010110001000001010001010000001001> :  0.3005522E-05  0.1000000E-03           1
|11010010011000001000101010100000001> :  0.2844175E-04  0.1000000E-03           1
|10110110011100001010001010100000001> :  0.9655974E-05  0.1000000E-03           1
|00010110001000011000011010000001001> :  0.1674150E-05  0.1000000E-03           1
|10010110011100001000011110100000001> :  0.1203872E-05  0.1000000E-03           1
|10010110011100001000011010100100001> :  0.2251799E-04  0.1000000E-03           1
|11110110010000001000001000101001001> :  0.3550267E-08  0.1000000E-03           1
|10010110010000001000001010100001001> :  0.1729796E-05  0.1000000E-03           1
|00000110010000001000011010100000001> :  0.4278247E-05  0.1000000E-03           1
|00101100000000011010111011000000001> :  0.2950936E-11  0.1000000E-03           1
|00010110011100001000011010001000001> :  0.6258339E-05  0.1000000E-03           1
|10010110011000001000001010100001001> :  0.4648859E-04  0.1000000E-03           1
|10010110011100001000010010100000001> :  0.3193881E-05  0.1000000E-03           1
|11110110010000000010101110100000001> :  0.2955099E-09  0.1000000E-03           1
|10110110011100001000001000100000001> :  0.1369640E-04  0.1000000E-03           1
|10010110011000001000101010000001001> :  0.6305955E-04  0.1000000E-03           1
|10010110011000001010001000100001001> :  0.1506526E-04  0.1000000E-03           1
|00010110011000001010001010000001001> :  0.7183811E-04  0.1000000E-03           1
|10010110011000001010101010000001001> :  0.1011264E-03  0.1000000E-03           1
|10010110011000001110001010000001001> :  0.3369993E-04  0.1000000E-03           1
|01010110010000000000011010100100001> :  0.1081801E-03  0.1000000E-03           1
|00010110011001001000011010000001001> :  0.6896442E-07  0.1000000E-03           1
|01010100000000011000111010100000001> :  0.2100406E-04  0.1000000E-03           1
|01010010011000001000011011100000001> :  0.4050503E-04  0.1000000E-03           1
|01000000011001001000011011100100001> :  0.9072981E-05  0.1000000E-03           1
|10010110011100001010011010000001001> :  0.5645106E-05  0.1000000E-03           1
|00010110011100001010011010100001001> :  0.9406583E-04  0.1000000E-03           1
|00000110101000001000001000110001001> :  0.4567904E-08  0.1000000E-03           1
|10110110110000000100011000000001001> :  0.4270947E-09  0.1000000E-03           1
|10011000000010001001111010000011001> :  0.1077306E-10  0.1000000E-03           1
|10010000011000000010011010100100001> :  0.9842918E-06  0.1000000E-03           1
|10010010011000001000001010010001011> :  0.4746876E-06  0.1000000E-03           1
|10011100010100001000001010100000000> :  0.8996629E-07  0.1000000E-03           1
|11001000011010001000111010100000000> :  0.3461506E-04  0.1000000E-03           1
|10010110001010001010001010000001011> :  0.1681499E-06  0.1000000E-03           1
|10010110011000001000001010000001011> :  0.1531012E-03  0.1000000E-03           1
|10010111010000000000001000100001011> :  0.3782734E-08  0.1000000E-03           1
|00000110000000010001001000000011011> :  0.5224241E-08  0.1000000E-03           1
|10000001011001001010000010100101101> :  0.3266515E-11  0.1000000E-03           1
|10010110101000011010000010000001111> :  0.7495701E-11  0.1000000E-03           1
|00001000011001001000110011100000000> :  0.2540137E-08  0.1000000E-03           1
