# state, exact probability, frequency, count:
#------------------------------------------------------------------
|110101000101101100110101011000> :  0.7275747E-01  0.7240000E-01         724
|001010111010010011001010100111> :  0.7275747E-01  0.7010000E-01         701
|110101000001101100111101011000> :  0.5505480E-01  0.5520000E-01         552
|001010111110010011000010100111> :  0.5505480E-01  0.5380000E-01         538
|111001000101101100110101011000> :  0.2307753E-01  0.2320000E-01         232
|000110111010010011001010100111> :  0.2307753E-01  0.2230000E-01         223
|001010111110010011100010100110> :  0.1863148E-01  0.2100000E-01         210
|110101000001101100011101011001> :  0.1863148E-01  0.1860000E-01         186
|111001000101101101010101001000> :  0.1609002E-01  0.1750000E-01         175
|000110111010010010101010110111> :  0.1609002E-01  0.1740000E-01         174
|001010111100010001010011101101> :  0.1598143E-01  0.1650000E-01         165
|110101000011101110101100010010> :  0.1598143E-01  0.1430000E-01         143
|110101010011101110101000010010> :  0.1523894E-01  0.1400000E-01         140
|000010111110010010100010110110> :  0.1228158E-01  0.1310000E-01         131
|001010101100010001010111101101> :  0.1523894E-01  0.1300000E-01         130
|000111111010010011001000100011> :  0.1133664E-01  0.1230000E-01         123
|111101000001101101011101001001> :  0.1228158E-01  0.1200000E-01         120
|111000000101101100110111011100> :  0.1133664E-01  0.1190000E-01         119
|000110011010110010101010110111> :  0.9915564E-02  0.1050000E-01         105
|111001100101001101010101001000> :  0.9915564E-02  0.9300000E-02          93
|010111010010110110101000010011> :  0.5519592E-02  0.8500000E-02          85
|101010101100000001010111101101> :  0.8950620E-02  0.8300000E-02          83
|010111010010111110101000010010> :  0.6825423E-02  0.7600000E-02          76
|101000101101000001010111101101> :  0.6825423E-02  0.7500000E-02          75
|010101010011111110101000010010> :  0.8950620E-02  0.7300000E-02          73
|111101100001001101011101001001> :  0.5849637E-02  0.7100000E-02          71
|001010101100011001010111101100> :  0.5780589E-02  0.6400000E-02          64
|110101000101101100100101011000> :  0.5770909E-02  0.6300000E-02          63
|111001000101101100110111011000> :  0.5759404E-02  0.6200000E-02          62
|001010111010010011011010100111> :  0.5770909E-02  0.5800000E-02          58
|110101010011100110101000010011> :  0.5780589E-02  0.5400000E-02          54
|111001000101100110100111011000> :  0.4263472E-02  0.5400000E-02          54
|101000101101001001010111101100> :  0.5519592E-02  0.5200000E-02          52
|110101000011101100101101010010> :  0.4487523E-02  0.5000000E-02          50
|000010011110110010100010110110> :  0.5849637E-02  0.5000000E-02          50
|110101000001101100111101011010> :  0.4691858E-02  0.4900000E-02          49
|101010111100000001010011101101> :  0.3954729E-02  0.4700000E-02          47
|001010111100010001010011100111> :  0.4453782E-02  0.4700000E-02          47
|000110111010010011001000100111> :  0.5759404E-02  0.4600000E-02          46
|001010111000010001011011101101> :  0.3614256E-02  0.4400000E-02          44
|110101000001101100101101011000> :  0.4130244E-02  0.4400000E-02          44
|001010111110010011000010100101> :  0.4691858E-02  0.4400000E-02          44
|000110111000011001011001100111> :  0.3433492E-02  0.4300000E-02          43
|000110111010011001011000100111> :  0.4263472E-02  0.4300000E-02          43
|010101000011111110101100010010> :  0.3954729E-02  0.4200000E-02          42
|001010111110010011010010100111> :  0.4130244E-02  0.4100000E-02          41
|110101000011101110101100011000> :  0.4453782E-02  0.4100000E-02          41
|101000101101000101010111001101> :  0.3418422E-02  0.4100000E-02          41
|010101010011110110101000010011> :  0.4434612E-02  0.4000000E-02          40
|101000101101001101010111001100> :  0.4143484E-02  0.4000000E-02          40
|111001000111100110100110011000> :  0.3433492E-02  0.3800000E-02          38
|000111011010110010101000110011> :  0.3535260E-02  0.3800000E-02          38
|001000101101010001010111101101> :  0.3836138E-02  0.3700000E-02          37
|101010101100001001010111101100> :  0.4434612E-02  0.3600000E-02          36
|110101000111101110100100010010> :  0.3614256E-02  0.3400000E-02          34
|110101000011100110101100010011> :  0.3158105E-02  0.3400000E-02          34
|010111010010110010101000110011> :  0.4143484E-02  0.3400000E-02          34
|010111010010111010101000110010> :  0.3418422E-02  0.3300000E-02          33
|110111010010101110101000010010> :  0.3836138E-02  0.3300000E-02          33
|000000010111110110100010110110> :  0.1629603E-02  0.2900000E-02          29
|000111111010011001011000100011> :  0.2812605E-02  0.2900000E-02          29
|001010111100011001010011101100> :  0.3158105E-02  0.2900000E-02          29
|101010111110010011000010100111> :  0.3205065E-02  0.2900000E-02          29
|111000000111100110100110011100> :  0.2615423E-02  0.2800000E-02          28
|010101000001101100111101011000> :  0.3205065E-02  0.2800000E-02          28
|111000100101001101010111001100> :  0.3535260E-02  0.2700000E-02          27
|000000000111110110100110110110> :  0.2467114E-02  0.2700000E-02          27
|001010111100010011010010101101> :  0.4487523E-02  0.2600000E-02          26
|000010111110010011100010100110> :  0.1269281E-02  0.2600000E-02          26
|000111011010111010101000110010> :  0.2112039E-02  0.2600000E-02          26
|111001000101101100100101011000> :  0.2200407E-02  0.2600000E-02          26
|001010111000010001011011100111> :  0.2398828E-02  0.2600000E-02          26
|010101000001101100011101011001> :  0.2030808E-02  0.2500000E-02          25
|111001000101101100110101011100> :  0.2454734E-02  0.2500000E-02          25
|110101000111101110100100011000> :  0.2398828E-02  0.2400000E-02          24
|111111111000001001011001001001> :  0.2467114E-02  0.2400000E-02          24
|001010101000010001011111101101> :  0.1859046E-02  0.2300000E-02          23
|000111111010010011001000000011> :  0.1992390E-02  0.2300000E-02          23
|001010111110010011000110100101> :  0.1886613E-02  0.2300000E-02          23
|000110111010010011001010100011> :  0.2454734E-02  0.2200000E-02          22
|100000010111110110100010010110> :  0.1926781E-02  0.2200000E-02          22
|000110111010010011011010100111> :  0.2200407E-02  0.2200000E-02          22
|011111101000001001011101101001> :  0.1926781E-02  0.2200000E-02          22
|110101000001101100111001011010> :  0.1886613E-02  0.2100000E-02          21
|111000000101101100110111111100> :  0.1992390E-02  0.2100000E-02          21
|001000000101111100110111111100> :  0.1574866E-02  0.2100000E-02          21
|100000000111110110100110010110> :  0.2015511E-02  0.2000000E-02          20
|000111111000011001011001100011> :  0.2615423E-02  0.2000000E-02          20
|000010011111110010100010110110> :  0.1819557E-02  0.2000000E-02          20
|011111111000001001011001101001> :  0.2015511E-02  0.1900000E-02          19
|111000000101100110100111011100> :  0.2812605E-02  0.1900000E-02          19
|101000000101101100110111011100> :  0.1222804E-02  0.1900000E-02          19
|110101010111101110100000010010> :  0.1859046E-02  0.1900000E-02          19
|111111101000001001011101001001> :  0.1629603E-02  0.1900000E-02          19
|001010111000010011011010101101> :  0.1245458E-02  0.1900000E-02          19
|110101000001101101011101011001> :  0.1749464E-02  0.1900000E-02          19
|110111010010100110101000010011> :  0.2065378E-02  0.1900000E-02          19
|001111101000011001011101101001> :  0.1223878E-02  0.1800000E-02          18
|000110111010010011101010100111> :  0.1196977E-02  0.1800000E-02          18
|101010111110010011100010100110> :  0.2030808E-02  0.1700000E-02          17
|000110111000010001011011100111> :  0.1558442E-02  0.1700000E-02          17
|000110111010010011001010110111> :  0.2459219E-02  0.1700000E-02          17
|000110111010011010101000110110> :  0.2208112E-02  0.1700000E-02          17
|111001000101101100110101001000> :  0.2459219E-02  0.1700000E-02          17
|001010111110010010100010100110> :  0.1749464E-02  0.1700000E-02          17
|000010010110110010100010110110> :  0.1541693E-02  0.1600000E-02          16
|111000100101000101010111001101> :  0.2112039E-02  0.1600000E-02          16
|000000001111110010100110110110> :  0.1274191E-02  0.1600000E-02          16
|111001000101101100010101011000> :  0.1196977E-02  0.1600000E-02          16
|111001100101000101010111001001> :  0.1319118E-02  0.1500000E-02          15
|101010111110010011000010000111> :  0.1015596E-02  0.1500000E-02          15
|000110111010010011000010100111> :  0.1389496E-02  0.1500000E-02          15
|111101101001001101011101001001> :  0.1541693E-02  0.1500000E-02          15
|111001000111101110100100011000> :  0.1558442E-02  0.1500000E-02          15
|111001000101100101010111001001> :  0.2208112E-02  0.1500000E-02          15
|111000000101101101010111001100> :  0.1197190E-02  0.1500000E-02          15
|111001000101101100111101011000> :  0.1389496E-02  0.1500000E-02          15
|000010111110010011000010100111> :  0.1211279E-02  0.1400000E-02          14
|111001100100001101010101001000> :  0.1487408E-02  0.1400000E-02          14
|001000101101011001010111101100> :  0.2065378E-02  0.1400000E-02          14
|001000101111010011000110100101> :  0.1126602E-02  0.1400000E-02          14
|111000000101100101010111001101> :  0.1024573E-02  0.1400000E-02          14
|111101100000001101011101001001> :  0.1819557E-02  0.1400000E-02          14
|101010111100001001010011101100> :  0.1070080E-02  0.1300000E-02          13
|111101000001101100111101011000> :  0.1211279E-02  0.1300000E-02          13
|111101000001101100011101011001> :  0.1269281E-02  0.1300000E-02          13
|001010111010010011101010100111> :  0.9215573E-03  0.1300000E-02          13
|000111111010010010101000110011> :  0.1197190E-02  0.1300000E-02          13
|110111111000001001011001001011> :  0.1238876E-02  0.1300000E-02          13
|010101000001101100111101111000> :  0.1015596E-02  0.1300000E-02          13
|010101000001101100011101111001> :  0.1169121E-02  0.1300000E-02          13
|000100000011110110101110110111> :  0.1094379E-02  0.1300000E-02          13
|010101000011110110101100010011> :  0.1070080E-02  0.1300000E-02          13
|101010111110010011100010000110> :  0.1169121E-02  0.1300000E-02          13
|010111111010010011001000100011> :  0.1222804E-02  0.1200000E-02          12
|110101000101101100010101011000> :  0.9215573E-03  0.1200000E-02          12
|110000000111100110100110010110> :  0.9928656E-03  0.1200000E-02          12
|111001000101100100010111011001> :  0.1067112E-02  0.1200000E-02          12
|110101000101101100110101011010> :  0.1030200E-02  0.1200000E-02          12
|110111111010000011001000000011> :  0.1574866E-02  0.1200000E-02          12
|110000010111100110100010010110> :  0.1223878E-02  0.1200000E-02          12
|000110011010111010101000110110> :  0.1319118E-02  0.1100000E-02          11
|000110011011110010101010110111> :  0.1487408E-02  0.1100000E-02          11
|010111110010010111001000000011> :  0.7597055E-03  0.1100000E-02          11
|001000000111110110100110110100> :  0.1238876E-02  0.1100000E-02          11
|110101000011101100101101011000> :  0.8807134E-03  0.1100000E-02          11
|110111110010000111001000000011> :  0.1348579E-02  0.1100000E-02          11
|000110111010011011101000100110> :  0.1067112E-02  0.1100000E-02          11
|001010111110011011100010100110> :  0.1540380E-02  0.1100000E-02          11
|111111110000001101011001001001> :  0.1274191E-02  0.1100000E-02          11
|001010111100010011010010100111> :  0.8807134E-03  0.1000000E-02          10
|001000001101111000110111111100> :  0.1348579E-02  0.1000000E-02          10
|110101000111101100100101010010> :  0.1245458E-02  0.1000000E-02          10
|110111110000001101011001001011> :  0.8316572E-03  0.1000000E-02          10
|110101000001101100011101011011> :  0.1124278E-02  0.1000000E-02          10
|010110111010010011001010100011> :  0.1283785E-02  0.1000000E-02          10
|111001000101100100110111011000> :  0.6913964E-03  0.1000000E-02          10
|011000000001100100011111111001> :  0.3548752E-03  0.9000000E-03           9
|000110111010010001011010100111> :  0.7599312E-03  0.9000000E-03           9
|100010011110110010100010110110> :  0.6704094E-03  0.9000000E-03           9
|101001000101101100110101011100> :  0.1283785E-02  0.9000000E-03           9
|101010111100000011010010101101> :  0.6567935E-03  0.9000000E-03           9
|110111010000101100111001011010> :  0.1126602E-02  0.9000000E-03           9
|110101000001100100011101011001> :  0.1540380E-02  0.9000000E-03           9
|111001000101101101010101001001> :  0.5538957E-03  0.9000000E-03           9
|111011111100001001010001001000> :  0.1094379E-02  0.9000000E-03           9
|011101100001001101011101001001> :  0.6704094E-03  0.9000000E-03           9
|000100010011110110101010110111> :  0.9904782E-03  0.8000000E-03           8
|101000000111110110100110010100> :  0.7313199E-03  0.8000000E-03           8
|001010111010010011001010100101> :  0.1030200E-02  0.8000000E-03           8
|001010111010010011001110100101> :  0.4347347E-03  0.8000000E-03           8
|110010010110100110100010010110> :  0.5831103E-03  0.8000000E-03           8
|001111111000011001011001101001> :  0.9928656E-03  0.8000000E-03           8
|000111111010011010101000110010> :  0.1024573E-02  0.8000000E-03           8
|000110111010010010101010110110> :  0.5538957E-03  0.7000000E-03           7
|111011101100001001010101001000> :  0.9904782E-03  0.7000000E-03           7
|101011111100001001010001001100> :  0.4869547E-03  0.7000000E-03           7
|001110111010010011001010100111> :  0.3626069E-03  0.7000000E-03           7
|110101000001101100011001011011> :  0.7490156E-03  0.7000000E-03           7
|111000000101100100110111011100> :  0.3582170E-03  0.7000000E-03           7
|100101010111111110100000010110> :  0.3888914E-03  0.6000000E-03           6
|011010111000000011011010101001> :  0.3071266E-03  0.6000000E-03           6
|111011110110100110100010001000> :  0.2291095E-03  0.6000000E-03           6
|010111111000001001011001101011> :  0.7313199E-03  0.6000000E-03           6
|001010111110010011100010100100> :  0.1124278E-02  0.6000000E-03           6
|001010111110010011100110100100> :  0.7490156E-03  0.6000000E-03           6
|110001000111100110100110010010> :  0.4127322E-03  0.6000000E-03           6
|001000001111110010100110110100> :  0.8316572E-03  0.6000000E-03           6
|001101101001011001011101101001> :  0.5831103E-03  0.6000000E-03           6
|010100010011110110101010110011> :  0.6129878E-03  0.6000000E-03           6
|000110001001111000111001110110> :  0.3011972E-03  0.6000000E-03           6
|001110111000011001011001101101> :  0.4127322E-03  0.6000000E-03           6
|110111010110101110100000010010> :  0.4089638E-03  0.6000000E-03           6
|000110011010110010101000110111> :  0.5740010E-03  0.6000000E-03           6
|101010111110000011000010101101> :  0.1001832E-02  0.6000000E-03           6
|111101000101101100110101011000> :  0.2343925E-03  0.6000000E-03           6
|101000101101000011010111101101> :  0.1141585E-03  0.5000000E-03           5
|000100001001111000111101110110> :  0.4005704E-03  0.5000000E-03           5
|100111111110011011100000000110> :  0.3548752E-03  0.5000000E-03           5
|101000001101101000110111111100> :  0.7597055E-03  0.5000000E-03           5
|111000000111100110100110010100> :  0.1016535E-03  0.5000000E-03           5
|001100101001011001011101101101> :  0.2388657E-03  0.5000000E-03           5
|111001000101101101010111001000> :  0.5494539E-03  0.5000000E-03           5
|101010111110000011000010001101> :  0.3134650E-03  0.5000000E-03           5
|001010111110010011101010100110> :  0.5947627E-03  0.5000000E-03           5
|110101000001100110101101011001> :  0.2487040E-03  0.5000000E-03           5
|000110111010011011001000100111> :  0.6913964E-03  0.5000000E-03           5
|111000110110000111000110001101> :  0.2071354E-03  0.5000000E-03           5
|000110111110011010100000110110> :  0.2572078E-03  0.5000000E-03           5
|110101000011100110101100011001> :  0.3899898E-03  0.5000000E-03           5
|110101000111101100100101011000> :  0.3146719E-03  0.5000000E-03           5
|010101000001111100011101110011> :  0.2137387E-03  0.5000000E-03           5
|010101000001111100011101010011> :  0.4210145E-03  0.5000000E-03           5
|010101000001111100111101010010> :  0.1001832E-02  0.5000000E-03           5
|110001010111100110100010010010> :  0.5438186E-03  0.5000000E-03           5
|101011101100001001010101001100> :  0.6129878E-03  0.5000000E-03           5
|000110111010011000101000110110> :  0.1887178E-03  0.5000000E-03           5
|000100001001110000011111110111> :  0.1702612E-03  0.5000000E-03           5
|001010111100011001010011100110> :  0.3899898E-03  0.5000000E-03           5
|111001110100000111010110001001> :  0.1402313E-03  0.5000000E-03           5
|101001101101001101010101001100> :  0.2906480E-03  0.5000000E-03           5
|100111010110111110100000010110> :  0.3263647E-03  0.4000000E-03           4
|100010111110010010100010110110> :  0.3953041E-03  0.4000000E-03           4
|100101000111111100100101010110> :  0.3071266E-03  0.4000000E-03           4
|000110111000011001011001110111> :  0.3065305E-03  0.4000000E-03           4
|001010101110010011000110100101> :  0.3170447E-03  0.4000000E-03           4
|001000101001010001011111101101> :  0.4089638E-03  0.4000000E-03           4
|101010111110000011100010101100> :  0.4210145E-03  0.4000000E-03           4
|111001100101001101010111001000> :  0.5740010E-03  0.4000000E-03           4
|000110011010110010101010110011> :  0.2360656E-03  0.4000000E-03           4
|000100001001011001011101110111> :  0.2291095E-03  0.4000000E-03           4
|110101000001101100010101011001> :  0.5947627E-03  0.4000000E-03           4
|010101000011111100101101010010> :  0.6567935E-03  0.4000000E-03           4
|111000000101101100110111001100> :  0.1276920E-03  0.4000000E-03           4
|110101000001101100111101010010> :  0.2701493E-03  0.4000000E-03           4
|001010111110011001010010100110> :  0.2487040E-03  0.4000000E-03           4
|111001000101101100010101011001> :  0.2489566E-03  0.4000000E-03           4
|111001000101101110100101011000> :  0.7599312E-03  0.4000000E-03           4
|111001000111100110100110001000> :  0.3065305E-03  0.4000000E-03           4
|010111010010110110001000010011> :  0.1394924E-03  0.4000000E-03           4
|111001100101001101010101001001> :  0.2540491E-03  0.4000000E-03           4
|111001110110000111000110001001> :  0.3011972E-03  0.4000000E-03           4
|011000000001100101011111101001> :  0.2729798E-03  0.4000000E-03           4
|111010111110000011000010101101> :  0.2634164E-03  0.4000000E-03           4
|001000101111010011100110100100> :  0.6960557E-03  0.4000000E-03           4
|111011110010000111001010001001> :  0.2016457E-03  0.4000000E-03           4
|000100001001111000011101111101> :  0.2500627E-03  0.4000000E-03           4
|011010111000000001011011101001> :  0.4293057E-03  0.4000000E-03           4
|111011110110000111100010001000> :  0.5059820E-03  0.4000000E-03           4
|001010011110110010100010110110> :  0.2330284E-03  0.4000000E-03           4
|111011110110000111000010001001> :  0.4005704E-03  0.4000000E-03           4
|001010111010010001011010100111> :  0.3875174E-03  0.4000000E-03           4
|011101101001001001011101101001> :  0.6676695E-03  0.4000000E-03           4
|101000101101000111010111001101> :  0.1303438E-03  0.4000000E-03           4
|000110111010010010101000110111> :  0.5494539E-03  0.3000000E-03           3
|100111111110011010100000010110> :  0.2729798E-03  0.3000000E-03           3
|011010101000000001011111101001> :  0.3888914E-03  0.3000000E-03           3
|111001110110000111100110001000> :  0.3181214E-03  0.3000000E-03           3
|100101000101101100110101011100> :  0.4348807E-03  0.3000000E-03           3
|100111111010010011001000000011> :  0.2319568E-03  0.3000000E-03           3
|001010101100011001110111101100> :  0.7021753E-04  0.3000000E-03           3
|100101000001101100011101011001> :  0.9022793E-04  0.3000000E-03           3
|100101000111111110100100010110> :  0.4293057E-03  0.3000000E-03           3
|001000101101010011010111101101> :  0.1041233E-03  0.3000000E-03           3
|111011111110001011100000000010> :  0.9838550E-04  0.3000000E-03           3
|011001000101101100111101011000> :  0.2209053E-03  0.3000000E-03           3
|110101000000101100111101011000> :  0.3709830E-04  0.3000000E-03           3
|000110010010110010101010110111> :  0.2163572E-03  0.3000000E-03           3
|111000100100000101010111001101> :  0.4378309E-04  0.3000000E-03           3
|110101000001101101011101001001> :  0.3606325E-04  0.3000000E-03           3
|110101010111101110100000010110> :  0.6836056E-04  0.3000000E-03           3
|000110001001111000011001110111> :  0.3181214E-03  0.3000000E-03           3
|000111011010111000101000110010> :  0.2395217E-03  0.3000000E-03           3
|110111010100101100110001011010> :  0.2077100E-03  0.3000000E-03           3
|000110001101111000110001110110> :  0.9794066E-04  0.3000000E-03           3
|001110101000011001011101101101> :  0.5438186E-03  0.3000000E-03           3
|110101000101101100110001011010> :  0.4347347E-03  0.3000000E-03           3
|000110011010010011001010110111> :  0.2001025E-03  0.3000000E-03           3
|001011111110011011100000100110> :  0.9079435E-04  0.3000000E-03           3
|000111001001111000011001110011> :  0.2316512E-03  0.3000000E-03           3
|110101000001101100111101011001> :  0.1028543E-03  0.3000000E-03           3
|000110011010110010001010110111> :  0.1840994E-03  0.3000000E-03           3
|111001000001101101011101001001> :  0.1981334E-03  0.3000000E-03           3
|110101000001101000011101011001> :  0.6646033E-04  0.3000000E-03           3
|000100000001111100011101110111> :  0.1656958E-03  0.3000000E-03           3
|110011010110100110100010010010> :  0.2388657E-03  0.3000000E-03           3
|110010010110100010100010110110> :  0.1433911E-03  0.3000000E-03           3
|001010111110010011100010100111> :  0.4557482E-03  0.3000000E-03           3
|111001100001000111011111001001> :  0.1491497E-03  0.3000000E-03           3
|000110011010111000101000110110> :  0.2878443E-03  0.3000000E-03           3
|111001100111000111000110001001> :  0.1457487E-03  0.3000000E-03           3
|000110111010010011101010100110> :  0.2489566E-03  0.3000000E-03           3
|000100001001110000011111111101> :  0.1479099E-03  0.3000000E-03           3
|010111111010010011001000000011> :  0.1482269E-03  0.3000000E-03           3
|101010111100001001010011001100> :  0.7950329E-04  0.3000000E-03           3
|000100001001111000011101110111> :  0.5059820E-03  0.3000000E-03           3
|011000101001000001011111101001> :  0.3263647E-03  0.3000000E-03           3
|011010111010010011001010100011> :  0.4348807E-03  0.3000000E-03           3
|111101101001001001011101001001> :  0.1844017E-03  0.3000000E-03           3
|001010111000010001011011101001> :  0.7999476E-04  0.2000000E-03           2
|101000001101001101010111001100> :  0.5456978E-04  0.2000000E-03           2
|001010101110010011100110100100> :  0.1347709E-03  0.2000000E-03           2
|100101000101111100110101010110> :  0.1774515E-03  0.2000000E-03           2
|000110101000011001011001100111> :  0.1830656E-03  0.2000000E-03           2
|000110111000011001010001100111> :  0.4739214E-04  0.2000000E-03           2
|111011111110000011100010001000> :  0.1656958E-03  0.2000000E-03           2
|100111111000001001010001001111> :  0.2394869E-04  0.2000000E-03           2
|101000000101101100110111111100> :  0.1482269E-03  0.2000000E-03           2
|000110111000010011001010100111> :  0.4705180E-05  0.2000000E-03           2
|111010111110000011100010101100> :  0.1468169E-03  0.2000000E-03           2
|011000000101101100110111111100> :  0.2319568E-03  0.2000000E-03           2
|000010111010010010101010110111> :  0.1786036E-03  0.2000000E-03           2
|010111111010000011001000100011> :  0.1340560E-03  0.2000000E-03           2
|111001100101001101010101001100> :  0.2360656E-03  0.2000000E-03           2
|010111010010111000011000110011> :  0.3024090E-04  0.2000000E-03           2
|010111010010100010101000110011> :  0.1791676E-04  0.2000000E-03           2
|000110011010110010101010110110> :  0.2540491E-03  0.2000000E-03           2
|001000001101010001010111101101> :  0.1490950E-03  0.2000000E-03           2
|111001000100101100110101011000> :  0.5515000E-04  0.2000000E-03           2
|010101010011110110101010010011> :  0.8056636E-04  0.2000000E-03           2
|111000110110000111100110001100> :  0.2316512E-03  0.2000000E-03           2
|001010111110010011101010100010> :  0.1588401E-03  0.2000000E-03           2
|000111111010011011101000100010> :  0.3235979E-03  0.2000000E-03           2
|000100001001010001011111110111> :  0.1395874E-03  0.2000000E-03           2
|111000000101100111010111001101> :  0.9934502E-04  0.2000000E-03           2
|000100000101111100110101110110> :  0.1571685E-03  0.2000000E-03           2
|110111010000101100011001011011> :  0.6960557E-03  0.2000000E-03           2
|010100000011110110101110110011> :  0.4869547E-03  0.2000000E-03           2
|110111000101101100110101011000> :  0.2663810E-04  0.2000000E-03           2
|000111111000011001011001110011> :  0.1961602E-03  0.2000000E-03           2
|110111010110100110100000010010> :  0.4619614E-04  0.2000000E-03           2
|000111111010010011001000110011> :  0.1276920E-03  0.2000000E-03           2
|000111111010011000101000110010> :  0.9934502E-04  0.2000000E-03           2
|001110111000011001011001100111> :  0.7660166E-04  0.2000000E-03           2
|000111111010011001011000110011> :  0.1179885E-03  0.2000000E-03           2
|111000000101100101010111101101> :  0.3167837E-04  0.2000000E-03           2
|000100000001111100111101111100> :  0.1222046E-03  0.2000000E-03           2
|000010011110110010101010110110> :  0.1515439E-03  0.2000000E-03           2
|000101001001111000011101111001> :  0.1363702E-03  0.2000000E-03           2
|110101000001101110101101011000> :  0.2014677E-03  0.2000000E-03           2
|110101000001101101011101011011> :  0.7516731E-04  0.2000000E-03           2
|010101000011111100101101110010> :  0.1476433E-03  0.2000000E-03           2
|111000000101101100110101011100> :  0.1156246E-03  0.2000000E-03           2
|110101000001101100110101011000> :  0.2660998E-03  0.2000000E-03           2
|110101000001101100101101011010> :  0.1206877E-03  0.2000000E-03           2
|111000110110100110100110001100> :  0.7754283E-04  0.2000000E-03           2
|001000000101110101010111101101> :  0.1666149E-04  0.2000000E-03           2
|111001000101001101010101001000> :  0.1351444E-03  0.2000000E-03           2
|111001000011100110101110011001> :  0.1392550E-03  0.2000000E-03           2
|000110111110010010100010110110> :  0.1981334E-03  0.2000000E-03           2
|111000100101001101010111001101> :  0.2658669E-04  0.2000000E-03           2
|010101000001111100111101110010> :  0.3134650E-03  0.2000000E-03           2
|010110010010110010101010110011> :  0.2906480E-03  0.2000000E-03           2
|010110010010110010001010110011> :  0.3437771E-05  0.2000000E-03           2
|001000001101011001010111101100> :  0.1047360E-03  0.2000000E-03           2
|000101000011111100101101010010> :  0.1032222E-03  0.2000000E-03           2
|000000000111111100100111110110> :  0.7972747E-04  0.2000000E-03           2
|001010111110010011100010101100> :  0.1376320E-03  0.2000000E-03           2
|010111000001111000111001110010> :  0.9214228E-04  0.2000000E-03           2
|110001000101101100110101011000> :  0.3626069E-03  0.2000000E-03           2
|111001000111101100100101011000> :  0.9170317E-04  0.2000000E-03           2
|000101000001111100111101011000> :  0.1763616E-03  0.2000000E-03           2
|111001000111100110100110010000> :  0.2372628E-04  0.2000000E-03           2
|001010111110010011001010100111> :  0.2660998E-03  0.2000000E-03           2
|111001001101101100110101011000> :  0.3295433E-04  0.2000000E-03           2
|000110111010011001011000110111> :  0.1950309E-03  0.2000000E-03           2
|000010011100111000110011110110> :  0.3973967E-04  0.2000000E-03           2
|010111010000111000011001110011> :  0.7594143E-04  0.2000000E-03           2
|000101000001111100111101010010> :  0.2634164E-03  0.2000000E-03           2
|010111010010111100101000010010> :  0.1141585E-03  0.2000000E-03           2
|111001100101000111010111001001> :  0.2878443E-03  0.2000000E-03           2
|001000101011010011001110100101> :  0.2077100E-03  0.2000000E-03           2
|101010111110000011100010001100> :  0.2137387E-03  0.2000000E-03           2
|001010111110010001010010100111> :  0.2014677E-03  0.2000000E-03           2
|111001110000000111011110001001> :  0.1078421E-03  0.2000000E-03           2
|111010110110000111100010000110> :  0.1363702E-03  0.2000000E-03           2
|000110011110110010100010110110> :  0.1192884E-03  0.2000000E-03           2
|111010111110000011000010100111> :  0.1763616E-03  0.2000000E-03           2
|111011111010000011001010001001> :  0.1571685E-03  0.2000000E-03           2
|111011110110001111100000000010> :  0.1479099E-03  0.2000000E-03           2
|111011111110000011000010001001> :  0.2030790E-03  0.2000000E-03           2
|001000111110010011100010100110> :  0.4744569E-04  0.2000000E-03           2
|001000111110010011000110100101> :  0.1799503E-03  0.2000000E-03           2
|001000111110010011100110100100> :  0.1316089E-03  0.2000000E-03           2
|101000111110000111000110001101> :  0.9214228E-04  0.2000000E-03           2
|000010111010010011001010100111> :  0.2343925E-03  0.2000000E-03           2
|111111100000001101011101001001> :  0.2903667E-03  0.2000000E-03           2
|001010111010010011001010100001> :  0.5200980E-04  0.2000000E-03           2
|011010111010000011001010101001> :  0.1774515E-03  0.2000000E-03           2
|000100011011110010101010110111> :  0.1407858E-03  0.2000000E-03           2
|101000101101000111010110001101> :  0.6237798E-05  0.1000000E-03           1
|001010111000010011011010100111> :  0.3146719E-03  0.1000000E-03           1
|101000100110000110100110000100> :  0.5080600E-09  0.1000000E-03           1
|101000001111110010100110110100> :  0.4446316E-05  0.1000000E-03           1
|101000001101101100110111011000> :  0.1248107E-05  0.1000000E-03           1
|001010111000010001011010100111> :  0.6906615E-05  0.1000000E-03           1
|000110111010010010101010110011> :  0.8492546E-04  0.1000000E-03           1
|001010111000000001011011101101> :  0.7277440E-04  0.1000000E-03           1
|100111111110011110100000010110> :  0.1374640E-05  0.1000000E-03           1
|001010110110110010100010100110> :  0.3931937E-04  0.1000000E-03           1
|000100001111111000100101110110> :  0.1586753E-03  0.1000000E-03           1
|001010110110010011100010100110> :  0.6502798E-04  0.1000000E-03           1
|100111011110111010100000010110> :  0.2310149E-03  0.1000000E-03           1
|001010101110010011000010100111> :  0.7776410E-04  0.1000000E-03           1
|000110111010010001011000100110> :  0.1103603E-06  0.1000000E-03           1
|000100001101111000110101111100> :  0.5402926E-04  0.1000000E-03           1
|100110111010010011000010000111> :  0.1898316E-04  0.1000000E-03           1
|100110011010110010101000110111> :  0.9327797E-07  0.1000000E-03           1
|000110111000011011011000100111> :  0.1077522E-06  0.1000000E-03           1
|001010101100011001010101101100> :  0.2265271E-04  0.1000000E-03           1
|100101001101101100110101011000> :  0.1174295E-05  0.1000000E-03           1
|001010101100010101010111101101> :  0.2425076E-05  0.1000000E-03           1
|000100001101111000110101110110> :  0.2016457E-03  0.1000000E-03           1
|000010111110010010100010100110> :  0.5642567E-04  0.1000000E-03           1
|000010010111110010100010110110> :  0.5075383E-04  0.1000000E-03           1
|001010101100010011010111101101> :  0.1185564E-03  0.1000000E-03           1
|100101000101101100110101011000> :  0.2659803E-04  0.1000000E-03           1
|001010101100010001010111100101> :  0.9337804E-04  0.1000000E-03           1
|001010101100010001010011101101> :  0.2629027E-04  0.1000000E-03           1
|000110111000011001011001100110> :  0.5228139E-04  0.1000000E-03           1
|000100001011111010101100110110> :  0.3178285E-04  0.1000000E-03           1
|001010101100010001010011100111> :  0.1439969E-04  0.1000000E-03           1
|100010011110010010100010010110> :  0.2360499E-06  0.1000000E-03           1
|001010101100000001010111101101> :  0.3170280E-04  0.1000000E-03           1
|001010101100000001010011101011> :  0.4742286E-08  0.1000000E-03           1
|100000110110100110100010011110> :  0.2131111E-08  0.1000000E-03           1
|001010101001010001011011100111> :  0.9087309E-06  0.1000000E-03           1
|000100001011110010101110110111> :  0.4018012E-03  0.1000000E-03           1
|000010111100011000110011110110> :  0.4867751E-04  0.1000000E-03           1
|001010101000010011011111101101> :  0.2532303E-04  0.1000000E-03           1
|011111101010001001011100100001> :  0.2009077E-06  0.1000000E-03           1
|001010101000010011001011100111> :  0.4787557E-05  0.1000000E-03           1
|011101101001001101011101001001> :  0.1820687E-04  0.1000000E-03           1
|001010101000000001011111101101> :  0.7104407E-04  0.1000000E-03           1
|000110111000010001011011100110> :  0.3753861E-06  0.1000000E-03           1
|000100001011010011011111100110> :  0.3882852E-09  0.1000000E-03           1
|011101000001101100111101011000> :  0.5605779E-04  0.1000000E-03           1
|001010011110110010100010110100> :  0.2953009E-04  0.1000000E-03           1
|000110111000010001011011100011> :  0.2650301E-05  0.1000000E-03           1
|001010011010010010001010110111> :  0.7963564E-05  0.1000000E-03           1
|111101100001001101011101001000> :  0.3994068E-04  0.1000000E-03           1
|111101100001001101010101001001> :  0.1515439E-03  0.1000000E-03           1
|001010001011010011101010110111> :  0.2224474E-07  0.1000000E-03           1
|000110110010110010001010100111> :  0.1536695E-05  0.1000000E-03           1
|000100001011010011001110110111> :  0.2901407E-04  0.1000000E-03           1
|000010010110110110100010110110> :  0.1844017E-03  0.1000000E-03           1
|000000001111111000100111110110> :  0.1096603E-03  0.1000000E-03           1
|111101100001101101111101001010> :  0.3693897E-06  0.1000000E-03           1
|011010111010110010001010110011> :  0.9060800E-07  0.1000000E-03           1
|011011111010010011001010100011> :  0.2430066E-04  0.1000000E-03           1
|011011111010010011101010101000> :  0.6364530E-08  0.1000000E-03           1
|011011111110001011111010100010> :  0.7639003E-09  0.1000000E-03           1
|111101110011001110101000000010> :  0.3635621E-06  0.1000000E-03           1
|011101000001101101011101001001> :  0.3953041E-03  0.1000000E-03           1
|111111110000000111011000001001> :  0.1096603E-03  0.1000000E-03           1
|111111110000101100111001010010> :  0.1652701E-07  0.1000000E-03           1
|111111110010000111001000001001> :  0.8499229E-04  0.1000000E-03           1
|111111110110111110100100001000> :  0.7338850E-08  0.1000000E-03           1
|111111111100001001011001001000> :  0.5796000E-07  0.1000000E-03           1
|011010111010000011001010100011> :  0.6424825E-04  0.1000000E-03           1
|111101000101101101010101001000> :  0.1786036E-03  0.1000000E-03           1
|001010001001110000011111111101> :  0.9150859E-07  0.1000000E-03           1
|011010111000000001011111101001> :  0.2229512E-05  0.1000000E-03           1
|100000111100001001010100111100> :  0.1203309E-09  0.1000000E-03           1
|100010000110110110100111010100> :  0.1445081E-07  0.1000000E-03           1
|100010010110110110100010010110> :  0.6676695E-03  0.1000000E-03           1
|011010111000000001011011101011> :  0.1552968E-05  0.1000000E-03           1
|001010000101111100110110111100> :  0.2562876E-07  0.1000000E-03           1
|100010111110000010100010110110> :  0.2638654E-04  0.1000000E-03           1
|000110101010000010101010111111> :  0.4246193E-07  0.1000000E-03           1
|100010111110110010100010110110> :  0.4841027E-05  0.1000000E-03           1
|100100001101101000110101111110> :  0.7635386E-06  0.1000000E-03           1
|100100111011010111000110000111> :  0.7647192E-07  0.1000000E-03           1
|111101000001101110101101011000> :  0.3432502E-05  0.1000000E-03           1
|011010110100000011100010101110> :  0.9239888E-07  0.1000000E-03           1
|001001101001011101011101001001> :  0.2447522E-06  0.1000000E-03           1
|111101000001101101011101001000> :  0.1006243E-03  0.1000000E-03           1
|011010110010110011001010100111> :  0.4334702E-05  0.1000000E-03           1
|111101000001101100110111001000> :  0.5675553E-06  0.1000000E-03           1
|011010110010100011101010100010> :  0.1380921E-07  0.1000000E-03           1
|100101001101101100110101011110> :  0.9740353E-06  0.1000000E-03           1
|100101010011111100101001010010> :  0.1771730E-08  0.1000000E-03           1
|111101000001100100011101011001> :  0.2156255E-04  0.1000000E-03           1
|011010110000001011011000101000> :  0.1826300E-08  0.1000000E-03           1
|011010010010110010001110100001> :  0.5743144E-08  0.1000000E-03           1
|100110111010010011000010100111> :  0.2209053E-03  0.1000000E-03           1
|100110111110011011100000100110> :  0.5857095E-04  0.1000000E-03           1
|100111010010111110101000011010> :  0.4038498E-06  0.1000000E-03           1
|111011111110000011000010000001> :  0.2422173E-06  0.1000000E-03           1
|011001010111001111101100001000> :  0.7408698E-09  0.1000000E-03           1
|000110101000010001011011101111> :  0.1350114E-06  0.1000000E-03           1
|011001001101101100110101001000> :  0.9299438E-07  0.1000000E-03           1
|011001000101111100111101011000> :  0.3863302E-05  0.1000000E-03           1
|001000111011010111001010000111> :  0.1437488E-05  0.1000000E-03           1
|111011110110001111100000001000> :  0.1702612E-03  0.1000000E-03           1
|111011110110001111000001000010> :  0.1078984E-08  0.1000000E-03           1
|011001000101101100110101011000> :  0.5710767E-05  0.1000000E-03           1
|101000000101110110100111011100> :  0.1940441E-05  0.1000000E-03           1
|101000000101111100110111011100> :  0.1340560E-03  0.1000000E-03           1
|101000000111110110000110010101> :  0.4964851E-06  0.1000000E-03           1
|001000111010010011001110100101> :  0.5873828E-04  0.1000000E-03           1
|000110101000010001011011100111> :  0.9769438E-04  0.1000000E-03           1
|000010111010010011001010100011> :  0.5849908E-05  0.1000000E-03           1
|011001000011110110101110010001> :  0.1093278E-04  0.1000000E-03           1
|011001000001100100011111011001> :  0.5857095E-04  0.1000000E-03           1
|001000111010010011001010100111> :  0.2663810E-04  0.1000000E-03           1
|011000101001000011011111101001> :  0.3347996E-05  0.1000000E-03           1
|111011110100000111010010001001> :  0.1614994E-03  0.1000000E-03           1
|001000101111010111100110100100> :  0.3499476E-05  0.1000000E-03           1
|000110011110111010100000110110> :  0.1687446E-04  0.1000000E-03           1
|011000100001000101011111101001> :  0.2310149E-03  0.1000000E-03           1
|111011010110100110100010010010> :  0.1275095E-04  0.1000000E-03           1
|011000000111100110101110111000> :  0.2094242E-04  0.1000000E-03           1
|111010111110000011101010000010> :  0.2700545E-06  0.1000000E-03           1
|011000000101101100111111111000> :  0.1363133E-03  0.1000000E-03           1
|111010111110000011001010100101> :  0.2580318E-07  0.1000000E-03           1
|011000000011110110101110110001> :  0.2827531E-04  0.1000000E-03           1
|011000000001100111011110101001> :  0.3568405E-06  0.1000000E-03           1
|001000101101011101011111101100> :  0.9545910E-07  0.1000000E-03           1
|111010110110000111100010001100> :  0.2913836E-03  0.1000000E-03           1
|111010110110000111000010001101> :  0.1891660E-03  0.1000000E-03           1
|001000101101011001110111101100> :  0.9273234E-04  0.1000000E-03           1
|000110011100111000110001110110> :  0.4674043E-04  0.1000000E-03           1
|010111111010010011010010100011> :  0.1106456E-06  0.1000000E-03           1
|111010010110100010100010111100> :  0.9973463E-05  0.1000000E-03           1
|111010010101101100110011111100> :  0.1943415E-06  0.1000000E-03           1
|111010000101101000110111111100> :  0.2187425E-04  0.1000000E-03           1
|111010000101101000110101111000> :  0.4647798E-06  0.1000000E-03           1
|111001110110101110100100001000> :  0.7311414E-04  0.1000000E-03           1
|111001110110100110100110001000> :  0.1323115E-03  0.1000000E-03           1
|111001110100000101010111001001> :  0.1103332E-04  0.1000000E-03           1
|010111110010011001011000100011> :  0.6506079E-06  0.1000000E-03           1
|111001110010000111001110001001> :  0.9794066E-04  0.1000000E-03           1
|111001101101001101010101001000> :  0.2163572E-03  0.1000000E-03           1
|010111010011111110101000010010> :  0.7869026E-05  0.1000000E-03           1
|000110011011010011001010110111> :  0.4693735E-04  0.1000000E-03           1
|010111010011111010101000110010> :  0.1121782E-04  0.1000000E-03           1
|111001100111000111100110001000> :  0.1349555E-03  0.1000000E-03           1
|001000101011010001001111100111> :  0.2038921E-06  0.1000000E-03           1
|111001100101101100110101001000> :  0.2001025E-03  0.1000000E-03           1
|111001100101001101110101001000> :  0.1840994E-03  0.1000000E-03           1
|001000101010010001001111101101> :  0.3372995E-07  0.1000000E-03           1
|000110011011010010101010110111> :  0.9306772E-05  0.1000000E-03           1
|010111010010111000101000110010> :  0.1303438E-03  0.1000000E-03           1
|010111010010110110101000110011> :  0.1505275E-04  0.1000000E-03           1
|111001100100000101010111001001> :  0.7103738E-04  0.1000000E-03           1
|111001100011001101001101001011> :  0.1103109E-08  0.1000000E-03           1
|001000101001010001011111100101> :  0.4399418E-04  0.1000000E-03           1
|111001100001001101011101001001> :  0.1192884E-03  0.1000000E-03           1
|111001010111101110100100011000> :  0.9769438E-04  0.1000000E-03           1
|001000011111010011000110100111> :  0.1448984E-05  0.1000000E-03           1
|010111010010101010101000111010> :  0.5524321E-05  0.1000000E-03           1
|111001000111101100110101011000> :  0.4705180E-05  0.1000000E-03           1
|001000001111111000100111110100> :  0.2152946E-04  0.1000000E-03           1
|000100001001011001111101110111> :  0.3380802E-07  0.1000000E-03           1
|000010101101010010100011110110> :  0.2065032E-06  0.1000000E-03           1
|010111010000111111011000010010> :  0.3102177E-06  0.1000000E-03           1
|010111010000111110111000011010> :  0.5602313E-06  0.1000000E-03           1
|001000001111110010100110110101> :  0.8608220E-05  0.1000000E-03           1
|010111010000111010011001111011> :  0.3509030E-07  0.1000000E-03           1
|111001000101101101011101001000> :  0.9796164E-05  0.1000000E-03           1
|010111010000111000111001110010> :  0.5714046E-04  0.1000000E-03           1
|111001000101101101010101001100> :  0.8492546E-04  0.1000000E-03           1
|111001000101101100111111011000> :  0.6968955E-04  0.1000000E-03           1
|001000001101111001110111111100> :  0.2593338E-06  0.1000000E-03           1
|010111000001111000011001110011> :  0.9495353E-04  0.1000000E-03           1
|010110111110010011001000110010> :  0.2019223E-08  0.1000000E-03           1
|000100001001011001011101111101> :  0.1292277E-03  0.1000000E-03           1
|111001000101101100110101001100> :  0.1044534E-04  0.1000000E-03           1
|111001000101101100100111011000> :  0.1229396E-03  0.1000000E-03           1
|010110111010000011001010100011> :  0.4983242E-04  0.1000000E-03           1
|010110110010010011001010100011> :  0.4581189E-04  0.1000000E-03           1
|010110011000001101011001101011> :  0.3982121E-09  0.1000000E-03           1
|001000001101010001010111111101> :  0.1010478E-05  0.1000000E-03           1
|111001000101100111010111001001> :  0.1887178E-03  0.1000000E-03           1
|111001000101100111000101001000> :  0.2155384E-05  0.1000000E-03           1
|111001000101100110100111001000> :  0.1950309E-03  0.1000000E-03           1
|111001000101100110010111011001> :  0.5594875E-04  0.1000000E-03           1
|010101110010010111001000000011> :  0.3445518E-04  0.1000000E-03           1
|111001000101100100110111011001> :  0.1416409E-04  0.1000000E-03           1
|010101010011111110101000110010> :  0.5385548E-04  0.1000000E-03           1
|001000001001110000011111111101> :  0.5240221E-04  0.1000000E-03           1
|000010101100010001010011100111> :  0.5154001E-06  0.1000000E-03           1
|000010001111111000100011110110> :  0.7090385E-04  0.1000000E-03           1
|010101010011111100101000010010> :  0.7498490E-04  0.1000000E-03           1
|010101010011110111001000010011> :  0.2048441E-04  0.1000000E-03           1
|111001000001101101011111001001> :  0.5853112E-05  0.1000000E-03           1
|000110011010110010011010110111> :  0.6781259E-04  0.1000000E-03           1
|111001000001101100101101011010> :  0.4533183E-06  0.1000000E-03           1
|010101010011110110101000110011> :  0.9697364E-04  0.1000000E-03           1
|010101000101111100110101111000> :  0.5666165E-05  0.1000000E-03           1
|111000100111001101000110000100> :  0.2424648E-06  0.1000000E-03           1
|010101000101101100111101011000> :  0.6241520E-04  0.1000000E-03           1
|001000000101110100010111111101> :  0.4192393E-04  0.1000000E-03           1
|000100001001010001011111111101> :  0.9454635E-04  0.1000000E-03           1
|111000100111000111000110001101> :  0.1005114E-03  0.1000000E-03           1
|010101000011111100111100011010> :  0.3292556E-06  0.1000000E-03           1
|001000000001110100011111111101> :  0.7117081E-04  0.1000000E-03           1
|111000100101000111010111001101> :  0.2395217E-03  0.1000000E-03           1
|111000010101101100110111011100> :  0.2115580E-05  0.1000000E-03           1
|000111111110011011100000100110> :  0.1310694E-03  0.1000000E-03           1
|000110011010110000101010110111> :  0.5676705E-05  0.1000000E-03           1
|010101000011110110101101110011> :  0.6003477E-06  0.1000000E-03           1
|111000000111100110100110001100> :  0.1961602E-03  0.1000000E-03           1
|010101000011110110001100010011> :  0.1035590E-04  0.1000000E-03           1
|111000000101101100110111011000> :  0.3213852E-04  0.1000000E-03           1
|010101000001111101011101011001> :  0.3372942E-04  0.1000000E-03           1
|000111111010011011001000100011> :  0.3582170E-03  0.1000000E-03           1
|010101000001111101011101010011> :  0.3636249E-04  0.1000000E-03           1
|111000000101101100010111011100> :  0.4516564E-04  0.1000000E-03           1
|010101000001111100111101011000> :  0.8004754E-04  0.1000000E-03           1
|111000000101100110010111011101> :  0.1639310E-04  0.1000000E-03           1
|000111111010011001101000100010> :  0.1639310E-04  0.1000000E-03           1
|000110011000111000111001110110> :  0.1457487E-03  0.1000000E-03           1
|010101000001111100110101111000> :  0.1904263E-05  0.1000000E-03           1
|111000000101100100100110011000> :  0.1699708E-07  0.1000000E-03           1
|010101000001111100011101111001> :  0.5984176E-04  0.1000000E-03           1
|111000000001100100011111011001> :  0.1310694E-03  0.1000000E-03           1
|110111111110001011100000000010> :  0.7117081E-04  0.1000000E-03           1
|110111111100001001010001001010> :  0.3290291E-04  0.1000000E-03           1
|000100000101111100110101111100> :  0.7972014E-04  0.1000000E-03           1
|010101000001111000111101111000> :  0.2453170E-05  0.1000000E-03           1
|000111111010011001011000000011> :  0.5245553E-04  0.1000000E-03           1
|110111110010101110101000010010> :  0.1490950E-03  0.1000000E-03           1
|110111110010100110101000010011> :  0.1047360E-03  0.1000000E-03           1
|110111110010001111101000000010> :  0.2481338E-04  0.1000000E-03           1
|010101000001101100100101011100> :  0.4048889E-06  0.1000000E-03           1
|110111010110101110100000011010> :  0.4399418E-04  0.1000000E-03           1
|000111111010010011101000100011> :  0.4516564E-04  0.1000000E-03           1
|110111010110101100100000010010> :  0.1325430E-04  0.1000000E-03           1
|010101000001101100011001011011> :  0.1328012E-04  0.1000000E-03           1
|010101000001101000111101111000> :  0.8237873E-04  0.1000000E-03           1
|000111111010010011011000100011> :  0.1377123E-03  0.1000000E-03           1
|000110001011111000101001110110> :  0.1402313E-03  0.1000000E-03           1
|000010001101111000110011110110> :  0.5099764E-04  0.1000000E-03           1
|010101000001101000011101111001> :  0.1210956E-03  0.1000000E-03           1
|110111010010101110101000011010> :  0.4111636E-04  0.1000000E-03           1
|010101000001100100011101011001> :  0.1175362E-03  0.1000000E-03           1
|010101000000111110101001010010> :  0.1550010E-06  0.1000000E-03           1
|110111010010100110101000010010> :  0.2748964E-04  0.1000000E-03           1
|110111010010100110001000010011> :  0.9273234E-04  0.1000000E-03           1
|010100100011010101011111100101> :  0.5854801E-09  0.1000000E-03           1
|110111000001101100111001011010> :  0.1799503E-03  0.1000000E-03           1
|010100000111111100101101110010> :  0.1976850E-06  0.1000000E-03           1
|010100000101111100011101110000> :  0.3826340E-08  0.1000000E-03           1
|110110001101101000110101111000> :  0.6529001E-06  0.1000000E-03           1
|110101110011101110101000010010> :  0.2396270E-05  0.1000000E-03           1
|000100000011111110101100110110> :  0.4217212E-04  0.1000000E-03           1
|010100000011100110101110110011> :  0.7827282E-06  0.1000000E-03           1
|010100000001101100111101111000> :  0.2991492E-04  0.1000000E-03           1
|000111111010001001010000100011> :  0.1481830E-06  0.1000000E-03           1
|010100000001101100110101011100> :  0.1960497E-05  0.1000000E-03           1
|110101010111111110100000010010> :  0.7104407E-04  0.1000000E-03           1
|010100000001101100011101111001> :  0.5948604E-04  0.1000000E-03           1
|000110001001110000011011110111> :  0.8378731E-04  0.1000000E-03           1
|010100000001100110101111111001> :  0.8714499E-05  0.1000000E-03           1
|010100000001100100011111111001> :  0.1893433E-03  0.1000000E-03           1
|000111111000011001011001101011> :  0.1016535E-03  0.1000000E-03           1
|110101010011111110101000010010> :  0.3170280E-04  0.1000000E-03           1
|010011111010011111001010000010> :  0.2659228E-10  0.1000000E-03           1
|110101010011101111001100000010> :  0.5790258E-08  0.1000000E-03           1
|010011010110111110101010010011> :  0.1006860E-05  0.1000000E-03           1
|000110001001011001011001110111> :  0.1323115E-03  0.1000000E-03           1
|110101010011101100101000010010> :  0.1185564E-03  0.1000000E-03           1
|010010111010010011001010100011> :  0.2204634E-05  0.1000000E-03           1
|110101010001111110101000011010> :  0.8835061E-06  0.1000000E-03           1
|110101010001101100111001011010> :  0.3170447E-03  0.1000000E-03           1
|010001110110000111101010010010> :  0.1300830E-08  0.1000000E-03           1
|000111111000011001011001100010> :  0.1113997E-04  0.1000000E-03           1
|110101010001101100011101011001> :  0.2907095E-04  0.1000000E-03           1
|110101010000101110001000010011> :  0.3464606E-08  0.1000000E-03           1
|110101001101001000110101011000> :  0.3687588E-05  0.1000000E-03           1
|110101001001101100011101011001> :  0.6502798E-04  0.1000000E-03           1
|110101010101101100110001011010> :  0.1179722E-03  0.1000000E-03           1
|110101010101101100110100011000> :  0.1034329E-05  0.1000000E-03           1
|110101010111101100110100010000> :  0.1868488E-05  0.1000000E-03           1
|001111111000011001011001100011> :  0.9028921E-04  0.1000000E-03           1
|000110001001010001011011110111> :  0.7311414E-04  0.1000000E-03           1
|110101001001101000111101111000> :  0.3337646E-05  0.1000000E-03           1
|110101011001001000111101011000> :  0.2790939E-07  0.1000000E-03           1
|110101100011000111101100000011> :  0.8182742E-07  0.1000000E-03           1
|110101100100001100110101011000> :  0.4077229E-05  0.1000000E-03           1
|110101100101101101010101011010> :  0.2804935E-07  0.1000000E-03           1
|110101101001001100011101001001> :  0.8659267E-06  0.1000000E-03           1
|110101101001001101111101011000> :  0.4537333E-05  0.1000000E-03           1
|110101101101001000110101011000> :  0.1318047E-05  0.1000000E-03           1
|001111111000010001011001100011> :  0.1671418E-06  0.1000000E-03           1
|110101000111101100100101010110> :  0.7435695E-04  0.1000000E-03           1
|110111000000101101011101011001> :  0.7722631E-07  0.1000000E-03           1
|110111000001101100011001011011> :  0.1316089E-03  0.1000000E-03           1
|001110111110010011000010100011> :  0.1562326E-05  0.1000000E-03           1
|110101000111101100100101010000> :  0.2733527E-05  0.1000000E-03           1
|110101000111100100100111010011> :  0.2607768E-06  0.1000000E-03           1
|001110111011110010101010100111> :  0.1156949E-05  0.1000000E-03           1
|000111011010111000011000110011> :  0.4950170E-04  0.1000000E-03           1
|000110000101111000110001110110> :  0.7464845E-06  0.1000000E-03           1
|000100000010110110101110110111> :  0.2023116E-06  0.1000000E-03           1
|110111010010101100101000010010> :  0.1041233E-03  0.1000000E-03           1
|110101000101101110110101011000> :  0.1125380E-04  0.1000000E-03           1
|110101000101101110100101011000> :  0.3875174E-03  0.1000000E-03           1
|110111010011101100101001010000> :  0.3032772E-06  0.1000000E-03           1
|110111010100101000110001011010> :  0.1175366E-04  0.1000000E-03           1
|110101000101101110000100011000> :  0.5440596E-06  0.1000000E-03           1
|110101000101101101010111001000> :  0.1864962E-05  0.1000000E-03           1
|110101000101101100111101011000> :  0.4888174E-04  0.1000000E-03           1
|110101000101101100110101011110> :  0.5200980E-04  0.1000000E-03           1
|110101000101101100110101011100> :  0.6051860E-04  0.1000000E-03           1
|110111100000000100011101011001> :  0.3451297E-07  0.1000000E-03           1
|000111011010110010100010110011> :  0.7722432E-06  0.1000000E-03           1
|000101011011010110101000010011> :  0.6841088E-06  0.1000000E-03           1
|110101000101101100110001011110> :  0.2964113E-04  0.1000000E-03           1
|001110101000010001011111101101> :  0.2420921E-04  0.1000000E-03           1
|001101101001011101011101001001> :  0.1433911E-03  0.1000000E-03           1
|110111111000000001011001001011> :  0.3108844E-05  0.1000000E-03           1
|000111011000111000011001110011> :  0.1239821E-03  0.1000000E-03           1
|110101000101101100000101011001> :  0.5992056E-05  0.1000000E-03           1
|110111111010000011001000010011> :  0.2045957E-05  0.1000000E-03           1
|110111111010001010101000010010> :  0.1666149E-04  0.1000000E-03           1
|110101000011101111011100010010> :  0.1394553E-05  0.1000000E-03           1
|001101000001101101011111001001> :  0.1229550E-07  0.1000000E-03           1
|000111001111101000100001110110> :  0.5807177E-08  0.1000000E-03           1
|111000000001100101010111001101> :  0.9303126E-05  0.1000000E-03           1
|000101001101111000110101111000> :  0.2624357E-05  0.1000000E-03           1
|111000000101100100100111011100> :  0.2855424E-05  0.1000000E-03           1
|000010011110010010100010110110> :  0.7117657E-04  0.1000000E-03           1
|000000111011010111011010100011> :  0.7912547E-09  0.1000000E-03           1
|000000001111000010101111111101> :  0.8243533E-11  0.1000000E-03           1
|110101000011100110101110011001> :  0.5473980E-04  0.1000000E-03           1
|001100010111110110100010100100> :  0.5454609E-07  0.1000000E-03           1
|111000000101100110100111111100> :  0.5245553E-04  0.1000000E-03           1
|000111001010110110101100010011> :  0.9226622E-07  0.1000000E-03           1
|110101000011100110101110010011> :  0.5326478E-04  0.1000000E-03           1
|110101000001101110111101011000> :  0.1077674E-04  0.1000000E-03           1
|001011111110010011100010100110> :  0.9674895E-04  0.1000000E-03           1
|000111001001111000111001110010> :  0.2071354E-03  0.1000000E-03           1
|001011111110010011000010000011> :  0.4521199E-05  0.1000000E-03           1
|001011111110010010101000110011> :  0.2731792E-06  0.1000000E-03           1
|001011111010010011001010100011> :  0.1255436E-03  0.1000000E-03           1
|001011111010010011000010100011> :  0.4730463E-05  0.1000000E-03           1
|000110111110011011100000100110> :  0.1082357E-03  0.1000000E-03           1
|000101001001011101011101011001> :  0.3803267E-04  0.1000000E-03           1
|111000001111000010100110011100> :  0.2078178E-06  0.1000000E-03           1
|000100000001111100011101111101> :  0.1556172E-03  0.1000000E-03           1
|001011110110101110101000101000> :  0.1229923E-08  0.1000000E-03           1
|001010111111010011000010100111> :  0.3709830E-04  0.1000000E-03           1
|001010111110110010100010100110> :  0.1778533E-03  0.1000000E-03           1
|110101000001101100011101011000> :  0.4557482E-03  0.1000000E-03           1
|110101000001101100011101010001> :  0.5348459E-05  0.1000000E-03           1
|000110111110011000100001110110> :  0.7200841E-05  0.1000000E-03           1
|111000100111000111100110001100> :  0.1239821E-03  0.1000000E-03           1
|000101001001011001011101110011> :  0.1293622E-03  0.1000000E-03           1
|111000101101000101010111001101> :  0.1499174E-04  0.1000000E-03           1
|111000110100000111010110001101> :  0.7224673E-04  0.1000000E-03           1
|110101000001101100010101011101> :  0.1588401E-03  0.1000000E-03           1
|001010111110011001100010100110> :  0.4108848E-04  0.1000000E-03           1
|110101000001101100010001011011> :  0.2961075E-05  0.1000000E-03           1
|000110111110011000100000110110> :  0.1028555E-03  0.1000000E-03           1
|111001000001101101010101011011> :  0.4883452E-07  0.1000000E-03           1
|001010111110011000010010100111> :  0.1160032E-06  0.1000000E-03           1
|110101000001100100010101011001> :  0.1796115E-04  0.1000000E-03           1
|001010111110010111100010100110> :  0.6646033E-04  0.1000000E-03           1
|111001000011100111001110000001> :  0.6947513E-06  0.1000000E-03           1
|000101001001011000011101111011> :  0.1120258E-07  0.1000000E-03           1
|000010011101110010100010110110> :  0.7106037E-06  0.1000000E-03           1
|110100010011100110101000010011> :  0.1029287E-05  0.1000000E-03           1
|001010111110010111000010100111> :  0.5237435E-04  0.1000000E-03           1
|110100000101101100110101011100> :  0.1255436E-03  0.1000000E-03           1
|110100000101101000010100011100> :  0.7000021E-09  0.1000000E-03           1
|000110111100011001010001100110> :  0.1392550E-03  0.1000000E-03           1
|110100000001110111010011000111> :  0.1111637E-09  0.1000000E-03           1
|110100000001101100011101011001> :  0.9674895E-04  0.1000000E-03           1
|110100000001100100011111011001> :  0.9079435E-04  0.1000000E-03           1
|110011111000001001011001001111> :  0.1383803E-07  0.1000000E-03           1
|111001000101101000110111111100> :  0.1376050E-05  0.1000000E-03           1
|001010111110010011100110101100> :  0.9012537E-05  0.1000000E-03           1
|000110111100011000110001110110> :  0.3723521E-04  0.1000000E-03           1
|111001000101101100100101001000> :  0.1070644E-03  0.1000000E-03           1
|110011000100100110100011010011> :  0.1562879E-08  0.1000000E-03           1
|000110111010110010101010110111> :  0.1351444E-03  0.1000000E-03           1
|110001100101001101010111000010> :  0.1271827E-06  0.1000000E-03           1
|110001010111100110100110010010> :  0.9554192E-06  0.1000000E-03           1
|111001000101101100110101010100> :  0.2561776E-06  0.1000000E-03           1
|110001000111111000110101010010> :  0.4613901E-08  0.1000000E-03           1
|000101000011110110101100010011> :  0.1717801E-04  0.1000000E-03           1
|000100000001110100011111111101> :  0.9838550E-04  0.1000000E-03           1
|110001000111101110100100011000> :  0.1806436E-04  0.1000000E-03           1
|110001000101101100110111011000> :  0.1916764E-04  0.1000000E-03           1
|001010111110010011100010000110> :  0.1903571E-04  0.1000000E-03           1
|110001000001101110101100010010> :  0.2921456E-08  0.1000000E-03           1
|110001000001101101011111001001> :  0.1022145E-05  0.1000000E-03           1
|110001000001101101011001001010> :  0.3887025E-07  0.1000000E-03           1
|001010111110010011010010100101> :  0.1206877E-03  0.1000000E-03           1
|110000000111100110100110011000> :  0.1634841E-06  0.1000000E-03           1
|101111111100010001010001001001> :  0.7459194E-07  0.1000000E-03           1
|101111111010010011001010000111> :  0.2783645E-06  0.1000000E-03           1
|001010111110010011000110101101> :  0.7858029E-05  0.1000000E-03           1
|111001000111100111000110001001> :  0.3772856E-04  0.1000000E-03           1
|101011111110011011100000000110> :  0.1893433E-03  0.1000000E-03           1
|101011111110010011100010000110> :  0.5948604E-04  0.1000000E-03           1
|001010111110010011000010101101> :  0.2701493E-03  0.1000000E-03           1
|000101000001111100111101010110> :  0.1623780E-04  0.1000000E-03           1
|111001010001101100011001010001> :  0.4085023E-08  0.1000000E-03           1
|000010111110110011000010101111> :  0.5282377E-08  0.1000000E-03           1
|111001100001000111011110001001> :  0.1604458E-04  0.1000000E-03           1
|000000011111110010100010110110> :  0.2903667E-03  0.1000000E-03           1
|101010111110010111000010000111> :  0.8237873E-04  0.1000000E-03           1
|101010111110010111000010000101> :  0.8640937E-06  0.1000000E-03           1
|000110111010011001011000100110> :  0.7524810E-04  0.1000000E-03           1
|101010111110010011001010100011> :  0.6248931E-05  0.1000000E-03           1
|111001100100001101010111001000> :  0.7711442E-05  0.1000000E-03           1
|001010111110010011000010000111> :  0.1831933E-04  0.1000000E-03           1
|101010111110010011000010000110> :  0.2417521E-05  0.1000000E-03           1
|101010111110010010101010000110> :  0.1176706E-06  0.1000000E-03           1
|001010111110010010100010100100> :  0.7516731E-04  0.1000000E-03           1
|101010111110000011000110101101> :  0.6097788E-04  0.1000000E-03           1
|101010111110000011000010100111> :  0.8004754E-04  0.1000000E-03           1
|001010111110000011100010101100> :  0.8359515E-05  0.1000000E-03           1
|101010111110000010100010100110> :  0.3372942E-04  0.1000000E-03           1
|000101000001111100011101111001> :  0.1467888E-04  0.1000000E-03           1
|000010111110011010100010110110> :  0.4758910E-04  0.1000000E-03           1
|111001100111001111100100001000> :  0.1440916E-04  0.1000000E-03           1
|111001101101001001010101001000> :  0.4930894E-04  0.1000000E-03           1
|101010111100010001100010100111> :  0.1140104E-07  0.1000000E-03           1
|111001110000000101011111001001> :  0.8714568E-05  0.1000000E-03           1
|101010111100010001010011101101> :  0.8693256E-05  0.1000000E-03           1
|101010111100001001010111101100> :  0.8783387E-05  0.1000000E-03           1
|001010111100011001010001101100> :  0.5326478E-04  0.1000000E-03           1
|000110111010010011101000100111> :  0.6766968E-04  0.1000000E-03           1
|101010111100001001010001101100> :  0.8783498E-04  0.1000000E-03           1
|001010111100011001010001100110> :  0.5473980E-04  0.1000000E-03           1
|101010111100000111010010001101> :  0.3428810E-05  0.1000000E-03           1
|001010111100010011010011101101> :  0.3146445E-04  0.1000000E-03           1
|000110111010010011011010110111> :  0.1070644E-03  0.1000000E-03           1
|000101000001111100011101010111> :  0.7495267E-05  0.1000000E-03           1
|101010111100000011010010001101> :  0.1476433E-03  0.1000000E-03           1
|101010111100000001010011001101> :  0.7938827E-04  0.1000000E-03           1
|111010101100000001010111101101> :  0.4816039E-04  0.1000000E-03           1
|111010101100001001010111101100> :  0.2194545E-04  0.1000000E-03           1
|101010111100000000010011100110> :  0.8205370E-08  0.1000000E-03           1
|101010111010010011000010100111> :  0.6241520E-04  0.1000000E-03           1
|101010111000010011011010100101> :  0.2980988E-07  0.1000000E-03           1
|111010110110010011100010000110> :  0.5584859E-07  0.1000000E-03           1
|111010110110100110100010000110> :  0.1117909E-03  0.1000000E-03           1
|111010111100000011010010101101> :  0.1032222E-03  0.1000000E-03           1
|111010111110000011000010000111> :  0.8334249E-05  0.1000000E-03           1
|101010110100101100110111011100> :  0.7012540E-07  0.1000000E-03           1
|101010101110010011000010100111> :  0.5495953E-06  0.1000000E-03           1
|000110111010010011010010100111> :  0.1504380E-04  0.1000000E-03           1
|000101000001111100011101010011> :  0.1468169E-03  0.1000000E-03           1
|000010111110011000110010110110> :  0.8404512E-05  0.1000000E-03           1
|000010011100011001010011101100> :  0.1406081E-07  0.1000000E-03           1
|111011100100000101010011001001> :  0.5397797E-07  0.1000000E-03           1
|101010101110000001100111101101> :  0.6807323E-06  0.1000000E-03           1
|111011101100001001010101001001> :  0.3844577E-05  0.1000000E-03           1
|101010101100011001010111101100> :  0.5889895E-05  0.1000000E-03           1
|001010111100010001010011100101> :  0.2887838E-04  0.1000000E-03           1
|111011110100001101010000001000> :  0.5099916E-05  0.1000000E-03           1
|111011110100001101010001001000> :  0.4018012E-03  0.1000000E-03           1
|111011110110000111000010000011> :  0.1221810E-03  0.1000000E-03           1
|101010101100001001110111101100> :  0.5168446E-04  0.1000000E-03           1
|111011110110000111100010000010> :  0.2500627E-03  0.1000000E-03           1
|001010111011010011001010100111> :  0.3686524E-04  0.1000000E-03           1
|101010101100001001010111001100> :  0.9697364E-04  0.1000000E-03           1
|101010101100001000110111101100> :  0.2048441E-04  0.1000000E-03           1
|001010111010011011001000100111> :  0.1053847E-05  0.1000000E-03           1
|101010101000001001011111101000> :  0.6444004E-06  0.1000000E-03           1
|111011111000000001011011001001> :  0.3610213E-04  0.1000000E-03           1
|001010111010011000111010100110> :  0.9349373E-06  0.1000000E-03           1
|111011111100000011010010001001> :  0.9272311E-04  0.1000000E-03           1
|000101000001101100101001010010> :  0.1598699E-07  0.1000000E-03           1
|101010011110110010100010110110> :  0.6768689E-05  0.1000000E-03           1
|111011111110000011000010000011> :  0.1222046E-03  0.1000000E-03           1
|101010011100101000110011111100> :  0.6690958E-05  0.1000000E-03           1
|111011111110000011100010000010> :  0.1556172E-03  0.1000000E-03           1
|101010000101111000110111011100> :  0.1305450E-07  0.1000000E-03           1
|001010111010010011101010100110> :  0.2314083E-04  0.1000000E-03           1
|000110111010010011001010100101> :  0.4696224E-05  0.1000000E-03           1
|111101000001100111001100001000> :  0.1616590E-07  0.1000000E-03           1
|101001101100001001010101001100> :  0.1190587E-05  0.1000000E-03           1
|101001000101111100110101011100> :  0.4983242E-04  0.1000000E-03           1
|101000111111010011000110100101> :  0.1846567E-06  0.1000000E-03           1
|000100101001011001011101101101> :  0.1275095E-04  0.1000000E-03           1
|101000111110000111100110001100> :  0.9495353E-04  0.1000000E-03           1
|111101000001101101100101001001> :  0.1426308E-06  0.1000000E-03           1
|001010111010010011001010101101> :  0.8424070E-04  0.1000000E-03           1
|111101000011001110101100010010> :  0.3060480E-06  0.1000000E-03           1
|111101000011100110001100011001> :  0.1962742E-05  0.1000000E-03           1
|111101000011101100101101000010> :  0.2137744E-06  0.1000000E-03           1
|111101000011111100011101010011> :  0.2863378E-06  0.1000000E-03           1
|101000111101000101010010001101> :  0.2960721E-06  0.1000000E-03           1
|101000101111010111100110000100> :  0.1305012E-04  0.1000000E-03           1
|111101100000001101011101001000> :  0.8113325E-05  0.1000000E-03           1
|101000101111000111000110001101> :  0.5714046E-04  0.1000000E-03           1
|111101100001000111011101001001> :  0.7502639E-04  0.1000000E-03           1
|101000101111000011100110101100> :  0.4071703E-04  0.1000000E-03           1
|101000101111000000100111101101> :  0.3102177E-06  0.1000000E-03           1
|101000101101011101010111001100> :  0.1791676E-04  0.1000000E-03           1
|000110111010010011001000100101> :  0.1358092E-05  0.1000000E-03           1
|111101100101000111010111001000> :  0.3321707E-06  0.1000000E-03           1
|111101100101001101011101001001> :  0.8264302E-06  0.1000000E-03           1
|111101101000001101011101001001> :  0.5075383E-04  0.1000000E-03           1
|000100100011010110101101110111> :  0.6179422E-09  0.1000000E-03           1
|101000101101011101010111000100> :  0.1276500E-04  0.1000000E-03           1
|111101101001001111001100001000> :  0.7873341E-08  0.1000000E-03           1
|111101110000000111011100001001> :  0.7090385E-04  0.1000000E-03           1
|111101110000001101011100001001> :  0.2379650E-05  0.1000000E-03           1
|101000101101001101110111001100> :  0.7264298E-04  0.1000000E-03           1
|111101111000001101011001101001> :  0.4851927E-06  0.1000000E-03           1
|001010111010010011000010100111> :  0.4888174E-04  0.1000000E-03           1
|101000101101001101010111101100> :  0.2480446E-04  0.1000000E-03           1
|000110111010010011001000100011> :  0.8314092E-04  0.1000000E-03           1
|111111110000001101011001001000> :  0.2999045E-05  0.1000000E-03           1
|101000101101001001010111101101> :  0.2472976E-04  0.1000000E-03           1
|001010111010000011001010100111> :  0.6045701E-04  0.1000000E-03           1
|101000101101001001010111001100> :  0.1505275E-04  0.1000000E-03           1
|111111110010000111101000001001> :  0.5492257E-06  0.1000000E-03           1
|001010111000010011100110100110> :  0.8047437E-09  0.1000000E-03           1
|111111111000001001010001001001> :  0.5879287E-05  0.1000000E-03           1
|000010011010110010101010110111> :  0.8309411E-04  0.1000000E-03           1
|000000001101111000110111110110> :  0.8499229E-04  0.1000000E-03           1
|000000000111110110100110011100> :  0.4256624E-08  0.1000000E-03           1
