# state, exact probability, frequency, count:
#------------------------------------------------------------------
|111100111001000001011000101001> :  0.8740255E-01  0.8870000E-01         887
|000011000110111110100111010110> :  0.8740255E-01  0.8670000E-01         867
|010101010111110010100001010000> :  0.5000733E-01  0.5220000E-01         522
|101010101000001101011110101111> :  0.5000733E-01  0.5000000E-01         500
|010011000110111010100111010110> :  0.3688131E-01  0.3560000E-01         356
|101100111001000101011000101001> :  0.3688131E-01  0.3480000E-01         348
|000111110011010101011001001001> :  0.2924271E-01  0.3200000E-01         320
|110010001100111010100111110110> :  0.2873117E-01  0.2880000E-01         288
|001101110011000101011000001001> :  0.2873117E-01  0.2810000E-01         281
|000011000110111110100111000111> :  0.2604595E-01  0.2650000E-01         265
|111000001100101010100110110110> :  0.2924271E-01  0.2620000E-01         262
|111100111001000001011000111000> :  0.2604595E-01  0.2420000E-01         242
|000011100010011110101110000111> :  0.1314250E-01  0.1310000E-01         131
|111100011101100001010001111000> :  0.1314250E-01  0.1290000E-01         129
|000011100010111110100110000111> :  0.1250794E-01  0.1170000E-01         117
|111100011101000001011001111000> :  0.1250794E-01  0.1150000E-01         115
|010011010110111010100101010100> :  0.1030512E-01  0.1030000E-01         103
|101100101001000101011010101011> :  0.1030512E-01  0.9000000E-02          90
|101100101001000101010010111011> :  0.6729696E-02  0.8000000E-02          80
|111100111001000011011100100001> :  0.6362911E-02  0.7400000E-02          74
|010011010110111010101101000100> :  0.6729696E-02  0.7300000E-02          73
|100110111001000101011001101001> :  0.4263783E-02  0.6600000E-02          66
|000011000110111100100011011110> :  0.6362911E-02  0.6000000E-02          60
|101010101000101110110110000111> :  0.5698152E-02  0.5500000E-02          55
|010101010111010001001001111000> :  0.5698152E-02  0.5300000E-02          53
|010101010111010101001001011000> :  0.3813513E-02  0.4500000E-02          45
|101010101000001110111110000111> :  0.4735035E-02  0.4500000E-02          45
|010101010111110001000001111000> :  0.4735035E-02  0.4300000E-02          43
|101011100000001110111110000111> :  0.3762169E-02  0.4300000E-02          43
|000011100010011101011110001111> :  0.3254402E-02  0.4200000E-02          42
|111100011101100010100001110000> :  0.3254402E-02  0.4100000E-02          41
|010011000110111010101101000110> :  0.4072277E-02  0.4100000E-02          41
|101100111001000101010010111001> :  0.4072277E-02  0.4100000E-02          41
|010100011111110001000001111000> :  0.3762169E-02  0.4000000E-02          40
|010111010111010101001001001000> :  0.2712409E-02  0.4000000E-02          40
|010101010111010011001001011000> :  0.3833800E-02  0.3900000E-02          39
|111100111001000011011100110000> :  0.3866694E-02  0.3900000E-02          39
|010011000110111010100101010110> :  0.3400477E-02  0.3800000E-02          38
|101011100000101110110110000111> :  0.3516428E-02  0.3800000E-02          38
|011101110111010011101100010000> :  0.3476091E-02  0.3800000E-02          38
|001001000110111110100110010110> :  0.3461199E-02  0.3800000E-02          38
|100010001000101100010011101111> :  0.3476091E-02  0.3700000E-02          37
|101010101000101010110110100111> :  0.3813513E-02  0.3700000E-02          37
|011001000110111010100110010110> :  0.4263783E-02  0.3700000E-02          37
|010111010111010011001001001000> :  0.2834247E-02  0.3700000E-02          37
|110100011101110010100001110000> :  0.2467164E-02  0.3500000E-02          35
|111010101000001011011100100111> :  0.3263330E-02  0.3500000E-02          35
|101000101000101110110110010111> :  0.3448897E-02  0.3400000E-02          34
|010111010111010001001001101000> :  0.3448897E-02  0.3400000E-02          34
|000011000110111100100111010110> :  0.2038721E-02  0.3300000E-02          33
|101010101000101100110110100111> :  0.3833800E-02  0.3300000E-02          33
|000011000110111100100011001111> :  0.3866694E-02  0.3300000E-02          33
|110110111001000001011001101001> :  0.3461199E-02  0.3200000E-02          32
|101011100000001111011110000111> :  0.2759693E-02  0.3200000E-02          32
|111100011101100010100100110000> :  0.2691732E-02  0.3200000E-02          32
|101100111001000101011010101001> :  0.3400477E-02  0.3200000E-02          32
|101010101000001010111110100111> :  0.3439463E-02  0.3100000E-02          31
|010100011111110000100001111000> :  0.2759693E-02  0.3000000E-02          30
|000011100011011101011011001011> :  0.2929400E-02  0.3000000E-02          30
|100010001100111100100111110110> :  0.2471295E-02  0.2900000E-02          29
|011101110011000011011000001001> :  0.2471295E-02  0.2900000E-02          29
|010101010111110101000001011000> :  0.3439463E-02  0.2800000E-02          28
|101000101000101010110110110111> :  0.2712409E-02  0.2800000E-02          28
|111010111000001011011100100101> :  0.2878101E-02  0.2700000E-02          27
|010100011111010001001001111000> :  0.3516428E-02  0.2700000E-02          27
|101010101000001100111110100111> :  0.3037553E-02  0.2600000E-02          26
|101010101000001011011110100111> :  0.2686092E-02  0.2600000E-02          26
|000011100010011101011011001111> :  0.2691732E-02  0.2600000E-02          26
|000011000100111110100111010110> :  0.1385916E-02  0.2600000E-02          26
|000101010111110100100011011000> :  0.3263330E-02  0.2600000E-02          26
|010101010111110100100001011000> :  0.2686092E-02  0.2600000E-02          26
|001011100010001101011110001111> :  0.2467164E-02  0.2600000E-02          26
|010101010111110000100001111000> :  0.2436279E-02  0.2500000E-02          25
|101000101000101100110110110111> :  0.2834247E-02  0.2500000E-02          25
|000011000110111110100110000111> :  0.1752598E-02  0.2500000E-02          25
|010101010111110011000001011000> :  0.3037553E-02  0.2400000E-02          24
|000101000111110100100011011010> :  0.2878101E-02  0.2400000E-02          24
|101010101000001111011110000111> :  0.2436279E-02  0.2200000E-02          22
|110100011101110001000001111000> :  0.2089324E-02  0.2200000E-02          22
|111100011100100010100100110100> :  0.2929400E-02  0.2100000E-02          21
|101011100000001101011110001111> :  0.1501901E-02  0.2100000E-02          21
|101100001101100101010011111010> :  0.1676612E-02  0.2100000E-02          21
|011101110011000011011000011000> :  0.1844371E-02  0.2100000E-02          21
|111100111001000001011100101001> :  0.1907930E-02  0.2100000E-02          21
|111100111001000011011000101001> :  0.2038721E-02  0.2000000E-02          20
|110100011101110000100001111000> :  0.2090835E-02  0.2000000E-02          20
|111100111101000011101100110000> :  0.1397979E-02  0.2000000E-02          20
|000011000010111100010011001111> :  0.1397979E-02  0.1900000E-02          19
|101100111001000101011000101011> :  0.1305091E-02  0.1900000E-02          19
|001011100010001111011110000111> :  0.2090835E-02  0.1900000E-02          19
|010011110010011010101100000101> :  0.1676612E-02  0.1800000E-02          18
|110010011100111010100101110100> :  0.1549146E-02  0.1800000E-02          18
|111100111011000001011000101001> :  0.1385916E-02  0.1800000E-02          18
|100010001100111100100111100111> :  0.1844371E-02  0.1700000E-02          17
|000011110010011110101100000101> :  0.1005268E-02  0.1600000E-02          16
|101100111011000101011000101001> :  0.1331232E-02  0.1600000E-02          16
|000101010111110101000011011000> :  0.1698016E-02  0.1600000E-02          16
|101010101000101100010110101111> :  0.6882086E-03  0.1600000E-02          16
|010011000110111010100111110110> :  0.1346526E-02  0.1600000E-02          16
|001011100010001110111110000111> :  0.2089324E-02  0.1600000E-02          16
|101101100001000101011010001011> :  0.1578506E-02  0.1600000E-02          16
|011101110011000011011100000001> :  0.1463344E-02  0.1600000E-02          16
|100010001100111100100011111110> :  0.1463344E-02  0.1600000E-02          16
|001011100010101110110110000111> :  0.1476013E-02  0.1500000E-02          15
|111010111000001001011100101101> :  0.1566258E-02  0.1500000E-02          15
|010010011110111010100101110100> :  0.1578506E-02  0.1500000E-02          15
|100010001100111110100111000111> :  0.1047883E-02  0.1500000E-02          15
|000111100011010101011011001011> :  0.1842824E-02  0.1500000E-02          15
|000011100010011111011110000111> :  0.1494345E-02  0.1400000E-02          14
|101100011101100101010011111000> :  0.1700093E-02  0.1400000E-02          14
|000101000111110110100011010010> :  0.1566258E-02  0.1400000E-02          14
|111000011100101010100100110100> :  0.1842824E-02  0.1400000E-02          14
|111100111001000001011001111000> :  0.1752598E-02  0.1300000E-02          13
|111100111001000001011100111000> :  0.1164305E-02  0.1300000E-02          13
|100010101001001101011011101011> :  0.9630260E-03  0.1300000E-02          13
|010011100010011010101100000111> :  0.1700093E-02  0.1300000E-02          13
|010011100110011010101100000110> :  0.9891116E-03  0.1300000E-02          13
|000101010111110110100011010000> :  0.1183008E-02  0.1300000E-02          13
|101100111001000101011000001001> :  0.1346526E-02  0.1300000E-02          13
|011101110011000001011000101001> :  0.1307819E-02  0.1300000E-02          13
|111010101000001001011100101111> :  0.1183008E-02  0.1300000E-02          13
|111100011101100000100001111000> :  0.1494345E-02  0.1300000E-02          13
|111100111001000011011000111000> :  0.1475540E-02  0.1300000E-02          13
|101110111001000101011000101001> :  0.9412045E-03  0.1200000E-02          12
|000011000110111100100111000111> :  0.1475540E-02  0.1200000E-02          12
|010011000110111010100111010100> :  0.1305091E-02  0.1200000E-02          12
|101100111001000101011001101001> :  0.6166031E-03  0.1200000E-02          12
|000011000010111110100111000111> :  0.6839677E-03  0.1200000E-02          12
|100010001100111110100111010110> :  0.1307819E-02  0.1200000E-02          12
|110100011101010001001001111000> :  0.1476013E-02  0.1200000E-02          12
|111100001101100001010011111010> :  0.1005268E-02  0.1200000E-02          12
|111010111000001010111100100101> :  0.1169639E-02  0.1200000E-02          12
|000011000110111110100011000111> :  0.1164305E-02  0.1200000E-02          12
|010011000100111010100111010110> :  0.1331232E-02  0.1100000E-02          11
|101000001100101110100110010110> :  0.9330354E-03  0.1100000E-02          11
|101100011001100101010011111001> :  0.9891116E-03  0.1100000E-02          11
|010001000110111010100111010110> :  0.9412045E-03  0.1100000E-02          11
|111100111001000001011001101001> :  0.1070906E-02  0.1100000E-02          11
|011101110011000001011000111000> :  0.1047883E-02  0.1100000E-02          11
|111010101000001010111100100111> :  0.1698016E-02  0.1100000E-02          11
|010111110011010001011001101001> :  0.9330354E-03  0.1000000E-02          10
|010110011111010001001001101000> :  0.9877654E-03  0.1000000E-02          10
|110010001100111000100011111110> :  0.7208433E-03  0.1000000E-02          10
|010101010111010011101001010000> :  0.6882086E-03  0.1000000E-02          10
|101100001001100101010011111011> :  0.1081272E-02  0.1000000E-02          10
|101001100000101110110110010111> :  0.9877654E-03  0.1000000E-02          10
|011101110011000011011100010000> :  0.9994780E-03  0.1000000E-02          10
|000101000111110101000011011010> :  0.1169639E-02  0.1000000E-02          10
|100010001100111100100011101111> :  0.9994780E-03  0.1000000E-02          10
|010111010111010011101001000000> :  0.6015198E-03  0.1000000E-02          10
|010011000110111010100011010110> :  0.4064540E-03  0.9000000E-03           9
|101000101000001101010110111111> :  0.8268928E-03  0.9000000E-03           9
|010111010111110010101001000000> :  0.8268928E-03  0.9000000E-03           9
|000011100010011110101100000111> :  0.4644831E-03  0.9000000E-03           9
|011101010111110010100100010000> :  0.9585401E-03  0.9000000E-03           9
|000011000110111110100110010110> :  0.1070906E-02  0.9000000E-03           9
|000011000110111110100011010110> :  0.1907930E-02  0.9000000E-03           9
|110010011100111010101101100100> :  0.9304187E-03  0.9000000E-03           9
|101101100001000101010010011011> :  0.8480312E-03  0.8000000E-03           8
|101010101000001101011110100111> :  0.5664991E-03  0.8000000E-03           8
|010100011111110010100001110000> :  0.1501901E-02  0.8000000E-03           8
|010101010110110010100101010100> :  0.8129259E-03  0.8000000E-03           8
|010010011110111010101101100100> :  0.8480312E-03  0.8000000E-03           8
|010101010111110010100001011000> :  0.5664991E-03  0.8000000E-03           8
|011101010110110010100100010100> :  0.9630260E-03  0.8000000E-03           8
|101101110001000101011000001011> :  0.4762147E-03  0.7000000E-03           7
|101000101000101100010110111111> :  0.6015198E-03  0.7000000E-03           7
|111110111001000001011000101001> :  0.9208798E-03  0.7000000E-03           7
|001101110011000101010010011001> :  0.5407131E-03  0.7000000E-03           7
|001101110011000111011100000001> :  0.7208433E-03  0.7000000E-03           7
|101100111001000101011100101001> :  0.4064540E-03  0.6000000E-03           6
|000011000110111110100111010100> :  0.2624802E-03  0.6000000E-03           6
|010011010111110010101001000100> :  0.4005482E-03  0.6000000E-03           6
|010011000110111010100110010110> :  0.6166031E-03  0.6000000E-03           6
|100010101000001101011011101111> :  0.9585401E-03  0.6000000E-03           6
|010010001110111010100111110100> :  0.4762147E-03  0.6000000E-03           6
|011001010110111010100100010100> :  0.4251572E-03  0.6000000E-03           6
|111100101001000001010010111010> :  0.1978793E-03  0.6000000E-03           6
|000001000110111110100111010110> :  0.9208798E-03  0.6000000E-03           6
|101001000100101110100110010110> :  0.5120479E-03  0.5000000E-03           5
|010011010111110010100001010100> :  0.6054775E-03  0.5000000E-03           5
|100110101001000101011011101011> :  0.4251572E-03  0.5000000E-03           5
|010011110110011010101100000100> :  0.1081272E-02  0.5000000E-03           5
|101100101000001101011110101011> :  0.6054775E-03  0.5000000E-03           5
|101100101000001101010110111011> :  0.4005482E-03  0.5000000E-03           5
|000111010111010101001001001001> :  0.4424566E-03  0.5000000E-03           5
|111100111001000101011000101001> :  0.2041601E-03  0.5000000E-03           5
|000011000110111010100111010110> :  0.2041601E-03  0.5000000E-03           5
|111100011101100001010011111000> :  0.4644831E-03  0.5000000E-03           5
|111000101000101010110110110110> :  0.4424566E-03  0.5000000E-03           5
|000011000110111110100111000101> :  0.4403008E-03  0.5000000E-03           5
|111100111001000001011000101011> :  0.2624802E-03  0.5000000E-03           5
|111100111001000001010000111000> :  0.4931587E-03  0.5000000E-03           5
|011101110011000101011000011000> :  0.8311060E-03  0.5000000E-03           5
|111100111101000001011000111000> :  0.6839677E-03  0.5000000E-03           5
|000011000100111110100111000111> :  0.4902636E-03  0.4000000E-03           4
|101010101000001101011010101111> :  0.2161557E-03  0.4000000E-03           4
|010011010110110010100101010100> :  0.1869747E-03  0.4000000E-03           4
|000011001100111110100111010110> :  0.7944478E-04  0.4000000E-03           4
|011101110011000101011000001001> :  0.3837495E-03  0.4000000E-03           4
|101100100001000101011010101011> :  0.1528383E-03  0.4000000E-03           4
|101100101001001101011010101011> :  0.1869747E-03  0.4000000E-03           4
|100010001100111010100111110110> :  0.3837495E-03  0.4000000E-03           4
|010010011110111000100001111100> :  0.1046685E-03  0.4000000E-03           4
|111100111101000011011100110000> :  0.2464740E-03  0.4000000E-03           4
|000011110010011111011100000101> :  0.2196151E-03  0.4000000E-03           4
|110010001100111010101101100110> :  0.5407131E-03  0.4000000E-03           4
|111100111001000001011000111010> :  0.4403008E-03  0.4000000E-03           4
|111100011101100001000001111000> :  0.3047890E-03  0.4000000E-03           4
|111100111000000001011100101001> :  0.2575653E-03  0.4000000E-03           4
|001101100011000101010010011011> :  0.9304187E-03  0.4000000E-03           4
|001101100011000101011010001011> :  0.1549146E-02  0.4000000E-03           4
|111100001101100000100011111010> :  0.2196151E-03  0.4000000E-03           4
|000011000110111100000011001111> :  0.3352495E-03  0.4000000E-03           4
|001011100010001111011100000111> :  0.8502376E-04  0.4000000E-03           4
|010110111011010001011001101001> :  0.5120479E-03  0.4000000E-03           4
|111100111011000001011000111000> :  0.4902636E-03  0.4000000E-03           4
|000011000110111100100011111110> :  0.9948112E-04  0.3000000E-03           3
|101000001100101100100110110110> :  0.2481260E-03  0.3000000E-03           3
|000011000111111100100011011110> :  0.3156903E-03  0.3000000E-03           3
|000101010011110101010011011001> :  0.8026099E-04  0.3000000E-03           3
|010101000111110010100011010010> :  0.4192379E-03  0.3000000E-03           3
|101100111001000101010011111001> :  0.1709206E-03  0.3000000E-03           3
|100010101000011010101110100111> :  0.8054986E-04  0.3000000E-03           3
|100010001100111010100111100111> :  0.8311060E-03  0.3000000E-03           3
|110010001100111010100101110110> :  0.3177170E-03  0.3000000E-03           3
|111100111000000011011100110000> :  0.1872114E-03  0.3000000E-03           3
|001101110011000101011010001001> :  0.3177170E-03  0.3000000E-03           3
|111100001101100010100011110010> :  0.9700166E-04  0.3000000E-03           3
|010111110011010011011001001001> :  0.2481260E-03  0.3000000E-03           3
|010111110011010011101100000001> :  0.1751885E-03  0.3000000E-03           3
|011101010111110010100001010000> :  0.1782700E-03  0.3000000E-03           3
|000011100010111110110110000111> :  0.1118443E-03  0.3000000E-03           3
|011011110010001011011100000101> :  0.1609418E-03  0.3000000E-03           3
|001011110010001110111100000101> :  0.7198517E-04  0.3000000E-03           3
|001101110011000111011000001001> :  0.2348423E-03  0.3000000E-03           3
|111100111001000011011000001001> :  0.8683763E-04  0.3000000E-03           3
|110100001101110000100011111010> :  0.2448974E-03  0.3000000E-03           3
|111100111001000101011000111000> :  0.1929649E-03  0.3000000E-03           3
|110010001100111010100011110110> :  0.1534242E-03  0.2000000E-03           2
|101101100001000111010110010011> :  0.5330037E-04  0.2000000E-03           2
|101101000100101110100110010110> :  0.1731469E-04  0.2000000E-03           2
|000011110011010101011001001001> :  0.2964707E-03  0.2000000E-03           2
|110000001100111010100111110110> :  0.1081949E-03  0.2000000E-03           2
|010101000110111010100111010110> :  0.1683683E-03  0.2000000E-03           2
|000111110011010101011011001001> :  0.1347913E-03  0.2000000E-03           2
|000111110011010101011001001011> :  0.1104720E-03  0.2000000E-03           2
|101100101000001111010110010011> :  0.6040910E-04  0.2000000E-03           2
|101000001100101100010110111110> :  0.8633603E-04  0.2000000E-03           2
|000111010011110101010011001001> :  0.5720733E-04  0.2000000E-03           2
|101010101001001101011010101011> :  0.8129259E-03  0.2000000E-03           2
|000111000111010101001011001011> :  0.3534144E-04  0.2000000E-03           2
|010011010110111010100100010100> :  0.8598072E-04  0.2000000E-03           2
|010011000110111010101100000110> :  0.1709206E-03  0.2000000E-03           2
|000011000110111110101101000111> :  0.5007452E-04  0.2000000E-03           2
|010011110010011010111100000101> :  0.2902747E-04  0.2000000E-03           2
|101000001100101100010011111110> :  0.1751885E-03  0.2000000E-03           2
|010011000110111000100011111110> :  0.2139713E-03  0.2000000E-03           2
|000011000110111110101011000111> :  0.3290044E-04  0.2000000E-03           2
|010011110010011011011100000101> :  0.8344741E-04  0.2000000E-03           2
|101100101000001011011110100011> :  0.5123980E-04  0.2000000E-03           2
|010010011111110000101001101100> :  0.8856464E-04  0.2000000E-03           2
|100010101000001101011110101111> :  0.1782700E-03  0.2000000E-03           2
|001001100010101110110110010111> :  0.2151180E-03  0.2000000E-03           2
|100010001001101101010011101011> :  0.5017492E-04  0.2000000E-03           2
|010101010111110010100101010000> :  0.2161557E-03  0.2000000E-03           2
|010101010111110010100001110000> :  0.1299194E-03  0.2000000E-03           2
|110010001100111010101100100110> :  0.1629335E-04  0.2000000E-03           2
|111100111001000011111100110000> :  0.3352495E-03  0.2000000E-03           2
|111100111001000011011100100011> :  0.9985679E-04  0.2000000E-03           2
|111100111001000011011100000001> :  0.9948112E-04  0.2000000E-03           2
|000011000010111100100011001111> :  0.2464740E-03  0.2000000E-03           2
|111100011101100000100011111000> :  0.5310957E-04  0.2000000E-03           2
|011100111011000001011000101001> :  0.4566054E-04  0.2000000E-03           2
|000011000110111010100111000111> :  0.1929649E-03  0.2000000E-03           2
|011001100110111010100110010110> :  0.6301548E-04  0.2000000E-03           2
|011011100010001011011100000111> :  0.1303293E-03  0.2000000E-03           2
|111000111000001010111100110100> :  0.1682568E-03  0.2000000E-03           2
|111100001100101010100110110110> :  0.2964707E-03  0.2000000E-03           2
|111000001100101010100100110110> :  0.1347913E-03  0.2000000E-03           2
|111000001100101000100011111110> :  0.1056128E-03  0.2000000E-03           2
|111100011101100001010000111000> :  0.4572290E-04  0.2000000E-03           2
|110110111011000001011001101001> :  0.7828444E-04  0.2000000E-03           2
|011101010111100101010001011000> :  0.8054986E-04  0.2000000E-03           2
|011011100010001010111100000111> :  0.1190411E-03  0.2000000E-03           2
|011101000110111010100110010110> :  0.9937942E-04  0.2000000E-03           2
|110110011101110010101001100000> :  0.2210573E-04  0.2000000E-03           2
|110110011101010001001001101000> :  0.2151180E-03  0.2000000E-03           2
|001011110010001111011100000101> :  0.2448974E-03  0.2000000E-03           2
|010111100011010101011011001001> :  0.2188120E-05  0.2000000E-03           2
|111100111000000011011100100001> :  0.3156903E-03  0.2000000E-03           2
|110100011101100001010001111000> :  0.1470016E-03  0.2000000E-03           2
|000011000110111100101011001111> :  0.1486965E-03  0.2000000E-03           2
|010111010111010011001001001010> :  0.2003897E-04  0.2000000E-03           2
|110010111000001001011001101101> :  0.6253407E-04  0.2000000E-03           2
|010101010111110101010001011000> :  0.2102498E-04  0.2000000E-03           2
|101010111000001101011100101101> :  0.4192379E-03  0.2000000E-03           2
|110010001100111010101111110110> :  0.5200496E-05  0.1000000E-03           1
|010101010111110011101001010000> :  0.9568259E-06  0.1000000E-03           1
|001011100010001110110110000111> :  0.4004784E-05  0.1000000E-03           1
|010101010111110011100001010000> :  0.8766382E-04  0.1000000E-03           1
|110010001100111000101001101110> :  0.2017568E-04  0.1000000E-03           1
|000011100010011010101110000111> :  0.3897850E-04  0.1000000E-03           1
|010101010111110010101001010000> :  0.1105903E-03  0.1000000E-03           1
|110010000100111010100111110110> :  0.1965405E-04  0.1000000E-03           1
|001001100110111110100110010110> :  0.4220490E-04  0.1000000E-03           1
|010101010111110010100011010000> :  0.9039457E-04  0.1000000E-03           1
|101110111001000101011000111011> :  0.4570684E-07  0.1000000E-03           1
|101110111001000101011000101011> :  0.1372066E-04  0.1000000E-03           1
|001001100010111110100110010111> :  0.1499651E-03  0.1000000E-03           1
|000011100000111110100110000111> :  0.4217709E-04  0.1000000E-03           1
|101110101001000101011010101011> :  0.1941938E-03  0.1000000E-03           1
|101101111001000111010010101001> :  0.5210314E-08  0.1000000E-03           1
|010101010111110010100001010100> :  0.1129330E-03  0.1000000E-03           1
|001001010011100110010001011001> :  0.1480111E-09  0.1000000E-03           1
|000011100000011101011110001111> :  0.4850068E-05  0.1000000E-03           1
|101101010101100010100111010010> :  0.1217394E-08  0.1000000E-03           1
|010101010111110000000001010000> :  0.4305469E-06  0.1000000E-03           1
|101100111001100101011100101001> :  0.1308858E-06  0.1000000E-03           1
|101100111001100101011000101001> :  0.4561143E-05  0.1000000E-03           1
|101100111001010101001000101001> :  0.7022513E-06  0.1000000E-03           1
|001001000110111110100110010100> :  0.1160559E-04  0.1000000E-03           1
|000011010111110110100111010110> :  0.6179645E-05  0.1000000E-03           1
|101100111001000111011000101001> :  0.7917584E-05  0.1000000E-03           1
|101100111001000101011100001001> :  0.9717643E-05  0.1000000E-03           1
|000111110011010111101100000001> :  0.1159201E-03  0.1000000E-03           1
|010101010110111011000001011100> :  0.6718352E-07  0.1000000E-03           1
|101100111001000101011000111001> :  0.1302027E-03  0.1000000E-03           1
|000111110011010111101001000001> :  0.5984018E-04  0.1000000E-03           1
|000011010110111110101101000101> :  0.1978793E-03  0.1000000E-03           1
|010101010110110010100001010100> :  0.6627476E-06  0.1000000E-03           1
|010101000111110010101011000000> :  0.7341484E-06  0.1000000E-03           1
|000111110011010111011100001001> :  0.3665949E-06  0.1000000E-03           1
|101100111001000101011000001011> :  0.6689670E-05  0.1000000E-03           1
|000111110011010111011100000001> :  0.1056128E-03  0.1000000E-03           1
|000011010110111110101100000101> :  0.2171784E-05  0.1000000E-03           1
|010101000101100000110011011010> :  0.9214624E-10  0.1000000E-03           1
|010100011111110010100011110000> :  0.1267011E-05  0.1000000E-03           1
|000111110011010111011001000001> :  0.1926878E-04  0.1000000E-03           1
|101100101001100100010010111011> :  0.9732130E-05  0.1000000E-03           1
|101100101001001101010010111011> :  0.4905104E-04  0.1000000E-03           1
|000011010110111110100101110100> :  0.1964689E-05  0.1000000E-03           1
|010100011111110000100001111100> :  0.9793823E-05  0.1000000E-03           1
|101100101001000011010110110011> :  0.4650439E-04  0.1000000E-03           1
|010100011111010101001001111000> :  0.6045478E-05  0.1000000E-03           1
|010100011111010011001001111000> :  0.4250927E-05  0.1000000E-03           1
|000011010110110101000011001011> :  0.2639395E-07  0.1000000E-03           1
|000011000110111100100011011111> :  0.1965129E-05  0.1000000E-03           1
|000011000100111110100110000111> :  0.8772144E-05  0.1000000E-03           1
|000010011111110100100011111100> :  0.2520951E-05  0.1000000E-03           1
|010100011111010011001001011000> :  0.1253684E-06  0.1000000E-03           1
|101100101000001001010110111011> :  0.1493310E-04  0.1000000E-03           1
|000111110011010101011000001001> :  0.1364412E-03  0.1000000E-03           1
|101100100011001101010000111001> :  0.5886829E-08  0.1000000E-03           1
|101100011101100110100110010000> :  0.8430467E-05  0.1000000E-03           1
|010011110010111010101100000101> :  0.4278409E-05  0.1000000E-03           1
|000011010010111110101101000101> :  0.4154045E-05  0.1000000E-03           1
|010011110010011011101100000101> :  0.1021821E-04  0.1000000E-03           1
|101100011101000001011011111001> :  0.2019381E-05  0.1000000E-03           1
|000111010111110110101001000001> :  0.3683693E-04  0.1000000E-03           1
|101100011001100100011000111001> :  0.3724035E-06  0.1000000E-03           1
|101100001101100100100011111010> :  0.8344741E-04  0.1000000E-03           1
|000111010111110101000011001001> :  0.9449239E-04  0.1000000E-03           1
|000011010010111010101101010101> :  0.3203264E-06  0.1000000E-03           1
|010011110010011001011100101101> :  0.9341839E-05  0.1000000E-03           1
|010011100110011100101001101100> :  0.1464168E-08  0.1000000E-03           1
|000111010111110100100011001001> :  0.9066341E-04  0.1000000E-03           1
|101011100000001111011110000011> :  0.9793823E-05  0.1000000E-03           1
|101011100000001110111100000111> :  0.1640311E-04  0.1000000E-03           1
|000111010111010111101001000001> :  0.3537932E-04  0.1000000E-03           1
|000011001110111110100111010110> :  0.1949277E-04  0.1000000E-03           1
|010011100010011001011100101111> :  0.5628973E-05  0.1000000E-03           1
|101010111001000101011000101001> :  0.1683683E-03  0.1000000E-03           1
|010011100000111010111101000110> :  0.1061911E-07  0.1000000E-03           1
|010011010111111011101101000000> :  0.5550899E-06  0.1000000E-03           1
|101010111000001101011000101101> :  0.8139516E-05  0.1000000E-03           1
|010011010111110010101001100100> :  0.1009751E-04  0.1000000E-03           1
|000011000110111100100011011100> :  0.9985679E-04  0.1000000E-03           1
|000011000100111010100111010110> :  0.1123020E-05  0.1000000E-03           1
|101010101001100010110010101111> :  0.7055885E-07  0.1000000E-03           1
|000111000111111110100111000011> :  0.2135239E-05  0.1000000E-03           1
|010011010110111110100101010100> :  0.5570270E-04  0.1000000E-03           1
|010011010110111100101001001100> :  0.4650439E-04  0.1000000E-03           1
|000111000111110101000011001011> :  0.1682568E-03  0.1000000E-03           1
|000011000111111110100011010110> :  0.2575653E-03  0.1000000E-03           1
|010011010110111010101101100100> :  0.4517049E-04  0.1000000E-03           1
|101010101000001111010110000111> :  0.5716767E-05  0.1000000E-03           1
|000111000111110100100011011010> :  0.1223626E-04  0.1000000E-03           1
|101010101000001101111010100111> :  0.3400023E-05  0.1000000E-03           1
|010011010110111010101100000100> :  0.1676420E-03  0.1000000E-03           1
|101010101000001101011110101011> :  0.1129330E-03  0.1000000E-03           1
|101010101000001101011110001111> :  0.1299194E-03  0.1000000E-03           1
|101010101000001101011100101111> :  0.9039457E-04  0.1000000E-03           1
|010011010110111000101101100100> :  0.5663089E-05  0.1000000E-03           1
|000110111011010101011001101001> :  0.6477425E-04  0.1000000E-03           1
|101010101000001010101110100111> :  0.2102498E-04  0.1000000E-03           1
|101010101000001001011110101111> :  0.8715369E-04  0.1000000E-03           1
|010011000111111010100111010110> :  0.5271131E-05  0.1000000E-03           1
|000011000110111110101111010110> :  0.1277476E-04  0.1000000E-03           1
|101010101000001001011110100111> :  0.2436939E-05  0.1000000E-03           1
|101010101000001001011100101111> :  0.2118795E-05  0.1000000E-03           1
|010011000110111011000111011110> :  0.2178551E-05  0.1000000E-03           1
|101001110000101111010110010101> :  0.6948585E-09  0.1000000E-03           1
|000101010111110101100011011000> :  0.6826041E-05  0.1000000E-03           1
|101001100000001111010110010111> :  0.5568418E-04  0.1000000E-03           1
|101010101000101010110011101111> :  0.4532015E-06  0.1000000E-03           1
|101001000100101100010011011110> :  0.4658803E-05  0.1000000E-03           1
|101001000000101011100110010111> :  0.1594112E-08  0.1000000E-03           1
|101010101000101100110110100101> :  0.1425078E-04  0.1000000E-03           1
|000011000110111110101111000111> :  0.4931587E-03  0.1000000E-03           1
|000011000110111100100011001110> :  0.7768080E-05  0.1000000E-03           1
|000011000010111110100111010110> :  0.1248656E-04  0.1000000E-03           1
|000010001110111010100111100101> :  0.4035805E-05  0.1000000E-03           1
|101010101010001010111110100111> :  0.6789924E-06  0.1000000E-03           1
|000001110011010101011001001101> :  0.1681041E-05  0.1000000E-03           1
|101000101100011101000110111111> :  0.4835177E-07  0.1000000E-03           1
|101010111000001111011100000101> :  0.1870624E-04  0.1000000E-03           1
|101010111001000101010000111001> :  0.1182183E-05  0.1000000E-03           1
|101000101000101100010110111110> :  0.1143433E-04  0.1000000E-03           1
|101011100000001011011110000111> :  0.1490467E-04  0.1000000E-03           1
|101011100000001101011110000111> :  0.1518778E-05  0.1000000E-03           1
|101011100000001101011110001011> :  0.6493974E-05  0.1000000E-03           1
|010011000110111010100111000110> :  0.1302027E-03  0.1000000E-03           1
|101000101000001111011110000111> :  0.1063068E-04  0.1000000E-03           1
|101000101000001111010110010111> :  0.4133280E-04  0.1000000E-03           1
|000101010111110010100011110000> :  0.1399820E-06  0.1000000E-03           1
|101000001100101100110110110110> :  0.7369445E-05  0.1000000E-03           1
|101000001100101010100110110110> :  0.1259000E-03  0.1000000E-03           1
|101011100000101110111110000111> :  0.3022604E-05  0.1000000E-03           1
|101100000001100101010011111011> :  0.1546346E-04  0.1000000E-03           1
|101000001100001110111110010111> :  0.6383484E-07  0.1000000E-03           1
|010011000110110011000011010110> :  0.1953907E-08  0.1000000E-03           1
|000011000110111100100011001101> :  0.6471681E-04  0.1000000E-03           1
|010011000110011011001001001110> :  0.9545648E-05  0.1000000E-03           1
|100110011001000111011001001001> :  0.3590064E-07  0.1000000E-03           1
|100110011001000101011001101001> :  0.6301548E-04  0.1000000E-03           1
|101100011101100100100011111000> :  0.4706241E-04  0.1000000E-03           1
|101100011101100101010001111001> :  0.4143825E-07  0.1000000E-03           1
|010011000100111010101101000110> :  0.1428520E-04  0.1000000E-03           1
|100110001101110101000011101011> :  0.6782627E-05  0.1000000E-03           1
|100110001001100101010011101011> :  0.7780373E-04  0.1000000E-03           1
|100100111001010101001000101001> :  0.2719300E-05  0.1000000E-03           1
|100100111000000101011001100001> :  0.5483295E-07  0.1000000E-03           1
|010011000011011001011000101111> :  0.1013166E-09  0.1000000E-03           1
|101100101000001101010110110011> :  0.7919269E-05  0.1000000E-03           1
|000011000110111110100111110110> :  0.1411161E-04  0.1000000E-03           1
|100100011101110100100011111000> :  0.1303293E-03  0.1000000E-03           1
|100100001101110101000011111010> :  0.8599639E-04  0.1000000E-03           1
|101100101000001111011110000011> :  0.5586323E-04  0.1000000E-03           1
|101100101000101110110110010111> :  0.1873590E-04  0.1000000E-03           1
|010011000010111010010111011110> :  0.8565862E-06  0.1000000E-03           1
|100100001101110100100011111010> :  0.1609418E-03  0.1000000E-03           1
|101100101001000101010011101011> :  0.1688391E-05  0.1000000E-03           1
|100011001110111100100111110110> :  0.6797315E-06  0.1000000E-03           1
|010010111110011010101100100100> :  0.6519505E-04  0.1000000E-03           1
|000101000110111110101111010111> :  0.1940537E-05  0.1000000E-03           1
|100010111001000101011001101001> :  0.9937942E-04  0.1000000E-03           1
|101100101001100101010010111011> :  0.5678801E-04  0.1000000E-03           1
|101100101001100110110110010011> :  0.8210181E-05  0.1000000E-03           1
|101100101010001001010011101001> :  0.3351788E-09  0.1000000E-03           1
|101100110011000101011000101001> :  0.3941146E-04  0.1000000E-03           1
|101100111001000011011000101001> :  0.9628046E-05  0.1000000E-03           1
|100010111000011100101100100101> :  0.1605483E-05  0.1000000E-03           1
|010010111010011010101100100101> :  0.7067963E-04  0.1000000E-03           1
|100010101001001111011111100011> :  0.1078617E-06  0.1000000E-03           1
|010010011111110010101001100100> :  0.5920789E-04  0.1000000E-03           1
|101100111001000101011000011001> :  0.4580545E-05  0.1000000E-03           1
|101100111001000101011000101000> :  0.6023318E-05  0.1000000E-03           1
|000101000110111110100111010110> :  0.1205561E-03  0.1000000E-03           1
|000011000110111110100111010111> :  0.3275450E-04  0.1000000E-03           1
|000011000110111100100011000101> :  0.2412611E-06  0.1000000E-03           1
|100010101000111110100110000111> :  0.4023333E-04  0.1000000E-03           1
|101100111001000101011010000001> :  0.1403439E-07  0.1000000E-03           1
|010010011111110000100001111100> :  0.9782089E-04  0.1000000E-03           1
|000101000011110101110011011010> :  0.1244816E-06  0.1000000E-03           1
|100010101000001001011011101111> :  0.6922709E-05  0.1000000E-03           1
|000101000011110101010011011011> :  0.1109314E-03  0.1000000E-03           1
|101100111001000111011100000001> :  0.2139713E-03  0.1000000E-03           1
|010010011110111010100101100100> :  0.9355749E-06  0.1000000E-03           1
|100010001100111100000111110110> :  0.4721387E-06  0.1000000E-03           1
|010010011110111010100001110100> :  0.2532281E-04  0.1000000E-03           1
|101100111011000001011000111000> :  0.1245743E-06  0.1000000E-03           1
|000101000001110101010011011011> :  0.3727036E-06  0.1000000E-03           1
|100010001100111010100101110111> :  0.1829722E-05  0.1000000E-03           1
|100010001100111000101001111111> :  0.1118597E-06  0.1000000E-03           1
|101101100000001111010110010011> :  0.8856464E-04  0.1000000E-03           1
|000100011111110101000011111000> :  0.4834790E-04  0.1000000E-03           1
|000011000110111100000011011110> :  0.3083782E-04  0.1000000E-03           1
|100010001100101100010011111110> :  0.1061891E-03  0.1000000E-03           1
|010010001110111000100111110100> :  0.5982954E-05  0.1000000E-03           1
|100010001000101100110111100111> :  0.1030016E-04  0.1000000E-03           1
|101110101000000101010011111010> :  0.3732614E-10  0.1000000E-03           1
|111110101001000001010010101010> :  0.3761210E-06  0.1000000E-03           1
|010001011110111010100101010100> :  0.1112993E-05  0.1000000E-03           1
|100010000110101110100111000111> :  0.1780728E-05  0.1000000E-03           1
|011111010110110010100100000000> :  0.1824798E-07  0.1000000E-03           1
|101111110001000110111110000111> :  0.2489528E-06  0.1000000E-03           1
|011101110111010011101100010010> :  0.3360872E-04  0.1000000E-03           1
|111100111011000011011000111000> :  0.8423983E-05  0.1000000E-03           1
|110010001100111000100010111110> :  0.1715432E-06  0.1000000E-03           1
|010001000100111010100111010110> :  0.3951713E-05  0.1000000E-03           1
|110010001100111000100111110110> :  0.2348423E-03  0.1000000E-03           1
|000011000110111110100111001111> :  0.4259228E-05  0.1000000E-03           1
|011101110111010010101100010000> :  0.4467445E-05  0.1000000E-03           1
|011101110110010010101100010100> :  0.5017492E-04  0.1000000E-03           1
|001111110011010111100010010001> :  0.2945179E-08  0.1000000E-03           1
|110010001100111010100111110111> :  0.5182863E-05  0.1000000E-03           1
|111100111001000101011000011000> :  0.1318792E-04  0.1000000E-03           1
|111100111001000101010010101001> :  0.3759736E-05  0.1000000E-03           1
|111100111001000011111101101001> :  0.1320175E-06  0.1000000E-03           1
|001101111001010101001000101001> :  0.8700128E-06  0.1000000E-03           1
|001101110111010111100110010000> :  0.9185558E-05  0.1000000E-03           1
|011101110011000011011000011001> :  0.3733802E-05  0.1000000E-03           1
|111100111001000011011000011000> :  0.3098450E-04  0.1000000E-03           1
|001101110011110110100110010001> :  0.1157328E-04  0.1000000E-03           1
|000011100110111110100110000111> :  0.1856934E-04  0.1000000E-03           1
|000010001101111000100011101001> :  0.1016695E-08  0.1000000E-03           1
|111100111001000011010100110000> :  0.1486965E-03  0.1000000E-03           1
|001101110011010111011100000001> :  0.1686108E-04  0.1000000E-03           1
|011101110011000001011000001001> :  0.3813187E-05  0.1000000E-03           1
|000011100110011101101011011110> :  0.3252319E-06  0.1000000E-03           1
|011101110010000011011101001001> :  0.2281628E-06  0.1000000E-03           1
|111100111001000001010100111000> :  0.3290044E-04  0.1000000E-03           1
|011101110010000011011100011000> :  0.1226270E-06  0.1000000E-03           1
|011101100010001011010110010010> :  0.5736445E-05  0.1000000E-03           1
|111100111000001000011000111100> :  0.7639404E-06  0.1000000E-03           1
|011101100001000111011000011010> :  0.5918035E-07  0.1000000E-03           1
|001101110011000101011100001011> :  0.1128705E-05  0.1000000E-03           1
|111100111000000010111100110100> :  0.8681496E-04  0.1000000E-03           1
|111100110001000001011000101001> :  0.1949277E-04  0.1000000E-03           1
|011101010111110001000001111000> :  0.1751176E-04  0.1000000E-03           1
|111100101001000001010010101001> :  0.9161035E-05  0.1000000E-03           1
|111100101000001011010110110010> :  0.5181269E-04  0.1000000E-03           1
|001101110011000101011000001011> :  0.1349984E-03  0.1000000E-03           1
|011101010111010001001001111000> :  0.2482041E-04  0.1000000E-03           1
|111100011101100010100101110000> :  0.3478179E-05  0.1000000E-03           1
|011101010111000011011001011000> :  0.1660624E-04  0.1000000E-03           1
|111100011101100010100011110000> :  0.1939478E-04  0.1000000E-03           1
|111100011101100010100001110010> :  0.1535460E-04  0.1000000E-03           1
|011101010011010011101101010000> :  0.2955976E-06  0.1000000E-03           1
|000011100010111110100111000111> :  0.2484456E-04  0.1000000E-03           1
|011101000111110010100110010010> :  0.4150245E-04  0.1000000E-03           1
|111100011101100001010000101001> :  0.3511059E-05  0.1000000E-03           1
|001101100011100110110110010011> :  0.1430216E-04  0.1000000E-03           1
|011101000110110010100110010110> :  0.8770141E-05  0.1000000E-03           1
|001101100011000111011110000011> :  0.6667338E-04  0.1000000E-03           1
|011100111001010001101000101001> :  0.1772869E-05  0.1000000E-03           1
|111100011101000001001001111000> :  0.1118443E-03  0.1000000E-03           1
|011100111001000101010100110000> :  0.1101114E-08  0.1000000E-03           1
|111100011001000001011001111000> :  0.1856934E-04  0.1000000E-03           1
|011100011110110010100100110100> :  0.3154302E-05  0.1000000E-03           1
|011100000111110010100110110010> :  0.2337809E-07  0.1000000E-03           1
|000011100010111010100110100111> :  0.2535645E-05  0.1000000E-03           1
|011011110110011010101100000100> :  0.1344793E-04  0.1000000E-03           1
|111010111101001101011000101101> :  0.2441224E-09  0.1000000E-03           1
|001101100010111110100110010111> :  0.2974092E-04  0.1000000E-03           1
|011011110010001010111100000101> :  0.8599639E-04  0.1000000E-03           1
|111010111001000001010100111001> :  0.4680546E-07  0.1000000E-03           1
|001101100010001111011110000011> :  0.6072108E-04  0.1000000E-03           1
|000011100010011111101110000111> :  0.4086918E-04  0.1000000E-03           1
|111010111000001010111100100100> :  0.1624717E-04  0.1000000E-03           1
|011011010111110010100001000000> :  0.2861057E-05  0.1000000E-03           1
|001101100010001101011110001011> :  0.5269821E-04  0.1000000E-03           1
|011011010110101000011001111100> :  0.5692948E-09  0.1000000E-03           1
|111010101000001010111100100101> :  0.3916081E-05  0.1000000E-03           1
|011001110110011010101100010100> :  0.7780373E-04  0.1000000E-03           1
|001101010111110110100110010000> :  0.4553668E-04  0.1000000E-03           1
|000011000110111110100011011110> :  0.1272821E-04  0.1000000E-03           1
|111010000110111000100100110110> :  0.5496960E-09  0.1000000E-03           1
|011001110010001011010000010110> :  0.7534874E-09  0.1000000E-03           1
|111001110110001001011100101100> :  0.3480857E-09  0.1000000E-03           1
|111001100000001010111100010110> :  0.5176417E-05  0.1000000E-03           1
|001101010011100101010011011001> :  0.8404372E-04  0.1000000E-03           1
|111001010100101010100110110100> :  0.4074208E-06  0.1000000E-03           1
|111000111000101010110100110100> :  0.3534144E-04  0.1000000E-03           1
|011001100010001010111100010110> :  0.8440313E-05  0.1000000E-03           1
|111000111000000001011000111000> :  0.3098536E-05  0.1000000E-03           1
|001101010011100101010000001001> :  0.2404060E-05  0.1000000E-03           1
|111010111000001010101100100101> :  0.2797795E-04  0.1000000E-03           1
|111010111000001010111100000101> :  0.2937871E-05  0.1000000E-03           1
|000011100010011110111110000111> :  0.3047890E-03  0.1000000E-03           1
|111000111000000001011000101101> :  0.8658398E-05  0.1000000E-03           1
|111000101100101010100100110110> :  0.2685069E-05  0.1000000E-03           1
|111000101000001011011100110110> :  0.9066341E-04  0.1000000E-03           1
|111010111001000001011000101001> :  0.1205561E-03  0.1000000E-03           1
|111010111010001001011100101101> :  0.1646358E-04  0.1000000E-03           1
|011000011110111010100100110100> :  0.4791516E-05  0.1000000E-03           1
|111100001100100010100110110110> :  0.8063831E-05  0.1000000E-03           1
|001101000111110110100011010010> :  0.3138063E-04  0.1000000E-03           1
|111000001101100011100011110010> :  0.7694462E-07  0.1000000E-03           1
|011000001100101010000110111110> :  0.5036919E-08  0.1000000E-03           1
|111000001100101011100110110110> :  0.3374907E-05  0.1000000E-03           1
|010111110111010011001001001000> :  0.6514719E-05  0.1000000E-03           1
|111100011001100000011000111001> :  0.8417239E-06  0.1000000E-03           1
|001101000111110110100011000111> :  0.1962014E-06  0.1000000E-03           1
|111000001100101010100110110100> :  0.1104720E-03  0.1000000E-03           1
|111100011101000001011001101000> :  0.3384973E-04  0.1000000E-03           1
|111100011101000001011001110000> :  0.2052098E-05  0.1000000E-03           1
|111000001100101000100110110110> :  0.5714814E-04  0.1000000E-03           1
|010111110011010011011100000001> :  0.9608984E-04  0.1000000E-03           1
|001101000111110101000011011010> :  0.5728108E-05  0.1000000E-03           1
|111000001100101000010110111110> :  0.5984018E-04  0.1000000E-03           1
|111000001100101000010011111110> :  0.1159201E-03  0.1000000E-03           1
|010111110011010011011001001011> :  0.6129046E-05  0.1000000E-03           1
|111000001100001010100110110010> :  0.2810397E-06  0.1000000E-03           1
|001101000111100101010011011010> :  0.1004720E-03  0.1000000E-03           1
|000011100010011110101110000101> :  0.1090309E-03  0.1000000E-03           1
|110110011101110011100111110010> :  0.3294578E-06  0.1000000E-03           1
|010111110011010001011011001001> :  0.2285413E-05  0.1000000E-03           1
|110110011101010001001001101010> :  0.6037095E-05  0.1000000E-03           1
|001100001000101101010110110011> :  0.4481843E-09  0.1000000E-03           1
|111100011101100101010001011000> :  0.9009510E-05  0.1000000E-03           1
|111100011111100010100001110000> :  0.4850068E-05  0.1000000E-03           1
|111100101000001001010110111010> :  0.3742897E-04  0.1000000E-03           1
|110110001100101010100110110110> :  0.2350849E-05  0.1000000E-03           1
|010111110010000011011001000101> :  0.2704057E-07  0.1000000E-03           1
|110101110001000101011001011010> :  0.1829457E-07  0.1000000E-03           1
|111100101101000011101100110100> :  0.8426418E-08  0.1000000E-03           1
|110101010101110010100001010000> :  0.1013738E-05  0.1000000E-03           1
|000011000110101110010111010111> :  0.4875190E-06  0.1000000E-03           1
|110100111001000001011000111000> :  0.4976997E-05  0.1000000E-03           1
|010111010111111011101101000000> :  0.4115389E-06  0.1000000E-03           1
|010111010111110110101001000000> :  0.8493338E-05  0.1000000E-03           1
|110100011101110000000111110000> :  0.3087893E-08  0.1000000E-03           1
|111100111000100010110100110100> :  0.4251608E-04  0.1000000E-03           1
|111100111000100011010110011100> :  0.5808463E-09  0.1000000E-03           1
|010111010111110010101001000100> :  0.2307597E-05  0.1000000E-03           1
|110100011101100000100001111000> :  0.9286486E-06  0.1000000E-03           1
|001011100010101110111100010111> :  0.1901656E-06  0.1000000E-03           1
|110100011100110010100101110100> :  0.4744647E-05  0.1000000E-03           1
|110100010111100010100001010000> :  0.4172686E-05  0.1000000E-03           1
|010111010111110010100001010000> :  0.1397108E-03  0.1000000E-03           1
|110100001101110010100011110010> :  0.6234103E-04  0.1000000E-03           1
|110100001101110001000011111010> :  0.7198517E-04  0.1000000E-03           1
|010111010111010101001001101000> :  0.4474964E-05  0.1000000E-03           1
|110011000110101010110111010110> :  0.2053944E-05  0.1000000E-03           1
|110011000100111010100101110100> :  0.3716049E-06  0.1000000E-03           1
|110010111100011010101100100100> :  0.1223085E-03  0.1000000E-03           1
|000011100010011101011100001111> :  0.1939478E-04  0.1000000E-03           1
|110010111001001001011001101001> :  0.1383857E-04  0.1000000E-03           1
|110010111000011010101100100101> :  0.1004720E-03  0.1000000E-03           1
|110010011101110010101001100100> :  0.3606635E-04  0.1000000E-03           1
|110010011101110010100001110100> :  0.5269821E-04  0.1000000E-03           1
|110010011101110000101001101100> :  0.5485720E-04  0.1000000E-03           1
|110010011101110000100001111100> :  0.6072108E-04  0.1000000E-03           1
|110010011101100000011001101100> :  0.9041916E-05  0.1000000E-03           1
|110010011100111000101001101100> :  0.4993112E-04  0.1000000E-03           1
|110010011100111000100001111100> :  0.6667338E-04  0.1000000E-03           1
|010101110111010010100000010000> :  0.5035013E-05  0.1000000E-03           1
|001011100010001110111110000101> :  0.5889222E-05  0.1000000E-03           1
|110010011100101000011001101100> :  0.1822000E-04  0.1000000E-03           1
|111100111001001000011000101001> :  0.1208929E-05  0.1000000E-03           1
|111100111001001001011000101001> :  0.1617800E-04  0.1000000E-03           1
|110010001101110010101001100111> :  0.7201727E-08  0.1000000E-03           1
|110010001100111110100111100111> :  0.1723197E-07  0.1000000E-03           1
|110010001100111110100101010110> :  0.7284737E-07  0.1000000E-03           1
|111100111101000001011000101001> :  0.1248656E-04  0.1000000E-03           1
|001011100010001110111100000111> :  0.4826872E-04  0.1000000E-03           1
|000011100010011100101110000111> :  0.6001422E-04  0.1000000E-03           1
|000011000110111100100111110110> :  0.8683763E-04  0.1000000E-03           1
|111100111101000111011000101001> :  0.4633940E-07  0.1000000E-03           1
|111101110001000011011000011010> :  0.9595754E-05  0.1000000E-03           1
|000010011111110100101001101101> :  0.6877978E-05  0.1000000E-03           1
|000010000110111110100011111110> :  0.7203127E-06  0.1000000E-03           1
|111111110001000001111100100010> :  0.2107099E-09  0.1000000E-03           1
|000001000110111110100111000110> :  0.1914883E-05  0.1000000E-03           1
