# state, exact probability, frequency, count:
#------------------------------------------------------------------
|011110000110000000110111100111> :  0.1162870E+00  0.1152000E+00        1152
|100001111001111111001000011000> :  0.1162870E+00  0.1101000E+00        1101
|011110001110000000010111100111> :  0.1031946E+00  0.1021000E+00        1021
|100001110001111111101000011000> :  0.1031946E+00  0.1020000E+00        1020
|100001110001111111100000011100> :  0.7436278E-01  0.7540000E-01         754
|011110001110000000011111100011> :  0.7436278E-01  0.7470000E-01         747
|011100101100010100011011100010> :  0.5813980E-01  0.5910000E-01         591
|100011010011101011100100011101> :  0.5813980E-01  0.5830000E-01         583
|011111000010000000110111100111> :  0.4870485E-01  0.5060000E-01         506
|100000111101111111001000011000> :  0.4870485E-01  0.4940000E-01         494
|100011000011100001100100111101> :  0.2721703E-01  0.2700000E-01         270
|011100111100011110011011000010> :  0.2721703E-01  0.2530000E-01         253
|000000111101111111001000011000> :  0.5600360E-02  0.7500000E-02          75
|100001010011111011100000011100> :  0.6379511E-02  0.7100000E-02          71
|011110101100000100011111100011> :  0.6379511E-02  0.6200000E-02          62
|111111000010000000110111100111> :  0.5600360E-02  0.5800000E-02          58
|100001111001111111001000011010> :  0.2981402E-02  0.3500000E-02          35
|001110001110000000010111100111> :  0.2305563E-02  0.3100000E-02          31
|110001111001111111001000011000> :  0.2981402E-02  0.3000000E-02          30
|011110000110000000110111100101> :  0.2981402E-02  0.3000000E-02          30
|011110001110000100011111100011> :  0.2278824E-02  0.2900000E-02          29
|100000111101111111001100011000> :  0.1954086E-02  0.2800000E-02          28
|000000111101111111011001010000> :  0.2652109E-02  0.2800000E-02          28
|111111000010000000100110101111> :  0.2652109E-02  0.2500000E-02          25
|100001110001111111101000011010> :  0.2305563E-02  0.2500000E-02          25
|111101110000011110101011000010> :  0.1252386E-02  0.2000000E-02          20
|110001110001111111101000011000> :  0.2305563E-02  0.2000000E-02          20
|001110000110000000110111100111> :  0.2981402E-02  0.2000000E-02          20
|100001010001111111100000011100> :  0.1731131E-02  0.1900000E-02          19
|100001110001111011100000011100> :  0.2278824E-02  0.1900000E-02          19
|011110101110000000011111100011> :  0.1731131E-02  0.1800000E-02          18
|011111000010000000110011100111> :  0.1954086E-02  0.1800000E-02          18
|111111000010000000110110100111> :  0.8022752E-03  0.1500000E-02          15
|001111000010000000110111100111> :  0.1038901E-02  0.1500000E-02          15
|011110101110000000010111100111> :  0.1289731E-02  0.1500000E-02          15
|000010001111100001010100111101> :  0.1252386E-02  0.1400000E-02          14
|100001010001111111101000011000> :  0.1289731E-02  0.1400000E-02          14
|100001011001111111001000011000> :  0.1325770E-02  0.1400000E-02          14
|001010001111000001010101110101> :  0.9433562E-03  0.1400000E-02          14
|011110001110000010010111100111> :  0.1152417E-02  0.1300000E-02          13
|011110100110000000110111100111> :  0.1325770E-02  0.1300000E-02          13
|111101110000011110101010001010> :  0.1286419E-02  0.1200000E-02          12
|111101111000011110001010001010> :  0.9761275E-03  0.1200000E-02          12
|000010111101100101011100111001> :  0.7692636E-03  0.1100000E-02          11
|011101110000011110111011000010> :  0.7248324E-03  0.1100000E-02          11
|000000111101111111001001011000> :  0.8022752E-03  0.1100000E-02          11
|111101000010011010100011000110> :  0.7692636E-03  0.1100000E-02          11
|011110001110000000011111100001> :  0.5855346E-03  0.1100000E-02          11
|100010111101100101001100111001> :  0.8082672E-03  0.1000000E-02          10
|011100111100011110001011000010> :  0.5176252E-03  0.1000000E-02          10
|001010001111000001011101110001> :  0.4123531E-03  0.9000000E-03           9
|111101111000011110001011000010> :  0.6398272E-03  0.9000000E-03           9
|011111000110000000110111100111> :  0.6903500E-03  0.9000000E-03           9
|110000111101111111001000011000> :  0.1038901E-02  0.9000000E-03           9
|110101110000111110101010001010> :  0.9433562E-03  0.9000000E-03           9
|011101100010010000110011100111> :  0.4431647E-03  0.8000000E-03           8
|100000111001111111001000011000> :  0.6903500E-03  0.8000000E-03           8
|000010001111100001010101110101> :  0.1286419E-02  0.8000000E-03           8
|100010000011100001100100111101> :  0.6492165E-03  0.8000000E-03           8
|100010011101101111001100011000> :  0.4431647E-03  0.8000000E-03           8
|000010001111100001011100111001> :  0.6974595E-03  0.8000000E-03           8
|011110001110000000010111100101> :  0.2305563E-02  0.8000000E-03           8
|011111000010000000110111100101> :  0.1038901E-02  0.8000000E-03           8
|100011000011100001100000111101> :  0.6337911E-03  0.8000000E-03           8
|100010001111100001000100111101> :  0.7248324E-03  0.7000000E-03           7
|100001110001111111100000011110> :  0.5855346E-03  0.7000000E-03           7
|001010000111000001110101110101> :  0.7381205E-03  0.7000000E-03           7
|000010000111100001110101110101> :  0.9761275E-03  0.7000000E-03           7
|011101111100011110011011000010> :  0.6492165E-03  0.7000000E-03           7
|100001110001111101101000011000> :  0.1152417E-02  0.7000000E-03           7
|011101000010011010110011000110> :  0.8082672E-03  0.7000000E-03           7
|111101000010011010100010001110> :  0.2595010E-03  0.6000000E-03           6
|000011000011100001110101110101> :  0.3031162E-03  0.6000000E-03           6
|100001110001111111100100011100> :  0.4938147E-03  0.6000000E-03           6
|000000111101111111011000011000> :  0.3691464E-03  0.6000000E-03           6
|011110000110000010110111100111> :  0.4623697E-03  0.6000000E-03           6
|110001110000111111101000001010> :  0.2835023E-03  0.5000000E-03           5
|011101100010000000110111100111> :  0.2589894E-03  0.5000000E-03           5
|011100111100011110011111000010> :  0.6337911E-03  0.5000000E-03           5
|100000111101111111001000011010> :  0.1038901E-02  0.5000000E-03           5
|100001110001111111101000001010> :  0.1548279E-03  0.5000000E-03           5
|100010001111100001001100111001> :  0.5029220E-03  0.5000000E-03           5
|110011000011100001100100111101> :  0.2166965E-03  0.5000000E-03           5
|111101110000011110100011000110> :  0.6974595E-03  0.5000000E-03           5
|000010001111100001011101110001> :  0.5618672E-03  0.5000000E-03           5
|100001110001111101100000011100> :  0.4885403E-03  0.4000000E-03           4
|100001110001111101101000111000> :  0.3169909E-03  0.4000000E-03           4
|100001111001111101001000111000> :  0.4489717E-03  0.4000000E-03           4
|011111000010000010110111000111> :  0.1539469E-03  0.4000000E-03           4
|110001110001111111100000011100> :  0.5855346E-03  0.4000000E-03           4
|110101111000111110001010001010> :  0.7381205E-03  0.4000000E-03           4
|100000011101111111001000011000> :  0.4645383E-03  0.4000000E-03           4
|100010011101111111001000011000> :  0.2589894E-03  0.4000000E-03           4
|001111000011000000110111110101> :  0.8956924E-04  0.3000000E-03           3
|011101000010010010110011100111> :  0.3825289E-03  0.3000000E-03           3
|011101000010010010110011100110> :  0.1039602E-03  0.3000000E-03           3
|001110001111000000010101110101> :  0.1121600E-03  0.3000000E-03           3
|100001000011111011100000011100> :  0.2209017E-03  0.3000000E-03           3
|001110001110000000011111100011> :  0.5855346E-03  0.3000000E-03           3
|100000111101111101001000111000> :  0.1539469E-03  0.3000000E-03           3
|011101000010010010110011000111> :  0.9247025E-04  0.3000000E-03           3
|011111000010000010110111100111> :  0.2200168E-03  0.3000000E-03           3
|100001111001111111001000001010> :  0.1708967E-03  0.3000000E-03           3
|111101110000011110100010001110> :  0.5618672E-03  0.3000000E-03           3
|111100111100011110001010001010> :  0.3031162E-03  0.3000000E-03           3
|100001111001111101001000011000> :  0.4623697E-03  0.3000000E-03           3
|110001111001111111001000001000> :  0.1708967E-03  0.3000000E-03           3
|100011111001111101001000011000> :  0.1520055E-03  0.3000000E-03           3
|011110001110000010011111100011> :  0.4885403E-03  0.3000000E-03           3
|001011000011000001110101110101> :  0.1950218E-03  0.3000000E-03           3
|011100000110000010110111100111> :  0.1520055E-03  0.3000000E-03           3
|100011011001111111001000011000> :  0.1894741E-03  0.3000000E-03           3
|100011000011100001100100111111> :  0.2166965E-03  0.3000000E-03           3
|110001111000111111001000001010> :  0.3473864E-03  0.3000000E-03           3
|100010111101101101001100011000> :  0.3825289E-03  0.3000000E-03           3
|001110000111000000110111110101> :  0.3473864E-03  0.3000000E-03           3
|110101110000111110100010001110> :  0.4123531E-03  0.3000000E-03           3
|010100111100011110011011000010> :  0.1520571E-03  0.2000000E-03           2
|011101110000011110110011000110> :  0.5029220E-03  0.2000000E-03           2
|100001010001111011100000011100> :  0.3407107E-04  0.2000000E-03           2
|000000111101110101011000111000> :  0.1946754E-03  0.2000000E-03           2
|100000111101111101001000011000> :  0.2200168E-03  0.2000000E-03           2
|001110001110000000010111110111> :  0.1548279E-03  0.2000000E-03           2
|100000111100111111001000011010> :  0.5159111E-04  0.2000000E-03           2
|100001111000111111001000011010> :  0.1357460E-03  0.2000000E-03           2
|011101101100010100011011100010> :  0.1381410E-03  0.2000000E-03           2
|100010001011100001100100111101> :  0.3778495E-04  0.2000000E-03           2
|110011010011101011100100011101> :  0.1825116E-03  0.2000000E-03           2
|001100111100011110011011000010> :  0.2166965E-03  0.2000000E-03           2
|110001110000111111100000001110> :  0.5069589E-04  0.2000000E-03           2
|011110001110000010011111000011> :  0.5013246E-04  0.2000000E-03           2
|001100101100010100011011100010> :  0.1825116E-03  0.2000000E-03           2
|110100111100111110001010001010> :  0.1950218E-03  0.2000000E-03           2
|011110001110000010010111000111> :  0.3169909E-03  0.2000000E-03           2
|011110001110000000011011100011> :  0.4938147E-03  0.2000000E-03           2
|011110001110000000010111110101> :  0.1548279E-03  0.2000000E-03           2
|100011000011100001110100111101> :  0.5176252E-03  0.2000000E-03           2
|011111001010000000111111100111> :  0.4981123E-05  0.2000000E-03           2
|100010111101111101001000011000> :  0.1759882E-03  0.2000000E-03           2
|011111000010000000110111110101> :  0.4199699E-04  0.2000000E-03           2
|100010111101101101001100011001> :  0.1039602E-03  0.2000000E-03           2
|100101111000111111001000011010> :  0.1561560E-04  0.2000000E-03           2
|011111100010000000110111100111> :  0.4645383E-03  0.2000000E-03           2
|011110000110000000110111110101> :  0.1708967E-03  0.2000000E-03           2
|100010011011101011100100011101> :  0.3925968E-05  0.1000000E-03           1
|100010010011101101100100111101> :  0.4803764E-07  0.1000000E-03           1
|010101110000111111111001000010> :  0.4054274E-07  0.1000000E-03           1
|011110000110000000010111100111> :  0.7944877E-04  0.1000000E-03           1
|100010000111100001100100111101> :  0.9606680E-04  0.1000000E-03           1
|011110000010000000110111000111> :  0.4250670E-07  0.1000000E-03           1
|100001111101111111001000011000> :  0.1451299E-04  0.1000000E-03           1
|011101111000011110011011000010> :  0.9606680E-04  0.1000000E-03           1
|010100111100011110001011000010> :  0.1812654E-05  0.1000000E-03           1
|100001111001111111001100011100> :  0.4659063E-05  0.1000000E-03           1
|100001111001111111001000010001> :  0.2915877E-06  0.1000000E-03           1
|010010011110100000010111100111> :  0.1253427E-05  0.1000000E-03           1
|001010001110100001000100111111> :  0.1973350E-06  0.1000000E-03           1
|011101101110010000011111100010> :  0.1989724E-06  0.1000000E-03           1
|100001111001011110001000011000> :  0.3621544E-05  0.1000000E-03           1
|010010001110100000011110100011> :  0.5132262E-05  0.1000000E-03           1
|011101101100010100001010100010> :  0.2468807E-07  0.1000000E-03           1
|011101101100000100111111100011> :  0.1939689E-06  0.1000000E-03           1
|010010001110000001011101110001> :  0.4479742E-06  0.1000000E-03           1
|001010000111100010110100100111> :  0.3377713E-09  0.1000000E-03           1
|100001110001111111101100011000> :  0.3748566E-05  0.1000000E-03           1
|100001110001111111101000011001> :  0.3773597E-05  0.1000000E-03           1
|011101100010010000110011100110> :  0.3334664E-04  0.1000000E-03           1
|010000111100000010010101011111> :  0.2147844E-11  0.1000000E-03           1
|100001110001111111100011010100> :  0.2128888E-05  0.1000000E-03           1
|011101100000010100110011100110> :  0.7655090E-04  0.1000000E-03           1
|011101011110010010010011000111> :  0.9011062E-07  0.1000000E-03           1
|100001110001111111001000011010> :  0.3611526E-05  0.1000000E-03           1
|100001110001111110100010000110> :  0.7188446E-07  0.1000000E-03           1
|001110101100000100011111100011> :  0.5809857E-04  0.1000000E-03           1
|001001110100011111001011001000> :  0.4745358E-10  0.1000000E-03           1
|100001110001110111111000111001> :  0.5327965E-05  0.1000000E-03           1
|011100111110000000011111100010> :  0.1456887E-07  0.1000000E-03           1
|001110001111000000011111110001> :  0.5069589E-04  0.1000000E-03           1
|100001110001011111111001010000> :  0.2099814E-05  0.1000000E-03           1
|100001110001011111100001010100> :  0.2568453E-05  0.1000000E-03           1
|100001110000111111101000011010> :  0.6099753E-04  0.1000000E-03           1
|001110001111000000011101110001> :  0.5878960E-04  0.1000000E-03           1
|000011011111100101011001010001> :  0.2323757E-07  0.1000000E-03           1
|100001011011111111001000011000> :  0.1062616E-03  0.1000000E-03           1
|011100111100010110011011000010> :  0.9894411E-04  0.1000000E-03           1
|001110001111000000010111110101> :  0.2835023E-03  0.1000000E-03           1
|011100111100000010001111000011> :  0.4247898E-07  0.1000000E-03           1
|011100111000011110110011000010> :  0.1052242E-05  0.1000000E-03           1
|001110001111000000010111100111> :  0.6099753E-04  0.1000000E-03           1
|000011000011101001100101110101> :  0.2159667E-06  0.1000000E-03           1
|011100101110010000011011100011> :  0.3397098E-04  0.1000000E-03           1
|100001010001110101101000111000> :  0.3101660E-05  0.1000000E-03           1
|011100101110000000011111100011> :  0.7842989E-04  0.1000000E-03           1
|100000111101111111011000011000> :  0.1835297E-05  0.1000000E-03           1
|011100101110000000010111100111> :  0.9282805E-04  0.1000000E-03           1
|011100101100011110001011000010> :  0.1102896E-04  0.1000000E-03           1
|000010000111100001110100111101> :  0.6398272E-03  0.1000000E-03           1
|011100101100010100011111100010> :  0.3252865E-04  0.1000000E-03           1
|100001010011101111101000011101> :  0.3278316E-06  0.1000000E-03           1
|100001010011110011101010000111> :  0.8471471E-09  0.1000000E-03           1
|100000111101110111001000011000> :  0.2372220E-04  0.1000000E-03           1
|100001010011111011100000011101> :  0.2205536E-04  0.1000000E-03           1
|100001010011111111101000011000> :  0.1001704E-03  0.1000000E-03           1
|011100101100010100011011110010> :  0.2215925E-05  0.1000000E-03           1
|100000110001111111000100011000> :  0.9300307E-05  0.1000000E-03           1
|100001100001110001101000111100> :  0.7653255E-07  0.1000000E-03           1
|100000110001111111000000011100> :  0.9390683E-05  0.1000000E-03           1
|011100101100010100011011100000> :  0.1825116E-03  0.1000000E-03           1
|000011000011100000110110100101> :  0.1872046E-06  0.1000000E-03           1
|100001110001101011100100011101> :  0.6343945E-04  0.1000000E-03           1
|100001110001101111101100011001> :  0.3596554E-05  0.1000000E-03           1
|100001110001110111101000011000> :  0.3537222E-05  0.1000000E-03           1
|100000110001111101101000110000> :  0.5421946E-08  0.1000000E-03           1
|100001110001111001100000011100> :  0.1199283E-04  0.1000000E-03           1
|100000011111111111001000011000> :  0.5550204E-04  0.1000000E-03           1
|011100101000010110010011100011> :  0.2663389E-08  0.1000000E-03           1
|111111000010001010100111000111> :  0.1946754E-03  0.1000000E-03           1
|111111000010001010100110001111> :  0.6939675E-04  0.1000000E-03           1
|011111100100010000010011101111> :  0.9674404E-09  0.1000000E-03           1
|011100100110000000110111100111> :  0.1894741E-03  0.1000000E-03           1
|100001110001111111001010111100> :  0.2796090E-08  0.1000000E-03           1
|111111000010000000100111100111> :  0.3691464E-03  0.1000000E-03           1
|011111010010001000100011000111> :  0.4331697E-07  0.1000000E-03           1
|011100100100011110000011000110> :  0.2089855E-08  0.1000000E-03           1
|011111001110000000110011100111> :  0.5381891E-05  0.1000000E-03           1
|111110001110000000000101101111> :  0.1910397E-05  0.1000000E-03           1
|011100100000010100111011100010> :  0.2062620E-05  0.1000000E-03           1
|001110000111000000110101110101> :  0.9070154E-04  0.1000000E-03           1
|000010111101100101011101110001> :  0.2595010E-03  0.1000000E-03           1
|000001111101111111101000011000> :  0.5616091E-05  0.1000000E-03           1
|100001110001111111111001010000> :  0.3817228E-05  0.1000000E-03           1
|100001110101111111000100011000> :  0.2554736E-04  0.1000000E-03           1
|100001111000110111001000011010> :  0.7921250E-08  0.1000000E-03           1
|111110000110100000110110101111> :  0.9530272E-05  0.1000000E-03           1
|011111000010100000110110101111> :  0.1528638E-05  0.1000000E-03           1
|011100011100011110011011000010> :  0.1624901E-04  0.1000000E-03           1
|011111000010010000110011100111> :  0.5008009E-04  0.1000000E-03           1
|011100001110010010011011100011> :  0.1662927E-04  0.1000000E-03           1
|001110000110000000110111110111> :  0.1708967E-03  0.1000000E-03           1
|111101100010011010110010000101> :  0.1247136E-08  0.1000000E-03           1
|011100001110000010011111100011> :  0.1838899E-04  0.1000000E-03           1
|111100111100011110001011000010> :  0.5988168E-04  0.1000000E-03           1
|100001111001111111100000011100> :  0.2397891E-05  0.1000000E-03           1
|100001111001111111101000011000> :  0.7944877E-04  0.1000000E-03           1
|111100101100011100001010111010> :  0.4006183E-07  0.1000000E-03           1
|011100001110000000010111100111> :  0.2078124E-05  0.1000000E-03           1
|111000111001111011100100001100> :  0.1414764E-08  0.1000000E-03           1
|110111010010101010100110001111> :  0.9394628E-06  0.1000000E-03           1
|011110111100000100011111100011> :  0.2209017E-03  0.1000000E-03           1
|011110101110010000010011100110> :  0.1731122E-05  0.1000000E-03           1
|011110101110000000110111100111> :  0.1875737E-05  0.1000000E-03           1
|100010010111111011000100011101> :  0.3820801E-06  0.1000000E-03           1
|011011000010100001110110100111> :  0.2390048E-06  0.1000000E-03           1
|001101111101011111001001011000> :  0.1300067E-05  0.1000000E-03           1
|110101110000111111100000001110> :  0.5521242E-04  0.1000000E-03           1
|110101110000011111100010001100> :  0.1599283E-07  0.1000000E-03           1
|011010001111000001010101100111> :  0.1428576E-05  0.1000000E-03           1
|110101010010011010100011000110> :  0.2716275E-07  0.1000000E-03           1
|011110101100100100011101100011> :  0.1860111E-06  0.1000000E-03           1
|011010001110101010011011000010> :  0.3086557E-09  0.1000000E-03           1
|001100111100011110011011010010> :  0.2734519E-05  0.1000000E-03           1
|000010011111100001010100111101> :  0.4375055E-05  0.1000000E-03           1
|000001111001110111011000010000> :  0.8152643E-05  0.1000000E-03           1
|011110101000000100110011100010> :  0.1945533E-06  0.1000000E-03           1
|011110100110100000110111100111> :  0.2930167E-06  0.1000000E-03           1
|011010001110100001011110100011> :  0.1002536E-05  0.1000000E-03           1
|011110100110100000110110101111> :  0.5050259E-07  0.1000000E-03           1
|110001110001111111101000001000> :  0.1548279E-03  0.1000000E-03           1
|011010001110100001010100101111> :  0.2733591E-05  0.1000000E-03           1
|011110100100000000110111100111> :  0.1062616E-03  0.1000000E-03           1
|011110011010000000110111100111> :  0.1637258E-07  0.1000000E-03           1
|011010001110000000010111100111> :  0.7809867E-05  0.1000000E-03           1
|011110010100000100110111100111> :  0.3869162E-05  0.1000000E-03           1
|011110001111000000010111100101> :  0.6099753E-04  0.1000000E-03           1
|011010000110100000110110100101> :  0.7453209E-06  0.1000000E-03           1
|001100111100010100011000101010> :  0.2118063E-07  0.1000000E-03           1
|000010010111100011110100011101> :  0.1979232E-05  0.1000000E-03           1
|011110001110010100011011100010> :  0.6343945E-04  0.1000000E-03           1
|011110001110010000010011100011> :  0.2740173E-05  0.1000000E-03           1
|011000111101110110011100011000> :  0.4150312E-09  0.1000000E-03           1
|011110001110001010000111001110> :  0.1771022E-06  0.1000000E-03           1
|101110000011000000110110101110> :  0.5168039E-09  0.1000000E-03           1
|101101110001011111100000011100> :  0.3055680E-05  0.1000000E-03           1
|010110111100100001010111100111> :  0.9219391E-06  0.1000000E-03           1
|011110001110000100010111000111> :  0.3805301E-05  0.1000000E-03           1
|101011010001100001100100011101> :  0.5055603E-06  0.1000000E-03           1
|101011000011100001100100111101> :  0.1520571E-03  0.1000000E-03           1
|010110111100000101001000101011> :  0.1525826E-08  0.1000000E-03           1
|101011000001100011100100011101> :  0.2583332E-06  0.1000000E-03           1
|101010001011100001100110111101> :  0.1590076E-06  0.1000000E-03           1
|101001001011110001001000111000> :  0.3306478E-07  0.1000000E-03           1
|101000101101110111001000111000> :  0.9656739E-06  0.1000000E-03           1
|101011010011101011100100011101> :  0.1965241E-05  0.1000000E-03           1
|101101110000011110101001010011> :  0.1491982E-08  0.1000000E-03           1
|010110111100000100110111000010> :  0.1485530E-07  0.1000000E-03           1
|001011000011001011110100011101> :  0.2353193E-07  0.1000000E-03           1
|101110000110001100100100111110> :  0.2315031E-08  0.1000000E-03           1
|101111000011001010100111111101> :  0.2100675E-07  0.1000000E-03           1
|101111010011001011100101011101> :  0.4664940E-05  0.1000000E-03           1
|110000111100111111001000011000> :  0.5159111E-04  0.1000000E-03           1
|110000111100111111001010001010> :  0.2631534E-04  0.1000000E-03           1
|000010010110100000110111100111> :  0.1234018E-06  0.1000000E-03           1
|110001010011111011100000011100> :  0.5809857E-04  0.1000000E-03           1
|000001010011000011100101011101> :  0.3538170E-08  0.1000000E-03           1
|110001110000111111100010001110> :  0.5878960E-04  0.1000000E-03           1
|101000100001101010100100011101> :  0.1753450E-08  0.1000000E-03           1
|110001110000111111101000011000> :  0.6099753E-04  0.1000000E-03           1
|110001110000111111101010001010> :  0.1121600E-03  0.1000000E-03           1
|110001110001011111101000011010> :  0.5504395E-06  0.1000000E-03           1
|011110001110000010010111100101> :  0.7161652E-05  0.1000000E-03           1
|100101111000111110001010001000> :  0.1942435E-05  0.1000000E-03           1
|100101110001011111100101010100> :  0.5646883E-08  0.1000000E-03           1
|010110110110000001110111100111> :  0.3124814E-06  0.1000000E-03           1
|110001111000111111001000011000> :  0.1357460E-03  0.1000000E-03           1
|110001111000111111001010001010> :  0.9070154E-04  0.1000000E-03           1
|100011110001111101101100011100> :  0.5366245E-07  0.1000000E-03           1
|011110001110000000011111100111> :  0.3988094E-04  0.1000000E-03           1
|110010001111100001000100111101> :  0.9378177E-07  0.1000000E-03           1
|100011110001110101110000011101> :  0.2699010E-07  0.1000000E-03           1
|100011110001100001100100111101> :  0.1043341E-03  0.1000000E-03           1
|010110011110000001010101110101> :  0.1220256E-06  0.1000000E-03           1
|100011101001111001001000111001> :  0.4771379E-08  0.1000000E-03           1
|100011100011100001100100111101> :  0.1624901E-04  0.1000000E-03           1
|100011010011101011100110000101> :  0.2378762E-05  0.1000000E-03           1
|010110010110100000110111100111> :  0.3792645E-05  0.1000000E-03           1
|100011010011101011100100011111> :  0.1825116E-03  0.1000000E-03           1
|110101110000111111101000001010> :  0.1207627E-03  0.1000000E-03           1
|100011010011101011100100000101> :  0.4529546E-06  0.1000000E-03           1
|110101111000111111001000001010> :  0.8431095E-04  0.1000000E-03           1
|110101111000111111001000011000> :  0.1561560E-04  0.1000000E-03           1
|100011010011101011100000011101> :  0.3252865E-04  0.1000000E-03           1
|110111010010101011100100001111> :  0.4036670E-06  0.1000000E-03           1
|010110010110001000110111000111> :  0.2613227E-05  0.1000000E-03           1
|111011000011100000110111100111> :  0.4581416E-06  0.1000000E-03           1
|001011000011000000110111110101> :  0.2436127E-04  0.1000000E-03           1
|100011010001101011100100011101> :  0.4013188E-04  0.1000000E-03           1
|100011000011101001100100111101> :  0.9894411E-04  0.1000000E-03           1
|011110001100000100010111100110> :  0.4558439E-05  0.1000000E-03           1
|010110010110000001110111100111> :  0.3516118E-05  0.1000000E-03           1
|011110001010000000100110101101> :  0.7142336E-08  0.1000000E-03           1
|100011000010100001100100111111> :  0.7604517E-05  0.1000000E-03           1
|011110000111000000110111100101> :  0.1357460E-03  0.1000000E-03           1
|010110010100000000110111000111> :  0.7903560E-05  0.1000000E-03           1
|001011000011000000110100111101> :  0.8004797E-08  0.1000000E-03           1
|111101111000011100001011000010> :  0.3075945E-06  0.1000000E-03           1
|100010111101101101001100111000> :  0.9247025E-04  0.1000000E-03           1
|011110000110010100111011100010> :  0.7138299E-05  0.1000000E-03           1
|111110000010000000011111100111> :  0.1126001E-04  0.1000000E-03           1
|010110001110000001010101110111> :  0.1109885E-05  0.1000000E-03           1
|111110001010000000000110100111> :  0.8311118E-05  0.1000000E-03           1
|100010101111111001100100111100> :  0.2038760E-07  0.1000000E-03           1
|111110001110000001010101100111> :  0.2060274E-06  0.1000000E-03           1
|111110001110100000010110101111> :  0.1136058E-04  0.1000000E-03           1
|111110101100000100010011100011> :  0.1166753E-06  0.1000000E-03           1
|111111000010000000100100111101> :  0.4085191E-04  0.1000000E-03           1
|100010011111101001001100011001> :  0.1726137E-06  0.1000000E-03           1
|011110000110000010110111000111> :  0.4489717E-03  0.1000000E-03           1
|100010011101101111100100011101> :  0.9334981E-07  0.1000000E-03           1
|010110000110000000110111100111> :  0.7006857E-05  0.1000000E-03           1
|000000111101110101011001110000> :  0.6939675E-04  0.1000000E-03           1
|000000110101111111010100011100> :  0.4172411E-07  0.1000000E-03           1
|111111000010100000010110100111> :  0.1658730E-06  0.1000000E-03           1
|111111000110000000100111100111> :  0.1515700E-05  0.1000000E-03           1
|111111001010000000010011100111> :  0.6548393E-05  0.1000000E-03           1
|111111110010100000100110101011> :  0.9639722E-10  0.1000000E-03           1
|000000110001111111001000011000> :  0.1299767E-05  0.1000000E-03           1
