# state, exact probability, frequency, count:
#------------------------------------------------------------------
|01000110010000100010100001100100001> :  0.9544151E+00  0.9512000E+00        9512
|01000110110000100010100001100100001> :  0.5039479E-02  0.6000000E-02          60
|01000110011000100010100001100100001> :  0.4171590E-02  0.4100000E-02          41
|01000110010000100010100001101100001> :  0.8062700E-03  0.1100000E-02          11
|01000110001001110010100001100100001> :  0.2806834E-03  0.6000000E-03           6
|00000110011001100010100001101100001> :  0.2238607E-04  0.3000000E-03           3
|01000110010000100010100001100110001> :  0.1535449E-03  0.3000000E-03           3
|00100010010000100010110001111000001> :  0.5934734E-04  0.3000000E-03           3
|01000000010000101010100001111100001> :  0.5574670E-04  0.3000000E-03           3
|00000110001100100010100001100100001> :  0.8083990E-04  0.3000000E-03           3
|01000100010000101010100001100100001> :  0.2141610E-04  0.3000000E-03           3
|00000100010000100010100001111110001> :  0.1920942E-03  0.3000000E-03           3
|00000010000010101010100001111000001> :  0.5768659E-04  0.2000000E-03           2
|00000110110000100010100001100100001> :  0.7333884E-04  0.2000000E-03           2
|00000110001000100010110001101100001> :  0.7618250E-04  0.2000000E-03           2
|00100010001010101010100001110000001> :  0.2512125E-04  0.2000000E-03           2
|00000110010000101010100001111000001> :  0.3630443E-04  0.2000000E-03           2
|01000111010000100010000001100100001> :  0.5302840E-04  0.2000000E-03           2
|00000100110000100110100001101100001> :  0.8941882E-05  0.2000000E-03           2
|01000110110000101010100001000100001> :  0.4720649E-04  0.2000000E-03           2
|01000111010000100010100001100100001> :  0.7065861E-04  0.2000000E-03           2
|00000110111010100010100001101000001> :  0.4190213E-04  0.2000000E-03           2
|01000110110000100010100001100100101> :  0.9437076E-04  0.2000000E-03           2
|00000110011000100010110001101000001> :  0.8267775E-04  0.2000000E-03           2
|01000110010000000010100001100100001> :  0.1379903E-03  0.2000000E-03           2
|01000110110000100010100001100100000> :  0.9688195E-04  0.2000000E-03           2
|00100110011000100010100001101100001> :  0.8325737E-04  0.2000000E-03           2
|01000110010000100011100001110100001> :  0.2873395E-04  0.2000000E-03           2
|00000110110000100010100001110100001> :  0.3268085E-04  0.2000000E-03           2
|01000110111001100010100001100100001> :  0.2651717E-04  0.2000000E-03           2
|00100010010010100010100001111000001> :  0.5379629E-04  0.2000000E-03           2
|01000010010000100010000001110101001> :  0.1531630E-04  0.2000000E-03           2
|01001000010000101010100001101100001> :  0.1940056E-04  0.2000000E-03           2
|01000010000010101010100001101100001> :  0.2150128E-04  0.2000000E-03           2
|00100010000010100010100001111000001> :  0.9099117E-04  0.2000000E-03           2
|00000010011000100010110001111000001> :  0.3952169E-04  0.2000000E-03           2
|01000110010001100010100001110100001> :  0.7468468E-04  0.2000000E-03           2
|00000110000000101010110001101100001> :  0.3089099E-04  0.2000000E-03           2
|00000110001101100010100001100100001> :  0.8952116E-04  0.2000000E-03           2
|01000110010000001010100001101100001> :  0.3143334E-04  0.2000000E-03           2
|01000110010000100010000001110100001> :  0.3053063E-04  0.2000000E-03           2
|01000110010010100010100001101100000> :  0.3900973E-04  0.2000000E-03           2
|00101000001000101100001010101100001> :  0.4467059E-10  0.1000000E-03           1
|00001000000010101010110001111000001> :  0.6877324E-05  0.1000000E-03           1
|00100110101000100010100001100100000> :  0.8120065E-05  0.1000000E-03           1
|01000000000010101010110001101100001> :  0.3730076E-06  0.1000000E-03           1
|00100000000010100010100101110000001> :  0.5559292E-08  0.1000000E-03           1
|01000110100010100010100001100100000> :  0.8008907E-05  0.1000000E-03           1
|11000110010000100010100001100100000> :  0.3699901E-04  0.1000000E-03           1
|10100010000010100010110001110000001> :  0.5471232E-05  0.1000000E-03           1
|00000000000010100010100011111000001> :  0.3573929E-08  0.1000000E-03           1
|00000100010000100010101001101100001> :  0.2784183E-04  0.1000000E-03           1
|00001010000010001010110000011000001> :  0.3775775E-07  0.1000000E-03           1
|01000010000010101010100001100100001> :  0.5163746E-05  0.1000000E-03           1
|01000100010010100110100001101100001> :  0.1207207E-04  0.1000000E-03           1
|01100010000010101010100001101100001> :  0.1133353E-05  0.1000000E-03           1
|01000100110000100010100001100100001> :  0.4778684E-04  0.1000000E-03           1
|00100010000010101010110000110000001> :  0.1134652E-04  0.1000000E-03           1
|00000010000010101010110000111000001> :  0.1859227E-04  0.1000000E-03           1
|00100010000010101010110000111000001> :  0.1050010E-04  0.1000000E-03           1
|00000010000010101010110001110000001> :  0.6416413E-05  0.1000000E-03           1
|00100010000010101010110001110000001> :  0.2387052E-04  0.1000000E-03           1
|11100000000000111011000001011100001> :  0.4658694E-10  0.1000000E-03           1
|01000110011100100010100001100100000> :  0.1180853E-04  0.1000000E-03           1
|00000010000000101010111001111000001> :  0.9243142E-05  0.1000000E-03           1
|00001010000000101010110001111000001> :  0.5855414E-04  0.1000000E-03           1
|00000000000000101010111001111100001> :  0.1030680E-04  0.1000000E-03           1
|00000010000000101010110001111000001> :  0.3693767E-04  0.1000000E-03           1
|00000010000000101010100001110100001> :  0.5797500E-06  0.1000000E-03           1
|00100000000000101010110001111100001> :  0.4660808E-05  0.1000000E-03           1
|01010110010100100011100001100100000> :  0.2409047E-07  0.1000000E-03           1
|01100110010000100010100001100100000> :  0.1677847E-04  0.1000000E-03           1
|00001010100010101000100111100000000> :  0.9877061E-10  0.1000000E-03           1
|10000010000000100010110001111000001> :  0.1435510E-04  0.1000000E-03           1
|11100000110100100110000011100100001> :  0.6471186E-10  0.1000000E-03           1
|00100111000000100000100011111010000> :  0.6078957E-10  0.1000000E-03           1
|00000000101110101010100001101000001> :  0.9289505E-08  0.1000000E-03           1
|00000000010010101010110001111000001> :  0.1429632E-05  0.1000000E-03           1
|01000100010011100010001001101110000> :  0.3524005E-10  0.1000000E-03           1
|01000110010100100010100001100100000> :  0.4613713E-05  0.1000000E-03           1
|00100100000010100011000001001100001> :  0.2012762E-10  0.1000000E-03           1
|00000000010010101010100001111000001> :  0.1829253E-05  0.1000000E-03           1
|01100010101010100110100001100000001> :  0.1213202E-04  0.1000000E-03           1
|01001110010000100010100001100100001> :  0.9586695E-05  0.1000000E-03           1
|00000000010010100010100001111000001> :  0.3036359E-05  0.1000000E-03           1
|00000100001000100110100001101100001> :  0.7078254E-05  0.1000000E-03           1
|00000100001000101010110001111000001> :  0.5317266E-05  0.1000000E-03           1
|01000100001001100011100001101100001> :  0.8393497E-05  0.1000000E-03           1
|00000100001010100010100001101100001> :  0.9542527E-05  0.1000000E-03           1
|00000100001010100010100001111000001> :  0.1577649E-04  0.1000000E-03           1
|00100100001010100010100001111000001> :  0.6942443E-05  0.1000000E-03           1
|00000100001010101010100001111100001> :  0.1932395E-05  0.1000000E-03           1
|01000100001011100110100001101000001> :  0.2763651E-04  0.1000000E-03           1
|00000100001011101010101001101000001> :  0.4002917E-09  0.1000000E-03           1
|01000100001100100010100001101100001> :  0.1335882E-04  0.1000000E-03           1
|00000100001100100010100001111000001> :  0.7043163E-05  0.1000000E-03           1
|00000100001100101010100001101100001> :  0.3105202E-05  0.1000000E-03           1
|01000100010000000010100001111100001> :  0.5451936E-04  0.1000000E-03           1
|01000100010000001010100001101100001> :  0.6404491E-05  0.1000000E-03           1
|00001100010000100010100001101100001> :  0.1783436E-04  0.1000000E-03           1
|01000100010000100010100001101100001> :  0.3125484E-04  0.1000000E-03           1
|01000100010000100010100001111000001> :  0.6301586E-04  0.1000000E-03           1
|00001100010000100010100001111100001> :  0.2699555E-04  0.1000000E-03           1
|01000100010000100010100101110100001> :  0.2645273E-04  0.1000000E-03           1
|01000110011000100110100001100100001> :  0.3107436E-04  0.1000000E-03           1
|01000100010000101010000001101100001> :  0.2109968E-04  0.1000000E-03           1
|01010110011000110010100001110100001> :  0.6979714E-07  0.1000000E-03           1
|00000100010000101010110001101100001> :  0.5719501E-05  0.1000000E-03           1
|00001100010000101010110001101100001> :  0.2236961E-07  0.1000000E-03           1
|00000100010001100010100001101100001> :  0.1969524E-04  0.1000000E-03           1
|00000110011100000010100001101100001> :  0.1386240E-04  0.1000000E-03           1
|01000100010100100010100001101100001> :  0.4797113E-04  0.1000000E-03           1
|00000100011000100010101001101100001> :  0.5354953E-04  0.1000000E-03           1
|01000100100010100010111001100100001> :  0.1138057E-08  0.1000000E-03           1
|00100110101000100010100001100100001> :  0.4787377E-04  0.1000000E-03           1
|00000100110000100010100001101100001> :  0.1274964E-03  0.1000000E-03           1
|01000110101001100100100001100100001> :  0.2109498E-05  0.1000000E-03           1
|10000100110001100010100011111000001> :  0.9738638E-09  0.1000000E-03           1
|01000100110010100110100001100100001> :  0.6700280E-05  0.1000000E-03           1
|01000101010000100010100001100100001> :  0.2776799E-04  0.1000000E-03           1
|01000110000000100010100001101100001> :  0.7454256E-05  0.1000000E-03           1
|00000110000000100010100001110100001> :  0.1385530E-04  0.1000000E-03           1
|01000110000000101010100001010100001> :  0.2208883E-06  0.1000000E-03           1
|01000110110000100010100001001100001> :  0.9868193E-05  0.1000000E-03           1
|00000110000000101010110001111100001> :  0.8639397E-05  0.1000000E-03           1
|11010110000001000011100001100100001> :  0.2704272E-08  0.1000000E-03           1
|00101000010010011010100100010010000> :  0.5853902E-10  0.1000000E-03           1
|00000010010010100010110001111000001> :  0.2199829E-04  0.1000000E-03           1
|10000000010000101010010001101101011> :  0.1120474E-08  0.1000000E-03           1
|00000000010000101010110001111000001> :  0.6289360E-04  0.1000000E-03           1
|01100010010010100010100001110000001> :  0.1171316E-04  0.1000000E-03           1
|01000010011000100010100001100101001> :  0.3100604E-04  0.1000000E-03           1
|00000110010000000010110001111000001> :  0.2336834E-04  0.1000000E-03           1
|01000010010010100010100001100100001> :  0.2913331E-04  0.1000000E-03           1
|00100111110000000110000000100000000> :  0.2370621E-10  0.1000000E-03           1
|00000100011000100010100001111100000> :  0.4576990E-05  0.1000000E-03           1
|00000010010010001010100001111000001> :  0.3685257E-05  0.1000000E-03           1
|00000000000000101010110001111101001> :  0.1612763E-04  0.1000000E-03           1
|00100010010010000010100001111000001> :  0.4178324E-04  0.1000000E-03           1
|01000010010010000010100001101100001> :  0.1721377E-04  0.1000000E-03           1
|01100010010000101010000001100100001> :  0.1103115E-04  0.1000000E-03           1
|01000000010000101010000001111100001> :  0.2184144E-04  0.1000000E-03           1
|01000111010000100010100001100100000> :  0.3055215E-04  0.1000000E-03           1
|10000100010100100011000000010110100> :  0.9033125E-11  0.1000000E-03           1
|00000110001100100010100001101100001> :  0.2084584E-04  0.1000000E-03           1
|01000110010000110010100001110100011> :  0.5001319E-07  0.1000000E-03           1
|01000110001011100010100001100100001> :  0.3180702E-04  0.1000000E-03           1
|00001010010000100010110001111000001> :  0.2180275E-04  0.1000000E-03           1
|00000000010000100010100011111000001> :  0.2312575E-06  0.1000000E-03           1
|00000110001100100010100011100100001> :  0.2608128E-04  0.1000000E-03           1
|00000110001100100010110001110000001> :  0.3027930E-05  0.1000000E-03           1
|01000110001101100000100001100100001> :  0.3399799E-04  0.1000000E-03           1
|01000110010000100010100001100100101> :  0.3692471E-04  0.1000000E-03           1
|00000110001101100010100001101000001> :  0.1022903E-04  0.1000000E-03           1
|00000000010000011010101011100101001> :  0.2897470E-10  0.1000000E-03           1
|00000110010000000010100001101100001> :  0.4390906E-04  0.1000000E-03           1
|00001110010000000010100001101100001> :  0.1653387E-03  0.1000000E-03           1
|00000110010000000010100001111100001> :  0.7535995E-04  0.1000000E-03           1
|01000110001011100010100001100000001> :  0.1929425E-04  0.1000000E-03           1
|01000100010000100010100001110101001> :  0.1831574E-04  0.1000000E-03           1
|11000110010000100010000001100100001> :  0.3114657E-04  0.1000000E-03           1
|01000110010000100010000001101100001> :  0.3910116E-04  0.1000000E-03           1
|11000010010000100010010001100001011> :  0.1907995E-07  0.1000000E-03           1
|00000110010000100010000001111100001> :  0.7763211E-04  0.1000000E-03           1
|11000110010000100010001001101100001> :  0.1168866E-06  0.1000000E-03           1
|00100110010000100010100001100100001> :  0.1089340E-03  0.1000000E-03           1
|00100110001010100110100001100000001> :  0.1980093E-04  0.1000000E-03           1
|00000010010000100010100001111100001> :  0.9837793E-04  0.1000000E-03           1
|01010110010000100010100001100100001> :  0.3744775E-04  0.1000000E-03           1
|01100110010000100010100001100100001> :  0.3054366E-04  0.1000000E-03           1
|11000110010000100010100001100100001> :  0.5700874E-04  0.1000000E-03           1
|00000110010000100010100001101000001> :  0.3264227E-04  0.1000000E-03           1
|00000110001010100010110001111000001> :  0.1426798E-04  0.1000000E-03           1
|00000110010000100010100001110100001> :  0.2082764E-04  0.1000000E-03           1
|00001110010000100010100001110100001> :  0.1767206E-04  0.1000000E-03           1
|01000110010000100010100001111100001> :  0.4948179E-04  0.1000000E-03           1
|01000110010000100010100101100100001> :  0.2033627E-04  0.1000000E-03           1
|01100110010000100011000001100100001> :  0.4121125E-04  0.1000000E-03           1
|01000110001010100010100001100100001> :  0.3217548E-04  0.1000000E-03           1
|01000110010000100110000001101100001> :  0.3046870E-05  0.1000000E-03           1
|01000110010000101010100001100100001> :  0.6359007E-04  0.1000000E-03           1
|00000110010000101010100001110100001> :  0.4113662E-04  0.1000000E-03           1
|01000010010000100010100001111000001> :  0.2292227E-04  0.1000000E-03           1
|01000110010001000010100001100100001> :  0.9779091E-04  0.1000000E-03           1
|01000110010001100010100001100100001> :  0.2945714E-04  0.1000000E-03           1
|00000000010000001010110001111100001> :  0.3182572E-05  0.1000000E-03           1
|01000110010010100010000001101100001> :  0.2208581E-04  0.1000000E-03           1
|00100110010010100010100001100100001> :  0.8210462E-05  0.1000000E-03           1
|00000110010010100010100001111000001> :  0.2666387E-04  0.1000000E-03           1
|00000110010010100010100001111100001> :  0.2272968E-04  0.1000000E-03           1
|00000110010010101010100001100100001> :  0.3839879E-05  0.1000000E-03           1
|01000110010011100010100001100100001> :  0.7261797E-04  0.1000000E-03           1
|01000110010100000010100001101100001> :  0.4569343E-05  0.1000000E-03           1
|00001110010100100010100001100100001> :  0.6475303E-05  0.1000000E-03           1
|01000110010100100010100001101100001> :  0.1228362E-04  0.1000000E-03           1
|00000110010100100011101001111100001> :  0.7416645E-09  0.1000000E-03           1
|00001110011000000010100001101000001> :  0.4803951E-05  0.1000000E-03           1
|00000110011000100010000001110100001> :  0.4587511E-05  0.1000000E-03           1
|00000110011000100010100001100100001> :  0.9384551E-04  0.1000000E-03           1
|00001110011000100010100001100100001> :  0.8897876E-04  0.1000000E-03           1
|00100110011000100010100001100100001> :  0.1262771E-04  0.1000000E-03           1
|01000110110000100010100011101100000> :  0.2716429E-08  0.1000000E-03           1
|00001110011000100010100001101000001> :  0.3202695E-04  0.1000000E-03           1
|00100110011000100010100001101000001> :  0.3953159E-04  0.1000000E-03           1
|01000110010001100010100001100100000> :  0.8774667E-05  0.1000000E-03           1
|01000110011000100010100001101100001> :  0.1417014E-04  0.1000000E-03           1
|01000110011000100010100001110100001> :  0.7712335E-04  0.1000000E-03           1
|01000110011000100010100011100100001> :  0.1649924E-04  0.1000000E-03           1
|01000110011000100010100101100100001> :  0.4517363E-04  0.1000000E-03           1
|11000100010001100010000001110100010> :  0.3356162E-08  0.1000000E-03           1
|01000110001001100010110001100000001> :  0.1739795E-05  0.1000000E-03           1
|00000110011000101010100001101100001> :  0.1212537E-04  0.1000000E-03           1
|01000110011000101010100001101100001> :  0.1578694E-04  0.1000000E-03           1
|00000110011000110010100001110000001> :  0.5165478E-05  0.1000000E-03           1
|00000010010000100010100001101100001> :  0.1478657E-04  0.1000000E-03           1
|01000110011001100000100001100100001> :  0.5119534E-04  0.1000000E-03           1
|00000110011001100000100001101100001> :  0.4151503E-04  0.1000000E-03           1
|00001110011001100010100001100100001> :  0.7686068E-06  0.1000000E-03           1
|01000110001001100010100001101100001> :  0.2996958E-04  0.1000000E-03           1
|01000110011001100010100001101100001> :  0.2458661E-04  0.1000000E-03           1
|01000110011010000010100001101000001> :  0.5726296E-05  0.1000000E-03           1
|00011110011010100010100001101000001> :  0.5286047E-09  0.1000000E-03           1
|00000110001000101010110001101000001> :  0.4256563E-05  0.1000000E-03           1
|00000110011100100010100001101000001> :  0.9503416E-05  0.1000000E-03           1
|00000110011100100010100001110000001> :  0.4809241E-05  0.1000000E-03           1
|01000110011101100010100001100100001> :  0.1958504E-04  0.1000000E-03           1
|00100110100000100011100001100100001> :  0.9144977E-05  0.1000000E-03           1
|00000110100010100010100001100100001> :  0.2242144E-04  0.1000000E-03           1
|00000110100010100010100001101100001> :  0.1034823E-04  0.1000000E-03           1
|01000110100011100010100001100100001> :  0.4546055E-04  0.1000000E-03           1
|01001010010000000010100001101100001> :  0.5821566E-05  0.1000000E-03           1
|00000110101000100010100001101100001> :  0.3290924E-04  0.1000000E-03           1
|00000110101000100110100001101000001> :  0.2258478E-04  0.1000000E-03           1
|01000110101001100000100001100100001> :  0.3672522E-04  0.1000000E-03           1
|00000000001110101010110001111000001> :  0.8522287E-05  0.1000000E-03           1
|00000110101010100010100001101000001> :  0.1135359E-04  0.1000000E-03           1
|01000110101010100110100001100000001> :  0.9137902E-04  0.1000000E-03           1
|01000110101011100000100001100100001> :  0.3953508E-05  0.1000000E-03           1
|01000110101011100010100001100000001> :  0.3071759E-04  0.1000000E-03           1
|01000110101011100010100001100100001> :  0.7155786E-04  0.1000000E-03           1
|00000110110000000010100001100100001> :  0.4481512E-05  0.1000000E-03           1
|01000110110000000010100001100100001> :  0.1476744E-04  0.1000000E-03           1
|01100110110000000010100001100100001> :  0.9821909E-06  0.1000000E-03           1
|00000110110000000010100001101000001> :  0.5301050E-05  0.1000000E-03           1
|01000110110000000010100001101100001> :  0.3610048E-04  0.1000000E-03           1
|01010110110000000010100011100100001> :  0.4967666E-05  0.1000000E-03           1
|00100110110000100010000001100100001> :  0.1666345E-04  0.1000000E-03           1
|01100110110000100010100001000100001> :  0.3737548E-04  0.1000000E-03           1
|00000110001000101010100001111100001> :  0.8437341E-06  0.1000000E-03           1
|11001110110000100010100001100000001> :  0.1050142E-05  0.1000000E-03           1
|10101010100010100010001000010010001> :  0.1502878E-10  0.1000000E-03           1
|00001110110000100010100001100100001> :  0.7202262E-05  0.1000000E-03           1
|00100110001000100010100011110000001> :  0.3674831E-05  0.1000000E-03           1
|00000110110000100010100001101100001> :  0.3303064E-04  0.1000000E-03           1
|00100110001000100010100001111000001> :  0.1529855E-05  0.1000000E-03           1
|01000010001010101010100001101000001> :  0.3037451E-05  0.1000000E-03           1
|00000000001110101010110000111000001> :  0.7348201E-06  0.1000000E-03           1
|00000110110000100010100001101100000> :  0.3605459E-04  0.1000000E-03           1
|01000110001000100010100001110100001> :  0.2638565E-04  0.1000000E-03           1
|00000110001000100010100001110100001> :  0.1245601E-03  0.1000000E-03           1
|00100010001010100110100001111000001> :  0.1044957E-05  0.1000000E-03           1
|01000110111000100110100001100100001> :  0.2249277E-04  0.1000000E-03           1
|01000110111000100110100001100000001> :  0.1321368E-04  0.1000000E-03           1
|00000110001000100010100001100100001> :  0.9908792E-05  0.1000000E-03           1
|00000110111000100110100001100000001> :  0.6351286E-05  0.1000000E-03           1
|00000110111000100010100001100100001> :  0.5993200E-04  0.1000000E-03           1
|01000110000100010010100001101100001> :  0.2884009E-06  0.1000000E-03           1
|01000110111010100010100001100000001> :  0.8809687E-05  0.1000000E-03           1
|00100010001010100010100001111000001> :  0.2537511E-04  0.1000000E-03           1
|01000111000000100010100001100100001> :  0.2216059E-06  0.1000000E-03           1
|00000000001110101010000001111100001> :  0.1979956E-08  0.1000000E-03           1
|01000110111000100010100001100000001> :  0.3956904E-04  0.1000000E-03           1
|00000000000010101010100001111110001> :  0.3863240E-04  0.1000000E-03           1
|10001000110010001000100010011010001> :  0.5486455E-12  0.1000000E-03           1
|00000110110011100010100001100100001> :  0.1038183E-05  0.1000000E-03           1
|00000110000010101010110000111000001> :  0.2062520E-04  0.1000000E-03           1
|00000100110000100010100001111110001> :  0.1646384E-08  0.1000000E-03           1
|01000110010000010010100001101110001> :  0.4174683E-05  0.1000000E-03           1
|00000110110001100010100001000100001> :  0.2378769E-05  0.1000000E-03           1
|01000110010000110010100001100110001> :  0.9499889E-05  0.1000000E-03           1
|01010110011001000010100001000110001> :  0.2464096E-06  0.1000000E-03           1
|01000110110000100010100011000110001> :  0.2099921E-05  0.1000000E-03           1
|01010100001010101010100001100000010> :  0.2026660E-08  0.1000000E-03           1
|01010100010000100010100001111100010> :  0.6623845E-07  0.1000000E-03           1
|00000110000010101010100001110100001> :  0.6691754E-05  0.1000000E-03           1
|00010110000001100010111001110000010> :  0.7490728E-10  0.1000000E-03           1
|11001000001000101010110001011000011> :  0.2425554E-09  0.1000000E-03           1
|00010000010000001010000001110100011> :  0.4904751E-09  0.1000000E-03           1
|00001000100110101010000001110100011> :  0.1703876E-10  0.1000000E-03           1
|00000100010000000010001001101100011> :  0.9294484E-07  0.1000000E-03           1
|00000100010000100010100001111100011> :  0.9302840E-04  0.1000000E-03           1
|10100100100010100010100001000100011> :  0.4669019E-07  0.1000000E-03           1
|01100100101010000110010000110000011> :  0.4444542E-10  0.1000000E-03           1
|01010100110001100010000001100100011> :  0.1684384E-06  0.1000000E-03           1
|01001110000011000010010101010000011> :  0.2735437E-09  0.1000000E-03           1
|01001110010000100010100001101100011> :  0.6652354E-05  0.1000000E-03           1
|00000010001000101010110001111000001> :  0.6631870E-04  0.1000000E-03           1
|01000110011000100010100001100110011> :  0.1657163E-05  0.1000000E-03           1
|01000110110000100110100001000100001> :  0.7081873E-06  0.1000000E-03           1
|11000000001100101110000011000100101> :  0.2079683E-10  0.1000000E-03           1
|01000011101000001010101000001000101> :  0.2397292E-11  0.1000000E-03           1
|00000100010000100010100001111100101> :  0.4728375E-04  0.1000000E-03           1
|01000100010000100010100001111100101> :  0.4053372E-04  0.1000000E-03           1
|01000100010010100010100001101100101> :  0.2474593E-04  0.1000000E-03           1
|01010100110000000010100001100100101> :  0.2604051E-06  0.1000000E-03           1
|00000100110000100010100001101100101> :  0.3646782E-04  0.1000000E-03           1
|01010110110000100010100001110100001> :  0.7974622E-05  0.1000000E-03           1
|00000110000010101010100001101100001> :  0.1189988E-04  0.1000000E-03           1
|00001010000010010010010001010000111> :  0.9491915E-11  0.1000000E-03           1
|00000010010000100010100011110101000> :  0.8606609E-08  0.1000000E-03           1
|01000110110000100010100001101100001> :  0.7528870E-04  0.1000000E-03           1
|01000110000001100011100001100100001> :  0.7815186E-04  0.1000000E-03           1
|11000000010000100010101001000101001> :  0.5032126E-07  0.1000000E-03           1
|00000000010000100010101001111101001> :  0.6617125E-05  0.1000000E-03           1
|01000000010000101010100001111001001> :  0.1692300E-06  0.1000000E-03           1
|00000010000000100010100001111101001> :  0.1071395E-05  0.1000000E-03           1
|11000010000010000011100000010101001> :  0.1292570E-10  0.1000000E-03           1
|00000010001000101010110001111001001> :  0.1512148E-05  0.1000000E-03           1
|00000010001000101010110000111000001> :  0.9902849E-05  0.1000000E-03           1
|00000000001010101010110000111000001> :  0.2148294E-04  0.1000000E-03           1
|01000110010000100011100001100100000> :  0.5107778E-05  0.1000000E-03           1
|01000100011000100010100001101101001> :  0.3960441E-04  0.1000000E-03           1
|01001110001101110010100100000001001> :  0.8776776E-11  0.1000000E-03           1
|01000110010000100010100001100101001> :  0.3004226E-04  0.1000000E-03           1
|01000110011000100010100001101101001> :  0.1169921E-04  0.1000000E-03           1
|00000010101010100000100100110011001> :  0.7149546E-10  0.1000000E-03           1
|01000100000010100010100101110100000> :  0.3903483E-08  0.1000000E-03           1
|10100010000010100010100001110000000> :  0.1107383E-04  0.1000000E-03           1
|01000100010001010010100001000101011> :  0.9971827E-09  0.1000000E-03           1
|00000100010000100010010001110001111> :  0.1147606E-09  0.1000000E-03           1
|00001000110010101011100100011000000> :  0.5434858E-11  0.1000000E-03           1
