# state, exact probability, frequency, count:
#------------------------------------------------------------------
|11100010101011010000010100000000100> :  0.9722925E+00  0.9696000E+00        9696
|11100010100011010000010101000000100> :  0.1262370E-02  0.1300000E-02          13
|11100010101011010000110100000000100> :  0.7352033E-04  0.4000000E-03           4
|11000010001011010001010101000000100> :  0.5219283E-04  0.3000000E-03           3
|11100010100011010000010100001000100> :  0.6227073E-04  0.3000000E-03           3
|10100010001111010000010101000000100> :  0.2419158E-04  0.3000000E-03           3
|11100010101011000000010100000000100> :  0.7192749E-04  0.3000000E-03           3
|01101010100011010000010101000000100> :  0.7177555E-04  0.3000000E-03           3
|11110010001010010001010100000000100> :  0.6567529E-04  0.3000000E-03           3
|11100000101011010001010100000100100> :  0.3214077E-04  0.2000000E-03           2
|11000110100001010000000101000000100> :  0.2002558E-04  0.2000000E-03           2
|11100000101011011000010100000000100> :  0.2191792E-04  0.2000000E-03           2
|11000010101010010000010101000010100> :  0.3675129E-04  0.2000000E-03           2
|11101010001011010001010100000000100> :  0.7523912E-04  0.2000000E-03           2
|11100000101011010000010101000000100> :  0.5447127E-04  0.2000000E-03           2
|11100011101010010000010100000000100> :  0.3974294E-04  0.2000000E-03           2
|11000010100011010000010101000000100> :  0.2162807E-03  0.2000000E-03           2
|11000010001011010001110100000000100> :  0.6590823E-04  0.2000000E-03           2
|11100011001010010000010100000000100> :  0.7243297E-04  0.2000000E-03           2
|11100010001011010000110000000010100> :  0.1572847E-04  0.2000000E-03           2
|10100010001010010000110101000010100> :  0.1177533E-04  0.2000000E-03           2
|11100010100010010000010101000000100> :  0.1966298E-03  0.2000000E-03           2
|11000010110000010001010101000000100> :  0.1034015E-04  0.2000000E-03           2
|11000010110000110001000100100001100> :  0.3548685E-04  0.2000000E-03           2
|01100010100011010000010101000000100> :  0.8904457E-04  0.2000000E-03           2
|11000010101011010000010101000000100> :  0.2504826E-03  0.2000000E-03           2
|11000010111010010000010101000000100> :  0.6972236E-05  0.2000000E-03           2
|11000010000011010001010100000000100> :  0.1918140E-05  0.2000000E-03           2
|11000010110010000000010101000100100> :  0.7720858E-04  0.2000000E-03           2
|11100010100000010000110101000000100> :  0.1982485E-04  0.2000000E-03           2
|11000010110000010000100001000011101> :  0.1370291E-03  0.2000000E-03           2
|10100010001011010010010101000000100> :  0.3482919E-04  0.2000000E-03           2
|10100010101011010000010100000000110> :  0.4230062E-04  0.2000000E-03           2
|11100010100011010000010101000000110> :  0.3026976E-04  0.2000000E-03           2
|11001010100001010001000101000000100> :  0.7143504E-04  0.2000000E-03           2
|11100010100011000000010101000000110> :  0.5186049E-04  0.2000000E-03           2
|10100010001011010000110101010000100> :  0.4885979E-04  0.2000000E-03           2
|11000010001110010001010100000000100> :  0.5110860E-05  0.1000000E-03           1
|11100010001011110000011100000000100> :  0.4673778E-04  0.1000000E-03           1
|11100010001010010000110101000000100> :  0.2818662E-04  0.1000000E-03           1
|11101010001010010000110100000000100> :  0.1120349E-04  0.1000000E-03           1
|11000010001000110001001111100000100> :  0.4829730E-09  0.1000000E-03           1
|01100000101011010001010100001000100> :  0.1599880E-03  0.1000000E-03           1
|11100000100011010100111100000000100> :  0.2230311E-06  0.1000000E-03           1
|11100010000110010000010101000100100> :  0.1159952E-04  0.1000000E-03           1
|11000010001010010000010100000001100> :  0.2122336E-05  0.1000000E-03           1
|11110010001011010001010100000000100> :  0.2726292E-04  0.1000000E-03           1
|11100010101011010000010100001000100> :  0.3962975E-04  0.1000000E-03           1
|10100010101011010000010001000000100> :  0.3179316E-04  0.1000000E-03           1
|11000010000011010000110101000000100> :  0.8330439E-06  0.1000000E-03           1
|11000010001010010000010101000001100> :  0.2416745E-04  0.1000000E-03           1
|11000010010000011001100101000001100> :  0.3257567E-04  0.1000000E-03           1
|11100010001011010001010101000000100> :  0.5278645E-05  0.1000000E-03           1
|01100010101011110000010100000000100> :  0.1176314E-03  0.1000000E-03           1
|11100010001011010010010100000000100> :  0.8753043E-05  0.1000000E-03           1
|10000010101011010000010101000001100> :  0.1990595E-04  0.1000000E-03           1
|11100010001011010100010100000000100> :  0.5806536E-05  0.1000000E-03           1
|11100010001011011000010100000000100> :  0.2169894E-04  0.1000000E-03           1
|11000010110011000000010101000001100> :  0.1394405E-05  0.1000000E-03           1
|11101010001011110001010100000000100> :  0.1477733E-05  0.1000000E-03           1
|10100011001010010010010101000000100> :  0.6138738E-06  0.1000000E-03           1
|11100010001111010000010100000000100> :  0.4145965E-04  0.1000000E-03           1
|10100010001011010000110101000000100> :  0.1616005E-04  0.1000000E-03           1
|11000010101010010001010101000000100> :  0.8705114E-04  0.1000000E-03           1
|11100010001011010000110100001000100> :  0.6086121E-05  0.1000000E-03           1
|11100010000011010000110100000000100> :  0.4416632E-04  0.1000000E-03           1
|11100000100011010001010100000000100> :  0.3279330E-04  0.1000000E-03           1
|01011011110001010000101001010000000> :  0.1433605E-12  0.1000000E-03           1
|10100010001011010000110001000000100> :  0.8226714E-04  0.1000000E-03           1
|10100010001011010000110000000000100> :  0.2217286E-05  0.1000000E-03           1
|11100010000011010000010101000100100> :  0.8524062E-05  0.1000000E-03           1
|11100010001011010000010101000100100> :  0.3009668E-04  0.1000000E-03           1
|11101010001011010000010101000000100> :  0.3597360E-05  0.1000000E-03           1
|11101010000011010000010101000000100> :  0.1199712E-03  0.1000000E-03           1
|10000000101011010000010101000000100> :  0.2259529E-04  0.1000000E-03           1
|11100010001011010000010100100000100> :  0.2927698E-04  0.1000000E-03           1
|11111010001011010000010100000000100> :  0.1297348E-04  0.1000000E-03           1
|11100010000011010000010100000100100> :  0.2213560E-04  0.1000000E-03           1
|11101010100011010000010001000000100> :  0.1573750E-05  0.1000000E-03           1
|11000010100011000000010101000000100> :  0.2339976E-04  0.1000000E-03           1
|11100010001011010000010100000000100> :  0.1809026E-03  0.1000000E-03           1
|11100010100010010000010101000100100> :  0.8080853E-04  0.1000000E-03           1
|11100010100011010000010100000000100> :  0.1129849E-03  0.1000000E-03           1
|11101010100011010000010100000000100> :  0.2199721E-04  0.1000000E-03           1
|11100010001011010000110100000000101> :  0.5050266E-04  0.1000000E-03           1
|11100010100101011000010101000000101> :  0.2615864E-08  0.1000000E-03           1
|11100010001011000000011100000000110> :  0.8755949E-05  0.1000000E-03           1
|01110010100011010000010101000000100> :  0.1669012E-04  0.1000000E-03           1
|11000010100001010000010101000000110> :  0.1213395E-04  0.1000000E-03           1
|11100010100011010000000101000000110> :  0.1883822E-05  0.1000000E-03           1
|11100010100011010000011101000000100> :  0.1559331E-04  0.1000000E-03           1
|11100010100011010000110101000000100> :  0.3418584E-04  0.1000000E-03           1
|11000010101001010001010101000000100> :  0.8202602E-04  0.1000000E-03           1
|11100010101010010000110100000000100> :  0.3756545E-04  0.1000000E-03           1
|10000010101011010000010001000000110> :  0.1831426E-04  0.1000000E-03           1
|11100010101010100000010100000000100> :  0.1587625E-04  0.1000000E-03           1
|00100011001011010000010101000000110> :  0.1488504E-05  0.1000000E-03           1
|11000010101011000000010101000000100> :  0.3850049E-04  0.1000000E-03           1
|11100010001010010000010100000010110> :  0.6690537E-05  0.1000000E-03           1
|01100100100011000000110100001010110> :  0.1399357E-08  0.1000000E-03           1
|01011000000010110000100100011001100> :  0.3837579E-11  0.1000000E-03           1
|01100010101011010000010101000000100> :  0.6854350E-04  0.1000000E-03           1
|11100010101011010000010000000010100> :  0.2569822E-05  0.1000000E-03           1
|10100010101011010000010101000100100> :  0.1547927E-04  0.1000000E-03           1
|11000010010000011100010101000001100> :  0.4254203E-05  0.1000000E-03           1
|10000010101011010000110101000000100> :  0.5438644E-05  0.1000000E-03           1
|11100010101011010001010000000000100> :  0.1502843E-04  0.1000000E-03           1
|11100010101011010010010100000000100> :  0.2496632E-04  0.1000000E-03           1
|11001010100000110001000100000001100> :  0.1483116E-04  0.1000000E-03           1
|11000010101011110000010101000000100> :  0.2640788E-06  0.1000000E-03           1
|11000010110000010000010101000000100> :  0.3749309E-04  0.1000000E-03           1
|11000010110000010000010101000100100> :  0.2181046E-04  0.1000000E-03           1
|11000010101011010000010101000001100> :  0.3149096E-04  0.1000000E-03           1
|11000010110000010000010101000001100> :  0.2759005E-04  0.1000000E-03           1
|11100010110010000000010101000100100> :  0.9806319E-05  0.1000000E-03           1
|11000010110011010001010101000000100> :  0.9329976E-05  0.1000000E-03           1
|11000010111000010000010101000000100> :  0.1658666E-05  0.1000000E-03           1
|11100010111010010000010100000000100> :  0.2404363E-05  0.1000000E-03           1
|11000011110000100000010001000001100> :  0.9440400E-06  0.1000000E-03           1
|10000010111011010000010101000000100> :  0.7543782E-05  0.1000000E-03           1
|10111011001010001010000001000000100> :  0.5637935E-11  0.1000000E-03           1
|11000110110000000000010001000111100> :  0.2888664E-04  0.1000000E-03           1
|11000010010000011000100001000011101> :  0.2113281E-05  0.1000000E-03           1
|11100011001010100000010100000000100> :  0.5670162E-05  0.1000000E-03           1
|11100011001011010000010100000000100> :  0.3035384E-04  0.1000000E-03           1
|11100011001011100000010100000000100> :  0.2061110E-05  0.1000000E-03           1
|10110010001011010000010100000000100> :  0.8518492E-05  0.1000000E-03           1
|11100010000011010000010100000000100> :  0.5982462E-04  0.1000000E-03           1
|01100000101011010000010101000000100> :  0.1721213E-04  0.1000000E-03           1
|01000010010000010110110101000110010> :  0.1034035E-12  0.1000000E-03           1
|11110010100010010000010100000000100> :  0.2439241E-04  0.1000000E-03           1
|11101010100010010000000101000100100> :  0.3588001E-05  0.1000000E-03           1
|10100010001011010000010100000000100> :  0.4302950E-04  0.1000000E-03           1
|11101010100010010000000101000000100> :  0.3609615E-05  0.1000000E-03           1
|11001010100001100100100001100000100> :  0.5275165E-10  0.1000000E-03           1
|11100010001011000010010101000000100> :  0.1797379E-04  0.1000000E-03           1
|11100010000010111000010100000000100> :  0.1773406E-04  0.1000000E-03           1
|11001010100001010001010101000000100> :  0.2941938E-04  0.1000000E-03           1
|11000110110001000000010101000000100> :  0.5127271E-04  0.1000000E-03           1
|11100010001011000001010100000000100> :  0.1350757E-05  0.1000000E-03           1
|11000110110000101001000101000100100> :  0.2452978E-05  0.1000000E-03           1
|11000110110000010001010101000000100> :  0.1361946E-04  0.1000000E-03           1
|11100010100001010000110101000000100> :  0.1790507E-04  0.1000000E-03           1
|11000110110000000000010101000100100> :  0.3323230E-04  0.1000000E-03           1
|11000110110000000000010101000000100> :  0.5618893E-04  0.1000000E-03           1
|11100010100000011000010101000000100> :  0.3789405E-05  0.1000000E-03           1
|11100010001010110001010100000000100> :  0.1970057E-04  0.1000000E-03           1
|01000110110011000000010101000100100> :  0.1098566E-05  0.1000000E-03           1
|11001000101000111000110000000010100> :  0.3846463E-11  0.1000000E-03           1
|11100010000010100000010101000010100> :  0.6889411E-09  0.1000000E-03           1
|11100010000011010000010101000010100> :  0.4898279E-04  0.1000000E-03           1
|11100010001010010000010100000010100> :  0.7559944E-04  0.1000000E-03           1
|11100010000010011000010100000100100> :  0.1712798E-05  0.1000000E-03           1
|00100010001010010100110011000010100> :  0.6763882E-10  0.1000000E-03           1
|01100000101011010000010100000100100> :  0.1502988E-04  0.1000000E-03           1
|11100010100010010000000101000110100> :  0.1883639E-05  0.1000000E-03           1
|11100010100010010000010101000010100> :  0.1130581E-03  0.1000000E-03           1
|11000010100010010000100101000010100> :  0.3193204E-05  0.1000000E-03           1
|11100110101011010100010100000000100> :  0.1110724E-04  0.1000000E-03           1
|11100110101011000000010100000000100> :  0.4163095E-04  0.1000000E-03           1
|11000010110000010000100101000010100> :  0.4246143E-04  0.1000000E-03           1
|11000110010000101000000101000110100> :  0.2330055E-04  0.1000000E-03           1
|11000110100000010000000101000010100> :  0.2246008E-04  0.1000000E-03           1
|11000110110000000000000101000110100> :  0.5381333E-04  0.1000000E-03           1
|11000110110000000000010101000110100> :  0.3342898E-04  0.1000000E-03           1
|11000110110000100000000101000110100> :  0.1569512E-05  0.1000000E-03           1
|11000110110000101000000101000110100> :  0.6417605E-04  0.1000000E-03           1
|10100000101011000100010101000000101> :  0.1973549E-06  0.1000000E-03           1
|01111000110000110001101000000000101> :  0.2162256E-11  0.1000000E-03           1
|11100010001010010000010100000000101> :  0.1103573E-04  0.1000000E-03           1
|11011010100000010001000101000000100> :  0.2009982E-04  0.1000000E-03           1
|11100010100001000101110100000000101> :  0.3502611E-10  0.1000000E-03           1
|10000110100011010000010101000000100> :  0.5136063E-04  0.1000000E-03           1
|11100000101011010000010100000000110> :  0.7961064E-04  0.1000000E-03           1
|11000110100011010000000101000000100> :  0.3205926E-04  0.1000000E-03           1
|10100010001011010000010100010000110> :  0.2064146E-04  0.1000000E-03           1
|10100010001011010000010101010000110> :  0.2159857E-04  0.1000000E-03           1
|11001010100000011100010101000000110> :  0.1100907E-10  0.1000000E-03           1
|11000010001010110001010100000000100> :  0.1271744E-04  0.1000000E-03           1
|11100010100010000000010101000100110> :  0.6442698E-05  0.1000000E-03           1
|11000110100011000000010101000000100> :  0.2068962E-04  0.1000000E-03           1
|11101010100000010000010101000000100> :  0.2840120E-04  0.1000000E-03           1
|11100010100011010000010000000000110> :  0.1964402E-04  0.1000000E-03           1
|01100010100011010000010100000000110> :  0.1270694E-04  0.1000000E-03           1
|11100010100011010000010100000000110> :  0.9447751E-04  0.1000000E-03           1
|00100010100011010000010101000000110> :  0.8504393E-05  0.1000000E-03           1
|01100010100011010000010101000000110> :  0.1501581E-04  0.1000000E-03           1
|11000110100000101000010101000100100> :  0.1230889E-06  0.1000000E-03           1
|11000010101011000000010101000000110> :  0.4342151E-04  0.1000000E-03           1
|10100010101011010000010000000000110> :  0.4237844E-04  0.1000000E-03           1
|11000110010000101000000101100100100> :  0.7430843E-05  0.1000000E-03           1
|11000010011010010001010101000000100> :  0.6456360E-04  0.1000000E-03           1
|11000010101011010000010100000000110> :  0.6547667E-04  0.1000000E-03           1
|11111010110100010001001000000000110> :  0.7618686E-11  0.1000000E-03           1
|11100010001010110000010100000000100> :  0.2789849E-04  0.1000000E-03           1
|01100011101011010000010000000000110> :  0.7755358E-05  0.1000000E-03           1
|11010100110011000000001001000100110> :  0.5673822E-10  0.1000000E-03           1
|11000110110000000000010001000100110> :  0.5394046E-06  0.1000000E-03           1
|11111010000000010000100101000000100> :  0.6781903E-07  0.1000000E-03           1
|10100010001011010000010101000010110> :  0.5032643E-05  0.1000000E-03           1
|11000100100011010100110100100000100> :  0.1850464E-10  0.1000000E-03           1
|11000000001011000100010101000111010> :  0.1329977E-11  0.1000000E-03           1
|00100011101011010000110001000000100> :  0.2448929E-05  0.1000000E-03           1
|01100000000110010010010101011101100> :  0.4180286E-12  0.1000000E-03           1
|11001010000000010101010101000001100> :  0.3419924E-06  0.1000000E-03           1
|11011010001000110001000100000001100> :  0.1457475E-05  0.1000000E-03           1
|11000010011010010000110101000000100> :  0.1015317E-04  0.1000000E-03           1
|11100011101011010000010100000000100> :  0.1446712E-04  0.1000000E-03           1
|11000010001011010000010101000001100> :  0.6642926E-05  0.1000000E-03           1
|11000010010000010001010101000001100> :  0.3605246E-04  0.1000000E-03           1
|10100011101011010000010100000000100> :  0.1240411E-04  0.1000000E-03           1
|11000010010010011000010101000100100> :  0.1192662E-04  0.1000000E-03           1
|11000010010000101001000100100001100> :  0.4870794E-06  0.1000000E-03           1
|11001010010000110001000101010001100> :  0.3177970E-04  0.1000000E-03           1
|11001010010000111001000101000001100> :  0.6695782E-04  0.1000000E-03           1
|11000010010000111101000100100001100> :  0.5416942E-05  0.1000000E-03           1
|11000010100000010001010101000001100> :  0.8301761E-04  0.1000000E-03           1
|11010010100000011001000101000001100> :  0.3809108E-05  0.1000000E-03           1
|11100010001010011000010100000000100> :  0.1550201E-04  0.1000000E-03           1
|11010010100000111000000101000001100> :  0.1455258E-06  0.1000000E-03           1
|11001010100001010001000101000001100> :  0.5725597E-04  0.1000000E-03           1
|11001010100001110000000101000001100> :  0.2006641E-05  0.1000000E-03           1
|11100010100010010000010101000001100> :  0.2029565E-04  0.1000000E-03           1
|11000010100011010000000101000001100> :  0.1828335E-05  0.1000000E-03           1
|11100010100011010000010100000001100> :  0.7059487E-05  0.1000000E-03           1
|11001010101000110001000101000001100> :  0.1119770E-04  0.1000000E-03           1
|00100011101011010000010100000000100> :  0.1151902E-04  0.1000000E-03           1
|11000010010000011001010101000000100> :  0.5775243E-04  0.1000000E-03           1
|11100011100011010000010100000000100> :  0.3975621E-04  0.1000000E-03           1
|11010010110000010001000101000001100> :  0.5501791E-05  0.1000000E-03           1
|11000010110000011000010101000001100> :  0.2020748E-04  0.1000000E-03           1
|11000010110000100000010101000101100> :  0.4084829E-04  0.1000000E-03           1
|11100011100010010000010100000000100> :  0.2600547E-04  0.1000000E-03           1
|11001010110000110001000101000001100> :  0.6044516E-05  0.1000000E-03           1
|11000010110010000000000101000101100> :  0.2330623E-08  0.1000000E-03           1
|11000010110010000000010101000101100> :  0.2218764E-04  0.1000000E-03           1
|11000010110010010000010101000001100> :  0.1481611E-04  0.1000000E-03           1
|11000010110010011000010101000001100> :  0.4651648E-07  0.1000000E-03           1
|11111010001010010001010100000000100> :  0.9039721E-06  0.1000000E-03           1
|11100001100011010100110100000000100> :  0.4084047E-06  0.1000000E-03           1
|11000110110000101000000101000001100> :  0.2004582E-04  0.1000000E-03           1
|11000010010000010001100101000011100> :  0.8182763E-04  0.1000000E-03           1
|11000010110000010000010101000011100> :  0.3298895E-04  0.1000000E-03           1
|11000010110000010001100001000011100> :  0.3261404E-04  0.1000000E-03           1
|11100000101011010000010100000000100> :  0.8400643E-04  0.1000000E-03           1
|11000110110000100000000101000011100> :  0.2967633E-04  0.1000000E-03           1
|11000010101011010000010101000010000> :  0.2962045E-09  0.1000000E-03           1
|11100010100010010000110001000100000> :  0.5503454E-07  0.1000000E-03           1
|11001000100000000000000011100011111> :  0.1905869E-12  0.1000000E-03           1
|11011010010001001001110101000100000> :  0.2043115E-11  0.1000000E-03           1
