# state, exact probability, frequency, count:
#------------------------------------------------------------------
|1011010100011110001000110> :  0.4391716E+00  0.4384000E+00        4384
|0100101011100001110111001> :  0.4391716E+00  0.4375000E+00        4375
|0100101011000001110111001> :  0.3407306E-01  0.3530000E-01         353
|1011010100111110001000110> :  0.3407306E-01  0.3130000E-01         313
|0011010100111110001000110> :  0.2089938E-01  0.2280000E-01         228
|1100101011000001110111001> :  0.2089938E-01  0.2270000E-01         227
|0011000100111110001000110> :  0.4486931E-03  0.7000000E-03           7
|1011000100111110001000110> :  0.5882581E-03  0.7000000E-03           7
|1100111011000001110111001> :  0.4486931E-03  0.7000000E-03           7
|0100111011000001110111001> :  0.5882581E-03  0.5000000E-03           5
|0010000100111111001000110> :  0.1728220E-03  0.4000000E-03           4
|1111000001100001110110001> :  0.2358451E-03  0.2000000E-03           2
|0000111110011110001001110> :  0.2358451E-03  0.2000000E-03           2
|1011010100011110000001010> :  0.3637169E-04  0.2000000E-03           2
|0011010100011110000001010> :  0.1990155E-04  0.1000000E-03           1
|0100101011100001110111100> :  0.3638707E-04  0.1000000E-03           1
|0011001011111011000000100> :  0.4897571E-09  0.1000000E-03           1
|0100101011100000111111101> :  0.6074860E-04  0.1000000E-03           1
|0010110111010110110101101> :  0.4874042E-09  0.1000000E-03           1
|0001101011000001110100011> :  0.2065390E-07  0.1000000E-03           1
|0000111011100111110100011> :  0.2741747E-09  0.1000000E-03           1
|0100101011000001010101101> :  0.3183845E-04  0.1000000E-03           1
|0111101101000001100100011> :  0.6257153E-09  0.1000000E-03           1
|0100101011010001010101101> :  0.2097389E-05  0.1000000E-03           1
|1001010001011101101010110> :  0.1706158E-06  0.1000000E-03           1
|1001101110110110010100001> :  0.7867355E-09  0.1000000E-03           1
|1001110001110001110110000> :  0.3233020E-08  0.1000000E-03           1
|0100101011100001110111111> :  0.1267972E-04  0.1000000E-03           1
|0100101011100011110110100> :  0.9423416E-06  0.1000000E-03           1
|0100101100111000100001110> :  0.3380166E-08  0.1000000E-03           1
|0100101010100001111110101> :  0.1418889E-05  0.1000000E-03           1
|0010110011101111100001101> :  0.8943107E-09  0.1000000E-03           1
|0100010100111100111100001> :  0.5952127E-09  0.1000000E-03           1
|0011100100111110001110000> :  0.4346241E-06  0.1000000E-03           1
|0010101111101000100101000> :  0.3964925E-09  0.1000000E-03           1
|0001101000000111100111111> :  0.1673223E-08  0.1000000E-03           1
|0100111111110001100100011> :  0.1166346E-08  0.1000000E-03           1
|0100111100100001100100011> :  0.6686267E-09  0.1000000E-03           1
|0101100000100111001011110> :  0.4422538E-07  0.1000000E-03           1
|0101101100110000110000111> :  0.1361266E-08  0.1000000E-03           1
|0101111100011010001000010> :  0.5718567E-06  0.1000000E-03           1
|0101111100101110001000110> :  0.1282144E-06  0.1000000E-03           1
|0110001100100111100001110> :  0.1033463E-08  0.1000000E-03           1
|0110011110011100001011000> :  0.8676260E-09  0.1000000E-03           1
|0111000100001010110101101> :  0.4944734E-09  0.1000000E-03           1
|0111010000110100111010100> :  0.3787969E-08  0.1000000E-03           1
|1111010001110110101100000> :  0.1935497E-09  0.1000000E-03           1
|1000100000011010001100110> :  0.9642779E-09  0.1000000E-03           1
|1001001010010111010100100> :  0.1235826E-08  0.1000000E-03           1
|1001010000011110101010100> :  0.1261047E-05  0.1000000E-03           1
|0011100000111101100111110> :  0.4569945E-09  0.1000000E-03           1
|1001010111001010010001001> :  0.9369500E-09  0.1000000E-03           1
|0100111011111010110001101> :  0.1255941E-08  0.1000000E-03           1
|1001101111110001000000110> :  0.2377480E-09  0.1000000E-03           1
|0100111011010001010101001> :  0.3782069E-05  0.1000000E-03           1
|1010010110011010001000010> :  0.1102132E-07  0.1000000E-03           1
|1010101000111011011100101> :  0.2184107E-09  0.1000000E-03           1
|1010110100010010101000110> :  0.2818725E-08  0.1000000E-03           1
|1011000100101111001001111> :  0.1201165E-06  0.1000000E-03           1
|0011010100111110101010110> :  0.2905845E-04  0.1000000E-03           1
|1011000110011110001000110> :  0.4351219E-07  0.1000000E-03           1
|1011010000011110111010100> :  0.4657477E-06  0.1000000E-03           1
|0010001101111011100110111> :  0.1163631E-08  0.1000000E-03           1
|1011010101001110000001010> :  0.1295781E-05  0.1000000E-03           1
|1011010100011111000000010> :  0.6074860E-04  0.1000000E-03           1
|0100111000010011011111011> :  0.1905135E-07  0.1000000E-03           1
|1011010100011110100010110> :  0.5282533E-05  0.1000000E-03           1
|0100110001011110001101110> :  0.1770766E-08  0.1000000E-03           1
|1011010100011110001000011> :  0.3638707E-04  0.1000000E-03           1
|1011010110011100001011010> :  0.8235065E-06  0.1000000E-03           1
|1011011110010110001010110> :  0.2041257E-07  0.1000000E-03           1
|1011100100001111001000111> :  0.1715491E-07  0.1000000E-03           1
|1011110110101110000000001> :  0.1997286E-08  0.1000000E-03           1
|1100000111010111011000010> :  0.1133597E-08  0.1000000E-03           1
|1100001110100001100111101> :  0.9503872E-09  0.1000000E-03           1
|1100100000100010110010101> :  0.1422611E-09  0.1000000E-03           1
|1100101001100001110110001> :  0.1470846E-04  0.1000000E-03           1
|1100101010000101110111000> :  0.1749708E-05  0.1000000E-03           1
|0100101101110010000100101> :  0.4227863E-08  0.1000000E-03           1
|1100101011001101110111001> :  0.1753836E-05  0.1000000E-03           1
|1100101011100001011011011> :  0.5256929E-06  0.1000000E-03           1
|1100110001000000111000001> :  0.5416204E-09  0.1000000E-03           1
|1100111000110010111010010> :  0.3106174E-08  0.1000000E-03           1
|0011010100111100001001111> :  0.1050123E-05  0.1000000E-03           1
|1100111011000100001110101> :  0.6536221E-08  0.1000000E-03           1
|1100111100110100000011101> :  0.9264145E-10  0.1000000E-03           1
|1100111101000001001011110> :  0.2478491E-09  0.1000000E-03           1
|1101011010010001010001111> :  0.7899690E-08  0.1000000E-03           1
|1101111010110001110000100> :  0.3483831E-08  0.1000000E-03           1
|1101111011000000110111001> :  0.1728220E-03  0.1000000E-03           1
|1110011001100100011110001> :  0.1655075E-09  0.1000000E-03           1
|1110101011000001110111101> :  0.2390573E-05  0.1000000E-03           1
|0010001101011011001111100> :  0.1286338E-08  0.1000000E-03           1
|1111001010011100011001010> :  0.6926822E-09  0.1000000E-03           1
|0000101001101001000110100> :  0.1569167E-08  0.1000000E-03           1
|1111010100101110101010010> :  0.3807591E-05  0.1000000E-03           1
|1111111100101001010000110> :  0.1318921E-08  0.1000000E-03           1
|0000011101111001001010101> :  0.1837341E-09  0.1000000E-03           1
