# state, exact probability, frequency, count:
#------------------------------------------------------------------
|001101010101010011100001> :  0.4424315E+00  0.4414000E+00        4414
|110010101010101100011110> :  0.4424315E+00  0.4407000E+00        4407
|010010101110100110001110> :  0.4296773E-02  0.5900000E-02          59
|101010001110100110001110> :  0.3297958E-02  0.5400000E-02          54
|101101110000011001110001> :  0.5029140E-02  0.5200000E-02          52
|011101110000011001110001> :  0.5134133E-02  0.5000000E-02          50
|100010001111100110001110> :  0.5134133E-02  0.4900000E-02          49
|010010001111100110001110> :  0.5029140E-02  0.4900000E-02          49
|110010001011100110001110> :  0.5033176E-02  0.4900000E-02          49
|011101010001011001110001> :  0.4338033E-02  0.4600000E-02          46
|101101010001011001110001> :  0.4296773E-02  0.4500000E-02          45
|001101110100011001110001> :  0.5033176E-02  0.4400000E-02          44
|000101110101011001110001> :  0.3330553E-02  0.4200000E-02          42
|100010101110100110001110> :  0.4338033E-02  0.4000000E-02          40
|001101010101011001110001> :  0.4422357E-02  0.4000000E-02          40
|011010001110100110001110> :  0.3284660E-02  0.4000000E-02          40
|110010101010100110001110> :  0.4422357E-02  0.3600000E-02          36
|111010001010100110001110> :  0.3330553E-02  0.3500000E-02          35
|100101110001011001110001> :  0.3284660E-02  0.3400000E-02          34
|011101100000011001111001> :  0.2742798E-02  0.3400000E-02          34
|010010011111100110000110> :  0.2254945E-02  0.3200000E-02          32
|010101110001011001110001> :  0.3297958E-02  0.3100000E-02          31
|100010011111100110000110> :  0.2742798E-02  0.2500000E-02          25
|011101100010001001111001> :  0.1719061E-02  0.2300000E-02          23
|110010011011100110000110> :  0.2276961E-02  0.2200000E-02          22
|001101100100011001111001> :  0.2276961E-02  0.1800000E-02          18
|100010011101110110000110> :  0.1719061E-02  0.1800000E-02          18
|101101100000011001111001> :  0.2254945E-02  0.1600000E-02          16
|110010011001110110000110> :  0.1231148E-02  0.1200000E-02          12
|101101100010001001111001> :  0.1238853E-02  0.1200000E-02          12
|100010101110100100011110> :  0.7505106E-03  0.1200000E-02          12
|010010101110100100011110> :  0.7459782E-03  0.1100000E-02          11
|101101010001011011100001> :  0.7459782E-03  0.1100000E-02          11
|001101100110001001111001> :  0.1231148E-02  0.1000000E-02          10
|011101010001011011100001> :  0.7505106E-03  0.8000000E-03           8
|100010010101110111000110> :  0.6656721E-03  0.8000000E-03           8
|100010010101110011000111> :  0.5682625E-03  0.8000000E-03           8
|010010011101110110000110> :  0.1238853E-02  0.8000000E-03           8
|010101100010001001111101> :  0.6133206E-03  0.7000000E-03           7
|100101100010001001111101> :  0.4014314E-03  0.6000000E-03           6
|001101010101011011100001> :  0.4906505E-03  0.6000000E-03           6
|011101101010001100111000> :  0.5682625E-03  0.6000000E-03           6
|101010011101110110000010> :  0.6133206E-03  0.5000000E-03           5
|011101101010001000111001> :  0.6656721E-03  0.5000000E-03           5
|011010011101110110000010> :  0.4014314E-03  0.4000000E-03           4
|010101101010001100111100> :  0.3856150E-03  0.4000000E-03           4
|010101101010001000111101> :  0.3264750E-03  0.4000000E-03           4
|101010010101110111000010> :  0.3264750E-03  0.3000000E-03           3
|101010010101110011100001> :  0.2205557E-03  0.3000000E-03           3
|001011010101110011000011> :  0.2538711E-03  0.3000000E-03           3
|111100101010001100111000> :  0.2897612E-03  0.3000000E-03           3
|000011010101110011000111> :  0.2897612E-03  0.3000000E-03           3
|110100101010001100111100> :  0.2538711E-03  0.3000000E-03           3
|110010101010101100001110> :  0.1656280E-03  0.3000000E-03           3
|110010101010100100011110> :  0.4906505E-03  0.2000000E-03           2
|010101101010001100011110> :  0.2205557E-03  0.2000000E-03           2
|100010010111100111000110> :  0.4381506E-03  0.2000000E-03           2
|100010010111100011000111> :  0.1772004E-03  0.2000000E-03           2
|100010010101110011100101> :  0.2041787E-03  0.2000000E-03           2
|010010101010101100011110> :  0.3130657E-04  0.2000000E-03           2
|000101100110001001111101> :  0.4011002E-03  0.2000000E-03           2
|111010011001110110000010> :  0.4011002E-03  0.2000000E-03           2
|011101101000011100111000> :  0.1772004E-03  0.2000000E-03           2
|011101101000011000111001> :  0.4381506E-03  0.2000000E-03           2
|001011010101110011100001> :  0.2052395E-03  0.1000000E-03           1
|000011010111100011000111> :  0.6894182E-04  0.1000000E-03           1
|100100011001010110110100> :  0.1457255E-09  0.1000000E-03           1
|111110100010101101011000> :  0.8951353E-09  0.1000000E-03           1
|111100101010001100011010> :  0.1590377E-03  0.1000000E-03           1
|111100101000011100111000> :  0.6894182E-04  0.1000000E-03           1
|001011010101110111100001> :  0.5368328E-09  0.1000000E-03           1
|000011010101110011100101> :  0.1590377E-03  0.1000000E-03           1
