# state, exact probability, frequency, count:
#------------------------------------------------------------------
|111000110101101000011100100110> :  0.2488235E+00  0.2448000E+00        2448
|000111001010010111100011011001> :  0.2488235E+00  0.2419000E+00        2419
|111100101010000001000111110100> :  0.8240799E-01  0.8460000E-01         846
|000011010101111110111000001011> :  0.8240799E-01  0.8300000E-01         830
|011000110101101011001100100110> :  0.4804095E-01  0.5010000E-01         501
|100111001010010100110011011001> :  0.4804095E-01  0.4840000E-01         484
|000011010001111100111010001011> :  0.3903884E-01  0.4210000E-01         421
|111100101110000011000101110100> :  0.3903884E-01  0.3900000E-01         390
|001101101000100011000111111100> :  0.2445910E-01  0.2580000E-01         258
|110010010111011100111000000011> :  0.2445910E-01  0.2580000E-01         258
|010010010111111110111000000010> :  0.1247849E-01  0.1310000E-01         131
|101101101000000001000111111101> :  0.1247849E-01  0.1180000E-01         118
|100111001010010101100011011001> :  0.4995009E-02  0.6000000E-02          60
|100111011010010100100011011001> :  0.5702168E-02  0.6000000E-02          60
|011000100101101011011100100110> :  0.5702168E-02  0.5200000E-02          52
|011000110101101010011100100110> :  0.4995009E-02  0.4900000E-02          49
|001101101000100011000111101110> :  0.2906268E-02  0.3700000E-02          37
|110010010111011100111000010001> :  0.2906268E-02  0.2500000E-02          25
|010010010101111110111000001011> :  0.1546337E-02  0.1800000E-02          18
|101101101010000001000111110100> :  0.1546337E-02  0.1300000E-02          13
|001101101000100011000111111110> :  0.1104288E-02  0.1300000E-02          13
|010000110101111010011100100110> :  0.1177445E-02  0.1200000E-02          12
|101111001010000101100011011001> :  0.1177445E-02  0.1200000E-02          12
|000111001110010111100011011001> :  0.1131931E-02  0.1000000E-02          10
|110010010111111100111000000010> :  0.8719844E-03  0.8000000E-03           8
|110010010111011100111000000001> :  0.1104288E-02  0.8000000E-03           8
|100111001010010101110011011001> :  0.3727772E-03  0.7000000E-03           7
|001101101000000011000111111101> :  0.8719844E-03  0.7000000E-03           7
|100111011010010101100011011001> :  0.6006107E-03  0.7000000E-03           7
|100011010010010100101011011001> :  0.6296623E-03  0.7000000E-03           7
|001101101000100011000111111101> :  0.3210580E-03  0.6000000E-03           6
|011100101101101011010100100110> :  0.6296623E-03  0.6000000E-03           6
|010101001111010111110010001001> :  0.4355404E-03  0.5000000E-03           5
|111100101110000011000101110101> :  0.3042802E-03  0.4000000E-03           4
|111000110001101000011100100110> :  0.1131931E-02  0.4000000E-03           4
|111100101010000001000111110101> :  0.6245239E-03  0.4000000E-03           4
|011000100101101011001100100110> :  0.4123444E-04  0.3000000E-03           3
|101111001110000101100011011001> :  0.8327164E-04  0.3000000E-03           3
|011000110101101010001100100110> :  0.3727772E-03  0.3000000E-03           3
|000111001010010111110011011001> :  0.2107168E-03  0.3000000E-03           3
|000011010001111100111010001010> :  0.3042802E-03  0.3000000E-03           3
|011000100101101010011100100110> :  0.6006107E-03  0.3000000E-03           3
|111000110101101000001100100110> :  0.2107168E-03  0.3000000E-03           3
|000011010101111110111000001010> :  0.6245239E-03  0.3000000E-03           3
|101100101010000001000111110100> :  0.8939614E-04  0.2000000E-03           2
|011100101000100011000111111101> :  0.1484865E-03  0.2000000E-03           2
|101010110000101000001101110110> :  0.4355404E-03  0.2000000E-03           2
|101111000010000101100011111001> :  0.1516533E-03  0.2000000E-03           2
|101101101010000011000011111101> :  0.6669326E-05  0.2000000E-03           2
|100011010111011100111000000010> :  0.1484865E-03  0.2000000E-03           2
|111000110101101010001100100110> :  0.1464058E-03  0.2000000E-03           2
|000011010111000100110111110001> :  0.5895245E-10  0.1000000E-03           1
|000111001000010101100111010001> :  0.4012000E-05  0.1000000E-03           1
|000010100111111101101001010000> :  0.8077368E-09  0.1000000E-03           1
|000111000101000111100111011000> :  0.8749157E-06  0.1000000E-03           1
|001110010110000101100000110101> :  0.1111602E-09  0.1000000E-03           1
|000111000010010111101011011101> :  0.2737006E-05  0.1000000E-03           1
|000111000010010110111001001001> :  0.4325027E-06  0.1000000E-03           1
|001111001000100100001111011000> :  0.8633652E-09  0.1000000E-03           1
|000111001000010111100011010001> :  0.2574783E-04  0.1000000E-03           1
|000111001000011100111110101011> :  0.1770327E-08  0.1000000E-03           1
|000111001000110101110011010001> :  0.5234947E-06  0.1000000E-03           1
|000111000010010101011011001001> :  0.4334235E-08  0.1000000E-03           1
|000011010101111110101000001011> :  0.2964482E-04  0.1000000E-03           1
|000010100101100011101100110110> :  0.5122731E-08  0.1000000E-03           1
|000001011101111111001101101000> :  0.2695363E-08  0.1000000E-03           1
|000111000010000100110011010101> :  0.6365584E-09  0.1000000E-03           1
|000111000001111000111010101000> :  0.5050197E-09  0.1000000E-03           1
|000011010001111110111000001011> :  0.1333944E-03  0.1000000E-03           1
|000110101000010011110011011111> :  0.9833010E-09  0.1000000E-03           1
|000101111110110010110010011001> :  0.1392491E-08  0.1000000E-03           1
|000011010001111100111110001010> :  0.1310001E-03  0.1000000E-03           1
|000010010011110100001111101001> :  0.1662614E-08  0.1000000E-03           1
|000101111110001111100000110101> :  0.1962678E-08  0.1000000E-03           1
|001100100010001011001111110111> :  0.1389088E-08  0.1000000E-03           1
|000101110001101010011111101110> :  0.7294647E-09  0.1000000E-03           1
|000101101010111011011001100100> :  0.2443380E-08  0.1000000E-03           1
|001011010101111110111001001010> :  0.4506940E-05  0.1000000E-03           1
|000101101010010111100001001001> :  0.5493048E-06  0.1000000E-03           1
|000010010011011011110010101011> :  0.4692722E-09  0.1000000E-03           1
|000001011011011100111011100100> :  0.7530731E-10  0.1000000E-03           1
|000000110101101010111000101011> :  0.1476859E-07  0.1000000E-03           1
|000101101001111010010001000110> :  0.3091186E-09  0.1000000E-03           1
|000101011100000101101111111001> :  0.2621828E-09  0.1000000E-03           1
|000011010001110110111000000010> :  0.7688405E-06  0.1000000E-03           1
|001010011000111000100100011110> :  0.1684726E-08  0.1000000E-03           1
|001001110010001100111100000110> :  0.2553534E-08  0.1000000E-03           1
|000101011011010101010010011001> :  0.2300660E-05  0.1000000E-03           1
|001001101001111101111000111100> :  0.2794481E-08  0.1000000E-03           1
|001001000101110101110010101011> :  0.2352060E-09  0.1000000E-03           1
|001010101000011001001101100110> :  0.1509693E-08  0.1000000E-03           1
|001011000001011110101111001011> :  0.3944209E-08  0.1000000E-03           1
|001011010000101010101111101101> :  0.2921665E-08  0.1000000E-03           1
|001011010000111110011010001011> :  0.2605790E-07  0.1000000E-03           1
|110100111010001101110000110101> :  0.3184826E-09  0.1000000E-03           1
|001011100100110100111101111010> :  0.8158547E-09  0.1000000E-03           1
|001011100110001010111000010111> :  0.1688172E-08  0.1000000E-03           1
|001011110000101000101101100110> :  0.2031218E-03  0.1000000E-03           1
|011000110010101001101001101010> :  0.3051104E-08  0.1000000E-03           1
|001100101010011010010001111100> :  0.9521008E-08  0.1000000E-03           1
|001100110010011101111000111100> :  0.5426103E-09  0.1000000E-03           1
|001100110111001010010100100110> :  0.9881519E-09  0.1000000E-03           1
|001101000011000001110011110100> :  0.2807457E-09  0.1000000E-03           1
|001101000101010111011010001010> :  0.1630800E-08  0.1000000E-03           1
|001101100010100011111101110000> :  0.1378849E-08  0.1000000E-03           1
|011011001000001100011110000110> :  0.1753451E-08  0.1000000E-03           1
|001101101000100001000111111110> :  0.1509593E-04  0.1000000E-03           1
|011011010101001000000100100110> :  0.1927949E-09  0.1000000E-03           1
|011100000100110111000110001101> :  0.1124530E-08  0.1000000E-03           1
|011100100001001010010100000110> :  0.3644292E-08  0.1000000E-03           1
|111100101010000011000111110100> :  0.6634876E-04  0.1000000E-03           1
|001101101000101001000111110110> :  0.2771947E-04  0.1000000E-03           1
|001101101010100010000011111100> :  0.1112612E-05  0.1000000E-03           1
|001101101011000011000111110111> :  0.4214696E-08  0.1000000E-03           1
|011100110101000111100010101100> :  0.9763061E-09  0.1000000E-03           1
|001110100110100001101001110001> :  0.1336089E-08  0.1000000E-03           1
|001110101100000011001101001111> :  0.1010784E-08  0.1000000E-03           1
|001111000111011111110010011001> :  0.4959543E-09  0.1000000E-03           1
|011101101010101000110110010010> :  0.1597529E-08  0.1000000E-03           1
|001111001010000101100010011001> :  0.1036067E-05  0.1000000E-03           1
|001111001110010111110010001100> :  0.3147841E-08  0.1000000E-03           1
|001111100111000011110010101000> :  0.8322257E-09  0.1000000E-03           1
|001111101000000101110110011011> :  0.9582873E-08  0.1000000E-03           1
|001111101001000011000111111101> :  0.5234808E-07  0.1000000E-03           1
|001111111000100011000011011101> :  0.2888430E-08  0.1000000E-03           1
|010000001011101010001010000011> :  0.4715578E-10  0.1000000E-03           1
|000101010111010101110110011000> :  0.1687752E-08  0.1000000E-03           1
|000011010001001100011101100110> :  0.1048733E-08  0.1000000E-03           1
|000010000111111100111100001010> :  0.2181686E-07  0.1000000E-03           1
|001000110110010001101011000110> :  0.7045696E-09  0.1000000E-03           1
|001000110001010101100000011111> :  0.9218737E-09  0.1000000E-03           1
|000101000110110100101111010011> :  0.3473329E-09  0.1000000E-03           1
|001000100101100101001101010110> :  0.6797543E-09  0.1000000E-03           1
|001000100000000001110011111110> :  0.5829371E-09  0.1000000E-03           1
|000100110110011011111000111110> :  0.9617232E-09  0.1000000E-03           1
|000011001101111100111010001000> :  0.3278694E-07  0.1000000E-03           1
|000111110101110110101100001010> :  0.7472714E-09  0.1000000E-03           1
|000111110100101001100011110110> :  0.1388559E-09  0.1000000E-03           1
|000100110001011101100100110110> :  0.1634627E-08  0.1000000E-03           1
|000111101010010111100011011100> :  0.6964403E-06  0.1000000E-03           1
|000111101010000111100001001001> :  0.1002714E-05  0.1000000E-03           1
|000011111011100111001011001011> :  0.1248769E-09  0.1000000E-03           1
|000010111110110011101000011111> :  0.1158317E-09  0.1000000E-03           1
|000010000101111111110010100110> :  0.8627707E-09  0.1000000E-03           1
|000000110111101000101101110010> :  0.4475749E-08  0.1000000E-03           1
|000111100000101011110100100110> :  0.3358661E-09  0.1000000E-03           1
|000111011010010100110011011001> :  0.2903496E-05  0.1000000E-03           1
|000011110110101100001101000011> :  0.1568502E-08  0.1000000E-03           1
|010011010100111100111110111011> :  0.1060123E-08  0.1000000E-03           1
|010011001100111110111110011000> :  0.8322433E-09  0.1000000E-03           1
|000111010110001100111000000001> :  0.5104435E-09  0.1000000E-03           1
|010011001001100111010011101001> :  0.1422558E-08  0.1000000E-03           1
|010011000101111110111011001011> :  0.6011838E-06  0.1000000E-03           1
|000111010011110000110011001001> :  0.1349389E-08  0.1000000E-03           1
|010011010101110010111110011010> :  0.3076813E-09  0.1000000E-03           1
|010011010101111101101000010001> :  0.8787587E-07  0.1000000E-03           1
|010011010101111110111000001001> :  0.1972229E-04  0.1000000E-03           1
|010011010101111110111000001011> :  0.8939614E-04  0.1000000E-03           1
|010011010111011110111000000010> :  0.8982871E-05  0.1000000E-03           1
|010011110111111100101000011001> :  0.1143561E-06  0.1000000E-03           1
|010011111000101000001101101111> :  0.2522326E-08  0.1000000E-03           1
|010100000110000111010111001001> :  0.3524839E-09  0.1000000E-03           1
|010100011010110010010110111100> :  0.2027988E-08  0.1000000E-03           1
|010100011101111101110010100100> :  0.1071999E-08  0.1000000E-03           1
|010100100001110111100010001001> :  0.6527256E-09  0.1000000E-03           1
|010100100110110111110010001101> :  0.2786943E-08  0.1000000E-03           1
|010100101000111111010110011100> :  0.1613607E-08  0.1000000E-03           1
|010100110000001001100110110111> :  0.3814326E-08  0.1000000E-03           1
|010100111011010110100001001001> :  0.6797568E-09  0.1000000E-03           1
|010100111011110010101000000111> :  0.1680341E-09  0.1000000E-03           1
|010101001101101011011000001111> :  0.1210394E-08  0.1000000E-03           1
|010101001110111011110110100100> :  0.6640862E-09  0.1000000E-03           1
|101111011010000110000011011011> :  0.5446684E-08  0.1000000E-03           1
|010101011101011011100100100100> :  0.1998336E-08  0.1000000E-03           1
|010101100000100010011111101010> :  0.6645804E-09  0.1000000E-03           1
|010101101001001010010010001111> :  0.7658366E-09  0.1000000E-03           1
|010110000101111100111100101000> :  0.3486447E-09  0.1000000E-03           1
|010110010101100000101100001111> :  0.1061935E-08  0.1000000E-03           1
|010110010111111101111000001010> :  0.2433680E-08  0.1000000E-03           1
|010110111011010111000001011001> :  0.3123248E-08  0.1000000E-03           1
|010111001000100111100111010001> :  0.1637488E-06  0.1000000E-03           1
|010111001100110100111010011000> :  0.1643978E-09  0.1000000E-03           1
|010111011101100110000100001111> :  0.5753282E-09  0.1000000E-03           1
|010111011110000110101100000111> :  0.5536176E-09  0.1000000E-03           1
|010111011110100110010010001000> :  0.1078388E-08  0.1000000E-03           1
|010111101001101000010110111110> :  0.1910698E-08  0.1000000E-03           1
|010111101110101000011111110000> :  0.2954984E-08  0.1000000E-03           1
|011000000101110011001101101100> :  0.6022898E-09  0.1000000E-03           1
|011000001101011011000100111100> :  0.5625991E-09  0.1000000E-03           1
|011000100010101100011101111100> :  0.1306720E-08  0.1000000E-03           1
|110101001011000101100111110000> :  0.3720272E-08  0.1000000E-03           1
|110101001011011010110110000000> :  0.1481283E-09  0.1000000E-03           1
|110101011110011110010011001001> :  0.2935423E-09  0.1000000E-03           1
|011000100111101101101100000010> :  0.8878600E-09  0.1000000E-03           1
|011000101101101010011100100110> :  0.8924483E-04  0.1000000E-03           1
|011000110000000101001101111110> :  0.6677741E-09  0.1000000E-03           1
|011000110001101010011100100110> :  0.2488082E-04  0.1000000E-03           1
|011000110001111001011100001100> :  0.8949419E-07  0.1000000E-03           1
|111000100100000000101101100101> :  0.1844090E-09  0.1000000E-03           1
|011000110101101000011100100110> :  0.2452478E-04  0.1000000E-03           1
|111000110001111010100100101010> :  0.1561396E-06  0.1000000E-03           1
|111000110010101000011000010111> :  0.9183856E-07  0.1000000E-03           1
|111000110101101000011101101110> :  0.1422144E-04  0.1000000E-03           1
|011000111010001111000011111100> :  0.7524898E-09  0.1000000E-03           1
|011001000111011101110000011011> :  0.2631130E-09  0.1000000E-03           1
|011001001010100101011011111100> :  0.5686018E-09  0.1000000E-03           1
|011001011010100101000111011101> :  0.1194176E-08  0.1000000E-03           1
|011010001010110100011011011101> :  0.1877243E-08  0.1000000E-03           1
|011010010101100110101101001010> :  0.2903345E-07  0.1000000E-03           1
|011010110011111100001000000010> :  0.5012320E-08  0.1000000E-03           1
|011010110100001000011101101100> :  0.8544473E-09  0.1000000E-03           1
|011010111000111011000010101111> :  0.2437242E-08  0.1000000E-03           1
|111010100010101010011100111110> :  0.3473429E-09  0.1000000E-03           1
|011011001000111011000010011001> :  0.1320941E-08  0.1000000E-03           1
|011011001101101010001001100100> :  0.3164012E-09  0.1000000E-03           1
|011011010000100010100111011011> :  0.1971482E-08  0.1000000E-03           1
|111011011000101010011000100110> :  0.9708628E-09  0.1000000E-03           1
|011011011010001100101011000011> :  0.9578029E-09  0.1000000E-03           1
|111100001011011100111010010010> :  0.2182217E-08  0.1000000E-03           1
|011100011010000100110010011111> :  0.6610690E-10  0.1000000E-03           1
|111100100101000000001101110000> :  0.1700281E-09  0.1000000E-03           1
|011100100110000111110110101000> :  0.1079906E-08  0.1000000E-03           1
|000011110010000001110111100110> :  0.3094133E-09  0.1000000E-03           1
|011100101001100001100111000111> :  0.2652273E-07  0.1000000E-03           1
|011100101010000001000110110101> :  0.2020943E-05  0.1000000E-03           1
|011100101011000101010010100110> :  0.1886515E-08  0.1000000E-03           1
|011100101101000011110001100101> :  0.1764042E-09  0.1000000E-03           1
|011100101101101001110101100110> :  0.5523264E-07  0.1000000E-03           1
|111101001001000110011100000111> :  0.7148244E-09  0.1000000E-03           1
|011100101101101101000000000110> :  0.1457852E-08  0.1000000E-03           1
|111101001101011110000010100100> :  0.1623559E-08  0.1000000E-03           1
|011100111001101000000101110110> :  0.4676189E-09  0.1000000E-03           1
|011100111001111011100000111100> :  0.6023743E-09  0.1000000E-03           1
|011100111110000011010111110100> :  0.4205361E-06  0.1000000E-03           1
|011101001100000110000100111001> :  0.3725009E-08  0.1000000E-03           1
|011101011000111011010000011111> :  0.3579984E-08  0.1000000E-03           1
|011101101000001101010000110100> :  0.2886995E-08  0.1000000E-03           1
|011101101000010001000011111100> :  0.5978893E-08  0.1000000E-03           1
|000010111011110011001011001100> :  0.9571204E-09  0.1000000E-03           1
|011101110010001011100000001110> :  0.1764834E-08  0.1000000E-03           1
|011111000110000100011111011100> :  0.5514107E-09  0.1000000E-03           1
|011111001100000101010110001111> :  0.2079526E-08  0.1000000E-03           1
|011111100100100001000101100111> :  0.1758652E-08  0.1000000E-03           1
|100000101001011001010100111100> :  0.9476756E-09  0.1000000E-03           1
|100001001110010101010011010001> :  0.1490289E-08  0.1000000E-03           1
|100001010110010010111000110001> :  0.3936268E-09  0.1000000E-03           1
|100001011001101000011101100110> :  0.2320388E-07  0.1000000E-03           1
|100001111001111001011000001110> :  0.2610169E-08  0.1000000E-03           1
|100010010011011010101101100010> :  0.5653558E-09  0.1000000E-03           1
|100010010011011110101001001000> :  0.4776878E-08  0.1000000E-03           1
|100010010100101000001110100111> :  0.1833138E-08  0.1000000E-03           1
|100010110001110000100111101110> :  0.1253922E-08  0.1000000E-03           1
|100010110110011000111100100101> :  0.4274851E-08  0.1000000E-03           1
|100010111010010100001111011100> :  0.3220769E-08  0.1000000E-03           1
|010011000100111010100000011011> :  0.2747243E-08  0.1000000E-03           1
|010011000100111000111101011011> :  0.3926197E-08  0.1000000E-03           1
|000111010010010110101011011101> :  0.3395013E-05  0.1000000E-03           1
|010010110110001101101001010111> :  0.2359350E-08  0.1000000E-03           1
|010010011100111110000110001111> :  0.1609776E-09  0.1000000E-03           1
|000111010010010101111011001110> :  0.3371703E-08  0.1000000E-03           1
|000011101011111111000010001010> :  0.6692453E-09  0.1000000E-03           1
|010010010111111110111000000011> :  0.1710670E-03  0.1000000E-03           1
|100111010010010101100011011001> :  0.8924483E-04  0.1000000E-03           1
|000111010010000101111001110000> :  0.5766618E-09  0.1000000E-03           1
|010010010111111100111000000010> :  0.2799234E-04  0.1000000E-03           1
|100111001010010110101001001001> :  0.2497152E-06  0.1000000E-03           1
|000111010010000001101101110111> :  0.3191025E-10  0.1000000E-03           1
|000011101011100001011011011010> :  0.5769357E-09  0.1000000E-03           1
|000010110111100001001101100011> :  0.1145530E-08  0.1000000E-03           1
|000001111011110111011010011010> :  0.4823492E-09  0.1000000E-03           1
|010010010010101101100011111001> :  0.9773745E-09  0.1000000E-03           1
|010001111010011100111000001101> :  0.9290218E-09  0.1000000E-03           1
|000111001110011111100011011000> :  0.9583844E-05  0.1000000E-03           1
|010001100010000001111111110100> :  0.1853651E-08  0.1000000E-03           1
|100110011010010100100011011111> :  0.2455241E-07  0.1000000E-03           1
|100110011001111100010010001111> :  0.2703709E-09  0.1000000E-03           1
|010001010101010100111001111001> :  0.6760154E-09  0.1000000E-03           1
|000011101000100000111011111010> :  0.1236770E-08  0.1000000E-03           1
|100110001010110110011011010101> :  0.1367932E-08  0.1000000E-03           1
|100101110110010101100011000001> :  0.6192225E-10  0.1000000E-03           1
|100110011111010010100010010011> :  0.3879065E-09  0.1000000E-03           1
|100110110010101000001101110001> :  0.8523795E-09  0.1000000E-03           1
|010001000111100110011111000011> :  0.6187703E-09  0.1000000E-03           1
|100111001010010101000010011001> :  0.4880836E-04  0.1000000E-03           1
|100101110011010101100011011001> :  0.1722995E-09  0.1000000E-03           1
|100101101010001101100011110010> :  0.3837729E-08  0.1000000E-03           1
|010000111111111010010100100010> :  0.1160283E-08  0.1000000E-03           1
|100111001010010111100011011001> :  0.2452478E-04  0.1000000E-03           1
|100111001010011010000011010011> :  0.3052176E-08  0.1000000E-03           1
|100111010001011111110010011001> :  0.4420608E-09  0.1000000E-03           1
|000111001110010101100011011001> :  0.1944672E-04  0.1000000E-03           1
|100111010101100100101101010101> :  0.1790521E-08  0.1000000E-03           1
|100111010111010000110000101001> :  0.8915185E-09  0.1000000E-03           1
|100111011010000100100011110011> :  0.8683748E-06  0.1000000E-03           1
|100101011101001101010010110100> :  0.1608868E-08  0.1000000E-03           1
|100101011011010100101010101001> :  0.1900265E-08  0.1000000E-03           1
|100111011011000100111010010010> :  0.4696362E-09  0.1000000E-03           1
|100111100000100101000111101101> :  0.1052370E-08  0.1000000E-03           1
|100111110111010101001011001001> :  0.4136927E-08  0.1000000E-03           1
|101000001101111010010000110010> :  0.2532306E-08  0.1000000E-03           1
|101000100100111010101100101110> :  0.4015074E-09  0.1000000E-03           1
|101000101000111011011110111110> :  0.7609392E-09  0.1000000E-03           1
|101000110011111001101101100000> :  0.1756332E-08  0.1000000E-03           1
|101000111111110101010000111100> :  0.1540739E-09  0.1000000E-03           1
|101001010010011011101000100110> :  0.3167026E-09  0.1000000E-03           1
|101001111000010111100001111101> :  0.4085615E-08  0.1000000E-03           1
|101010000001111101100011011011> :  0.1374007E-08  0.1000000E-03           1
|101010001101100101001101110100> :  0.1532178E-08  0.1000000E-03           1
|101010010110001001100100010111> :  0.9480958E-09  0.1000000E-03           1
|101010011110010101110010011011> :  0.1273044E-08  0.1000000E-03           1
|101010100100111000101101111000> :  0.6369522E-09  0.1000000E-03           1
|101010101001111110011000000010> :  0.3349439E-09  0.1000000E-03           1
|101010101101100011000000110101> :  0.3851662E-08  0.1000000E-03           1
|010000111011010101100000011101> :  0.2096486E-08  0.1000000E-03           1
|101010110100111100100000110101> :  0.1383100E-08  0.1000000E-03           1
|101010110101101001000100101010> :  0.8823261E-07  0.1000000E-03           1
|101010111100001001001000110111> :  0.1054819E-08  0.1000000E-03           1
|101011001000101000010011111001> :  0.1754381E-09  0.1000000E-03           1
|101011011010000100011011010010> :  0.2902319E-08  0.1000000E-03           1
|101011011100000111001101011001> :  0.2401016E-08  0.1000000E-03           1
|101100001110000011010011101001> :  0.4099475E-08  0.1000000E-03           1
|101100011010010111110011011001> :  0.2426927E-07  0.1000000E-03           1
|101100100011001011001001101110> :  0.1167671E-08  0.1000000E-03           1
|100101011000010100100111011001> :  0.4162721E-09  0.1000000E-03           1
|101100101010000001111011101100> :  0.1366722E-09  0.1000000E-03           1
|101100101010010001100110111100> :  0.8280129E-06  0.1000000E-03           1
|101100101011010101100111000010> :  0.2107161E-08  0.1000000E-03           1
|101100101101101011100100001110> :  0.4789364E-09  0.1000000E-03           1
|101100111010000001000110110100> :  0.1007880E-04  0.1000000E-03           1
|101101000101001011000001100110> :  0.3691130E-08  0.1000000E-03           1
|101101010100001000101100110101> :  0.1041366E-08  0.1000000E-03           1
|101101101000000001000111111100> :  0.1710670E-03  0.1000000E-03           1
|100100111000101001100110110100> :  0.1185791E-08  0.1000000E-03           1
|010000111001111010011100100110> :  0.2820552E-04  0.1000000E-03           1
|101101101010000001000111111100> :  0.1343945E-05  0.1000000E-03           1
|000011011100111010101101010001> :  0.3023478E-09  0.1000000E-03           1
|101101101010000101000110111101> :  0.5637598E-07  0.1000000E-03           1
|101101101010010001000110110110> :  0.4849625E-06  0.1000000E-03           1
|101101101011000001000110110100> :  0.2552374E-06  0.1000000E-03           1
|101110110101101010100000100110> :  0.4015162E-09  0.1000000E-03           1
|000010110110111110110000010011> :  0.7187125E-10  0.1000000E-03           1
|101111000100100110010101011001> :  0.1859087E-09  0.1000000E-03           1
|101111000110000111000100011101> :  0.6611683E-09  0.1000000E-03           1
|101111001000001001100011011111> :  0.2490947E-09  0.1000000E-03           1
|100100111000000001100011101100> :  0.6600567E-08  0.1000000E-03           1
|101111001100011110110000010101> :  0.9147281E-09  0.1000000E-03           1
|100100110101110011001111101001> :  0.2585075E-08  0.1000000E-03           1
|010000111001111010011100000110> :  0.2588510E-04  0.1000000E-03           1
|101111110100001100111000101000> :  0.2026161E-08  0.1000000E-03           1
|110000000001100101010011111101> :  0.5179041E-09  0.1000000E-03           1
|110000010111111000011001010001> :  0.1202767E-08  0.1000000E-03           1
|110000101010101000001101000110> :  0.1453849E-08  0.1000000E-03           1
|110000110011111000011100001000> :  0.7614513E-08  0.1000000E-03           1
|110000110101100010001101000001> :  0.7648108E-09  0.1000000E-03           1
|110000111011111000110100000010> :  0.2921569E-08  0.1000000E-03           1
|110000111101110110101000000011> :  0.1470068E-08  0.1000000E-03           1
|110001001001011100011011111100> :  0.1750852E-08  0.1000000E-03           1
|110001100001111010011101100010> :  0.2373999E-08  0.1000000E-03           1
|110010010111010110101000001001> :  0.9044975E-05  0.1000000E-03           1
|100100101111100001000110010110> :  0.4193263E-08  0.1000000E-03           1
|110010010111011100111000000010> :  0.3210580E-03  0.1000000E-03           1
|100100100000111001010100110110> :  0.3997813E-09  0.1000000E-03           1
|100011100010000001110111001011> :  0.6627809E-11  0.1000000E-03           1
|110010010111011110001001001011> :  0.1453065E-06  0.1000000E-03           1
|110010010111011110101101000011> :  0.6291933E-07  0.1000000E-03           1
|110010010111011110111001000011> :  0.3387814E-04  0.1000000E-03           1
|100011100000001100100011111101> :  0.3757476E-08  0.1000000E-03           1
|110010110001011100101000000101> :  0.5428843E-08  0.1000000E-03           1
|110011000101001110111100000001> :  0.9730219E-09  0.1000000E-03           1
|110011000101111110001000011000> :  0.8310181E-08  0.1000000E-03           1
|110011001110010101110010011011> :  0.5936819E-08  0.1000000E-03           1
|110011010011011110011001000010> :  0.1084234E-05  0.1000000E-03           1
|110011010111010101101000010010> :  0.2806881E-08  0.1000000E-03           1
|110011110111011100111000000011> :  0.1291982E-06  0.1000000E-03           1
|110100000010011100111010010111> :  0.3033798E-08  0.1000000E-03           1
|110100001001111011000100000111> :  0.3166667E-08  0.1000000E-03           1
|110100001111010111010010011001> :  0.2031218E-03  0.1000000E-03           1
|110100011001010110001000001001> :  0.1001948E-08  0.1000000E-03           1
|110100011010010111111000000101> :  0.1014841E-08  0.1000000E-03           1
|110100011110010111000110110100> :  0.9457005E-08  0.1000000E-03           1
|110100110000101011100100111101> :  0.1072843E-08  0.1000000E-03           1
|110100111001010011110000111100> :  0.2824967E-08  0.1000000E-03           1
|010000110100111100111110101100> :  0.1266519E-08  0.1000000E-03           1
|100011011001111000110000000110> :  0.3200777E-08  0.1000000E-03           1
|100011010111011100111000010010> :  0.6656396E-04  0.1000000E-03           1
|110101011000101010010110000110> :  0.3485614E-09  0.1000000E-03           1
|010000110011011001011100101100> :  0.1591807E-08  0.1000000E-03           1
|110110000111011010111000000101> :  0.9185946E-09  0.1000000E-03           1
|110110010011011101001001011001> :  0.8561782E-09  0.1000000E-03           1
|110110110010011000101111100000> :  0.2585216E-08  0.1000000E-03           1
|110110111110010101010010010100> :  0.2241784E-08  0.1000000E-03           1
|110111001101101000010001010100> :  0.1949095E-08  0.1000000E-03           1
|111000000110001000111001110101> :  0.2330242E-09  0.1000000E-03           1
|111000001010110111010000010110> :  0.6772627E-09  0.1000000E-03           1
|111000010010011000001110110110> :  0.3633477E-08  0.1000000E-03           1
|111000010101111000110000101010> :  0.5926913E-09  0.1000000E-03           1
|111000011001111000010011001110> :  0.1547150E-09  0.1000000E-03           1
|111000100001011110001100000111> :  0.4816793E-09  0.1000000E-03           1
|000111001010010111100001001001> :  0.7865519E-04  0.1000000E-03           1
|111000100101100011110010101100> :  0.1656304E-08  0.1000000E-03           1
|111000100101101010011100100110> :  0.2545806E-04  0.1000000E-03           1
|111000100111001010011100000111> :  0.1293598E-05  0.1000000E-03           1
|000011010111111110111000000010> :  0.2170019E-04  0.1000000E-03           1
|100011010101111111111000001011> :  0.7512972E-05  0.1000000E-03           1
|010000110001111010011100100110> :  0.8327164E-04  0.1000000E-03           1
|100011010101101100110110110010> :  0.3935199E-09  0.1000000E-03           1
|100011010101100110111101000011> :  0.4245261E-08  0.1000000E-03           1
|010000110000101101111010101110> :  0.3849640E-09  0.1000000E-03           1
|111000110101101000011110110110> :  0.7865519E-04  0.1000000E-03           1
|111000110101101001010100100010> :  0.2714467E-05  0.1000000E-03           1
|000111001010010111000010011001> :  0.8181126E-04  0.1000000E-03           1
|111000110111001000011100100101> :  0.7915446E-06  0.1000000E-03           1
|111000110111101000011100001110> :  0.2527880E-04  0.1000000E-03           1
|111000110111101000011100101110> :  0.2574783E-04  0.1000000E-03           1
|111000110111101010001100001100> :  0.2120077E-06  0.1000000E-03           1
|111000111011110010001001001101> :  0.2208625E-08  0.1000000E-03           1
|111000111100111010000110100110> :  0.1767547E-08  0.1000000E-03           1
|111000111110001111001000101100> :  0.2704817E-08  0.1000000E-03           1
|111001001110010101011101010100> :  0.2463319E-08  0.1000000E-03           1
|111001100101101010010100100010> :  0.2217930E-06  0.1000000E-03           1
|111001101011110011010010011010> :  0.2638251E-09  0.1000000E-03           1
|111001101110000011001111110100> :  0.2355048E-08  0.1000000E-03           1
|111001110100101001100100100110> :  0.4538375E-08  0.1000000E-03           1
|111010010001110000011110100111> :  0.1983825E-09  0.1000000E-03           1
|111010010110001101100010101001> :  0.1335680E-08  0.1000000E-03           1
|111010100000001001101111000111> :  0.5764578E-10  0.1000000E-03           1
|100011010010010100111011011001> :  0.5685560E-04  0.1000000E-03           1
|111010100101000011001100101000> :  0.6923617E-09  0.1000000E-03           1
|111010110001011100001001100110> :  0.9197334E-09  0.1000000E-03           1
|111010110101101000010100100010> :  0.8655101E-05  0.1000000E-03           1
|111010110110001110001110000100> :  0.2706186E-09  0.1000000E-03           1
|111010111100101110001100001100> :  0.1508876E-08  0.1000000E-03           1
|111011001000101100011101110011> :  0.5011623E-09  0.1000000E-03           1
|111011010010001100001111011101> :  0.1737835E-08  0.1000000E-03           1
|010000011000111110111000110101> :  0.6865275E-09  0.1000000E-03           1
|111011100100101010101101100011> :  0.2311635E-08  0.1000000E-03           1
|111011101101010011010011000101> :  0.4163780E-11  0.1000000E-03           1
|111100000100000101110000111111> :  0.1424563E-08  0.1000000E-03           1
|100011010001111011110010110110> :  0.1062256E-08  0.1000000E-03           1
|111100001101100110011101100101> :  0.1206506E-08  0.1000000E-03           1
|111100010111010000011100110000> :  0.3671490E-09  0.1000000E-03           1
|111100100000000101010111011111> :  0.2826294E-08  0.1000000E-03           1
|100011001011010101100111011001> :  0.1320704E-07  0.1000000E-03           1
|111100100101010111000011100001> :  0.4439671E-11  0.1000000E-03           1
|111100101001100001100111110100> :  0.5022183E-07  0.1000000E-03           1
|010000001101111011000010000110> :  0.4400946E-08  0.1000000E-03           1
|000111001010010101110011011001> :  0.1464058E-03  0.1000000E-03           1
|000011010111111100111000001111> :  0.8254498E-05  0.1000000E-03           1
|111100101100001001000100101111> :  0.1449401E-08  0.1000000E-03           1
|111100101110000001000111110100> :  0.1333944E-03  0.1000000E-03           1
|111100101110000011000001110101> :  0.1310001E-03  0.1000000E-03           1
|000010101100110010101111011011> :  0.1524032E-08  0.1000000E-03           1
|000001111001101001000101111100> :  0.4468252E-07  0.1000000E-03           1
|111100110001000011000110111101> :  0.1555887E-07  0.1000000E-03           1
|111100110110000011110000111000> :  0.1529366E-08  0.1000000E-03           1
|111100111100011001010000111100> :  0.5559472E-08  0.1000000E-03           1
|111100111101000001010110110100> :  0.1926636E-07  0.1000000E-03           1
|111100111111000001010110110100> :  0.2607846E-07  0.1000000E-03           1
|000000110101111010111100100110> :  0.1293337E-03  0.1000000E-03           1
|111101001010000111010110110001> :  0.1397282E-07  0.1000000E-03           1
|111101001011011101011000000000> :  0.3878712E-08  0.1000000E-03           1
|111101001101011000111000000110> :  0.2027328E-08  0.1000000E-03           1
|000000101010110110011111110010> :  0.8431456E-10  0.1000000E-03           1
|111101100100100001010110111100> :  0.5213382E-08  0.1000000E-03           1
|111101101110101011000111000100> :  0.2508855E-08  0.1000000E-03           1
|111110001010100000000110011101> :  0.6240972E-08  0.1000000E-03           1
|111110100101001100001100100111> :  0.1502814E-08  0.1000000E-03           1
|111110101010010101000011010100> :  0.2751936E-05  0.1000000E-03           1
|111111000111101100101001000001> :  0.2501663E-08  0.1000000E-03           1
|111111001010000101000011011001> :  0.1293337E-03  0.1000000E-03           1
|111111001101001011010000001111> :  0.9557364E-09  0.1000000E-03           1
|111111001110000111000011010001> :  0.5572472E-06  0.1000000E-03           1
|111111010001011010101000000011> :  0.1830838E-08  0.1000000E-03           1
|111111111011001100011000000100> :  0.3112115E-08  0.1000000E-03           1
|000000100010011011111101100110> :  0.1336163E-09  0.1000000E-03           1
