# state, exact probability, frequency, count:
#------------------------------------------------------------------
|001110110010111100100011111000> :  0.1307676E+00  0.1297000E+00        1297
|110001001101000011011100000111> :  0.1307676E+00  0.1276000E+00        1276
|110101001001000011011100000111> :  0.1252719E+00  0.1273000E+00        1273
|001010110110111100100011111000> :  0.1252719E+00  0.1243000E+00        1243
|010001000110111100011110000010> :  0.6013368E-01  0.6200000E-01         620
|101110111001000011100001111101> :  0.6013368E-01  0.5970000E-01         597
|110001000111000011011100000111> :  0.4732080E-01  0.4840000E-01         484
|001110111000111100100011111000> :  0.4732080E-01  0.4510000E-01         451
|001010010110111100110010101000> :  0.2725924E-01  0.2710000E-01         271
|110101101001000011001101010111> :  0.2725924E-01  0.2520000E-01         252
|100110111011000010001001110111> :  0.6881586E-02  0.8800000E-02          88
|011001000100111101110110001000> :  0.6881586E-02  0.7400000E-02          74
|011010000100111101110110001000> :  0.5988580E-02  0.7200000E-02          72
|110001000110100011011101000111> :  0.6490229E-02  0.7100000E-02          71
|001110111001011100100010111000> :  0.6490229E-02  0.6900000E-02          69
|011000000110111100110110011000> :  0.4093603E-02  0.6600000E-02          66
|100101111011000010001001110111> :  0.5988580E-02  0.6200000E-02          62
|100111111011000010001001100111> :  0.5610809E-02  0.5600000E-02          56
|011001000110111100110110001000> :  0.4372550E-02  0.5300000E-02          53
|011000000100111101110110011000> :  0.5610809E-02  0.5000000E-02          50
|100101111001000011001001110111> :  0.4065592E-02  0.4100000E-02          41
|100110111001000011001001110111> :  0.4372550E-02  0.3800000E-02          38
|100111111001000011001001100111> :  0.4093603E-02  0.3600000E-02          36
|001110111001010100100011111000> :  0.3707079E-02  0.3600000E-02          36
|011010000110111100110110001000> :  0.4065592E-02  0.3400000E-02          34
|000101111011010010001001110111> :  0.2616839E-02  0.2900000E-02          29
|110001000110101011011100000111> :  0.3707079E-02  0.2900000E-02          29
|110001000111000010011100000111> :  0.2809429E-02  0.2800000E-02          28
|001110111000111101100011111000> :  0.2809429E-02  0.2600000E-02          26
|001110110010111100110010101000> :  0.2483364E-02  0.2600000E-02          26
|100110111011000010000001111111> :  0.1967341E-02  0.2500000E-02          25
|000110111011010010001001110111> :  0.2721887E-02  0.2500000E-02          25
|111001000100101101110110001000> :  0.2721887E-02  0.2500000E-02          25
|001010010110111100110110101000> :  0.2582851E-02  0.2500000E-02          25
|000111111011010010001001100111> :  0.2026076E-02  0.2300000E-02          23
|110101101001000011001001010111> :  0.2582851E-02  0.2200000E-02          22
|001110111001011100110010101000> :  0.1891757E-02  0.2200000E-02          22
|000010010110111100110010101000> :  0.1980820E-02  0.2100000E-02          21
|111010000100101101110110001000> :  0.2616839E-02  0.2100000E-02          21
|110001000111100011011100000111> :  0.2324930E-02  0.2100000E-02          21
|111101101001000011001101010111> :  0.1980820E-02  0.2000000E-02          20
|011001000100111101111110000000> :  0.1967341E-02  0.2000000E-02          20
|110001000111000011001101010111> :  0.1206612E-02  0.1900000E-02          19
|111000000100101101110110011000> :  0.2026076E-02  0.1700000E-02          17
|001110111000011100100011111000> :  0.2324930E-02  0.1600000E-02          16
|110001000110100011001101010111> :  0.1891757E-02  0.1600000E-02          16
|110001001101000011001101010111> :  0.2483364E-02  0.1500000E-02          15
|111001001101000011011100000111> :  0.1224717E-02  0.1500000E-02          15
|000010110110111100100011111000> :  0.1091572E-02  0.1400000E-02          14
|000011010110111100011010100010> :  0.5964551E-03  0.1300000E-02          13
|100110111001000011000001111111> :  0.1133686E-02  0.1300000E-02          13
|000011010110111100110010100010> :  0.9136414E-03  0.1300000E-02          13
|001110111000111100110010101000> :  0.1206612E-02  0.1200000E-02          12
|110001000110111010011100000011> :  0.6937482E-03  0.1200000E-02          12
|111001000100101101111110000000> :  0.8102289E-03  0.1200000E-02          12
|001010010100111101110110001000> :  0.8281260E-03  0.1100000E-02          11
|011001000110111100111110000000> :  0.1133686E-02  0.1100000E-02          11
|111101001001000011011100000111> :  0.1091572E-02  0.1100000E-02          11
|011100111000111101100011011000> :  0.8118115E-03  0.1000000E-02          10
|001110111010111100100011111000> :  0.7956779E-03  0.1000000E-02          10
|001010110110111100110010101000> :  0.5500928E-03  0.1000000E-02          10
|111100101001000011100101011101> :  0.5964551E-03  0.9000000E-03           9
|101010111000101101100011111000> :  0.4703380E-03  0.9000000E-03           9
|011001000100111101011110000010> :  0.6221163E-03  0.9000000E-03           9
|110001000111001011011100000111> :  0.7726013E-03  0.9000000E-03           9
|101010110110111100100011111000> :  0.9726801E-03  0.9000000E-03           9
|111100101001000011001101011101> :  0.9136414E-03  0.9000000E-03           9
|000110111011010010100001111101> :  0.7256784E-03  0.9000000E-03           9
|000110111011010010000001111111> :  0.8102289E-03  0.9000000E-03           9
|101010010100101101110110001000> :  0.4700186E-03  0.8000000E-03           8
|000111111011010010011000100111> :  0.2287512E-03  0.8000000E-03           8
|001110110010111100100011101000> :  0.4019926E-03  0.8000000E-03           8
|100011000111000010011100100111> :  0.8118115E-03  0.8000000E-03           8
|100111111011000010011000100111> :  0.6254586E-03  0.8000000E-03           8
|110001000110101001011110000011> :  0.8913427E-03  0.8000000E-03           8
|111001000100101101011110000010> :  0.7256784E-03  0.8000000E-03           8
|110001000111011010011100000011> :  0.6697467E-03  0.8000000E-03           8
|110001000111000111011100000111> :  0.6090839E-03  0.8000000E-03           8
|110001000101000011011100000111> :  0.7956779E-03  0.8000000E-03           8
|111100111001000011100001011101> :  0.7959703E-03  0.8000000E-03           8
|000110111011010110100001111100> :  0.5213088E-03  0.7000000E-03           7
|001110111000111000100011111000> :  0.6090839E-03  0.7000000E-03           7
|100110111011000010100001111101> :  0.6221163E-03  0.7000000E-03           7
|010001000111011110011100000011> :  0.7703307E-03  0.7000000E-03           7
|110001001101000111011100000111> :  0.5161936E-03  0.7000000E-03           7
|000011000110111100011110100010> :  0.7959703E-03  0.7000000E-03           7
|111001000100101001011110000011> :  0.5213088E-03  0.7000000E-03           7
|010001000110111100001111010010> :  0.3705057E-03  0.7000000E-03           7
|110001000110111000011110000011> :  0.5555193E-03  0.7000000E-03           7
|100111111001000011011000100111> :  0.6165370E-03  0.6000000E-03           6
|001110111000111100100010111000> :  0.5251059E-03  0.6000000E-03           6
|110001001101000011011100010111> :  0.4019926E-03  0.6000000E-03           6
|010101000111011010011100000011> :  0.5728044E-03  0.6000000E-03           6
|010101001001000011011100000111> :  0.9726801E-03  0.6000000E-03           6
|111001000100101001011100000111> :  0.3082227E-03  0.6000000E-03           6
|110101101011000010001001110111> :  0.8281260E-03  0.6000000E-03           6
|011000000110111100100111011000> :  0.6165370E-03  0.6000000E-03           6
|001110111000100101100011111100> :  0.6697467E-03  0.5000000E-03           5
|001110110010111100100010111000> :  0.3012770E-03  0.5000000E-03           5
|001110111001000101100011111100> :  0.6937482E-03  0.5000000E-03           5
|101110111000100001100001111101> :  0.2710761E-03  0.5000000E-03           5
|110101101001000011011100000111> :  0.1313131E-03  0.5000000E-03           5
|110101001001000011001101010111> :  0.5500928E-03  0.5000000E-03           5
|110001001101001011011100000111> :  0.3482836E-03  0.5000000E-03           5
|101110111000100001100011111100> :  0.7703307E-03  0.5000000E-03           5
|001100110010111100100011111000> :  0.5224749E-03  0.5000000E-03           5
|110101101001000011001001110111> :  0.2550554E-03  0.5000000E-03           5
|101110111000101001100011111000> :  0.5481070E-03  0.4000000E-03           4
|001110110010111000100011111000> :  0.5161936E-03  0.4000000E-03           4
|101010111000100101100011111100> :  0.5728044E-03  0.4000000E-03           4
|001110111000110100100011111000> :  0.7726013E-03  0.4000000E-03           4
|101010111001000111100001111100> :  0.3034928E-03  0.4000000E-03           4
|001011010110111100110010101000> :  0.8129549E-03  0.4000000E-03           4
|001110110000111100100011111000> :  0.2739301E-03  0.4000000E-03           4
|001110111001010110100001111100> :  0.8913427E-03  0.4000000E-03           4
|001010010110111100110110001000> :  0.2550554E-03  0.4000000E-03           4
|010101101011010010001001110111> :  0.4700186E-03  0.4000000E-03           4
|011000000100111101100111011000> :  0.6254586E-03  0.4000000E-03           4
|010101000110111010011100000011> :  0.4204008E-03  0.4000000E-03           4
|010001000111010110011100000111> :  0.5481070E-03  0.4000000E-03           4
|110001000111010010011100000111> :  0.1926838E-03  0.4000000E-03           4
|010001000110111101011110000010> :  0.1791109E-03  0.4000000E-03           4
|110001000110101101011110000010> :  0.5027841E-03  0.4000000E-03           4
|000010110110111100100011111010> :  0.1565600E-03  0.4000000E-03           4
|101110111001000011100001111100> :  0.1584970E-03  0.4000000E-03           4
|000110110010111100100011111000> :  0.1224717E-02  0.3000000E-03           3
|100011000111000011011100000111> :  0.1695494E-03  0.3000000E-03           3
|001110111001010010100001111101> :  0.5027841E-03  0.3000000E-03           3
|001110111000111101100011011000> :  0.8521282E-04  0.3000000E-03           3
|101110111001000001100011111100> :  0.4025532E-03  0.3000000E-03           3
|110001001101000011011101000111> :  0.3012770E-03  0.3000000E-03           3
|010101000110111000011110000011> :  0.3034928E-03  0.3000000E-03           3
|110101001001000011011100010111> :  0.4449439E-03  0.3000000E-03           3
|110101101000000011001101010111> :  0.2890479E-03  0.3000000E-03           3
|110100101001000011001101010111> :  0.8129549E-03  0.3000000E-03           3
|111000000100101101100111011000> :  0.2287512E-03  0.3000000E-03           3
|110011001101000011011100000111> :  0.5224749E-03  0.3000000E-03           3
|001010110110111100100010111000> :  0.7190413E-04  0.3000000E-03           3
|010001000111011110011110000010> :  0.2710761E-03  0.3000000E-03           3
|000101110010111000001011110011> :  0.8886283E-04  0.3000000E-03           3
|111000001101000101110110011100> :  0.1264236E-03  0.3000000E-03           3
|111001001101001101110110001000> :  0.1089741E-03  0.3000000E-03           3
|111010001101000101110110001100> :  0.1317872E-03  0.3000000E-03           3
|111010001101001101110110001000> :  0.1151824E-03  0.3000000E-03           3
|000110110010110010001001110111> :  0.1089741E-03  0.3000000E-03           3
|101110111001000011110000101101> :  0.3705057E-03  0.3000000E-03           3
|001110111001010100100011111100> :  0.1577395E-03  0.2000000E-03           2
|101010111001000101100011111100> :  0.4204008E-03  0.2000000E-03           2
|001110110110111100100011111000> :  0.3928220E-03  0.2000000E-03           2
|100101110010100010001001110111> :  0.6990856E-04  0.2000000E-03           2
|100011010111000010011000100111> :  0.2841601E-03  0.2000000E-03           2
|100011000111011010011100100011> :  0.2717593E-04  0.2000000E-03           2
|101010010110111100110010101000> :  0.2104608E-03  0.2000000E-03           2
|001010010100111100110010101000> :  0.4000792E-04  0.2000000E-03           2
|011100111000111100100011111000> :  0.1695494E-03  0.2000000E-03           2
|001110111001000111100001111100> :  0.5555193E-03  0.2000000E-03           2
|111001001101000011011100000101> :  0.1499884E-03  0.2000000E-03           2
|011001000110111100011110000010> :  0.1788322E-03  0.2000000E-03           2
|111000001101000011110100011101> :  0.8092156E-04  0.2000000E-03           2
|110111001001000011011100000111> :  0.9656799E-04  0.2000000E-03           2
|110101001001000011011101000111> :  0.7190413E-04  0.2000000E-03           2
|010101001011010010011100000111> :  0.1332976E-03  0.2000000E-03           2
|010101000111010010011100000111> :  0.4703380E-03  0.2000000E-03           2
|000110111011011110100010111000> :  0.9013030E-04  0.2000000E-03           2
|010101100010110010001001110111> :  0.4828818E-04  0.2000000E-03           2
|000101111010011010001001110011> :  0.7519451E-04  0.2000000E-03           2
|010101101010011010001001110011> :  0.3070044E-04  0.2000000E-03           2
|000110111011010110100011111000> :  0.3082227E-03  0.2000000E-03           2
|110101111001000011001001010111> :  0.1421016E-03  0.2000000E-03           2
|010011000110111100011110000010> :  0.8216057E-04  0.2000000E-03           2
|001010110110111100100011101000> :  0.4449439E-03  0.2000000E-03           2
|001010110110111100001011110001> :  0.9955162E-06  0.2000000E-03           2
|010001000110111110011100000011> :  0.4025532E-03  0.2000000E-03           2
|010001000110111100011110000011> :  0.1584970E-03  0.2000000E-03           2
|111001000101100001011100000111> :  0.1122302E-03  0.2000000E-03           2
|111000111000100101100011011100> :  0.3188980E-04  0.2000000E-03           2
|001110010110111100110010101000> :  0.3139856E-04  0.2000000E-03           2
|111010001101000111110100001100> :  0.8886283E-04  0.2000000E-03           2
|111001001101000101110110001100> :  0.1343014E-03  0.2000000E-03           2
|011100101000111101100111011000> :  0.2841601E-03  0.2000000E-03           2
|000110111010011110100011111000> :  0.1122302E-03  0.2000000E-03           2
|001110111001010110100011111000> :  0.1174298E-03  0.1000000E-03           1
|101110111001000011001001111110> :  0.1735892E-05  0.1000000E-03           1
|101110111001000011001001100110> :  0.9971861E-07  0.1000000E-03           1
|001110111001010101100011111000> :  0.7033647E-04  0.1000000E-03           1
|101110111000111000100011111000> :  0.5157326E-04  0.1000000E-03           1
|000110111010011010001001110011> :  0.7694928E-04  0.1000000E-03           1
|101110111000000011100001111101> :  0.6757181E-04  0.1000000E-03           1
|001110111001010010110000101101> :  0.3804852E-05  0.1000000E-03           1
|101110010100101001010101001111> :  0.6644253E-09  0.1000000E-03           1
|101010111111011100100011111000> :  0.4271820E-06  0.1000000E-03           1
|001010010110111100100011111000> :  0.1313131E-03  0.1000000E-03           1
|000110111010010010001001110111> :  0.2295899E-04  0.1000000E-03           1
|000011110110111100001011100010> :  0.2494467E-04  0.1000000E-03           1
|101010111000111100100011111000> :  0.5011052E-04  0.1000000E-03           1
|001110111001000011100001111101> :  0.8144431E-04  0.1000000E-03           1
|101010110100100101100011111100> :  0.9670408E-04  0.1000000E-03           1
|101010011101000101110110001100> :  0.5085748E-04  0.1000000E-03           1
|000110110010111100101011100000> :  0.1339188E-05  0.1000000E-03           1
|001110111000111101100010111000> :  0.9123825E-05  0.1000000E-03           1
|101000111000100101100011111100> :  0.2485913E-05  0.1000000E-03           1
|001010000110111100011010100000> :  0.2520763E-05  0.1000000E-03           1
|100111111010000010001001100111> :  0.5978835E-05  0.1000000E-03           1
|001110111000111100100011111100> :  0.9074383E-06  0.1000000E-03           1
|001001110110111100101011100010> :  0.2885389E-05  0.1000000E-03           1
|000011010110111100110010101000> :  0.5247546E-04  0.1000000E-03           1
|100110111011000010001011110010> :  0.2412262E-06  0.1000000E-03           1
|001001000100111101011010100010> :  0.7023146E-06  0.1000000E-03           1
|100110111001000011100001111101> :  0.1788322E-03  0.1000000E-03           1
|100110110011010011100001111100> :  0.2735562E-08  0.1000000E-03           1
|001000110110111100100011111000> :  0.9656799E-04  0.1000000E-03           1
|000110110010111010000001111011> :  0.4365586E-04  0.1000000E-03           1
|100110110010100010001001110111> :  0.6526900E-04  0.1000000E-03           1
|100101111011000110100011110100> :  0.1186631E-07  0.1000000E-03           1
|001000110100111100100011111000> :  0.1529665E-06  0.1000000E-03           1
|100101001001000010011100000111> :  0.4210418E-06  0.1000000E-03           1
|001110110110110010100001111000> :  0.5422504E-08  0.1000000E-03           1
|100100001001000011110100111101> :  0.5471000E-08  0.1000000E-03           1
|100011111111100001011000100111> :  0.2506709E-09  0.1000000E-03           1
|001000010110111100100011111000> :  0.5567138E-06  0.1000000E-03           1
|000110110010111000001011110011> :  0.8973112E-04  0.1000000E-03           1
|100011010111000010011001100111> :  0.5415568E-06  0.1000000E-03           1
|100010111101010110100011111000> :  0.1600230E-07  0.1000000E-03           1
|100010110110100000100011111100> :  0.5924841E-08  0.1000000E-03           1
|100010110010111000001011111001> :  0.3139367E-07  0.1000000E-03           1
|001110110010111100100001111000> :  0.3147539E-05  0.1000000E-03           1
|000110110010111000000011111011> :  0.2383272E-04  0.1000000E-03           1
|100010011001000010110000111101> :  0.1093833E-07  0.1000000E-03           1
|100001010111000011010000000111> :  0.4881973E-05  0.1000000E-03           1
|001110110010111100001011111011> :  0.4687858E-05  0.1000000E-03           1
|011110110010111101100111011000> :  0.1782302E-04  0.1000000E-03           1
|011110010101111001110010101000> :  0.1418804E-08  0.1000000E-03           1
|001110110010111000100011111001> :  0.2461355E-04  0.1000000E-03           1
|000111111010011110001011101010> :  0.4024216E-08  0.1000000E-03           1
|011101111001010001001101010101> :  0.6031433E-09  0.1000000E-03           1
|011100111001000101100011011100> :  0.3368450E-04  0.1000000E-03           1
|111111111001000010110000001101> :  0.5304808E-08  0.1000000E-03           1
|111101101001000011001101010101> :  0.9373242E-04  0.1000000E-03           1
|111101101000101001001011010101> :  0.5990608E-09  0.1000000E-03           1
|101100111001000011100001111101> :  0.8216057E-04  0.1000000E-03           1
|001110110010110100100011111000> :  0.3482836E-03  0.1000000E-03           1
|101110110010101100100011111100> :  0.6557054E-05  0.1000000E-03           1
|000111111010011010001001100011> :  0.5613308E-04  0.1000000E-03           1
|000010110110111100001011110010> :  0.1531958E-04  0.1000000E-03           1
|011100110010111100100011111000> :  0.4158403E-04  0.1000000E-03           1
|011100101001000111100101011100> :  0.1663336E-04  0.1000000E-03           1
|001110110010101000001001110111> :  0.1586215E-07  0.1000000E-03           1
|111101000011000011011100000111> :  0.5333101E-05  0.1000000E-03           1
|101110111001000010100001111101> :  0.1791109E-03  0.1000000E-03           1
|101110111001000011000001111101> :  0.6362431E-04  0.1000000E-03           1
|011100100010111100001111110010> :  0.2729303E-06  0.1000000E-03           1
|000111110010111100110010100010> :  0.7566526E-05  0.1000000E-03           1
|101110111001000011100000111101> :  0.9581771E-04  0.1000000E-03           1
|101110111001000011100001101101> :  0.1855929E-03  0.1000000E-03           1
|011100011000111100110010101000> :  0.1703600E-07  0.1000000E-03           1
|011100001000111101110110011000> :  0.6835701E-05  0.1000000E-03           1
|001110100010111101100011111000> :  0.2934076E-05  0.1000000E-03           1
|011011000100111101100111010000> :  0.3880799E-07  0.1000000E-03           1
|011010110110111100100011111000> :  0.4156133E-05  0.1000000E-03           1
|001110010110111100110011101000> :  0.2855534E-06  0.1000000E-03           1
|000111110010111010001001100011> :  0.1264236E-03  0.1000000E-03           1
|000110110000111100100011111010> :  0.4836470E-05  0.1000000E-03           1
|011010010111110100100011101000> :  0.2904410E-08  0.1000000E-03           1
|111001100111100000001101010101> :  0.1980344E-07  0.1000000E-03           1
|011010001101011101110110001000> :  0.6990856E-04  0.1000000E-03           1
|111001100110101101001011011000> :  0.8627797E-09  0.1000000E-03           1
|111001001101000101111110000100> :  0.4365586E-04  0.1000000E-03           1
|001110010010110100110010111000> :  0.4139712E-05  0.1000000E-03           1
|000111110010110010001001100111> :  0.8263479E-04  0.1000000E-03           1
|011001001001010100011111000110> :  0.3581427E-08  0.1000000E-03           1
|001101010010111100110011111000> :  0.9384894E-06  0.1000000E-03           1
|111001001100101101011110001000> :  0.2949882E-08  0.1000000E-03           1
|111001000101101101111110000000> :  0.8400960E-05  0.1000000E-03           1
|111001000101101101110110001000> :  0.2295899E-04  0.1000000E-03           1
|001100111000111101100011111000> :  0.4634376E-04  0.1000000E-03           1
|000111010110111100011010100010> :  0.4461053E-05  0.1000000E-03           1
|111001000101100101110110001100> :  0.7694928E-04  0.1000000E-03           1
|111001000100101101110110001100> :  0.4951958E-05  0.1000000E-03           1
|001100110010111100110011110000> :  0.3638386E-07  0.1000000E-03           1
|011000110110111100100011101000> :  0.5059427E-05  0.1000000E-03           1
|001100110010111100110011101000> :  0.5869916E-05  0.1000000E-03           1
|000111001011010010011100100111> :  0.8076552E-05  0.1000000E-03           1
|011000001101011101110110011000> :  0.4216599E-04  0.1000000E-03           1
|111000101001000101100111011100> :  0.3479540E-04  0.1000000E-03           1
|111000011100101001110110011010> :  0.1433117E-09  0.1000000E-03           1
|111000001101000111110100011100> :  0.9914150E-04  0.1000000E-03           1
|001100110010111100100010111000> :  0.1239426E-05  0.1000000E-03           1
|000111000111011010011100100011> :  0.3188980E-04  0.1000000E-03           1
|000101111011010010000001110011> :  0.6206330E-07  0.1000000E-03           1
|010111001000111011011101000001> :  0.1002866E-09  0.1000000E-03           1
|001011110110111100100011101000> :  0.2896593E-04  0.1000000E-03           1
|110101101011000010001101010111> :  0.1751557E-04  0.1000000E-03           1
|010101101011011000001010110110> :  0.5820274E-09  0.1000000E-03           1
|000111000111010010011100100111> :  0.1553833E-04  0.1000000E-03           1
|010101101010011010001101010011> :  0.7010217E-05  0.1000000E-03           1
|110101101000100011001101010111> :  0.3196028E-04  0.1000000E-03           1
|001011010110111100011000100001> :  0.2679704E-07  0.1000000E-03           1
|010101101001000011001101010111> :  0.2104608E-03  0.1000000E-03           1
|110101001101000011011100000111> :  0.1829407E-04  0.1000000E-03           1
|110101001011000011011100000111> :  0.6621925E-04  0.1000000E-03           1
|001011000100111101011010000000> :  0.4648712E-07  0.1000000E-03           1
|000110111111010100100011111000> :  0.1701549E-06  0.1000000E-03           1
|000010111011010110100001111100> :  0.1840104E-05  0.1000000E-03           1
|000010110100101101100011111000> :  0.2154751E-05  0.1000000E-03           1
|110101001001000011110100001111> :  0.4821955E-05  0.1000000E-03           1
|001010111111011100100011111000> :  0.8212432E-05  0.1000000E-03           1
|110101001001000011001100000111> :  0.4292134E-05  0.1000000E-03           1
|110101000111000010011100000111> :  0.1191521E-04  0.1000000E-03           1
|001010111110111000100011111000> :  0.3278133E-05  0.1000000E-03           1
|110101000101100001011100000101> :  0.2048568E-07  0.1000000E-03           1
|110100101001000011001101011111> :  0.1019330E-03  0.1000000E-03           1
|010101000111000011011100000111> :  0.5011052E-04  0.1000000E-03           1
|010101000110111110011110110110> :  0.7171421E-09  0.1000000E-03           1
|001010111100011110100011111010> :  0.6296385E-06  0.1000000E-03           1
|110011000111000010011100000111> :  0.4634376E-04  0.1000000E-03           1
|110010001101000011011100000111> :  0.9577292E-05  0.1000000E-03           1
|110001101100001011011101000111> :  0.2232528E-06  0.1000000E-03           1
|110101001001000111011110000110> :  0.5180022E-05  0.1000000E-03           1
|110001101000001011001100000011> :  0.7175598E-06  0.1000000E-03           1
|000101110010111010001001110011> :  0.1317872E-03  0.1000000E-03           1
|110101100010100010001001110111> :  0.2642705E-04  0.1000000E-03           1
|110101100101000011011101000111> :  0.5685496E-06  0.1000000E-03           1
|110001100001000011011000000111> :  0.2087067E-05  0.1000000E-03           1
|110001011101000011110100001111> :  0.6759328E-05  0.1000000E-03           1
|010101000110110010001101010111> :  0.1091053E-04  0.1000000E-03           1
|110001011101000011011100100111> :  0.3315750E-05  0.1000000E-03           1
|110001011011000010001101010111> :  0.9076081E-08  0.1000000E-03           1
|010100001010111000010111011011> :  0.1134461E-09  0.1000000E-03           1
|110001001111101001011100000111> :  0.4728696E-07  0.1000000E-03           1
|110001001111000011011100000111> :  0.2739301E-03  0.1000000E-03           1
|110101101011000011001101010111> :  0.4000792E-04  0.1000000E-03           1
|010001101010011100011110000010> :  0.4472398E-06  0.1000000E-03           1
|010001001101010101110110001000> :  0.1937510E-07  0.1000000E-03           1
|110001001100000011011100000111> :  0.4279891E-05  0.1000000E-03           1
|110001001001000011011100000111> :  0.3928220E-03  0.1000000E-03           1
|110001000111011010011111000011> :  0.9088809E-07  0.1000000E-03           1
|000010110110111110100111011001> :  0.7266393E-10  0.1000000E-03           1
|010001000111000111011100000111> :  0.5157326E-04  0.1000000E-03           1
|001010110110111100000011111011> :  0.4233308E-05  0.1000000E-03           1
|110001000111000111011100000110> :  0.3030769E-04  0.1000000E-03           1
|110001000111000011011101000111> :  0.5251059E-03  0.1000000E-03           1
|111001000100100101110111001100> :  0.1680626E-04  0.1000000E-03           1
|110001000111000011010100000101> :  0.1164662E-05  0.1000000E-03           1
|001010110110100100100010111100> :  0.1324649E-05  0.1000000E-03           1
|110001000111000010011100100111> :  0.8521282E-04  0.1000000E-03           1
|110001000110111100011110000010> :  0.8144431E-04  0.1000000E-03           1
|001010110110011110100001111000> :  0.4246521E-05  0.1000000E-03           1
|010000000110111100011110001000> :  0.3098477E-05  0.1000000E-03           1
|001111111000111100101011110010> :  0.2524200E-05  0.1000000E-03           1
|001010100110111100001011111010> :  0.2072413E-05  0.1000000E-03           1
|000101110010110010001001110111> :  0.1151824E-03  0.1000000E-03           1
|110001000110101011011100000011> :  0.1577395E-03  0.1000000E-03           1
|001111110010111100100011110010> :  0.5876509E-05  0.1000000E-03           1
|111001001101000010011110000111> :  0.5713372E-07  0.1000000E-03           1
|110001000110101001011100000111> :  0.1174298E-03  0.1000000E-03           1
|110001000110100111011101000111> :  0.5367300E-05  0.1000000E-03           1
|111001001101000011110100001101> :  0.6001155E-04  0.1000000E-03           1
|001111011001110100110010111000> :  0.9928920E-09  0.1000000E-03           1
|001010011101011100110010101000> :  0.4394982E-04  0.1000000E-03           1
|111001001101000111110100001100> :  0.8973112E-04  0.1000000E-03           1
|001110111011011100100010111000> :  0.4384781E-04  0.1000000E-03           1
|110001000110100001011101000111> :  0.1126887E-04  0.1000000E-03           1
|001010010111111100110010101000> :  0.2890479E-03  0.1000000E-03           1
|000110111010111111100011111000> :  0.1498805E-05  0.1000000E-03           1
|111010000101100101110110001100> :  0.7519451E-04  0.1000000E-03           1
|111010000101101101110110001000> :  0.2598831E-04  0.1000000E-03           1
|110001000100101011011100000111> :  0.5048226E-04  0.1000000E-03           1
|110001000100100011011101000111> :  0.4384781E-04  0.1000000E-03           1
|001110111001011101100010111000> :  0.5433139E-04  0.1000000E-03           1
|111010010110100101100011011100> :  0.1035666E-06  0.1000000E-03           1
|111011110101100001001011100111> :  0.1407463E-10  0.1000000E-03           1
|111100001001000011011100010111> :  0.5376242E-06  0.1000000E-03           1
|111100101000101001100111011000> :  0.3524910E-05  0.1000000E-03           1
|111100101001000001100111011100> :  0.1719541E-04  0.1000000E-03           1
|110001000010101011011110000111> :  0.9487603E-08  0.1000000E-03           1
|110000001101000011011100010111> :  0.2841974E-04  0.1000000E-03           1
|001010010111011100110010101000> :  0.3196028E-04  0.1000000E-03           1
|110000000111000011010100001101> :  0.2524200E-05  0.1000000E-03           1
|111101001001000011011100000101> :  0.1565600E-03  0.1000000E-03           1
|001110111001011010100000111001> :  0.4441157E-05  0.1000000E-03           1
|111101001001000111110100000100> :  0.1982310E-06  0.1000000E-03           1
|111101001010101001011110000111> :  0.2839996E-07  0.1000000E-03           1
|001010010110111110110010101000> :  0.9532780E-06  0.1000000E-03           1
|000100111010111100101011110010> :  0.3611517E-06  0.1000000E-03           1
|000010010110111100110010101010> :  0.9373242E-04  0.1000000E-03           1
|000010010101011110110000101001> :  0.2810142E-08  0.1000000E-03           1
|000001110110111100100011110010> :  0.1248237E-04  0.1000000E-03           1
