# state, exact probability, frequency, count:
#------------------------------------------------------------------
|110001000000011011000011000001> :  0.8566279E+00  0.8524000E+00        8524
|110001000000011011000011000101> :  0.3890308E-01  0.3660000E-01         366
|110001000000011011000011000100> :  0.1512005E-01  0.1670000E-01         167
|110001000000011011000011010000> :  0.9650957E-02  0.9300000E-02          93
|110001000000011011000011000000> :  0.2980030E-02  0.3800000E-02          38
|110001000000011011000011000010> :  0.1226392E-02  0.1300000E-02          13
|110011000000011011000011000000> :  0.4579709E-03  0.5000000E-03           5
|110001000000011011010011000000> :  0.2199241E-03  0.4000000E-03           4
|100000011000010110001011000010> :  0.9174594E-04  0.4000000E-03           4
|110001001000011011000011000100> :  0.2968116E-03  0.4000000E-03           4
|110001000000011111000011000000> :  0.3154234E-03  0.4000000E-03           4
|100001000000010011110011000110> :  0.8958142E-04  0.3000000E-03           3
|110001000000011010010011000001> :  0.4126441E-04  0.3000000E-03           3
|110001000000011011000001000101> :  0.4072159E-04  0.3000000E-03           3
|110001010000011011000011000100> :  0.1626757E-03  0.3000000E-03           3
|110101000000011011000011000000> :  0.1017763E-03  0.3000000E-03           3
|100000011000010011000011000100> :  0.1717085E-04  0.2000000E-03           2
|110001010000010011000011000100> :  0.1676542E-04  0.2000000E-03           2
|110001000000011111000111000001> :  0.2737292E-04  0.2000000E-03           2
|110001000000101011000011000101> :  0.2503291E-04  0.2000000E-03           2
|110001000000011011001111000001> :  0.3293432E-03  0.2000000E-03           2
|110001000000011011010011000100> :  0.4114598E-03  0.2000000E-03           2
|110001000010011011000011000100> :  0.1991700E-03  0.2000000E-03           2
|110101000000011011000011010001> :  0.1227584E-03  0.2000000E-03           2
|100000110000011011001011000010> :  0.1228313E-03  0.2000000E-03           2
|001001000000011011000111000101> :  0.1098378E-03  0.2000000E-03           2
|110001001000011011000011000010> :  0.6512869E-04  0.2000000E-03           2
|110001000000011011100011010101> :  0.7461836E-04  0.2000000E-03           2
|101001000000011011000101000101> :  0.6216692E-04  0.2000000E-03           2
|110001000000011101000011000001> :  0.1011139E-04  0.2000000E-03           2
|100001000000011011000011000110> :  0.3971096E-04  0.2000000E-03           2
|111001000000011111000011000000> :  0.1526644E-04  0.2000000E-03           2
|100001000000010111100011000010> :  0.1459529E-04  0.2000000E-03           2
|110001000000011001000111000101> :  0.1828292E-04  0.2000000E-03           2
|110001100100011011000011000001> :  0.1250383E-03  0.2000000E-03           2
|110001110000011011000011000001> :  0.4655839E-04  0.2000000E-03           2
|110001000000011011000111000000> :  0.2291784E-03  0.2000000E-03           2
|100001000001001011000111000001> :  0.5662595E-04  0.2000000E-03           2
|110001001000111011000001000100> :  0.1112521E-04  0.2000000E-03           2
|100000011000010110000011100100> :  0.6718663E-04  0.2000000E-03           2
|010001000000011011000011000101> :  0.7858429E-04  0.2000000E-03           2
|110000000000011011000111001001> :  0.1411887E-04  0.2000000E-03           2
|101001000000011011110011000010> :  0.6131492E-04  0.2000000E-03           2
|110001000000010011010011000101> :  0.2796318E-04  0.2000000E-03           2
|110001000000011011000110100001> :  0.7769213E-04  0.2000000E-03           2
|100000010100010011001011000110> :  0.3714931E-04  0.2000000E-03           2
|000001010010010011100011000100> :  0.1535322E-04  0.2000000E-03           2
|110101000100011011000011000101> :  0.6127933E-05  0.2000000E-03           2
|000001000000010011100111010100> :  0.2271274E-04  0.2000000E-03           2
|100001000000011111010011000010> :  0.1152991E-03  0.2000000E-03           2
|110001100000011011000011000000> :  0.7602721E-04  0.2000000E-03           2
|100001100000011011000011000000> :  0.8682249E-04  0.2000000E-03           2
|110001000000011011010011000001> :  0.4815015E-03  0.2000000E-03           2
|110001100100000011000011000001> :  0.3492263E-04  0.2000000E-03           2
|110001000001011011000011000001> :  0.2283450E-04  0.2000000E-03           2
|110001000000010011001011000001> :  0.7529257E-04  0.2000000E-03           2
|100001011000010111000011000000> :  0.5461553E-04  0.2000000E-03           2
|100001010000011101000011000010> :  0.4096016E-04  0.2000000E-03           2
|110100000000011011000110000001> :  0.1195722E-03  0.2000000E-03           2
|111000000000011011000011000001> :  0.5377721E-04  0.2000000E-03           2
|100001000000011111010101000101> :  0.9103275E-05  0.2000000E-03           2
|110001000000011001000011000001> :  0.2385926E-03  0.2000000E-03           2
|000001000100010011101011000000> :  0.3815884E-04  0.2000000E-03           2
|000001011000001111000111100000> :  0.7422342E-08  0.1000000E-03           1
|000001010110011110001011000001> :  0.3275547E-08  0.1000000E-03           1
|000001000000011011010011000111> :  0.3695935E-05  0.1000000E-03           1
|000001010100011001000011011000> :  0.1619111E-07  0.1000000E-03           1
|000001010100010111100011000000> :  0.2194081E-05  0.1000000E-03           1
|000001000000011011010011000100> :  0.2313310E-05  0.1000000E-03           1
|000000011110000001100110000101> :  0.2579797E-05  0.1000000E-03           1
|000001010100010101100011000010> :  0.3241272E-05  0.1000000E-03           1
|000001010100010101100011000000> :  0.1951724E-04  0.1000000E-03           1
|000001000000010110001011111001> :  0.7058099E-07  0.1000000E-03           1
|000001010100010010000111010010> :  0.4747150E-08  0.1000000E-03           1
|001000000000001111110010010001> :  0.2711228E-08  0.1000000E-03           1
|000001000000010110001011110101> :  0.1035130E-06  0.1000000E-03           1
|000000011101000111100110000001> :  0.2589582E-07  0.1000000E-03           1
|000000010010000110001111000000> :  0.2513167E-08  0.1000000E-03           1
|000001010000011111100011000010> :  0.3219532E-05  0.1000000E-03           1
|000101100000010101000011010000> :  0.3765520E-06  0.1000000E-03           1
|000001010000011100000011110100> :  0.6066438E-09  0.1000000E-03           1
|000001010000011011000011010010> :  0.2504309E-07  0.1000000E-03           1
|000001010000011011000011000110> :  0.1905672E-04  0.1000000E-03           1
|000001000000001011011111000100> :  0.4670176E-05  0.1000000E-03           1
|000000011000010110100010010011> :  0.1107953E-08  0.1000000E-03           1
|000001010000010011001011001000> :  0.2255972E-04  0.1000000E-03           1
|000001010000001001110111000110> :  0.2221707E-07  0.1000000E-03           1
|000000111011100110001001001100> :  0.5809861E-10  0.1000000E-03           1
|000001001010001011100110000100> :  0.1327982E-06  0.1000000E-03           1
|000001001000111011100000010100> :  0.1621645E-07  0.1000000E-03           1
|000000110100010110010001000010> :  0.1462394E-08  0.1000000E-03           1
|000000011000010101100010011110> :  0.8804706E-09  0.1000000E-03           1
|000000010001011011111010001100> :  0.1189454E-08  0.1000000E-03           1
|000000000100011011010011001001> :  0.3629710E-06  0.1000000E-03           1
|000100111000110100000100101100> :  0.3240264E-08  0.1000000E-03           1
|000101000001110011100011010100> :  0.6279385E-08  0.1000000E-03           1
|000101000011011110000011101000> :  0.1644464E-08  0.1000000E-03           1
|000101000111000110111001000001> :  0.6575752E-11  0.1000000E-03           1
|000101001000011111000000010110> :  0.4368787E-07  0.1000000E-03           1
|000101001000111111010000000011> :  0.5108217E-09  0.1000000E-03           1
|000101001010010100000000110110> :  0.6222645E-08  0.1000000E-03           1
|000101010000010110010001100110> :  0.2006551E-09  0.1000000E-03           1
|000101010010011010000010000101> :  0.4794974E-07  0.1000000E-03           1
|000101011000010101010000100111> :  0.8889134E-09  0.1000000E-03           1
|000101011100001011100000000110> :  0.1233792E-08  0.1000000E-03           1
|000101100000001011100010100010> :  0.1575078E-08  0.1000000E-03           1
|011001000000011011100011001000> :  0.1491780E-05  0.1000000E-03           1
|000110011000001110010000000111> :  0.2658267E-09  0.1000000E-03           1
|000111000000010011000011010000> :  0.6463321E-06  0.1000000E-03           1
|000111100000010100100010000011> :  0.3444750E-09  0.1000000E-03           1
|011001000110010011100001000000> :  0.2765620E-07  0.1000000E-03           1
|001000000100011111011000001010> :  0.1062606E-07  0.1000000E-03           1
|001000001000000001101011010010> :  0.9017880E-10  0.1000000E-03           1
|001000010000110010001001111101> :  0.8363318E-09  0.1000000E-03           1
|001000010100000001100011001000> :  0.8701333E-09  0.1000000E-03           1
|001000110000100011110010110001> :  0.2328417E-11  0.1000000E-03           1
|001001000000001111010100000110> :  0.3462799E-07  0.1000000E-03           1
|001001000000010010110011110010> :  0.1106083E-08  0.1000000E-03           1
|001001000000010011000011110000> :  0.1884731E-06  0.1000000E-03           1
|100000000000011011000111100001> :  0.3647361E-04  0.1000000E-03           1
|001001000000011011100011000001> :  0.2676872E-04  0.1000000E-03           1
|001001000010011011100110000001> :  0.4036149E-06  0.1000000E-03           1
|001001000100011011000111000100> :  0.1332628E-06  0.1000000E-03           1
|001001010100110011010010010000> :  0.7432145E-10  0.1000000E-03           1
|001011100000010011100011010000> :  0.5035938E-06  0.1000000E-03           1
|001100100000011101001010001000> :  0.1591500E-09  0.1000000E-03           1
|000100000100011011000011010001> :  0.1505831E-06  0.1000000E-03           1
|000011011000000100001001101100> :  0.5135595E-09  0.1000000E-03           1
|000001000110010101100011000000> :  0.1346827E-04  0.1000000E-03           1
|000011010110010000100111000000> :  0.2759100E-07  0.1000000E-03           1
|000011001001110101000010000100> :  0.2685087E-09  0.1000000E-03           1
|000001000110010010100011010100> :  0.1795905E-07  0.1000000E-03           1
|000000110001000101100111010000> :  0.1295995E-06  0.1000000E-03           1
|000011000101011011010010000101> :  0.2102878E-09  0.1000000E-03           1
|000011000100011000001010001001> :  0.1005511E-09  0.1000000E-03           1
|000001000100011101000110000110> :  0.6094948E-08  0.1000000E-03           1
|000011000010011010000111010000> :  0.4011833E-08  0.1000000E-03           1
|000011000010000011000111010000> :  0.6539521E-07  0.1000000E-03           1
|000001000100010111100011100000> :  0.2270741E-04  0.1000000E-03           1
|000000110000010111001011011100> :  0.3611673E-07  0.1000000E-03           1
|000000010110010010101111000001> :  0.7068368E-07  0.1000000E-03           1
|000011000001010011001010000010> :  0.2990771E-09  0.1000000E-03           1
|000011000000011110110011000011> :  0.2192596E-07  0.1000000E-03           1
|000001000100010101101110000100> :  0.1059906E-07  0.1000000E-03           1
|000011000000011010100011010001> :  0.2927058E-06  0.1000000E-03           1
|010001001000011011000011000101> :  0.5533704E-05  0.1000000E-03           1
|000010011010010011000011000111> :  0.5913007E-08  0.1000000E-03           1
|000000110000001010001011001101> :  0.2916791E-06  0.1000000E-03           1
|000010010100011101100101011010> :  0.9965601E-11  0.1000000E-03           1
|000010010100010010001011111100> :  0.1775063E-08  0.1000000E-03           1
|000001000100001010100011010011> :  0.3557641E-07  0.1000000E-03           1
|000010010100010010001010010001> :  0.1791114E-07  0.1000000E-03           1
|000010010001010011000111001000> :  0.4841811E-07  0.1000000E-03           1
|000001000100000011010011000000> :  0.8958575E-07  0.1000000E-03           1
|000000100100010011100001010100> :  0.7072929E-08  0.1000000E-03           1
|000000010110010000000011110001> :  0.3583981E-08  0.1000000E-03           1
|000000001000011011010011010000> :  0.4056616E-07  0.1000000E-03           1
|010001000010011010000011110000> :  0.8777976E-07  0.1000000E-03           1
|010001000010011011000110000101> :  0.4255904E-05  0.1000000E-03           1
|010001000010011011000110010100> :  0.4953986E-06  0.1000000E-03           1
|010001000011011011000011000001> :  0.1109569E-04  0.1000000E-03           1
|010001000100010011100011000100> :  0.9216282E-05  0.1000000E-03           1
|010001000100010011100011010000> :  0.5879803E-05  0.1000000E-03           1
|010001000100011111000011010001> :  0.1195939E-05  0.1000000E-03           1
|010001000110001011110011000001> :  0.7069096E-07  0.1000000E-03           1
|010001001000011011000011000000> :  0.4249320E-05  0.1000000E-03           1
|100001000001001111000110000010> :  0.7858018E-07  0.1000000E-03           1
|010001001000011011100011000100> :  0.7225409E-06  0.1000000E-03           1
|010001001010010101000111000000> :  0.8169346E-08  0.1000000E-03           1
|010001001101011101000011000000> :  0.4680469E-09  0.1000000E-03           1
|010001010000010010000011010100> :  0.6115911E-07  0.1000000E-03           1
|010001010000010011001111010101> :  0.7923526E-07  0.1000000E-03           1
|010001010000011010000011010101> :  0.3487766E-04  0.1000000E-03           1
|010001010000011010100011100101> :  0.3410539E-07  0.1000000E-03           1
|010001010000011011000011000110> :  0.5596792E-05  0.1000000E-03           1
|010001010100101011110000100100> :  0.1111430E-10  0.1000000E-03           1
|010001011000011011010110000100> :  0.1788930E-07  0.1000000E-03           1
|010001100000001011000111010000> :  0.5408191E-07  0.1000000E-03           1
|010001100000010011000011010101> :  0.1928425E-04  0.1000000E-03           1
|010001100000110111000010100000> :  0.2083773E-08  0.1000000E-03           1
|010001100010010011000110010000> :  0.9786058E-07  0.1000000E-03           1
|010001100100000011110011001000> :  0.1159921E-06  0.1000000E-03           1
|010001100100010111000000000101> :  0.1558807E-07  0.1000000E-03           1
|010001101000011011000011000101> :  0.6425087E-05  0.1000000E-03           1
|010001110000010011000011010000> :  0.5184619E-06  0.1000000E-03           1
|010001110010110011000010000100> :  0.3367329E-07  0.1000000E-03           1
|010001111000011111000000100100> :  0.3824215E-06  0.1000000E-03           1
|010010010000010011001010000111> :  0.6070877E-07  0.1000000E-03           1
|010011000000010010001011000101> :  0.6044978E-07  0.1000000E-03           1
|010011000001010011010010000101> :  0.1351613E-07  0.1000000E-03           1
|010011010000000010001011000100> :  0.2998353E-07  0.1000000E-03           1
|010011100000010011000011001001> :  0.3389869E-07  0.1000000E-03           1
|010011100100010011101111010100> :  0.5646297E-10  0.1000000E-03           1
|010100000010011010001010100110> :  0.6909982E-10  0.1000000E-03           1
|010100000100011111000000010110> :  0.1287215E-07  0.1000000E-03           1
|010100001010000010111110000001> :  0.8613465E-10  0.1000000E-03           1
|010101000000011111000100010000> :  0.1029698E-06  0.1000000E-03           1
|010101000010011111000110000001> :  0.2664706E-08  0.1000000E-03           1
|010101000100010001000010010100> :  0.6623763E-07  0.1000000E-03           1
|010101100000010010000010000001> :  0.5326726E-08  0.1000000E-03           1
|010101100000011011001010000100> :  0.2163093E-07  0.1000000E-03           1
|010101100000011011001011000000> :  0.8499458E-07  0.1000000E-03           1
|010101100010011011000011000000> :  0.8741032E-06  0.1000000E-03           1
|010110000001001010001111010100> :  0.3205779E-10  0.1000000E-03           1
|010110010000001010001011000101> :  0.2508514E-09  0.1000000E-03           1
|010111000000010011000011010000> :  0.3623564E-06  0.1000000E-03           1
|010111000000010110000011000001> :  0.1331391E-06  0.1000000E-03           1
|011000000000011011001010010010> :  0.4344736E-07  0.1000000E-03           1
|011000000100011011010011000001> :  0.6019870E-06  0.1000000E-03           1
|011000100000011011000010000011> :  0.1023519E-06  0.1000000E-03           1
|011001000000010011101111000000> :  0.5121115E-05  0.1000000E-03           1
|011001000000011001000011000001> :  0.3915008E-04  0.1000000E-03           1
|011001000000011011000011000100> :  0.5404539E-04  0.1000000E-03           1
|011001000000011011001111000001> :  0.2182388E-05  0.1000000E-03           1
|101000100000010111000010100000> :  0.8997903E-07  0.1000000E-03           1
|011001000000011111000011000100> :  0.7935860E-05  0.1000000E-03           1
|011001000010001011010010000001> :  0.7421455E-06  0.1000000E-03           1
|011001000010010011000111010000> :  0.3327089E-06  0.1000000E-03           1
|011001000010010011100111000000> :  0.1634100E-04  0.1000000E-03           1
|011001000010010110000010010100> :  0.4882479E-08  0.1000000E-03           1
|011001000010011011000010000011> :  0.5187326E-06  0.1000000E-03           1
|011001000011011011100010000010> :  0.2083598E-06  0.1000000E-03           1
|101001000000011111110011000010> :  0.6452399E-05  0.1000000E-03           1
|011001001000010101100110100000> :  0.3925123E-08  0.1000000E-03           1
|011001010000010111010010010000> :  0.8979747E-08  0.1000000E-03           1
|011001010001001011000001000010> :  0.6784930E-09  0.1000000E-03           1
|011001011000011111000000010110> :  0.9690156E-08  0.1000000E-03           1
|011001100000011011000010000011> :  0.8309122E-06  0.1000000E-03           1
|011001100010000101010101000000> :  0.1102407E-08  0.1000000E-03           1
|011001100010010011001111000100> :  0.3337167E-07  0.1000000E-03           1
|011011000010011010000011000001> :  0.1205959E-05  0.1000000E-03           1
|011011010010011010000011000110> :  0.5359549E-09  0.1000000E-03           1
|011101000000010011001011010001> :  0.1394149E-06  0.1000000E-03           1
|011101000000011011000011010000> :  0.1175911E-04  0.1000000E-03           1
|011101000100010011100011000000> :  0.9987028E-07  0.1000000E-03           1
|100000000000001011011011000001> :  0.7614584E-05  0.1000000E-03           1
|100000000000001011011011000111> :  0.1835085E-05  0.1000000E-03           1
|100000000000001110011111000100> :  0.8079139E-08  0.1000000E-03           1
|100000000000010011000111010001> :  0.1907003E-05  0.1000000E-03           1
|100000000000010111010111000001> :  0.1112172E-07  0.1000000E-03           1
|110000000100010010001111000010> :  0.2323885E-07  0.1000000E-03           1
|100000000000011011001011000000> :  0.9220692E-06  0.1000000E-03           1
|100000000000011011001011000110> :  0.6157421E-05  0.1000000E-03           1
|100000000000011111000111100001> :  0.2018528E-05  0.1000000E-03           1
|100000000001001111110101000100> :  0.2008631E-07  0.1000000E-03           1
|100000000010010011000111000101> :  0.1443161E-04  0.1000000E-03           1
|100000000011011010100011000011> :  0.1958711E-07  0.1000000E-03           1
|100000000100011010010011010011> :  0.9427418E-07  0.1000000E-03           1
|100000001010000011000111000101> :  0.1117258E-06  0.1000000E-03           1
|100000001100010111000011000100> :  0.9525112E-06  0.1000000E-03           1
|100000001100100110100000110100> :  0.6757503E-08  0.1000000E-03           1
|100000010000010011001011000001> :  0.4900669E-06  0.1000000E-03           1
|100000010000011011000011000010> :  0.1335161E-04  0.1000000E-03           1
|100000010000011011000011000110> :  0.8781541E-05  0.1000000E-03           1
|010001000010001110101011000000> :  0.2277857E-06  0.1000000E-03           1
|000010000001011000100101111000> :  0.6362386E-11  0.1000000E-03           1
|010001000010001011011101000100> :  0.1487990E-09  0.1000000E-03           1
|010001000010000011110111000000> :  0.9932590E-06  0.1000000E-03           1
|000001110101110011000010000000> :  0.1041476E-08  0.1000000E-03           1
|000001000010011111001101000000> :  0.4477504E-07  0.1000000E-03           1
|010001000000011011110011000000> :  0.2867060E-06  0.1000000E-03           1
|010001000000011011100011000001> :  0.1071094E-04  0.1000000E-03           1
|000001110000000001001111000100> :  0.3882317E-08  0.1000000E-03           1
|100001000000001111010011000000> :  0.2264725E-05  0.1000000E-03           1
|010001000000010111000011000100> :  0.5296130E-05  0.1000000E-03           1
|000001100010010110000011000001> :  0.7638450E-06  0.1000000E-03           1
|000001000010010111000011000100> :  0.3260300E-06  0.1000000E-03           1
|000000100100000111000010000111> :  0.1918629E-07  0.1000000E-03           1
|010001000000010110100111010000> :  0.2839094E-07  0.1000000E-03           1
|010001000000001110010011100011> :  0.5908260E-09  0.1000000E-03           1
|000001100000011111100011000000> :  0.2576735E-06  0.1000000E-03           1
|010001000000001011101011000100> :  0.2277396E-07  0.1000000E-03           1
|010001000000001011010011000101> :  0.4898981E-04  0.1000000E-03           1
|000001100000011111000011100001> :  0.2430162E-05  0.1000000E-03           1
|000001000010000111111011000001> :  0.4848692E-10  0.1000000E-03           1
|010001000000001011001011000001> :  0.1667218E-04  0.1000000E-03           1
|010000100100000111001011001000> :  0.1208391E-07  0.1000000E-03           1
|000001100000011110000011001110> :  0.1162503E-07  0.1000000E-03           1
|010000100000011111000011010100> :  0.4160481E-06  0.1000000E-03           1
|010000100000010011000011010100> :  0.5832762E-05  0.1000000E-03           1
|000001100000011011001011010100> :  0.4712237E-06  0.1000000E-03           1
|000001000001111101000101000000> :  0.1734479E-08  0.1000000E-03           1
|000000100010000110011011000001> :  0.1558396E-07  0.1000000E-03           1
|000000010101010100000111010000> :  0.1821035E-06  0.1000000E-03           1
|100000011100011010000011010000> :  0.1046657E-06  0.1000000E-03           1
|100000011100010110000011000100> :  0.2011876E-05  0.1000000E-03           1
|100000011100110001000010010010> :  0.3584472E-08  0.1000000E-03           1
|100000100000001011100111000111> :  0.9895417E-07  0.1000000E-03           1
|100000100000011011000010001111> :  0.1901151E-06  0.1000000E-03           1
|100000100000011011001010100001> :  0.3311749E-06  0.1000000E-03           1
|100000110000000010001011011000> :  0.6639817E-07  0.1000000E-03           1
|100000110000000111010010000101> :  0.2572619E-07  0.1000000E-03           1
|100000110000010010001011000010> :  0.1043994E-04  0.1000000E-03           1
|100000110000010011001011000010> :  0.1429885E-03  0.1000000E-03           1
|100000110000011010000011010110> :  0.2443820E-06  0.1000000E-03           1
|110001001000010110000011100100> :  0.2279181E-04  0.1000000E-03           1
|100000110110010101000000100100> :  0.3426792E-08  0.1000000E-03           1
|100000111100011011001011000100> :  0.4361376E-08  0.1000000E-03           1
|100001000000000011110010010101> :  0.9179658E-08  0.1000000E-03           1
|100001000000000011110111010100> :  0.1861730E-06  0.1000000E-03           1
|100001000000001001110111000101> :  0.1981117E-05  0.1000000E-03           1
|100001000000001011000111000111> :  0.7884284E-05  0.1000000E-03           1
|100001000000001011110011000001> :  0.4827615E-04  0.1000000E-03           1
|100001000000001110110011000010> :  0.6159374E-06  0.1000000E-03           1
|110001001100110111100110000000> :  0.1430785E-08  0.1000000E-03           1
|110001010000010111000011000100> :  0.1726045E-04  0.1000000E-03           1
|100001000000010111100011000000> :  0.2075404E-04  0.1000000E-03           1
|110001010000011011010010010000> :  0.2248684E-07  0.1000000E-03           1
|100001000000010111100011100000> :  0.3286432E-04  0.1000000E-03           1
|110001011000010010000001010100> :  0.9116543E-07  0.1000000E-03           1
|100001000000011011000011001010> :  0.2618006E-04  0.1000000E-03           1
|100001000000011011000111010001> :  0.2298528E-05  0.1000000E-03           1
|100001000000011011010011000101> :  0.2897556E-04  0.1000000E-03           1
|100001000000011011010011000111> :  0.1486848E-04  0.1000000E-03           1
|100001000000011011100011000000> :  0.1420632E-04  0.1000000E-03           1
|100001000000011110000011000010> :  0.2077580E-05  0.1000000E-03           1
|100001000000011110000110010000> :  0.6108142E-07  0.1000000E-03           1
|100001000000011111000011000010> :  0.1876290E-04  0.1000000E-03           1
|100001000000011111001011000010> :  0.1262589E-04  0.1000000E-03           1
|100001000000011111010001000110> :  0.3570460E-04  0.1000000E-03           1
|110010010000010010001111000010> :  0.6001534E-06  0.1000000E-03           1
|110010011000010010000010110100> :  0.1101523E-06  0.1000000E-03           1
|100001000000011111011011000000> :  0.1488230E-04  0.1000000E-03           1
|100001000000011111100011000010> :  0.2349714E-04  0.1000000E-03           1
|100001000000011111110011000010> :  0.2759623E-04  0.1000000E-03           1
|100001000000101010001111000101> :  0.9040410E-09  0.1000000E-03           1
|100001000000101010010001010101> :  0.1613020E-08  0.1000000E-03           1
|100001000000101011100011000010> :  0.2751382E-06  0.1000000E-03           1
|100001000000111011000011000100> :  0.1359711E-04  0.1000000E-03           1
|100001000000111011010011000000> :  0.7856038E-06  0.1000000E-03           1
|100001000000111011110011000110> :  0.1738391E-04  0.1000000E-03           1
|100001000000111111001100000101> :  0.7493947E-09  0.1000000E-03           1
|100001000001000111100111000001> :  0.2365336E-07  0.1000000E-03           1
|110100001100010110000010110000> :  0.4463879E-06  0.1000000E-03           1
|110100011000010011000011000100> :  0.6790508E-05  0.1000000E-03           1
|100001000001011011100011000010> :  0.4651795E-06  0.1000000E-03           1
|100001000001011111000011000000> :  0.1065351E-04  0.1000000E-03           1
|100001000010001011010110000001> :  0.8332368E-06  0.1000000E-03           1
|100001000010010011100011000000> :  0.4457850E-04  0.1000000E-03           1
|100001000010010011110011000000> :  0.3075015E-04  0.1000000E-03           1
|100001000010010111110111000100> :  0.1721860E-07  0.1000000E-03           1
|100001000100010110100011010000> :  0.7847619E-07  0.1000000E-03           1
|100001000100011110000011000010> :  0.1586377E-07  0.1000000E-03           1
|100001000110010011010011001100> :  0.2229498E-08  0.1000000E-03           1
|100001001000001111110011000000> :  0.4275341E-05  0.1000000E-03           1
|100001001000010110100011100000> :  0.8547429E-04  0.1000000E-03           1
|100001001000011110000010010111> :  0.6539658E-08  0.1000000E-03           1
|100001001000011111000010000110> :  0.1898533E-05  0.1000000E-03           1
|100001001000011111000011000010> :  0.2977654E-04  0.1000000E-03           1
|100001001000110011100011000100> :  0.8489898E-05  0.1000000E-03           1
|100001001000110111000001100100> :  0.3235036E-04  0.1000000E-03           1
|100001001001101010000001110000> :  0.2595846E-09  0.1000000E-03           1
|100001001010001111100111000000> :  0.5991839E-07  0.1000000E-03           1
|100001001011110010110000100100> :  0.1216694E-08  0.1000000E-03           1
|100001001100001010111000010100> :  0.1675855E-09  0.1000000E-03           1
|100001010000010011000011000000> :  0.3483741E-05  0.1000000E-03           1
|100001010000010011001011000110> :  0.3326349E-05  0.1000000E-03           1
|100001010000010011010011000110> :  0.2815729E-04  0.1000000E-03           1
|100001010000010111000011000000> :  0.1103122E-04  0.1000000E-03           1
|100001010000011011000011001000> :  0.9378716E-05  0.1000000E-03           1
|111001100000011011000001000101> :  0.2273604E-04  0.1000000E-03           1
|100001010000111011000011000110> :  0.2160495E-04  0.1000000E-03           1
|100001010100010011001011010010> :  0.7884581E-07  0.1000000E-03           1
|100001011000000011000011000100> :  0.1409060E-06  0.1000000E-03           1
|100001011000010011000011000000> :  0.1389143E-04  0.1000000E-03           1
|010000100000001011000111000100> :  0.2053056E-07  0.1000000E-03           1
|100001011000011010100011010100> :  0.2272804E-06  0.1000000E-03           1
|100001011000110110001001000110> :  0.2785066E-08  0.1000000E-03           1
|100001011100000011100111010001> :  0.1737088E-07  0.1000000E-03           1
|100001011100010111010100000100> :  0.1503691E-08  0.1000000E-03           1
|100001100000001011001011100001> :  0.4716711E-06  0.1000000E-03           1
|100001100000010111110011000000> :  0.2662902E-04  0.1000000E-03           1
|100000011100010100000011000010> :  0.3323571E-04  0.1000000E-03           1
|100001100000011011000011011000> :  0.6662646E-06  0.1000000E-03           1
|100001100000011011000011100001> :  0.7892552E-05  0.1000000E-03           1
|100001100000011011000110000110> :  0.6075749E-06  0.1000000E-03           1
|100001100000011111000101000100> :  0.3425910E-07  0.1000000E-03           1
|100001100000111011001000001010> :  0.1718987E-09  0.1000000E-03           1
|100001100010000011100011000101> :  0.4634154E-05  0.1000000E-03           1
|100001100010001010001011000001> :  0.5742159E-05  0.1000000E-03           1
|100001100100001011100011000001> :  0.6464140E-05  0.1000000E-03           1
|100010000000001111100011000001> :  0.1797893E-07  0.1000000E-03           1
|100010000000010000000111010010> :  0.8114255E-08  0.1000000E-03           1
|100010000000011111001100000010> :  0.2204233E-07  0.1000000E-03           1
|100010000000110110011101010000> :  0.4049116E-09  0.1000000E-03           1
|100010000001011011000111001000> :  0.1489362E-06  0.1000000E-03           1
|100010000100010010011011001001> :  0.4867854E-08  0.1000000E-03           1
|100010010000010010000111011001> :  0.4671555E-06  0.1000000E-03           1
|100010010000010111000100100100> :  0.2675893E-07  0.1000000E-03           1
|100010010000011010000011110000> :  0.6239575E-07  0.1000000E-03           1
|100010010000011011000011000110> :  0.1089214E-05  0.1000000E-03           1
|100010010000110001000010010010> :  0.2901660E-07  0.1000000E-03           1
|100010011000010101000101000001> :  0.3044803E-09  0.1000000E-03           1
|100010011000010110010010001010> :  0.3932581E-08  0.1000000E-03           1
|100010111000011010000110000010> :  0.1880380E-07  0.1000000E-03           1
|100011000000011011000011000000> :  0.1357547E-03  0.1000000E-03           1
|100011000000011011000011000010> :  0.6062951E-04  0.1000000E-03           1
|100011000000011110000111000001> :  0.7261930E-06  0.1000000E-03           1
|100011000010000010100111000001> :  0.1213207E-06  0.1000000E-03           1
|100011010000010011000011000100> :  0.7782471E-04  0.1000000E-03           1
|100011011010011010000001000100> :  0.4996210E-08  0.1000000E-03           1
|100011011101000010000000100111> :  0.2796931E-10  0.1000000E-03           1
|100100000000011011000111000001> :  0.6771994E-04  0.1000000E-03           1
|100100000000011011010101000101> :  0.7036670E-07  0.1000000E-03           1
|100100000010010111000011000101> :  0.1158094E-08  0.1000000E-03           1
|100100001010010010000110100000> :  0.9654797E-07  0.1000000E-03           1
|100100001010110011110010000010> :  0.4158693E-09  0.1000000E-03           1
|100100010010010011001111000000> :  0.7235898E-06  0.1000000E-03           1
|100100011000000010100111000001> :  0.5245260E-07  0.1000000E-03           1
|100100011000010110000011000010> :  0.2159609E-06  0.1000000E-03           1
|100100011100001011000011010110> :  0.1390378E-07  0.1000000E-03           1
|100100110000011000001010000011> :  0.1408397E-08  0.1000000E-03           1
|100100111000000011000010100111> :  0.2834254E-09  0.1000000E-03           1
|100101000000011011000011000010> :  0.2400296E-04  0.1000000E-03           1
|100101000100001010000011100001> :  0.1429226E-07  0.1000000E-03           1
|100101001000011011000011010010> :  0.1038494E-06  0.1000000E-03           1
|100101010100010011010011000110> :  0.9440554E-08  0.1000000E-03           1
|100101011100000111010000000100> :  0.6705075E-09  0.1000000E-03           1
|100101100000001011111011010001> :  0.5558509E-09  0.1000000E-03           1
|100110000000010110110011000100> :  0.7338440E-08  0.1000000E-03           1
|100110001100000100100010100100> :  0.2927708E-08  0.1000000E-03           1
|100110010100011011000010000110> :  0.4529538E-07  0.1000000E-03           1
|100110011000010010000110010000> :  0.1061954E-05  0.1000000E-03           1
|100111000000011011001011000010> :  0.1154690E-06  0.1000000E-03           1
|100111010000010101001101110100> :  0.3464838E-10  0.1000000E-03           1
|101000000000011011000101100001> :  0.1418097E-06  0.1000000E-03           1
|101000000110010011100111000000> :  0.2396639E-07  0.1000000E-03           1
|101000001000101010111010000001> :  0.2506882E-09  0.1000000E-03           1
|101000010100010011100011010010> :  0.1937314E-06  0.1000000E-03           1
|101000011000011100000100000011> :  0.1204026E-06  0.1000000E-03           1
|100000011100000010001101101100> :  0.4883810E-08  0.1000000E-03           1
|101000100000011011100011010000> :  0.9405666E-06  0.1000000E-03           1
|101000101000001011011001000000> :  0.4864979E-08  0.1000000E-03           1
|101000111000011100000100000001> :  0.1063945E-09  0.1000000E-03           1
|101001000000001011110011000001> :  0.2274147E-05  0.1000000E-03           1
|101001000000010111110011000000> :  0.9640267E-05  0.1000000E-03           1
|101001000000011011000011000000> :  0.8965657E-04  0.1000000E-03           1
|101001000000011011000011000010> :  0.3868013E-04  0.1000000E-03           1
|101001000000011011000011000011> :  0.1607534E-04  0.1000000E-03           1
|101001000000011011000011001000> :  0.1064342E-04  0.1000000E-03           1
|101001000000011011000100100101> :  0.6961260E-06  0.1000000E-03           1
|010000011101000110000010101110> :  0.7037577E-09  0.1000000E-03           1
|101001000000011011100011000000> :  0.1314064E-03  0.1000000E-03           1
|101001000000011011110011000000> :  0.1639356E-04  0.1000000E-03           1
|000001100000010111111011010000> :  0.2199491E-06  0.1000000E-03           1
|101001000000011111100011000010> :  0.2244015E-04  0.1000000E-03           1
|100000011010010110000110010010> :  0.1271103E-06  0.1000000E-03           1
|101001000000111011000011000110> :  0.4080607E-04  0.1000000E-03           1
|101001010000011011000011000010> :  0.2703607E-04  0.1000000E-03           1
|101001011000010111000001010010> :  0.1375265E-07  0.1000000E-03           1
|101001011010010010100111000000> :  0.1914253E-06  0.1000000E-03           1
|101001011100011011110011100100> :  0.4239595E-12  0.1000000E-03           1
|101001100000011011000011010101> :  0.7427584E-05  0.1000000E-03           1
|101001100010011011000011000000> :  0.5848702E-06  0.1000000E-03           1
|101001101100010111100010010000> :  0.8300647E-08  0.1000000E-03           1
|101001111000010110000000100000> :  0.5825577E-09  0.1000000E-03           1
|101010010001010000000011010010> :  0.9574725E-08  0.1000000E-03           1
|101011001000010011011000010110> :  0.1386201E-09  0.1000000E-03           1
|101011010000101010000000101010> :  0.1832829E-09  0.1000000E-03           1
|101011011000100011000000000001> :  0.3324841E-10  0.1000000E-03           1
|101100000000010011100011010010> :  0.1082017E-06  0.1000000E-03           1
|101100001000010110000101010000> :  0.2318588E-06  0.1000000E-03           1
|101100001010010110000100000100> :  0.1504277E-07  0.1000000E-03           1
|101100011100110010100010010110> :  0.1108189E-09  0.1000000E-03           1
|101101000010011010000011000011> :  0.4514513E-06  0.1000000E-03           1
|101101000100011011000011010001> :  0.1193563E-06  0.1000000E-03           1
|101101000100011100010001100111> :  0.1480439E-10  0.1000000E-03           1
|101101001100010011000010000110> :  0.3163021E-07  0.1000000E-03           1
|101111010000110110000001010110> :  0.1833730E-08  0.1000000E-03           1
|110000000000011001000111000100> :  0.5380462E-06  0.1000000E-03           1
|110000000000011011000011000011> :  0.9123382E-05  0.1000000E-03           1
|110000000000011011000011110001> :  0.6580895E-05  0.1000000E-03           1
|100000011001001011110110000100> :  0.3761334E-07  0.1000000E-03           1
|110000000000011011000111010100> :  0.3965144E-04  0.1000000E-03           1
|110000000000011011000111100101> :  0.8882653E-05  0.1000000E-03           1
|110000000000011111000011000000> :  0.2335957E-04  0.1000000E-03           1
|110000000000011111000111000111> :  0.1023977E-05  0.1000000E-03           1
|110000000000111011000110000001> :  0.5047475E-06  0.1000000E-03           1
|110000000001011011000101000001> :  0.5276958E-06  0.1000000E-03           1
|110000000010001011011011000111> :  0.2975670E-07  0.1000000E-03           1
|110000000010011010001111001000> :  0.5429910E-06  0.1000000E-03           1
|110000000010011011000111000001> :  0.4811050E-04  0.1000000E-03           1
|010000010000010011001111010000> :  0.6740800E-06  0.1000000E-03           1
|110000000100011010000011010110> :  0.5332672E-06  0.1000000E-03           1
|110000001000001111001110010110> :  0.2578731E-08  0.1000000E-03           1
|110000001000010011000010010100> :  0.4997890E-08  0.1000000E-03           1
|110000001000010110000001110100> :  0.4957241E-06  0.1000000E-03           1
|110000001000010111010110100100> :  0.9722918E-06  0.1000000E-03           1
|110000001000011011000100100101> :  0.3223965E-05  0.1000000E-03           1
|110000001001001011010110000100> :  0.4000239E-07  0.1000000E-03           1
|110000001010011011000110000100> :  0.5107026E-05  0.1000000E-03           1
|110000001100011011000111010110> :  0.1196139E-08  0.1000000E-03           1
|110000010000010011000011000110> :  0.1254132E-04  0.1000000E-03           1
|110000010000011011000011000001> :  0.4559422E-05  0.1000000E-03           1
|110000010000011011000011000110> :  0.2741299E-04  0.1000000E-03           1
|110000011000000011010110000101> :  0.1385684E-07  0.1000000E-03           1
|110000011000001011001101001000> :  0.1821451E-08  0.1000000E-03           1
|110000011000010010000011000110> :  0.3655159E-05  0.1000000E-03           1
|110000011000010010000111010001> :  0.1845193E-06  0.1000000E-03           1
|110000011000010011000011000000> :  0.7817950E-05  0.1000000E-03           1
|110000011000010011000011000110> :  0.7017240E-05  0.1000000E-03           1
|110000011000010110000011000110> :  0.4977010E-05  0.1000000E-03           1
|110000100000000100011011000001> :  0.2701001E-08  0.1000000E-03           1
|110000100000010011100011010100> :  0.3776478E-06  0.1000000E-03           1
|110000100000011011000011010000> :  0.1254725E-04  0.1000000E-03           1
|110000100000011111000000100001> :  0.2387983E-07  0.1000000E-03           1
|110000100000111111000000000101> :  0.4729949E-07  0.1000000E-03           1
|110000100010011011000010000010> :  0.1339604E-06  0.1000000E-03           1
|110000100010011011000011000001> :  0.7031801E-04  0.1000000E-03           1
|110000100010101010010010000011> :  0.9800188E-11  0.1000000E-03           1
|100000011000100011111011100010> :  0.1210238E-08  0.1000000E-03           1
|100000011000011111000010000110> :  0.6872700E-04  0.1000000E-03           1
|010000001100100111101010000000> :  0.7849076E-09  0.1000000E-03           1
|000001100000010111100011010000> :  0.2443993E-05  0.1000000E-03           1
|000001000001101011110001001111> :  0.2332359E-09  0.1000000E-03           1
|100000011000010111010011000110> :  0.4212539E-05  0.1000000E-03           1
|100000011000010111001011000000> :  0.5065128E-05  0.1000000E-03           1
|010000001100010011100011010100> :  0.6914294E-07  0.1000000E-03           1
|110001000000011011010001000101> :  0.2191208E-04  0.1000000E-03           1
|110001000000011011001111010001> :  0.2700215E-05  0.1000000E-03           1
|010000001001011011000001010000> :  0.3161210E-09  0.1000000E-03           1
|000001100000010011001011010001> :  0.6169187E-05  0.1000000E-03           1
|100000011000010011100011000110> :  0.2666993E-04  0.1000000E-03           1
|100000011000010011001011000100> :  0.3888289E-05  0.1000000E-03           1
|010000001000011110100000110000> :  0.1166073E-08  0.1000000E-03           1
|100000011000010011000111010100> :  0.9282055E-05  0.1000000E-03           1
|100000011000010011000111000100> :  0.7208803E-04  0.1000000E-03           1
|010000000100011011010011010001> :  0.4173567E-06  0.1000000E-03           1
|000001011011010111100010000010> :  0.9731095E-09  0.1000000E-03           1
|000001000001011011100111000001> :  0.1044988E-04  0.1000000E-03           1
|000000100001110110001011010001> :  0.7829889E-09  0.1000000E-03           1
|100000011000010011000110100001> :  0.1900155E-05  0.1000000E-03           1
|110001000000011011000011010110> :  0.1517071E-05  0.1000000E-03           1
|110001000000011011000011010011> :  0.4521299E-06  0.1000000E-03           1
|100000011000010011000011100100> :  0.4182534E-05  0.1000000E-03           1
|010000000000010101001011010001> :  0.1783871E-08  0.1000000E-03           1
|110001000000011011000011000111> :  0.9453330E-05  0.1000000E-03           1
|110001000000011011000011000110> :  0.3292617E-04  0.1000000E-03           1
|100000010101010110100010101110> :  0.6112067E-09  0.1000000E-03           1
|010000000000010010100100110010> :  0.5970337E-10  0.1000000E-03           1
|110001000000011011000011100001> :  0.4576903E-04  0.1000000E-03           1
|110001000000011011000011101000> :  0.1313082E-04  0.1000000E-03           1
|110001000000011011000011110001> :  0.1840170E-04  0.1000000E-03           1
|000001011010010010100011000010> :  0.5177182E-09  0.1000000E-03           1
|110001000000011011000011000011> :  0.9066422E-04  0.1000000E-03           1
|110001000000011011000111000111> :  0.1290193E-03  0.1000000E-03           1
|110001000000011011000111010001> :  0.6875011E-04  0.1000000E-03           1
|110001000000011011000111100001> :  0.6763676E-04  0.1000000E-03           1
|110001000000011011001011000110> :  0.2175210E-05  0.1000000E-03           1
|100000010100011011001011000010> :  0.1749174E-05  0.1000000E-03           1
|100000010100010111001011110000> :  0.6180240E-07  0.1000000E-03           1
|110001000000011011001111010100> :  0.8041730E-06  0.1000000E-03           1
|001101101010010111100010000100> :  0.5638990E-08  0.1000000E-03           1
|110001000000011011010010000101> :  0.6677638E-04  0.1000000E-03           1
|100000010100010110001011000010> :  0.1276730E-04  0.1000000E-03           1
|001101001001011101100011000000> :  0.1919925E-09  0.1000000E-03           1
|000001011000011101000101011010> :  0.2030568E-11  0.1000000E-03           1
|110001000000011011010011000101> :  0.4902274E-04  0.1000000E-03           1
|110001000000011011010111000101> :  0.5186289E-04  0.1000000E-03           1
|000001000001001011100111000001> :  0.1738859E-04  0.1000000E-03           1
|110001000000010011100011010000> :  0.1733763E-05  0.1000000E-03           1
|110001000000011110000011000010> :  0.3884712E-04  0.1000000E-03           1
|110001000000011111000010000110> :  0.3537847E-04  0.1000000E-03           1
|100000010100010011001011000100> :  0.6313052E-04  0.1000000E-03           1
|110001000000011111000011000110> :  0.7707627E-04  0.1000000E-03           1
|110001000000011111000101000011> :  0.2066401E-06  0.1000000E-03           1
|110001000000011111000101000101> :  0.1776785E-04  0.1000000E-03           1
|110001000000010011100011000001> :  0.1409237E-04  0.1000000E-03           1
|110001000000011111010001000100> :  0.2250543E-04  0.1000000E-03           1
|110001000000011111010010000110> :  0.3849162E-04  0.1000000E-03           1
|110001000000011111100011000100> :  0.9060553E-05  0.1000000E-03           1
|110001000000010011010011000111> :  0.5396334E-06  0.1000000E-03           1
|110001000000110010000011010100> :  0.1676876E-07  0.1000000E-03           1
|110001000000110011000011000100> :  0.1767289E-04  0.1000000E-03           1
|110001000000111011000011000000> :  0.2427313E-04  0.1000000E-03           1
|110001000000111011000011000100> :  0.7093716E-04  0.1000000E-03           1
|110001000001001011000111000101> :  0.1291301E-04  0.1000000E-03           1
|100000010100010010010011010010> :  0.1282048E-07  0.1000000E-03           1
|110001000001011011000011010001> :  0.1232852E-04  0.1000000E-03           1
|110001000001011111000011000000> :  0.2116722E-04  0.1000000E-03           1
|110001000010010010000001011000> :  0.1383755E-08  0.1000000E-03           1
|110001000010010011000011000100> :  0.1099000E-03  0.1000000E-03           1
|110001000010010011000111000100> :  0.7393116E-05  0.1000000E-03           1
|001101000100111011010001000100> :  0.4310467E-08  0.1000000E-03           1
|110001000010011011000111000001> :  0.7501957E-04  0.1000000E-03           1
|110001000010011011100011000000> :  0.1970318E-04  0.1000000E-03           1
|110001000100010011000011010001> :  0.6421804E-05  0.1000000E-03           1
|110001000100011010000011010001> :  0.1020529E-03  0.1000000E-03           1
|110001000100011011000011000000> :  0.6779340E-04  0.1000000E-03           1
|110001000100011011000011010100> :  0.1114206E-03  0.1000000E-03           1
|110001000110000010100010010000> :  0.2711278E-08  0.1000000E-03           1
|110001001000001011000011000000> :  0.1024742E-04  0.1000000E-03           1
|110001000000010011001111000100> :  0.1549749E-04  0.1000000E-03           1
|110001001000010110100011000000> :  0.6210862E-05  0.1000000E-03           1
|110001001000010110100011100100> :  0.3821182E-05  0.1000000E-03           1
|110001001000010111000000110101> :  0.1073181E-06  0.1000000E-03           1
|110001001000010111000010000100> :  0.3701587E-04  0.1000000E-03           1
|110001001000010111000010100100> :  0.2561754E-04  0.1000000E-03           1
|110001001000011011000010000100> :  0.7239148E-04  0.1000000E-03           1
|100000010010011011001101000010> :  0.8701538E-08  0.1000000E-03           1
|110001000000010011001111000010> :  0.3322052E-06  0.1000000E-03           1
|110001001000011011000011010001> :  0.4485272E-04  0.1000000E-03           1
|110001001000011011000011010101> :  0.9188177E-05  0.1000000E-03           1
|110001001000011011000101100100> :  0.5157554E-07  0.1000000E-03           1
|110001001000011111000011000100> :  0.2973034E-04  0.1000000E-03           1
|110001001000011111010010000100> :  0.3208702E-05  0.1000000E-03           1
|100000010010010011000111000001> :  0.8167903E-05  0.1000000E-03           1
|110001001000111011000011000000> :  0.1262672E-05  0.1000000E-03           1
|110001001010010011000011000000> :  0.3007419E-04  0.1000000E-03           1
|110001001100010011000011000100> :  0.9123214E-05  0.1000000E-03           1
|001101000100010110100011000000> :  0.4312371E-06  0.1000000E-03           1
|110001010000001011000011000101> :  0.1655493E-04  0.1000000E-03           1
|000001011000011010001000001010> :  0.4852632E-09  0.1000000E-03           1
|110001000000010011000011000111> :  0.1799706E-04  0.1000000E-03           1
|110001010000011010000011010101> :  0.5373217E-04  0.1000000E-03           1
|110001010000011011000011000000> :  0.1094972E-04  0.1000000E-03           1
|110001000000010011000011000101> :  0.5662986E-04  0.1000000E-03           1
|100000010010000001110111000110> :  0.2555534E-09  0.1000000E-03           1
|110001010000110011100011010010> :  0.2329492E-08  0.1000000E-03           1
|110001010000111011010110000010> :  0.9350869E-08  0.1000000E-03           1
|110001000000001111010011000000> :  0.7202110E-05  0.1000000E-03           1
|110001011000011010000011000000> :  0.8298558E-05  0.1000000E-03           1
|110001100000001010000011100001> :  0.6618698E-05  0.1000000E-03           1
|110001100000001100110001000001> :  0.1422678E-08  0.1000000E-03           1
|110001100000010011000010110000> :  0.1325269E-06  0.1000000E-03           1
|110001100000010011000011000100> :  0.1162662E-05  0.1000000E-03           1
|110001100000011010000011010001> :  0.3720845E-05  0.1000000E-03           1
|110001000000000011101111000010> :  0.8252647E-07  0.1000000E-03           1
|110001100000011011000011010100> :  0.1026949E-03  0.1000000E-03           1
|110001100000011011000011100001> :  0.7552647E-05  0.1000000E-03           1
|110001100000011011010011010001> :  0.3246255E-07  0.1000000E-03           1
|110001100000011111010011000001> :  0.4038581E-06  0.1000000E-03           1
|110001100010000010000011000000> :  0.2482650E-06  0.1000000E-03           1
|100000010000110110001111010010> :  0.5550757E-07  0.1000000E-03           1
|001101000100010101100010000110> :  0.5693104E-07  0.1000000E-03           1
|110001100100011011001010010001> :  0.3197534E-07  0.1000000E-03           1
|110001101000011010000011000001> :  0.1674660E-04  0.1000000E-03           1
|110001101000011011000011000001> :  0.2760282E-04  0.1000000E-03           1
|110000110100011000100100010010> :  0.3022051E-10  0.1000000E-03           1
|110001110000011011000011100000> :  0.2195483E-05  0.1000000E-03           1
|110010000000011011000110001010> :  0.2356071E-06  0.1000000E-03           1
|110010000000011011000110010010> :  0.7916770E-06  0.1000000E-03           1
|110000110000011010000011010001> :  0.2043732E-06  0.1000000E-03           1
|110010010000011010010111000000> :  0.2918357E-06  0.1000000E-03           1
|100000010000011111000011000110> :  0.4490969E-04  0.1000000E-03           1
|110010101000011011000010000010> :  0.6213933E-07  0.1000000E-03           1
|110010110000010010000111001000> :  0.1166840E-06  0.1000000E-03           1
|110011000000010011000011010001> :  0.6745771E-04  0.1000000E-03           1
|110011000000010011010011010010> :  0.8567426E-07  0.1000000E-03           1
|110000101000111011000000000010> :  0.1733744E-07  0.1000000E-03           1
|110011000000011011000011000100> :  0.4110689E-04  0.1000000E-03           1
|110011000000011011000011001001> :  0.4504073E-04  0.1000000E-03           1
|110011000000011011000011001101> :  0.2204996E-04  0.1000000E-03           1
|110011000000011011000011010100> :  0.1911150E-04  0.1000000E-03           1
|110011000000011011000111000100> :  0.4465613E-05  0.1000000E-03           1
|110011000000011011001111000000> :  0.1406430E-05  0.1000000E-03           1
|110011000000011011101011000100> :  0.1669716E-05  0.1000000E-03           1
|110011000100010011010111000000> :  0.7704882E-08  0.1000000E-03           1
|110011100010011011000010000000> :  0.2661422E-06  0.1000000E-03           1
|110000101000010111000011010000> :  0.3103084E-06  0.1000000E-03           1
|110100000000011111000101000100> :  0.1720450E-06  0.1000000E-03           1
|110100000000111011000100000011> :  0.1288319E-07  0.1000000E-03           1
|110100000001010111000010110000> :  0.1247068E-07  0.1000000E-03           1
|110100001000010011000010010010> :  0.1392789E-06  0.1000000E-03           1
|110100001000010011000010010101> :  0.3645865E-06  0.1000000E-03           1
|110100001000011010100011010000> :  0.2841963E-06  0.1000000E-03           1
|110100001000011011000100010000> :  0.6986166E-06  0.1000000E-03           1
|110100001000011111000010000100> :  0.3341227E-06  0.1000000E-03           1
|100000010000011011000111100001> :  0.3528567E-06  0.1000000E-03           1
|110100011000001010000111000010> :  0.7056593E-07  0.1000000E-03           1
|001101000000011011000001010100> :  0.2567787E-06  0.1000000E-03           1
|110100100000011011100001110101> :  0.3696776E-10  0.1000000E-03           1
|110100100100001011000010000110> :  0.3626954E-07  0.1000000E-03           1
|110101000000010111010011010100> :  0.3411146E-06  0.1000000E-03           1
|110101000000011010000111000001> :  0.3728213E-05  0.1000000E-03           1
|110101000000011011000010000101> :  0.1502666E-04  0.1000000E-03           1
|000001011000010111000011000100> :  0.2197513E-04  0.1000000E-03           1
|110101000000011011000011000101> :  0.7685393E-04  0.1000000E-03           1
|000001000000011111110011000100> :  0.2548111E-04  0.1000000E-03           1
|110101000000011011000100000001> :  0.1670578E-04  0.1000000E-03           1
|110101000000011011000110000001> :  0.5104753E-04  0.1000000E-03           1
|110101000000011011000111000101> :  0.1638700E-04  0.1000000E-03           1
|110101000000011011100010010100> :  0.1443175E-05  0.1000000E-03           1
|110101000000011111000011000000> :  0.3179945E-04  0.1000000E-03           1
|110101000100011011000011000001> :  0.1101134E-04  0.1000000E-03           1
|000000011110010010001011010010> :  0.4444917E-07  0.1000000E-03           1
|110101001000010011000011000100> :  0.1268848E-04  0.1000000E-03           1
|110101011000010011000011010100> :  0.2586878E-06  0.1000000E-03           1
|110101100000001011000011000001> :  0.3167249E-05  0.1000000E-03           1
|110101100000011011000000111101> :  0.1505212E-09  0.1000000E-03           1
|110111000000010011010011000101> :  0.1931667E-06  0.1000000E-03           1
|110111001000000010000010010001> :  0.1854340E-08  0.1000000E-03           1
|111000000000011011000010000111> :  0.4741791E-06  0.1000000E-03           1
|000000010101001101100110000001> :  0.1161153E-06  0.1000000E-03           1
|111000000000011011000110000101> :  0.2129452E-04  0.1000000E-03           1
|111000000010011011000110000000> :  0.7027014E-06  0.1000000E-03           1
|111000000100011011000011001000> :  0.6967339E-06  0.1000000E-03           1
|111000100000010011100000000100> :  0.3694039E-08  0.1000000E-03           1
|111000100010011010000001000101> :  0.5724360E-08  0.1000000E-03           1
|111000100100011001001011010100> :  0.6664447E-10  0.1000000E-03           1
|111000110010010000001011000000> :  0.8098551E-08  0.1000000E-03           1
|111001000000001011010011000101> :  0.1371790E-05  0.1000000E-03           1
|111001000000010011000011000001> :  0.5883031E-05  0.1000000E-03           1
|111001000000010011000011000110> :  0.8546275E-05  0.1000000E-03           1
|111001000000010011100011010100> :  0.5689982E-08  0.1000000E-03           1
|111001000000010111000011010001> :  0.7889381E-06  0.1000000E-03           1
|111001000000011011000001000001> :  0.5280172E-04  0.1000000E-03           1
|111001000000011011000011000001> :  0.2944375E-05  0.1000000E-03           1
|111001000000011011000011000100> :  0.1256024E-05  0.1000000E-03           1
|111001000000011011000100000001> :  0.2242504E-04  0.1000000E-03           1
|111001000000011011000101000101> :  0.7208206E-04  0.1000000E-03           1
|111001000000011011010010000110> :  0.5396835E-05  0.1000000E-03           1
|111001000000011011100111010001> :  0.1769738E-06  0.1000000E-03           1
|000000000110000010100011110010> :  0.2370111E-08  0.1000000E-03           1
|111001000000011111000011000100> :  0.2538481E-04  0.1000000E-03           1
|111001000001011011000100000110> :  0.7417812E-07  0.1000000E-03           1
|111001000010001010001100010000> :  0.7303503E-09  0.1000000E-03           1
|111001000010010011000111000000> :  0.9146149E-05  0.1000000E-03           1
|111001000010010111000111000000> :  0.4108975E-06  0.1000000E-03           1
|111001000010010111010010000010> :  0.2014060E-07  0.1000000E-03           1
|111001001000010011000011000100> :  0.2939493E-04  0.1000000E-03           1
|111001010010110010001011000100> :  0.6057658E-08  0.1000000E-03           1
|000000000010000111101010000100> :  0.2672800E-08  0.1000000E-03           1
|111001100011001011000101000101> :  0.1649677E-08  0.1000000E-03           1
|111010000000011010001001000101> :  0.5441798E-08  0.1000000E-03           1
|111011100110011001000111000101> :  0.1738256E-07  0.1000000E-03           1
|111100001100010110000010100000> :  0.4507156E-06  0.1000000E-03           1
|111101000000011011000010010000> :  0.7189083E-06  0.1000000E-03           1
|111101000000011100000000110001> :  0.1967558E-07  0.1000000E-03           1
|111101000010011011000000000101> :  0.3078610E-05  0.1000000E-03           1
|111111100110011011000011000101> :  0.9294287E-08  0.1000000E-03           1
|000000000000011111110001010001> :  0.1724050E-07  0.1000000E-03           1
