# state, exact probability, frequency, count:
#------------------------------------------------------------------
|001011100100001100100000010000> :  0.2460522E+00  0.2478000E+00        2478
|000011101100001100101000000000> :  0.2047298E+00  0.2019000E+00        2019
|000011100100001100101000010000> :  0.1958448E+00  0.1951000E+00        1951
|001011101100001100100000000000> :  0.1917435E+00  0.1878000E+00        1878
|000111000100001000101000010000> :  0.5456654E-02  0.5000000E-02          50
|000111001100001000101000000000> :  0.2054572E-02  0.3900000E-02          39
|000011101100001100101000011000> :  0.3859029E-02  0.3500000E-02          35
|001011100100001100101000010100> :  0.3306755E-02  0.3300000E-02          33
|001011100100001100101000010000> :  0.2159846E-02  0.2300000E-02          23
|000010101000001100101100000000> :  0.1779634E-02  0.2200000E-02          22
|001011101100001100101000000100> :  0.2798860E-02  0.2100000E-02          21
|000011100100001100001000010000> :  0.1157869E-02  0.1900000E-02          19
|001011100100001100100000010100> :  0.2088956E-02  0.1900000E-02          19
|101011100100001100100000010000> :  0.2112357E-02  0.1900000E-02          19
|000011100100001100101000011000> :  0.1681885E-02  0.1700000E-02          17
|000011101100001100101000000100> :  0.1749263E-02  0.1700000E-02          17
|000011100100001100101000010100> :  0.1666429E-02  0.1600000E-02          16
|001011101100001000100000000000> :  0.1264824E-02  0.1600000E-02          16
|001011101100001100000000000000> :  0.1384172E-02  0.1500000E-02          15
|000000001000001100101101000000> :  0.1070611E-02  0.1400000E-02          14
|000011101100001100101000001000> :  0.1760144E-02  0.1400000E-02          14
|001011101100001100101000000000> :  0.1739045E-02  0.1300000E-02          13
|001011101100001100100000000100> :  0.1639543E-02  0.1300000E-02          13
|000011101000001100101000000000> :  0.2282986E-02  0.1300000E-02          13
|000000101010001000001110000000> :  0.3473289E-03  0.1100000E-02          11
|001011001100001100100000000000> :  0.1470317E-02  0.1100000E-02          11
|001010101000001100100100000000> :  0.7160819E-03  0.1000000E-02          10
|001010101100001100100000000000> :  0.7063979E-03  0.1000000E-02          10
|001010100100001100100000010000> :  0.6618752E-03  0.1000000E-02          10
|000011100100001000101000010000> :  0.6268038E-03  0.9000000E-03           9
|000010100100001100101000010000> :  0.5449161E-03  0.8000000E-03           8
|010010101000000100001100000000> :  0.8136344E-03  0.8000000E-03           8
|001010000100001010100000010000> :  0.5331090E-03  0.8000000E-03           8
|001010101100001000100000000000> :  0.3818628E-03  0.8000000E-03           8
|001010100100000101100000000000> :  0.6222053E-03  0.8000000E-03           8
|001110000100001000100000010000> :  0.8180351E-03  0.7000000E-03           7
|001011101100000100101000000100> :  0.3129844E-03  0.7000000E-03           7
|000001100100001100110000010000> :  0.5365424E-03  0.7000000E-03           7
|000011100000000100101000010000> :  0.3404151E-03  0.7000000E-03           7
|001011100000001000100000010000> :  0.2844997E-03  0.7000000E-03           7
|001011100100001000100000010000> :  0.4791990E-03  0.7000000E-03           7
|001011101100001100100000011000> :  0.4639784E-03  0.7000000E-03           7
|000011101100001100101000010000> :  0.8038729E-03  0.6000000E-03           6
|001011100000001100101000010100> :  0.2963990E-03  0.6000000E-03           6
|001110001100001000100000000000> :  0.4174508E-03  0.6000000E-03           6
|000010101100001100101000000000> :  0.5817007E-03  0.6000000E-03           6
|001011010000001000100000010000> :  0.9565641E-03  0.6000000E-03           6
|001010001000001100100100000000> :  0.2011636E-03  0.6000000E-03           6
|000001100100001100101000010000> :  0.6137788E-03  0.6000000E-03           6
|000010101100001000101000000000> :  0.1933217E-03  0.6000000E-03           6
|001100001000001000100110000000> :  0.4858881E-03  0.6000000E-03           6
|001011100100101101100000010000> :  0.1048557E-03  0.6000000E-03           6
|001001011000001000100010000000> :  0.6327657E-03  0.6000000E-03           6
|001011101000001100100000000000> :  0.7776293E-03  0.6000000E-03           6
|001000001000001000100111000000> :  0.4167439E-03  0.6000000E-03           6
|001111000100001000100000010000> :  0.4718609E-03  0.6000000E-03           6
|000011101100001100001000000000> :  0.4061946E-03  0.5000000E-03           5
|000011100100000101100000000000> :  0.2304155E-03  0.5000000E-03           5
|101011101100001100100100000000> :  0.2014425E-03  0.5000000E-03           5
|001111000100001000000000010000> :  0.4753056E-03  0.5000000E-03           5
|001010101000001100000100000000> :  0.3909261E-03  0.5000000E-03           5
|100000001000001100101001000000> :  0.3418087E-03  0.4000000E-03           4
|000011101100101100101000010000> :  0.5033098E-03  0.4000000E-03           4
|000001101100001100101000011000> :  0.2836107E-03  0.4000000E-03           4
|000111000000001000100000110000> :  0.4196304E-03  0.4000000E-03           4
|011010101000000100000100000000> :  0.4881996E-03  0.4000000E-03           4
|001010001100001010100000000000> :  0.2786184E-03  0.4000000E-03           4
|000011011000001000100000000010> :  0.2506535E-03  0.4000000E-03           4
|001011101100001100101000001000> :  0.1376173E-03  0.4000000E-03           4
|000010001000001100101100000000> :  0.4281536E-03  0.4000000E-03           4
|001011100000000100100000010000> :  0.4938077E-03  0.4000000E-03           4
|001011011000001000100000000000> :  0.1266545E-03  0.4000000E-03           4
|001011000100001100100000010000> :  0.2383288E-03  0.4000000E-03           4
|001011100100000101000000000000> :  0.4283950E-03  0.4000000E-03           4
|000011101100001000101000011000> :  0.2480283E-03  0.4000000E-03           4
|000001100100000100110000010000> :  0.1317682E-03  0.4000000E-03           4
|000000101110001100001000000000> :  0.1337047E-03  0.4000000E-03           4
|000011100000001100101000010000> :  0.4632284E-03  0.4000000E-03           4
|000011100000000101101000000000> :  0.1712659E-03  0.4000000E-03           4
|000111000000001000101000010000> :  0.2074278E-03  0.4000000E-03           4
|001011100100001100100000000000> :  0.2885673E-03  0.4000000E-03           4
|001001100100001100000000010000> :  0.1829723E-03  0.4000000E-03           4
|001011000100001100101000010100> :  0.2590039E-03  0.4000000E-03           4
|001011000100001100000000010000> :  0.3014390E-03  0.4000000E-03           4
|000001000100001100110000010000> :  0.9068801E-04  0.4000000E-03           4
|001011101100000000100000000000> :  0.7463086E-04  0.3000000E-03           3
|000011100100000100100000010000> :  0.2057400E-03  0.3000000E-03           3
|001011100100001000101000010100> :  0.2747858E-03  0.3000000E-03           3
|101011100100001100101000010000> :  0.1755462E-03  0.3000000E-03           3
|000011101100001100100000011000> :  0.2648131E-03  0.3000000E-03           3
|000010101100001100100000000000> :  0.1107686E-03  0.3000000E-03           3
|000110001000001000101100000000> :  0.4098192E-03  0.3000000E-03           3
|001100001000001000100100000000> :  0.4703793E-04  0.3000000E-03           3
|001000101000001000100110000000> :  0.2284405E-03  0.3000000E-03           3
|001000011000001000100011000000> :  0.4088502E-03  0.3000000E-03           3
|000011101100000100101000000000> :  0.1391157E-03  0.3000000E-03           3
|000010101000000100101100000000> :  0.1215445E-03  0.3000000E-03           3
|001000100100001100100000010000> :  0.1545009E-03  0.3000000E-03           3
|001001100000001100100000010000> :  0.4128523E-03  0.3000000E-03           3
|000000101000001000101110000000> :  0.1766100E-03  0.3000000E-03           3
|001111100100001100100000011000> :  0.2257699E-03  0.3000000E-03           3
|001011101000001100101000000100> :  0.2931019E-03  0.3000000E-03           3
|001011101000001000100000000000> :  0.1283849E-03  0.3000000E-03           3
|000111101100001000101000000000> :  0.9180161E-04  0.3000000E-03           3
|001011100100001100100100010010> :  0.2875125E-04  0.3000000E-03           3
|001000100101001100000000010000> :  0.3965161E-03  0.3000000E-03           3
|000011101100000100001000000000> :  0.1012212E-03  0.3000000E-03           3
|001001101000001000100010000000> :  0.9238728E-04  0.3000000E-03           3
|000010100000001100101000010000> :  0.7418436E-04  0.3000000E-03           3
|101011100100001100110000000000> :  0.1366527E-03  0.3000000E-03           3
|001011100100000101100000000000> :  0.3179240E-04  0.2000000E-03           2
|001001100100000100100000010000> :  0.5851138E-04  0.2000000E-03           2
|100011100100100100101000000000> :  0.1795231E-04  0.2000000E-03           2
|000011101100001100101001000010> :  0.2953036E-04  0.2000000E-03           2
|000111100100001100101000001000> :  0.1917299E-03  0.2000000E-03           2
|000001101100001100101000000000> :  0.3155136E-03  0.2000000E-03           2
|001111101100001100100000000101> :  0.3429994E-04  0.2000000E-03           2
|010000101010000100001100000000> :  0.1139637E-03  0.2000000E-03           2
|001011101100101101100000000000> :  0.1200979E-03  0.2000000E-03           2
|001011101100001100101000100000> :  0.4824748E-03  0.2000000E-03           2
|001111000000001000100000010000> :  0.4229289E-03  0.2000000E-03           2
|010011100100000000101000110000> :  0.1946635E-05  0.2000000E-03           2
|000000100100001100101000010000> :  0.8937343E-04  0.2000000E-03           2
|001010101000000100100100000000> :  0.9231608E-04  0.2000000E-03           2
|001010100100001101100000000100> :  0.5195102E-04  0.2000000E-03           2
|001010010000001010100000010000> :  0.2186182E-03  0.2000000E-03           2
|001010100100001100101000010100> :  0.3512383E-03  0.2000000E-03           2
|000010100100000101101000000000> :  0.2616917E-03  0.2000000E-03           2
|001010011000001010100000000000> :  0.1867308E-03  0.2000000E-03           2
|000011101000000100101000000000> :  0.2099028E-03  0.2000000E-03           2
|000111000100100100001010010000> :  0.1432732E-05  0.2000000E-03           2
|001011001100001100101000000100> :  0.2451383E-03  0.2000000E-03           2
|000011101100000100101000010000> :  0.1057158E-03  0.2000000E-03           2
|001111001000001000100000000000> :  0.6782564E-04  0.2000000E-03           2
|000011101100000000101000000110> :  0.3219342E-04  0.2000000E-03           2
|001011100100001100000000010000> :  0.1126684E-03  0.2000000E-03           2
|000111100100000100101000001000> :  0.2521848E-04  0.2000000E-03           2
|000111001000000000101000000000> :  0.6100390E-04  0.2000000E-03           2
|000001100100001000110000010000> :  0.2233121E-04  0.2000000E-03           2
|001011101100001000101000000100> :  0.2728849E-03  0.2000000E-03           2
|000000010011001010000000110000> :  0.3179680E-03  0.2000000E-03           2
|000100001010001000001110000000> :  0.1882016E-03  0.2000000E-03           2
|001011101010001100100001000000> :  0.1971289E-04  0.2000000E-03           2
|001011101100001100101000010000> :  0.3622572E-04  0.2000000E-03           2
|001011101110001100110000000000> :  0.2543975E-04  0.2000000E-03           2
|001101001000001000100010000000> :  0.8409503E-04  0.2000000E-03           2
|001111000100000000100000010000> :  0.1032408E-03  0.2000000E-03           2
|001011101000001100100100000000> :  0.6719803E-04  0.2000000E-03           2
|001110000000001000100100000000> :  0.1135014E-03  0.2000000E-03           2
|001111101100001100100000001000> :  0.2231564E-03  0.2000000E-03           2
|000111100100000100101000011000> :  0.7126017E-04  0.2000000E-03           2
|000111000100000000101000010000> :  0.7870979E-04  0.2000000E-03           2
|000011100000000010110000010001> :  0.8824864E-06  0.2000000E-03           2
|000011100000001100001000010000> :  0.1706487E-03  0.2000000E-03           2
|001011100100011100100001000000> :  0.4796291E-04  0.2000000E-03           2
|001111001100001000000000000000> :  0.2932521E-03  0.2000000E-03           2
|100011100100001100101100010000> :  0.8045809E-04  0.2000000E-03           2
|001001000100011100000000000000> :  0.4450016E-04  0.2000000E-03           2
|000011100000001101101000000100> :  0.6676527E-04  0.2000000E-03           2
|000011100100001100100000000000> :  0.1720005E-04  0.2000000E-03           2
|101010100100001100110000010000> :  0.3487629E-04  0.2000000E-03           2
|001011100100000100100000010000> :  0.1994058E-03  0.2000000E-03           2
|100011101101001100100000000000> :  0.8834816E-04  0.2000000E-03           2
|001011001100001100000000000000> :  0.2763586E-03  0.2000000E-03           2
|000000100100001100110000010000> :  0.2854589E-03  0.2000000E-03           2
|001010000100001100100000010000> :  0.1332491E-03  0.2000000E-03           2
|011010000000000100000000000001> :  0.1255128E-04  0.2000000E-03           2
|001010100100001000100000010000> :  0.4754436E-03  0.2000000E-03           2
|000011100100001110100000010101> :  0.1161312E-04  0.2000000E-03           2
|000010101000001100001100000000> :  0.2872897E-03  0.1000000E-03           1
|000010101000001000101100000000> :  0.6325186E-04  0.1000000E-03           1
|000001010100011100110001000000> :  0.2729805E-09  0.1000000E-03           1
|001011010000001100100000010101> :  0.1061612E-05  0.1000000E-03           1
|000011101001001100101000000010> :  0.4437408E-05  0.1000000E-03           1
|000010101000000100101000000110> :  0.1674723E-07  0.1000000E-03           1
|000001010100001001100010100000> :  0.9578816E-07  0.1000000E-03           1
|000010101000000000101100000000> :  0.2622212E-04  0.1000000E-03           1
|000010100111001100001010010000> :  0.1358624E-05  0.1000000E-03           1
|000001001100101100101010000000> :  0.2200886E-05  0.1000000E-03           1
|000010100101001000101010010000> :  0.1837000E-05  0.1000000E-03           1
|000010100100100100100000000100> :  0.4877927E-05  0.1000000E-03           1
|000001001100001100101010100000> :  0.3389680E-05  0.1000000E-03           1
|000000100100001100100000000000> :  0.8451286E-06  0.1000000E-03           1
|000000010000001100110001110000> :  0.6343774E-08  0.1000000E-03           1
|000010100100001100101100010010> :  0.3308546E-05  0.1000000E-03           1
|000011100110001100101001010000> :  0.4555573E-04  0.1000000E-03           1
|000001001100001100001000000000> :  0.5609151E-05  0.1000000E-03           1
|000010100100001100100000010101> :  0.3866872E-04  0.1000000E-03           1
|000010100100001100100000010000> :  0.1165550E-03  0.1000000E-03           1
|000001001010000110001000000001> :  0.8758405E-08  0.1000000E-03           1
|000000100100001000101000010000> :  0.5503337E-05  0.1000000E-03           1
|000010100100001100001000010000> :  0.3211920E-04  0.1000000E-03           1
|000010100100001000101001001000> :  0.3113096E-05  0.1000000E-03           1
|000001001000100000010010010000> :  0.4974667E-06  0.1000000E-03           1
|000010100100001000101000010101> :  0.1434160E-04  0.1000000E-03           1
|000010100100001000101000010000> :  0.1853263E-03  0.1000000E-03           1
|000001001000010001000010100000> :  0.3588166E-06  0.1000000E-03           1
|000000100010110101011001000010> :  0.9018636E-11  0.1000000E-03           1
|000000010000001000110001010000> :  0.5493877E-04  0.1000000E-03           1
|000000001000001000100111000000> :  0.8548551E-05  0.1000000E-03           1
|000010100100000110101000010100> :  0.1059809E-04  0.1000000E-03           1
|000011100100011100100001011010> :  0.3799838E-05  0.1000000E-03           1
|000001001000001100100000101010> :  0.4236540E-05  0.1000000E-03           1
|000010100100000000100000101001> :  0.1578718E-07  0.1000000E-03           1
|000010100000011110000000000010> :  0.3032378E-06  0.1000000E-03           1
|000001001000001000101000000000> :  0.3976936E-06  0.1000000E-03           1
|000000100010011110001000000010> :  0.2555915E-06  0.1000000E-03           1
|000011100100001100101100010010> :  0.2934087E-04  0.1000000E-03           1
|000010100000011100110100000010> :  0.2438887E-05  0.1000000E-03           1
|000011100100001100101100000001> :  0.1190396E-04  0.1000000E-03           1
|000011100100001100101010100000> :  0.4336028E-04  0.1000000E-03           1
|000010100000001110101110010000> :  0.2484360E-05  0.1000000E-03           1
|000001000100011100001000000000> :  0.1288008E-03  0.1000000E-03           1
|000011100100001101101000000000> :  0.1293067E-03  0.1000000E-03           1
|000011100100001101101000000100> :  0.1810592E-03  0.1000000E-03           1
|001010001100001010100100000000> :  0.1203312E-05  0.1000000E-03           1
|000011100100010100101000001000> :  0.7380930E-05  0.1000000E-03           1
|000011100100011000101000001000> :  0.7542953E-05  0.1000000E-03           1
|001010100000000101100100000000> :  0.1566353E-03  0.1000000E-03           1
|000011100100011100101010110110> :  0.1164229E-06  0.1000000E-03           1
|000011100100011100101100010100> :  0.1661494E-06  0.1000000E-03           1
|000011100100011100101100011010> :  0.4572765E-05  0.1000000E-03           1
|000011100100011101101000010000> :  0.7182639E-05  0.1000000E-03           1
|000011100100011110101001000010> :  0.1682431E-07  0.1000000E-03           1
|000011100100101100000010010100> :  0.8472198E-07  0.1000000E-03           1
|000011100100101100011000010000> :  0.4218902E-05  0.1000000E-03           1
|000011100100101100101010000000> :  0.1598117E-04  0.1000000E-03           1
|000011100100101100101010000100> :  0.7379513E-05  0.1000000E-03           1
|000011100100101100110000010000> :  0.3913482E-04  0.1000000E-03           1
|000011100101001000100000001000> :  0.9177465E-06  0.1000000E-03           1
|000011100101001100101100010000> :  0.1802524E-04  0.1000000E-03           1
|000011100110001100100000010001> :  0.4331951E-05  0.1000000E-03           1
|000011100110001100101000010001> :  0.5874056E-04  0.1000000E-03           1
|000011100110001100101000010101> :  0.2478185E-04  0.1000000E-03           1
|001011000000001000100000010000> :  0.1142478E-04  0.1000000E-03           1
|000011100110001101110000000000> :  0.1725955E-05  0.1000000E-03           1
|001011000001101100000000001000> :  0.1648218E-06  0.1000000E-03           1
|000011101000000100110000001010> :  0.2599844E-06  0.1000000E-03           1
|000011101000000110101000000001> :  0.5596366E-05  0.1000000E-03           1
|000011101000001000101000000000> :  0.5614631E-04  0.1000000E-03           1
|000011101000001001101100000100> :  0.4161045E-05  0.1000000E-03           1
|000011101000001100001000000000> :  0.7342741E-04  0.1000000E-03           1
|001011000101001100100000001000> :  0.9194098E-05  0.1000000E-03           1
|000011101000001100101000010000> :  0.7205876E-05  0.1000000E-03           1
|000011101000001100101100000000> :  0.2893836E-04  0.1000000E-03           1
|000011101000011100001000101000> :  0.2702731E-05  0.1000000E-03           1
|001011001100001100100010100000> :  0.2019965E-04  0.1000000E-03           1
|000011101010001100101001000000> :  0.2635483E-05  0.1000000E-03           1
|001011010000001100100001011000> :  0.1825629E-05  0.1000000E-03           1
|001011010100001100100000110010> :  0.8577625E-06  0.1000000E-03           1
|000011101100000100100000000000> :  0.1573306E-03  0.1000000E-03           1
|000011101100000100100000000110> :  0.9923457E-05  0.1000000E-03           1
|001011100000000101100001001000> :  0.9178325E-05  0.1000000E-03           1
|001011100000001100000000010000> :  0.1634215E-03  0.1000000E-03           1
|000011100100001100101001010101> :  0.1126665E-04  0.1000000E-03           1
|001010000000001100100000010000> :  0.2113322E-04  0.1000000E-03           1
|000011100100001100101000100010> :  0.4304502E-04  0.1000000E-03           1
|001010000000000100100000010001> :  0.3838791E-04  0.1000000E-03           1
|101011000100001110100000010000> :  0.8885454E-05  0.1000000E-03           1
|001001101100100100110000000000> :  0.3628620E-05  0.1000000E-03           1
|000010100000000000110001001100> :  0.9948900E-06  0.1000000E-03           1
|000000100010001100001100000000> :  0.6539251E-04  0.1000000E-03           1
|000000010000000001010010010001> :  0.2266624E-08  0.1000000E-03           1
|000011100100001100101000010010> :  0.1802161E-06  0.1000000E-03           1
|001001101000001100100000000000> :  0.7455720E-04  0.1000000E-03           1
|000010011000001011100000010100> :  0.4124834E-06  0.1000000E-03           1
|000011100100001100100100010010> :  0.9247846E-05  0.1000000E-03           1
|000011100100001100100010110000> :  0.2594106E-04  0.1000000E-03           1
|000010001100001100101000000000> :  0.1019505E-03  0.1000000E-03           1
|000001000100001100100001000011> :  0.4590130E-06  0.1000000E-03           1
|000011100100001100100010010010> :  0.2899448E-04  0.1000000E-03           1
|000011100100001100100000010000> :  0.4577373E-05  0.1000000E-03           1
|000010001100001100100000000010> :  0.3394313E-06  0.1000000E-03           1
|100100100000101000000000100000> :  0.1259467E-07  0.1000000E-03           1
|001001011100101000100010000000> :  0.4227474E-06  0.1000000E-03           1
|000011100100001100001000011000> :  0.9832853E-05  0.1000000E-03           1
|000001000100000100110001000011> :  0.4462118E-06  0.1000000E-03           1
|000000100001000100100000001010> :  0.1463270E-06  0.1000000E-03           1
|001001010100001000100001000001> :  0.2206559E-06  0.1000000E-03           1
|000011100100001100001000000000> :  0.4338363E-04  0.1000000E-03           1
|000010001000001100001101000000> :  0.3456418E-06  0.1000000E-03           1
|000011100100001100000000010000> :  0.7954300E-04  0.1000000E-03           1
|000011100100001000101000110010> :  0.1772782E-04  0.1000000E-03           1
|000010001000000001110000100000> :  0.1657012E-06  0.1000000E-03           1
|000001000000010101100010110010> :  0.1259916E-08  0.1000000E-03           1
|001001000000111101100000010000> :  0.7330640E-07  0.1000000E-03           1
|000011100100001000100000010101> :  0.3439326E-04  0.1000000E-03           1
|000010000100001100101000000000> :  0.1014542E-05  0.1000000E-03           1
|000011100100000111111000000100> :  0.1526983E-06  0.1000000E-03           1
|000011100100000111101000000001> :  0.6227464E-05  0.1000000E-03           1
|000010000100000100101000010110> :  0.1496431E-05  0.1000000E-03           1
|000000101111100000000000010100> :  0.2986099E-06  0.1000000E-03           1
|000000100000001100101100000000> :  0.2554084E-04  0.1000000E-03           1
|000000001110101000001010010000> :  0.6229639E-06  0.1000000E-03           1
|000000001000001000001111000000> :  0.1648749E-04  0.1000000E-03           1
|000000000000100010010010000010> :  0.2362652E-06  0.1000000E-03           1
|000011100100000101101000010000> :  0.8365570E-04  0.1000000E-03           1
|100001100001001100100001000000> :  0.2767424E-07  0.1000000E-03           1
|000010000001001000010010100000> :  0.2868602E-06  0.1000000E-03           1
|000011100100000101001000000000> :  0.1664640E-03  0.1000000E-03           1
|000011100100000100101001010001> :  0.3583523E-04  0.1000000E-03           1
|000010000001000001101000011001> :  0.1941301E-06  0.1000000E-03           1
|000000101110001100001000010000> :  0.2256854E-05  0.1000000E-03           1
|000011100100000100101000100110> :  0.1703998E-06  0.1000000E-03           1
|000011100100000100101000000000> :  0.2138254E-03  0.1000000E-03           1
|000010000000110100001000000001> :  0.2826512E-06  0.1000000E-03           1
|000011100100000100100000010101> :  0.4836796E-04  0.1000000E-03           1
|011100001000000000000110000000> :  0.8319468E-05  0.1000000E-03           1
|001000010001001000000001010000> :  0.1910298E-04  0.1000000E-03           1
|000010000000000101101000000001> :  0.4587867E-04  0.1000000E-03           1
|000000100000001100101001011000> :  0.1672846E-05  0.1000000E-03           1
|000011100000011110001100000000> :  0.1533631E-07  0.1000000E-03           1
|000011100000011100101001010000> :  0.1216830E-04  0.1000000E-03           1
|000010000000000100101000010001> :  0.3221359E-04  0.1000000E-03           1
|000011100000001110101000010001> :  0.1688539E-04  0.1000000E-03           1
|001000000100001010100000010000> :  0.1186793E-04  0.1000000E-03           1
|000010000000000100100000010100> :  0.1428772E-06  0.1000000E-03           1
|000000101110000100001000000000> :  0.7402947E-05  0.1000000E-03           1
|001000000000001100100101000000> :  0.2423272E-04  0.1000000E-03           1
|000011100000001100101000000000> :  0.3714387E-04  0.1000000E-03           1
|000001111101011100000000000000> :  0.4280247E-06  0.1000000E-03           1
|000111101100001100101000000101> :  0.1749327E-04  0.1000000E-03           1
|000011100000001000100010000101> :  0.7580311E-07  0.1000000E-03           1
|000001111100011100001000000000> :  0.1311106E-05  0.1000000E-03           1
|000000101100001100101101000001> :  0.1555864E-05  0.1000000E-03           1
|000000100000001100100001010101> :  0.3715712E-06  0.1000000E-03           1
|000000001010011110000000110000> :  0.1722238E-07  0.1000000E-03           1
|000011100000001000100000110101> :  0.2872585E-04  0.1000000E-03           1
|000111100101001100101000010000> :  0.7514160E-05  0.1000000E-03           1
|000001110000010101101000000000> :  0.7543682E-06  0.1000000E-03           1
|000011100000000101100010100000> :  0.1841292E-06  0.1000000E-03           1
|010011100100000100101000100000> :  0.8055481E-05  0.1000000E-03           1
|000111100100001100101000010001> :  0.6985804E-05  0.1000000E-03           1
|000001101100011000101000001000> :  0.5157697E-05  0.1000000E-03           1
|010011000100001100100000100000> :  0.2415417E-06  0.1000000E-03           1
|000111100100001001101000000100> :  0.3166639E-04  0.1000000E-03           1
|000111100100001000100000010101> :  0.5081337E-07  0.1000000E-03           1
|010010101000001100001000011100> :  0.3429302E-07  0.1000000E-03           1
|010010101000000100001100001000> :  0.7178736E-05  0.1000000E-03           1
|000001101100010100110000101000> :  0.3168327E-06  0.1000000E-03           1
|010010001101001100101000000000> :  0.4669315E-07  0.1000000E-03           1
|010011001100001000000000001010> :  0.1362153E-06  0.1000000E-03           1
|000111001100101001001000010000> :  0.5539444E-05  0.1000000E-03           1
|000111100100001101101000001000> :  0.5878551E-05  0.1000000E-03           1
|000111100100001101101001001000> :  0.4948445E-05  0.1000000E-03           1
|000111100100101001100000010100> :  0.4263917E-05  0.1000000E-03           1
|010011101000000110000000000100> :  0.8637616E-06  0.1000000E-03           1
|000111101000000010101000000100> :  0.3083342E-05  0.1000000E-03           1
|000111101100000000101000011000> :  0.8441211E-05  0.1000000E-03           1
|010101100100000110000010100000> :  0.1728296E-09  0.1000000E-03           1
|000111101100001001101000100000> :  0.2779779E-05  0.1000000E-03           1
|000111101100001100101000000001> :  0.5026574E-04  0.1000000E-03           1
|010111001100100001101000000000> :  0.8508800E-06  0.1000000E-03           1
|000111101100001101110000000001> :  0.4762716E-07  0.1000000E-03           1
|000111110100001101101001000001> :  0.5996223E-07  0.1000000E-03           1
|001000000000001000100111000000> :  0.2652030E-04  0.1000000E-03           1
|011001011000000000000010000000> :  0.1555292E-04  0.1000000E-03           1
|001000000001011010000001011000> :  0.6807690E-08  0.1000000E-03           1
|011010000000000100000100000000> :  0.6953303E-05  0.1000000E-03           1
|001000000100100001000100001100> :  0.1172051E-06  0.1000000E-03           1
|001000000101001010000000010000> :  0.5843576E-04  0.1000000E-03           1
|001000001000000000100111000000> :  0.1006270E-04  0.1000000E-03           1
|001000001000001000100101000000> :  0.4060006E-04  0.1000000E-03           1
|011011100000101101100000000000> :  0.2261957E-06  0.1000000E-03           1
|001000001001110101000000010001> :  0.4462926E-07  0.1000000E-03           1
|001000010000001000100001010000> :  0.4556380E-04  0.1000000E-03           1
|011110000100000001000000100100> :  0.2818570E-07  0.1000000E-03           1
|001000010001001010000000010000> :  0.1006932E-04  0.1000000E-03           1
|001000011000001000000011000000> :  0.4356308E-05  0.1000000E-03           1
|001000011000001000100001000000> :  0.4734110E-04  0.1000000E-03           1
|100000000000101001001110000000> :  0.6867225E-08  0.1000000E-03           1
|001000011000001010100000000000> :  0.1813856E-04  0.1000000E-03           1
|001000100000001100100100000000> :  0.6792311E-05  0.1000000E-03           1
|001000100000001100110100000000> :  0.1580262E-06  0.1000000E-03           1
|001000100000011110100001000000> :  0.4388333E-06  0.1000000E-03           1
|001000100000011110100010000000> :  0.1468431E-06  0.1000000E-03           1
|001000100001001010100001000001> :  0.5451586E-07  0.1000000E-03           1
|001000100100001000100000010000> :  0.1046827E-04  0.1000000E-03           1
|100001100100001000101100010000> :  0.2327924E-06  0.1000000E-03           1
|100001100100001010100000010000> :  0.9698127E-05  0.1000000E-03           1
|001000101000001000000110000000> :  0.4036548E-04  0.1000000E-03           1
|100001101100001110100000000000> :  0.9401424E-05  0.1000000E-03           1
|001000101000001000111100100000> :  0.5198482E-06  0.1000000E-03           1
|001000101001000001000010100000> :  0.1067058E-08  0.1000000E-03           1
|001000101100001000100000000000> :  0.1652437E-04  0.1000000E-03           1
|001000101100001100100000000000> :  0.1774905E-04  0.1000000E-03           1
|001000101101000000000000000000> :  0.4207258E-06  0.1000000E-03           1
|001000110001101000000000000100> :  0.4800767E-06  0.1000000E-03           1
|100011000000001010110000010000> :  0.3584108E-06  0.1000000E-03           1
|001001000001100001100110000000> :  0.9941782E-09  0.1000000E-03           1
|001001000100001100100000010000> :  0.1145866E-03  0.1000000E-03           1
|100011100000001010100000100000> :  0.4502407E-06  0.1000000E-03           1
|001001001100100100110000010000> :  0.5590744E-06  0.1000000E-03           1
|001001010000000000100010001000> :  0.1674715E-04  0.1000000E-03           1
|001001010000001000100010000000> :  0.2542433E-04  0.1000000E-03           1
|001001010000001001110000110000> :  0.3427856E-06  0.1000000E-03           1
|100011101100001100101100000000> :  0.8394760E-05  0.1000000E-03           1
|100011101100101100101000100000> :  0.2827725E-06  0.1000000E-03           1
|100011101110001100101000000000> :  0.8498804E-04  0.1000000E-03           1
|100100000000011000000000000000> :  0.3267267E-06  0.1000000E-03           1
|100101001000011000001001010000> :  0.1727403E-08  0.1000000E-03           1
|001001100100000101100000000000> :  0.4308074E-04  0.1000000E-03           1
|100111000100001010100000010000> :  0.7194931E-06  0.1000000E-03           1
|001001100100001100100000010100> :  0.2341328E-05  0.1000000E-03           1
|001001100100001100100001000001> :  0.7299073E-05  0.1000000E-03           1
|001001100100001100100010110000> :  0.7942146E-05  0.1000000E-03           1
|001001100100101100110000010000> :  0.1197729E-04  0.1000000E-03           1
|001001100101011000000000011000> :  0.3522665E-06  0.1000000E-03           1
|001001101000001000100000000000> :  0.2993113E-04  0.1000000E-03           1
|101010010000000010110000000000> :  0.1068132E-06  0.1000000E-03           1
|101010100000001100100010010000> :  0.1605456E-05  0.1000000E-03           1
|001001101100001000100000000000> :  0.4014495E-04  0.1000000E-03           1
|001001101100001100000000000000> :  0.8448823E-04  0.1000000E-03           1
|001001101100011100100000001000> :  0.1624877E-04  0.1000000E-03           1
|101011001100000100100000100000> :  0.2441072E-07  0.1000000E-03           1
|001001101101010100000000001000> :  0.3986968E-06  0.1000000E-03           1
|101011010100001110100000010001> :  0.3037244E-06  0.1000000E-03           1
|001010000000000100101000010110> :  0.6386726E-06  0.1000000E-03           1
|101011100100001000100010010010> :  0.4626443E-05  0.1000000E-03           1
|001010000010000100110000010001> :  0.5820250E-06  0.1000000E-03           1
|001010000100000010101000110110> :  0.3760190E-07  0.1000000E-03           1
|001010000100000011100000000000> :  0.5819048E-04  0.1000000E-03           1
|001010000100000101100000000110> :  0.1413391E-05  0.1000000E-03           1
|101011101001000100100000000000> :  0.1572968E-05  0.1000000E-03           1
|101011101100001100100000010000> :  0.7997656E-04  0.1000000E-03           1
|001010000100001110101000010100> :  0.2605239E-05  0.1000000E-03           1
|101011101100001100110000000000> :  0.1107735E-04  0.1000000E-03           1
|001010001000010000000001001000> :  0.1596967E-05  0.1000000E-03           1
|001010001000011010100100100000> :  0.7176325E-06  0.1000000E-03           1
|001010001000101100000000000110> :  0.1489880E-06  0.1000000E-03           1
|001010001100000010100000000000> :  0.2529576E-04  0.1000000E-03           1
|111010101101001110111000111010> :  0.2507705E-09  0.1000000E-03           1
|000011010101001010000010010000> :  0.2232859E-08  0.1000000E-03           1
|000111001100001000101000010000> :  0.5057309E-04  0.1000000E-03           1
|001010010000011010100000000010> :  0.9184342E-07  0.1000000E-03           1
|001010010000101010000000000000> :  0.2810656E-06  0.1000000E-03           1
|000111001100001000101000001010> :  0.4566109E-05  0.1000000E-03           1
|001010100000000100100001011000> :  0.2088100E-05  0.1000000E-03           1
|000011010100101000000000010100> :  0.3126207E-06  0.1000000E-03           1
|001010100000001100000100000000> :  0.2499641E-04  0.1000000E-03           1
|001010100000001100100100000000> :  0.1369338E-03  0.1000000E-03           1
|001010100000010000100101011000> :  0.1437727E-06  0.1000000E-03           1
|001010100000011000100101011000> :  0.8869247E-06  0.1000000E-03           1
|001010100010000101110000000000> :  0.1631428E-05  0.1000000E-03           1
|001010100100000001100101001010> :  0.1553904E-05  0.1000000E-03           1
|000001101100001100101010100000> :  0.2732266E-04  0.1000000E-03           1
|001010100100000101100001001000> :  0.2048887E-04  0.1000000E-03           1
|000000101010000110101100000010> :  0.1540896E-07  0.1000000E-03           1
|001010100100001000100001001000> :  0.4449904E-05  0.1000000E-03           1
|001010100100001000100100100010> :  0.3066712E-05  0.1000000E-03           1
|000000100000001001110001001000> :  0.5292663E-08  0.1000000E-03           1
|010001010010001000001000011000> :  0.1384081E-06  0.1000000E-03           1
|001010100100001100101100010010> :  0.3434409E-05  0.1000000E-03           1
|000111001100001000100000000000> :  0.2706978E-03  0.1000000E-03           1
|001010100100101100101000010100> :  0.2695796E-05  0.1000000E-03           1
|000011010001000000000010001010> :  0.1257060E-07  0.1000000E-03           1
|000111001100001000001000000000> :  0.1381019E-03  0.1000000E-03           1
|010000010000001000001000001010> :  0.3176244E-06  0.1000000E-03           1
|001010101100000000100101001000> :  0.4463697E-06  0.1000000E-03           1
|001010101100000101101000100100> :  0.1097553E-05  0.1000000E-03           1
|000111001000101001101000010000> :  0.7739358E-05  0.1000000E-03           1
|000011010000001000100000110000> :  0.7100778E-04  0.1000000E-03           1
|001010101100001100101000000100> :  0.2807715E-03  0.1000000E-03           1
|001010101100001100101100000100> :  0.1290580E-03  0.1000000E-03           1
|001010101100001110100100000001> :  0.5752697E-06  0.1000000E-03           1
|001010101100101010100010000001> :  0.7003709E-10  0.1000000E-03           1
|001010101101000100100000001000> :  0.4623654E-05  0.1000000E-03           1
|001010110000001000100001011000> :  0.4987634E-05  0.1000000E-03           1
|001010111100001100100000000001> :  0.3450308E-04  0.1000000E-03           1
|001011000000000110101000010100> :  0.4339578E-05  0.1000000E-03           1
|000111001000001000101010000000> :  0.4677620E-05  0.1000000E-03           1
|001011000000001100000000010000> :  0.1334620E-04  0.1000000E-03           1
|001011000000001100100000010000> :  0.1573290E-03  0.1000000E-03           1
|001011000000100000100010001100> :  0.9365614E-08  0.1000000E-03           1
|000111001000001000100000000010> :  0.2199183E-03  0.1000000E-03           1
|001011000010001101111000000101> :  0.4966297E-08  0.1000000E-03           1
|001011000100001000100000010000> :  0.1498155E-03  0.1000000E-03           1
|000011001110001100101001000000> :  0.2489641E-05  0.1000000E-03           1
|010000000000000010010110100000> :  0.2141547E-06  0.1000000E-03           1
|001111101100001100100000011101> :  0.9894059E-06  0.1000000E-03           1
|001011000100001100101000100010> :  0.9450206E-05  0.1000000E-03           1
|001011000100001101100000000100> :  0.7091369E-04  0.1000000E-03           1
|001011000100001101100000010100> :  0.1511233E-04  0.1000000E-03           1
|001011000100011000100000011000> :  0.2550122E-05  0.1000000E-03           1
|001011000100101100110000010000> :  0.5101446E-05  0.1000000E-03           1
|001011000101000010100000011000> :  0.1978232E-06  0.1000000E-03           1
|000011001100101101110000100000> :  0.4305842E-08  0.1000000E-03           1
|001011001000000010100100000110> :  0.3099921E-06  0.1000000E-03           1
|001011001000001000100000000000> :  0.1505897E-04  0.1000000E-03           1
|001011001000001100110000000001> :  0.2765888E-05  0.1000000E-03           1
|001011001100000100100000000000> :  0.5677207E-04  0.1000000E-03           1
|001011001100001000100000000000> :  0.7989149E-04  0.1000000E-03           1
|000000101000010101110100000000> :  0.1359645E-07  0.1000000E-03           1
|001111101100001000100010001000> :  0.6846544E-06  0.1000000E-03           1
|000111000100001000101000000000> :  0.1732807E-03  0.1000000E-03           1
|000011001100101100101010000000> :  0.8325773E-05  0.1000000E-03           1
|001011001100001110100000000001> :  0.1554839E-05  0.1000000E-03           1
|000111000100001000001000010000> :  0.1955493E-03  0.1000000E-03           1
|001111100100000010100000010001> :  0.8434434E-06  0.1000000E-03           1
|000011001100001100101000011000> :  0.2278454E-03  0.1000000E-03           1
|000001101100001100100000000000> :  0.6855226E-04  0.1000000E-03           1
|000111000010001010000001110000> :  0.1966856E-06  0.1000000E-03           1
|001011011000011000000010010000> :  0.1742940E-05  0.1000000E-03           1
|001011011100011100100000010000> :  0.1350618E-05  0.1000000E-03           1
|000011001100001100101000010000> :  0.6114783E-04  0.1000000E-03           1
|001011100000000101100000000000> :  0.1274388E-03  0.1000000E-03           1
|001111000100101000100000000100> :  0.2389790E-05  0.1000000E-03           1
|000110101100000000101000000110> :  0.8827069E-05  0.1000000E-03           1
|000011001100001100001000000000> :  0.1896303E-03  0.1000000E-03           1
|001011100000001100100000000000> :  0.2557446E-04  0.1000000E-03           1
|000001101000001000101010000000> :  0.2337322E-03  0.1000000E-03           1
|000000101000010001010011001100> :  0.1669550E-10  0.1000000E-03           1
|000000011100101000000000000100> :  0.4636174E-06  0.1000000E-03           1
|000000001000101101010000000000> :  0.1068857E-05  0.1000000E-03           1
|000000000010100101000001000011> :  0.1085375E-07  0.1000000E-03           1
|000110001100001000101000001010> :  0.1495196E-06  0.1000000E-03           1
|000110001100001000101000000000> :  0.5541276E-04  0.1000000E-03           1
|000011001100000100111000000001> :  0.2650433E-05  0.1000000E-03           1
|001111000000001110100000010100> :  0.8927615E-06  0.1000000E-03           1
|000110001000001000100000000010> :  0.2425283E-05  0.1000000E-03           1
|000011001100000100101000000000> :  0.5335518E-04  0.1000000E-03           1
|000001100101001100101000010010> :  0.2914715E-05  0.1000000E-03           1
|000110001000000100100100101000> :  0.1221909E-05  0.1000000E-03           1
|000110001000000000000100000100> :  0.1772481E-05  0.1000000E-03           1
|000011001000001100100000000010> :  0.2060126E-03  0.1000000E-03           1
|000101101100000100101000001000> :  0.5656120E-05  0.1000000E-03           1
|000101100100001101101000001000> :  0.1453928E-04  0.1000000E-03           1
|000011000110001100010001010000> :  0.2475828E-06  0.1000000E-03           1
|000001100100011100110000110000> :  0.5248958E-05  0.1000000E-03           1
|000000101000001010110000000001> :  0.1091763E-05  0.1000000E-03           1
|000101100100001100101000011000> :  0.3539748E-04  0.1000000E-03           1
|000101001100001000001000000000> :  0.2285792E-04  0.1000000E-03           1
|000011000101001100101000010010> :  0.6964540E-05  0.1000000E-03           1
|000101001000001000101010000000> :  0.1470143E-04  0.1000000E-03           1
|001101100000000100110000010001> :  0.1505417E-06  0.1000000E-03           1
|000101001000001000101000000000> :  0.3741013E-04  0.1000000E-03           1
|000011000100001110101010010000> :  0.8373038E-05  0.1000000E-03           1
|000101001000000010110000010001> :  0.5352810E-09  0.1000000E-03           1
|000101000100101100001010010000> :  0.1501387E-05  0.1000000E-03           1
|000011000100001100100000010101> :  0.2350844E-04  0.1000000E-03           1
|000101000100001000101001010001> :  0.2732865E-05  0.1000000E-03           1
|001011111100111100100000010000> :  0.6083574E-07  0.1000000E-03           1
|001011111100001100100000000001> :  0.1741976E-04  0.1000000E-03           1
|000101000000010001001000100010> :  0.2392136E-06  0.1000000E-03           1
|000011000100001100100000010000> :  0.1514917E-03  0.1000000E-03           1
|000000011000000110100010000110> :  0.9066134E-08  0.1000000E-03           1
|000100100000000000111000110001> :  0.2024208E-07  0.1000000E-03           1
|000100001111000000101000001000> :  0.1243957E-06  0.1000000E-03           1
|000011000100001100001000010000> :  0.1293780E-03  0.1000000E-03           1
|000100001100011000100000100010> :  0.1165638E-07  0.1000000E-03           1
|001011101100101100100000010100> :  0.3933415E-04  0.1000000E-03           1
|000011000100001000101000010000> :  0.1148703E-03  0.1000000E-03           1
|000001100100001100101000000000> :  0.1519186E-03  0.1000000E-03           1
|000100001010001000000010000000> :  0.1307887E-06  0.1000000E-03           1
|000100001000000000101110000000> :  0.3613858E-04  0.1000000E-03           1
|000011000100000101101000000000> :  0.5835353E-04  0.1000000E-03           1
|000100001000000000100110000100> :  0.7169925E-05  0.1000000E-03           1
|000100000001000100000000001010> :  0.2556951E-06  0.1000000E-03           1
|000011000000100100101001001000> :  0.8355520E-06  0.1000000E-03           1
|000001100100001100100000010000> :  0.7133570E-04  0.1000000E-03           1
|000000101000000000101110000000> :  0.5174755E-04  0.1000000E-03           1
|000100000000001000101010010000> :  0.2191585E-06  0.1000000E-03           1
|000011111100001010100000000100> :  0.1280012E-05  0.1000000E-03           1
|000011000000001100101101001000> :  0.1302941E-05  0.1000000E-03           1
|000011111000000100101000000001> :  0.7217872E-06  0.1000000E-03           1
|000011111000000000110000000001> :  0.1079031E-06  0.1000000E-03           1
|000011000000001100100000000010> :  0.7911642E-05  0.1000000E-03           1
|000011110100001100100000010001> :  0.1326484E-04  0.1000000E-03           1
|000011110000011100101000001000> :  0.4636656E-07  0.1000000E-03           1
|000010111000011110001000000000> :  0.1006661E-09  0.1000000E-03           1
|000011101100111110111000011011> :  0.4321579E-08  0.1000000E-03           1
|001011101100001000101000000000> :  0.3193494E-05  0.1000000E-03           1
|000011101100111101001000010000> :  0.9067821E-08  0.1000000E-03           1
|000010110100000101101000000001> :  0.4661557E-05  0.1000000E-03           1
|000001100100001000101000101000> :  0.2343523E-05  0.1000000E-03           1
|000000100111001100101000010010> :  0.2648646E-05  0.1000000E-03           1
|000000001000011000000001000011> :  0.2601477E-08  0.1000000E-03           1
|001011101100000110100000000001> :  0.2333375E-04  0.1000000E-03           1
|000011101100101101101000011100> :  0.1379879E-06  0.1000000E-03           1
|001011101100001100100000010000> :  0.1831767E-03  0.1000000E-03           1
|001011101100000101100000000000> :  0.1089853E-03  0.1000000E-03           1
|001011101100001100100001000010> :  0.3204878E-04  0.1000000E-03           1
|001011101100000100101001000001> :  0.5390415E-07  0.1000000E-03           1
|000011101100101101101000000000> :  0.1311564E-03  0.1000000E-03           1
|000010110000000101101000000100> :  0.7444900E-07  0.1000000E-03           1
|001011101100000100100000000000> :  0.2629096E-03  0.1000000E-03           1
|000011101100101101100010010100> :  0.4358803E-07  0.1000000E-03           1
|001011101100001100101000100100> :  0.7905084E-05  0.1000000E-03           1
|001011101100001101100000100000> :  0.8000447E-04  0.1000000E-03           1
|001011101100001110100001010100> :  0.4280561E-06  0.1000000E-03           1
|001011101100010000100000001000> :  0.3459733E-04  0.1000000E-03           1
|001011101100011000000000001000> :  0.2832252E-04  0.1000000E-03           1
|001011101100011100000001001000> :  0.4805021E-05  0.1000000E-03           1
|001011101100011100100001001010> :  0.5473836E-05  0.1000000E-03           1
|001011101100011100100001001110> :  0.2595892E-05  0.1000000E-03           1
|001011101100011110000000000000> :  0.2276000E-05  0.1000000E-03           1
|001011101100011110100000000000> :  0.4594247E-04  0.1000000E-03           1
|001011101100101100100000010000> :  0.3793012E-03  0.1000000E-03           1
|001011101100000100000000000000> :  0.7305897E-04  0.1000000E-03           1
|001011101100101100100000011000> :  0.1281904E-04  0.1000000E-03           1
|000011101100101101100000000100> :  0.6205977E-04  0.1000000E-03           1
|001011101101001100000000001000> :  0.1607529E-04  0.1000000E-03           1
|000010101110011100100000001010> :  0.1685370E-08  0.1000000E-03           1
|001011110100001100100000010001> :  0.4954901E-04  0.1000000E-03           1
|001011110100001100100000010100> :  0.7038508E-06  0.1000000E-03           1
|001011110100001100100100010000> :  0.5000296E-05  0.1000000E-03           1
|000001100100001000101000001010> :  0.3689116E-05  0.1000000E-03           1
|001011101000100100010000010000> :  0.2182861E-06  0.1000000E-03           1
|000011101100101100110000000000> :  0.2865497E-04  0.1000000E-03           1
|001011101000010101000000000010> :  0.5721787E-07  0.1000000E-03           1
|001100010100001000100001010001> :  0.1172446E-05  0.1000000E-03           1
|001101000100001000100001010001> :  0.1327530E-05  0.1000000E-03           1
|001101000100011000000000000000> :  0.3098416E-04  0.1000000E-03           1
|001101001000000000100010000000> :  0.6714336E-04  0.1000000E-03           1
|001011101000010100100001001000> :  0.6043724E-07  0.1000000E-03           1
|000011101100101100101000010100> :  0.2398378E-04  0.1000000E-03           1
|001101100100001000111000001000> :  0.1699408E-07  0.1000000E-03           1
|001101101100010100000000001000> :  0.6121630E-06  0.1000000E-03           1
|001101101100101101100000101000> :  0.2872706E-08  0.1000000E-03           1
|000010101110001000011010000000> :  0.6720086E-07  0.1000000E-03           1
|001011101000001100100000000110> :  0.3122248E-04  0.1000000E-03           1
|001110001000001000100100000000> :  0.9658384E-05  0.1000000E-03           1
|001110001001101000110000001000> :  0.1356106E-08  0.1000000E-03           1
|001110001100000000100000000000> :  0.2744828E-04  0.1000000E-03           1
|000011101100101001100000000100> :  0.1365254E-04  0.1000000E-03           1
|001110001100011000000000110000> :  0.2915492E-07  0.1000000E-03           1
|001110001100101000100000000100> :  0.2508151E-05  0.1000000E-03           1
|001110101100001100100100000001> :  0.4438657E-06  0.1000000E-03           1
|001110101100011100100001001010> :  0.1707319E-08  0.1000000E-03           1
|001110110100001000100000010001> :  0.7207101E-05  0.1000000E-03           1
|001111000000000001100000000000> :  0.1872207E-04  0.1000000E-03           1
|000010101100001101100100000100> :  0.5504706E-05  0.1000000E-03           1
|000001100100000101101000010000> :  0.1301678E-06  0.1000000E-03           1
|000000100110100100000000000100> :  0.2424337E-06  0.1000000E-03           1
|001111000100000001100000000000> :  0.3676036E-03  0.1000000E-03           1
|001011101000000110100000000100> :  0.2528749E-04  0.1000000E-03           1
|000011101100011100101010100000> :  0.1101000E-04  0.1000000E-03           1
|001111000100001100100000001010> :  0.3074088E-06  0.1000000E-03           1
|001111000100001100101000010100> :  0.1416966E-03  0.1000000E-03           1
|001111000100101000000000010100> :  0.7773928E-06  0.1000000E-03           1
|001011101000000100100000000000> :  0.1598085E-03  0.1000000E-03           1
|001111000100101101100000010000> :  0.2195939E-05  0.1000000E-03           1
|001011101000000000101000000110> :  0.1237188E-05  0.1000000E-03           1
|000011101100001110111000000000> :  0.1693525E-04  0.1000000E-03           1
|001111010000001001100000010100> :  0.1248647E-06  0.1000000E-03           1
|001111100100000001101000010110> :  0.1024903E-06  0.1000000E-03           1
|000010101100001100101000001110> :  0.2812588E-05  0.1000000E-03           1
|001111100100001000100000010000> :  0.1356227E-04  0.1000000E-03           1
|001111100100001100100000000001> :  0.4222835E-05  0.1000000E-03           1
|001011101000000000100011001000> :  0.3559028E-05  0.1000000E-03           1
|001111100100011000001000000110> :  0.1000987E-07  0.1000000E-03           1
|001111101100001000100000000000> :  0.8274694E-04  0.1000000E-03           1
|001011100110001100110000010000> :  0.9506432E-05  0.1000000E-03           1
|001111101100001000101000000100> :  0.1054739E-03  0.1000000E-03           1
|000011101100001110100001000101> :  0.1213895E-05  0.1000000E-03           1
|001011100110001100000000010001> :  0.4827393E-05  0.1000000E-03           1
|001011100101001100100010010000> :  0.4370882E-04  0.1000000E-03           1
|000011101100001100101100001000> :  0.7249603E-05  0.1000000E-03           1
|010000000001100100110000000000> :  0.1143171E-06  0.1000000E-03           1
|010000000010110110000000000100> :  0.1009665E-07  0.1000000E-03           1
|010000001000000100001101000000> :  0.2564557E-04  0.1000000E-03           1
|010000001001000000011011000000> :  0.1337560E-06  0.1000000E-03           1
|000001100100000100111000001010> :  0.2927142E-05  0.1000000E-03           1
|010000100110100000000000000100> :  0.5339560E-06  0.1000000E-03           1
|010000101010000000001110000000> :  0.1025713E-03  0.1000000E-03           1
|001011100100101100110000010100> :  0.7866652E-05  0.1000000E-03           1
|010000101101001000000000000100> :  0.4057621E-06  0.1000000E-03           1
|010001000000100001010000100000> :  0.1253079E-05  0.1000000E-03           1
|000011101100001100101010000010> :  0.3949509E-05  0.1000000E-03           1
|010001100000100010010000000000> :  0.1877489E-07  0.1000000E-03           1
|010001100101001000111000001000> :  0.7982372E-08  0.1000000E-03           1
|010001100101001100101000010000> :  0.3011349E-05  0.1000000E-03           1
|010001101000001100001010001000> :  0.2611385E-05  0.1000000E-03           1
|010001101100001100101000001100> :  0.1240041E-06  0.1000000E-03           1
|010001101100001100111000110000> :  0.2308631E-06  0.1000000E-03           1
|010010000100000001101100100000> :  0.1381170E-07  0.1000000E-03           1
|001011100100101100101000010100> :  0.2966310E-04  0.1000000E-03           1
|001011100100101100100010000000> :  0.1047619E-04  0.1000000E-03           1
|000010101100001100100000000110> :  0.9761953E-05  0.1000000E-03           1
|001011100100101001100000010100> :  0.9518870E-05  0.1000000E-03           1
|010010101100101100100000000100> :  0.1070110E-04  0.1000000E-03           1
|010011000000000000001000111000> :  0.1086270E-06  0.1000000E-03           1
|001011100100101000000010010000> :  0.2889305E-05  0.1000000E-03           1
|010011001000000100000000000010> :  0.2807388E-04  0.1000000E-03           1
|000011101100001100101000011100> :  0.2312738E-04  0.1000000E-03           1
|010011100000001100001100001000> :  0.2531673E-06  0.1000000E-03           1
|001011100100100100110000010000> :  0.6546860E-05  0.1000000E-03           1
|000000100110001100001000010000> :  0.4001327E-04  0.1000000E-03           1
|010011100100001100100000100000> :  0.2147438E-04  0.1000000E-03           1
|010011100100101001110010010000> :  0.7946722E-07  0.1000000E-03           1
|010011100100101100101000000000> :  0.4119768E-04  0.1000000E-03           1
|010011100100101100101000000100> :  0.6358414E-05  0.1000000E-03           1
|010011100100101101100000010100> :  0.1478897E-04  0.1000000E-03           1
|010011101000000100001000000000> :  0.3853546E-03  0.1000000E-03           1
|000000010001000010100000110000> :  0.1182764E-06  0.1000000E-03           1
|010011101100001100000000000100> :  0.1858498E-04  0.1000000E-03           1
|010011101100001110101000000100> :  0.3667441E-05  0.1000000E-03           1
|010011101101001100101000001100> :  0.1089191E-05  0.1000000E-03           1
|010100000010001001000110000100> :  0.8328138E-07  0.1000000E-03           1
|010101001001000001100000000000> :  0.8964818E-09  0.1000000E-03           1
|001011100100001110100000010001> :  0.5124234E-04  0.1000000E-03           1
|010110001000001001101100000100> :  0.1292439E-06  0.1000000E-03           1
|010110001000010000000010100000> :  0.6937850E-08  0.1000000E-03           1
|010110011000010000000110000100> :  0.3700501E-09  0.1000000E-03           1
|010111000100101000101000010000> :  0.3790466E-04  0.1000000E-03           1
|010111001000001000001100001000> :  0.2500905E-06  0.1000000E-03           1
|001011100100001101100000000100> :  0.2082949E-03  0.1000000E-03           1
|010111101100001000100000100000> :  0.2895882E-05  0.1000000E-03           1
|010111101100001110001000100000> :  0.1574516E-08  0.1000000E-03           1
|011000101000000000000110000000> :  0.4033774E-04  0.1000000E-03           1
|011001000000001000101000011000> :  0.9279337E-07  0.1000000E-03           1
|011001000001001010100000000000> :  0.2937037E-07  0.1000000E-03           1
|011001000100100101000010000000> :  0.4242722E-07  0.1000000E-03           1
|011001000101001000100000000000> :  0.1400829E-08  0.1000000E-03           1
|001011100100001100101000011000> :  0.2142005E-03  0.1000000E-03           1
|011001100000001000100010011000> :  0.5650874E-05  0.1000000E-03           1
|011001101100001100000000001000> :  0.1308324E-05  0.1000000E-03           1
|000010101100001100001000000000> :  0.2353964E-04  0.1000000E-03           1
|001011100100001100100100010101> :  0.1299710E-04  0.1000000E-03           1
|011010000000001110100000010001> :  0.6579219E-09  0.1000000E-03           1
|011010001000001100000100000000> :  0.4379210E-06  0.1000000E-03           1
|011010010000001101100000010000> :  0.7450406E-07  0.1000000E-03           1
|001011100100001100100001010001> :  0.3650359E-04  0.1000000E-03           1
|011010101000000100001100100000> :  0.9136462E-06  0.1000000E-03           1
|011011000100000100001000110000> :  0.5949022E-06  0.1000000E-03           1
|011011000100001100000000011000> :  0.2148297E-05  0.1000000E-03           1
|011011001100001100000000100000> :  0.3017330E-05  0.1000000E-03           1
|011011100000001100100000001000> :  0.7359731E-05  0.1000000E-03           1
|000001100100000100101000010000> :  0.8403325E-04  0.1000000E-03           1
|011011100100001110100000010000> :  0.1861876E-04  0.1000000E-03           1
|011011100100101100100000000100> :  0.8050862E-05  0.1000000E-03           1
|011011101000001100100000001000> :  0.2552707E-05  0.1000000E-03           1
|011011101100001100000000101000> :  0.1839808E-04  0.1000000E-03           1
|011011101100101000111000000000> :  0.5826461E-07  0.1000000E-03           1
|001011100100001100100000100110> :  0.2521921E-04  0.1000000E-03           1
|000011101100001100100000100110> :  0.5231734E-07  0.1000000E-03           1
|011111000000000000000000000000> :  0.6219916E-05  0.1000000E-03           1
|100000000000000011100001000011> :  0.8837745E-07  0.1000000E-03           1
|100000000000001000010010100100> :  0.1002139E-07  0.1000000E-03           1
|100000000000001010011000100000> :  0.9033514E-07  0.1000000E-03           1
|100000000000001010110010100000> :  0.2033170E-05  0.1000000E-03           1
|100000000000010000100010100010> :  0.7217755E-09  0.1000000E-03           1
|000010101100001000100000000101> :  0.8760755E-05  0.1000000E-03           1
|100000001000001000101001000000> :  0.6608379E-05  0.1000000E-03           1
|001011100100001100000000000000> :  0.7481119E-04  0.1000000E-03           1
|100000001000100100010000010000> :  0.5376738E-06  0.1000000E-03           1
|100000001000101101101001000000> :  0.3293442E-06  0.1000000E-03           1
|100000100000101100101001010000> :  0.3971968E-05  0.1000000E-03           1
|100000100001001010011000100000> :  0.4484576E-09  0.1000000E-03           1
|100000100100000100101101000001> :  0.3663881E-07  0.1000000E-03           1
|100001000000000000100100110100> :  0.1009773E-07  0.1000000E-03           1
|100001000000001010110000010010> :  0.2873557E-06  0.1000000E-03           1
|100001000001001100110100000000> :  0.5727937E-06  0.1000000E-03           1
|100001000001100100100100000000> :  0.2572577E-06  0.1000000E-03           1
|100001000010000101100000000001> :  0.8829456E-09  0.1000000E-03           1
|100001001000001000100110010000> :  0.1944032E-07  0.1000000E-03           1
|100001011100101010000010010000> :  0.8988458E-09  0.1000000E-03           1
|100001100000001100101011010000> :  0.3674577E-06  0.1000000E-03           1
|000011101100001100100000000110> :  0.9460539E-04  0.1000000E-03           1
|001011100100001001100000000100> :  0.6614068E-04  0.1000000E-03           1
|000010101100000100101000000110> :  0.2766175E-04  0.1000000E-03           1
|100001100100001100101100010000> :  0.5041265E-04  0.1000000E-03           1
|100001100100100100001000010000> :  0.2791181E-05  0.1000000E-03           1
|100001100101001100100000010000> :  0.5886939E-05  0.1000000E-03           1
|000001100100000000111000101000> :  0.9994828E-06  0.1000000E-03           1
|100001110100001000100000010000> :  0.9422172E-05  0.1000000E-03           1
|100001110100001100100000000000> :  0.5234423E-05  0.1000000E-03           1
|100010000000001010110101000000> :  0.3148066E-06  0.1000000E-03           1
|100010000001001000011000000000> :  0.7114567E-06  0.1000000E-03           1
|100010000001001100010100000000> :  0.1492880E-05  0.1000000E-03           1
|100010000100100100101000010001> :  0.1146361E-05  0.1000000E-03           1
|100010010000100010000000110000> :  0.1952399E-07  0.1000000E-03           1
|100010100100001000101010010000> :  0.1158889E-04  0.1000000E-03           1
|100010100100100100101000000000> :  0.6770847E-05  0.1000000E-03           1
|100010100101001100010000000000> :  0.6260304E-06  0.1000000E-03           1
|100010100101001100100000010000> :  0.6200612E-05  0.1000000E-03           1
|100010101110001100101100000000> :  0.5040716E-06  0.1000000E-03           1
|100010111000001100100010000000> :  0.1722238E-06  0.1000000E-03           1
|000000100100011110101000010000> :  0.1730135E-05  0.1000000E-03           1
|100011000100001100001010010000> :  0.1663451E-06  0.1000000E-03           1
|100011000100001100101100010000> :  0.3162955E-04  0.1000000E-03           1
|100011000101001100100000010000> :  0.2081094E-04  0.1000000E-03           1
|100011000110001100010000000000> :  0.4693726E-06  0.1000000E-03           1
|100011001100001110100000000010> :  0.1017841E-05  0.1000000E-03           1
|001011100100001000000000010000> :  0.1316761E-03  0.1000000E-03           1
|100011100000001100100100010000> :  0.2594249E-05  0.1000000E-03           1
|100011100001001100100000010000> :  0.1290085E-04  0.1000000E-03           1
|100011100100001000100000100000> :  0.1618171E-04  0.1000000E-03           1
|100011100100001100100000100000> :  0.2222158E-04  0.1000000E-03           1
|000011101100001100000000000000> :  0.3617547E-04  0.1000000E-03           1
|001011100100000101100000010000> :  0.1033065E-03  0.1000000E-03           1
|100011100100101100110000010000> :  0.3281754E-04  0.1000000E-03           1
|100011100110000100001000010000> :  0.5577627E-06  0.1000000E-03           1
|100011100110001000001000010000> :  0.4383636E-06  0.1000000E-03           1
|000011101100001010101001000000> :  0.1053608E-04  0.1000000E-03           1
|100011101100001110100000000000> :  0.8435150E-04  0.1000000E-03           1
|000010101100000100101000000000> :  0.7016500E-04  0.1000000E-03           1
|001011100100000100101000010100> :  0.3541318E-03  0.1000000E-03           1
|000011101100001000101000100010> :  0.2263943E-04  0.1000000E-03           1
|100011110110011100001000010000> :  0.1125580E-07  0.1000000E-03           1
|001011100100000100101000010000> :  0.4275294E-04  0.1000000E-03           1
|100100000100001000001100000000> :  0.1818858E-09  0.1000000E-03           1
|000010101000001100101100000110> :  0.1907478E-05  0.1000000E-03           1
|000001100000001100111000001010> :  0.1033303E-04  0.1000000E-03           1
|100110000100001000110010000000> :  0.8487916E-06  0.1000000E-03           1
|100110100100001000101000100000> :  0.3545510E-05  0.1000000E-03           1
|001011100100000100000000010000> :  0.1126115E-03  0.1000000E-03           1
|100111000100001100101100010000> :  0.4541115E-05  0.1000000E-03           1
|100111000101001000101100010000> :  0.7756337E-05  0.1000000E-03           1
|100111100100001000100000100000> :  0.1106948E-04  0.1000000E-03           1
|100111111101001100101000000101> :  0.1622633E-09  0.1000000E-03           1
|101000000000011001000000100000> :  0.1109759E-07  0.1000000E-03           1
|101000100100101100100010010000> :  0.7449622E-06  0.1000000E-03           1
|101001100000001100100000110000> :  0.1222610E-05  0.1000000E-03           1
|101001101100001100100010000000> :  0.1749646E-05  0.1000000E-03           1
|101001101110001100000000000000> :  0.1675239E-05  0.1000000E-03           1
|101010000010001100010000000000> :  0.8394484E-05  0.1000000E-03           1
|101010000011001100000000010000> :  0.5020645E-06  0.1000000E-03           1
|101010000100001000100010010000> :  0.9278227E-05  0.1000000E-03           1
|101010010000000000110000001100> :  0.3530216E-07  0.1000000E-03           1
|001011100100000001100000000000> :  0.6659680E-04  0.1000000E-03           1
|101010100000001000100000110000> :  0.1834997E-05  0.1000000E-03           1
|000011101100001000100000001010> :  0.9036187E-05  0.1000000E-03           1
|101010100000001101110000000000> :  0.1286847E-06  0.1000000E-03           1
|101010100100001000100000100000> :  0.2685233E-04  0.1000000E-03           1
|001011100100000000100000011010> :  0.3435230E-05  0.1000000E-03           1
|101010100110001100001000010000> :  0.3612448E-07  0.1000000E-03           1
|101010101000001100100000100000> :  0.1611278E-05  0.1000000E-03           1
|101011000001001100100000010000> :  0.7552408E-05  0.1000000E-03           1
|101011000100001100110000000000> :  0.2029799E-04  0.1000000E-03           1
|001011100100000000100000010110> :  0.1431281E-06  0.1000000E-03           1
|000011101100001000001000000000> :  0.5648351E-04  0.1000000E-03           1
|101011001100001000100010000000> :  0.6521214E-05  0.1000000E-03           1
|101011001100001100100010000000> :  0.2176239E-04  0.1000000E-03           1
|001011100001011100000010000000> :  0.2349153E-07  0.1000000E-03           1
|101011100000001100100100010000> :  0.3246041E-04  0.1000000E-03           1
|101011100000001100110000010000> :  0.4770317E-04  0.1000000E-03           1
|101011100010000000110010000000> :  0.4311800E-09  0.1000000E-03           1
|001011100000011100100000010010> :  0.9335572E-05  0.1000000E-03           1
|000011101100000110100000000100> :  0.4030985E-04  0.1000000E-03           1
|101011100100001100100100010010> :  0.1458973E-04  0.1000000E-03           1
|001011100000001101100000000100> :  0.6850247E-04  0.1000000E-03           1
|000011101100000100110000000001> :  0.1198389E-04  0.1000000E-03           1
|101011100100001100110000010000> :  0.6776991E-05  0.1000000E-03           1
|101011100100001110100001010101> :  0.1181272E-05  0.1000000E-03           1
|101011100100101100110000010000> :  0.6737989E-05  0.1000000E-03           1
|101011100100101101100000010000> :  0.2952832E-04  0.1000000E-03           1
|101011101000001010100000000000> :  0.5802076E-05  0.1000000E-03           1
|000010101000001100100100000000> :  0.1316403E-03  0.1000000E-03           1
|101011101100001010100000000000> :  0.4703210E-04  0.1000000E-03           1
|000001100000001100100000011010> :  0.8920015E-05  0.1000000E-03           1
|000000010001000010010010100100> :  0.1528979E-07  0.1000000E-03           1
|101011101100001100101000110000> :  0.1764520E-04  0.1000000E-03           1
|101011101100001100101100100110> :  0.3134241E-06  0.1000000E-03           1
|000000000001001010010010000010> :  0.2061532E-06  0.1000000E-03           1
|101011101100101100100010100000> :  0.1449968E-05  0.1000000E-03           1
|101011110000001000100000010000> :  0.1168671E-04  0.1000000E-03           1
|101011111100011101100000010100> :  0.9977019E-08  0.1000000E-03           1
|101110010000000000100010010000> :  0.2921782E-08  0.1000000E-03           1
|101111001001001000100000000000> :  0.1537664E-05  0.1000000E-03           1
|110000001000000100001001000000> :  0.1744886E-04  0.1000000E-03           1
|110010101100001000111000000100> :  0.1663023E-08  0.1000000E-03           1
|110111000001001000100110010000> :  0.1141467E-09  0.1000000E-03           1
|111001001100101110100000000000> :  0.2466771E-08  0.1000000E-03           1
|000000000000001100110000010000> :  0.7400732E-06  0.1000000E-03           1
|111111100000001000100000100100> :  0.2627171E-09  0.1000000E-03           1
|000000000000001010110011000001> :  0.4867903E-07  0.1000000E-03           1
