# state, exact probability, frequency, count:
#------------------------------------------------------------------
|100101111100000010010111> :  0.1173857E+00  0.1157000E+00        1157
|011010000011111101101000> :  0.1173857E+00  0.1156000E+00        1156
|011010000011111101001001> :  0.1028898E+00  0.9970000E-01         997
|100101111100000010110110> :  0.1028898E+00  0.9940000E-01         994
|100001111100000011010111> :  0.6494824E-01  0.6720000E-01         672
|011110000011111100101000> :  0.6494824E-01  0.6670000E-01         667
|011110000011111100001001> :  0.5801165E-01  0.6090000E-01         609
|100001111100000011110110> :  0.5801165E-01  0.5610000E-01         561
|110101110100000010010111> :  0.4836805E-01  0.5030000E-01         503
|001010001011111101101000> :  0.4836805E-01  0.5020000E-01         502
|001010001011111001101001> :  0.4516825E-01  0.4750000E-01         475
|110101110100000110010110> :  0.4516825E-01  0.4460000E-01         446
|100101110100000110110110> :  0.4202437E-01  0.4230000E-01         423
|011010001011111001001001> :  0.4202437E-01  0.3970000E-01         397
|100011111100001010100100> :  0.3841822E-02  0.5100000E-02          51
|011100000011110101011011> :  0.3841822E-02  0.4500000E-02          45
|100011111100001010000101> :  0.2755230E-02  0.2700000E-02          27
|011100000011110101111010> :  0.2755230E-02  0.2600000E-02          26
|101110110011011100101000> :  0.1638119E-02  0.1900000E-02          19
|101010101011011101101000> :  0.1200199E-02  0.1400000E-02          14
|010101010100100010010111> :  0.1200199E-02  0.1400000E-02          14
|010001001100100011010111> :  0.1638119E-02  0.1400000E-02          14
|101010111011011100101000> :  0.1527907E-02  0.1400000E-02          14
|111110010011011100101000> :  0.1139874E-02  0.9000000E-03           9
|000001101100100011010111> :  0.1139874E-02  0.9000000E-03           9
|010101000100100011010111> :  0.1527907E-02  0.7000000E-03           7
|010101110100000010010111> :  0.2338604E-03  0.3000000E-03           3
|100001101100000011010111> :  0.1367131E-03  0.3000000E-03           3
|001010001011111101101001> :  0.5677023E-04  0.3000000E-03           3
|100001111100001011110110> :  0.1028430E-03  0.2000000E-03           2
|011000000011111101101000> :  0.5710901E-04  0.2000000E-03           2
|011010000011111101101001> :  0.8010868E-04  0.2000000E-03           2
|011110000011111100101001> :  0.4272341E-04  0.2000000E-03           2
|001001001011100011110011> :  0.1457771E-04  0.2000000E-03           2
|001011000011111101101001> :  0.2474172E-05  0.1000000E-03           1
|001010101011110111101010> :  0.1255430E-07  0.1000000E-03           1
|000111101100111010000111> :  0.2267414E-07  0.1000000E-03           1
|001010100101111001101001> :  0.6508787E-07  0.1000000E-03           1
|001010100001111101001001> :  0.4820887E-05  0.1000000E-03           1
|000110110100100100111100> :  0.8523800E-07  0.1000000E-03           1
|000010001011111111000101> :  0.2212273E-06  0.1000000E-03           1
|010101011100100011010011> :  0.3397093E-06  0.1000000E-03           1
|100001101101100010010111> :  0.8689285E-06  0.1000000E-03           1
|000101111100100010010110> :  0.4210962E-05  0.1000000E-03           1
|010101000110100011010111> :  0.3931136E-05  0.1000000E-03           1
|011110000011111101101000> :  0.3508022E-04  0.1000000E-03           1
|110111110100000010010111> :  0.6558407E-04  0.1000000E-03           1
|010100110011000110110010> :  0.5332914E-07  0.1000000E-03           1
|011110101011111000101001> :  0.2323829E-06  0.1000000E-03           1
|010101001100100111010110> :  0.3476073E-06  0.1000000E-03           1
|001010001011111000101001> :  0.6567020E-04  0.1000000E-03           1
|010101011100000010010110> :  0.1034190E-05  0.1000000E-03           1
|100001111100000001010111> :  0.8394222E-06  0.1000000E-03           1
|010101110001010010010111> :  0.1164809E-07  0.1000000E-03           1
|100001111100010011110100> :  0.1002159E-05  0.1000000E-03           1
|010101111100100010010110> :  0.1143234E-05  0.1000000E-03           1
|010110000001111110101100> :  0.1347705E-05  0.1000000E-03           1
|010110010010101010000101> :  0.5209384E-08  0.1000000E-03           1
|010110100101100111010101> :  0.1121602E-06  0.1000000E-03           1
|011000000011111100001011> :  0.3487422E-05  0.1000000E-03           1
|100011111100001101101000> :  0.3556863E-07  0.1000000E-03           1
|011000000111101111100010> :  0.4553981E-06  0.1000000E-03           1
|000101011100100010110110> :  0.3278275E-05  0.1000000E-03           1
|000010001011101111101000> :  0.1332082E-05  0.1000000E-03           1
|010100000001110101111110> :  0.6573519E-07  0.1000000E-03           1
|010010000011111111101100> :  0.4478572E-05  0.1000000E-03           1
|001001111011010001010011> :  0.1483498E-07  0.1000000E-03           1
|010001001101100011110011> :  0.5001867E-06  0.1000000E-03           1
|110100000111000011011111> :  0.5977782E-07  0.1000000E-03           1
|001001110100010000010111> :  0.6785951E-08  0.1000000E-03           1
|000101010100100010010110> :  0.1023040E-06  0.1000000E-03           1
|010000001011101010010111> :  0.6897983E-07  0.1000000E-03           1
|011011010010111001100001> :  0.6450670E-06  0.1000000E-03           1
|001111110010011000100000> :  0.1227010E-06  0.1000000E-03           1
|001111011110110000011001> :  0.2366366E-07  0.1000000E-03           1
|011010011011110101001001> :  0.6297646E-07  0.1000000E-03           1
|011010010110011000001001> :  0.2425322E-07  0.1000000E-03           1
|001110111010000110111000> :  0.3272053E-07  0.1000000E-03           1
|001000111101011101101010> :  0.5727636E-07  0.1000000E-03           1
|000100101011100011011111> :  0.2111927E-07  0.1000000E-03           1
|011011001110001001011001> :  0.1914036E-07  0.1000000E-03           1
|011011010010111001000101> :  0.2403217E-06  0.1000000E-03           1
|110001001010100011110110> :  0.5773197E-07  0.1000000E-03           1
|011011010010111101101001> :  0.2181124E-05  0.1000000E-03           1
|011100000011100000111001> :  0.7955383E-06  0.1000000E-03           1
|011100000011101110110010> :  0.2488131E-05  0.1000000E-03           1
|110100110100000110010110> :  0.2445987E-04  0.1000000E-03           1
|110101110100000010010110> :  0.5677023E-04  0.1000000E-03           1
|011100110101010100001011> :  0.2753012E-08  0.1000000E-03           1
|011101010100000000110111> :  0.8595405E-08  0.1000000E-03           1
|011110000010111100101000> :  0.4462791E-06  0.1000000E-03           1
|011110000011110100001001> :  0.1028430E-03  0.1000000E-03           1
|011110000011110100101000> :  0.1078844E-03  0.1000000E-03           1
|110110110110000110000100> :  0.5223732E-07  0.1000000E-03           1
|110111110100000110010110> :  0.6790505E-04  0.1000000E-03           1
|110111110110001110001101> :  0.9292680E-07  0.1000000E-03           1
|111010000011111101101000> :  0.7972593E-04  0.1000000E-03           1
|011110001011100000011011> :  0.1502488E-06  0.1000000E-03           1
|111011011011011000101001> :  0.9194715E-06  0.1000000E-03           1
|011111000011101100101000> :  0.9446241E-06  0.1000000E-03           1
|011111010110100000011111> :  0.2775478E-07  0.1000000E-03           1
|100000110100000100111010> :  0.1986963E-07  0.1000000E-03           1
|000001110100100110110110> :  0.2918346E-07  0.1000000E-03           1
|011010010001111101101000> :  0.1156731E-05  0.1000000E-03           1
|100001111010010011110110> :  0.1661488E-05  0.1000000E-03           1
|100001111010011001110010> :  0.1230460E-06  0.1000000E-03           1
|011010001011111101101000> :  0.1490402E-04  0.1000000E-03           1
|001110100001011100001001> :  0.1046970E-05  0.1000000E-03           1
|011010001011111001001101> :  0.1496710E-04  0.1000000E-03           1
|100001111100001011010111> :  0.1078844E-03  0.1000000E-03           1
|101001001010110011100010> :  0.2474106E-07  0.1000000E-03           1
|001110010010110100110010> :  0.2442996E-07  0.1000000E-03           1
|100010000011111101001110> :  0.1352773E-07  0.1000000E-03           1
|100010001011011100001100> :  0.2357224E-06  0.1000000E-03           1
|100010001011011101001000> :  0.5410496E-07  0.1000000E-03           1
|100010011110011000001101> :  0.2447473E-07  0.1000000E-03           1
|100010101101101111001101> :  0.1944250E-06  0.1000000E-03           1
|100010111011010010101000> :  0.2904112E-06  0.1000000E-03           1
|100011001011110001101000> :  0.1604152E-06  0.1000000E-03           1
|100011110100001010010101> :  0.2657324E-07  0.1000000E-03           1
|100011111100001001010101> :  0.5822292E-06  0.1000000E-03           1
|001000111100001101101101> :  0.1671938E-08  0.1000000E-03           1
|011010000111101101011001> :  0.2901703E-05  0.1000000E-03           1
|100111101100101010110100> :  0.1431224E-06  0.1000000E-03           1
|100100110100000011011111> :  0.6219296E-06  0.1000000E-03           1
|100100111001010000011111> :  0.6273371E-05  0.1000000E-03           1
|001101110100000100110110> :  0.1241066E-05  0.1000000E-03           1
|100111001011110010100010> :  0.3984211E-07  0.1000000E-03           1
|011010000011111101001101> :  0.4020186E-04  0.1000000E-03           1
|001100101011110001101010> :  0.7458499E-07  0.1000000E-03           1
|001000011011111100101000> :  0.1352514E-05  0.1000000E-03           1
|000100100101000111111110> :  0.7501106E-07  0.1000000E-03           1
|100110110001011100101100> :  0.2079321E-04  0.1000000E-03           1
|100101111100010000111101> :  0.3662413E-07  0.1000000E-03           1
|011010000011111100101000> :  0.3618587E-04  0.1000000E-03           1
|001100100101000111010011> :  0.4770708E-07  0.1000000E-03           1
|100101111100001010101100> :  0.1214561E-05  0.1000000E-03           1
|100101111100000011010111> :  0.3618587E-04  0.1000000E-03           1
|011010000001111111001100> :  0.8111061E-06  0.1000000E-03           1
|100110010100011110101000> :  0.3188600E-07  0.1000000E-03           1
|100101111100000010110010> :  0.4020186E-04  0.1000000E-03           1
|100110110100001110101100> :  0.2993999E-04  0.1000000E-03           1
|100110110100011100101100> :  0.3600624E-04  0.1000000E-03           1
|100110110101011100000100> :  0.8613188E-07  0.1000000E-03           1
|011001110100000111110010> :  0.2570570E-06  0.1000000E-03           1
|100111010000110110100110> :  0.2229971E-07  0.1000000E-03           1
|001011111100011000010101> :  0.3808639E-06  0.1000000E-03           1
|100111111100000011000101> :  0.1081851E-04  0.1000000E-03           1
|100111111100011001001101> :  0.1344817E-05  0.1000000E-03           1
|101000111101000100111000> :  0.7659231E-07  0.1000000E-03           1
|001000001011111101101000> :  0.6558407E-04  0.1000000E-03           1
|101010001011111101101000> :  0.2338604E-03  0.1000000E-03           1
|100101111100000010010110> :  0.8010868E-04  0.1000000E-03           1
|011001100100000111010110> :  0.9805152E-07  0.1000000E-03           1
|101011101010011001001001> :  0.8515681E-07  0.1000000E-03           1
|101011111100011000101000> :  0.8518387E-05  0.1000000E-03           1
|101101011011010001110010> :  0.1427366E-06  0.1000000E-03           1
|101101100011011101100000> :  0.1079704E-07  0.1000000E-03           1
|101101111110000010010010> :  0.4517424E-05  0.1000000E-03           1
|101101111110010000111011> :  0.2939861E-08  0.1000000E-03           1
|100101111001010011110110> :  0.1871590E-06  0.1000000E-03           1
|110000000011110111110011> :  0.5778464E-07  0.1000000E-03           1
|110000111100000001011101> :  0.3398220E-07  0.1000000E-03           1
|110000111100000010011111> :  0.7269529E-06  0.1000000E-03           1
|110001000001101111010110> :  0.2787504E-07  0.1000000E-03           1
|110001000101101111000111> :  0.2624746E-07  0.1000000E-03           1
|100101110100000111110110> :  0.3712665E-04  0.1000000E-03           1
|110001001100111001000101> :  0.3180729E-07  0.1000000E-03           1
|110001110100000111110111> :  0.1537733E-04  0.1000000E-03           1
|110010000010111101101100> :  0.6796450E-07  0.1000000E-03           1
|110010000011111111010100> :  0.1223385E-06  0.1000000E-03           1
|110010110011011100001001> :  0.5371904E-06  0.1000000E-03           1
|110011000011011101000100> :  0.1817807E-06  0.1000000E-03           1
|110011011010001010101000> :  0.6543934E-07  0.1000000E-03           1
|011001001110111101000010> :  0.2753784E-08  0.1000000E-03           1
|001011111001011100101001> :  0.4290278E-07  0.1000000E-03           1
|100101011110100110110110> :  0.7501263E-06  0.1000000E-03           1
|011001001100100011010111> :  0.1967204E-05  0.1000000E-03           1
|110101110100000011010111> :  0.5691257E-04  0.1000000E-03           1
|100101010110000110010110> :  0.1598139E-05  0.1000000E-03           1
|110101110100000111010110> :  0.6567020E-04  0.1000000E-03           1
|110101110100001110011100> :  0.1570426E-05  0.1000000E-03           1
|110101111100000010010111> :  0.1756553E-04  0.1000000E-03           1
|110110000011011100001001> :  0.2706129E-05  0.1000000E-03           1
|110110000011111111100010> :  0.3247691E-06  0.1000000E-03           1
|110110010011011100001100> :  0.1459500E-05  0.1000000E-03           1
|110110100001011110001110> :  0.4097859E-07  0.1000000E-03           1
|110110100101001111011100> :  0.1295448E-05  0.1000000E-03           1
|100100111100000110101100> :  0.2243944E-06  0.1000000E-03           1
|110111110000000111010110> :  0.1760322E-06  0.1000000E-03           1
|011001001001110000010111> :  0.6765913E-07  0.1000000E-03           1
|001011001011111001101001> :  0.2445987E-04  0.1000000E-03           1
|001000001011110001111011> :  0.8328186E-05  0.1000000E-03           1
|111010000001111001001101> :  0.2580378E-06  0.1000000E-03           1
|000010011011111110100000> :  0.3614314E-07  0.1000000E-03           1
|111010010010011100101001> :  0.1054432E-06  0.1000000E-03           1
|111010010011011000001101> :  0.2623850E-06  0.1000000E-03           1
|111010011011011001001001> :  0.1183077E-05  0.1000000E-03           1
|000001101110101111110010> :  0.1716803E-07  0.1000000E-03           1
|111100000001110101001100> :  0.6291000E-07  0.1000000E-03           1
|111100010010011101101000> :  0.8312568E-06  0.1000000E-03           1
|111100110000010100010110> :  0.1647406E-07  0.1000000E-03           1
|111100110001010100010010> :  0.5830641E-07  0.1000000E-03           1
|111110000011111100101000> :  0.1422547E-03  0.1000000E-03           1
|000001101100100011000011> :  0.9064319E-08  0.1000000E-03           1
|111111110110011100001001> :  0.1994185E-07  0.1000000E-03           1
|000001001101100011010110> :  0.3192824E-06  0.1000000E-03           1
