# state, exact probability, frequency, count:
#------------------------------------------------------------------
|001100101100000000010110001001> :  0.9135271E+00  0.9095000E+00        9095
|001100101100010000010110001001> :  0.3501998E-02  0.3300000E-02          33
|001100111100000000010110001001> :  0.9822251E-03  0.1200000E-02          12
|001100100100010001010110001001> :  0.1236695E-02  0.1100000E-02          11
|101100100100000000010110001001> :  0.1666260E-03  0.5000000E-03           5
|001100100100010000110110001001> :  0.5862742E-03  0.5000000E-03           5
|000010110100011000010100001001> :  0.7899648E-04  0.4000000E-03           4
|000000011100010000010110011001> :  0.1933348E-03  0.4000000E-03           4
|001100101110000000010110001001> :  0.3784075E-03  0.4000000E-03           4
|000100101100001000010101001001> :  0.9804127E-04  0.4000000E-03           4
|000100011110000000010110001001> :  0.1753547E-03  0.3000000E-03           3
|001100100100010000010110101001> :  0.6752770E-04  0.3000000E-03           3
|000101101000010000010100011001> :  0.1761083E-03  0.3000000E-03           3
|000100011101001000010001011000> :  0.9246769E-04  0.3000000E-03           3
|000000011100011000010110001001> :  0.4464070E-04  0.3000000E-03           3
|001100101110010000000110001001> :  0.2343916E-03  0.3000000E-03           3
|000100011100001100010101001001> :  0.8352839E-04  0.3000000E-03           3
|001100111100001000010010000001> :  0.1549494E-03  0.3000000E-03           3
|000000110100010100010100001011> :  0.4156875E-04  0.3000000E-03           3
|001100101100000001010110011001> :  0.4880738E-04  0.3000000E-03           3
|001100101100001000010110001001> :  0.2499425E-03  0.3000000E-03           3
|001100101100000000110111001001> :  0.2709504E-03  0.3000000E-03           3
|001100101100010000010100001001> :  0.7850240E-04  0.2000000E-03           2
|000100111100000000010100001001> :  0.1624900E-03  0.2000000E-03           2
|011100101100000000010110100001> :  0.2908956E-04  0.2000000E-03           2
|000100111100000000010110001001> :  0.1036791E-03  0.2000000E-03           2
|000110110100001000010001001001> :  0.9899829E-04  0.2000000E-03           2
|001100101100010000010100011001> :  0.1621401E-03  0.2000000E-03           2
|001100100100010000010100101001> :  0.1719002E-03  0.2000000E-03           2
|001100101000010000011100001001> :  0.8191061E-04  0.2000000E-03           2
|001100100100100000010110001001> :  0.4408224E-04  0.2000000E-03           2
|001000101100010000010100001001> :  0.4042480E-04  0.2000000E-03           2
|001100100100010000010110000001> :  0.2408377E-03  0.2000000E-03           2
|001100101100010000010110000001> :  0.1137350E-03  0.2000000E-03           2
|000000110100010100010110001001> :  0.7816385E-04  0.2000000E-03           2
|001100111100001000010110001001> :  0.8853858E-04  0.2000000E-03           2
|000100010100001000010011001001> :  0.4297141E-04  0.2000000E-03           2
|000000111100000010010110001001> :  0.3701566E-04  0.2000000E-03           2
|000100111100001000010110001001> :  0.1838953E-03  0.2000000E-03           2
|000100100100001000010101001001> :  0.1235242E-03  0.2000000E-03           2
|001010100100010000010110001001> :  0.4778007E-04  0.2000000E-03           2
|000100100100001100010101001001> :  0.1115262E-03  0.2000000E-03           2
|000100000101010100000001011001> :  0.7036834E-04  0.2000000E-03           2
|001100101000000000010111001001> :  0.3460540E-04  0.2000000E-03           2
|001100101100000000010110101011> :  0.8615393E-04  0.2000000E-03           2
|000100100100010100000111001001> :  0.6309352E-04  0.2000000E-03           2
|000100001110000000010110001001> :  0.4361279E-04  0.2000000E-03           2
|001100100100000000011100001001> :  0.1629434E-04  0.2000000E-03           2
|001100001110010000000110001001> :  0.1200688E-03  0.2000000E-03           2
|001000110100010000010110001001> :  0.6814755E-04  0.2000000E-03           2
|000100101100000000010101001001> :  0.1064141E-03  0.2000000E-03           2
|001100101000000000011110001001> :  0.1847676E-03  0.2000000E-03           2
|000100101100000000010100001001> :  0.3055371E-04  0.2000000E-03           2
|001100101101000010000010001001> :  0.4281631E-05  0.2000000E-03           2
|000100111100001000010000001001> :  0.4084377E-04  0.2000000E-03           2
|011100101100000100010110001001> :  0.3995462E-04  0.2000000E-03           2
|001000100100010000010110001011> :  0.6993914E-04  0.2000000E-03           2
|011100100100000001010100001001> :  0.4748582E-04  0.2000000E-03           2
|001100011100001000010110001001> :  0.1513508E-03  0.2000000E-03           2
|000001111100010000010100001001> :  0.9951337E-04  0.2000000E-03           2
|000100101100000000010101011001> :  0.5356325E-04  0.2000000E-03           2
|001100101000000000010110001101> :  0.3679550E-03  0.2000000E-03           2
|011100101100010000010100001001> :  0.1736995E-03  0.2000000E-03           2
|011000100100000001000100001011> :  0.1926130E-04  0.2000000E-03           2
|000000110100011000010110001001> :  0.1897063E-04  0.1000000E-03           1
|000000110100011000010100011001> :  0.9063801E-05  0.1000000E-03           1
|000000011100010100010101011001> :  0.9828085E-05  0.1000000E-03           1
|000000110100011000010100001001> :  0.1784131E-04  0.1000000E-03           1
|000000110100011000010001011001> :  0.2652838E-05  0.1000000E-03           1
|000000011100010100010100011011> :  0.3300556E-04  0.1000000E-03           1
|000000010101010000010101010010> :  0.7872775E-09  0.1000000E-03           1
|000100001101010100000100011001> :  0.4106783E-04  0.1000000E-03           1
|000000110100010100010101011001> :  0.1000448E-04  0.1000000E-03           1
|000000011100010001110010001001> :  0.1028068E-05  0.1000000E-03           1
|000100001100000100010101011001> :  0.2003969E-04  0.1000000E-03           1
|000000110100010100010100001001> :  0.1097726E-04  0.1000000E-03           1
|000000011100010000010111011001> :  0.3155308E-05  0.1000000E-03           1
|000000010101000100000111000111> :  0.1520254E-08  0.1000000E-03           1
|000000001100110000010110011001> :  0.4572029E-06  0.1000000E-03           1
|000000110100010000010110001011> :  0.3187081E-04  0.1000000E-03           1
|000100000111000000010100001001> :  0.5833486E-07  0.1000000E-03           1
|000000110100010000010100011001> :  0.4472126E-05  0.1000000E-03           1
|000000110100010000000100001011> :  0.2303265E-07  0.1000000E-03           1
|000000110010000100110001011110> :  0.3262812E-11  0.1000000E-03           1
|000000011100010000010110001011> :  0.7380915E-04  0.1000000E-03           1
|000000010100010100010101011001> :  0.1453631E-04  0.1000000E-03           1
|000000110000010110011000000011> :  0.1602112E-08  0.1000000E-03           1
|000000101101011001010110000100> :  0.3096024E-10  0.1000000E-03           1
|000000011100001101010101001001> :  0.3297753E-05  0.1000000E-03           1
|000000101101010000110110001001> :  0.1180383E-04  0.1000000E-03           1
|000011010100011000110100001001> :  0.2324121E-07  0.1000000E-03           1
|000000101100010001010011001000> :  0.2143184E-06  0.1000000E-03           1
|000000011100001000010111001001> :  0.5579282E-04  0.1000000E-03           1
|000000010100010100010101001011> :  0.1955632E-04  0.1000000E-03           1
|000000001100100001100010001011> :  0.8562536E-06  0.1000000E-03           1
|000011011000010010100000011000> :  0.3029223E-08  0.1000000E-03           1
|000011011101000000000000001001> :  0.5184143E-08  0.1000000E-03           1
|000100000001010000110010011001> :  0.9129802E-05  0.1000000E-03           1
|000100000010000100100111011001> :  0.5162046E-07  0.1000000E-03           1
|000100000100010100000110001011> :  0.1717979E-05  0.1000000E-03           1
|000100000100010100010110001001> :  0.2717853E-05  0.1000000E-03           1
|000100000100110000011110001101> :  0.3520685E-07  0.1000000E-03           1
|000100000101000000000110001011> :  0.4957455E-07  0.1000000E-03           1
|000100101100000000110010001000> :  0.1859576E-06  0.1000000E-03           1
|000100000101011100000001011001> :  0.2314877E-03  0.1000000E-03           1
|000100000110110000101000011001> :  0.6575973E-08  0.1000000E-03           1
|000100101100001100010101001001> :  0.7415323E-05  0.1000000E-03           1
|000100000111000000010110001001> :  0.7283944E-06  0.1000000E-03           1
|000100001000010100001011010001> :  0.1234095E-07  0.1000000E-03           1
|000100001000010100110001001101> :  0.1506648E-06  0.1000000E-03           1
|000100001000111000110110001101> :  0.3904404E-07  0.1000000E-03           1
|000100001011001100000110010001> :  0.9530760E-08  0.1000000E-03           1
|000100110001000101000001001000> :  0.2581540E-08  0.1000000E-03           1
|000100001100010000010111001001> :  0.4631302E-04  0.1000000E-03           1
|000100001100110100010110001001> :  0.2443836E-04  0.1000000E-03           1
|000100001101010000010101011001> :  0.9501675E-05  0.1000000E-03           1
|000100111000000001010010011000> :  0.5458983E-06  0.1000000E-03           1
|000100111000001000010011001001> :  0.5060127E-05  0.1000000E-03           1
|000100001110000010011111000001> :  0.1541128E-07  0.1000000E-03           1
|000100001110010000000110011001> :  0.2155086E-04  0.1000000E-03           1
|000100010000000100100011011001> :  0.4850039E-07  0.1000000E-03           1
|000100111100000000010001011000> :  0.1326993E-04  0.1000000E-03           1
|000100010100010100010001011001> :  0.7034079E-07  0.1000000E-03           1
|000100010100111110000010011000> :  0.1383039E-08  0.1000000E-03           1
|000100010101000100100000001001> :  0.2886239E-06  0.1000000E-03           1
|000100010101001101000011001000> :  0.2105408E-07  0.1000000E-03           1
|000000000100110001110110001011> :  0.1761162E-06  0.1000000E-03           1
|000011001010010010100010011000> :  0.4545720E-09  0.1000000E-03           1
|000010111100101010010100010000> :  0.4129381E-09  0.1000000E-03           1
|000000101100010000010110001001> :  0.3441739E-04  0.1000000E-03           1
|000010111100000000010110001001> :  0.1193299E-04  0.1000000E-03           1
|000100100101001000010000001101> :  0.3874740E-05  0.1000000E-03           1
|000000101000001100010001100000> :  0.9444056E-10  0.1000000E-03           1
|000000011100001000010011011001> :  0.1363548E-04  0.1000000E-03           1
|000010110100001000010001001001> :  0.1721957E-05  0.1000000E-03           1
|000010101001110000010010001001> :  0.2300990E-07  0.1000000E-03           1
|000000100110011100010101100000> :  0.2306623E-09  0.1000000E-03           1
|000010100001110100100000011001> :  0.7112495E-08  0.1000000E-03           1
|000010010100011000100001011011> :  0.1325918E-07  0.1000000E-03           1
|000000100100011001111100001001> :  0.1469497E-06  0.1000000E-03           1
|000000011100001000010011001001> :  0.1318797E-04  0.1000000E-03           1
|000000010100001101000111001011> :  0.3044659E-07  0.1000000E-03           1
|000010001000010001110100011001> :  0.2983015E-07  0.1000000E-03           1
|000010001000000000110111001000> :  0.3015396E-07  0.1000000E-03           1
|000000100100011000010101001001> :  0.8034931E-04  0.1000000E-03           1
|000001111100100100010001011001> :  0.9748846E-09  0.1000000E-03           1
|000100100100001000110110101001> :  0.4066699E-07  0.1000000E-03           1
|000000100100010100010101011001> :  0.9984062E-04  0.1000000E-03           1
|000000011100000100010111001001> :  0.4749304E-04  0.1000000E-03           1
|000001111100000000100110001001> :  0.2711185E-06  0.1000000E-03           1
|000001110100100000010110001011> :  0.9427408E-06  0.1000000E-03           1
|000000100100010100000101011001> :  0.1190809E-04  0.1000000E-03           1
|000001110100010100010100001001> :  0.1270090E-04  0.1000000E-03           1
|000100100000011000010110001001> :  0.1679458E-06  0.1000000E-03           1
|000001110000010011010101001001> :  0.3701522E-08  0.1000000E-03           1
|000000100100010001000110111000> :  0.2088423E-07  0.1000000E-03           1
|000000011100000000010111001011> :  0.3337202E-04  0.1000000E-03           1
|000000010100001100010111001001> :  0.2240548E-05  0.1000000E-03           1
|000000000110010010011111001011> :  0.5358982E-08  0.1000000E-03           1
|000100100000110001110000001001> :  0.7624715E-06  0.1000000E-03           1
|000100100001010000100101011001> :  0.4894016E-07  0.1000000E-03           1
|000100100001011100010001000101> :  0.3029307E-07  0.1000000E-03           1
|000100100100000100010111001001> :  0.5874863E-04  0.1000000E-03           1
|001000100000010000101001011011> :  0.1466857E-07  0.1000000E-03           1
|000100100100001000010101011001> :  0.1026995E-04  0.1000000E-03           1
|000100100100001000010110001001> :  0.6809869E-04  0.1000000E-03           1
|001000100100010001010100001111> :  0.1150339E-07  0.1000000E-03           1
|000100100100001100010001001001> :  0.8442400E-05  0.1000000E-03           1
|001000101000010000110101011000> :  0.6190961E-06  0.1000000E-03           1
|000100100100010000010001011001> :  0.9817957E-05  0.1000000E-03           1
|000100100100010000010101011001> :  0.1633682E-03  0.1000000E-03           1
|000100100100010000110000001101> :  0.1013224E-05  0.1000000E-03           1
|000100100100010100000101001001> :  0.2695730E-04  0.1000000E-03           1
|000100100100010100000101011001> :  0.6284430E-04  0.1000000E-03           1
|001000111100001010010110001000> :  0.2601928E-07  0.1000000E-03           1
|000100100100010100010100001001> :  0.3340638E-04  0.1000000E-03           1
|000100100100011000010110001001> :  0.1039703E-03  0.1000000E-03           1
|000100100100011001100000001001> :  0.5910450E-06  0.1000000E-03           1
|000100100100011010010110001001> :  0.9894411E-07  0.1000000E-03           1
|000100100101000000110010001011> :  0.1129565E-07  0.1000000E-03           1
|000100100101000100010101110001> :  0.4221312E-08  0.1000000E-03           1
|000100100101000100010110001101> :  0.1715227E-07  0.1000000E-03           1
|001010101100000000110110001001> :  0.8944238E-06  0.1000000E-03           1
|000100100101001010000000000011> :  0.1247776E-08  0.1000000E-03           1
|000100100101001101000000001001> :  0.4771750E-07  0.1000000E-03           1
|000100100101010000010111001101> :  0.2098664E-06  0.1000000E-03           1
|000100100101010000110010001001> :  0.4954295E-05  0.1000000E-03           1
|000100100101010100110101001001> :  0.6571693E-06  0.1000000E-03           1
|000100100101011100100110000001> :  0.3079271E-07  0.1000000E-03           1
|000100101000000000001111011101> :  0.5030929E-08  0.1000000E-03           1
|000100101000001101010000011001> :  0.1579785E-06  0.1000000E-03           1
|000100101000010000010100011101> :  0.3087868E-04  0.1000000E-03           1
|000100101000010100010100001001> :  0.2776158E-04  0.1000000E-03           1
|000100101001000000100010011001> :  0.2041045E-04  0.1000000E-03           1
|000100101001000010010110001001> :  0.1674626E-04  0.1000000E-03           1
|000100101001001000110000011000> :  0.6921752E-06  0.1000000E-03           1
|000100101001010000110110001001> :  0.9580682E-05  0.1000000E-03           1
|000100101001010010000110001001> :  0.4002218E-06  0.1000000E-03           1
|000100101001010101100100111001> :  0.1057731E-07  0.1000000E-03           1
|000100101001011100100010011001> :  0.6526024E-08  0.1000000E-03           1
|000100101001100010010000011001> :  0.1615103E-06  0.1000000E-03           1
|000100101010001000100000011000> :  0.4367859E-07  0.1000000E-03           1
|000100101011000000010110000001> :  0.2906183E-05  0.1000000E-03           1
|000100101011010000010000011011> :  0.7061068E-07  0.1000000E-03           1
|001100011100101000010010000001> :  0.2047761E-05  0.1000000E-03           1
|001100100000000001010010101001> :  0.6768131E-05  0.1000000E-03           1
|001100100000010001010100011001> :  0.5791958E-07  0.1000000E-03           1
|000100101100000000010111001001> :  0.1077807E-03  0.1000000E-03           1
|001100100000101000110110001001> :  0.8470909E-05  0.1000000E-03           1
|000100101100000001010110011001> :  0.4491829E-04  0.1000000E-03           1
|000100101100000100010101001001> :  0.1083883E-04  0.1000000E-03           1
|000100101100001000010001001001> :  0.1145647E-03  0.1000000E-03           1
|001100100100000001000001011001> :  0.7614971E-06  0.1000000E-03           1
|000100101100001000010110001001> :  0.1573493E-04  0.1000000E-03           1
|001100100100010000010001101001> :  0.3716001E-04  0.1000000E-03           1
|000100101100010000000101001001> :  0.8651865E-07  0.1000000E-03           1
|000100101100010000010100001001> :  0.2448236E-04  0.1000000E-03           1
|000100101100010000010101001001> :  0.1339761E-03  0.1000000E-03           1
|000100101100010000010110001001> :  0.1110365E-03  0.1000000E-03           1
|000100101100010001010110011000> :  0.7416170E-05  0.1000000E-03           1
|000100101100010100010101001001> :  0.2693405E-04  0.1000000E-03           1
|000100101100011000010100011001> :  0.5162320E-04  0.1000000E-03           1
|000100101101000000010100111001> :  0.4025092E-06  0.1000000E-03           1
|000100101101010000110110001001> :  0.1725152E-04  0.1000000E-03           1
|000100101101010100000000111100> :  0.3173425E-08  0.1000000E-03           1
|000100101110010000010110001001> :  0.1182555E-03  0.1000000E-03           1
|001100101000000000010110011001> :  0.1068749E-04  0.1000000E-03           1
|000100110010011000010010000000> :  0.9324012E-09  0.1000000E-03           1
|000100110100001000010010001001> :  0.5120599E-04  0.1000000E-03           1
|000100110100001000010110001001> :  0.5451540E-04  0.1000000E-03           1
|000100110100001100110111001001> :  0.5554078E-06  0.1000000E-03           1
|000100110100011100010001001001> :  0.1751960E-04  0.1000000E-03           1
|000100110101001000110000001001> :  0.1052803E-05  0.1000000E-03           1
|000100110110001001000010000001> :  0.1237495E-07  0.1000000E-03           1
|001100101000100000010010001001> :  0.3500471E-04  0.1000000E-03           1
|000100111000001000010001011001> :  0.4455465E-04  0.1000000E-03           1
|001100101001000001010001001001> :  0.1404292E-06  0.1000000E-03           1
|000100111000001000010011011000> :  0.2539807E-05  0.1000000E-03           1
|000100111000001000010110001000> :  0.3478219E-06  0.1000000E-03           1
|000100111000001000100010011000> :  0.6290529E-08  0.1000000E-03           1
|000100111000001001010011001100> :  0.1170244E-06  0.1000000E-03           1
|000100111000010000010100011001> :  0.2108614E-04  0.1000000E-03           1
|000100111010010001000100001100> :  0.2699050E-08  0.1000000E-03           1
|000100111010010001001000010000> :  0.2925536E-09  0.1000000E-03           1
|001100101100000000010111001001> :  0.6088906E-04  0.1000000E-03           1
|000100111100000000010001011001> :  0.7613816E-05  0.1000000E-03           1
|001100101100000000110110001011> :  0.1792603E-04  0.1000000E-03           1
|000100111100000000010100011000> :  0.2168272E-05  0.1000000E-03           1
|000100111100000000010101011001> :  0.1228261E-04  0.1000000E-03           1
|001100101100000010010110001001> :  0.1325215E-03  0.1000000E-03           1
|000100111100000000011110001101> :  0.1728625E-05  0.1000000E-03           1
|000100111100000000110101001000> :  0.1586188E-05  0.1000000E-03           1
|000100111100000001010101001001> :  0.6726115E-06  0.1000000E-03           1
|000100111100000001110011001100> :  0.5767899E-07  0.1000000E-03           1
|000100100000000000011110101001> :  0.2825431E-07  0.1000000E-03           1
|000100011110001000010110001001> :  0.1540985E-04  0.1000000E-03           1
|000001101100010000010100001011> :  0.6360572E-07  0.1000000E-03           1
|000100011110001000010010001001> :  0.4267278E-05  0.1000000E-03           1
|001000000100100001010110101001> :  0.1219770E-05  0.1000000E-03           1
|000001011001010001000000011110> :  0.1045297E-08  0.1000000E-03           1
|000000100100010000010111001001> :  0.2131718E-04  0.1000000E-03           1
|000100011101100001110010001011> :  0.6936347E-09  0.1000000E-03           1
|000111011000001000110001001000> :  0.1194340E-07  0.1000000E-03           1
|000001010100010001000011001001> :  0.1625451E-07  0.1000000E-03           1
|000100011100011000010111001001> :  0.9301206E-06  0.1000000E-03           1
|000100011100011000010011001001> :  0.8825592E-06  0.1000000E-03           1
|000001010001010100010001001010> :  0.4680545E-10  0.1000000E-03           1
|000000100100010000010110001001> :  0.1147496E-04  0.1000000E-03           1
|000000011100000000010110001011> :  0.1177392E-04  0.1000000E-03           1
|000100011100010000010110001011> :  0.1029618E-04  0.1000000E-03           1
|000100011100010000010110001001> :  0.3940452E-04  0.1000000E-03           1
|000001010001010000000011011001> :  0.6888779E-08  0.1000000E-03           1
|000100011100001101010111001001> :  0.7908340E-05  0.1000000E-03           1
|000100011100001100010111001001> :  0.4933574E-04  0.1000000E-03           1
|000001001100100011100000011000> :  0.7159824E-09  0.1000000E-03           1
|000000100100000001110011001010> :  0.1392840E-09  0.1000000E-03           1
|000100011100001100010111001000> :  0.2948907E-05  0.1000000E-03           1
|000100011100001100010110001001> :  0.1127868E-03  0.1000000E-03           1
|000001000001010000011101111001> :  0.5766680E-09  0.1000000E-03           1
|000110011001100000010111000001> :  0.3310910E-07  0.1000000E-03           1
|000110001010000001000110000010> :  0.1550370E-08  0.1000000E-03           1
|000100011100001100010001001001> :  0.2083976E-03  0.1000000E-03           1
|000000111101000010000001010001> :  0.8501583E-09  0.1000000E-03           1
|000000100100000000011100101001> :  0.2920256E-07  0.1000000E-03           1
|000000011010000000010110010101> :  0.4276984E-08  0.1000000E-03           1
|000000010100000100010111001011> :  0.1345360E-04  0.1000000E-03           1
|000110001001110000010010010000> :  0.1009565E-07  0.1000000E-03           1
|000110011000101000011100000001> :  0.3726166E-09  0.1000000E-03           1
|001101101101000000010110001001> :  0.7952531E-04  0.1000000E-03           1
|000110011011000000010110010100> :  0.7151231E-08  0.1000000E-03           1
|000110011100000000010110001001> :  0.1154421E-03  0.1000000E-03           1
|000110011100001001010011001001> :  0.3637969E-05  0.1000000E-03           1
|000110011101001000000100000001> :  0.5953924E-08  0.1000000E-03           1
|000110100001000001010001001001> :  0.3662444E-07  0.1000000E-03           1
|000110101000000010011100001101> :  0.2553335E-07  0.1000000E-03           1
|000110101000001000010001010001> :  0.1553250E-08  0.1000000E-03           1
|000110101100010000110000001001> :  0.7532040E-06  0.1000000E-03           1
|001110101000010000010100001001> :  0.2337357E-05  0.1000000E-03           1
|000110110100001000010011001001> :  0.4864377E-04  0.1000000E-03           1
|000110110100101000011001001001> :  0.3804888E-08  0.1000000E-03           1
|000110111000001010001011001000> :  0.1305980E-08  0.1000000E-03           1
|000110111000011000101000001001> :  0.6816808E-08  0.1000000E-03           1
|000110111001001001110000011000> :  0.3743677E-08  0.1000000E-03           1
|000110111100000100011110001001> :  0.7580569E-07  0.1000000E-03           1
|000111001100010000001100001001> :  0.3415954E-07  0.1000000E-03           1
|000111011000001000110000001001> :  0.3112206E-07  0.1000000E-03           1
|010011100100000000011101001001> :  0.1200324E-07  0.1000000E-03           1
|000111011100000000010110000010> :  0.1921063E-07  0.1000000E-03           1
|001000000100000101100010001011> :  0.1204688E-05  0.1000000E-03           1
|001000000100010001110111001001> :  0.3539195E-06  0.1000000E-03           1
|010100011100001001010100101001> :  0.2789173E-07  0.1000000E-03           1
|001000000100110001111110001001> :  0.2053682E-06  0.1000000E-03           1
|001000000101000000010010000001> :  0.6732420E-08  0.1000000E-03           1
|001000000101000100100010001011> :  0.4648921E-06  0.1000000E-03           1
|001000000101010000110110001001> :  0.1046815E-04  0.1000000E-03           1
|001000000110000001100110001011> :  0.6150425E-07  0.1000000E-03           1
|001000001000010001100110001011> :  0.7787676E-06  0.1000000E-03           1
|001000001000010110100100011000> :  0.9505738E-08  0.1000000E-03           1
|001000001100000000011100000001> :  0.2006951E-07  0.1000000E-03           1
|001000001100010001010110101001> :  0.2161819E-04  0.1000000E-03           1
|001000001100100101010100000001> :  0.5159114E-08  0.1000000E-03           1
|001000001100110000010110001001> :  0.5797449E-04  0.1000000E-03           1
|001000010100001000110111001001> :  0.7632397E-06  0.1000000E-03           1
|001000010100010001110000001001> :  0.1329388E-06  0.1000000E-03           1
|001000010100100000110111001001> :  0.3317452E-07  0.1000000E-03           1
|001000010110010010010110010001> :  0.2514730E-08  0.1000000E-03           1
|001000011100000000010110001011> :  0.4590214E-04  0.1000000E-03           1
|001000100000000000101110001001> :  0.8924790E-07  0.1000000E-03           1
|011000101100010001000110000011> :  0.1428332E-04  0.1000000E-03           1
|001000100000010001111010001001> :  0.7490210E-07  0.1000000E-03           1
|001000100010010000110110001001> :  0.2033367E-05  0.1000000E-03           1
|001000100100001001100111001100> :  0.3040710E-08  0.1000000E-03           1
|011010101000110000010010000001> :  0.1465526E-06  0.1000000E-03           1
|001000100100010001000110011000> :  0.2453948E-05  0.1000000E-03           1
|011100000100010000000011111001> :  0.6491163E-07  0.1000000E-03           1
|001000100100011001010110101001> :  0.6294590E-06  0.1000000E-03           1
|001000100101010000110110001001> :  0.1223090E-04  0.1000000E-03           1
|001000100101100000010010001011> :  0.1350308E-06  0.1000000E-03           1
|011100001100110000010011011100> :  0.4126830E-08  0.1000000E-03           1
|001000101000110000010110001001> :  0.1123318E-03  0.1000000E-03           1
|011100011100000001010011000001> :  0.1070677E-06  0.1000000E-03           1
|001000101100010001000110011000> :  0.2299729E-05  0.1000000E-03           1
|001000101100011000110010001001> :  0.2798037E-05  0.1000000E-03           1
|001000101100110000000110001001> :  0.5757788E-05  0.1000000E-03           1
|001000101100110011000000000011> :  0.7355706E-08  0.1000000E-03           1
|011100100110000000000110001001> :  0.1583929E-05  0.1000000E-03           1
|001000110101100000110110000001> :  0.1638184E-06  0.1000000E-03           1
|001000111000100000110110001001> :  0.1714905E-05  0.1000000E-03           1
|001000111100000001011110001001> :  0.6125546E-06  0.1000000E-03           1
|001000111100000010010110001001> :  0.9644791E-05  0.1000000E-03           1
|011100101100000001000010000001> :  0.7937573E-06  0.1000000E-03           1
|001000111101000000010110101011> :  0.2339720E-06  0.1000000E-03           1
|001000111110100010010110001001> :  0.6353712E-08  0.1000000E-03           1
|001001001100000000010111001010> :  0.4387276E-07  0.1000000E-03           1
|001001001100110000110110001001> :  0.4600593E-06  0.1000000E-03           1
|001001001101010000000110011000> :  0.5049503E-06  0.1000000E-03           1
|001001001110000000010111000000> :  0.4187782E-09  0.1000000E-03           1
|001001011100010000000000111001> :  0.1619874E-08  0.1000000E-03           1
|001001100000010000110100001001> :  0.2621303E-05  0.1000000E-03           1
|001001100100010000100100011001> :  0.1905022E-06  0.1000000E-03           1
|001001100100011001010100101000> :  0.8180693E-07  0.1000000E-03           1
|001001101101010001000010100001> :  0.1223645E-08  0.1000000E-03           1
|001010010100110001000010101001> :  0.1016876E-07  0.1000000E-03           1
|001010010100110001010110000010> :  0.3291757E-08  0.1000000E-03           1
|100100000100010000010110001101> :  0.7598867E-06  0.1000000E-03           1
|001010100100011000001010011001> :  0.2758644E-08  0.1000000E-03           1
|100100100000010001011001001000> :  0.3763137E-08  0.1000000E-03           1
|001100000000000101001011010001> :  0.3264851E-08  0.1000000E-03           1
|001100000000010100101000000011> :  0.6089835E-08  0.1000000E-03           1
|001100000000010101101010001010> :  0.8367069E-08  0.1000000E-03           1
|001100000000100000011110001101> :  0.6859897E-07  0.1000000E-03           1
|001100000000110001110110001001> :  0.1314590E-04  0.1000000E-03           1
|001100000100000001010111011000> :  0.7459549E-07  0.1000000E-03           1
|001100000100000001100010100001> :  0.1242641E-07  0.1000000E-03           1
|001100000100100001110010000011> :  0.3816821E-05  0.1000000E-03           1
|001100000101100000010000000001> :  0.3442201E-07  0.1000000E-03           1
|001100000110010001001001001011> :  0.1995211E-07  0.1000000E-03           1
|001100001000000001101010001001> :  0.3293918E-05  0.1000000E-03           1
|001100001000010001101100011001> :  0.2153179E-07  0.1000000E-03           1
|001100001001000000110110001001> :  0.1749849E-05  0.1000000E-03           1
|001100001010000001010011000011> :  0.8056926E-08  0.1000000E-03           1
|001100001010000001100110000001> :  0.3523016E-06  0.1000000E-03           1
|001100001100000000010110001001> :  0.2056142E-04  0.1000000E-03           1
|001100001100000000010110001011> :  0.4198403E-04  0.1000000E-03           1
|001100001100000000110110001001> :  0.1064231E-05  0.1000000E-03           1
|001100001100001000110101001001> :  0.1330405E-05  0.1000000E-03           1
|001100001100001010110011001001> :  0.5090820E-08  0.1000000E-03           1
|001100001100010001010010100001> :  0.3678295E-05  0.1000000E-03           1
|001100001100010001110010001001> :  0.5202508E-05  0.1000000E-03           1
|001100001100011001000010011001> :  0.1205281E-06  0.1000000E-03           1
|001100001100100000010110000001> :  0.9009003E-04  0.1000000E-03           1
|001100001100100001100010001001> :  0.9252612E-06  0.1000000E-03           1
|001100001100100100010110001001> :  0.1989340E-04  0.1000000E-03           1
|001100001100110001110010011000> :  0.3850424E-06  0.1000000E-03           1
|001100001101010100000001110100> :  0.1314232E-08  0.1000000E-03           1
|001100001110000000010110001001> :  0.1626838E-03  0.1000000E-03           1
|001100001110000000110000000101> :  0.1164562E-08  0.1000000E-03           1
|000110001001110000001010000011> :  0.8885187E-08  0.1000000E-03           1
|001100001110010000010110001001> :  0.4082306E-04  0.1000000E-03           1
|001100001111000000010110011001> :  0.1497579E-06  0.1000000E-03           1
|001100010000100100110000001001> :  0.2637099E-07  0.1000000E-03           1
|001100010001010000101000001011> :  0.2429052E-07  0.1000000E-03           1
|001100010100010000010110001001> :  0.9042149E-06  0.1000000E-03           1
|001100010110000011000010000010> :  0.1422399E-08  0.1000000E-03           1
|001100011000100000010110001001> :  0.1501080E-04  0.1000000E-03           1
|001100011100000000010110000011> :  0.6821260E-04  0.1000000E-03           1
|001100011100000000010110001011> :  0.1522467E-03  0.1000000E-03           1
|000100011100001010010011011000> :  0.3332101E-05  0.1000000E-03           1
|001100011100100000010010001001> :  0.2180037E-04  0.1000000E-03           1
|001100011100100000010011001001> :  0.9760804E-05  0.1000000E-03           1
|000110001001000100111001001001> :  0.1438125E-08  0.1000000E-03           1
|001100011111100001000010000001> :  0.1164048E-08  0.1000000E-03           1
|000110000011010000100011001001> :  0.1734492E-07  0.1000000E-03           1
|001100100000010000010110001001> :  0.5103286E-04  0.1000000E-03           1
|000100011100001000010011001011> :  0.2604004E-04  0.1000000E-03           1
|001100100000011001010110101001> :  0.5129388E-06  0.1000000E-03           1
|001100100000011010010010001101> :  0.6085109E-08  0.1000000E-03           1
|001100100000100111010110001001> :  0.3276352E-08  0.1000000E-03           1
|000000111100010001010100101001> :  0.1591123E-05  0.1000000E-03           1
|001100100000101001010010110000> :  0.6620223E-07  0.1000000E-03           1
|001100100000110001011000011000> :  0.2169089E-07  0.1000000E-03           1
|001100100001010000011110001101> :  0.2059489E-07  0.1000000E-03           1
|001100100010010000010000101000> :  0.3909915E-08  0.1000000E-03           1
|001100100010100000100010001001> :  0.8137756E-06  0.1000000E-03           1
|001100100011010000000110000001> :  0.1343271E-05  0.1000000E-03           1
|000110000010010000010100010111> :  0.1377502E-08  0.1000000E-03           1
|000110000000000100000101011001> :  0.1155557E-07  0.1000000E-03           1
|001100100100001101010010100000> :  0.4831890E-07  0.1000000E-03           1
|001100100100010000010000001001> :  0.7760245E-06  0.1000000E-03           1
|001100100100010000010000101001> :  0.2539907E-04  0.1000000E-03           1
|000100011100001000010011001001> :  0.8197912E-04  0.1000000E-03           1
|000101110000000000110000011000> :  0.4208151E-06  0.1000000E-03           1
|001100100100010000010101101001> :  0.1620347E-04  0.1000000E-03           1
|000101101110000000110100011000> :  0.4026160E-07  0.1000000E-03           1
|001100100100010000010110001011> :  0.1065305E-03  0.1000000E-03           1
|000100011100000100010110001011> :  0.1540762E-04  0.1000000E-03           1
|001100100100010000011100001011> :  0.3432345E-04  0.1000000E-03           1
|001100100100010000100110001001> :  0.1797518E-04  0.1000000E-03           1
|000000111100001000010100001001> :  0.1317827E-03  0.1000000E-03           1
|001100100100010001010100001001> :  0.7370024E-04  0.1000000E-03           1
|000000100000010101100011001001> :  0.1516126E-07  0.1000000E-03           1
|001100100100010100000110001001> :  0.4322266E-04  0.1000000E-03           1
|001100100100010100010100101001> :  0.2872632E-04  0.1000000E-03           1
|001100100100010100010110001001> :  0.4914262E-04  0.1000000E-03           1
|001100100100011000010100001001> :  0.6726092E-04  0.1000000E-03           1
|001100100100011000010100101001> :  0.4570217E-05  0.1000000E-03           1
|000101101100010000010100001001> :  0.3782864E-04  0.1000000E-03           1
|001100100100100001011110101001> :  0.2538929E-08  0.1000000E-03           1
|001100100100110000010010001001> :  0.3252474E-04  0.1000000E-03           1
|001100100100111000011110101001> :  0.2114850E-07  0.1000000E-03           1
|001100100101010000110010001001> :  0.2327478E-04  0.1000000E-03           1
|001100100110000000110110001001> :  0.9524572E-05  0.1000000E-03           1
|001100100110111000010000011001> :  0.3732778E-08  0.1000000E-03           1
|001100101000000000010100011001> :  0.8776049E-05  0.1000000E-03           1
|000101101000101000011100001001> :  0.1740928E-07  0.1000000E-03           1
|000100011100000100010110001001> :  0.2996445E-04  0.1000000E-03           1
|001100101000000000010111000001> :  0.1086563E-06  0.1000000E-03           1
|000101101000010001110000001000> :  0.2823941E-07  0.1000000E-03           1
|001100101000000000011110000001> :  0.1317280E-04  0.1000000E-03           1
|001100111000000001010110100001> :  0.4712854E-06  0.1000000E-03           1
|001100101000000010010110001001> :  0.1372397E-03  0.1000000E-03           1
|001100101000001000110101001001> :  0.5769804E-05  0.1000000E-03           1
|001100101000010000001001000011> :  0.2644122E-08  0.1000000E-03           1
|001100101000010000010100011000> :  0.5102111E-05  0.1000000E-03           1
|001100101000010000010110001001> :  0.8454433E-04  0.1000000E-03           1
|001100101000010000011000011100> :  0.1861121E-07  0.1000000E-03           1
|000100011100000100010011001001> :  0.1776327E-04  0.1000000E-03           1
|001100101000010001010110100000> :  0.5825150E-06  0.1000000E-03           1
|001100101000010001101110001001> :  0.9189813E-06  0.1000000E-03           1
|001100101000011001010000000100> :  0.3648095E-06  0.1000000E-03           1
|000000111100000100010101001001> :  0.9897162E-05  0.1000000E-03           1
|001100101000100000010110000001> :  0.1195634E-03  0.1000000E-03           1
|001100101000110000010110001001> :  0.8441503E-04  0.1000000E-03           1
|001100101001000000100010001001> :  0.5057397E-05  0.1000000E-03           1
|000101101000000000110110001001> :  0.8041711E-05  0.1000000E-03           1
|001100101001010000001100001101> :  0.1649083E-06  0.1000000E-03           1
|001100101001010000010100001100> :  0.2138364E-06  0.1000000E-03           1
|001100101001100000001100000001> :  0.4021533E-07  0.1000000E-03           1
|001100101001100000010110000011> :  0.1009658E-05  0.1000000E-03           1
|001100101010000000001100001111> :  0.7463418E-08  0.1000000E-03           1
|001100101010000000010110001001> :  0.2456805E-04  0.1000000E-03           1
|001100101010000000111000000100> :  0.2089903E-08  0.1000000E-03           1
|001100101010010000010100001001> :  0.1002353E-05  0.1000000E-03           1
|001100101010010000010110001001> :  0.4243648E-04  0.1000000E-03           1
|001100101100000000010110000011> :  0.8184679E-05  0.1000000E-03           1
|000101100100000000110110001001> :  0.2971770E-05  0.1000000E-03           1
|001100101100000000010110001011> :  0.2901634E-04  0.1000000E-03           1
|001100101100000000010110001101> :  0.1183336E-03  0.1000000E-03           1
|001100101100000000010110100011> :  0.1231540E-04  0.1000000E-03           1
|000100011100000100000111001001> :  0.1683622E-04  0.1000000E-03           1
|000101100100000000011111011000> :  0.3223568E-07  0.1000000E-03           1
|001100101100000000011100001001> :  0.5637623E-05  0.1000000E-03           1
|001100101100000000011110001000> :  0.1247895E-04  0.1000000E-03           1
|001100101100000000110101001001> :  0.8158772E-04  0.1000000E-03           1
|001100110100110000000101000001> :  0.4040743E-08  0.1000000E-03           1
|000101011101000100011001001000> :  0.6610250E-08  0.1000000E-03           1
|001100101100000001010110001101> :  0.1385018E-04  0.1000000E-03           1
|000100011100000010010110001001> :  0.5897117E-04  0.1000000E-03           1
|001100101100000001100110001001> :  0.8212327E-04  0.1000000E-03           1
|001100101100000001110101001001> :  0.1043274E-04  0.1000000E-03           1
|000000011101100000000000010011> :  0.1229423E-08  0.1000000E-03           1
|001100101100001000010100001001> :  0.1998454E-04  0.1000000E-03           1
|001100101100001000010110000001> :  0.4276412E-04  0.1000000E-03           1
|000000011001100000010100001001> :  0.5251677E-08  0.1000000E-03           1
|001100101100001001010110000100> :  0.2093557E-06  0.1000000E-03           1
|001100101100001101010100000001> :  0.2075291E-06  0.1000000E-03           1
|000101001100100000011100001001> :  0.3087806E-06  0.1000000E-03           1
|000101001010001000110010011000> :  0.6563638E-07  0.1000000E-03           1
|000100011100000000010111001011> :  0.1070662E-04  0.1000000E-03           1
|000101001001000000010111011001> :  0.4022592E-06  0.1000000E-03           1
|000101001000101000110011011000> :  0.1693149E-07  0.1000000E-03           1
|000100011100000000010011001001> :  0.8968749E-04  0.1000000E-03           1
|000000111100000001111101001001> :  0.2225697E-07  0.1000000E-03           1
|000100111100011000010000001001> :  0.1020240E-03  0.1000000E-03           1
|000100111100010100010100001001> :  0.3748829E-04  0.1000000E-03           1
|000100011100000000010010001001> :  0.6904794E-06  0.1000000E-03           1
|000100111100010000010110001001> :  0.1184642E-03  0.1000000E-03           1
|000100111100010000010100011001> :  0.1159319E-03  0.1000000E-03           1
|000100011010000001000110001001> :  0.1378696E-06  0.1000000E-03           1
|000000111100000000010110001001> :  0.5955448E-04  0.1000000E-03           1
|000000011100011000010110011001> :  0.6528383E-05  0.1000000E-03           1
|001100101101000010010100001001> :  0.5491435E-05  0.1000000E-03           1
|000100111100010000010100001001> :  0.7949289E-05  0.1000000E-03           1
|001100101101000000010110001011> :  0.3785575E-04  0.1000000E-03           1
|001100101100100001010010100000> :  0.6627236E-05  0.1000000E-03           1
|000100111100001010010000001001> :  0.2856791E-04  0.1000000E-03           1
|001100101101100000010010100001> :  0.1822894E-05  0.1000000E-03           1
|000100011001100000010011101001> :  0.1539095E-08  0.1000000E-03           1
|001100101100100000010110001001> :  0.1754901E-03  0.1000000E-03           1
|001100101111000000000100001001> :  0.3221205E-04  0.1000000E-03           1
|001100101111000000000110001001> :  0.1512489E-04  0.1000000E-03           1
|001100101111000000010110000001> :  0.9839472E-04  0.1000000E-03           1
|001100101111000000010110001001> :  0.8565199E-04  0.1000000E-03           1
|001100101111000000110110000001> :  0.1590551E-04  0.1000000E-03           1
|001100110000000000110111001001> :  0.1502415E-04  0.1000000E-03           1
|001100110000011000110100001001> :  0.2745662E-05  0.1000000E-03           1
|001100110000110100110010001001> :  0.1182990E-07  0.1000000E-03           1
|001100110100000000010110001001> :  0.1860241E-04  0.1000000E-03           1
|001100110100000000111100001001> :  0.2704856E-06  0.1000000E-03           1
|001100110100001000010000001001> :  0.6396709E-04  0.1000000E-03           1
|001100110100001000110100001001> :  0.3063185E-04  0.1000000E-03           1
|001100110100011000000110001001> :  0.4634771E-06  0.1000000E-03           1
|001100101100100000010011001001> :  0.6191595E-05  0.1000000E-03           1
|001100110101110000110100001001> :  0.2747818E-06  0.1000000E-03           1
|001100111000000000010010001001> :  0.1304448E-04  0.1000000E-03           1
|001100111000000000010100001001> :  0.1412561E-03  0.1000000E-03           1
|001100111000000000010110001001> :  0.1057965E-03  0.1000000E-03           1
|001100111000000000011000001001> :  0.1058691E-04  0.1000000E-03           1
|001100111000000000011110001001> :  0.2736410E-04  0.1000000E-03           1
|001100111000000000100110001001> :  0.4869720E-05  0.1000000E-03           1
|000100111100001001010011001001> :  0.2239928E-04  0.1000000E-03           1
|001100111000001000010000000001> :  0.1882322E-05  0.1000000E-03           1
|001100111000001000010000001001> :  0.5104874E-05  0.1000000E-03           1
|001100111000001001010000101001> :  0.4865630E-06  0.1000000E-03           1
|001100111000100000010010000001> :  0.5298577E-04  0.1000000E-03           1
|001100111100000000010100001001> :  0.1056081E-03  0.1000000E-03           1
|001100101100100000010010001001> :  0.6072695E-04  0.1000000E-03           1
|001100111100000000011100001001> :  0.8891325E-05  0.1000000E-03           1
|001100111100000000110111001000> :  0.4155828E-05  0.1000000E-03           1
|001100101100011000110110001001> :  0.5716765E-05  0.1000000E-03           1
|001100111100001000010010001000> :  0.2714936E-04  0.1000000E-03           1
|001100111100001000010010001001> :  0.1156964E-03  0.1000000E-03           1
|000100011001010100010100111001> :  0.6018488E-07  0.1000000E-03           1
|001100111100001000011000000101> :  0.1044447E-06  0.1000000E-03           1
|001100111100001000110100001001> :  0.3586057E-04  0.1000000E-03           1
|001100111100010001110110001001> :  0.1246121E-05  0.1000000E-03           1
|001100111101000000000110001001> :  0.1654689E-05  0.1000000E-03           1
|001101000100011000011100001001> :  0.1115496E-05  0.1000000E-03           1
|001101001010000010010110001000> :  0.4605734E-08  0.1000000E-03           1
|001101010100001000010110001011> :  0.3907441E-06  0.1000000E-03           1
|001101011101000000010000001001> :  0.4360458E-06  0.1000000E-03           1
|001101100100011000100100001001> :  0.2341425E-05  0.1000000E-03           1
|001101100101000000010110001001> :  0.7940117E-05  0.1000000E-03           1
|001101101000101001010000100100> :  0.6009283E-09  0.1000000E-03           1
|001101101000110000010100011011> :  0.4501662E-07  0.1000000E-03           1
|001101101001001000010100011100> :  0.2839575E-08  0.1000000E-03           1
|001101101100000000110110001001> :  0.3469826E-04  0.1000000E-03           1
|001101101100101000010000001000> :  0.2905884E-06  0.1000000E-03           1
|000000111001010000110001011001> :  0.2305814E-07  0.1000000E-03           1
|001101110000000001010110001000> :  0.2844137E-07  0.1000000E-03           1
|001101110000001000111000000001> :  0.7538827E-09  0.1000000E-03           1
|001110000011000100010100000001> :  0.5378878E-08  0.1000000E-03           1
|001110000101101010010010000001> :  0.7998146E-08  0.1000000E-03           1
|001110000111000000010110000001> :  0.4614767E-06  0.1000000E-03           1
|001110001000001000110000001001> :  0.1077829E-06  0.1000000E-03           1
|001110001000010000001001001001> :  0.1591734E-07  0.1000000E-03           1
|001110001010010000000000010001> :  0.2135335E-07  0.1000000E-03           1
|001110001100000000010110101001> :  0.8832011E-05  0.1000000E-03           1
|001110010110000001000011000001> :  0.5468817E-07  0.1000000E-03           1
|001110011001000001001010000001> :  0.6129090E-07  0.1000000E-03           1
|001110011001001000010000100001> :  0.2530105E-07  0.1000000E-03           1
|001110011010100100000000000001> :  0.1068054E-08  0.1000000E-03           1
|001110011100000000010110001001> :  0.3578280E-04  0.1000000E-03           1
|001110100000000001010000100001> :  0.2966625E-05  0.1000000E-03           1
|001110100000011001100000000001> :  0.1016242E-06  0.1000000E-03           1
|001110100110001000010010000101> :  0.9495740E-08  0.1000000E-03           1
|001100101100011000110010001001> :  0.6276974E-05  0.1000000E-03           1
|001110101000010001000110100001> :  0.1503215E-07  0.1000000E-03           1
|001110101000100000010110001001> :  0.8879426E-05  0.1000000E-03           1
|001110101100010000000110001001> :  0.1824656E-06  0.1000000E-03           1
|001110111000000000010010001001> :  0.4702614E-05  0.1000000E-03           1
|001110111000000000010110001001> :  0.3991885E-04  0.1000000E-03           1
|001111101100010000010110001001> :  0.7007301E-05  0.1000000E-03           1
|010000001001010001000001011001> :  0.1049397E-06  0.1000000E-03           1
|010000001100001110010011000000> :  0.2594329E-08  0.1000000E-03           1
|010000010100010110010111000001> :  0.2024326E-08  0.1000000E-03           1
|010000011001001000100010001001> :  0.3777838E-09  0.1000000E-03           1
|010000100011000001010001101001> :  0.4804324E-09  0.1000000E-03           1
|010000101001010000010101001000> :  0.4045673E-08  0.1000000E-03           1
|010000101110000000000110001001> :  0.1589288E-05  0.1000000E-03           1
|010000111101000000000100001001> :  0.7413953E-06  0.1000000E-03           1
|010001100000010001100001011000> :  0.1411811E-07  0.1000000E-03           1
|010001111100010001000100001001> :  0.7872519E-07  0.1000000E-03           1
|010011000101010000010001010001> :  0.8291642E-09  0.1000000E-03           1
|001100101100011000100110001001> :  0.2824137E-05  0.1000000E-03           1
|010011110100000100000101001001> :  0.2561099E-07  0.1000000E-03           1
|010100000000000100000001011001> :  0.7321115E-08  0.1000000E-03           1
|010100000010010100011111010001> :  0.3705236E-10  0.1000000E-03           1
|010100000100100000110010001000> :  0.4672174E-09  0.1000000E-03           1
|010100001011010000000001010000> :  0.1222581E-07  0.1000000E-03           1
|010100010101010100100001010001> :  0.5732330E-08  0.1000000E-03           1
|010100011000001000010000001101> :  0.4909818E-07  0.1000000E-03           1
|000100111100001000010110000001> :  0.5713616E-04  0.1000000E-03           1
|010100011110000000000101011001> :  0.5656330E-07  0.1000000E-03           1
|010100100000010000110001001001> :  0.4888172E-07  0.1000000E-03           1
|010100100000010100001110000001> :  0.3990480E-08  0.1000000E-03           1
|010100101001010000010110001001> :  0.6148987E-05  0.1000000E-03           1
|010100101001100000000001001000> :  0.1466276E-08  0.1000000E-03           1
|010100101010010100010110001001> :  0.2302305E-07  0.1000000E-03           1
|010100111100100011000110010100> :  0.6471823E-11  0.1000000E-03           1
|010100111110000001010010001001> :  0.4612264E-07  0.1000000E-03           1
|010101001100000000010010011001> :  0.4627153E-08  0.1000000E-03           1
|010101001100000000010110001001> :  0.5387110E-05  0.1000000E-03           1
|010101001100010000001100001001> :  0.1088637E-06  0.1000000E-03           1
|010101110000010000010100011000> :  0.1175944E-08  0.1000000E-03           1
|010110011000000000010000100001> :  0.3503677E-08  0.1000000E-03           1
|010110011100000000010110001011> :  0.1473954E-07  0.1000000E-03           1
|010110100100011000000010001001> :  0.5739229E-07  0.1000000E-03           1
|010110101100010000000110001001> :  0.2494702E-05  0.1000000E-03           1
|010110101100011100000000001001> :  0.4763068E-08  0.1000000E-03           1
|011000000000010001110011001010> :  0.9069323E-10  0.1000000E-03           1
|011000000100010000010001101001> :  0.2657180E-06  0.1000000E-03           1
|011000000100010101100001001011> :  0.6920896E-07  0.1000000E-03           1
|011000000110010000010110001011> :  0.8798901E-06  0.1000000E-03           1
|011000001000110000101010001001> :  0.4115337E-07  0.1000000E-03           1
|011000001010010000010110001001> :  0.1204994E-05  0.1000000E-03           1
|011000001100100000010011111000> :  0.1466035E-07  0.1000000E-03           1
|011000001110000000010011001000> :  0.2211615E-07  0.1000000E-03           1
|011000001110010000000001011011> :  0.9622793E-08  0.1000000E-03           1
|011000010100010101000100001010> :  0.2719814E-07  0.1000000E-03           1
|011000011100000000010110001001> :  0.1281619E-04  0.1000000E-03           1
|011000100000010000010110101001> :  0.5674851E-05  0.1000000E-03           1
|011000100000110000110000011001> :  0.9807149E-08  0.1000000E-03           1
|001100101100010010010110001001> :  0.1399844E-03  0.1000000E-03           1
|011000100100011001000110000001> :  0.3568474E-05  0.1000000E-03           1
|011000100110010000000010011001> :  0.3685189E-07  0.1000000E-03           1
|011000101000010000011110011001> :  0.6279209E-06  0.1000000E-03           1
|011000101100010000000110001101> :  0.5100265E-06  0.1000000E-03           1
|001100101100010010010100001101> :  0.2660633E-05  0.1000000E-03           1
|011000101101000000000100001001> :  0.5109432E-06  0.1000000E-03           1
|011000101110110000000110001001> :  0.5038408E-05  0.1000000E-03           1
|011000111000010001000010001001> :  0.2127592E-06  0.1000000E-03           1
|011001110100000100010100001001> :  0.8316413E-08  0.1000000E-03           1
|011010000000010100000110001011> :  0.2346415E-07  0.1000000E-03           1
|011010010100000000010011100000> :  0.4874477E-07  0.1000000E-03           1
|011010100000100000010001001001> :  0.3257660E-07  0.1000000E-03           1
|000100111100001000010100001011> :  0.2017268E-04  0.1000000E-03           1
|011010110100000000010000001001> :  0.7011247E-07  0.1000000E-03           1
|011100000000001001001010000011> :  0.3291582E-08  0.1000000E-03           1
|011100000100001001010010000011> :  0.7354838E-06  0.1000000E-03           1
|000100010111111001111110000001> :  0.3872094E-12  0.1000000E-03           1
|011100000100010001010100001001> :  0.9756001E-06  0.1000000E-03           1
|011100001000000000010110001101> :  0.1344051E-05  0.1000000E-03           1
|011100001000000000011000001111> :  0.7123452E-07  0.1000000E-03           1
|011100001010011000110000101001> :  0.6103729E-10  0.1000000E-03           1
|011100001100000000010010100001> :  0.4669379E-05  0.1000000E-03           1
|011100001100000001010110001001> :  0.6418994E-05  0.1000000E-03           1
|011100001100101000010011000101> :  0.4398971E-07  0.1000000E-03           1
|001100101100010001000110101001> :  0.4873880E-06  0.1000000E-03           1
|011100010000000100010001101011> :  0.2435017E-08  0.1000000E-03           1
|011100011000000000110100001001> :  0.1757574E-07  0.1000000E-03           1
|011100011100000000010110001001> :  0.4860132E-04  0.1000000E-03           1
|001100101100010000100011001001> :  0.7238772E-05  0.1000000E-03           1
|011100100000001000000010011011> :  0.5802726E-09  0.1000000E-03           1
|011100100000010001010000101101> :  0.2085681E-07  0.1000000E-03           1
|011100100000100001010110000001> :  0.7653904E-06  0.1000000E-03           1
|011100100000111001010010000001> :  0.2992064E-06  0.1000000E-03           1
|011100100100000000000110101001> :  0.3019982E-07  0.1000000E-03           1
|011100100100000000010001101001> :  0.8208393E-07  0.1000000E-03           1
|011100100100000000100010001001> :  0.1913475E-05  0.1000000E-03           1
|000100111100001000010011001000> :  0.2061591E-04  0.1000000E-03           1
|011100100100000001010110001001> :  0.3534922E-04  0.1000000E-03           1
|001100101100010000011110001001> :  0.2556398E-04  0.1000000E-03           1
|011100101000010001000010000011> :  0.3078175E-06  0.1000000E-03           1
|011100101010000000001100000001> :  0.2761878E-05  0.1000000E-03           1
|011100101011000000010010000001> :  0.7999923E-07  0.1000000E-03           1
|011100101100000000010100001101> :  0.1198115E-04  0.1000000E-03           1
|011100101100000000010110000100> :  0.2750545E-05  0.1000000E-03           1
|011100101100000000010110000101> :  0.8111476E-04  0.1000000E-03           1
|001100101100010000010111001001> :  0.7100143E-05  0.1000000E-03           1
|011100101100000000010110101001> :  0.3831044E-04  0.1000000E-03           1
|011100101100000000011010001001> :  0.5096990E-06  0.1000000E-03           1
|000100010101010100000010001101> :  0.8714088E-08  0.1000000E-03           1
|011100101100000001010110000001> :  0.2097559E-04  0.1000000E-03           1
|000000110110110000000111001001> :  0.5655523E-07  0.1000000E-03           1
|000000010101010100110110000011> :  0.2106083E-07  0.1000000E-03           1
|011100101100110001000010001001> :  0.7815272E-06  0.1000000E-03           1
|011100101110000000000110001001> :  0.2668945E-04  0.1000000E-03           1
|011100101110000000010110000001> :  0.6483730E-04  0.1000000E-03           1
|011100101110010000010110000001> :  0.1902277E-05  0.1000000E-03           1
|011100101110010000100010000100> :  0.3450319E-09  0.1000000E-03           1
|011100101110100000010110000001> :  0.1845185E-04  0.1000000E-03           1
|011100111000000001010010000001> :  0.3895738E-05  0.1000000E-03           1
|011100111100000000011010001001> :  0.2750190E-05  0.1000000E-03           1
|011100111101100001110110001100> :  0.4270969E-08  0.1000000E-03           1
|011101001100000000010110001001> :  0.5791838E-05  0.1000000E-03           1
|011101100100000000010110001001> :  0.8097107E-05  0.1000000E-03           1
|011101111010000000010100001001> :  0.2018510E-07  0.1000000E-03           1
|011110000100110001000110000001> :  0.3152591E-07  0.1000000E-03           1
|011110001100000000011111000011> :  0.1636766E-09  0.1000000E-03           1
|011110100100000000010110001001> :  0.1645317E-04  0.1000000E-03           1
|011110100100000000011100000001> :  0.1744308E-06  0.1000000E-03           1
|011110100100001000000000000011> :  0.2934469E-08  0.1000000E-03           1
|011110101100000000000110001001> :  0.7664768E-05  0.1000000E-03           1
|100000001100110101000110001001> :  0.7219343E-09  0.1000000E-03           1
|100000010000011000010100001001> :  0.5419755E-09  0.1000000E-03           1
|100000010100100000010011001100> :  0.6361815E-08  0.1000000E-03           1
|100000111100000100010101001100> :  0.3062283E-07  0.1000000E-03           1
|100001110101001000010010001001> :  0.1003525E-08  0.1000000E-03           1
|100100000001011000001001001011> :  0.6712654E-09  0.1000000E-03           1
|000000010001011000000001010010> :  0.6720095E-09  0.1000000E-03           1
|100100000101010000010010000010> :  0.7857995E-08  0.1000000E-03           1
|100100001100000010010110001101> :  0.8272892E-07  0.1000000E-03           1
|100100011100001000010011001000> :  0.4497108E-04  0.1000000E-03           1
|000000000101010100000011001001> :  0.8160671E-07  0.1000000E-03           1
|100100111000010000010110001101> :  0.1309780E-06  0.1000000E-03           1
|100101100000010001001000011001> :  0.1359861E-08  0.1000000E-03           1
|100101101100100000010110001001> :  0.6778626E-07  0.1000000E-03           1
|100110100000101000010111001000> :  0.1430038E-08  0.1000000E-03           1
|101000000100010100001010001000> :  0.1866545E-08  0.1000000E-03           1
|101000001000110001000010011100> :  0.4889383E-09  0.1000000E-03           1
|101000010100010000010110001011> :  0.1806740E-06  0.1000000E-03           1
|101000011100000000110010010000> :  0.1417611E-08  0.1000000E-03           1
|101000100000010000001100001101> :  0.1129245E-07  0.1000000E-03           1
|101000101100010000100110001001> :  0.1297190E-05  0.1000000E-03           1
|101010010100000001100010001011> :  0.4146504E-08  0.1000000E-03           1
|101010100010011000011100001001> :  0.1715058E-09  0.1000000E-03           1
|101100000101001000010011001100> :  0.2791001E-07  0.1000000E-03           1
|101100001010000000110010000001> :  0.2342710E-07  0.1000000E-03           1
|101100001110010000101010000011> :  0.8800949E-09  0.1000000E-03           1
|101100011000001000011010001100> :  0.1150190E-07  0.1000000E-03           1
|101100011100000000010110001001> :  0.5636732E-04  0.1000000E-03           1
|101100011100000001110010001000> :  0.3761635E-07  0.1000000E-03           1
|101100100000000000010110001101> :  0.2730278E-05  0.1000000E-03           1
|000000000100010100010101011001> :  0.1344418E-05  0.1000000E-03           1
|101100100100010000010100001001> :  0.3955647E-04  0.1000000E-03           1
|101100101000110000010001010100> :  0.1225459E-07  0.1000000E-03           1
|101100101100001000010110001100> :  0.2635561E-06  0.1000000E-03           1
|101100111100001000010000001000> :  0.8984752E-07  0.1000000E-03           1
|101110000110100000001110000001> :  0.7342602E-09  0.1000000E-03           1
|110010011001010000000010000100> :  0.2490474E-10  0.1000000E-03           1
|111000000110011000000010001001> :  0.4129849E-08  0.1000000E-03           1
|111000101110010000000100001001> :  0.2089191E-07  0.1000000E-03           1
|111010010001010001100010000001> :  0.6239549E-08  0.1000000E-03           1
|111100000100010001000100001001> :  0.3077603E-07  0.1000000E-03           1
|111110110000000100000010000001> :  0.8023089E-09  0.1000000E-03           1
|000000000100001101100110001001> :  0.4209973E-07  0.1000000E-03           1
