# state, exact probability, frequency, count:
#------------------------------------------------------------------
|001011010001001000001000000000> :  0.2850769E+00  0.2818000E+00        2818
|001010010001001100001000000000> :  0.2508921E+00  0.2550000E+00        2550
|001011010000000000001000000010> :  0.3213983E-01  0.3370000E-01         337
|001000010001000010000010001000> :  0.3103279E-01  0.3080000E-01         308
|001000011000000010000010000010> :  0.2933175E-01  0.3040000E-01         304
|001000000010000000001110000010> :  0.2863437E-01  0.2850000E-01         285
|001000010001000000001010001000> :  0.2908789E-01  0.2790000E-01         279
|001011011000000000000000000010> :  0.2429576E-01  0.2210000E-01         221
|001000010001001000001010000000> :  0.1911018E-01  0.1860000E-01         186
|000000000010000000101110000010> :  0.1461659E-01  0.1570000E-01         157
|001001010001000000001000001000> :  0.1643621E-01  0.1560000E-01         156
|001000011000000010000010001000> :  0.1457177E-01  0.1510000E-01         151
|000001100000000000011100000010> :  0.1351983E-01  0.1420000E-01         142
|001000010001000100001000001000> :  0.1340408E-01  0.1410000E-01         141
|001000010001001010000010000000> :  0.1673387E-01  0.1330000E-01         133
|000001100000000000011000000011> :  0.1131533E-01  0.1230000E-01         123
|000000100000000000011110000010> :  0.1091009E-01  0.1170000E-01         117
|000000000010000000100110100010> :  0.8975126E-02  0.1110000E-01         111
|010011010001001000000000000000> :  0.9616042E-02  0.1100000E-01         110
|001000011000010000000010000010> :  0.1139193E-01  0.1050000E-01         105
|010010010001001100000000000000> :  0.6751698E-02  0.6600000E-02          66
|000000001010000000100010100010> :  0.4830445E-02  0.6400000E-02          64
|001011010001000000001000000000> :  0.5868542E-02  0.6200000E-02          62
|000001101000000000010000000011> :  0.6329539E-02  0.6000000E-02          60
|000010001010000100100000000100> :  0.5225410E-02  0.5700000E-02          57
|000000001010000000100010100100> :  0.4802742E-02  0.4600000E-02          46
|001011010000001000001000000000> :  0.3908589E-02  0.4300000E-02          43
|001000010001001100001000000000> :  0.3471952E-02  0.3700000E-02          37
|001001010001001000001000000000> :  0.3206506E-02  0.3100000E-02          31
|000010001010000001000000010100> :  0.3852074E-02  0.3100000E-02          31
|000000001010000100100000100100> :  0.3501108E-02  0.2700000E-02          27
|010011010000001000000000000100> :  0.2639937E-02  0.2600000E-02          26
|101000010001000010000000001000> :  0.1813739E-02  0.2400000E-02          24
|001000010000000000001010000010> :  0.1151275E-02  0.1900000E-02          19
|001011000001001000001000000000> :  0.1766349E-02  0.1800000E-02          18
|010010010000001100000000000100> :  0.1763360E-02  0.1600000E-02          16
|001000000000000000001110001000> :  0.1195054E-02  0.1400000E-02          14
|010000010001001010000010000000> :  0.1377163E-02  0.1400000E-02          14
|001000000000000000001110000010> :  0.1141647E-02  0.1200000E-02          12
|000000000010000000100110100100> :  0.2017592E-02  0.1200000E-02          12
|001010000001001100001000000000> :  0.1047486E-02  0.9000000E-03           9
|001011010001001000000000000000> :  0.1242401E-02  0.9000000E-03           9
|001010010000001100001000000000> :  0.1533849E-02  0.9000000E-03           9
|001010001010000001000000000000> :  0.4248372E-03  0.8000000E-03           8
|001010001010000000000000000010> :  0.7230749E-03  0.8000000E-03           8
|000011000000000000011000000010> :  0.3845303E-03  0.7000000E-03           7
|000000100100000001011000000001> :  0.7879897E-03  0.7000000E-03           7
|000010001010000000100000000010> :  0.5603167E-03  0.7000000E-03           7
|001010010001000100001000000000> :  0.2748162E-03  0.7000000E-03           7
|000000011000000010000000000011> :  0.4208765E-03  0.6000000E-03           6
|001001000000000000001100000010> :  0.5408220E-03  0.6000000E-03           6
|001010000010000100001000000000> :  0.3359694E-03  0.6000000E-03           6
|000011001000000000010000000010> :  0.4304400E-03  0.6000000E-03           6
|001010010000000000001000000010> :  0.2895169E-03  0.6000000E-03           6
|000001011000000000000000000011> :  0.8588962E-03  0.6000000E-03           6
|001010000010000000001000000010> :  0.7965315E-03  0.6000000E-03           6
|001000000000000010000110000010> :  0.7866423E-03  0.6000000E-03           6
|001001000000000000001100001000> :  0.4669140E-03  0.5000000E-03           5
|001001010000000000001000000010> :  0.4726758E-03  0.5000000E-03           5
|001010000010000001001000000000> :  0.6373404E-03  0.5000000E-03           5
|000010000010000000101000000010> :  0.3066148E-03  0.5000000E-03           5
|001001011000000000000000000010> :  0.3434421E-03  0.5000000E-03           5
|001000001010000000000010000010> :  0.3808308E-03  0.5000000E-03           5
|001011010001001100001000000000> :  0.8537637E-03  0.5000000E-03           5
|000011011000000000000000000100> :  0.3870869E-03  0.5000000E-03           5
|000011011000000000000000000010> :  0.4491803E-03  0.5000000E-03           5
|001011011000000000000000000000> :  0.2277621E-03  0.4000000E-03           4
|001000000010000001001100000000> :  0.3783107E-03  0.4000000E-03           4
|000010001000000001010000010000> :  0.1287127E-03  0.4000000E-03           4
|001010011000000100000000000000> :  0.5285200E-03  0.4000000E-03           4
|000011000001000000011000000000> :  0.2075605E-03  0.4000000E-03           4
|001011000000000000001000000010> :  0.3282122E-03  0.4000000E-03           4
|001000000000001000001110000000> :  0.7377416E-03  0.4000000E-03           4
|000010011000000100000000000100> :  0.2689061E-03  0.3000000E-03           3
|001000000010000000001110000000> :  0.2665065E-03  0.3000000E-03           3
|001000011000000100000000001000> :  0.2153091E-03  0.3000000E-03           3
|001000011000000010000000001000> :  0.7338665E-04  0.3000000E-03           3
|000000100000000000000110100010> :  0.2565113E-03  0.3000000E-03           3
|001001000000001000001100000000> :  0.2624728E-03  0.3000000E-03           3
|001001010001001000001010000000> :  0.2578079E-04  0.3000000E-03           3
|000000100000000010000110000010> :  0.2781804E-03  0.3000000E-03           3
|001010001010000100000000000000> :  0.2917567E-03  0.3000000E-03           3
|001010010001001000001000000000> :  0.3723209E-03  0.3000000E-03           3
|000011010000000000001000000010> :  0.2474817E-03  0.3000000E-03           3
|000001010000000000001000000011> :  0.2784950E-03  0.3000000E-03           3
|001000000000000010000110001000> :  0.4119184E-03  0.3000000E-03           3
|000000101000000010000010000010> :  0.3549362E-03  0.3000000E-03           3
|001000000110000001001000000000> :  0.1565586E-03  0.3000000E-03           3
|001000001000000010000010000010> :  0.2122610E-03  0.3000000E-03           3
|000000101000000010000000000011> :  0.2136943E-03  0.3000000E-03           3
|001000010000000010000010000010> :  0.3219971E-03  0.3000000E-03           3
|001000010000000000001010001000> :  0.3064444E-03  0.3000000E-03           3
|000000001010000000100010000010> :  0.2308030E-03  0.3000000E-03           3
|001000000000000011000100001000> :  0.7140626E-04  0.2000000E-03           2
|010011010000000000000000000010> :  0.2981529E-03  0.2000000E-03           2
|001010011000000000000000000010> :  0.2636597E-03  0.2000000E-03           2
|001010010001001100000000000000> :  0.6885801E-03  0.2000000E-03           2
|001000000000001010000110000000> :  0.3161124E-03  0.2000000E-03           2
|100000000000000000000001110001> :  0.2962434E-04  0.2000000E-03           2
|000000100000000000011010000010> :  0.4591366E-04  0.2000000E-03           2
|000001101000000000010000010000> :  0.7645532E-04  0.2000000E-03           2
|000000100000000000001110000010> :  0.1642662E-03  0.2000000E-03           2
|000000000110000001001000000001> :  0.5384650E-04  0.2000000E-03           2
|000001101000000000000000000011> :  0.1609076E-03  0.2000000E-03           2
|000001101000000000010000000010> :  0.1716065E-03  0.2000000E-03           2
|001000011000010100000000000000> :  0.1172415E-03  0.2000000E-03           2
|001000011000000000000010000010> :  0.3113802E-03  0.2000000E-03           2
|000010000010000100101000000000> :  0.1160508E-03  0.2000000E-03           2
|000010001010000000100000000100> :  0.1333981E-03  0.2000000E-03           2
|000000000001000000011010001000> :  0.5660442E-04  0.2000000E-03           2
|000000000000010000001001110000> :  0.3813587E-04  0.2000000E-03           2
|000000001010000000100000100100> :  0.2568111E-04  0.2000000E-03           2
|000011001000000000010000010000> :  0.1976786E-03  0.2000000E-03           2
|001000000000001001001100000000> :  0.3604798E-03  0.2000000E-03           2
|001000000001000010001001100000> :  0.4604892E-05  0.2000000E-03           2
|010000000000000000000110100010> :  0.9724440E-04  0.2000000E-03           2
|010000010000001000000010000100> :  0.5345706E-04  0.2000000E-03           2
|000001000000000000011000000011> :  0.9567235E-04  0.2000000E-03           2
|010001010000000000000000000011> :  0.2032426E-03  0.2000000E-03           2
|001000000000000001001100001000> :  0.4465985E-03  0.2000000E-03           2
|000100011000000010000000001000> :  0.9619681E-04  0.2000000E-03           2
|000001000000000000011100000010> :  0.1469565E-03  0.2000000E-03           2
|001000000001000000001010001000> :  0.1610245E-03  0.2000000E-03           2
|000000000010000001000100010100> :  0.8165393E-04  0.2000000E-03           2
|000000101000000000000010100010> :  0.2455128E-03  0.2000000E-03           2
|010000000000010000100000011000> :  0.1457171E-03  0.2000000E-03           2
|001000000010000000000110000010> :  0.1135867E-03  0.2000000E-03           2
|001000000010000000001100000010> :  0.2057862E-03  0.2000000E-03           2
|000000101000000011000000010000> :  0.1092015E-03  0.2000000E-03           2
|100000000000000000001101110000> :  0.1073732E-03  0.2000000E-03           2
|000000011000000010000010000010> :  0.1758434E-03  0.2000000E-03           2
|001000010001000000000010001000> :  0.6942367E-04  0.2000000E-03           2
|001011010001001000001001100000> :  0.5029577E-04  0.2000000E-03           2
|000000101000000001010000010000> :  0.1735831E-03  0.2000000E-03           2
|001000010001000100001000000000> :  0.1957739E-04  0.2000000E-03           2
|000000011000010000000000000011> :  0.2934722E-03  0.2000000E-03           2
|000100001000000011000000000001> :  0.7224357E-04  0.2000000E-03           2
|001011001000000000000000000010> :  0.1933727E-03  0.1000000E-03           1
|001011000000001000001000000000> :  0.7275661E-04  0.1000000E-03           1
|001010110001001100001001000000> :  0.6473812E-05  0.1000000E-03           1
|001010110000100000100000000000> :  0.1002820E-06  0.1000000E-03           1
|001010100000101001000000010100> :  0.1315017E-07  0.1000000E-03           1
|000000100100000110101010000000> :  0.2741196E-07  0.1000000E-03           1
|000010110011010000000000000000> :  0.2465182E-06  0.1000000E-03           1
|000010100000001000000010110100> :  0.4778881E-08  0.1000000E-03           1
|001010010000100000110000000010> :  0.1525025E-06  0.1000000E-03           1
|000000100001011101000000000000> :  0.2127973E-07  0.1000000E-03           1
|000000001010000000100000100010> :  0.6963669E-04  0.1000000E-03           1
|000010010100010000010000000001> :  0.2269459E-07  0.1000000E-03           1
|000010010000110100000000001010> :  0.8373135E-08  0.1000000E-03           1
|000000100000110000001101000000> :  0.4815424E-07  0.1000000E-03           1
|000010010000010010100000001000> :  0.5931755E-07  0.1000000E-03           1
|001010001010000000000010000010> :  0.1489421E-05  0.1000000E-03           1
|000000100000011010011010000000> :  0.2047186E-07  0.1000000E-03           1
|000000001010000000100000000011> :  0.1989130E-03  0.1000000E-03           1
|000010001010000100100000000000> :  0.1193500E-03  0.1000000E-03           1
|000000100000010000100001010000> :  0.6230493E-05  0.1000000E-03           1
|001010000001011001001000000100> :  0.1266505E-08  0.1000000E-03           1
|001010000000100001000001000110> :  0.2587257E-06  0.1000000E-03           1
|000000100000000011000100010000> :  0.9857346E-04  0.1000000E-03           1
|000000001010000000000010100010> :  0.5333089E-04  0.1000000E-03           1
|000000000010000000001110000010> :  0.5991859E-04  0.1000000E-03           1
|000000000000100100000001110001> :  0.1246435E-06  0.1000000E-03           1
|000010001000000100100000000100> :  0.3905100E-04  0.1000000E-03           1
|001001100000100000000001001010> :  0.7829559E-08  0.1000000E-03           1
|001001011000000000000000001000> :  0.1965540E-03  0.1000000E-03           1
|000010001000000001000000010100> :  0.7026561E-04  0.1000000E-03           1
|000010000010100001000000010000> :  0.1425857E-04  0.1000000E-03           1
|000000100000000001010100010000> :  0.9935624E-04  0.1000000E-03           1
|000000001001101000001000001000> :  0.6100763E-08  0.1000000E-03           1
|001001010001000000001010001000> :  0.6126054E-04  0.1000000E-03           1
|001001010001000000000000001000> :  0.1495944E-04  0.1000000E-03           1
|000010000001000100111000001100> :  0.1771968E-08  0.1000000E-03           1
|000010000000011000100001000100> :  0.2662790E-06  0.1000000E-03           1
|000000001000010010101100001000> :  0.3882208E-09  0.1000000E-03           1
|000000000010000000000110100100> :  0.1100549E-04  0.1000000E-03           1
|000010000000001001000000010100> :  0.9110665E-04  0.1000000E-03           1
|000000100000000000010110000010> :  0.8085339E-04  0.1000000E-03           1
|001000011000010000000000000010> :  0.1305646E-03  0.1000000E-03           1
|001000011000000010000010001010> :  0.6604945E-04  0.1000000E-03           1
|000000000110100001000100110000> :  0.5506717E-07  0.1000000E-03           1
|001000011000000010000010000000> :  0.2781382E-04  0.1000000E-03           1
|001000011000000000000010001000> :  0.1153815E-03  0.1000000E-03           1
|000001100000010000100100100010> :  0.5086716E-08  0.1000000E-03           1
|001000010010001000111000000000> :  0.7993347E-07  0.1000000E-03           1
|000001100000000000100110001100> :  0.2064633E-08  0.1000000E-03           1
|111101100000000000000000000000> :  0.3130902E-06  0.1000000E-03           1
|001000010001001010000010001000> :  0.6551702E-04  0.1000000E-03           1
|000000000010000000000110100010> :  0.4583184E-04  0.1000000E-03           1
|000000000000000000100110100010> :  0.5739063E-04  0.1000000E-03           1
|110100001000000011000010000000> :  0.1648978E-06  0.1000000E-03           1
|110010010000000000000000001101> :  0.1969340E-07  0.1000000E-03           1
|000001100000000000011100000000> :  0.5357126E-04  0.1000000E-03           1
|001000010001001000001000000000> :  0.4202696E-04  0.1000000E-03           1
|110000000000001000010101010000> :  0.8661528E-07  0.1000000E-03           1
|101100000000000010100000000001> :  0.1766375E-07  0.1000000E-03           1
|000000011000000100101011000010> :  0.1948869E-08  0.1000000E-03           1
|101000010001000010000010001000> :  0.3443828E-04  0.1000000E-03           1
|001000010001000010001010001000> :  0.8289644E-04  0.1000000E-03           1
|000001100000000000011000000010> :  0.9420715E-04  0.1000000E-03           1
|100101101100000000000000001000> :  0.1913404E-08  0.1000000E-03           1
|100101000000000100010000001000> :  0.3244155E-06  0.1000000E-03           1
|100101000000000000000010100010> :  0.2023290E-05  0.1000000E-03           1
|000001100000000000010100000010> :  0.3451613E-04  0.1000000E-03           1
|001000101010100001001100000010> :  0.5742606E-09  0.1000000E-03           1
|000000000110000000101000010101> :  0.3737045E-08  0.1000000E-03           1
|001000010001000000001010000000> :  0.8212307E-04  0.1000000E-03           1
|001000010001000000001000001000> :  0.9694010E-04  0.1000000E-03           1
|001001001000000000000001011100> :  0.8656955E-07  0.1000000E-03           1
|000001100000000000000100100010> :  0.5359514E-04  0.1000000E-03           1
|100100000010000000001000110000> :  0.7205067E-04  0.1000000E-03           1
|100100000000000000001010101000> :  0.2879371E-06  0.1000000E-03           1
|001000010000001010000010000000> :  0.4519473E-04  0.1000000E-03           1
|001001010001000001001010101000> :  0.1751975E-06  0.1000000E-03           1
|000001011000010000100000011000> :  0.6434125E-06  0.1000000E-03           1
|001001010001001000001000001000> :  0.2780099E-04  0.1000000E-03           1
|100100000000000000000101011000> :  0.4838439E-07  0.1000000E-03           1
|001000010000000000100011010000> :  0.1052426E-05  0.1000000E-03           1
|000001011000000000000000000100> :  0.6204461E-06  0.1000000E-03           1
|100010001000010100000000000001> :  0.4957203E-08  0.1000000E-03           1
|001010000000000001000101110000> :  0.4100486E-07  0.1000000E-03           1
|001010000000001001001000000000> :  0.2112976E-03  0.1000000E-03           1
|100010000100000000100001000010> :  0.2658925E-06  0.1000000E-03           1
|001010000001000100001000000000> :  0.2123301E-04  0.1000000E-03           1
|100010000001100100000000000010> :  0.7133565E-08  0.1000000E-03           1
|000000010101100000100000010000> :  0.1081855E-05  0.1000000E-03           1
|000000000100000010100000011100> :  0.9535645E-07  0.1000000E-03           1
|100001100100000100000000010001> :  0.3722318E-06  0.1000000E-03           1
|001000001000010010100000100010> :  0.1154002E-07  0.1000000E-03           1
|001010001000100000110001000000> :  0.3014185E-06  0.1000000E-03           1
|000001011000000000000000000010> :  0.2745393E-05  0.1000000E-03           1
|001000001000000010000010001000> :  0.4205004E-04  0.1000000E-03           1
|100000100100000010001000101000> :  0.5209310E-08  0.1000000E-03           1
|000001010100000001011010000100> :  0.5343274E-09  0.1000000E-03           1
|001010001101001001001100000000> :  0.9259516E-08  0.1000000E-03           1
|000000010100110001001001100110> :  0.5293872E-10  0.1000000E-03           1
|001010010000001000001000000000> :  0.4559928E-04  0.1000000E-03           1
|001010010000001100000000000000> :  0.2885530E-04  0.1000000E-03           1
|100000010011000000000001010000> :  0.8279046E-07  0.1000000E-03           1
|001000000101000000001010000000> :  0.7804136E-04  0.1000000E-03           1
|000001010001010010000010000100> :  0.1209191E-07  0.1000000E-03           1
|001000000100010110000100001000> :  0.6543251E-07  0.1000000E-03           1
|100000001001000000110010000010> :  0.1207232E-07  0.1000000E-03           1
|001000000100000100010010100000> :  0.4103989E-08  0.1000000E-03           1
|000000010010110000001000000110> :  0.4815296E-08  0.1000000E-03           1
|000000000011100010000000000101> :  0.1788234E-08  0.1000000E-03           1
|100000001000100000000000111000> :  0.1925098E-06  0.1000000E-03           1
|001000000010000000101110000010> :  0.4610672E-04  0.1000000E-03           1
|000001001101000010010000001001> :  0.1801181E-09  0.1000000E-03           1
|100000000010100001000000100101> :  0.6470680E-07  0.1000000E-03           1
|100000000000101000010000100000> :  0.2341063E-04  0.1000000E-03           1
|000001001000100001011000000100> :  0.3515552E-08  0.1000000E-03           1
|000000010001100010110010000000> :  0.1427657E-06  0.1000000E-03           1
|001011001001100000010000010100> :  0.3742580E-08  0.1000000E-03           1
|100000000000000000100111010100> :  0.1772560E-06  0.1000000E-03           1
|001000000010000000001010000010> :  0.3772470E-03  0.1000000E-03           1
|000001001000010010100000010100> :  0.3266179E-06  0.1000000E-03           1
|011100000101000000010000100000> :  0.9781375E-07  0.1000000E-03           1
|011010001010000000010000000110> :  0.1331550E-08  0.1000000E-03           1
|000001000101000110000000100000> :  0.1112121E-07  0.1000000E-03           1
|000000010000000100001000000001> :  0.7207947E-06  0.1000000E-03           1
|000000000010010001000001100010> :  0.8307788E-07  0.1000000E-03           1
|000000000000110010110000000011> :  0.3499587E-06  0.1000000E-03           1
|000000000000000001011100001000> :  0.9141884E-04  0.1000000E-03           1
|011000001010100001000000000000> :  0.6521415E-08  0.1000000E-03           1
|001000000000011000010000100000> :  0.4034785E-06  0.1000000E-03           1
|000001000011011000010000000000> :  0.1676128E-05  0.1000000E-03           1
|001000000000010010001110100000> :  0.2217912E-07  0.1000000E-03           1
|010100000000000001011100000100> :  0.3000136E-07  0.1000000E-03           1
|000001000001010010010000000001> :  0.1011449E-07  0.1000000E-03           1
|000000001110000000100010010010> :  0.1404027E-07  0.1000000E-03           1
|010011000001001000000000000000> :  0.1477858E-04  0.1000000E-03           1
|000001000001000000011000001000> :  0.7759342E-04  0.1000000E-03           1
|010011000000010000100000001000> :  0.1046037E-05  0.1000000E-03           1
|010010100101000010001000000000> :  0.1473572E-08  0.1000000E-03           1
|010010100010010001000000000000> :  0.4647529E-06  0.1000000E-03           1
|000001000000110100010000001000> :  0.7801848E-08  0.1000000E-03           1
|000000001010010000100110010100> :  0.4291445E-08  0.1000000E-03           1
|010010010001001100001000000000> :  0.7342483E-05  0.1000000E-03           1
|010010010001000100000000000000> :  0.1480872E-04  0.1000000E-03           1
|000001000000110001010010000000> :  0.2652237E-07  0.1000000E-03           1
|010010000000011000001010000000> :  0.1130663E-07  0.1000000E-03           1
|010010000000000100010000010110> :  0.2226564E-07  0.1000000E-03           1
|010001010000000000000001000001> :  0.2799451E-04  0.1000000E-03           1
|000001000000010010000000110010> :  0.4839585E-07  0.1000000E-03           1
|000111000000100000101000000010> :  0.3229244E-07  0.1000000E-03           1
|010000100010100001000000100000> :  0.1893028E-07  0.1000000E-03           1
|010000100010001000000100110000> :  0.3251930E-07  0.1000000E-03           1
|000110001001000000000100000010> :  0.4879813E-08  0.1000000E-03           1
|000001000000000000011100001000> :  0.1486840E-03  0.1000000E-03           1
|010000010100010000000000010010> :  0.4272863E-07  0.1000000E-03           1
|010000010100000100000111000000> :  0.1301290E-07  0.1000000E-03           1
|010000110010000000000110100000> :  0.9237532E-08  0.1000000E-03           1
|000100101000000011110000000000> :  0.2264943E-07  0.1000000E-03           1
|010000010010010001000100000000> :  0.1920356E-08  0.1000000E-03           1
|000000001010000100100000000001> :  0.5540500E-04  0.1000000E-03           1
|000000000000110001100010000100> :  0.9761548E-08  0.1000000E-03           1
|010010010000000100000000000100> :  0.2798790E-04  0.1000000E-03           1
|010000001100110000000000100000> :  0.9676005E-07  0.1000000E-03           1
|000100011000000010000000000001> :  0.1050453E-03  0.1000000E-03           1
|010000000010000100100000010110> :  0.9511338E-09  0.1000000E-03           1
|010000000001101010000001010000> :  0.3281874E-07  0.1000000E-03           1
|000100010001000010000000001000> :  0.3587305E-04  0.1000000E-03           1
|010000000000101000000010100011> :  0.4384236E-07  0.1000000E-03           1
|010000000000100101000000110100> :  0.1128101E-07  0.1000000E-03           1
|010011000001000100000100100001> :  0.4167644E-07  0.1000000E-03           1
|000100010000100000110000000001> :  0.4425463E-06  0.1000000E-03           1
|010000000000010001000010011000> :  0.1330599E-06  0.1000000E-03           1
|000100001010000001000000000001> :  0.5361943E-04  0.1000000E-03           1
|000000110010100000010100000000> :  0.1857149E-06  0.1000000E-03           1
|000000001010000000100110100010> :  0.1656640E-04  0.1000000E-03           1
|010100001000000000000000010110> :  0.4388549E-07  0.1000000E-03           1
|010100001000010000011000000001> :  0.1006184E-06  0.1000000E-03           1
|010100100100010000000000001000> :  0.2251862E-07  0.1000000E-03           1
|010110000001100100101000000000> :  0.2827824E-07  0.1000000E-03           1
|011000000100010000000001000100> :  0.1731097E-07  0.1000000E-03           1
|010000000000001010000110000000> :  0.5272277E-04  0.1000000E-03           1
|011001000000101001000000100000> :  0.3309821E-08  0.1000000E-03           1
|010000000000000010000110000010> :  0.1783064E-03  0.1000000E-03           1
|011011010001001000000000100001> :  0.4386456E-05  0.1000000E-03           1
|000100001000000011000000001000> :  0.4042915E-04  0.1000000E-03           1
|011111000000001000000010000000> :  0.3395158E-08  0.1000000E-03           1
|001100101000010000000000101000> :  0.2414326E-07  0.1000000E-03           1
|000000101000010001110000000000> :  0.1778640E-07  0.1000000E-03           1
|001100000000100000000000000101> :  0.5478880E-07  0.1000000E-03           1
|100000000000001001010111000000> :  0.1865460E-06  0.1000000E-03           1
|001100000000001000000000111000> :  0.1834541E-06  0.1000000E-03           1
|100000000010000100000000011010> :  0.2900335E-06  0.1000000E-03           1
|000100001000000000010001110000> :  0.3908440E-06  0.1000000E-03           1
|100000000101000000010000100101> :  0.3876312E-07  0.1000000E-03           1
|100000000101001000010000100000> :  0.3412724E-06  0.1000000E-03           1
|100000000101100000001000011000> :  0.1145346E-06  0.1000000E-03           1
|001100000000000000000001110000> :  0.9050994E-05  0.1000000E-03           1
|100000001000100000000001101000> :  0.1272845E-06  0.1000000E-03           1
|001011110001001000000000011000> :  0.4104100E-07  0.1000000E-03           1
|100000001010000000000001101000> :  0.5206503E-07  0.1000000E-03           1
|100000001010100000000000100110> :  0.7559730E-07  0.1000000E-03           1
|100000010000000000001000110010> :  0.3391958E-06  0.1000000E-03           1
|100000010000010001000001000100> :  0.4716763E-07  0.1000000E-03           1
|100000010000100000001000100010> :  0.3019338E-06  0.1000000E-03           1
|000100000101010000010000000011> :  0.1051963E-07  0.1000000E-03           1
|100000010100000100100000000101> :  0.2775263E-07  0.1000000E-03           1
|000000000010000000101100000010> :  0.5490835E-04  0.1000000E-03           1
|100000101010000000100111110100> :  0.5813305E-10  0.1000000E-03           1
|100001000000000000010000010101> :  0.4364898E-07  0.1000000E-03           1
|100001000001101000000001000000> :  0.2963268E-07  0.1000000E-03           1
|100001000010000000000101110000> :  0.1918152E-05  0.1000000E-03           1
|100001000010100000001010000010> :  0.1847744E-07  0.1000000E-03           1
|001011011100001100000000001000> :  0.6595036E-07  0.1000000E-03           1
|100010000000010100000100001000> :  0.5658550E-08  0.1000000E-03           1
|001011011000001000001000100001> :  0.2775200E-06  0.1000000E-03           1
|000100000100010001000100000100> :  0.5654750E-07  0.1000000E-03           1
|000100000011000000000011010000> :  0.1225983E-06  0.1000000E-03           1
|100010010001001100001000100000> :  0.1159801E-05  0.1000000E-03           1
|100010100010000000000000110100> :  0.1976107E-07  0.1000000E-03           1
|100011000100010000000000001000> :  0.1295666E-07  0.1000000E-03           1
|000100000001110100000000000100> :  0.6873538E-07  0.1000000E-03           1
|100100000000000000001001100000> :  0.6734193E-05  0.1000000E-03           1
|000100000000000001100001000101> :  0.2913979E-07  0.1000000E-03           1
|100100000000000010000001000011> :  0.2513770E-07  0.1000000E-03           1
|001011010001000100001000000000> :  0.6872045E-05  0.1000000E-03           1
|100100000010000000100001100000> :  0.1789679E-06  0.1000000E-03           1
|100100000010100000000000110000> :  0.2150541E-04  0.1000000E-03           1
|100100001000000000010010010000> :  0.1104022E-06  0.1000000E-03           1
|100100010000010000000000010010> :  0.3047215E-06  0.1000000E-03           1
|100100101101000000100000000000> :  0.4736597E-09  0.1000000E-03           1
|001011010001000010001000101000> :  0.1816734E-06  0.1000000E-03           1
|000011100000001000010000001001> :  0.2329752E-07  0.1000000E-03           1
|001011010000101000001000100000> :  0.8400872E-06  0.1000000E-03           1
|101000000000001000100000000110> :  0.2173252E-07  0.1000000E-03           1
|101000000001000010101001000000> :  0.8435960E-07  0.1000000E-03           1
|001011010000000000001000000000> :  0.9263661E-04  0.1000000E-03           1
|001011010000000000000000000010> :  0.1023353E-03  0.1000000E-03           1
|101001101000000000000000100000> :  0.4921205E-09  0.1000000E-03           1
|000011010001001000001000000000> :  0.3382093E-04  0.1000000E-03           1
|000000101000000000010010000010> :  0.1968609E-03  0.1000000E-03           1
|110000000010001000001100001000> :  0.3359622E-07  0.1000000E-03           1
|110000101000000010000100000100> :  0.9143080E-08  0.1000000E-03           1
|000000000000101000110100000001> :  0.1363229E-06  0.1000000E-03           1
|110100000001000010000100010000> :  0.1736293E-06  0.1000000E-03           1
|000000000000000000101110000010> :  0.7765741E-04  0.1000000E-03           1
|110100100000000100000000100000> :  0.1220659E-06  0.1000000E-03           1
|000000000000000000011110001000> :  0.1743330E-03  0.1000000E-03           1
|000000000000000000011110000010> :  0.9031854E-04  0.1000000E-03           1
