# state, exact probability, frequency, count:
#------------------------------------------------------------------
|100001010111101010010011> :  0.1335524E+00  0.1368000E+00        1368
|011110101000010101101100> :  0.1335524E+00  0.1361000E+00        1361
|110000011110101001110010> :  0.6841520E-01  0.6850000E-01         685
|001111100001010110001101> :  0.6841520E-01  0.6750000E-01         675
|000111100001010110011101> :  0.6374593E-01  0.6720000E-01         672
|011000011110101001110010> :  0.6789388E-01  0.6550000E-01         655
|100111100001010110001101> :  0.6789388E-01  0.6460000E-01         646
|111000011110101001100010> :  0.6374593E-01  0.6300000E-01         630
|100001100111001110011011> :  0.2954578E-01  0.2910000E-01         291
|011110011000110001100100> :  0.2954578E-01  0.2720000E-01         272
|100101100011000110011001> :  0.1441777E-01  0.1450000E-01         145
|011010011100111001100110> :  0.1441777E-01  0.1360000E-01         136
|011100011000110001110100> :  0.1173928E-01  0.1270000E-01         127
|100011100111001110001011> :  0.1173928E-01  0.1200000E-01         120
|100111100011000110001001> :  0.1110109E-01  0.1090000E-01         109
|011000011100111001110110> :  0.1110109E-01  0.1020000E-01         102
|011110001000110001101100> :  0.8486958E-02  0.9000000E-02          90
|100001110111001110010011> :  0.8486958E-02  0.6800000E-02          68
|000101100011000110011101> :  0.4397627E-02  0.5100000E-02          51
|110001010111101001010011> :  0.4810185E-02  0.4800000E-02          48
|001110101000010110101100> :  0.4810185E-02  0.4800000E-02          48
|111010011100111001100010> :  0.4397627E-02  0.4500000E-02          45
|011111100001010100001100> :  0.4143417E-02  0.4300000E-02          43
|100000011110101011110011> :  0.4143417E-02  0.4200000E-02          42
|100001010111100010010011> :  0.3194643E-02  0.4100000E-02          41
|011110101000011101101100> :  0.3194643E-02  0.3900000E-02          39
|110000011110101011110010> :  0.3007480E-02  0.3700000E-02          37
|110000011110100001110010> :  0.2032342E-02  0.2600000E-02          26
|001111100001010100001101> :  0.3007480E-02  0.2400000E-02          24
|110001010111111001010011> :  0.1681061E-02  0.2400000E-02          24
|000001010111101010010011> :  0.1988372E-02  0.2100000E-02          21
|001111101001010110001101> :  0.2236158E-02  0.2000000E-02          20
|011110101000010100101100> :  0.1444260E-02  0.2000000E-02          20
|111110101000010101101100> :  0.1988372E-02  0.1900000E-02          19
|001111100001011110001101> :  0.2032342E-02  0.1900000E-02          19
|011101010001110001010100> :  0.1413673E-02  0.1800000E-02          18
|100010101110001110101011> :  0.1413673E-02  0.1700000E-02          17
|011000011110100001110010> :  0.1984231E-02  0.1700000E-02          17
|111000011110100001100010> :  0.1488053E-02  0.1700000E-02          17
|011101011000110001110100> :  0.1162557E-02  0.1700000E-02          17
|011111011000110001100100> :  0.1168980E-02  0.1600000E-02          16
|011010001000111001101110> :  0.1477750E-02  0.1600000E-02          16
|110000011110101001110011> :  0.1828607E-02  0.1600000E-02          16
|011010001000011101101110> :  0.1395263E-02  0.1600000E-02          16
|100000011110101111110011> :  0.1446219E-02  0.1600000E-02          16
|100001010111101011010011> :  0.1444260E-02  0.1600000E-02          16
|100111100001000110001101> :  0.1409969E-02  0.1500000E-02          15
|110000010110101001110010> :  0.2236158E-02  0.1400000E-02          14
|100111100001011110001101> :  0.1984231E-02  0.1400000E-02          14
|011110101000010101111100> :  0.1167920E-02  0.1300000E-02          13
|001111100001010110001100> :  0.1828607E-02  0.1300000E-02          13
|100101110111100010010001> :  0.1395263E-02  0.1200000E-02          12
|111010001100111001100010> :  0.6275279E-03  0.1200000E-02          12
|010101110001110000010101> :  0.1412300E-02  0.1200000E-02          12
|100101110111000110010001> :  0.1477750E-02  0.1200000E-02          12
|100011000111101110000011> :  0.7476765E-03  0.1200000E-02          12
|011000011110111001110010> :  0.1409969E-02  0.1100000E-02          11
|000111100001000110011101> :  0.1006628E-02  0.1100000E-02          11
|111110101000010101101000> :  0.7915454E-03  0.1100000E-02          11
|011111100001010000001100> :  0.1446219E-02  0.1100000E-02          11
|101010001110001111101010> :  0.1412300E-02  0.1100000E-02          11
|001110101000000110101100> :  0.1681061E-02  0.1100000E-02          11
|000111100001011110011101> :  0.1488053E-02  0.1100000E-02          11
|110001010111101010010011> :  0.1234541E-02  0.1100000E-02          11
|100000100111001110011011> :  0.1168980E-02  0.1000000E-02          10
|111010001110101001100010> :  0.8086819E-03  0.1000000E-02          10
|100110101000010101101101> :  0.5345530E-03  0.1000000E-02          10
|011000011110101011110010> :  0.5143058E-03  0.1000000E-02          10
|100001010111101010000011> :  0.1167920E-02  0.1000000E-02          10
|110101110111110000010001> :  0.4548251E-03  0.9000000E-03           9
|100010001110001111101011> :  0.1056466E-02  0.9000000E-03           9
|100010100111001110001011> :  0.1162557E-02  0.9000000E-03           9
|011100011110110001110000> :  0.7445555E-03  0.9000000E-03           9
|101010101110001110101010> :  0.9888902E-03  0.9000000E-03           9
|000001010111101010010111> :  0.7915454E-03  0.9000000E-03           9
|100000101110001110111011> :  0.6497233E-03  0.9000000E-03           9
|111100011110110001100000> :  0.7965892E-03  0.8000000E-03           8
|111010001110001101101010> :  0.5172988E-03  0.8000000E-03           8
|011101110001110000010100> :  0.1056466E-02  0.8000000E-03           8
|011111001000110001101100> :  0.5357616E-03  0.8000000E-03           8
|000111101001010110011101> :  0.6279854E-03  0.8000000E-03           8
|001110101000010101101100> :  0.1234541E-02  0.8000000E-03           8
|100111101000010101001101> :  0.2186078E-03  0.7000000E-03           7
|011000011110101001100010> :  0.3696435E-03  0.7000000E-03           7
|100111101001010110001101> :  0.5303591E-03  0.7000000E-03           7
|011010010100111001100110> :  0.5354334E-03  0.7000000E-03           7
|100111100001010100001101> :  0.5143058E-03  0.7000000E-03           7
|000100101010000110111101> :  0.3251007E-03  0.7000000E-03           7
|000011100001001110011111> :  0.7965892E-03  0.7000000E-03           7
|011000010100111001110110> :  0.5606398E-03  0.7000000E-03           7
|011111010001110001000100> :  0.6497233E-03  0.7000000E-03           7
|010101010001110001010101> :  0.9888902E-03  0.7000000E-03           7
|001010001000001111101110> :  0.4548251E-03  0.6000000E-03           6
|100101110011000110011001> :  0.3183106E-03  0.6000000E-03           6
|011000010110101001110010> :  0.5303591E-03  0.6000000E-03           6
|011001010111101001010010> :  0.3421667E-03  0.6000000E-03           6
|000111100001010110001101> :  0.3623441E-03  0.6000000E-03           6
|011001010111101010010010> :  0.5345530E-03  0.6000000E-03           6
|100110101010000110101001> :  0.4348839E-03  0.6000000E-03           6
|000111100001010100011101> :  0.4215199E-03  0.6000000E-03           6
|111000011110111001100010> :  0.1006628E-02  0.6000000E-03           6
|111001010111101001000010> :  0.3204421E-03  0.6000000E-03           6
|000101110011100010010101> :  0.3404813E-03  0.6000000E-03           6
|010101110001010000011101> :  0.5496490E-03  0.6000000E-03           6
|110101010111110001010001> :  0.5661435E-03  0.5000000E-03           5
|000001100011001110011111> :  0.1856693E-03  0.5000000E-03           5
|011000011110101001110110> :  0.6422296E-03  0.5000000E-03           5
|101010001110101111100010> :  0.5496490E-03  0.5000000E-03           5
|100110101000010110101101> :  0.3421667E-03  0.5000000E-03           5
|011001010101111001010110> :  0.4348839E-03  0.5000000E-03           5
|100101101011000110011001> :  0.5354334E-03  0.5000000E-03           5
|110001010110101001110010> :  0.1793634E-03  0.5000000E-03           5
|011100111000010001111100> :  0.7476765E-03  0.5000000E-03           5
|001111101001000110001101> :  0.1053754E-03  0.5000000E-03           5
|001010101000001110101110> :  0.5661435E-03  0.5000000E-03           5
|010101011000110001010101> :  0.2696787E-03  0.5000000E-03           5
|000101110011000110011101> :  0.6275279E-03  0.5000000E-03           5
|111010010100111001100010> :  0.3378300E-03  0.4000000E-03           4
|000110101000010101111101> :  0.4382148E-03  0.4000000E-03           4
|001111100001000110001101> :  0.3644961E-03  0.4000000E-03           4
|100011100001001110001111> :  0.7445555E-03  0.4000000E-03           4
|011000111110111001110000> :  0.7742883E-04  0.4000000E-03           4
|100111100001010110011101> :  0.3696435E-03  0.4000000E-03           4
|100111100001010110001001> :  0.6422296E-03  0.4000000E-03           4
|001110101000010110101101> :  0.3222730E-03  0.4000000E-03           4
|000110101000010110111101> :  0.3204421E-03  0.4000000E-03           4
|111000011110101011100010> :  0.4215199E-03  0.4000000E-03           4
|111000010110101001100010> :  0.6279854E-03  0.4000000E-03           4
|011111101000010001101100> :  0.9009759E-04  0.3000000E-03           3
|111001010111101010000010> :  0.4382148E-03  0.3000000E-03           3
|000101110001110010010101> :  0.5172988E-03  0.3000000E-03           3
|111010001100011101101010> :  0.3404813E-03  0.3000000E-03           3
|011111110001110000000100> :  0.3898848E-03  0.3000000E-03           3
|100100101010000110111001> :  0.2249179E-03  0.3000000E-03           3
|101110101010000110101000> :  0.2210224E-03  0.3000000E-03           3
|100111101011000110001001> :  0.5606398E-03  0.3000000E-03           3
|001110101000010101101101> :  0.2853468E-03  0.3000000E-03           3
|100101010111100010010011> :  0.1426006E-03  0.3000000E-03           3
|101010100111001110101010> :  0.2696787E-03  0.3000000E-03           3
|011010101000011101101100> :  0.1426006E-03  0.3000000E-03           3
|000101000011000110011111> :  0.3592087E-04  0.3000000E-03           3
|001110001000000111101110> :  0.1958619E-03  0.3000000E-03           3
|110000010111101010110010> :  0.2782108E-03  0.3000000E-03           3
|011000011110101011110110> :  0.7615787E-04  0.3000000E-03           3
|100011000111001110001011> :  0.1575488E-03  0.3000000E-03           3
|100010100111001110101011> :  0.1496760E-03  0.3000000E-03           3
|110011010101111001000011> :  0.1550623E-03  0.3000000E-03           3
|110001110111111000010001> :  0.1958619E-03  0.3000000E-03           3
|100010001110101111100011> :  0.4107369E-03  0.3000000E-03           3
|100001110111111010010001> :  0.4861003E-04  0.3000000E-03           3
|100001110111101010010001> :  0.1471129E-03  0.3000000E-03           3
|011110001000010101101110> :  0.1471129E-03  0.3000000E-03           3
|011000010111101010110010> :  0.2186078E-03  0.3000000E-03           3
|011011010101111001000110> :  0.2249179E-03  0.3000000E-03           3
|001111101000010101001101> :  0.2782108E-03  0.3000000E-03           3
|100000110111001110010011> :  0.5357616E-03  0.3000000E-03           3
|011111000001110001001100> :  0.1738275E-03  0.3000000E-03           3
|111010011110101001100010> :  0.1742315E-03  0.3000000E-03           3
|111011010101111001000010> :  0.3251007E-03  0.3000000E-03           3
|111011010111101001000010> :  0.5556525E-04  0.3000000E-03           3
|001010100001001110101110> :  0.1988915E-03  0.3000000E-03           3
|111000011110101001110010> :  0.3623441E-03  0.2000000E-03           2
|111000010110111001100010> :  0.1720449E-03  0.2000000E-03           2
|110011010111101001000011> :  0.2858412E-04  0.2000000E-03           2
|000111101000010101011101> :  0.1834353E-03  0.2000000E-03           2
|011100011010100001110110> :  0.7263422E-04  0.2000000E-03           2
|100111101001000110001101> :  0.2219930E-03  0.2000000E-03           2
|011010011000111001100110> :  0.1315112E-03  0.2000000E-03           2
|000011000001001110011111> :  0.4807198E-04  0.2000000E-03           2
|100111100001010100001001> :  0.7615787E-04  0.2000000E-03           2
|100110101001010110001101> :  0.6925694E-04  0.2000000E-03           2
|011001010110101001110010> :  0.6925694E-04  0.2000000E-03           2
|000101010011100010010111> :  0.1003702E-03  0.2000000E-03           2
|100101100111000110011001> :  0.1315112E-03  0.2000000E-03           2
|100101100011001110011001> :  0.6675520E-04  0.2000000E-03           2
|100111100111000110000001> :  0.1803278E-04  0.2000000E-03           2
|000101100001010110011101> :  0.1742315E-03  0.2000000E-03           2
|101000011110101011100010> :  0.2367265E-03  0.2000000E-03           2
|101011100111001110001011> :  0.4001878E-03  0.2000000E-03           2
|110000011110111001110010> :  0.3644961E-03  0.2000000E-03           2
|001111000001000110001111> :  0.3765621E-04  0.2000000E-03           2
|000111000001010101011101> :  0.4246558E-04  0.2000000E-03           2
|110001010111101001010010> :  0.3222730E-03  0.2000000E-03           2
|000100101011000110011101> :  0.5136318E-04  0.2000000E-03           2
|110001010111101011010011> :  0.1739805E-03  0.2000000E-03           2
|110100011110110001110000> :  0.1731205E-03  0.2000000E-03           2
|011101011000110001010100> :  0.1496760E-03  0.2000000E-03           2
|000111101001000110011101> :  0.1720449E-03  0.2000000E-03           2
|011101110001010000011100> :  0.4107369E-03  0.2000000E-03           2
|110001011110100001010011> :  0.1854735E-03  0.2000000E-03           2
|111000010111101010100010> :  0.1834353E-03  0.2000000E-03           2
|011000010101111001110110> :  0.2064268E-04  0.2000000E-03           2
|100001010111001010010011> :  0.1901618E-04  0.2000000E-03           2
|100001010011001010011011> :  0.9909092E-05  0.2000000E-03           2
|000100101000010110111101> :  0.5556525E-04  0.2000000E-03           2
|010111100001010100011101> :  0.2367265E-03  0.2000000E-03           2
|100000111110001110110011> :  0.1738275E-03  0.2000000E-03           2
|100000010111101011010011> :  0.2415347E-04  0.2000000E-03           2
|010010011110101001100011> :  0.3505372E-05  0.1000000E-03           1
|010010011100101001100010> :  0.6484109E-05  0.1000000E-03           1
|001010100001001110001111> :  0.3614313E-04  0.1000000E-03           1
|010010001110101001100010> :  0.7026801E-05  0.1000000E-03           1
|011111100001010100011100> :  0.1110021E-03  0.1000000E-03           1
|010001010111101001010111> :  0.2862889E-04  0.1000000E-03           1
|000101110011000110010101> :  0.3649660E-04  0.1000000E-03           1
|010001010111100001010011> :  0.2130677E-05  0.1000000E-03           1
|010001010101111001010111> :  0.2210224E-03  0.1000000E-03           1
|001001010111101010010011> :  0.3671527E-04  0.1000000E-03           1
|010000011110101001100110> :  0.2342133E-04  0.1000000E-03           1
|010000011110100001100110> :  0.6008006E-06  0.1000000E-03           1
|001001000011101010001111> :  0.1397897E-06  0.1000000E-03           1
|000101110011000100011111> :  0.9774407E-07  0.1000000E-03           1
|000011101001011110011101> :  0.5352167E-05  0.1000000E-03           1
|010000011010101001100110> :  0.6933599E-05  0.1000000E-03           1
|001111110001010110001101> :  0.4069088E-05  0.1000000E-03           1
|001000111110011010110010> :  0.3613997E-07  0.1000000E-03           1
|011110101001010100101100> :  0.4359101E-04  0.1000000E-03           1
|111010001100111001101010> :  0.3649660E-04  0.1000000E-03           1
|001111101001010110001100> :  0.3134272E-04  0.1000000E-03           1
|001000110110101011010010> :  0.1080756E-08  0.1000000E-03           1
|111001010111111001000010> :  0.7090527E-04  0.1000000E-03           1
|111000111110111000100000> :  0.1772528E-05  0.1000000E-03           1
|011110101000000101101100> :  0.7387253E-04  0.1000000E-03           1
|001000101110001110111010> :  0.1326075E-04  0.1000000E-03           1
|011110100000010100101100> :  0.3737265E-06  0.1000000E-03           1
|011110011000110001101100> :  0.1213158E-03  0.1000000E-03           1
|001111100111010110001001> :  0.5820004E-05  0.1000000E-03           1
|111000011110101010100010> :  0.1245972E-04  0.1000000E-03           1
|111001011110101001000011> :  0.6063627E-05  0.1000000E-03           1
|011110101000010101101110> :  0.3118983E-04  0.1000000E-03           1
|011110011000110001100110> :  0.3845468E-04  0.1000000E-03           1
|111000011110101001100011> :  0.9976164E-05  0.1000000E-03           1
|111010001110101011100010> :  0.1116922E-04  0.1000000E-03           1
|011110101001010101101100> :  0.2323251E-04  0.1000000E-03           1
|011110101010010101101100> :  0.1009686E-03  0.1000000E-03           1
|011110101100010101101100> :  0.3892360E-04  0.1000000E-03           1
|011110111000010001101100> :  0.1406973E-03  0.1000000E-03           1
|011110111100110010100100> :  0.1910422E-06  0.1000000E-03           1
|111011010011101010000010> :  0.1695246E-07  0.1000000E-03           1
|011111001000010101101110> :  0.5113498E-05  0.1000000E-03           1
|111011110001010000001110> :  0.1074003E-07  0.1000000E-03           1
|011111010000110001100100> :  0.1029874E-03  0.1000000E-03           1
|111110001000110001101100> :  0.7015534E-04  0.1000000E-03           1
|011111011000110001000100> :  0.4246978E-04  0.1000000E-03           1
|111110101010010101101000> :  0.1332725E-04  0.1000000E-03           1
|111111000001110001001100> :  0.6361214E-06  0.1000000E-03           1
|001000011110101011110010> :  0.7148874E-04  0.1000000E-03           1
|000101110001010110011101> :  0.8086819E-03  0.1000000E-03           1
|011111100001010101001100> :  0.4398460E-04  0.1000000E-03           1
|000001100111001110011011> :  0.1160609E-03  0.1000000E-03           1
|011111101000010101101100> :  0.1760326E-03  0.1000000E-03           1
|011110010000110000100100> :  0.6472820E-06  0.1000000E-03           1
|100000001110001111111011> :  0.3898848E-03  0.1000000E-03           1
|100000001110101111101010> :  0.7808400E-07  0.1000000E-03           1
|111000011110001001100010> :  0.1877416E-04  0.1000000E-03           1
|011110001000110001111110> :  0.6039163E-05  0.1000000E-03           1
|111000010111101001100010> :  0.8482649E-04  0.1000000E-03           1
|011110001000110001101110> :  0.1449136E-03  0.1000000E-03           1
|001000010111111010010111> :  0.1538481E-07  0.1000000E-03           1
|011110001000010110101100> :  0.9506574E-05  0.1000000E-03           1
|011110001000010101111110> :  0.6043760E-05  0.1000000E-03           1
|001111100001010101001101> :  0.3351694E-04  0.1000000E-03           1
|110111010011100010000001> :  0.7876777E-07  0.1000000E-03           1
|110110111110010101110000> :  0.6675656E-07  0.1000000E-03           1
|110110101000010101101100> :  0.3671527E-04  0.1000000E-03           1
|011110001000010101101100> :  0.1394405E-03  0.1000000E-03           1
|000101101011000110011111> :  0.3033386E-05  0.1000000E-03           1
|110101110011111000010100> :  0.7171196E-08  0.1000000E-03           1
|110101011110110001010001> :  0.1988915E-03  0.1000000E-03           1
|001111100001010010001101> :  0.2169390E-04  0.1000000E-03           1
|110100110111001001010001> :  0.2810938E-08  0.1000000E-03           1
|110100011010101001111010> :  0.4539193E-05  0.1000000E-03           1
|001111100001010010000101> :  0.2521333E-05  0.1000000E-03           1
|000111101001010100011101> :  0.3580002E-04  0.1000000E-03           1
|110010001110001111100010> :  0.2414178E-06  0.1000000E-03           1
|011101010000110001110100> :  0.1116039E-03  0.1000000E-03           1
|011100111110111001110010> :  0.2688945E-06  0.1000000E-03           1
|110001100111001010111010> :  0.5542431E-06  0.1000000E-03           1
|011100111110010101100000> :  0.6570543E-05  0.1000000E-03           1
|001111001000000111001111> :  0.2633638E-05  0.1000000E-03           1
|000101101011000110011101> :  0.3378300E-03  0.1000000E-03           1
|000011010101101010000011> :  0.3906495E-05  0.1000000E-03           1
|011100111010110001110100> :  0.1213924E-04  0.1000000E-03           1
|011100111010010001111100> :  0.3894408E-04  0.1000000E-03           1
|001111000001110110001101> :  0.2662291E-05  0.1000000E-03           1
|011100111000110001110100> :  0.1575488E-03  0.1000000E-03           1
|011100111000110000110100> :  0.4037869E-04  0.1000000E-03           1
|001111000001010111001111> :  0.5093743E-05  0.1000000E-03           1
|000111101000010110011101> :  0.8482649E-04  0.1000000E-03           1
|110001010111001100010011> :  0.2371042E-05  0.1000000E-03           1
|011100101010000101101000> :  0.7983540E-05  0.1000000E-03           1
|001111000001010101001101> :  0.5053266E-04  0.1000000E-03           1
|110001010101111001010011> :  0.6541779E-04  0.1000000E-03           1
|011100101010000100111100> :  0.6680454E-07  0.1000000E-03           1
|110001000111101110010011> :  0.8775303E-05  0.1000000E-03           1
|110001000111101110010010> :  0.2240512E-05  0.1000000E-03           1
|011100011011110001110100> :  0.1716004E-07  0.1000000E-03           1
|011100011010100011110110> :  0.2894625E-04  0.1000000E-03           1
|001111000000010111001100> :  0.7649034E-06  0.1000000E-03           1
|011100011000110001111100> :  0.1236841E-03  0.1000000E-03           1
|001110101010000110101100> :  0.6541779E-04  0.1000000E-03           1
|000111100111010110011101> :  0.1418760E-05  0.1000000E-03           1
|110000011010001001111010> :  0.3410706E-05  0.1000000E-03           1
|011011110101111000000100> :  0.1261198E-04  0.1000000E-03           1
|001110101001010110101100> :  0.1008828E-03  0.1000000E-03           1
|011011011100111001000111> :  0.1019409E-05  0.1000000E-03           1
|110000010111100001010010> :  0.2914718E-05  0.1000000E-03           1
|110000010110101011110010> :  0.5563801E-04  0.1000000E-03           1
|001110101001010110001101> :  0.1793634E-03  0.1000000E-03           1
|000111100101010110010001> :  0.4404822E-05  0.1000000E-03           1
|000101100010000110011100> :  0.8862024E-07  0.1000000E-03           1
|000011000001101110011111> :  0.2593435E-05  0.1000000E-03           1
|000001010111100010010011> :  0.4322702E-04  0.1000000E-03           1
|011011010100111001100110> :  0.5501957E-04  0.1000000E-03           1
|011011000101111000010010> :  0.2760085E-07  0.1000000E-03           1
|001110101001010100001101> :  0.4144802E-05  0.1000000E-03           1
|011010110101111000100100> :  0.8180037E-05  0.1000000E-03           1
|011010101100011101101100> :  0.1859492E-04  0.1000000E-03           1
|001110101001000110001101> :  0.7142499E-05  0.1000000E-03           1
|000111100001110110011101> :  0.1877416E-04  0.1000000E-03           1
|101101100011010110011101> :  0.6484109E-05  0.1000000E-03           1
|011010100101011100000000> :  0.2214757E-07  0.1000000E-03           1
|001110101000010111101100> :  0.8052808E-04  0.1000000E-03           1
|011010100001011100101100> :  0.1564408E-04  0.1000000E-03           1
|101010011100011011100011> :  0.6172505E-08  0.1000000E-03           1
|011010011110101001111010> :  0.4953995E-06  0.1000000E-03           1
|001110101000010110111101> :  0.1759783E-05  0.1000000E-03           1
|000111100001110110010101> :  0.3550973E-05  0.1000000E-03           1
|011010011101111001100110> :  0.2599188E-05  0.1000000E-03           1
|100111101011001111011001> :  0.2208114E-09  0.1000000E-03           1
|011010011100101011100110> :  0.1256806E-04  0.1000000E-03           1
|100111100111000110001001> :  0.2334284E-04  0.1000000E-03           1
|011010010110111001100001> :  0.2336861E-08  0.1000000E-03           1
|100111100011000100001001> :  0.3776105E-05  0.1000000E-03           1
|100111100001010110101101> :  0.1306579E-04  0.1000000E-03           1
|100111100001010110101100> :  0.1131363E-05  0.1000000E-03           1
|011010001000011101111110> :  0.2905743E-04  0.1000000E-03           1
|000101100001010100011101> :  0.7998143E-04  0.1000000E-03           1
|011001011110101001110010> :  0.1843812E-04  0.1000000E-03           1
|001110101000010100101100> :  0.1739805E-03  0.1000000E-03           1
|100111100001000110001111> :  0.1099261E-04  0.1000000E-03           1
|011001011101111001010110> :  0.6267593E-06  0.1000000E-03           1
|100111100000011101011001> :  0.8666861E-09  0.1000000E-03           1
|100111010001110110000101> :  0.1411998E-05  0.1000000E-03           1
|001110101000010001101100> :  0.4514431E-05  0.1000000E-03           1
|100111010001010110001101> :  0.6983516E-06  0.1000000E-03           1
|100111100001001110001101> :  0.7274710E-04  0.1000000E-03           1
|100111001000010101001101> :  0.3664766E-04  0.1000000E-03           1
|011001010111101001010110> :  0.6319101E-04  0.1000000E-03           1
|100111000001010110001101> :  0.8807970E-04  0.1000000E-03           1
|001110101000000110101110> :  0.8697544E-04  0.1000000E-03           1
|100110101000010101101001> :  0.7798750E-05  0.1000000E-03           1
|001110101000000110101101> :  0.1064962E-04  0.1000000E-03           1
|011001010100111001110110> :  0.8836121E-04  0.1000000E-03           1
|011001010011100000011110> :  0.7800800E-08  0.1000000E-03           1
|011000111110111010110010> :  0.1514582E-05  0.1000000E-03           1
|100101100010000110011000> :  0.1310177E-06  0.1000000E-03           1
|001110100001011110101100> :  0.1854735E-03  0.1000000E-03           1
|000111100001010010011101> :  0.7532446E-04  0.1000000E-03           1
|100101010111111010010001> :  0.1059731E-04  0.1000000E-03           1
|011000111110101010110010> :  0.3234843E-04  0.1000000E-03           1
|100101010111100010010001> :  0.2839334E-05  0.1000000E-03           1
|100101000011101010011011> :  0.2169648E-05  0.1000000E-03           1
|011000111110101001110010> :  0.8807970E-04  0.1000000E-03           1
|001110100001011110001101> :  0.3797123E-04  0.1000000E-03           1
|100100111110100010110001> :  0.5823067E-05  0.1000000E-03           1
|011000111100111001110100> :  0.2061558E-04  0.1000000E-03           1
|100100100011001110011001> :  0.1321473E-04  0.1000000E-03           1
|100100011110100011110011> :  0.2103167E-04  0.1000000E-03           1
|011000111000010001101100> :  0.1763011E-07  0.1000000E-03           1
|101010101110001111101010> :  0.2584917E-05  0.1000000E-03           1
|001110001000010101101100> :  0.1076643E-03  0.1000000E-03           1
|000010100000010110111101> :  0.8150439E-07  0.1000000E-03           1
|101110101000010101101101> :  0.1752028E-05  0.1000000E-03           1
|100100011000101010110111> :  0.1381271E-07  0.1000000E-03           1
|101111000011000110001011> :  0.1673540E-06  0.1000000E-03           1
|101111100001010110001001> :  0.3200233E-05  0.1000000E-03           1
|101111100001010110001101> :  0.4953106E-04  0.1000000E-03           1
|101111100001010110011001> :  0.2342133E-04  0.1000000E-03           1
|101111100001010110011100> :  0.2244195E-04  0.1000000E-03           1
|110000001110001101101010> :  0.1149649E-07  0.1000000E-03           1
|100100010111100010010011> :  0.9642187E-05  0.1000000E-03           1
|011000110111101010110110> :  0.9738157E-07  0.1000000E-03           1
|100100001010000111111011> :  0.1261198E-04  0.1000000E-03           1
|110000010111101001010011> :  0.1009601E-03  0.1000000E-03           1
|110000010111101001110010> :  0.1586963E-03  0.1000000E-03           1
|110000010111101010010011> :  0.4841257E-04  0.1000000E-03           1
|100011110101111010010101> :  0.4300414E-06  0.1000000E-03           1
|011000110101011110110110> :  0.3406510E-07  0.1000000E-03           1
|110000011100111001110010> :  0.4652963E-04  0.1000000E-03           1
|100011100101011110001001> :  0.7263422E-04  0.1000000E-03           1
|110000011110101001010011> :  0.3192521E-04  0.1000000E-03           1
|011000011110111011110010> :  0.1416593E-05  0.1000000E-03           1
|100011100101011100001001> :  0.2894625E-04  0.1000000E-03           1
|100011100101001110001001> :  0.4833427E-05  0.1000000E-03           1
|110000011110101101110010> :  0.2169390E-04  0.1000000E-03           1
|001101110011010110000101> :  0.1103545E-05  0.1000000E-03           1
|110000111110101010110010> :  0.5053266E-04  0.1000000E-03           1
|100011100001010110001101> :  0.9922120E-05  0.1000000E-03           1
|100011010101111010000001> :  0.4481883E-07  0.1000000E-03           1
|001101100111010110001001> :  0.2628240E-05  0.1000000E-03           1
|110001010101111010010111> :  0.6830520E-06  0.1000000E-03           1
|110001010110100000110011> :  0.1166206E-06  0.1000000E-03           1
|110001010110101001010011> :  0.1008828E-03  0.1000000E-03           1
|100011000111001111001011> :  0.4037869E-04  0.1000000E-03           1
|100011000111001111001001> :  0.8302843E-06  0.1000000E-03           1
|110001010111100001010011> :  0.7759801E-04  0.1000000E-03           1
|100011000001001110001111> :  0.6933267E-04  0.1000000E-03           1
|001101100111010100001001> :  0.9199068E-07  0.1000000E-03           1
|110001010111101010010010> :  0.2853468E-03  0.1000000E-03           1
|011000011110101001100111> :  0.5017806E-07  0.1000000E-03           1
|100010100101011110001001> :  0.4674953E-05  0.1000000E-03           1
|001101100011010110001001> :  0.9887619E-05  0.1000000E-03           1
|110001010111111100010011> :  0.2905874E-05  0.1000000E-03           1
|100010001100011101101011> :  0.1495014E-04  0.1000000E-03           1
|100001111110110001110001> :  0.1707919E-06  0.1000000E-03           1
|110001110111101110010010> :  0.2315482E-06  0.1000000E-03           1
|011000011110001101100110> :  0.2516375E-07  0.1000000E-03           1
|001101100001010110001001> :  0.4969365E-05  0.1000000E-03           1
|110010011100111001100011> :  0.9115465E-05  0.1000000E-03           1
|100001110111101010010011> :  0.1394405E-03  0.1000000E-03           1
|011000011100111101110110> :  0.2048858E-05  0.1000000E-03           1
|001100101010000110111100> :  0.1550623E-03  0.1000000E-03           1
|100001110111001110010010> :  0.1924063E-05  0.1000000E-03           1
|100001110101111010010001> :  0.1667454E-05  0.1000000E-03           1
|110101010110110001110000> :  0.3798667E-06  0.1000000E-03           1
|011000011100011001110110> :  0.3107044E-05  0.1000000E-03           1
|100001100111001111011011> :  0.5479301E-05  0.1000000E-03           1
|001100101000010110111100> :  0.2858412E-04  0.1000000E-03           1
|000110101000000110111101> :  0.7090527E-04  0.1000000E-03           1
|000010001101110010010111> :  0.9591872E-09  0.1000000E-03           1
|100001100111001010011011> :  0.5370905E-05  0.1000000E-03           1
|100001011111101010010011> :  0.2528311E-04  0.1000000E-03           1
|110111010101110001000001> :  0.1418500E-04  0.1000000E-03           1
|110111100001010110001101> :  0.1130609E-04  0.1000000E-03           1
|110111100011000001001001> :  0.1459827E-06  0.1000000E-03           1
|110111100011000101001001> :  0.1471281E-05  0.1000000E-03           1
|110111100101010100101100> :  0.2940234E-08  0.1000000E-03           1
|011000010110111001110010> :  0.2219930E-03  0.1000000E-03           1
|100001010111111010011001> :  0.1506442E-06  0.1000000E-03           1
|100001010111111000010001> :  0.1187515E-04  0.1000000E-03           1
|011000010110101011110010> :  0.4273475E-04  0.1000000E-03           1
|001011101000011110001101> :  0.1940522E-05  0.1000000E-03           1
|100001010111101010011011> :  0.1375001E-04  0.1000000E-03           1
|111000011110101001100000> :  0.1301271E-04  0.1000000E-03           1
|001011100001011110001101> :  0.1237440E-04  0.1000000E-03           1
|000110100011001110010111> :  0.2592632E-07  0.1000000E-03           1
|100001010101111010010111> :  0.8604994E-05  0.1000000E-03           1
|010111101000000111011101> :  0.2132480E-06  0.1000000E-03           1
|001011100001001110001111> :  0.1731205E-03  0.1000000E-03           1
|111000011110110001100010> :  0.6311586E-04  0.1000000E-03           1
|100001000111101110010011> :  0.1406973E-03  0.1000000E-03           1
|111000011111101000000011> :  0.1978542E-05  0.1000000E-03           1
|111000111110011001101000> :  0.8698893E-07  0.1000000E-03           1
|100001000111001010011011> :  0.1010770E-04  0.1000000E-03           1
|111000111110111001100000> :  0.8394704E-04  0.1000000E-03           1
|010111100001010110001100> :  0.8244206E-05  0.1000000E-03           1
|100000111111000010010011> :  0.1061319E-07  0.1000000E-03           1
|100000111110101010110011> :  0.1820358E-04  0.1000000E-03           1
|001011001001011110001111> :  0.6227142E-07  0.1000000E-03           1
|111001011110111011000010> :  0.7731448E-08  0.1000000E-03           1
|111001011111101001000010> :  0.3901764E-05  0.1000000E-03           1
|000110100001010110011101> :  0.1586335E-04  0.1000000E-03           1
|010111100001010000011101> :  0.4988343E-04  0.1000000E-03           1
|100000101111001110011011> :  0.1029874E-03  0.1000000E-03           1
|010110100001011110111101> :  0.1631017E-06  0.1000000E-03           1
|001011000001001110001111> :  0.2009661E-04  0.1000000E-03           1
|010110001000000101111111> :  0.7885791E-08  0.1000000E-03           1
|111010001110101101100010> :  0.1230256E-03  0.1000000E-03           1
|100000011110101111110001> :  0.5935495E-06  0.1000000E-03           1
|111010010101111001100010> :  0.2571171E-04  0.1000000E-03           1
|111010011100110001100010> :  0.2090128E-04  0.1000000E-03           1
|100000011110101011110010> :  0.1069467E-03  0.1000000E-03           1
|111010011100111001100110> :  0.9056593E-05  0.1000000E-03           1
|100000011110101011100011> :  0.1110021E-03  0.1000000E-03           1
|111010101000010101101100> :  0.3300923E-06  0.1000000E-03           1
|111010101100011101101000> :  0.1003702E-03  0.1000000E-03           1
|111010111100111001100000> :  0.3592087E-04  0.1000000E-03           1
|010101110001010110011101> :  0.9243883E-07  0.1000000E-03           1
|111011010101101010000010> :  0.1261626E-05  0.1000000E-03           1
|100000011110101011010011> :  0.3657570E-04  0.1000000E-03           1
|001010100001011110101100> :  0.3362920E-04  0.1000000E-03           1
|100000010111101011010010> :  0.1895783E-07  0.1000000E-03           1
|100000010111101010010011> :  0.1760326E-03  0.1000000E-03           1
|111100101000010101111100> :  0.9850490E-05  0.1000000E-03           1
|111101110111010000000000> :  0.3323130E-06  0.1000000E-03           1
|100000010101101011110011> :  0.1332304E-07  0.1000000E-03           1
|111110011100110001100000> :  0.1856693E-03  0.1000000E-03           1
|100000001110101111110011> :  0.5011263E-04  0.1000000E-03           1
|000100001010000111111111> :  0.1891447E-04  0.1000000E-03           1
|000001110111001110010011> :  0.7015534E-04  0.1000000E-03           1
|111110111000101001100100> :  0.5564810E-07  0.1000000E-03           1
|000000101010001110111111> :  0.1145450E-04  0.1000000E-03           1
|111111110101110000000000> :  0.1008575E-04  0.1000000E-03           1
|000000011110101011110111> :  0.1915943E-04  0.1000000E-03           1
