# state, exact probability, frequency, count:
#------------------------------------------------------------------
|110010101010101100011110> :  0.1088761E+00  0.1086000E+00        1086
|001101010101010011100001> :  0.1088761E+00  0.1055000E+00        1055
|011101101010001100111000> :  0.2230417E-01  0.2420000E-01         242
|011101100010001001111001> :  0.2093398E-01  0.2320000E-01         232
|100010010101110011000111> :  0.2230417E-01  0.2290000E-01         229
|100010011101110110000110> :  0.2093398E-01  0.2030000E-01         203
|100010011111100110000110> :  0.1593942E-01  0.1700000E-01         170
|111100101010001100111000> :  0.1520299E-01  0.1680000E-01         168
|011101110000011001110001> :  0.1409483E-01  0.1620000E-01         162
|100010010101110111000110> :  0.1514618E-01  0.1600000E-01         160
|011101100000011001111001> :  0.1593942E-01  0.1580000E-01         158
|000011010101110011000111> :  0.1520299E-01  0.1580000E-01         158
|010101100010001001111101> :  0.1374024E-01  0.1500000E-01         150
|011101101010001000111001> :  0.1514618E-01  0.1450000E-01         145
|100010001111100110001110> :  0.1409483E-01  0.1410000E-01         141
|110010001011100110001110> :  0.1244020E-01  0.1400000E-01         140
|101010010101110011000011> :  0.1365922E-01  0.1380000E-01         138
|001011010101110011000011> :  0.1283144E-01  0.1340000E-01         134
|110100101010001100111100> :  0.1283144E-01  0.1320000E-01         132
|101010011101110110000010> :  0.1374024E-01  0.1320000E-01         132
|010101101010001100111100> :  0.1365922E-01  0.1250000E-01         125
|001101110100011001110001> :  0.1244020E-01  0.1210000E-01         121
|001101010101011001110001> :  0.1146609E-01  0.1140000E-01         114
|101101110000011001110001> :  0.1050988E-01  0.1090000E-01         109
|010010011101110110000110> :  0.9306686E-02  0.9900000E-02          99
|110010101010100110001110> :  0.1146609E-01  0.9800000E-02          98
|101101010001011001110001> :  0.9270853E-02  0.9800000E-02          98
|100010101110100110001110> :  0.8563728E-02  0.9500000E-02          95
|001011010101110011100001> :  0.8683208E-02  0.9400000E-02          94
|010010101110100110001110> :  0.9270853E-02  0.9400000E-02          94
|101101100010001001111001> :  0.9306686E-02  0.9300000E-02          93
|100101100010001001111101> :  0.7307182E-02  0.8800000E-02          88
|010101101010001000111101> :  0.7771763E-02  0.8700000E-02          87
|010010001111100110001110> :  0.1050988E-01  0.8600000E-02          86
|001101100100011001111001> :  0.8032159E-02  0.8500000E-02          85
|010010011111100110000110> :  0.8169678E-02  0.8400000E-02          84
|001101100110001001111001> :  0.7817574E-02  0.8400000E-02          84
|101101100000011001111001> :  0.8169678E-02  0.8300000E-02          83
|110100101010001100011110> :  0.8683208E-02  0.8200000E-02          82
|011101010001011001110001> :  0.8563728E-02  0.8100000E-02          81
|110010011011100110000110> :  0.8032159E-02  0.7800000E-02          78
|101010010101110011100001> :  0.6844704E-02  0.7000000E-02          70
|011010011101110110000010> :  0.7307182E-02  0.7000000E-02          70
|111010011001110110000010> :  0.7096260E-02  0.6800000E-02          68
|101010010101110111000010> :  0.7771763E-02  0.6600000E-02          66
|000101100110001001111101> :  0.7096260E-02  0.6600000E-02          66
|011101101000011000111001> :  0.5962191E-02  0.6600000E-02          66
|011101101000011100111000> :  0.5964641E-02  0.6300000E-02          63
|110010011001110110000110> :  0.7817574E-02  0.5900000E-02          59
|100010010111100011000111> :  0.5964641E-02  0.5800000E-02          58
|000101110101011001110001> :  0.5263183E-02  0.5400000E-02          54
|010101110001011001110001> :  0.4778314E-02  0.5200000E-02          52
|100010010111100111000110> :  0.5962191E-02  0.5100000E-02          51
|010101101010001100011110> :  0.6844704E-02  0.5000000E-02          50
|000011010101110011100101> :  0.4225054E-02  0.5000000E-02          50
|111010001010100110001110> :  0.5263183E-02  0.4800000E-02          48
|001101010111010011000011> :  0.4138874E-02  0.4700000E-02          47
|111100101010001100011010> :  0.4225054E-02  0.4300000E-02          43
|101010001110100110001110> :  0.4778314E-02  0.4100000E-02          41
|011010001110100110001110> :  0.4018409E-02  0.4100000E-02          41
|000011010111100011000111> :  0.3972653E-02  0.4000000E-02          40
|001111010101010011000011> :  0.3831041E-02  0.3700000E-02          37
|110010101000101100111100> :  0.4138874E-02  0.3700000E-02          37
|111100101000011100111000> :  0.3972653E-02  0.3500000E-02          35
|100101110001011001110001> :  0.4018409E-02  0.3400000E-02          34
|100010010101110011100101> :  0.3692524E-02  0.3300000E-02          33
|011101101010001100011010> :  0.3692524E-02  0.3200000E-02          32
|110000101010101100111100> :  0.3831041E-02  0.3200000E-02          32
|000011100100100001111101> :  0.1899635E-02  0.2400000E-02          24
|000011100110001001011101> :  0.1504199E-02  0.2300000E-02          23
|011101011011011110000010> :  0.2317604E-02  0.2300000E-02          23
|011100011111110110000010> :  0.1642097E-02  0.2300000E-02          23
|011111011001011110000010> :  0.1963600E-02  0.2300000E-02          23
|100010100100100001111101> :  0.2317604E-02  0.2300000E-02          23
|100010100110100001011101> :  0.2498089E-02  0.2300000E-02          23
|000011110101011001110101> :  0.1549836E-02  0.2200000E-02          22
|000001100110100001111101> :  0.1686762E-02  0.2200000E-02          22
|100000100110100001111101> :  0.1963600E-02  0.2200000E-02          22
|000011100110100001011101> :  0.1989071E-02  0.2100000E-02          21
|111100011011110110000010> :  0.1849016E-02  0.2100000E-02          21
|111110011001011110000010> :  0.1686762E-02  0.2000000E-02          20
|011101011101010110100010> :  0.1472935E-02  0.2000000E-02          20
|110100101001011100110000> :  0.7448813E-03  0.1900000E-02          19
|110010101011101100011110> :  0.1483865E-02  0.1800000E-02          18
|000011100100001001111101> :  0.1849016E-02  0.1800000E-02          18
|011101011001011110100010> :  0.2498089E-02  0.1800000E-02          18
|111100011011011110000010> :  0.1899635E-02  0.1700000E-02          17
|111100011001110110100010> :  0.1504199E-02  0.1700000E-02          17
|100011100000001001111101> :  0.1642097E-02  0.1700000E-02          17
|111100011001011110100010> :  0.1989071E-02  0.1700000E-02          17
|100010110110100011001111> :  0.1350012E-02  0.1600000E-02          16
|100010100000101001111101> :  0.1551886E-02  0.1500000E-02          15
|100000100010101001111101> :  0.1356478E-02  0.1500000E-02          15
|011111011101010110000010> :  0.1356478E-02  0.1500000E-02          15
|111100001010100110001010> :  0.1549836E-02  0.1500000E-02          15
|110010101010101100001110> :  0.1051203E-02  0.1400000E-02          14
|100010110101110001110101> :  0.1362960E-02  0.1400000E-02          14
|011100011101110110100010> :  0.1244578E-02  0.1400000E-02          14
|100010110001111001110101> :  0.8664118E-03  0.1300000E-02          13
|100011100010001001011101> :  0.1244578E-02  0.1300000E-02          13
|010010101110100100011110> :  0.1779332E-02  0.1300000E-02          13
|101100010101110011100001> :  0.8782096E-03  0.1300000E-02          13
|011101011111010110000010> :  0.1551886E-02  0.1300000E-02          13
|100011110001011001110101> :  0.1450755E-02  0.1300000E-02          13
|011101001001011100110000> :  0.1350012E-02  0.1200000E-02          12
|001101010101011011100001> :  0.1003554E-02  0.1200000E-02          12
|010011100000001001111101> :  0.8839618E-03  0.1200000E-02          12
|001101010110000011101001> :  0.1037911E-02  0.1100000E-02          11
|110010101010100100011110> :  0.1003554E-02  0.1100000E-02          11
|110010101000101100011110> :  0.1014296E-02  0.1100000E-02          11
|101101010001011011100001> :  0.1779332E-02  0.1100000E-02          11
|011101001110000110001010> :  0.8664118E-03  0.1100000E-02          11
|001101010100010011100001> :  0.1483865E-02  0.1100000E-02          11
|011100001110100110001010> :  0.1450755E-02  0.1000000E-02          10
|011101001010001110001010> :  0.1362960E-02  0.1000000E-02          10
|001101010111010011100001> :  0.1014296E-02  0.1000000E-02          10
|001101010101010011110001> :  0.1051203E-02  0.9000000E-03           9
|100001100010001001111101> :  0.6630338E-03  0.9000000E-03           9
|011101010001011011100001> :  0.8656617E-03  0.9000000E-03           9
|000011110101110001110101> :  0.1250573E-02  0.9000000E-03           9
|100010100010101001011101> :  0.1472935E-02  0.9000000E-03           9
|000001100110001001111101> :  0.8099132E-03  0.9000000E-03           9
|101010010110100011001111> :  0.7225466E-03  0.8000000E-03           8
|010011101010001100011110> :  0.8782096E-03  0.8000000E-03           8
|111100001010001110001010> :  0.1250573E-02  0.8000000E-03           8
|100010101100100100111100> :  0.4736681E-03  0.8000000E-03           8
|001011010110100011001111> :  0.7448813E-03  0.8000000E-03           8
|000011110110100011001111> :  0.1111350E-02  0.7000000E-03           7
|000101010111000011100101> :  0.5728566E-03  0.7000000E-03           7
|111010001010100110001010> :  0.4140873E-03  0.7000000E-03           7
|000101110111001001110101> :  0.5826330E-03  0.7000000E-03           7
|110000101010101100011110> :  0.7286687E-03  0.7000000E-03           7
|110010101001111100010110> :  0.1037911E-02  0.7000000E-03           7
|111010101000111100011010> :  0.5728566E-03  0.7000000E-03           7
|010101101001011100110000> :  0.7225466E-03  0.7000000E-03           7
|111110011001110110000010> :  0.8099132E-03  0.7000000E-03           7
|010011100010001001011101> :  0.7924438E-03  0.6000000E-03           6
|101100011111110110000010> :  0.8839618E-03  0.6000000E-03           6
|000101110101011001110101> :  0.4140873E-03  0.6000000E-03           6
|011101010001011011100011> :  0.1784526E-03  0.6000000E-03           6
|100101110011001001110101> :  0.3375371E-03  0.6000000E-03           6
|011101101000011100110000> :  0.2819995E-03  0.6000000E-03           6
|110010111001111100000110> :  0.6002297E-03  0.6000000E-03           6
|010011101000001000111101> :  0.2206581E-03  0.6000000E-03           6
|100010110110100111001110> :  0.4654312E-03  0.6000000E-03           6
|001101010101010011100011> :  0.6622120E-03  0.6000000E-03           6
|010011110001011001110101> :  0.4520512E-03  0.6000000E-03           6
|110010101010101100011100> :  0.6622120E-03  0.5000000E-03           5
|110010101001111100110100> :  0.5648252E-03  0.5000000E-03           5
|000111110101011001110001> :  0.2458076E-03  0.5000000E-03           5
|001111010101010011100001> :  0.7286687E-03  0.5000000E-03           5
|011101010011011011000011> :  0.4736681E-03  0.5000000E-03           5
|011010001100110110001010> :  0.3375371E-03  0.5000000E-03           5
|000001010111100011100101> :  0.6477767E-03  0.5000000E-03           5
|011110011101110110000010> :  0.6630338E-03  0.5000000E-03           5
|010010101100100100111100> :  0.3235683E-03  0.5000000E-03           5
|111100001001011100110000> :  0.1111350E-02  0.5000000E-03           5
|001101000100010011111001> :  0.3299793E-03  0.5000000E-03           5
|101100011101110110100010> :  0.7924438E-03  0.5000000E-03           5
|101110011101110110000010> :  0.3225495E-03  0.5000000E-03           5
|001101000110001001111001> :  0.2011884E-03  0.4000000E-03           4
|001101000110000011111001> :  0.6002297E-03  0.4000000E-03           4
|100010010101100011100101> :  0.7237804E-04  0.4000000E-03           4
|100111110001011001110001> :  0.2341430E-03  0.4000000E-03           4
|110010111011101100000110> :  0.3299793E-03  0.4000000E-03           4
|110010101000111100011110> :  0.2979310E-03  0.4000000E-03           4
|011101001010001100011010> :  0.2153691E-03  0.4000000E-03           4
|101100010101110111100010> :  0.2728256E-03  0.4000000E-03           4
|001101100110000001111001> :  0.1577750E-03  0.4000000E-03           4
|101100010001011001110001> :  0.1905617E-03  0.4000000E-03           4
|101100001110100110001010> :  0.4520512E-03  0.4000000E-03           4
|001101010110010011000011> :  0.1050928E-03  0.4000000E-03           4
|010101110001011001110101> :  0.1726562E-03  0.4000000E-03           4
|111010101000111100111000> :  0.3597266E-03  0.4000000E-03           4
|010101101011001100111100> :  0.1511436E-03  0.4000000E-03           4
|100010101110100100011110> :  0.8656617E-03  0.4000000E-03           4
|111110101000011100011010> :  0.6477767E-03  0.4000000E-03           4
|001101001110000011001010> :  0.2397993E-04  0.3000000E-03           3
|010011101010001000011101> :  0.2728256E-03  0.3000000E-03           3
|100010010001110111000110> :  0.1389218E-03  0.3000000E-03           3
|111010001000110110001010> :  0.5826330E-03  0.3000000E-03           3
|100000010111100011100101> :  0.2834556E-03  0.3000000E-03           3
|110010011001111110000110> :  0.1577750E-03  0.3000000E-03           3
|101101010001011011100011> :  0.1018484E-03  0.3000000E-03           3
|101100110000011001110001> :  0.1788879E-03  0.3000000E-03           3
|101100100010001001111001> :  0.7414379E-04  0.3000000E-03           3
|101100010111110111000010> :  0.2206581E-03  0.3000000E-03           3
|101111100000011001111001> :  0.7771424E-04  0.3000000E-03           3
|010001100010001001111101> :  0.3225495E-03  0.3000000E-03           3
|101000001110100110111100> :  0.3972593E-04  0.3000000E-03           3
|110100101010001100001110> :  0.7103183E-04  0.3000000E-03           3
|011111010001011011000011> :  0.4665655E-03  0.3000000E-03           3
|100010110101110011000111> :  0.1506060E-03  0.3000000E-03           3
|000101010111000011000111> :  0.3597266E-03  0.3000000E-03           3
|100000101010101100111100> :  0.9557001E-04  0.3000000E-03           3
|111100101010011100011010> :  0.6941998E-04  0.3000000E-03           3
|000101010101010011100001> :  0.3232867E-03  0.3000000E-03           3
|100010010001110011000111> :  0.2586873E-03  0.3000000E-03           3
|100010010111100011001111> :  0.2819995E-03  0.3000000E-03           3
|100010010101110111000111> :  0.4409941E-04  0.2000000E-03           2
|000011110111001001000111> :  0.8603565E-04  0.2000000E-03           2
|010011101000001100111100> :  0.1172730E-03  0.2000000E-03           2
|001101000100011001111001> :  0.1585079E-03  0.2000000E-03           2
|100010010011100011000111> :  0.9605584E-04  0.2000000E-03           2
|010011010101110011100101> :  0.6810285E-04  0.2000000E-03           2
|010011001111100110001110> :  0.1788879E-03  0.2000000E-03           2
|111100001010001100111000> :  0.8789995E-04  0.2000000E-03           2
|111100001010001100011010> :  0.1707035E-03  0.2000000E-03           2
|010010111111100110000110> :  0.3104379E-04  0.2000000E-03           2
|100101110001011001100001> :  0.4734190E-04  0.2000000E-03           2
|101010001110100110001010> :  0.1726562E-03  0.2000000E-03           2
|110100101011001100011110> :  0.1485653E-03  0.2000000E-03           2
|010010011101110110100110> :  0.8048624E-04  0.2000000E-03           2
|001011010100100011101101> :  0.2629075E-04  0.2000000E-03           2
|110010101000111100111100> :  0.1831332E-03  0.2000000E-03           2
|011101100010001001011001> :  0.1187785E-03  0.2000000E-03           2
|010000001111100110001110> :  0.1000114E-03  0.2000000E-03           2
|101110010101110111000010> :  0.6422236E-04  0.2000000E-03           2
|101101110100011001110001> :  0.3475361E-04  0.2000000E-03           2
|011101010101010011100001> :  0.2525564E-03  0.2000000E-03           2
|101101100010001001011001> :  0.8048624E-04  0.2000000E-03           2
|101101010101010011100001> :  0.3376995E-03  0.2000000E-03           2
|101101010011011011000011> :  0.3235683E-03  0.2000000E-03           2
|001101100110001001111101> :  0.2569616E-04  0.2000000E-03           2
|101101110010011001110001> :  0.3160457E-04  0.2000000E-03           2
|101100101000011100111000> :  0.7488065E-04  0.2000000E-03           2
|000101110110001001111101> :  0.6507183E-04  0.2000000E-03           2
|001101100110001001011001> :  0.9754141E-04  0.2000000E-03           2
|011101101000011000110001> :  0.1164217E-03  0.2000000E-03           2
|101100001100110110111000> :  0.6722300E-04  0.2000000E-03           2
|011100001100110110111000> :  0.1129504E-03  0.2000000E-03           2
|101010010110100111001110> :  0.3091485E-03  0.2000000E-03           2
|011011001110100110001110> :  0.1225065E-03  0.2000000E-03           2
|101010010101110111100010> :  0.6589230E-04  0.2000000E-03           2
|101010010100110011000011> :  0.1511436E-03  0.2000000E-03           2
|001101010111000011100001> :  0.2979310E-03  0.2000000E-03           2
|000010101110100110001110> :  0.3074051E-04  0.2000000E-03           2
|110010111001110110000110> :  0.2011884E-03  0.2000000E-03           2
|011010001110100110001010> :  0.3289560E-03  0.2000000E-03           2
|011010001101110110000010> :  0.3853208E-04  0.2000000E-03           2
|110100011011001110000110> :  0.1871286E-04  0.2000000E-03           2
|000011010111100011001111> :  0.2078207E-03  0.2000000E-03           2
|100101110001011001110101> :  0.3289560E-03  0.2000000E-03           2
|110100101011001100111100> :  0.1467623E-03  0.2000000E-03           2
|011000001110100110001110> :  0.2341430E-03  0.2000000E-03           2
|001101010110000011001011> :  0.5648252E-03  0.2000000E-03           2
|010101110011001001110101> :  0.3156005E-03  0.2000000E-03           2
|100100110001011001110001> :  0.1225065E-03  0.2000000E-03           2
|100100101010001100111100> :  0.8990187E-04  0.2000000E-03           2
|001101010101110011100001> :  0.1485332E-03  0.2000000E-03           2
|010101110010001001001111> :  0.4504292E-04  0.2000000E-03           2
|100011110011001001000111> :  0.1129504E-03  0.2000000E-03           2
|100010110111100011000111> :  0.1917039E-03  0.2000000E-03           2
|010101101011001000111101> :  0.2583601E-04  0.2000000E-03           2
|111100001000110110111000> :  0.8603565E-04  0.2000000E-03           2
|001101010100010011101001> :  0.1137640E-03  0.2000000E-03           2
|111110101000011100111000> :  0.1418398E-03  0.2000000E-03           2
|100010011101110110100110> :  0.1187785E-03  0.2000000E-03           2
|000011010111000011000111> :  0.5880059E-04  0.2000000E-03           2
|000011110111100011000111> :  0.1407340E-03  0.2000000E-03           2
|010011010101110011000111> :  0.1904994E-03  0.2000000E-03           2
|100010010111100011000110> :  0.1667449E-04  0.1000000E-03           1
|010011101110001100011110> :  0.5817708E-04  0.1000000E-03           1
|100010010101110111100101> :  0.3637775E-04  0.1000000E-03           1
|010011101011001100011110> :  0.5299877E-04  0.1000000E-03           1
|100010010101110011110101> :  0.1363295E-03  0.1000000E-03           1
|100010010101110011000101> :  0.2057795E-04  0.1000000E-03           1
|100010010101110011000011> :  0.2617388E-04  0.1000000E-03           1
|100010010101100111000110> :  0.1042881E-04  0.1000000E-03           1
|100010010101100011101101> :  0.7776638E-05  0.1000000E-03           1
|100010010101100011000111> :  0.1219053E-04  0.1000000E-03           1
|100010010011100111000110> :  0.7885352E-04  0.1000000E-03           1
|111111011001011110000010> :  0.2795601E-05  0.1000000E-03           1
|100010010001111111000110> :  0.2639213E-05  0.1000000E-03           1
|010011011101110110000110> :  0.7414379E-04  0.1000000E-03           1
|100010010001110011100101> :  0.1168330E-03  0.1000000E-03           1
|111101101000011100111000> :  0.1116807E-04  0.1000000E-03           1
|111100101010101100111000> :  0.6000215E-04  0.1000000E-03           1
|010011010111100011001111> :  0.3906179E-05  0.1000000E-03           1
|100010001111100111001111> :  0.1708009E-07  0.1000000E-03           1
|111100101010001100011000> :  0.8000935E-05  0.1000000E-03           1
|100010001110100110001110> :  0.2986442E-04  0.1000000E-03           1
|111100101000011100111010> :  0.5903386E-04  0.1000000E-03           1
|111100101000011100111001> :  0.3845668E-04  0.1000000E-03           1
|100010001101110110110100> :  0.4617888E-04  0.1000000E-03           1
|000011110110000011001111> :  0.1548396E-05  0.1000000E-03           1
|100010001101100110101110> :  0.6852930E-05  0.1000000E-03           1
|010011010101100011000111> :  0.1492387E-06  0.1000000E-03           1
|100000101110100100111100> :  0.4665655E-03  0.1000000E-03           1
|111100001011011100010010> :  0.2482899E-04  0.1000000E-03           1
|001011010101110011100101> :  0.2940334E-04  0.1000000E-03           1
|100000011111100110000110> :  0.1268843E-03  0.1000000E-03           1
|111010111010100110001110> :  0.2180497E-06  0.1000000E-03           1
|111010101010101100011110> :  0.3232867E-03  0.1000000E-03           1
|010010111101110110000110> :  0.2781458E-04  0.1000000E-03           1
|000011110101110011100101> :  0.1707035E-03  0.1000000E-03           1
|000010010101110011000111> :  0.2103760E-04  0.1000000E-03           1
|100000001111100110101110> :  0.2491795E-05  0.1000000E-03           1
|111010011001110110100010> :  0.7554344E-04  0.1000000E-03           1
|011111110000011001110001> :  0.1132441E-03  0.1000000E-03           1
|011111101000011100111000> :  0.6280234E-04  0.1000000E-03           1
|111010010001110110000010> :  0.3567410E-04  0.1000000E-03           1
|111010001010101110001110> :  0.3775778E-04  0.1000000E-03           1
|011111101000011100011010> :  0.2834556E-03  0.1000000E-03           1
|011111100000011001111001> :  0.1268843E-03  0.1000000E-03           1
|111010001010100110011100> :  0.4256815E-05  0.1000000E-03           1
|010010101101110100010000> :  0.1177348E-07  0.1000000E-03           1
|111010001001110110110000> :  0.6354854E-04  0.1000000E-03           1
|011111010001011011100011> :  0.2545716E-06  0.1000000E-03           1
|010010101100100110001110> :  0.3819563E-04  0.1000000E-03           1
|001011010100110011100001> :  0.1485653E-03  0.1000000E-03           1
|000011110101110011000111> :  0.8789995E-04  0.1000000E-03           1
|111000001010100110001110> :  0.2458076E-03  0.1000000E-03           1
|110100111011011100000010> :  0.3920687E-04  0.1000000E-03           1
|011111001001011100010010> :  0.1597091E-04  0.1000000E-03           1
|011101111000011100100010> :  0.2042589E-04  0.1000000E-03           1
|010010101000101100111100> :  0.3039834E-04  0.1000000E-03           1
|001011010100110011000011> :  0.1467623E-03  0.1000000E-03           1
|011101110100011001110001> :  0.2757769E-04  0.1000000E-03           1
|110100011011100110000110> :  0.3362620E-05  0.1000000E-03           1
|011101110010011001100001> :  0.3069632E-05  0.1000000E-03           1
|110011101000001100111100> :  0.6761925E-07  0.1000000E-03           1
|011101110010011001000011> :  0.4288408E-04  0.1000000E-03           1
|000011010101100011100101> :  0.6941998E-04  0.1000000E-03           1
|011101101110001100011010> :  0.1168330E-03  0.1000000E-03           1
|110010101010111100011110> :  0.7832295E-05  0.1000000E-03           1
|011101101110001000111001> :  0.1389218E-03  0.1000000E-03           1
|011101101010011100010010> :  0.7776638E-05  0.1000000E-03           1
|010010011101110100000110> :  0.5822304E-06  0.1000000E-03           1
|001011000100110011111001> :  0.1682538E-04  0.1000000E-03           1
|010010010101110110100101> :  0.1138450E-04  0.1000000E-03           1
|011101101010001000111000> :  0.4409941E-04  0.1000000E-03           1
|001011000100100011111101> :  0.3920687E-04  0.1000000E-03           1
|110010101000100100111100> :  0.1072530E-03  0.1000000E-03           1
|110010101000100100011110> :  0.1805409E-04  0.1000000E-03           1
|110010010001110110000110> :  0.5144034E-04  0.1000000E-03           1
|011101100110001001111001> :  0.4046769E-04  0.1000000E-03           1
|010000101110100100111100> :  0.2950939E-03  0.1000000E-03           1
|001001010110100011101101> :  0.3746814E-04  0.1000000E-03           1
|110000101010101100111101> :  0.4081052E-04  0.1000000E-03           1
|010000011111100110000110> :  0.7771424E-04  0.1000000E-03           1
|110000101010100100111100> :  0.1074222E-03  0.1000000E-03           1
|011101100000011001111101> :  0.5818646E-06  0.1000000E-03           1
|110000001011100110001110> :  0.1105905E-03  0.1000000E-03           1
|101111110000011001110001> :  0.1000114E-03  0.1000000E-03           1
|000011110101011001000111> :  0.3972428E-04  0.1000000E-03           1
|000011010101010011000111> :  0.6000215E-04  0.1000000E-03           1
|000001101110100011001110> :  0.1347657E-06  0.1000000E-03           1
|101111010001011011100001> :  0.4622137E-04  0.1000000E-03           1
|101111010000011001110001> :  0.3196319E-06  0.1000000E-03           1
|001111010101011001110001> :  0.8357101E-04  0.1000000E-03           1
|101110010101110011000011> :  0.2749851E-04  0.1000000E-03           1
|000111110101011001000011> :  0.2968423E-04  0.1000000E-03           1
|101101110000011001111001> :  0.1253343E-04  0.1000000E-03           1
|011101010101011001110001> :  0.1795519E-04  0.1000000E-03           1
|011101010101010010100001> :  0.4905355E-04  0.1000000E-03           1
|101101010101010011110001> :  0.1106631E-04  0.1000000E-03           1
|001111010101010011000010> :  0.4081052E-04  0.1000000E-03           1
|011101010011001011000011> :  0.4321555E-05  0.1000000E-03           1
|001111010100010011000011> :  0.4277740E-04  0.1000000E-03           1
|101101010001011001100001> :  0.1722969E-04  0.1000000E-03           1
|101101010000011001110001> :  0.2372094E-04  0.1000000E-03           1
|101100110000111001110001> :  0.3401712E-05  0.1000000E-03           1
|000101110111001001000111> :  0.7619766E-04  0.1000000E-03           1
|101100101100110100111000> :  0.2802612E-04  0.1000000E-03           1
|101101010011011011100001> :  0.4607230E-04  0.1000000E-03           1
|011101010001011001100001> :  0.1926232E-04  0.1000000E-03           1
|101100101010001100111000> :  0.1904994E-03  0.1000000E-03           1
|101100101010001100011010> :  0.6810285E-04  0.1000000E-03           1
|011101010001011000110001> :  0.1114489E-03  0.1000000E-03           1
|101100100100110001111001> :  0.2926935E-04  0.1000000E-03           1
|101100100000111001111001> :  0.4891797E-05  0.1000000E-03           1
|000011000101100011111101> :  0.1582948E-04  0.1000000E-03           1
|101100011011011110000010> :  0.1842314E-05  0.1000000E-03           1
|101100010111110011000011> :  0.1172730E-03  0.1000000E-03           1
|011101001001011000110001> :  0.4654312E-03  0.1000000E-03           1
|101100010101110011100011> :  0.6619604E-04  0.1000000E-03           1
|011101000001011001110001> :  0.4172456E-04  0.1000000E-03           1
|000101110110001001001111> :  0.6354854E-04  0.1000000E-03           1
|101111010001011011000011> :  0.2950939E-03  0.1000000E-03           1
|101100010101010111110001> :  0.5146597E-07  0.1000000E-03           1
|101100010100110011100001> :  0.5299877E-04  0.1000000E-03           1
|011100101100110100111000> :  0.3627519E-04  0.1000000E-03           1
|101100010001011111100010> :  0.8029254E-05  0.1000000E-03           1
|101100010001011011100001> :  0.6900120E-04  0.1000000E-03           1
|110000101010100110001110> :  0.8357101E-04  0.1000000E-03           1
|011100101010001100111000> :  0.2651755E-04  0.1000000E-03           1
|101100001110100110111000> :  0.3836383E-04  0.1000000E-03           1
|001101100100010001111001> :  0.1136509E-03  0.1000000E-03           1
|110010001001100110011110> :  0.2834877E-05  0.1000000E-03           1
|101100001100110110101010> :  0.2411470E-04  0.1000000E-03           1
|110010001011101100011110> :  0.8916959E-05  0.1000000E-03           1
|101100000100110011111001> :  0.3045237E-04  0.1000000E-03           1
|011100001110100110111000> :  0.5969191E-04  0.1000000E-03           1
|101011010101110011000011> :  0.1085822E-04  0.1000000E-03           1
|101010011111110110000010> :  0.3844864E-04  0.1000000E-03           1
|011100001110100110011010> :  0.4510463E-05  0.1000000E-03           1
|001101010111011011000011> :  0.1072530E-03  0.1000000E-03           1
|101010011110100110001110> :  0.2052428E-04  0.1000000E-03           1
|101010011101110110100010> :  0.9218725E-04  0.1000000E-03           1
|101010010111110011000011> :  0.1250490E-04  0.1000000E-03           1
|011010011111100110000110> :  0.2783037E-05  0.1000000E-03           1
|011010011101110110100010> :  0.7101792E-04  0.1000000E-03           1
|101010010100110011100001> :  0.1613260E-03  0.1000000E-03           1
|000101110101010001110001> :  0.3775778E-04  0.1000000E-03           1
|101010010001110111000010> :  0.5859089E-04  0.1000000E-03           1
|101010010001110011100001> :  0.9661699E-04  0.1000000E-03           1
|011010001111100110001110> :  0.4067279E-05  0.1000000E-03           1
|101010010001110011000011> :  0.1384463E-03  0.1000000E-03           1
|110010101010101100111100> :  0.1136426E-04  0.1000000E-03           1
|001101010111000011001011> :  0.1279849E-05  0.1000000E-03           1
|110010101011101100010110> :  0.1137640E-03  0.1000000E-03           1
|101010001101110110110000> :  0.4504292E-04  0.1000000E-03           1
|101010001101110110000010> :  0.2943894E-04  0.1000000E-03           1
|101010001100110110001010> :  0.3156005E-03  0.1000000E-03           1
|001101010111000011000011> :  0.1831332E-03  0.1000000E-03           1
|101010001100100110111100> :  0.4628595E-04  0.1000000E-03           1
|011010001100110110111000> :  0.6645338E-04  0.1000000E-03           1
|101000001110100110001110> :  0.1188117E-03  0.1000000E-03           1
|110100100010001100111100> :  0.4301760E-06  0.1000000E-03           1
|100101110010001001001111> :  0.4309013E-04  0.1000000E-03           1
|011010001100100110111100> :  0.3407624E-04  0.1000000E-03           1
|011000101110100100011110> :  0.1857994E-05  0.1000000E-03           1
|000101100110001001011101> :  0.7554344E-04  0.1000000E-03           1
|100101100010001001111111> :  0.3534683E-06  0.1000000E-03           1
|100101100010001001011101> :  0.7101792E-04  0.1000000E-03           1
|010101110011011001000011> :  0.4628595E-04  0.1000000E-03           1
|110110111001011100000010> :  0.4275601E-04  0.1000000E-03           1
|100101100000001001111101> :  0.7534861E-04  0.1000000E-03           1
|100101010111100011000111> :  0.9889771E-08  0.1000000E-03           1
|111010001000110110111000> :  0.7619766E-04  0.1000000E-03           1
|111010001001110110000010> :  0.6507183E-04  0.1000000E-03           1
|010101110011001001000111> :  0.6845845E-04  0.1000000E-03           1
|000101100100001001111101> :  0.7717319E-04  0.1000000E-03           1
|100100101010001100011110> :  0.5797878E-04  0.1000000E-03           1
|100010111101110110000110> :  0.9023576E-04  0.1000000E-03           1
|111010001010101100011100> :  0.7978497E-07  0.1000000E-03           1
|111010001010101100011110> :  0.2152214E-04  0.1000000E-03           1
|100010110111100111000110> :  0.5973932E-04  0.1000000E-03           1
|010101101110001100011110> :  0.9661699E-04  0.1000000E-03           1
|111010011000110110000010> :  0.3060107E-04  0.1000000E-03           1
|000011010111100011001101> :  0.3097885E-05  0.1000000E-03           1
|000010011101110110000110> :  0.1851695E-04  0.1000000E-03           1
|100010110101110011100111> :  0.3035449E-06  0.1000000E-03           1
|100010110101110011100101> :  0.2153691E-03  0.1000000E-03           1
|111010101010101100011010> :  0.8638405E-04  0.1000000E-03           1
|100010110011101001010101> :  0.2165321E-04  0.1000000E-03           1
|100010110001101001110101> :  0.2554159E-05  0.1000000E-03           1
|100010101111100110001110> :  0.3087862E-04  0.1000000E-03           1
|111100001000110110111001> :  0.4442357E-06  0.1000000E-03           1
|100010101110100111001110> :  0.1114489E-03  0.1000000E-03           1
|100010101110100110011110> :  0.1926232E-04  0.1000000E-03           1
|010101101010001000011101> :  0.6589230E-04  0.1000000E-03           1
|100010101110100011001110> :  0.1194421E-05  0.1000000E-03           1
|100010101100100110001110> :  0.3000431E-04  0.1000000E-03           1
|010101101001011000110001> :  0.3091485E-03  0.1000000E-03           1
|001101010101010001110001> :  0.1827490E-04  0.1000000E-03           1
|000101010101010011100101> :  0.8638405E-04  0.1000000E-03           1
|100010101010101100011110> :  0.2525564E-03  0.1000000E-03           1
|100010100100110001111101> :  0.1834569E-05  0.1000000E-03           1
|111100101000011100110000> :  0.2078207E-03  0.1000000E-03           1
|010101100010001001111001> :  0.2434869E-04  0.1000000E-03           1
|001101010100011011110001> :  0.1956752E-06  0.1000000E-03           1
|100010100100100001011101> :  0.4333160E-05  0.1000000E-03           1
|111100101000111100111000> :  0.5880059E-04  0.1000000E-03           1
|111100101010001100001010> :  0.1048233E-03  0.1000000E-03           1
|010101100010001001011101> :  0.9218725E-04  0.1000000E-03           1
|010101010001011011100001> :  0.1327374E-04  0.1000000E-03           1
|001101010100011001110001> :  0.4359695E-04  0.1000000E-03           1
|100010011111110110000110> :  0.1025655E-04  0.1000000E-03           1
|010011110011001001000111> :  0.6722300E-04  0.1000000E-03           1
|100010011011100110000110> :  0.3742565E-04  0.1000000E-03           1
|111101101010001100111001> :  0.3607367E-06  0.1000000E-03           1
|100010010111100111001110> :  0.1164217E-03  0.1000000E-03           1
|010011110001011001000111> :  0.3836383E-04  0.1000000E-03           1
|010011101110100110001110> :  0.1905617E-03  0.1000000E-03           1
|111110101000011100011011> :  0.7293750E-07  0.1000000E-03           1
|000010010111100111000110> :  0.1144540E-04  0.1000000E-03           1
|000001010111100011000111> :  0.1418398E-03  0.1000000E-03           1
|000001010101110011100101> :  0.7377177E-04  0.1000000E-03           1
