# state, exact probability, frequency, count:
#------------------------------------------------------------------
|110010101010101100011110> :  0.1010214E+00  0.1003000E+00        1003
|001101010101010011100001> :  0.1010214E+00  0.9760000E-01         976
|011101101010001100111000> :  0.1984373E-01  0.2170000E-01         217
|100010010101110011000111> :  0.1984373E-01  0.2170000E-01         217
|011101100010001001111001> :  0.1737090E-01  0.1890000E-01         189
|100010011101110110000110> :  0.1737090E-01  0.1660000E-01         166
|100010011111100110000110> :  0.1518484E-01  0.1630000E-01         163
|111100101010001100111000> :  0.1396731E-01  0.1600000E-01         160
|011101100000011001111001> :  0.1518484E-01  0.1550000E-01         155
|010101100010001001111101> :  0.1379747E-01  0.1470000E-01         147
|000011010101110011000111> :  0.1396731E-01  0.1460000E-01         146
|011101110000011001110001> :  0.1251472E-01  0.1440000E-01         144
|101010011101110110000010> :  0.1379747E-01  0.1340000E-01         134
|100010010101110111000110> :  0.1281838E-01  0.1270000E-01         127
|110100101010001100111100> :  0.1140580E-01  0.1260000E-01         126
|100010001111100110001110> :  0.1251472E-01  0.1250000E-01         125
|110010001011100110001110> :  0.1171036E-01  0.1250000E-01         125
|001011010101110011000011> :  0.1140580E-01  0.1220000E-01         122
|011101101010001000111001> :  0.1281838E-01  0.1200000E-01         120
|101010010101110011000011> :  0.1240739E-01  0.1170000E-01         117
|010101101010001100111100> :  0.1240739E-01  0.1150000E-01         115
|001101110100011001110001> :  0.1171036E-01  0.1140000E-01         114
|101101110000011001110001> :  0.9731372E-02  0.1000000E-01         100
|001101010101011001110001> :  0.1102467E-01  0.9800000E-02          98
|101101010001011001110001> :  0.9032376E-02  0.9700000E-02          97
|100101100010001001111101> :  0.8889302E-02  0.9700000E-02          97
|110010101010100110001110> :  0.1102467E-01  0.9600000E-02          96
|010010101110100110001110> :  0.9032376E-02  0.9300000E-02          93
|000101100110001001111101> :  0.8923704E-02  0.9200000E-02          92
|001101100110001001111001> :  0.8100516E-02  0.9000000E-02          90
|010010011111100110000110> :  0.7701723E-02  0.9000000E-02          90
|101101100010001001111001> :  0.8925598E-02  0.8800000E-02          88
|010101101010001000111101> :  0.7832019E-02  0.8800000E-02          88
|010010011101110110000110> :  0.8925598E-02  0.8700000E-02          87
|111010011001110110000010> :  0.8923704E-02  0.8700000E-02          87
|101010010101110011100001> :  0.7394968E-02  0.8700000E-02          87
|100010010111100011000111> :  0.7746951E-02  0.8600000E-02          86
|110100101010001100011110> :  0.8065097E-02  0.8500000E-02          85
|001011010101110011100001> :  0.8065097E-02  0.8500000E-02          85
|100010101110100110001110> :  0.8729000E-02  0.8200000E-02          82
|001101100100011001111001> :  0.7757761E-02  0.8200000E-02          82
|101101100000011001111001> :  0.7701723E-02  0.7900000E-02          79
|010010001111100110001110> :  0.9731372E-02  0.7900000E-02          79
|011010011101110110000010> :  0.8889302E-02  0.7700000E-02          77
|110010011011100110000110> :  0.7757761E-02  0.7400000E-02          74
|011101101000011000111001> :  0.6772794E-02  0.7100000E-02          71
|011101010001011001110001> :  0.8729000E-02  0.7100000E-02          71
|011101101000011100111000> :  0.7746951E-02  0.7100000E-02          71
|000011010111100011000111> :  0.6150007E-02  0.6800000E-02          68
|000101110101011001110001> :  0.6575482E-02  0.6600000E-02          66
|110010011001110110000110> :  0.8100516E-02  0.6400000E-02          64
|000011010101110011100101> :  0.5738852E-02  0.6300000E-02          63
|010101110001011001110001> :  0.5842056E-02  0.6000000E-02          60
|100101110001011001110001> :  0.5181660E-02  0.5900000E-02          59
|111100101010001100011010> :  0.5738852E-02  0.5800000E-02          58
|101010010101110111000010> :  0.7832019E-02  0.5800000E-02          58
|111100101000011100111000> :  0.6150007E-02  0.5800000E-02          58
|011010001110100110001110> :  0.5181660E-02  0.5600000E-02          56
|100010010111100111000110> :  0.6772794E-02  0.5500000E-02          55
|111010001010100110001110> :  0.6575482E-02  0.5500000E-02          55
|010101101010001100011110> :  0.7394968E-02  0.5400000E-02          54
|101010001110100110001110> :  0.5842056E-02  0.5000000E-02          50
|001101010111010011000011> :  0.4557788E-02  0.4900000E-02          49
|100010010101110011100101> :  0.4910670E-02  0.4700000E-02          47
|110000101010101100111100> :  0.4460306E-02  0.4300000E-02          43
|011101101010001100011010> :  0.4910670E-02  0.4300000E-02          43
|001111010101010011000011> :  0.4460306E-02  0.4200000E-02          42
|110010101000101100111100> :  0.4557788E-02  0.3700000E-02          37
|100010100110100001011101> :  0.2519463E-02  0.3600000E-02          36
|000011100100001001111101> :  0.1635684E-02  0.2900000E-02          29
|011101011001011110100010> :  0.2519463E-02  0.2800000E-02          28
|011101011011011110000010> :  0.2369432E-02  0.2400000E-02          24
|101100010101110011100001> :  0.1653662E-02  0.2400000E-02          24
|100010100100100001111101> :  0.2369432E-02  0.2300000E-02          23
|100000100110100001111101> :  0.1920185E-02  0.2200000E-02          22
|011111011001011110000010> :  0.1920185E-02  0.2200000E-02          22
|000001100110100001111101> :  0.1669008E-02  0.2200000E-02          22
|001101010101011011100001> :  0.2041624E-02  0.2100000E-02          21
|000011100100100001111101> :  0.1907833E-02  0.2100000E-02          21
|010010101110100100011110> :  0.2538111E-02  0.2100000E-02          21
|000011100110001001011101> :  0.1413796E-02  0.2000000E-02          20
|100010110101110001110101> :  0.1370177E-02  0.1900000E-02          19
|100011110001011001110101> :  0.1454180E-02  0.1900000E-02          19
|011101010001011011100001> :  0.1801631E-02  0.1900000E-02          19
|111100011011011110000010> :  0.1907833E-02  0.1900000E-02          19
|110010101010100100011110> :  0.2041624E-02  0.1900000E-02          19
|011101011111010110000010> :  0.1563561E-02  0.1800000E-02          18
|110010101010101100011100> :  0.1437589E-02  0.1800000E-02          18
|101101010001011011100001> :  0.2538111E-02  0.1800000E-02          18
|011101011101010110100010> :  0.1482578E-02  0.1700000E-02          17
|100011100000001001111101> :  0.1498332E-02  0.1700000E-02          17
|100010101110100100011110> :  0.1801631E-02  0.1700000E-02          17
|111110011001011110000010> :  0.1669008E-02  0.1700000E-02          17
|111100011011110110000010> :  0.1635684E-02  0.1600000E-02          16
|100010100010101001011101> :  0.1482578E-02  0.1600000E-02          16
|011101001001011100110000> :  0.1267585E-02  0.1600000E-02          16
|011100011111110110000010> :  0.1498332E-02  0.1600000E-02          16
|001101010111010011100001> :  0.1301907E-02  0.1600000E-02          16
|110100101001011100110000> :  0.8079357E-03  0.1600000E-02          16
|001101010101110011100001> :  0.7905448E-03  0.1500000E-02          15
|000011100110100001011101> :  0.2015874E-02  0.1500000E-02          15
|011111011101010110000010> :  0.1310262E-02  0.1500000E-02          15
|111100011001011110100010> :  0.2015874E-02  0.1500000E-02          15
|010011101010001100011110> :  0.1653662E-02  0.1400000E-02          14
|100010110001111001110101> :  0.1101637E-02  0.1400000E-02          14
|011101001010001110001010> :  0.1370177E-02  0.1400000E-02          14
|000001100110001001111101> :  0.8932381E-03  0.1300000E-02          13
|110010101000101100011110> :  0.1301907E-02  0.1300000E-02          13
|100010110110100011001111> :  0.1267585E-02  0.1300000E-02          13
|001011010110100011001111> :  0.8079357E-03  0.1300000E-02          13
|100000100010101001111101> :  0.1310262E-02  0.1200000E-02          12
|000011110101011001110101> :  0.1442680E-02  0.1200000E-02          12
|101101010101010011100001> :  0.1235778E-02  0.1200000E-02          12
|111100011001110110100010> :  0.1413796E-02  0.1200000E-02          12
|111100001010001110001010> :  0.1171437E-02  0.1200000E-02          12
|010011100010001001011101> :  0.7717222E-03  0.1100000E-02          11
|110010101001111100010110> :  0.1004076E-02  0.1100000E-02          11
|001101010110000011101001> :  0.1004076E-02  0.1100000E-02          11
|011100001110100110001010> :  0.1454180E-02  0.1100000E-02          11
|101100011111110110000010> :  0.8408938E-03  0.1100000E-02          11
|001101010101010011100011> :  0.1437589E-02  0.1100000E-02          11
|010010101010101100011110> :  0.1235778E-02  0.1100000E-02          11
|111110011001110110000010> :  0.8932381E-03  0.1100000E-02          11
|100010100000101001111101> :  0.1563561E-02  0.1000000E-02          10
|011101001110000110001010> :  0.1101637E-02  0.1000000E-02          10
|000011110101110001110101> :  0.1171437E-02  0.1000000E-02          10
|100011100010001001011101> :  0.1202945E-02  0.1000000E-02          10
|001101010110000011001011> :  0.6895484E-03  0.9000000E-03           9
|001101010100010011100001> :  0.6929934E-03  0.9000000E-03           9
|100001100010001001111101> :  0.7588253E-03  0.9000000E-03           9
|011110011101110110000010> :  0.7588253E-03  0.9000000E-03           9
|111100001010100110001010> :  0.1442680E-02  0.9000000E-03           9
|110000101010101100011110> :  0.1079414E-02  0.8000000E-03           8
|111010101000111100111000> :  0.4039059E-03  0.8000000E-03           8
|111100001001011100110000> :  0.1170073E-02  0.8000000E-03           8
|111010001000110110001010> :  0.6034455E-03  0.7000000E-03           7
|110010101001111100110100> :  0.6895484E-03  0.7000000E-03           7
|001111010101010011100001> :  0.1079414E-02  0.7000000E-03           7
|101100001110100110001010> :  0.4988400E-03  0.7000000E-03           7
|101010010110100011001111> :  0.7242364E-03  0.7000000E-03           7
|010011101010001000011101> :  0.3233917E-03  0.7000000E-03           7
|111010001010100110001010> :  0.4256060E-03  0.7000000E-03           7
|110010101011101100011110> :  0.6929934E-03  0.6000000E-03           6
|101010001110100110001010> :  0.2154505E-03  0.6000000E-03           6
|000101110111001001110101> :  0.6034455E-03  0.6000000E-03           6
|110010101010001100011110> :  0.7905448E-03  0.6000000E-03           6
|110010111001111100000110> :  0.6209351E-03  0.6000000E-03           6
|000101010101010011100001> :  0.5234387E-03  0.6000000E-03           6
|010011100000001001111101> :  0.8408938E-03  0.6000000E-03           6
|111010101010101100011110> :  0.5234387E-03  0.6000000E-03           6
|111010101000111100011010> :  0.5835683E-03  0.6000000E-03           6
|100101110011001001110101> :  0.3630660E-03  0.5000000E-03           5
|011010001100110110001010> :  0.3630660E-03  0.5000000E-03           5
|011100011101110110100010> :  0.1202945E-02  0.5000000E-03           5
|100010110111100011000111> :  0.2442487E-03  0.5000000E-03           5
|100010110101110011100101> :  0.2282779E-03  0.5000000E-03           5
|001101000100010011111001> :  0.3480510E-03  0.5000000E-03           5
|000011110110100011001111> :  0.1170073E-02  0.5000000E-03           5
|011101010001011011100011> :  0.1874438E-03  0.5000000E-03           5
|001101000110000011111001> :  0.6209351E-03  0.4000000E-03           4
|011101010011011011000011> :  0.5055171E-03  0.4000000E-03           4
|010101101001011100110000> :  0.7242364E-03  0.4000000E-03           4
|011101001001011000110001> :  0.4179481E-03  0.4000000E-03           4
|101100010111110011000011> :  0.1489036E-03  0.4000000E-03           4
|101100010101110111100010> :  0.3233917E-03  0.4000000E-03           4
|100111110001011001110001> :  0.2285671E-03  0.4000000E-03           4
|101010010110100111001110> :  0.3012015E-03  0.4000000E-03           4
|000101110101011001110101> :  0.4256060E-03  0.4000000E-03           4
|011010011101110110100010> :  0.1285535E-03  0.4000000E-03           4
|011101001010001100011010> :  0.2282779E-03  0.4000000E-03           4
|101110010101110011000011> :  0.8369161E-04  0.4000000E-03           4
|101110011101110110000010> :  0.4334362E-03  0.4000000E-03           4
|101111010001011011000011> :  0.3087533E-03  0.4000000E-03           4
|011010001110100110001010> :  0.3426578E-03  0.4000000E-03           4
|000101010111000011000111> :  0.4039059E-03  0.4000000E-03           4
|110010101000111100111100> :  0.2740772E-03  0.4000000E-03           4
|000101010101010011100101> :  0.8859409E-04  0.4000000E-03           4
|010011101000001100111100> :  0.1489036E-03  0.4000000E-03           4
|100000010111100011100101> :  0.3333092E-03  0.4000000E-03           4
|111100101000011100110000> :  0.3040114E-03  0.4000000E-03           4
|001011010100110011100001> :  0.8675426E-04  0.4000000E-03           4
|011101101000011100110000> :  0.3388688E-03  0.4000000E-03           4
|110010011101110110000110> :  0.1235845E-03  0.3000000E-03           3
|010000101110100100111100> :  0.3087533E-03  0.3000000E-03           3
|000101110110001001111101> :  0.1254950E-03  0.3000000E-03           3
|101010001100110110001010> :  0.3185459E-03  0.3000000E-03           3
|000001010111100011100101> :  0.6367670E-03  0.3000000E-03           3
|010111110001011001110001> :  0.1361821E-03  0.3000000E-03           3
|100101110001011001110101> :  0.3426578E-03  0.3000000E-03           3
|101100011101110110100010> :  0.7717222E-03  0.3000000E-03           3
|010101110010001001111101> :  0.5756015E-04  0.3000000E-03           3
|001101110000011001110001> :  0.1491421E-03  0.3000000E-03           3
|101101010011011011000011> :  0.3539298E-03  0.3000000E-03           3
|000101100110001001011101> :  0.1436993E-03  0.3000000E-03           3
|010101101011001100011110> :  0.1058640E-03  0.3000000E-03           3
|101110010101110111000010> :  0.1302339E-03  0.3000000E-03           3
|000101100100001001111101> :  0.1218192E-03  0.3000000E-03           3
|110000101010100100111100> :  0.1271913E-03  0.3000000E-03           3
|100010101100100100111100> :  0.5055171E-03  0.3000000E-03           3
|000101010111000011100101> :  0.5835683E-03  0.3000000E-03           3
|011101010101010010100001> :  0.8118803E-04  0.3000000E-03           3
|010011110001011001110101> :  0.4988400E-03  0.3000000E-03           3
|110010101110100110001110> :  0.1253268E-03  0.3000000E-03           3
|100000101010101100111100> :  0.1255372E-03  0.3000000E-03           3
|010011101000001000111101> :  0.2792831E-03  0.3000000E-03           3
|000011010111100011001111> :  0.3040114E-03  0.3000000E-03           3
|111110101000011100011010> :  0.6367670E-03  0.3000000E-03           3
|111110101000011100111000> :  0.2199803E-03  0.3000000E-03           3
|111010001001110110000010> :  0.1254950E-03  0.3000000E-03           3
|011101100010001001111101> :  0.2875410E-04  0.2000000E-03           2
|000011110101110011100101> :  0.2150826E-03  0.2000000E-03           2
|010001100010001001111101> :  0.4334362E-03  0.2000000E-03           2
|110010001010100110001110> :  0.5674837E-04  0.2000000E-03           2
|011101001100010110111000> :  0.5802374E-04  0.2000000E-03           2
|000101110111011001110001> :  0.8590792E-04  0.2000000E-03           2
|011101001000011000111001> :  0.6673133E-04  0.2000000E-03           2
|101100010101110011100011> :  0.8532314E-04  0.2000000E-03           2
|101100001100110110111000> :  0.8727422E-04  0.2000000E-03           2
|011010011101110110100000> :  0.1658874E-04  0.2000000E-03           2
|011010001110100110011110> :  0.2959586E-04  0.2000000E-03           2
|101010010100110011100001> :  0.1058640E-03  0.2000000E-03           2
|101010010001110011100001> :  0.6387412E-04  0.2000000E-03           2
|011000001110100110001110> :  0.2285671E-03  0.2000000E-03           2
|101000010101110011100001> :  0.2092503E-04  0.2000000E-03           2
|101010010101110111100010> :  0.7600886E-04  0.2000000E-03           2
|101010011111110110000010> :  0.1187765E-03  0.2000000E-03           2
|001101100010001001111001> :  0.1235845E-03  0.2000000E-03           2
|100101110000011001110001> :  0.3444575E-04  0.2000000E-03           2
|101100010101010011100001> :  0.6664324E-05  0.2000000E-03           2
|101010011001110110000010> :  0.3271070E-04  0.2000000E-03           2
|010101110011001001110101> :  0.3185459E-03  0.2000000E-03           2
|011011001110100110001110> :  0.7919891E-04  0.2000000E-03           2
|100011110011001001000111> :  0.1269346E-03  0.2000000E-03           2
|010101110011001001000111> :  0.7652620E-04  0.2000000E-03           2
|001101010110010011000011> :  0.1482267E-03  0.2000000E-03           2
|101101010001011011100011> :  0.1187747E-03  0.2000000E-03           2
|000011010101100011100101> :  0.1070808E-03  0.2000000E-03           2
|100010110111100111000110> :  0.6673133E-04  0.2000000E-03           2
|001111010101010011000010> :  0.4604276E-04  0.2000000E-03           2
|010101101010001100011100> :  0.6741182E-04  0.2000000E-03           2
|010101101010001000011101> :  0.7600886E-04  0.2000000E-03           2
|100010101000101100111100> :  0.7951468E-04  0.2000000E-03           2
|011101010001011000110001> :  0.7289206E-04  0.2000000E-03           2
|000111110101011001110001> :  0.2496689E-03  0.2000000E-03           2
|011101010001011010100001> :  0.9160573E-04  0.2000000E-03           2
|001101010100011001110001> :  0.6806883E-04  0.2000000E-03           2
|011101001000011100111000> :  0.2442487E-03  0.2000000E-03           2
|010101100010001001111001> :  0.4928964E-04  0.2000000E-03           2
|100010010111100011001111> :  0.3388688E-03  0.2000000E-03           2
|010101100010001001011101> :  0.1409973E-03  0.2000000E-03           2
|110010101000111100011110> :  0.2946067E-03  0.2000000E-03           2
|110010011011101110000110> :  0.6221295E-04  0.2000000E-03           2
|011101010111010011000011> :  0.7951468E-04  0.2000000E-03           2
|010011110011001001000111> :  0.8727422E-04  0.2000000E-03           2
|001101000110001001111001> :  0.1648221E-03  0.2000000E-03           2
|100010010001110011100101> :  0.8654453E-04  0.2000000E-03           2
|010011101110100100011110> :  0.5571629E-04  0.2000000E-03           2
|011101100000001001111001> :  0.7311219E-04  0.2000000E-03           2
|001101000100011001111001> :  0.1100211E-03  0.2000000E-03           2
|110010111011101100000110> :  0.3480510E-03  0.2000000E-03           2
|011101101000011001111001> :  0.2719117E-04  0.2000000E-03           2
|001011010101110011001011> :  0.6992784E-06  0.2000000E-03           2
|011101100010011001111001> :  0.5590443E-04  0.2000000E-03           2
|011101101110001100111000> :  0.1133142E-03  0.2000000E-03           2
|011101101110001100011010> :  0.8654453E-04  0.2000000E-03           2
|111100011000110110100010> :  0.6068315E-05  0.2000000E-03           2
|111100001000110110111000> :  0.8935435E-04  0.2000000E-03           2
|111100001000110110101010> :  0.4626052E-04  0.2000000E-03           2
|111100001000011100111000> :  0.2184740E-03  0.2000000E-03           2
|011101101010001100111010> :  0.2926725E-04  0.2000000E-03           2
|111101101010001100111000> :  0.5971526E-04  0.2000000E-03           2
|011111010001011011000011> :  0.4580978E-03  0.2000000E-03           2
|111010011000110110000010> :  0.8404310E-04  0.2000000E-03           2
|000001010101110011100101> :  0.1233062E-03  0.2000000E-03           2
|010010101100100100111100> :  0.3539298E-03  0.2000000E-03           2
|000001010111100011000111> :  0.2199803E-03  0.2000000E-03           2
|101010010101110011100011> :  0.6741182E-04  0.2000000E-03           2
|011101101000011100101010> :  0.4441207E-05  0.1000000E-03           1
|111000001001110110110000> :  0.2579534E-06  0.1000000E-03           1
|110110101010001100011110> :  0.1891209E-04  0.1000000E-03           1
|110101100010001001111101> :  0.3665110E-04  0.1000000E-03           1
|011101101000011000110001> :  0.1428609E-03  0.1000000E-03           1
|010010101000101100011110> :  0.1138131E-04  0.1000000E-03           1
|001011010100100011101101> :  0.3334626E-04  0.1000000E-03           1
|110100101010101100011110> :  0.9569523E-05  0.1000000E-03           1
|010010011111100110001110> :  0.2650430E-04  0.1000000E-03           1
|110100101000001100111100> :  0.4903832E-04  0.1000000E-03           1
|110010111011100110000110> :  0.1100211E-03  0.1000000E-03           1
|011101100000011101111001> :  0.7382057E-06  0.1000000E-03           1
|001011000100100011111101> :  0.4820480E-04  0.1000000E-03           1
|000011110101111001110101> :  0.6475502E-05  0.1000000E-03           1
|110010111010101100001110> :  0.1869026E-04  0.1000000E-03           1
|011101100000011001110001> :  0.8062418E-04  0.1000000E-03           1
|010010011101110110100110> :  0.3866091E-04  0.1000000E-03           1
|110010110001011001110101> :  0.9013067E-07  0.1000000E-03           1
|110010101011101100010110> :  0.1074706E-03  0.1000000E-03           1
|001001010110100011101101> :  0.4330782E-04  0.1000000E-03           1
|110010101010101100111100> :  0.1719713E-04  0.1000000E-03           1
|011101011100010110100010> :  0.5725312E-05  0.1000000E-03           1
|010010011101100110000110> :  0.3229072E-04  0.1000000E-03           1
|110010101010101100010110> :  0.4097277E-05  0.1000000E-03           1
|011101011011011110100010> :  0.5613677E-05  0.1000000E-03           1
|001001010110100011001111> :  0.7530879E-05  0.1000000E-03           1
|110010101010100100001110> :  0.2668859E-04  0.1000000E-03           1
|110010101001111100110000> :  0.4866713E-05  0.1000000E-03           1
|010001101010001000111101> :  0.1302339E-03  0.1000000E-03           1
|011101010101010011100001> :  0.9696718E-04  0.1000000E-03           1
|110010101000111100011010> :  0.1503617E-05  0.1000000E-03           1
|001001010101110011100001> :  0.1891209E-04  0.1000000E-03           1
|110010011111100110000110> :  0.1328564E-03  0.1000000E-03           1
|011101010011001011000001> :  0.2818568E-07  0.1000000E-03           1
|011101010010001011101001> :  0.1078875E-04  0.1000000E-03           1
|011101010010001011001011> :  0.1963078E-04  0.1000000E-03           1
|010000101110100100011110> :  0.5519566E-04  0.1000000E-03           1
|001001000110100011111101> :  0.5375184E-04  0.1000000E-03           1
|000011110101110011000111> :  0.7916366E-04  0.1000000E-03           1
|011101010001011011110001> :  0.9540701E-05  0.1000000E-03           1
|110010001111100110001110> :  0.1491421E-03  0.1000000E-03           1
|001111010101011011100001> :  0.3222972E-04  0.1000000E-03           1
|110010001001110110110100> :  0.4920036E-04  0.1000000E-03           1
|110010001001110110000110> :  0.5369548E-04  0.1000000E-03           1
|001111010101011011000011> :  0.1271913E-03  0.1000000E-03           1
|110010001001100110001110> :  0.2408682E-04  0.1000000E-03           1
|110000101010100110001110> :  0.6077156E-04  0.1000000E-03           1
|001111010101010111000010> :  0.1021019E-05  0.1000000E-03           1
|110000101010001100011110> :  0.1949002E-04  0.1000000E-03           1
|011101001110000110101010> :  0.6255014E-05  0.1000000E-03           1
|110000011011100110000110> :  0.5342579E-04  0.1000000E-03           1
|101111100000011001111001> :  0.4824476E-04  0.1000000E-03           1
|000111110101011001000011> :  0.3312439E-04  0.1000000E-03           1
|000001100110101001111101> :  0.2668438E-05  0.1000000E-03           1
|011101001101011100110000> :  0.5926857E-05  0.1000000E-03           1
|101111010001011001110001> :  0.5232633E-04  0.1000000E-03           1
|101110011001011110000010> :  0.3529343E-05  0.1000000E-03           1
|101110010101010111000010> :  0.1622438E-05  0.1000000E-03           1
|011101001010001100111100> :  0.2518194E-06  0.1000000E-03           1
|011101001010001100111000> :  0.1068335E-03  0.1000000E-03           1
|101101100100011001111001> :  0.6327746E-05  0.1000000E-03           1
|001111010100010011100001> :  0.1284197E-04  0.1000000E-03           1
|101101100010001001011001> :  0.3866091E-04  0.1000000E-03           1
|101101010101011001110001> :  0.1935843E-04  0.1000000E-03           1
|001111000100010011111001> :  0.1902294E-05  0.1000000E-03           1
|101101010101010011100011> :  0.2879534E-04  0.1000000E-03           1
|101101010011011011100001> :  0.5839596E-04  0.1000000E-03           1
|011100101110100100111000> :  0.3560590E-04  0.1000000E-03           1
|011100101100110100111000> :  0.4111615E-04  0.1000000E-03           1
|001101110100011000110001> :  0.6035603E-06  0.1000000E-03           1
|011100101010001100001010> :  0.1131872E-05  0.1000000E-03           1
|101100110000011101110001> :  0.4608852E-05  0.1000000E-03           1
|101100110000011001110001> :  0.9056984E-04  0.1000000E-03           1
|101100101010001100111000> :  0.8311088E-04  0.1000000E-03           1
|101100100010001001111001> :  0.2780836E-04  0.1000000E-03           1
|011100001110100110111000> :  0.6366198E-04  0.1000000E-03           1
|001101100110011001111001> :  0.3837526E-04  0.1000000E-03           1
|000101110110000011001111> :  0.1575649E-04  0.1000000E-03           1
|000011110101011001000111> :  0.3833788E-04  0.1000000E-03           1
|101100100000011001111001> :  0.7769419E-04  0.1000000E-03           1
|101100010111110111000010> :  0.2792831E-03  0.1000000E-03           1
|011011011101110110000010> :  0.7820854E-04  0.1000000E-03           1
|101100010110100011101001> :  0.1918412E-04  0.1000000E-03           1
|011010101110100100011110> :  0.1570543E-04  0.1000000E-03           1
|000101110101110001110001> :  0.1329631E-05  0.1000000E-03           1
|011010011111110110000010> :  0.1275278E-03  0.1000000E-03           1
|011010011111100110000110> :  0.2839926E-04  0.1000000E-03           1
|001101100100001001111001> :  0.4131317E-04  0.1000000E-03           1
|101100000100110011111001> :  0.3416589E-04  0.1000000E-03           1
|101010100100110001111001> :  0.4386502E-04  0.1000000E-03           1
|000011101110001100011110> :  0.2476223E-05  0.1000000E-03           1
|101010011111100110000110> :  0.5497351E-04  0.1000000E-03           1
|011010011001110110000010> :  0.3367746E-04  0.1000000E-03           1
|001101010111011011100001> :  0.3648269E-04  0.1000000E-03           1
|011010001111100110001110> :  0.3444575E-04  0.1000000E-03           1
|101010010111100111000110> :  0.4975400E-04  0.1000000E-03           1
|001101010111011011000011> :  0.1665091E-03  0.1000000E-03           1
|011010001110100110011100> :  0.4345371E-05  0.1000000E-03           1
|101010010101110110000010> :  0.3306647E-04  0.1000000E-03           1
|001101010111011001000011> :  0.6639501E-05  0.1000000E-03           1
|101010010101110011110001> :  0.6565617E-04  0.1000000E-03           1
|011010001101110110000010> :  0.7875808E-04  0.1000000E-03           1
|001101010111010011100011> :  0.1433687E-04  0.1000000E-03           1
|000101110101010011100001> :  0.2825873E-04  0.1000000E-03           1
|000011100110100011011101> :  0.2097439E-04  0.1000000E-03           1
|000011001111100011001110> :  0.9650579E-05  0.1000000E-03           1
|000001100110100011111101> :  0.2716812E-04  0.1000000E-03           1
|101010010001111001110001> :  0.7302020E-05  0.1000000E-03           1
|011010001100100110001110> :  0.4956575E-04  0.1000000E-03           1
|101000001110100110011100> :  0.2408772E-06  0.1000000E-03           1
|000101110001011001110001> :  0.7861576E-04  0.1000000E-03           1
|101000001110100110001110> :  0.1361821E-03  0.1000000E-03           1
|010111011001011110000010> :  0.1688544E-04  0.1000000E-03           1
|100101110011011001000011> :  0.3764979E-04  0.1000000E-03           1
|010101111011001100000110> :  0.4181532E-04  0.1000000E-03           1
|001101010111010011000010> :  0.6634624E-04  0.1000000E-03           1
|010101111001011100100010> :  0.3237124E-04  0.1000000E-03           1
|101010011101110110100010> :  0.1409973E-03  0.1000000E-03           1
|101010011101110111000010> :  0.3245620E-04  0.1000000E-03           1
|100101100110001001111101> :  0.3367746E-04  0.1000000E-03           1
|010101110011011001110001> :  0.4941576E-04  0.1000000E-03           1
|001101010111000011100001> :  0.2946067E-03  0.1000000E-03           1
|000101100111001001111101> :  0.8404310E-04  0.1000000E-03           1
|100101100010001001011101> :  0.1285535E-03  0.1000000E-03           1
|100101100000001001111101> :  0.1275278E-03  0.1000000E-03           1
|101100001110100110101010> :  0.1011505E-04  0.1000000E-03           1
|101100010001011011100001> :  0.5571629E-04  0.1000000E-03           1
|100011110011001001010101> :  0.5601895E-04  0.1000000E-03           1
|010101110011001001010101> :  0.1522524E-04  0.1000000E-03           1
|001101010111000011000011> :  0.2740772E-03  0.1000000E-03           1
|100011110001011001100101> :  0.1333026E-04  0.1000000E-03           1
|100011110001011001000111> :  0.6366198E-04  0.1000000E-03           1
|001101010110100011101001> :  0.9099227E-05  0.1000000E-03           1
|010101110010001001001111> :  0.5438519E-04  0.1000000E-03           1
|100011010011100011000111> :  0.1759875E-05  0.1000000E-03           1
|100011010011001011000111> :  0.4111615E-04  0.1000000E-03           1
|010101110001011001110101> :  0.2154505E-03  0.1000000E-03           1
|100010111110100110001110> :  0.4720756E-04  0.1000000E-03           1
|101100100100110001111001> :  0.3545527E-04  0.1000000E-03           1
|100010111101110110100110> :  0.6121533E-06  0.1000000E-03           1
|101100101100110100111000> :  0.3869044E-04  0.1000000E-03           1
|100010111101110110000110> :  0.3315639E-04  0.1000000E-03           1
|100010111101110100000110> :  0.1941453E-05  0.1000000E-03           1
|101100110100110001110001> :  0.1681475E-04  0.1000000E-03           1
|101101010001001001110001> :  0.3313412E-06  0.1000000E-03           1
|010101110000011001110001> :  0.4633940E-04  0.1000000E-03           1
|001101010110000011101101> :  0.1094178E-04  0.1000000E-03           1
|000011100110001001111101> :  0.8667097E-05  0.1000000E-03           1
|101101010010001011101001> :  0.1027857E-04  0.1000000E-03           1
|000010100110100001011101> :  0.6449617E-05  0.1000000E-03           1
|010101101110001100111100> :  0.6108431E-04  0.1000000E-03           1
|100010110111100001000111> :  0.1176005E-04  0.1000000E-03           1
|100010110110100111001110> :  0.4179481E-03  0.1000000E-03           1
|010101101110001100011110> :  0.6387412E-04  0.1000000E-03           1
|100010110101110111000110> :  0.1564246E-04  0.1000000E-03           1
|100010110101110011000111> :  0.1068335E-03  0.1000000E-03           1
|000101100110000001111101> :  0.1379072E-03  0.1000000E-03           1
|100010110010101001001111> :  0.2673253E-04  0.1000000E-03           1
|100010110001111101000110> :  0.1873770E-04  0.1000000E-03           1
|101101110001011001110001> :  0.4956263E-04  0.1000000E-03           1
|101101110010001001001011> :  0.4272570E-04  0.1000000E-03           1
|100010110000111001110101> :  0.4352671E-05  0.1000000E-03           1
|100010101110100111001110> :  0.7289206E-04  0.1000000E-03           1
|010101101010001000111100> :  0.2658656E-04  0.1000000E-03           1
|100010101110100100011100> :  0.1874438E-03  0.1000000E-03           1
|100010101100110100111100> :  0.1136418E-04  0.1000000E-03           1
|100010101100100001111101> :  0.4569443E-05  0.1000000E-03           1
|010101101001011000110101> :  0.1532573E-05  0.1000000E-03           1
|101111010001011011100001> :  0.5519566E-04  0.1000000E-03           1
|010101101001011000110001> :  0.3012015E-03  0.1000000E-03           1
|000101100010001001111101> :  0.7517796E-04  0.1000000E-03           1
|100010100000100001111101> :  0.5503963E-05  0.1000000E-03           1
|010101101000011000111001> :  0.4975400E-04  0.1000000E-03           1
|100010011111110110000110> :  0.7311219E-04  0.1000000E-03           1
|010101100110001001111101> :  0.3271070E-04  0.1000000E-03           1
|100010011101110110000010> :  0.2875410E-04  0.1000000E-03           1
|010101100011001001111101> :  0.7319258E-04  0.1000000E-03           1
|100010011101100110000110> :  0.5590443E-04  0.1000000E-03           1
|100010011001110110000110> :  0.2956448E-04  0.1000000E-03           1
|000010010101110111000110> :  0.6006333E-05  0.1000000E-03           1
|100010010111100111001110> :  0.1428609E-03  0.1000000E-03           1
|100010010111100011001110> :  0.1054233E-05  0.1000000E-03           1
|110010010001110011000111> :  0.4763838E-05  0.1000000E-03           1
|100010010111100011000110> :  0.1204321E-04  0.1000000E-03           1
|110010011001110110100110> :  0.5323077E-04  0.1000000E-03           1
|110010011001111110000110> :  0.1326740E-03  0.1000000E-03           1
|010101100010000001111101> :  0.6705415E-06  0.1000000E-03           1
|100010010111100011000101> :  0.9916445E-04  0.1000000E-03           1
|010101010011001011100101> :  0.9879115E-05  0.1000000E-03           1
|001101010001011001110001> :  0.1253268E-03  0.1000000E-03           1
|110010101000101100001110> :  0.2560727E-05  0.1000000E-03           1
|100010010101110110000110> :  0.4040140E-04  0.1000000E-03           1
|100010010101110011110101> :  0.1585464E-03  0.1000000E-03           1
|010101001111000110001110> :  0.1707954E-04  0.1000000E-03           1
|100010010101110011100111> :  0.4931657E-04  0.1000000E-03           1
|010011111001011100000110> :  0.2700718E-04  0.1000000E-03           1
|001101001110000011001010> :  0.2821131E-04  0.1000000E-03           1
|100010010101110011100001> :  0.1782126E-04  0.1000000E-03           1
|100010010101110011000110> :  0.4399968E-04  0.1000000E-03           1
|100010010101100011100101> :  0.9187390E-04  0.1000000E-03           1
|010011110010001001011101> :  0.9280204E-05  0.1000000E-03           1
|100010010101100011000111> :  0.4314389E-04  0.1000000E-03           1
|100010010011100111000110> :  0.3618299E-04  0.1000000E-03           1
|100010010011100011000110> :  0.1874428E-06  0.1000000E-03           1
|010011101110100110001110> :  0.8196876E-04  0.1000000E-03           1
|110010101010101100011101> :  0.5260195E-04  0.1000000E-03           1
|100010001101110110110100> :  0.5227968E-04  0.1000000E-03           1
|100010000111100011011101> :  0.2596940E-04  0.1000000E-03           1
|110010101011100100011110> :  0.5523853E-05  0.1000000E-03           1
|100010000101100011111101> :  0.2912931E-04  0.1000000E-03           1
|010011101110001100011110> :  0.4790136E-04  0.1000000E-03           1
|001101000110000011001011> :  0.9030062E-05  0.1000000E-03           1
|100000110111100011100101> :  0.3164307E-05  0.1000000E-03           1
|110010110001111001110101> :  0.8778390E-05  0.1000000E-03           1
|110010111001110110000110> :  0.1648221E-03  0.1000000E-03           1
|100000101110100100011110> :  0.5925762E-04  0.1000000E-03           1
|100000100010101001011101> :  0.5717587E-05  0.1000000E-03           1
|100000100000101001111101> :  0.6784816E-05  0.1000000E-03           1
|000011110111100011000111> :  0.2184740E-03  0.1000000E-03           1
|000001110110100011101101> :  0.3775168E-04  0.1000000E-03           1
|110100101000011100111000> :  0.8039342E-04  0.1000000E-03           1
|100000011111100110100110> :  0.2123351E-05  0.1000000E-03           1
|100000010101110011100101> :  0.6544622E-04  0.1000000E-03           1
|011111110000011001110001> :  0.5969076E-04  0.1000000E-03           1
|001011100110001001011101> :  0.3358775E-05  0.1000000E-03           1
|110100101011001100011010> :  0.1515433E-05  0.1000000E-03           1
|110100101011001100011110> :  0.8675426E-04  0.1000000E-03           1
|011111101000011100111000> :  0.1133350E-03  0.1000000E-03           1
|110101101010001000111101> :  0.6245639E-05  0.1000000E-03           1
|011111101000011100011010> :  0.3333092E-03  0.1000000E-03           1
|010011011111100110000110> :  0.7769419E-04  0.1000000E-03           1
|111000001010100110001110> :  0.2496689E-03  0.1000000E-03           1
|111010001000100110101110> :  0.9132390E-05  0.1000000E-03           1
|111110101000111100011010> :  0.3733395E-05  0.1000000E-03           1
|011111100000011001111001> :  0.6437380E-04  0.1000000E-03           1
|010011011101110110000110> :  0.2780836E-04  0.1000000E-03           1
|000011110111100001010101> :  0.2769657E-04  0.1000000E-03           1
|011111011001011110100010> :  0.8447194E-05  0.1000000E-03           1
|111110001001011100010010> :  0.3775168E-04  0.1000000E-03           1
|010011011011001110000110> :  0.3545527E-04  0.1000000E-03           1
|011111010101010011000011> :  0.1255372E-03  0.1000000E-03           1
|111100101010101100011010> :  0.4207221E-04  0.1000000E-03           1
|011111010001011011100001> :  0.5925762E-04  0.1000000E-03           1
|010011010101110011100101> :  0.3834560E-04  0.1000000E-03           1
|111100101010001100111100> :  0.3620070E-04  0.1000000E-03           1
|011111010001011001110001> :  0.4033885E-04  0.1000000E-03           1
|010011010101110011000111> :  0.8311088E-04  0.1000000E-03           1
|111100101000111100111000> :  0.8863332E-04  0.1000000E-03           1
|111100011011111110000010> :  0.7110714E-05  0.1000000E-03           1
|010011010001011011100101> :  0.8164628E-05  0.1000000E-03           1
|000011110111100001000111> :  0.8362280E-05  0.1000000E-03           1
|010011001111100110001110> :  0.9056984E-04  0.1000000E-03           1
|111100010001011110100001> :  0.1534799E-04  0.1000000E-03           1
|011101101100011100111000> :  0.7174566E-04  0.1000000E-03           1
|111100001110100110001010> :  0.9048803E-05  0.1000000E-03           1
|011101101100011000111001> :  0.3618299E-04  0.1000000E-03           1
|010010111111100110000110> :  0.1496708E-04  0.1000000E-03           1
|001011010101110011000111> :  0.3626505E-04  0.1000000E-03           1
|111100001010001100011010> :  0.2150826E-03  0.1000000E-03           1
|011101101010011100111000> :  0.4314389E-04  0.1000000E-03           1
|011101101010011100011010> :  0.9187390E-04  0.1000000E-03           1
|010010111101110110000110> :  0.1769378E-04  0.1000000E-03           1
|011101101010011000111001> :  0.2680897E-04  0.1000000E-03           1
|111010101010101100011010> :  0.8859409E-04  0.1000000E-03           1
|010010101111100110001110> :  0.3171823E-04  0.1000000E-03           1
|011101101010001100111001> :  0.4399968E-04  0.1000000E-03           1
|111010101000110100011010> :  0.8150075E-05  0.1000000E-03           1
|111010101000101100111100> :  0.4199328E-04  0.1000000E-03           1
|111010101000101100011110> :  0.3712731E-04  0.1000000E-03           1
|111100101010001100001010> :  0.1456251E-03  0.1000000E-03           1
|111010011011110110000010> :  0.1218192E-03  0.1000000E-03           1
|111010011001110110100010> :  0.1436993E-03  0.1000000E-03           1
|011101101010001100011000> :  0.4931657E-04  0.1000000E-03           1
|111010001101110110110000> :  0.4325506E-06  0.1000000E-03           1
|111100111010011100000010> :  0.2100729E-04  0.1000000E-03           1
|111101101010001000111001> :  0.6006333E-05  0.1000000E-03           1
|011101101010001100001010> :  0.1585464E-03  0.1000000E-03           1
|111010001010101100011110> :  0.2825873E-04  0.1000000E-03           1
|111010001010100110011100> :  0.3614981E-05  0.1000000E-03           1
|010010101100100100011110> :  0.5839596E-04  0.1000000E-03           1
|111110101000001100011010> :  0.3882038E-06  0.1000000E-03           1
|001011010100110011000011> :  0.7235489E-04  0.1000000E-03           1
|000011110110100011001101> :  0.1400486E-04  0.1000000E-03           1
|000011010101110011110101> :  0.1456251E-03  0.1000000E-03           1
|111111011001011110000010> :  0.4644431E-05  0.1000000E-03           1
|000001110101011001110101> :  0.2867074E-05  0.1000000E-03           1
