# state, exact probability, frequency, count:
#------------------------------------------------------------------
|0100001100011100000001000> :  0.7407990E+00  0.7425000E+00        7425
|0100101000011100000001000> :  0.1829592E+00  0.1790000E+00        1790
|0100101100011100000001000> :  0.3374924E-02  0.2300000E-02          23
|0001101100010100000001000> :  0.1214511E-02  0.1400000E-02          14
|0100001100010100001000000> :  0.4950222E-03  0.1200000E-02          12
|0000101000011100000101000> :  0.4446103E-03  0.1100000E-02          11
|0100101100010100100000000> :  0.7887208E-03  0.9000000E-03           9
|0000101100011101000001000> :  0.3199173E-03  0.9000000E-03           9
|0110001100010100000001000> :  0.5279840E-03  0.8000000E-03           8
|0110011100011100000000000> :  0.7677804E-03  0.8000000E-03           8
|0100001100010100010001000> :  0.5156788E-03  0.8000000E-03           8
|0100101000010100000001000> :  0.2741148E-03  0.7000000E-03           7
|1100001100010100000000000> :  0.6144289E-03  0.7000000E-03           7
|0110001100010101000000000> :  0.5685254E-03  0.6000000E-03           6
|0110011100010000000010000> :  0.2795840E-03  0.6000000E-03           6
|0100001101011100000001010> :  0.2963231E-03  0.6000000E-03           6
|0000001100011101010001000> :  0.3436168E-03  0.6000000E-03           6
|0000101100010100001001000> :  0.2572356E-03  0.6000000E-03           6
|0000101000011100010101000> :  0.2289416E-03  0.5000000E-03           5
|0110000100011100000010000> :  0.3068555E-03  0.5000000E-03           5
|1100101100011100000000000> :  0.2355070E-03  0.5000000E-03           5
|0100101001011100100001000> :  0.2383901E-03  0.5000000E-03           5
|0000001100010100010001000> :  0.2254073E-03  0.5000000E-03           5
|0100101100111100000000000> :  0.8627524E-04  0.4000000E-03           4
|0000101000011100000001000> :  0.2001822E-03  0.4000000E-03           4
|0100101001011100000001010> :  0.1997352E-03  0.4000000E-03           4
|1100101000011100000001000> :  0.4550561E-03  0.4000000E-03           4
|1100101100010100000000000> :  0.6519057E-03  0.4000000E-03           4
|0110000100011101000000000> :  0.1894146E-03  0.4000000E-03           4
|0100101000011100000000001> :  0.5540332E-03  0.4000000E-03           4
|0101001100011100001001000> :  0.4289780E-03  0.4000000E-03           4
|0100001000011101010001000> :  0.1803267E-03  0.4000000E-03           4
|0000101100010100000001100> :  0.1311502E-03  0.4000000E-03           4
|0110001100010100000010000> :  0.5349358E-04  0.4000000E-03           4
|1100100100011100000000000> :  0.6034400E-04  0.3000000E-03           3
|0101001100011100000001100> :  0.2695875E-03  0.3000000E-03           3
|0110001100010100000000000> :  0.2293780E-03  0.3000000E-03           3
|0100001100111100000000000> :  0.1372424E-03  0.3000000E-03           3
|0000001100010100010001010> :  0.2565345E-03  0.3000000E-03           3
|0100001000011100000001001> :  0.1582091E-03  0.3000000E-03           3
|0000101100111100000001000> :  0.3066991E-03  0.3000000E-03           3
|0110000100010100000010010> :  0.8373561E-04  0.3000000E-03           3
|0100101001011100000001100> :  0.2077135E-03  0.3000000E-03           3
|0000101000011100010001000> :  0.2134439E-03  0.3000000E-03           3
|0101001100011100000001001> :  0.2162424E-03  0.3000000E-03           3
|0110000100011100000000000> :  0.2609596E-03  0.3000000E-03           3
|0110101000011100000001000> :  0.1369417E-03  0.3000000E-03           3
|0110101000011100000000000> :  0.2256451E-03  0.3000000E-03           3
|0100001100011100000001011> :  0.2462978E-03  0.3000000E-03           3
|1000100100011100000001000> :  0.2800495E-03  0.3000000E-03           3
|0100101000011100001011000> :  0.9705816E-04  0.3000000E-03           3
|0110100000011100000000000> :  0.9096895E-04  0.3000000E-03           3
|0000100100011100000001000> :  0.3257842E-03  0.3000000E-03           3
|0100001010011100000000000> :  0.7242124E-04  0.3000000E-03           3
|0101001000011100000011000> :  0.1327072E-03  0.3000000E-03           3
|0100100100011100000001000> :  0.9772508E-04  0.3000000E-03           3
|0100001100010100000010000> :  0.3507595E-03  0.3000000E-03           3
|0101101000011100001001000> :  0.5219327E-03  0.3000000E-03           3
|0100100000011101000001000> :  0.2289483E-03  0.3000000E-03           3
|1100001100011100000000000> :  0.1125962E-03  0.3000000E-03           3
|0100101000011100000101000> :  0.8242713E-03  0.3000000E-03           3
|0101001100011100100001000> :  0.1147786E-03  0.3000000E-03           3
|1110001100010100000000000> :  0.3794518E-03  0.2000000E-03           2
|0100001100010100000000000> :  0.2564420E-03  0.2000000E-03           2
|0000100000011101000001000> :  0.4113241E-04  0.2000000E-03           2
|0001000100011100000011000> :  0.1214336E-04  0.2000000E-03           2
|0100101100011100010011000> :  0.6467483E-04  0.2000000E-03           2
|0000101100010101000001000> :  0.1739826E-03  0.2000000E-03           2
|0100101000011100000001001> :  0.1517834E-03  0.2000000E-03           2
|0110000100010100000010001> :  0.6361051E-04  0.2000000E-03           2
|0101111000011100000001000> :  0.1071558E-04  0.2000000E-03           2
|0100001100011100000001101> :  0.5225762E-04  0.2000000E-03           2
|1000101000011100000001000> :  0.2906874E-03  0.2000000E-03           2
|0101101001011100100001000> :  0.4232638E-04  0.2000000E-03           2
|0101101000010100010000000> :  0.1082702E-03  0.2000000E-03           2
|0000001100010110010001000> :  0.1334304E-03  0.2000000E-03           2
|0110001100010100001000000> :  0.1260233E-03  0.2000000E-03           2
|0100001000011100000000000> :  0.3539528E-03  0.2000000E-03           2
|1100101101011100000001000> :  0.9990795E-04  0.2000000E-03           2
|0110001000011100000010000> :  0.3704042E-03  0.2000000E-03           2
|0100101111011100000001000> :  0.1153550E-03  0.2000000E-03           2
|0000001100010110001001000> :  0.5834380E-04  0.2000000E-03           2
|0001101100001100000011000> :  0.6455781E-05  0.2000000E-03           2
|0010001101010101001000000> :  0.2040467E-03  0.2000000E-03           2
|0000001101010111001000000> :  0.4538682E-04  0.2000000E-03           2
|0100001100011100010000000> :  0.9926894E-04  0.2000000E-03           2
|0101101000011100000101100> :  0.1036820E-04  0.2000000E-03           2
|0101101000011110000001100> :  0.4008849E-04  0.2000000E-03           2
|0000001100111100010001000> :  0.9337304E-04  0.2000000E-03           2
|0101101100011100010000000> :  0.1135450E-03  0.2000000E-03           2
|0100001101001100010011000> :  0.3628598E-05  0.2000000E-03           2
|0100111100011100001001000> :  0.9595982E-04  0.2000000E-03           2
|0100001110011100000000010> :  0.4721543E-04  0.2000000E-03           2
|0110001100011100010000000> :  0.3046305E-03  0.2000000E-03           2
|0110000100010101000000000> :  0.1470665E-03  0.2000000E-03           2
|0100001110011100000000000> :  0.1430088E-03  0.2000000E-03           2
|0110001000011100000000001> :  0.2019662E-03  0.2000000E-03           2
|0110001000011101000000000> :  0.7558617E-04  0.2000000E-03           2
|0110001000011100010000000> :  0.5751557E-04  0.2000000E-03           2
|0101101100011100010001000> :  0.1309842E-03  0.2000000E-03           2
|0110100100011100000001000> :  0.3623968E-04  0.2000000E-03           2
|0100001100010101000001000> :  0.1489053E-03  0.2000000E-03           2
|0100000100011100000001000> :  0.1014822E-03  0.2000000E-03           2
|0100001100010100001001000> :  0.2900092E-03  0.2000000E-03           2
|1000101100010100000001000> :  0.1414342E-03  0.2000000E-03           2
|1000001100011100000001000> :  0.4173700E-04  0.2000000E-03           2
|0110010100010100000010000> :  0.2330679E-03  0.2000000E-03           2
|1100001000011101000000000> :  0.3106200E-04  0.2000000E-03           2
|0100001000011100000011000> :  0.8968237E-04  0.2000000E-03           2
|0100001100010100000001000> :  0.2082001E-03  0.2000000E-03           2
|1100101100011100000001000> :  0.1383747E-03  0.2000000E-03           2
|0100001001011100100001000> :  0.9099493E-04  0.2000000E-03           2
|1110100100011100000000000> :  0.7280651E-04  0.2000000E-03           2
|0000001100011100000001000> :  0.1527742E-03  0.2000000E-03           2
|1100101100001100000000000> :  0.2314768E-03  0.2000000E-03           2
|0100101100010100000000000> :  0.2796689E-03  0.2000000E-03           2
|0101101000001100010001000> :  0.1637037E-03  0.2000000E-03           2
|0100101001011000000001000> :  0.3778794E-04  0.2000000E-03           2
|0001000100001100100100001> :  0.9772001E-08  0.1000000E-03           1
|0100001010011100000001000> :  0.1751680E-05  0.1000000E-03           1
|0100111000011100001001000> :  0.1560141E-03  0.1000000E-03           1
|0000111000010110100101000> :  0.4521422E-08  0.1000000E-03           1
|0000100100010101000001000> :  0.4086531E-04  0.1000000E-03           1
|0100110100111100000001000> :  0.1142793E-04  0.1000000E-03           1
|0100001010111100000001000> :  0.1457933E-04  0.1000000E-03           1
|0100001011000101000001000> :  0.2423104E-06  0.1000000E-03           1
|0100001001011100000001010> :  0.5385851E-04  0.1000000E-03           1
|0000110000011110100000100> :  0.8540229E-09  0.1000000E-03           1
|0100101110011100000101000> :  0.1048941E-04  0.1000000E-03           1
|0100101101011100100111000> :  0.2867438E-06  0.1000000E-03           1
|0100001000011101000001100> :  0.5868712E-07  0.1000000E-03           1
|0000101101011100100001000> :  0.2904664E-04  0.1000000E-03           1
|0000100100010100000001010> :  0.5089021E-04  0.1000000E-03           1
|0100001000011101000001000> :  0.1201098E-03  0.1000000E-03           1
|0100001000011100010101100> :  0.2968429E-06  0.1000000E-03           1
|0000101101011100001011010> :  0.2039768E-06  0.1000000E-03           1
|0100001000011100001001010> :  0.9096872E-04  0.1000000E-03           1
|0100101100011100100011000> :  0.1200328E-04  0.1000000E-03           1
|0100001000011100000101000> :  0.4782433E-04  0.1000000E-03           1
|0000100001011100000011000> :  0.1321951E-04  0.1000000E-03           1
|0100101100011100001000000> :  0.1169415E-04  0.1000000E-03           1
|0100001000011100000010000> :  0.6313273E-04  0.1000000E-03           1
|0000101100110100000001000> :  0.5577707E-04  0.1000000E-03           1
|0100101100011100000000000> :  0.1872648E-03  0.1000000E-03           1
|0100101100010101000001000> :  0.5124677E-04  0.1000000E-03           1
|0100001000011100000001000> :  0.4680342E-04  0.1000000E-03           1
|0000100000011111010001000> :  0.1113472E-06  0.1000000E-03           1
|0000001100011000010001000> :  0.2408276E-05  0.1000000E-03           1
|0000001010010100101010001> :  0.3032394E-08  0.1000000E-03           1
|1100001000010111000100100> :  0.5404042E-08  0.1000000E-03           1
|0100001000011000000001010> :  0.5486558E-05  0.1000000E-03           1
|0000101100011101000000011> :  0.3901514E-06  0.1000000E-03           1
|0100001000010100000011000> :  0.5091193E-05  0.1000000E-03           1
|0100101001111100000001000> :  0.1846955E-04  0.1000000E-03           1
|0100001000001100010001000> :  0.6792474E-04  0.1000000E-03           1
|0000101100011100010001000> :  0.9823025E-04  0.1000000E-03           1
|0100000110010100000001001> :  0.1172567E-05  0.1000000E-03           1
|0100000100011101010011000> :  0.4934584E-05  0.1000000E-03           1
|0000101100011100001001000> :  0.1346631E-03  0.1000000E-03           1
|0100000100011101000001000> :  0.2258635E-04  0.1000000E-03           1
|0100000100011100000001101> :  0.8833444E-06  0.1000000E-03           1
|0000101100011100000001011> :  0.1516122E-04  0.1000000E-03           1
|0000011110010101000000100> :  0.5358597E-08  0.1000000E-03           1
|0000001100010111001001000> :  0.1295967E-03  0.1000000E-03           1
|0100101001010100000001010> :  0.1353500E-04  0.1000000E-03           1
|0100000100010101000001000> :  0.2659009E-05  0.1000000E-03           1
|0000101100010101001001000> :  0.1761449E-03  0.1000000E-03           1
|0100000001011100100001000> :  0.7200890E-05  0.1000000E-03           1
|0100101000011101000000000> :  0.1402984E-03  0.1000000E-03           1
|0100000000111101010000010> :  0.1310374E-06  0.1000000E-03           1
|0000011101001100110001000> :  0.1148444E-06  0.1000000E-03           1
|0100000000110100000011000> :  0.2997416E-06  0.1000000E-03           1
|0011101000011100000000001> :  0.3728214E-05  0.1000000E-03           1
|0000101100010100010001000> :  0.5935961E-04  0.1000000E-03           1
|0011100100011100000011000> :  0.5918585E-05  0.1000000E-03           1
|0110100000010100000001100> :  0.2596438E-04  0.1000000E-03           1
|0011001100011100000001100> :  0.3484561E-05  0.1000000E-03           1
|0000101100010100001001100> :  0.9284597E-05  0.1000000E-03           1
|0000011001010000011110000> :  0.8383046E-10  0.1000000E-03           1
|0000001001111000000010000> :  0.1394438E-08  0.1000000E-03           1
|0000000101011100010001010> :  0.1734147E-04  0.1000000E-03           1
|0011001100011100000000001> :  0.7946348E-05  0.1000000E-03           1
|0100101000010101001001000> :  0.2456530E-05  0.1000000E-03           1
|0110001100011101000001000> :  0.1190110E-03  0.1000000E-03           1
|0011001000011100000011010> :  0.1160433E-07  0.1000000E-03           1
|0100100110011100000101001> :  0.9834919E-08  0.1000000E-03           1
|0100100110011100000000010> :  0.2384619E-04  0.1000000E-03           1
|0011000100011101000010100> :  0.6652541E-07  0.1000000E-03           1
|0100101000011100000000000> :  0.1248473E-03  0.1000000E-03           1
|0110011100010100000010000> :  0.2480953E-03  0.1000000E-03           1
|0100100100011100000001010> :  0.6693965E-05  0.1000000E-03           1
|0110100000010100001000011> :  0.6941184E-06  0.1000000E-03           1
|0100101000011100000001101> :  0.3683260E-04  0.1000000E-03           1
|0100101000011100000010000> :  0.2195736E-04  0.1000000E-03           1
|0110100100011101000001000> :  0.2065336E-05  0.1000000E-03           1
|0110101000001100000100101> :  0.3100109E-07  0.1000000E-03           1
|0100101000011100010001000> :  0.7920743E-04  0.1000000E-03           1
|0100101000011100010001100> :  0.5680934E-04  0.1000000E-03           1
|0110101100011100000001000> :  0.6912093E-05  0.1000000E-03           1
|0100101000011101000001000> :  0.1073529E-03  0.1000000E-03           1
|0100101000101100000011000> :  0.1354275E-05  0.1000000E-03           1
|0100101000110110000001000> :  0.1024378E-04  0.1000000E-03           1
|0100101000111100000011000> :  0.6876985E-04  0.1000000E-03           1
|0100101001000100000101001> :  0.2463519E-06  0.1000000E-03           1
|0111101000010101010001100> :  0.1589229E-06  0.1000000E-03           1
|0100101001010100001000100> :  0.3710278E-06  0.1000000E-03           1
|0100101001010100010011000> :  0.1121324E-05  0.1000000E-03           1
|1000001010001101011111110> :  0.1591949E-11  0.1000000E-03           1
|0100101001011100000000010> :  0.6189470E-04  0.1000000E-03           1
|1000011101000100110100000> :  0.7734676E-09  0.1000000E-03           1
|1000100110101100000001000> :  0.1913810E-07  0.1000000E-03           1
|0100101001011100001001010> :  0.3045262E-04  0.1000000E-03           1
|1000101100010100001000000> :  0.6347956E-04  0.1000000E-03           1
|0100101001100100000010000> :  0.6625219E-07  0.1000000E-03           1
|1000101101011100000000100> :  0.1292934E-05  0.1000000E-03           1
|0100101011011100000001000> :  0.1012724E-03  0.1000000E-03           1
|0100101011011100000001110> :  0.1840849E-04  0.1000000E-03           1
|0100101100001100000001000> :  0.1463967E-03  0.1000000E-03           1
|0100101100001100010011000> :  0.9917082E-05  0.1000000E-03           1
|1100000111010000000010100> :  0.7224512E-08  0.1000000E-03           1
|0011000100011101000000100> :  0.2515140E-05  0.1000000E-03           1
|0100101100010101000000000> :  0.9382681E-04  0.1000000E-03           1
|1100001010011100110001101> :  0.1898666E-09  0.1000000E-03           1
|0100101100011000000011000> :  0.3967284E-04  0.1000000E-03           1
|1100001100011100000010000> :  0.1020110E-04  0.1000000E-03           1
|1100001101000100100001000> :  0.1566630E-05  0.1000000E-03           1
|0100101100011100000011100> :  0.4995297E-05  0.1000000E-03           1
|0100101100011100000101100> :  0.3952776E-04  0.1000000E-03           1
|1100100101011100000000010> :  0.5272971E-05  0.1000000E-03           1
|1100101000111100000001101> :  0.1254302E-06  0.1000000E-03           1
|1100101011001100000001100> :  0.8543778E-06  0.1000000E-03           1
|0100101100011101000001000> :  0.9024038E-04  0.1000000E-03           1
|1100101100010100000001000> :  0.4753531E-04  0.1000000E-03           1
|0100101100111100000001010> :  0.1363733E-04  0.1000000E-03           1
|0100101100111100000011000> :  0.6090181E-04  0.1000000E-03           1
|0100101101011100000000010> :  0.4930401E-04  0.1000000E-03           1
|0100101101011100010000000> :  0.2018123E-05  0.1000000E-03           1
|0100101101011100010001000> :  0.8254938E-04  0.1000000E-03           1
|1101100100000100000000100> :  0.2087063E-05  0.1000000E-03           1
|0100101110011100000001010> :  0.3724705E-04  0.1000000E-03           1
|1101101111011110101011100> :  0.8019275E-08  0.1000000E-03           1
|1110000100011101000000000> :  0.2052343E-03  0.1000000E-03           1
|0100110000001100000000011> :  0.3064012E-07  0.1000000E-03           1
|0100110000010100000001010> :  0.8218747E-07  0.1000000E-03           1
|1111110001010000101011010> :  0.8881451E-11  0.1000000E-03           1
|0100110101011100010000000> :  0.8164991E-09  0.1000000E-03           1
|0000101100010100000101000> :  0.1186213E-03  0.1000000E-03           1
|0100111100000100100001000> :  0.1235911E-05  0.1000000E-03           1
|0100111100010100010101000> :  0.1348813E-05  0.1000000E-03           1
|0000010000001101100000101> :  0.1249949E-07  0.1000000E-03           1
|0100111100111100000001000> :  0.4870158E-04  0.1000000E-03           1
|0100111101111100000001000> :  0.2574226E-05  0.1000000E-03           1
|0100111110010100010000000> :  0.9357370E-08  0.1000000E-03           1
|0101000000011100000001001> :  0.4745333E-04  0.1000000E-03           1
|0100100100010110100001001> :  0.4067556E-07  0.1000000E-03           1
|0100100100010100010010100> :  0.1099645E-06  0.1000000E-03           1
|0011000100011100000011000> :  0.3785920E-04  0.1000000E-03           1
|0100100100010100000001010> :  0.3692913E-06  0.1000000E-03           1
|0100100010010100000000010> :  0.6324977E-05  0.1000000E-03           1
|0011000001011100000101000> :  0.1015229E-07  0.1000000E-03           1
|0100100001010111000000010> :  0.3366980E-06  0.1000000E-03           1
|0100100000011110000001100> :  0.8217957E-05  0.1000000E-03           1
|0011000000011110000001000> :  0.5033291E-06  0.1000000E-03           1
|0110000100011100000001000> :  0.3443393E-03  0.1000000E-03           1
|0110000100011100000000001> :  0.1967141E-04  0.1000000E-03           1
|0100100000011100000001010> :  0.8593805E-06  0.1000000E-03           1
|0011000000010110000011010> :  0.6799101E-07  0.1000000E-03           1
|0000101100010100000001000> :  0.5869177E-04  0.1000000E-03           1
|0000001101011100000000010> :  0.8266713E-05  0.1000000E-03           1
|0100100000011100000001000> :  0.1015702E-03  0.1000000E-03           1
|0100100000001101100000101> :  0.2020345E-07  0.1000000E-03           1
|0010100101000100100101010> :  0.9128513E-09  0.1000000E-03           1
|0100011100011100000101000> :  0.4584278E-05  0.1000000E-03           1
|0100011100011100000001000> :  0.5139037E-04  0.1000000E-03           1
|0010100100011100000001000> :  0.4203973E-04  0.1000000E-03           1
|0000101100001100010001000> :  0.3440788E-04  0.1000000E-03           1
|0100011100000010010010100> :  0.1866633E-07  0.1000000E-03           1
|0101111000011100010000000> :  0.1018344E-05  0.1000000E-03           1
|0100001111011100000001010> :  0.8001221E-04  0.1000000E-03           1
|0100001111011100000001000> :  0.1060174E-03  0.1000000E-03           1
|0101101101011100000001000> :  0.2148156E-04  0.1000000E-03           1
|0010001001100100011000001> :  0.3645765E-08  0.1000000E-03           1
|0000101001011100100001000> :  0.1066176E-04  0.1000000E-03           1
|0000001101011000000001000> :  0.1201012E-04  0.1000000E-03           1
|0101101100111100000011001> :  0.6694768E-05  0.1000000E-03           1
|0100001101111100000000010> :  0.3532327E-06  0.1000000E-03           1
|0010001001011101010000010> :  0.4416524E-05  0.1000000E-03           1
|0100001101011100100001000> :  0.1529909E-03  0.1000000E-03           1
|0101101100011100001001000> :  0.5076096E-04  0.1000000E-03           1
|0100001101011100000011000> :  0.1718863E-03  0.1000000E-03           1
|0010000110010000011010010> :  0.4528685E-08  0.1000000E-03           1
|0101101100011100000011100> :  0.3113536E-04  0.1000000E-03           1
|0101101100011100000001001> :  0.6796996E-04  0.1000000E-03           1
|0010000101010101000001010> :  0.3148787E-06  0.1000000E-03           1
|0101101100001100010011100> :  0.3693016E-06  0.1000000E-03           1
|0100001100111101000011000> :  0.5955550E-05  0.1000000E-03           1
|0101101100001100010001000> :  0.5749528E-04  0.1000000E-03           1
|0101101100001100000100000> :  0.3006235E-05  0.1000000E-03           1
|0010000100010101010001000> :  0.6278386E-06  0.1000000E-03           1
|0000001000011100001001010> :  0.2700207E-04  0.1000000E-03           1
|0100001100101101010000101> :  0.2257166E-09  0.1000000E-03           1
|0100001100011101000001000> :  0.1004012E-03  0.1000000E-03           1
|0010000001000101001001010> :  0.7418237E-09  0.1000000E-03           1
|0100001100011100010001000> :  0.1422793E-03  0.1000000E-03           1
|0101101000011110000001000> :  0.2059996E-03  0.1000000E-03           1
|0101101000011100010000000> :  0.6190281E-04  0.1000000E-03           1
|0001101100011100111011001> :  0.1480736E-06  0.1000000E-03           1
|0100001100011100001001010> :  0.4641270E-04  0.1000000E-03           1
|0101101000011100000101000> :  0.1580281E-04  0.1000000E-03           1
|0101101000011100000001100> :  0.5138932E-04  0.1000000E-03           1
|0100001100011100001000000> :  0.1920905E-03  0.1000000E-03           1
|0001101100011100000001100> :  0.7964677E-05  0.1000000E-03           1
|0101101000010111001010010> :  0.7250113E-09  0.1000000E-03           1
|0101101000011111000001000> :  0.3359901E-06  0.1000000E-03           1
|0101101001011100000001100> :  0.5374617E-04  0.1000000E-03           1
|0101101001011100010001000> :  0.1203162E-04  0.1000000E-03           1
|0100001100011100000111000> :  0.8429609E-05  0.1000000E-03           1
|0101101100000100000011000> :  0.5726937E-05  0.1000000E-03           1
|0101101000010100000001001> :  0.3235667E-04  0.1000000E-03           1
|0101101000001100100001000> :  0.3784611E-04  0.1000000E-03           1
|0100001100011100000101100> :  0.8460349E-05  0.1000000E-03           1
|0101101100011100000000100> :  0.2187789E-04  0.1000000E-03           1
|0000101000011100000001001> :  0.5705494E-04  0.1000000E-03           1
|0101101100011100000010000> :  0.3129073E-04  0.1000000E-03           1
|0101101000001100000011000> :  0.1445199E-03  0.1000000E-03           1
|0101101100011100000101100> :  0.3431974E-04  0.1000000E-03           1
|0100001100011100000101000> :  0.8068262E-04  0.1000000E-03           1
|0101101000001100000001001> :  0.2719613E-04  0.1000000E-03           1
|0101101000000100010000000> :  0.4840949E-05  0.1000000E-03           1
|0101101100011100010001100> :  0.5537736E-04  0.1000000E-03           1
|0101101100011100110011000> :  0.1122433E-04  0.1000000E-03           1
|0101101100011110000001000> :  0.8503919E-04  0.1000000E-03           1
|0100001100011100000010000> :  0.1127945E-03  0.1000000E-03           1
|0101101101001100010011000> :  0.4501210E-06  0.1000000E-03           1
|0101101000000100000010001> :  0.2107471E-06  0.1000000E-03           1
|0101101101011100010001101> :  0.3276017E-05  0.1000000E-03           1
|0101101110011100000001100> :  0.3133866E-05  0.1000000E-03           1
|0101101111011100100001000> :  0.8550183E-06  0.1000000E-03           1
|0101100110001101000001100> :  0.9296248E-07  0.1000000E-03           1
|0101100100011100000001100> :  0.6636007E-04  0.1000000E-03           1
|0101111011010100101111001> :  0.7034051E-10  0.1000000E-03           1
|0101111100000100010000000> :  0.2478940E-06  0.1000000E-03           1
|0110000000010100000010001> :  0.9486799E-05  0.1000000E-03           1
|0110000000011100000000001> :  0.1442811E-03  0.1000000E-03           1
|0110000100010100000010000> :  0.1134873E-03  0.1000000E-03           1
|0101100100001100000001100> :  0.3491258E-05  0.1000000E-03           1
|0001101000011100100000000> :  0.1066708E-05  0.1000000E-03           1
|0101100100000100010000101> :  0.2034337E-06  0.1000000E-03           1
|0110000100010101000001000> :  0.1421969E-03  0.1000000E-03           1
|0110000100010101000010000> :  0.1257247E-03  0.1000000E-03           1
|0101100010011100000001000> :  0.2556276E-05  0.1000000E-03           1
|0101100000011100001011000> :  0.4569826E-04  0.1000000E-03           1
|0101100000010100010110000> :  0.8042544E-07  0.1000000E-03           1
|0100001100011100000000001> :  0.2630055E-04  0.1000000E-03           1
|0001101000010110010110100> :  0.2257521E-08  0.1000000E-03           1
|0110001000010100000010000> :  0.1080045E-03  0.1000000E-03           1
|0110001000011000000010000> :  0.7960577E-04  0.1000000E-03           1
|0101100000001100000011010> :  0.1533356E-06  0.1000000E-03           1
|0101011100111100001001010> :  0.5169237E-07  0.1000000E-03           1
|0100001100011100000000000> :  0.1882716E-03  0.1000000E-03           1
|0101011100010100111001000> :  0.1764169E-06  0.1000000E-03           1
|0110001000011101000001000> :  0.1924690E-04  0.1000000E-03           1
|0110001001011101000000000> :  0.4390268E-04  0.1000000E-03           1
|0110001100010000000010000> :  0.3707482E-04  0.1000000E-03           1
|0101011100010100010000100> :  0.1634662E-05  0.1000000E-03           1
|0100001100011000000001010> :  0.5077119E-04  0.1000000E-03           1
|0001100100111100000001100> :  0.2193028E-05  0.1000000E-03           1
|0000101000010100010001000> :  0.1966746E-04  0.1000000E-03           1
|0101001101011101000011000> :  0.1751867E-05  0.1000000E-03           1
|0110001100010101000001000> :  0.9822004E-04  0.1000000E-03           1
|0110001100011100000000011> :  0.9452995E-05  0.1000000E-03           1
|0110001100011100000001000> :  0.2707155E-03  0.1000000E-03           1
|0110001100011100000001101> :  0.2582353E-05  0.1000000E-03           1
|0110001100011100001000000> :  0.1886530E-03  0.1000000E-03           1
|0101001101011100101011100> :  0.1421478E-06  0.1000000E-03           1
|0100001100010110001000000> :  0.1261699E-03  0.1000000E-03           1
|0110001100011101001000000> :  0.7643790E-04  0.1000000E-03           1
|0110001101010101000000000> :  0.5426106E-04  0.1000000E-03           1
|0101001101011100000001000> :  0.4629372E-04  0.1000000E-03           1
|0101001101010100000000010> :  0.2170206E-06  0.1000000E-03           1
|0100001100010101010001000> :  0.1447157E-05  0.1000000E-03           1
|0110011100010101000010000> :  0.3806952E-06  0.1000000E-03           1
|0001001100011101000101000> :  0.7448434E-06  0.1000000E-03           1
|0101001100111100010001000> :  0.2007810E-05  0.1000000E-03           1
|0101001100111100000001000> :  0.1544310E-04  0.1000000E-03           1
|0100001100010101001000000> :  0.1820184E-03  0.1000000E-03           1
|0110100000011100000001000> :  0.2244323E-05  0.1000000E-03           1
|0110100001011101000001010> :  0.7922221E-06  0.1000000E-03           1
|0110100100010100000000000> :  0.1130960E-04  0.1000000E-03           1
|0110100100010100000100001> :  0.2056269E-07  0.1000000E-03           1
|0101001100011110000001000> :  0.1370845E-03  0.1000000E-03           1
|0101001100011100110101000> :  0.1150840E-05  0.1000000E-03           1
|0001001100000000011011100> :  0.1027764E-06  0.1000000E-03           1
|0110101000010100000001100> :  0.7654263E-04  0.1000000E-03           1
|0000101000001100101100000> :  0.1048992E-06  0.1000000E-03           1
|0101001100011100000011000> :  0.1197453E-03  0.1000000E-03           1
|0110101000011101000000000> :  0.8802396E-04  0.1000000E-03           1
|0110101100010100000001000> :  0.4354739E-04  0.1000000E-03           1
|0001001000011110010001000> :  0.3475852E-04  0.1000000E-03           1
|0110101100110100000001100> :  0.4506954E-06  0.1000000E-03           1
|0110110000011101000000010> :  0.4981958E-07  0.1000000E-03           1
|0110110001100111110001111> :  0.2765566E-12  0.1000000E-03           1
|0111000000011100000111000> :  0.1035013E-06  0.1000000E-03           1
|0111000100001000100100000> :  0.2479618E-08  0.1000000E-03           1
|0111000100011100101001000> :  0.1017007E-06  0.1000000E-03           1
|0111001000011100000000000> :  0.2330014E-06  0.1000000E-03           1
|0111001000011101100000101> :  0.5387584E-08  0.1000000E-03           1
|0111001100001100000001101> :  0.3424081E-05  0.1000000E-03           1
|0111001100010101001010000> :  0.1221565E-05  0.1000000E-03           1
|0111011100000000000010100> :  0.1277313E-06  0.1000000E-03           1
|0101001100010101001001100> :  0.3157402E-06  0.1000000E-03           1
|0111101000011100000001000> :  0.1219180E-04  0.1000000E-03           1
|0111101100011100000001100> :  0.1167746E-04  0.1000000E-03           1
|1000000000010101100000101> :  0.1293245E-07  0.1000000E-03           1
|1000000100100100000000100> :  0.3179471E-07  0.1000000E-03           1
|1000001000000101100111010> :  0.2920293E-08  0.1000000E-03           1
|0101001100010100010001111> :  0.1015679E-07  0.1000000E-03           1
|0101001100001100011000000> :  0.3401469E-05  0.1000000E-03           1
|1000001100011100010001000> :  0.6927334E-04  0.1000000E-03           1
|1000011100011100011001000> :  0.6629822E-06  0.1000000E-03           1
|0100001100010100000101000> :  0.1898230E-04  0.1000000E-03           1
|0001001000001101000000000> :  0.3168756E-06  0.1000000E-03           1
|0000100100011110001000010> :  0.2685777E-06  0.1000000E-03           1
|1000101000001100000011000> :  0.8576737E-08  0.1000000E-03           1
|0000001100011101000001000> :  0.6398639E-04  0.1000000E-03           1
|0101001100001100010001000> :  0.1783916E-04  0.1000000E-03           1
|0101001100001100000011000> :  0.1507056E-03  0.1000000E-03           1
|1000101100010101000001000> :  0.2352851E-04  0.1000000E-03           1
|1000101100011100000001000> :  0.1809423E-04  0.1000000E-03           1
|1000101100011100010001000> :  0.8478844E-04  0.1000000E-03           1
|0100001100010100000011000> :  0.1396185E-04  0.1000000E-03           1
|1000101101011100100011000> :  0.1070334E-05  0.1000000E-03           1
|1000110011111100000001100> :  0.4338759E-09  0.1000000E-03           1
|1001000100000100000011100> :  0.2786690E-06  0.1000000E-03           1
|1001000100001111000000001> :  0.6663388E-07  0.1000000E-03           1
|1001000100011100100001000> :  0.3244715E-05  0.1000000E-03           1
|1001100000011100000000101> :  0.2977214E-07  0.1000000E-03           1
|1010001001010011010011000> :  0.5049896E-09  0.1000000E-03           1
|1011010000000001100000010> :  0.5860879E-08  0.1000000E-03           1
|1100000000010101001000010> :  0.6654425E-06  0.1000000E-03           1
|0101001100000101100011000> :  0.1610734E-06  0.1000000E-03           1
|1100001000001100100010000> :  0.2812425E-07  0.1000000E-03           1
|0101001100000100000101010> :  0.7768919E-06  0.1000000E-03           1
|0001000110000110100010001> :  0.2805003E-08  0.1000000E-03           1
|1100001001000100000100010> :  0.8534623E-07  0.1000000E-03           1
|1100001001011100000001010> :  0.4293000E-05  0.1000000E-03           1
|0101001000011110000001000> :  0.1425178E-03  0.1000000E-03           1
|0101001000011101000001010> :  0.7321218E-06  0.1000000E-03           1
|1100001100010100000001000> :  0.6563953E-04  0.1000000E-03           1
|0100001100010100000001010> :  0.6791982E-04  0.1000000E-03           1
|0101001000011100101101000> :  0.1630024E-05  0.1000000E-03           1
|1100001100011101000001000> :  0.2575735E-04  0.1000000E-03           1
|0001000101111100001010000> :  0.4951184E-08  0.1000000E-03           1
|1100001101110100000001000> :  0.2128720E-06  0.1000000E-03           1
|1100010100011100000000011> :  0.8883186E-07  0.1000000E-03           1
|1100011101011100000001000> :  0.2014560E-05  0.1000000E-03           1
|1100100001011100000001100> :  0.6420218E-05  0.1000000E-03           1
|1100100100010100000000000> :  0.1092840E-03  0.1000000E-03           1
|0000100100011100001001111> :  0.2686197E-08  0.1000000E-03           1
|0101001000011100000001100> :  0.7725696E-05  0.1000000E-03           1
|0101001000001101010001000> :  0.2070340E-04  0.1000000E-03           1
|0101001000001100101001001> :  0.3864278E-07  0.1000000E-03           1
|0101001000001100001111110> :  0.1475096E-09  0.1000000E-03           1
|1100101100000100011001000> :  0.6069588E-05  0.1000000E-03           1
|0100001100001100010001000> :  0.3330865E-04  0.1000000E-03           1
|0101000101010100100011100> :  0.2903215E-07  0.1000000E-03           1
|0101000100011100000011000> :  0.1596320E-04  0.1000000E-03           1
|0100001100000101000110000> :  0.9284301E-06  0.1000000E-03           1
|0101000000011100100001000> :  0.6014968E-05  0.1000000E-03           1
|0101000000011100000011000> :  0.2925154E-04  0.1000000E-03           1
|1100101111011100000001100> :  0.3052818E-05  0.1000000E-03           1
|1100111100010100010001000> :  0.1863112E-05  0.1000000E-03           1
|1101001000000100000000001> :  0.9387903E-07  0.1000000E-03           1
|1101001000011101100011000> :  0.3014802E-08  0.1000000E-03           1
|1101001100011100000010000> :  0.1448481E-05  0.1000000E-03           1
|1101001100011100001001000> :  0.1375777E-04  0.1000000E-03           1
|1101001100011100010001000> :  0.1430431E-04  0.1000000E-03           1
|1101100000010101000000101> :  0.8667875E-07  0.1000000E-03           1
|0100001100000100010001000> :  0.5474987E-06  0.1000000E-03           1
|1101100100011100001000000> :  0.7212096E-06  0.1000000E-03           1
|1101101000001001000000000> :  0.8390357E-08  0.1000000E-03           1
|1101101000001100000001100> :  0.5098147E-06  0.1000000E-03           1
|0001000100011100000010000> :  0.6305091E-04  0.1000000E-03           1
|1110000100010100000010000> :  0.1988529E-03  0.1000000E-03           1
|0000001100011100010001000> :  0.1026004E-03  0.1000000E-03           1
|1110001100010000000010000> :  0.4749911E-05  0.1000000E-03           1
|0000001100010100001001100> :  0.8425239E-04  0.1000000E-03           1
|1110001100011100000001000> :  0.7578884E-05  0.1000000E-03           1
|0000000110110100000001000> :  0.8921626E-05  0.1000000E-03           1
|1110101000011100000000000> :  0.5014587E-05  0.1000000E-03           1
|0000000010010110001100101> :  0.4969235E-09  0.1000000E-03           1
|0000000001011100100000000> :  0.5197988E-06  0.1000000E-03           1
