# state, exact probability, frequency, count:
#------------------------------------------------------------------
|0100001000000011101000010> :  0.3011969E+00  0.3001000E+00        3001
|0100001000010011101000000> :  0.2806038E+00  0.2819000E+00        2819
|0100001000100011101000000> :  0.1649325E+00  0.1667000E+00        1667
|0100010000000011101000010> :  0.1266307E+00  0.1224000E+00        1224
|0100010000010011101000000> :  0.1112446E+00  0.1126000E+00        1126
|0100001000000001011000010> :  0.5581002E-03  0.1200000E-02          12
|0100001000000011101000000> :  0.3772951E-03  0.7000000E-03           7
|0100001000100001011000000> :  0.2302519E-03  0.5000000E-03           5
|0100000000010011101000000> :  0.3139072E-03  0.4000000E-03           4
|0000001001100001010100000> :  0.1484019E-03  0.4000000E-03           4
|0100001000010001011000000> :  0.3438060E-03  0.3000000E-03           3
|0100001000000010101000010> :  0.1154153E-03  0.3000000E-03           3
|0100001000010001010100000> :  0.1377965E-03  0.3000000E-03           3
|0101001000000010001000010> :  0.1832702E-03  0.3000000E-03           3
|0101010000000000001010010> :  0.2107933E-03  0.2000000E-03           2
|0010000010100000101000000> :  0.3708234E-04  0.2000000E-03           2
|0100010000010011100000000> :  0.2570467E-03  0.2000000E-03           2
|0100000010100000100100000> :  0.1323593E-03  0.2000000E-03           2
|0100001000000011111000110> :  0.2262579E-04  0.2000000E-03           2
|0100001000110011101000000> :  0.1114841E-03  0.2000000E-03           2
|0101010000000010001000010> :  0.1142358E-03  0.2000000E-03           2
|0000100001001000000000110> :  0.5647995E-04  0.2000000E-03           2
|0100010000010010101000000> :  0.1525495E-03  0.2000000E-03           2
|0000001100000000101000010> :  0.6212917E-04  0.2000000E-03           2
|0010000010100100001000000> :  0.4759895E-04  0.2000000E-03           2
|0100000000000011101000010> :  0.2409631E-03  0.2000000E-03           2
|0110001000001011101000000> :  0.8405956E-05  0.2000000E-03           2
|0100001000100001101000000> :  0.7290075E-04  0.2000000E-03           2
|0110001000101011101000000> :  0.2493283E-04  0.2000000E-03           2
|0100001000011011101010000> :  0.5868411E-04  0.1000000E-03           1
|0100001000010011111000100> :  0.2132769E-04  0.1000000E-03           1
|0100000000001101000110001> :  0.2312882E-06  0.1000000E-03           1
|0100000000001010101001110> :  0.6703216E-06  0.1000000E-03           1
|0100000000001000011000010> :  0.1497945E-04  0.1000000E-03           1
|0000011000010011101000101> :  0.6700197E-05  0.1000000E-03           1
|0000001000100001010100000> :  0.4239962E-05  0.1000000E-03           1
|0100000000001000001101101> :  0.5854205E-08  0.1000000E-03           1
|0100001000010000100100000> :  0.2242023E-04  0.1000000E-03           1
|0000011000000111001000100> :  0.2015679E-05  0.1000000E-03           1
|0010101001000000101000100> :  0.2305015E-08  0.1000000E-03           1
|0010100000010110010001000> :  0.4727247E-08  0.1000000E-03           1
|0000010000010010100000001> :  0.5871586E-05  0.1000000E-03           1
|0000001000010111100001000> :  0.2625099E-05  0.1000000E-03           1
|0000000110100000101000000> :  0.1466042E-04  0.1000000E-03           1
|0101001000000000001010000> :  0.2219681E-04  0.1000000E-03           1
|0101001000000000001000010> :  0.6549443E-04  0.1000000E-03           1
|0101001000010011101001000> :  0.7710697E-05  0.1000000E-03           1
|0101000010000000001010000> :  0.2645204E-04  0.1000000E-03           1
|0100001000000111101001000> :  0.1543416E-04  0.1000000E-03           1
|0100001000010000100000001> :  0.4230300E-04  0.1000000E-03           1
|0110001000100010101000101> :  0.1863971E-05  0.1000000E-03           1
|0110001000100011100000100> :  0.3034517E-04  0.1000000E-03           1
|0110100000000011001010010> :  0.4349743E-06  0.1000000E-03           1
|0100001000010010100000001> :  0.9418891E-04  0.1000000E-03           1
|0100001000010010101000000> :  0.1163231E-03  0.1000000E-03           1
|0100001000010011100000000> :  0.1916507E-03  0.1000000E-03           1
|1100011000000011101000100> :  0.4922866E-04  0.1000000E-03           1
|0100001000010011101000010> :  0.5255117E-04  0.1000000E-03           1
|0100001000000010100000001> :  0.3591400E-05  0.1000000E-03           1
|0100001000010111101010000> :  0.6260657E-04  0.1000000E-03           1
|0100011000110011101000100> :  0.5193385E-06  0.1000000E-03           1
|0100001000100000010100000> :  0.4229655E-05  0.1000000E-03           1
|0100001000000001101001110> :  0.2746384E-04  0.1000000E-03           1
|0000010000000011101010110> :  0.3564512E-05  0.1000000E-03           1
|0100001000000001100000010> :  0.5836146E-05  0.1000000E-03           1
|0100010100000011101000110> :  0.5202445E-04  0.1000000E-03           1
|0010000000010001100101101> :  0.1559229E-07  0.1000000E-03           1
|0100000100100111101010000> :  0.9468069E-07  0.1000000E-03           1
|0100000100010011101000100> :  0.1698637E-04  0.1000000E-03           1
|0001010000000010001000010> :  0.3315122E-04  0.1000000E-03           1
|0000010000000011101000010> :  0.5495390E-04  0.1000000E-03           1
|0000001000000011101000010> :  0.1658721E-03  0.1000000E-03           1
|0100010000001001001001100> :  0.7239645E-08  0.1000000E-03           1
|0100010000000001101000010> :  0.1056423E-03  0.1000000E-03           1
|0100000010010000001000000> :  0.6836187E-06  0.1000000E-03           1
|0001000110000100001000000> :  0.4249038E-04  0.1000000E-03           1
|0100001100100011101000100> :  0.7965967E-04  0.1000000E-03           1
|0100001100100010110000100> :  0.3840667E-06  0.1000000E-03           1
|0100000000100011110000101> :  0.6916365E-06  0.1000000E-03           1
|0100001100100001001000101> :  0.2425808E-06  0.1000000E-03           1
|0100010000010011101000010> :  0.2074384E-04  0.1000000E-03           1
|0100010000010111101010010> :  0.9592629E-05  0.1000000E-03           1
|0100001010100011011000100> :  0.7978205E-08  0.1000000E-03           1
|0100010100001011001010010> :  0.6659192E-06  0.1000000E-03           1
|0100010100011011101000000> :  0.2396187E-04  0.1000000E-03           1
|0100011000000011100010110> :  0.3005901E-05  0.1000000E-03           1
|0100000000100011101000000> :  0.9963207E-04  0.1000000E-03           1
|0100100000000100000110011> :  0.6394448E-06  0.1000000E-03           1
|0100101000100111001010000> :  0.7390120E-06  0.1000000E-03           1
|0101000001000110000010011> :  0.1991831E-07  0.1000000E-03           1
|0000111001000011111000010> :  0.2400204E-09  0.1000000E-03           1
|0100001001010011101010000> :  0.5841453E-05  0.1000000E-03           1
|0100000000100001010100000> :  0.4193461E-04  0.1000000E-03           1
|0101001000000010001000000> :  0.1516092E-04  0.1000000E-03           1
|0100001000100111100001000> :  0.2008107E-05  0.1000000E-03           1
|0100000000010111101000100> :  0.1288447E-04  0.1000000E-03           1
|0000101100100000100000000> :  0.2536045E-04  0.1000000E-03           1
|0100001000100010101000000> :  0.7030059E-04  0.1000000E-03           1
|0110000000000101000010100> :  0.1175718E-06  0.1000000E-03           1
|0110000101000001000000001> :  0.2270778E-07  0.1000000E-03           1
|0100000000010011101010100> :  0.1701450E-04  0.1000000E-03           1
|0110001000010011001000100> :  0.1716685E-04  0.1000000E-03           1
|0100001000100001100100000> :  0.1560363E-03  0.1000000E-03           1
|0110001000100011001000100> :  0.2678721E-04  0.1000000E-03           1
|0100000000010011101001100> :  0.5138489E-05  0.1000000E-03           1
|0000101000001100010001110> :  0.8445262E-08  0.1000000E-03           1
|0000001000000001101000010> :  0.2263532E-04  0.1000000E-03           1
|1000001000000011001000000> :  0.1293796E-04  0.1000000E-03           1
|1001000100000000110000100> :  0.9846702E-07  0.1000000E-03           1
|1100000001011000000000011> :  0.1386933E-08  0.1000000E-03           1
|1100001000000011001000000> :  0.8668279E-04  0.1000000E-03           1
|1100001001100011010000100> :  0.1637470E-06  0.1000000E-03           1
|1100010000000011100000101> :  0.1289915E-05  0.1000000E-03           1
|1100011000000011001000000> :  0.6125978E-05  0.1000000E-03           1
|0000000100000000001000010> :  0.1668154E-07  0.1000000E-03           1
|1100011000011011101000000> :  0.5557051E-05  0.1000000E-03           1
|1111000000001010101000000> :  0.4447759E-07  0.1000000E-03           1
|0000000001100011000010101> :  0.2052733E-06  0.1000000E-03           1
