# state, exact probability, frequency, count:
#------------------------------------------------------------------
|110100100010011110001101011010> :  0.2884541E+00  0.2861000E+00        2861
|001011011101100001110010100101> :  0.2884541E+00  0.2816000E+00        2816
|001001011101101001110010100101> :  0.4345156E-01  0.4470000E-01         447
|110110100010010110001101011010> :  0.4345156E-01  0.4040000E-01         404
|101001011101101001110010100100> :  0.3719145E-01  0.3870000E-01         387
|010110100010010110001101011011> :  0.3719145E-01  0.3710000E-01         371
|010110000010010110001101011111> :  0.1799650E-01  0.1980000E-01         198
|101001111101101001110010100000> :  0.1799650E-01  0.1760000E-01         176
|010110100010010110001101001111> :  0.1360204E-01  0.1420000E-01         142
|101001011101101001110010110000> :  0.1360204E-01  0.1390000E-01         139
|010110100010001110001101011011> :  0.1202473E-01  0.1230000E-01         123
|101001011101110001110010100100> :  0.1202473E-01  0.1140000E-01         114
|110011111000101000000101010011> :  0.9272573E-02  0.9300000E-02          93
|001100000111010111111010101100> :  0.9272573E-02  0.8500000E-02          85
|110011111000111000000101010011> :  0.6324295E-02  0.7000000E-02          70
|010100100010001110001101011011> :  0.5586688E-02  0.6400000E-02          64
|001100000111000111111010101100> :  0.6324295E-02  0.6100000E-02          61
|101011011101110001110010100100> :  0.5586688E-02  0.5800000E-02          58
|000000011111010101111010101100> :  0.3871314E-02  0.5300000E-02          53
|010110100010010110001101011111> :  0.4142304E-02  0.5200000E-02          52
|001011011101010001110010100101> :  0.4713911E-02  0.4900000E-02          49
|111111100000101010000101010011> :  0.3871314E-02  0.4300000E-02          43
|110100100010101110001101011010> :  0.4713911E-02  0.4200000E-02          42
|101001011101101001110010100000> :  0.4142304E-02  0.3700000E-02          37
|101001011101010001110010101100> :  0.1748317E-02  0.2400000E-02          24
|100001011101010001110110111100> :  0.1986700E-02  0.2300000E-02          23
|011110100010101110001001000011> :  0.1986700E-02  0.2100000E-02          21
|001001111101101001110010100101> :  0.1683269E-02  0.2000000E-02          20
|001001011101010101110010100101> :  0.1955451E-02  0.2000000E-02          20
|100001011111010001110010111100> :  0.1511012E-02  0.1800000E-02          18
|110100100010001110001101011011> :  0.1430621E-02  0.1700000E-02          17
|010110100010101110001101010011> :  0.1748317E-02  0.1700000E-02          17
|001011011101110001110010100100> :  0.1430621E-02  0.1600000E-02          16
|101001111101101001110010000000> :  0.1295257E-02  0.1600000E-02          16
|011110100010101110001101000011> :  0.1372792E-02  0.1500000E-02          15
|000000010111110101111010101110> :  0.9438341E-03  0.1400000E-02          14
|110110000010010110001101011010> :  0.1683269E-02  0.1400000E-02          14
|110110100010101010001101011010> :  0.1955451E-02  0.1400000E-02          14
|110110100010101110001101011010> :  0.1191211E-02  0.1400000E-02          14
|100001011101010001110010111100> :  0.1372792E-02  0.1300000E-02          13
|000000011111010101111010101110> :  0.8090598E-03  0.1200000E-02          12
|010110000010010110001101111111> :  0.1295257E-02  0.1200000E-02          12
|110100100010001110001101011010> :  0.1549642E-02  0.1200000E-02          12
|011110100000101110001101000011> :  0.1511012E-02  0.1200000E-02          12
|001011011101110001110010100101> :  0.1549642E-02  0.1200000E-02          12
|010110100010101110001101011011> :  0.8633569E-03  0.1200000E-02          12
|111111101000001010000101010001> :  0.9438341E-03  0.1200000E-02          12
|001001011101010001110010100101> :  0.1191211E-02  0.1100000E-02          11
|010110100010011110001101011011> :  0.8722391E-03  0.1000000E-02          10
|101011011101010001110010101100> :  0.7125782E-03  0.1000000E-02          10
|001010010101110001110010101110> :  0.8964355E-03  0.1000000E-02          10
|101001011101010001110010100100> :  0.8633569E-03  0.1000000E-02          10
|000000010111010101111010101110> :  0.7860182E-03  0.1000000E-02          10
|110101101010001110001101010001> :  0.8964355E-03  0.9000000E-03           9
|010100100010101110001101011011> :  0.7136400E-03  0.9000000E-03           9
|001011011101010001110010101101> :  0.5477916E-03  0.8000000E-03           8
|101001011101100001110010100100> :  0.8722391E-03  0.8000000E-03           8
|111111100000101010000101010001> :  0.8090598E-03  0.8000000E-03           8
|110110100010011010001101011010> :  0.5155141E-03  0.7000000E-03           7
|110110100010001110001101011011> :  0.4628804E-03  0.7000000E-03           7
|101011011101010001110010100100> :  0.7136400E-03  0.7000000E-03           7
|110110100010111010001101011010> :  0.5686896E-03  0.7000000E-03           7
|110100100010010110001101011010> :  0.5556296E-03  0.6000000E-03           6
|111111111000101000000101010001> :  0.7380405E-03  0.6000000E-03           6
|110110100010011110001101011010> :  0.1759955E-03  0.6000000E-03           6
|001001011101110001110010100100> :  0.4628804E-03  0.6000000E-03           6
|001001011101000101110010100101> :  0.5686896E-03  0.6000000E-03           6
|010100100010011110001101011011> :  0.2480268E-03  0.6000000E-03           6
|110100100010001110001101010011> :  0.2777347E-03  0.6000000E-03           6
|001011011101101001110010100101> :  0.5556296E-03  0.5000000E-03           5
|001001011101100101110010100101> :  0.5155141E-03  0.5000000E-03           5
|110100100010101110001101010010> :  0.5477916E-03  0.5000000E-03           5
|110011011100111000000101010011> :  0.2753187E-03  0.5000000E-03           5
|001001011101010101110010101100> :  0.2944366E-03  0.5000000E-03           5
|000000000111010111111010101110> :  0.7380405E-03  0.5000000E-03           5
|110011011101111000000101010000> :  0.5392911E-03  0.4000000E-03           4
|010100100010101110001101010011> :  0.7125782E-03  0.4000000E-03           4
|110101111100001010000101010001> :  0.1462742E-03  0.4000000E-03           4
|101011011101100001110010100100> :  0.2480268E-03  0.4000000E-03           4
|000001011111010101111010101100> :  0.1541801E-03  0.4000000E-03           4
|110100100010011110001111011010> :  0.1810744E-03  0.4000000E-03           4
|110110100010101010001101010011> :  0.2944366E-03  0.3000000E-03           3
|110101111010001100000101010001> :  0.9480414E-04  0.3000000E-03           3
|110110100010110110001101011010> :  0.1236469E-03  0.3000000E-03           3
|000001011111010001111010111100> :  0.9147699E-04  0.3000000E-03           3
|001011011101100001110000100101> :  0.1810744E-03  0.3000000E-03           3
|001001011101001001110010100101> :  0.1236469E-03  0.3000000E-03           3
|001011010101110001110010101100> :  0.8534517E-04  0.3000000E-03           3
|010100100010101110001101011010> :  0.9836883E-04  0.3000000E-03           3
|010110100010010110001101001110> :  0.1464017E-03  0.3000000E-03           3
|001100100011000111111010101100> :  0.2753187E-03  0.3000000E-03           3
|001001010101101001110010100101> :  0.1634822E-03  0.3000000E-03           3
|000000011111010111111010101100> :  0.5282695E-03  0.3000000E-03           3
|110110000010011010001101011010> :  0.9248453E-04  0.3000000E-03           3
|111111101000101010000101010001> :  0.7860182E-03  0.3000000E-03           3
|111111100000101000000101010011> :  0.5282695E-03  0.3000000E-03           3
|011110100010101110001001010011> :  0.1320456E-03  0.3000000E-03           3
|100001011101010001110110101100> :  0.1320456E-03  0.2000000E-03           2
|001001111101100101110010100101> :  0.9248453E-04  0.2000000E-03           2
|010010001101010110011001101111> :  0.1439686E-03  0.2000000E-03           2
|001001011101101001110010100100> :  0.1356650E-03  0.2000000E-03           2
|001011011101110001110010101100> :  0.2777347E-03  0.2000000E-03           2
|101011011101100001110010100101> :  0.1896489E-03  0.2000000E-03           2
|001001011101100001110010100101> :  0.1759955E-03  0.2000000E-03           2
|101001011101101001110010110001> :  0.1464017E-03  0.2000000E-03           2
|011010000001110110011001101010> :  0.2214028E-03  0.2000000E-03           2
|010100100010001110001101010011> :  0.8164501E-04  0.2000000E-03           2
|010100100010011110001101011010> :  0.1896489E-03  0.2000000E-03           2
|001011010101101001110010100101> :  0.8176188E-04  0.2000000E-03           2
|001011011101101001110010100100> :  0.1025433E-03  0.2000000E-03           2
|101011011101110001110000100100> :  0.2707074E-03  0.2000000E-03           2
|101011011101110001110010101100> :  0.8164501E-04  0.2000000E-03           2
|010110100010011110001101011010> :  0.1666841E-03  0.2000000E-03           2
|010110100010101110001101011010> :  0.6072017E-04  0.2000000E-03           2
|010110100010011110001101001111> :  0.1166745E-03  0.2000000E-03           2
|101101110010101001100110010000> :  0.1439686E-03  0.2000000E-03           2
|001100100011000111111010101110> :  0.7911725E-04  0.2000000E-03           2
|011010000011110101111000101010> :  0.6247992E-04  0.2000000E-03           2
|110110000010111010001101011010> :  0.1377052E-03  0.2000000E-03           2
|001001111101100001110010100101> :  0.1457725E-03  0.2000000E-03           2
|001100100010000111111010101111> :  0.5392911E-03  0.2000000E-03           2
|110110100010010110001101011110> :  0.2372496E-04  0.2000000E-03           2
|110110100010111110001101011010> :  0.5585697E-04  0.2000000E-03           2
|001010000011110101111010101110> :  0.1462742E-03  0.2000000E-03           2
|111110100000101010000101010011> :  0.1541801E-03  0.2000000E-03           2
|100001011101010001100110111100> :  0.2247544E-04  0.2000000E-03           2
|001010000101110011111010101110> :  0.9480414E-04  0.2000000E-03           2
|111111101000101000000101010001> :  0.2903976E-04  0.2000000E-03           2
|000001011111010101110010101100> :  0.9046827E-04  0.2000000E-03           2
|001111011101111001110010100101> :  0.2924998E-05  0.1000000E-03           1
|011110001011101101010000100010> :  0.1126629E-08  0.1000000E-03           1
|001111011101110001110010100111> :  0.3404062E-06  0.1000000E-03           1
|001111011100101001110010101101> :  0.5015086E-05  0.1000000E-03           1
|001110101010110111111010100110> :  0.2270518E-08  0.1000000E-03           1
|001010000011010111101010011101> :  0.4557120E-08  0.1000000E-03           1
|000101100011101001111010000100> :  0.4485424E-08  0.1000000E-03           1
|001110101000000000110111011111> :  0.4757894E-10  0.1000000E-03           1
|001110100100001011110011101110> :  0.3123715E-09  0.1000000E-03           1
|001010000001101100011010111111> :  0.9253082E-09  0.1000000E-03           1
|001110001010010011111101100101> :  0.8356883E-09  0.1000000E-03           1
|011100000111010001111010101110> :  0.2917658E-08  0.1000000E-03           1
|001110000101000011110010101000> :  0.6334887E-09  0.1000000E-03           1
|000101010110001110101100111100> :  0.1935404E-08  0.1000000E-03           1
|000001111011100001110010110100> :  0.1977632E-07  0.1000000E-03           1
|001110000010100111011111011010> :  0.9277819E-09  0.1000000E-03           1
|011011110111101101100000100011> :  0.1565636E-08  0.1000000E-03           1
|001110000010011000001111110111> :  0.3564457E-09  0.1000000E-03           1
|001110000010010101111010101111> :  0.7516736E-04  0.1000000E-03           1
|011011000101110010011101000111> :  0.7047896E-10  0.1000000E-03           1
|001110000010000111101010101111> :  0.3202750E-05  0.1000000E-03           1
|000100100110110011101111010111> :  0.3103918E-09  0.1000000E-03           1
|001110000001010111101110110110> :  0.3293579E-09  0.1000000E-03           1
|001110000000110000111111111000> :  0.4685940E-09  0.1000000E-03           1
|001001101111001111100001110101> :  0.2524399E-10  0.1000000E-03           1
|001101111101001100011000000111> :  0.1709838E-08  0.1000000E-03           1
|110101100010001110010110011110> :  0.6875713E-09  0.1000000E-03           1
|011010010001100000111011101111> :  0.9542422E-10  0.1000000E-03           1
|001101110101101110100111010011> :  0.7695749E-09  0.1000000E-03           1
|001001101101101010010100100011> :  0.1999053E-08  0.1000000E-03           1
|000100011100001011000111110110> :  0.1066724E-09  0.1000000E-03           1
|001101101100001110011010011101> :  0.6908321E-09  0.1000000E-03           1
|001101011111010111110010000101> :  0.3934013E-08  0.1000000E-03           1
|001001011110110001110110100101> :  0.1042014E-05  0.1000000E-03           1
|001101011111000001100010110110> :  0.5208739E-08  0.1000000E-03           1
|001101011101000101110010100101> :  0.1837655E-04  0.1000000E-03           1
|001001011101111100110100100010> :  0.9950167E-09  0.1000000E-03           1
|000100011011100101011001111000> :  0.7980595E-09  0.1000000E-03           1
|001101001110010101001010110100> :  0.6390756E-09  0.1000000E-03           1
|001101000110010011110110010111> :  0.1059203E-09  0.1000000E-03           1
|001001011101110101110010100100> :  0.5679122E-04  0.1000000E-03           1
|001100110010110011111010001000> :  0.2878085E-09  0.1000000E-03           1
|110011011000011000011101000110> :  0.5083827E-09  0.1000000E-03           1
|110010111011010010001100001100> :  0.8681119E-09  0.1000000E-03           1
|010110101010010110001101011011> :  0.4379288E-05  0.1000000E-03           1
|000100001011000110101111110001> :  0.1076706E-08  0.1000000E-03           1
|010110101000011110001101111110> :  0.2958941E-08  0.1000000E-03           1
|010110100011100110101010001111> :  0.7518535E-09  0.1000000E-03           1
|001001011101101011110010100100> :  0.3173374E-04  0.1000000E-03           1
|001100010011011111101000110110> :  0.1008296E-08  0.1000000E-03           1
|110001110010100000000101011010> :  0.1822927E-08  0.1000000E-03           1
|001100010001110101111011101000> :  0.1750947E-08  0.1000000E-03           1
|000100001010110111011011101110> :  0.5164131E-09  0.1000000E-03           1
|110000101010110110001101010110> :  0.5644498E-07  0.1000000E-03           1
|110000011110011101001101000010> :  0.2629253E-08  0.1000000E-03           1
|110000001110110101001001101110> :  0.4191389E-09  0.1000000E-03           1
|001100000100011010110001110101> :  0.1308750E-09  0.1000000E-03           1
|101110010010110101101110100110> :  0.3381505E-09  0.1000000E-03           1
|101101111100000000110110010001> :  0.1522301E-08  0.1000000E-03           1
|101101111011100001100110000111> :  0.1101984E-08  0.1000000E-03           1
|010110100010010110001001001111> :  0.1675672E-03  0.1000000E-03           1
|001100000011100001101011110111> :  0.1093354E-08  0.1000000E-03           1
|001001011101101001110010100001> :  0.2372496E-04  0.1000000E-03           1
|101110100011101011000100001000> :  0.1497843E-09  0.1000000E-03           1
|010110100010010110001101011010> :  0.9823897E-05  0.1000000E-03           1
|000100001001010111001101110010> :  0.2999133E-08  0.1000000E-03           1
|110000100010011110011101111010> :  0.1230464E-05  0.1000000E-03           1
|110001010101010001100111101011> :  0.1621077E-09  0.1000000E-03           1
|110001010101110000110110100100> :  0.5019685E-09  0.1000000E-03           1
|110001111001110100101100011011> :  0.1837980E-08  0.1000000E-03           1
|110001111010011001011101010000> :  0.1470767E-08  0.1000000E-03           1
|110001111101101000010101010000> :  0.2031514E-04  0.1000000E-03           1
|110010000010001111001000111111> :  0.8146015E-09  0.1000000E-03           1
|110010000111010110001101111101> :  0.3631978E-08  0.1000000E-03           1
|010110100101110110001111010011> :  0.5930110E-08  0.1000000E-03           1
|110010110010101101000100010010> :  0.2497573E-08  0.1000000E-03           1
|010110101000111110001001011100> :  0.5779461E-08  0.1000000E-03           1
|010110100010001110001111011011> :  0.1715836E-04  0.1000000E-03           1
|010110110010001110001001100111> :  0.7845014E-07  0.1000000E-03           1
|010111010101101000100110000111> :  0.2192651E-08  0.1000000E-03           1
|010111100001000110010101001101> :  0.1265548E-09  0.1000000E-03           1
|010111101110000111001101010101> :  0.1039998E-08  0.1000000E-03           1
|011000001001100110111000110011> :  0.3305259E-09  0.1000000E-03           1
|011000101010110111011000000110> :  0.5959171E-09  0.1000000E-03           1
|011001011111100101010000000101> :  0.3718321E-08  0.1000000E-03           1
|011001110100100110110000000111> :  0.2479831E-09  0.1000000E-03           1
|011001111011010100011001001000> :  0.4162870E-09  0.1000000E-03           1
|011001111110100100000011000100> :  0.4339862E-12  0.1000000E-03           1
|101101100010101001000100111000> :  0.2799142E-08  0.1000000E-03           1
|011010000001111010010011111110> :  0.1366860E-08  0.1000000E-03           1
|011010000010100101100010100111> :  0.2310514E-08  0.1000000E-03           1
|110100110011001010100110110001> :  0.2473487E-09  0.1000000E-03           1
|011010001010010110011001010110> :  0.2595099E-08  0.1000000E-03           1
|110101101010001110000101010001> :  0.3305953E-04  0.1000000E-03           1
|011010010010110101001100110010> :  0.8804775E-09  0.1000000E-03           1
|011010100001110110011001101010> :  0.2068098E-03  0.1000000E-03           1
|011010101011011100001011011011> :  0.6382775E-08  0.1000000E-03           1
|011010110010100100001101111011> :  0.4295339E-08  0.1000000E-03           1
|011010111001110000011001101101> :  0.2034781E-08  0.1000000E-03           1
|011011000000110111001001111100> :  0.2493796E-09  0.1000000E-03           1
|011011000101011011111010100100> :  0.9216065E-09  0.1000000E-03           1
|110110100010001000100101011010> :  0.1370961E-07  0.1000000E-03           1
|011011000111001110100010000101> :  0.2234986E-09  0.1000000E-03           1
|011011010101111100110110000111> :  0.1342947E-08  0.1000000E-03           1
|011011101011011111001000000001> :  0.2311426E-08  0.1000000E-03           1
|110110100010101010001101010010> :  0.1261221E-03  0.1000000E-03           1
|011011111001111100100000101000> :  0.7788297E-09  0.1000000E-03           1
|011100000010001011100011100101> :  0.2587110E-08  0.1000000E-03           1
|011100000010010111001110111000> :  0.2775260E-07  0.1000000E-03           1
|110110100100001011001100011010> :  0.6569834E-10  0.1000000E-03           1
|011100010011110111000010110011> :  0.3508903E-09  0.1000000E-03           1
|011100100001111100000111011010> :  0.1683124E-08  0.1000000E-03           1
|011100100110110110001001001011> :  0.9039358E-08  0.1000000E-03           1
|011100101000101110011000100111> :  0.8177559E-10  0.1000000E-03           1
|011100101010100100111010000111> :  0.2592928E-08  0.1000000E-03           1
|011100110011110001011101001010> :  0.9504038E-09  0.1000000E-03           1
|011100111010100101100001000101> :  0.1453909E-08  0.1000000E-03           1
|011101010101100001110010100100> :  0.5713831E-07  0.1000000E-03           1
|011101100011100100011011110001> :  0.3643434E-09  0.1000000E-03           1
|011101110101011010011100010000> :  0.1490710E-09  0.1000000E-03           1
|011110000111110110001001110011> :  0.5238883E-08  0.1000000E-03           1
|111010011110110001000110000010> :  0.3947122E-09  0.1000000E-03           1
|111010101100110100001101001111> :  0.5057472E-09  0.1000000E-03           1
|011110100000101110001101010011> :  0.4473960E-04  0.1000000E-03           1
|011110100000111110001101000011> :  0.1600945E-04  0.1000000E-03           1
|001011100011101101100010101110> :  0.9231700E-09  0.1000000E-03           1
|010110100010001110001101001111> :  0.2100941E-03  0.1000000E-03           1
|010110100010000110011111101010> :  0.6077764E-09  0.1000000E-03           1
|001011011111111001110000101100> :  0.9553811E-06  0.1000000E-03           1
|001001011101101001100010000101> :  0.8966754E-06  0.1000000E-03           1
|010110100000101110001101010011> :  0.2121653E-04  0.1000000E-03           1
|010110010000100110001101111011> :  0.7433924E-08  0.1000000E-03           1
|001011011111100001110110101100> :  0.3508555E-05  0.1000000E-03           1
|010110001101101110000101111010> :  0.3386232E-08  0.1000000E-03           1
|101011101010011001110010000101> :  0.1373942E-07  0.1000000E-03           1
|010110001100000100001101111111> :  0.7765535E-08  0.1000000E-03           1
|001011011111100001110110100101> :  0.2477815E-04  0.1000000E-03           1
|000100000110010111100101011110> :  0.6517452E-09  0.1000000E-03           1
|010110001010011111001100111010> :  0.2287645E-08  0.1000000E-03           1
|010110000110111110000001001100> :  0.1364697E-08  0.1000000E-03           1
|010110000010010110001111011111> :  0.2911016E-04  0.1000000E-03           1
|101011011100001000111110010001> :  0.1566835E-08  0.1000000E-03           1
|101011000110110011110000100100> :  0.9291824E-07  0.1000000E-03           1
|010110000010010110001101011011> :  0.2590096E-04  0.1000000E-03           1
|010101111100101110001001100111> :  0.2177459E-08  0.1000000E-03           1
|101010111000111011111111011001> :  0.3106404E-12  0.1000000E-03           1
|010101111001001111011001010001> :  0.1060919E-08  0.1000000E-03           1
|001001011101100000100010100101> :  0.2151555E-05  0.1000000E-03           1
|000011010101000101110011111101> :  0.2254453E-08  0.1000000E-03           1
|000001011111010001111010101100> :  0.2852783E-05  0.1000000E-03           1
|010101100101000110001110101111> :  0.1859165E-08  0.1000000E-03           1
|101010011100110000100101000010> :  0.3025419E-08  0.1000000E-03           1
|010100111111010110010001001110> :  0.3148538E-09  0.1000000E-03           1
|010100110001001100001111011011> :  0.1993023E-06  0.1000000E-03           1
|010100100111001011101101001110> :  0.6638335E-09  0.1000000E-03           1
|001011011101101001110000100101> :  0.2555924E-04  0.1000000E-03           1
|001001011101010101110010101101> :  0.1261221E-03  0.1000000E-03           1
|010100100110010111111000100111> :  0.9726270E-09  0.1000000E-03           1
|101001111101101001110010100001> :  0.1204743E-03  0.1000000E-03           1
|101001111101100001110010100100> :  0.1307443E-04  0.1000000E-03           1
|101001111001101001110010110000> :  0.2068725E-04  0.1000000E-03           1
|101001111001010000111010011011> :  0.1242799E-08  0.1000000E-03           1
|000011001100010110110111111101> :  0.1537616E-08  0.1000000E-03           1
|101001011101110001110010110000> :  0.2100941E-03  0.1000000E-03           1
|101001011101101001110110110000> :  0.1675672E-03  0.1000000E-03           1
|001011011101100000100010110101> :  0.2561927E-05  0.1000000E-03           1
|010100100010010110000011001111> :  0.8921782E-09  0.1000000E-03           1
|010100100010001110001111011011> :  0.2707074E-03  0.1000000E-03           1
|010100100010001110001101011111> :  0.4313158E-04  0.1000000E-03           1
|101001011101100001110010100001> :  0.1118950E-06  0.1000000E-03           1
|101001011101010001110010100101> :  0.6072017E-04  0.1000000E-03           1
|101001011011000001110000101101> :  0.3212514E-08  0.1000000E-03           1
|010100100001101110011111000001> :  0.6223895E-09  0.1000000E-03           1
|001011011100111001110110000100> :  0.7452851E-07  0.1000000E-03           1
|000010101010010110001101011011> :  0.3185643E-05  0.1000000E-03           1
|000001011101000001110100111001> :  0.3876724E-09  0.1000000E-03           1
|010011101101111001001100000011> :  0.3583366E-09  0.1000000E-03           1
|010011100000110111001100001111> :  0.1110267E-09  0.1000000E-03           1
|001011011100011001100010111101> :  0.2621305E-08  0.1000000E-03           1
|101000011101100011010010100100> :  0.5476993E-06  0.1000000E-03           1
|100111101110000001001100000101> :  0.2354396E-09  0.1000000E-03           1
|010011010001110101110000001110> :  0.5986779E-09  0.1000000E-03           1
|100111101101000110011000001100> :  0.6263601E-10  0.1000000E-03           1
|100111001010101111001001011100> :  0.8384826E-09  0.1000000E-03           1
|010011001111001110001010101110> :  0.1281285E-09  0.1000000E-03           1
|101000110110100000110000000011> :  0.1499823E-08  0.1000000E-03           1
|101000110110111101110010100010> :  0.2260188E-08  0.1000000E-03           1
|101001010111101001110011100100> :  0.2950553E-05  0.1000000E-03           1
|101001011001101001110010110000> :  0.7459730E-05  0.1000000E-03           1
|001011010111100001110100100101> :  0.3280531E-05  0.1000000E-03           1
|100110100010110001111011000101> :  0.1051394E-08  0.1000000E-03           1
|100110010010101101100100011100> :  0.1425407E-08  0.1000000E-03           1
|010011001100111010010101001111> :  0.6839696E-09  0.1000000E-03           1
|100110001110010000101100011100> :  0.1436895E-09  0.1000000E-03           1
|100110000101101011110110100010> :  0.5896184E-10  0.1000000E-03           1
|101001011101100001110010110000> :  0.1166745E-03  0.1000000E-03           1
|101001011101101000110010110001> :  0.1183828E-04  0.1000000E-03           1
|010011000110100010010101111010> :  0.7751927E-10  0.1000000E-03           1
|100101111111101011100000010101> :  0.8041155E-08  0.1000000E-03           1
|100101111110001001100110010101> :  0.2214028E-03  0.1000000E-03           1
|010011000100011100010101000111> :  0.2192116E-08  0.1000000E-03           1
|100101111100001000100111010101> :  0.4866691E-04  0.1000000E-03           1
|101001011101110001000010100101> :  0.5289599E-07  0.1000000E-03           1
|100101111000010000111101001110> :  0.7298434E-09  0.1000000E-03           1
|010010100101110100110010101110> :  0.4848382E-09  0.1000000E-03           1
|000010100101101100111000101101> :  0.1539420E-09  0.1000000E-03           1
|100101100110000010111000101100> :  0.1166667E-08  0.1000000E-03           1
|100101011110001001100110010101> :  0.2068098E-03  0.1000000E-03           1
|010010010111110001101100001100> :  0.1825798E-08  0.1000000E-03           1
|100101011101100010100010111100> :  0.1041712E-08  0.1000000E-03           1
|100101011001010000001111111100> :  0.7221772E-09  0.1000000E-03           1
|101010000101111011110001000100> :  0.7042326E-09  0.1000000E-03           1
|101010001100100011111000101101> :  0.1621161E-07  0.1000000E-03           1
|101010001100110001010010100101> :  0.1444787E-08  0.1000000E-03           1
|101010001101100011110011110010> :  0.6227487E-09  0.1000000E-03           1
|101010010001110101111000011000> :  0.2487574E-08  0.1000000E-03           1
|101010010110110001100110100111> :  0.2183040E-08  0.1000000E-03           1
|001011000101110001110000000101> :  0.1652843E-08  0.1000000E-03           1
|101010100001001011111010000111> :  0.9405047E-09  0.1000000E-03           1
|101010101100110111011001000110> :  0.1509237E-08  0.1000000E-03           1
|101010110000000001111111110100> :  0.1111111E-11  0.1000000E-03           1
|100101010011101010001110110000> :  0.1016827E-08  0.1000000E-03           1
|101010111001110010011010010010> :  0.6144764E-09  0.1000000E-03           1
|101011000001101111010010111001> :  0.1691902E-08  0.1000000E-03           1
|101011000010111011100110110000> :  0.1738044E-09  0.1000000E-03           1
|100101001101101110110010100100> :  0.2983117E-08  0.1000000E-03           1
|101011010100100000100111101111> :  0.9667082E-09  0.1000000E-03           1
|010010001100010110011001101111> :  0.2553351E-04  0.1000000E-03           1
|100101001100011001100111000110> :  0.2538309E-08  0.1000000E-03           1
|100101000100001111100011110111> :  0.1595339E-08  0.1000000E-03           1
|010010001100010110001101101111> :  0.3417573E-04  0.1000000E-03           1
|001011000101101011110010100101> :  0.4747278E-04  0.1000000E-03           1
|001001010101110101010010110001> :  0.7442630E-08  0.1000000E-03           1
|100100111101000011111010001100> :  0.5386716E-09  0.1000000E-03           1
|100100111011011011100010010000> :  0.1632794E-08  0.1000000E-03           1
|101011011111110011110000100100> :  0.4161871E-06  0.1000000E-03           1
|101011100001101010010101000000> :  0.8714104E-09  0.1000000E-03           1
|010010000110001110111010101101> :  0.2151751E-08  0.1000000E-03           1
|101011111000011100100100010011> :  0.8151341E-09  0.1000000E-03           1
|101011111011100001110010100110> :  0.4314093E-07  0.1000000E-03           1
|101100011010010011101001011101> :  0.1188076E-09  0.1000000E-03           1
|101100101010010101011001111010> :  0.3549509E-08  0.1000000E-03           1
|101100111011000100111001011001> :  0.1432449E-08  0.1000000E-03           1
|101100111110010000110100010111> :  0.7173160E-09  0.1000000E-03           1
|101100111110110001110001010000> :  0.1488937E-08  0.1000000E-03           1
|101101001010110001111010000100> :  0.5752105E-09  0.1000000E-03           1
|101101010001110100100010110000> :  0.7972196E-09  0.1000000E-03           1
|101101011101110001110010101101> :  0.1178327E-05  0.1000000E-03           1
|101101011111100000100010110100> :  0.2369383E-07  0.1000000E-03           1
|100100100110100111101011100100> :  0.3426632E-09  0.1000000E-03           1
|101101110010000101010000000111> :  0.8769908E-09  0.1000000E-03           1
|100100010110010110001101011001> :  0.3908629E-10  0.1000000E-03           1
|101101110011101001110010010000> :  0.3417573E-04  0.1000000E-03           1
|010010000011111110001001111010> :  0.2812964E-05  0.1000000E-03           1
|001011000101010010001111111001> :  0.2735943E-09  0.1000000E-03           1
|100100000110011101100110111010> :  0.1321141E-08  0.1000000E-03           1
|101110100010010000001101111010> :  0.1267019E-08  0.1000000E-03           1
|100011111001100101110010100100> :  0.2768527E-08  0.1000000E-03           1
|101110101010110100101000111000> :  0.2054816E-09  0.1000000E-03           1
|101111011100010011110110000101> :  0.7510641E-09  0.1000000E-03           1
|101111101010010100100010011101> :  0.9480617E-09  0.1000000E-03           1
|010001111011001110001010111011> :  0.2217804E-09  0.1000000E-03           1
|100011011000011001110111011101> :  0.4201945E-08  0.1000000E-03           1
|100011010101101100010111000011> :  0.6366438E-09  0.1000000E-03           1
|110000100010110110011101011011> :  0.1914409E-05  0.1000000E-03           1
|010001101111011010000101111001> :  0.2143083E-08  0.1000000E-03           1
|001010101110010100100011101111> :  0.2385813E-08  0.1000000E-03           1
|001001010101101011110010100100> :  0.3066231E-04  0.1000000E-03           1
|110001100111001011000110001000> :  0.1977466E-08  0.1000000E-03           1
|000010011100000011110010101101> :  0.3540522E-08  0.1000000E-03           1
|000001010110001001110110011100> :  0.1046571E-08  0.1000000E-03           1
|100011010100111000010110110100> :  0.3270199E-09  0.1000000E-03           1
|110001111101101000000011001010> :  0.2093522E-08  0.1000000E-03           1
|100010110110100000110001101100> :  0.4465749E-09  0.1000000E-03           1
|110001111101101000111010101000> :  0.2017606E-09  0.1000000E-03           1
|010001101101101101110000000111> :  0.5160467E-09  0.1000000E-03           1
|110010000010011010111101011010> :  0.6165428E-08  0.1000000E-03           1
|100010110100101000111101011010> :  0.1748191E-08  0.1000000E-03           1
|110010101011001100011101010011> :  0.1197177E-08  0.1000000E-03           1
|110010101011011011001000111000> :  0.1136799E-08  0.1000000E-03           1
|110010101110001011001101000101> :  0.7946249E-09  0.1000000E-03           1
|100010011000110101011110011010> :  0.2966501E-08  0.1000000E-03           1
|110010110010110110001111000010> :  0.2052631E-08  0.1000000E-03           1
|110010111010110100010101011010> :  0.1745939E-09  0.1000000E-03           1
|110010111010111100001011001110> :  0.8009318E-09  0.1000000E-03           1
|010001101101010111000111101011> :  0.3151451E-09  0.1000000E-03           1
|001010101001101110011101010011> :  0.1233429E-06  0.1000000E-03           1
|100001111111010001111001110000> :  0.6782757E-09  0.1000000E-03           1
|100001111001010101111110010100> :  0.8814748E-09  0.1000000E-03           1
|110011101100001011001000100101> :  0.3912078E-09  0.1000000E-03           1
|110011101101011000010111101100> :  0.2723004E-09  0.1000000E-03           1
|110011110100010000100111000101> :  0.5252758E-09  0.1000000E-03           1
|010001011111000111101000111011> :  0.1169625E-09  0.1000000E-03           1
|100001110101101001100100100101> :  0.6905910E-08  0.1000000E-03           1
|110100000001110110000101111010> :  0.8936665E-09  0.1000000E-03           1
|110100000110010111001101110111> :  0.6496417E-09  0.1000000E-03           1
|110100000111001110001011011010> :  0.3028187E-09  0.1000000E-03           1
|110100100000011110001001011010> :  0.2477815E-04  0.1000000E-03           1
|110100100000011110001001011011> :  0.4212686E-05  0.1000000E-03           1
|010001011101011100010101000000> :  0.5294473E-09  0.1000000E-03           1
|001010100011110110110000100110> :  0.4344659E-09  0.1000000E-03           1
|100001011111001101100111100101> :  0.2489731E-09  0.1000000E-03           1
|100001011111000001110010111100> :  0.1600945E-04  0.1000000E-03           1
|110100100010010110001101011011> :  0.1025433E-03  0.1000000E-03           1
|010001010110011010100110011100> :  0.2128959E-08  0.1000000E-03           1
|110100100010011110001101011011> :  0.7147694E-04  0.1000000E-03           1
|100001011101101001110110110000> :  0.4965102E-04  0.1000000E-03           1
|010000111101001110001001100011> :  0.3584397E-09  0.1000000E-03           1
|001010011111100011110010100101> :  0.2673903E-04  0.1000000E-03           1
|110100101010010100001101011011> :  0.1715980E-04  0.1000000E-03           1
|110100101010010110001101011011> :  0.1887356E-04  0.1000000E-03           1
|110100101010110111101001011000> :  0.2720725E-08  0.1000000E-03           1
|110100101110011010100111011000> :  0.1090229E-08  0.1000000E-03           1
|010000100010111110101001000111> :  0.1209487E-08  0.1000000E-03           1
|110100110011010010000101010011> :  0.9210857E-09  0.1000000E-03           1
|110100111010010100001101011010> :  0.4747278E-04  0.1000000E-03           1
|110100111110001000001111001011> :  0.9112054E-09  0.1000000E-03           1
|100001011101010001110010101100> :  0.2223955E-04  0.1000000E-03           1
|111111111100101010010000100000> :  0.6230014E-09  0.1000000E-03           1
|010000100010000110011111011011> :  0.9408150E-07  0.1000000E-03           1
|110101110010001100000100000110> :  0.9518418E-09  0.1000000E-03           1
|110101110011001110000001011100> :  0.1770912E-08  0.1000000E-03           1
|110101110110001000110110100101> :  0.1177730E-08  0.1000000E-03           1
|001010010111110001110100100100> :  0.1641333E-05  0.1000000E-03           1
|110101111010010111101101011100> :  0.1513100E-08  0.1000000E-03           1
|001001001111100111110010101101> :  0.5537413E-07  0.1000000E-03           1
|110101111111010010000100110000> :  0.3600215E-09  0.1000000E-03           1
|000010010110110010011111001111> :  0.1209657E-09  0.1000000E-03           1
|100001010110101000100011111011> :  0.7754600E-09  0.1000000E-03           1
|110110000010011110001101011010> :  0.1457725E-03  0.1000000E-03           1
|110110000010101010011001111000> :  0.4179688E-07  0.1000000E-03           1
|100000111110100001111100000101> :  0.1190068E-08  0.1000000E-03           1
|110110100001101010001100010000> :  0.1605637E-08  0.1000000E-03           1
|010000011111001111100011100101> :  0.1410435E-08  0.1000000E-03           1
|110110100010001010001101011010> :  0.1286638E-04  0.1000000E-03           1
|100000111101101011010100111000> :  0.4522726E-09  0.1000000E-03           1
|110110100010010100001101011011> :  0.3173374E-04  0.1000000E-03           1
|100000111010011101110110001110> :  0.1705661E-08  0.1000000E-03           1
|110110100010010110001101011011> :  0.1356650E-03  0.1000000E-03           1
|010000011101101111000001111101> :  0.2991100E-09  0.1000000E-03           1
|001010010101110001111010101110> :  0.3305953E-04  0.1000000E-03           1
|100000011100010101010001101110> :  0.7239082E-09  0.1000000E-03           1
|011111101011000110001010101101> :  0.1935088E-08  0.1000000E-03           1
|010000011011011100001110011011> :  0.2307230E-08  0.1000000E-03           1
|011111011101100001110010100101> :  0.2857824E-04  0.1000000E-03           1
|111110101010001011011101000000> :  0.2143482E-08  0.1000000E-03           1
|011111011000110000000111010001> :  0.9329298E-10  0.1000000E-03           1
|010000010110111110011000100110> :  0.5985956E-09  0.1000000E-03           1
|001000100111100110110110101010> :  0.3390106E-09  0.1000000E-03           1
|011110100011110011001100010011> :  0.1849949E-08  0.1000000E-03           1
|110110100100110010011101010000> :  0.3421385E-09  0.1000000E-03           1
|110110101001110100001100011010> :  0.6454876E-07  0.1000000E-03           1
|110110101010010100001101011011> :  0.3066231E-04  0.1000000E-03           1
|110110101010010110001101011010> :  0.1634822E-03  0.1000000E-03           1
|110110101010010111100000001110> :  0.1249305E-08  0.1000000E-03           1
|110110110000000110001101011010> :  0.1537967E-05  0.1000000E-03           1
|110110110010010100111100000111> :  0.2626857E-09  0.1000000E-03           1
|110111001000001110001101011100> :  0.8236078E-11  0.1000000E-03           1
|110111010110011000000110010100> :  0.1802932E-09  0.1000000E-03           1
|110111011000110100000101110101> :  0.8300849E-10  0.1000000E-03           1
|110111100011101001011000010000> :  0.1203393E-08  0.1000000E-03           1
|110111111001010110001101011001> :  0.4139662E-08  0.1000000E-03           1
|111000100110001010001111010011> :  0.1295122E-08  0.1000000E-03           1
|111000111000011110000101000010> :  0.3624566E-08  0.1000000E-03           1
|111001001000101001010101110001> :  0.1801067E-08  0.1000000E-03           1
|111001001001110001110010110001> :  0.2070090E-08  0.1000000E-03           1
|111001011101101010100010100011> :  0.1174207E-08  0.1000000E-03           1
|111001101010001110100001110101> :  0.2458758E-08  0.1000000E-03           1
|111001110101011001010110010011> :  0.9155240E-09  0.1000000E-03           1
|111001111111010001100110101100> :  0.2500084E-08  0.1000000E-03           1
|111010000010111000011001001110> :  0.7459493E-09  0.1000000E-03           1
|111010001001010010000111011000> :  0.4647061E-10  0.1000000E-03           1
|111010001100110100010001100100> :  0.6017251E-09  0.1000000E-03           1
|011110100010101110001101010011> :  0.2223955E-04  0.1000000E-03           1
|111010101010110101111011001010> :  0.4550761E-09  0.1000000E-03           1
|010000001110011100011001111010> :  0.7728602E-09  0.1000000E-03           1
|111010111011110001110101100000> :  0.1309863E-10  0.1000000E-03           1
|111011001000010110000100111001> :  0.2388507E-08  0.1000000E-03           1
|111011010000111010010001110011> :  0.7113015E-09  0.1000000E-03           1
|111011011000101100010010100111> :  0.2315355E-08  0.1000000E-03           1
|111011011101101001111000100100> :  0.1733438E-06  0.1000000E-03           1
|111101111100101010000110110001> :  0.9106066E-09  0.1000000E-03           1
|111101101110101110000001110001> :  0.1643612E-08  0.1000000E-03           1
|010000001101110110111000001110> :  0.1048840E-09  0.1000000E-03           1
|001010000101111110111011100000> :  0.2897064E-09  0.1000000E-03           1
|111101011101100001110010100100> :  0.3330063E-04  0.1000000E-03           1
|111101001110010100000101011101> :  0.1174681E-09  0.1000000E-03           1
|111100111001111100011101010010> :  0.4573640E-09  0.1000000E-03           1
|111100000011000111100000111010> :  0.3786030E-09  0.1000000E-03           1
|011110100010100110001101000011> :  0.1324569E-04  0.1000000E-03           1
|111101110001001000110111000010> :  0.1171816E-08  0.1000000E-03           1
|010000001101110000111101101011> :  0.1301909E-08  0.1000000E-03           1
|111110001000010000011111010001> :  0.2057335E-08  0.1000000E-03           1
|111100000010110011101100001010> :  0.8591932E-09  0.1000000E-03           1
|111110100000101110000101000011> :  0.9147699E-04  0.1000000E-03           1
|111110100001011010001001011000> :  0.1388031E-08  0.1000000E-03           1
|111110100100001110001101001010> :  0.2186611E-07  0.1000000E-03           1
|111011111000000101010001100101> :  0.1884830E-09  0.1000000E-03           1
|111110111010100111001010000010> :  0.4589018E-10  0.1000000E-03           1
|111111000000010100000110111011> :  0.3991119E-08  0.1000000E-03           1
|111111000010101000001011011010> :  0.9481832E-09  0.1000000E-03           1
|111111011010010001100100100100> :  0.2972347E-08  0.1000000E-03           1
|011110100010010110001101011011> :  0.2788313E-03  0.1000000E-03           1
|111011110010000000010110011000> :  0.1097861E-09  0.1000000E-03           1
|111011110001101001011001100000> :  0.6265729E-09  0.1000000E-03           1
|111111100000101010000111010011> :  0.3596868E-04  0.1000000E-03           1
|111111100000101111000010011000> :  0.1667343E-08  0.1000000E-03           1
|111111100010010011101100000000> :  0.5617729E-09  0.1000000E-03           1
|011110100010010110001101001011> :  0.2030565E-03  0.1000000E-03           1
|111111101000001110000101010001> :  0.1942610E-04  0.1000000E-03           1
|001111101000100111000101110001> :  0.5421864E-09  0.1000000E-03           1
|000110010100100000110101101111> :  0.1959960E-08  0.1000000E-03           1
|111111101001010000000101011000> :  0.8999788E-09  0.1000000E-03           1
|000001111111101000110011100001> :  0.4194972E-07  0.1000000E-03           1
|000000111000111001100001000110> :  0.6614468E-11  0.1000000E-03           1
|000000010111010010111110110111> :  0.7078834E-09  0.1000000E-03           1
