# state, exact probability, frequency, count:
#------------------------------------------------------------------
|1101000001000000001100100> :  0.9332272E+00  0.9295000E+00        9295
|0101000001000000001100100> :  0.1522160E-02  0.1800000E-02          18
|0101000001000001001100100> :  0.1190915E-02  0.1700000E-02          17
|0010011000101110100100000> :  0.1222689E-02  0.1000000E-02          10
|0101000001010000001100100> :  0.3679348E-03  0.8000000E-03           8
|1110000000000001001100100> :  0.3701502E-03  0.6000000E-03           6
|1000010001001000001100101> :  0.2011740E-03  0.6000000E-03           6
|0111010000001000000100100> :  0.1513379E-03  0.5000000E-03           5
|0111010001001000000100100> :  0.1469001E-03  0.5000000E-03           5
|0101000101001000001100100> :  0.1610989E-03  0.5000000E-03           5
|1100001001000000001110100> :  0.2218560E-03  0.5000000E-03           5
|0100010000101000000100101> :  0.1313434E-03  0.4000000E-03           4
|1100000001000000001100110> :  0.3089734E-03  0.4000000E-03           4
|1000011100001010000100000> :  0.1230725E-03  0.4000000E-03           4
|0011010001001000000100100> :  0.1580145E-03  0.4000000E-03           4
|1001000101001000001100100> :  0.8766671E-03  0.4000000E-03           4
|0100010001001000001100100> :  0.3443572E-03  0.4000000E-03           4
|1101000101000000000100100> :  0.1845432E-03  0.4000000E-03           4
|0010011000111100000100000> :  0.7483170E-04  0.3000000E-03           3
|0011000001001000001100100> :  0.1793428E-03  0.3000000E-03           3
|0101110000001000001100100> :  0.2513539E-03  0.3000000E-03           3
|1101000001000100001101100> :  0.2007145E-03  0.3000000E-03           3
|1101100010000000001100100> :  0.1271470E-03  0.3000000E-03           3
|0110011000101100100100000> :  0.1956920E-03  0.3000000E-03           3
|0111010100001000001100100> :  0.1514735E-03  0.3000000E-03           3
|1100000001000000001100101> :  0.2748419E-03  0.3000000E-03           3
|1101000001000000001110100> :  0.1673770E-03  0.3000000E-03           3
|1101000001000000111100100> :  0.2849001E-03  0.3000000E-03           3
|0010011000101000001100101> :  0.8099577E-04  0.3000000E-03           3
|0110010000101000001100101> :  0.9064855E-04  0.3000000E-03           3
|0101010100000000001100100> :  0.1254284E-03  0.3000000E-03           3
|0111000000000000001101100> :  0.1049542E-03  0.3000000E-03           3
|0101010000001000001100100> :  0.5733480E-03  0.3000000E-03           3
|0010011100001010000100100> :  0.1390995E-03  0.3000000E-03           3
|1001011100001000001100100> :  0.9603588E-05  0.2000000E-03           2
|0101011000101000000100100> :  0.3964024E-04  0.2000000E-03           2
|0011010100001000000100100> :  0.5680001E-04  0.2000000E-03           2
|1101000011000000000101000> :  0.4156574E-04  0.2000000E-03           2
|1101000000100001001100100> :  0.1239216E-03  0.2000000E-03           2
|1000001101001010100100000> :  0.1816015E-03  0.2000000E-03           2
|0101000001101000001100100> :  0.6217484E-04  0.2000000E-03           2
|0101010000000000001100101> :  0.4687088E-03  0.2000000E-03           2
|0101000000000000001101101> :  0.1262121E-03  0.2000000E-03           2
|1101000000000100000110100> :  0.1900957E-04  0.2000000E-03           2
|0101000100001000101100100> :  0.1546490E-03  0.2000000E-03           2
|1101000100001010001100100> :  0.3218483E-04  0.2000000E-03           2
|0111010000010000001100100> :  0.9835390E-05  0.2000000E-03           2
|0101010100001000000100100> :  0.4073024E-04  0.2000000E-03           2
|1100001001000001001100000> :  0.2042089E-04  0.2000000E-03           2
|1101000001000000001111100> :  0.9645575E-04  0.2000000E-03           2
|1101000011000000001100100> :  0.7932072E-04  0.2000000E-03           2
|0010011000001100100100001> :  0.3081779E-04  0.2000000E-03           2
|1000001100001010001100100> :  0.1323909E-03  0.2000000E-03           2
|0101000000001000001100100> :  0.1077682E-03  0.2000000E-03           2
|0110011000101000000101100> :  0.1250255E-04  0.2000000E-03           2
|0110010000001000001100100> :  0.1941931E-03  0.2000000E-03           2
|1000011000101110000100001> :  0.1486939E-03  0.2000000E-03           2
|0000011000101110100100001> :  0.2784862E-04  0.2000000E-03           2
|1001010001001000000100100> :  0.1087616E-03  0.2000000E-03           2
|0010011000101010100100000> :  0.1135273E-03  0.2000000E-03           2
|0010011000101110100000000> :  0.4381806E-04  0.2000000E-03           2
|1001000101000000001100110> :  0.4021070E-04  0.2000000E-03           2
|1010011000101100000100001> :  0.5257961E-04  0.2000000E-03           2
|1101000000000001101100100> :  0.6152716E-04  0.2000000E-03           2
|0110011000101100000100001> :  0.5553530E-04  0.2000000E-03           2
|0110011000001000000100100> :  0.5389900E-04  0.2000000E-03           2
|0101010001101000000100100> :  0.1385185E-03  0.2000000E-03           2
|1101000001000100001110100> :  0.3563977E-03  0.2000000E-03           2
|1100000001001000001100100> :  0.1734093E-03  0.2000000E-03           2
|1011000001001000001100100> :  0.1399472E-03  0.2000000E-03           2
|1000011100001010000100100> :  0.1497718E-03  0.2000000E-03           2
|1001001101001010000100000> :  0.3636995E-04  0.2000000E-03           2
|0101000001001000000100101> :  0.1884884E-03  0.2000000E-03           2
|1000111100001010000100000> :  0.1879547E-03  0.2000000E-03           2
|0100010000001000001100101> :  0.1646520E-03  0.2000000E-03           2
|1101000001000001001101000> :  0.1172640E-03  0.2000000E-03           2
|0111010000101000001100100> :  0.7088747E-04  0.2000000E-03           2
|1101001001000000001101100> :  0.9957266E-04  0.2000000E-03           2
|0010011000101000000101100> :  0.5488148E-04  0.2000000E-03           2
|0100011000101000001100101> :  0.6113640E-04  0.2000000E-03           2
|1101100110000000001100100> :  0.1067333E-03  0.2000000E-03           2
|1101000100001000001100101> :  0.3726977E-04  0.2000000E-03           2
|1101001001000000011100100> :  0.9866041E-04  0.2000000E-03           2
|0110011000101000001100100> :  0.6355515E-04  0.2000000E-03           2
|0100100001000001000100100> :  0.3067894E-06  0.1000000E-03           1
|0010011000101000000100100> :  0.2211673E-04  0.1000000E-03           1
|0001010001000000001100100> :  0.3350532E-04  0.1000000E-03           1
|0010011000101000000100001> :  0.4663711E-05  0.1000000E-03           1
|0010011000011000100111001> :  0.2341222E-07  0.1000000E-03           1
|0001010000011000101110100> :  0.2152267E-07  0.1000000E-03           1
|0000110000000100000011101> :  0.1309309E-07  0.1000000E-03           1
|0010011000001110100100001> :  0.1038119E-04  0.1000000E-03           1
|0010011000001110000100000> :  0.5246425E-04  0.1000000E-03           1
|0001001001000001010100100> :  0.2027359E-07  0.1000000E-03           1
|0111000001000000010101010> :  0.2152308E-08  0.1000000E-03           1
|0010011000001100000100100> :  0.7911135E-04  0.1000000E-03           1
|0001001001000001001110110> :  0.1139396E-07  0.1000000E-03           1
|0000101100001101000101000> :  0.4717824E-08  0.1000000E-03           1
|0000010001100110001100101> :  0.7533489E-08  0.1000000E-03           1
|0010011000001100000100001> :  0.2161797E-04  0.1000000E-03           1
|0010011000001010001100100> :  0.6042501E-04  0.1000000E-03           1
|0001001000001001101110000> :  0.2599192E-07  0.1000000E-03           1
|0100001000000110010110010> :  0.1742168E-07  0.1000000E-03           1
|0100000101001000001111000> :  0.6901247E-05  0.1000000E-03           1
|0010011000001000101100100> :  0.1522369E-04  0.1000000E-03           1
|0100000100011000101011100> :  0.1115653E-07  0.1000000E-03           1
|0100001000001000001110010> :  0.2533682E-07  0.1000000E-03           1
|0100001000110000000111011> :  0.2277983E-07  0.1000000E-03           1
|0100001001000100000101000> :  0.1906434E-06  0.1000000E-03           1
|0100010000000000001100101> :  0.3905031E-04  0.1000000E-03           1
|1101000001001000001100000> :  0.1888828E-04  0.1000000E-03           1
|0100010000001001001110010> :  0.1889997E-07  0.1000000E-03           1
|1101000001100100101110101> :  0.1479393E-06  0.1000000E-03           1
|0100010000101000000101101> :  0.4828053E-04  0.1000000E-03           1
|0100010001001000000100101> :  0.1531726E-04  0.1000000E-03           1
|1101000100001000001100110> :  0.4361045E-04  0.1000000E-03           1
|0100010001010000000100110> :  0.8532780E-05  0.1000000E-03           1
|0100010001101000000100101> :  0.3665690E-04  0.1000000E-03           1
|0100010010000101000100110> :  0.3560433E-08  0.1000000E-03           1
|0100010010001000001100101> :  0.4504859E-04  0.1000000E-03           1
|0100010100101010111000000> :  0.8877202E-09  0.1000000E-03           1
|0100010101000000001101000> :  0.3042777E-06  0.1000000E-03           1
|1000000001000100001111110> :  0.9054392E-06  0.1000000E-03           1
|0100100000100001001001100> :  0.4637172E-07  0.1000000E-03           1
|1000000100001100011101100> :  0.1175602E-08  0.1000000E-03           1
|0100110000001101000100000> :  0.8068081E-08  0.1000000E-03           1
|0100000011000000001100101> :  0.7627549E-04  0.1000000E-03           1
|0010010010110000000110100> :  0.5235613E-08  0.1000000E-03           1
|0001001000000001001110000> :  0.8166794E-07  0.1000000E-03           1
|0000101001010000001000100> :  0.8821787E-08  0.1000000E-03           1
|0100000001000000001100101> :  0.1391078E-03  0.1000000E-03           1
|0011110000000001001100100> :  0.2723106E-06  0.1000000E-03           1
|0010010001001010001111000> :  0.1303735E-05  0.1000000E-03           1
|0011011100001010000100100> :  0.6186536E-04  0.1000000E-03           1
|0011011000001000001100100> :  0.6731063E-04  0.1000000E-03           1
|0010001101001011010110000> :  0.1027032E-08  0.1000000E-03           1
|0001000101001010001100100> :  0.6119164E-05  0.1000000E-03           1
|0101100100000000101101100> :  0.8758807E-06  0.1000000E-03           1
|0101100000001001001100100> :  0.1577463E-05  0.1000000E-03           1
|0010001100001110100100000> :  0.5035156E-05  0.1000000E-03           1
|0011000001011000000101101> :  0.7860389E-09  0.1000000E-03           1
|0101011100001000000100100> :  0.4367506E-04  0.1000000E-03           1
|0010001000101001000101100> :  0.2113622E-07  0.1000000E-03           1
|0001000101000001000101100> :  0.8620072E-05  0.1000000E-03           1
|0000011011101000000000110> :  0.6159315E-10  0.1000000E-03           1
|0000010001010011100001100> :  0.3849461E-08  0.1000000E-03           1
|0000000100001001111001001> :  0.9475105E-08  0.1000000E-03           1
|0010111001000001000010110> :  0.2369172E-10  0.1000000E-03           1
|0010111000101110000100000> :  0.4353729E-04  0.1000000E-03           1
|0010000101000011000100100> :  0.3470703E-07  0.1000000E-03           1
|0010011110110100011110011> :  0.4262834E-10  0.1000000E-03           1
|0010011100101110100100000> :  0.4472666E-04  0.1000000E-03           1
|0010000001010001000101000> :  0.1084413E-06  0.1000000E-03           1
|0001000011010000000010110> :  0.2333191E-08  0.1000000E-03           1
|0101010100000000001100110> :  0.3311023E-04  0.1000000E-03           1
|0010011100001000000100100> :  0.5202809E-05  0.1000000E-03           1
|0001110110101001000100100> :  0.2175413E-08  0.1000000E-03           1
|0010011010000010000000000> :  0.1138274E-09  0.1000000E-03           1
|0010011001001010110110001> :  0.4298094E-08  0.1000000E-03           1
|0001110011001000000101000> :  0.2904588E-07  0.1000000E-03           1
|0001000001011001010100100> :  0.1413174E-07  0.1000000E-03           1
|0000011011001000100101000> :  0.6419340E-09  0.1000000E-03           1
|0101010000101000001100101> :  0.3361973E-04  0.1000000E-03           1
|0010011000111000000100100> :  0.2790459E-04  0.1000000E-03           1
|0001110010000010001100100> :  0.1534555E-06  0.1000000E-03           1
|1001011100001010000100000> :  0.1881160E-03  0.1000000E-03           1
|1001011100001000000100100> :  0.1227672E-03  0.1000000E-03           1
|0101010000000100011110100> :  0.7021854E-07  0.1000000E-03           1
|0101010000000000001100110> :  0.3980620E-04  0.1000000E-03           1
|1001010010100000001101100> :  0.1425167E-06  0.1000000E-03           1
|0101010000001000011100100> :  0.2432339E-04  0.1000000E-03           1
|0101010000101000000100101> :  0.2254654E-04  0.1000000E-03           1
|1001100110001000001100000> :  0.7050074E-05  0.1000000E-03           1
|0101010001000000001100100> :  0.1101605E-03  0.1000000E-03           1
|0101010001001000001100000> :  0.2683792E-04  0.1000000E-03           1
|0101010001001000001100100> :  0.1454511E-03  0.1000000E-03           1
|1010001001001100001010100> :  0.2639438E-08  0.1000000E-03           1
|0101010001101001011111100> :  0.2781305E-09  0.1000000E-03           1
|0101010010000010100100010> :  0.8989734E-08  0.1000000E-03           1
|1010011000101110100100000> :  0.8734704E-04  0.1000000E-03           1
|1010011000101110100110000> :  0.3320411E-04  0.1000000E-03           1
|1010011110000100000100011> :  0.8997175E-09  0.1000000E-03           1
|0101010100001000000100110> :  0.1276137E-03  0.1000000E-03           1
|0101010101000000000011100> :  0.4215948E-07  0.1000000E-03           1
|0101010101000000000100100> :  0.1389810E-06  0.1000000E-03           1
|0101010101100000001101100> :  0.7473674E-07  0.1000000E-03           1
|0101010110100001000100000> :  0.3896017E-07  0.1000000E-03           1
|0101011000001000000100100> :  0.1067041E-03  0.1000000E-03           1
|0101011000010001001100000> :  0.2145446E-07  0.1000000E-03           1
|1100000001000000001111100> :  0.3139404E-04  0.1000000E-03           1
|1100000001000000011010100> :  0.8549771E-07  0.1000000E-03           1
|0101011100001000001100100> :  0.2038973E-05  0.1000000E-03           1
|0101100000000001001100001> :  0.1042438E-05  0.1000000E-03           1
|0101100000000001011000100> :  0.1043897E-06  0.1000000E-03           1
|1100000001001110001101000> :  0.2143144E-05  0.1000000E-03           1
|0101100000011000010010100> :  0.7983808E-08  0.1000000E-03           1
|1100000001101101001110100> :  0.3306524E-07  0.1000000E-03           1
|0101100101000000001100101> :  0.1294049E-05  0.1000000E-03           1
|1100001001000000000110100> :  0.2530743E-04  0.1000000E-03           1
|0101111000000001001100111> :  0.1515682E-08  0.1000000E-03           1
|0110000000000000001100101> :  0.3601828E-06  0.1000000E-03           1
|0110000000101000001100101> :  0.9972721E-04  0.1000000E-03           1
|0110000000101001000110101> :  0.1485862E-07  0.1000000E-03           1
|0110000100000001000110100> :  0.4101641E-05  0.1000000E-03           1
|0110000100001011000110100> :  0.1079307E-07  0.1000000E-03           1
|0110001000101100100001001> :  0.1874878E-04  0.1000000E-03           1
|1100110011000000011100010> :  0.1980488E-08  0.1000000E-03           1
|1101000000000000101110100> :  0.9093177E-05  0.1000000E-03           1
|0110010000101100000100001> :  0.3948063E-04  0.1000000E-03           1
|0110010001000100000110100> :  0.3805254E-05  0.1000000E-03           1
|1101000000001000001100100> :  0.1658462E-03  0.1000000E-03           1
|0110011000101000000100001> :  0.1463675E-03  0.1000000E-03           1
|0110011000101000000100100> :  0.5363439E-04  0.1000000E-03           1
|1101000001000000001101100> :  0.3344111E-04  0.1000000E-03           1
|1001010010000000000101100> :  0.2175749E-06  0.1000000E-03           1
|0110011000101100000100000> :  0.1380460E-03  0.1000000E-03           1
|1101000001000000101100110> :  0.4090909E-04  0.1000000E-03           1
|1101000001000001001101100> :  0.2354350E-04  0.1000000E-03           1
|0110011001000000001110001> :  0.6008508E-07  0.1000000E-03           1
|0110011100000001000110000> :  0.3771521E-08  0.1000000E-03           1
|0110011100000100000110100> :  0.6459779E-07  0.1000000E-03           1
|0110011101000000001110010> :  0.9320042E-08  0.1000000E-03           1
|1101000001001001000101100> :  0.7259462E-06  0.1000000E-03           1
|0111000000001000001100100> :  0.2354710E-04  0.1000000E-03           1
|0111000000101000001100100> :  0.2444510E-04  0.1000000E-03           1
|0111000001000000001100100> :  0.7928948E-04  0.1000000E-03           1
|1101000010000000010001101> :  0.7796527E-08  0.1000000E-03           1
|0111000010001101000110001> :  0.9322311E-10  0.1000000E-03           1
|0111000010100000100101010> :  0.1295431E-08  0.1000000E-03           1
|0111000101000000011010100> :  0.4250436E-07  0.1000000E-03           1
|0111001001011001001100111> :  0.2769534E-08  0.1000000E-03           1
|0111010000000000001100100> :  0.4591744E-04  0.1000000E-03           1
|0001110001001000001100010> :  0.3605598E-06  0.1000000E-03           1
|0111010000001000001000100> :  0.2005888E-04  0.1000000E-03           1
|0111010000001000001101100> :  0.4582663E-05  0.1000000E-03           1
|1101000101000000001000110> :  0.7524226E-07  0.1000000E-03           1
|0111010000011000000100100> :  0.6045474E-06  0.1000000E-03           1
|1101000101001011000100100> :  0.1832493E-05  0.1000000E-03           1
|1101000101001101001100110> :  0.5283831E-06  0.1000000E-03           1
|0111010100001000000100100> :  0.3471969E-04  0.1000000E-03           1
|1101001001000000001110000> :  0.1822140E-04  0.1000000E-03           1
|0111011000001000000100100> :  0.1120532E-03  0.1000000E-03           1
|0111011000101000000100100> :  0.3394829E-04  0.1000000E-03           1
|0111011111001110100110001> :  0.3540696E-11  0.1000000E-03           1
|1000000001000000001100101> :  0.5391545E-04  0.1000000E-03           1
|1000000001000001001101101> :  0.4617939E-05  0.1000000E-03           1
|1101010001001000001100000> :  0.1768208E-04  0.1000000E-03           1
|1000000001001000001100101> :  0.1577813E-03  0.1000000E-03           1
|1000000001001010001100001> :  0.4253547E-04  0.1000000E-03           1
|1000000100001010001100101> :  0.3273659E-05  0.1000000E-03           1
|1101100001000001001100100> :  0.2061103E-04  0.1000000E-03           1
|1000000100101010101100001> :  0.8044249E-07  0.1000000E-03           1
|1000000101000000001100110> :  0.5566280E-04  0.1000000E-03           1
|1000000101000010001100110> :  0.3691852E-05  0.1000000E-03           1
|0001000001001100001110000> :  0.1044000E-05  0.1000000E-03           1
|0101010000000000001100100> :  0.5696380E-05  0.1000000E-03           1
|0101001001000100001011101> :  0.1997405E-08  0.1000000E-03           1
|0010011000101110000101000> :  0.3915209E-04  0.1000000E-03           1
|0101001000000100001110000> :  0.5665364E-06  0.1000000E-03           1
|0101000111000000001100100> :  0.8713502E-05  0.1000000E-03           1
|0010011000101110000100001> :  0.2502182E-03  0.1000000E-03           1
|0001101101001000001100000> :  0.1878064E-04  0.1000000E-03           1
|1001001100001010000100100> :  0.7976028E-04  0.1000000E-03           1
|0101000100011000010011010> :  0.1750024E-08  0.1000000E-03           1
|0010011000101110000100000> :  0.8875378E-04  0.1000000E-03           1
|1001000101100001001100000> :  0.1362932E-05  0.1000000E-03           1
|1001000101001010001100100> :  0.1455459E-03  0.1000000E-03           1
|0101000100001000001110100> :  0.1602013E-04  0.1000000E-03           1
|0010011000101101110011001> :  0.2836957E-06  0.1000000E-03           1
|0001101100001000001100000> :  0.1842466E-05  0.1000000E-03           1
|0001000001001000101110100> :  0.1650636E-04  0.1000000E-03           1
|0000001000011101000100111> :  0.1841390E-08  0.1000000E-03           1
|0101000100001000001100101> :  0.7463811E-04  0.1000000E-03           1
|0101000011001000001100100> :  0.1269890E-04  0.1000000E-03           1
|0010011000101100110111011> :  0.7865996E-07  0.1000000E-03           1
|0101000011000001000011000> :  0.3907995E-08  0.1000000E-03           1
|0101000011000000001100100> :  0.5998753E-04  0.1000000E-03           1
|0010011000101100110111000> :  0.7538282E-06  0.1000000E-03           1
|0001100101000000101100100> :  0.1946626E-05  0.1000000E-03           1
|1001000100001000001100100> :  0.9724788E-04  0.1000000E-03           1
|0101000001101000000100100> :  0.2717440E-05  0.1000000E-03           1
|0010011000101100100101000> :  0.7591132E-04  0.1000000E-03           1
|0101000001100000001100100> :  0.5640682E-04  0.1000000E-03           1
|0101000001011000011110000> :  0.8714317E-07  0.1000000E-03           1
|0010011000101100100100000> :  0.1667526E-03  0.1000000E-03           1
|0001011101000000001110100> :  0.3677555E-06  0.1000000E-03           1
|0001000000001100000101100> :  0.3911270E-07  0.1000000E-03           1
|0101000001010000001101100> :  0.7529536E-05  0.1000000E-03           1
|1001000001000100000101000> :  0.2159346E-04  0.1000000E-03           1
|0010011000101100100011001> :  0.6942980E-05  0.1000000E-03           1
|1001000000001011001100000> :  0.4431566E-07  0.1000000E-03           1
|0101000001001000001100101> :  0.3539236E-04  0.1000000E-03           1
|1001000000000010001110110> :  0.3444863E-07  0.1000000E-03           1
|0010011000101100100001000> :  0.1295954E-03  0.1000000E-03           1
|0001011000010000000010110> :  0.8039678E-08  0.1000000E-03           1
|1000110001000001000100010> :  0.6403925E-05  0.1000000E-03           1
|1000100010000110010010010> :  0.9412350E-09  0.1000000E-03           1
|1001000001000000001110011> :  0.1243898E-05  0.1000000E-03           1
|0101000001001000000100100> :  0.1524378E-03  0.1000000E-03           1
|1001000001000100000110100> :  0.3134399E-04  0.1000000E-03           1
|1001000001000100011100100> :  0.1073280E-03  0.1000000E-03           1
|1001000001001000000100100> :  0.3248638E-04  0.1000000E-03           1
|1001000001001000001100000> :  0.7615217E-05  0.1000000E-03           1
|1001000001001000001100101> :  0.4962658E-04  0.1000000E-03           1
|1001000001010000000011000> :  0.2075917E-07  0.1000000E-03           1
|1001000001010000001100100> :  0.2191305E-04  0.1000000E-03           1
|1001000010001001001100110> :  0.2003775E-07  0.1000000E-03           1
|1001000100000110001100100> :  0.5099599E-06  0.1000000E-03           1
|1000100000000011001100111> :  0.1686026E-08  0.1000000E-03           1
|1001000100001010001100100> :  0.9707443E-04  0.1000000E-03           1
|1001000100001110001110010> :  0.3214236E-07  0.1000000E-03           1
|1001000100011000001100101> :  0.2007907E-05  0.1000000E-03           1
|1001000101000000000100100> :  0.1041031E-03  0.1000000E-03           1
|1001000101000000001100100> :  0.9623292E-04  0.1000000E-03           1
|1000011101001010000100000> :  0.6372225E-04  0.1000000E-03           1
|1001000101001000000100101> :  0.4961766E-04  0.1000000E-03           1
|0101000001000110000100100> :  0.1979826E-04  0.1000000E-03           1
|1001000101001010000100000> :  0.2006102E-04  0.1000000E-03           1
|0010011000101011100000100> :  0.5938907E-07  0.1000000E-03           1
|1001000101010000001100100> :  0.2446351E-04  0.1000000E-03           1
|1000011100101110000100000> :  0.3833297E-04  0.1000000E-03           1
|1001000111000000001100100> :  0.4176422E-04  0.1000000E-03           1
|1001001001000000001100100> :  0.4444361E-04  0.1000000E-03           1
|1001001001001000001010101> :  0.2110288E-07  0.1000000E-03           1
|1000011100101010000100100> :  0.2990031E-03  0.1000000E-03           1
|1001001100001010001100100> :  0.1582486E-04  0.1000000E-03           1
|1001001101000000001100100> :  0.8173788E-04  0.1000000E-03           1
|1001001101001000000100000> :  0.1249749E-04  0.1000000E-03           1
|1001001101001001001100100> :  0.1136977E-05  0.1000000E-03           1
|0101000001000100001000100> :  0.4032818E-06  0.1000000E-03           1
|1001001101001100000111100> :  0.1425872E-07  0.1000000E-03           1
|1001010001000000001100100> :  0.1069539E-03  0.1000000E-03           1
|1000011100001010000100001> :  0.4221823E-04  0.1000000E-03           1
|1001010001001000001000100> :  0.1235142E-06  0.1000000E-03           1
|0001011000000100011100110> :  0.1196740E-08  0.1000000E-03           1
|0001000000000001001100001> :  0.5495617E-07  0.1000000E-03           1
|1001010100001010000100100> :  0.1410838E-03  0.1000000E-03           1
|1001011001110000000100001> :  0.4373777E-07  0.1000000E-03           1
|0000011000101100000100000> :  0.8670537E-07  0.1000000E-03           1
|1000011001001010000100001> :  0.9374484E-04  0.1000000E-03           1
|0101000001000000001110100> :  0.5807694E-04  0.1000000E-03           1
|1001011100001010000100100> :  0.6355976E-04  0.1000000E-03           1
|1001011101000001000100101> :  0.2791708E-07  0.1000000E-03           1
|1001011110000000101100000> :  0.1619563E-06  0.1000000E-03           1
|1001100001000001001100000> :  0.1390934E-04  0.1000000E-03           1
|1001100110000000001100100> :  0.2818384E-04  0.1000000E-03           1
|1000011001001010000100000> :  0.4529256E-04  0.1000000E-03           1
|1001100111001000101100101> :  0.7108172E-08  0.1000000E-03           1
|1001101001000000000100000> :  0.3041465E-04  0.1000000E-03           1
|1001110010000000011100010> :  0.3422855E-08  0.1000000E-03           1
|1001111000100000000100001> :  0.7306909E-07  0.1000000E-03           1
|1010000100000011000100100> :  0.1412879E-06  0.1000000E-03           1
|1010001000101110100100000> :  0.3293216E-04  0.1000000E-03           1
|1010001001001010010110001> :  0.6339622E-07  0.1000000E-03           1
|1000011001000001001100000> :  0.4719457E-06  0.1000000E-03           1
|1010001100001010000100100> :  0.3523311E-04  0.1000000E-03           1
|1010001101001000000111010> :  0.6010731E-09  0.1000000E-03           1
|1010011000001010100100000> :  0.1442782E-04  0.1000000E-03           1
|1010011000101010000100001> :  0.4072539E-04  0.1000000E-03           1
|1010011000101010001100000> :  0.2436499E-04  0.1000000E-03           1
|0010011000101010001100100> :  0.2095963E-04  0.1000000E-03           1
|1000011000101111001100001> :  0.3303524E-07  0.1000000E-03           1
|0101000001000000001000100> :  0.4541551E-04  0.1000000E-03           1
|1010011100101010000100000> :  0.4049206E-04  0.1000000E-03           1
|1000010101001010010110010> :  0.2320609E-06  0.1000000E-03           1
|1010101000000110100100000> :  0.6314936E-07  0.1000000E-03           1
|1011000000010010001101110> :  0.1190622E-08  0.1000000E-03           1
|1000010100000100100100110> :  0.7859093E-08  0.1000000E-03           1
|1011000100001000001101100> :  0.3550567E-07  0.1000000E-03           1
|1011001000000000001110100> :  0.7787231E-06  0.1000000E-03           1
|1011001100001001001100001> :  0.2974979E-07  0.1000000E-03           1
|1011010101001000001111100> :  0.1510000E-07  0.1000000E-03           1
|1011011000101000000100100> :  0.8498045E-06  0.1000000E-03           1
|1011100001111001011110100> :  0.2815754E-09  0.1000000E-03           1
|1100000000000000001100101> :  0.1120325E-03  0.1000000E-03           1
|1100000000000001011100100> :  0.2968501E-06  0.1000000E-03           1
|1100000000001001001101101> :  0.1167882E-06  0.1000000E-03           1
|1100000000100000001100101> :  0.1479063E-04  0.1000000E-03           1
|1100000001000000001100001> :  0.2164816E-04  0.1000000E-03           1
|0101000000110001001110000> :  0.6423284E-08  0.1000000E-03           1
|0010011000101010001100000> :  0.7419050E-05  0.1000000E-03           1
|0001011000000000111100101> :  0.3829575E-08  0.1000000E-03           1
|1000010011001000000110010> :  0.1623197E-06  0.1000000E-03           1
|1100000001000000011100101> :  0.3247587E-04  0.1000000E-03           1
|1100000001000100001110000> :  0.1200119E-04  0.1000000E-03           1
|1100000001001000001100001> :  0.1660492E-03  0.1000000E-03           1
|1000010001101010000100001> :  0.1609211E-04  0.1000000E-03           1
|1100000001001000001100101> :  0.7496815E-04  0.1000000E-03           1
|1100000001001000100110100> :  0.3777530E-04  0.1000000E-03           1
|1100000001001011001100000> :  0.7573183E-05  0.1000000E-03           1
|0101000000101000001100101> :  0.8042637E-04  0.1000000E-03           1
|1100000001010000001100110> :  0.2267860E-04  0.1000000E-03           1
|1100000001010101000100000> :  0.2673743E-05  0.1000000E-03           1
|1100000001101000000100001> :  0.2862279E-04  0.1000000E-03           1
|1000010001101000000100101> :  0.1183009E-04  0.1000000E-03           1
|1100000011000001000001001> :  0.7059303E-08  0.1000000E-03           1
|1100000101000100000110101> :  0.1205641E-06  0.1000000E-03           1
|1100001000010000001100000> :  0.4548910E-07  0.1000000E-03           1
|0101000000001000011100100> :  0.4580842E-04  0.1000000E-03           1
|0010011000101010000101001> :  0.3312027E-04  0.1000000E-03           1
|1000010001001000001100100> :  0.9659067E-04  0.1000000E-03           1
|1100001001010001011111110> :  0.2408458E-09  0.1000000E-03           1
|1100001011001000101100000> :  0.7953809E-08  0.1000000E-03           1
|1100010000101000001100101> :  0.1052914E-04  0.1000000E-03           1
|1100010001001000000100101> :  0.1303046E-04  0.1000000E-03           1
|1100010111000100001100000> :  0.1666487E-07  0.1000000E-03           1
|1100011000000001001100100> :  0.7061763E-06  0.1000000E-03           1
|1100100000000001001100110> :  0.9039394E-05  0.1000000E-03           1
|1100100000000010101001000> :  0.4759204E-06  0.1000000E-03           1
|1100100000000010101010000> :  0.1469750E-07  0.1000000E-03           1
|1100100001000001001000110> :  0.1561335E-07  0.1000000E-03           1
|1100100001000001001100100> :  0.3011414E-05  0.1000000E-03           1
|1100100001000010101100000> :  0.2913906E-06  0.1000000E-03           1
|1100101101000000000100100> :  0.4347830E-05  0.1000000E-03           1
|1000010001000000001100101> :  0.9728842E-05  0.1000000E-03           1
|1101000000000000101100110> :  0.2129774E-04  0.1000000E-03           1
|0101000000001000001110101> :  0.7409589E-05  0.1000000E-03           1
|1000010000110110000100101> :  0.6782344E-08  0.1000000E-03           1
|1101000000000011001100100> :  0.1049609E-04  0.1000000E-03           1
|1000001111001010000100000> :  0.2858887E-04  0.1000000E-03           1
|1101000000000100011100000> :  0.1005435E-05  0.1000000E-03           1
|1101000000000101011011101> :  0.1032992E-08  0.1000000E-03           1
|0101000000001000001110100> :  0.1198097E-04  0.1000000E-03           1
|1101000000001000100110100> :  0.7265184E-05  0.1000000E-03           1
|1101000000001100001110000> :  0.1491198E-04  0.1000000E-03           1
|1101000000001100001110100> :  0.1804173E-04  0.1000000E-03           1
|1101000000010001010100100> :  0.1783909E-06  0.1000000E-03           1
|0010011000101010000100001> :  0.8813896E-05  0.1000000E-03           1
|0001010110011000000001110> :  0.1446175E-07  0.1000000E-03           1
|0000111001000000000100100> :  0.5991159E-05  0.1000000E-03           1
|1000001101001010101110000> :  0.1705725E-06  0.1000000E-03           1
|1000001101000101001111101> :  0.1130877E-09  0.1000000E-03           1
|1101000001000000011100100> :  0.3762379E-04  0.1000000E-03           1
|1101000001000000100110100> :  0.1467892E-04  0.1000000E-03           1
|1000001100101010101100000> :  0.5489302E-05  0.1000000E-03           1
|0010011000101000100100100> :  0.1968293E-03  0.1000000E-03           1
|1000001100101010100100000> :  0.6835953E-04  0.1000000E-03           1
|1000001100001010101100001> :  0.2294542E-04  0.1000000E-03           1
|1101000001000001101100100> :  0.2979526E-04  0.1000000E-03           1
|1101000001000010111100101> :  0.7465683E-08  0.1000000E-03           1
|1101000001000011001100100> :  0.4611218E-04  0.1000000E-03           1
|1101000001000100001000100> :  0.5210817E-04  0.1000000E-03           1
|0101000000000000001100100> :  0.1118136E-03  0.1000000E-03           1
|1000001100001010000100100> :  0.7295480E-05  0.1000000E-03           1
|1101000001000100011100000> :  0.2084193E-04  0.1000000E-03           1
|1101000001000100101110100> :  0.3244843E-05  0.1000000E-03           1
|0100111010001001001100000> :  0.2200767E-07  0.1000000E-03           1
|0010011000101000100001001> :  0.4661120E-05  0.1000000E-03           1
|1101000001001001001100101> :  0.1049885E-04  0.1000000E-03           1
|1101000001001100001110000> :  0.1356954E-03  0.1000000E-03           1
|1101000001001100011100100> :  0.8057369E-05  0.1000000E-03           1
|1101000001011001001110100> :  0.1563450E-06  0.1000000E-03           1
|1101000001100000001110100> :  0.1113553E-04  0.1000000E-03           1
|1101000001100001001100100> :  0.1668546E-03  0.1000000E-03           1
|0001010100001010001100100> :  0.4007068E-05  0.1000000E-03           1
|1000001001001010000100001> :  0.7963148E-04  0.1000000E-03           1
|1101000010000011001110000> :  0.8450011E-07  0.1000000E-03           1
|1101000010111001011100101> :  0.2147664E-09  0.1000000E-03           1
|1000001001000001101100000> :  0.1062998E-04  0.1000000E-03           1
|1101000011000000000101100> :  0.1011686E-03  0.1000000E-03           1
|0100111001100100111110001> :  0.1142132E-09  0.1000000E-03           1
|1101000011000000101100100> :  0.2309848E-03  0.1000000E-03           1
|1101000100000000001100100> :  0.1143085E-03  0.1000000E-03           1
|1101000100000001101100100> :  0.2255862E-04  0.1000000E-03           1
|1101000100000100101100100> :  0.1142764E-05  0.1000000E-03           1
|1000001001000000001110100> :  0.6403734E-04  0.1000000E-03           1
|1110000110001000000100100> :  0.6494098E-06  0.1000000E-03           1
|1000001000000110101101000> :  0.5932415E-07  0.1000000E-03           1
|1101000100010110000100000> :  0.1139182E-07  0.1000000E-03           1
|1101000100101000001000010> :  0.3724454E-09  0.1000000E-03           1
|0100111000010100110000000> :  0.5654109E-09  0.1000000E-03           1
|1101000101000000001000100> :  0.7671018E-04  0.1000000E-03           1
|1000000101001101001100000> :  0.3956165E-06  0.1000000E-03           1
|1101000101000100001100101> :  0.1058721E-04  0.1000000E-03           1
|1101000101001000000100110> :  0.5576990E-05  0.1000000E-03           1
|1101000101001000001100000> :  0.8188783E-04  0.1000000E-03           1
|1000000101001100000100110> :  0.1090417E-07  0.1000000E-03           1
|1101000101001100001100001> :  0.7642946E-07  0.1000000E-03           1
|0100110001100001010101000> :  0.1582705E-09  0.1000000E-03           1
|1101000111000000011100100> :  0.1342695E-05  0.1000000E-03           1
|1101001000010000001100100> :  0.2637061E-05  0.1000000E-03           1
|1000000101001000001100110> :  0.1732753E-04  0.1000000E-03           1
|1101101011000000101100100> :  0.2014184E-05  0.1000000E-03           1
|1101101001000000001100000> :  0.3163114E-05  0.1000000E-03           1
|1101001001000001000100100> :  0.7224574E-04  0.1000000E-03           1
|1101001001000100011100100> :  0.3980691E-05  0.1000000E-03           1
|1101001001000101001100100> :  0.7692242E-06  0.1000000E-03           1
|1101001001000101001110100> :  0.1911239E-05  0.1000000E-03           1
|1101001001001001001110100> :  0.2004607E-05  0.1000000E-03           1
|1101001101000101001100100> :  0.1496563E-05  0.1000000E-03           1
|1101001101001001000100100> :  0.3589634E-05  0.1000000E-03           1
|1101001101011100001111110> :  0.1508971E-08  0.1000000E-03           1
|1101010001000000001100100> :  0.6310831E-04  0.1000000E-03           1
|1101010001000000101100100> :  0.4036713E-04  0.1000000E-03           1
|1000000101001000001100001> :  0.3756713E-05  0.1000000E-03           1
|1101010001001000001100100> :  0.2666722E-04  0.1000000E-03           1
|1101010001001000001110001> :  0.8593340E-05  0.1000000E-03           1
|1101010010001100001100100> :  0.1736577E-06  0.1000000E-03           1
|1101010101000000011100100> :  0.2948187E-05  0.1000000E-03           1
|1101010101000100011110100> :  0.2286022E-05  0.1000000E-03           1
|1101100001000000001000110> :  0.1696195E-07  0.1000000E-03           1
|1101100001000001000100100> :  0.1937195E-05  0.1000000E-03           1
|0100110001001000100100101> :  0.2627375E-05  0.1000000E-03           1
|1101100001001001001100101> :  0.7591277E-05  0.1000000E-03           1
|1101100001100001001100100> :  0.1054963E-04  0.1000000E-03           1
|0010011000101000001100100> :  0.2508506E-04  0.1000000E-03           1
|1101100011000000001100100> :  0.5490284E-05  0.1000000E-03           1
|1101100011000001101100100> :  0.3835304E-05  0.1000000E-03           1
|0001010001101000001100100> :  0.1010830E-05  0.1000000E-03           1
|1101101001000000000100100> :  0.1033550E-03  0.1000000E-03           1
|0000111000100111010001000> :  0.1567507E-08  0.1000000E-03           1
|0000011000100101100100000> :  0.6598637E-07  0.1000000E-03           1
|1101110000000000000100111> :  0.1108985E-06  0.1000000E-03           1
|1101111001000000000100000> :  0.6244187E-06  0.1000000E-03           1
|1101111001000001000100000> :  0.3287656E-07  0.1000000E-03           1
|0000000101001110101110010> :  0.1250029E-08  0.1000000E-03           1
|1110000000001000001100101> :  0.1801664E-04  0.1000000E-03           1
|1110000001000001001100100> :  0.2026234E-03  0.1000000E-03           1
|0000000001011001000101010> :  0.1255883E-06  0.1000000E-03           1
|1110101001000000001100000> :  0.2811431E-06  0.1000000E-03           1
|1111000001000000001100100> :  0.1447951E-04  0.1000000E-03           1
|1111000100000001001100100> :  0.5121001E-05  0.1000000E-03           1
|1111001000000001001100100> :  0.9684144E-06  0.1000000E-03           1
|1111010001001001010100100> :  0.9780337E-07  0.1000000E-03           1
|1111010101000101111100100> :  0.5018116E-08  0.1000000E-03           1
|1111100001000000001100100> :  0.8352586E-04  0.1000000E-03           1
|1111111001011011001101000> :  0.9842338E-10  0.1000000E-03           1
|0000000001001001001101001> :  0.2622910E-06  0.1000000E-03           1
