# state, exact probability, frequency, count:
#------------------------------------------------------------------
|001010100111001110100100> :  0.1427863E+00  0.1397000E+00        1397
|110101011000110001011011> :  0.1427863E+00  0.1384000E+00        1384
|110101001100110001011011> :  0.8854316E-01  0.9130000E-01         913
|110101011010110000011011> :  0.8854316E-01  0.9090000E-01         909
|001010100101001111100100> :  0.8854316E-01  0.8770000E-01         877
|001010110011001110100100> :  0.8854316E-01  0.8550000E-01         855
|001010000101001111101100> :  0.1895940E-01  0.2090000E-01         209
|001000111011001110100100> :  0.1895940E-01  0.1950000E-01         195
|110101111010110000010011> :  0.1895940E-01  0.1830000E-01         183
|110111000100110001011011> :  0.1895940E-01  0.1750000E-01         175
|001011100111010110010010> :  0.1361192E-01  0.1590000E-01         159
|110100011000101001101101> :  0.1361192E-01  0.1350000E-01         135
|110100011000101001101110> :  0.1361192E-01  0.1230000E-01         123
|001011100111010110010001> :  0.1361192E-01  0.1180000E-01         118
|111100011000101001101100> :  0.1027747E-01  0.1140000E-01         114
|000011100111010110010011> :  0.1027747E-01  0.1030000E-01         103
|001011100101010111010001> :  0.8706219E-02  0.9700000E-02          97
|001011110011010110010001> :  0.8706219E-02  0.9400000E-02          94
|001011100101010111010010> :  0.8706219E-02  0.9300000E-02          93
|110100001100101001101110> :  0.8706219E-02  0.9300000E-02          93
|001011110011010110010010> :  0.8706219E-02  0.9100000E-02          91
|000011100101010111010011> :  0.6820394E-02  0.8600000E-02          86
|110100001100101001101101> :  0.8706219E-02  0.8600000E-02          86
|110100011010101000101110> :  0.8706219E-02  0.8500000E-02          85
|110100011010101000101101> :  0.8706219E-02  0.8400000E-02          84
|111100011010101000101100> :  0.6820394E-02  0.7300000E-02          73
|111100001100101001101100> :  0.6820394E-02  0.6800000E-02          68
|110100011000101001111001> :  0.5423849E-02  0.6800000E-02          68
|000011110011010110010011> :  0.6820394E-02  0.6700000E-02          67
|001010100111011110010001> :  0.5423849E-02  0.5900000E-02          59
|001011100111010110000110> :  0.5423849E-02  0.5400000E-02          54
|110100001100101001111001> :  0.3444688E-02  0.4900000E-02          49
|001010110011011110010001> :  0.3444688E-02  0.4300000E-02          43
|110101011000100001101110> :  0.5423849E-02  0.3800000E-02          38
|001010100101011111010001> :  0.3444688E-02  0.3500000E-02          35
|001011110011010110000110> :  0.3444688E-02  0.3400000E-02          34
|001011100101010111000110> :  0.3444688E-02  0.3100000E-02          31
|110101011010100000101110> :  0.3444688E-02  0.3100000E-02          31
|110100011010101000111001> :  0.3444688E-02  0.3100000E-02          31
|110101001100100001101110> :  0.3444688E-02  0.3000000E-02          30
|110100011000111001011001> :  0.1804425E-02  0.2400000E-02          24
|001010100111001110110001> :  0.1804425E-02  0.2200000E-02          22
|110100111010101000100110> :  0.1737695E-02  0.2000000E-02          20
|001011000101010111011001> :  0.1737695E-02  0.1900000E-02          19
|001001111011010110010001> :  0.1737695E-02  0.1900000E-02          19
|110110000100101001101101> :  0.1737695E-02  0.1900000E-02          19
|000011000101010111011011> :  0.1562447E-02  0.1900000E-02          19
|001011000101010111011010> :  0.1737695E-02  0.1800000E-02          18
|110101011000110001001110> :  0.1804425E-02  0.1800000E-02          18
|110101011010110000001110> :  0.1219623E-02  0.1700000E-02          17
|110100111010101000100101> :  0.1737695E-02  0.1600000E-02          16
|111100111010101000100100> :  0.1562447E-02  0.1600000E-02          16
|000001111011010110010011> :  0.1562447E-02  0.1600000E-02          16
|001001111011010110010010> :  0.1737695E-02  0.1500000E-02          15
|001011100111000110100110> :  0.1804425E-02  0.1400000E-02          14
|110110000100101001101110> :  0.1737695E-02  0.1400000E-02          14
|001011110011000110100110> :  0.1219623E-02  0.1300000E-02          13
|001011100101000111100110> :  0.1219623E-02  0.1200000E-02          12
|001010110011001110110001> :  0.1219623E-02  0.1200000E-02          12
|111110000100101001101100> :  0.1562447E-02  0.1200000E-02          12
|110100001100111001011001> :  0.1219623E-02  0.1100000E-02          11
|110101111010100000100110> :  0.7132121E-03  0.1000000E-02          10
|110101101100010001010011> :  0.5482705E-03  0.1000000E-02          10
|001010100101001111110001> :  0.1219623E-02  0.1000000E-02          10
|001011000101010111001110> :  0.7132121E-03  0.9000000E-03           9
|110101001100110001001110> :  0.1219623E-02  0.9000000E-03           9
|110100011010111000011001> :  0.1219623E-02  0.9000000E-03           9
|001010000011101111101100> :  0.5479570E-03  0.8000000E-03           8
|001001111011010110000110> :  0.7132121E-03  0.7000000E-03           7
|110110000100101001111001> :  0.7132121E-03  0.7000000E-03           7
|001000111011011110010001> :  0.7132121E-03  0.7000000E-03           7
|110101111100010000010011> :  0.5479570E-03  0.7000000E-03           7
|110111000100100001101110> :  0.7132121E-03  0.7000000E-03           7
|001100111101001110100100> :  0.5479570E-03  0.7000000E-03           7
|001010000101011111011001> :  0.7132121E-03  0.6000000E-03           6
|110011000010110001011011> :  0.5479570E-03  0.6000000E-03           6
|110100111010101000110001> :  0.7132121E-03  0.6000000E-03           6
|110101111010110000000110> :  0.2928074E-03  0.5000000E-03           5
|001010010011101110101100> :  0.5482705E-03  0.4000000E-03           4
|001011000101000111101110> :  0.2928074E-03  0.4000000E-03           4
|110011010010110000011011> :  0.5482705E-03  0.4000000E-03           4
|001001111011000110100110> :  0.2928074E-03  0.4000000E-03           4
|001100101101001111100100> :  0.5482705E-03  0.4000000E-03           4
|110100111010111000010001> :  0.2928074E-03  0.4000000E-03           4
|001000111011001110110001> :  0.2928074E-03  0.4000000E-03           4
|110111000000110001011011> :  0.1534000E-03  0.3000000E-03           3
|110010000010101001101110> :  0.3157068E-04  0.2000000E-03           2
|001010101101001111100100> :  0.1261613E-03  0.2000000E-03           2
|001010100111001110101100> :  0.8496709E-04  0.2000000E-03           2
|001100111011001110100100> :  0.6598074E-04  0.2000000E-03           2
|110101111010010000010011> :  0.6598074E-04  0.2000000E-03           2
|001000111111001110100100> :  0.1534000E-03  0.2000000E-03           2
|001101111101010110010010> :  0.3157068E-04  0.2000000E-03           2
|111100111100001000100100> :  0.3837926E-04  0.2000000E-03           2
|110100001000101001101110> :  0.3933496E-05  0.1000000E-03           1
|110011011000110101010011> :  0.1677274E-06  0.1000000E-03           1
|110011001000100000101110> :  0.3326899E-06  0.1000000E-03           1
|110010010010101000111001> :  0.8129474E-05  0.1000000E-03           1
|001010010011101100101100> :  0.1685859E-05  0.1000000E-03           1
|001000000001101111100100> :  0.3487578E-05  0.1000000E-03           1
|110010010010101000101110> :  0.3196190E-04  0.1000000E-03           1
|001011000101001111101100> :  0.1116912E-04  0.1000000E-03           1
|001010000111001111101100> :  0.1534000E-03  0.1000000E-03           1
|110000000100011101011001> :  0.3238124E-08  0.1000000E-03           1
|101011100110010010010001> :  0.5760786E-06  0.1000000E-03           1
|001010110011011110011001> :  0.3167178E-05  0.1000000E-03           1
|000101101101010111010011> :  0.4481466E-04  0.1000000E-03           1
|000011010101010110010011> :  0.5000407E-06  0.1000000E-03           1
|100110100100001010100111> :  0.1032106E-05  0.1000000E-03           1
|100110000100101111110011> :  0.3699268E-07  0.1000000E-03           1
|100110000001101101101101> :  0.4871684E-07  0.1000000E-03           1
|101110000000101011110001> :  0.1859507E-07  0.1000000E-03           1
|100101011010110110011011> :  0.4291449E-05  0.1000000E-03           1
|110001011010110000011011> :  0.8097976E-04  0.1000000E-03           1
|110001101010010001010011> :  0.3174172E-05  0.1000000E-03           1
|110001111100110010010011> :  0.4316828E-06  0.1000000E-03           1
|001010110011010110000100> :  0.4385634E-05  0.1000000E-03           1
|001010000101001111111001> :  0.2928074E-03  0.1000000E-03           1
|100100101101001011110001> :  0.1718327E-06  0.1000000E-03           1
|100100011010111100101001> :  0.1210868E-08  0.1000000E-03           1
|001010110011010110000000> :  0.7647482E-05  0.1000000E-03           1
|110011001000110000011011> :  0.6596021E-05  0.1000000E-03           1
|100011111011010011010011> :  0.1370246E-06  0.1000000E-03           1
|100010000101001011100100> :  0.6174954E-07  0.1000000E-03           1
|001010110011001110110100> :  0.4522977E-04  0.1000000E-03           1
|110100001100101001101100> :  0.6230385E-05  0.1000000E-03           1
|000100111011010110010011> :  0.5999820E-07  0.1000000E-03           1
|011110100111001010100100> :  0.4819581E-05  0.1000000E-03           1
|011101001101110101011011> :  0.1830426E-05  0.1000000E-03           1
|011100101101001001100100> :  0.1962294E-04  0.1000000E-03           1
|111101101101001011100110> :  0.2155594E-08  0.1000000E-03           1
|011010010010101100101100> :  0.1962294E-04  0.1000000E-03           1
|001010110011001110100110> :  0.4040652E-04  0.1000000E-03           1
|011001010011010000011010> :  0.9565833E-08  0.1000000E-03           1
|111100111010110000100111> :  0.3592987E-06  0.1000000E-03           1
|011000000111001100101100> :  0.5840909E-07  0.1000000E-03           1
|111100101100001001100100> :  0.4481466E-04  0.1000000E-03           1
|011000000100011101011001> :  0.2460222E-08  0.1000000E-03           1
|111100011000111001101011> :  0.2286608E-05  0.1000000E-03           1
|010101011000110001011011> :  0.5871171E-05  0.1000000E-03           1
|000100011101001000111001> :  0.7441714E-07  0.1000000E-03           1
|000010100111001110000011> :  0.4620496E-05  0.1000000E-03           1
|010011010010110100011000> :  0.6013230E-07  0.1000000E-03           1
|110111110100110001011011> :  0.6761925E-06  0.1000000E-03           1
|001111000001010111010001> :  0.3577331E-07  0.1000000E-03           1
|001110101011001111100100> :  0.4638034E-05  0.1000000E-03           1
|110111000101001001111001> :  0.1921389E-08  0.1000000E-03           1
|001110101011001010100100> :  0.1318954E-05  0.1000000E-03           1
|001010100111001110110100> :  0.7246523E-04  0.1000000E-03           1
|001110100101001111100100> :  0.8097976E-04  0.1000000E-03           1
|110111000011110000011011> :  0.7630396E-06  0.1000000E-03           1
|001110010001001110101100> :  0.3595864E-05  0.1000000E-03           1
|110110000100111001011001> :  0.2928074E-03  0.1000000E-03           1
|110110000100110001011011> :  0.1116912E-04  0.1000000E-03           1
|001101011001010001011010> :  0.8665247E-06  0.1000000E-03           1
|001010100111001110110000> :  0.1794422E-05  0.1000000E-03           1
|001100111110001010100100> :  0.1713239E-06  0.1000000E-03           1
|110101111000110000010011> :  0.1534000E-03  0.1000000E-03           1
|110101111000100000100110> :  0.3052645E-05  0.1000000E-03           1
|001100011111001111100100> :  0.9417193E-06  0.1000000E-03           1
|110101011010101000111111> :  0.7647482E-05  0.1000000E-03           1
|001100001101001110101100> :  0.6030721E-06  0.1000000E-03           1
|110101011010010010011011> :  0.2788356E-06  0.1000000E-03           1
|001011110111010110010001> :  0.3933496E-05  0.1000000E-03           1
|110101011000111001111010> :  0.5947776E-05  0.1000000E-03           1
|001011110011011110110100> :  0.2274622E-05  0.1000000E-03           1
|001010100101011111000010> :  0.5859513E-05  0.1000000E-03           1
|000011100111011110110011> :  0.1547918E-05  0.1000000E-03           1
|000010110011011110010111> :  0.2228387E-06  0.1000000E-03           1
|110101011000110001011001> :  0.5585614E-04  0.1000000E-03           1
|110101011000110001010011> :  0.8496709E-04  0.1000000E-03           1
|110101011000110000011011> :  0.5188810E-04  0.1000000E-03           1
|110101001100110001111011> :  0.2272187E-05  0.1000000E-03           1
|110101001100110001011010> :  0.4040652E-04  0.1000000E-03           1
|001011110011001110110010> :  0.1046030E-05  0.1000000E-03           1
|001010100101001111100110> :  0.4040652E-04  0.1000000E-03           1
|110101001100110001011001> :  0.4040652E-04  0.1000000E-03           1
|110101001100110001010011> :  0.1261613E-03  0.1000000E-03           1
|001011100111010110011001> :  0.3669475E-05  0.1000000E-03           1
|001010100101001111100101> :  0.4040652E-04  0.1000000E-03           1
|001011100111010110010011> :  0.1162138E-04  0.1000000E-03           1
|110111000100110001001110> :  0.2928074E-03  0.1000000E-03           1
|110100111010001000100101> :  0.4210623E-05  0.1000000E-03           1
|001010100101001110100100> :  0.3800138E-04  0.1000000E-03           1
|110111011100110000011011> :  0.5666295E-05  0.1000000E-03           1
|110111101010010001010011> :  0.2801219E-05  0.1000000E-03           1
|001011100111001110110000> :  0.6337622E-05  0.1000000E-03           1
|111010100110001001111100> :  0.3353496E-08  0.1000000E-03           1
|001011100111001110100100> :  0.7246523E-04  0.1000000E-03           1
|001010100001101110100100> :  0.6867748E-05  0.1000000E-03           1
|110100001110101001101101> :  0.3354245E-06  0.1000000E-03           1
|001011100111001110000011> :  0.2481946E-06  0.1000000E-03           1
|110100001100111001001010> :  0.1046030E-05  0.1000000E-03           1
|001010010111101110100100> :  0.4127198E-05  0.1000000E-03           1
|110100001100110001011011> :  0.4522977E-04  0.1000000E-03           1
|001010010101001110100100> :  0.5666295E-05  0.1000000E-03           1
|111101011000111001101010> :  0.2282318E-05  0.1000000E-03           1
|111101011010101000111000> :  0.1957091E-05  0.1000000E-03           1
|001000010101101110101100> :  0.2801219E-05  0.1000000E-03           1
|000010110011001110000011> :  0.3065131E-05  0.1000000E-03           1
|111111110011010010010010> :  0.5538682E-06  0.1000000E-03           1
|000010100111000110100100> :  0.2330766E-05  0.1000000E-03           1
