# state, exact probability, frequency, count:
#------------------------------------------------------------------
|1010001000010010010001000> :  0.1753252E+00  0.1757000E+00        1757
|1010001100010000010001000> :  0.1781438E+00  0.1738000E+00        1738
|0001101000101100000001000> :  0.7559506E-01  0.7350000E-01         735
|0001101000001100000011000> :  0.3753744E-01  0.3800000E-01         380
|1100001100010000000001000> :  0.3170631E-01  0.3300000E-01         330
|0000011001010010000001000> :  0.2420561E-01  0.2610000E-01         261
|1000011000010010000001000> :  0.2462299E-01  0.2590000E-01         259
|1100001000010010000001000> :  0.2420727E-01  0.2360000E-01         236
|1000011100010000000001000> :  0.2067894E-01  0.2270000E-01         227
|0100001101010000000001000> :  0.2007745E-01  0.1960000E-01         196
|0000001000111100000001000> :  0.1841740E-01  0.1790000E-01         179
|0000011101010000000001000> :  0.1814085E-01  0.1670000E-01         167
|1000001000011100000001000> :  0.1388708E-01  0.1600000E-01         160
|0100001001110000000001000> :  0.1598328E-01  0.1570000E-01         157
|0100001001010010000001000> :  0.1454073E-01  0.1410000E-01         141
|1010101100000000000001000> :  0.1249479E-01  0.1310000E-01         131
|1000011000011000000001000> :  0.9904015E-02  0.8900000E-02          89
|0010001000000011010001000> :  0.9041101E-02  0.8800000E-02          88
|1000101000001100000001000> :  0.7916024E-02  0.8700000E-02          87
|1010101000000010000001000> :  0.8232044E-02  0.8600000E-02          86
|0000001001111000000001000> :  0.6859036E-02  0.7900000E-02          79
|0010101100000001000001000> :  0.6874887E-02  0.7900000E-02          79
|1010001100010000000001000> :  0.7177387E-02  0.7300000E-02          73
|0000011001011000000001000> :  0.6007770E-02  0.6800000E-02          68
|1100001000010100000001000> :  0.7681941E-02  0.6700000E-02          67
|0100001000110100000001000> :  0.7155686E-02  0.6200000E-02          62
|0010101000000011000001000> :  0.5586835E-02  0.5900000E-02          59
|1010001000010010000001000> :  0.4968151E-02  0.5600000E-02          56
|0010001000110000010001000> :  0.4758183E-02  0.5200000E-02          52
|0010000110000000011000010> :  0.5236608E-02  0.4800000E-02          48
|0010001000010010010001000> :  0.4679382E-02  0.4800000E-02          48
|0001001000101100000001000> :  0.3522996E-02  0.4300000E-02          43
|1010001000010010010101000> :  0.3340867E-02  0.4200000E-02          42
|1010001010010010010001000> :  0.3285805E-02  0.3600000E-02          36
|0010001100010000010001000> :  0.3085812E-02  0.3400000E-02          34
|1010001100010000110001000> :  0.3407300E-02  0.3300000E-02          33
|1000001100010000010001000> :  0.3375835E-02  0.3100000E-02          31
|1010000000000010010001001> :  0.3030048E-02  0.3100000E-02          31
|1010001000000010010001000> :  0.3015203E-02  0.2900000E-02          29
|0010001100000001010001000> :  0.3534008E-02  0.2800000E-02          28
|1010001000010010010001010> :  0.3306457E-02  0.2800000E-02          28
|0010000000000011010001001> :  0.2493062E-02  0.2500000E-02          25
|1100000000000010100000101> :  0.2925538E-02  0.2400000E-02          24
|0000101000101100000001000> :  0.2061101E-02  0.2200000E-02          22
|0000011001010010001000000> :  0.2047648E-02  0.2000000E-02          20
|1010001000010000010001000> :  0.1514750E-02  0.1700000E-02          17
|1011001100010010010001000> :  0.8469765E-03  0.1700000E-02          17
|1000001000010010010001000> :  0.2371487E-02  0.1600000E-02          16
|0001101000100100000001000> :  0.1997076E-02  0.1600000E-02          16
|0001101000101100001001000> :  0.1415302E-02  0.1500000E-02          15
|0000001001000011000001000> :  0.1137328E-02  0.1500000E-02          15
|0010001000000000010011000> :  0.8325789E-03  0.1500000E-02          15
|0000010111000000001000010> :  0.1050642E-02  0.1300000E-02          13
|0010000010000000011010010> :  0.1425290E-02  0.1300000E-02          13
|0000010011001000100000010> :  0.1336289E-02  0.1300000E-02          13
|1000101000000010000001000> :  0.7026543E-03  0.1200000E-02          12
|0010001000100000010001000> :  0.7878881E-03  0.1100000E-02          11
|0000011001000010000001000> :  0.9824329E-03  0.1000000E-02          10
|0001101000000100000011000> :  0.1179662E-02  0.9000000E-03           9
|1010001100010000010000000> :  0.5529260E-03  0.9000000E-03           9
|0001011000001000000001000> :  0.4227190E-03  0.8000000E-03           8
|0001001000100000010001000> :  0.2930849E-03  0.8000000E-03           8
|0000001001110000000001000> :  0.3543488E-03  0.8000000E-03           8
|0000011001001000000001000> :  0.6292015E-03  0.7000000E-03           7
|1000101000000100000001000> :  0.3088803E-03  0.7000000E-03           7
|0000011101000000000001000> :  0.5022763E-03  0.7000000E-03           7
|0000000001101000100000001> :  0.4259062E-03  0.7000000E-03           7
|0100001001000010000001000> :  0.6237512E-03  0.7000000E-03           7
|1100001000000010000001000> :  0.6855682E-03  0.7000000E-03           7
|0000000011101000100000010> :  0.2585038E-03  0.7000000E-03           7
|1000101000001000000001000> :  0.8427447E-03  0.7000000E-03           7
|1010001100000000010001000> :  0.3896078E-03  0.7000000E-03           7
|0001101000101100000011000> :  0.5158342E-03  0.6000000E-03           6
|0010000010100000010000010> :  0.4108832E-03  0.6000000E-03           6
|1100001100000000000001000> :  0.4985692E-03  0.6000000E-03           6
|0001000010000000011010010> :  0.5840458E-03  0.6000000E-03           6
|0000001101000001000001000> :  0.7807892E-03  0.6000000E-03           6
|0000000011101000000000010> :  0.2880738E-03  0.5000000E-03           5
|0000001000110000010001000> :  0.4552535E-03  0.5000000E-03           5
|1100000000000100000000101> :  0.3112639E-03  0.5000000E-03           5
|1011001100010010110001000> :  0.2079177E-03  0.5000000E-03           5
|1010001100010010010001000> :  0.3368945E-03  0.5000000E-03           5
|1010001100010010110001000> :  0.1917763E-03  0.5000000E-03           5
|1101001100010010000001000> :  0.1667023E-03  0.5000000E-03           5
|0001000000100100000000101> :  0.6121937E-03  0.5000000E-03           5
|0000011101010000001000000> :  0.5326255E-03  0.5000000E-03           5
|0001101000001100100011000> :  0.7264897E-03  0.5000000E-03           5
|0000001001101000000001000> :  0.4065485E-03  0.5000000E-03           5
|0001101000001000000011000> :  0.5103214E-03  0.5000000E-03           5
|1010000000000000010001001> :  0.2068911E-03  0.5000000E-03           5
|0000010011001000100000000> :  0.2893075E-03  0.4000000E-03           4
|0001101000101000000001000> :  0.1867060E-03  0.4000000E-03           4
|1100001000010010000001010> :  0.4823233E-03  0.4000000E-03           4
|0001101000100100000000100> :  0.6085366E-03  0.4000000E-03           4
|1100001000000100000000100> :  0.3017503E-03  0.4000000E-03           4
|1010100000000010000001000> :  0.3490488E-03  0.4000000E-03           4
|1010100000000010100000000> :  0.1863518E-03  0.4000000E-03           4
|0000010110000000001100010> :  0.4791274E-03  0.4000000E-03           4
|0001001000001100000011000> :  0.5606016E-03  0.4000000E-03           4
|0001000010101000000000010> :  0.7222430E-03  0.4000000E-03           4
|0000001001010010000001000> :  0.3458644E-03  0.4000000E-03           4
|0000101000000100000011000> :  0.1405503E-03  0.4000000E-03           4
|1010000000010010010001000> :  0.4067752E-03  0.4000000E-03           4
|1000101000001100001001000> :  0.1682866E-03  0.4000000E-03           4
|0010001000000000011010000> :  0.2658374E-03  0.4000000E-03           4
|1000001000011100000001010> :  0.2821431E-03  0.4000000E-03           4
|0000001000000011010001000> :  0.1676403E-03  0.4000000E-03           4
|0000000011101000100000000> :  0.8464498E-04  0.4000000E-03           4
|1100000000000100000001001> :  0.2530775E-03  0.4000000E-03           4
|1000011000001000000001000> :  0.4757056E-03  0.4000000E-03           4
|0001100000101100000001000> :  0.2661639E-03  0.4000000E-03           4
|0100001001000000000011000> :  0.1616503E-03  0.3000000E-03           3
|0000010001010010000001000> :  0.1533718E-03  0.3000000E-03           3
|0001010000001000000001001> :  0.1627409E-03  0.3000000E-03           3
|1100001000000010000000100> :  0.2297768E-03  0.3000000E-03           3
|1011001100010010110101000> :  0.5726924E-04  0.3000000E-03           3
|0010101010010010000001000> :  0.1302798E-03  0.3000000E-03           3
|1010001100010001010001010> :  0.3128757E-03  0.3000000E-03           3
|1000101100000000000001000> :  0.4974061E-03  0.3000000E-03           3
|1000001000010100110001000> :  0.1080261E-03  0.3000000E-03           3
|1100001010010010000001000> :  0.4790966E-03  0.3000000E-03           3
|0001000000100100000001001> :  0.7239193E-04  0.3000000E-03           3
|0000011101010010000001000> :  0.4137912E-04  0.3000000E-03           3
|1000000000001100000001001> :  0.1205945E-03  0.3000000E-03           3
|0000001000111100000000000> :  0.1017807E-03  0.3000000E-03           3
|0000011001010000000001000> :  0.6299485E-04  0.3000000E-03           3
|0100000011100000100000010> :  0.1300084E-03  0.3000000E-03           3
|1100001100010100000001010> :  0.4748628E-04  0.3000000E-03           3
|0000010001000010100000001> :  0.2137555E-03  0.3000000E-03           3
|1000011000000010000001000> :  0.5072614E-03  0.3000000E-03           3
|1011001100010010010101000> :  0.2173331E-03  0.3000000E-03           3
|0010000000000011010001000> :  0.1050061E-03  0.3000000E-03           3
|0000001001001000000011000> :  0.1935201E-03  0.3000000E-03           3
|1101001001010010000001000> :  0.1414975E-03  0.3000000E-03           3
|1010001000000010010001001> :  0.5519969E-04  0.3000000E-03           3
|0000101000000011000001000> :  0.3345264E-03  0.3000000E-03           3
|0001000010100000010000010> :  0.4604984E-03  0.3000000E-03           3
|0001101000101100000000000> :  0.8607580E-03  0.3000000E-03           3
|1000001000010100000001000> :  0.4880743E-04  0.3000000E-03           3
|1000011000010010000001010> :  0.4911004E-03  0.3000000E-03           3
|0000001001010010001000000> :  0.8461789E-04  0.3000000E-03           3
|0010001100000000110011000> :  0.1243615E-04  0.3000000E-03           3
|0000000000101100000001001> :  0.1726661E-03  0.3000000E-03           3
|0101101000101100010001000> :  0.2284410E-04  0.3000000E-03           3
|0000010101010000001000000> :  0.1781876E-03  0.3000000E-03           3
|0101001101010010000001000> :  0.1507371E-03  0.3000000E-03           3
|0000000010000000011010010> :  0.1083746E-03  0.3000000E-03           3
|0000001000000100111000000> :  0.2588690E-04  0.2000000E-03           2
|0000010001001000100000010> :  0.1025232E-03  0.2000000E-03           2
|0100001100010000000001000> :  0.1304782E-03  0.2000000E-03           2
|1010100000000011000001010> :  0.6859296E-04  0.2000000E-03           2
|0000001101010000001000000> :  0.9236433E-04  0.2000000E-03           2
|1010001000000010010000000> :  0.1810023E-03  0.2000000E-03           2
|0000000001001000100000010> :  0.2446458E-05  0.2000000E-03           2
|0010001100000000010001000> :  0.1179472E-03  0.2000000E-03           2
|1010101010000010000001000> :  0.1827925E-03  0.2000000E-03           2
|0010001000000000010010000> :  0.1980481E-04  0.2000000E-03           2
|0010000100000000011000000> :  0.1633796E-04  0.2000000E-03           2
|0000001000101100000001000> :  0.1229727E-03  0.2000000E-03           2
|1000010000000010000001001> :  0.3737276E-03  0.2000000E-03           2
|0010001000010010011000000> :  0.3846751E-03  0.2000000E-03           2
|1011001100010010010001010> :  0.3193522E-04  0.2000000E-03           2
|0000101000100100000001000> :  0.3382555E-03  0.2000000E-03           2
|0000000110000000011000010> :  0.1898346E-03  0.2000000E-03           2
|0100000000100100000001001> :  0.4335053E-03  0.2000000E-03           2
|1010001100010000010011001> :  0.7058419E-04  0.2000000E-03           2
|0010101000010010000001010> :  0.1625244E-03  0.2000000E-03           2
|1010000000000010010000001> :  0.1538604E-03  0.2000000E-03           2
|0100000000100100000000101> :  0.3799872E-03  0.2000000E-03           2
|0001000010101100000000000> :  0.1911952E-03  0.2000000E-03           2
|0000000010000000001110010> :  0.6866815E-04  0.2000000E-03           2
|0001000100010000100001000> :  0.7068019E-05  0.2000000E-03           2
|0100001000100100000001000> :  0.2002802E-03  0.2000000E-03           2
|0100000011100000000000010> :  0.1993332E-03  0.2000000E-03           2
|0100000111000000000000010> :  0.3483264E-03  0.2000000E-03           2
|1010101000010010000001000> :  0.5590686E-04  0.2000000E-03           2
|0000011101010001000000100> :  0.4888486E-05  0.2000000E-03           2
|1010101000000010000001010> :  0.1834333E-03  0.2000000E-03           2
|1010011100010000000001000> :  0.5048559E-04  0.2000000E-03           2
|0100101000001000011010000> :  0.1448739E-04  0.2000000E-03           2
|0000010100010000001100000> :  0.5111210E-04  0.2000000E-03           2
|0000010010001000100100010> :  0.5512257E-03  0.2000000E-03           2
|0001101000101100000001011> :  0.1335023E-03  0.2000000E-03           2
|1000001000000010010000100> :  0.7259353E-04  0.2000000E-03           2
|0010101000000000000011000> :  0.2516271E-03  0.2000000E-03           2
|0000001100010000010001000> :  0.3529291E-03  0.2000000E-03           2
|0000001000110100000001000> :  0.1857599E-03  0.2000000E-03           2
|0000010001000010000001001> :  0.5899592E-03  0.2000000E-03           2
|1000001000000101000001010> :  0.2971811E-04  0.2000000E-03           2
|0000000001000011000001001> :  0.2424314E-03  0.2000000E-03           2
|1000001000001100000001000> :  0.2449735E-03  0.2000000E-03           2
|1000000000000010010000101> :  0.2646151E-03  0.2000000E-03           2
|1000010000001000000001001> :  0.1404939E-03  0.2000000E-03           2
|1000001100010100100001000> :  0.9715735E-04  0.2000000E-03           2
|0010000000100000010001001> :  0.2450330E-03  0.2000000E-03           2
|1000011000010000000001000> :  0.9649070E-04  0.2000000E-03           2
|0110011001010100000001000> :  0.2025271E-04  0.2000000E-03           2
|1000011100000000000001000> :  0.2234302E-03  0.2000000E-03           2
|1000101000001100000001010> :  0.1686733E-03  0.2000000E-03           2
|0000100000101000100000000> :  0.3789135E-04  0.2000000E-03           2
|0010001000000010010001000> :  0.1028952E-03  0.2000000E-03           2
|0000001100000001010001000> :  0.2270492E-03  0.2000000E-03           2
|0000010111000000001000000> :  0.2192677E-03  0.2000000E-03           2
|0010001000000010011000000> :  0.1852228E-03  0.2000000E-03           2
|1010000000000010000001001> :  0.2996968E-03  0.2000000E-03           2
|0100111100000001001000000> :  0.8291047E-05  0.2000000E-03           2
|1010000100010000010001000> :  0.7059426E-04  0.2000000E-03           2
|0000000100010001000000110> :  0.3997172E-04  0.2000000E-03           2
|1010001000010010010000000> :  0.2503540E-03  0.2000000E-03           2
|1010001000000010000001000> :  0.2039188E-03  0.2000000E-03           2
|1001101000101101000001000> :  0.1081058E-04  0.2000000E-03           2
|0000101000100100000000100> :  0.1195503E-03  0.2000000E-03           2
|1010001100010010010001010> :  0.2275850E-03  0.2000000E-03           2
|0000001101010000000001000> :  0.2489250E-03  0.2000000E-03           2
|1010101000000011000000010> :  0.8388483E-04  0.2000000E-03           2
|1010100100010000010001010> :  0.3433849E-04  0.2000000E-03           2
|0010001100000000011000000> :  0.1347536E-03  0.2000000E-03           2
|1001011101010010000001000> :  0.1272600E-03  0.2000000E-03           2
|1011100000100000000101000> :  0.1594183E-04  0.2000000E-03           2
|1100000000000010000000101> :  0.1375811E-03  0.2000000E-03           2
|0000000110010000011001100> :  0.8589910E-05  0.2000000E-03           2
|0000010001001000000001001> :  0.2179444E-03  0.2000000E-03           2
|1100001000010100000000000> :  0.4146854E-04  0.2000000E-03           2
|1100001000000100000001000> :  0.2660639E-03  0.2000000E-03           2
|0000010001001000100000001> :  0.1984131E-03  0.2000000E-03           2
|0001000000101000000001001> :  0.1191791E-03  0.2000000E-03           2
|0010101100000000000001000> :  0.9700591E-04  0.2000000E-03           2
|0100001000110000000001000> :  0.2084919E-03  0.2000000E-03           2
|0100001000100100000000100> :  0.2855769E-03  0.2000000E-03           2
|0000000000111100000001000> :  0.2169562E-03  0.2000000E-03           2
|0100001000010110000001010> :  0.2266640E-03  0.2000000E-03           2
|1010000100000000010001000> :  0.3745576E-04  0.2000000E-03           2
|0000000000110110010101000> :  0.2814215E-04  0.2000000E-03           2
|0000101000000110000001010> :  0.7506181E-04  0.2000000E-03           2
|0001000010000000001010010> :  0.1385383E-03  0.2000000E-03           2
|0001000000101100000000001> :  0.1807505E-03  0.2000000E-03           2
|0010100000000011000001000> :  0.1114340E-03  0.2000000E-03           2
|0000010011000100110000000> :  0.8494041E-05  0.1000000E-03           1
|0000010011000001100000110> :  0.4172013E-06  0.1000000E-03           1
|0000001000001100000100011> :  0.3711099E-05  0.1000000E-03           1
|0000010011000000001000010> :  0.3244020E-04  0.1000000E-03           1
|0001000110000100100000100> :  0.1807387E-05  0.1000000E-03           1
|0100000100010000000101000> :  0.1457867E-03  0.1000000E-03           1
|0100000100000000000000000> :  0.1750826E-06  0.1000000E-03           1
|0001000100000001001100100> :  0.1574925E-06  0.1000000E-03           1
|0001000100000000111000100> :  0.7431834E-06  0.1000000E-03           1
|0000010010001000100100000> :  0.3061310E-05  0.1000000E-03           1
|0100000101010000000000010> :  0.2554162E-06  0.1000000E-03           1
|0001000110010000100000000> :  0.8207926E-05  0.1000000E-03           1
|0001001000000000010011000> :  0.1010296E-03  0.1000000E-03           1
|0001001000001000000011000> :  0.1268075E-03  0.1000000E-03           1
|0001001000001001001000100> :  0.1991172E-05  0.1000000E-03           1
|0001001000001100000010000> :  0.2761953E-04  0.1000000E-03           1
|0100001000010000000001110> :  0.1836163E-04  0.1000000E-03           1
|0100000001110110000101000> :  0.3057407E-04  0.1000000E-03           1
|0100000001100000000001001> :  0.1125306E-03  0.1000000E-03           1
|0100000001000010000001001> :  0.1679507E-03  0.1000000E-03           1
|0000010001110001000000010> :  0.1748602E-05  0.1000000E-03           1
|0100000000110100000001000> :  0.1226047E-03  0.1000000E-03           1
|0001000010100000000000010> :  0.7293076E-05  0.1000000E-03           1
|0000010001101000000001001> :  0.8792109E-05  0.1000000E-03           1
|0001000010001000001011100> :  0.8184989E-05  0.1000000E-03           1
|0100000000000010000001001> :  0.4080316E-05  0.1000000E-03           1
|0001000010001000000110010> :  0.2537961E-05  0.1000000E-03           1
|0000010001100001000010000> :  0.2415415E-04  0.1000000E-03           1
|0000001000000010010001000> :  0.1983229E-04  0.1000000E-03           1
|0000000010000000011000010> :  0.5489647E-05  0.1000000E-03           1
|0011101100000001100001000> :  0.6572798E-06  0.1000000E-03           1
|0011101001000010000000100> :  0.1098335E-06  0.1000000E-03           1
|0000010001010010001000000> :  0.5084825E-04  0.1000000E-03           1
|0001000001101100000101000> :  0.6948122E-05  0.1000000E-03           1
|1101000000100000000100100> :  0.1003479E-05  0.1000000E-03           1
|0011010110000100100000000> :  0.3783392E-07  0.1000000E-03           1
|0000001000000010000001000> :  0.6221458E-06  0.1000000E-03           1
|0011001100010011110101000> :  0.1426677E-06  0.1000000E-03           1
|0011000101000000100000001> :  0.2889732E-07  0.1000000E-03           1
|0000010001010001100010000> :  0.3460950E-05  0.1000000E-03           1
|0011000000000100000110100> :  0.6841671E-06  0.1000000E-03           1
|1100001100010010000001000> :  0.9787899E-04  0.1000000E-03           1
|0010101100100010000010011> :  0.2288847E-07  0.1000000E-03           1
|0001000000100000010000010> :  0.2832965E-04  0.1000000E-03           1
|0000001000000001010001000> :  0.5340984E-05  0.1000000E-03           1
|0001000000100000010000001> :  0.1233364E-04  0.1000000E-03           1
|1100001001010010000001000> :  0.1028653E-03  0.1000000E-03           1
|0001000000011000100010010> :  0.1334624E-04  0.1000000E-03           1
|0001000000010010101000000> :  0.1050234E-05  0.1000000E-03           1
|0010101010000000000001001> :  0.6952763E-05  0.1000000E-03           1
|0001000000010000100101000> :  0.4308028E-05  0.1000000E-03           1
|0000001000000000010011000> :  0.2154340E-04  0.1000000E-03           1
|0001000000001100000011000> :  0.7691934E-04  0.1000000E-03           1
|1100001000000000000001111> :  0.3515503E-05  0.1000000E-03           1
|0001000000001100000001001> :  0.2287585E-04  0.1000000E-03           1
|0001000000000111000101000> :  0.2814193E-05  0.1000000E-03           1
|1100000000100100000000101> :  0.2453437E-05  0.1000000E-03           1
|1100000000100010100010101> :  0.4016086E-05  0.1000000E-03           1
|0001000000000110000101001> :  0.2748967E-05  0.1000000E-03           1
|0000000111000000000000010> :  0.1297856E-04  0.1000000E-03           1
|0000000001110100010001010> :  0.9471226E-07  0.1000000E-03           1
|0000000000010001000100011> :  0.4943244E-05  0.1000000E-03           1
|0001000000000010011000001> :  0.5680787E-06  0.1000000E-03           1
|0001000000000000011010010> :  0.1713845E-04  0.1000000E-03           1
|0000010000110010010100000> :  0.9890042E-07  0.1000000E-03           1
|0000111101100000000011000> :  0.2043142E-06  0.1000000E-03           1
|0000111001011000010001000> :  0.6480731E-05  0.1000000E-03           1
|0000010000100001001100001> :  0.1644097E-06  0.1000000E-03           1
|0000000110010001000101100> :  0.6639399E-05  0.1000000E-03           1
|0000110111010101011100111> :  0.7640756E-10  0.1000000E-03           1
|0000110110000000001100001> :  0.2357814E-07  0.1000000E-03           1
|0000010000001000100100000> :  0.1054585E-04  0.1000000E-03           1
|0000110001010010001000001> :  0.2436175E-05  0.1000000E-03           1
|1010101101000000000100000> :  0.8184972E-07  0.1000000E-03           1
|0010100000001001000001100> :  0.1289124E-05  0.1000000E-03           1
|0000110000000001110100000> :  0.8929105E-07  0.1000000E-03           1
|0000010000000001000010101> :  0.1809082E-05  0.1000000E-03           1
|0000101100010001001000100> :  0.2176457E-05  0.1000000E-03           1
|0000101011000010000000100> :  0.5940517E-06  0.1000000E-03           1
|0000001110000000000001110> :  0.2431569E-06  0.1000000E-03           1
|0000101001000011000001010> :  0.6006185E-05  0.1000000E-03           1
|0010011000000000001001100> :  0.2889662E-05  0.1000000E-03           1
|0000101000111100001001000> :  0.3172695E-04  0.1000000E-03           1
|0000000110001010000010000> :  0.1442893E-05  0.1000000E-03           1
|0000101000111100000001000> :  0.3596896E-04  0.1000000E-03           1
|0010001110010000010000001> :  0.1574080E-04  0.1000000E-03           1
|0000101000101100001001000> :  0.4524181E-04  0.1000000E-03           1
|0000101000101100000011000> :  0.1026036E-04  0.1000000E-03           1
|1010011000110000000101000> :  0.1752232E-05  0.1000000E-03           1
|0010001100110000100010000> :  0.2279961E-07  0.1000000E-03           1
|0000001101000110011100000> :  0.1399045E-07  0.1000000E-03           1
|0000000001100100001100000> :  0.7466672E-07  0.1000000E-03           1
|0000000000100001101100000> :  0.1159065E-06  0.1000000E-03           1
|0000101000101000000001000> :  0.1358680E-03  0.1000000E-03           1
|0000101000100100001001100> :  0.2218036E-04  0.1000000E-03           1
|0000001101000010100010000> :  0.1317928E-05  0.1000000E-03           1
|0000101000100100000100101> :  0.2702140E-06  0.1000000E-03           1
|0010001100010000010000000> :  0.2392101E-04  0.1000000E-03           1
|0000000110000000001100010> :  0.2440085E-04  0.1000000E-03           1
|0010001100000011000001000> :  0.5472979E-06  0.1000000E-03           1
|0000101000100000000001011> :  0.7352210E-05  0.1000000E-03           1
|0000001100111110000001000> :  0.6238964E-04  0.1000000E-03           1
|0000101000011100100010000> :  0.1848551E-05  0.1000000E-03           1
|0000101000001101001011000> :  0.5280767E-07  0.1000000E-03           1
|0000001100010110111001000> :  0.2323006E-06  0.1000000E-03           1
|0000000100101000001100100> :  0.3685622E-07  0.1000000E-03           1
|0000000001100000100000010> :  0.2417127E-05  0.1000000E-03           1
|0000101000001101001001000> :  0.2102042E-04  0.1000000E-03           1
|0000101000000111000001010> :  0.1222783E-05  0.1000000E-03           1
|0000001100010001010000110> :  0.1751510E-04  0.1000000E-03           1
|0010001001100110001000000> :  0.3584126E-08  0.1000000E-03           1
|0010001001001100010011000> :  0.2116666E-05  0.1000000E-03           1
|0000101000000101000011000> :  0.5134559E-05  0.1000000E-03           1
|0000001100010000011000000> :  0.3377863E-04  0.1000000E-03           1
|0000101000000101000001000> :  0.2354852E-03  0.1000000E-03           1
|1010000100000001011011000> :  0.1023170E-06  0.1000000E-03           1
|0010001000110000010000000> :  0.6914467E-04  0.1000000E-03           1
|0000101000000100000010100> :  0.4924050E-04  0.1000000E-03           1
|1010000000010010010001011> :  0.3447162E-04  0.1000000E-03           1
|0010001000010100010101000> :  0.3502083E-04  0.1000000E-03           1
|0000001100010000000001110> :  0.2125031E-04  0.1000000E-03           1
|0000000100010000100011000> :  0.5840717E-06  0.1000000E-03           1
|0000000000100001011001110> :  0.1108601E-06  0.1000000E-03           1
|0000000000010000101110100> :  0.3688511E-06  0.1000000E-03           1
|0000000000000100110100010> :  0.1106926E-05  0.1000000E-03           1
|0000101000000000001000011> :  0.3200870E-05  0.1000000E-03           1
|0000100110010001000100010> :  0.1524722E-05  0.1000000E-03           1
|0000001100000101110000000> :  0.2105989E-04  0.1000000E-03           1
|0000100100110000000000110> :  0.8966945E-05  0.1000000E-03           1
|0000100100010001000100110> :  0.9042498E-05  0.1000000E-03           1
|0000001100000100101000000> :  0.2238319E-04  0.1000000E-03           1
|0000000100010000010101110> :  0.1865449E-04  0.1000000E-03           1
|1001011000100001000001000> :  0.6242704E-05  0.1000000E-03           1
|0010001000000011010000000> :  0.7985034E-04  0.1000000E-03           1
|0000100100001100100010000> :  0.1769330E-05  0.1000000E-03           1
|0010001000000011000001000> :  0.1109197E-03  0.1000000E-03           1
|1001001000110001010001000> :  0.1565176E-04  0.1000000E-03           1
|0010001000000111011001010> :  0.1739160E-07  0.1000000E-03           1
|0010001000010000001011000> :  0.5561971E-07  0.1000000E-03           1
|0010001000010000010001000> :  0.1227832E-03  0.1000000E-03           1
|0010001000010000111010000> :  0.1484383E-04  0.1000000E-03           1
|1001001000010011000001010> :  0.7938140E-05  0.1000000E-03           1
|0010001000010010010001011> :  0.2668590E-04  0.1000000E-03           1
|1010000000010000010000000> :  0.1704161E-05  0.1000000E-03           1
|0010001000010010111001000> :  0.4329250E-04  0.1000000E-03           1
|1010000000010010010101001> :  0.3479964E-04  0.1000000E-03           1
|0010001000011000100011000> :  0.1278334E-04  0.1000000E-03           1
|1010000000010100110001000> :  0.1214340E-04  0.1000000E-03           1
|0010001000110000000001000> :  0.8832550E-04  0.1000000E-03           1
|0000100100000110100010100> :  0.5258216E-05  0.1000000E-03           1
|1010000100010000010011001> :  0.1936131E-04  0.1000000E-03           1
|0010001000110000010011000> :  0.4543661E-06  0.1000000E-03           1
|0010001001000000101001001> :  0.4070336E-05  0.1000000E-03           1
|1010001000000010000101001> :  0.3700332E-04  0.1000000E-03           1
|0010001001010010010101000> :  0.3224797E-04  0.1000000E-03           1
|1010001000000010111001000> :  0.2498852E-04  0.1000000E-03           1
|0010001001101000000011100> :  0.5009698E-05  0.1000000E-03           1
|0010001010010000010001001> :  0.5743843E-04  0.1000000E-03           1
|0010001010010010010001001> :  0.3650034E-04  0.1000000E-03           1
|0010001010010011010000001> :  0.4748898E-05  0.1000000E-03           1
|0010001010100010010001100> :  0.2573013E-06  0.1000000E-03           1
|0010001010101000000001100> :  0.7352983E-06  0.1000000E-03           1
|1010001000010100010000010> :  0.5438813E-05  0.1000000E-03           1
|1010001000100001011001000> :  0.2629865E-04  0.1000000E-03           1
|1010001001000100010000100> :  0.1711827E-06  0.1000000E-03           1
|1010001001010100010001000> :  0.3977590E-04  0.1000000E-03           1
|0010001100000010100010000> :  0.7248663E-06  0.1000000E-03           1
|1010001100000000100011000> :  0.7501806E-05  0.1000000E-03           1
|0010001100010000001000000> :  0.3569753E-04  0.1000000E-03           1
|0010001000000010010101001> :  0.3170096E-04  0.1000000E-03           1
|1001001000000000000001110> :  0.4874671E-06  0.1000000E-03           1
|0010001100010000011000000> :  0.3748575E-04  0.1000000E-03           1
|0010001100010000110001000> :  0.6516105E-04  0.1000000E-03           1
|0010001100010001000101100> :  0.3771361E-07  0.1000000E-03           1
|0010001100010110111001010> :  0.2211611E-07  0.1000000E-03           1
|0010001100100011010011000> :  0.2786189E-04  0.1000000E-03           1
|0010001100110000010001000> :  0.4324942E-04  0.1000000E-03           1
|1010011001000100000001000> :  0.2227234E-06  0.1000000E-03           1
|0010001100110100111010010> :  0.2986615E-08  0.1000000E-03           1
|0010001101000111010001000> :  0.5934139E-06  0.1000000E-03           1
|0010001101010000110001000> :  0.4591641E-06  0.1000000E-03           1
|1010100000010010000001000> :  0.1807341E-04  0.1000000E-03           1
|0010001110010000010001001> :  0.1420328E-04  0.1000000E-03           1
|0010010000000101000000101> :  0.3023932E-05  0.1000000E-03           1
|0010010000010110000101000> :  0.2413221E-04  0.1000000E-03           1
|1010101000000010010101000> :  0.1725883E-04  0.1000000E-03           1
|0010011001010100010001000> :  0.3016964E-04  0.1000000E-03           1
|0010011100010001000000100> :  0.1425299E-04  0.1000000E-03           1
|0010011100010001010001010> :  0.2314048E-07  0.1000000E-03           1
|0010011100010110001000000> :  0.2706410E-05  0.1000000E-03           1
|0010011101000000000001100> :  0.4858772E-05  0.1000000E-03           1
|1010101010010010100000111> :  0.2691644E-08  0.1000000E-03           1
|0010100000000011100000000> :  0.1088122E-03  0.1000000E-03           1
|1010101110010000010000000> :  0.3324929E-04  0.1000000E-03           1
|0010100000010000101010000> :  0.1323639E-06  0.1000000E-03           1
|0010100000010001000010010> :  0.5338876E-05  0.1000000E-03           1
|0010100000100000000001000> :  0.8218480E-05  0.1000000E-03           1
|0010100000100000100000000> :  0.4267618E-04  0.1000000E-03           1
|0010100000110010100000010> :  0.4112116E-05  0.1000000E-03           1
|0010100010000001010000011> :  0.4148179E-06  0.1000000E-03           1
|0010100010010000000000001> :  0.1636918E-04  0.1000000E-03           1
|0010100010010011000001000> :  0.9736631E-05  0.1000000E-03           1
|0010100100000001000001000> :  0.2016904E-04  0.1000000E-03           1
|0010100110000000011000001> :  0.4932000E-06  0.1000000E-03           1
|0010100110010000000010010> :  0.2583946E-06  0.1000000E-03           1
|0010101000000000000010011> :  0.1290345E-04  0.1000000E-03           1
|0000100010010010000000100> :  0.6854124E-05  0.1000000E-03           1
|0010101000000000100000011> :  0.8247700E-05  0.1000000E-03           1
|0010101000000001000001000> :  0.7357077E-04  0.1000000E-03           1
|0010001000000001011010011> :  0.4558324E-06  0.1000000E-03           1
|0010101000000011000001010> :  0.1152669E-03  0.1000000E-03           1
|0010101000001000000000011> :  0.1055552E-04  0.1000000E-03           1
|0010101000010000000011010> :  0.9738262E-05  0.1000000E-03           1
|0010001000000001010001000> :  0.5012527E-04  0.1000000E-03           1
|0010101000010010000010010> :  0.8736858E-07  0.1000000E-03           1
|0010101000010010001000010> :  0.2774417E-04  0.1000000E-03           1
|0010101000100000000001000> :  0.5054080E-03  0.1000000E-03           1
|1100001000010010000000000> :  0.1723483E-03  0.1000000E-03           1
|0010101010000010000000001> :  0.8392222E-05  0.1000000E-03           1
|0010101010000011000001011> :  0.8264933E-05  0.1000000E-03           1
|1100001000010110000000010> :  0.8521449E-04  0.1000000E-03           1
|1100001001011000000011001> :  0.8883441E-07  0.1000000E-03           1
|1100001001011100000101000> :  0.3258288E-05  0.1000000E-03           1
|0010101100000011000001010> :  0.1584473E-04  0.1000000E-03           1
|0010101100010001110001000> :  0.8775562E-07  0.1000000E-03           1
|0000100010000110010010000> :  0.4277371E-07  0.1000000E-03           1
|0010111000100000010011000> :  0.4984695E-05  0.1000000E-03           1
|1100001110010010000001000> :  0.4015266E-04  0.1000000E-03           1
|0011000001010100000101000> :  0.1906026E-06  0.1000000E-03           1
|1100101000000100001001000> :  0.3072655E-04  0.1000000E-03           1
|0011000101000000100000010> :  0.1423289E-05  0.1000000E-03           1
|1100110000000000010001000> :  0.1086096E-05  0.1000000E-03           1
|0011010001000100000001001> :  0.4735907E-05  0.1000000E-03           1
|1101001000000001000001100> :  0.6295400E-06  0.1000000E-03           1
|0011100010110000000000010> :  0.1476013E-06  0.1000000E-03           1
|0011101000000010100010000> :  0.9285979E-07  0.1000000E-03           1
|0011101000001101001011100> :  0.2299450E-08  0.1000000E-03           1
|1110000000000010000000001> :  0.1117939E-06  0.1000000E-03           1
|0011101001000100000011000> :  0.2835755E-05  0.1000000E-03           1
|1111000000000000000101000> :  0.1093261E-04  0.1000000E-03           1
|0011111000001100000001000> :  0.1597262E-04  0.1000000E-03           1
|1111001001000000000001000> :  0.1876126E-04  0.1000000E-03           1
|0100000000001000001111100> :  0.1718425E-04  0.1000000E-03           1
|0100000000001000101101000> :  0.2596641E-05  0.1000000E-03           1
|0000001010111100000001001> :  0.2569571E-05  0.1000000E-03           1
|0000000100010000000101000> :  0.1979343E-04  0.1000000E-03           1
|0100000000110000000001111> :  0.1831281E-04  0.1000000E-03           1
|0000000001001000000001001> :  0.1173752E-04  0.1000000E-03           1
|0100000001000000000001001> :  0.1652851E-04  0.1000000E-03           1
|1000101100000001000001010> :  0.3957731E-04  0.1000000E-03           1
|1000101100000000000000011> :  0.5801094E-07  0.1000000E-03           1
|0000100001011000100011000> :  0.8915103E-07  0.1000000E-03           1
|0100000010000000000110000> :  0.1042936E-04  0.1000000E-03           1
|0100000010100110000100000> :  0.1376732E-05  0.1000000E-03           1
|0100000011010000001010011> :  0.8776575E-07  0.1000000E-03           1
|1000101010001100000001001> :  0.2089483E-04  0.1000000E-03           1
|1000101010000010000000100> :  0.3096311E-05  0.1000000E-03           1
|0010000110100100100010000> :  0.8379736E-07  0.1000000E-03           1
|0000100001000100010111000> :  0.4649031E-05  0.1000000E-03           1
|0010000110010000010001100> :  0.1155831E-04  0.1000000E-03           1
|0100000101010000000001110> :  0.7347377E-05  0.1000000E-03           1
|0100000101010000000101000> :  0.2971005E-05  0.1000000E-03           1
|0100000101010110100011000> :  0.2039415E-07  0.1000000E-03           1
|0100000101100000100010001> :  0.1839027E-04  0.1000000E-03           1
|0010000110000100011000010> :  0.9991545E-04  0.1000000E-03           1
|0100001000000000001100011> :  0.1479971E-05  0.1000000E-03           1
|0100001000000010000011110> :  0.5907215E-06  0.1000000E-03           1
|0100001000000100000011000> :  0.6621417E-04  0.1000000E-03           1
|0100001000000110000010110> :  0.1009151E-04  0.1000000E-03           1
|0100001000000110000011010> :  0.3190130E-04  0.1000000E-03           1
|0100001000001001010101000> :  0.1911134E-06  0.1000000E-03           1
|0000100000101100000001000> :  0.3720859E-04  0.1000000E-03           1
|0100001000010100000001000> :  0.4502611E-04  0.1000000E-03           1
|0010000110000001101001000> :  0.2636391E-06  0.1000000E-03           1
|1000101000100100000001010> :  0.1915601E-05  0.1000000E-03           1
|0010000110000001011100001> :  0.1340692E-07  0.1000000E-03           1
|0000001001110011000011000> :  0.1276099E-04  0.1000000E-03           1
|0000000100000110010100100> :  0.6138400E-06  0.1000000E-03           1
|0010000110000001010000000> :  0.3763648E-04  0.1000000E-03           1
|1000101000001100000001011> :  0.4241165E-06  0.1000000E-03           1
|0000100000010000000000011> :  0.9340854E-05  0.1000000E-03           1
|0010000100100010010011001> :  0.2169075E-04  0.1000000E-03           1
|1000101000001100000000000> :  0.8805987E-04  0.1000000E-03           1
|0010000100100001010011111> :  0.8462063E-08  0.1000000E-03           1
|0000100000001010101001000> :  0.4799563E-06  0.1000000E-03           1
|0010000100010010011010001> :  0.3030258E-05  0.1000000E-03           1
|0010000100010001100010000> :  0.3247132E-05  0.1000000E-03           1
|0000100000001000100100000> :  0.3416119E-04  0.1000000E-03           1
|0010000100010000011000000> :  0.5895303E-04  0.1000000E-03           1
|1000100101000000010101000> :  0.1534833E-04  0.1000000E-03           1
|1000100100011000000001010> :  0.5742827E-05  0.1000000E-03           1
|0000100000000001001101100> :  0.1332517E-05  0.1000000E-03           1
|0000000100000100101001000> :  0.3073326E-04  0.1000000E-03           1
|0000000001000111100101000> :  0.8057164E-07  0.1000000E-03           1
|0000000000100000000001010> :  0.6138646E-08  0.1000000E-03           1
|1000100001001000000100001> :  0.3868816E-06  0.1000000E-03           1
|1000100000100000000001110> :  0.4223368E-06  0.1000000E-03           1
|0010000010010001010000110> :  0.3180985E-07  0.1000000E-03           1
|0010000010000100111111000> :  0.8367284E-09  0.1000000E-03           1
|0010000010000000111011000> :  0.4159354E-05  0.1000000E-03           1
|0000011101010001000001100> :  0.1261251E-04  0.1000000E-03           1
|0000001001010100101000000> :  0.3969950E-06  0.1000000E-03           1
|0010000010000000101111000> :  0.2363313E-06  0.1000000E-03           1
|1000011100010010000011010> :  0.4643792E-05  0.1000000E-03           1
|0010000010000000011000010> :  0.1056276E-03  0.1000000E-03           1
|1000011011010010000001000> :  0.3258698E-04  0.1000000E-03           1
|1000011010010010000001000> :  0.4880089E-03  0.1000000E-03           1
|0010000001101100100000010> :  0.3063192E-07  0.1000000E-03           1
|0000011101010000101001000> :  0.4363452E-04  0.1000000E-03           1
|0010000001010100000111001> :  0.4331991E-08  0.1000000E-03           1
|0010000001000100101000001> :  0.2802141E-06  0.1000000E-03           1
|0000011101010000001001000> :  0.3772977E-04  0.1000000E-03           1
|0010000001000100010111000> :  0.1132198E-04  0.1000000E-03           1
|1000011000011010000001000> :  0.3633326E-04  0.1000000E-03           1
|0010000001000000010110100> :  0.2597415E-05  0.1000000E-03           1
|0010000000110000111001000> :  0.5460853E-05  0.1000000E-03           1
|1000011000010001000011000> :  0.6178619E-04  0.1000000E-03           1
|0000011101010000000011001> :  0.7074637E-05  0.1000000E-03           1
|1000010010010010000001001> :  0.3625679E-05  0.1000000E-03           1
|1000010001000010010000100> :  0.3734748E-08  0.1000000E-03           1
|0000000001000100000011110> :  0.1102190E-05  0.1000000E-03           1
|0010000000000011000001001> :  0.8462883E-04  0.1000000E-03           1
|0010000000000010100000001> :  0.1077010E-04  0.1000000E-03           1
|0000011101010000000000000> :  0.2263749E-04  0.1000000E-03           1
|0001111000101100010001000> :  0.3361120E-04  0.1000000E-03           1
|1000010000000000000001110> :  0.4994269E-06  0.1000000E-03           1
|1000001111000001001010010> :  0.7904797E-09  0.1000000E-03           1
|0001111000001000000001000> :  0.3571935E-05  0.1000000E-03           1
|0001111000000001010011000> :  0.4694035E-06  0.1000000E-03           1
|0001110000010010000101000> :  0.1201045E-06  0.1000000E-03           1
|0000011100100001001000000> :  0.4754607E-06  0.1000000E-03           1
|0001101100101110000011000> :  0.9479953E-04  0.1000000E-03           1
|1000001100010000010001110> :  0.4131989E-04  0.1000000E-03           1
|0001101100101100000011000> :  0.2409096E-03  0.1000000E-03           1
|0000011100010000110011001> :  0.4850733E-07  0.1000000E-03           1
|0000001001000010001001000> :  0.2160319E-06  0.1000000E-03           1
|0001101100101010000001000> :  0.4693857E-04  0.1000000E-03           1
|0001101100101000100000000> :  0.9181617E-06  0.1000000E-03           1
|0000011010011000000100001> :  0.4778412E-05  0.1000000E-03           1
|0001101100001110000001000> :  0.6199996E-04  0.1000000E-03           1
|1000001001010001010011000> :  0.6995986E-06  0.1000000E-03           1
|0001101100001010000001100> :  0.1216212E-05  0.1000000E-03           1
|0000011010000010001100001> :  0.4616356E-05  0.1000000E-03           1
|0001101010001100000011100> :  0.5430463E-05  0.1000000E-03           1
|0001101001101100010001000> :  0.2266729E-04  0.1000000E-03           1
|0000011001111000000001100> :  0.1797325E-04  0.1000000E-03           1
|0001101000111000100001000> :  0.1084494E-04  0.1000000E-03           1
|1000001000011110110011000> :  0.1497595E-07  0.1000000E-03           1
|0001101000101110000011000> :  0.2607154E-03  0.1000000E-03           1
|0000011001011010000001000> :  0.2196608E-04  0.1000000E-03           1
|0000000011011000100010001> :  0.7250081E-05  0.1000000E-03           1
|0000000001000011010111000> :  0.3926996E-07  0.1000000E-03           1
|0000000000011110010101000> :  0.1459772E-04  0.1000000E-03           1
|0000000000000110101000010> :  0.5884750E-05  0.1000000E-03           1
|0001101000101100001011000> :  0.3896494E-04  0.1000000E-03           1
|1000001000010100010001010> :  0.1174511E-04  0.1000000E-03           1
|0000011001011000000001100> :  0.1262462E-03  0.1000000E-03           1
|0001101000101100001000100> :  0.1880407E-04  0.1000000E-03           1
|1000001000010010000001000> :  0.1385906E-03  0.1000000E-03           1
|0000001000111000000001000> :  0.2586114E-03  0.1000000E-03           1
|1000001000000010010001110> :  0.2255292E-04  0.1000000E-03           1
|0000011001010010001001100> :  0.6894172E-04  0.1000000E-03           1
|1000000110000100110000000> :  0.1308998E-04  0.1000000E-03           1
|1000000100010001000100010> :  0.5603225E-05  0.1000000E-03           1
|0001101000101000000011000> :  0.1172884E-04  0.1000000E-03           1
|0000011001010010001001000> :  0.3415480E-04  0.1000000E-03           1
|0000000011010000000100100> :  0.1782287E-06  0.1000000E-03           1
|1000000100000110100001000> :  0.1952242E-05  0.1000000E-03           1
|1000000100000010100010100> :  0.5286421E-06  0.1000000E-03           1
|0001101000101000000000000> :  0.4038953E-04  0.1000000E-03           1
|0001101000100101001000000> :  0.4331259E-05  0.1000000E-03           1
|1000000001110000010101000> :  0.3250943E-04  0.1000000E-03           1
|1000000000111010000101000> :  0.4391449E-05  0.1000000E-03           1
|0001101000100100110000100> :  0.1611263E-06  0.1000000E-03           1
|1000000000010110110000000> :  0.3648834E-06  0.1000000E-03           1
|1000000000010010010000000> :  0.5892949E-05  0.1000000E-03           1
|0001101000100100110000000> :  0.4475529E-05  0.1000000E-03           1
|1000000000010001010001010> :  0.4283304E-05  0.1000000E-03           1
|0001101000100100000011000> :  0.1433165E-04  0.1000000E-03           1
|1000000011000000001010010> :  0.1019342E-05  0.1000000E-03           1
|1000000100000001010001110> :  0.2924893E-04  0.1000000E-03           1
|0000011001010001001011000> :  0.1975062E-05  0.1000000E-03           1
|1000000100000100101000000> :  0.1897097E-05  0.1000000E-03           1
|1000000000001011000000100> :  0.4422725E-07  0.1000000E-03           1
|1000000100010000010001000> :  0.1210402E-04  0.1000000E-03           1
|1000000000000101101000001> :  0.2928686E-05  0.1000000E-03           1
|1000000110000000010001110> :  0.1678957E-05  0.1000000E-03           1
|1000000000000100001000110> :  0.2317468E-05  0.1000000E-03           1
|1000001000000001000001010> :  0.1844658E-04  0.1000000E-03           1
|1000000000000010100001001> :  0.2304248E-06  0.1000000E-03           1
|0000011001010000000001011> :  0.1012901E-04  0.1000000E-03           1
|0000001000110000000001110> :  0.2370520E-04  0.1000000E-03           1
|0000000011001000000010010> :  0.1551144E-03  0.1000000E-03           1
|1000000000000001100001011> :  0.6464098E-06  0.1000000E-03           1
|0001101000100010000101000> :  0.5255006E-05  0.1000000E-03           1
|1000000000000000010001001> :  0.2661441E-05  0.1000000E-03           1
|1000001000010100000001010> :  0.6131934E-05  0.1000000E-03           1
|0111101000101000000001000> :  0.5400135E-05  0.1000000E-03           1
|0001101000100000000001000> :  0.8195307E-04  0.1000000E-03           1
|1000001000011000000001000> :  0.2372043E-03  0.1000000E-03           1
|0111101000001100000011000> :  0.2753479E-04  0.1000000E-03           1
|0111101000000000001000000> :  0.1168302E-05  0.1000000E-03           1
|0001101000100000000000100> :  0.1529989E-03  0.1000000E-03           1
|1000001000100101001100001> :  0.1273431E-07  0.1000000E-03           1
|1000001000101011000001100> :  0.3277348E-08  0.1000000E-03           1
|1000001000110010000101000> :  0.5436746E-04  0.1000000E-03           1
|1000001000110100010101000> :  0.8956690E-05  0.1000000E-03           1
|1000001000111011000001010> :  0.3788558E-06  0.1000000E-03           1
|1000001000111100001001000> :  0.1165964E-03  0.1000000E-03           1
|0111011000001000000001000> :  0.1373072E-04  0.1000000E-03           1
|1000001010000010010001100> :  0.1447799E-04  0.1000000E-03           1
|1000001010000011001000111> :  0.1416360E-08  0.1000000E-03           1
|1000001010010010010000100> :  0.2002591E-04  0.1000000E-03           1
|1000001010010010010001000> :  0.4576801E-04  0.1000000E-03           1
|1000001100000001011001100> :  0.8670557E-05  0.1000000E-03           1
|1000001100000100110000000> :  0.1635613E-04  0.1000000E-03           1
|1000001100001100101001000> :  0.1095868E-06  0.1000000E-03           1
|0111001001000010000001000> :  0.5564850E-05  0.1000000E-03           1
|0001101000010000000000010> :  0.6385352E-06  0.1000000E-03           1
|1000001100010000110001000> :  0.7546369E-04  0.1000000E-03           1
|1000001100010001010000010> :  0.1424908E-04  0.1000000E-03           1
|0111001000001010000001000> :  0.5217346E-05  0.1000000E-03           1
|1000001100011000100000100> :  0.3274425E-07  0.1000000E-03           1
|1000001100110000110011000> :  0.1909774E-06  0.1000000E-03           1
|1000001110010000010001100> :  0.3899103E-04  0.1000000E-03           1
|0111000111000000100110000> :  0.6062411E-09  0.1000000E-03           1
|0111000000000000000101001> :  0.4338827E-05  0.1000000E-03           1
|0110111000001000001000000> :  0.1423357E-06  0.1000000E-03           1
|1000010000000010100000001> :  0.1625836E-03  0.1000000E-03           1
|1000010000000010100010001> :  0.2841839E-05  0.1000000E-03           1
|0001101000001100000101001> :  0.1990434E-04  0.1000000E-03           1
|1000010000001100110001001> :  0.1080470E-05  0.1000000E-03           1
|1000010000011000000001000> :  0.1819913E-04  0.1000000E-03           1
|0110111000000011000001000> :  0.2707168E-04  0.1000000E-03           1
|0110011000000101000001000> :  0.9589692E-05  0.1000000E-03           1
|0110011000000011010001000> :  0.4057438E-04  0.1000000E-03           1
|0000011000101000101000000> :  0.8401480E-08  0.1000000E-03           1
|0000001000101001001001000> :  0.1966895E-04  0.1000000E-03           1
|0000000011000100010100000> :  0.1154401E-04  0.1000000E-03           1
|0110011000000001000011000> :  0.1082800E-04  0.1000000E-03           1
|0110010010000100100100000> :  0.7627615E-08  0.1000000E-03           1
|0001101000000110000101000> :  0.9738187E-05  0.1000000E-03           1
|0110010000001001100000001> :  0.3504691E-05  0.1000000E-03           1
|1000011000100001000011000> :  0.1746145E-04  0.1000000E-03           1
|1000011000100010000011000> :  0.5246543E-04  0.1000000E-03           1
|1000011000100011000011000> :  0.3385315E-06  0.1000000E-03           1
|1000011000111000000011000> :  0.2380211E-05  0.1000000E-03           1
|1000011001010110010001000> :  0.2551333E-05  0.1000000E-03           1
|1000011001011000000001100> :  0.1889747E-04  0.1000000E-03           1
|0110001000100010000101000> :  0.1721846E-05  0.1000000E-03           1
|0000011000011001000000100> :  0.1829116E-04  0.1000000E-03           1
|0110001000010000100011000> :  0.7070132E-05  0.1000000E-03           1
|1000011100000000010001000> :  0.6768688E-06  0.1000000E-03           1
|0110001000001001010001000> :  0.4689415E-04  0.1000000E-03           1
|0001101000000100000010100> :  0.2632235E-03  0.1000000E-03           1
|1000011100011010100001000> :  0.1053385E-05  0.1000000E-03           1
|1000011100110000001001000> :  0.3957916E-05  0.1000000E-03           1
|1000100000000000000010001> :  0.5383912E-08  0.1000000E-03           1
|1000100000000010000001000> :  0.2345159E-05  0.1000000E-03           1
|1000100000001000100000000> :  0.1120989E-04  0.1000000E-03           1
|1000100000011100000001010> :  0.8703508E-04  0.1000000E-03           1
|0110000101010100010001000> :  0.2752863E-07  0.1000000E-03           1
|1000100000100001000111000> :  0.9101202E-05  0.1000000E-03           1
|0110000001000010010001001> :  0.1256529E-08  0.1000000E-03           1
|1000100100000001000000110> :  0.2084083E-05  0.1000000E-03           1
|0001101000000100000001000> :  0.4611764E-04  0.1000000E-03           1
|0000011000010000001100011> :  0.5057259E-05  0.1000000E-03           1
|1000101000000010000000100> :  0.1086435E-03  0.1000000E-03           1
|0000001000101000010001110> :  0.3939950E-06  0.1000000E-03           1
|1000101000000010000101001> :  0.5018601E-05  0.1000000E-03           1
|0110000000000101001000000> :  0.1079074E-06  0.1000000E-03           1
|1000101000000101001001000> :  0.2070075E-04  0.1000000E-03           1
|1000101000000110000000010> :  0.1528119E-04  0.1000000E-03           1
|0110000000000000001010000> :  0.7752846E-09  0.1000000E-03           1
|0001101000000000000010100> :  0.1121239E-03  0.1000000E-03           1
|0101101000000100100001100> :  0.5206646E-08  0.1000000E-03           1
|0001100110000100100000000> :  0.1010776E-04  0.1000000E-03           1
|0101100000100000001001000> :  0.5574355E-07  0.1000000E-03           1
|0001100110000001100100000> :  0.5712591E-06  0.1000000E-03           1
|1000101000011000000001010> :  0.1131868E-03  0.1000000E-03           1
|1000101000011100001001000> :  0.3344954E-04  0.1000000E-03           1
|0101001010000000000111100> :  0.1851758E-07  0.1000000E-03           1
|1000101000100100001001000> :  0.5444680E-04  0.1000000E-03           1
|1000101000100100011101000> :  0.1038965E-06  0.1000000E-03           1
|1000101000100101000010110> :  0.7835544E-06  0.1000000E-03           1
|1000101000101000001001000> :  0.6574617E-04  0.1000000E-03           1
|1000101000101100000001010> :  0.6105583E-05  0.1000000E-03           1
|1000101000101100001000000> :  0.6662718E-04  0.1000000E-03           1
|1000101001010000010001001> :  0.1564555E-06  0.1000000E-03           1
|0101001000000101010000000> :  0.6058447E-08  0.1000000E-03           1
|1000101010000010000001000> :  0.2288409E-04  0.1000000E-03           1
|0001100100000000100110100> :  0.3484589E-06  0.1000000E-03           1
|1000101010010100000001000> :  0.6088554E-05  0.1000000E-03           1
|0000001000100101110001000> :  0.4864299E-05  0.1000000E-03           1
|0000000010101000100000010> :  0.2355778E-04  0.1000000E-03           1
|0000000001000010100000001> :  0.4207567E-05  0.1000000E-03           1
|1000111001010010001001000> :  0.8126182E-06  0.1000000E-03           1
|1000111001010010010001000> :  0.2431480E-05  0.1000000E-03           1
|1000111011010010010001010> :  0.3634475E-06  0.1000000E-03           1
|1001000000000010000101001> :  0.9812853E-05  0.1000000E-03           1
|1001000000010001010000010> :  0.5914468E-05  0.1000000E-03           1
|0000000000011100000001000> :  0.1193638E-04  0.1000000E-03           1
|1001001000000001011000100> :  0.6231903E-05  0.1000000E-03           1
|1001001000000010000101000> :  0.1625142E-04  0.1000000E-03           1
|1001001000001001000011000> :  0.3182856E-05  0.1000000E-03           1
|0101001000000100000011000> :  0.1907414E-05  0.1000000E-03           1
|0101001000000001001001000> :  0.1379578E-05  0.1000000E-03           1
|1001001001010010010001000> :  0.3674142E-05  0.1000000E-03           1
|1001001010000010010000100> :  0.8143467E-06  0.1000000E-03           1
|1001001100010001000101010> :  0.4758082E-07  0.1000000E-03           1
|1001010001001000000100010> :  0.7126615E-05  0.1000000E-03           1
|0001100100000000100010010> :  0.6960169E-05  0.1000000E-03           1
|0101000101000001000101000> :  0.1852876E-06  0.1000000E-03           1
|1001100000000011000101000> :  0.8434196E-05  0.1000000E-03           1
|1001101000001100000111000> :  0.5786380E-05  0.1000000E-03           1
|1001101000010100000011100> :  0.2036966E-07  0.1000000E-03           1
|0101000000010101100010010> :  0.3037112E-08  0.1000000E-03           1
|1001101010011000000011010> :  0.4128461E-08  0.1000000E-03           1
|1010000000000000010000001> :  0.8471528E-05  0.1000000E-03           1
|0001100000111100101001000> :  0.2450287E-05  0.1000000E-03           1
|0000010110100000100010010> :  0.5734478E-06  0.1000000E-03           1
|0101000000010010100001000> :  0.2101128E-05  0.1000000E-03           1
|0101000000000110000000011> :  0.4613477E-06  0.1000000E-03           1
|1010000000000010100000001> :  0.5207230E-04  0.1000000E-03           1
|1010000000010000000001000> :  0.3642512E-05  0.1000000E-03           1
|0100111100010000001001000> :  0.4247381E-05  0.1000000E-03           1
|1010000000010000010001000> :  0.4368533E-04  0.1000000E-03           1
|1010000000010010000001000> :  0.1470386E-03  0.1000000E-03           1
|0001100000100100000000100> :  0.1096817E-03  0.1000000E-03           1
|0000010110000100100010000> :  0.5267846E-05  0.1000000E-03           1
|0000001000100011010101000> :  0.1579034E-05  0.1000000E-03           1
|1010000000010010100011000> :  0.8537966E-05  0.1000000E-03           1
|1010000000010100010101000> :  0.2797912E-04  0.1000000E-03           1
|0100111100000000010001100> :  0.5144819E-07  0.1000000E-03           1
|1010000000110001010000010> :  0.1402624E-04  0.1000000E-03           1
|1010000001010010000101000> :  0.1125986E-04  0.1000000E-03           1
|1010000010010001010010000> :  0.6513789E-05  0.1000000E-03           1
|0100111000001000001000000> :  0.1088682E-04  0.1000000E-03           1
|0001100000001100000011000> :  0.2767696E-03  0.1000000E-03           1
|0100111000000010010000100> :  0.2617598E-05  0.1000000E-03           1
|0100110100000100100011100> :  0.3914996E-08  0.1000000E-03           1
|1010000100010001011000010> :  0.7699329E-05  0.1000000E-03           1
|1010000101000000010101000> :  0.1471479E-05  0.1000000E-03           1
|1010000101010000010101000> :  0.5788076E-04  0.1000000E-03           1
|0001100000000100000010100> :  0.3760881E-04  0.1000000E-03           1
|0000010110000100001100010> :  0.9460598E-05  0.1000000E-03           1
|0100110000010000000011000> :  0.2931555E-06  0.1000000E-03           1
|0100101100100000001001000> :  0.2042323E-05  0.1000000E-03           1
|0001011100110000100011000> :  0.6778439E-08  0.1000000E-03           1
|0100101000110000010001001> :  0.9885982E-06  0.1000000E-03           1
|1010001000000011000001010> :  0.7840176E-04  0.1000000E-03           1
|1010001000000011010101000> :  0.1676932E-04  0.1000000E-03           1
|1010001000010000010000011> :  0.5182738E-04  0.1000000E-03           1
|0001011001001000000001000> :  0.4209391E-05  0.1000000E-03           1
|1010001000010000100011000> :  0.3183751E-04  0.1000000E-03           1
|0000001000100000010001000> :  0.7833339E-05  0.1000000E-03           1
|0000000010100010110100000> :  0.1639000E-06  0.1000000E-03           1
|0100101000001000001001000> :  0.1903309E-04  0.1000000E-03           1
|1010001000010010010001001> :  0.1593119E-04  0.1000000E-03           1
|0100101000000100011010000> :  0.6923477E-05  0.1000000E-03           1
|0001011000010000001000000> :  0.4179477E-06  0.1000000E-03           1
|1010001000010010010101010> :  0.6118979E-04  0.1000000E-03           1
|1010001000010011010001100> :  0.2358770E-04  0.1000000E-03           1
|0100101000000100010110100> :  0.5997015E-06  0.1000000E-03           1
|1010001000010110011001000> :  0.2607821E-04  0.1000000E-03           1
|0100100100010000010000010> :  0.6644107E-06  0.1000000E-03           1
|1010001000110001010011000> :  0.6855700E-04  0.1000000E-03           1
|0001011000001100000001000> :  0.2412271E-05  0.1000000E-03           1
|1010001001010010000101000> :  0.1577159E-04  0.1000000E-03           1
|0000010110000000001000000> :  0.2403568E-05  0.1000000E-03           1
|0100100100000001001100010> :  0.6499456E-05  0.1000000E-03           1
|1010001010010010010101000> :  0.6066991E-04  0.1000000E-03           1
|1010001100000000000001000> :  0.1642506E-03  0.1000000E-03           1
|0100100001000100000001010> :  0.7228240E-08  0.1000000E-03           1
|0100100000010010010001001> :  0.1105176E-06  0.1000000E-03           1
|1010001100000011010001010> :  0.4020959E-05  0.1000000E-03           1
|0100011101010000000001000> :  0.6568900E-04  0.1000000E-03           1
|0001011000001000000000000> :  0.1594865E-04  0.1000000E-03           1
|0000001000100000000110101> :  0.1578854E-05  0.1000000E-03           1
|0100011010010010001001000> :  0.1830115E-07  0.1000000E-03           1
|0100011001110011000001000> :  0.3047014E-05  0.1000000E-03           1
|0001010100010000100000001> :  0.4549265E-05  0.1000000E-03           1
|1010001100010010010000010> :  0.4607184E-06  0.1000000E-03           1
|0100011001010100010001000> :  0.1984891E-04  0.1000000E-03           1
|0100011001010010000001000> :  0.4071288E-04  0.1000000E-03           1
|1010001100010010010101000> :  0.1904880E-03  0.1000000E-03           1
|0001010100010000100000000> :  0.7486777E-06  0.1000000E-03           1
|1010001100010110110111000> :  0.3238817E-07  0.1000000E-03           1
|1010001100011000010000100> :  0.2127004E-04  0.1000000E-03           1
|1010001100011000010001110> :  0.7205829E-06  0.1000000E-03           1
|1010001100011001010001000> :  0.3332870E-04  0.1000000E-03           1
|1010001101010000010000100> :  0.1650543E-04  0.1000000E-03           1
|1010011000000000010000011> :  0.1007016E-06  0.1000000E-03           1
|0000010101010000000001000> :  0.1771120E-03  0.1000000E-03           1
|0100011001010001000011000> :  0.2699911E-04  0.1000000E-03           1
|0100010001010110000101000> :  0.2799082E-05  0.1000000E-03           1
|1010011100010000110001100> :  0.4939982E-06  0.1000000E-03           1
|1010011101000000010100110> :  0.2503068E-09  0.1000000E-03           1
|1010100000000001100001010> :  0.4870622E-05  0.1000000E-03           1
|0001010010001010000000100> :  0.6670054E-07  0.1000000E-03           1
|0100010000010010011000010> :  0.9225974E-08  0.1000000E-03           1
|0100001110000000000001110> :  0.3421933E-05  0.1000000E-03           1
|0001010010000000001000010> :  0.3184159E-04  0.1000000E-03           1
|1010100010010010000001000> :  0.8023528E-04  0.1000000E-03           1
|1010100100000000000001000> :  0.8191178E-04  0.1000000E-03           1
|0000010101000000001000010> :  0.1484265E-03  0.1000000E-03           1
|1010101000000000010001010> :  0.1020082E-06  0.1000000E-03           1
|0000001000011101101001000> :  0.3156006E-06  0.1000000E-03           1
|0000000010010000000000110> :  0.7788829E-05  0.1000000E-03           1
|0000000000111110000101000> :  0.2498589E-05  0.1000000E-03           1
|0100001101110100010001110> :  0.4604819E-09  0.1000000E-03           1
|1010101000010000000001010> :  0.5872895E-04  0.1000000E-03           1
|1010101000010000100010000> :  0.5148005E-06  0.1000000E-03           1
|1010101000010001001001110> :  0.6073452E-07  0.1000000E-03           1
|0100001101110010000001010> :  0.1741387E-05  0.1000000E-03           1
|1010101000010010010101000> :  0.6918774E-06  0.1000000E-03           1
|1010101000100000001011000> :  0.1038799E-05  0.1000000E-03           1
|1010101001000010010000100> :  0.2724563E-05  0.1000000E-03           1
|0001010010000000001000000> :  0.1332752E-04  0.1000000E-03           1
|1010101010010000000001010> :  0.4619754E-05  0.1000000E-03           1
|1010101010010010000000000> :  0.7486200E-04  0.1000000E-03           1
|0100001101110000000001000> :  0.8137293E-04  0.1000000E-03           1
|0100001101101011001001000> :  0.7190599E-08  0.1000000E-03           1
|1010101100000000001001100> :  0.1566011E-05  0.1000000E-03           1
|1010101100010000110001000> :  0.6920249E-05  0.1000000E-03           1
|0001010001011000010000000> :  0.8387632E-08  0.1000000E-03           1
|0000010101000000000001000> :  0.1056376E-04  0.1000000E-03           1
|1011000000000000000100100> :  0.1875123E-05  0.1000000E-03           1
|1011000000010000000101000> :  0.1813368E-04  0.1000000E-03           1
|1011000001000001000001001> :  0.8490535E-05  0.1000000E-03           1
|1011000011011001010000000> :  0.3312471E-09  0.1000000E-03           1
|1011000100010010010001000> :  0.9714189E-05  0.1000000E-03           1
|1011001000010010010101000> :  0.2019675E-04  0.1000000E-03           1
|1011001000010011010001000> :  0.3872154E-04  0.1000000E-03           1
|1011001001000100000101000> :  0.4836079E-05  0.1000000E-03           1
|1011001100000011010001000> :  0.2611464E-04  0.1000000E-03           1
|1011001100000011010101000> :  0.9062748E-05  0.1000000E-03           1
|1011001100010000010001000> :  0.9476319E-05  0.1000000E-03           1
|0100001100010000000101110> :  0.1679037E-04  0.1000000E-03           1
|0100001100010000000001110> :  0.1173533E-04  0.1000000E-03           1
|0001001100110010000001000> :  0.1634965E-05  0.1000000E-03           1
|0000001000011101000001110> :  0.3728427E-05  0.1000000E-03           1
|1011001100010010110100000> :  0.9184337E-06  0.1000000E-03           1
|0100001011110000000001001> :  0.3164593E-05  0.1000000E-03           1
|1011011100011000000001000> :  0.2659913E-06  0.1000000E-03           1
|1011100000000001000101000> :  0.1158246E-04  0.1000000E-03           1
|0100001001110010000001000> :  0.2516051E-04  0.1000000E-03           1
|1011101001000001000001000> :  0.4650398E-06  0.1000000E-03           1
|1011101100000011000001000> :  0.1952551E-04  0.1000000E-03           1
|0001001100000110001000000> :  0.1116100E-05  0.1000000E-03           1
|1100000000000010000001001> :  0.2316690E-03  0.1000000E-03           1
|0100001001110000000001011> :  0.3510142E-05  0.1000000E-03           1
|0001001100000000110001000> :  0.1763845E-04  0.1000000E-03           1
|0000010100010000000001000> :  0.3673394E-05  0.1000000E-03           1
|1100000000000110000001011> :  0.3139207E-04  0.1000000E-03           1
|1100000000000110000001111> :  0.8335142E-06  0.1000000E-03           1
|1100000000001001001000001> :  0.4958819E-05  0.1000000E-03           1
|0100001001100000000001000> :  0.2817642E-03  0.1000000E-03           1
|0100001001010010000001011> :  0.2995628E-04  0.1000000E-03           1
|1100000000100100001000100> :  0.1345941E-06  0.1000000E-03           1
|1100000001010100000001010> :  0.1150876E-05  0.1000000E-03           1
|1100000001100000000111000> :  0.5076586E-05  0.1000000E-03           1
|1100000100000001001000001> :  0.1501125E-05  0.1000000E-03           1
|1100000100010000000001000> :  0.1535567E-04  0.1000000E-03           1
|1100001000000000000001000> :  0.1499578E-04  0.1000000E-03           1
|0001001000111000100010000> :  0.4809463E-06  0.1000000E-03           1
|0100001001010001000001100> :  0.5356834E-06  0.1000000E-03           1
|0001001000110010100000000> :  0.2526089E-06  0.1000000E-03           1
|0000010100000001000101110> :  0.1226071E-04  0.1000000E-03           1
|0000001000011100000001000> :  0.2071266E-04  0.1000000E-03           1
|1100001000000100000001100> :  0.1020451E-04  0.1000000E-03           1
|1100001000000110000000110> :  0.2835460E-04  0.1000000E-03           1
|1100001000010000000000011> :  0.1266890E-04  0.1000000E-03           1
|0000000010001000100100000> :  0.4066324E-05  0.1000000E-03           1
|0100001001001001001001000> :  0.2588561E-04  0.1000000E-03           1
|0001001000101100000011000> :  0.1831299E-04  0.1000000E-03           1
|0100001000111100001001000> :  0.8868098E-04  0.1000000E-03           1
|0000010100000000000001001> :  0.1252173E-06  0.1000000E-03           1
|1100001000010100100010000> :  0.2328505E-05  0.1000000E-03           1
|0100001000111100000001000> :  0.1919519E-04  0.1000000E-03           1
|1100001000011011000001000> :  0.4491883E-05  0.1000000E-03           1
|0100001000110101000001110> :  0.5648106E-06  0.1000000E-03           1
|0001001000101100000000000> :  0.6944980E-04  0.1000000E-03           1
|0100001000110100010101000> :  0.2140428E-05  0.1000000E-03           1
|0100001000110100000001110> :  0.9513140E-05  0.1000000E-03           1
|1100001010010010000001001> :  0.4535446E-06  0.1000000E-03           1
|0001001000101000000011000> :  0.3421704E-05  0.1000000E-03           1
|0000001000011000001001100> :  0.3615185E-04  0.1000000E-03           1
|1100001100010000110001000> :  0.5902324E-04  0.1000000E-03           1
|0001001000100100000001000> :  0.1415247E-04  0.1000000E-03           1
|0100001000100110000001010> :  0.1075679E-04  0.1000000E-03           1
|1100001100010100100001000> :  0.1137210E-03  0.1000000E-03           1
|1100001110000010010011111> :  0.1286255E-08  0.1000000E-03           1
|0100001000100100000001100> :  0.5712489E-05  0.1000000E-03           1
|1100011100010000000001000> :  0.7370661E-04  0.1000000E-03           1
|1100100001010001010000011> :  0.5957781E-09  0.1000000E-03           1
|1100100100010000000001010> :  0.7084441E-05  0.1000000E-03           1
|0001001000010010010101000> :  0.2955946E-05  0.1000000E-03           1
|1100101000100000000110100> :  0.2218101E-06  0.1000000E-03           1
|1100101010000010000001000> :  0.2483419E-05  0.1000000E-03           1
|1100101100010000000000010> :  0.6661930E-05  0.1000000E-03           1
|0100001000100001001001000> :  0.1044205E-04  0.1000000E-03           1
|1100110000010010010001000> :  0.1962727E-05  0.1000000E-03           1
|1100111000001100000011010> :  0.7016798E-08  0.1000000E-03           1
|1101000000001101000001001> :  0.4992213E-05  0.1000000E-03           1
|0001001000010000010000011> :  0.1277325E-05  0.1000000E-03           1
|0000010011001000000000000> :  0.2702677E-04  0.1000000E-03           1
|1101001000010000000101000> :  0.2431911E-04  0.1000000E-03           1
|1101001000010101000001010> :  0.4346929E-04  0.1000000E-03           1
|1101001001010010000000000> :  0.9439071E-06  0.1000000E-03           1
|0000001000010100010001010> :  0.8539476E-06  0.1000000E-03           1
|0000000010000100101001000> :  0.3678035E-04  0.1000000E-03           1
|1101001101010000000001000> :  0.1947854E-03  0.1000000E-03           1
|0000000000011001000001111> :  0.1369822E-07  0.1000000E-03           1
|1110001000011010010001000> :  0.2942925E-04  0.1000000E-03           1
|1110011000000010010000100> :  0.3278954E-05  0.1000000E-03           1
|1110011000011000010001000> :  0.4237353E-04  0.1000000E-03           1
|0000000000000101001001101> :  0.2495581E-05  0.1000000E-03           1
|1111001000010000010001000> :  0.7296079E-04  0.1000000E-03           1
|1111001000010010000001000> :  0.3946339E-04  0.1000000E-03           1
|1111001000010100000001000> :  0.6078611E-05  0.1000000E-03           1
|0000000000000011001010010> :  0.1081010E-06  0.1000000E-03           1
|1111111000000010000001010> :  0.1935734E-08  0.1000000E-03           1
|0000000000000001011010110> :  0.1598139E-05  0.1000000E-03           1
