# state, exact probability, frequency, count:
#------------------------------------------------------------------
|110101110111011000001011010010> :  0.1570747E+00  0.1557000E+00        1557
|001010001000100111110100101101> :  0.1570747E+00  0.1555000E+00        1555
|110101110111001000001111010010> :  0.1316103E+00  0.1298000E+00        1298
|001010001000110111110000101101> :  0.1316103E+00  0.1289000E+00        1289
|010101110111011000011011010010> :  0.6842641E-01  0.7160000E-01         716
|101010001000100111100100101101> :  0.6842641E-01  0.6660000E-01         666
|001001110011010100011000101110> :  0.5042833E-01  0.5280000E-01         528
|110110001100101011100111010001> :  0.5042833E-01  0.4990000E-01         499
|110101110110001000101111010010> :  0.4319890E-01  0.4410000E-01         441
|001010001001110111010000101101> :  0.4319890E-01  0.4110000E-01         411
|100110001100100111100110010001> :  0.2715063E-01  0.2940000E-01         294
|011001110011011000011001101110> :  0.2715063E-01  0.2910000E-01         291
|110100000100101010100111010011> :  0.2083110E-01  0.2140000E-01         214
|001011111011010101011000101100> :  0.2083110E-01  0.2100000E-01         210
|010100000101011010011111010010> :  0.4806657E-08  0.1000000E-03           1
|101010001001100111010100101100> :  0.5950012E-07  0.1000000E-03           1
|001110100000000111110100111001> :  0.5108873E-06  0.1000000E-03           1
|001110001100100111110000100101> :  0.9313682E-08  0.1000000E-03           1
|100111111110001101001110010000> :  0.1905160E-06  0.1000000E-03           1
|001110001000101011110100101101> :  0.1115938E-05  0.1000000E-03           1
|001001100111010110111000101110> :  0.4518169E-07  0.1000000E-03           1
|111000110011111000001001001111> :  0.2140131E-07  0.1000000E-03           1
|011011001011011011111000101100> :  0.3317229E-09  0.1000000E-03           1
|101001110000000111100000001111> :  0.3174383E-10  0.1000000E-03           1
|110111100100000011100111010001> :  0.8035150E-10  0.1000000E-03           1
|101010001000101111100100101101> :  0.7347396E-06  0.1000000E-03           1
|010111011011111001000010010001> :  0.3172040E-10  0.1000000E-03           1
|101011101001000111001000101100> :  0.8190384E-07  0.1000000E-03           1
|101110100100101111100110000001> :  0.3120500E-08  0.1000000E-03           1
|001011011010010101111000101101> :  0.4282783E-06  0.1000000E-03           1
|001010001000000101111100101100> :  0.1526571E-05  0.1000000E-03           1
|110101011111001000001011011000> :  0.3817496E-09  0.1000000E-03           1
|010101110111001000011111110010> :  0.1046847E-05  0.1000000E-03           1
|110101011110001000101011010011> :  0.1319996E-07  0.1000000E-03           1
|110101011100101010100011010011> :  0.2310542E-07  0.1000000E-03           1
|010101110101001000001111010010> :  0.1367801E-06  0.1000000E-03           1
|110100010100101010100111010011> :  0.4949428E-05  0.1000000E-03           1
|110100010001101010000111010011> :  0.1924100E-07  0.1000000E-03           1
|110101110111011100001011010000> :  0.2223996E-06  0.1000000E-03           1
|010100010110111000100011010011> :  0.5314071E-07  0.1000000E-03           1
|001010001000110111111000101101> :  0.1487660E-06  0.1000000E-03           1
|110111110111001000001110010000> :  0.8751416E-06  0.1000000E-03           1
|000110001100100111100010010001> :  0.1961582E-06  0.1000000E-03           1
|111111101111000000100111000000> :  0.3996636E-10  0.1000000E-03           1
|000101001100101010110011010010> :  0.1273966E-08  0.1000000E-03           1
