# state, exact probability, frequency, count:
#------------------------------------------------------------------
|00100011100100100011000011000010001> :  0.1439918E+00  0.1445000E+00        1445
|00100111100000110011000011000010000> :  0.1271939E+00  0.1264000E+00        1264
|00100011100101110011000011000010000> :  0.1190513E+00  0.1170000E+00        1170
|00100011100100110011000011000010000> :  0.1016455E+00  0.9650000E-01         965
|00100100100001110011000011001010000> :  0.8616097E-01  0.8910000E-01         891
|00100001100001110011000011001010000> :  0.7914766E-01  0.8360000E-01         836
|00100101100000110011000011001010000> :  0.7004408E-01  0.7270000E-01         727
|00100001100101110011000011000010000> :  0.3234322E-01  0.3030000E-01         303
|00100101100001110011000011001010000> :  0.2200889E-01  0.2270000E-01         227
|00100001100001110110000011000010000> :  0.2151004E-01  0.2050000E-01         205
|00100011100001110010000011000010001> :  0.2237769E-01  0.2020000E-01         202
|00100011100000100011000011000010001> :  0.1934511E-01  0.1960000E-01         196
|00100011100000110011000011000010001> :  0.1129405E-01  0.1240000E-01         124
|00100111100000110011000011001010000> :  0.1063592E-01  0.1130000E-01         113
|00100011100000101110000011000010001> :  0.1043810E-01  0.1090000E-01         109
|00100111100000100011000011000010001> :  0.1127176E-01  0.1010000E-01         101
|00100011100001100010000011000010001> :  0.1194038E-01  0.9700000E-02          97
|00100011100001110110000011000010000> :  0.8916493E-02  0.8800000E-02          88
|00100011100000100110000011000010001> :  0.8800498E-02  0.8300000E-02          83
|00100011100001100110000011000010001> :  0.7890013E-02  0.7800000E-02          78
|00100111100000110011000011000010001> :  0.3745165E-02  0.3000000E-02          30
|00100001100101110011000011001010000> :  0.2527919E-02  0.2600000E-02          26
|00100011100001110011000011000010000> :  0.1866312E-02  0.2500000E-02          25
|00100011100001100110000011000010000> :  0.1712719E-02  0.2400000E-02          24
|00100011100101110010000011000010000> :  0.1503023E-02  0.2000000E-02          20
|00100111100100110011000011000010000> :  0.1551059E-02  0.1600000E-02          16
|00100010100101110011000011000010000> :  0.1697290E-02  0.1300000E-02          13
|00100100101001110011000011001010000> :  0.9791333E-03  0.1300000E-02          13
|00100001100001110110000011100010000> :  0.9891241E-03  0.1000000E-02          10
|00100001100001110011000011000010000> :  0.5075493E-03  0.8000000E-03           8
|00100001100001110010000011000010001> :  0.9722527E-03  0.8000000E-03           8
|00100001100001110011000011000010001> :  0.6660399E-03  0.6000000E-03           6
|00100011100001100011000011000010001> :  0.1910054E-03  0.5000000E-03           5
|00100001100001110111000011000010000> :  0.4646463E-03  0.5000000E-03           5
|00100101100000110011000011000010001> :  0.2633599E-03  0.4000000E-03           4
|00100010100101100011000011000010000> :  0.6897893E-04  0.4000000E-03           4
|00100011100000110010000111000010001> :  0.1078517E-03  0.4000000E-03           4
|00100101100000110011000010001010001> :  0.3356572E-03  0.3000000E-03           3
|00100011100001110010000011000010000> :  0.4686075E-03  0.3000000E-03           3
|00100101100001110011000001001010000> :  0.2340485E-03  0.3000000E-03           3
|01100011100000101000000111000010101> :  0.3503813E-04  0.2000000E-03           2
|00100000100101110011000011001010000> :  0.1011593E-03  0.2000000E-03           2
|01100011100000100011000011000010001> :  0.4358638E-04  0.2000000E-03           2
|00000011000000101001000111000111001> :  0.6496087E-05  0.2000000E-03           2
|00100001100001110010000011100011001> :  0.1894856E-04  0.2000000E-03           2
|00100011100000100110010001000010001> :  0.2460066E-04  0.2000000E-03           2
|00100011100000101110000101000010001> :  0.5179829E-03  0.2000000E-03           2
|00100011100000100111000011000010001> :  0.1206708E-03  0.2000000E-03           2
|00100011000000101011000111000010001> :  0.2643187E-04  0.2000000E-03           2
|00100111100000101110000001000010001> :  0.1255113E-04  0.2000000E-03           2
|00100011100000101010000011000010001> :  0.1951745E-03  0.2000000E-03           2
|00100011100000101110010001000010001> :  0.7386869E-04  0.2000000E-03           2
|00100010100001100110000011000011001> :  0.2492007E-04  0.2000000E-03           2
|00100011000001101100000111000010001> :  0.5095385E-04  0.2000000E-03           2
|00100101100001110111000011000010000> :  0.3063301E-04  0.2000000E-03           2
|00100011100001110011000011010010000> :  0.1732221E-04  0.2000000E-03           2
|01100001100000101110000011100011000> :  0.2179285E-04  0.2000000E-03           2
|01100001100000100110000011100001001> :  0.2290164E-04  0.2000000E-03           2
|00100011000000101110000111000011001> :  0.2375409E-04  0.2000000E-03           2
|00100011100101100100000011010010000> :  0.8291064E-04  0.2000000E-03           2
|00100000100001110110000011100010000> :  0.1764447E-04  0.2000000E-03           2
|00100011100100101110000011000010000> :  0.1731240E-04  0.2000000E-03           2
|00101010100101110011000011000010000> :  0.3079715E-05  0.2000000E-03           2
|00100001110001110110000011000010000> :  0.6386697E-05  0.1000000E-03           1
|00100001110000110011000011001010000> :  0.3000155E-05  0.1000000E-03           1
|00100000000100110011001011001110000> :  0.6249143E-09  0.1000000E-03           1
|00100011100101010001000011001010000> :  0.1355439E-04  0.1000000E-03           1
|01100011100101000011000011000010000> :  0.7765689E-06  0.1000000E-03           1
|00011111000000100100010111010000000> :  0.2500019E-09  0.1000000E-03           1
|01100011100001100100010011000000000> :  0.2059932E-05  0.1000000E-03           1
|00100001100101110010010111001010000> :  0.3813755E-06  0.1000000E-03           1
|00100001100101110001000011001010000> :  0.2381565E-04  0.1000000E-03           1
|10110111000000100100010011010000000> :  0.1971133E-08  0.1000000E-03           1
|00100001100011110110000001100010000> :  0.2837489E-05  0.1000000E-03           1
|00100001100001111010000011100010000> :  0.1670979E-04  0.1000000E-03           1
|00110110110000110101000011000100000> :  0.1002050E-08  0.1000000E-03           1
|01110011100000110011001111100000000> :  0.5775259E-09  0.1000000E-03           1
|10101001100101110001000000101000000> :  0.2168779E-11  0.1000000E-03           1
|00100011100100100011000011000010000> :  0.5331376E-04  0.1000000E-03           1
|01000011100100100001000011010010000> :  0.1759865E-06  0.1000000E-03           1
|00100110101100110001100100001100000> :  0.6546329E-11  0.1000000E-03           1
|00100011100100010011000011010010000> :  0.4364316E-05  0.1000000E-03           1
|10110110100000100010000001000000001> :  0.2414836E-07  0.1000000E-03           1
|00110110001000100101001100001000000> :  0.1768632E-08  0.1000000E-03           1
|11100010101101001010000011100100000> :  0.8311200E-10  0.1000000E-03           1
|00100011100001110011000011001010000> :  0.2819496E-04  0.1000000E-03           1
|00100001100001110010000011001010000> :  0.3229807E-04  0.1000000E-03           1
|00110101100101110010010000000000000> :  0.1576320E-08  0.1000000E-03           1
|00100001100001100011000001001010000> :  0.6544952E-07  0.1000000E-03           1
|00100001100000110111000111000010000> :  0.3960618E-05  0.1000000E-03           1
|00100100111001110001000011001000000> :  0.6625255E-05  0.1000000E-03           1
|00011010101011110001000011010000000> :  0.4435474E-10  0.1000000E-03           1
|00100001100100100111011011001000000> :  0.8184468E-08  0.1000000E-03           1
|01100000101001110011000011100000000> :  0.2907434E-04  0.1000000E-03           1
|00100000110001110100010011000000001> :  0.1524209E-04  0.1000000E-03           1
|01100011100001110010000011000010000> :  0.2786545E-04  0.1000000E-03           1
|00000011100001110010000011001010000> :  0.1451460E-05  0.1000000E-03           1
|00110011100001110011000001000110000> :  0.6550710E-06  0.1000000E-03           1
|00001010110101011000100010010100001> :  0.7957834E-10  0.1000000E-03           1
|00000011100001110011000011001010000> :  0.1487413E-04  0.1000000E-03           1
|00110011100100001100010011010000001> :  0.2165283E-09  0.1000000E-03           1
|00100100110000110011010010001000001> :  0.2848135E-05  0.1000000E-03           1
|00100000100001101111000011100011000> :  0.4100589E-05  0.1000000E-03           1
|01100011100011110010100001010010000> :  0.8516413E-09  0.1000000E-03           1
|00100000100101110011000011000010001> :  0.9500598E-05  0.1000000E-03           1
|00100011100100100001000001010110000> :  0.1161705E-04  0.1000000E-03           1
|00100001100000101010000011000010001> :  0.1602509E-05  0.1000000E-03           1
|01100011100100100001000111000010000> :  0.3974385E-05  0.1000000E-03           1
|00100011000000101100000111000011000> :  0.9322513E-06  0.1000000E-03           1
|01100011100100100011000011000010000> :  0.1021397E-04  0.1000000E-03           1
|00100011100100100011000011010010000> :  0.1004867E-03  0.1000000E-03           1
|00100011100100100101000101010010000> :  0.5322610E-05  0.1000000E-03           1
|00100011100100100111000011000010000> :  0.4999851E-04  0.1000000E-03           1
|00100011100100101011000101001010000> :  0.2082842E-07  0.1000000E-03           1
|01100011000000100100000111000010001> :  0.6909367E-05  0.1000000E-03           1
|01000011000000101001000111000010001> :  0.1918355E-04  0.1000000E-03           1
|00100011100100110011000011001010000> :  0.5196058E-04  0.1000000E-03           1
|00110011100100110011001011000010000> :  0.3017751E-05  0.1000000E-03           1
|01000011100000010010000011001110001> :  0.4476432E-07  0.1000000E-03           1
|00100011100101000101000011010010000> :  0.1440682E-05  0.1000000E-03           1
|00001001000011100110010011000011001> :  0.5000669E-10  0.1000000E-03           1
|00100011100101010010000011000010000> :  0.6917892E-04  0.1000000E-03           1
|00100011100101100010000011000010000> :  0.1798000E-04  0.1000000E-03           1
|01100011100101100010000011000010000> :  0.8932599E-05  0.1000000E-03           1
|00100011100101100011000001001010000> :  0.1256933E-04  0.1000000E-03           1
|00100011100101100011000011000010000> :  0.2907728E-04  0.1000000E-03           1
|00100011100001110001000011011010000> :  0.8560988E-05  0.1000000E-03           1
|00100011100001110001000011001010000> :  0.6592834E-05  0.1000000E-03           1
|00100001000001111110000011100010000> :  0.5649162E-05  0.1000000E-03           1
|00100011100001100110010011000010000> :  0.5173486E-04  0.1000000E-03           1
|00100001100001010011001011000010101> :  0.2336645E-06  0.1000000E-03           1
|00100000110101110001010001001010000> :  0.2103733E-06  0.1000000E-03           1
|00100100110001110011000011000000000> :  0.1275039E-04  0.1000000E-03           1
|00100011100001100100010001010010000> :  0.5305149E-04  0.1000000E-03           1
|00100011100001100100010001000010000> :  0.3938961E-05  0.1000000E-03           1
|00100000110001110001010011001010000> :  0.1200815E-04  0.1000000E-03           1
|00101011100001100100000001010010000> :  0.6305436E-05  0.1000000E-03           1
|00100011100000110011000011001010000> :  0.4889393E-05  0.1000000E-03           1
|00100000101001110001000011001010000> :  0.2224686E-04  0.1000000E-03           1
|00100100110000110111000011000000000> :  0.4176603E-05  0.1000000E-03           1
|00011010100100110001100001010100000> :  0.6490207E-09  0.1000000E-03           1
|00100011100000101110000111000010000> :  0.7588293E-05  0.1000000E-03           1
|00100011100000101110000101000010000> :  0.8420690E-05  0.1000000E-03           1
|00100000100101110111000011000010000> :  0.1698314E-04  0.1000000E-03           1
|01100011100000101110000011000010000> :  0.3566249E-04  0.1000000E-03           1
|01101011100000101100000111000010000> :  0.1363802E-04  0.1000000E-03           1
|00100000100101110011110001000010000> :  0.1060210E-05  0.1000000E-03           1
|00100100101001110011000011001000000> :  0.1313165E-04  0.1000000E-03           1
|01100011100000101011000111000010000> :  0.2777762E-05  0.1000000E-03           1
|01101011100000100101000001010010000> :  0.2120136E-08  0.1000000E-03           1
|00100000100101110011100011000010000> :  0.1022186E-04  0.1000000E-03           1
|00100011100000100010000010010010000> :  0.2226104E-07  0.1000000E-03           1
|00100101100000110011000001001010000> :  0.2294086E-04  0.1000000E-03           1
|10000011000000110001001101011010000> :  0.3468623E-09  0.1000000E-03           1
|00101011110101110100100111000000000> :  0.1609739E-09  0.1000000E-03           1
|01000010100100011011010001100000000> :  0.3708678E-10  0.1000000E-03           1
|00100000110001110110010011000000000> :  0.1014492E-05  0.1000000E-03           1
|01100101100000100110000001000010000> :  0.3687517E-07  0.1000000E-03           1
|00110011000000100010001001100010010> :  0.6496006E-08  0.1000000E-03           1
|00100101100000110011000011000110000> :  0.1028177E-03  0.1000000E-03           1
|00000011100101010001000011010010010> :  0.9748162E-05  0.1000000E-03           1
|00100101100001110010010111001010000> :  0.5778802E-05  0.1000000E-03           1
|00100011100101110010000011000010010> :  0.4469346E-04  0.1000000E-03           1
|00100101100001110011000011000010000> :  0.1799076E-03  0.1000000E-03           1
|00110100100101110000000001000010010> :  0.5782207E-08  0.1000000E-03           1
|00100101100001110110000011000010000> :  0.2798568E-04  0.1000000E-03           1
|00000111100000111010000111100010010> :  0.2298264E-09  0.1000000E-03           1
|00100101100101011011010001001010000> :  0.4727209E-09  0.1000000E-03           1
|00100101101000110011000011001010000> :  0.2761853E-04  0.1000000E-03           1
|00000101111001110010100001001010000> :  0.1441662E-08  0.1000000E-03           1
|00000110100000010001110000001110000> :  0.4214539E-09  0.1000000E-03           1
|00100110100000110111000011000010000> :  0.8063718E-05  0.1000000E-03           1
|00100110100001110011100001000010000> :  0.2083419E-04  0.1000000E-03           1
|10010110100100110011000001001010000> :  0.5369924E-08  0.1000000E-03           1
|00100110100100110011000011000010000> :  0.1210503E-04  0.1000000E-03           1
|00100110110000100111000001000010000> :  0.2249822E-05  0.1000000E-03           1
|00100111000000100011000011001010000> :  0.6846787E-05  0.1000000E-03           1
|01100111100000100110000011000010000> :  0.2525549E-05  0.1000000E-03           1
|00100111100000101110000001000010000> :  0.4531270E-05  0.1000000E-03           1
|00100111100000110010000011000010000> :  0.2485645E-04  0.1000000E-03           1
|01101011000000101000000111000000101> :  0.5397888E-05  0.1000000E-03           1
|00100111100000110011000011000110000> :  0.5169443E-05  0.1000000E-03           1
|10110010110100010001000011000010101> :  0.1408194E-09  0.1000000E-03           1
|00100111100001100001000011001010000> :  0.5610715E-05  0.1000000E-03           1
|00110111100001110011001001000010000> :  0.1353621E-06  0.1000000E-03           1
|01100011100000100001000111000010101> :  0.2298880E-04  0.1000000E-03           1
|00100111100101010011000001010010000> :  0.2082417E-06  0.1000000E-03           1
|00100000100001110010010011000000001> :  0.9692695E-06  0.1000000E-03           1
|00100000100001110011010011000000001> :  0.1870153E-04  0.1000000E-03           1
|00100000100001110110010011000000001> :  0.5387389E-05  0.1000000E-03           1
|00100000100000100100100001001010110> :  0.1584217E-09  0.1000000E-03           1
|01100000110100100010000010010000001> :  0.2031563E-09  0.1000000E-03           1
|00110001000101101010000011001000001> :  0.4404890E-09  0.1000000E-03           1
|00100001100001110110000011100000001> :  0.2124249E-04  0.1000000E-03           1
|00110001110001000101000101000000001> :  0.4376685E-08  0.1000000E-03           1
|10100010010000101011010111001000001> :  0.8642972E-11  0.1000000E-03           1
|01100010110001011110000101000000001> :  0.1304325E-09  0.1000000E-03           1
|00000010110001110001011000001000001> :  0.2017200E-09  0.1000000E-03           1
|01100000101001110110000011100001000> :  0.1502347E-04  0.1000000E-03           1
|00010011000101110001000100001000001> :  0.2075117E-09  0.1000000E-03           1
|00001011001011100000001110101000001> :  0.1474347E-09  0.1000000E-03           1
|00101011100001100010011001010000001> :  0.1063026E-08  0.1000000E-03           1
|01100100101010110001010000000101000> :  0.1917435E-10  0.1000000E-03           1
|00011011100100100001000000000100001> :  0.1306816E-09  0.1000000E-03           1
|00110101100010111011000011100001000> :  0.4921110E-10  0.1000000E-03           1
|00110110100000010001001011001000001> :  0.4850394E-09  0.1000000E-03           1
|00100000100001110110000011000011000> :  0.5346530E-05  0.1000000E-03           1
|00101111000101110000010111000000001> :  0.1487611E-08  0.1000000E-03           1
|00100111010100101000010001000000001> :  0.4244042E-09  0.1000000E-03           1
|00110000100001100001000001000110001> :  0.2828993E-07  0.1000000E-03           1
|01000001100000010101010111000011000> :  0.6314906E-10  0.1000000E-03           1
|01000000101001011010100011100010001> :  0.1057134E-09  0.1000000E-03           1
|10100000101001100001000011010010001> :  0.3479037E-08  0.1000000E-03           1
|10110001010100100000011011001010001> :  0.2064690E-11  0.1000000E-03           1
|10100001111000100001100011000011000> :  0.1108743E-09  0.1000000E-03           1
|00100001100000110011000111000010001> :  0.2736614E-04  0.1000000E-03           1
|00100001100000110011010011000010001> :  0.1083359E-04  0.1000000E-03           1
|00100001100001100011000011000010001> :  0.2309039E-04  0.1000000E-03           1
|00110011000000101100011001000011000> :  0.2242700E-08  0.1000000E-03           1
|00100001100001110010010010000010001> :  0.6329006E-06  0.1000000E-03           1
|00100011100000101110000111000011000> :  0.7676422E-05  0.1000000E-03           1
|00001001100001110011010001010010001> :  0.1447310E-08  0.1000000E-03           1
|00100001100011110010100101100010001> :  0.2533126E-08  0.1000000E-03           1
|00100001100101110010000011000010001> :  0.1808681E-04  0.1000000E-03           1
|00100001110001100001000011001010001> :  0.1107112E-05  0.1000000E-03           1
|00100010100000101011000111000010001> :  0.4233356E-06  0.1000000E-03           1
|00100010100001101010000011000010001> :  0.4873437E-05  0.1000000E-03           1
|01000010100100000010010101000010001> :  0.1249243E-09  0.1000000E-03           1
|00011010101101100000000011000010001> :  0.3407369E-09  0.1000000E-03           1
|00100010110101000001000011001010001> :  0.1831438E-05  0.1000000E-03           1
|00110001000001101010000011100001001> :  0.8903738E-07  0.1000000E-03           1
|00000011000000101001000111000010001> :  0.2198654E-06  0.1000000E-03           1
|00100001100001110110000011100001001> :  0.2536441E-04  0.1000000E-03           1
|01100010000001101010000011100001001> :  0.5117962E-05  0.1000000E-03           1
|00101011000000101100000111000010001> :  0.5863326E-04  0.1000000E-03           1
|00100011000000101110000011100010001> :  0.5192917E-05  0.1000000E-03           1
|01100011000000101110000011100001001> :  0.1325515E-04  0.1000000E-03           1
|00100011000001101110000011100010001> :  0.4952873E-05  0.1000000E-03           1
|01101011100000101100000111000001001> :  0.5334744E-05  0.1000000E-03           1
|01000011100000100001000111000010001> :  0.1473983E-05  0.1000000E-03           1
|00101011100000100010000011000010001> :  0.3205619E-05  0.1000000E-03           1
|00110110010000100100001011001001001> :  0.1033064E-08  0.1000000E-03           1
|01100001100000101110000011100011001> :  0.6394676E-05  0.1000000E-03           1
|00100011100000100011000011000110001> :  0.2351166E-04  0.1000000E-03           1
|00100011100000100011000011001010001> :  0.2091417E-04  0.1000000E-03           1
|00100011100000100011010010000010001> :  0.2451625E-05  0.1000000E-03           1
|00100011100000100100000111000010001> :  0.7134246E-05  0.1000000E-03           1
|00110010100000001010001011000011001> :  0.1004922E-08  0.1000000E-03           1
|00100011100000100110000111000010001> :  0.9522425E-04  0.1000000E-03           1
|00000011000000101000000111000111001> :  0.6648011E-05  0.1000000E-03           1
|01100011000000101000000111100011001> :  0.3008131E-04  0.1000000E-03           1
|10100011100000101000000001010110001> :  0.1346471E-08  0.1000000E-03           1
|01100011000000101100000101000011001> :  0.1741231E-04  0.1000000E-03           1
|01100011100000101010000011000010001> :  0.9464093E-04  0.1000000E-03           1
|00100101010000110011000011001010000> :  0.2091816E-05  0.1000000E-03           1
|11100010111000000001010011000010000> :  0.2236950E-09  0.1000000E-03           1
|00100101000001110011000011001010000> :  0.2060107E-04  0.1000000E-03           1
|00100100110001110111000001000010000> :  0.1435996E-04  0.1000000E-03           1
|00100010110101010011000011000010000> :  0.1109705E-04  0.1000000E-03           1
|00100000100101110011000011000010000> :  0.1097242E-03  0.1000000E-03           1
|00100100110001110011000001001010000> :  0.8120064E-05  0.1000000E-03           1
|00100100110001100011000011001010000> :  0.6020385E-06  0.1000000E-03           1
|00100010110001100101010011000010000> :  0.1014356E-04  0.1000000E-03           1
|00100100110000110011000011001010000> :  0.3366987E-04  0.1000000E-03           1
|00100100110000100111000001000110000> :  0.4127891E-06  0.1000000E-03           1
|00100010110001100101000011001010000> :  0.6343255E-06  0.1000000E-03           1
|00100000100101110011000001001010000> :  0.3720296E-04  0.1000000E-03           1
|10100011110100000011010011010000000> :  0.2739966E-09  0.1000000E-03           1
|01100111110111000000000011000010001> :  0.7811137E-09  0.1000000E-03           1
|00100100101001110011000011000010000> :  0.1624644E-04  0.1000000E-03           1
|00000010110000010001010101011110000> :  0.3088304E-09  0.1000000E-03           1
|00100100100101110011000011000010000> :  0.3737603E-04  0.1000000E-03           1
|00100100100101110011000001001010000> :  0.7335899E-04  0.1000000E-03           1
|01010010101001000100000011100010000> :  0.2250891E-09  0.1000000E-03           1
|00100000100001110111000011000010000> :  0.1449469E-04  0.1000000E-03           1
|00100100100001110111000011001010000> :  0.2295465E-04  0.1000000E-03           1
|00100100100001110011100011001010000> :  0.2503433E-04  0.1000000E-03           1
|00010010100111110010010011000010000> :  0.2850603E-09  0.1000000E-03           1
|00100100100001110011100001000010000> :  0.1901612E-04  0.1000000E-03           1
|00000011100110101000110001100010001> :  0.1099104E-09  0.1000000E-03           1
|00110100100001110011010011001010000> :  0.1938780E-04  0.1000000E-03           1
|00100000100001110110010011000010000> :  0.2393946E-05  0.1000000E-03           1
|00100011100101110110000011000000000> :  0.2615722E-05  0.1000000E-03           1
|00100010100001010010001001010100000> :  0.1642282E-09  0.1000000E-03           1
|00100011100101100000000001010010001> :  0.3015726E-04  0.1000000E-03           1
|00100011100101010011000011000010001> :  0.2856783E-04  0.1000000E-03           1
|00110100100001110011010010000010000> :  0.3954695E-06  0.1000000E-03           1
|00100011110000100100000111000010001> :  0.3274268E-04  0.1000000E-03           1
|00010100100000110011000011000110001> :  0.9908510E-07  0.1000000E-03           1
|00100011100101000000000011010010001> :  0.5414780E-05  0.1000000E-03           1
|00100011100100100011010001000010001> :  0.4994761E-05  0.1000000E-03           1
|00100101100000110011000011001010001> :  0.3937941E-05  0.1000000E-03           1
|00100101100001110011000010001010001> :  0.2048093E-04  0.1000000E-03           1
|00100111000000100001000110001010001> :  0.2966605E-05  0.1000000E-03           1
|00100111000000100001000111001010001> :  0.4943253E-05  0.1000000E-03           1
|00100111000000101110000111000010001> :  0.3964515E-06  0.1000000E-03           1
|00100011100100100011000111000010001> :  0.3153841E-04  0.1000000E-03           1
|00100100100001110011000011000010000> :  0.6948700E-04  0.1000000E-03           1
|00000111100000110011000001000010001> :  0.6564237E-07  0.1000000E-03           1
|00100111100000110011000010001010001> :  0.1959932E-04  0.1000000E-03           1
|00100011100100100011000001000010001> :  0.5178745E-04  0.1000000E-03           1
|00100011000000101100000111000011101> :  0.9630845E-05  0.1000000E-03           1
|01101000110101100001000010001000010> :  0.4277010E-09  0.1000000E-03           1
|01110001000000110010010011100000010> :  0.1526167E-08  0.1000000E-03           1
|10100001000100101010100011000000010> :  0.1119708E-08  0.1000000E-03           1
|00110010100101110010001001000000010> :  0.4867494E-07  0.1000000E-03           1
|00110011100110110100000101100000010> :  0.3436662E-09  0.1000000E-03           1
|00110100101001110001000011000000010> :  0.5868645E-07  0.1000000E-03           1
|00100101101001100010001011001000010> :  0.2681531E-09  0.1000000E-03           1
|00100000100011110010000011100010010> :  0.1390290E-07  0.1000000E-03           1
|00100000101001100011100011011010010> :  0.4217947E-09  0.1000000E-03           1
|00010001100000110101000001001010010> :  0.2879055E-07  0.1000000E-03           1
|00100001100001110011000011000010010> :  0.1362115E-04  0.1000000E-03           1
|00110001100100110110000000000010010> :  0.3351428E-08  0.1000000E-03           1
|10101010000000100100110111000010010> :  0.1605498E-09  0.1000000E-03           1
|00100010100001110011000011001110010> :  0.1765839E-06  0.1000000E-03           1
|01100010100101000000011001100110010> :  0.1360067E-09  0.1000000E-03           1
|00100010110001110010000101000010010> :  0.1549731E-07  0.1000000E-03           1
|00100011100100100010000011000010001> :  0.4292014E-04  0.1000000E-03           1
|00000011000010101010100111000010010> :  0.2247863E-07  0.1000000E-03           1
|00100011100001100100000011010010010> :  0.3253446E-04  0.1000000E-03           1
|00100011100100110010000011000010010> :  0.5029852E-05  0.1000000E-03           1
|00100100100001110011000001001010000> :  0.1697620E-03  0.1000000E-03           1
|00100011100101010011000011000010010> :  0.1467802E-04  0.1000000E-03           1
|00100011100101100000000001010010010> :  0.6292480E-04  0.1000000E-03           1
|00100011100101100001000001010010010> :  0.2283071E-04  0.1000000E-03           1
|00100010100101110010000011000010000> :  0.1082433E-05  0.1000000E-03           1
|00001011110000100001100001010010010> :  0.1300931E-08  0.1000000E-03           1
|10010100001010010001001000101010010> :  0.2253970E-13  0.1000000E-03           1
|10100100100000010011000011100110010> :  0.2392939E-10  0.1000000E-03           1
|00100011100100100001000011000010001> :  0.5634060E-05  0.1000000E-03           1
|00100101000001100011000101000010010> :  0.3090213E-07  0.1000000E-03           1
|00100101000001110011000111000010010> :  0.7326956E-07  0.1000000E-03           1
|00000110001011110001110011001010010> :  0.6705323E-10  0.1000000E-03           1
|00100011100011100100000011000010001> :  0.3045815E-04  0.1000000E-03           1
|00100110110100110011000011000000011> :  0.3776986E-07  0.1000000E-03           1
|00000001100000110010000001010110011> :  0.9438469E-08  0.1000000E-03           1
|00110001100000110011000011000010011> :  0.6454895E-06  0.1000000E-03           1
|00110001100001110001000001001010011> :  0.7606644E-07  0.1000000E-03           1
|10111010000000000001010010011110011> :  0.1248902E-12  0.1000000E-03           1
|00010010010000100001000111000110011> :  0.1409333E-08  0.1000000E-03           1
|00001011010000100001000001001010011> :  0.1197037E-09  0.1000000E-03           1
|00000011010000101000000110011010011> :  0.7091831E-09  0.1000000E-03           1
|00100011100001110111011010000010011> :  0.1891695E-10  0.1000000E-03           1
|00110011100100100011000011000010011> :  0.8054230E-05  0.1000000E-03           1
|00100101100101000010000001000110011> :  0.1219172E-07  0.1000000E-03           1
|00100110110000110010000001000010011> :  0.3381870E-07  0.1000000E-03           1
|00100000001010100101010011000000100> :  0.6568428E-10  0.1000000E-03           1
|00001001000011110000100011101000100> :  0.2120682E-09  0.1000000E-03           1
|00100010000001100011010111010000100> :  0.6289638E-08  0.1000000E-03           1
|01100101000001010000010011110000100> :  0.1083665E-08  0.1000000E-03           1
|00111110100000110001000011000100100> :  0.1066530E-08  0.1000000E-03           1
|00100110100000110101001101001000100> :  0.2541689E-09  0.1000000E-03           1
|01101111000000100100010011000000100> :  0.5568646E-08  0.1000000E-03           1
|00000000100101100000000001001110100> :  0.4068656E-09  0.1000000E-03           1
|01100001100110100110000001001010100> :  0.1101221E-07  0.1000000E-03           1
|00100010100011010011000011001010100> :  0.2999492E-07  0.1000000E-03           1
|00101010100100100110011001000010100> :  0.4921000E-09  0.1000000E-03           1
|01101010110001000001010011001010100> :  0.1883081E-10  0.1000000E-03           1
|00100101100100110011000011000010100> :  0.8952649E-05  0.1000000E-03           1
|00100111100001000100001101010010100> :  0.5152132E-09  0.1000000E-03           1
|00000010000010110100010100001000101> :  0.4822642E-11  0.1000000E-03           1
|10110100100000110011000011001010000> :  0.1885533E-05  0.1000000E-03           1
|01101011100100000000000111000000101> :  0.8252825E-06  0.1000000E-03           1
|00100011110010110001010101000000101> :  0.1293700E-09  0.1000000E-03           1
|00100001100000110011000011000010101> :  0.2227070E-04  0.1000000E-03           1
|00100011100010100100000111000010001> :  0.3981079E-04  0.1000000E-03           1
|00011000000000110011100011001001101> :  0.3131745E-10  0.1000000E-03           1
|00100010110101100101000101000010101> :  0.1199144E-08  0.1000000E-03           1
|01100011000000100001000111000010101> :  0.1817702E-04  0.1000000E-03           1
|01100011000000101001000111000010101> :  0.3011141E-05  0.1000000E-03           1
|01001011100000010010000011000110101> :  0.7797118E-09  0.1000000E-03           1
|00100100010001000101000100101010000> :  0.4260842E-10  0.1000000E-03           1
|00100010100101100110010001000010000> :  0.2782585E-05  0.1000000E-03           1
|00100101001001100010010011000010101> :  0.3314162E-08  0.1000000E-03           1
|00000111000000001010001011001010101> :  0.3527948E-09  0.1000000E-03           1
|00100111000000100011000011000010101> :  0.1398817E-04  0.1000000E-03           1
|00000111100000000010010111000010101> :  0.4823052E-09  0.1000000E-03           1
|00100111100000100001000011000010101> :  0.1088620E-05  0.1000000E-03           1
|10100000101100100100010011000000110> :  0.1200034E-09  0.1000000E-03           1
|00101001100001110010100001001000110> :  0.3980929E-10  0.1000000E-03           1
|01110101100000100100000001000000110> :  0.2548135E-07  0.1000000E-03           1
|00100011100001101110000011000010001> :  0.3846575E-04  0.1000000E-03           1
|00100000100001010011010011000110110> :  0.1606636E-08  0.1000000E-03           1
|00100000110100010011100011000010110> :  0.1520057E-07  0.1000000E-03           1
|00000001001000100011000111000110110> :  0.1188508E-08  0.1000000E-03           1
|01000011000000101010100101100010110> :  0.9702729E-08  0.1000000E-03           1
|00100100000000110001000001000110110> :  0.2241753E-09  0.1000000E-03           1
|01110100001000100100110000010010111> :  0.1173751E-11  0.1000000E-03           1
|10100000000111110100100111100001000> :  0.4144356E-09  0.1000000E-03           1
|11100000001000101110000111100001000> :  0.3426176E-07  0.1000000E-03           1
|10110000001001100100011011100001000> :  0.9366980E-08  0.1000000E-03           1
|11100000100000100110010010011001000> :  0.3101127E-09  0.1000000E-03           1
|00100000100011110110000011100001000> :  0.1966018E-04  0.1000000E-03           1
|00111000100101100101001001000001000> :  0.6750426E-09  0.1000000E-03           1
|01100000101001100101000011100001000> :  0.9000304E-05  0.1000000E-03           1
|01100000101001110011000011000001000> :  0.4488459E-05  0.1000000E-03           1
|00100000101001110011000011100001000> :  0.2203542E-04  0.1000000E-03           1
|00100011100001101010000001000010001> :  0.4455422E-04  0.1000000E-03           1
|11100000110000000010010011001001000> :  0.9386599E-09  0.1000000E-03           1
|01100001100001100110000011100001000> :  0.3437520E-04  0.1000000E-03           1
|00100001101001110000100101101101000> :  0.6275185E-10  0.1000000E-03           1
|10101010000001110110010101000001000> :  0.7368788E-11  0.1000000E-03           1
|01100010100001100110000011100001000> :  0.4478244E-05  0.1000000E-03           1
|01010011000000100101000101011101000> :  0.2570934E-09  0.1000000E-03           1
|01110011000100001110000001110001000> :  0.1469719E-09  0.1000000E-03           1
|10100011111001100001000011001010000> :  0.1532717E-08  0.1000000E-03           1
|01110100111001010011000011000001000> :  0.5906170E-09  0.1000000E-03           1
|00100100111011100100000001110101000> :  0.3506330E-10  0.1000000E-03           1
|10110101000000110100010111100001000> :  0.8375713E-12  0.1000000E-03           1
|00100011100001100111000011000010001> :  0.6644393E-05  0.1000000E-03           1
|01000110001000110001100111010001000> :  0.2387653E-09  0.1000000E-03           1
|00100000001001100101000011101011000> :  0.1843316E-04  0.1000000E-03           1
|01100000100001101110000011100011000> :  0.1698976E-04  0.1000000E-03           1
|01001011000000101100000111000001100> :  0.9110808E-06  0.1000000E-03           1
|00100011110100110100000110000010000> :  0.4266355E-08  0.1000000E-03           1
|00100000100001110111000011000011000> :  0.1155736E-04  0.1000000E-03           1
|00100000100001111010100011100011000> :  0.3212214E-06  0.1000000E-03           1
|00100000100001111110000011100011000> :  0.1056184E-04  0.1000000E-03           1
|00100000101001100111000011101011000> :  0.1176842E-05  0.1000000E-03           1
|00100000101001110001000011001011000> :  0.1456549E-04  0.1000000E-03           1
|00100000101001110001000011101011000> :  0.2000373E-04  0.1000000E-03           1
|00100010100101100110000001000010000> :  0.2207493E-05  0.1000000E-03           1
|00100001100000100111000011000011000> :  0.5782505E-05  0.1000000E-03           1
|00100000100001110011010011000010000> :  0.7224179E-04  0.1000000E-03           1
|00100001100000101110000101100011000> :  0.1447722E-05  0.1000000E-03           1
|00100001100001100110000011100011000> :  0.3664950E-04  0.1000000E-03           1
|00100001100001110110000001100011000> :  0.8761743E-06  0.1000000E-03           1
|00100001100001110110000011100011000> :  0.3167565E-04  0.1000000E-03           1
|00100001100101000111101001100011000> :  0.2619020E-10  0.1000000E-03           1
|00101011100101110100000011010000000> :  0.2115442E-04  0.1000000E-03           1
|00110010000000100001010011001111000> :  0.6259648E-08  0.1000000E-03           1
|00100010000100101000010001011111000> :  0.6416476E-09  0.1000000E-03           1
|01010010100000101101110000000011000> :  0.7051720E-09  0.1000000E-03           1
|00100010100001100110000011000011000> :  0.2607874E-04  0.1000000E-03           1
|00000010100100100100010101001111000> :  0.1529090E-09  0.1000000E-03           1
|00100010100101110011000001001011000> :  0.7404929E-07  0.1000000E-03           1
|00100010101001100001000011001011000> :  0.1204234E-04  0.1000000E-03           1
|00100011100001100110000001000010001> :  0.8087032E-05  0.1000000E-03           1
|00100011100001100100010011000010001> :  0.2499159E-04  0.1000000E-03           1
|01100011000000101101000111100011000> :  0.4169699E-06  0.1000000E-03           1
|01110011001001000100000011100111000> :  0.6048719E-10  0.1000000E-03           1
|00110011101000100010001101001010000> :  0.1147395E-08  0.1000000E-03           1
|00100011100001101110000011000011000> :  0.2327080E-04  0.1000000E-03           1
|00100011101001100001000011001011000> :  0.5712127E-06  0.1000000E-03           1
|00100100100000110011000001001011000> :  0.6051838E-06  0.1000000E-03           1
|00100100100000110011000011001011000> :  0.7807021E-05  0.1000000E-03           1
|00100100101001110001000011001011000> :  0.2053817E-04  0.1000000E-03           1
|00100101000001110111000011011011000> :  0.5421857E-08  0.1000000E-03           1
|00000110001001100000001000001111000> :  0.1611194E-09  0.1000000E-03           1
|00110000000001001011001011100001001> :  0.3993686E-09  0.1000000E-03           1
|10001000000010100100010000100101001> :  0.1879020E-09  0.1000000E-03           1
|00110000010000100100011010101001001> :  0.3916490E-09  0.1000000E-03           1
|01100000100000101011000011000001001> :  0.8434962E-08  0.1000000E-03           1
|01100000100001101010000011100001001> :  0.4787843E-04  0.1000000E-03           1
|00010000100001111010010101000001001> :  0.1473185E-08  0.1000000E-03           1
|00100000100001111110000011100001001> :  0.1580606E-04  0.1000000E-03           1
|01100000101001100010000011100001001> :  0.3262218E-05  0.1000000E-03           1
|01100000110000100101000111000001001> :  0.3022511E-06  0.1000000E-03           1
|00100000110001100101010000011101001> :  0.4248471E-10  0.1000000E-03           1
|00010000111011001100000011100001001> :  0.1701583E-09  0.1000000E-03           1
|01100001000000101100000111000001001> :  0.1315534E-04  0.1000000E-03           1
|00000000100100110001010011000001011> :  0.4626755E-09  0.1000000E-03           1
|00100001000001101010000011101001001> :  0.2313500E-05  0.1000000E-03           1
|00100001000001101110000011100001001> :  0.1366464E-04  0.1000000E-03           1
|00100011100001100010000111000010001> :  0.2257435E-04  0.1000000E-03           1
|00100011100101110110000011000010000> :  0.2486002E-04  0.1000000E-03           1
|11000001101001000110000011000001001> :  0.8942525E-10  0.1000000E-03           1
|00100010100101100100000001010010000> :  0.9286376E-06  0.1000000E-03           1
|01100010100001101010000011100001001> :  0.3966951E-05  0.1000000E-03           1
|00100010100010100001001101111001001> :  0.1908538E-09  0.1000000E-03           1
|01100011000000100100000111100001001> :  0.8722703E-05  0.1000000E-03           1
|01110011000000101010000111100001001> :  0.1285278E-04  0.1000000E-03           1
|01101011000000101100000111100001001> :  0.3569359E-05  0.1000000E-03           1
|00100011100001100010000011010010001> :  0.1631759E-04  0.1000000E-03           1
|00100011000001101110000011100001001> :  0.2672502E-04  0.1000000E-03           1
|01100011001000101100000111100001001> :  0.5010639E-05  0.1000000E-03           1
|01100011100000100110000011100001001> :  0.4347279E-05  0.1000000E-03           1
|00110001100100100010001001100011010> :  0.1982490E-10  0.1000000E-03           1
|01100011100001101100000011000001001> :  0.3681138E-05  0.1000000E-03           1
|00100011100001101110000011000001001> :  0.4094782E-05  0.1000000E-03           1
|01100011100100101010000011000001001> :  0.2581406E-05  0.1000000E-03           1
|00110100110000110001100000101001001> :  0.1091252E-08  0.1000000E-03           1
|01100101100110100000000001000001001> :  0.3896700E-09  0.1000000E-03           1
|00010000100000110011000001001011010> :  0.1805531E-07  0.1000000E-03           1
|00100000100001111010000001101011001> :  0.5766880E-08  0.1000000E-03           1
|00100011100001100010000001000010001> :  0.1646112E-04  0.1000000E-03           1
|00100011100001101010000011100011001> :  0.3672723E-05  0.1000000E-03           1
|00100001100001100010000011100011001> :  0.7978635E-05  0.1000000E-03           1
|00100001100001101010000001100011001> :  0.3694419E-05  0.1000000E-03           1
|00100001100001101010000011000011001> :  0.1043637E-04  0.1000000E-03           1
|01100001100001101010000011100011001> :  0.5171574E-05  0.1000000E-03           1
|00100011100000110011010010000010001> :  0.8674441E-06  0.1000000E-03           1
|01100001111100100011000011000011001> :  0.2101175E-07  0.1000000E-03           1
|01000010000000101001000111001011001> :  0.8464715E-06  0.1000000E-03           1
|00100010000000101110000111100011001> :  0.3156227E-05  0.1000000E-03           1
|00100011100101110010000011100010000> :  0.4645582E-05  0.1000000E-03           1
|00100010100000101110000111000011001> :  0.9954479E-06  0.1000000E-03           1
|00100010100001100001000011001011001> :  0.3119565E-05  0.1000000E-03           1
|00100000100001110011000011100010000> :  0.1168146E-04  0.1000000E-03           1
|00000011100000110011000111000010001> :  0.1134263E-04  0.1000000E-03           1
|00100011000000101000000111100011001> :  0.5966578E-05  0.1000000E-03           1
|00100011100000101100000111000011001> :  0.3056009E-04  0.1000000E-03           1
|01100011100000101100000101000011001> :  0.3975748E-05  0.1000000E-03           1
|00000011000000101001000111001011001> :  0.2473437E-04  0.1000000E-03           1
|00100011000000101011000011000011001> :  0.3529689E-05  0.1000000E-03           1
|00000011100000110011000011000010001> :  0.1643429E-04  0.1000000E-03           1
|00010011000000101100000111000011001> :  0.2383434E-04  0.1000000E-03           1
|00110011000000101100000111000011001> :  0.3264839E-05  0.1000000E-03           1
|01100011000000101100000111000011001> :  0.4034064E-04  0.1000000E-03           1
|00100011100000100010000011000011001> :  0.3180899E-04  0.1000000E-03           1
|00101011100101100100000011010010000> :  0.5744657E-04  0.1000000E-03           1
|00100010100001110101010011000010000> :  0.1721315E-04  0.1000000E-03           1
|00100011100000100001000101001011001> :  0.7031766E-06  0.1000000E-03           1
|01000011100000100000000111000111001> :  0.5989369E-08  0.1000000E-03           1
|00100011000001100110000011000011001> :  0.3604283E-06  0.1000000E-03           1
|00000011000000101110000111000011001> :  0.2695569E-04  0.1000000E-03           1
|01100011000000101100000111100011001> :  0.3893036E-04  0.1000000E-03           1
|00100011000000101100000111000111001> :  0.5673480E-04  0.1000000E-03           1
|01100011100000101000000011000011001> :  0.8709374E-05  0.1000000E-03           1
|00100011100000101010000011000011001> :  0.3010162E-04  0.1000000E-03           1
|00110011100000101100000101000011001> :  0.1198355E-04  0.1000000E-03           1
|10100011000000101100000111000011001> :  0.1518943E-04  0.1000000E-03           1
|00100011100000101110000001000010001> :  0.2463633E-04  0.1000000E-03           1
|00100011100000101110000011000011001> :  0.7256737E-04  0.1000000E-03           1
|00100011100001100010000011001011001> :  0.7064882E-05  0.1000000E-03           1
|00100011100101100100000001010010000> :  0.2062058E-04  0.1000000E-03           1
|10100001101000100100000001000001010> :  0.1920788E-09  0.1000000E-03           1
|01001011001000101100001111000001010> :  0.2247453E-09  0.1000000E-03           1
|01100011110000000100001011000001010> :  0.7466801E-09  0.1000000E-03           1
|00000001110010010001010010001110000> :  0.7583792E-10  0.1000000E-03           1
|10100000010101100001100011001110000> :  0.1533170E-08  0.1000000E-03           1
|00100010001001000001100111001011010> :  0.1213311E-08  0.1000000E-03           1
|01010011000000000001000011000111010> :  0.1316622E-08  0.1000000E-03           1
|00100011100000101101100011000011010> :  0.1110714E-08  0.1000000E-03           1
|00000011110010111000000001001011010> :  0.5359683E-10  0.1000000E-03           1
|00110011100001110011001011000000000> :  0.2016137E-05  0.1000000E-03           1
|01100011110000000010000011000001011> :  0.7076495E-08  0.1000000E-03           1
|10000000000001100100110010001011011> :  0.2057961E-09  0.1000000E-03           1
|00100011100000100110000011000111011> :  0.2169598E-06  0.1000000E-03           1
|10110000000101111100000011100001100> :  0.4818830E-09  0.1000000E-03           1
|00001010000001110000010011100001100> :  0.5928099E-10  0.1000000E-03           1
|00101010001110110010010011000000000> :  0.5297522E-10  0.1000000E-03           1
|00100101001000100011100011000001100> :  0.5654353E-09  0.1000000E-03           1
|00100101100001110010010011100001100> :  0.1064417E-08  0.1000000E-03           1
|10001111000000011100000111000001100> :  0.2096382E-09  0.1000000E-03           1
|00100010100100111000100011010011100> :  0.1828899E-10  0.1000000E-03           1
|00000011000101100001110011000011100> :  0.7613327E-10  0.1000000E-03           1
|00100101000000110100001011000011100> :  0.1897968E-09  0.1000000E-03           1
|10101000000000101110001001000001101> :  0.1475566E-09  0.1000000E-03           1
|00100000101101110011000011101000000> :  0.9447654E-06  0.1000000E-03           1
|01101001000000101100000111000001101> :  0.1062585E-04  0.1000000E-03           1
|00001010000100001000000101000001101> :  0.3017054E-09  0.1000000E-03           1
|01010011000000101000000111000001101> :  0.1984798E-04  0.1000000E-03           1
|01010011000000101001000111000001101> :  0.1022589E-04  0.1000000E-03           1
|00001011000001100100011011000001101> :  0.2545757E-09  0.1000000E-03           1
|01000001101010110000000011000011101> :  0.1373346E-09  0.1000000E-03           1
|00000011000000101001000110001011101> :  0.8590901E-07  0.1000000E-03           1
|00110000100011100010010001011000000> :  0.1856145E-08  0.1000000E-03           1
|00100100000000111111000001100011101> :  0.1667952E-09  0.1000000E-03           1
|00000000100101010111000001000001110> :  0.7731147E-10  0.1000000E-03           1
|00100100000000100110000011000011111> :  0.1946512E-09  0.1000000E-03           1
|00100000100001110110010011000000000> :  0.3041127E-04  0.1000000E-03           1
