# state, exact probability, frequency, count:
#------------------------------------------------------------------
|1100000010000000001010110> :  0.3186890E+00  0.3248000E+00        3248
|1100000010000000000010111> :  0.2050523E+00  0.2007000E+00        2007
|1100000010010000001010010> :  0.1963856E+00  0.1961000E+00        1961
|1100000010010000000010011> :  0.1507012E+00  0.1461000E+00        1461
|1100000000000010001010110> :  0.5031071E-01  0.4880000E-01         488
|0001000011010000000010011> :  0.3621185E-01  0.3880000E-01         388
|0001000011010000000100011> :  0.2723886E-01  0.2790000E-01         279
|0001000010000000000010111> :  0.3046562E-03  0.6000000E-03           6
|1100000010000000001010111> :  0.2705202E-03  0.5000000E-03           5
|1100000010010000001010011> :  0.2161613E-03  0.4000000E-03           4
|0001000011000000000100011> :  0.2848419E-03  0.4000000E-03           4
|0001001111000000000100001> :  0.2672353E-03  0.4000000E-03           4
|0001000011010000100110011> :  0.1518334E-03  0.3000000E-03           3
|1100000010000000001000110> :  0.1808780E-03  0.3000000E-03           3
|0001000010000000001100110> :  0.1994099E-03  0.2000000E-03           2
|1100000010000000001010010> :  0.1142613E-03  0.2000000E-03           2
|0100000010010000001010010> :  0.8198307E-04  0.2000000E-03           2
|0000000001010000010010010> :  0.3952787E-04  0.2000000E-03           2
|1100000010010000001010110> :  0.2168245E-03  0.2000000E-03           2
|1100000000011000001000010> :  0.2515070E-04  0.2000000E-03           2
|0000001101000010000100000> :  0.2175539E-04  0.2000000E-03           2
|1000000010000000000010111> :  0.4796064E-04  0.2000000E-03           2
|0001000010010000001100010> :  0.1894315E-03  0.2000000E-03           2
|1100000010010000000010010> :  0.5329164E-04  0.2000000E-03           2
|0000000011000000000011010> :  0.6011258E-04  0.2000000E-03           2
|0001000011010000000010010> :  0.4335097E-04  0.2000000E-03           2
|1000000000011100001000010> :  0.1213780E-03  0.2000000E-03           2
|0001000011010000000110011> :  0.9960462E-04  0.2000000E-03           2
|1100000011010000100000011> :  0.9970096E-05  0.2000000E-03           2
|1100000000011100001000010> :  0.2104000E-03  0.2000000E-03           2
|0000000011010000000100011> :  0.2666846E-04  0.2000000E-03           2
|1000000000000010001010110> :  0.6060295E-05  0.2000000E-03           2
|1000010000000010001000110> :  0.1501008E-03  0.2000000E-03           2
|0001000011010000000100010> :  0.2553628E-04  0.1000000E-03           1
|1000000000000010001000110> :  0.5285520E-05  0.1000000E-03           1
|0000010111010000100010001> :  0.2743596E-05  0.1000000E-03           1
|0101100010010001000010011> :  0.1532549E-05  0.1000000E-03           1
|0101000011010000100010010> :  0.3154300E-05  0.1000000E-03           1
|0000010010010000100010111> :  0.5461038E-06  0.1000000E-03           1
|0000000010010000001010010> :  0.1360443E-04  0.1000000E-03           1
|0001000011000000000010011> :  0.5884587E-04  0.1000000E-03           1
|0001000010010000111010011> :  0.3650427E-05  0.1000000E-03           1
|0000010010000000001000110> :  0.6783580E-05  0.1000000E-03           1
|0001000010010000110100011> :  0.1611684E-05  0.1000000E-03           1
|0100000010110001001010100> :  0.1358526E-05  0.1000000E-03           1
|0001000010010000100101011> :  0.5516193E-06  0.1000000E-03           1
|0000001111000000000100001> :  0.7982198E-04  0.1000000E-03           1
|0000000000010000011010010> :  0.2432001E-04  0.1000000E-03           1
|0100000011010000100011011> :  0.1850802E-04  0.1000000E-03           1
|0100100001010010001010001> :  0.2314447E-09  0.1000000E-03           1
|0101000000111000000110010> :  0.1387906E-06  0.1000000E-03           1
|0101000001000000100101001> :  0.6636196E-08  0.1000000E-03           1
|0101000001000010100100010> :  0.1830784E-06  0.1000000E-03           1
|0101000011000000101010110> :  0.1770208E-05  0.1000000E-03           1
|1100000010010000100011011> :  0.7995476E-04  0.1000000E-03           1
|0101010000010000100000001> :  0.2715424E-06  0.1000000E-03           1
|1100000011000000100010110> :  0.1201580E-04  0.1000000E-03           1
|0111000000001110011000000> :  0.2662672E-09  0.1000000E-03           1
|1100000011110000000010111> :  0.1849326E-05  0.1000000E-03           1
|1100000110100001000000100> :  0.1080113E-06  0.1000000E-03           1
|1000000000001000001000110> :  0.2823026E-04  0.1000000E-03           1
|1000000000010000001010010> :  0.1302367E-04  0.1000000E-03           1
|0100000010000000001010010> :  0.2350306E-05  0.1000000E-03           1
|1100000000011000100011011> :  0.1817626E-04  0.1000000E-03           1
|0100000010000000000011001> :  0.1875768E-04  0.1000000E-03           1
|0100000010000000000010111> :  0.4871950E-04  0.1000000E-03           1
|1100000000001100001000010> :  0.1825997E-04  0.1000000E-03           1
|1100000000001100001000000> :  0.5866246E-05  0.1000000E-03           1
|0100000000111001000000110> :  0.5149533E-06  0.1000000E-03           1
|0010100111000001000000101> :  0.8320122E-06  0.1000000E-03           1
|1100000000000100110100001> :  0.2818877E-07  0.1000000E-03           1
|0010000010000001111010010> :  0.2637958E-06  0.1000000E-03           1
|0010000001101001000100000> :  0.2979489E-06  0.1000000E-03           1
|1010000110000000101010010> :  0.6536355E-05  0.1000000E-03           1
|0001110011000001001000011> :  0.3052554E-09  0.1000000E-03           1
|0001000001010000000100011> :  0.8438131E-04  0.1000000E-03           1
|0000000001000000010011010> :  0.3836880E-04  0.1000000E-03           1
|1010000100000010100010011> :  0.7961963E-05  0.1000000E-03           1
|1010000000101001000100000> :  0.1792826E-07  0.1000000E-03           1
|1010100000000010110001000> :  0.4566694E-08  0.1000000E-03           1
|1100000000000010000010110> :  0.6926045E-04  0.1000000E-03           1
|1100000000000010001010100> :  0.1099044E-03  0.1000000E-03           1
|0001010000000000100110101> :  0.8927954E-07  0.1000000E-03           1
|1001100010000000100010011> :  0.3372122E-08  0.1000000E-03           1
|1100000000000110001000010> :  0.5942850E-04  0.1000000E-03           1
|1100000000001000001000110> :  0.3691966E-04  0.1000000E-03           1
|1001010000000000100100001> :  0.1235440E-06  0.1000000E-03           1
|0001001111010001000110001> :  0.1156061E-06  0.1000000E-03           1
|1100000000010000000010011> :  0.9171094E-04  0.1000000E-03           1
|0001000000000000001100110> :  0.6964359E-05  0.1000000E-03           1
|1001001010000000110010100> :  0.1354697E-07  0.1000000E-03           1
|1100000000011100001000000> :  0.3394510E-04  0.1000000E-03           1
|1001000000110100110000000> :  0.1883835E-07  0.1000000E-03           1
|1100000010000000000010011> :  0.2295813E-04  0.1000000E-03           1
|1001000000000000110101000> :  0.6546462E-06  0.1000000E-03           1
|1000100011011000100000001> :  0.2265391E-07  0.1000000E-03           1
|0001001010000000000000101> :  0.5275816E-05  0.1000000E-03           1
|0000110010010001001010100> :  0.8801731E-06  0.1000000E-03           1
|1000011010000000000000100> :  0.2458633E-04  0.1000000E-03           1
|1100000010000000100011111> :  0.1709961E-04  0.1000000E-03           1
|1100000010000000110010111> :  0.6769923E-04  0.1000000E-03           1
|1100000010010000000010001> :  0.1209618E-03  0.1000000E-03           1
|1000010010000000001000110> :  0.3671991E-04  0.1000000E-03           1
|0001000011010000110010011> :  0.2398258E-04  0.1000000E-03           1
|1100000010010000001000010> :  0.2770623E-03  0.1000000E-03           1
|1100000010010000001010000> :  0.2312687E-04  0.1000000E-03           1
|1000000110000000001010000> :  0.2941732E-04  0.1000000E-03           1
|0000101000000000101001011> :  0.1856501E-07  0.1000000E-03           1
|1000000110000000000010001> :  0.2690745E-04  0.1000000E-03           1
|1100000010010000100011010> :  0.2768874E-04  0.1000000E-03           1
|1110000010000010100010010> :  0.1259724E-04  0.1000000E-03           1
|1100000010010000101110010> :  0.6028016E-04  0.1000000E-03           1
|1100000010010000111010010> :  0.6388080E-04  0.1000000E-03           1
|1100000010110000001110011> :  0.1451870E-05  0.1000000E-03           1
|1000000011000001000111111> :  0.3050210E-07  0.1000000E-03           1
|1110000000000010101010110> :  0.1429331E-04  0.1000000E-03           1
|1100000011010000100010010> :  0.2641071E-04  0.1000000E-03           1
|1100000011010001000110011> :  0.3981292E-06  0.1000000E-03           1
|1101000010011000100000011> :  0.1745098E-04  0.1000000E-03           1
|1100000101000010101000001> :  0.4738816E-06  0.1000000E-03           1
|1101000000010000100010111> :  0.6545125E-06  0.1000000E-03           1
|1100000110101000000010011> :  0.1764175E-06  0.1000000E-03           1
|1100001010000000101010110> :  0.4092693E-04  0.1000000E-03           1
|1100010010000000100010111> :  0.6233848E-04  0.1000000E-03           1
|1100100000000011001010100> :  0.6729789E-05  0.1000000E-03           1
|1100101010010000001000110> :  0.7784787E-06  0.1000000E-03           1
|0000011000100010000001000> :  0.1229002E-04  0.1000000E-03           1
|0000000011000000000001011> :  0.2152249E-04  0.1000000E-03           1
|0000000000011100011000010> :  0.1020327E-03  0.1000000E-03           1
|1110000010000000100010011> :  0.6214427E-05  0.1000000E-03           1
|0000000000001101010001010> :  0.4866705E-04  0.1000000E-03           1
|1110000010010100001010110> :  0.5902133E-06  0.1000000E-03           1
|1111000011010000101010010> :  0.1758970E-06  0.1000000E-03           1
|0000000000001001010001011> :  0.1967901E-04  0.1000000E-03           1
