# state, exact probability, frequency, count:
#------------------------------------------------------------------
|100000010111111101000110> :  0.3489588E+00  0.3444000E+00        3444
|011111101000000010111001> :  0.3489588E+00  0.3429000E+00        3429
|100000110111111111000100> :  0.1193643E-01  0.1240000E-01         124
|011111101000001010111001> :  0.8678968E-02  0.1200000E-01         120
|011111101000100011011001> :  0.1114356E-01  0.1190000E-01         119
|100000010111011100100110> :  0.1114356E-01  0.1160000E-01         116
|011111001000000000111011> :  0.1193643E-01  0.1150000E-01         115
|001110001111100011011000> :  0.8207316E-02  0.9300000E-02          93
|100000010111110101000110> :  0.8678968E-02  0.9100000E-02          91
|011111101000100010111001> :  0.8065904E-02  0.8800000E-02          88
|001010001111110011011000> :  0.7635264E-02  0.8700000E-02          87
|110001110000011100100111> :  0.8207316E-02  0.8300000E-02          83
|110101110000001110100101> :  0.7244704E-02  0.8200000E-02          82
|100000010111011101000110> :  0.8065904E-02  0.8000000E-02          80
|110101110000001100100111> :  0.7635264E-02  0.7900000E-02          79
|001010011111110001010010> :  0.6531523E-02  0.7700000E-02          77
|110101100000001110101101> :  0.6531523E-02  0.6600000E-02          66
|001110001111100001011010> :  0.6485362E-02  0.6500000E-02          65
|001010001111110001011010> :  0.7244704E-02  0.6400000E-02          64
|110001110100011100100110> :  0.6167035E-02  0.6100000E-02          61
|110001110000011110100101> :  0.6485362E-02  0.5900000E-02          59
|001110001011100011011001> :  0.6167035E-02  0.5800000E-02          58
|110000110110111101000110> :  0.3774441E-02  0.4500000E-02          45
|001010011111110011010000> :  0.3906092E-02  0.4100000E-02          41
|100000110111111101000110> :  0.4004464E-02  0.4000000E-02          40
|001110001111000011111000> :  0.3177755E-02  0.3400000E-02          34
|001010011111110001000110> :  0.3292879E-02  0.3300000E-02          33
|001111001001000010111001> :  0.3774441E-02  0.3300000E-02          33
|110001110000111100000111> :  0.3177755E-02  0.3100000E-02          31
|110101100000001100101111> :  0.3906092E-02  0.3100000E-02          31
|011111001000000010111001> :  0.4004464E-02  0.3100000E-02          31
|110101100000001110111001> :  0.3292879E-02  0.3000000E-02          30
|101000010111111111000100> :  0.2474770E-02  0.2900000E-02          29
|010111101000000000111011> :  0.2474770E-02  0.2800000E-02          28
|001110001011000011111001> :  0.3223678E-02  0.2700000E-02          27
|110101110100001100100110> :  0.2397358E-02  0.2700000E-02          27
|000010011111110101010010> :  0.1961066E-02  0.2500000E-02          25
|110001110100111100000110> :  0.3223678E-02  0.2400000E-02          24
|100001110010011110100101> :  0.2214674E-02  0.2400000E-02          24
|001010001011110011011001> :  0.2397358E-02  0.2300000E-02          23
|111101100000001010111001> :  0.1419922E-02  0.2100000E-02          21
|001110001111000001111010> :  0.2079806E-02  0.2100000E-02          21
|100000010111111111000110> :  0.1785565E-02  0.2100000E-02          21
|110001110000111110000101> :  0.2079806E-02  0.2000000E-02          20
|011110001101100001011010> :  0.2214674E-02  0.1900000E-02          19
|100001110011111110000100> :  0.1396320E-02  0.1900000E-02          19
|001111001001100011011001> :  0.1803288E-02  0.1900000E-02          19
|100000010111011101010010> :  0.1195977E-02  0.1900000E-02          19
|111101100000001010101101> :  0.1961066E-02  0.1800000E-02          18
|000010011111110101000110> :  0.1419922E-02  0.1700000E-02          17
|010010101110110101011011> :  0.1466623E-02  0.1600000E-02          16
|001110101010100011011001> :  0.1191541E-02  0.1600000E-02          16
|110000010111111101000110> :  0.8132105E-03  0.1600000E-02          16
|001010011111110011000100> :  0.1387409E-02  0.1500000E-02          15
|100001110011011110100100> :  0.1875600E-02  0.1500000E-02          15
|011111101000000000111001> :  0.1785565E-02  0.1500000E-02          15
|100001010011111110000110> :  0.1044588E-02  0.1500000E-02          15
|011110001101000001111010> :  0.1236103E-02  0.1500000E-02          15
|110101100000001100111011> :  0.1387409E-02  0.1400000E-02          14
|110001010101111100000110> :  0.1203926E-02  0.1400000E-02          14
|011110001100100001011011> :  0.1875600E-02  0.1300000E-02          13
|011110001100000001111011> :  0.1396320E-02  0.1300000E-02          13
|001110101010000011111001> :  0.1203926E-02  0.1200000E-02          12
|011110101100100001011001> :  0.9415162E-03  0.1200000E-02          12
|011110101100000001111001> :  0.1044588E-02  0.1200000E-02          12
|101101010001001010100100> :  0.1466623E-02  0.1200000E-02          12
|001111101000000010111001> :  0.8132105E-03  0.1100000E-02          11
|101010010111110001000110> :  0.5748254E-03  0.1100000E-02          11
|100001110010111110000101> :  0.1236103E-02  0.1100000E-02          11
|011111001000100001011011> :  0.8968431E-03  0.1000000E-02          10
|001111001001000011111001> :  0.5730771E-03  0.1000000E-02          10
|000010101010110111011001> :  0.3311978E-03  0.1000000E-02          10
|011111101000100010101101> :  0.1195977E-02  0.1000000E-02          10
|010110101100100001011011> :  0.6917566E-03  0.9000000E-03           9
|110000110110111100000110> :  0.5730771E-03  0.9000000E-03           9
|110000110110011100100110> :  0.1803288E-02  0.9000000E-03           9
|011111101000000011111001> :  0.4858760E-03  0.9000000E-03           9
|000010001111110101011010> :  0.1006232E-02  0.9000000E-03           9
|010110101100000001111011> :  0.6427740E-03  0.9000000E-03           9
|110000010111011100100110> :  0.2302516E-03  0.8000000E-03           8
|100000110111011110100100> :  0.8968431E-03  0.7000000E-03           7
|011111101000110010000101> :  0.7731809E-03  0.7000000E-03           7
|100000010111001101111010> :  0.7731809E-03  0.7000000E-03           7
|110001010101011100100110> :  0.1191541E-02  0.6000000E-03           6
|101001010011111110000100> :  0.6427740E-03  0.6000000E-03           6
|011110101000000011111001> :  0.2739469E-03  0.6000000E-03           6
|100001010011011110100110> :  0.9415162E-03  0.6000000E-03           6
|100000010111011110100110> :  0.1944948E-03  0.6000000E-03           6
|010101101000001110111001> :  0.5748254E-03  0.6000000E-03           6
|110000010101111101000110> :  0.1084814E-03  0.5000000E-03           5
|100001010111111100000110> :  0.2739469E-03  0.5000000E-03           5
|010111101000000010111001> :  0.2376961E-03  0.5000000E-03           5
|111101010101001000100110> :  0.3311978E-03  0.5000000E-03           5
|100000010111011101110010> :  0.2191789E-03  0.5000000E-03           5
|111101110000001010100101> :  0.1006232E-02  0.5000000E-03           5
|011111101000100010100101> :  0.2222274E-03  0.4000000E-03           4
|101001010011011110100100> :  0.6917566E-03  0.4000000E-03           4
|011111001000000001111011> :  0.3742554E-03  0.4000000E-03           4
|011111101000000010111101> :  0.7204387E-03  0.4000000E-03           4
|100000010111111101000010> :  0.7204387E-03  0.4000000E-03           4
|100000010111111100000110> :  0.4858760E-03  0.4000000E-03           4
|011111101000100010001101> :  0.2191789E-03  0.3000000E-03           3
|001111101000100011011001> :  0.2302516E-03  0.3000000E-03           3
|011111001100000000111011> :  0.1332613E-03  0.3000000E-03           3
|011111001101000000111010> :  0.1489174E-03  0.3000000E-03           3
|100000110111011100100110> :  0.3313154E-03  0.3000000E-03           3
|011111101000101010011001> :  0.1255162E-04  0.2000000E-03           2
|101000010111111101000110> :  0.2376961E-03  0.2000000E-03           2
|011111001000000000111111> :  0.3516323E-04  0.2000000E-03           2
|011111001000100011011001> :  0.3313154E-03  0.2000000E-03           2
|011111001000100010101101> :  0.3348600E-04  0.2000000E-03           2
|000010011111111101010110> :  0.2709103E-04  0.2000000E-03           2
|100001010111011100100110> :  0.2611946E-03  0.2000000E-03           2
|100000110111111110000100> :  0.3742554E-03  0.2000000E-03           2
|100000110111011101010010> :  0.3348600E-04  0.2000000E-03           2
|010111101000100001011011> :  0.3554689E-03  0.2000000E-03           2
|100000110010111111000101> :  0.1489174E-03  0.2000000E-03           2
|010111101000000001111011> :  0.2019449E-03  0.2000000E-03           2
|100000010111011101011010> :  0.2222274E-03  0.2000000E-03           2
|100000010111011100110110> :  0.2394078E-04  0.2000000E-03           2
|100000010111000101010010> :  0.5488602E-06  0.1000000E-03           1
|010101100000101110111101> :  0.6419357E-06  0.1000000E-03           1
|100000010110111101000110> :  0.1158626E-04  0.1000000E-03           1
|100000010101101101000110> :  0.5340968E-06  0.1000000E-03           1
|001010101010110011011001> :  0.4614758E-04  0.1000000E-03           1
|111111100000000010101001> :  0.1596389E-04  0.1000000E-03           1
|100000000111111101000110> :  0.1079763E-04  0.1000000E-03           1
|011111111000100011101101> :  0.5430814E-06  0.1000000E-03           1
|010010101010110111000101> :  0.9571862E-07  0.1000000E-03           1
|011111110000000010111100> :  0.2425223E-05  0.1000000E-03           1
|111000000010011111000001> :  0.1548443E-08  0.1000000E-03           1
|011111101100110010101101> :  0.4325299E-06  0.1000000E-03           1
|010001111000010110100101> :  0.6109813E-06  0.1000000E-03           1
|000110101010000011111001> :  0.2634744E-05  0.1000000E-03           1
|110110110101001101100110> :  0.1349274E-07  0.1000000E-03           1
|010001101000000100111011> :  0.1996816E-07  0.1000000E-03           1
|110101101000001100101101> :  0.1867077E-07  0.1000000E-03           1
|011111101000100011001001> :  0.2394078E-04  0.1000000E-03           1
|010000111110110101111010> :  0.1421771E-08  0.1000000E-03           1
|110100100100001110101100> :  0.3833299E-06  0.1000000E-03           1
|110100010101001101111010> :  0.2296031E-04  0.1000000E-03           1
|010000101000100111011011> :  0.1155314E-07  0.1000000E-03           1
|110001110011111100000101> :  0.5813740E-06  0.1000000E-03           1
|000101001101001110111000> :  0.3050349E-07  0.1000000E-03           1
|000010011111011101110110> :  0.8692906E-05  0.1000000E-03           1
|011111101000100001011001> :  0.1944948E-03  0.1000000E-03           1
|011111101000001110101001> :  0.3469168E-06  0.1000000E-03           1
|001111101000000011111001> :  0.1098656E-03  0.1000000E-03           1
|110001100000001110111001> :  0.5578568E-05  0.1000000E-03           1
|110001010111011110100100> :  0.3092015E-06  0.1000000E-03           1
|110000110110111101000111> :  0.5401581E-04  0.1000000E-03           1
|001111011001100010100100> :  0.2250434E-04  0.1000000E-03           1
|110000110100111101000110> :  0.2036750E-03  0.1000000E-03           1
|011111011101000000110110> :  0.1856025E-04  0.1000000E-03           1
|001111001101001010101110> :  0.3136834E-07  0.1000000E-03           1
|001010011111011001110110> :  0.1287450E-05  0.1000000E-03           1
|000010110110110101000011> :  0.4272327E-07  0.1000000E-03           1
|011111010101001000111010> :  0.2236697E-04  0.1000000E-03           1
|110000010111011101010010> :  0.1505521E-04  0.1000000E-03           1
|001111001011000010111001> :  0.2036750E-03  0.1000000E-03           1
|110000010111001101111010> :  0.2678340E-05  0.1000000E-03           1
|110000010011111111000111> :  0.2897419E-05  0.1000000E-03           1
|110000010010011111000110> :  0.3066073E-06  0.1000000E-03           1
|001111001001110010000101> :  0.1712505E-04  0.1000000E-03           1
|101110011101110001100110> :  0.9080973E-09  0.1000000E-03           1
|101110010101101001000110> :  0.2364288E-06  0.1000000E-03           1
|011111001000100000111011> :  0.3409092E-04  0.1000000E-03           1
|101010010111110011000100> :  0.1646257E-03  0.1000000E-03           1
|011111001000000010111101> :  0.1184534E-04  0.1000000E-03           1
|000010101100110111011011> :  0.1044799E-06  0.1000000E-03           1
|000010011111000000111110> :  0.2216100E-07  0.1000000E-03           1
|000000101110000100110111> :  0.1578163E-07  0.1000000E-03           1
|101000100010111011001011> :  0.2987604E-08  0.1000000E-03           1
|101000011111010101010010> :  0.3376778E-07  0.1000000E-03           1
|101000010111111111010000> :  0.7832175E-07  0.1000000E-03           1
|101000010111111110000100> :  0.2019449E-03  0.1000000E-03           1
|001111001000000110111011> :  0.1262980E-05  0.1000000E-03           1
|001010001111110001011000> :  0.3649628E-05  0.1000000E-03           1
|101000010111111010000100> :  0.1379438E-05  0.1000000E-03           1
|011111001000000000101011> :  0.4940844E-06  0.1000000E-03           1
|101000010111111001000110> :  0.4641930E-04  0.1000000E-03           1
|101000010111110101000110> :  0.9507589E-05  0.1000000E-03           1
|001111000001101000101111> :  0.8605461E-08  0.1000000E-03           1
|101000010111111111000000> :  0.1648395E-04  0.1000000E-03           1
|101000010111011111000100> :  0.3056906E-04  0.1000000E-03           1
|101000010111011110100100> :  0.3554689E-03  0.1000000E-03           1
|011110101100000010111000> :  0.1388860E-04  0.1000000E-03           1
|101000010111001000011010> :  0.2944670E-07  0.1000000E-03           1
|101000010011111111000100> :  0.5689842E-04  0.1000000E-03           1
|001010001111001000111001> :  0.3475639E-07  0.1000000E-03           1
|100110010111111001000110> :  0.1365836E-04  0.1000000E-03           1
|100101010101111101000110> :  0.1393280E-04  0.1000000E-03           1
|101100010011101010110101> :  0.1793131E-08  0.1000000E-03           1
|101100100010111010100101> :  0.7208997E-08  0.1000000E-03           1
|011110101000100011011001> :  0.2611946E-03  0.1000000E-03           1
|100101001011110110000101> :  0.6556866E-08  0.1000000E-03           1
|100100010111101101100110> :  0.1296515E-04  0.1000000E-03           1
|101111110101001011101000> :  0.2121789E-08  0.1000000E-03           1
|100100010111001101111010> :  0.5007452E-05  0.1000000E-03           1
|100100001101110101000010> :  0.1185142E-07  0.1000000E-03           1
|011110011100100000000111> :  0.3258121E-07  0.1000000E-03           1
|100100001011100111101011> :  0.1169686E-07  0.1000000E-03           1
|100010010111110101000110> :  0.1421028E-03  0.1000000E-03           1
|011110010101001001111010> :  0.3201005E-04  0.1000000E-03           1
|110000010111111100000110> :  0.1098656E-03  0.1000000E-03           1
|001110011001100010110100> :  0.2227291E-07  0.1000000E-03           1
|110000100110111100010110> :  0.5035351E-07  0.1000000E-03           1
|110000110100011100100110> :  0.3157254E-05  0.1000000E-03           1
|100010010111101101000110> :  0.1541697E-05  0.1000000E-03           1
|100010010111010101010110> :  0.8452280E-05  0.1000000E-03           1
|100010010111001101101110> :  0.1182192E-06  0.1000000E-03           1
|001110010111110000010010> :  0.1255806E-07  0.1000000E-03           1
|001110001111110011100000> :  0.6710778E-07  0.1000000E-03           1
|110001010010111110000101> :  0.7736388E-06  0.1000000E-03           1
|001000001111110011011000> :  0.2423253E-06  0.1000000E-03           1
|011011101110100001011001> :  0.1527332E-06  0.1000000E-03           1
|011011001101100011011000> :  0.8672212E-07  0.1000000E-03           1
|011010101010000010111001> :  0.1393280E-04  0.1000000E-03           1
|110001101100110110100100> :  0.5301268E-07  0.1000000E-03           1
|100000110111111100000110> :  0.8744667E-04  0.1000000E-03           1
|100000110111011111010000> :  0.5696221E-04  0.1000000E-03           1
|011010001111010111011000> :  0.5041965E-07  0.1000000E-03           1
|001110001111100001110010> :  0.2007722E-09  0.1000000E-03           1
|001000001111001100101111> :  0.4271833E-08  0.1000000E-03           1
|010111101000110000000111> :  0.5628819E-05  0.1000000E-03           1
|100000110110001111111000> :  0.3966562E-07  0.1000000E-03           1
|100000110001111111000111> :  0.5020062E-06  0.1000000E-03           1
|110100010101111101000110> :  0.1272789E-05  0.1000000E-03           1
|010111101000001010111001> :  0.9507589E-05  0.1000000E-03           1
|100000011111110101000110> :  0.1024155E-03  0.1000000E-03           1
|100000011111001101000110> :  0.3648826E-06  0.1000000E-03           1
|010111101000000011111001> :  0.5613657E-05  0.1000000E-03           1
|001000000011110011011001> :  0.4680885E-06  0.1000000E-03           1
|100000010111111101111010> :  0.2067895E-05  0.1000000E-03           1
|100000010111111100010010> :  0.1309044E-04  0.1000000E-03           1
|100000010111101101101110> :  0.1603494E-04  0.1000000E-03           1
|010111011000000010111001> :  0.3409432E-06  0.1000000E-03           1
|000111101101001000111011> :  0.4331521E-07  0.1000000E-03           1
|100000010111100101011110> :  0.8302427E-07  0.1000000E-03           1
|111001010001101100001110> :  0.1233282E-07  0.1000000E-03           1
|111001010010001000111011> :  0.1576130E-07  0.1000000E-03           1
|111001010110001100100101> :  0.5206836E-08  0.1000000E-03           1
|111100010101110101001010> :  0.8614891E-08  0.1000000E-03           1
|111101010100001110110100> :  0.1440583E-08  0.1000000E-03           1
|111111111000100010100001> :  0.5070922E-06  0.1000000E-03           1
|111101010101001000110110> :  0.3151651E-05  0.1000000E-03           1
|010101101000001100111011> :  0.1646257E-03  0.1000000E-03           1
|001101001111100010111000> :  0.1990982E-07  0.1000000E-03           1
|111101101000101011101001> :  0.1047362E-05  0.1000000E-03           1
|000111101000100010111010> :  0.5503855E-07  0.1000000E-03           1
|111110010101110001000110> :  0.1595564E-04  0.1000000E-03           1
|111111010101110000000110> :  0.2479902E-04  0.1000000E-03           1
|000001101010001110111001> :  0.1595564E-04  0.1000000E-03           1
|111111100000101011101001> :  0.1155724E-05  0.1000000E-03           1
|000000010111111100110010> :  0.4678545E-05  0.1000000E-03           1
|000000010111010101010110> :  0.1400279E-04  0.1000000E-03           1
