# state, exact probability, frequency, count:
#------------------------------------------------------------------
|0101100101100101000011101011010011> :  0.2547743E+00  0.2521000E+00        2521
|1010011010011010111100010100101100> :  0.2547743E+00  0.2505000E+00        2505
|1010011010011010110110010100101100> :  0.2142971E+00  0.2159000E+00        2159
|0101100101100101001001101011010011> :  0.2142971E+00  0.2158000E+00        2158
|0110001010111000000111011110111100> :  0.5995896E-02  0.6000000E-02          60
|1001110101000111111000100001000011> :  0.5995896E-02  0.5600000E-02          56
|0101110101000111101001100011010011> :  0.3783118E-02  0.4400000E-02          44
|1010001010111000011100011100101100> :  0.3666518E-02  0.4200000E-02          42
|0101110101000111100011100011010011> :  0.3666518E-02  0.4200000E-02          42
|1010001010111000010110011100101100> :  0.3783118E-02  0.3700000E-02          37
|0111100101100101000011001011010001> :  0.2161762E-02  0.3000000E-02          30
|1000011010011010111100110100101110> :  0.2161762E-02  0.2600000E-02          26
|0001100101100101011001101011000011> :  0.1710437E-02  0.1700000E-02          17
|0111100101100101001011001011000001> :  0.1352174E-02  0.1700000E-02          17
|1010011110011010110010000100101100> :  0.1273885E-02  0.1600000E-02          16
|0101100001100101000111111011010011> :  0.1176418E-02  0.1500000E-02          15
|0101100001100101001101111011010011> :  0.1273885E-02  0.1500000E-02          15
|1010011110001010110110000100101100> :  0.1233509E-02  0.1500000E-02          15
|1000011010011010110100110100111110> :  0.1352174E-02  0.1300000E-02          13
|1110011010011010100110010100111100> :  0.1710437E-02  0.1300000E-02          13
|1001100101100101011000101011000011> :  0.9048444E-03  0.1300000E-02          13
|0001100101100101001001101011010011> :  0.4693476E-03  0.1200000E-02          12
|1010011010011010111100000100101100> :  0.3434706E-03  0.9000000E-03           9
|1010011110011010111000000100101100> :  0.1176418E-02  0.9000000E-03           9
|0110011010011010100111010100111100> :  0.9048444E-03  0.8000000E-03           8
|0101100001110101001001111011010011> :  0.1233509E-02  0.8000000E-03           8
|1010111010011010111000010100001100> :  0.3439331E-03  0.8000000E-03           8
|0101100001110101000011111011010011> :  0.7404088E-03  0.7000000E-03           7
|1010011010011010110110000100101100> :  0.4645636E-03  0.6000000E-03           6
|1110011010011010110110010100101100> :  0.4693476E-03  0.5000000E-03           5
|1010011110001010111100000100101100> :  0.7404088E-03  0.5000000E-03           5
|0101100101100101000011111011010011> :  0.3434706E-03  0.5000000E-03           5
|1010011010011010111100110100101100> :  0.3309202E-03  0.5000000E-03           5
|0101100101100101001001101011000011> :  0.1893596E-03  0.4000000E-03           4
|0101100101100101001001111011010011> :  0.4645636E-03  0.4000000E-03           4
|0101100101100101000011101011010001> :  0.3592686E-03  0.4000000E-03           4
|1010011010011010111000010100101100> :  0.3099446E-03  0.4000000E-03           4
|0101000101100101000111101011110011> :  0.3439331E-03  0.3000000E-03           3
|1000011010011010110110110100111100> :  0.6003993E-03  0.3000000E-03           3
|1011110111011010111000000100000110> :  0.6477828E-04  0.3000000E-03           3
|0111100101100101001001001011000011> :  0.6003993E-03  0.3000000E-03           3
|0110001000110001000111011011111001> :  0.4791137E-04  0.3000000E-03           3
|1010011010011010110110110100101100> :  0.1692794E-03  0.2000000E-03           2
|0110101101100101000011001011110001> :  0.3235723E-04  0.2000000E-03           2
|1010011010001010110110010100101100> :  0.6619916E-04  0.2000000E-03           2
|1001110110011011111000100000001110> :  0.9346672E-04  0.2000000E-03           2
|1010011010011010111100010100101110> :  0.3592686E-03  0.2000000E-03           2
|0101100101100101001101101011010011> :  0.2488889E-03  0.2000000E-03           2
|0100101001110001000011111011110001> :  0.3680446E-04  0.2000000E-03           2
|0101100101100101000011101011110011> :  0.7993183E-04  0.2000000E-03           2
|1010011010011010111100010100001100> :  0.7993183E-04  0.2000000E-03           2
|0100001001110001000111111011110001> :  0.7294716E-04  0.2000000E-03           2
|0100001000110000000111111111111001> :  0.5003668E-04  0.2000000E-03           2
|1010011010011010110110010100111100> :  0.1893596E-03  0.1000000E-03           1
|1010011010011010110010010100101100> :  0.2488889E-03  0.1000000E-03           1
|0110101101100100000011001111110001> :  0.2432817E-04  0.1000000E-03           1
|0111100001110101000011011011010001> :  0.5210113E-05  0.1000000E-03           1
|0101000001100101000111111011110011> :  0.1829411E-03  0.1000000E-03           1
|0111101001110001001011011011000001> :  0.1443698E-05  0.1000000E-03           1
|1010001010011010111100010100101100> :  0.2768394E-05  0.1000000E-03           1
|1001110111001111111000100001000010> :  0.1011802E-04  0.1000000E-03           1
|1001110110010011111000100000001111> :  0.1491476E-04  0.1000000E-03           1
|1010111110011010111000000100001110> :  0.1392449E-04  0.1000000E-03           1
|0101000000100101000111111011111011> :  0.8340653E-04  0.1000000E-03           1
|1011110110011011111000000000001110> :  0.9904834E-04  0.1000000E-03           1
|0110001001100100000111011111110001> :  0.9346672E-04  0.1000000E-03           1
|1011110110001111111000000000001110> :  0.6761676E-04  0.1000000E-03           1
|1001110110001110111000100100001110> :  0.7138925E-04  0.1000000E-03           1
|1011110010011010111000010100001110> :  0.5631539E-04  0.1000000E-03           1
|1011010110001111111100000000001110> :  0.2552755E-04  0.1000000E-03           1
|0100001000100101000111111011111001> :  0.6477828E-04  0.1000000E-03           1
|0100101001110000000011111111110001> :  0.2552755E-04  0.1000000E-03           1
|1011010110001110111100000100001110> :  0.3680446E-04  0.1000000E-03           1
|1011010010011010111100010100001110> :  0.3612496E-04  0.1000000E-03           1
|0110001000100101000111011011111001> :  0.5811155E-04  0.1000000E-03           1
|1010010010001110111100010100101110> :  0.1101828E-04  0.1000000E-03           1
|1001110111011011111000100000000110> :  0.5515285E-04  0.1000000E-03           1
|0100101101110001000011101011110001> :  0.2899675E-04  0.1000000E-03           1
|0110001001100101000111011011110001> :  0.1064447E-03  0.1000000E-03           1
|1001110111001110111000100100000110> :  0.4791137E-04  0.1000000E-03           1
|1011110111001110111000000100000110> :  0.4901088E-04  0.1000000E-03           1
|1011010010001111111100010000001110> :  0.1876153E-04  0.1000000E-03           1
|0100001000110000000111111110111101> :  0.9052925E-05  0.1000000E-03           1
|1001010010011010111100110100001110> :  0.3235723E-04  0.1000000E-03           1
|0101100101100101001001001011010011> :  0.1692794E-03  0.1000000E-03           1
|1001010110001110111100100100001110> :  0.3659086E-04  0.1000000E-03           1
|0101101101110001000011101011010001> :  0.1101828E-04  0.1000000E-03           1
|0101100101100101000111101011010011> :  0.3099446E-03  0.1000000E-03           1
|0111101101110001000011001011010001> :  0.1201394E-04  0.1000000E-03           1
|1010011010011011111100010100101100> :  0.1020697E-04  0.1000000E-03           1
|1010011010011010111100011100101100> :  0.2842824E-04  0.1000000E-03           1
|1110011010011010111100010100101100> :  0.1451435E-03  0.1000000E-03           1
|0100101101110000000011101111110001> :  0.1876153E-04  0.1000000E-03           1
|1001110110011010111000100100001110> :  0.1064447E-03  0.1000000E-03           1
|0101100101100101000011001011010011> :  0.3309202E-03  0.1000000E-03           1
|0110101101110000000011001111110001> :  0.2172085E-04  0.1000000E-03           1
|0100001001100100000111111111110001> :  0.9904834E-04  0.1000000E-03           1
|0111000001100101000111011011110001> :  0.2856165E-04  0.1000000E-03           1
|0110011000000100110111011111101000> :  0.5606325E-10  0.1000000E-03           1
