# state, exact probability, frequency, count:
#------------------------------------------------------------------
|01000001101010001000000100100000000> :  0.2908490E+00  0.2949000E+00        2949
|01000001001110001000000100100000000> :  0.8946160E-01  0.8750000E-01         875
|01000001101000101000000100100000000> :  0.8327384E-01  0.7910000E-01         791
|11000001001000001000011000000000000> :  0.3448282E-01  0.3580000E-01         358
|11000001001000001000001000000001000> :  0.3040085E-01  0.3080000E-01         308
|01000001001000001000011100000000000> :  0.2483087E-01  0.2640000E-01         264
|11000001001100001000001000000000000> :  0.2616659E-01  0.2490000E-01         249
|01000001001000001001001000000001000> :  0.2229705E-01  0.2420000E-01         242
|00000110000000001000110001000000010> :  0.2207529E-01  0.2250000E-01         225
|01000001001100001001001000000000000> :  0.2055157E-01  0.2140000E-01         214
|01000001001000001001011000000000000> :  0.2006584E-01  0.2020000E-01         202
|11000001001010001000000000000001000> :  0.2159098E-01  0.2010000E-01         201
|00000110000000001010110001000000000> :  0.2151095E-01  0.1970000E-01         197
|11000001001110001000000000000000000> :  0.2099168E-01  0.1970000E-01         197
|11000001101010001000000000000000000> :  0.1737920E-01  0.1920000E-01         192
|01000001001100001000001100000000000> :  0.1573183E-01  0.1480000E-01         148
|01000001001110001001000000000000000> :  0.1078761E-01  0.1110000E-01         111
|11000001101000001000010000000000000> :  0.9600214E-02  0.1060000E-01         106
|01000001001010001001000000000001000> :  0.9896508E-02  0.1010000E-01         101
|11000001001000101000000000000001000> :  0.1015960E-01  0.1000000E-01         100
|10000101001000001000011000000000000> :  0.9409347E-02  0.8600000E-02          86
|00000110000000000010110001000100000> :  0.8962968E-02  0.8500000E-02          85
|00000110000000001000011001000000010> :  0.7954777E-02  0.8300000E-02          83
|00000101001000001001011000000000000> :  0.8327126E-02  0.7900000E-02          79
|00000110000000001000100001000000011> :  0.5494530E-02  0.6800000E-02          68
|00000110000000001010011001000000000> :  0.8758999E-02  0.6700000E-02          67
|00000110000000000000110001000100010> :  0.6911959E-02  0.6600000E-02          66
|01000001101000001000010100000000000> :  0.6879435E-02  0.6500000E-02          65
|11000001101000101000000000000000000> :  0.5860882E-02  0.6300000E-02          63
|00000100000000001011011001000000000> :  0.6366086E-02  0.5800000E-02          58
|00000101001000001000011100000000000> :  0.4671755E-02  0.5600000E-02          56
|01000001001000101001000000000001000> :  0.6360938E-02  0.5400000E-02          54
|00000110000000001010100001000000001> :  0.5624813E-02  0.5200000E-02          52
|01000001001110001000000100000000000> :  0.5348912E-02  0.5000000E-02          50
|00000101000000001001011001000000000> :  0.3656371E-02  0.4300000E-02          43
|00010110000000000000110001000100000> :  0.3268169E-02  0.4200000E-02          42
|10000101001000001000001000000001000> :  0.4058429E-02  0.4100000E-02          41
|00000010000000001100110001000000010> :  0.4233597E-02  0.3800000E-02          38
|10000000101000001110010000000000000> :  0.2744197E-02  0.3800000E-02          38
|00000100000000001001011001000000010> :  0.3194201E-02  0.3200000E-02          32
|00000101001000001001001000000001000> :  0.2667911E-02  0.2600000E-02          26
|00000000101000001110110000000000000> :  0.2138575E-02  0.2600000E-02          26
|11000001010010001000000000000001000> :  0.1435992E-02  0.2300000E-02          23
|00000010000000001110110001000000000> :  0.2517747E-02  0.2000000E-02          20
|01000001101010001000000100000000000> :  0.2165582E-02  0.1900000E-02          19
|01000001001110001000000000100000000> :  0.1729280E-02  0.1600000E-02          16
|01000001101010001000000000100000000> :  0.1152317E-02  0.1600000E-02          16
|00000010000000001100100001000000011> :  0.1393646E-02  0.1600000E-02          16
|10000000101000101110000000000000000> :  0.1859407E-02  0.1500000E-02          15
|00000100001000001011011000000000000> :  0.1506862E-02  0.1400000E-02          14
|11000001010110001000000000000000000> :  0.1109508E-02  0.1300000E-02          13
|00000110000000010010100001000100000> :  0.1621458E-02  0.1100000E-02          11
|00000001000111001000000100100000000> :  0.9969605E-03  0.9000000E-03           9
|00000100000000000000110001001100010> :  0.9828971E-03  0.9000000E-03           9
|10000100001000001010011000000000000> :  0.5688070E-03  0.8000000E-03           8
|01000001101000001000000100100000000> :  0.8050941E-03  0.7000000E-03           7
|00000110000000010000100001000100010> :  0.1327643E-02  0.7000000E-03           7
|01000001101000101000000000100000000> :  0.6158366E-03  0.7000000E-03           7
|00000001101010001000000100100000000> :  0.2580999E-03  0.6000000E-03           6
|01000001101010001000000110100000000> :  0.5706796E-03  0.6000000E-03           6
|01000001001110111000000100100000000> :  0.9217134E-04  0.5000000E-03           5
|01000001001100001000000100100000000> :  0.6681004E-03  0.5000000E-03           5
|00000010000000001110100001000000001> :  0.5115785E-03  0.5000000E-03           5
|00000100000000000000110001001110000> :  0.6222275E-03  0.5000000E-03           5
|00010110000000010000100001000100000> :  0.7245898E-03  0.5000000E-03           5
|01000001101000100000000100100000000> :  0.2667235E-03  0.4000000E-03           4
|00000000101000101110100000000000000> :  0.1366205E-02  0.4000000E-03           4
|00000101001000000001011000000000000> :  0.4000411E-04  0.3000000E-03           3
|01000001100010001000000100100000000> :  0.2854857E-03  0.3000000E-03           3
|01000001101000101000000100000000000> :  0.5656563E-03  0.3000000E-03           3
|01000001010110001000000100000000000> :  0.3312176E-03  0.3000000E-03           3
|10000101000000001000011000000000000> :  0.1756287E-03  0.3000000E-03           3
|01000001001010001000000100100000000> :  0.5940856E-04  0.3000000E-03           3
|10000000000001101100000000000001000> :  0.2120274E-03  0.3000000E-03           3
|00010000100000100000100000000100100> :  0.9751228E-04  0.3000000E-03           3
|00000000101000001100110000000000000> :  0.9997364E-04  0.3000000E-03           3
|00000100000000010000100001001100010> :  0.9366264E-04  0.3000000E-03           3
|00100001000111001001000000000000000> :  0.3230446E-03  0.3000000E-03           3
|10000100001000001010010000000000000> :  0.5851728E-04  0.3000000E-03           3
|10000101001000001000000000000001000> :  0.2823540E-04  0.2000000E-03           2
|00100001000111001000000100000000000> :  0.3848331E-03  0.2000000E-03           2
|00000000001000101101000000000001000> :  0.6074088E-04  0.2000000E-03           2
|00000100000000000010110001000100000> :  0.1218521E-04  0.2000000E-03           2
|00010010000000000100110001000000000> :  0.1522693E-03  0.2000000E-03           2
|00000100000000000001010001000100010> :  0.2116881E-03  0.2000000E-03           2
|11000001001000001001001000000001000> :  0.2682249E-04  0.2000000E-03           2
|00110110000000010000000000000100000> :  0.3150413E-04  0.2000000E-03           2
|10000100000000010000000000001101000> :  0.1244737E-03  0.2000000E-03           2
|00000100000000010000100000001101000> :  0.1086678E-03  0.2000000E-03           2
|01000010000000001000011100000000000> :  0.1148004E-03  0.2000000E-03           2
|00000001001110000000000100000000100> :  0.3300364E-04  0.2000000E-03           2
|01000001000110001000000100100000000> :  0.1831979E-03  0.2000000E-03           2
|11000000101010001000000000000000000> :  0.3760243E-04  0.2000000E-03           2
|01000000101010001000000100100000000> :  0.1910691E-03  0.2000000E-03           2
|00000000001000001110110000000000000> :  0.3957246E-04  0.2000000E-03           2
|01000010000010001000000100000000001> :  0.3195675E-04  0.2000000E-03           2
|00000010000010001010100000000000001> :  0.5201646E-04  0.2000000E-03           2
|01001001001100001000001100000000001> :  0.1477063E-04  0.2000000E-03           2
|00000010000011001000000100000000001> :  0.2847401E-04  0.2000000E-03           2
|01000001101010000010000110000000000> :  0.6437296E-05  0.2000000E-03           2
|00000000101000001100010100000000000> :  0.1369338E-03  0.2000000E-03           2
|00000110000000010000100001000000010> :  0.3552594E-04  0.2000000E-03           2
|10000000100000010000000000001100100> :  0.2402089E-04  0.2000000E-03           2
|11000000001110001000000000000000000> :  0.9408987E-04  0.2000000E-03           2
|00000100000000010001000001000100010> :  0.1802977E-03  0.2000000E-03           2
|01000001001000000001011000000000000> :  0.6305087E-04  0.2000000E-03           2
|10000001000011001000000000000001000> :  0.9635183E-04  0.2000000E-03           2
|00010100000000000000110001000100000> :  0.1392631E-04  0.2000000E-03           2
|01000001000000001000011100000000000> :  0.8496362E-04  0.2000000E-03           2
|11000000101000001000010000000000000> :  0.2742317E-04  0.2000000E-03           2
|00000100001000001011010000000000000> :  0.4344832E-04  0.2000000E-03           2
|00100001000011001000000100000000000> :  0.3548837E-04  0.2000000E-03           2
|01000001100010001000000101100001000> :  0.1459247E-04  0.2000000E-03           2
|00000000000001101100000000000001001> :  0.2071135E-03  0.2000000E-03           2
|00000000000000101100100000000001001> :  0.1312492E-03  0.2000000E-03           2
|01001101001110001000000100100000000> :  0.4005417E-04  0.2000000E-03           2
|00000110000000001010010000010000000> :  0.5178601E-04  0.2000000E-03           2
|11000001011000001001001000000001001> :  0.4634668E-05  0.2000000E-03           2
|00000000100000010000100000001100100> :  0.1177524E-03  0.2000000E-03           2
|01100001000110001000000110100000000> :  0.2410653E-04  0.1000000E-03           1
|01000001001110111001000000000000000> :  0.1003990E-04  0.1000000E-03           1
|01001101000000001000001000000001100> :  0.2063000E-05  0.1000000E-03           1
|00000010000000001100110001000001100> :  0.1640752E-05  0.1000000E-03           1
|11011000100010001000100100010000000> :  0.1192970E-09  0.1000000E-03           1
|11000001010000001000010000000000000> :  0.1316225E-03  0.1000000E-03           1
|01000001010000001000010100000000000> :  0.1025675E-03  0.1000000E-03           1
|01000001001110101000000110100100000> :  0.1626001E-05  0.1000000E-03           1
|01000001001110010001010100000000000> :  0.4930818E-06  0.1000000E-03           1
|11000001000100001100001000000100000> :  0.2400048E-05  0.1000000E-03           1
|01000001001110001001000100101000000> :  0.1151422E-03  0.1000000E-03           1
|00000101001000001001010000000000000> :  0.4215456E-04  0.1000000E-03           1
|11000001000100001000001000000000000> :  0.1053240E-04  0.1000000E-03           1
|00110000100000010100000000001000000> :  0.2364753E-07  0.1000000E-03           1
|11000000001100001000001000000000000> :  0.4163046E-04  0.1000000E-03           1
|11000001001110001000001000000000000> :  0.1237648E-04  0.1000000E-03           1
|01100001001110001000000101100000000> :  0.3600730E-04  0.1000000E-03           1
|00100001000011001001000000000000000> :  0.2521980E-04  0.1000000E-03           1
|01010001001110001000000100110000000> :  0.1587606E-04  0.1000000E-03           1
|00000101000000001001011000000000000> :  0.4154431E-04  0.1000000E-03           1
|01000001001110001000000100100100000> :  0.1742761E-03  0.1000000E-03           1
|00000000100000001110110000000000000> :  0.2259638E-04  0.1000000E-03           1
|00010100000000010000100000000101000> :  0.9567705E-04  0.1000000E-03           1
|00000100001010000001000100011000000> :  0.5858201E-07  0.1000000E-03           1
|00000001000000001001011001000000000> :  0.3310047E-04  0.1000000E-03           1
|11000001001110001000000010010000000> :  0.6510407E-05  0.1000000E-03           1
|11100001001110001000000010000000000> :  0.1263250E-04  0.1000000E-03           1
|01000001000000001000101100110000000> :  0.8929106E-07  0.1000000E-03           1
|10100000011100001110000001000000000> :  0.3412391E-08  0.1000000E-03           1
|01100000001100001000000110100000000> :  0.9238164E-05  0.1000000E-03           1
|00100000000111001001000000000000000> :  0.1466057E-04  0.1000000E-03           1
|01001001001110001000000000110000000> :  0.1794540E-04  0.1000000E-03           1
|10001100000000011010001001010000000> :  0.1753170E-07  0.1000000E-03           1
|01010001000000001000011100010000000> :  0.5843370E-05  0.1000000E-03           1
|00000100000000010010100001000100000> :  0.1450178E-04  0.1000000E-03           1
|00000100000000000011010001000100000> :  0.2356398E-04  0.1000000E-03           1
|01000001001110000000001100100100000> :  0.1382023E-04  0.1000000E-03           1
|00000000011100001100100000010000000> :  0.8329735E-07  0.1000000E-03           1
|00010001001110000000000110100000000> :  0.1962672E-06  0.1000000E-03           1
|01001001001110000000000100110000000> :  0.1332780E-04  0.1000000E-03           1
|11000001000000001000011000000000000> :  0.9863352E-04  0.1000000E-03           1
|01000001001110000000000100100000000> :  0.1040084E-03  0.1000000E-03           1
|01000001001101101000000100000100000> :  0.2040873E-05  0.1000000E-03           1
|10000000101100100000000000011000000> :  0.1842239E-06  0.1000000E-03           1
|00010000011010000011000000010000000> :  0.7652871E-07  0.1000000E-03           1
|11000000001100000001000100100100000> :  0.7108877E-09  0.1000000E-03           1
|11000001001101001000001000000100000> :  0.5787821E-05  0.1000000E-03           1
|01001001001100101000100000100000000> :  0.2507767E-05  0.1000000E-03           1
|01000000101011001000000100000100000> :  0.7944224E-06  0.1000000E-03           1
|00000001001100001100000000100100000> :  0.9603447E-06  0.1000000E-03           1
|01000001001100001001001100000000000> :  0.1075713E-04  0.1000000E-03           1
|00000000101010001000100000100000000> :  0.2829275E-04  0.1000000E-03           1
|00000000011001001101000000010000000> :  0.1156828E-07  0.1000000E-03           1
|10001010101010101011000000000000100> :  0.3537708E-10  0.1000000E-03           1
|10000001101000100000000000000000100> :  0.2185166E-04  0.1000000E-03           1
|11000001001100001000001100000000000> :  0.1323959E-04  0.1000000E-03           1
|01000001111000101010000100100000000> :  0.1037571E-04  0.1000000E-03           1
|00000000100000010010100000000100100> :  0.5172574E-04  0.1000000E-03           1
|01010001110000101000000100100000000> :  0.3773514E-06  0.1000000E-03           1
|01000000010110001000000100000000000> :  0.1888129E-05  0.1000000E-03           1
|10000000001000101110010000000000000> :  0.1175551E-06  0.1000000E-03           1
|00100000000111001000000100000000000> :  0.1814698E-04  0.1000000E-03           1
|00001000000000100000101100010000000> :  0.4892662E-07  0.1000000E-03           1
|01000001001100001000000111000000000> :  0.1337496E-05  0.1000000E-03           1
|00000001101110001000000000011000000> :  0.2265903E-06  0.1000000E-03           1
|01100000000001100100000000000100100> :  0.1264241E-10  0.1000000E-03           1
|01000000000000001000101000011000100> :  0.3785581E-08  0.1000000E-03           1
|01000001101010110000010100100000000> :  0.7247701E-07  0.1000000E-03           1
|01001001101010001010000110100000000> :  0.1630136E-04  0.1000000E-03           1
|01000001101110001000000100100000000> :  0.5679591E-04  0.1000000E-03           1
|01000001101110001000000100100100000> :  0.5277747E-04  0.1000000E-03           1
|01001001101010001010000100100000000> :  0.3423417E-04  0.1000000E-03           1
|00000001110001001001011001000000000> :  0.4420874E-06  0.1000000E-03           1
|11100001001000001000011000000000100> :  0.1118667E-04  0.1000000E-03           1
|10000001001100000000001000000000100> :  0.7845672E-05  0.1000000E-03           1
|01000001001100000000001100000000000> :  0.1549367E-04  0.1000000E-03           1
|00000010000000001010110001000000000> :  0.1020557E-04  0.1000000E-03           1
|01000011001000001000010100100000100> :  0.7209313E-07  0.1000000E-03           1
|00000010000001000000110011010000000> :  0.2659808E-07  0.1000000E-03           1
|00010010000001000000111000010000000> :  0.1964751E-07  0.1000000E-03           1
|00000010000001000111000001010000000> :  0.1077848E-09  0.1000000E-03           1
|00100010000100101100000100010000000> :  0.3899740E-07  0.1000000E-03           1
|00000010001000000001000000101000000> :  0.6188858E-07  0.1000000E-03           1
|00000010001000001110110001000000000> :  0.6850291E-08  0.1000000E-03           1
|00010010010010000010010100010000000> :  0.4444527E-08  0.1000000E-03           1
|00000010100001001010111001000000000> :  0.6808210E-07  0.1000000E-03           1
|00000011000010001000000110100000000> :  0.1419446E-05  0.1000000E-03           1
|11000011001000001000000010000000000> :  0.2946184E-05  0.1000000E-03           1
|00000011001000001100010011000000000> :  0.5703077E-08  0.1000000E-03           1
|01000011011000001000000110000000000> :  0.3261127E-07  0.1000000E-03           1
|01000011101000101001000100100000000> :  0.1790994E-04  0.1000000E-03           1
|01100011101010001000000000001000000> :  0.1439244E-06  0.1000000E-03           1
|01000011101110001001000100100000000> :  0.2856039E-05  0.1000000E-03           1
|01000001000001000000000110100001000> :  0.9476230E-06  0.1000000E-03           1
|01000001000010001001000000000001000> :  0.7194695E-05  0.1000000E-03           1
|11100001001000001000001001000001000> :  0.2672907E-07  0.1000000E-03           1
|00000100000000001011011000000000000> :  0.1662591E-04  0.1000000E-03           1
|11001001101010001000100000000000000> :  0.4325378E-05  0.1000000E-03           1
|11000001001000101000100010000001000> :  0.2726418E-05  0.1000000E-03           1
|01000001001000101100001000010001000> :  0.1101075E-06  0.1000000E-03           1
|10001100000100000000101001000000000> :  0.4284839E-07  0.1000000E-03           1
|00000100000100101110010001000100000> :  0.4502500E-08  0.1000000E-03           1
|00100100001000001000000010100100000> :  0.2737714E-07  0.1000000E-03           1
|11001001001100001001001000000001000> :  0.1566926E-04  0.1000000E-03           1
|11000001011010001000000000000001000> :  0.2009477E-05  0.1000000E-03           1
|01000001101010000000000110000001000> :  0.1757202E-05  0.1000000E-03           1
|00001010000000010011000000010001000> :  0.2183557E-07  0.1000000E-03           1
|10001011000001000000001000001001000> :  0.2940955E-07  0.1000000E-03           1
|11000100011001001010010000000000000> :  0.3133194E-06  0.1000000E-03           1
|00000010000010001000100000000000011> :  0.7795081E-04  0.1000000E-03           1
|00000101000000001000011100000000000> :  0.9397841E-04  0.1000000E-03           1
|10100100001000001110110000000001000> :  0.9581211E-08  0.1000000E-03           1
|00000101001000001001000000000001000> :  0.2452382E-04  0.1000000E-03           1
|10000101001000000000011000000000000> :  0.3735146E-04  0.1000000E-03           1
|00001101001100000000011000000001000> :  0.5656933E-06  0.1000000E-03           1
|01001101001000001000010000010000000> :  0.1222849E-05  0.1000000E-03           1
|00100000000001000001000000010111000> :  0.4304225E-09  0.1000000E-03           1
|00100000010001000010000000000011000> :  0.2025411E-07  0.1000000E-03           1
|10000101001000001000100010010000000> :  0.8537681E-07  0.1000000E-03           1
|01001101000100001000001000000011000> :  0.4580071E-06  0.1000000E-03           1
|01100000001000001001001000000001001> :  0.1371971E-06  0.1000000E-03           1
|10000101001001001000010000100100000> :  0.3657878E-06  0.1000000E-03           1
|00001101001010001001011000000000000> :  0.7455432E-05  0.1000000E-03           1
|01001001001010001000000000000001001> :  0.4790626E-06  0.1000000E-03           1
|01100101011000001001001000000000000> :  0.1712465E-06  0.1000000E-03           1
|01000101101010101100000100000000000> :  0.3113508E-06  0.1000000E-03           1
|10000101101100001000000001010000000> :  0.1216360E-08  0.1000000E-03           1
|01010001101010001000001100100000000> :  0.1420085E-05  0.1000000E-03           1
|01000110000000000001001001000001100> :  0.1615861E-08  0.1000000E-03           1
|10000001011011001001000010000001111> :  0.4662786E-12  0.1000000E-03           1
|00000110000000001010011000000000000> :  0.4395530E-04  0.1000000E-03           1
|11000001001100000000001000000000000> :  0.4356412E-04  0.1000000E-03           1
|10001110000000001010110000000000000> :  0.6362346E-06  0.1000000E-03           1
|11100000010010001000100000010000000> :  0.1433293E-06  0.1000000E-03           1
|01000001101010001000001100000100000> :  0.1075860E-05  0.1000000E-03           1
|01001001101010001000000110110000000> :  0.1529723E-04  0.1000000E-03           1
|01000001001010001001001000100100000> :  0.2122240E-04  0.1000000E-03           1
|01011001101010001000000110100000000> :  0.1926344E-04  0.1000000E-03           1
|00000110000100010000110001000100010> :  0.2849236E-05  0.1000000E-03           1
|00000001001010001001000010000100000> :  0.6161238E-05  0.1000000E-03           1
|00000000101000101100100000000000000> :  0.7467414E-04  0.1000000E-03           1
|01100001101010001000000110000000000> :  0.8619106E-05  0.1000000E-03           1
|01100001101010001000000101100000000> :  0.2160085E-05  0.1000000E-03           1
|01000001001010001000010100011000000> :  0.3590500E-05  0.1000000E-03           1
|01010001101010001000000100110000000> :  0.3500693E-04  0.1000000E-03           1
|01001001101010001000000100110000000> :  0.2885641E-04  0.1000000E-03           1
|01000001001010001000000100111000000> :  0.8578670E-05  0.1000000E-03           1
|10000000101000101100000000000000000> :  0.1260955E-04  0.1000000E-03           1
|00001000010000001011000001010000000> :  0.1971856E-08  0.1000000E-03           1
|01000000001000101100100001010000000> :  0.4353152E-08  0.1000000E-03           1
|00100100000000010001000000000100010> :  0.6589019E-04  0.1000000E-03           1
|00000100000000010000100000001100010> :  0.1925527E-04  0.1000000E-03           1
|00000001101010001000000100011000000> :  0.9065854E-06  0.1000000E-03           1
|10000100000000000010011111000000010> :  0.1045659E-06  0.1000000E-03           1
|01000001001010000000100010100000000> :  0.1138671E-06  0.1000000E-03           1
|10010000101000100100000000000000000> :  0.1343699E-04  0.1000000E-03           1
|01100001101010001000000001100000000> :  0.1073836E-04  0.1000000E-03           1
|00000100000000000000010001001100010> :  0.7645473E-04  0.1000000E-03           1
|01000001001001001000000100100100000> :  0.5791689E-05  0.1000000E-03           1
|01000001111110001000000100100000010> :  0.2984258E-05  0.1000000E-03           1
|01000001101010001010000100100000010> :  0.3413592E-04  0.1000000E-03           1
|01000001001000011001001010000000000> :  0.7285167E-05  0.1000000E-03           1
|11100000101000100000100000001100000> :  0.3846491E-09  0.1000000E-03           1
|00000000001111001000000100100100000> :  0.5178066E-05  0.1000000E-03           1
|01000001101010000000000100100000000> :  0.5034590E-04  0.1000000E-03           1
|11000001101010000000000010001100000> :  0.1485311E-06  0.1000000E-03           1
|00011001001000001010000000000000000> :  0.8943402E-07  0.1000000E-03           1
|01000001101001101000000101100000000> :  0.2567968E-04  0.1000000E-03           1
|01000001101001101000000100110000000> :  0.1953153E-04  0.1000000E-03           1
|01000001001000001001111000010000000> :  0.5472983E-05  0.1000000E-03           1
|01000000101000011000000110100000000> :  0.5506683E-06  0.1000000E-03           1
|01000001101000101100000100100100000> :  0.2319807E-04  0.1000000E-03           1
|00000000000000000100110001001000010> :  0.2574993E-04  0.1000000E-03           1
|00010001101000101100000100001000000> :  0.9132087E-06  0.1000000E-03           1
|00000001101000101010000110100000000> :  0.8445691E-05  0.1000000E-03           1
|00000100011000001001011000000000001> :  0.3658218E-05  0.1000000E-03           1
|11000011011110001000000000000000001> :  0.1388134E-07  0.1000000E-03           1
|01000001001000001001001010000100000> :  0.1931339E-05  0.1000000E-03           1
|00000000001110001110000100110000000> :  0.6811298E-07  0.1000000E-03           1
|00010000000001100000001001010000000> :  0.5459650E-07  0.1000000E-03           1
|01000010001010001000000110101000001> :  0.2021250E-06  0.1000000E-03           1
|01000001001000001001001000000000000> :  0.3890072E-04  0.1000000E-03           1
|00000010000000001100100001000000001> :  0.8413597E-06  0.1000000E-03           1
|01100001101010101000001110100100001> :  0.7001592E-08  0.1000000E-03           1
|01000001101010010000000110100000001> :  0.1585796E-05  0.1000000E-03           1
|10000001101000101000000000000000000> :  0.6557294E-04  0.1000000E-03           1
|01000001101000101000000110000000001> :  0.3898738E-05  0.1000000E-03           1
|01000001101000100000000110000000001> :  0.4319702E-06  0.1000000E-03           1
|01000001101000011000000100100000001> :  0.5688714E-05  0.1000000E-03           1
|00000001001110011000011100100100001> :  0.9478658E-09  0.1000000E-03           1
|01000001101000001000110010100000000> :  0.4717621E-05  0.1000000E-03           1
|11001001001000001000011000010000000> :  0.7528246E-05  0.1000000E-03           1
|00001001001110001000000100100100001> :  0.2120872E-05  0.1000000E-03           1
|11000001001100001000010000100000001> :  0.4294016E-06  0.1000000E-03           1
|01000001101000001000011100000000000> :  0.6854538E-05  0.1000000E-03           1
|00000001001100000000001000000100001> :  0.3117440E-06  0.1000000E-03           1
|01010001101000001000010100001000000> :  0.7618100E-05  0.1000000E-03           1
|01000000001110001001001000100100000> :  0.5752722E-05  0.1000000E-03           1
|01000001001000001001011000100000001> :  0.1365083E-04  0.1000000E-03           1
|01000001001000001001000010000000001> :  0.3242734E-05  0.1000000E-03           1
|01100001001000001000011100000000001> :  0.8894524E-05  0.1000000E-03           1
|00000101001000001001011010000000001> :  0.1107173E-04  0.1000000E-03           1
|00000110000000001010000001000000001> :  0.7310782E-04  0.1000000E-03           1
|11000001001000001000001000000100001> :  0.3187996E-05  0.1000000E-03           1
|00000001101000001000010100000000000> :  0.3722889E-04  0.1000000E-03           1
|00101000000001010000000000001000010> :  0.3286903E-05  0.1000000E-03           1
|10100000001000001010110000000000010> :  0.2116525E-08  0.1000000E-03           1
|00010000010000000000010110010000010> :  0.8837828E-07  0.1000000E-03           1
|00000000100100000010000010010000010> :  0.4160482E-07  0.1000000E-03           1
|00000000101010101010000000010000010> :  0.7324272E-07  0.1000000E-03           1
|01000001001000001000010110000000010> :  0.3461023E-05  0.1000000E-03           1
|01000001001000101010001100000000010> :  0.1524615E-05  0.1000000E-03           1
|01000001001110001000000110110100010> :  0.8131997E-06  0.1000000E-03           1
|00010001100000000000011000010000010> :  0.4652520E-07  0.1000000E-03           1
|01000001100000101000000100110000010> :  0.3364741E-05  0.1000000E-03           1
|01000001001000001000010110010000000> :  0.2293912E-04  0.1000000E-03           1
|01000001111000101000000100000000010> :  0.3132377E-05  0.1000000E-03           1
|11000001001000001000000010000000001> :  0.3847910E-05  0.1000000E-03           1
|00000010000000001100110000000000010> :  0.9454826E-05  0.1000000E-03           1
|00100000110100101000000100000000001> :  0.4718086E-07  0.1000000E-03           1
|11100001101000001000010010000000000> :  0.4360175E-05  0.1000000E-03           1
|01001000101000101001000000000000001> :  0.1398965E-06  0.1000000E-03           1
|00100000011010001100010100000000001> :  0.5825828E-07  0.1000000E-03           1
|01010001001000001000010100001000000> :  0.1080416E-05  0.1000000E-03           1
|00000100000000001001011000000000010> :  0.8697663E-05  0.1000000E-03           1
|10001000001000001000010000000000001> :  0.1313638E-05  0.1000000E-03           1
|00100100000000010000000000001100010> :  0.3813784E-04  0.1000000E-03           1
|00000000001000001000000010000100001> :  0.4156281E-06  0.1000000E-03           1
|01000001101000001000000101010000000> :  0.1787391E-04  0.1000000E-03           1
|10100000000100101000001000000000001> :  0.2689158E-07  0.1000000E-03           1
|00001000000100001000000010000100001> :  0.4419519E-07  0.1000000E-03           1
|00000110000000000000010001000100010> :  0.5488462E-04  0.1000000E-03           1
|01000001001000001000001100000000000> :  0.8697340E-05  0.1000000E-03           1
|00000000000001101100000100000000001> :  0.3808544E-04  0.1000000E-03           1
|00010000000000100000010100010100001> :  0.1047704E-09  0.1000000E-03           1
|00100110000000010000000000000100010> :  0.8948231E-04  0.1000000E-03           1
|01001001100100001000000100110000000> :  0.3177793E-06  0.1000000E-03           1
|00000000000000001110100001000000001> :  0.3591252E-05  0.1000000E-03           1
|00001110000010000000111000000000010> :  0.6705802E-07  0.1000000E-03           1
|10000101001100011000001000000010000> :  0.4139480E-06  0.1000000E-03           1
|00000110000100100000100000000000010> :  0.2581666E-08  0.1000000E-03           1
|10000000000010000000000010000110010> :  0.1315240E-09  0.1000000E-03           1
|00000000000010010110100000000110010> :  0.4485987E-08  0.1000000E-03           1
|01000000000100010000110000000010010> :  0.1419845E-08  0.1000000E-03           1
|01000001101000101000000100100010010> :  0.1923474E-04  0.1000000E-03           1
|00010110000000001010010001000010010> :  0.3460681E-07  0.1000000E-03           1
|00001010000000000001000000100100011> :  0.1270049E-07  0.1000000E-03           1
|01000001100010001000000101010000000> :  0.7456659E-06  0.1000000E-03           1
|11100001001000001000000010000000000> :  0.1925663E-05  0.1000000E-03           1
|00000010000100001000110001000100011> :  0.2081554E-06  0.1000000E-03           1
|00000100000000000000100011011000011> :  0.1253486E-05  0.1000000E-03           1
|00100100000000001000011100100000011> :  0.1226711E-07  0.1000000E-03           1
|10000000101000001100010000000000000> :  0.1244824E-03  0.1000000E-03           1
|00001110000000100010000001000100011> :  0.1733204E-09  0.1000000E-03           1
|10101000000000000001000000010000100> :  0.2108263E-07  0.1000000E-03           1
|00000000001000001101010000000000000> :  0.9368887E-06  0.1000000E-03           1
|10010101000000001010010000010010000> :  0.2306985E-07  0.1000000E-03           1
|10010000001110000000000000000000100> :  0.2456759E-04  0.1000000E-03           1
|10000000001110000010000000000000100> :  0.4626380E-04  0.1000000E-03           1
|00000000010000001000010010100000100> :  0.1396173E-06  0.1000000E-03           1
|00100100001110001010000000000010000> :  0.2217744E-08  0.1000000E-03           1
|00010000100000010000100000000100100> :  0.1076361E-03  0.1000000E-03           1
|00110001100010001000000100101000000> :  0.5165049E-05  0.1000000E-03           1
|11000011001110001000000000000010000> :  0.2959723E-05  0.1000000E-03           1
|00000010010010010000000010000010000> :  0.5374048E-07  0.1000000E-03           1
|00000000100000100010100000000100100> :  0.2646451E-04  0.1000000E-03           1
|00010000101000100000100000000000100> :  0.6999246E-04  0.1000000E-03           1
|11000001111000101000000000000010000> :  0.3291239E-07  0.1000000E-03           1
|11000001001100000000000010000100100> :  0.1139361E-06  0.1000000E-03           1
|00000001100010001000000100100000000> :  0.1219586E-04  0.1000000E-03           1
|11001001001100101000000000000000100> :  0.1172064E-05  0.1000000E-03           1
|01000001101000101000000100110010000> :  0.2097948E-04  0.1000000E-03           1
|01000001101000011000010100100010000> :  0.5428065E-06  0.1000000E-03           1
|00000001101000100000000100000000100> :  0.1197745E-04  0.1000000E-03           1
|01000001101010001000000110000000100> :  0.1368572E-04  0.1000000E-03           1
|11000001100010001000000000000000000> :  0.2938399E-04  0.1000000E-03           1
|01000001001000000000000110010000000> :  0.6147833E-05  0.1000000E-03           1
|00100101011000000000001000000000100> :  0.7503347E-07  0.1000000E-03           1
|00000101011001000000001100000000100> :  0.1381013E-06  0.1000000E-03           1
|00100110010000001000010100000000100> :  0.1136421E-06  0.1000000E-03           1
|10000000101000111000000000000010100> :  0.1536631E-06  0.1000000E-03           1
|00000000000000000000010110100000101> :  0.4497942E-07  0.1000000E-03           1
|00001001000110000000001100000000101> :  0.8280193E-08  0.1000000E-03           1
|10000001001010001001001000000000101> :  0.6560726E-07  0.1000000E-03           1
|00000001001100010000001100000000101> :  0.7500554E-05  0.1000000E-03           1
|00000010000001001110100001000000101> :  0.4797705E-06  0.1000000E-03           1
|01001011001000101000000010100000101> :  0.3115622E-10  0.1000000E-03           1
|00000110001000010010000000000100101> :  0.6990632E-09  0.1000000E-03           1
|00000001000100000001001100010000110> :  0.6566930E-07  0.1000000E-03           1
|01000100000000000100100001000000110> :  0.3317821E-06  0.1000000E-03           1
|00000100000001001000011001001000110> :  0.1193185E-06  0.1000000E-03           1
|01001110000000000000011000000000110> :  0.6260513E-06  0.1000000E-03           1
|00100010000000010010000000000010110> :  0.3014919E-09  0.1000000E-03           1
|00001000001000000000010000001000111> :  0.4536352E-09  0.1000000E-03           1
|00000000010000000100001100000000111> :  0.4155655E-08  0.1000000E-03           1
|01000000101000001000010100000000000> :  0.1973900E-04  0.1000000E-03           1
|01000000000011000000000011001001000> :  0.5489154E-07  0.1000000E-03           1
|10100000001000000000001010001001000> :  0.4855977E-07  0.1000000E-03           1
|11000000001000001000001000000001000> :  0.1438551E-04  0.1000000E-03           1
|01011000001000001001001000000001000> :  0.2175272E-07  0.1000000E-03           1
|10010000001000100100000000000001000> :  0.2349108E-04  0.1000000E-03           1
|00010000001000100100100000000001000> :  0.1008491E-03  0.1000000E-03           1
|01100000001000100101000010000001000> :  0.1231285E-05  0.1000000E-03           1
|00000000001000101100100000000001000> :  0.2388697E-03  0.1000000E-03           1
|01000001100000100000110110000010000> :  0.2474517E-05  0.1000000E-03           1
|00001000010100001000011100000001000> :  0.1240164E-07  0.1000000E-03           1
|11100001000000101000011000000001000> :  0.6945071E-06  0.1000000E-03           1
|01000001100000100000100110100010000> :  0.7462776E-05  0.1000000E-03           1
|11000001000010001000000000000001000> :  0.1310122E-04  0.1000000E-03           1
|01100001100000101000000110100000000> :  0.8599490E-05  0.1000000E-03           1
|01000001100000000000000100100010000> :  0.6713741E-05  0.1000000E-03           1
|00100001010101000010000000000010000> :  0.5171741E-07  0.1000000E-03           1
|11000001100000101000000000000000000> :  0.3060205E-05  0.1000000E-03           1
|11000001001000001000011000000001000> :  0.4917405E-05  0.1000000E-03           1
|11100001001000001000100000000001000> :  0.2852629E-06  0.1000000E-03           1
|01000001001100101000000000010010000> :  0.7015697E-07  0.1000000E-03           1
|11000001001100011000001000000010000> :  0.4453469E-05  0.1000000E-03           1
|11000001100000001000010000000000000> :  0.1481364E-04  0.1000000E-03           1
|11100001001000001000011000000010000> :  0.1044312E-04  0.1000000E-03           1
|11001001000110000001100100000010000> :  0.7222282E-10  0.1000000E-03           1
|00100001100000000000000110110000000> :  0.1969335E-07  0.1000000E-03           1
|01000000001110000000000100011000000> :  0.4035665E-06  0.1000000E-03           1
|01000001001010001000000110010101000> :  0.2842876E-07  0.1000000E-03           1
|01000001001010001000001000100101000> :  0.3524127E-04  0.1000000E-03           1
|00010000111000010000000000000010000> :  0.3464752E-07  0.1000000E-03           1
|11011001001100001000001000010001000> :  0.4048807E-07  0.1000000E-03           1
|01001001001100001000011000000001000> :  0.6161871E-05  0.1000000E-03           1
|10000000101000001000010010010010000> :  0.2314685E-08  0.1000000E-03           1
|01000001011110011000000100100000000> :  0.8091393E-04  0.1000000E-03           1
|10100000101000000110010000000010000> :  0.3571108E-06  0.1000000E-03           1
|00100000011000000000000000010010000> :  0.7964781E-06  0.1000000E-03           1
|01000001011110001000000100101000000> :  0.1267061E-03  0.1000000E-03           1
|00010001101100100001000000000101000> :  0.5822819E-10  0.1000000E-03           1
|00101000011000000000000000001010000> :  0.2684376E-07  0.1000000E-03           1
|00000010100000001000000101100001000> :  0.1255848E-06  0.1000000E-03           1
|00000000010000110010000001001110000> :  0.9481451E-07  0.1000000E-03           1
|00001011001000001001001000000001000> :  0.5807902E-05  0.1000000E-03           1
|00000011010000000000000010100001000> :  0.1145357E-06  0.1000000E-03           1
|00000100000000001010010011010001000> :  0.4740826E-08  0.1000000E-03           1
|01000001011100001001101000000000000> :  0.5443753E-05  0.1000000E-03           1
|00000000000001000101010100010010000> :  0.5342347E-06  0.1000000E-03           1
|01010000000000010010000000010110000> :  0.4722168E-07  0.1000000E-03           1
|00001100000100010000100001000001000> :  0.1261847E-07  0.1000000E-03           1
|11000001011000001000110000010000000> :  0.1257587E-06  0.1000000E-03           1
|00000001000111000000000100100000000> :  0.5449779E-05  0.1000000E-03           1
|01100000101000001000000110100000000> :  0.7609945E-05  0.1000000E-03           1
|00001111001100000000000000000000000> :  0.1378921E-07  0.1000000E-03           1
|00000110100001001010011001000000000> :  0.2231330E-05  0.1000000E-03           1
|01000101001000001001001000000001000> :  0.9570899E-05  0.1000000E-03           1
|00001110001000001010110001000000000> :  0.8699430E-05  0.1000000E-03           1
|01000101011000010001001000000001000> :  0.5771870E-07  0.1000000E-03           1
|00000110000000001010110001100001000> :  0.7465299E-05  0.1000000E-03           1
|00000111000010001010000110100001000> :  0.5398792E-09  0.1000000E-03           1
|10000110000001000001000010100000000> :  0.5064912E-07  0.1000000E-03           1
|10010000001001000000110000000011000> :  0.1557526E-07  0.1000000E-03           1
|00100001000111000000000100000000000> :  0.7247960E-05  0.1000000E-03           1
|00000000011000011000000100000011000> :  0.1247354E-05  0.1000000E-03           1
|11000001001001001001001000000011000> :  0.9291878E-07  0.1000000E-03           1
|00001100000100000000011010001011000> :  0.9692946E-08  0.1000000E-03           1
|00000110000000010010100000000100000> :  0.9327579E-05  0.1000000E-03           1
|10000001010110001000000000000000000> :  0.1298190E-04  0.1000000E-03           1
|00000110000000010000011011100000000> :  0.6491911E-07  0.1000000E-03           1
|01000001010010001000000100000000000> :  0.1774672E-04  0.1000000E-03           1
|10001000001000100001000000000001001> :  0.1525100E-06  0.1000000E-03           1
|10000000010000010101100000000001001> :  0.8136924E-07  0.1000000E-03           1
|11000001001000011000001000000001001> :  0.4794509E-05  0.1000000E-03           1
|01000001001000101000000000100101001> :  0.4166770E-05  0.1000000E-03           1
|01000001000110001000001100100100000> :  0.2128485E-04  0.1000000E-03           1
|01100000100111100000000000001000000> :  0.1093717E-09  0.1000000E-03           1
|00000001010100000000000010000011001> :  0.1400132E-08  0.1000000E-03           1
|01000001001000001001000010000001010> :  0.3839008E-05  0.1000000E-03           1
|00000011000101101000000000000001010> :  0.7556598E-07  0.1000000E-03           1
|00000001000001011001001000000001011> :  0.2416946E-08  0.1000000E-03           1
|01000000000000100100000110000001100> :  0.9511754E-08  0.1000000E-03           1
|01000001001000001001001010000001100> :  0.5908022E-05  0.1000000E-03           1
|01000000001101101000000100100100000> :  0.5396668E-06  0.1000000E-03           1
|10000000001000001010011000000000000> :  0.1368652E-04  0.1000000E-03           1
|00001000000000110001100000010000000> :  0.2344902E-08  0.1000000E-03           1
|00001000000100000000011000001011100> :  0.1782060E-06  0.1000000E-03           1
|01100000000000001010010010000000000> :  0.2654725E-07  0.1000000E-03           1
|00000000000000000101010110011000000> :  0.1263236E-06  0.1000000E-03           1
