# state, exact probability, frequency, count:
#------------------------------------------------------------------
|00000000000000100110001100000000111> :  0.2897954E+00  0.2849000E+00        2849
|01001000000100100000100001000100100> :  0.1442240E+00  0.1427000E+00        1427
|01011000000100100000100001000100000> :  0.1374132E+00  0.1390000E+00        1390
|00001000000100100000000100000100110> :  0.5331583E-01  0.5870000E-01         587
|00000000001100100000000100000000111> :  0.5036036E-01  0.5270000E-01         527
|00001000001100100000000100000000110> :  0.4886232E-01  0.4760000E-01         476
|00011000000100100000000100000100010> :  0.2498741E-01  0.2570000E-01         257
|01000000000000000010001000010011001> :  0.2488311E-01  0.2480000E-01         248
|00011000001100100000000100000000010> :  0.2443942E-01  0.2460000E-01         246
|00000000000100100000001100000000111> :  0.1983807E-01  0.2020000E-01         202
|01000000000000100010001000010010001> :  0.1720546E-01  0.1660000E-01         166
|00010000001100100000000100000000011> :  0.1507685E-01  0.1340000E-01         134
|00001000000100100000000101000100100> :  0.1260115E-01  0.1320000E-01         132
|00000000000000100010001000010010011> :  0.1055660E-01  0.1070000E-01         107
|00011000000100100000000101000100000> :  0.9089440E-02  0.9700000E-02          97
|00000000000001000010001000010011001> :  0.8245054E-02  0.9200000E-02          92
|01000000000010000010001000010001001> :  0.8597573E-02  0.8200000E-02          82
|00001000000000100010000100000100110> :  0.7102439E-02  0.6800000E-02          68
|00000000000000100110001000000010011> :  0.4584094E-02  0.4200000E-02          42
|00001000000100100000100001000100100> :  0.3648143E-02  0.4000000E-02          40
|00010000001100100000000000010000011> :  0.2232058E-02  0.2500000E-02          25
|00011000000100100000100001000100000> :  0.2288396E-02  0.2400000E-02          24
|00000000000011000010001000010001001> :  0.2476544E-02  0.1800000E-02          18
|00000000000000100100001100000000111> :  0.2130490E-02  0.1800000E-02          18
|00000100000000000110001100000000110> :  0.1478785E-02  0.1700000E-02          17
|01000000000100100000100001000100100> :  0.1088105E-02  0.1400000E-02          14
|00000000000000100010001100000000111> :  0.1378716E-02  0.1200000E-02          12
|01001000000100001000100001000100000> :  0.1126177E-02  0.1200000E-02          12
|00000000000000100110001100000000110> :  0.3674264E-03  0.1100000E-02          11
|00000100000100000000001100000000110> :  0.6838657E-03  0.1000000E-02          10
|01011000000100100000000001000100000> :  0.7336024E-03  0.1000000E-02          10
|01001000000100100000000001000100100> :  0.1088077E-02  0.9000000E-03           9
|01001000000100100000100001000000100> :  0.9109808E-03  0.9000000E-03           9
|00000000000000100110001100000000011> :  0.1279406E-02  0.9000000E-03           9
|01000000000100100000001000010000001> :  0.7063920E-03  0.8000000E-03           8
|01001000000100100000100000000100100> :  0.6815198E-03  0.8000000E-03           8
|01000010000000000010001000010010000> :  0.4037126E-03  0.7000000E-03           7
|01000000000100100001000001000100100> :  0.7850711E-03  0.7000000E-03           7
|00000100000100001000001100000000010> :  0.8955797E-03  0.6000000E-03           6
|01011000000100100100100001000100000> :  0.2703911E-03  0.5000000E-03           5
|11000000000000000000001000010010001> :  0.5199755E-03  0.5000000E-03           5
|01010000000100100000100001000100000> :  0.6063967E-03  0.5000000E-03           5
|00000100001100001000000100000000010> :  0.2594985E-03  0.4000000E-03           4
|00000000000100100000001000000000111> :  0.3287136E-03  0.4000000E-03           4
|00000010000001000010001000010010000> :  0.1405361E-03  0.4000000E-03           4
|01000000000100100001001000010000000> :  0.2128433E-03  0.4000000E-03           4
|01001000100100000000100001000000100> :  0.2411161E-03  0.4000000E-03           4
|00000000000100100000001000010000011> :  0.1272934E-02  0.4000000E-03           4
|11000000000010000001001000010000000> :  0.1091837E-03  0.3000000E-03           3
|01000000000100100000001000000000101> :  0.4332959E-03  0.3000000E-03           3
|00000000000100001000001100000000011> :  0.5003361E-03  0.3000000E-03           3
|01000000000000000000001000010011001> :  0.2856408E-03  0.3000000E-03           3
|00000100001101000000000100000000100> :  0.1660889E-03  0.3000000E-03           3
|01000000000100100001001000000000100> :  0.1688459E-03  0.3000000E-03           3
|11000001000000000001000000010010000> :  0.1972694E-03  0.3000000E-03           3
|11001000100100100000100001000101100> :  0.5839875E-04  0.3000000E-03           3
|00000101000000100110001100000000111> :  0.2180292E-03  0.3000000E-03           3
|01100000000100100000100000000000100> :  0.3031406E-03  0.3000000E-03           3
|01000000000100100000100000000000101> :  0.4787003E-03  0.3000000E-03           3
|00000000000000000110001100000000111> :  0.1656655E-03  0.3000000E-03           3
|00100000000000110110001100000000111> :  0.7211337E-04  0.3000000E-03           3
|00000000000000000010001000010010011> :  0.4105123E-04  0.3000000E-03           3
|01011000000100100000100001000000000> :  0.5133943E-03  0.3000000E-03           3
|00011000001100100000100000000000000> :  0.1719319E-03  0.3000000E-03           3
|00000001000000100110000110000000111> :  0.3642446E-04  0.2000000E-03           2
|10001000000100000010000100000101000> :  0.5945084E-06  0.2000000E-03           2
|00000000100000100110001100100000111> :  0.5882330E-04  0.2000000E-03           2
|00100000000000100110001101000000111> :  0.7487397E-04  0.2000000E-03           2
|00000100001100000000000100000000110> :  0.1402876E-03  0.2000000E-03           2
|01000000000000100110011100000000111> :  0.6469504E-04  0.2000000E-03           2
|11011000000100100000100001000100000> :  0.2697290E-03  0.2000000E-03           2
|01010000000100100000100000000000001> :  0.1285789E-03  0.2000000E-03           2
|00000100000100001000001000010000010> :  0.2211664E-03  0.2000000E-03           2
|11000000000010000001001010000000000> :  0.6059556E-04  0.2000000E-03           2
|00001000000100001000000101000100000> :  0.5823774E-04  0.2000000E-03           2
|01000000000010010010000000010000001> :  0.9927595E-04  0.2000000E-03           2
|01011001000100100000100011000100000> :  0.3054260E-04  0.2000000E-03           2
|01001010000100100001100001000100100> :  0.1378533E-03  0.2000000E-03           2
|00001000000100010000100001000100000> :  0.1646484E-04  0.2000000E-03           2
|01001000000100010000100001000100000> :  0.1885638E-03  0.2000000E-03           2
|01000000000000100000001000010010001> :  0.2159750E-03  0.2000000E-03           2
|01001000000100100100100001100100000> :  0.4177214E-04  0.2000000E-03           2
|10000000000011000000001000010000001> :  0.1255174E-03  0.2000000E-03           2
|00000100000000001000001110000000010> :  0.1477014E-03  0.2000000E-03           2
|01000000000100100000100000000100100> :  0.6484016E-04  0.2000000E-03           2
|00000000000000100110001000000000111> :  0.4335793E-03  0.2000000E-03           2
|00000000000000100110101100001000111> :  0.7581405E-04  0.2000000E-03           2
|00001000010000000010000100000100110> :  0.2422182E-03  0.2000000E-03           2
|00000100000101001000001100000000000> :  0.3458850E-03  0.2000000E-03           2
|00000000000100001000001000010000011> :  0.2858412E-03  0.2000000E-03           2
|00000000000100000000001100000000111> :  0.2079180E-03  0.2000000E-03           2
|00010000000001000000010000010001001> :  0.6263072E-04  0.2000000E-03           2
|01000001000000000001000000010011000> :  0.8527672E-04  0.2000000E-03           2
|01000000000000100001001000010010000> :  0.1307888E-03  0.2000000E-03           2
|00000001000000100110001100000100011> :  0.1759602E-04  0.2000000E-03           2
|01000000010100101000100000001100000> :  0.5131267E-08  0.1000000E-03           1
|00000000010011001000101010000000000> :  0.3936219E-09  0.1000000E-03           1
|01010000000100100000100001000000000> :  0.4664473E-04  0.1000000E-03           1
|01000000010001001000001000100000000> :  0.2785743E-06  0.1000000E-03           1
|10000000010000000101000000110100000> :  0.4389180E-07  0.1000000E-03           1
|00011000000100100000100001000000000> :  0.1268687E-04  0.1000000E-03           1
|01001000000100001000100001000000000> :  0.5257433E-05  0.1000000E-03           1
|00000000001111100100000100000100000> :  0.2191971E-08  0.1000000E-03           1
|00100000001101001000000100100100000> :  0.8210667E-07  0.1000000E-03           1
|01011000000100100000100000000100000> :  0.1306459E-03  0.1000000E-03           1
|11011000001100110000100000000000000> :  0.4268197E-05  0.1000000E-03           1
|00000001000000100110001000100000111> :  0.1399292E-04  0.1000000E-03           1
|10000000000000101000100001000000011> :  0.2210099E-06  0.1000000E-03           1
|01011000001100100100000101000000000> :  0.2771276E-05  0.1000000E-03           1
|01110000000100100000100000000000000> :  0.1519609E-03  0.1000000E-03           1
|11011000000000110000100001000100000> :  0.2022210E-04  0.1000000E-03           1
|01010100000110100000000000000100000> :  0.6245349E-07  0.1000000E-03           1
|00100100001000010100000000010000000> :  0.1495393E-06  0.1000000E-03           1
|00010100001100100100000010000000000> :  0.1305580E-09  0.1000000E-03           1
|00011100001110010000000100000000000> :  0.7110847E-06  0.1000000E-03           1
|01000100010000100110000000010000000> :  0.1053883E-06  0.1000000E-03           1
|01000100010000110010001000000000000> :  0.1892779E-06  0.1000000E-03           1
|11011100100100100000100000000100000> :  0.3603273E-05  0.1000000E-03           1
|00000101010000100001000000100000000> :  0.2391089E-07  0.1000000E-03           1
|01000101010001000000000000001000000> :  0.6760669E-07  0.1000000E-03           1
|00100101100000100100010000001000000> :  0.2502061E-08  0.1000000E-03           1
|00100110100000000100000001010100000> :  0.5655459E-10  0.1000000E-03           1
|01010110100000000100000010000000000> :  0.8546724E-07  0.1000000E-03           1
|01011110100100100000100001000100000> :  0.1854351E-05  0.1000000E-03           1
|11000000000000000001001000010010000> :  0.2811799E-03  0.1000000E-03           1
|01000000000000001000001000010010000> :  0.2112034E-05  0.1000000E-03           1
|00011100000100100001100001000000000> :  0.7165362E-06  0.1000000E-03           1
|11101100000100001100100001000100000> :  0.3371221E-06  0.1000000E-03           1
|01011000001100100000100001000100000> :  0.9041161E-07  0.1000000E-03           1
|00011100000010000100000000000000000> :  0.2244639E-07  0.1000000E-03           1
|10000000100001000000010000001010010> :  0.2496707E-08  0.1000000E-03           1
|00000100000000010000100100011000000> :  0.1364007E-08  0.1000000E-03           1
|00101000000100100000010000011100000> :  0.8587343E-08  0.1000000E-03           1
|00000011000000010100100000010000000> :  0.2169574E-07  0.1000000E-03           1
|01011010100100100000100000000100000> :  0.4289787E-05  0.1000000E-03           1
|01011000001100000000101001000100000> :  0.4671899E-07  0.1000000E-03           1
|01010010100100100000100000000100000> :  0.5536270E-06  0.1000000E-03           1
|00000000000000100010000100000000111> :  0.2191316E-04  0.1000000E-03           1
|01001010100100001000000101000100000> :  0.1126697E-06  0.1000000E-03           1
|00010000001000100100100001001000000> :  0.2030058E-06  0.1000000E-03           1
|01001000000100000000100001000100000> :  0.1019521E-05  0.1000000E-03           1
|00000010100000001100000100100000000> :  0.1874859E-05  0.1000000E-03           1
|00000010001110100000100000000000000> :  0.1261508E-05  0.1000000E-03           1
|00010000001000001100100001000100000> :  0.1390506E-07  0.1000000E-03           1
|00011010001100000000010100000100000> :  0.7950523E-07  0.1000000E-03           1
|00010001010100000100001000000000010> :  0.5988975E-07  0.1000000E-03           1
|10000010001000000010001101000000000> :  0.6216719E-07  0.1000000E-03           1
|01011000000101100000100010000100000> :  0.1061678E-04  0.1000000E-03           1
|00001010000110100010000000001000000> :  0.1171651E-08  0.1000000E-03           1
|01001010000110010000100000000100000> :  0.1043555E-05  0.1000000E-03           1
|01111000000100100100101001000100000> :  0.9783600E-05  0.1000000E-03           1
|00000010000110000000000000111000000> :  0.6056456E-07  0.1000000E-03           1
|01011010000101100100100001101100000> :  0.1778303E-06  0.1000000E-03           1
|01011000000100100100100101101000000> :  0.1425404E-08  0.1000000E-03           1
|01010000000100100000000001000100000> :  0.6316859E-05  0.1000000E-03           1
|00011000000100000000000101000100000> :  0.6549046E-05  0.1000000E-03           1
|10011000000000110000010101000100000> :  0.3428035E-05  0.1000000E-03           1
|11100000000000011000010000001000000> :  0.1030038E-08  0.1000000E-03           1
|01001010000100111000000000010000000> :  0.2956540E-06  0.1000000E-03           1
|00000000000100100000001000010000010> :  0.2423113E-05  0.1000000E-03           1
|01001010000100110100100001000100000> :  0.1361873E-04  0.1000000E-03           1
|01011010000100101000100001000100000> :  0.1567246E-04  0.1000000E-03           1
|00001000000100001000000100000100010> :  0.6753615E-04  0.1000000E-03           1
|01001010000100101000100001000100000> :  0.1401042E-04  0.1000000E-03           1
|00011000000100010100100101000100000> :  0.5986834E-05  0.1000000E-03           1
|01011010000100101000000001000100000> :  0.1862539E-05  0.1000000E-03           1
|00011010000100100000110001000100000> :  0.3874004E-04  0.1000000E-03           1
|00011000000100100100010000100100000> :  0.3509102E-05  0.1000000E-03           1
|01001010000100000000110000100000000> :  0.1347040E-06  0.1000000E-03           1
|00000000000110011000000000100000101> :  0.1003139E-07  0.1000000E-03           1
|11010000000000110000000000001010001> :  0.3593311E-08  0.1000000E-03           1
|00010010000010001100001110000000000> :  0.1676765E-06  0.1000000E-03           1
|11110000000100100010000000000100000> :  0.8517966E-07  0.1000000E-03           1
|00100000000011100000110010000000000> :  0.8860214E-08  0.1000000E-03           1
|00000000000101000000001100000000101> :  0.1040217E-03  0.1000000E-03           1
|00100000000100100000001001010010001> :  0.2524352E-06  0.1000000E-03           1
|00000001000000100110001010000010001> :  0.1692570E-05  0.1000000E-03           1
|10001000000000000000010001001000010> :  0.8328483E-07  0.1000000E-03           1
|11001000000000001000100001000100010> :  0.1377308E-06  0.1000000E-03           1
|00000000000001000010000001011000010> :  0.2083858E-07  0.1000000E-03           1
|00000000000001110010000100001100010> :  0.2988957E-07  0.1000000E-03           1
|00000000000010000000100100001000010> :  0.2603308E-06  0.1000000E-03           1
|00001000000000100110000100000100110> :  0.2938937E-07  0.1000000E-03           1
|01011000000100001100000000000100010> :  0.6041889E-06  0.1000000E-03           1
|00010000000100100000000100000100010> :  0.3909728E-04  0.1000000E-03           1
|10000000000010000100101110001000110> :  0.1277898E-08  0.1000000E-03           1
|10001000000100100000100101000000110> :  0.2549325E-05  0.1000000E-03           1
|10001000000100101010000100000000010> :  0.5424984E-06  0.1000000E-03           1
|01000000000101010001000100000100010> :  0.1053495E-06  0.1000000E-03           1
|01011000000101100000100001000100010> :  0.6570658E-05  0.1000000E-03           1
|11011000000110100100100001001100010> :  0.1369968E-07  0.1000000E-03           1
|00010000001100100000000100000000010> :  0.2696366E-04  0.1000000E-03           1
|00001000001110100000100100000000110> :  0.1814907E-04  0.1000000E-03           1
|00010000010001100010000100100000010> :  0.2297814E-07  0.1000000E-03           1
|10000000010011010010110001000100010> :  0.3821804E-12  0.1000000E-03           1
|00010000101100100001000100010000010> :  0.3211462E-06  0.1000000E-03           1
|10010001001001001000000010000000010> :  0.4846269E-10  0.1000000E-03           1
|00000001001100001000000000010000010> :  0.1808957E-04  0.1000000E-03           1
|00001010000100110000000100000100110> :  0.7157580E-05  0.1000000E-03           1
|00011010000100101000000100000100010> :  0.3788081E-06  0.1000000E-03           1
|10000010000110100000001100000000010> :  0.1605713E-06  0.1000000E-03           1
|00000010001010100000000110000000010> :  0.3361459E-06  0.1000000E-03           1
|00001010010000000000000001001000010> :  0.3323183E-07  0.1000000E-03           1
|00001011001100001001000000000000010> :  0.5429116E-07  0.1000000E-03           1
|00000101000100000010001100100000110> :  0.1400781E-05  0.1000000E-03           1
|10000100000000001100100000010000010> :  0.3215048E-08  0.1000000E-03           1
|01010000000100101000110001000000101> :  0.2836766E-09  0.1000000E-03           1
|00000000000000100010101110000000111> :  0.1146284E-05  0.1000000E-03           1
|10000100000100110000000000010000010> :  0.2274106E-06  0.1000000E-03           1
|00000100000101000001100100000000010> :  0.8531665E-07  0.1000000E-03           1
|10000000000000100110100100000000111> :  0.1153159E-05  0.1000000E-03           1
|00000100011100111010001000010000010> :  0.2138914E-11  0.1000000E-03           1
|00000110000010101100100100001000010> :  0.7272971E-10  0.1000000E-03           1
|00011000001100100000010100000010010> :  0.4238571E-05  0.1000000E-03           1
|00000000000001110110001100000000111> :  0.4390237E-04  0.1000000E-03           1
|00000010000000110110001100000010010> :  0.1195722E-05  0.1000000E-03           1
|00000010000100000000000001001010010> :  0.1187145E-06  0.1000000E-03           1
|10000000000000000010110100100000011> :  0.3107431E-06  0.1000000E-03           1
|00000000000000100100000101010100011> :  0.1958338E-07  0.1000000E-03           1
|00000000000000100100001100000000011> :  0.6647820E-05  0.1000000E-03           1
|00000000000000100110001000000000011> :  0.1565754E-04  0.1000000E-03           1
|00000001000000100010001000110000111> :  0.8568385E-05  0.1000000E-03           1
|11000010000010000011010000100000000> :  0.1067923E-09  0.1000000E-03           1
|00000000000010100110101100000000011> :  0.2151228E-04  0.1000000E-03           1
|00000001000100010010001000000000111> :  0.5636093E-07  0.1000000E-03           1
|00000001010000100000001100000000111> :  0.1699240E-04  0.1000000E-03           1
|00000000000100100000000000110000011> :  0.1408732E-03  0.1000000E-03           1
|00110010000100000000010000000000111> :  0.3013428E-07  0.1000000E-03           1
|00000000001100001000000000010000011> :  0.4359267E-04  0.1000000E-03           1
|00000000001100001000000100000000011> :  0.1619748E-03  0.1000000E-03           1
|00000100001100000000100100000010111> :  0.2757710E-07  0.1000000E-03           1
|01000000000001100000000001001001000> :  0.2999854E-07  0.1000000E-03           1
|10010000001100110000000100000000011> :  0.7698932E-07  0.1000000E-03           1
|00010000011000110000000100000000011> :  0.1389703E-06  0.1000000E-03           1
|00000001000000000100001101000000011> :  0.1695760E-06  0.1000000E-03           1
|01011000000100101000100001000101000> :  0.1501400E-05  0.1000000E-03           1
|00000001000000100110001110000000011> :  0.2816805E-04  0.1000000E-03           1
|00000001010000101010000000000000011> :  0.8426725E-07  0.1000000E-03           1
|00000010000000100010011100010000011> :  0.2267404E-05  0.1000000E-03           1
|00011010000100000000100000000100011> :  0.7806335E-07  0.1000000E-03           1
|00100010000100100000001000001000011> :  0.2822313E-07  0.1000000E-03           1
|00000010001000100000010100100000011> :  0.9602834E-07  0.1000000E-03           1
|00010100001100100001000100000000011> :  0.6007262E-05  0.1000000E-03           1
|00001101000000001000000010010000011> :  0.8609997E-07  0.1000000E-03           1
|00000110000000100001001000010000011> :  0.2212821E-06  0.1000000E-03           1
|10000000000000000010000001001010011> :  0.1457947E-06  0.1000000E-03           1
|00000000000011000010001100000001001> :  0.1407613E-03  0.1000000E-03           1
|00000000000000001000001000010010011> :  0.8611545E-05  0.1000000E-03           1
|00000000000000100000001000010010011> :  0.7696206E-04  0.1000000E-03           1
|01000000000000000010100010010011001> :  0.1064181E-05  0.1000000E-03           1
|01010000000010000010000000011011001> :  0.3130967E-07  0.1000000E-03           1
|00010000000110000000100000000010011> :  0.3349645E-06  0.1000000E-03           1
|00000000001000100010001001010010011> :  0.2875613E-05  0.1000000E-03           1
|01000000010001100000000000010010011> :  0.1567549E-07  0.1000000E-03           1
|01000000000000010000000000010010001> :  0.9024626E-06  0.1000000E-03           1
|01000000000000001000001000010010001> :  0.4443100E-04  0.1000000E-03           1
|00000010000000111000000000010100000> :  0.1272910E-08  0.1000000E-03           1
|11011000000100100001100001000000000> :  0.6418907E-06  0.1000000E-03           1
|01000000000000000010001000010010001> :  0.1547550E-03  0.1000000E-03           1
|00000110000110000000000000001000100> :  0.4311058E-07  0.1000000E-03           1
|00000010000000010101000000001000000> :  0.5324265E-07  0.1000000E-03           1
|01011110000100100100100001000100001> :  0.1523402E-05  0.1000000E-03           1
|01001100010100100000000100000100100> :  0.1040543E-06  0.1000000E-03           1
|00000110000100010000000000001000001> :  0.8671082E-07  0.1000000E-03           1
|01000010000000001100000000001000000> :  0.2604044E-06  0.1000000E-03           1
|01000000000100010000100001000100000> :  0.7173159E-05  0.1000000E-03           1
|00010100100100010000100001000000001> :  0.5213475E-07  0.1000000E-03           1
|00011100000100001000100001000100001> :  0.3747519E-06  0.1000000E-03           1
|01000001101001010000000000001000000> :  0.1363164E-08  0.1000000E-03           1
|00000010011000010010001000000000001> :  0.1126046E-09  0.1000000E-03           1
|00000001100000000010000001100000001> :  0.1109501E-07  0.1000000E-03           1
|11001001010000000100000001000000000> :  0.4934842E-09  0.1000000E-03           1
|01000000000100100001000001100000000> :  0.3353899E-04  0.1000000E-03           1
|00000001001000000011000010000000001> :  0.1073604E-06  0.1000000E-03           1
|01000001000010000010001001000100001> :  0.3274936E-06  0.1000000E-03           1
|01001001001000001000000000101000000> :  0.4818102E-08  0.1000000E-03           1
|00001001000000001000100110000000001> :  0.3874954E-08  0.1000000E-03           1
|01000010000100100001010001000100100> :  0.3099931E-06  0.1000000E-03           1
|00000000010101010100000000000000001> :  0.2123733E-07  0.1000000E-03           1
|00100001000101000001100000100000000> :  0.6098046E-07  0.1000000E-03           1
|00011000000100100000100101000100000> :  0.8940902E-05  0.1000000E-03           1
|01011000000000100000100001000100000> :  0.6161406E-04  0.1000000E-03           1
|01000000010000001000010001100000001> :  0.3979947E-07  0.1000000E-03           1
|11010000010000000000001000000100001> :  0.6924850E-08  0.1000000E-03           1
|01001001000100100000101001000100000> :  0.2358041E-04  0.1000000E-03           1
|00000000001100100110110000000000001> :  0.2721990E-07  0.1000000E-03           1
|10001000000110011000000100000000001> :  0.8086391E-09  0.1000000E-03           1
|01011001000100100000101000000100000> :  0.2575811E-06  0.1000000E-03           1
|00011000000100100000100001011000000> :  0.3888283E-06  0.1000000E-03           1
|11011000000100110000000100000000001> :  0.1222358E-05  0.1000000E-03           1
|01001000100100000000000001000000100> :  0.1379828E-04  0.1000000E-03           1
|01011001000100100000100011001100000> :  0.8079023E-07  0.1000000E-03           1
|00000000010010001000110000000100100> :  0.1168425E-07  0.1000000E-03           1
|00000000010000000000000111000100100> :  0.1049591E-03  0.1000000E-03           1
|00001000010000000000000101000100100> :  0.7384011E-04  0.1000000E-03           1
|10000000000011000000010000010000001> :  0.5151541E-04  0.1000000E-03           1
|01001000000100010000000001000100000> :  0.2292624E-05  0.1000000E-03           1
|00110000001110100000100100000000100> :  0.2401739E-06  0.1000000E-03           1
|01001000001110100000100001000100100> :  0.9488881E-05  0.1000000E-03           1
|01000000001100100100100001000100100> :  0.2096804E-04  0.1000000E-03           1
|00001000000110100000100000001100100> :  0.4423166E-05  0.1000000E-03           1
|00000001000100000000101101000100000> :  0.2601980E-06  0.1000000E-03           1
|00001000000110100000000101001100100> :  0.3939306E-05  0.1000000E-03           1
|00001000000101100001000011000100100> :  0.8441567E-07  0.1000000E-03           1
|00000000000001010100100000001000001> :  0.8029984E-06  0.1000000E-03           1
|01001000010100100001000001010100100> :  0.1264011E-05  0.1000000E-03           1
|01000000000101100000100001001100100> :  0.1105442E-04  0.1000000E-03           1
|01001000000101100000100000001100100> :  0.9393939E-05  0.1000000E-03           1
|00001000100101000100100001000000100> :  0.6948820E-05  0.1000000E-03           1
|01001001000000000000101100000000100> :  0.1253443E-07  0.1000000E-03           1
|00000001000001000010100000100000100> :  0.1474472E-06  0.1000000E-03           1
|00100001000100010000000001010000100> :  0.1544052E-07  0.1000000E-03           1
|01001001000100100000100001100100100> :  0.3435592E-04  0.1000000E-03           1
|01001001000100100010100001000100100> :  0.3513158E-04  0.1000000E-03           1
|10000001000101100000000000100000100> :  0.4827299E-06  0.1000000E-03           1
|00001001000101100000100001000000100> :  0.3877142E-05  0.1000000E-03           1
|01000001000101100000100001000000100> :  0.1741679E-05  0.1000000E-03           1
|00001010000100000000110001000000100> :  0.3191480E-06  0.1000000E-03           1
|01010000000001001000000000101000001> :  0.2896690E-06  0.1000000E-03           1
|00010001000010001000000100001100000> :  0.3653576E-08  0.1000000E-03           1
|01001010000100101000100001000100100> :  0.3351786E-04  0.1000000E-03           1
|01001010000100110000100001000100100> :  0.3441484E-04  0.1000000E-03           1
|01001010000100110100100001000100100> :  0.5531301E-04  0.1000000E-03           1
|00001010001100000100100000000000100> :  0.1356681E-05  0.1000000E-03           1
|00001010001100100000000001000100100> :  0.1776076E-05  0.1000000E-03           1
|01000010100000110000000000100000100> :  0.1860109E-07  0.1000000E-03           1
|00100010100100000000110001000000100> :  0.2755122E-06  0.1000000E-03           1
|01001010100100100100100001000100100> :  0.7274983E-04  0.1000000E-03           1
|00000100000000000110001100000000100> :  0.6716383E-05  0.1000000E-03           1
|10001100000000100001000000001000100> :  0.6190796E-07  0.1000000E-03           1
|00000100000001000010001100000000100> :  0.1431756E-03  0.1000000E-03           1
|01011100000100100001000001000000100> :  0.2926160E-06  0.1000000E-03           1
|00000100000101000000001100000000100> :  0.2774313E-03  0.1000000E-03           1
|10010100000101100000001100000000100> :  0.1677771E-08  0.1000000E-03           1
|11001000000100110000100001000100100> :  0.4806350E-04  0.1000000E-03           1
|11001000000100101000100001000100100> :  0.4252186E-04  0.1000000E-03           1
|00001110000000000000100101000100100> :  0.6115392E-06  0.1000000E-03           1
|01000110000000100010000001000100100> :  0.2270067E-05  0.1000000E-03           1
|00010000000001000101000000110000001> :  0.4902831E-09  0.1000000E-03           1
|00001110000001000010000000001010100> :  0.7476832E-08  0.1000000E-03           1
|01000000000000100010001000000000101> :  0.9187035E-04  0.1000000E-03           1
|01001000000000100100100001100000101> :  0.1036233E-06  0.1000000E-03           1
|00010000000000110110001100000000101> :  0.2089745E-04  0.1000000E-03           1
|00000000000001101010011100000000101> :  0.4217185E-05  0.1000000E-03           1
|01001000000100100000000010001000101> :  0.5552514E-06  0.1000000E-03           1
|01011000000100100010110001000100100> :  0.2237437E-05  0.1000000E-03           1
|11000000000100100010100001000100100> :  0.2055507E-04  0.1000000E-03           1
|01000000000000100010001000010000001> :  0.7601618E-04  0.1000000E-03           1
|10000001000010000001010000010000000> :  0.4055329E-04  0.1000000E-03           1
|00001000000101000001000110000000101> :  0.7255442E-08  0.1000000E-03           1
|00010000000000011010000000011000001> :  0.6307876E-07  0.1000000E-03           1
|00000000001100100000100000000000101> :  0.1577546E-04  0.1000000E-03           1
|00000000001101000000000100000000101> :  0.1343801E-03  0.1000000E-03           1
|00000000010000100010011100000000101> :  0.6672163E-06  0.1000000E-03           1
|00000000010000100010011100001000101> :  0.2932664E-05  0.1000000E-03           1
|10000001000101000000001010000000101> :  0.2733734E-08  0.1000000E-03           1
|01000010000100100001000001000100101> :  0.1506007E-05  0.1000000E-03           1
|01100100000100000000100001000100101> :  0.6611596E-06  0.1000000E-03           1
|10110100000100000001100000011000101> :  0.4137966E-13  0.1000000E-03           1
|10000110110000000000000000000000101> :  0.3496231E-08  0.1000000E-03           1
|00010000000100000000011000000010101> :  0.5107287E-07  0.1000000E-03           1
|00001000000000100000000100000100110> :  0.9314122E-05  0.1000000E-03           1
|00100000000000100010000100000000110> :  0.4331319E-04  0.1000000E-03           1
|01000000000100100001000000000100100> :  0.8548604E-05  0.1000000E-03           1
|00000000000000100010001100000000110> :  0.2728051E-04  0.1000000E-03           1
|00100000000000100011101100000000110> :  0.4736507E-05  0.1000000E-03           1
|11011000000100100000100001000100100> :  0.2821778E-04  0.1000000E-03           1
|00000000000000010010000100100000001> :  0.1950680E-05  0.1000000E-03           1
|00001000000000100110100000100100110> :  0.1069915E-05  0.1000000E-03           1
|00000000000001100000100100001100110> :  0.1178873E-06  0.1000000E-03           1
|00001000000001100110100000000000110> :  0.1377786E-06  0.1000000E-03           1
|00000000000001111111000100000000110> :  0.8728423E-09  0.1000000E-03           1
|10011000110000001001001000100000000> :  0.4510475E-11  0.1000000E-03           1
|00000000000100100000000100000100110> :  0.3487545E-04  0.1000000E-03           1
|01011000000100001100000001000100000> :  0.4034815E-05  0.1000000E-03           1
|01011000000100100000100001000100100> :  0.3016553E-04  0.1000000E-03           1
|00001000000100101000000100000100110> :  0.2812753E-06  0.1000000E-03           1
|01001000000101100000100001000100110> :  0.3729338E-04  0.1000000E-03           1
|00001000000110100000000100100100110> :  0.9953440E-05  0.1000000E-03           1
|10000000001000010000000010001000110> :  0.1152675E-07  0.1000000E-03           1
|00100000001000100100000100100100110> :  0.1032386E-06  0.1000000E-03           1
|00001100000110100000000000000010000> :  0.4583241E-06  0.1000000E-03           1
|00001000001100100000000100000100110> :  0.3248170E-04  0.1000000E-03           1
|00001000001100100000000110001000110> :  0.7134082E-05  0.1000000E-03           1
|00001000001100101000010100000000110> :  0.6365811E-06  0.1000000E-03           1
|00001000001110100000100000000000110> :  0.2220113E-05  0.1000000E-03           1
|00010100000100000000100100000110000> :  0.5647714E-07  0.1000000E-03           1
|00001000001110101000000100000000110> :  0.3095572E-04  0.1000000E-03           1
|00010000101111000000001000000100000> :  0.1261407E-09  0.1000000E-03           1
|10001000010000000100000100001000110> :  0.1486811E-06  0.1000000E-03           1
|00010000010000000100001000010000110> :  0.2379022E-07  0.1000000E-03           1
|00001000010100010000010100000000110> :  0.1069571E-07  0.1000000E-03           1
|01001000010100100100000000000100110> :  0.6289509E-05  0.1000000E-03           1
|00000000011000000100000100100100110> :  0.6797213E-07  0.1000000E-03           1
|00001000011100100000010100000000110> :  0.1406766E-04  0.1000000E-03           1
|00000001010000000010000100100100110> :  0.1419812E-06  0.1000000E-03           1
|00000010000000000111001110000100110> :  0.4582572E-10  0.1000000E-03           1
|00011010000100000000100001000100110> :  0.4348547E-06  0.1000000E-03           1
|01000000000100100000100001000000100> :  0.1370898E-03  0.1000000E-03           1
|00000010010100000000000001001000110> :  0.2356561E-06  0.1000000E-03           1
|00000010100100100000000100000100110> :  0.3589078E-06  0.1000000E-03           1
|00000100000000000100000110000000110> :  0.4823095E-05  0.1000000E-03           1
|00000100000000000100001010000000110> :  0.2497347E-05  0.1000000E-03           1
|00000100000000000100001100000000110> :  0.1401949E-04  0.1000000E-03           1
|00000100000000000100001110000000110> :  0.2955691E-03  0.1000000E-03           1
|10000011001001000000011000000010000> :  0.4327221E-08  0.1000000E-03           1
|00110100000010100000000100000000110> :  0.7557005E-06  0.1000000E-03           1
|00000011000000110001000001000010000> :  0.8706161E-08  0.1000000E-03           1
|00000100001000000111000000010000110> :  0.2179683E-09  0.1000000E-03           1
|00000000101100010000001100100100000> :  0.3094051E-07  0.1000000E-03           1
|01001000000100100000100001000100000> :  0.1671672E-04  0.1000000E-03           1
|00000110000100000100101000000000110> :  0.4273942E-06  0.1000000E-03           1
|00100000001000100000000100100010110> :  0.2693681E-06  0.1000000E-03           1
|01001000000100100000100000000000100> :  0.9815130E-05  0.1000000E-03           1
|00100010000001010010000100100010000> :  0.1682903E-07  0.1000000E-03           1
|00000000000100100000000101000100100> :  0.1177104E-04  0.1000000E-03           1
|01001000100110000000100001001000000> :  0.2716089E-05  0.1000000E-03           1
|00001000000100100000000101000000100> :  0.5132600E-04  0.1000000E-03           1
|00001000000100100000000100000100100> :  0.2984674E-04  0.1000000E-03           1
|01001000000100100000000001000000100> :  0.1329413E-04  0.1000000E-03           1
|00000001000000100001001000100110000> :  0.1245930E-07  0.1000000E-03           1
|00000000000000100110001101010000111> :  0.5488494E-04  0.1000000E-03           1
|11001000100100100000100001000100000> :  0.5631156E-05  0.1000000E-03           1
|01110000000100011001000000000000100> :  0.1102461E-06  0.1000000E-03           1
|00011000000100010000000101001100100> :  0.8648261E-06  0.1000000E-03           1
|00000000000000100110101100010000111> :  0.6494506E-04  0.1000000E-03           1
|00010000000000100111001100000000111> :  0.3908315E-04  0.1000000E-03           1
|00010000000000110100001100000000111> :  0.1763854E-04  0.1000000E-03           1
|01000001000000001001000000010010000> :  0.8959098E-04  0.1000000E-03           1
|00000000000001100110001101000000111> :  0.4014881E-04  0.1000000E-03           1
|01100000000100000100100011011000100> :  0.5957129E-10  0.1000000E-03           1
|00000000000010100110100100000000111> :  0.1699730E-04  0.1000000E-03           1
|00000000000010100110101000000000111> :  0.1793871E-04  0.1000000E-03           1
|00000000000010101110001100000000111> :  0.5340268E-04  0.1000000E-03           1
|00001000000100100000000110000001110> :  0.1410565E-04  0.1000000E-03           1
|10000000000100010000000000001000111> :  0.5882820E-07  0.1000000E-03           1
|01001000000100000000100001000100100> :  0.8782685E-04  0.1000000E-03           1
|10000000100011000100010001010000000> :  0.2318579E-08  0.1000000E-03           1
|00001000000100000000100001000100100> :  0.2271902E-04  0.1000000E-03           1
|00001000001100100000000100000000111> :  0.1798685E-04  0.1000000E-03           1
|01000000100000100001001010000000111> :  0.2201858E-07  0.1000000E-03           1
|10000000100000100110001100000000111> :  0.7439004E-04  0.1000000E-03           1
|00001000000100000000000101000100100> :  0.4526793E-04  0.1000000E-03           1
|00000000110000100110000100000000111> :  0.2754657E-04  0.1000000E-03           1
|10000000011010000000010000100010000> :  0.3499128E-07  0.1000000E-03           1
|00000001000000100100001100000100111> :  0.2318810E-04  0.1000000E-03           1
|01000000000001100100101000000100100> :  0.2574614E-06  0.1000000E-03           1
|01000000000000100001000001000100100> :  0.7861768E-04  0.1000000E-03           1
|00000001000000100110101110000000111> :  0.2259125E-04  0.1000000E-03           1
|00000001000001110110001101000000111> :  0.1420961E-06  0.1000000E-03           1
|00000000011000010000011000000010000> :  0.1208867E-07  0.1000000E-03           1
|00000001000100100010001000000100111> :  0.1458016E-05  0.1000000E-03           1
|00000000100000101100000101100000000> :  0.4734741E-06  0.1000000E-03           1
|00000010000000100010011100000000111> :  0.1424219E-05  0.1000000E-03           1
|00000010000000110110000100000000111> :  0.2026917E-04  0.1000000E-03           1
|00000010000010100110001100000000111> :  0.5588679E-04  0.1000000E-03           1
|11111000000100100000100001000000000> :  0.1367622E-04  0.1000000E-03           1
|00000010001000000100000101000000111> :  0.9786319E-07  0.1000000E-03           1
|00000010001100100000000100001000111> :  0.1425994E-04  0.1000000E-03           1
|01001000000000100000100011010000100> :  0.4496739E-06  0.1000000E-03           1
|00000000000000100110101100000010111> :  0.3482743E-05  0.1000000E-03           1
|00010000100010100110000100000010111> :  0.4327398E-08  0.1000000E-03           1
|01001000000000100000000001000100100> :  0.3677046E-04  0.1000000E-03           1
|00111000000000000100000001000001000> :  0.1980065E-08  0.1000000E-03           1
|11000000010100000100000000010010000> :  0.2611765E-07  0.1000000E-03           1
|01000000000010000001001000010001000> :  0.1127228E-03  0.1000000E-03           1
|00000000000011000010001010011001000> :  0.3491225E-06  0.1000000E-03           1
|11000000000000000001001010000000100> :  0.7627363E-04  0.1000000E-03           1
|01001000000100000100000000100001000> :  0.3339033E-06  0.1000000E-03           1
|00100000000100010110000100000101000> :  0.2556246E-09  0.1000000E-03           1
|00101000000100100000000000001101000> :  0.2043132E-06  0.1000000E-03           1
|00100000000100100000010001001001000> :  0.9790753E-07  0.1000000E-03           1
|00000100110000000000000100000010011> :  0.1492561E-07  0.1000000E-03           1
|00000000001100100100000100000101000> :  0.9046226E-08  0.1000000E-03           1
|00000000100000101000111000000001000> :  0.9681709E-09  0.1000000E-03           1
|00000000101000010100000101000001000> :  0.1679854E-07  0.1000000E-03           1
|01100001000010000001000000000001000> :  0.7573857E-04  0.1000000E-03           1
|00000001001000000101000000110001000> :  0.1138441E-08  0.1000000E-03           1
|00001010000010000110000000000001000> :  0.3878352E-06  0.1000000E-03           1
|00001100000000000100010001001001000> :  0.2107214E-07  0.1000000E-03           1
|00000100000001000010001000010001000> :  0.1925440E-04  0.1000000E-03           1
|10001100000100100000000100000001000> :  0.4097053E-09  0.1000000E-03           1
|01000000000000000001001000010011000> :  0.1308031E-03  0.1000000E-03           1
|00100000001000100100000000100010000> :  0.3945603E-06  0.1000000E-03           1
|00000010000000010000000001001011000> :  0.8696428E-06  0.1000000E-03           1
|00000010100000010100000000000011000> :  0.4587313E-05  0.1000000E-03           1
|01000010100000011000000000000011000> :  0.7420893E-06  0.1000000E-03           1
|01000000000000000010001000010001001> :  0.5762387E-05  0.1000000E-03           1
|10000000011011000000000010001000000> :  0.8244009E-09  0.1000000E-03           1
|01000000000010000010000000010001001> :  0.9421504E-04  0.1000000E-03           1
|00000010000000100110011000000010011> :  0.6357951E-05  0.1000000E-03           1
|00000000000010000010001100000001001> :  0.3677268E-05  0.1000000E-03           1
|00000000000011000000010000010001001> :  0.4419462E-04  0.1000000E-03           1
|00000000000011000010000000010001001> :  0.4785995E-04  0.1000000E-03           1
|00000001010000100110001000000010011> :  0.3426198E-06  0.1000000E-03           1
|11010000000100100001000001000110000> :  0.8190612E-08  0.1000000E-03           1
|00000000000011000011101000010001001> :  0.1750443E-05  0.1000000E-03           1
|01000000001000000010001000010101001> :  0.1612245E-06  0.1000000E-03           1
|00000000000100000100001000011001011> :  0.2445499E-06  0.1000000E-03           1
|00000001000001100010000100010010011> :  0.2454123E-06  0.1000000E-03           1
|00000010000001100001001000010011010> :  0.1467676E-07  0.1000000E-03           1
|00000000000001000010000000010011001> :  0.4782258E-04  0.1000000E-03           1
|00000000100101000100001000000011010> :  0.1556840E-08  0.1000000E-03           1
|00000000100000100011000000001010011> :  0.1464165E-06  0.1000000E-03           1
|00000000000011000010001000010011001> :  0.6159605E-05  0.1000000E-03           1
|01000000001000000010011000010011001> :  0.5032706E-05  0.1000000E-03           1
|00000010000000110010000000001011001> :  0.2330320E-06  0.1000000E-03           1
|10000000000100100000000100000101010> :  0.6461786E-05  0.1000000E-03           1
|11011000000100100100100001000101010> :  0.8724698E-06  0.1000000E-03           1
|01100011000000000000010000001001010> :  0.1014131E-06  0.1000000E-03           1
|01011000010101100100000001000100000> :  0.2012102E-05  0.1000000E-03           1
|01000000000100001000100001000100000> :  0.1089027E-04  0.1000000E-03           1
|11000000000010000000001010000000000> :  0.7796017E-06  0.1000000E-03           1
|00000001010000000010001100000001011> :  0.4198980E-07  0.1000000E-03           1
|00001110000000000010000100000001011> :  0.1566216E-06  0.1000000E-03           1
|10000000001000110000000000000011011> :  0.3341860E-07  0.1000000E-03           1
|00001000000000000010001100100101100> :  0.2008687E-06  0.1000000E-03           1
|10100000000000010101000010100101100> :  0.1076807E-10  0.1000000E-03           1
|00001000000011000010000000001001100> :  0.2125925E-07  0.1000000E-03           1
|01001000000100100000100000100101100> :  0.1646619E-04  0.1000000E-03           1
|01001000000100100000101001000101100> :  0.7471728E-08  0.1000000E-03           1
|11001000000100101000100001000101100> :  0.4186530E-04  0.1000000E-03           1
|00001000000100110000000101000101100> :  0.8308427E-05  0.1000000E-03           1
|01001000000110100100100001100101100> :  0.1617804E-05  0.1000000E-03           1
|01000000011000000001001000010001100> :  0.9320759E-08  0.1000000E-03           1
|00011000000000100000000101000100000> :  0.6552962E-04  0.1000000E-03           1
|11001000100100100100100001000101100> :  0.3905836E-04  0.1000000E-03           1
|00001000101100000100000100000001100> :  0.8605719E-07  0.1000000E-03           1
|10001001001100000000100000000001100> :  0.2079566E-06  0.1000000E-03           1
|00001010000001000100000100000001100> :  0.5644549E-07  0.1000000E-03           1
|00000010000001010001000000000001100> :  0.6884438E-07  0.1000000E-03           1
|11001010000100110000100001000101100> :  0.2867025E-04  0.1000000E-03           1
|00000011000100000000000001000001100> :  0.1903730E-08  0.1000000E-03           1
|10000000001100011000000100000001101> :  0.3558633E-06  0.1000000E-03           1
|01000000000000001001001010000000000> :  0.5442582E-06  0.1000000E-03           1
|00001000000100101000000100000101110> :  0.2881521E-04  0.1000000E-03           1
|00000010000100010000000100000001110> :  0.6111089E-06  0.1000000E-03           1
|10000000000000010010000100000001111> :  0.3264852E-07  0.1000000E-03           1
|00000000000000101110001100000001111> :  0.5248617E-04  0.1000000E-03           1
|01000000000000110110000100001001111> :  0.7509305E-08  0.1000000E-03           1
|00000000000001010110000100000001111> :  0.2664443E-06  0.1000000E-03           1
|00000111000000110100001101000001111> :  0.1215812E-08  0.1000000E-03           1
|00100000000000000110001100100100000> :  0.6771823E-07  0.1000000E-03           1
