# state, exact probability, frequency, count:
#------------------------------------------------------------------
|00000000000000100110001100000000111> :  0.2707464E+00  0.2672000E+00        2672
|01011000000100100000100001000100000> :  0.1359570E+00  0.1381000E+00        1381
|01001000000100100000100001000100100> :  0.1340900E+00  0.1323000E+00        1323
|00000000001100100000000100000000111> :  0.5914385E-01  0.6110000E-01         611
|00001000000100100000000100000100110> :  0.5247097E-01  0.5750000E-01         575
|00001000001100100000000100000000110> :  0.5496749E-01  0.5530000E-01         553
|00000000000100100000001100000000111> :  0.2949324E-01  0.2900000E-01         290
|00011000001100100000000100000000010> :  0.2792800E-01  0.2820000E-01         282
|00011000000100100000000100000100010> :  0.2418840E-01  0.2480000E-01         248
|01000000000000000010001000010011001> :  0.2519562E-01  0.2420000E-01         242
|00001000000100100000000101000100100> :  0.1946143E-01  0.2020000E-01         202
|01000000000000100010001000010010001> :  0.2115680E-01  0.1970000E-01         197
|00010000001100100000000100000000011> :  0.2007315E-01  0.1890000E-01         189
|00000000000000100010001000010010011> :  0.1780603E-01  0.1720000E-01         172
|00000000000001000010001000010011001> :  0.1070831E-01  0.1210000E-01         121
|00011000000100100000000101000100000> :  0.1050069E-01  0.1160000E-01         116
|00000000000011000010001000010001001> :  0.6235866E-02  0.5800000E-02          58
|00000000000000100110001000000010011> :  0.4565543E-02  0.5300000E-02          53
|01000000000010000010001000010001001> :  0.4918392E-02  0.4800000E-02          48
|00001000000000100010000100000100110> :  0.4119298E-02  0.3800000E-02          38
|01001000000100100000100001000000100> :  0.1685693E-02  0.2300000E-02          23
|00000000000000100100001100000000111> :  0.2542300E-02  0.2200000E-02          22
|00000100000000000110001100000000110> :  0.1950661E-02  0.1800000E-02          18
|00001000000100100000100001000100100> :  0.1073270E-02  0.1500000E-02          15
|01000000000100100000001000010000001> :  0.1474175E-02  0.1200000E-02          12
|00000000000000100010001100000000111> :  0.1299238E-02  0.1200000E-02          12
|00001000010000000010000100000100110> :  0.7074879E-03  0.1100000E-02          11
|01000000000000100000001000010010001> :  0.6239387E-03  0.1000000E-02          10
|01001000000100010000100001000100000> :  0.7498306E-03  0.1000000E-02          10
|01000000000100100000000000110000001> :  0.4976539E-03  0.9000000E-03           9
|01000000000100100000100001000100100> :  0.1626781E-02  0.9000000E-03           9
|00011000000100100000100001000100000> :  0.1057016E-02  0.9000000E-03           9
|01000000000100100001000001000100100> :  0.1304140E-02  0.8000000E-03           8
|01000000000100100000001000000000101> :  0.6035928E-03  0.8000000E-03           8
|01000000000000001000001000010010001> :  0.6291315E-03  0.7000000E-03           7
|11000000000010000000001000010000001> :  0.2506649E-03  0.7000000E-03           7
|00000000000101000000001100000000101> :  0.7151958E-03  0.7000000E-03           7
|11000000000000000000001000010010001> :  0.5119428E-03  0.7000000E-03           7
|01000000000100001000001000010000001> :  0.4808508E-03  0.6000000E-03           6
|01000000000000000000001000010011001> :  0.5543347E-03  0.6000000E-03           6
|00000000000100100000001000010000011> :  0.9157978E-03  0.6000000E-03           6
|00000000000000100110001100000000101> :  0.6355284E-03  0.6000000E-03           6
|01001000100100000000100001000000100> :  0.4196926E-03  0.5000000E-03           5
|00000000000000100110001100000000011> :  0.2830701E-03  0.4000000E-03           4
|00000000000100100000000100100000011> :  0.1337736E-03  0.4000000E-03           4
|01011000000100100000000001000100000> :  0.4272050E-03  0.4000000E-03           4
|01011000000100100000100001000000000> :  0.5663077E-03  0.4000000E-03           4
|00000000000000100010000000110000011> :  0.1232455E-03  0.4000000E-03           4
|01000000000100100001001000010000000> :  0.1414690E-03  0.4000000E-03           4
|00000000001101001000000100000000001> :  0.2208982E-03  0.4000000E-03           4
|00000000001101000000000100000000101> :  0.3477542E-03  0.4000000E-03           4
|00000000000100001000001000010000011> :  0.4127631E-03  0.4000000E-03           4
|00000000000100001000001100000000011> :  0.3168502E-03  0.3000000E-03           3
|11000000000000000001001000010010000> :  0.1328427E-03  0.3000000E-03           3
|01011000000100100000100000000100000> :  0.1651009E-03  0.3000000E-03           3
|00000000000101001000001000010000001> :  0.3324972E-03  0.3000000E-03           3
|01100000000100100000100000000000100> :  0.2214207E-03  0.3000000E-03           3
|01000000000100100000100000100000001> :  0.2528072E-03  0.3000000E-03           3
|01001000000100001000100001000100000> :  0.2580000E-03  0.3000000E-03           3
|00000000000100100000001100000000101> :  0.3826705E-03  0.3000000E-03           3
|00000000000100000000001100000000111> :  0.7203663E-04  0.3000000E-03           3
|00000000001100001000000100000000011> :  0.5191745E-03  0.3000000E-03           3
|01001000000100000000100001000100100> :  0.2707953E-03  0.3000000E-03           3
|00001000010000000000000101000100100> :  0.7111712E-04  0.3000000E-03           3
|01011010000100100000110001000100000> :  0.1717649E-04  0.2000000E-03           2
|01000000000100100000100000000000101> :  0.4096727E-03  0.2000000E-03           2
|10000000000001000000001100000000101> :  0.2315072E-03  0.2000000E-03           2
|00000000000000100010001000000000111> :  0.2916176E-04  0.2000000E-03           2
|00000000000000000110001100000000111> :  0.4352943E-03  0.2000000E-03           2
|01000000000100100001000000110000000> :  0.6771025E-04  0.2000000E-03           2
|00001000001100100000100000000000100> :  0.1385849E-03  0.2000000E-03           2
|01000000000010000010001000010011001> :  0.1072638E-04  0.2000000E-03           2
|11101000000100100000100001000100100> :  0.7707553E-04  0.2000000E-03           2
|01000000000100100000100000000100100> :  0.4454575E-04  0.2000000E-03           2
|00000000000000100010000000010010011> :  0.7528263E-04  0.2000000E-03           2
|01001000001100100100100001000100100> :  0.8284802E-04  0.2000000E-03           2
|01010000000100100000100000000000001> :  0.1719272E-03  0.2000000E-03           2
|11000000000010000001001000010000000> :  0.2363078E-03  0.2000000E-03           2
|01000000000100001001001000010000000> :  0.5667102E-04  0.2000000E-03           2
|01011000000100001100100001000100000> :  0.3117213E-04  0.2000000E-03           2
|00001000001000100000000100000000110> :  0.1915127E-04  0.2000000E-03           2
|01000000000000100010001000010011001> :  0.2638893E-04  0.2000000E-03           2
|00000001000001100110001000000000111> :  0.4576153E-05  0.2000000E-03           2
|00000000010010000000000111000100000> :  0.5994287E-04  0.2000000E-03           2
|01001000000100100000100000000100100> :  0.3707540E-03  0.2000000E-03           2
|01001000000100100000100000000000100> :  0.2702833E-04  0.2000000E-03           2
|00000100001100001000000000010000010> :  0.7733963E-04  0.2000000E-03           2
|00000010000000100110101100000000111> :  0.2931164E-04  0.2000000E-03           2
|01011000000100000000100001000100000> :  0.1046059E-03  0.2000000E-03           2
|00000100000100001000001000010000010> :  0.6100067E-04  0.2000000E-03           2
|00000000000011000010001100000001001> :  0.6241722E-03  0.2000000E-03           2
|00000000001100001000000000010000011> :  0.3670264E-03  0.2000000E-03           2
|00000100000000000100001110000000110> :  0.1849982E-03  0.2000000E-03           2
|01000000000000100010001000010010011> :  0.1391111E-04  0.2000000E-03           2
|01001000000100100000000001000100100> :  0.1754732E-03  0.2000000E-03           2
|10011000001100100000000100000001010> :  0.1450270E-04  0.2000000E-03           2
|01001000000100100000100001000100000> :  0.1496910E-03  0.2000000E-03           2
|00000000000000100000001000010010011> :  0.1728534E-03  0.2000000E-03           2
|01001010100010100000000000100000000> :  0.1625049E-07  0.1000000E-03           1
|00000010100001000100100000010000000> :  0.7106483E-07  0.1000000E-03           1
|00011000000100110100100001000100000> :  0.1097217E-04  0.1000000E-03           1
|00000010010010000100001100001000000> :  0.8482655E-08  0.1000000E-03           1
|00000000100010001000100000001010001> :  0.6052437E-08  0.1000000E-03           1
|00011010001100100000100101000100000> :  0.5768338E-05  0.1000000E-03           1
|01011000000100110100000001000100000> :  0.9818139E-05  0.1000000E-03           1
|01011010001100100000100001000100000> :  0.1158740E-04  0.1000000E-03           1
|00000010001100000000000000101100000> :  0.1871453E-07  0.1000000E-03           1
|11011000000100110000100001000100000> :  0.3357310E-04  0.1000000E-03           1
|01000000000000100010001000000010001> :  0.6624572E-04  0.1000000E-03           1
|00000010001010001000110000000000000> :  0.1347802E-08  0.1000000E-03           1
|01000000000101110000001000001000101> :  0.5183665E-08  0.1000000E-03           1
|00000000000000100000111100001010001> :  0.8237665E-06  0.1000000E-03           1
|11001010000110100000000000000000000> :  0.2592580E-06  0.1000000E-03           1
|00000010001010000000000100010000101> :  0.3452158E-09  0.1000000E-03           1
|00000000000001001000001000010010001> :  0.1882885E-03  0.1000000E-03           1
|10000000000100000110011000010010001> :  0.2582198E-08  0.1000000E-03           1
|00000000001000100000001000100110001> :  0.7593491E-07  0.1000000E-03           1
|00000000001110000100000000100010001> :  0.1925694E-07  0.1000000E-03           1
|00011000000100100000000100000100110> :  0.3705126E-04  0.1000000E-03           1
|00000000110000110001000000000010001> :  0.6318639E-07  0.1000000E-03           1
|00001000000100001000000100000100010> :  0.1117867E-03  0.1000000E-03           1
|00000000000100100000000000110000010> :  0.1527876E-05  0.1000000E-03           1
|00001000001000100000000100000100110> :  0.4152499E-07  0.1000000E-03           1
|10010000000100100000100001000100010> :  0.2119571E-05  0.1000000E-03           1
|10011000000100100000100100000100010> :  0.2349510E-05  0.1000000E-03           1
|00001000001100001000000100000000010> :  0.2116938E-03  0.1000000E-03           1
|11011000000100101000100001000100000> :  0.4025148E-04  0.1000000E-03           1
|00001000000011000100000000001000000> :  0.1240621E-05  0.1000000E-03           1
|00000000000001000010001100000000101> :  0.2217833E-03  0.1000000E-03           1
|00000010010001010110000100000000001> :  0.4788173E-07  0.1000000E-03           1
|01011010000100100000100001000100001> :  0.4689249E-04  0.1000000E-03           1
|01010010000100100000110001000100000> :  0.2906448E-05  0.1000000E-03           1
|01001000000100100100100001100100000> :  0.1403498E-04  0.1000000E-03           1
|01010000110100110000010000110000001> :  0.1387419E-09  0.1000000E-03           1
|00101100000101000011000000000000100> :  0.1074476E-07  0.1000000E-03           1
|00001010000100000100000000001000000> :  0.2161808E-05  0.1000000E-03           1
|00010000001101000000000000010000001> :  0.8670335E-04  0.1000000E-03           1
|00001010000100100100010000000000100> :  0.1070049E-07  0.1000000E-03           1
|00001010000100100000100000001100100> :  0.1111266E-05  0.1000000E-03           1
|00000000001100110010010001010000001> :  0.1827588E-09  0.1000000E-03           1
|00000010000010010100000000001000000> :  0.1391370E-05  0.1000000E-03           1
|10010000001100100000100100001000001> :  0.4627770E-06  0.1000000E-03           1
|00000000000101001000001100000000001> :  0.2475395E-03  0.1000000E-03           1
|00000010000010000100100000001000000> :  0.9184717E-05  0.1000000E-03           1
|00001000101100000000000100000000100> :  0.1403128E-04  0.1000000E-03           1
|01010000100100010001000001010000100> :  0.2326480E-07  0.1000000E-03           1
|00010010000010000011000000001000000> :  0.3752072E-07  0.1000000E-03           1
|00001000100100000000000101000000100> :  0.2692173E-04  0.1000000E-03           1
|00010001100100100000010000100000000> :  0.1212094E-09  0.1000000E-03           1
|01001000000101100100100000000000100> :  0.1412593E-05  0.1000000E-03           1
|01101000000100100100100001000100100> :  0.6759453E-04  0.1000000E-03           1
|01001000000100100100100000100100100> :  0.2572346E-05  0.1000000E-03           1
|00000000000100100000000000110000001> :  0.3578211E-05  0.1000000E-03           1
|01011001010100100000100001000100000> :  0.2101252E-05  0.1000000E-03           1
|11011000000100100000100001000100000> :  0.2067290E-05  0.1000000E-03           1
|01001000000000100000100001000100000> :  0.2565824E-05  0.1000000E-03           1
|01010000000100100000000000010000001> :  0.2231788E-03  0.1000000E-03           1
|00000001010000110000001000000000000> :  0.1662677E-05  0.1000000E-03           1
|10000000000011000000001100000000001> :  0.5329355E-04  0.1000000E-03           1
|10010000000010010100010000100000001> :  0.2015651E-07  0.1000000E-03           1
|01011001000101100000100001000100000> :  0.3642328E-04  0.1000000E-03           1
|01000000000100100000100001000000100> :  0.4877533E-04  0.1000000E-03           1
|00000000000001001100000100101000001> :  0.7626104E-06  0.1000000E-03           1
|00000001000001100000001010100000000> :  0.2006618E-06  0.1000000E-03           1
|10110000000000110000000110000000001> :  0.2271393E-08  0.1000000E-03           1
|10000000000000101000001100000001111> :  0.1262340E-06  0.1000000E-03           1
|10010000000000010100000000001000001> :  0.2901067E-05  0.1000000E-03           1
|00001000110100111000000101000000000> :  0.4124510E-06  0.1000000E-03           1
|10001000000100000011000000001000000> :  0.1398482E-07  0.1000000E-03           1
|00000000100000000100000100100001110> :  0.2373199E-07  0.1000000E-03           1
|00001000000100000000000101000100100> :  0.3736698E-04  0.1000000E-03           1
|01000000000000001100100100001000001> :  0.2325099E-06  0.1000000E-03           1
|00100000000000100100000000011100100> :  0.8712969E-08  0.1000000E-03           1
|01001000000000100000100001011100100> :  0.1608265E-06  0.1000000E-03           1
|00000000000000110110001100000001111> :  0.7427616E-04  0.1000000E-03           1
|00001000000100100000000101000000100> :  0.2869072E-04  0.1000000E-03           1
|00010000000000001100000000101000001> :  0.1538720E-04  0.1000000E-03           1
|00001000110000111000100000000000000> :  0.5526175E-06  0.1000000E-03           1
|00001000000100100100000000000101010> :  0.7173251E-06  0.1000000E-03           1
|00000000000000100100100000001001010> :  0.6863525E-07  0.1000000E-03           1
|11000110000000000100000010000010000> :  0.3380734E-08  0.1000000E-03           1
|00000000000101000010001010010011001> :  0.4782814E-06  0.1000000E-03           1
|00000000000001000010000000010011001> :  0.1000497E-04  0.1000000E-03           1
|00000100001000010001000000100010000> :  0.3411834E-08  0.1000000E-03           1
|10010000101011000000000000001000000> :  0.2071619E-08  0.1000000E-03           1
|10000000000000101000001000011011001> :  0.2407010E-07  0.1000000E-03           1
|00000000000000001000001000010010011> :  0.1580006E-03  0.1000000E-03           1
|00000010101000000000001011000010000> :  0.8488330E-09  0.1000000E-03           1
|11001000000100100010100001000100100> :  0.8400881E-04  0.1000000E-03           1
|01001000000100100100000101100100100> :  0.3566152E-05  0.1000000E-03           1
|00000110000010100000001000010000011> :  0.7328036E-07  0.1000000E-03           1
|00000010100000101000001100000000011> :  0.1930835E-05  0.1000000E-03           1
|00000010000001010100000000001010000> :  0.1332078E-05  0.1000000E-03           1
|00001000001100100000000100000000100> :  0.6012563E-04  0.1000000E-03           1
|00000000100110000000100100011000000> :  0.1044827E-06  0.1000000E-03           1
|00000010000000110110001000000000011> :  0.7859477E-06  0.1000000E-03           1
|00000001010000100010001100000000011> :  0.1902836E-05  0.1000000E-03           1
|01000010000000000010001000010010000> :  0.1949432E-03  0.1000000E-03           1
|00010001000000000000010100001000011> :  0.1230455E-09  0.1000000E-03           1
|00000000001000010100000000000111000> :  0.1273414E-06  0.1000000E-03           1
|00000000011100101000001100010000011> :  0.4331379E-07  0.1000000E-03           1
|00001000101100000000100000000000100> :  0.2049689E-04  0.1000000E-03           1
|01100001000100110000000001000100100> :  0.3117976E-07  0.1000000E-03           1
|00001001000101100000100001000100100> :  0.8796263E-06  0.1000000E-03           1
|00010001100010001001010001100000100> :  0.1530026E-11  0.1000000E-03           1
|01000010000100000000110001000100100> :  0.1101199E-05  0.1000000E-03           1
|00001001100000001100000000011010000> :  0.8005921E-07  0.1000000E-03           1
|10000000100101010000100001000000000> :  0.1456806E-08  0.1000000E-03           1
|01001010010110000000000001000100100> :  0.4380927E-08  0.1000000E-03           1
|00010100000010001010000100000000100> :  0.8206039E-08  0.1000000E-03           1
|11011000000100000010100000000100000> :  0.1356480E-05  0.1000000E-03           1
|00000100010000000100100011100000100> :  0.7605243E-09  0.1000000E-03           1
|00000100100100001100001000001000100> :  0.1377959E-07  0.1000000E-03           1
|00001100101100110000100001000000100> :  0.1370438E-07  0.1000000E-03           1
|00000110000000110000000000001000100> :  0.3148039E-07  0.1000000E-03           1
|01001000000110100000100001000110100> :  0.2452515E-04  0.1000000E-03           1
|00000000100000000000101101010010100> :  0.1860663E-08  0.1000000E-03           1
|01010011000000000010000000100010100> :  0.2149362E-07  0.1000000E-03           1
|01000000000001000000000100111000000> :  0.6322809E-08  0.1000000E-03           1
|00110000001100110000001100000000011> :  0.2969960E-07  0.1000000E-03           1
|00011000001100100000000100000000011> :  0.1742165E-04  0.1000000E-03           1
|00000001000001010000100000001010000> :  0.6535049E-07  0.1000000E-03           1
|00010010001010001000000100000001000> :  0.6330030E-08  0.1000000E-03           1
|00000010000100000110000100000101000> :  0.3157381E-07  0.1000000E-03           1
|00001000011000000000100010000110000> :  0.2311684E-07  0.1000000E-03           1
|00110000100011000000000111000100000> :  0.3182304E-09  0.1000000E-03           1
|10000000001001000000000100000000101> :  0.5268903E-04  0.1000000E-03           1
|00000010000001010010001000001001000> :  0.2347889E-07  0.1000000E-03           1
|00101000001000100100000000010000011> :  0.3218781E-06  0.1000000E-03           1
|00000010100100110000000100000000101> :  0.1215106E-07  0.1000000E-03           1
|00010100110000000000000100000000101> :  0.1490229E-06  0.1000000E-03           1
|00000000000010000000100000011010101> :  0.9460984E-07  0.1000000E-03           1
|00000001010000100010001000001010101> :  0.4497580E-06  0.1000000E-03           1
|01011000000110100000100001000110000> :  0.2078491E-04  0.1000000E-03           1
|00000000000000100110001100000000110> :  0.1673606E-03  0.1000000E-03           1
|00000000000100000000000100000100110> :  0.9204981E-06  0.1000000E-03           1
|00001000000100100000000100000000110> :  0.3807533E-04  0.1000000E-03           1
|00000000001000000010000001011000011> :  0.2100221E-07  0.1000000E-03           1
|10101000010010000000000000000101000> :  0.1877379E-07  0.1000000E-03           1
|00001000000100100000000101000100110> :  0.2597387E-04  0.1000000E-03           1
|11001000000100100000100001000100110> :  0.2843829E-04  0.1000000E-03           1
|10001000000100100000100101000100110> :  0.1417206E-04  0.1000000E-03           1
|00101000000100101100000100000100110> :  0.8343438E-07  0.1000000E-03           1
|01001000000110100000100001000100110> :  0.2928227E-05  0.1000000E-03           1
|00011000000110100000100100000100110> :  0.3343857E-05  0.1000000E-03           1
|01000000000000100010001000010010000> :  0.5227759E-04  0.1000000E-03           1
|01010000100010001000000001110000000> :  0.1100339E-06  0.1000000E-03           1
|10000000001000111000000100000000110> :  0.1394875E-06  0.1000000E-03           1
|10001000001100000000100000001000110> :  0.2171563E-05  0.1000000E-03           1
|01001000000100100000100001000000000> :  0.4491994E-05  0.1000000E-03           1
|01001000001100100100100000000100110> :  0.7263531E-06  0.1000000E-03           1
|00000000010000000000000110000100110> :  0.3865372E-04  0.1000000E-03           1
|11001000000100100000000001000001000> :  0.1601907E-05  0.1000000E-03           1
|00100000010101100100000100000000110> :  0.2704931E-06  0.1000000E-03           1
|01000000000010000001001000010001000> :  0.1666053E-03  0.1000000E-03           1
|01000000000000100001001000010010000> :  0.4061827E-04  0.1000000E-03           1
|00010000000000011100000100000001000> :  0.1259037E-06  0.1000000E-03           1
|00011000000000000100000010010001000> :  0.3741165E-08  0.1000000E-03           1
|01000000000000001101000001011010000> :  0.5455787E-06  0.1000000E-03           1
|01100000010100100000011000000000000> :  0.2219659E-06  0.1000000E-03           1
|00000000000000100010001100000000011> :  0.4108437E-04  0.1000000E-03           1
|00000000000000100010001000010000011> :  0.1568516E-03  0.1000000E-03           1
|01000000000000001001001000010010000> :  0.2537129E-04  0.1000000E-03           1
|00000001010000100110000100000000111> :  0.1850055E-05  0.1000000E-03           1
|00000001000100100000001101000000111> :  0.9406021E-06  0.1000000E-03           1
|00000001000000100110001110000000111> :  0.1111020E-03  0.1000000E-03           1
|00000000001000100000001000110110010> :  0.3850486E-06  0.1000000E-03           1
|01011000010100000100000001000000000> :  0.3215760E-06  0.1000000E-03           1
|00100000001000100000000000100110010> :  0.2508535E-05  0.1000000E-03           1
|00000100001100001000000100000000010> :  0.1712714E-03  0.1000000E-03           1
|00000110100010100010001100000000000> :  0.3575610E-07  0.1000000E-03           1
|00000000011100000000010100000000111> :  0.1306679E-05  0.1000000E-03           1
|00010000000110101000000100000000111> :  0.7212648E-06  0.1000000E-03           1
|11000110100000010000000010000000000> :  0.8124899E-07  0.1000000E-03           1
|00000000000100100000001000000000111> :  0.1240467E-03  0.1000000E-03           1
|00000100000000000110001100000000010> :  0.4432448E-05  0.1000000E-03           1
|00000000000100100000000100000000111> :  0.4591469E-04  0.1000000E-03           1
|00010010100000010000001110000000010> :  0.9800005E-07  0.1000000E-03           1
|01000110000000100000000001100100000> :  0.7056282E-07  0.1000000E-03           1
|00000000000100000000000100000000111> :  0.9670407E-06  0.1000000E-03           1
|00000000000010100110101100000000111> :  0.3121151E-04  0.1000000E-03           1
|00000000100000100111001100000000111> :  0.5592139E-04  0.1000000E-03           1
|00000000100000101110001100000000111> :  0.6122724E-04  0.1000000E-03           1
|00001000101100100001000100000000111> :  0.9021904E-06  0.1000000E-03           1
|00000001000000100010001001000000111> :  0.1510403E-07  0.1000000E-03           1
|00000001000000100110001100100000111> :  0.4576497E-04  0.1000000E-03           1
|00000010010000010000100001000100010> :  0.1469984E-06  0.1000000E-03           1
|00000000000000110111001100000000111> :  0.9332695E-05  0.1000000E-03           1
|00000000000000101110011100000000111> :  0.3421524E-04  0.1000000E-03           1
|01100010000001000000001000100000010> :  0.2258205E-09  0.1000000E-03           1
|00000101010000110000000000000000000> :  0.8672046E-05  0.1000000E-03           1
|00000010000000110110001100000000111> :  0.6773838E-04  0.1000000E-03           1
|00001010001000100000000101000000111> :  0.7275388E-06  0.1000000E-03           1
|00001100000000001100000100010000111> :  0.3432382E-10  0.1000000E-03           1
|01000000010000000100100010010000000> :  0.2776605E-07  0.1000000E-03           1
|11000000000000001001000000101001000> :  0.2156143E-06  0.1000000E-03           1
|00000000000000100111101100000000111> :  0.6021940E-04  0.1000000E-03           1
|01000000000001000000000010101001000> :  0.8755245E-07  0.1000000E-03           1
|00010001110101100001000000100000010> :  0.1294054E-10  0.1000000E-03           1
|00000000000100000101000011000101000> :  0.1606201E-07  0.1000000E-03           1
|00000000000000100110001000000000111> :  0.1580325E-04  0.1000000E-03           1
|01100000001000000000011010000001000> :  0.1459184E-08  0.1000000E-03           1
|00000001001100001000000000010000010> :  0.4773682E-04  0.1000000E-03           1
|00000000100000001100000100100001000> :  0.8000924E-05  0.1000000E-03           1
|01010000100000100000100000100101000> :  0.4780804E-06  0.1000000E-03           1
|11001000100100000000000000000101000> :  0.8794440E-07  0.1000000E-03           1
|00000001000010000001010000010001000> :  0.1255448E-04  0.1000000E-03           1
|11000001100000001000000000110001000> :  0.1422857E-06  0.1000000E-03           1
|01001101000100100000000001000100000> :  0.3669668E-05  0.1000000E-03           1
|00000010000100000101100000000001000> :  0.1813043E-07  0.1000000E-03           1
|00011001000101100000000101000100010> :  0.2144754E-06  0.1000000E-03           1
|00000010000100010000000000001001000> :  0.6205264E-06  0.1000000E-03           1
|00000000000000100010000101011000111> :  0.1751440E-07  0.1000000E-03           1
|10000010010000000000000001001001000> :  0.8972696E-06  0.1000000E-03           1
|10000010100001000000001100000101000> :  0.1468033E-06  0.1000000E-03           1
|10001100000010000000010000100001000> :  0.1823393E-07  0.1000000E-03           1
|00000110100001000000001100000101000> :  0.1626201E-06  0.1000000E-03           1
|01000000000000000010001000010011000> :  0.1906139E-04  0.1000000E-03           1
|00000000100000110100001010000000010> :  0.2261525E-07  0.1000000E-03           1
|00000010000000000100010000001011000> :  0.1053433E-06  0.1000000E-03           1
|01000000000000000010001000010001001> :  0.1008758E-04  0.1000000E-03           1
|01000000000010000000001000010001001> :  0.2181445E-03  0.1000000E-03           1
|00100100010010010000000111000100000> :  0.2027660E-07  0.1000000E-03           1
|00000000000011000000001000010001001> :  0.6587522E-04  0.1000000E-03           1
|10000000001000001011100000000000000> :  0.3495419E-07  0.1000000E-03           1
|00000100001100000000000100000000110> :  0.8619532E-04  0.1000000E-03           1
|00010000001001000000000000010001001> :  0.4754332E-04  0.1000000E-03           1
|00010000001001000000000100000001001> :  0.2837495E-04  0.1000000E-03           1
|01000000100000001010001000110001001> :  0.2068992E-06  0.1000000E-03           1
|00000000010100001100000100100100010> :  0.6014523E-06  0.1000000E-03           1
|00001010010100000000100001000100110> :  0.1094105E-06  0.1000000E-03           1
|01100000000000000010001000010111001> :  0.6484281E-05  0.1000000E-03           1
|00110000010000010100000100000000010> :  0.8932935E-07  0.1000000E-03           1
|10010011000000000100000100001000000> :  0.1145386E-07  0.1000000E-03           1
|00001010001000100000001101000000110> :  0.2014410E-06  0.1000000E-03           1
|01001010000100100000100001000100110> :  0.2793713E-04  0.1000000E-03           1
|10001000001100100000100001000000010> :  0.1034888E-05  0.1000000E-03           1
|00000010000000000000010011010000110> :  0.2007029E-09  0.1000000E-03           1
|00001001000001110011100000000000110> :  0.1212766E-10  0.1000000E-03           1
|10000000000100000000000101000101010> :  0.1861966E-06  0.1000000E-03           1
|01000011000000000000000110001100000> :  0.2508619E-08  0.1000000E-03           1
|00100000001000000000100010010100000> :  0.1638006E-07  0.1000000E-03           1
|00000010100000010000000100000001010> :  0.1006758E-05  0.1000000E-03           1
|00110001010000000010000000010001011> :  0.7254474E-10  0.1000000E-03           1
|10000000000100000101001000001001100> :  0.6721637E-07  0.1000000E-03           1
|01010000100000000010000000100001100> :  0.4175311E-07  0.1000000E-03           1
|00000010000001000100100100000001100> :  0.2317855E-08  0.1000000E-03           1
|00000000000000100110001101000001110> :  0.2737045E-05  0.1000000E-03           1
|00011000000100000000000101000100000> :  0.1085210E-04  0.1000000E-03           1
|00000000000000100100001101000001111> :  0.3525429E-05  0.1000000E-03           1
|01011000000000100100100000100100000> :  0.1465243E-05  0.1000000E-03           1
|00000000000000010001001010011100000> :  0.1856441E-09  0.1000000E-03           1
|00001000000000101000001000000011111> :  0.8329317E-10  0.1000000E-03           1
|10010000000000001010000100100100000> :  0.6440464E-08  0.1000000E-03           1
