# state, exact probability, frequency, count:
#------------------------------------------------------------------
|10101110000010111010110111000110100> :  0.7645376E-01  0.7920000E-01         792
|01010001111101000101001000111001011> :  0.7645376E-01  0.7730000E-01         773
|00101101010101110100000000111011011> :  0.6947532E-01  0.6750000E-01         675
|11010010101010001011111111000100100> :  0.6947532E-01  0.6720000E-01         672
|10001110100010101110111011100100100> :  0.4618019E-01  0.4770000E-01         477
|01110001011101010001000100011011011> :  0.4618019E-01  0.4570000E-01         457
|01010010111011000010101011101010110> :  0.4171719E-01  0.4480000E-01         448
|10101101000100111101010100010101001> :  0.4171719E-01  0.4340000E-01         434
|00101100010011110000010110110110011> :  0.3090968E-01  0.3310000E-01         331
|11010011101100001111101001001001100> :  0.3090968E-01  0.3220000E-01         322
|11111011001010001001110111000100100> :  0.2405061E-01  0.2600000E-01         260
|11110010001010001010111111000110100> :  0.2401428E-01  0.2440000E-01         244
|01010001111101000101001000111011011> :  0.2332355E-01  0.2390000E-01         239
|00001101110101110101000000111001011> :  0.2401428E-01  0.2270000E-01         227
|11010011101000001111101001101001100> :  0.2221846E-01  0.2260000E-01         226
|00000100110101110110001000111011011> :  0.2405061E-01  0.2140000E-01         214
|00101100010111110000010110010110011> :  0.2221846E-01  0.2130000E-01         213
|10101110000010111010110111000100100> :  0.2332355E-01  0.2070000E-01         207
|10001110100011101101111011100100000> :  0.9047786E-02  0.1140000E-01         114
|11111011001010001001110110000100100> :  0.1046176E-01  0.1130000E-01         113
|10001111100011101101101011100100000> :  0.1024761E-01  0.1100000E-01         110
|01110000011100010010010100011011111> :  0.1024761E-01  0.1050000E-01         105
|11010011101000001111101001001001100> :  0.1056768E-01  0.1020000E-01         102
|00101100010111110000010110110110011> :  0.1056768E-01  0.9600000E-02          96
|01110001011100010010000100011011111> :  0.9047786E-02  0.9400000E-02          94
|00000100110101110110001001111011011> :  0.1046176E-01  0.8600000E-02          86
|01110000011100010010010110011011111> :  0.7105596E-02  0.8200000E-02          82
|10101101000100111101010100010101011> :  0.6437929E-02  0.7100000E-02          71
|01010010111011000010101011101010100> :  0.6437929E-02  0.6700000E-02          67
|10001111100011101101101001100100000> :  0.7105596E-02  0.6200000E-02          62
|01000100110101100110001000111011011> :  0.5183642E-02  0.6200000E-02          62
|10001111100011101101111011100100000> :  0.3738647E-02  0.5300000E-02          53
|10111011001010011001110111000100100> :  0.5183642E-02  0.4900000E-02          49
|01110000011100010010000100011011111> :  0.3738647E-02  0.3900000E-02          39
|01010001111101000101001001111001011> :  0.3801077E-02  0.3900000E-02          39
|10101001000110011011110110010100001> :  0.4728324E-02  0.3900000E-02          39
|01000000110101100110001010111011011> :  0.3459421E-02  0.3500000E-02          35
|01010110111001100100001001101011110> :  0.4728324E-02  0.3500000E-02          35
|11010011101000001101101001001001100> :  0.3232912E-02  0.3500000E-02          35
|01000100110101100110001010111011011> :  0.3084604E-02  0.3200000E-02          32
|10111111001010011001110101000100100> :  0.3459421E-02  0.3200000E-02          32
|10101110000010111010110110000110100> :  0.3801077E-02  0.3100000E-02          31
|01010100111001000110001001111011011> :  0.3204255E-02  0.3100000E-02          31
|10101011000110111001110110000100100> :  0.3204255E-02  0.3000000E-02          30
|00101100010111110010010110110110011> :  0.3232912E-02  0.2900000E-02          29
|00001110110011110010110111100110000> :  0.2280852E-02  0.2600000E-02          26
|11110001001100001101001000011001111> :  0.2280852E-02  0.2300000E-02          23
|10111011001010011001110101000100100> :  0.3084604E-02  0.2200000E-02          22
|10001110000110111010110111000100100> :  0.1992518E-02  0.2200000E-02          22
|00101101010101110100010000111001011> :  0.1926678E-02  0.2200000E-02          22
|01110001111001000101001000111011011> :  0.1992518E-02  0.2100000E-02          21
|00101100010011110010010110110110011> :  0.1952396E-02  0.2100000E-02          21
|01110101111001000101001000111001011> :  0.2129318E-02  0.2000000E-02          20
|10001010000110111010110111000110100> :  0.2129318E-02  0.1900000E-02          19
|11010011101000001101101001101001100> :  0.1809334E-02  0.1900000E-02          19
|01110001111001000101001000111001011> :  0.1600606E-02  0.1900000E-02          19
|01110001011101010000000100011011011> :  0.2513073E-02  0.1700000E-02          17
|10001110100010101111111011100100100> :  0.2513073E-02  0.1600000E-02          16
|11010011101100001101101001001001100> :  0.1952396E-02  0.1400000E-02          14
|01000000111101000110001011111011011> :  0.9240125E-03  0.1400000E-02          14
|11010010101010001011101111000110100> :  0.1926678E-02  0.1400000E-02          14
|10001110000110111010110111000110100> :  0.1600606E-02  0.1300000E-02          13
|10101001000100111101010100010101101> :  0.1132808E-02  0.1300000E-02          13
|00101100010111110010010110010110011> :  0.1809334E-02  0.1300000E-02          13
|01110000011100010010000110011011111> :  0.1275880E-02  0.1200000E-02          12
|00101100010011110100010110110110011> :  0.5087328E-03  0.1100000E-02          11
|01010101111001000101001001111011010> :  0.7768015E-03  0.1100000E-02          11
|00001101110101110101001000111001011> :  0.7796466E-03  0.1000000E-02          10
|00101101010101110100000100111011011> :  0.8652291E-03  0.1000000E-02          10
|01010111111001100100001001101011010> :  0.9971209E-03  0.1000000E-02          10
|10001111100011101101111001100100000> :  0.1275880E-02  0.1000000E-02          10
|11010011101100001011101001001001100> :  0.5087328E-03  0.1000000E-02          10
|01010110111011000010101011101010010> :  0.1132808E-02  0.8000000E-03           8
|10101001000110011011110110010100101> :  0.1091055E-02  0.8000000E-03           8
|10101010000110111010110110000100101> :  0.7768015E-03  0.8000000E-03           8
|11110010001010001010110111000110100> :  0.7796466E-03  0.8000000E-03           8
|11010010101010001011111011000100100> :  0.8652291E-03  0.8000000E-03           8
|01010000111101000110001011111011011> :  0.5535231E-03  0.7000000E-03           7
|10101000000110011011110110010100101> :  0.9971209E-03  0.7000000E-03           7
|01010001111101000101001001111011011> :  0.6496724E-03  0.7000000E-03           7
|10101110000010111010110110000100100> :  0.6496724E-03  0.7000000E-03           7
|00101100010101110100010110010111011> :  0.4559419E-03  0.6000000E-03           6
|10111010001010011001110111000100100> :  0.3994185E-03  0.6000000E-03           6
|10101010000110111010110110000110100> :  0.3131243E-03  0.5000000E-03           5
|01010110111001100100001001101011010> :  0.1091055E-02  0.5000000E-03           5
|01000100110101110110001000111011011> :  0.2426877E-03  0.5000000E-03           5
|00101100010011110010010110110110001> :  0.2942708E-03  0.5000000E-03           5
|01010000111101000010001111111010011> :  0.1445445E-03  0.4000000E-03           4
|10111111000010111001110100000100100> :  0.9240125E-03  0.4000000E-03           4
|01010010111011001010101011101010100> :  0.4129240E-03  0.4000000E-03           4
|10101101011100011100010000011001111> :  0.4659975E-03  0.4000000E-03           4
|10101011000110111010110110000100101> :  0.3135716E-03  0.4000000E-03           4
|10101110000110111010110111000100100> :  0.2711014E-03  0.4000000E-03           4
|10101111000010111001110100000100100> :  0.5535231E-03  0.4000000E-03           4
|11010011101100001101101001001001110> :  0.2942708E-03  0.4000000E-03           4
|10001010000110111010110111000100101> :  0.3090342E-03  0.4000000E-03           4
|00111101010101110100000000111011011> :  0.2193477E-03  0.3000000E-03           3
|00001101110101110101000000111101011> :  0.5421337E-04  0.3000000E-03           3
|01110101111001000101001000111011010> :  0.3090342E-03  0.3000000E-03           3
|10101001000100111101010110010101001> :  0.1278312E-03  0.3000000E-03           3
|11010011101010001011101001101000100> :  0.4559419E-03  0.3000000E-03           3
|10101101000101110101010100010101010> :  0.5415808E-04  0.3000000E-03           3
|11010011101010001011101001101100100> :  0.2409724E-03  0.3000000E-03           3
|01110000011101010010000110011011011> :  0.2150553E-03  0.3000000E-03           3
|10111011000010111001110110000100100> :  0.2478598E-03  0.3000000E-03           3
|01010001111101100101001000111011011> :  0.2064410E-03  0.3000000E-03           3
|01000100111101000110001001111011011> :  0.2478598E-03  0.3000000E-03           3
|01110000011101010010000111011010111> :  0.2391131E-03  0.3000000E-03           3
|01000101110101100110001000111011011> :  0.3994185E-03  0.3000000E-03           3
|10101001001100111101010100010101100> :  0.1302936E-03  0.3000000E-03           3
|01110101011101010000000100011011011> :  0.1711916E-03  0.3000000E-03           3
|01110100011011010010000101111010011> :  0.9170376E-04  0.3000000E-03           3
|10101111000010111101110000000101100> :  0.1445445E-03  0.3000000E-03           3
|01110000011101010010000100011011111> :  0.1178568E-03  0.3000000E-03           3
|10001111100010101101111011100100000> :  0.1178568E-03  0.3000000E-03           3
|10001011100100101101111010000101100> :  0.9170376E-04  0.3000000E-03           3
|00101101010101111100010000111001011> :  0.1729128E-03  0.2000000E-03           2
|01010010111011000010101011101010011> :  0.3148888E-03  0.2000000E-03           2
|01110000011101010000000111011011011> :  0.8526170E-04  0.2000000E-03           2
|01110101011001010100000000111011011> :  0.1492594E-03  0.2000000E-03           2
|00101101011101110100000000111011011> :  0.2906985E-04  0.2000000E-03           2
|00101100010111110100010110110110011> :  0.2085099E-03  0.2000000E-03           2
|11010011101010001011101011001100100> :  0.4184847E-03  0.2000000E-03           2
|11110011101010001011101001001100100> :  0.2072881E-03  0.2000000E-03           2
|10001111100011101101110011100100000> :  0.2549669E-03  0.2000000E-03           2
|10101101011100011100010000011001011> :  0.9270296E-04  0.2000000E-03           2
|01010101111001000101001001111001011> :  0.3131243E-03  0.2000000E-03           2
|01010010100011100011101111100110000> :  0.4659975E-03  0.2000000E-03           2
|10111011001010011001110100010100100> :  0.9183291E-04  0.2000000E-03           2
|10001111100100111101010000110101000> :  0.1332798E-03  0.2000000E-03           2
|10101010000110111010110111000110100> :  0.1657863E-03  0.2000000E-03           2
|01010001111001000101001000111011011> :  0.2711014E-03  0.2000000E-03           2
|10101110000110111010110110000110100> :  0.4858698E-04  0.2000000E-03           2
|01110001011101000101001000111011011> :  0.5127370E-04  0.2000000E-03           2
|00001100010101110100010110110011011> :  0.2072881E-03  0.2000000E-03           2
|10001010100110101011111111000100100> :  0.1492594E-03  0.2000000E-03           2
|00001100010111110010010110110110011> :  0.4197766E-04  0.2000000E-03           2
|00101100010111110010010110110010011> :  0.3190797E-03  0.2000000E-03           2
|00101100010101110100010100110011011> :  0.4184847E-03  0.2000000E-03           2
|11010011101010001011101001101001100> :  0.4932570E-04  0.2000000E-03           2
|00000100110101110100001001111011011> :  0.4494811E-05  0.2000000E-03           2
|01000100110101100110001011101011011> :  0.9183291E-04  0.2000000E-03           2
|10101111000100111101010100010101100> :  0.5954319E-04  0.2000000E-03           2
|11010011101000001011101001001001100> :  0.2085099E-03  0.2000000E-03           2
|10001010100010101111111011100100100> :  0.1711916E-03  0.2000000E-03           2
|01110110000111100010001110110110011> :  0.1810033E-09  0.1000000E-03           1
|01001101100100100101001111110010011> :  0.3840175E-09  0.1000000E-03           1
|00011011100011101111101010100100010> :  0.6616971E-10  0.1000000E-03           1
|00001101010100110100001000111010011> :  0.7305621E-08  0.1000000E-03           1
|00101110010011010101110111010100110> :  0.3409027E-09  0.1000000E-03           1
|01111101000011010001101000001010011> :  0.1348761E-09  0.1000000E-03           1
|01010111110100011010100010101010001> :  0.5457034E-10  0.1000000E-03           1
|01010100111100011000001001101010011> :  0.4516254E-10  0.1000000E-03           1
|00111100110111010001000100111110011> :  0.1005073E-09  0.1000000E-03           1
|10001111110010101010110110001010001> :  0.6930207E-10  0.1000000E-03           1
|10011100110011010001100011101010011> :  0.2668253E-09  0.1000000E-03           1
|00001100100110100010100111110010011> :  0.2233055E-10  0.1000000E-03           1
|01000111100101001011101101110110001> :  0.2103040E-11  0.1000000E-03           1
|01000110110011100011101111100110000> :  0.3463744E-05  0.1000000E-03           1
|10001000110110001110111010110110000> :  0.1966078E-10  0.1000000E-03           1
|00000000100101111011011100110110101> :  0.1628011E-09  0.1000000E-03           1
|01110000010011010101000101111110101> :  0.9198522E-10  0.1000000E-03           1
|00100110100011111000011010110110001> :  0.3822580E-10  0.1000000E-03           1
|00101100010111110100010110010110011> :  0.1631967E-03  0.1000000E-03           1
|01110101111011100001100100010100101> :  0.1895220E-09  0.1000000E-03           1
|00101100010111110010010110110110001> :  0.1014520E-03  0.1000000E-03           1
|01100110101011101010111100100110000> :  0.7807439E-10  0.1000000E-03           1
|00101101010010011010111100001000101> :  0.3149552E-10  0.1000000E-03           1
|11010010001010100000111111000001100> :  0.5937469E-09  0.1000000E-03           1
|01001011010111010101001111000000101> :  0.1676992E-12  0.1000000E-03           1
|10000010111010001011110111110000101> :  0.4922516E-10  0.1000000E-03           1
|00001101110101110100000000111011011> :  0.5804113E-04  0.1000000E-03           1
|01010010111001001001101111110010001> :  0.9760780E-10  0.1000000E-03           1
|01010110011001000010101011101010000> :  0.1762883E-08  0.1000000E-03           1
|10011111100110100110100101100100000> :  0.2078172E-09  0.1000000E-03           1
|01110111001011000111000111110100000> :  0.8858105E-10  0.1000000E-03           1
|00001001111100011100000111011100101> :  0.1577272E-09  0.1000000E-03           1
|01111001001101100011101110000100101> :  0.7917816E-10  0.1000000E-03           1
|01100001110110011111000111011110001> :  0.4571745E-11  0.1000000E-03           1
|01111001000100111000001101001000101> :  0.3766425E-10  0.1000000E-03           1
|01111000001010001011101100001100101> :  0.2034059E-10  0.1000000E-03           1
|01110001101010001001001000111110001> :  0.5436510E-10  0.1000000E-03           1
|11101101011101100101100100001010000> :  0.3595501E-11  0.1000000E-03           1
|10101100010011001111000100110110011> :  0.2893784E-09  0.1000000E-03           1
|01101100001011001010011100001110011> :  0.3852309E-10  0.1000000E-03           1
|00001001100111111011101101001110001> :  0.1851209E-09  0.1000000E-03           1
|00001011010101110010010111110010011> :  0.3595553E-09  0.1000000E-03           1
|01011001111011000010001000011011011> :  0.1505020E-09  0.1000000E-03           1
|00110110000011011100111011100110100> :  0.1377727E-09  0.1000000E-03           1
|01100001100110111010001110000110001> :  0.1793227E-09  0.1000000E-03           1
|10101101010111110010010110011010000> :  0.1780296E-09  0.1000000E-03           1
|00101001010010110010111110110110011> :  0.4698149E-09  0.1000000E-03           1
|01000001000100101011001110111010011> :  0.1537771E-09  0.1000000E-03           1
|10001001010011001101101110110110001> :  0.1976131E-09  0.1000000E-03           1
|11000000111101010111100111000010011> :  0.1253537E-10  0.1000000E-03           1
|00001000011111100001011010101011011> :  0.1319931E-09  0.1000000E-03           1
|01110010101001111011101011101010100> :  0.2677270E-09  0.1000000E-03           1
|10101001001011010011110111000110001> :  0.4364790E-09  0.1000000E-03           1
|01010100101111010001100111101010000> :  0.1912571E-09  0.1000000E-03           1
|01010010100011100011101111100110100> :  0.9270296E-04  0.1000000E-03           1
|00011000111011110000010111101011011> :  0.1291216E-09  0.1000000E-03           1
|01110000001010100001001111001011011> :  0.9503456E-10  0.1000000E-03           1
|10101110000010011010110111000110100> :  0.2432593E-03  0.1000000E-03           1
|01010001011101000101001000111011011> :  0.8364676E-05  0.1000000E-03           1
|10001110000010111010110111000110100> :  0.1619719E-04  0.1000000E-03           1
|01110001011101110100000100100111011> :  0.1534071E-09  0.1000000E-03           1
|00011000100110111001101111110110011> :  0.2251665E-09  0.1000000E-03           1
|01010001111100000111001000111011011> :  0.7011021E-05  0.1000000E-03           1
|10001110000110111010110111000010100> :  0.3802758E-04  0.1000000E-03           1
|00110010010011010000111100001011011> :  0.1250979E-09  0.1000000E-03           1
|01010110010010001110100001101110100> :  0.5648325E-09  0.1000000E-03           1
|01010110110001110000111011101010100> :  0.1256517E-09  0.1000000E-03           1
|01010110111011000010101011101010100> :  0.5708540E-05  0.1000000E-03           1
|01111111110000000101001000101001011> :  0.5183985E-10  0.1000000E-03           1
|00001100110101110100001000111011011> :  0.7449702E-04  0.1000000E-03           1
|11010000101010011011110111000000101> :  0.1705745E-08  0.1000000E-03           1
|01000111100101101111001010101101011> :  0.2715449E-10  0.1000000E-03           1
|10111001000110011001110110010100101> :  0.5527547E-04  0.1000000E-03           1
|11010000011111001010001011111010011> :  0.8075945E-10  0.1000000E-03           1
|01000000110111100011001110110110001> :  0.3619067E-04  0.1000000E-03           1
|01110101011101010100000000111011011> :  0.8181364E-04  0.1000000E-03           1
|01010101111101001101001000100001011> :  0.6799867E-07  0.1000000E-03           1
|00001110010011100110101000100111011> :  0.7769507E-10  0.1000000E-03           1
|10011010010110010000110111001100101> :  0.2369956E-09  0.1000000E-03           1
|11101001011101101101010100000101100> :  0.8479004E-10  0.1000000E-03           1
|11011001101000001110101001001001100> :  0.9556919E-08  0.1000000E-03           1
|01010010101011000001011111010001100> :  0.4121962E-09  0.1000000E-03           1
|11000100000110011010111111010100101> :  0.1878626E-09  0.1000000E-03           1
|01110011001011010001110101111001100> :  0.2545030E-09  0.1000000E-03           1
|01001101100101101101011110110100101> :  0.2230286E-10  0.1000000E-03           1
|11010011101000001101101001001101100> :  0.3190797E-03  0.1000000E-03           1
|10101110000010111010110110000100101> :  0.5955419E-04  0.1000000E-03           1
|01111111000011111000000100101000101> :  0.1310369E-09  0.1000000E-03           1
|00110111101010011010110111101100101> :  0.3560842E-09  0.1000000E-03           1
|00101101111001110100000000111101011> :  0.6473447E-04  0.1000000E-03           1
|00001000010111111001010111110010101> :  0.8558876E-10  0.1000000E-03           1
|11010011101101001111101001001101100> :  0.1613044E-05  0.1000000E-03           1
|01010000111011000010101111001010101> :  0.2391753E-05  0.1000000E-03           1
|01000000111011010001001111000110101> :  0.2009480E-09  0.1000000E-03           1
|10111011001000111100000110000110101> :  0.1145330E-10  0.1000000E-03           1
|01010011110010111000011011101010101> :  0.2348624E-10  0.1000000E-03           1
|01101100000010001001111110000110101> :  0.9630434E-10  0.1000000E-03           1
|01101100001111010000110110000110101> :  0.8490630E-10  0.1000000E-03           1
|01010101100100001001101001101010101> :  0.3797341E-10  0.1000000E-03           1
|11011001100110101001101010001100110> :  0.2430735E-09  0.1000000E-03           1
|10101010110010001101110010110100110> :  0.1293593E-09  0.1000000E-03           1
|11000011101100011001100011011011100> :  0.1037500E-10  0.1000000E-03           1
|10111111001000110111101000000100110> :  0.4489179E-10  0.1000000E-03           1
|10001111110010101011110110000100110> :  0.2537777E-09  0.1000000E-03           1
|10110000000001100010101111010110110> :  0.2460329E-10  0.1000000E-03           1
|01110000001101000010010110010110110> :  0.2494000E-10  0.1000000E-03           1
|11111010000111010001111100000110110> :  0.1286812E-09  0.1000000E-03           1
|01110010011011000010100111001010110> :  0.6903703E-05  0.1000000E-03           1
|01110010110011010000100101010010110> :  0.3869835E-10  0.1000000E-03           1
|01110000011101010010000111011010011> :  0.8588292E-04  0.1000000E-03           1
|11010010000110001011111111000010100> :  0.6473447E-04  0.1000000E-03           1
|01010001100011110001101101001110100> :  0.1026500E-09  0.1000000E-03           1
|01110000011001001011000011011010011> :  0.4867729E-10  0.1000000E-03           1
|01010000110011000011101111110110001> :  0.2077316E-04  0.1000000E-03           1
|01101100011011011100110100101110000> :  0.7341697E-11  0.1000000E-03           1
|11011011101100100001110110000100000> :  0.1300217E-09  0.1000000E-03           1
|10000001100000111111101011110110100> :  0.1687796E-09  0.1000000E-03           1
|11111000000011110000110111001010100> :  0.4302311E-09  0.1000000E-03           1
|00001000010010001011111111000110011> :  0.1544131E-09  0.1000000E-03           1
|10001111100010101101111001100100100> :  0.2150553E-03  0.1000000E-03           1
|10101111100001011101111101000000100> :  0.2052824E-09  0.1000000E-03           1
|10101111101111101100010000110000011> :  0.2370463E-09  0.1000000E-03           1
|10000111110010111110010010010100001> :  0.1083949E-09  0.1000000E-03           1
|10111111010010111000111011000100100> :  0.5231708E-08  0.1000000E-03           1
|00001011010000001110111010111001011> :  0.2991137E-10  0.1000000E-03           1
|11100110110011011100010000111000011> :  0.3273641E-10  0.1000000E-03           1
|10111011000000111101110000000001011> :  0.8917091E-09  0.1000000E-03           1
|01010001111101100101001000111001011> :  0.2432593E-03  0.1000000E-03           1
|01000101111011000100010001111000011> :  0.2737173E-10  0.1000000E-03           1
|01010111101001001100101111000100001> :  0.4343338E-10  0.1000000E-03           1
|11000011111011001111100101010110000> :  0.2394725E-10  0.1000000E-03           1
|11001111000000101111111010010100100> :  0.2562756E-09  0.1000000E-03           1
|10001110100010111010110111000100100> :  0.5127370E-04  0.1000000E-03           1
|01111101100100000101001101111000011> :  0.1922472E-09  0.1000000E-03           1
|10100110100010111001111010110100100> :  0.1476810E-10  0.1000000E-03           1
|11101001011100101101010010111001011> :  0.3524503E-10  0.1000000E-03           1
|00001101010100110110000000111000011> :  0.3029056E-09  0.1000000E-03           1
|10111111000010110100010010001100001> :  0.9673547E-10  0.1000000E-03           1
|11111001000100010100010101010001011> :  0.2255263E-09  0.1000000E-03           1
|10001110100010101101111011100100100> :  0.1523121E-04  0.1000000E-03           1
|10111101001100100101100000000100011> :  0.1199335E-09  0.1000000E-03           1
|11001110100010101001101001101100100> :  0.1599726E-09  0.1000000E-03           1
|01111111101001000001100011001011010> :  0.9803063E-10  0.1000000E-03           1
|01111110100000011011111011100100100> :  0.1342960E-09  0.1000000E-03           1
|00101100010111110101000010111000011> :  0.3194985E-09  0.1000000E-03           1
|10101110100110101100110111001100001> :  0.1328134E-09  0.1000000E-03           1
|01010011011011000011011111110010000> :  0.9587473E-11  0.1000000E-03           1
|10111110001010011010110111000100100> :  0.1233453E-05  0.1000000E-03           1
|10111100001101010001110101011000011> :  0.1780959E-09  0.1000000E-03           1
|10001101010110100101010111110011010> :  0.5278597E-10  0.1000000E-03           1
|10000100111101101011011000100011010> :  0.4214093E-10  0.1000000E-03           1
|00010010100101010011111101110000011> :  0.1118259E-09  0.1000000E-03           1
|10101110011010011100010111010000001> :  0.7320936E-11  0.1000000E-03           1
|00111100011001011100000000001011010> :  0.1085496E-09  0.1000000E-03           1
|10101110000010111000110111000100100> :  0.6572752E-05  0.1000000E-03           1
|01110010000010001101111111010100011> :  0.7670747E-10  0.1000000E-03           1
|10101110000010011010110111000100100> :  0.2064410E-03  0.1000000E-03           1
|10101101000001011101100111010100100> :  0.1512342E-09  0.1000000E-03           1
|10011001100101110101101010011000011> :  0.2804694E-09  0.1000000E-03           1
|11101101010111101100010000101100001> :  0.6122778E-10  0.1000000E-03           1
|00000010110001110111111111100010000> :  0.4020417E-10  0.1000000E-03           1
|00111011110010011110100001101100100> :  0.1150544E-09  0.1000000E-03           1
|01011011101110001010000011001000100> :  0.2210607E-09  0.1000000E-03           1
|00101000111111111100010011111000011> :  0.3320917E-10  0.1000000E-03           1
|10011011101100000111101000000100100> :  0.2841832E-09  0.1000000E-03           1
|10111011101011100010100010001000100> :  0.9872075E-10  0.1000000E-03           1
|10101000010110011011110110101100011> :  0.9510460E-10  0.1000000E-03           1
|00101100110011001011111101010000001> :  0.3170716E-10  0.1000000E-03           1
|11100001101101101101001101001001010> :  0.3289306E-09  0.1000000E-03           1
|00111101010100011101101000101011001> :  0.8475799E-10  0.1000000E-03           1
|01100111111011100110000010100010010> :  0.4589925E-11  0.1000000E-03           1
|00100100010011110100010010010111001> :  0.4204495E-08  0.1000000E-03           1
|00010011111000011010101001001111001> :  0.6597504E-11  0.1000000E-03           1
|01011010111011000010101011101011001> :  0.1381529E-07  0.1000000E-03           1
|01111001001101001111000110011011001> :  0.1245037E-09  0.1000000E-03           1
|11011111000100111101100011000010010> :  0.2631152E-10  0.1000000E-03           1
|01010011100100000101011110111000001> :  0.4751964E-11  0.1000000E-03           1
|11001010100110100001110110010110000> :  0.1585774E-09  0.1000000E-03           1
|01000110010010011010001011101111001> :  0.4864247E-10  0.1000000E-03           1
|00111101111100110100000000111100000> :  0.3212403E-10  0.1000000E-03           1
|11010010101001001111101001001001010> :  0.2224093E-06  0.1000000E-03           1
|11001100010100001101110000110101010> :  0.3868685E-10  0.1000000E-03           1
|10001111100100000111100001101001001> :  0.6505272E-10  0.1000000E-03           1
|10101101001100010001110100011001010> :  0.1244763E-10  0.1000000E-03           1
|01110101111110001100010000111001010> :  0.1781236E-10  0.1000000E-03           1
|11010110110011110110001001101001010> :  0.1206437E-09  0.1000000E-03           1
|00100110111001000100000000111101010> :  0.1363970E-09  0.1000000E-03           1
|10110111001100100111010001110001010> :  0.2812438E-09  0.1000000E-03           1
|11110111001101100100010100010001010> :  0.7815560E-12  0.1000000E-03           1
|01001111100001110100001001111001010> :  0.2127773E-09  0.1000000E-03           1
|10010111101100110010000010111001010> :  0.4637694E-11  0.1000000E-03           1
|01101111111001010100100000110101010> :  0.8240988E-10  0.1000000E-03           1
|01110000011100010110001001011011010> :  0.1101335E-08  0.1000000E-03           1
|00010010001110010010000111111011010> :  0.9396031E-10  0.1000000E-03           1
|01011011011101000100001000101011010> :  0.9352845E-08  0.1000000E-03           1
|00010101111011010101100001110101001> :  0.1419681E-09  0.1000000E-03           1
|01010100111001000101001001111011010> :  0.3135716E-03  0.1000000E-03           1
|11010011101000001111101001101100100> :  0.8985589E-05  0.1000000E-03           1
|11010101010001100101101010110011010> :  0.2551901E-09  0.1000000E-03           1
|00001101110101111101000000111101001> :  0.4143336E-04  0.1000000E-03           1
|11101101101011100000000100010011010> :  0.3876444E-10  0.1000000E-03           1
|01110101101100010100000011011001001> :  0.1703900E-10  0.1000000E-03           1
|11011011100011111001101000100000100> :  0.1054622E-09  0.1000000E-03           1
|10000110000011101000111011101011010> :  0.8703501E-10  0.1000000E-03           1
|00001100110100111111011101110001001> :  0.2105171E-09  0.1000000E-03           1
|11110011100000011111110101110100100> :  0.2205698E-10  0.1000000E-03           1
|10001001101100001011100010111101001> :  0.1790849E-09  0.1000000E-03           1
|01111000001100110000000110010101011> :  0.1921880E-09  0.1000000E-03           1
|01010000011101110100000010101001011> :  0.4637373E-10  0.1000000E-03           1
|01000000101101001101001011001101011> :  0.1292782E-09  0.1000000E-03           1
|01000000110110010011000110000101011> :  0.1185493E-12  0.1000000E-03           1
|00000001100111101111001110011001001> :  0.1853411E-10  0.1000000E-03           1
|01011001010100001100101011001001011> :  0.5004909E-09  0.1000000E-03           1
|10101011010010101011100110001100100> :  0.3241385E-09  0.1000000E-03           1
|10001001011101110101100001111001011> :  0.6205732E-10  0.1000000E-03           1
|01010001111001000101001000111001011> :  0.1785685E-04  0.1000000E-03           1
|01100110011011110110000110010110010> :  0.1045777E-09  0.1000000E-03           1
|01010001111001000101001001111001011> :  0.4858698E-04  0.1000000E-03           1
|01111001111100001111001000010101011> :  0.4587184E-10  0.1000000E-03           1
|10000011000110111101110110000100001> :  0.5860650E-08  0.1000000E-03           1
|01001001001110001101001100111101001> :  0.6519899E-10  0.1000000E-03           1
|01011111101011100010001001111011000> :  0.1650493E-10  0.1000000E-03           1
|00010001111111110101001000111001011> :  0.3091508E-07  0.1000000E-03           1
|01100111100001100101101100110011000> :  0.1774503E-09  0.1000000E-03           1
|11011011001100100011010010000001011> :  0.3136405E-10  0.1000000E-03           1
|10111011001010011001110110000100100> :  0.2363379E-05  0.1000000E-03           1
|00010011010101000101000011111001011> :  0.9948836E-10  0.1000000E-03           1
|01010011110101001000101010011001011> :  0.1357546E-10  0.1000000E-03           1
|00101100011101011100110100110101011> :  0.5415589E-09  0.1000000E-03           1
|01001100100101110101111010110001011> :  0.2468795E-09  0.1000000E-03           1
|00110100111011011000010100011101011> :  0.3306741E-10  0.1000000E-03           1
|10101110001111111001010111000110010> :  0.2195740E-09  0.1000000E-03           1
|10101101010011011101010010011001011> :  0.1212734E-09  0.1000000E-03           1
|01010111011111000010000100101011000> :  0.3474222E-10  0.1000000E-03           1
|10001110100110100001010111000011000> :  0.1334590E-09  0.1000000E-03           1
|01101101101101001100000001111011000> :  0.4022963E-09  0.1000000E-03           1
|00001101110101110100000000111001011> :  0.2708596E-04  0.1000000E-03           1
|00100100111101011011000100011111000> :  0.1590569E-09  0.1000000E-03           1
|01111110001110010000010110010110010> :  0.3218117E-09  0.1000000E-03           1
|01101001001100001111100110011000001> :  0.1405082E-09  0.1000000E-03           1
|10101011000110111101110000010011000> :  0.1624502E-09  0.1000000E-03           1
|11001011000001111001111110000111000> :  0.3918859E-10  0.1000000E-03           1
|11110011001010001011110111000100100> :  0.7449702E-04  0.1000000E-03           1
|00011001101011110001001010101111000> :  0.2535767E-10  0.1000000E-03           1
|01010110110010001111001001101101011> :  0.7448824E-10  0.1000000E-03           1
|01010001011111000101000110111011000> :  0.7507538E-10  0.1000000E-03           1
|00101111101000110000010100001101011> :  0.7466806E-10  0.1000000E-03           1
|11010110000001111001111011100010010> :  0.9284967E-10  0.1000000E-03           1
|01010111111001110100100000111101011> :  0.6704761E-09  0.1000000E-03           1
|10101001000111100001110110011111000> :  0.1065377E-10  0.1000000E-03           1
|00000000010011100011001111110111011> :  0.1149714E-09  0.1000000E-03           1
|11110000010101010010011111010011011> :  0.5739997E-10  0.1000000E-03           1
|10110000011001000110011101010011011> :  0.2964504E-11  0.1000000E-03           1
|01001000100110001010111001011111000> :  0.1170404E-12  0.1000000E-03           1
|11110011001010001001110111000100100> :  0.1677666E-04  0.1000000E-03           1
|01000111110110101111001010011001000> :  0.1028132E-10  0.1000000E-03           1
|01101100011101101010010110010010010> :  0.1025504E-09  0.1000000E-03           1
|10001111100010101101111000100101000> :  0.2391131E-03  0.1000000E-03           1
|01010000111101000010001011111011011> :  0.9508844E-04  0.1000000E-03           1
|00000111010101101101010001111001000> :  0.2965257E-10  0.1000000E-03           1
|11100111001110001110010100110101000> :  0.4002601E-10  0.1000000E-03           1
|01101001000111101101001010011011011> :  0.3907480E-10  0.1000000E-03           1
|11110001011100010000001110011011011> :  0.2498772E-08  0.1000000E-03           1
|00001111001100111101110011010101000> :  0.5526218E-10  0.1000000E-03           1
|11010010101011001011111010000110010> :  0.4992865E-10  0.1000000E-03           1
|10000110100100111011111011001001000> :  0.1499034E-10  0.1000000E-03           1
|10011101011011011101110001101001000> :  0.1539468E-09  0.1000000E-03           1
|10001101001111111001110100010101000> :  0.4628528E-10  0.1000000E-03           1
|10101101000100111101010100010101000> :  0.2020176E-04  0.1000000E-03           1
|11000010101010001011111111000100100> :  0.2193477E-03  0.1000000E-03           1
|11110010010010010010100111010110010> :  0.5280251E-09  0.1000000E-03           1
|10101001000110011001110110010100001> :  0.3489862E-04  0.1000000E-03           1
|10100010011011010010110101101010000> :  0.1776975E-09  0.1000000E-03           1
|11010010101100001111101001001001000> :  0.8498897E-05  0.1000000E-03           1
|00111100011001010001101010001011111> :  0.3817025E-10  0.1000000E-03           1
|01110110010010100000101001101010111> :  0.7298977E-10  0.1000000E-03           1
|01010010010011011001101111100011011> :  0.1085285E-10  0.1000000E-03           1
|01000010110101100011011100010011011> :  0.8367898E-10  0.1000000E-03           1
|11110011001011000001001100101011011> :  0.1489228E-09  0.1000000E-03           1
|11111100011100000000011000001110111> :  0.1270947E-09  0.1000000E-03           1
|00101100010101110100010110010011011> :  0.2409724E-03  0.1000000E-03           1
|01110100010000011010111100100110111> :  0.4174092E-10  0.1000000E-03           1
|01010010101000010111111111010100100> :  0.7967693E-10  0.1000000E-03           1
|00011000110011100010101011111010010> :  0.2178376E-08  0.1000000E-03           1
|00110001000100000001111111010110111> :  0.2584726E-09  0.1000000E-03           1
|01111000100110000001111110001110111> :  0.8761998E-11  0.1000000E-03           1
|01110000011100010010000111011010111> :  0.1507175E-04  0.1000000E-03           1
|11000010100010111010111010000100100> :  0.1278394E-10  0.1000000E-03           1
|11110000011100010011000111010010010> :  0.3756363E-09  0.1000000E-03           1
|10101001000110000011001110010100001> :  0.1298596E-09  0.1000000E-03           1
|10110000011000000011001010011110111> :  0.1939506E-10  0.1000000E-03           1
|10100101011100111101010000000101111> :  0.9376475E-08  0.1000000E-03           1
|01100000010011110010110110011010111> :  0.4483982E-10  0.1000000E-03           1
|10101000010011011001110101010010111> :  0.1126721E-09  0.1000000E-03           1
|10110000001010001011101101010110111> :  0.1385026E-09  0.1000000E-03           1
|10101010001110111010111100000100100> :  0.1103702E-07  0.1000000E-03           1
|01011000010111100010100110001110010> :  0.4110138E-10  0.1000000E-03           1
|10010111001000101100101100111100111> :  0.9644000E-13  0.1000000E-03           1
|10001111000010101011111011100011110> :  0.8296430E-10  0.1000000E-03           1
|11011110101100001010111011000100111> :  0.2404570E-10  0.1000000E-03           1
|11110110100011100110001001101000111> :  0.4801371E-09  0.1000000E-03           1
|10101100010111100100010010000000111> :  0.6381864E-10  0.1000000E-03           1
|10001010000110111010110111000100100> :  0.2715449E-04  0.1000000E-03           1
|11001110100100100010111111000011011> :  0.4324507E-10  0.1000000E-03           1
|11101001000110001101010101011101100> :  0.1623819E-09  0.1000000E-03           1
|00111000001011011001101111110110010> :  0.1829476E-09  0.1000000E-03           1
|00111001000011101001101100111100001> :  0.1559029E-09  0.1000000E-03           1
|01110001110101011011100101111010000> :  0.2271266E-09  0.1000000E-03           1
|10111010000010010000111001110101100> :  0.1884527E-11  0.1000000E-03           1
|00111100000011110101011110000100111> :  0.9319779E-11  0.1000000E-03           1
|01110010001000011001111011110100111> :  0.1558577E-09  0.1000000E-03           1
|10110010111001011010010001111001100> :  0.8654151E-10  0.1000000E-03           1
|01011011000100101101001011000101100> :  0.1323080E-09  0.1000000E-03           1
|01010000111111000010101011101000100> :  0.7086298E-08  0.1000000E-03           1
|11111011010010001100110000001101100> :  0.1578933E-10  0.1000000E-03           1
|11101001101001100101111100000100111> :  0.1765935E-09  0.1000000E-03           1
|10101001000110100111111100000000111> :  0.8179659E-10  0.1000000E-03           1
|10001000100110101110110111110000100> :  0.1376530E-09  0.1000000E-03           1
|10100110110011011111010001111000010> :  0.5906662E-10  0.1000000E-03           1
|10010011101000001101101001101001100> :  0.9586536E-05  0.1000000E-03           1
|00011001000100100011111100110100111> :  0.7245257E-10  0.1000000E-03           1
|10001000101110101111010010010100111> :  0.2254567E-10  0.1000000E-03           1
|10111111000010111000101100000110011> :  0.1220471E-09  0.1000000E-03           1
|10001011101010001001111110100101100> :  0.7763667E-09  0.1000000E-03           1
|10001000010110100111011110110100111> :  0.2325040E-09  0.1000000E-03           1
|11100000001101010000010111010100111> :  0.6288246E-10  0.1000000E-03           1
|01010110111001110100100001101110011> :  0.1206670E-09  0.1000000E-03           1
|11010011101100001101101001101001100> :  0.1206989E-04  0.1000000E-03           1
|01010011101100001111001001111001100> :  0.1546242E-05  0.1000000E-03           1
|00001101110101110101000000111000010> :  0.1123838E-05  0.1000000E-03           1
|01101111100110001111100110001110000> :  0.9568668E-10  0.1000000E-03           1
|00100011110000011101111001111001100> :  0.7125096E-09  0.1000000E-03           1
|11110011111100001100101001101001100> :  0.8428136E-08  0.1000000E-03           1
|10101101000100111101010100010101100> :  0.3148888E-03  0.1000000E-03           1
|11011110100010111010111011100001100> :  0.1927399E-09  0.1000000E-03           1
|10111110101010100010111001000101100> :  0.4570006E-09  0.1000000E-03           1
|00010110111010010010111011100101100> :  0.2250922E-09  0.1000000E-03           1
|10110111011100001110100011001010110> :  0.1954748E-09  0.1000000E-03           1
|01110111001000001010011011001010110> :  0.3680380E-09  0.1000000E-03           1
|10001111100000111101111000100101100> :  0.7673663E-04  0.1000000E-03           1
|10001111100010101101111000100101100> :  0.8588292E-04  0.1000000E-03           1
|11000111101101100101010100100101100> :  0.6299269E-10  0.1000000E-03           1
|11100000101101001001110111010011100> :  0.1012954E-09  0.1000000E-03           1
|10011001000101101101011001100011100> :  0.8938269E-10  0.1000000E-03           1
|01110001000111010001110111011011100> :  0.1613112E-09  0.1000000E-03           1
|01101001001100011010100100011111100> :  0.5506381E-09  0.1000000E-03           1
|11011001011110001101100000001011100> :  0.7131585E-10  0.1000000E-03           1
|01011001111100010101001000111011100> :  0.2423781E-09  0.1000000E-03           1
|11010011101100001110011011100011100> :  0.8943168E-10  0.1000000E-03           1
|01001110111001010000010111100110011> :  0.3347888E-09  0.1000000E-03           1
|10001100000111110110010100110111100> :  0.4716269E-10  0.1000000E-03           1
|01110100011001110000011000010011100> :  0.1032314E-09  0.1000000E-03           1
|11010111000100001111101111000011100> :  0.1619303E-09  0.1000000E-03           1
|01000111010100011011000101011011100> :  0.2765307E-10  0.1000000E-03           1
|10010111111100001100110001001011100> :  0.3767704E-09  0.1000000E-03           1
|00000000111001001010000101110001101> :  0.2211034E-12  0.1000000E-03           1
|11000110110001111100001011100010110> :  0.9301118E-10  0.1000000E-03           1
|10001001000101110101111000100101101> :  0.2701618E-11  0.1000000E-03           1
|00101001001100011011010100011101101> :  0.1781595E-10  0.1000000E-03           1
|01011011000110111001001001101001101> :  0.7619019E-10  0.1000000E-03           1
|00000011100010101011101111010101101> :  0.1454001E-09  0.1000000E-03           1
|00010011111100000101101000010101101> :  0.6672687E-11  0.1000000E-03           1
|01101101001101101101001100001001101> :  0.1201930E-09  0.1000000E-03           1
|01000101100111101100001001101101101> :  0.4532986E-11  0.1000000E-03           1
|11000111110100101111001000001101101> :  0.3577789E-09  0.1000000E-03           1
|00111110011010011001110101000110110> :  0.2049063E-09  0.1000000E-03           1
|01000110100111110011001100110010011> :  0.1606155E-09  0.1000000E-03           1
|00101101010111110001010100011100010> :  0.2347275E-09  0.1000000E-03           1
|01010011011100001111111011011001110> :  0.2495348E-09  0.1000000E-03           1
|11110011001000001101101000001101110> :  0.4447884E-05  0.1000000E-03           1
|00110110010000011011110101100010110> :  0.2255403E-09  0.1000000E-03           1
|01110011000000011010101001001001110> :  0.5824669E-10  0.1000000E-03           1
|10010010001100101000101011101001110> :  0.2110353E-09  0.1000000E-03           1
|11110011101000001101101001001001110> :  0.3221572E-05  0.1000000E-03           1
|01111100011011100010001000000110110> :  0.2370357E-09  0.1000000E-03           1
|11110011111010100100000000001101110> :  0.1070275E-09  0.1000000E-03           1
|11101100001100001100010111001001110> :  0.1931629E-09  0.1000000E-03           1
|11010100011000000101011001001101110> :  0.3046106E-10  0.1000000E-03           1
|01110100101001000101000101111001110> :  0.1843594E-09  0.1000000E-03           1
|10001100111100001010011000101001110> :  0.1477703E-09  0.1000000E-03           1
|11100101001000011101111000110101110> :  0.6649505E-10  0.1000000E-03           1
|01111110011000010000110011000001110> :  0.3700063E-10  0.1000000E-03           1
|11010110100001001101101011010001110> :  0.9266695E-10  0.1000000E-03           1
|10010110100010110010110010010101110> :  0.6738620E-09  0.1000000E-03           1
|10111111000100100110101001101001110> :  0.1891425E-09  0.1000000E-03           1
|10000111001000011110110001110101110> :  0.8808225E-10  0.1000000E-03           1
|10110111011000011100110001001001110> :  0.1260336E-05  0.1000000E-03           1
|11000111100101100101111000000101110> :  0.3222305E-09  0.1000000E-03           1
|11010000101100011010111010001011110> :  0.4806143E-10  0.1000000E-03           1
|10011001001110110000010001101011110> :  0.7955392E-10  0.1000000E-03           1
|00110001111100010010010000111011110> :  0.6743642E-10  0.1000000E-03           1
|10001010000011111010110010100111110> :  0.8603966E-10  0.1000000E-03           1
|11110010010000000010111011110011110> :  0.3578587E-09  0.1000000E-03           1
|11111010010011110000110000001011110> :  0.1274007E-09  0.1000000E-03           1
|01011010111011000000101001101011110> :  0.2223244E-05  0.1000000E-03           1
|11110011000100010001100100000011110> :  0.1568780E-09  0.1000000E-03           1
|01110100011001010100001001111011110> :  0.6404538E-04  0.1000000E-03           1
|10101100100100110100010000010111110> :  0.2389157E-09  0.1000000E-03           1
|10001100111011100101010000010111110> :  0.6481502E-10  0.1000000E-03           1
|01010110010111100000001111101011110> :  0.1101078E-09  0.1000000E-03           1
|10010110110000100110111011101011110> :  0.1185333E-09  0.1000000E-03           1
|00001110010110110100100111101110011> :  0.1584287E-09  0.1000000E-03           1
|10011010001001000101110011010101110> :  0.5587511E-10  0.1000000E-03           1
|10010111011001101001101001100011110> :  0.2095528E-09  0.1000000E-03           1
|01010001101100100111001000001101110> :  0.2219301E-10  0.1000000E-03           1
|01110001001100110001101110010001111> :  0.6954147E-10  0.1000000E-03           1
|01110001010100011110000000101001111> :  0.1471364E-09  0.1000000E-03           1
|10101011001101100100000100011101111> :  0.6131604E-10  0.1000000E-03           1
|00101101010001000100001000111101111> :  0.1237269E-09  0.1000000E-03           1
|01011010111011000011101011101010110> :  0.5480308E-06  0.1000000E-03           1
|11000111110000101110001001001011101> :  0.1676572E-09  0.1000000E-03           1
|10110101100010100101101000011101111> :  0.6644626E-11  0.1000000E-03           1
|11011111001000111001001000000001111> :  0.3250715E-10  0.1000000E-03           1
|00000111011100010100010101111001111> :  0.2257682E-09  0.1000000E-03           1
|11000111110000101110111010100001111> :  0.1393363E-10  0.1000000E-03           1
|01010010011110000011001101011011101> :  0.2892509E-09  0.1000000E-03           1
|01011110010101100010001101100010011> :  0.8475061E-10  0.1000000E-03           1
|01101100011001010111000000111100010> :  0.1539703E-10  0.1000000E-03           1
|11000111100110001001110111000010000> :  0.3600710E-09  0.1000000E-03           1
|00101001010111010101100100010110000> :  0.7068709E-10  0.1000000E-03           1
|10011001000100111101011011001011111> :  0.1316563E-09  0.1000000E-03           1
|01111001000101110000011111000011111> :  0.4453883E-10  0.1000000E-03           1
|00101100101111011010110110010100000> :  0.2355568E-10  0.1000000E-03           1
|01001001111101000100001000111011111> :  0.5547781E-07  0.1000000E-03           1
|11110011011100100110000100000011111> :  0.8979896E-10  0.1000000E-03           1
|00001010110111110001111111100100000> :  0.3940484E-10  0.1000000E-03           1
|01010100100100000011011110110011111> :  0.1068659E-12  0.1000000E-03           1
|00101100111001100100000000011011111> :  0.2791769E-10  0.1000000E-03           1
|11000111101101100101001010000011111> :  0.8597328E-10  0.1000000E-03           1
|10011010001110001111110110110100000> :  0.1164059E-09  0.1000000E-03           1
