# state, exact probability, frequency, count:
#------------------------------------------------------------------
|0101101000001000000100000> :  0.1475084E+00  0.1469000E+00        1469
|0001101000001010000100000> :  0.1173302E+00  0.1222000E+00        1222
|0001101000001000000100100> :  0.1212784E+00  0.1188000E+00        1188
|0001001001001000000100100> :  0.6962095E-01  0.6710000E-01         671
|0101001001001000000100000> :  0.5471845E-01  0.5820000E-01         582
|0001001001001010000100000> :  0.5462143E-01  0.5600000E-01         560
|0101101000000100000100000> :  0.5236619E-01  0.5380000E-01         538
|0101101100001000000000000> :  0.3929495E-01  0.3970000E-01         397
|0000101000001000010100100> :  0.3504648E-01  0.3700000E-01         370
|0101001010000000100010000> :  0.3080375E-01  0.2990000E-01         299
|0101001001000000100010000> :  0.3193147E-01  0.2980000E-01         298
|0101101000000000100010000> :  0.2664081E-01  0.2690000E-01         269
|0000101000001010010100000> :  0.2683035E-01  0.2660000E-01         266
|0101101000000100100000000> :  0.2776445E-01  0.2530000E-01         253
|0000001001001000010100100> :  0.2161707E-01  0.2430000E-01         243
|0001101100001000000000100> :  0.1976800E-01  0.2180000E-01         218
|0001101000000110000100000> :  0.2280602E-01  0.1920000E-01         192
|0101101100000100000000000> :  0.2031403E-01  0.1920000E-01         192
|0000001001001010010100000> :  0.1272239E-01  0.1340000E-01         134
|0000001001101000000100100> :  0.1105438E-01  0.1030000E-01         103
|0100001001000001100010000> :  0.9600744E-02  0.9400000E-02          94
|0101000010000000100010001> :  0.4987744E-02  0.5800000E-02          58
|0100001010000001100010000> :  0.5687294E-02  0.5700000E-02          57
|0001101000000110100000000> :  0.5578556E-02  0.5300000E-02          53
|0100001001101000000100000> :  0.5039750E-02  0.4800000E-02          48
|0100001001100000100010000> :  0.3375754E-02  0.3100000E-02          31
|0010100000001000010100100> :  0.2894084E-02  0.2900000E-02          29
|0010100000001010010100000> :  0.2409122E-02  0.2300000E-02          23
|0101001110001000000000000> :  0.2634625E-02  0.1300000E-02          13
|0001001110001000000000100> :  0.2334114E-02  0.1300000E-02          13
|0101000010000000001010001> :  0.9151308E-03  0.1100000E-02          11
|0101000010001000001000001> :  0.6473626E-03  0.7000000E-03           7
|0001000010000000100010011> :  0.7249591E-03  0.6000000E-03           6
|0001101000001000000100000> :  0.1477950E-03  0.4000000E-03           4
|0001101000001000000000100> :  0.1307865E-03  0.4000000E-03           4
|0001000010000000001010011> :  0.1289512E-03  0.3000000E-03           3
|0001101000000000100000100> :  0.7100924E-04  0.3000000E-03           3
|0101101000001100000100000> :  0.7485392E-04  0.3000000E-03           3
|0100001000000101100000000> :  0.4063337E-04  0.2000000E-03           2
|0001101000001110000100000> :  0.4004497E-04  0.2000000E-03           2
|0001101000001010000100100> :  0.6532775E-04  0.2000000E-03           2
|0101001000000100100000000> :  0.6923090E-04  0.2000000E-03           2
|0001001000000110000100000> :  0.1889217E-04  0.2000000E-03           2
|0001001010001010000000000> :  0.1972995E-03  0.2000000E-03           2
|0001001010000010100000000> :  0.6848982E-04  0.1000000E-03           1
|0010110000000010010100000> :  0.1623674E-03  0.1000000E-03           1
|0000100011110000100010000> :  0.1624518E-09  0.1000000E-03           1
|0010100000000110000100000> :  0.1691187E-04  0.1000000E-03           1
|0001001001001000000000100> :  0.3905491E-04  0.1000000E-03           1
|0000100010111001001000000> :  0.2266045E-06  0.1000000E-03           1
|0000001001001001010000000> :  0.4939919E-04  0.1000000E-03           1
|0010000100010011000100000> :  0.4945014E-07  0.1000000E-03           1
|1110101100001000011000000> :  0.1605081E-08  0.1000000E-03           1
|0010000010001000000000101> :  0.3039649E-05  0.1000000E-03           1
|0010001110000001001001000> :  0.2611365E-06  0.1000000E-03           1
|0010001110101000001100000> :  0.7563437E-07  0.1000000E-03           1
|0001111000001001000100100> :  0.2664485E-05  0.1000000E-03           1
|1100001010001001000000000> :  0.1277165E-03  0.1000000E-03           1
|0001000110000011101000100> :  0.1140524E-07  0.1000000E-03           1
|0000100000011001001100100> :  0.8257790E-06  0.1000000E-03           1
|0100000010000001000011000> :  0.2490669E-04  0.1000000E-03           1
|0001101010010100100100000> :  0.1141536E-05  0.1000000E-03           1
|0001101001001010000100000> :  0.7873627E-04  0.1000000E-03           1
|0001000010010000100110011> :  0.3374189E-06  0.1000000E-03           1
|0101101100001000000100000> :  0.3292891E-04  0.1000000E-03           1
|0001101001001000000100100> :  0.8578788E-04  0.1000000E-03           1
|0101101100000100000100000> :  0.1935544E-04  0.1000000E-03           1
|0000001100010000101100000> :  0.7077982E-06  0.1000000E-03           1
|0000001000000010010100000> :  0.3203394E-07  0.1000000E-03           1
|0001101000001010010100000> :  0.4878125E-04  0.1000000E-03           1
|0001000010000000100010010> :  0.3284634E-04  0.1000000E-03           1
|0101100000001000000100000> :  0.2133008E-04  0.1000000E-03           1
|0101011110001000001000000> :  0.3239102E-06  0.1000000E-03           1
|0101001001001010000100000> :  0.2408778E-04  0.1000000E-03           1
|0000111000000011000100001> :  0.4448058E-07  0.1000000E-03           1
|0001101000000111000100001> :  0.2976570E-05  0.1000000E-03           1
|0101001000000000100010000> :  0.6982126E-04  0.1000000E-03           1
|0101000110001000000000000> :  0.2464524E-04  0.1000000E-03           1
|0000110000110001100010001> :  0.1758140E-07  0.1000000E-03           1
|0000001001101000000000100> :  0.3296868E-04  0.1000000E-03           1
|0000001001001000010000100> :  0.7544400E-04  0.1000000E-03           1
|0101000001001000000100000> :  0.2433471E-04  0.1000000E-03           1
|0100111111001000000000000> :  0.1523147E-06  0.1000000E-03           1
|0100101000001000000100000> :  0.8360292E-04  0.1000000E-03           1
|0001100100001000000000100> :  0.7612528E-05  0.1000000E-03           1
|0100101000000100000100000> :  0.2675517E-04  0.1000000E-03           1
|0100100100000100000001000> :  0.3462662E-04  0.1000000E-03           1
|0001100010110000100010000> :  0.1064303E-07  0.1000000E-03           1
|0000001001100000100000100> :  0.2983511E-04  0.1000000E-03           1
|0100100010100101100000001> :  0.6112999E-07  0.1000000E-03           1
|0100001010010000001000101> :  0.8471644E-08  0.1000000E-03           1
|0001100000001000000100100> :  0.1967607E-04  0.1000000E-03           1
|0001011110001000001000100> :  0.3446890E-05  0.1000000E-03           1
|0000101000001000010000100> :  0.1233246E-03  0.1000000E-03           1
|0100001001001001000000000> :  0.4614837E-04  0.1000000E-03           1
|0100001000100000100010000> :  0.1661467E-04  0.1000000E-03           1
|0000101000000000010100100> :  0.2988457E-04  0.1000000E-03           1
|0111001010001100000000010> :  0.2526399E-06  0.1000000E-03           1
|1000001000010000001001001> :  0.5820025E-06  0.1000000E-03           1
|1000101100101000000000110> :  0.1933746E-06  0.1000000E-03           1
|1001001000011010010100000> :  0.8355319E-06  0.1000000E-03           1
|1100000010001000001000000> :  0.2437994E-04  0.1000000E-03           1
|0000001001000001100010000> :  0.3537183E-04  0.1000000E-03           1
|1100100101100000000000001> :  0.9052437E-08  0.1000000E-03           1
|1100101000000100000000000> :  0.5517766E-04  0.1000000E-03           1
|1100101000001000000000000> :  0.6060745E-04  0.1000000E-03           1
|0000000010000001100010010> :  0.5299397E-04  0.1000000E-03           1
|0000000001001010011000000> :  0.1701403E-04  0.1000000E-03           1
