# state, exact probability, frequency, count:
#------------------------------------------------------------------
|10010010101000000010000100010001110> :  0.9238487E+00  0.9198000E+00        9198
|10010010101000000010000000010001110> :  0.2226435E-01  0.2280000E-01         228
|10010010101000100010000100010001110> :  0.1007457E-02  0.1200000E-02          12
|10010011101000000010000000010101110> :  0.5707055E-03  0.9000000E-03           9
|10010010101000110010000000000001110> :  0.1981825E-03  0.6000000E-03           6
|10010010101000010110000000010001010> :  0.2596943E-03  0.6000000E-03           6
|10010010101000000011000000010001110> :  0.6254878E-03  0.6000000E-03           6
|10010010101010000100000100010001110> :  0.2779486E-03  0.5000000E-03           5
|10010010101000100010000000000001110> :  0.1683537E-03  0.4000000E-03           4
|10010010101001000110000000010001110> :  0.2199398E-03  0.4000000E-03           4
|10010011101000100010000100010001110> :  0.6074562E-04  0.3000000E-03           3
|10110000101000000010000000010001110> :  0.1681453E-03  0.3000000E-03           3
|10010010101000100010000000010101110> :  0.1103603E-03  0.3000000E-03           3
|10010010101010000000000100010001110> :  0.8210875E-04  0.3000000E-03           3
|10010010101000000010000000010101110> :  0.2054710E-03  0.3000000E-03           3
|10010011111000000010000000010001110> :  0.1225873E-03  0.3000000E-03           3
|10010010101000000010000000010101010> :  0.9789339E-04  0.3000000E-03           3
|10011010101000000110000000010001110> :  0.1305546E-03  0.3000000E-03           3
|10010110101000000010000000010001010> :  0.3859379E-03  0.3000000E-03           3
|10010010101000000111000000010001110> :  0.1557453E-03  0.3000000E-03           3
|10010011101000000100000000010001110> :  0.7829822E-04  0.3000000E-03           3
|10010011101000000010000000010001111> :  0.1368897E-03  0.3000000E-03           3
|10011010100000000010000000010001110> :  0.1799152E-03  0.3000000E-03           3
|10010010100000000110000100010001110> :  0.1395883E-03  0.2000000E-03           2
|10000011101000100110000000011001010> :  0.5939998E-04  0.2000000E-03           2
|10010010101000000010001000010001010> :  0.1139917E-03  0.2000000E-03           2
|10110011101000000100000100010001110> :  0.4464314E-05  0.2000000E-03           2
|10010011101100000010000000010001110> :  0.1408766E-03  0.2000000E-03           2
|10010011101000000110000000010001110> :  0.7908731E-04  0.2000000E-03           2
|10010010101000100010000010010001110> :  0.2453328E-04  0.2000000E-03           2
|10010011100000000010001000010001110> :  0.6107475E-04  0.2000000E-03           2
|00010010101000100110000000011001010> :  0.7162151E-04  0.2000000E-03           2
|10000111111000000100000000011000010> :  0.1205563E-03  0.2000000E-03           2
|10000011101000100110000000011000010> :  0.7416223E-04  0.2000000E-03           2
|10011010101000000010000100010001110> :  0.2007354E-03  0.2000000E-03           2
|10010010101000000010000001010001110> :  0.8225711E-04  0.2000000E-03           2
|10010010100000100010000100010001110> :  0.6108331E-04  0.2000000E-03           2
|10010000100000000110000000010001110> :  0.3969800E-04  0.2000000E-03           2
|10010010101000000100000100010011110> :  0.1219406E-03  0.2000000E-03           2
|00110010101000100110000000010001010> :  0.1021163E-04  0.2000000E-03           2
|10010010100000010110000100010001110> :  0.6612519E-04  0.2000000E-03           2
|10010010100000000110000000011001110> :  0.1459673E-03  0.2000000E-03           2
|10100010101000000100000000011001110> :  0.1015372E-04  0.2000000E-03           2
|10010110101000100010000000010001010> :  0.1619188E-04  0.2000000E-03           2
|10010010101010000100000000010001110> :  0.1552431E-04  0.2000000E-03           2
|10010010101000000110000000010001011> :  0.1862922E-03  0.2000000E-03           2
|10010010111000100010000100010001110> :  0.1122806E-03  0.2000000E-03           2
|10010010111000000110000100010001110> :  0.1467114E-03  0.2000000E-03           2
|11000011101000000010000000010001110> :  0.7021290E-04  0.2000000E-03           2
|10010010101000000010010000010011110> :  0.5226419E-04  0.2000000E-03           2
|10010010101000000010100000010001110> :  0.1035701E-03  0.2000000E-03           2
|10100010101000000110000000010001110> :  0.1600836E-03  0.2000000E-03           2
|10110010101000000110000000010001010> :  0.1404758E-03  0.2000000E-03           2
|10010010101010000010001000010001110> :  0.3869207E-04  0.2000000E-03           2
|10010010101000000110000000110001110> :  0.2707897E-03  0.2000000E-03           2
|10010010101000000110000000011001110> :  0.9267093E-04  0.2000000E-03           2
|10001010101000000110000110010001110> :  0.2990206E-05  0.2000000E-03           2
|10010010101000000010001000110001010> :  0.3643005E-04  0.2000000E-03           2
|10010010101000100110000000010001011> :  0.7114115E-04  0.2000000E-03           2
|10010011101000000110000000010001100> :  0.1653825E-04  0.2000000E-03           2
|00010010101000100010000100010001010> :  0.1031925E-03  0.2000000E-03           2
|10000010101000100110000000011000010> :  0.3184276E-03  0.2000000E-03           2
|10000111111000100100000000011000010> :  0.3021151E-04  0.2000000E-03           2
|10010111101000000010000000010001110> :  0.1209741E-03  0.2000000E-03           2
|10000011101000000110000000010001110> :  0.3906665E-04  0.2000000E-03           2
|10010010101000001110000000010001010> :  0.3181882E-04  0.2000000E-03           2
|10010010101000100110000000010001100> :  0.3654805E-04  0.2000000E-03           2
|10000010101000100110000000010001110> :  0.1441947E-03  0.2000000E-03           2
|00010010101000100010000010010001110> :  0.3349528E-04  0.2000000E-03           2
|10110010101000010100000100010001110> :  0.2584768E-03  0.2000000E-03           2
|10011000101000000010000000010001110> :  0.7499295E-04  0.2000000E-03           2
|00110010101000000100000100010001110> :  0.2449357E-04  0.2000000E-03           2
|10010011101000000010000000010001100> :  0.2709705E-04  0.2000000E-03           2
|10011010101000000010000000010001100> :  0.8083056E-04  0.2000000E-03           2
|10010010101000000110000010010001110> :  0.9921519E-04  0.2000000E-03           2
|10010010101100000010000100010001110> :  0.7052569E-04  0.2000000E-03           2
|10010010101000100110000100010001000> :  0.3555209E-04  0.2000000E-03           2
|10010010000010100010000000010101010> :  0.1010095E-05  0.1000000E-03           1
|10000010000001100001000100011001010> :  0.6527311E-10  0.1000000E-03           1
|00010010101000000110001000110001000> :  0.5691479E-06  0.1000000E-03           1
|10010010000000000110001100010101010> :  0.7790685E-06  0.1000000E-03           1
|00010001110110001010000000010001010> :  0.9007068E-10  0.1000000E-03           1
|00010010100000100010011000110101000> :  0.2051543E-08  0.1000000E-03           1
|10000001001010010100000000010100110> :  0.3353470E-09  0.1000000E-03           1
|10010001000010000000011100010101010> :  0.4172927E-09  0.1000000E-03           1
|00011001000000001010100010010101010> :  0.7102497E-09  0.1000000E-03           1
|10010010001010000110001101110001000> :  0.7163149E-09  0.1000000E-03           1
|00110000101010100110000011010001010> :  0.2044989E-10  0.1000000E-03           1
|10000010111000100100000000011001010> :  0.8323046E-05  0.1000000E-03           1
|10010000101000100110000000010001010> :  0.1018231E-04  0.1000000E-03           1
|10011000001000001110000100010101000> :  0.5649232E-10  0.1000000E-03           1
|10011001101000110010001000010100101> :  0.1833170E-12  0.1000000E-03           1
|10110000001010000110000000010101010> :  0.1243238E-08  0.1000000E-03           1
|00011000001000001010000100010011001> :  0.1658562E-08  0.1000000E-03           1
|00011100100000001000000000010010111> :  0.9822026E-10  0.1000000E-03           1
|10011000000000010010001000010011001> :  0.3354023E-11  0.1000000E-03           1
|00110011000100001100101000100001001> :  0.9391191E-10  0.1000000E-03           1
|00010111111001000100000100000000110> :  0.3276782E-09  0.1000000E-03           1
|10000101100010010010010010010010100> :  0.5641344E-10  0.1000000E-03           1
|10000010101000100100000100011001010> :  0.2347479E-04  0.1000000E-03           1
|10000010101000100010000100100101010> :  0.9264201E-07  0.1000000E-03           1
|01010010101010010100000010010001001> :  0.1579645E-08  0.1000000E-03           1
|00010010101000100110000000010001010> :  0.2099382E-04  0.1000000E-03           1
|10010001000010001010000010011001110> :  0.1931580E-08  0.1000000E-03           1
|11010001001110100110000000000101110> :  0.3640788E-10  0.1000000E-03           1
|10010010101000100110000000011001010> :  0.1794254E-03  0.1000000E-03           1
|00010010101000100110000100010001010> :  0.6005130E-04  0.1000000E-03           1
|10000010101000100110001000010001010> :  0.1695492E-04  0.1000000E-03           1
|10010010101001000011010000010001010> :  0.1312158E-06  0.1000000E-03           1
|01000010101100100010000010011001010> :  0.3424360E-07  0.1000000E-03           1
|10110010001000001100001100110001110> :  0.9793184E-09  0.1000000E-03           1
|10000011000000000100011100010101010> :  0.1537743E-07  0.1000000E-03           1
|00000011001000100100101100101001010> :  0.3925500E-08  0.1000000E-03           1
|10000011001000100110000110010101010> :  0.3062062E-06  0.1000000E-03           1
|10010011001110000010000000010101010> :  0.1197871E-07  0.1000000E-03           1
|10000011100000000000000110010101010> :  0.3286608E-06  0.1000000E-03           1
|10000011101000000010000000011101010> :  0.2315881E-04  0.1000000E-03           1
|10000011101000000110000000010101010> :  0.1029102E-05  0.1000000E-03           1
|10010011101000000110000000011001010> :  0.1809411E-05  0.1000000E-03           1
|10000011101000100100000000011001010> :  0.1277443E-04  0.1000000E-03           1
|10110010100000000110000100010001110> :  0.3082350E-04  0.1000000E-03           1
|11010011101000110010000100110101010> :  0.8726411E-10  0.1000000E-03           1
|11000011101001100000000100010001010> :  0.7406637E-07  0.1000000E-03           1
|10000011111000000100000000011001010> :  0.1731012E-05  0.1000000E-03           1
|11010110100000100010000010000001010> :  0.8520071E-08  0.1000000E-03           1
|00010110100001100000000000010101010> :  0.4108393E-09  0.1000000E-03           1
|10010010101000100010000100010001010> :  0.6035172E-04  0.1000000E-03           1
|10010011101000100000001000010001110> :  0.5391792E-04  0.1000000E-03           1
|11010010001000100010000101010001001> :  0.4272950E-09  0.1000000E-03           1
|10010111111001000000000100000000110> :  0.1130247E-08  0.1000000E-03           1
|10010010101000100010000010010001010> :  0.1364737E-03  0.1000000E-03           1
|10010010101000100010000000011001010> :  0.1448378E-03  0.1000000E-03           1
|01111010000000101110000000110001001> :  0.9226825E-09  0.1000000E-03           1
|10010010101000100010000000010001010> :  0.6639016E-04  0.1000000E-03           1
|00100000000100100011000001000001110> :  0.1211549E-09  0.1000000E-03           1
|00010010101000100010000000010001010> :  0.1723144E-04  0.1000000E-03           1
|10010010100011000010100010010011000> :  0.4863840E-10  0.1000000E-03           1
|00000111100000100000001110011000110> :  0.4775242E-09  0.1000000E-03           1
|10010010101000000010000100010000100> :  0.2112800E-04  0.1000000E-03           1
|10010010101000000110000000011000010> :  0.3415260E-05  0.1000000E-03           1
|00110000001000110100000000000001101> :  0.3213244E-10  0.1000000E-03           1
|10010010101000010010000010010001010> :  0.1828937E-05  0.1000000E-03           1
|01010001010010001000011111010011000> :  0.6237510E-10  0.1000000E-03           1
|00111110000000100100000000000001100> :  0.1268787E-08  0.1000000E-03           1
|10010010101000001010000100010001010> :  0.2348139E-04  0.1000000E-03           1
|00110110111000100010000001001001000> :  0.5287021E-10  0.1000000E-03           1
|00000111010000110000001110000100110> :  0.9109114E-09  0.1000000E-03           1
|10000010101000000110010000011001010> :  0.9149253E-05  0.1000000E-03           1
|10010010101000000110000100110001010> :  0.2278779E-04  0.1000000E-03           1
|11100110101000110000000010001001000> :  0.9470742E-12  0.1000000E-03           1
|10010010101000000110000100010001010> :  0.1047656E-03  0.1000000E-03           1
|00010010101000000110000000110001010> :  0.3464158E-04  0.1000000E-03           1
|01011101000000100000000010010001000> :  0.4080964E-10  0.1000000E-03           1
|10000011101100100100110000010000110> :  0.6302179E-09  0.1000000E-03           1
|10010010101000000010000000010100100> :  0.1513929E-05  0.1000000E-03           1
|10010010101010010100000100010001110> :  0.4063885E-04  0.1000000E-03           1
|10000010101000000110000000010001010> :  0.6418393E-04  0.1000000E-03           1
|00011011101000000010011000000101000> :  0.2308429E-09  0.1000000E-03           1
|10110010101000000100000100010001010> :  0.2017871E-04  0.1000000E-03           1
|10010010101000000100000100010001010> :  0.4282571E-04  0.1000000E-03           1
|11000011001000000101011000010001000> :  0.2311687E-09  0.1000000E-03           1
|10010011101000000010000000010000110> :  0.1328979E-03  0.1000000E-03           1
|00011010101000000010100000010001100> :  0.3657057E-07  0.1000000E-03           1
|10010010101000000010000100010001100> :  0.3063889E-04  0.1000000E-03           1
|10010010101000000100000000011001010> :  0.1945874E-05  0.1000000E-03           1
|10010010101000000010000001010001100> :  0.1035499E-04  0.1000000E-03           1
|01100010101000000100000100100001100> :  0.1300804E-08  0.1000000E-03           1
|10010010101000000110000000110001100> :  0.6924056E-04  0.1000000E-03           1
|10010010101000100010000000010001100> :  0.1467478E-03  0.1000000E-03           1
|10010010101000100010001000010001100> :  0.6897872E-04  0.1000000E-03           1
|10010010101000100100000100010001100> :  0.4493832E-04  0.1000000E-03           1
|10110010101000100100000100010001100> :  0.1383441E-04  0.1000000E-03           1
|10010010101010100010000000010001110> :  0.7020155E-04  0.1000000E-03           1
|10010010101000100110000100010001100> :  0.2656065E-04  0.1000000E-03           1
|10100010101001110010001100010101100> :  0.7060669E-11  0.1000000E-03           1
|10111010110000000000010000110001100> :  0.7092669E-10  0.1000000E-03           1
|01011010111000000010010001010001100> :  0.4136519E-10  0.1000000E-03           1
|10000011100000001100001000111001100> :  0.3547697E-08  0.1000000E-03           1
|00001011100000111100000100010001100> :  0.3589428E-09  0.1000000E-03           1
|10010011100000111100010000010001100> :  0.9277512E-10  0.1000000E-03           1
|10010011100010000100100000110001100> :  0.9196353E-07  0.1000000E-03           1
|10010011000000000010010100010001110> :  0.2963277E-05  0.1000000E-03           1
|11111011000100000000010000000001110> :  0.6017373E-09  0.1000000E-03           1
|00100011110000110110001000100001100> :  0.6300440E-10  0.1000000E-03           1
|10010011001000100000000100010001110> :  0.1180695E-04  0.1000000E-03           1
|00100110101000100010101010100001100> :  0.1282000E-09  0.1000000E-03           1
|10111000001001000010000101010011100> :  0.8444013E-11  0.1000000E-03           1
|11010010001000101010100000010011100> :  0.4808433E-10  0.1000000E-03           1
|10010011101000000000000100010001110> :  0.2122163E-04  0.1000000E-03           1
|00010010100001100100001000010011101> :  0.3266578E-09  0.1000000E-03           1
|11010011101000000010000000010001110> :  0.1583411E-03  0.1000000E-03           1
|10010000001000100010000100010001110> :  0.1409172E-04  0.1000000E-03           1
|10010000001101000111000100010001110> :  0.4474846E-08  0.1000000E-03           1
|10010000100000000010000100010001110> :  0.3014978E-05  0.1000000E-03           1
|10110010101000100100000100010001110> :  0.1874748E-03  0.1000000E-03           1
|10000000100000000110000000011001110> :  0.8530203E-08  0.1000000E-03           1
|10010000100000100110000110010001110> :  0.2480992E-07  0.1000000E-03           1
|10010000101000000010000000010001110> :  0.4355417E-04  0.1000000E-03           1
|10010011101000100010000000000001110> :  0.5303802E-04  0.1000000E-03           1
|10010011101000100110000000010001110> :  0.5005524E-04  0.1000000E-03           1
|10010000101000000010000000010101110> :  0.4309299E-04  0.1000000E-03           1
|10010000101000000010000000011001110> :  0.1751628E-04  0.1000000E-03           1
|10110000101000000010000100010001110> :  0.8096147E-05  0.1000000E-03           1
|10010000101000000010100000010001110> :  0.2028209E-06  0.1000000E-03           1
|10110000101000000110000000010001110> :  0.4038135E-04  0.1000000E-03           1
|00000000101000010000001000010001110> :  0.8654977E-10  0.1000000E-03           1
|10010000101000100010000100010001110> :  0.1993263E-04  0.1000000E-03           1
|11010001000001000000000000011001110> :  0.6534088E-08  0.1000000E-03           1
|10010110101000010010000000010001110> :  0.8285984E-04  0.1000000E-03           1
|10000001000101000000011000100001110> :  0.2387597E-10  0.1000000E-03           1
|10000111101000000010000000010001110> :  0.6802654E-04  0.1000000E-03           1
|00110001100110101010000000000001110> :  0.2788694E-10  0.1000000E-03           1
|10010001101100000010000000010001110> :  0.4164380E-05  0.1000000E-03           1
|10010010000000000010100110010001110> :  0.5439798E-06  0.1000000E-03           1
|10010010000000001100001100010001110> :  0.8075327E-06  0.1000000E-03           1
|10110010000001000100000000010101110> :  0.8887743E-08  0.1000000E-03           1
|10010010001000000010000000010001110> :  0.9301163E-04  0.1000000E-03           1
|10110010001000000010000100010001110> :  0.1155095E-03  0.1000000E-03           1
|11010010001000000010000100010001110> :  0.1360005E-03  0.1000000E-03           1
|10010010001000000010000100011001110> :  0.4581596E-04  0.1000000E-03           1
|10010010001000000110000100010001110> :  0.1233892E-03  0.1000000E-03           1
|10010010001000001010000100010001110> :  0.3285602E-04  0.1000000E-03           1
|10010010101000000010000100010001111> :  0.2292801E-04  0.1000000E-03           1
|10010010001000100010000000010001110> :  0.5770495E-04  0.1000000E-03           1
|00010010001000100011100110010001110> :  0.3916759E-08  0.1000000E-03           1
|00010010001000100100101100010101110> :  0.1380074E-08  0.1000000E-03           1
|10010010001000100110000100010001110> :  0.7570251E-04  0.1000000E-03           1
|10010010001010000010000100010001110> :  0.8192705E-04  0.1000000E-03           1
|10010010001100000110000100010001110> :  0.4355036E-05  0.1000000E-03           1
|10000010101000100100000100010001110> :  0.1300002E-03  0.1000000E-03           1
|10011010100000000010000010010001110> :  0.3916645E-06  0.1000000E-03           1
|10110010100000000010000100010001110> :  0.2044902E-04  0.1000000E-03           1
|10011010100000000010000110011001110> :  0.8699738E-06  0.1000000E-03           1
|10010010100000000010001000010001110> :  0.1467778E-04  0.1000000E-03           1
|10011010100000000010100100010001110> :  0.1470983E-04  0.1000000E-03           1
|10010010100000000011010100010001110> :  0.5283124E-05  0.1000000E-03           1
|10010010100000000100000100010001110> :  0.6790807E-04  0.1000000E-03           1
|10110010100000000100000100010001110> :  0.3180245E-04  0.1000000E-03           1
|00010010101000110110000000110001000> :  0.1293624E-04  0.1000000E-03           1
|10010010100000000110000000110001110> :  0.3476421E-04  0.1000000E-03           1
|11010010100000000110000010010001110> :  0.1943693E-07  0.1000000E-03           1
|10000010100100110110000100100001100> :  0.2997885E-09  0.1000000E-03           1
|10010010101000100010001000000001110> :  0.2500152E-04  0.1000000E-03           1
|11010010100000000110000100110001110> :  0.2029640E-05  0.1000000E-03           1
|10011010100000001010000000010001110> :  0.7711320E-05  0.1000000E-03           1
|10010010100000001010000100010001110> :  0.3572427E-04  0.1000000E-03           1
|10010010100000010010010100010101110> :  0.1251136E-06  0.1000000E-03           1
|10010010100000010100000100010001110> :  0.1867416E-04  0.1000000E-03           1
|10010010100000101110100000010001100> :  0.1155005E-06  0.1000000E-03           1
|00010010100000010000100010000001100> :  0.1136832E-09  0.1000000E-03           1
|10000010100000100100000100010101110> :  0.7967755E-09  0.1000000E-03           1
|10010010100000100110000000010001110> :  0.7288916E-04  0.1000000E-03           1
|10010010100000100110000100010001110> :  0.1059963E-04  0.1000000E-03           1
|01010010100001110010001000000001110> :  0.3157638E-09  0.1000000E-03           1
|10010010101000100010000100000001110> :  0.4783605E-04  0.1000000E-03           1
|00100010001000000000001100110101100> :  0.3324458E-08  0.1000000E-03           1
|10010010101000000010000001010001010> :  0.4646161E-04  0.1000000E-03           1
|00010010101000100110100001010101000> :  0.9691768E-09  0.1000000E-03           1
|10010011100010000010000010010000110> :  0.7289871E-06  0.1000000E-03           1
|00000010001000110010000010100000100> :  0.8293647E-10  0.1000000E-03           1
|10010010000000100100100100110001100> :  0.6139495E-07  0.1000000E-03           1
|00001001100010010100011010010001100> :  0.2724913E-09  0.1000000E-03           1
|10000010101000000010000000110001010> :  0.5221744E-05  0.1000000E-03           1
|10011001000000001000001100011001100> :  0.1191127E-10  0.1000000E-03           1
|00010010101000100010000000010001110> :  0.2549962E-04  0.1000000E-03           1
|00010000000110110111000100000001100> :  0.4298695E-10  0.1000000E-03           1
|10000010000000000110000100110011011> :  0.4540890E-07  0.1000000E-03           1
|01011000000101001010010000010011011> :  0.3596647E-09  0.1000000E-03           1
|10011010101000000010000000010001010> :  0.1313176E-03  0.1000000E-03           1
|01010110101000100100000100010001011> :  0.1673778E-07  0.1000000E-03           1
|10010100101000000110000100010001011> :  0.2500013E-07  0.1000000E-03           1
|10010010101000000010000000010001010> :  0.5731362E-04  0.1000000E-03           1
|10000010101000100110000000111001000> :  0.4890167E-05  0.1000000E-03           1
|11001010111010100111000000001100110> :  0.3903068E-13  0.1000000E-03           1
|11001011101000000011000000010001011> :  0.2666020E-07  0.1000000E-03           1
|11010011001000000000000100010001011> :  0.2316246E-06  0.1000000E-03           1
|10000010100001000000001101010001010> :  0.8507016E-09  0.1000000E-03           1
|00110010101000000110000100010001110> :  0.6042601E-04  0.1000000E-03           1
|10000010101000100110000000010001011> :  0.2536554E-04  0.1000000E-03           1
|10000010011000110100000100011001010> :  0.4061925E-07  0.1000000E-03           1
|00110010101000100110000000110001000> :  0.3771696E-05  0.1000000E-03           1
|11100010001000000010000100010101011> :  0.2341459E-08  0.1000000E-03           1
|00010010001000110110000100110001010> :  0.7800216E-06  0.1000000E-03           1
|10010010101000000100010000010001110> :  0.1153993E-03  0.1000000E-03           1
|10110010101000000100000100010001110> :  0.5140105E-04  0.1000000E-03           1
|00010010000011000100000101011001011> :  0.7798266E-10  0.1000000E-03           1
|10000010101000000100000000110001110> :  0.9183224E-06  0.1000000E-03           1
|00010000010001000110000000110001011> :  0.2299741E-08  0.1000000E-03           1
|00010010001000110110000100010001010> :  0.6004617E-05  0.1000000E-03           1
|00010010101000100110000000110001000> :  0.9815738E-04  0.1000000E-03           1
|10010010101000000110000000010001110> :  0.8783616E-04  0.1000000E-03           1
|10010010101010000010000100010000110> :  0.9323310E-05  0.1000000E-03           1
|00000011101010010100000110011010010> :  0.2191619E-09  0.1000000E-03           1
|10110010101000000100000000010001110> :  0.6028589E-04  0.1000000E-03           1
|00000011101001010010000000110111010> :  0.9907281E-11  0.1000000E-03           1
|10010010101000000100000000010001110> :  0.8489013E-05  0.1000000E-03           1
|00000011101000010111000000010111010> :  0.4806378E-10  0.1000000E-03           1
|10000010101000000110000100010001110> :  0.1551557E-03  0.1000000E-03           1
|10010010101000000110000100010001110> :  0.2646669E-03  0.1000000E-03           1
|10100010101000000110000100010001110> :  0.4568777E-04  0.1000000E-03           1
|00000010001000100111010100011001010> :  0.3875666E-08  0.1000000E-03           1
|00011010101000000110001010010001110> :  0.2659567E-07  0.1000000E-03           1
|10010010101000000110010000010001110> :  0.1315743E-03  0.1000000E-03           1
|10000010101000000110100100110001110> :  0.3299205E-05  0.1000000E-03           1
|10010010101000000010100100110001110> :  0.8012729E-04  0.1000000E-03           1
|10011010101000010010000000010001110> :  0.4018575E-04  0.1000000E-03           1
|10010010101000010010000100010001110> :  0.2619399E-04  0.1000000E-03           1
|10010010101000000010100100011001110> :  0.3245387E-04  0.1000000E-03           1
|10000010101000010110000000010001110> :  0.8105494E-04  0.1000000E-03           1
|10010010101000010110000000010001110> :  0.3818471E-04  0.1000000E-03           1
|11010011000000000011000000000011010> :  0.8855870E-10  0.1000000E-03           1
|10011010101000000010100100010001110> :  0.4348338E-04  0.1000000E-03           1
|10010010101000100010000000010001110> :  0.1662773E-03  0.1000000E-03           1
|11010010101000100010000000010001110> :  0.6927713E-04  0.1000000E-03           1
|10010010101000100110000000010011010> :  0.7024915E-05  0.1000000E-03           1
|10010010101000100010000010000001110> :  0.7054985E-04  0.1000000E-03           1
|00010010001000100110000100110001010> :  0.6566060E-05  0.1000000E-03           1
|10010010101000100110000000010001000> :  0.1815846E-03  0.1000000E-03           1
|10010010101000000010010100010001110> :  0.4697400E-04  0.1000000E-03           1
|00110010101000100010000100010001110> :  0.5282855E-04  0.1000000E-03           1
|10010010101000000010001000110001110> :  0.2385289E-04  0.1000000E-03           1
|00010010101000100010000101110001110> :  0.1757224E-05  0.1000000E-03           1
|10010010101000100010000100010011010> :  0.1647685E-04  0.1000000E-03           1
|10010010101000100010001100010001110> :  0.9418203E-04  0.1000000E-03           1
|10000010101000100100000000011001110> :  0.4871511E-04  0.1000000E-03           1
|10010010101000100100000000011001110> :  0.2565996E-04  0.1000000E-03           1
|00010010101000000010000110010101110> :  0.1177939E-05  0.1000000E-03           1
|10010010101000000010000100110001110> :  0.3968514E-04  0.1000000E-03           1
|10010010101000100110000000000001110> :  0.6230724E-04  0.1000000E-03           1
|10010010101000001010000100010011010> :  0.3130393E-04  0.1000000E-03           1
|00010010101000100110000100000001110> :  0.3422129E-04  0.1000000E-03           1
|00110010101000100110000100010001110> :  0.7530566E-04  0.1000000E-03           1
|10010010101000100110000100010001110> :  0.1219263E-03  0.1000000E-03           1
|10010010001000100110000100010001010> :  0.9878235E-04  0.1000000E-03           1
|10010010101000110100000100000001110> :  0.4116753E-04  0.1000000E-03           1
|10010010101000110110000100010001110> :  0.1415378E-04  0.1000000E-03           1
|11000010101001000000001000010101110> :  0.1387040E-08  0.1000000E-03           1
|10010010101000000010000100010101110> :  0.2388996E-04  0.1000000E-03           1
|10010010101000000010000100011011010> :  0.4084611E-05  0.1000000E-03           1
|10000010101000000010000010010001110> :  0.4132436E-04  0.1000000E-03           1
|10010010101010000011000000010001110> :  0.1756391E-05  0.1000000E-03           1
|10010010101000000010000100010011010> :  0.7807176E-04  0.1000000E-03           1
|00110010001000100110000100010001010> :  0.4827077E-05  0.1000000E-03           1
|10110010101010000100000100010001110> :  0.3256097E-04  0.1000000E-03           1
|10010010101010000110000100010001110> :  0.6709084E-04  0.1000000E-03           1
|10000010101010000110100000011001110> :  0.3553339E-06  0.1000000E-03           1
|10010010101000100010001000010001000> :  0.7468774E-06  0.1000000E-03           1
|10010010101000100010000010010000110> :  0.1912068E-06  0.1000000E-03           1
|10010010101010100010100100010001110> :  0.1499879E-05  0.1000000E-03           1
|10000010101011000010000001001001110> :  0.2013283E-08  0.1000000E-03           1
|10011010101100000010000000010001110> :  0.1209001E-04  0.1000000E-03           1
|10011010101000000010000000110001110> :  0.6414702E-05  0.1000000E-03           1
|10010010101100000110000000010001110> :  0.9934946E-04  0.1000000E-03           1
|00010010101100100010000000010001110> :  0.6040694E-05  0.1000000E-03           1
|00010010101100100110000100010001110> :  0.2660176E-04  0.1000000E-03           1
|10010010110000000110000010010101110> :  0.1347360E-06  0.1000000E-03           1
|10010010111000000010000000010001110> :  0.9177462E-05  0.1000000E-03           1
|10110010111000000010000000010001110> :  0.1099489E-05  0.1000000E-03           1
|10110010111000000100000100010001110> :  0.1727315E-04  0.1000000E-03           1
|10000111100001000001000000000101010> :  0.8724711E-09  0.1000000E-03           1
|01000010111000100000001100010001110> :  0.8473609E-08  0.1000000E-03           1
|10010010111000100010000100000001110> :  0.5805157E-04  0.1000000E-03           1
|10010010101000000010000000110001110> :  0.1081529E-03  0.1000000E-03           1
|10000010111000100110000000010001110> :  0.2670512E-04  0.1000000E-03           1
|10110010101000000010000000010101110> :  0.1606021E-05  0.1000000E-03           1
|00010011000000000110001000010101110> :  0.1652717E-07  0.1000000E-03           1
|00001111100000000100010000101001010> :  0.1233310E-09  0.1000000E-03           1
|10010011001000000010000000010101110> :  0.9202461E-05  0.1000000E-03           1
|10110011001000000010000100010001110> :  0.1264730E-04  0.1000000E-03           1
|10010011001000000010010000010001110> :  0.2132051E-04  0.1000000E-03           1
|10000010001000100010000101010101010> :  0.6121428E-06  0.1000000E-03           1
|00010011001100100010000100010001110> :  0.4818030E-05  0.1000000E-03           1
|01010011001100100011000100010001110> :  0.3920170E-08  0.1000000E-03           1
|10010011011000000010000000010001110> :  0.2831753E-05  0.1000000E-03           1
|11110010101000000010000000010001110> :  0.1986659E-04  0.1000000E-03           1
|10010011100000100100000100010001110> :  0.5595932E-05  0.1000000E-03           1
|10010011100010000000000100010001110> :  0.5217840E-05  0.1000000E-03           1
|10010011101000000000000000010001110> :  0.4798690E-04  0.1000000E-03           1
|11000010101000000010000000010001110> :  0.1244314E-03  0.1000000E-03           1
|10110011101000000000000100010001110> :  0.3689570E-05  0.1000000E-03           1
|10010011101000000000001100010001110> :  0.6499226E-04  0.1000000E-03           1
|10010011101000000010000000010001110> :  0.2776477E-04  0.1000000E-03           1
|10010110101000001010000000010001010> :  0.3227862E-04  0.1000000E-03           1
|10010010001000000110000000110001010> :  0.6150699E-05  0.1000000E-03           1
|10001010101000010110010000010101000> :  0.7331493E-09  0.1000000E-03           1
|10000011101000000010000010010001110> :  0.9915384E-04  0.1000000E-03           1
|10000011101000000010001000010001110> :  0.2688121E-03  0.1000000E-03           1
|10010011101000000010001100010001110> :  0.1811983E-04  0.1000000E-03           1
|10010011101000000010010000010001110> :  0.1054911E-03  0.1000000E-03           1
|10010010101000000000100100110001110> :  0.1901296E-04  0.1000000E-03           1
|10010010101000000000001000010001110> :  0.9351922E-05  0.1000000E-03           1
|11010110101000000110000001010001010> :  0.2648467E-06  0.1000000E-03           1
|10010010101000000000000100010001110> :  0.1883141E-03  0.1000000E-03           1
|10010011101000000110000100010001110> :  0.1230258E-04  0.1000000E-03           1
|10000011101000000110010000010001110> :  0.2648165E-04  0.1000000E-03           1
|10010011101000010000000100010001110> :  0.3882584E-05  0.1000000E-03           1
|10000011101000010010000000010001110> :  0.6540999E-05  0.1000000E-03           1
|10010011101000100000000100010001110> :  0.1360288E-03  0.1000000E-03           1
|11110010101000000000000000010001110> :  0.3283982E-05  0.1000000E-03           1
|00010110101000000110000000000001010> :  0.7508813E-08  0.1000000E-03           1
|00110010001000000010011100110001010> :  0.6732000E-08  0.1000000E-03           1
|11010010101000000000000000010001110> :  0.2538791E-04  0.1000000E-03           1
|10000011101001100000000100010001110> :  0.2617955E-08  0.1000000E-03           1
|10010011101010000010000000010001110> :  0.4538880E-04  0.1000000E-03           1
|10010011101010000010000100010001110> :  0.4524211E-04  0.1000000E-03           1
|10010011101010010010000000010001110> :  0.3140426E-05  0.1000000E-03           1
|00010010100100100010100110010001110> :  0.2337941E-06  0.1000000E-03           1
|10010011101100000010000100010001110> :  0.5338146E-05  0.1000000E-03           1
|01000010100010111100110010100101110> :  0.2495313E-13  0.1000000E-03           1
|10010011111000000010000100010001110> :  0.2889860E-04  0.1000000E-03           1
|00010110000010111000100100000001110> :  0.1355206E-09  0.1000000E-03           1
|10010110001000000010000100010001110> :  0.4393846E-04  0.1000000E-03           1
|10110110001000000010000100110001110> :  0.3231654E-07  0.1000000E-03           1
|10010110101000000000000100010001110> :  0.9040807E-05  0.1000000E-03           1
|10011110101000000010000000010001110> :  0.1190451E-03  0.1000000E-03           1
|00000110101000000010010001010101110> :  0.8626375E-09  0.1000000E-03           1
|10010110101000000100000000010001110> :  0.1040277E-04  0.1000000E-03           1
|10010110101000000100000100010001110> :  0.8887324E-05  0.1000000E-03           1
|11010010100010000010000000010001110> :  0.3500314E-04  0.1000000E-03           1
|10000110101000100100000000001001110> :  0.7139590E-06  0.1000000E-03           1
|10010110101001100010000100010001110> :  0.1755835E-04  0.1000000E-03           1
|10010111101000000000001000000001110> :  0.6956975E-05  0.1000000E-03           1
|00000110101000000010000000010001010> :  0.1261314E-07  0.1000000E-03           1
|10011010000011000100010101010001010> :  0.6040416E-10  0.1000000E-03           1
|10010111101000000110000001010001110> :  0.1296124E-06  0.1000000E-03           1
|10010111101000100010000000010001110> :  0.6157283E-05  0.1000000E-03           1
|10000111111000000000000000010001110> :  0.1022186E-04  0.1000000E-03           1
|00011000000010011010000100010111110> :  0.5161268E-09  0.1000000E-03           1
|01010000100000010010000000110111110> :  0.4126197E-10  0.1000000E-03           1
|10010000101000000010000100010011110> :  0.1987850E-03  0.1000000E-03           1
|10010001000010010001000000010011110> :  0.2655352E-10  0.1000000E-03           1
|11010010000000101010000100010011110> :  0.3321741E-10  0.1000000E-03           1
|10010010100000000010000100010011110> :  0.7278634E-04  0.1000000E-03           1
|10010010101000000010000000000011110> :  0.1568862E-06  0.1000000E-03           1
|10010010101000000010000010010011110> :  0.4672689E-04  0.1000000E-03           1
|10010010101000000010000100010011110> :  0.5665283E-04  0.1000000E-03           1
|10110010101000010000000101010001000> :  0.4246662E-09  0.1000000E-03           1
|10010001110000000011000100011000110> :  0.2850156E-10  0.1000000E-03           1
|10010010101000000110000000010011110> :  0.2307951E-04  0.1000000E-03           1
|10000010101000000110000100010011110> :  0.1949375E-04  0.1000000E-03           1
|10010010101000000111000000010011110> :  0.1353823E-06  0.1000000E-03           1
|10010010101000001010000000010011110> :  0.4200919E-05  0.1000000E-03           1
|10010010101000100010000100010011110> :  0.1193667E-03  0.1000000E-03           1
|00000110010000100110000110000011110> :  0.6734255E-10  0.1000000E-03           1
|10010001000000000000010010011001111> :  0.1273676E-08  0.1000000E-03           1
|10000010100000000110000010110001111> :  0.4143090E-06  0.1000000E-03           1
|00010011100011000100010000110010010> :  0.8650159E-10  0.1000000E-03           1
|10010010101000100010000100110001111> :  0.2364399E-05  0.1000000E-03           1
|11010011001000000000000100010001111> :  0.1328110E-06  0.1000000E-03           1
|01000000100110100110001000001000001> :  0.3272249E-13  0.1000000E-03           1
|10010100101000000010001000011011111> :  0.2607806E-10  0.1000000E-03           1
|10010111100010100010001010010000000> :  0.2694479E-09  0.1000000E-03           1
