# state, exact probability, frequency, count:
#------------------------------------------------------------------
|0011000111000111000001011> :  0.2760375E+00  0.2714000E+00        2714
|0001000111000111000001011> :  0.2446829E+00  0.2415000E+00        2415
|0011000011000111000001011> :  0.1186780E+00  0.1231000E+00        1231
|0011000001000111000001011> :  0.5315501E-01  0.5260000E-01         526
|0011000101000111000001011> :  0.3637223E-01  0.3590000E-01         359
|0001000011000111000001011> :  0.2916427E-01  0.3040000E-01         304
|0101000011000111000001010> :  0.2550759E-01  0.2790000E-01         279
|0011010111000111000001011> :  0.7883115E-02  0.9500000E-02          95
|0001010111000111000001010> :  0.7506906E-02  0.7600000E-02          76
|0001010011000111000001010> :  0.4409406E-02  0.5000000E-02          50
|0101000111000111000001010> :  0.4270574E-02  0.4500000E-02          45
|0011000011010101000001011> :  0.3291218E-02  0.3100000E-02          31
|0111000001000111000001011> :  0.2295210E-02  0.2300000E-02          23
|0010100001000111000011011> :  0.2166375E-02  0.2100000E-02          21
|0001110011000101000001010> :  0.2317343E-02  0.2000000E-02          20
|0001010111000101000001010> :  0.1571207E-02  0.2000000E-02          20
|0001110001000101000101010> :  0.1801609E-02  0.1700000E-02          17
|0110000011000111000001011> :  0.1743888E-02  0.1600000E-02          16
|0011000111000011000001011> :  0.1540337E-02  0.1600000E-02          16
|0101000011001101000001010> :  0.2004589E-02  0.1400000E-02          14
|0011100001000111000001011> :  0.1661081E-02  0.1400000E-02          14
|0110000001000111000001011> :  0.1283931E-02  0.1400000E-02          14
|0011000001010111000001011> :  0.1107328E-02  0.1400000E-02          14
|0111010011000111000001011> :  0.8231398E-03  0.1400000E-02          14
|0010100001100111000001011> :  0.8225658E-03  0.1300000E-02          13
|0011000001000111100001011> :  0.1036250E-02  0.1300000E-02          13
|0111000011000111000001011> :  0.7893872E-03  0.1200000E-02          12
|0011000001000111001001011> :  0.5339049E-03  0.1200000E-02          12
|0010100000000111000011011> :  0.1270089E-02  0.1100000E-02          11
|0001010011000101000001010> :  0.1131796E-02  0.1100000E-02          11
|0001010111000101000101010> :  0.7039108E-03  0.1100000E-02          11
|0001000011000111001001010> :  0.1272705E-02  0.1100000E-02          11
|0010000111000111000001011> :  0.1048559E-02  0.1000000E-02          10
|0011010001000111000001010> :  0.8146218E-03  0.9000000E-03           9
|0001000111000111001001010> :  0.3630978E-03  0.8000000E-03           8
|0111100001000101000001011> :  0.5199043E-03  0.8000000E-03           8
|1101000011000101000001010> :  0.8864287E-03  0.8000000E-03           8
|0010100001000111000001011> :  0.1004065E-02  0.8000000E-03           8
|0010000111100111000001011> :  0.2533036E-03  0.7000000E-03           7
|0011100001010101000001011> :  0.8890498E-03  0.7000000E-03           7
|0101100010000101000001010> :  0.7271518E-03  0.7000000E-03           7
|0001000001000111000001011> :  0.3544873E-03  0.7000000E-03           7
|0011000011000101000001111> :  0.5308836E-03  0.7000000E-03           7
|0011000111000111000001010> :  0.5951519E-03  0.7000000E-03           7
|0011100001000111000001010> :  0.3672629E-03  0.6000000E-03           6
|0011110000000101000001010> :  0.2475739E-03  0.6000000E-03           6
|0001101011000101000001011> :  0.6179207E-03  0.6000000E-03           6
|0011000011000111000001111> :  0.3875422E-03  0.6000000E-03           6
|0001000111100111000001011> :  0.6641490E-03  0.6000000E-03           6
|0001000111100111000001010> :  0.6788515E-03  0.6000000E-03           6
|0001000011000111000001111> :  0.8232424E-03  0.6000000E-03           6
|0011000011000101000001011> :  0.6541494E-03  0.6000000E-03           6
|0011100000000111000001011> :  0.2327367E-03  0.5000000E-03           5
|0010000101000111100001011> :  0.2313667E-03  0.5000000E-03           5
|0011000101000111000101010> :  0.2791165E-03  0.5000000E-03           5
|0101000011000111010001010> :  0.2855332E-03  0.5000000E-03           5
|0101000011000101000001010> :  0.1810385E-03  0.5000000E-03           5
|0111000001000111000001010> :  0.3903317E-03  0.5000000E-03           5
|0001000111000101000001011> :  0.5142222E-03  0.5000000E-03           5
|0111100001000111000001010> :  0.1822418E-03  0.5000000E-03           5
|0110100001000111000000011> :  0.4735903E-03  0.5000000E-03           5
|1101100010000101000001010> :  0.2513707E-03  0.5000000E-03           5
|0110000010000111000001001> :  0.3282409E-03  0.5000000E-03           5
|0010000101000111000011011> :  0.4602114E-03  0.4000000E-03           4
|0110000011000111000001010> :  0.5366454E-03  0.4000000E-03           4
|0001010001000111001001010> :  0.1506090E-03  0.4000000E-03           4
|0101000011000101000101010> :  0.5460561E-03  0.4000000E-03           4
|0010000111000111000001010> :  0.4779048E-03  0.4000000E-03           4
|0011000111000111010001011> :  0.4761535E-03  0.4000000E-03           4
|0111000101000111000001010> :  0.4451647E-03  0.4000000E-03           4
|0110100001000111000000001> :  0.5312842E-03  0.4000000E-03           4
|0011100001000111000000011> :  0.1345082E-03  0.4000000E-03           4
|0111000011000101000001001> :  0.3986569E-03  0.4000000E-03           4
|0001100011000101000001011> :  0.6007866E-03  0.4000000E-03           4
|0011100101000101000001011> :  0.2598207E-03  0.4000000E-03           4
|0001100011000101000001111> :  0.6834258E-03  0.4000000E-03           4
|0101100000000111010001010> :  0.3434803E-03  0.4000000E-03           4
|0001010011000101000101010> :  0.5356119E-03  0.4000000E-03           4
|0101000011000111001001010> :  0.2328805E-03  0.4000000E-03           4
|0001100101000111000001010> :  0.2931641E-03  0.4000000E-03           4
|0000000111000111000001011> :  0.1018167E-03  0.4000000E-03           4
|0011000001010111000000011> :  0.3130014E-03  0.4000000E-03           4
|0100000011100111000000011> :  0.3430101E-03  0.4000000E-03           4
|0001010001001111000000011> :  0.1489491E-03  0.4000000E-03           4
|0101000001000111000000010> :  0.2170517E-03  0.4000000E-03           4
|0011000101000011000001011> :  0.2094183E-03  0.4000000E-03           4
|0010101001000111000001011> :  0.1000101E-03  0.4000000E-03           4
|0110000101000111000001010> :  0.1349376E-03  0.4000000E-03           4
|0100000011001111000000011> :  0.1962287E-03  0.3000000E-03           3
|0001000111000111000101011> :  0.2192593E-03  0.3000000E-03           3
|0001000111000110000001010> :  0.1506317E-03  0.3000000E-03           3
|0111010010000111000001011> :  0.1614217E-03  0.3000000E-03           3
|0110100000000111010001000> :  0.2504930E-03  0.3000000E-03           3
|0011000111000111000000011> :  0.4540498E-03  0.3000000E-03           3
|0001000011000111010001010> :  0.2235986E-03  0.3000000E-03           3
|0001000011000101000001011> :  0.1366755E-03  0.3000000E-03           3
|0011100011000101000001011> :  0.2719362E-03  0.3000000E-03           3
|0011100011001111000001011> :  0.7191777E-04  0.3000000E-03           3
|0010000001000111001001011> :  0.8596165E-04  0.3000000E-03           3
|0010000101010111000001011> :  0.4809989E-04  0.3000000E-03           3
|0110100000001111000001010> :  0.2398025E-03  0.3000000E-03           3
|0011000001000111000011011> :  0.1899622E-03  0.3000000E-03           3
|0110100000000111010000001> :  0.4470478E-03  0.3000000E-03           3
|0001100001000111000001011> :  0.6452578E-03  0.3000000E-03           3
|0111000111000101000001010> :  0.9807719E-04  0.3000000E-03           3
|0111100010000101000001010> :  0.1407036E-03  0.3000000E-03           3
|0011000111000111000000010> :  0.1419308E-03  0.3000000E-03           3
|1001000011000101000001011> :  0.2968226E-03  0.3000000E-03           3
|0111000011000111000001010> :  0.4375577E-03  0.3000000E-03           3
|0011000110000110000001011> :  0.1439694E-03  0.3000000E-03           3
|0110100000001111010000000> :  0.3949543E-03  0.3000000E-03           3
|0110000001001111000000010> :  0.3050854E-03  0.3000000E-03           3
|0001011001000111000001011> :  0.5792311E-04  0.3000000E-03           3
|0011010001000111000001011> :  0.2928870E-03  0.3000000E-03           3
|0101010011000111000001011> :  0.2396144E-03  0.3000000E-03           3
|0011100010000111000001010> :  0.1207995E-03  0.3000000E-03           3
|0001000111101101000001010> :  0.1191968E-03  0.3000000E-03           3
|0001000111010111000001011> :  0.2230695E-04  0.3000000E-03           3
|0101000011000101000000011> :  0.9331613E-04  0.3000000E-03           3
|1101000010001101000001010> :  0.9918284E-04  0.3000000E-03           3
|0001000101000111000001011> :  0.1605084E-03  0.3000000E-03           3
|0010000001000111000001011> :  0.2124256E-03  0.3000000E-03           3
|0101000010000111000001010> :  0.2857919E-03  0.3000000E-03           3
|0010000111100101000001011> :  0.2349796E-03  0.3000000E-03           3
|0011100101000111000001011> :  0.2896790E-03  0.3000000E-03           3
|0010100001000111000001010> :  0.2849894E-03  0.3000000E-03           3
|0110000001000111000001010> :  0.9833283E-04  0.3000000E-03           3
|0111000111000111000001011> :  0.8076268E-04  0.3000000E-03           3
|0101000101000111000001010> :  0.1925346E-03  0.3000000E-03           3
|0011010011000111000001011> :  0.6884850E-03  0.3000000E-03           3
|0011000101000111000001010> :  0.1481337E-03  0.3000000E-03           3
|0011000111000101000001011> :  0.3370809E-03  0.3000000E-03           3
|0011000101000101000001011> :  0.1687149E-03  0.3000000E-03           3
|0101000011000111000001011> :  0.2717534E-03  0.3000000E-03           3
|0010010111000111000001011> :  0.4231729E-04  0.3000000E-03           3
|0001100111000101000001010> :  0.1020658E-03  0.3000000E-03           3
|1011000011000111100001011> :  0.1963492E-04  0.2000000E-03           2
|0001101011000101000001010> :  0.1932896E-03  0.2000000E-03           2
|0111000101000111000001011> :  0.7583503E-04  0.2000000E-03           2
|0111000101000111000000011> :  0.1347020E-03  0.2000000E-03           2
|0110100001000111000001011> :  0.2129916E-03  0.2000000E-03           2
|0111000000000111000001011> :  0.1069504E-03  0.2000000E-03           2
|0111000011000111000001000> :  0.1253580E-03  0.2000000E-03           2
|0110100000000111000001011> :  0.2095142E-03  0.2000000E-03           2
|0110000111000110000000011> :  0.1649460E-03  0.2000000E-03           2
|0110100000000111000011011> :  0.1672567E-03  0.2000000E-03           2
|0011100000000111010001010> :  0.9343925E-04  0.2000000E-03           2
|0110000011000011000001011> :  0.2457244E-04  0.2000000E-03           2
|0000100111000110000001011> :  0.2959626E-04  0.2000000E-03           2
|0101000111000111000000011> :  0.2367125E-03  0.2000000E-03           2
|0101010011000111000001010> :  0.1305774E-03  0.2000000E-03           2
|0010000011000111000001011> :  0.3223286E-03  0.2000000E-03           2
|0101000011001111000000010> :  0.1210683E-03  0.2000000E-03           2
|0001000011000101100001011> :  0.1214545E-03  0.2000000E-03           2
|0011000011000111000001001> :  0.1080411E-03  0.2000000E-03           2
|0001000111100110000001011> :  0.2555966E-03  0.2000000E-03           2
|0010000101001111000001011> :  0.1474516E-03  0.2000000E-03           2
|0100000011100111000001011> :  0.2242544E-03  0.2000000E-03           2
|0010000111000111000011011> :  0.1504127E-03  0.2000000E-03           2
|0001000001000111001001010> :  0.1803767E-03  0.2000000E-03           2
|0001100011000111000001011> :  0.2359788E-03  0.2000000E-03           2
|0110000000000111000001011> :  0.5541179E-04  0.2000000E-03           2
|0111000011000111000000011> :  0.4726799E-04  0.2000000E-03           2
|0011010110000111000001011> :  0.1547803E-03  0.2000000E-03           2
|0111100001000111000000011> :  0.2371521E-03  0.2000000E-03           2
|0111000111000011000001010> :  0.3302876E-03  0.2000000E-03           2
|0000100001000111001001011> :  0.4646726E-04  0.2000000E-03           2
|0011000011100101010001011> :  0.7779372E-05  0.2000000E-03           2
|0110100000000111001001010> :  0.2820285E-04  0.2000000E-03           2
|0001000011100101000001011> :  0.2429521E-03  0.2000000E-03           2
|0110100000000111000001000> :  0.1168954E-03  0.2000000E-03           2
|0011000001001111000010011> :  0.3670445E-04  0.2000000E-03           2
|0110001001000111000000001> :  0.1557423E-03  0.2000000E-03           2
|0110000011000111000001001> :  0.8520440E-04  0.2000000E-03           2
|0011100001000101000001011> :  0.4151713E-03  0.2000000E-03           2
|0011100001000101000001010> :  0.8682826E-04  0.2000000E-03           2
|0011100001000111001001010> :  0.5978239E-04  0.2000000E-03           2
|0011100001000011000001011> :  0.1378092E-03  0.2000000E-03           2
|0010000101000111000101011> :  0.1760114E-03  0.2000000E-03           2
|0011110001000101000001010> :  0.4493194E-03  0.2000000E-03           2
|0011110001010101000001010> :  0.2686744E-04  0.2000000E-03           2
|0011110000000111000001010> :  0.1060742E-03  0.2000000E-03           2
|0010000101100011100001011> :  0.8058683E-04  0.2000000E-03           2
|0001000111100111000000011> :  0.2248542E-03  0.2000000E-03           2
|0010000101000111000001001> :  0.7887527E-04  0.2000000E-03           2
|0010000111100011000001011> :  0.4513302E-03  0.2000000E-03           2
|0011000011000111000001010> :  0.1449477E-03  0.2000000E-03           2
|0011000011000011000001011> :  0.8840334E-04  0.2000000E-03           2
|0001000111100101000001011> :  0.1074315E-03  0.2000000E-03           2
|0101000001000111000001010> :  0.1294603E-03  0.2000000E-03           2
|0010001011000111000001011> :  0.1126188E-03  0.2000000E-03           2
|0001010001000111100001010> :  0.2119856E-03  0.2000000E-03           2
|0010001001000111000001011> :  0.1301986E-03  0.2000000E-03           2
|0010000011000111000001001> :  0.1526906E-03  0.2000000E-03           2
|0010100000000111000001011> :  0.1162202E-03  0.2000000E-03           2
|0101000101000111000001011> :  0.1067992E-03  0.2000000E-03           2
|0101000111000101000001010> :  0.1990043E-03  0.2000000E-03           2
|0011100001000111000001001> :  0.3470519E-03  0.2000000E-03           2
|0001000011000101000001111> :  0.1847458E-03  0.2000000E-03           2
|0101000111010111000001011> :  0.7844480E-04  0.2000000E-03           2
|0101010011000111000000010> :  0.1042345E-03  0.2000000E-03           2
|0101100001000101000001010> :  0.4055777E-04  0.2000000E-03           2
|0010100001000111100001011> :  0.2753661E-03  0.2000000E-03           2
|0000001111000111000001011> :  0.4495435E-05  0.2000000E-03           2
|0110000000001111010000001> :  0.1339076E-03  0.2000000E-03           2
|0001010111000111000001011> :  0.2000100E-03  0.2000000E-03           2
|0101100010000111000001010> :  0.1806805E-03  0.2000000E-03           2
|0101010011000101000000010> :  0.4433258E-04  0.2000000E-03           2
|0001000011000111100011011> :  0.1291379E-03  0.2000000E-03           2
|0110000110000111000001011> :  0.3151033E-04  0.2000000E-03           2
|0110000001100111000000001> :  0.2523273E-03  0.2000000E-03           2
|0001100001000101000001011> :  0.2899630E-03  0.2000000E-03           2
|0110100000000111000000001> :  0.1724175E-03  0.2000000E-03           2
|0011000001010101000001011> :  0.1430962E-03  0.2000000E-03           2
|0011000000000111100001011> :  0.1194152E-03  0.2000000E-03           2
|0001100001000111010001010> :  0.3062669E-03  0.2000000E-03           2
|0110101010000101000001010> :  0.1057955E-04  0.2000000E-03           2
|0110100001000111000000010> :  0.1593719E-03  0.2000000E-03           2
|0111000000000111000001010> :  0.6795504E-04  0.2000000E-03           2
|0111000010001111000001010> :  0.6346550E-04  0.2000000E-03           2
|0111000010000101000001001> :  0.2806797E-04  0.2000000E-03           2
|0110110000000111000001010> :  0.6922465E-04  0.2000000E-03           2
|0110000001010111010000001> :  0.7558895E-04  0.2000000E-03           2
|0111000011000111000000001> :  0.2009072E-03  0.2000000E-03           2
|0001100111000101000001011> :  0.2986517E-03  0.2000000E-03           2
|0011000101000111100011011> :  0.1152968E-04  0.2000000E-03           2
|0111010011000111000001001> :  0.4330130E-04  0.2000000E-03           2
|0011000111000101000101010> :  0.1295304E-03  0.2000000E-03           2
|0011000111000111000001001> :  0.2051732E-03  0.2000000E-03           2
|0111100000000111010001010> :  0.1244223E-03  0.2000000E-03           2
|0011000111110011000001011> :  0.8121104E-06  0.2000000E-03           2
|0010100101000111000001010> :  0.2741209E-03  0.2000000E-03           2
|0011001001000111000001011> :  0.1009824E-03  0.2000000E-03           2
|0001110001000111000001010> :  0.2071519E-03  0.2000000E-03           2
|1101000011000101000101010> :  0.2240783E-03  0.2000000E-03           2
|1111000010000101000001010> :  0.3894761E-03  0.2000000E-03           2
|0110001011000111000001001> :  0.2039616E-03  0.2000000E-03           2
|0011000010000111000001011> :  0.3809950E-03  0.2000000E-03           2
|0011010111000110000001011> :  0.2742959E-03  0.2000000E-03           2
|0000000111100111000001010> :  0.3233917E-04  0.2000000E-03           2
|0001000111001101000001010> :  0.1245291E-03  0.2000000E-03           2
|0111000011000101000000001> :  0.3648745E-04  0.2000000E-03           2
|0110000001010111000000011> :  0.4644117E-04  0.2000000E-03           2
|0001100111010100110000011> :  0.1082653E-08  0.1000000E-03           1
|0001000111000101000001010> :  0.1105695E-03  0.1000000E-03           1
|0000101001000101000000011> :  0.2145086E-06  0.1000000E-03           1
|0011000111000101000001111> :  0.5844974E-04  0.1000000E-03           1
|0111000101011101000000110> :  0.3722588E-08  0.1000000E-03           1
|0001000111000100000101011> :  0.4786075E-04  0.1000000E-03           1
|0001100111000100000001010> :  0.1040483E-03  0.1000000E-03           1
|0001100111000111000001010> :  0.3073059E-04  0.1000000E-03           1
|0001100111000111000001011> :  0.2735735E-03  0.1000000E-03           1
|0111010010010001000000110> :  0.1946470E-07  0.1000000E-03           1
|0001100111100100000000010> :  0.1165665E-06  0.1000000E-03           1
|0001100101000111000001011> :  0.6032140E-04  0.1000000E-03           1
|0001000111000011000001010> :  0.1266840E-04  0.1000000E-03           1
|0000100111101011000101110> :  0.4310157E-08  0.1000000E-03           1
|0000010011101100000000011> :  0.5550820E-07  0.1000000E-03           1
|0011000101001111100001011> :  0.3354532E-05  0.1000000E-03           1
|0001100101000111000000010> :  0.6249783E-06  0.1000000E-03           1
|0001000110001011000000001> :  0.4696389E-08  0.1000000E-03           1
|0001100100000101010101010> :  0.1175153E-06  0.1000000E-03           1
|0001100011010101000001010> :  0.2087323E-04  0.1000000E-03           1
|0001000110000111010001011> :  0.4138622E-06  0.1000000E-03           1
|0000100111100111000001011> :  0.1049808E-04  0.1000000E-03           1
|0111000001100101100001010> :  0.3558079E-06  0.1000000E-03           1
|0001100011000101000101010> :  0.6085584E-04  0.1000000E-03           1
|0001000110000111000001011> :  0.1438112E-04  0.1000000E-03           1
|0011000101000110000001010> :  0.1146542E-04  0.1000000E-03           1
|0111000001000111000000001> :  0.9487837E-04  0.1000000E-03           1
|0001000101100111010001011> :  0.8926633E-05  0.1000000E-03           1
|0000100111100101000001011> :  0.1314383E-04  0.1000000E-03           1
|0000010011100111000001011> :  0.8120459E-06  0.1000000E-03           1
|0000000111100111000000011> :  0.4871324E-04  0.1000000E-03           1
|0001100011000100001001110> :  0.9583424E-06  0.1000000E-03           1
|0001100011000011010101000> :  0.2052509E-07  0.1000000E-03           1
|0001000101100111010000000> :  0.1335324E-05  0.1000000E-03           1
|0001100010000110110001101> :  0.7701405E-08  0.1000000E-03           1
|0001100001101011000000010> :  0.1217287E-05  0.1000000E-03           1
|0001000101011101001100010> :  0.7873452E-07  0.1000000E-03           1
|0000100111001111000001010> :  0.3785354E-05  0.1000000E-03           1
|0001100001100101000001011> :  0.2724244E-04  0.1000000E-03           1
|0001100001010101000000011> :  0.6967633E-05  0.1000000E-03           1
|0001000101001111001001011> :  0.8391015E-05  0.1000000E-03           1
|0001100001010100011100110> :  0.2161791E-08  0.1000000E-03           1
|0001100001001101001100011> :  0.4331344E-06  0.1000000E-03           1
|0001000101000111001001010> :  0.4374495E-04  0.1000000E-03           1
|0000100111001000001111010> :  0.4996448E-08  0.1000000E-03           1
|0000010011000111000001011> :  0.7773352E-05  0.1000000E-03           1
|0001100001000111101001010> :  0.1451311E-04  0.1000000E-03           1
|0001100001000111011001010> :  0.7569645E-05  0.1000000E-03           1
|0001000101000111000101010> :  0.1526857E-03  0.1000000E-03           1
|0011000011000110000001010> :  0.8406635E-06  0.1000000E-03           1
|0011000011000101100001011> :  0.5431899E-04  0.1000000E-03           1
|0110100000000111100011101> :  0.2524033E-07  0.1000000E-03           1
|0001100001000111001001010> :  0.5054851E-03  0.1000000E-03           1
|0001100001000111001000010> :  0.4914008E-05  0.1000000E-03           1
|0001100001000111001000000> :  0.2729135E-07  0.1000000E-03           1
|0001000011101111111101001> :  0.2150152E-09  0.1000000E-03           1
|0011000010000111000001110> :  0.5412043E-05  0.1000000E-03           1
|0001100001000101011001010> :  0.9827360E-05  0.1000000E-03           1
|0001000011100111000001011> :  0.1196186E-03  0.1000000E-03           1
|0000100111000101000011010> :  0.2064321E-06  0.1000000E-03           1
|0000010010000101010000011> :  0.1897380E-06  0.1000000E-03           1
|0000000111100110010000001> :  0.1519816E-06  0.1000000E-03           1
|0000000101000111010100010> :  0.4655986E-07  0.1000000E-03           1
|0001100001000101010001110> :  0.5442534E-07  0.1000000E-03           1
|0011000001100111010001001> :  0.1405780E-04  0.1000000E-03           1
|0001100001000101001001010> :  0.1110849E-03  0.1000000E-03           1
|0011000001011111000001011> :  0.5035260E-04  0.1000000E-03           1
|0001100001000011000001011> :  0.3985387E-04  0.1000000E-03           1
|0001000011010110001001011> :  0.2006479E-05  0.1000000E-03           1
|0000100110001110010011010> :  0.2959682E-07  0.1000000E-03           1
|0001100000001111000000010> :  0.4598996E-07  0.1000000E-03           1
|0001100000001101010100100> :  0.2387749E-07  0.1000000E-03           1
|0001000011001111001000011> :  0.2616855E-04  0.1000000E-03           1
|0001100000000111100001010> :  0.1593077E-05  0.1000000E-03           1
|0001100000000111010001010> :  0.5686450E-04  0.1000000E-03           1
|0001000011001110000000010> :  0.4782931E-06  0.1000000E-03           1
|0000100101001110000001100> :  0.1332431E-08  0.1000000E-03           1
|0000010001001001001101010> :  0.2057052E-07  0.1000000E-03           1
|0001011111000101000001011> :  0.1489703E-04  0.1000000E-03           1
|0011000001000111000011010> :  0.1257297E-03  0.1000000E-03           1
|0001011010001100000001110> :  0.3257368E-07  0.1000000E-03           1
|0001011001001101000110010> :  0.3960576E-07  0.1000000E-03           1
|0011000001000111000001001> :  0.1167184E-03  0.1000000E-03           1
|0001000011000111100001011> :  0.4001483E-04  0.1000000E-03           1
|0000100101000110001001011> :  0.5484599E-06  0.1000000E-03           1
|0001011001000111000001010> :  0.7784703E-05  0.1000000E-03           1
|0001010111101101001001011> :  0.1669746E-06  0.1000000E-03           1
|0001000011000111010001011> :  0.5780281E-04  0.1000000E-03           1
|0001010111100011000001010> :  0.3260567E-04  0.1000000E-03           1
|0010111001000001000001011> :  0.6517566E-07  0.1000000E-03           1
|0001010111001110000001010> :  0.1868238E-05  0.1000000E-03           1
|0000100101000101000101010> :  0.6570903E-06  0.1000000E-03           1
|0000010001000111010001010> :  0.4110911E-05  0.1000000E-03           1
|0000000111100101000001011> :  0.1696534E-04  0.1000000E-03           1
|0001010111001100000001011> :  0.1662681E-04  0.1000000E-03           1
|0001010111000111001001010> :  0.4534637E-05  0.1000000E-03           1
|0001000011000111001011010> :  0.9798932E-05  0.1000000E-03           1
|0010101011110100000000110> :  0.4288789E-09  0.1000000E-03           1
|0110000000000111000001010> :  0.7151608E-05  0.1000000E-03           1
|0010101001001001001010010> :  0.1299474E-06  0.1000000E-03           1
|0000100011001111000111011> :  0.1801300E-07  0.1000000E-03           1
|0010101001000111000001001> :  0.3158963E-04  0.1000000E-03           1
|0101110000000101010000010> :  0.1410393E-05  0.1000000E-03           1
|0010101001000101000001011> :  0.4510820E-04  0.1000000E-03           1
|0001010111000101000000011> :  0.3406984E-05  0.1000000E-03           1
|0101100010001101000001010> :  0.8328823E-04  0.1000000E-03           1
|0010100101010110000000011> :  0.3151769E-07  0.1000000E-03           1
|0001010111000100000011011> :  0.3093560E-05  0.1000000E-03           1
|0000100011000111100100011> :  0.3170255E-06  0.1000000E-03           1
|0001010111000100000001010> :  0.5243914E-04  0.1000000E-03           1
|0001010111000011000001011> :  0.5844985E-04  0.1000000E-03           1
|0001000011000111000001010> :  0.1172581E-03  0.1000000E-03           1
|0001010111000011000001010> :  0.9952958E-04  0.1000000E-03           1
|0001010111000010000001010> :  0.1629527E-05  0.1000000E-03           1
|0001000011000111000001001> :  0.4586778E-04  0.1000000E-03           1
|0000100011000011000101011> :  0.1004196E-06  0.1000000E-03           1
|0001010101100111000001010> :  0.3555158E-04  0.1000000E-03           1
|0010100001011111100000001> :  0.1125118E-06  0.1000000E-03           1
|0001010101010110000001011> :  0.2842005E-06  0.1000000E-03           1
|0001010101000111100001010> :  0.3450338E-04  0.1000000E-03           1
|0010100001000111010000011> :  0.1098086E-04  0.1000000E-03           1
|0001010101000111000101010> :  0.3530063E-04  0.1000000E-03           1
|0000100010001100110011001> :  0.2261309E-08  0.1000000E-03           1
|0000001101100101001001010> :  0.9527882E-06  0.1000000E-03           1
|0000000111100010010001010> :  0.1498132E-07  0.1000000E-03           1
|0000000101000111000001011> :  0.3808735E-04  0.1000000E-03           1
|0000000001100111110000010> :  0.1342380E-06  0.1000000E-03           1
|0001010101000111000001010> :  0.5600241E-04  0.1000000E-03           1
|0010100001000111000011001> :  0.8351442E-05  0.1000000E-03           1
|0001010101000101000101010> :  0.8717528E-05  0.1000000E-03           1
|0101001011001111001001011> :  0.6299395E-07  0.1000000E-03           1
|0101000111001111000001010> :  0.4048502E-04  0.1000000E-03           1
|0001010011011101000000010> :  0.1698712E-05  0.1000000E-03           1
|0010100001000111000001001> :  0.1034230E-03  0.1000000E-03           1
|0010100001000111000000011> :  0.1806712E-04  0.1000000E-03           1
|0101001011010111000001010> :  0.2994215E-05  0.1000000E-03           1
|0101010000001111000001011> :  0.2399057E-05  0.1000000E-03           1
|0010100001000111001001011> :  0.1144066E-03  0.1000000E-03           1
|0010100001000111010000001> :  0.5743006E-05  0.1000000E-03           1
|0101010001101011000001011> :  0.3254462E-06  0.1000000E-03           1
|0010100001000111010001011> :  0.2268652E-04  0.1000000E-03           1
|0101010011000110000001011> :  0.3177426E-04  0.1000000E-03           1
|0010100001011101010000010> :  0.1752168E-06  0.1000000E-03           1
|0101010011001001000000010> :  0.2220206E-05  0.1000000E-03           1
|0010100001100011000000101> :  0.8854331E-05  0.1000000E-03           1
|0010100001100101000011011> :  0.6103740E-05  0.1000000E-03           1
|0010100001100101010100010> :  0.3328301E-06  0.1000000E-03           1
|0010100001100111000000011> :  0.2128373E-04  0.1000000E-03           1
|0101100001000101000000011> :  0.4849570E-05  0.1000000E-03           1
|0010100001100111000011011> :  0.1076431E-05  0.1000000E-03           1
|0010100010001111000001110> :  0.5070079E-08  0.1000000E-03           1
|0010100011000101000001011> :  0.7612145E-04  0.1000000E-03           1
|0010100100000101000001000> :  0.2945906E-08  0.1000000E-03           1
|0010100101000010000010101> :  0.2543527E-07  0.1000000E-03           1
|0101100010000110000001010> :  0.3520260E-05  0.1000000E-03           1
|0101100011000101000000010> :  0.4348321E-04  0.1000000E-03           1
|0010101000000101110001001> :  0.1374780E-06  0.1000000E-03           1
|0010101000000111000011001> :  0.7137162E-04  0.1000000E-03           1
|0010101000000111001001001> :  0.1768153E-06  0.1000000E-03           1
|0101110000100111000001010> :  0.8286545E-06  0.1000000E-03           1
|0010101001000101001001000> :  0.3870502E-08  0.1000000E-03           1
|0101110010110111000001011> :  0.5154287E-07  0.1000000E-03           1
|0101110011000011000001011> :  0.9153080E-06  0.1000000E-03           1
|0001010011010101000001010> :  0.5040382E-04  0.1000000E-03           1
|0010101001100111000001001> :  0.6018951E-05  0.1000000E-03           1
|0110000000001111000001010> :  0.8626025E-04  0.1000000E-03           1
|0010110000001011000000011> :  0.3012323E-06  0.1000000E-03           1
|0010110000011101010000000> :  0.1444099E-06  0.1000000E-03           1
|0010111000000111000001010> :  0.1468717E-05  0.1000000E-03           1
|0010111000010111010010000> :  0.7340623E-07  0.1000000E-03           1
|0010111000110000000001001> :  0.1356465E-07  0.1000000E-03           1
|0110000001001111000000011> :  0.1958973E-03  0.1000000E-03           1
|0011000000000111000011011> :  0.1162601E-04  0.1000000E-03           1
|0110000001011111000000001> :  0.2126687E-04  0.1000000E-03           1
|0011000000001111000011011> :  0.3021037E-04  0.1000000E-03           1
|0011000001000101000001011> :  0.1128356E-03  0.1000000E-03           1
|0011000001000101000011011> :  0.6021081E-06  0.1000000E-03           1
|0011000001000101100001011> :  0.1066783E-03  0.1000000E-03           1
|0011000001000111000000011> :  0.1111436E-03  0.1000000E-03           1
|0110000011000111000000011> :  0.3816352E-04  0.1000000E-03           1
|0011000001000111000001010> :  0.8916948E-04  0.1000000E-03           1
|0001000011000101000001010> :  0.2467928E-04  0.1000000E-03           1
|0011000001000111000001111> :  0.1839056E-03  0.1000000E-03           1
|0110000011001111000000101> :  0.6426536E-06  0.1000000E-03           1
|0110000011100011000000001> :  0.2863109E-04  0.1000000E-03           1
|0011000001000111001000010> :  0.9338605E-05  0.1000000E-03           1
|0011000001000111001000011> :  0.3286939E-04  0.1000000E-03           1
|0110000101000111000000011> :  0.6296529E-04  0.1000000E-03           1
|0110000101000111000001011> :  0.3010007E-04  0.1000000E-03           1
|0011000001001101000110011> :  0.1770822E-05  0.1000000E-03           1
|0110000111000110000000001> :  0.5917884E-04  0.1000000E-03           1
|0110000111000110000001001> :  0.3843757E-05  0.1000000E-03           1
|0011000001010101001110010> :  0.7387328E-07  0.1000000E-03           1
|0110000111100011000000001> :  0.1192087E-04  0.1000000E-03           1
|0110000111100110000001001> :  0.1608662E-05  0.1000000E-03           1
|0011000001010111000011011> :  0.5686827E-05  0.1000000E-03           1
|0011000001011101000000011> :  0.6447545E-05  0.1000000E-03           1
|0110001101000111100101000> :  0.4280278E-07  0.1000000E-03           1
|0011000001100111000000011> :  0.2533763E-04  0.1000000E-03           1
|0110010001001111000001011> :  0.1300650E-04  0.1000000E-03           1
|0011000001101111000001011> :  0.1994760E-04  0.1000000E-03           1
|0011000001101111000101010> :  0.2594049E-06  0.1000000E-03           1
|0011000010000101000000111> :  0.2125237E-06  0.1000000E-03           1
|0011000010000111000001001> :  0.3749025E-04  0.1000000E-03           1
|0110100000000011000001011> :  0.1066478E-03  0.1000000E-03           1
|0110100000000111000000011> :  0.2827742E-03  0.1000000E-03           1
|0000100001011101011100010> :  0.1423363E-06  0.1000000E-03           1
|0011000011000101000000011> :  0.5480148E-04  0.1000000E-03           1
|0011000011000101000001001> :  0.1723125E-03  0.1000000E-03           1
|0110100000000111010001001> :  0.1162639E-03  0.1000000E-03           1
|0011000011000101000001101> :  0.2555484E-04  0.1000000E-03           1
|0010100001000101000111011> :  0.1090226E-04  0.1000000E-03           1
|0110100000001111000011010> :  0.4039344E-04  0.1000000E-03           1
|0110100000001111010000010> :  0.2086581E-04  0.1000000E-03           1
|0011000011000111000000001> :  0.1306753E-03  0.1000000E-03           1
|0011000011000111000000011> :  0.1006559E-04  0.1000000E-03           1
|0110100001000101000001011> :  0.3396149E-03  0.1000000E-03           1
|0010100001000011000011011> :  0.8194010E-04  0.1000000E-03           1
|0110100001000111000001001> :  0.1048028E-03  0.1000000E-03           1
|0011000011000111000001101> :  0.9901522E-04  0.1000000E-03           1
|0110100001011101000000101> :  0.1234643E-07  0.1000000E-03           1
|0011000011000111001101011> :  0.4005141E-04  0.1000000E-03           1
|0011000011000111100101011> :  0.4910630E-04  0.1000000E-03           1
|0011000011010101000000010> :  0.3713478E-05  0.1000000E-03           1
|0110100110011101010000000> :  0.7578668E-08  0.1000000E-03           1
|0011000011010101000001111> :  0.7681471E-06  0.1000000E-03           1
|0011000011010101001000101> :  0.5412804E-07  0.1000000E-03           1
|0011000011010101010101011> :  0.4063663E-06  0.1000000E-03           1
|0011000011010111000001001> :  0.2051274E-04  0.1000000E-03           1
|0011000011010111000001011> :  0.2548553E-03  0.1000000E-03           1
|0011000011100101010001010> :  0.1411883E-04  0.1000000E-03           1
|0111000000001111000010001> :  0.2497965E-05  0.1000000E-03           1
|0011000011100111000000011> :  0.4460029E-04  0.1000000E-03           1
|0111000001000101000000011> :  0.9636916E-04  0.1000000E-03           1
|0011000101000100100010011> :  0.1760613E-07  0.1000000E-03           1
|0111000001000111000000011> :  0.2328348E-03  0.1000000E-03           1
|0011000101000101000101011> :  0.6693052E-05  0.1000000E-03           1
|0111000001000111000101010> :  0.3893642E-04  0.1000000E-03           1
|0011000101000110000001011> :  0.2636386E-03  0.1000000E-03           1
|0011000101000111000000011> :  0.2000656E-03  0.1000000E-03           1
|0111000001100101001001011> :  0.7434583E-06  0.1000000E-03           1
|0001010011001101000101010> :  0.5875923E-05  0.1000000E-03           1
|0111000010000101000001011> :  0.3861598E-04  0.1000000E-03           1
|0011000101000111001001011> :  0.1952455E-04  0.1000000E-03           1
|0011000101000111001101011> :  0.1511276E-04  0.1000000E-03           1
|0011000101000111010000111> :  0.1652468E-05  0.1000000E-03           1
|0011000101000111100001010> :  0.5944754E-04  0.1000000E-03           1
|0011000101000111100001011> :  0.1217857E-03  0.1000000E-03           1
|0111000011000111000000000> :  0.4995529E-04  0.1000000E-03           1
|0010100000001111011010001> :  0.4674512E-06  0.1000000E-03           1
|0011000101101011000001011> :  0.6414066E-05  0.1000000E-03           1
|0111000011000111010001000> :  0.9342929E-06  0.1000000E-03           1
|0011000110001101000001111> :  0.1892607E-07  0.1000000E-03           1
|0011000111000011000001001> :  0.1277834E-04  0.1000000E-03           1
|0011000111000011000001010> :  0.1063575E-03  0.1000000E-03           1
|0111000110000111010000011> :  0.1218797E-04  0.1000000E-03           1
|0101000111000011000001010> :  0.1170730E-04  0.1000000E-03           1
|0111000111000110000001010> :  0.9956501E-05  0.1000000E-03           1
|0111000111010111010011011> :  0.4470320E-06  0.1000000E-03           1
|0011000111000101000101110> :  0.1497399E-05  0.1000000E-03           1
|0011000111000110000001011> :  0.6589736E-04  0.1000000E-03           1
|0011000111000110100001011> :  0.8556937E-06  0.1000000E-03           1
|0011000111000111000000001> :  0.2323366E-04  0.1000000E-03           1
|0111010011000101000001011> :  0.3848986E-04  0.1000000E-03           1
|0111010011000111000000011> :  0.1050672E-03  0.1000000E-03           1
|0111010101000101000011010> :  0.7648366E-07  0.1000000E-03           1
|0111010111000110000001010> :  0.1444358E-05  0.1000000E-03           1
|0010100000000111010011001> :  0.1165145E-04  0.1000000E-03           1
|0001000011000011001001011> :  0.1818336E-06  0.1000000E-03           1
|0010100000000111000111010> :  0.7980390E-06  0.1000000E-03           1
|0010100000000111000011101> :  0.3400322E-04  0.1000000E-03           1
|0001010011000101001000011> :  0.1482832E-04  0.1000000E-03           1
|0101000011101111000001011> :  0.1900494E-04  0.1000000E-03           1
|0101000011101101000010010> :  0.3571159E-05  0.1000000E-03           1
|0101000011100111000011010> :  0.1440896E-04  0.1000000E-03           1
|0001000011000001000001011> :  0.4396900E-06  0.1000000E-03           1
|0000100001001101110000110> :  0.1444417E-07  0.1000000E-03           1
|0000001101000111101011010> :  0.5003309E-06  0.1000000E-03           1
|0010011001110011001000000> :  0.3493702E-07  0.1000000E-03           1
|0101000011100101000000011> :  0.2852498E-04  0.1000000E-03           1
|0010011001000111001000010> :  0.6949609E-06  0.1000000E-03           1
|0010011001000111000010001> :  0.3867630E-06  0.1000000E-03           1
|0010010111100111000001001> :  0.1351163E-05  0.1000000E-03           1
|0001010010100101000001010> :  0.1109285E-05  0.1000000E-03           1
|0001000010000111010001011> :  0.4839426E-06  0.1000000E-03           1
|0010010111001111000001011> :  0.8214933E-05  0.1000000E-03           1
|0010010111001110000111010> :  0.9790052E-09  0.1000000E-03           1
|0001010010000111000000010> :  0.1388306E-05  0.1000000E-03           1
|0010010111001001000001010> :  0.1418743E-06  0.1000000E-03           1
|0101000011000111000001110> :  0.3349968E-04  0.1000000E-03           1
|0001010001010111000001011> :  0.3360247E-05  0.1000000E-03           1
|0001000010000111000001011> :  0.5108234E-05  0.1000000E-03           1
|0010010111000111000000011> :  0.1167055E-04  0.1000000E-03           1
|0101000011000111000000010> :  0.1913147E-03  0.1000000E-03           1
|0010010111000110000001011> :  0.1699497E-04  0.1000000E-03           1
|0010010101101111000001010> :  0.3524144E-06  0.1000000E-03           1
|0010010101100111000001011> :  0.1762032E-04  0.1000000E-03           1
|0001010001001101001001011> :  0.2562013E-05  0.1000000E-03           1
|0001000010000101001100011> :  0.1129555E-06  0.1000000E-03           1
|0010010101001101000001010> :  0.1552778E-05  0.1000000E-03           1
|0101000010000111010001010> :  0.6973310E-04  0.1000000E-03           1
|0010010100000010000011101> :  0.5376782E-07  0.1000000E-03           1
|0010010010100111010000010> :  0.3114432E-07  0.1000000E-03           1
|0010010010000100000010111> :  0.3293392E-08  0.1000000E-03           1
|0001010001000111010001010> :  0.3028543E-04  0.1000000E-03           1
|0001000001101111001000011> :  0.1265659E-05  0.1000000E-03           1
|0000100000001110001001000> :  0.2107538E-08  0.1000000E-03           1
|0000001011100110001001011> :  0.5599832E-06  0.1000000E-03           1
|0000000111011110000001010> :  0.1684607E-05  0.1000000E-03           1
|0010010001010111000000011> :  0.7121730E-05  0.1000000E-03           1
|0101000001000111100100101> :  0.4953297E-08  0.1000000E-03           1
|0010010001001111000001011> :  0.1392229E-04  0.1000000E-03           1
|0010010001000111000001011> :  0.7226089E-04  0.1000000E-03           1
|0010010000000111100001010> :  0.4959994E-06  0.1000000E-03           1
|0001010001000101100101010> :  0.4322708E-05  0.1000000E-03           1
|0001000001100101000101011> :  0.7191125E-06  0.1000000E-03           1
|0010010000000111010001101> :  0.1577984E-06  0.1000000E-03           1
|0010001101000101110010001> :  0.3613403E-08  0.1000000E-03           1
|0001010001000101100011000> :  0.1210528E-07  0.1000000E-03           1
|0010001011100111000001011> :  0.3627900E-04  0.1000000E-03           1
|0010001011100111000001001> :  0.1147344E-03  0.1000000E-03           1
|0001010001000101000100010> :  0.2210099E-05  0.1000000E-03           1
|0001000001011101000101011> :  0.6931011E-06  0.1000000E-03           1
|0000011101001100001000011> :  0.7014744E-08  0.1000000E-03           1
|0010001011100100010001001> :  0.1829281E-08  0.1000000E-03           1
|0010001011100011000001001> :  0.2696483E-04  0.1000000E-03           1
|0001001111000111000001010> :  0.1855659E-04  0.1000000E-03           1
|0100100001101011011000010> :  0.1434425E-07  0.1000000E-03           1
|0010001011000111000001001> :  0.1681046E-03  0.1000000E-03           1
|0001001111000101001001010> :  0.1064437E-04  0.1000000E-03           1
|0001000001001111000011011> :  0.3648742E-04  0.1000000E-03           1
|0010001010000111000001101> :  0.7914055E-06  0.1000000E-03           1
|0010001001101101001000010> :  0.8314940E-07  0.1000000E-03           1
|0001001111000101000001011> :  0.6300537E-04  0.1000000E-03           1
|0010001001100111101001000> :  0.5246173E-07  0.1000000E-03           1
|0010001001100111000001001> :  0.1908369E-04  0.1000000E-03           1
|0001001101000111001001011> :  0.3125286E-04  0.1000000E-03           1
|0001000001000111001001011> :  0.1727771E-03  0.1000000E-03           1
|0000011001101101000000111> :  0.3448811E-08  0.1000000E-03           1
|0000001001111101010000010> :  0.2202280E-07  0.1000000E-03           1
|0010001001001101001000000> :  0.7065651E-07  0.1000000E-03           1
|0100010011010010001100110> :  0.7795946E-09  0.1000000E-03           1
|0001001101000111001001010> :  0.1076729E-05  0.1000000E-03           1
|0100010011000111000000011> :  0.1507150E-04  0.1000000E-03           1
|0100010010001111000001011> :  0.4625089E-06  0.1000000E-03           1
|0010000111100111000001001> :  0.1204114E-03  0.1000000E-03           1
|0001001011100101000001010> :  0.4688805E-05  0.1000000E-03           1
|0100010001010101011000010> :  0.1770311E-07  0.1000000E-03           1
|0100010001001111000000010> :  0.9193200E-06  0.1000000E-03           1
|0001001011000101000001011> :  0.1438398E-03  0.1000000E-03           1
|0010000111001111000001011> :  0.2674030E-04  0.1000000E-03           1
|0100000111000011001000011> :  0.1640565E-06  0.1000000E-03           1
|0010000111001111000001010> :  0.2743411E-04  0.1000000E-03           1
|0001001011000101000001010> :  0.1623720E-04  0.1000000E-03           1
|0000010111101000000101011> :  0.1523215E-06  0.1000000E-03           1
|0010000111000111001100010> :  0.1628399E-05  0.1000000E-03           1
|0100000011101011010100000> :  0.4426758E-08  0.1000000E-03           1
|0001000111101111010000010> :  0.9915056E-07  0.1000000E-03           1
|0100000011100111001000010> :  0.6207462E-05  0.1000000E-03           1
|0100000011100101000000011> :  0.4637195E-05  0.1000000E-03           1
|0001000001000111000001010> :  0.1909255E-03  0.1000000E-03           1
|0010000111000111000001001> :  0.3066896E-03  0.1000000E-03           1
|0010000111000110000001011> :  0.1810954E-03  0.1000000E-03           1
|0001000111100111010001010> :  0.5849535E-05  0.1000000E-03           1
|0010000110100111000001011> :  0.3235861E-04  0.1000000E-03           1
|0100000001001111000000011> :  0.1436193E-04  0.1000000E-03           1
|0010000101100111000101011> :  0.9837833E-05  0.1000000E-03           1
|0001000001000011110001011> :  0.1478291E-06  0.1000000E-03           1
|0000010111100010001011011> :  0.1492485E-06  0.1000000E-03           1
|0000000111110001000000010> :  0.4698728E-07  0.1000000E-03           1
|0000000111000111100011010> :  0.5470811E-05  0.1000000E-03           1
|0000000011000111010000011> :  0.1738592E-05  0.1000000E-03           1
|0011111000000101000001010> :  0.7430285E-05  0.1000000E-03           1
|0011110101000000000001010> :  0.4179918E-06  0.1000000E-03           1
|0010000101011111100000001> :  0.2829060E-06  0.1000000E-03           1
|0011110011001011000001010> :  0.4382316E-06  0.1000000E-03           1
|0011110001100000001001110> :  0.4330911E-07  0.1000000E-03           1
|0010000101010101010010011> :  0.4185112E-07  0.1000000E-03           1
|0001000000000110101011010> :  0.2928320E-07  0.1000000E-03           1
|0011110001010101001001010> :  0.8399749E-07  0.1000000E-03           1
|0011110001010011000001011> :  0.2471788E-06  0.1000000E-03           1
|0011110000000111010001010> :  0.5963499E-05  0.1000000E-03           1
|0011110000000101000011010> :  0.8016795E-04  0.1000000E-03           1
|0011110000000101000001110> :  0.9687566E-05  0.1000000E-03           1
|0001000111100110000001010> :  0.1040055E-04  0.1000000E-03           1
|0000111110100001000101010> :  0.2364990E-08  0.1000000E-03           1
|0000010111001111000101010> :  0.2914472E-05  0.1000000E-03           1
|0011110000000100000001011> :  0.1806576E-04  0.1000000E-03           1
|0011110010000100000011011> :  0.1350217E-06  0.1000000E-03           1
|0010000101000111000001011> :  0.6907049E-04  0.1000000E-03           1
|0011110100000111000001011> :  0.3614233E-05  0.1000000E-03           1
|0011101101000101001001010> :  0.2510236E-05  0.1000000E-03           1
|0011110101000111000001011> :  0.2102039E-04  0.1000000E-03           1
|0011101101000101000010001> :  0.1028891E-07  0.1000000E-03           1
|0100000001000101001010010> :  0.1004418E-05  0.1000000E-03           1
|0001000111100101000101010> :  0.1911269E-03  0.1000000E-03           1
|0100000001010001110100010> :  0.6846881E-08  0.1000000E-03           1
|0100000010000110000001011> :  0.2618562E-06  0.1000000E-03           1
|0100000011000111001001010> :  0.2924520E-04  0.1000000E-03           1
|0100000011001101000000011> :  0.8141077E-05  0.1000000E-03           1
|0100000011001101001001011> :  0.5770038E-05  0.1000000E-03           1
|0011101001000111000001001> :  0.1436651E-05  0.1000000E-03           1
|0100000011010110101000001> :  0.2374909E-08  0.1000000E-03           1
|0011100111001111000001010> :  0.2019233E-06  0.1000000E-03           1
|0010000101000111000000111> :  0.1848353E-05  0.1000000E-03           1
|0011100101000111000001010> :  0.9490517E-04  0.1000000E-03           1
|0010000100100010000001011> :  0.4892572E-08  0.1000000E-03           1
|0000111110000101010001010> :  0.1012889E-07  0.1000000E-03           1
|0100000011101101010000010> :  0.1738788E-05  0.1000000E-03           1
|0100000101100011010000010> :  0.5409744E-07  0.1000000E-03           1
|0100000110000110000001010> :  0.1879018E-07  0.1000000E-03           1
|0011100101000011000001011> :  0.2743418E-04  0.1000000E-03           1
|0100000111000110000001011> :  0.9897956E-04  0.1000000E-03           1
|0100000111001011000001010> :  0.4245976E-05  0.1000000E-03           1
|0100010000000101010111010> :  0.3114159E-07  0.1000000E-03           1
|0010000011100101000001011> :  0.2359643E-04  0.1000000E-03           1
|0100010001001111000001011> :  0.2146549E-04  0.1000000E-03           1
|0011100011010001000001010> :  0.6202788E-05  0.1000000E-03           1
|0100010001101011001100010> :  0.3318114E-07  0.1000000E-03           1
|0010000011001101001000011> :  0.5896000E-05  0.1000000E-03           1
|0100010011000101000001011> :  0.6253572E-05  0.1000000E-03           1
|0011100011000111000001011> :  0.5104308E-04  0.1000000E-03           1
|0100010011000111000001011> :  0.1781112E-04  0.1000000E-03           1
|0010000011000111001001110> :  0.1726751E-06  0.1000000E-03           1
|0100010100000111000001011> :  0.1347101E-05  0.1000000E-03           1
|0100010101100011000001011> :  0.1233091E-06  0.1000000E-03           1
|0100010111000111000001011> :  0.8453977E-05  0.1000000E-03           1
|0100010111100100000001001> :  0.2614857E-07  0.1000000E-03           1
|0100011001001111000001011> :  0.3299931E-07  0.1000000E-03           1
|0100011011000100000001010> :  0.8193043E-06  0.1000000E-03           1
|0100011111000111000000101> :  0.2364529E-08  0.1000000E-03           1
|0100011111001001000000010> :  0.2356946E-06  0.1000000E-03           1
|0100100000000111010001010> :  0.3468687E-04  0.1000000E-03           1
|0100100001000111000001011> :  0.1190753E-03  0.1000000E-03           1
|0100100001000111001001010> :  0.1063402E-03  0.1000000E-03           1
|0100100001000111010000001> :  0.3723393E-05  0.1000000E-03           1
|0100100001000111010000010> :  0.1663033E-04  0.1000000E-03           1
|0011100011000011010001001> :  0.1562258E-07  0.1000000E-03           1
|0100100011000101000001011> :  0.1603184E-03  0.1000000E-03           1
|0100100011000101001001010> :  0.1325100E-05  0.1000000E-03           1
|0100100011010101000111010> :  0.7748169E-07  0.1000000E-03           1
|0100100011100101000011010> :  0.3601707E-06  0.1000000E-03           1
|0100100011100101100000011> :  0.1846932E-06  0.1000000E-03           1
|0100100011101001000100110> :  0.3212743E-07  0.1000000E-03           1
|0100100110000110000001011> :  0.1432343E-05  0.1000000E-03           1
|0100101000000101100001010> :  0.2213885E-06  0.1000000E-03           1
|0100101001000101001100110> :  0.2049019E-06  0.1000000E-03           1
|0100101001000111001001011> :  0.2412632E-05  0.1000000E-03           1
|0100101001101011000010010> :  0.5470163E-08  0.1000000E-03           1
|0100110001000110001001011> :  0.3580984E-06  0.1000000E-03           1
|0100110011000101000000011> :  0.5031976E-05  0.1000000E-03           1
|0100110011000111100001010> :  0.7816127E-07  0.1000000E-03           1
|0101000000000111010001100> :  0.1699032E-05  0.1000000E-03           1
|0101000001000001001001010> :  0.3621585E-07  0.1000000E-03           1
|0011100011000001011010110> :  0.1001079E-09  0.1000000E-03           1
|0010000011000111000011011> :  0.7232791E-04  0.1000000E-03           1
|0001000111010110000011011> :  0.6326108E-05  0.1000000E-03           1
|0101000001001111010001001> :  0.1005935E-05  0.1000000E-03           1
|0101000001010111001001111> :  0.7318523E-07  0.1000000E-03           1
|0101000001010111100011011> :  0.2311797E-07  0.1000000E-03           1
|0101000001100111010000001> :  0.1038993E-05  0.1000000E-03           1
|0000111010101101010000000> :  0.2725395E-07  0.1000000E-03           1
|0101000010000111001001110> :  0.9653704E-06  0.1000000E-03           1
|0000010111001111000001010> :  0.1267313E-04  0.1000000E-03           1
|0101000010011111000011010> :  0.1132259E-05  0.1000000E-03           1
|0101000010100111000011010> :  0.9896271E-06  0.1000000E-03           1
|0000000111100111110010000> :  0.4457987E-08  0.1000000E-03           1
|0101000011000101000000110> :  0.2296935E-05  0.1000000E-03           1
|0011100010000111000001011> :  0.1163109E-03  0.1000000E-03           1
|0101000011000101000001111> :  0.4333427E-05  0.1000000E-03           1
|0011100010000101000001010> :  0.8468896E-05  0.1000000E-03           1
|0011100001100101000001011> :  0.3863958E-04  0.1000000E-03           1
|0101000011000111000000011> :  0.1985198E-04  0.1000000E-03           1
|0001000111010101000001011> :  0.4380626E-04  0.1000000E-03           1
|0011100001010101000011011> :  0.7537879E-05  0.1000000E-03           1
|0010000011000011000011011> :  0.7981429E-07  0.1000000E-03           1
|0011100001010101000000011> :  0.1468077E-04  0.1000000E-03           1
|0101000011000111010000001> :  0.5628547E-05  0.1000000E-03           1
|0011100001010001000001011> :  0.5534801E-05  0.1000000E-03           1
|0101000011000111100001110> :  0.5554674E-05  0.1000000E-03           1
|0101000011001101000000010> :  0.2703487E-03  0.1000000E-03           1
|0010000001110011001000011> :  0.2233878E-06  0.1000000E-03           1
|0101000011001101000011011> :  0.8267805E-05  0.1000000E-03           1
|0101000011001101000100010> :  0.6882561E-04  0.1000000E-03           1
|0001000111010100000001011> :  0.3990482E-04  0.1000000E-03           1
|0101000011010101000001010> :  0.1837218E-04  0.1000000E-03           1
|0101000011010111000001101> :  0.1973716E-05  0.1000000E-03           1
|0000111000000111110000111> :  0.6541365E-10  0.1000000E-03           1
|0101000011100101000001001> :  0.3745064E-06  0.1000000E-03           1
|0101000011100101000001010> :  0.1834513E-04  0.1000000E-03           1
|0101000011100111000000011> :  0.2008204E-04  0.1000000E-03           1
|0011100001001101000001010> :  0.3801194E-04  0.1000000E-03           1
|0010000001100111001001010> :  0.1546756E-05  0.1000000E-03           1
|0010000001100111000001011> :  0.6602263E-04  0.1000000E-03           1
|0101000011110001010000101> :  0.5692566E-08  0.1000000E-03           1
|0101000101000111000000011> :  0.1314650E-04  0.1000000E-03           1
|0001000111010100000001010> :  0.3316287E-05  0.1000000E-03           1
|0010000001100111000001001> :  0.1745431E-04  0.1000000E-03           1
|0101000110000110000001010> :  0.8315400E-05  0.1000000E-03           1
|0011100001000110000001110> :  0.2046086E-06  0.1000000E-03           1
|0101000111000100000001011> :  0.5991630E-04  0.1000000E-03           1
|0011100001000101000001111> :  0.4122330E-04  0.1000000E-03           1
|0101000111000110000000011> :  0.1027692E-03  0.1000000E-03           1
|0101000111000110000001010> :  0.1246551E-03  0.1000000E-03           1
|0101000111000110000001011> :  0.1182934E-03  0.1000000E-03           1
|0010000001100111000000011> :  0.5271840E-04  0.1000000E-03           1
|0001000111001111000001010> :  0.2799798E-04  0.1000000E-03           1
|0101000111000111010101010> :  0.1497841E-05  0.1000000E-03           1
|0101000111000111100001110> :  0.1449456E-05  0.1000000E-03           1
|0101000111001011000001010> :  0.2465720E-04  0.1000000E-03           1
|0101000111001111000000010> :  0.3881481E-04  0.1000000E-03           1
|0000110111000000000001011> :  0.9971901E-07  0.1000000E-03           1
|0000010111000111000001111> :  0.1813645E-06  0.1000000E-03           1
|0010000001100101010001011> :  0.5212163E-05  0.1000000E-03           1
|0101001011010111000000011> :  0.1027359E-05  0.1000000E-03           1
|0011100000010101000011010> :  0.6752531E-06  0.1000000E-03           1
|0101010000001111000001010> :  0.9735700E-05  0.1000000E-03           1
|0010000001011110000000111> :  0.6609147E-08  0.1000000E-03           1
|0101010001000101010000001> :  0.1095431E-06  0.1000000E-03           1
|0101010001000111000000010> :  0.3128125E-04  0.1000000E-03           1
|0101010001000111000101011> :  0.5731246E-05  0.1000000E-03           1
|0101010001001111000010011> :  0.1976203E-05  0.1000000E-03           1
|0101010001001111000101001> :  0.4811486E-07  0.1000000E-03           1
|0001000111001111000000011> :  0.7116766E-05  0.1000000E-03           1
|0010000001010111000011011> :  0.5655233E-05  0.1000000E-03           1
|0101010011000101000000111> :  0.9043850E-06  0.1000000E-03           1
|0101010011000101000001010> :  0.4398477E-03  0.1000000E-03           1
|0011100000000111000001001> :  0.8737160E-04  0.1000000E-03           1
|0011100000000101000001011> :  0.1676437E-03  0.1000000E-03           1
|0010000001010101010011000> :  0.1281864E-06  0.1000000E-03           1
|0001000111001110000111010> :  0.1758737E-07  0.1000000E-03           1
|0000110011101101000000111> :  0.2673720E-08  0.1000000E-03           1
|0101010011001111000001010> :  0.2482319E-04  0.1000000E-03           1
|0101010011100101000000010> :  0.1022697E-04  0.1000000E-03           1
|0101010101000111000000011> :  0.1031966E-03  0.1000000E-03           1
|0101010101000111000001011> :  0.8533394E-04  0.1000000E-03           1
|0101010110001110000001010> :  0.6296626E-06  0.1000000E-03           1
|0101010111000100100001010> :  0.2155031E-08  0.1000000E-03           1
|0101010111000101000001011> :  0.5098026E-04  0.1000000E-03           1
|0101100000000101011011010> :  0.8301436E-07  0.1000000E-03           1
|0101100000000111000001010> :  0.1580409E-04  0.1000000E-03           1
|0011011111000111000001011> :  0.1395038E-04  0.1000000E-03           1
|0011011011010111000001011> :  0.2899193E-06  0.1000000E-03           1
|0010000001001111100001011> :  0.1422412E-04  0.1000000E-03           1
|0101100001000101000101010> :  0.2215808E-04  0.1000000E-03           1
|0101100001000111000001010> :  0.1298710E-03  0.1000000E-03           1
|0101100001000111000001011> :  0.1610215E-05  0.1000000E-03           1
|0101100001010111001000011> :  0.2277459E-06  0.1000000E-03           1
|0101100001101011010001010> :  0.4830911E-07  0.1000000E-03           1
|0101100001110001000100011> :  0.1811383E-07  0.1000000E-03           1
|0101100001110111000001010> :  0.1483257E-05  0.1000000E-03           1
|0011011011000111000001011> :  0.2098057E-04  0.1000000E-03           1
|0101100010000101010001010> :  0.2004832E-03  0.1000000E-03           1
|0011011011000101000001101> :  0.1674366E-05  0.1000000E-03           1
|0010000001001111010001010> :  0.4805204E-06  0.1000000E-03           1
|0001000111001110000001111> :  0.7130577E-06  0.1000000E-03           1
|0011011001000101000001011> :  0.8038730E-05  0.1000000E-03           1
|0101100011000101000001010> :  0.4072622E-03  0.1000000E-03           1
|0101100011000101000001011> :  0.8444836E-04  0.1000000E-03           1
|0101100011000111000000010> :  0.1282996E-04  0.1000000E-03           1
|0101100111000100000001010> :  0.9776870E-05  0.1000000E-03           1
|0101101001000101000010011> :  0.9839487E-08  0.1000000E-03           1
|0101101011100011000000010> :  0.1012207E-07  0.1000000E-03           1
|0011010111010111000001011> :  0.6267048E-05  0.1000000E-03           1
|0010000001001111001011011> :  0.1762934E-05  0.1000000E-03           1
|0101110001000111000000011> :  0.2172911E-05  0.1000000E-03           1
|0101110010000001100011101> :  0.2341580E-08  0.1000000E-03           1
|0011010111000111100011011> :  0.1350000E-06  0.1000000E-03           1
|0101110011000001000000011> :  0.1646065E-05  0.1000000E-03           1
|0011010111000111010001011> :  0.3608946E-04  0.1000000E-03           1
|0101110011100111100110010> :  0.4930125E-09  0.1000000E-03           1
|0010000001001111000001011> :  0.3722816E-04  0.1000000E-03           1
|0001000111001101000101010> :  0.1002817E-03  0.1000000E-03           1
|0110000000000111010000001> :  0.5565261E-04  0.1000000E-03           1
|0110000000000111100001011> :  0.5911448E-05  0.1000000E-03           1
|0000110001010000101001010> :  0.2022373E-07  0.1000000E-03           1
|0110000000001111000011010> :  0.8941354E-05  0.1000000E-03           1
|0110000000001111010000000> :  0.6284762E-04  0.1000000E-03           1
|0000010111000111000001010> :  0.9196985E-05  0.1000000E-03           1
|0110000001000101000011010> :  0.3313681E-06  0.1000000E-03           1
|0110000001000111000000001> :  0.5161976E-04  0.1000000E-03           1
|0110000001000111000000011> :  0.1496382E-03  0.1000000E-03           1
|0110000001000111000000101> :  0.4626500E-04  0.1000000E-03           1
|0000000111100111001001010> :  0.5753033E-05  0.1000000E-03           1
|0000000111000111100001011> :  0.7644085E-05  0.1000000E-03           1
|0110000001000111000100010> :  0.1058868E-04  0.1000000E-03           1
|0110000001000111001000011> :  0.2599162E-04  0.1000000E-03           1
|1110001011100001000001101> :  0.7538812E-08  0.1000000E-03           1
|0011010111000111000000011> :  0.1155202E-03  0.1000000E-03           1
|0010000001000111100001011> :  0.1599824E-03  0.1000000E-03           1
|0110000001010111000101011> :  0.2639259E-06  0.1000000E-03           1
|1110000000000111110010001> :  0.4644178E-06  0.1000000E-03           1
|1101110000000101000001010> :  0.5657193E-05  0.1000000E-03           1
|1101100111000100000001111> :  0.3600753E-09  0.1000000E-03           1
|0110000001100111000000011> :  0.1178476E-03  0.1000000E-03           1
|0110000001100111000001001> :  0.1039632E-04  0.1000000E-03           1
|0110000001110111000000001> :  0.1152925E-04  0.1000000E-03           1
|0011010111000101000001011> :  0.4767511E-04  0.1000000E-03           1
|0110000010000111000001010> :  0.3335936E-04  0.1000000E-03           1
|0011010111000011000001011> :  0.2537031E-03  0.1000000E-03           1
|0110000011000101000000011> :  0.5123738E-04  0.1000000E-03           1
|0110000011000101000001010> :  0.3461515E-05  0.1000000E-03           1
|0110000011000111000000010> :  0.2088919E-03  0.1000000E-03           1
|1101010011000101001001010> :  0.3047367E-06  0.1000000E-03           1
|0110000011000111000000101> :  0.1078778E-03  0.1000000E-03           1
|0110000011000111000001000> :  0.2829923E-04  0.1000000E-03           1
|0011010110000111001001011> :  0.7849331E-06  0.1000000E-03           1
|1101001110000111000001010> :  0.5970890E-06  0.1000000E-03           1
|0011010110000110000001011> :  0.2356067E-04  0.1000000E-03           1
|0110000011001111000000000> :  0.8181540E-05  0.1000000E-03           1
|0110000011001111000000011> :  0.1168415E-03  0.1000000E-03           1
|0010000001000111000001001> :  0.9929257E-04  0.1000000E-03           1
|0110000011001111000001011> :  0.1209754E-05  0.1000000E-03           1
|0001000111001100000001010> :  0.3526746E-04  0.1000000E-03           1
|0110000011100011000001011> :  0.7100400E-05  0.1000000E-03           1
|0110000011100111000000001> :  0.1533326E-03  0.1000000E-03           1
|0110000011100111000000011> :  0.1237224E-03  0.1000000E-03           1
|0110000100000111010101001> :  0.1494328E-06  0.1000000E-03           1
|0110000101000010000101000> :  0.6392732E-08  0.1000000E-03           1
|0000110001000100000111011> :  0.5088115E-07  0.1000000E-03           1
|0011010110000101000001011> :  0.1305205E-04  0.1000000E-03           1
|0011010101010100000101010> :  0.1160182E-06  0.1000000E-03           1
|0110000101000111010000011> :  0.2562466E-06  0.1000000E-03           1
|0110000101001110000000000> :  0.1535675E-07  0.1000000E-03           1
|0110000110000110100011000> :  0.7659088E-07  0.1000000E-03           1
|0010000001000110001001101> :  0.2571125E-06  0.1000000E-03           1
|0011010101000011000001011> :  0.1200171E-04  0.1000000E-03           1
|0011010101000010000001011> :  0.2432423E-05  0.1000000E-03           1
|0010000000001101000011011> :  0.8105413E-05  0.1000000E-03           1
|0110000111000111000001011> :  0.1622089E-03  0.1000000E-03           1
|0110000111001011000001010> :  0.1496109E-04  0.1000000E-03           1
|0001000111000111100001111> :  0.5054246E-05  0.1000000E-03           1
|0110000111100011000000011> :  0.3088045E-04  0.1000000E-03           1
|0011010011001101000011001> :  0.6471578E-07  0.1000000E-03           1
|0110000111100111000000011> :  0.1053292E-04  0.1000000E-03           1
|1011110111000111000001011> :  0.2139577E-05  0.1000000E-03           1
|0110001010000111000001001> :  0.4374046E-04  0.1000000E-03           1
|0110001011000011000000101> :  0.1157294E-05  0.1000000E-03           1
|0110001011000111000000001> :  0.1201197E-03  0.1000000E-03           1
|0001111011000101000001010> :  0.9276498E-04  0.1000000E-03           1
|0011010011000111000001000> :  0.1805273E-05  0.1000000E-03           1
|0110010001000111000000011> :  0.8193010E-04  0.1000000E-03           1
|0110010001000111000001011> :  0.2080586E-04  0.1000000E-03           1
|0011010011000101100001011> :  0.2440402E-05  0.1000000E-03           1
|0110010001100101000011010> :  0.2657185E-07  0.1000000E-03           1
|0110010001111011000111010> :  0.9921075E-10  0.1000000E-03           1
|0110010010001001000001010> :  0.8231131E-07  0.1000000E-03           1
|0110010011000101000000011> :  0.4142896E-05  0.1000000E-03           1
|0110010011000111000001001> :  0.1104801E-04  0.1000000E-03           1
|0110010011001011000000001> :  0.1453771E-05  0.1000000E-03           1
|0110010111011111010001011> :  0.2395841E-08  0.1000000E-03           1
|0110010111101101000000000> :  0.1946675E-07  0.1000000E-03           1
|0110011001000111000101001> :  0.5086479E-07  0.1000000E-03           1
|0001110111100001000101010> :  0.2444034E-06  0.1000000E-03           1
|0110100000000011010110110> :  0.3589343E-08  0.1000000E-03           1
|0001000111000111001101011> :  0.5517617E-04  0.1000000E-03           1
|0000110001000011001001011> :  0.1560154E-05  0.1000000E-03           1
|0000010110000101000001010> :  0.5098052E-06  0.1000000E-03           1
|0011010011000101001001011> :  0.2157112E-04  0.1000000E-03           1
|0110100000000111000010011> :  0.3721192E-05  0.1000000E-03           1
|0011010010101111000001011> :  0.1528072E-05  0.1000000E-03           1
|0001110111000101000001011> :  0.8276190E-05  0.1000000E-03           1
|0011010001100111000001011> :  0.3735393E-05  0.1000000E-03           1
|1011000110000101100001010> :  0.6610724E-06  0.1000000E-03           1
|0011010001100101000001010> :  0.2461517E-06  0.1000000E-03           1
|0110100000000111010001010> :  0.3186873E-03  0.1000000E-03           1
|0110100000000111010001110> :  0.1154839E-06  0.1000000E-03           1
|0001110111000100000001010> :  0.1897674E-04  0.1000000E-03           1
|0011010001100101000000011> :  0.3675574E-05  0.1000000E-03           1
|0011010001001111001001011> :  0.1702410E-04  0.1000000E-03           1
|0001110101000101000101010> :  0.2018361E-04  0.1000000E-03           1
|0011010001001011000000011> :  0.1904604E-05  0.1000000E-03           1
|0110100000001111010001001> :  0.2553564E-06  0.1000000E-03           1
|0110100000010010111000100> :  0.2863330E-08  0.1000000E-03           1
|0110100000010111000000001> :  0.1111031E-04  0.1000000E-03           1
|0110100000011100010000000> :  0.1877617E-06  0.1000000E-03           1
|0110100000100011010011010> :  0.2029675E-06  0.1000000E-03           1
|1011000011000001010000100> :  0.1016435E-07  0.1000000E-03           1
|1011000001000111000001011> :  0.6007367E-04  0.1000000E-03           1
|0011010001000111100010011> :  0.1514126E-06  0.1000000E-03           1
|0000110000111000011101110> :  0.1038620E-08  0.1000000E-03           1
|0011010001000111100000010> :  0.6242572E-06  0.1000000E-03           1
|0011010001000111000101000> :  0.1833330E-05  0.1000000E-03           1
|0110100001000111010000001> :  0.1335829E-04  0.1000000E-03           1
|0110100001000111010001100> :  0.5080667E-06  0.1000000E-03           1
|0001110011000011000001010> :  0.6295941E-05  0.1000000E-03           1
|0110100010000101000001011> :  0.9482289E-05  0.1000000E-03           1
|0110100010000101000011011> :  0.1442928E-05  0.1000000E-03           1
|0110100010111010001111000> :  0.1587467E-09  0.1000000E-03           1
|0110100011000011000001011> :  0.1920790E-04  0.1000000E-03           1
|0110100011000101000001010> :  0.1056647E-04  0.1000000E-03           1
|0110100011100111100001010> :  0.9786536E-07  0.1000000E-03           1
|0110100101000110001001010> :  0.1577381E-07  0.1000000E-03           1
|1010000010000111100001001> :  0.9361986E-06  0.1000000E-03           1
|0110101000000000011001001> :  0.6462718E-08  0.1000000E-03           1
|0110101000000101000000101> :  0.7457705E-06  0.1000000E-03           1
|0110101001000011000001001> :  0.2517192E-05  0.1000000E-03           1
|0110101001110101000010000> :  0.6084193E-08  0.1000000E-03           1
|1010000001000011100011001> :  0.8749270E-06  0.1000000E-03           1
|0001110010010100010001010> :  0.2113181E-06  0.1000000E-03           1
|0110110000000111000011010> :  0.1174449E-04  0.1000000E-03           1
|0110110010001111000001010> :  0.1476251E-05  0.1000000E-03           1
|0110110011000111000001010> :  0.4269144E-05  0.1000000E-03           1
|0110111000000110000011001> :  0.1504048E-06  0.1000000E-03           1
|0111000000000111000000001> :  0.3476624E-04  0.1000000E-03           1
|0111000000000111000000011> :  0.3275034E-04  0.1000000E-03           1
|0001000111000111000101010> :  0.2235723E-03  0.1000000E-03           1
|0011010001000101010000010> :  0.4201747E-06  0.1000000E-03           1
|0011010001000101001001011> :  0.4919422E-05  0.1000000E-03           1
|0111000000010101000011000> :  0.2222703E-06  0.1000000E-03           1
|0111000001000011000001011> :  0.3948288E-04  0.1000000E-03           1
|0001110010000101000001010> :  0.4502810E-04  0.1000000E-03           1
|0111000001000101000001001> :  0.3256754E-04  0.1000000E-03           1
|0111000001000101000001011> :  0.9174912E-04  0.1000000E-03           1
|0111000001000101000101010> :  0.6766476E-05  0.1000000E-03           1
|0011010001000011000001100> :  0.1038104E-06  0.1000000E-03           1
|0011010001000001010001010> :  0.9797975E-07  0.1000000E-03           1
|0001110001100111000001010> :  0.6393169E-06  0.1000000E-03           1
|0001000111000111000001110> :  0.1000820E-04  0.1000000E-03           1
|0000110000011100011010100> :  0.6430193E-07  0.1000000E-03           1
|0111000001000111001001110> :  0.2883824E-05  0.1000000E-03           1
|0111000001000111010001010> :  0.5405333E-05  0.1000000E-03           1
|0111000001000111100100001> :  0.4470930E-06  0.1000000E-03           1
|0111000001001111001000001> :  0.4082944E-06  0.1000000E-03           1
|0111000001010111000000011> :  0.2776900E-04  0.1000000E-03           1
|0000010101001111000001011> :  0.1310636E-04  0.1000000E-03           1
|0111000001100101010000001> :  0.1129513E-05  0.1000000E-03           1
|0000000111100111000001011> :  0.2227060E-03  0.1000000E-03           1
|0011010000001101000001011> :  0.4599245E-05  0.1000000E-03           1
|0011010000000111010000011> :  0.6263000E-06  0.1000000E-03           1
|0111000010000111000001000> :  0.5368465E-04  0.1000000E-03           1
|0111000010001101000001010> :  0.5645526E-04  0.1000000E-03           1
|0001110001001101001101010> :  0.1028051E-05  0.1000000E-03           1
|0111000010010111000001100> :  0.6323361E-05  0.1000000E-03           1
|0111000011000011000001010> :  0.8049143E-04  0.1000000E-03           1
|0011010000000111010000001> :  0.5408940E-06  0.1000000E-03           1
|0111000011000101000000010> :  0.1931591E-04  0.1000000E-03           1
|0111000011000101000000011> :  0.2638020E-03  0.1000000E-03           1
|1001000111000100000001111> :  0.1028517E-06  0.1000000E-03           1
|0111000011000101000001010> :  0.5184136E-04  0.1000000E-03           1
|0111000011000110000000001> :  0.3811700E-05  0.1000000E-03           1
|0011010000000011110000000> :  0.6744172E-08  0.1000000E-03           1
|0001110001001101000000011> :  0.2236406E-04  0.1000000E-03           1
|0011001111010111000001010> :  0.5180537E-06  0.1000000E-03           1
|1001000011000111000101010> :  0.5587524E-05  0.1000000E-03           1
|0011001101000111011101011> :  0.1186353E-06  0.1000000E-03           1
|0011001101000111001001010> :  0.8198985E-05  0.1000000E-03           1
|0011001101000111000011000> :  0.1673581E-05  0.1000000E-03           1
|0111000011010111000001110> :  0.1616373E-05  0.1000000E-03           1
|0111000100000110000001000> :  0.8065905E-07  0.1000000E-03           1
|0111000100000110001001011> :  0.3271619E-06  0.1000000E-03           1
|0111000101000011000001010> :  0.1561227E-05  0.1000000E-03           1
|0001110001000101001001010> :  0.4382363E-04  0.1000000E-03           1
|0001000111000111000000011> :  0.3508562E-04  0.1000000E-03           1
|0000110000001101011000011> :  0.1789824E-05  0.1000000E-03           1
|0011001011100101000000001> :  0.1392613E-05  0.1000000E-03           1
|1000111000010000010001010> :  0.2525626E-08  0.1000000E-03           1
|0011001010000101000001101> :  0.2459701E-05  0.1000000E-03           1
|0011001001100101000000011> :  0.1250146E-05  0.1000000E-03           1
|1000100000000011001011110> :  0.3092787E-08  0.1000000E-03           1
|0111000111000111000001000> :  0.1058902E-04  0.1000000E-03           1
|0001110001000101000001010> :  0.3328302E-03  0.1000000E-03           1
|0001000111000110000001111> :  0.1004794E-04  0.1000000E-03           1
|0111001001000111100000010> :  0.8998742E-06  0.1000000E-03           1
|0111001111000111001001011> :  0.1460766E-04  0.1000000E-03           1
|0111010000000111000001000> :  0.1048637E-04  0.1000000E-03           1
|0111010001000011000001011> :  0.4567755E-04  0.1000000E-03           1
|0111010001000101001000011> :  0.1420913E-05  0.1000000E-03           1
|0111010010000111000000001> :  0.3179042E-04  0.1000000E-03           1
|0111010010000111000000011> :  0.5819034E-04  0.1000000E-03           1
|1000001011101011001000010> :  0.1260715E-07  0.1000000E-03           1
|0011000111101111000001011> :  0.2947161E-04  0.1000000E-03           1
|0001110000001011000001010> :  0.6658976E-06  0.1000000E-03           1
|0011000111101001000011010> :  0.2979596E-06  0.1000000E-03           1
|0111110000000111000001010> :  0.1652137E-04  0.1000000E-03           1
|0011000111100111010101011> :  0.2654736E-06  0.1000000E-03           1
|0001110000000111001001010> :  0.2182106E-05  0.1000000E-03           1
|0000110000000000111011010> :  0.1188318E-06  0.1000000E-03           1
|0111010111000110010001011> :  0.1297985E-05  0.1000000E-03           1
|0000010100101001000110010> :  0.2765205E-08  0.1000000E-03           1
|0011000111100111000001011> :  0.1149055E-03  0.1000000E-03           1
|0011000111100111000001001> :  0.1112187E-04  0.1000000E-03           1
|0001110000000101001001010> :  0.1880325E-04  0.1000000E-03           1
|0011000111100101001001011> :  0.1735219E-06  0.1000000E-03           1
|0011000111100101000001011> :  0.1534480E-03  0.1000000E-03           1
|0001101111000100001001010> :  0.1906992E-06  0.1000000E-03           1
|0001000111000101100001011> :  0.1109207E-03  0.1000000E-03           1
|0011000111100011010001011> :  0.8911419E-05  0.1000000E-03           1
|0011000111100011000000011> :  0.4060903E-05  0.1000000E-03           1
|0001101011000111001001011> :  0.8578000E-06  0.1000000E-03           1
|0111100011000101000000011> :  0.3046984E-05  0.1000000E-03           1
|0111100011000101000000010> :  0.8476921E-05  0.1000000E-03           1
|0011000111100001100001011> :  0.2947590E-05  0.1000000E-03           1
|0111100011000001000001010> :  0.1562516E-04  0.1000000E-03           1
|0111100010100111000000010> :  0.5195549E-06  0.1000000E-03           1
|0011000111010101000001011> :  0.1390852E-03  0.1000000E-03           1
|0001000111000101100001010> :  0.8884651E-05  0.1000000E-03           1
|0000101011100101000101010> :  0.1394992E-06  0.1000000E-03           1
|0011000111010100000001011> :  0.1090056E-03  0.1000000E-03           1
|0111100011000101000001001> :  0.8273446E-05  0.1000000E-03           1
|0111100011000101000001010> :  0.1355768E-03  0.1000000E-03           1
|0111100011000111000001010> :  0.3868102E-04  0.1000000E-03           1
|0111100011000111100001010> :  0.1656674E-04  0.1000000E-03           1
|0111100011100011000000101> :  0.5304819E-07  0.1000000E-03           1
|0111100100000111010000011> :  0.2038226E-06  0.1000000E-03           1
|0111100100010101100011010> :  0.5655721E-08  0.1000000E-03           1
|0111100110000101000001010> :  0.6219793E-05  0.1000000E-03           1
|0111101000000101100001000> :  0.6720154E-06  0.1000000E-03           1
|0111110000000001000000011> :  0.1895958E-05  0.1000000E-03           1
|0111110000000101000001010> :  0.9507919E-04  0.1000000E-03           1
|0111110000000101000011011> :  0.1801558E-05  0.1000000E-03           1
|0011000111001111000100011> :  0.9355890E-05  0.1000000E-03           1
|0111110001001001000001011> :  0.4570011E-06  0.1000000E-03           1
|0111110010100111010001010> :  0.1366939E-07  0.1000000E-03           1
|0111110011000011000001010> :  0.8067061E-05  0.1000000E-03           1
|0111111001000101000100010> :  0.1145941E-07  0.1000000E-03           1
|1000000011000111000011011> :  0.1603682E-04  0.1000000E-03           1
|0111100001000101000001001> :  0.2338113E-04  0.1000000E-03           1
|1000010011100101000001111> :  0.5894881E-07  0.1000000E-03           1
|0111100001000011000001010> :  0.2495272E-04  0.1000000E-03           1
|1000100000000101100001011> :  0.1115706E-06  0.1000000E-03           1
|1000101001001101000001011> :  0.4407903E-07  0.1000000E-03           1
|1000110001000011000001010> :  0.8433408E-06  0.1000000E-03           1
|0011000111001111000001011> :  0.2025170E-04  0.1000000E-03           1
|1001000001000111001001010> :  0.1539714E-04  0.1000000E-03           1
|1001000001001101000010011> :  0.5457676E-07  0.1000000E-03           1
|1001000010000101010111010> :  0.4019910E-07  0.1000000E-03           1
|1001000010010111100001010> :  0.9451703E-07  0.1000000E-03           1
|0111100000100011010001000> :  0.5538856E-06  0.1000000E-03           1
|1001000011000101001001010> :  0.4931761E-04  0.1000000E-03           1
|1001000011000111000001011> :  0.3588008E-04  0.1000000E-03           1
|0111100000001101000001010> :  0.2581916E-03  0.1000000E-03           1
|1001000011010101000001010> :  0.3826090E-04  0.1000000E-03           1
|1001000011010111000001011> :  0.1072554E-04  0.1000000E-03           1
|1001000111000011010001011> :  0.1528730E-06  0.1000000E-03           1
|0011000111000111100111000> :  0.2697914E-08  0.1000000E-03           1
|1001000111000101000001011> :  0.9985950E-04  0.1000000E-03           1
|1001000111000111000001110> :  0.2322960E-06  0.1000000E-03           1
|1001000111000111000011010> :  0.5659301E-05  0.1000000E-03           1
|1001010001000101000001011> :  0.2084899E-04  0.1000000E-03           1
|1001010001000111000001011> :  0.8201460E-04  0.1000000E-03           1
|1001010010000101001001011> :  0.1216058E-06  0.1000000E-03           1
|1001010011100011000001010> :  0.1383659E-05  0.1000000E-03           1
|1001010011110101000001010> :  0.9585790E-07  0.1000000E-03           1
|1001011011000101000101010> :  0.4888895E-06  0.1000000E-03           1
|1001100001000101000101010> :  0.3060320E-05  0.1000000E-03           1
|1001100011000101001001010> :  0.1971140E-05  0.1000000E-03           1
|1001100100000101011010010> :  0.6925622E-08  0.1000000E-03           1
|1001110000000111000011010> :  0.2956735E-06  0.1000000E-03           1
|1001110010000101000001010> :  0.3461873E-04  0.1000000E-03           1
|1001111010000101000001010> :  0.9870730E-06  0.1000000E-03           1
|0001101011000001000001011> :  0.7012832E-05  0.1000000E-03           1
|1010000010000111000011001> :  0.1104866E-05  0.1000000E-03           1
|0001000111000101001011011> :  0.1549348E-05  0.1000000E-03           1
|1010000011000111000011011> :  0.2050586E-05  0.1000000E-03           1
|1010000111000110000001001> :  0.3733154E-07  0.1000000E-03           1
|1010001000001111110000000> :  0.1767338E-06  0.1000000E-03           1
|1010001011011101000000010> :  0.2382271E-07  0.1000000E-03           1
|1010101000001111100101000> :  0.8918448E-09  0.1000000E-03           1
|0111100000000111000001010> :  0.1438174E-03  0.1000000E-03           1
|0111100000000111000001001> :  0.1653336E-03  0.1000000E-03           1
|1011000011000101000001011> :  0.7975007E-04  0.1000000E-03           1
|0111100000000101100001010> :  0.2776053E-06  0.1000000E-03           1
|1011000011001111000011011> :  0.8666395E-07  0.1000000E-03           1
|1011000101000101010001010> :  0.1087418E-05  0.1000000E-03           1
|1011000101000101010001011> :  0.7703315E-06  0.1000000E-03           1
|1011000101010111000001010> :  0.1860060E-05  0.1000000E-03           1
|0011000111000111010001001> :  0.3138275E-05  0.1000000E-03           1
|1011000111000101000001010> :  0.3217737E-05  0.1000000E-03           1
|1011001000000001001100110> :  0.2331727E-09  0.1000000E-03           1
|1011010000000101000001011> :  0.1200349E-04  0.1000000E-03           1
|1011010000000111000001011> :  0.1084259E-04  0.1000000E-03           1
|1011010001000111000001011> :  0.1764976E-04  0.1000000E-03           1
|1011010001010001100000110> :  0.2834664E-08  0.1000000E-03           1
|1011100000010111000000001> :  0.8626524E-07  0.1000000E-03           1
|1011100010000101000001010> :  0.8664440E-05  0.1000000E-03           1
|1011100111000101010001010> :  0.7811039E-07  0.1000000E-03           1
|1011110010000011000001010> :  0.2388004E-05  0.1000000E-03           1
|1011110010000101000001011> :  0.1074135E-05  0.1000000E-03           1
|0001101001110101010100010> :  0.7966115E-08  0.1000000E-03           1
|1100000100000111100001010> :  0.1989120E-06  0.1000000E-03           1
|1100010010000011000001011> :  0.4739426E-07  0.1000000E-03           1
|1100100000000101100101010> :  0.4442425E-06  0.1000000E-03           1
|1100100001010110000000000> :  0.9977619E-10  0.1000000E-03           1
|1100101000000111010001010> :  0.1442852E-07  0.1000000E-03           1
|1100110011001101000011010> :  0.2254753E-07  0.1000000E-03           1
|1101000000100011000000010> :  0.5667085E-07  0.1000000E-03           1
|1101000001001101000001010> :  0.4557052E-05  0.1000000E-03           1
|0111100000000101000001011> :  0.1093519E-03  0.1000000E-03           1
|1101000011000011000001010> :  0.2853979E-04  0.1000000E-03           1
|0111100000000101000001010> :  0.9775741E-04  0.1000000E-03           1
|0011000111000111000001111> :  0.7300209E-04  0.1000000E-03           1
|1101000011000111000001010> :  0.2610624E-04  0.1000000E-03           1
|0111100000000011000001010> :  0.3914031E-04  0.1000000E-03           1
|1101010011000001000000111> :  0.3028024E-06  0.1000000E-03           1
|0111010111000111010001011> :  0.7161090E-05  0.1000000E-03           1
|1101100000000101000000011> :  0.6745244E-06  0.1000000E-03           1
|1101100001000101100001010> :  0.4801480E-06  0.1000000E-03           1
|0001101001000101000001011> :  0.1544287E-04  0.1000000E-03           1
|0001000111000101000101011> :  0.4005187E-03  0.1000000E-03           1
|0000101001000111000001011> :  0.8298663E-05  0.1000000E-03           1
|0000010011101101001001010> :  0.9501001E-07  0.1000000E-03           1
|1110000000100111000001001> :  0.5432748E-06  0.1000000E-03           1
|1110000010000111000011011> :  0.8579596E-06  0.1000000E-03           1
|1110000011001011001100001> :  0.1043495E-07  0.1000000E-03           1
|0000000010000111111001000> :  0.6636751E-07  0.1000000E-03           1
|1110001111000101000001011> :  0.1117145E-07  0.1000000E-03           1
|1110010000001101000010011> :  0.9457078E-07  0.1000000E-03           1
|1110100000000111000000011> :  0.5374849E-05  0.1000000E-03           1
|1110100000000111000001011> :  0.1836608E-04  0.1000000E-03           1
|1110100000001001010000010> :  0.3243340E-06  0.1000000E-03           1
|1110100000100111100001000> :  0.1579879E-07  0.1000000E-03           1
|1110100000101101000000010> :  0.1713154E-07  0.1000000E-03           1
|1111000000000111000000000> :  0.5493026E-06  0.1000000E-03           1
|0000000001001111001000011> :  0.1847742E-05  0.1000000E-03           1
|1111000010000101000001011> :  0.5488584E-04  0.1000000E-03           1
|1111000010000111000001010> :  0.1241335E-03  0.1000000E-03           1
|1111000011000101000001011> :  0.9459295E-05  0.1000000E-03           1
|1111010000001011000001010> :  0.1197071E-06  0.1000000E-03           1
|1111010111000111000011011> :  0.7603974E-07  0.1000000E-03           1
|1111100000000101000001011> :  0.9467488E-05  0.1000000E-03           1
|1111100000000111000001010> :  0.3664740E-04  0.1000000E-03           1
|1111111000000100000001010> :  0.4316483E-08  0.1000000E-03           1
|0000000001000111100011011> :  0.4486760E-05  0.1000000E-03           1
