# state, exact probability, frequency, count:
#------------------------------------------------------------------
|0001001101010110000110111010001101> :  0.2197305E+00  0.2160000E+00        2160
|1110110010101001111001000101110010> :  0.2197305E+00  0.2148000E+00        2148
|1110111010101001111001000100110010> :  0.1883212E+00  0.1894000E+00        1894
|0001000101010110000110111011001101> :  0.1883212E+00  0.1889000E+00        1889
|0011110001001101001001011101100001> :  0.7572330E-01  0.7990000E-01         799
|1100001110110010110110100010011110> :  0.7572330E-01  0.7460000E-01         746
|0001000111010010000110111010001101> :  0.9987246E-05  0.2000000E-03           2
|0101001111010110000110110010001101> :  0.8563461E-05  0.2000000E-03           2
|1110101010101000111101000100110010> :  0.1549512E-03  0.2000000E-03           2
|0110111111111011001001000100000000> :  0.3449403E-07  0.1000000E-03           1
|0011001001111100100110111010110001> :  0.2829595E-08  0.1000000E-03           1
|0001001001011110001110111010010001> :  0.2873094E-05  0.1000000E-03           1
|0011010101011101101001001111000001> :  0.9573457E-08  0.1000000E-03           1
|0011010101100111111001001101100001> :  0.5363577E-09  0.1000000E-03           1
|1110111111101011001000110100010000> :  0.3970045E-08  0.1000000E-03           1
|0010110001011111001001111100110000> :  0.7741936E-08  0.1000000E-03           1
|0011111111110101010010100000011000> :  0.6774319E-09  0.1000000E-03           1
|0110101110110000101110110001000001> :  0.3276847E-08  0.1000000E-03           1
|1010100011101100001110100101110001> :  0.6123539E-08  0.1000000E-03           1
|0011111111011111000011111000001000> :  0.2841721E-10  0.1000000E-03           1
|1110110000101001111001000101110001> :  0.9557539E-05  0.1000000E-03           1
|0110110000111101111001001001000001> :  0.6215771E-08  0.1000000E-03           1
|0001011101010111100111011010001001> :  0.6366545E-06  0.1000000E-03           1
|0011110001011100101000111001100001> :  0.1106960E-06  0.1000000E-03           1
|0011110001011101000110111011100001> :  0.9631218E-07  0.1000000E-03           1
|0101110001101011001001010110110001> :  0.1427876E-09  0.1000000E-03           1
|0001110001101111001000111110110001> :  0.8180094E-08  0.1000000E-03           1
|1010110010101100111001000101110001> :  0.6636180E-08  0.1000000E-03           1
|0111110011001101001001010101100001> :  0.4612591E-05  0.1000000E-03           1
|0011110101001111000001011101000001> :  0.3554513E-06  0.1000000E-03           1
|1111110011101101111001000101110000> :  0.3906768E-06  0.1000000E-03           1
|0011100001111100001110111001010001> :  0.8054451E-07  0.1000000E-03           1
|0111111001111010011110110000010001> :  0.5987437E-09  0.1000000E-03           1
|0011111001011111000110111000110001> :  0.2922968E-07  0.1000000E-03           1
|0011100001001101001100011101100001> :  0.3223873E-05  0.1000000E-03           1
|0100111011111111000011010000011000> :  0.1516570E-09  0.1000000E-03           1
|0110111010111010001110110000000001> :  0.5999065E-08  0.1000000E-03           1
|1011000001101100001100111101101001> :  0.3667713E-08  0.1000000E-03           1
|0011000101010100000110101011001001> :  0.9287698E-07  0.1000000E-03           1
|0011000101010110000110111000001001> :  0.1954697E-05  0.1000000E-03           1
|0001000101011110000110110011001001> :  0.1590609E-07  0.1000000E-03           1
|0100001101010010000110111010001001> :  0.2262500E-05  0.1000000E-03           1
|0001001101010110001110111010001001> :  0.2287440E-05  0.1000000E-03           1
|0100001111010010000110110010001001> :  0.9509183E-06  0.1000000E-03           1
|0011010100011101001001011001001001> :  0.3539411E-08  0.1000000E-03           1
|0001011101010110101110111011001001> :  0.3559123E-07  0.1000000E-03           1
|1110110010101000111001000101110010> :  0.1027026E-04  0.1000000E-03           1
|1110100001001100101101011100111001> :  0.2945061E-08  0.1000000E-03           1
|1011100001101100011100100101111001> :  0.2147443E-08  0.1000000E-03           1
|0011100101000101111001011101101001> :  0.2751079E-08  0.1000000E-03           1
|0010100101010100000100111101001001> :  0.6097523E-07  0.1000000E-03           1
|0011101000010110110110011000011001> :  0.3747804E-08  0.1000000E-03           1
|1111101011011010000110110000011001> :  0.1783925E-08  0.1000000E-03           1
|1100101011111000000110100011101001> :  0.1140349E-08  0.1000000E-03           1
|1011101100010111111110101000001001> :  0.1892504E-08  0.1000000E-03           1
|0011110000000100110110111111101001> :  0.1006455E-07  0.1000000E-03           1
|0010110001010101001001111100111001> :  0.3943685E-08  0.1000000E-03           1
|1011110010100101110001000101111001> :  0.1273087E-07  0.1000000E-03           1
|1001110101010111010001101111001001> :  0.1000763E-08  0.1000000E-03           1
|1011111001001100001001111100101001> :  0.1322208E-08  0.1000000E-03           1
|0011111001011011001001011000101001> :  0.3335018E-07  0.1000000E-03           1
|0001111101010010000010111000001001> :  0.1809938E-05  0.1000000E-03           1
|1011111000101001111001001100110001> :  0.4400961E-05  0.1000000E-03           1
|0011011010111000101100110010110010> :  0.7674607E-09  0.1000000E-03           1
|1111011010101011111001000110110010> :  0.2000046E-06  0.1000000E-03           1
|0100110101111001001001110101000001> :  0.8282778E-08  0.1000000E-03           1
|1010100001001100101100111101010001> :  0.1071636E-08  0.1000000E-03           1
|1110000110100101111001000101100010> :  0.1301038E-07  0.1000000E-03           1
|0110011110110001111001000100010010> :  0.1447094E-06  0.1000000E-03           1
|1010100000101101001001011101110010> :  0.1475074E-07  0.1000000E-03           1
|1011100010001101111001001101100010> :  0.2807815E-08  0.1000000E-03           1
|1110100010101000111100100101110010> :  0.7720699E-04  0.1000000E-03           1
|1110100010101000111101000101110010> :  0.1562691E-03  0.1000000E-03           1
|1001100010101101011001000101110010> :  0.4247422E-08  0.1000000E-03           1
|1110100010101101111001000100010010> :  0.4146458E-07  0.1000000E-03           1
|1110100011001010001100110101110010> :  0.5307861E-08  0.1000000E-03           1
|1100100011101001011110100101110010> :  0.2528728E-08  0.1000000E-03           1
|1100100110110010111100100100010010> :  0.4175320E-07  0.1000000E-03           1
|1010100111001101001001001101100010> :  0.7250707E-08  0.1000000E-03           1
|0110101010001000111101010100110010> :  0.8275555E-06  0.1000000E-03           1
|1110101010101000111100000111110010> :  0.4584675E-07  0.1000000E-03           1
|0010110001011111001101011100010011> :  0.2953617E-08  0.1000000E-03           1
|1110101010101001011111000001110010> :  0.9645250E-06  0.1000000E-03           1
|0110101011111001001101010001110010> :  0.2609919E-06  0.1000000E-03           1
|1110101111110001011100000000010010> :  0.4764033E-08  0.1000000E-03           1
|1010110000101001111001001101110010> :  0.8563461E-05  0.1000000E-03           1
|0010110000101101001001001111100010> :  0.1733703E-10  0.1000000E-03           1
|0010110000101101111001010100110010> :  0.5782089E-06  0.1000000E-03           1
|1010110000101111111001000101110010> :  0.1455848E-05  0.1000000E-03           1
|0010110001001101001001011001100010> :  0.4979413E-07  0.1000000E-03           1
|1010110010001001111001001101110010> :  0.8101484E-05  0.1000000E-03           1
|0110110010011011111001010100110010> :  0.1783735E-06  0.1000000E-03           1
|1110110010100001101001010101110010> :  0.9273483E-05  0.1000000E-03           1
|0110110010101000001010110100110010> :  0.1668991E-08  0.1000000E-03           1
|0101011110110011010011001010011100> :  0.1884637E-08  0.1000000E-03           1
|1100110010101001011001000110110010> :  0.7013499E-07  0.1000000E-03           1
|1111000010101001111001000111100101> :  0.1077019E-07  0.1000000E-03           1
|1110110010111001111001000001010010> :  0.1046695E-04  0.1000000E-03           1
|0010110010111101111001001100110010> :  0.1313080E-06  0.1000000E-03           1
|0110110011011001101011010001110010> :  0.1150842E-06  0.1000000E-03           1
|0110110011101101001011000101100010> :  0.4327163E-08  0.1000000E-03           1
|0110110100010101111001010101000010> :  0.5699280E-07  0.1000000E-03           1
|0110110110000001111001001101100010> :  0.5985580E-06  0.1000000E-03           1
|1110110110100001101001000101110010> :  0.9242016E-05  0.1000000E-03           1
|1110110110101011111001000101010010> :  0.1215147E-04  0.1000000E-03           1
|0110110110110001111001010111000010> :  0.3060043E-08  0.1000000E-03           1
|0110110111101001011001010101100010> :  0.9737183E-07  0.1000000E-03           1
|1110111000101001001001001100110010> :  0.2137093E-06  0.1000000E-03           1
|1010111000101001111001001000110010> :  0.2616264E-05  0.1000000E-03           1
|1110111000101101111001001100110010> :  0.1061445E-04  0.1000000E-03           1
|0100111000111010101110110000010010> :  0.8697276E-09  0.1000000E-03           1
|1010111001001101001001001100110010> :  0.1081400E-05  0.1000000E-03           1
|1100111001101111000001000110110010> :  0.4308670E-09  0.1000000E-03           1
|1110111010001001111001011100110010> :  0.8049620E-05  0.1000000E-03           1
|0110111010001001111011010001110010> :  0.3362250E-06  0.1000000E-03           1
|0110111010011010000110110000110010> :  0.7469880E-08  0.1000000E-03           1
|1010111010100001110011000000110010> :  0.4592444E-08  0.1000000E-03           1
|1110111010101001011001000100110010> :  0.3976949E-05  0.1000000E-03           1
|1100000110100000110111000111101101> :  0.1900210E-08  0.1000000E-03           1
|1110111010101001111110000100110010> :  0.9300613E-05  0.1000000E-03           1
|1110111010101010111111100000110010> :  0.1015996E-06  0.1000000E-03           1
|1110111010101011111001000101010010> :  0.8582938E-05  0.1000000E-03           1
|0110111010101101001001110100110010> :  0.2686412E-06  0.1000000E-03           1
|1110111010101101111001001100110010> :  0.2573875E-04  0.1000000E-03           1
|0110111010111001101001010000110010> :  0.5965203E-04  0.1000000E-03           1
|0100111010111010101111110000010010> :  0.8315750E-07  0.1000000E-03           1
|0110111110110111111001000100000010> :  0.1226318E-06  0.1000000E-03           1
|1100111110110011011000100000010010> :  0.1394435E-07  0.1000000E-03           1
|0110111110010001110001000000001001> :  0.1178933E-08  0.1000000E-03           1
|0011110101011100101010011001000001> :  0.2500419E-07  0.1000000E-03           1
|1100111110100011010010100000010010> :  0.1833502E-07  0.1000000E-03           1
|1110111011101001110011000000110010> :  0.1486137E-06  0.1000000E-03           1
|1110111111101001001010100101110010> :  0.1052242E-08  0.1000000E-03           1
|1100011110110010110010100010011010> :  0.3298287E-05  0.1000000E-03           1
|1110100010100010110110000001111010> :  0.8387257E-08  0.1000000E-03           1
|0110101110010000111100111001001010> :  0.6583010E-08  0.1000000E-03           1
|0110101110010001101001010000011010> :  0.3475380E-08  0.1000000E-03           1
|0110101111010000000110110010001010> :  0.2742559E-07  0.1000000E-03           1
|0111110010000001111001010100111010> :  0.1440806E-07  0.1000000E-03           1
|1011110010000101011001011101111010> :  0.1323583E-07  0.1000000E-03           1
|1110110010001001111001001101111010> :  0.8157107E-05  0.1000000E-03           1
|1110110010001100111001001101111010> :  0.1058618E-07  0.1000000E-03           1
|1110110010100001010010100111111010> :  0.1843402E-06  0.1000000E-03           1
|0110110010101000111001000101101010> :  0.1403195E-06  0.1000000E-03           1
|0000110100010110111110111100011010> :  0.4113381E-08  0.1000000E-03           1
|1110110110100011111001000101111010> :  0.4252951E-05  0.1000000E-03           1
|0110110110110011111001010100001010> :  0.1216384E-06  0.1000000E-03           1
|0110111000000101111001011100111010> :  0.3548025E-06  0.1000000E-03           1
|0001111010010010111001011000011010> :  0.5520387E-08  0.1000000E-03           1
|0110111010011001101001011001001010> :  0.7502017E-08  0.1000000E-03           1
|0110111010100001111001001100111010> :  0.3365019E-06  0.1000000E-03           1
|1110111010101001101001010000111010> :  0.4009230E-07  0.1000000E-03           1
|1110111010110001111001000000101010> :  0.2480827E-07  0.1000000E-03           1
|0110111010111010111001100000111010> :  0.2030894E-07  0.1000000E-03           1
|1110111011000001001001100100111010> :  0.3842738E-07  0.1000000E-03           1
|1110111011101001000011000011101010> :  0.2584338E-08  0.1000000E-03           1
|0000111100010110010011111000011010> :  0.5549781E-08  0.1000000E-03           1
|1110111110110001110001000100011010> :  0.4048595E-06  0.1000000E-03           1
|0100111110110011110011100000011010> :  0.3531217E-07  0.1000000E-03           1
|1010100100101000111101001101100011> :  0.1935407E-08  0.1000000E-03           1
|1100100110100001011100100101100011> :  0.1007125E-08  0.1000000E-03           1
|0010110000000100110001011101100011> :  0.9078186E-09  0.1000000E-03           1
|0110110000101101011000100100100011> :  0.7225415E-09  0.1000000E-03           1
|0010110001011100001010111001110011> :  0.7065601E-09  0.1000000E-03           1
|1001001010011010110010001010011110> :  0.2463674E-08  0.1000000E-03           1
|0110110010101001101001010100100011> :  0.2678704E-06  0.1000000E-03           1
|1110110101101101001010000001100011> :  0.4914193E-09  0.1000000E-03           1
|0110111000101001111001001100110011> :  0.1278974E-06  0.1000000E-03           1
|0110111001101000101001010100110011> :  0.7455963E-08  0.1000000E-03           1
|1010111001101001001001001101100011> :  0.3253444E-07  0.1000000E-03           1
|0100111010111011111001000100100011> :  0.1053753E-08  0.1000000E-03           1
|1110111110100001111001000000000011> :  0.8551101E-06  0.1000000E-03           1
|0010110100000111110011011001001011> :  0.2769075E-08  0.1000000E-03           1
|1010110101000100101001001101101011> :  0.1462896E-08  0.1000000E-03           1
|0100111100100010110110100010001011> :  0.2420775E-08  0.1000000E-03           1
|0001000101011110100110111011010100> :  0.1552863E-07  0.1000000E-03           1
|0001010001001110001100111111110100> :  0.8833656E-08  0.1000000E-03           1
|0001011001001101001001011110110100> :  0.1103007E-07  0.1000000E-03           1
|0111011011011010001100110000010100> :  0.5071098E-09  0.1000000E-03           1
|0001000000011110100110011010011100> :  0.3860131E-06  0.1000000E-03           1
|1101000011101000000110110011111100> :  0.4675772E-07  0.1000000E-03           1
|1101000011101101000110100111111100> :  0.8400467E-08  0.1000000E-03           1
|1001000100010110010110111011001100> :  0.1094992E-06  0.1000000E-03           1
|0101001001001000100110111010111100> :  0.1875433E-09  0.1000000E-03           1
|1001001011010010100110110010011100> :  0.2752479E-07  0.1000000E-03           1
|0101001011111010100110110011001100> :  0.2188055E-08  0.1000000E-03           1
|0101001111010011000110100010001100> :  0.5156770E-08  0.1000000E-03           1
|1100001111110010100110100010011100> :  0.3302037E-05  0.1000000E-03           1
|0001010101011110100110011010011100> :  0.9688458E-08  0.1000000E-03           1
|0111011011011011100011010010111100> :  0.2948505E-08  0.1000000E-03           1
|0001111101011111100001011010001001> :  0.3220926E-08  0.1000000E-03           1
|1011000000101000111100101101110101> :  0.1842888E-07  0.1000000E-03           1
|1011000000101100111101001101010101> :  0.3642850E-07  0.1000000E-03           1
|1101000001101101001001001101100101> :  0.2528582E-06  0.1000000E-03           1
|0001001101010110000001111010001101> :  0.9382302E-05  0.1000000E-03           1
|1001000100100110000110101111000101> :  0.3073618E-07  0.1000000E-03           1
|1001000101010100110110101011000101> :  0.1164543E-06  0.1000000E-03           1
|0001000101010110000100111011000101> :  0.4490571E-06  0.1000000E-03           1
|1001000101010111011011001001000101> :  0.5358526E-08  0.1000000E-03           1
|1001000101110110000110101010010101> :  0.4273243E-07  0.1000000E-03           1
|0001000101110110000110101011000101> :  0.9436160E-05  0.1000000E-03           1
|1001000101111100001110100001000101> :  0.9858905E-08  0.1000000E-03           1
|1100000111111010000110100011000101> :  0.7831006E-06  0.1000000E-03           1
|1011001001001101001001011000110101> :  0.1245671E-08  0.1000000E-03           1
|1001001001001110011110101010110101> :  0.7293996E-07  0.1000000E-03           1
|0001001101010110000110110010000101> :  0.8498185E-06  0.1000000E-03           1
|0001001101110011010010101010010101> :  0.6343492E-09  0.1000000E-03           1
|0001001101110110110110100010010101> :  0.3015880E-07  0.1000000E-03           1
|0101001101111110000110111010010101> :  0.1877486E-07  0.1000000E-03           1
|1001001101111110001110101010100101> :  0.2574592E-07  0.1000000E-03           1
|0011010101011111001001011110010101> :  0.1351778E-07  0.1000000E-03           1
|0001010101110101010001001111100101> :  0.1141455E-07  0.1000000E-03           1
|0011010101111101000010111011000101> :  0.2109385E-07  0.1000000E-03           1
|0001011101010111100010011010000101> :  0.3790476E-06  0.1000000E-03           1
|1000100001001101001001011111100101> :  0.7697539E-06  0.1000000E-03           1
|1011100001001110001100111100110101> :  0.8334817E-07  0.1000000E-03           1
|1100100111100000111100100111100101> :  0.9959443E-09  0.1000000E-03           1
|1100110111111101000001000111100101> :  0.1082758E-11  0.1000000E-03           1
|0001111001011111001001011100010101> :  0.1053671E-06  0.1000000E-03           1
|1001000000000110110110101010001101> :  0.1508606E-05  0.1000000E-03           1
|0001000001000110000110111110001101> :  0.2885179E-06  0.1000000E-03           1
|1001000100010111110100101111001101> :  0.3612371E-06  0.1000000E-03           1
|1001000101000010010110111011001101> :  0.8158506E-06  0.1000000E-03           1
|1001000101000100000110101110111101> :  0.2605610E-06  0.1000000E-03           1
|1001000101000110010110101111001101> :  0.5965203E-04  0.1000000E-03           1
|0001000101001101000001011110101101> :  0.5253588E-08  0.1000000E-03           1
|0101000101010000000110110011001101> :  0.7950019E-05  0.1000000E-03           1
|0001000101010010000110110011001101> :  0.2573875E-04  0.1000000E-03           1
|0101000101010010000110110011001101> :  0.1070859E-04  0.1000000E-03           1
|0011000101010010000110111010001101> :  0.8147283E-07  0.1000000E-03           1
|0011000101010101001010011001001101> :  0.4151053E-07  0.1000000E-03           1
|0110111010111101101011010001110010> :  0.1106417E-05  0.1000000E-03           1
|1001000101010110000110111011001101> :  0.9010282E-05  0.1000000E-03           1
|0101000101010110000110111011011101> :  0.1321719E-05  0.1000000E-03           1
|0001000101010110001100111001001101> :  0.6963132E-05  0.1000000E-03           1
|0001000101010110001110111011001101> :  0.3821706E-06  0.1000000E-03           1
|1001000101010110010110101011001101> :  0.5560129E-04  0.1000000E-03           1
|1101000101010110110111001010001101> :  0.1075819E-08  0.1000000E-03           1
|0001001101010100000110111011011101> :  0.1099367E-04  0.1000000E-03           1
|0001000111010010000110110010001101> :  0.1791488E-05  0.1000000E-03           1
|0011001101010100000110111000001101> :  0.8782085E-05  0.1000000E-03           1
|1101000111111010000110100011001101> :  0.1753637E-05  0.1000000E-03           1
|0001001000011110101110111010011101> :  0.5436858E-07  0.1000000E-03           1
|0001001001010110000100111010001101> :  0.4577238E-06  0.1000000E-03           1
|0001001100010000111101011111001101> :  0.7057217E-09  0.1000000E-03           1
|0001001100010110100110011000001101> :  0.2371964E-06  0.1000000E-03           1
|0001001100010111100110111010001101> :  0.1110100E-04  0.1000000E-03           1
|1001001100011010100110111010011101> :  0.8329885E-08  0.1000000E-03           1
|0001001100011110110110011010011101> :  0.3828240E-06  0.1000000E-03           1
|0001001101000110000100111110001101> :  0.1045445E-04  0.1000000E-03           1
|0001001101000110001100111110001101> :  0.1390968E-05  0.1000000E-03           1
|1001001101000111110110101010001101> :  0.2298958E-06  0.1000000E-03           1
|0001001101010010000100111110011101> :  0.8504956E-06  0.1000000E-03           1
|1001001101010010110110100010001101> :  0.1098862E-06  0.1000000E-03           1
|0110111010111011101001010000010010> :  0.2928596E-04  0.1000000E-03           1
|0000111101010100000110111001001001> :  0.8039425E-07  0.1000000E-03           1
|0011110101010111011001111101010001> :  0.1212745E-08  0.1000000E-03           1
|0001001101010110000101111110001101> :  0.8822410E-05  0.1000000E-03           1
|0111010101111111001001110001000001> :  0.1124019E-08  0.1000000E-03           1
|0001001101010110001100111000001101> :  0.7158242E-05  0.1000000E-03           1
|0001001101010110010110111010001101> :  0.4251091E-05  0.1000000E-03           1
|0001001101010110100110111010001101> :  0.3666724E-05  0.1000000E-03           1
|0001001101011000000110111010101101> :  0.1077840E-05  0.1000000E-03           1
|1101001101110011010011101011001101> :  0.6087753E-08  0.1000000E-03           1
|1011001101110101000110101011001101> :  0.9405769E-08  0.1000000E-03           1
|1111001110110011110110000000001101> :  0.1164137E-08  0.1000000E-03           1
|0111001111010000001110110001001101> :  0.1648218E-07  0.1000000E-03           1
|0110111011001001001001110001101000> :  0.5658439E-09  0.1000000E-03           1
|0011010001010100100110111011111101> :  0.4108992E-08  0.1000000E-03           1
|0001010011000101000001010111111101> :  0.6042827E-08  0.1000000E-03           1
|0001010100000100010101111111101101> :  0.2004848E-07  0.1000000E-03           1
|0011010100000101111000011101001101> :  0.3059801E-08  0.1000000E-03           1
|0001010101010111000010111011001101> :  0.1549512E-03  0.1000000E-03           1
|0001010101010111000011011011001101> :  0.9990048E-04  0.1000000E-03           1
|0001010110010110101001011111001101> :  0.5466513E-08  0.1000000E-03           1
|1001011100000101010010101011101101> :  0.4856378E-07  0.1000000E-03           1
|0001011101000111010010111110001101> :  0.9330881E-07  0.1000000E-03           1
|0001011101010110100100111110001101> :  0.7415788E-06  0.1000000E-03           1
|0001011101010111000010111010001101> :  0.1562691E-03  0.1000000E-03           1
|0011011101010111010011001011001101> :  0.5540498E-08  0.1000000E-03           1
|1001011101110111000010101010001101> :  0.2206047E-05  0.1000000E-03           1
|1000100101000110001100111111001101> :  0.6952625E-08  0.1000000E-03           1
|0011111101010101001001111000001101> :  0.1993665E-08  0.1000000E-03           1
|0001111111010010000110111000001101> :  0.1054969E-07  0.1000000E-03           1
|1100000010100001111001000100110110> :  0.2156341E-07  0.1000000E-03           1
|1001000010100101111001000111100110> :  0.5973955E-08  0.1000000E-03           1
|1101000010101010110100000110110110> :  0.1059545E-06  0.1000000E-03           1
|1110000010101011111001000101110110> :  0.3011881E-05  0.1000000E-03           1
|1000000010101110010110100010110110> :  0.3076902E-08  0.1000000E-03           1
|1100000011001110000110111110010110> :  0.2424976E-09  0.1000000E-03           1
|1100000011101001101001000101110110> :  0.3470752E-07  0.1000000E-03           1
|1100000011101110100110100010110110> :  0.1439208E-07  0.1000000E-03           1
|0101000011111011001001110110010110> :  0.3421539E-08  0.1000000E-03           1
|1110000111100011011001000100010110> :  0.5139956E-08  0.1000000E-03           1
|1001001010101110110110101110110110> :  0.1379902E-07  0.1000000E-03           1
|1101001010111011000001000010010110> :  0.4263264E-08  0.1000000E-03           1
|1001001011111111000111000010010110> :  0.3316730E-08  0.1000000E-03           1
|1000001110110110111110101010000110> :  0.5512000E-09  0.1000000E-03           1
|1110010010101001110001000111110110> :  0.3419050E-05  0.1000000E-03           1
|1101010010101011111001000111110110> :  0.1131978E-05  0.1000000E-03           1
|0100010110111011111001000110010110> :  0.1133656E-06  0.1000000E-03           1
|1100011010100001110011000010110110> :  0.3930601E-06  0.1000000E-03           1
|0110100010101000101100010101110110> :  0.1706373E-05  0.1000000E-03           1
|1101100010101000111101000101110110> :  0.2316947E-06  0.1000000E-03           1
|1001101000001010111100101100110110> :  0.1307613E-10  0.1000000E-03           1
|1100101010101010101100010110010110> :  0.2046620E-07  0.1000000E-03           1
|1100101010101011111001000101100110> :  0.1962746E-06  0.1000000E-03           1
|1100101010101110111101000110110110> :  0.5813631E-07  0.1000000E-03           1
|1100111010101001111001000110110110> :  0.1146508E-04  0.1000000E-03           1
|1100111010101001111001000111110110> :  0.1954697E-05  0.1000000E-03           1
|0100111110111010111101000000010110> :  0.1690117E-07  0.1000000E-03           1
|1101000000100100110110100111111110> :  0.4076986E-07  0.1000000E-03           1
|1001000010000110010110101010111110> :  0.4942663E-07  0.1000000E-03           1
|1100000010100011010010000110111110> :  0.3552633E-08  0.1000000E-03           1
|1001000010100110010110100011101110> :  0.3700832E-08  0.1000000E-03           1
|1110000010101000111101100101111110> :  0.2328335E-07  0.1000000E-03           1
|1100000010101010111101000110111110> :  0.4738045E-06  0.1000000E-03           1
|1001000100000110111100111111011110> :  0.5063330E-08  0.1000000E-03           1
|1100000100100110110110100110001110> :  0.2622796E-06  0.1000000E-03           1
|0100000100110110110110101010011110> :  0.9178778E-07  0.1000000E-03           1
|0001000101010110000110111011011110> :  0.7679154E-05  0.1000000E-03           1
|0001000110010010010110111011001110> :  0.4286984E-06  0.1000000E-03           1
|1100000110010010110111010010001110> :  0.2038123E-08  0.1000000E-03           1
|1100000110100000011100100111101110> :  0.6036317E-08  0.1000000E-03           1
|1100000110100000110101100111001110> :  0.3562721E-08  0.1000000E-03           1
|1001000110100101110101000111111110> :  0.6047119E-08  0.1000000E-03           1
|1100000110100101110110000011101110> :  0.4322755E-08  0.1000000E-03           1
|1100000110110110110110100011011110> :  0.2830639E-05  0.1000000E-03           1
|1100001000100010010100101110111110> :  0.2181598E-08  0.1000000E-03           1
|1100001010001010101111011010111110> :  0.3035243E-09  0.1000000E-03           1
|1010110010101101011001000101110000> :  0.8819387E-07  0.1000000E-03           1
|1100001010100010110110100010111110> :  0.1631089E-04  0.1000000E-03           1
|1100001011001011000110110010001110> :  0.2772332E-08  0.1000000E-03           1
|0101001011010011000110111010011110> :  0.2278746E-07  0.1000000E-03           1
|1101001011011011000010101010011110> :  0.7409474E-09  0.1000000E-03           1
|0100001011110011110011000010011110> :  0.7817878E-08  0.1000000E-03           1
|0100001100010010000110111010001110> :  0.1783327E-05  0.1000000E-03           1
|0000001100010010110110011010001110> :  0.8018682E-07  0.1000000E-03           1
|0001001100010110000110111010001110> :  0.1090171E-04  0.1000000E-03           1
|0001001110010010110111111000011110> :  0.8279673E-08  0.1000000E-03           1
|0001001110010100010110111010111110> :  0.6507568E-09  0.1000000E-03           1
|1101001110100010111110100110001110> :  0.1239945E-07  0.1000000E-03           1
|1110001110100011110011000010011110> :  0.6161055E-07  0.1000000E-03           1
|1110100010101000101101100101110000> :  0.1394926E-06  0.1000000E-03           1
|1110001110110010111110100000011110> :  0.3289863E-05  0.1000000E-03           1
|0001010000000101111011011111111110> :  0.2536060E-08  0.1000000E-03           1
|0100010100110110110110100011001110> :  0.1407484E-07  0.1000000E-03           1
|0001011010011111010010111010111110> :  0.1691527E-08  0.1000000E-03           1
|1100011010100001110011000011111110> :  0.3108953E-05  0.1000000E-03           1
|0001011011010010000110111011011110> :  0.4034594E-09  0.1000000E-03           1
|1100011110110011110010100010011110> :  0.3720064E-05  0.1000000E-03           1
|0100011111110011010101000010011110> :  0.2371393E-08  0.1000000E-03           1
|1100100010100001110001000101111110> :  0.3849878E-06  0.1000000E-03           1
|1000100100010110010110101011001110> :  0.2690542E-06  0.1000000E-03           1
|0000100100010110010110111011001110> :  0.4270689E-06  0.1000000E-03           1
|0000101101010110100110111010011110> :  0.1728303E-06  0.1000000E-03           1
|0100111110010011110110011010011110> :  0.7739403E-08  0.1000000E-03           1
|1100001010101010110110100010000111> :  0.3612802E-06  0.1000000E-03           1
|0010000000011100100010111101001111> :  0.3617226E-12  0.1000000E-03           1
|1001000100010110010110111010011111> :  0.1667995E-06  0.1000000E-03           1
|1001001100000110010110111010011111> :  0.8364212E-08  0.1000000E-03           1
|0100001101010110000110111010001111> :  0.8137754E-05  0.1000000E-03           1
|1001010000000100110001101111111111> :  0.3782421E-08  0.1000000E-03           1
|0001010100010111100010111011001111> :  0.2927998E-05  0.1000000E-03           1
|0101011100010010110011001010001111> :  0.9853655E-08  0.1000000E-03           1
|0000111101010111000001011011001111> :  0.4811485E-08  0.1000000E-03           1
|0011011011011011001010110000010000> :  0.3725486E-08  0.1000000E-03           1
