# state, exact probability, frequency, count:
#------------------------------------------------------------------
|001101011100010101110010110010> :  0.1726542E+00  0.1694000E+00        1694
|110010100011101010001101001101> :  0.1726542E+00  0.1682000E+00        1682
|001101001100010101110110110010> :  0.1216900E+00  0.1225000E+00        1225
|110010110011101010001001001101> :  0.1216900E+00  0.1211000E+00        1211
|110010100011001011001101001101> :  0.9704199E-01  0.9810000E-01         981
|001101011100110100110010110010> :  0.9704199E-01  0.9730000E-01         973
|110010110011101010001000101101> :  0.3817212E-01  0.3790000E-01         379
|001101001100010101110111010010> :  0.3817212E-01  0.3750000E-01         375
|100010100011001011001101101101> :  0.2309412E-01  0.2550000E-01         255
|011101011100110100110010010010> :  0.2309412E-01  0.2470000E-01         247
|000101011001110100110010110010> :  0.7365349E-02  0.9600000E-02          96
|111010100110001011001101001101> :  0.7365349E-02  0.7800000E-02          78
|011101011001100100110010010010> :  0.3992883E-02  0.5800000E-02          58
|100010100110011011001101101101> :  0.3992883E-02  0.4000000E-02          40
|011101011000110100110010010010> :  0.9807988E-03  0.2400000E-02          24
|011101001100110100110111010010> :  0.2697550E-02  0.2400000E-02          24
|100010110011001011001000101101> :  0.2697550E-02  0.2400000E-02          24
|101010100110011011001101001101> :  0.2509309E-02  0.2200000E-02          22
|100110100101001011001101100101> :  0.1993876E-02  0.2200000E-02          22
|110110100101001011001101000101> :  0.2435602E-02  0.2200000E-02          22
|011001011010110100110010011010> :  0.1993876E-02  0.2100000E-02          21
|001001011010110100110010111010> :  0.2435602E-02  0.2100000E-02          21
|010101011001100100110010110010> :  0.2509309E-02  0.1900000E-02          19
|110010110011101010001100101101> :  0.1295976E-02  0.1800000E-02          18
|001101001100010101110011010010> :  0.1295976E-02  0.1700000E-02          17
|110010100011101010001101101101> :  0.1152866E-02  0.1500000E-02          15
|110110101101001011001101000100> :  0.8285008E-03  0.1500000E-02          15
|000001011011110100110010111010> :  0.1357471E-02  0.1500000E-02          15
|111010100011001011001101001101> :  0.1059102E-02  0.1400000E-02          14
|001101011000110100110010110010> :  0.1464973E-02  0.1100000E-02          11
|011101011100100100110010010010> :  0.9569897E-03  0.1100000E-02          11
|111110100100001011001101000101> :  0.1357471E-02  0.1100000E-02          11
|001101011100010101110010010010> :  0.1152866E-02  0.1000000E-02          10
|100110100100011011001101100101> :  0.8649190E-03  0.9000000E-03           9
|100010100111001011001101101101> :  0.9807988E-03  0.9000000E-03           9
|001001010010110100110010111011> :  0.8285008E-03  0.9000000E-03           9
|101110100100011011001101000101> :  0.7463162E-03  0.9000000E-03           9
|100010110011101010001000101101> :  0.7830434E-03  0.8000000E-03           8
|100110101101001011001101100100> :  0.6450666E-03  0.8000000E-03           8
|001101001100011101110110110010> :  0.6425673E-03  0.8000000E-03           8
|001101011100110100110110110010> :  0.7607457E-03  0.8000000E-03           8
|110010100111001011001101001101> :  0.1464973E-02  0.7000000E-03           7
|010001011011100100110010111010> :  0.7463162E-03  0.7000000E-03           7
|100010100011011011001101101101> :  0.9569897E-03  0.7000000E-03           7
|011101011100010100110010010010> :  0.6243158E-03  0.7000000E-03           7
|001101001100110101110110110010> :  0.4394978E-03  0.7000000E-03           7
|001101001100010101110010110010> :  0.4544238E-03  0.6000000E-03           6
|110010110011100010001001001101> :  0.6425673E-03  0.6000000E-03           6
|011101001100010101110111010010> :  0.7830434E-03  0.6000000E-03           6
|011001011011100100110010011010> :  0.8649190E-03  0.6000000E-03           6
|010001010011100100110010111011> :  0.3494280E-03  0.5000000E-03           5
|100010100111001011001101100101> :  0.2140234E-03  0.5000000E-03           5
|100010100011101011001101101101> :  0.6243158E-03  0.5000000E-03           5
|111110101100001011001101000100> :  0.4607731E-03  0.5000000E-03           5
|110010110011001010001001001101> :  0.4394978E-03  0.5000000E-03           5
|110010110011101010001101001101> :  0.4544238E-03  0.5000000E-03           5
|110010110011101010001000001101> :  0.2125319E-03  0.5000000E-03           5
|011001010010110100110010011011> :  0.6450666E-03  0.5000000E-03           5
|110010100001101010001101001101> :  0.2279067E-03  0.5000000E-03           5
|000001010011110100110010111011> :  0.4607731E-03  0.5000000E-03           5
|000101011100110100110010110010> :  0.1059102E-02  0.4000000E-03           4
|011001010011100100110010011011> :  0.3336348E-03  0.4000000E-03           4
|001101011100010101110110110010> :  0.4508995E-03  0.4000000E-03           4
|110010100011100010001101001101> :  0.3345732E-03  0.4000000E-03           4
|110010100011001011001101101101> :  0.3471396E-03  0.4000000E-03           4
|110010100011001011001001001101> :  0.7607457E-03  0.4000000E-03           4
|001101001100010101110111110010> :  0.2125319E-03  0.3000000E-03           3
|001101101100011101110100100010> :  0.1464774E-03  0.3000000E-03           3
|001101011110010101110010110010> :  0.2279067E-03  0.3000000E-03           3
|001001011110110100110010110010> :  0.1660082E-03  0.3000000E-03           3
|001101011100110100110010010010> :  0.3471396E-03  0.3000000E-03           3
|100010100100011011001101101101> :  0.9628046E-04  0.3000000E-03           3
|100010100011001011001100101101> :  0.3063903E-03  0.3000000E-03           3
|110010110011101010001010101101> :  0.2355632E-03  0.3000000E-03           3
|001101011000110100110010111010> :  0.2537359E-03  0.3000000E-03           3
|110010110011100010001000101101> :  0.2938595E-03  0.3000000E-03           3
|001101011100010100110010110010> :  0.9479969E-04  0.3000000E-03           3
|101010100100011011001101001101> :  0.9223586E-04  0.2000000E-03           2
|001101101100011101110101000010> :  0.2249825E-03  0.2000000E-03           2
|101110101100011011001101000100> :  0.3494280E-03  0.2000000E-03           2
|101010100110011011001101000101> :  0.7016388E-04  0.2000000E-03           2
|001101011100110101110010110010> :  0.1142468E-03  0.2000000E-03           2
|110010010011100010001010111101> :  0.2249825E-03  0.2000000E-03           2
|000101011011110100110010110010> :  0.1694672E-03  0.2000000E-03           2
|011101011010110100110010010010> :  0.1234614E-03  0.2000000E-03           2
|110010110011101010001011001101> :  0.1888354E-03  0.2000000E-03           2
|011101011000110100110010011010> :  0.2140234E-03  0.2000000E-03           2
|110010110011101010001001101101> :  0.1611631E-03  0.2000000E-03           2
|001101011010110100110010110010> :  0.1430862E-03  0.2000000E-03           2
|011001011110110100110010010010> :  0.1092026E-03  0.2000000E-03           2
|000101011100010101110010110010> :  0.1480328E-03  0.2000000E-03           2
|111010100110001011001001001101> :  0.2628365E-04  0.2000000E-03           2
|111010100011101010001101001101> :  0.1480328E-03  0.2000000E-03           2
|110010100011101010001001001101> :  0.4508995E-03  0.2000000E-03           2
|010101011001100100110010111010> :  0.7016388E-04  0.2000000E-03           2
|110010100001001011001101001101> :  0.2824440E-03  0.2000000E-03           2
|000101001100010101110110110010> :  0.1139759E-03  0.2000000E-03           2
|001101001100011101110111010010> :  0.2938595E-03  0.2000000E-03           2
|111000110011100010001001001111> :  0.8169531E-04  0.2000000E-03           2
|010011111011101100100001001000> :  0.6685392E-08  0.1000000E-03           1
|110000100011101010001101001001> :  0.4675905E-06  0.1000000E-03           1
|010010100110011010001101001101> :  0.1172973E-07  0.1000000E-03           1
|101111111100110100100010110010> :  0.1423164E-05  0.1000000E-03           1
|101100111100010111100010100010> :  0.3582746E-05  0.1000000E-03           1
|001001100011100100110101001011> :  0.7942537E-09  0.1000000E-03           1
|001111001100000101110110110010> :  0.4920075E-06  0.1000000E-03           1
|101100101100010001100100110010> :  0.7645532E-06  0.1000000E-03           1
|001101111110111100110100100010> :  0.2118204E-06  0.1000000E-03           1
|100110101111010001001101110100> :  0.4491187E-08  0.1000000E-03           1
|000101011100000101010010110010> :  0.8611959E-07  0.1000000E-03           1
|100110101100011011101101100000> :  0.5749182E-04  0.1000000E-03           1
|100110101100011011001101100100> :  0.3336348E-03  0.1000000E-03           1
|001101101100010101110100110010> :  0.2782521E-04  0.1000000E-03           1
|100110100100101010001101000101> :  0.2042868E-07  0.1000000E-03           1
|001101011110110100110010110010> :  0.2824440E-03  0.1000000E-03           1
|001101001100010101110110010010> :  0.1611631E-03  0.1000000E-03           1
|101100101100011001100011010010> :  0.9627299E-09  0.1000000E-03           1
|101100101100011011101101000010> :  0.5048644E-05  0.1000000E-03           1
|100110100001001011001101101101> :  0.1092026E-03  0.1000000E-03           1
|001101001100010101110101010010> :  0.2355632E-03  0.1000000E-03           1
|100010100111100011001101100101> :  0.6420905E-06  0.1000000E-03           1
|001101001100010101110100110010> :  0.1888354E-03  0.1000000E-03           1
|100010100110011011001101100101> :  0.8660473E-04  0.1000000E-03           1
|110000100011101010001101001101> :  0.1343603E-05  0.1000000E-03           1
|110010000011101000001101011101> :  0.2331983E-05  0.1000000E-03           1
|100010100101001011001101101101> :  0.1234614E-03  0.1000000E-03           1
|001101011100011101110010110010> :  0.3345732E-03  0.1000000E-03           1
|000101001001110101110110110010> :  0.2500380E-04  0.1000000E-03           1
|111111111000111100100100000000> :  0.3933066E-09  0.1000000E-03           1
|111101101001001001110101001010> :  0.1667119E-08  0.1000000E-03           1
|001101011100011101110010110000> :  0.1091666E-04  0.1000000E-03           1
|100010100011001011001101001101> :  0.6214856E-04  0.1000000E-03           1
|111010110011111010001100101101> :  0.1147739E-06  0.1000000E-03           1
|111010110010101010001001101101> :  0.1930182E-05  0.1000000E-03           1
|100010100011000001001101101101> :  0.2194383E-06  0.1000000E-03           1
|111010100100001011001101001101> :  0.1694672E-03  0.1000000E-03           1
|011101101110110100110111010010> :  0.5862296E-07  0.1000000E-03           1
|011101011100110100110110010010> :  0.1590861E-03  0.1000000E-03           1
|111000110010101010001001101101> :  0.1039046E-05  0.1000000E-03           1
|011101011100110100110011010010> :  0.3063903E-03  0.1000000E-03           1
|001101001100010101100110010011> :  0.3000492E-08  0.1000000E-03           1
|001001000100010111110110110011> :  0.6452433E-06  0.1000000E-03           1
|111000100010010011101101001011> :  0.2182203E-07  0.1000000E-03           1
|110110111011101010001000101100> :  0.5850961E-06  0.1000000E-03           1
|001101011100010100110110110010> :  0.6973172E-06  0.1000000E-03           1
|110110110001101110100011100100> :  0.1145281E-08  0.1000000E-03           1
|110110101011101010001001001100> :  0.5083614E-07  0.1000000E-03           1
|001101001100010001110111010010> :  0.1702064E-03  0.1000000E-03           1
|110110101011001011001101000101> :  0.1971895E-05  0.1000000E-03           1
|110110100001001011001101001101> :  0.1660082E-03  0.1000000E-03           1
|011101011000110100110110010010> :  0.8428630E-05  0.1000000E-03           1
|110011110010100100100000111010> :  0.7174767E-09  0.1000000E-03           1
|110011100011101100000101001101> :  0.8383981E-06  0.1000000E-03           1
|110010110011101110001000101101> :  0.1702064E-03  0.1000000E-03           1
|110010110011101010100000001001> :  0.1199792E-06  0.1000000E-03           1
|001101001000010101110111010011> :  0.4924635E-06  0.1000000E-03           1
|011101001100111100110110110010> :  0.2183387E-05  0.1000000E-03           1
|110010110011101010001000100100> :  0.2538147E-06  0.1000000E-03           1
|011101001001100100110111010010> :  0.2075819E-04  0.1000000E-03           1
|001101011000110100110010010010> :  0.8458541E-07  0.1000000E-03           1
|001101000110010101110100110110> :  0.4190379E-09  0.1000000E-03           1
|011101001000110100110111010010> :  0.8081860E-05  0.1000000E-03           1
|011100011001001110110010000100> :  0.1135169E-08  0.1000000E-03           1
|110110100011101000001101001101> :  0.1760038E-05  0.1000000E-03           1
|001101011000011100110010110000> :  0.4061293E-06  0.1000000E-03           1
|110010110010111110001000100101> :  0.1412629E-08  0.1000000E-03           1
|110010101101011001101101111001> :  0.2337019E-12  0.1000000E-03           1
|110010100111000010001101001101> :  0.2913536E-05  0.1000000E-03           1
|001101010100110110110010111011> :  0.2358996E-05  0.1000000E-03           1
|110110111011001010001101000100> :  0.2145981E-07  0.1000000E-03           1
|001100011100010101110011110010> :  0.1395116E-05  0.1000000E-03           1
|111000010010110010011010010011> :  0.1221891E-07  0.1000000E-03           1
|110010100101001011001101001101> :  0.1430862E-03  0.1000000E-03           1
|111000100011100010010001001101> :  0.7067286E-09  0.1000000E-03           1
|110010100011101011001101001101> :  0.9479969E-04  0.1000000E-03           1
|110010100011101010101101001010> :  0.8088145E-06  0.1000000E-03           1
|111010100001100110001100101101> :  0.1538144E-08  0.1000000E-03           1
|001101010100010101111010110010> :  0.1271676E-05  0.1000000E-03           1
|011001010011100100010010011111> :  0.5749182E-04  0.1000000E-03           1
|110010100011100010101001111011> :  0.3365288E-08  0.1000000E-03           1
|001100000100010011111011011010> :  0.3362958E-08  0.1000000E-03           1
|011000010001100010011011010111> :  0.6098116E-08  0.1000000E-03           1
|110010100011001010001101001101> :  0.1142468E-03  0.1000000E-03           1
|001101001100110000110011110010> :  0.1997336E-05  0.1000000E-03           1
|111011111110001000001001001101> :  0.3455545E-07  0.1000000E-03           1
|111101011100110100010010010110> :  0.8631391E-08  0.1000000E-03           1
|110010010011101010001011001101> :  0.2782521E-04  0.1000000E-03           1
|110010010011100010001011011101> :  0.1464774E-03  0.1000000E-03           1
|010101001101100100110110010100> :  0.7264847E-08  0.1000000E-03           1
|001011110110011111000010001101> :  0.6163619E-08  0.1000000E-03           1
|000101011100000101110010110100> :  0.6059440E-06  0.1000000E-03           1
