# state, exact probability, frequency, count:
#------------------------------------------------------------------
|0000110011110010110110100> :  0.3068428E+00  0.3060000E+00        3060
|1111001100001101001001011> :  0.3068428E+00  0.3008000E+00        3008
|1110101011010100000011010> :  0.2736169E-01  0.3020000E-01         302
|0110101011010100000011010> :  0.2696741E-01  0.2900000E-01         290
|0111110110011000101100010> :  0.2334108E-01  0.2720000E-01         272
|0001010100101011111100101> :  0.2736169E-01  0.2560000E-01         256
|1000001001100111010011101> :  0.2334108E-01  0.2530000E-01         253
|1001010100101011111100101> :  0.2696741E-01  0.2500000E-01         250
|1111001100001101001001010> :  0.1802206E-01  0.1870000E-01         187
|1110001100001101001001011> :  0.1741928E-01  0.1830000E-01         183
|0001110011110010110110100> :  0.1741928E-01  0.1730000E-01         173
|0000110011110010110110101> :  0.1802206E-01  0.1570000E-01         157
|1001001001100011110011101> :  0.1606269E-01  0.1420000E-01         142
|0110110110011100001100010> :  0.1606269E-01  0.1390000E-01         139
|1001010100101001111100101> :  0.1027549E-01  0.1220000E-01         122
|0111110110011100001100010> :  0.1169074E-01  0.1220000E-01         122
|1000001001100011110011101> :  0.1169074E-01  0.1160000E-01         116
|0000100001110011110111101> :  0.8073981E-02  0.1010000E-01         101
|0110101011010110000011010> :  0.1027549E-01  0.9800000E-02          98
|1111011110001100001000010> :  0.8073981E-02  0.8600000E-02          86
|0000110011110010110111100> :  0.5976977E-02  0.5900000E-02          59
|0001110001110010110110101> :  0.6015449E-02  0.5400000E-02          54
|1110001110001101001001010> :  0.6015449E-02  0.5200000E-02          52
|1111001100001101001000011> :  0.5976977E-02  0.5100000E-02          51
|1111001100001111000001011> :  0.2388216E-02  0.3500000E-02          35
|0001110011110010110110101> :  0.2334163E-02  0.3200000E-02          32
|0000110011110010111110100> :  0.2827682E-02  0.2600000E-02          26
|1110001100001101001001010> :  0.2334163E-02  0.2500000E-02          25
|1111001100001101000001011> :  0.2827682E-02  0.2400000E-02          24
|0001110111110010110100100> :  0.1223801E-02  0.1700000E-02          17
|0000110111110010110110100> :  0.1452820E-02  0.1600000E-02          16
|1111001000001101001001011> :  0.1452820E-02  0.1500000E-02          15
|0000110011110000111110100> :  0.2388216E-02  0.1300000E-02          13
|0000110011110010110111101> :  0.5357459E-03  0.1200000E-02          12
|1110001000001101001011011> :  0.1223801E-02  0.1200000E-02          12
|0000110001110010111110100> :  0.1057153E-02  0.1100000E-02          11
|0001010101100011111100101> :  0.8370314E-03  0.1000000E-02          10
|1111001110001101000001011> :  0.1057153E-02  0.1000000E-02          10
|0000110111110000111100110> :  0.8812579E-03  0.1000000E-02          10
|1110001000001101000011011> :  0.5146285E-03  0.9000000E-03           9
|1110101010011100000011010> :  0.8370314E-03  0.8000000E-03           8
|1111001100001101001000010> :  0.5357459E-03  0.7000000E-03           7
|0000110011110010110010100> :  0.4434385E-03  0.6000000E-03           6
|1111001000001111000011001> :  0.8812579E-03  0.6000000E-03           6
|1111001100001101001101011> :  0.4434385E-03  0.5000000E-03           5
|0001110111110010111100100> :  0.5146285E-03  0.4000000E-03           4
|1111001100001101001100011> :  0.2494948E-03  0.4000000E-03           4
|1001000001100011110111101> :  0.1978502E-03  0.3000000E-03           3
|1111001110001101001000010> :  0.3232868E-03  0.3000000E-03           3
|0000110001110010110111101> :  0.3232868E-03  0.3000000E-03           3
|0000101001100011110011101> :  0.7263762E-04  0.3000000E-03           3
|0110011110011100001100010> :  0.8096936E-04  0.3000000E-03           3
|0110111110010100001100010> :  0.7337572E-04  0.3000000E-03           3
|1001000001101011110011101> :  0.7337572E-04  0.2000000E-03           2
|0001110101110010111100100> :  0.1131715E-03  0.2000000E-03           2
|0000110011110010110011100> :  0.2494948E-03  0.2000000E-03           2
|1111001000001111000001011> :  0.2640657E-03  0.2000000E-03           2
|0001110101100011110100101> :  0.5285962E-04  0.2000000E-03           2
|1110001010001101000011011> :  0.1131715E-03  0.2000000E-03           2
|0000101001110011110011101> :  0.7221962E-04  0.2000000E-03           2
|0100000011110110011101100> :  0.3137460E-08  0.1000000E-03           1
|1101011100101111101000101> :  0.2955625E-08  0.1000000E-03           1
|0011111011101010100001001> :  0.2822060E-09  0.1000000E-03           1
|0011111010100010000111100> :  0.3299239E-09  0.1000000E-03           1
|1100100010111000110010001> :  0.1250459E-07  0.1000000E-03           1
|0011110111010010110111100> :  0.2808271E-06  0.1000000E-03           1
|0000110011110010110011101> :  0.1446409E-04  0.1000000E-03           1
|0011101110001001001110001> :  0.1807776E-08  0.1000000E-03           1
|0011101000001010101011001> :  0.1847125E-08  0.1000000E-03           1
|0001010011110010100110100> :  0.1198694E-04  0.1000000E-03           1
|0011100000110110111100100> :  0.2992426E-09  0.1000000E-03           1
|1010101010001110010011100> :  0.1862763E-08  0.1000000E-03           1
|1010100101111100001011011> :  0.4612227E-08  0.1000000E-03           1
|0011011010111000011111010> :  0.3443070E-08  0.1000000E-03           1
|0001001010101101101001010> :  0.1523612E-08  0.1000000E-03           1
|0011010101010011110110000> :  0.4480354E-07  0.1000000E-03           1
|0011010000101011111100101> :  0.6660213E-06  0.1000000E-03           1
|0001000110100011101100101> :  0.2211620E-08  0.1000000E-03           1
|0010111001100101011100100> :  0.9004034E-09  0.1000000E-03           1
|1001010100101001111100111> :  0.4541231E-05  0.1000000E-03           1
|0010110011110010110100000> :  0.7133923E-05  0.1000000E-03           1
|0001000011010010110111110> :  0.2159036E-08  0.1000000E-03           1
|0010010110111001110000110> :  0.9296802E-10  0.1000000E-03           1
|0010010011110010100110100> :  0.6131888E-04  0.1000000E-03           1
|0000111011101010110111101> :  0.3805650E-07  0.1000000E-03           1
|1001000010111101111110001> :  0.3720674E-08  0.1000000E-03           1
|0010010010011100110111111> :  0.3292118E-08  0.1000000E-03           1
|0010010001111100101111101> :  0.5350293E-09  0.1000000E-03           1
|0000100100001101111011101> :  0.1814120E-08  0.1000000E-03           1
|0000011010101010010011110> :  0.1013150E-08  0.1000000E-03           1
|1000101011100010111001101> :  0.1942969E-07  0.1000000E-03           1
|1000100001110011110011101> :  0.5322026E-05  0.1000000E-03           1
|1000100001110001110001101> :  0.3893222E-07  0.1000000E-03           1
|1000100001100111110011101> :  0.6693607E-05  0.1000000E-03           1
|0001110111110010110110100> :  0.7772867E-04  0.1000000E-03           1
|0000110111110000111110100> :  0.2640657E-03  0.1000000E-03           1
|1000011101111011011100010> :  0.3109567E-08  0.1000000E-03           1
|1001001001000011110011101> :  0.2523927E-07  0.1000000E-03           1
|1111111110011100001000010> :  0.7637105E-08  0.1000000E-03           1
|1001001011111010111010010> :  0.4039371E-08  0.1000000E-03           1
|1001010001100101101001101> :  0.2067907E-08  0.1000000E-03           1
|1001010001101111001011001> :  0.4599220E-09  0.1000000E-03           1
|1111101100010010100101011> :  0.3151289E-08  0.1000000E-03           1
|1111101100001101001001010> :  0.5820391E-07  0.1000000E-03           1
|1111100000001100011111001> :  0.5844492E-08  0.1000000E-03           1
|1001010101111111110100100> :  0.7305093E-09  0.1000000E-03           1
|1001100001100011110011101> :  0.8096936E-04  0.1000000E-03           1
|1010000000000101000111011> :  0.1765817E-08  0.1000000E-03           1
|1010011100001011001011000> :  0.1733894E-06  0.1000000E-03           1
|1010100001000011111110001> :  0.5377805E-08  0.1000000E-03           1
|1111010110011100001100010> :  0.7263762E-04  0.1000000E-03           1
|0111110110011000001100010> :  0.1059077E-04  0.1000000E-03           1
|1010101100011101010011010> :  0.6374609E-08  0.1000000E-03           1
|1011001100001001000001011> :  0.3369020E-05  0.1000000E-03           1
|1011001100111100000001011> :  0.4360996E-07  0.1000000E-03           1
|1011001101100011110011101> :  0.9181297E-06  0.1000000E-03           1
|1011101000101101000001011> :  0.1657097E-05  0.1000000E-03           1
|1100010001101101100011001> :  0.2137063E-08  0.1000000E-03           1
|0111011011010010110101011> :  0.8537408E-08  0.1000000E-03           1
|1100100111010100000011010> :  0.1312235E-03  0.1000000E-03           1
|1100111111100110000000110> :  0.1866849E-08  0.1000000E-03           1
|1101000111011111110110000> :  0.3370363E-08  0.1000000E-03           1
|0111001000000111101100111> :  0.1975738E-09  0.1000000E-03           1
|1101101010001011010001011> :  0.3236458E-08  0.1000000E-03           1
|1101101100001101011001001> :  0.7025054E-05  0.1000000E-03           1
|1101101101001101011001001> :  0.6992785E-05  0.1000000E-03           1
|0000110111110000101110100> :  0.2018059E-03  0.1000000E-03           1
|1111001100011111000001110> :  0.3077257E-05  0.1000000E-03           1
|1111001100001111001001010> :  0.5229646E-04  0.1000000E-03           1
|0110111101000001111100110> :  0.4681030E-08  0.1000000E-03           1
|0110111100010111001101000> :  0.1201336E-08  0.1000000E-03           1
|0001110011101010100011000> :  0.1852077E-06  0.1000000E-03           1
|0110110000001000100111101> :  0.4001122E-09  0.1000000E-03           1
|0110101110111110010000010> :  0.1707973E-09  0.1000000E-03           1
|0001110001110010110111101> :  0.6524483E-04  0.1000000E-03           1
|1111001000001111010001011> :  0.2018059E-03  0.1000000E-03           1
|0110101101011101000000011> :  0.1184735E-08  0.1000000E-03           1
|1111001000001111010001001> :  0.1237435E-04  0.1000000E-03           1
|1110101100100100001011010> :  0.5761425E-09  0.1000000E-03           1
|0001101111010001111100101> :  0.9696198E-09  0.1000000E-03           1
|1110101100011001001000000> :  0.1356491E-08  0.1000000E-03           1
|0110011000110010001011111> :  0.1441913E-08  0.1000000E-03           1
|1110101000101101001011011> :  0.2288489E-05  0.1000000E-03           1
|0110001010001111101101100> :  0.1891311E-08  0.1000000E-03           1
|0001100111010101000010100> :  0.1914851E-09  0.1000000E-03           1
|0000110001010000010110101> :  0.4526934E-09  0.1000000E-03           1
|1110100111010100000011010> :  0.4451299E-04  0.1000000E-03           1
|1111000010010101000110011> :  0.1161904E-07  0.1000000E-03           1
|1110011110111010101011000> :  0.7750811E-10  0.1000000E-03           1
|0101101001000010111000100> :  0.1112183E-08  0.1000000E-03           1
|1110011110011100001000010> :  0.6143979E-04  0.1000000E-03           1
|0101010101100110110010101> :  0.5840209E-09  0.1000000E-03           1
|0001100001100011110111101> :  0.6143979E-04  0.1000000E-03           1
|1111001001000010000001110> :  0.3081120E-08  0.1000000E-03           1
|1111001001001111000001011> :  0.4355181E-05  0.1000000E-03           1
|1111001001011100010110111> :  0.5485281E-08  0.1000000E-03           1
|1110001110001101001000010> :  0.6524483E-04  0.1000000E-03           1
|1110001101001101001001010> :  0.4277243E-04  0.1000000E-03           1
|0100111010011100010110111> :  0.6214400E-09  0.1000000E-03           1
|1110001100001101001101011> :  0.1325817E-04  0.1000000E-03           1
|0100110101111011111001000> :  0.1104296E-08  0.1000000E-03           1
|0001011111110010111000000> :  0.2064767E-08  0.1000000E-03           1
|1110001011000010010100110> :  0.1397163E-08  0.1000000E-03           1
|0100100111110110110100101> :  0.1815948E-06  0.1000000E-03           1
|1110001010011100001011010> :  0.5285962E-04  0.1000000E-03           1
|0100011010011010100110100> :  0.1836797E-08  0.1000000E-03           1
|0001011000011011110110111> :  0.3875299E-08  0.1000000E-03           1
|1110001001010111010100101> :  0.1866326E-08  0.1000000E-03           1
|1111010001001101001111010> :  0.1987778E-08  0.1000000E-03           1
|1111010110001100001100010> :  0.7221962E-04  0.1000000E-03           1
|0100010110011100000110111> :  0.1054942E-08  0.1000000E-03           1
|1101110100001011000001100> :  0.3379376E-08  0.1000000E-03           1
|0100001010010110010000110> :  0.1530892E-08  0.1000000E-03           1
|1111101000101100001001011> :  0.1072935E-05  0.1000000E-03           1
|0001010111010010110100100> :  0.2288489E-05  0.1000000E-03           1
|0000100001100011110111101> :  0.2550812E-04  0.1000000E-03           1
|0000010011010010110111111> :  0.1949252E-05  0.1000000E-03           1
|0000010001110101111001001> :  0.8106339E-09  0.1000000E-03           1
