# state, exact probability, frequency, count:
#------------------------------------------------------------------
|01100000101001011110110001010100111> :  0.2988206E+00  0.2906000E+00        2906
|00100101111000001110110011001000111> :  0.6372251E-01  0.6510000E-01         651
|11100000101001011110110001010100111> :  0.4136102E-01  0.4390000E-01         439
|01001000100111010010101101110010110> :  0.6655632E-02  0.7300000E-02          73
|00100101111000101101110011000100111> :  0.1827586E-02  0.2200000E-02          22
|01100000101001011110110001011100111> :  0.9225454E-03  0.1300000E-02          13
|01110000101001011010110001010100111> :  0.1799368E-02  0.1100000E-02          11
|10100100111010001001110001010100111> :  0.4536386E-03  0.8000000E-03           8
|11110000101001011010110001010100111> :  0.7934894E-03  0.7000000E-03           7
|01100100101001011010110001010100111> :  0.5159981E-03  0.5000000E-03           5
|01001000100111110010101101110010110> :  0.4121256E-03  0.4000000E-03           4
|10100000111011111001100001010100111> :  0.3701922E-03  0.4000000E-03           4
|01100101101001001110110011000100111> :  0.2891256E-03  0.4000000E-03           4
|00100101111001001110110011001000111> :  0.5317290E-03  0.3000000E-03           3
|11110000101001011010100001010100111> :  0.1600000E-03  0.3000000E-03           3
|00100101111000001110110011001100111> :  0.2386823E-03  0.2000000E-03           2
|01100000001001011111100001010100111> :  0.1311226E-04  0.2000000E-03           2
|11000000101001011110110001010100111> :  0.1144569E-03  0.2000000E-03           2
|00100101111001001110110011000100111> :  0.2907481E-04  0.2000000E-03           2
|00100101111000101110110011001000111> :  0.1897727E-03  0.2000000E-03           2
|00100101101001001110110011001000111> :  0.9828894E-05  0.1000000E-03           1
|01100000100001011110110001010100111> :  0.1753943E-04  0.1000000E-03           1
|10100100111011111001100001010100111> :  0.5918405E-04  0.1000000E-03           1
|01110000101001011110110001010100111> :  0.1040316E-04  0.1000000E-03           1
|01000000001001011111100001011100111> :  0.4767187E-06  0.1000000E-03           1
|01100100100001011010110001010100111> :  0.9460574E-04  0.1000000E-03           1
|10100001111011110110100000011100111> :  0.2223932E-10  0.1000000E-03           1
|00100101111000001101110011000100111> :  0.1347276E-04  0.1000000E-03           1
|11110000101001011110110000010100111> :  0.9393667E-04  0.1000000E-03           1
|01000001001001101110010011011100111> :  0.2380769E-09  0.1000000E-03           1
|00100001010000101100110011100111011> :  0.8830861E-11  0.1000000E-03           1
|01100000101011011010110001010100111> :  0.1482337E-04  0.1000000E-03           1
|11011000000111010010110000110111010> :  0.7501960E-12  0.1000000E-03           1
|00100101111001101101110011000100111> :  0.1145996E-03  0.1000000E-03           1
|01100000101001011110110011010100111> :  0.9785178E-04  0.1000000E-03           1
|01100000101001011110110001011000111> :  0.2301094E-04  0.1000000E-03           1
|11010010000100000010001110111011010> :  0.1896542E-11  0.1000000E-03           1
|11011000000110010101000110011111011> :  0.2198525E-11  0.1000000E-03           1
|10101100101111111010100001110110110> :  0.5230355E-11  0.1000000E-03           1
|00001000000111110011101101110010110> :  0.1908132E-04  0.1000000E-03           1
