# state, exact probability, frequency, count:
#------------------------------------------------------------------
|1110011010101001000110010> :  0.3874025E+00  0.3844000E+00        3844
|0001100101010110111001101> :  0.3874025E+00  0.3823000E+00        3823
|0011100101000110101001101> :  0.5746816E-01  0.5700000E-01         570
|1100011010111001010110010> :  0.5746816E-01  0.5610000E-01         561
|0011100101000110111001101> :  0.1584334E-01  0.1890000E-01         189
|1100011010111001000110010> :  0.1584334E-01  0.1750000E-01         175
|0001100101000110111001101> :  0.5783434E-02  0.7100000E-02          71
|1110011010111001000110010> :  0.5783434E-02  0.6300000E-02          63
|0011100111000010101101001> :  0.3017589E-02  0.3100000E-02          31
|1100011000111101010010110> :  0.3017589E-02  0.2900000E-02          29
|0011100101000110101101101> :  0.1053924E-02  0.1200000E-02          12
|1100011010111001010010010> :  0.1053924E-02  0.1000000E-02          10
|0011100111000010101101101> :  0.3568423E-03  0.7000000E-03           7
|1100011000111101010010010> :  0.3568423E-03  0.4000000E-03           4
|1110011010111001010010010> :  0.2322195E-03  0.4000000E-03           4
|0001100101000110101101101> :  0.2322195E-03  0.4000000E-03           4
|1110011000101101000010110> :  0.2170648E-03  0.4000000E-03           4
|0110011010101011000110010> :  0.3512261E-03  0.4000000E-03           4
|1100011010111011010110000> :  0.1003362E-03  0.3000000E-03           3
|0001000101010110101101101> :  0.2077048E-03  0.3000000E-03           3
|1100011010111001000110110> :  0.3181371E-03  0.3000000E-03           3
|0011100101000110111001001> :  0.3181371E-03  0.3000000E-03           3
|1001100101010100111001101> :  0.3512261E-03  0.2000000E-03           2
|0011100110000110101000101> :  0.2049937E-04  0.2000000E-03           2
|0001000101010110111101101> :  0.5081227E-04  0.2000000E-03           2
|1110011010101101000110010> :  0.1717698E-03  0.2000000E-03           2
|1110111010101001010010010> :  0.2077048E-03  0.2000000E-03           2
|1100011000111001000110110> :  0.7694415E-04  0.2000000E-03           2
|0001010000110001011000111> :  0.6617286E-08  0.1000000E-03           1
|0001001110010101110100001> :  0.7429324E-08  0.1000000E-03           1
|0000110000001101111111010> :  0.5018189E-07  0.1000000E-03           1
|0001000111011011111001001> :  0.2240690E-07  0.1000000E-03           1
|0001000111001011101101001> :  0.4391160E-08  0.1000000E-03           1
|0000101111010010011000111> :  0.6349099E-08  0.1000000E-03           1
|0000100000100111111001011> :  0.4454739E-07  0.1000000E-03           1
|0010111011010011000011101> :  0.2208764E-08  0.1000000E-03           1
|0010110110000101010110110> :  0.7626057E-08  0.1000000E-03           1
|0000101000111001011111101> :  0.1777246E-07  0.1000000E-03           1
|0001000101010110101100111> :  0.2604553E-05  0.1000000E-03           1
|0001000100001110111100010> :  0.1701308E-07  0.1000000E-03           1
|0000101000101111110010010> :  0.2942893E-08  0.1000000E-03           1
|0000011111001010111010110> :  0.6339200E-08  0.1000000E-03           1
|0000001100101101111001001> :  0.1641716E-07  0.1000000E-03           1
|0001100001011010010101111> :  0.1018601E-06  0.1000000E-03           1
|0001011110110110011110100> :  0.5627038E-08  0.1000000E-03           1
|0001000001101110101010101> :  0.1518414E-07  0.1000000E-03           1
|0001100001110011010001101> :  0.2312924E-07  0.1000000E-03           1
|0001100100000110111000101> :  0.3068993E-04  0.1000000E-03           1
|0001100100011111101111000> :  0.1922831E-07  0.1000000E-03           1
|0010110101000011011001101> :  0.1087198E-07  0.1000000E-03           1
|0100011111010011000100101> :  0.4168899E-08  0.1000000E-03           1
|0001100101010110111000101> :  0.5128577E-04  0.1000000E-03           1
|0100111010101001010110001> :  0.4689554E-07  0.1000000E-03           1
|0001100101110111111001101> :  0.2018168E-05  0.1000000E-03           1
|0001100110010010111101001> :  0.4584361E-04  0.1000000E-03           1
|0001100110101110110101011> :  0.7342586E-07  0.1000000E-03           1
|0001100111000110111101001> :  0.1039281E-03  0.1000000E-03           1
|0001100111010011100101111> :  0.1403406E-07  0.1000000E-03           1
|0001100111011001110001001> :  0.2079334E-07  0.1000000E-03           1
|0001101001001010111101001> :  0.1183721E-07  0.1000000E-03           1
|0001101001010110101001001> :  0.8674838E-06  0.1000000E-03           1
|0001101001100010110011001> :  0.2292187E-07  0.1000000E-03           1
|0001011101001101101000111> :  0.3351299E-07  0.1000000E-03           1
|0001011011011110111000001> :  0.1080107E-07  0.1000000E-03           1
|0001000000110100111011111> :  0.7366695E-07  0.1000000E-03           1
|0000100110010011001111011> :  0.2535398E-09  0.1000000E-03           1
|0001011000101011101001101> :  0.1350388E-07  0.1000000E-03           1
|0001010111110110110101011> :  0.3886425E-09  0.1000000E-03           1
|0000111101101010101100001> :  0.2024055E-07  0.1000000E-03           1
|0001010111011110101001000> :  0.2056777E-07  0.1000000E-03           1
|0001010111010001111101011> :  0.1915171E-07  0.1000000E-03           1
|0000111000000011111101101> :  0.3751485E-08  0.1000000E-03           1
|0000100101111110010110010> :  0.1219464E-07  0.1000000E-03           1
|0000010100010110011110111> :  0.3341542E-07  0.1000000E-03           1
|0001111011000001011000111> :  0.5555332E-08  0.1000000E-03           1
|0001111010110010001111000> :  0.1064339E-07  0.1000000E-03           1
|0001010110100001111110101> :  0.3523161E-07  0.1000000E-03           1
|0001111000010100011110010> :  0.1746626E-07  0.1000000E-03           1
|0001111110000000011000010> :  0.2108407E-07  0.1000000E-03           1
|0001111111000010111100000> :  0.6936690E-04  0.1000000E-03           1
|0001111111000111010100001> :  0.1977764E-07  0.1000000E-03           1
|0010000010011111010111001> :  0.1495237E-07  0.1000000E-03           1
|0010001000100100111110110> :  0.1891618E-07  0.1000000E-03           1
|0010001001000111111011100> :  0.1523867E-07  0.1000000E-03           1
|0010001100011101101001100> :  0.5839589E-07  0.1000000E-03           1
|0010010011101111000011101> :  0.2212580E-07  0.1000000E-03           1
|0010010100101100100011010> :  0.7583383E-08  0.1000000E-03           1
|0010100001010110001001101> :  0.1336988E-06  0.1000000E-03           1
|0010100010010111111011010> :  0.8330285E-08  0.1000000E-03           1
|0010100010110001000101001> :  0.3659925E-08  0.1000000E-03           1
|0010100101100100111110000> :  0.2935012E-09  0.1000000E-03           1
|0010100111001000101101111> :  0.6542893E-08  0.1000000E-03           1
|0010100111001110001010100> :  0.2644691E-07  0.1000000E-03           1
|0010100111100110101101110> :  0.2260914E-07  0.1000000E-03           1
|0010100111111011000000111> :  0.1911471E-07  0.1000000E-03           1
|0010101000010111111001000> :  0.4078882E-07  0.1000000E-03           1
|0010101000101101001111000> :  0.2906032E-07  0.1000000E-03           1
|0010101100000010111001011> :  0.7946248E-07  0.1000000E-03           1
|0010101101111001000100101> :  0.1939286E-07  0.1000000E-03           1
|0010101110010011111000000> :  0.5200042E-07  0.1000000E-03           1
|0100010110010010110101001> :  0.1121580E-07  0.1000000E-03           1
|0010110101011011001010000> :  0.3997731E-07  0.1000000E-03           1
|1011110100010000111000001> :  0.1933334E-07  0.1000000E-03           1
|0010111000110010010110010> :  0.1498773E-07  0.1000000E-03           1
|0010111001001111010011100> :  0.5179532E-08  0.1000000E-03           1
|0010111010111111111010000> :  0.1658613E-07  0.1000000E-03           1
|1100001010110111110101001> :  0.9137777E-08  0.1000000E-03           1
|0010111101111001101101011> :  0.7937510E-09  0.1000000E-03           1
|0010111110000001101110001> :  0.1396507E-07  0.1000000E-03           1
|0011000001101101100011101> :  0.1573906E-07  0.1000000E-03           1
|0011000010010111111110010> :  0.2077335E-07  0.1000000E-03           1
|0011000010110110110110010> :  0.7030822E-08  0.1000000E-03           1
|0011000100011100110101100> :  0.8287005E-08  0.1000000E-03           1
|0011000100011110011010110> :  0.2274966E-07  0.1000000E-03           1
|0011000101000110001001101> :  0.5265408E-04  0.1000000E-03           1
|0011000101000110011001101> :  0.4534328E-04  0.1000000E-03           1
|0011000101011010101110111> :  0.1219546E-07  0.1000000E-03           1
|0011000110010101010001111> :  0.2484255E-07  0.1000000E-03           1
|0011000110110010000101111> :  0.5531509E-07  0.1000000E-03           1
|0011000110111100100101001> :  0.9443932E-08  0.1000000E-03           1
|0011000111001010111101101> :  0.2026267E-05  0.1000000E-03           1
|0011001000001011011101101> :  0.2682052E-07  0.1000000E-03           1
|0011001000100101110011010> :  0.2826355E-07  0.1000000E-03           1
|0011001100001111001001011> :  0.1112382E-07  0.1000000E-03           1
|0011001100110100010100011> :  0.2189872E-07  0.1000000E-03           1
|0011001110110100110110001> :  0.9246456E-08  0.1000000E-03           1
|0001111000000110101101110> :  0.1032013E-06  0.1000000E-03           1
|0001010110010110101010111> :  0.2056329E-07  0.1000000E-03           1
|0000110111010001101100000> :  0.1399265E-07  0.1000000E-03           1
|0001110101110110110001101> :  0.2740900E-04  0.1000000E-03           1
|0001110101110010111001101> :  0.3190863E-05  0.1000000E-03           1
|0001010101101100010010111> :  0.1969041E-07  0.1000000E-03           1
|0001110101100001001110011> :  0.2147480E-07  0.1000000E-03           1
|0001110100110010110001101> :  0.2951764E-05  0.1000000E-03           1
|0001010100111000101001011> :  0.3762844E-07  0.1000000E-03           1
|0000110101100110101001011> :  0.5159028E-07  0.1000000E-03           1
|0000100101100010111111101> :  0.5566473E-07  0.1000000E-03           1
|0011100010110110011010010> :  0.2939810E-07  0.1000000E-03           1
|0011100010010111001101100> :  0.6481742E-08  0.1000000E-03           1
|0001110100011100101100110> :  0.2838745E-07  0.1000000E-03           1
|0011100010000110100000001> :  0.1302456E-07  0.1000000E-03           1
|0011100010000100111000110> :  0.1764767E-07  0.1000000E-03           1
|0011100011000010101101101> :  0.7175026E-05  0.1000000E-03           1
|0011100011010110001010110> :  0.2835455E-08  0.1000000E-03           1
|0011100100000110101000101> :  0.9229029E-05  0.1000000E-03           1
|0011100100000111101000101> :  0.3571519E-05  0.1000000E-03           1
|0011100100100110101000101> :  0.4672204E-04  0.1000000E-03           1
|0011100101000010101101101> :  0.5969704E-04  0.1000000E-03           1
|0011100101000100001100100> :  0.2315525E-07  0.1000000E-03           1
|0011100101000100101001111> :  0.1003362E-03  0.1000000E-03           1
|0011100101000110100001111> :  0.3648282E-05  0.1000000E-03           1
|0111110111110010010000001> :  0.1853408E-07  0.1000000E-03           1
|1000000101010101101110001> :  0.1894305E-07  0.1000000E-03           1
|1000001111101110100011101> :  0.5408534E-09  0.1000000E-03           1
|1000010011110011001110011> :  0.2526375E-07  0.1000000E-03           1
|0011100101010010101001101> :  0.4401825E-04  0.1000000E-03           1
|0011100101010011101001101> :  0.1374810E-05  0.1000000E-03           1
|0011100101010110011101100> :  0.5048595E-06  0.1000000E-03           1
|0011100101010110101001101> :  0.6591499E-04  0.1000000E-03           1
|0011100101100111111010010> :  0.6287430E-07  0.1000000E-03           1
|1000101001101001010111101> :  0.6482391E-08  0.1000000E-03           1
|0011100110110110111100100> :  0.5487887E-07  0.1000000E-03           1
|1000110010111010010111101> :  0.9461634E-08  0.1000000E-03           1
|1000110101000110001100111> :  0.1181481E-07  0.1000000E-03           1
|0011100111000110101101001> :  0.1104087E-03  0.1000000E-03           1
|0011100111000110111001001> :  0.7694415E-04  0.1000000E-03           1
|0011100111100001101001111> :  0.1564371E-07  0.1000000E-03           1
|0011100111110101011000101> :  0.1771521E-07  0.1000000E-03           1
|0011101000001110111100010> :  0.6606594E-07  0.1000000E-03           1
|0011101010010110100111101> :  0.2099921E-07  0.1000000E-03           1
|0011101100100100100110010> :  0.2940009E-08  0.1000000E-03           1
|0011101101000000011001101> :  0.2160355E-07  0.1000000E-03           1
|0011101110100111010100001> :  0.1228438E-07  0.1000000E-03           1
|0011101111001010000001011> :  0.2292865E-07  0.1000000E-03           1
|0011101111010101010000011> :  0.1927589E-07  0.1000000E-03           1
|0011110000010110111100011> :  0.1347797E-07  0.1000000E-03           1
|0011110100000110111000001> :  0.2362323E-05  0.1000000E-03           1
|0011110100010110110001111> :  0.2504193E-06  0.1000000E-03           1
|0011110100101101010011100> :  0.1590170E-07  0.1000000E-03           1
|0011110101010100001001101> :  0.2551699E-06  0.1000000E-03           1
|0011110101101110001000001> :  0.6622233E-07  0.1000000E-03           1
|0011111000100010101101011> :  0.4973781E-07  0.1000000E-03           1
|0011111001000110111001011> :  0.1537069E-06  0.1000000E-03           1
|0011111011000010001011011> :  0.7017552E-08  0.1000000E-03           1
|0011111011000101100110010> :  0.3892268E-08  0.1000000E-03           1
|0011111100001010000101101> :  0.4731163E-07  0.1000000E-03           1
|0011111100110011110000000> :  0.1473538E-07  0.1000000E-03           1
|0100000010001001001111110> :  0.3427062E-07  0.1000000E-03           1
|0100000101100101111011101> :  0.4406596E-07  0.1000000E-03           1
|0100000111010110100111101> :  0.1140782E-07  0.1000000E-03           1
|0100000111101110111100101> :  0.3637313E-08  0.1000000E-03           1
|0100001000101111011110000> :  0.5246490E-07  0.1000000E-03           1
|0100001000111100110010100> :  0.2923431E-07  0.1000000E-03           1
|0100001001101000100110110> :  0.1263612E-07  0.1000000E-03           1
|0100001010011001001111101> :  0.4130333E-07  0.1000000E-03           1
|0100001010011010100101110> :  0.4693981E-08  0.1000000E-03           1
|0100001010101001100011111> :  0.7438262E-08  0.1000000E-03           1
|0100010010001111101101011> :  0.4634892E-09  0.1000000E-03           1
|0100010010110011111001010> :  0.4427453E-07  0.1000000E-03           1
|0100010011101001011000110> :  0.1151391E-07  0.1000000E-03           1
|0100010011101110001111100> :  0.1656987E-07  0.1000000E-03           1
|0100010100101001100111001> :  0.2933416E-07  0.1000000E-03           1
|1011100100110100111010110> :  0.1295928E-07  0.1000000E-03           1
|0100011010011111001111000> :  0.1421611E-07  0.1000000E-03           1
|0100011010111001100110011> :  0.4354946E-05  0.1000000E-03           1
|0100011100101111001100110> :  0.4704088E-07  0.1000000E-03           1
|1011111000101111000111000> :  0.7229688E-07  0.1000000E-03           1
|0100100011110011110001001> :  0.8813306E-08  0.1000000E-03           1
|0100101010111010111110000> :  0.3653467E-08  0.1000000E-03           1
|0100101101000011111101001> :  0.5225644E-08  0.1000000E-03           1
|0100101111110011010000001> :  0.7279623E-08  0.1000000E-03           1
|0100110010001011011011010> :  0.1407219E-07  0.1000000E-03           1
|0100110100101110010010010> :  0.2428214E-07  0.1000000E-03           1
|0100111001100011101101001> :  0.2684991E-07  0.1000000E-03           1
|1100001011100101001100111> :  0.2861905E-07  0.1000000E-03           1
|0100111010110001110001000> :  0.5658939E-08  0.1000000E-03           1
|0100111010111010100110010> :  0.3306241E-05  0.1000000E-03           1
|0100111011010010000101101> :  0.2431305E-08  0.1000000E-03           1
|0101000011001100001101111> :  0.2549751E-07  0.1000000E-03           1
|0101000100101011001101010> :  0.5565554E-07  0.1000000E-03           1
|0101000100111010010111111> :  0.8449947E-08  0.1000000E-03           1
|0101001000001110101101100> :  0.2514072E-07  0.1000000E-03           1
|0101010001100001011101001> :  0.2026519E-07  0.1000000E-03           1
|0101010010100100110010111> :  0.3687294E-08  0.1000000E-03           1
|0101010011010010001100100> :  0.5738059E-07  0.1000000E-03           1
|0101010011111110011100010> :  0.3907500E-08  0.1000000E-03           1
|0101010100110010101110001> :  0.3403759E-07  0.1000000E-03           1
|0101010100111010011000010> :  0.3837020E-07  0.1000000E-03           1
|0101010101000011100101010> :  0.1641587E-07  0.1000000E-03           1
|0101011000000101111101100> :  0.1646097E-07  0.1000000E-03           1
|0101011011101001111101000> :  0.4155611E-08  0.1000000E-03           1
|0101011101000010100001101> :  0.2135960E-07  0.1000000E-03           1
|0101011101111000111101110> :  0.1617664E-09  0.1000000E-03           1
|0101011110111100110010000> :  0.1678080E-07  0.1000000E-03           1
|0101011111000010101010011> :  0.6584840E-08  0.1000000E-03           1
|0101100001000110101101001> :  0.2067283E-07  0.1000000E-03           1
|0101100010111110010011011> :  0.9080208E-09  0.1000000E-03           1
|0101100100011011101101010> :  0.5304762E-08  0.1000000E-03           1
|0101100110100100111001101> :  0.1202869E-08  0.1000000E-03           1
|0101100111000110010101101> :  0.5310582E-08  0.1000000E-03           1
|0101100111100100100110111> :  0.3621630E-07  0.1000000E-03           1
|0101101010110010110001101> :  0.7312685E-07  0.1000000E-03           1
|0101101011101010001110100> :  0.8739749E-08  0.1000000E-03           1
|0101110000111111100111111> :  0.2514303E-09  0.1000000E-03           1
|0101110101000110111100101> :  0.7049063E-07  0.1000000E-03           1
|0101111001100010111001010> :  0.5181351E-08  0.1000000E-03           1
|0110000001101001011010111> :  0.1227189E-08  0.1000000E-03           1
|0110000010011001001111010> :  0.4093853E-09  0.1000000E-03           1
|0110001000111001101000010> :  0.1430930E-07  0.1000000E-03           1
|0110001000111010110110000> :  0.3433217E-08  0.1000000E-03           1
|0110001001001100101011100> :  0.1886066E-07  0.1000000E-03           1
|0110001010101010011101010> :  0.2640364E-07  0.1000000E-03           1
|0110001011110010011010001> :  0.6367494E-08  0.1000000E-03           1
|0110010011110101001010110> :  0.4415725E-07  0.1000000E-03           1
|0001110011110011101001001> :  0.5489058E-07  0.1000000E-03           1
|0001010011000111011100101> :  0.3696130E-07  0.1000000E-03           1
|0011011111000110011000101> :  0.8186859E-08  0.1000000E-03           1
|0011011010101110000011010> :  0.2438246E-07  0.1000000E-03           1
|0001101101110010010000011> :  0.5255746E-07  0.1000000E-03           1
|0011011010000011111000110> :  0.1297609E-07  0.1000000E-03           1
|0011011001001000101101101> :  0.6790562E-07  0.1000000E-03           1
|0001101100000101111000110> :  0.2627398E-07  0.1000000E-03           1
|0001010010110010111001101> :  0.1002268E-06  0.1000000E-03           1
|0000110101011110101111111> :  0.2662856E-09  0.1000000E-03           1
|0110110011111001000110100> :  0.4757962E-07  0.1000000E-03           1
|0110110001000011000110111> :  0.2027631E-08  0.1000000E-03           1
|0011011000011111001010110> :  0.8712185E-08  0.1000000E-03           1
|0110101111001001100000010> :  0.9663043E-08  0.1000000E-03           1
|0110101111000111111001010> :  0.4104858E-08  0.1000000E-03           1
|0011010110010101000000111> :  0.2370006E-07  0.1000000E-03           1
|0110110100010001100011111> :  0.6350366E-09  0.1000000E-03           1
|0110110101101100001000110> :  0.9086905E-08  0.1000000E-03           1
|0110110110101111000111010> :  0.1123857E-07  0.1000000E-03           1
|0110111000100011111110010> :  0.6253287E-07  0.1000000E-03           1
|0110111001111001000100101> :  0.1119597E-07  0.1000000E-03           1
|0110111101011001100011000> :  0.5655733E-08  0.1000000E-03           1
|0111000010011111001111001> :  0.4546171E-07  0.1000000E-03           1
|0111000011011011001011111> :  0.5863777E-08  0.1000000E-03           1
|0111000100110010001110011> :  0.5920679E-09  0.1000000E-03           1
|0111001000011001110011011> :  0.2786764E-07  0.1000000E-03           1
|0111001000110001111001001> :  0.4888583E-07  0.1000000E-03           1
|0111001001111011010101001> :  0.6131315E-08  0.1000000E-03           1
|0111001010011011010101110> :  0.2134487E-07  0.1000000E-03           1
|0111001011010010000011101> :  0.9885781E-08  0.1000000E-03           1
|0111001100000010100110111> :  0.9866480E-08  0.1000000E-03           1
|0111001100001111111010010> :  0.4950076E-07  0.1000000E-03           1
|0111001101101010100011000> :  0.5837173E-08  0.1000000E-03           1
|0111001111000110101001100> :  0.5404396E-08  0.1000000E-03           1
|0111010100010110001101101> :  0.1809155E-07  0.1000000E-03           1
|0111010101000110011100011> :  0.1158726E-07  0.1000000E-03           1
|0111011001010010111100110> :  0.1834098E-07  0.1000000E-03           1
|0111011001101101101000010> :  0.4989261E-07  0.1000000E-03           1
|0111011010100011100101101> :  0.5543708E-08  0.1000000E-03           1
|0111011100001111010010000> :  0.2982049E-07  0.1000000E-03           1
|0111011101010000100100001> :  0.9526766E-08  0.1000000E-03           1
|0111011101011010000000101> :  0.2422622E-08  0.1000000E-03           1
|0111011110101001100011001> :  0.4084383E-07  0.1000000E-03           1
|0111100011001000111001100> :  0.8895803E-08  0.1000000E-03           1
|0111100101001010101100100> :  0.2256804E-07  0.1000000E-03           1
|0111100111100010100010001> :  0.4689104E-07  0.1000000E-03           1
|0111100111100011011100001> :  0.6604661E-08  0.1000000E-03           1
|0111101001010010011000111> :  0.4952539E-07  0.1000000E-03           1
|0111101011000010101111111> :  0.9178693E-08  0.1000000E-03           1
|0111110101000110101000100> :  0.7712800E-07  0.1000000E-03           1
|0001101011011011110001000> :  0.3147798E-07  0.1000000E-03           1
|0111111100001110100101001> :  0.3002907E-07  0.1000000E-03           1
|0110101011011110000010011> :  0.6885075E-07  0.1000000E-03           1
|1000001101110011010010101> :  0.2386635E-07  0.1000000E-03           1
|0110101010101010110001111> :  0.7879240E-08  0.1000000E-03           1
|1000010000011110011111101> :  0.2085210E-07  0.1000000E-03           1
|0011010101101111101000011> :  0.2684492E-07  0.1000000E-03           1
|1000010101111110000101101> :  0.2901408E-07  0.1000000E-03           1
|1000010110000100100110110> :  0.1434928E-07  0.1000000E-03           1
|1000010110100001011111011> :  0.5372779E-08  0.1000000E-03           1
|1000011011111010010100010> :  0.1743697E-07  0.1000000E-03           1
|1000011101110101001010000> :  0.6170143E-07  0.1000000E-03           1
|1000011111000001011010110> :  0.1826860E-07  0.1000000E-03           1
|1000100011110011011001000> :  0.4431999E-10  0.1000000E-03           1
|1000100101001101100011010> :  0.3193619E-07  0.1000000E-03           1
|1000100101110100101101001> :  0.7009520E-08  0.1000000E-03           1
|1000100110110101000001011> :  0.2261506E-07  0.1000000E-03           1
|1000100111010001101001110> :  0.1897776E-07  0.1000000E-03           1
|0110100110100001010010110> :  0.3346186E-08  0.1000000E-03           1
|1000101001110010011100001> :  0.7406906E-08  0.1000000E-03           1
|1000101101101100100111000> :  0.1200847E-07  0.1000000E-03           1
|1000110000000101101111110> :  0.3937431E-08  0.1000000E-03           1
|0110100100110111110001000> :  0.2389398E-07  0.1000000E-03           1
|1000110101000100001101110> :  0.1830180E-07  0.1000000E-03           1
|0011010100111100010001010> :  0.6366793E-08  0.1000000E-03           1
|1000110101101101000111100> :  0.2791412E-07  0.1000000E-03           1
|1000111000100000011010010> :  0.8415957E-09  0.1000000E-03           1
|1000111000100011011110100> :  0.1263936E-07  0.1000000E-03           1
|1000111001100100111001100> :  0.1954070E-07  0.1000000E-03           1
|1000111011001110011010000> :  0.7076583E-08  0.1000000E-03           1
|1000111100110001010011110> :  0.1750562E-07  0.1000000E-03           1
|1000111101000001011011001> :  0.4173583E-07  0.1000000E-03           1
|1001000101100101000001101> :  0.1199687E-07  0.1000000E-03           1
|1001001001010010101101100> :  0.5495792E-08  0.1000000E-03           1
|1001001011001111111010100> :  0.5578707E-08  0.1000000E-03           1
|1001001100001100110111000> :  0.1784029E-07  0.1000000E-03           1
|1001001100010011111110000> :  0.7802131E-08  0.1000000E-03           1
|1001010010100011010110001> :  0.2706898E-07  0.1000000E-03           1
|1001010010110011111110000> :  0.1871495E-08  0.1000000E-03           1
|1001010010111010100101001> :  0.3100467E-07  0.1000000E-03           1
|1001010100011101111010111> :  0.2281572E-08  0.1000000E-03           1
|1001010101010010001100100> :  0.7634925E-07  0.1000000E-03           1
|1001010101011000011000110> :  0.6998415E-07  0.1000000E-03           1
|1001010110100000010111010> :  0.1865852E-07  0.1000000E-03           1
|1001011000010100111110001> :  0.1349358E-07  0.1000000E-03           1
|1001011000011000011100111> :  0.2155428E-07  0.1000000E-03           1
|1001011000110101011011010> :  0.3007965E-07  0.1000000E-03           1
|1001011010110110010001001> :  0.1038570E-07  0.1000000E-03           1
|1001100101001111000011100> :  0.1043856E-07  0.1000000E-03           1
|0001101011011010011101100> :  0.2201277E-07  0.1000000E-03           1
|1001100101010110101101110> :  0.8009828E-07  0.1000000E-03           1
|1001100110010101100001000> :  0.3536733E-08  0.1000000E-03           1
|1001100110110100111011101> :  0.1293209E-07  0.1000000E-03           1
|1001100111011000110001010> :  0.1057127E-07  0.1000000E-03           1
|1001101000101101111011010> :  0.4200673E-08  0.1000000E-03           1
|1001101000110100111011100> :  0.1150959E-07  0.1000000E-03           1
|1001101011110011000010101> :  0.3330700E-08  0.1000000E-03           1
|1001101101100100011100010> :  0.2001292E-08  0.1000000E-03           1
|1001101110110100000010101> :  0.4091979E-07  0.1000000E-03           1
|1001110001100101101101000> :  0.1629982E-07  0.1000000E-03           1
|1001110100011100010000101> :  0.3452197E-07  0.1000000E-03           1
|1001110100101110000101101> :  0.1412654E-07  0.1000000E-03           1
|1001110110000101110001111> :  0.2135335E-07  0.1000000E-03           1
|1001111000101110010111001> :  0.7020399E-08  0.1000000E-03           1
|1001111001111110010010010> :  0.1779442E-07  0.1000000E-03           1
|1001111011000100010100100> :  0.2737991E-07  0.1000000E-03           1
|1001111011001100110110010> :  0.2802378E-07  0.1000000E-03           1
|1001111011010101000010000> :  0.5293238E-08  0.1000000E-03           1
|1001111110000000110010000> :  0.2932302E-07  0.1000000E-03           1
|1001111110100010111000101> :  0.2361533E-06  0.1000000E-03           1
|1010000011010100111000111> :  0.5095867E-08  0.1000000E-03           1
|1010001010101001000110110> :  0.4622104E-05  0.1000000E-03           1
|1010010001001100111010100> :  0.6964299E-08  0.1000000E-03           1
|1010010001101100111011010> :  0.1037242E-07  0.1000000E-03           1
|1010011000001101000010101> :  0.1315374E-07  0.1000000E-03           1
|1010011000011111101011100> :  0.3725405E-07  0.1000000E-03           1
|1010011001001001101001100> :  0.1804016E-07  0.1000000E-03           1
|1010011111000110110010110> :  0.1330489E-07  0.1000000E-03           1
|1010100010011110111010110> :  0.3756583E-07  0.1000000E-03           1
|1010100100100110111001011> :  0.3871761E-07  0.1000000E-03           1
|1010100111100010000110110> :  0.1721168E-07  0.1000000E-03           1
|1010101011011001001001111> :  0.1419930E-07  0.1000000E-03           1
|1010101011100101110110001> :  0.6115514E-08  0.1000000E-03           1
|1010101100011101001000010> :  0.1548072E-07  0.1000000E-03           1
|1010101101010010011101101> :  0.2072443E-07  0.1000000E-03           1
|1010101101011101101000010> :  0.1041461E-07  0.1000000E-03           1
|1010101110010010110110100> :  0.6408988E-08  0.1000000E-03           1
|1010101111100010011000101> :  0.1280190E-07  0.1000000E-03           1
|1010110010001101000110100> :  0.6308861E-07  0.1000000E-03           1
|1010110100011000010001110> :  0.7150679E-08  0.1000000E-03           1
|1010111001111011110010000> :  0.2692592E-07  0.1000000E-03           1
|1010111101101101000110010> :  0.4206282E-07  0.1000000E-03           1
|1011000011011110100011100> :  0.2143332E-07  0.1000000E-03           1
|1011001010011100110010010> :  0.5138371E-07  0.1000000E-03           1
|1011001101011100110010101> :  0.4383793E-08  0.1000000E-03           1
|1011010000011100110001110> :  0.2579839E-07  0.1000000E-03           1
|1011010011010110110000101> :  0.4192754E-07  0.1000000E-03           1
|1011010100001010101101010> :  0.2852194E-07  0.1000000E-03           1
|1011010110000100011010111> :  0.3244650E-07  0.1000000E-03           1
|1011011010111101010000011> :  0.1424844E-07  0.1000000E-03           1
|1011011111000101100010010> :  0.1686204E-07  0.1000000E-03           1
|1011011111001000101010110> :  0.1073294E-07  0.1000000E-03           1
|0001010010101101101111001> :  0.7628879E-08  0.1000000E-03           1
|1011100110010010011000001> :  0.1681707E-07  0.1000000E-03           1
|1011100110010100101001000> :  0.2453584E-07  0.1000000E-03           1
|1011101100011010101001010> :  0.2319278E-07  0.1000000E-03           1
|1011101101000100110110110> :  0.2974268E-07  0.1000000E-03           1
|1011101101010010000000011> :  0.8534773E-08  0.1000000E-03           1
|1011110011100101000110101> :  0.6531175E-08  0.1000000E-03           1
|1011110011110000011010100> :  0.2976718E-07  0.1000000E-03           1
|0110100100010111101001001> :  0.5131468E-08  0.1000000E-03           1
|0110100010100001111101110> :  0.9651495E-08  0.1000000E-03           1
|1011111000111000010010100> :  0.4118926E-07  0.1000000E-03           1
|1011111011001011110010000> :  0.3174628E-07  0.1000000E-03           1
|1011111110011001111010000> :  0.2320853E-07  0.1000000E-03           1
|1100000000101110110001111> :  0.3375199E-07  0.1000000E-03           1
|1100000000111010001011111> :  0.6919605E-08  0.1000000E-03           1
|1100000010111010001010110> :  0.4417385E-07  0.1000000E-03           1
|1100000100110110010010110> :  0.7018840E-08  0.1000000E-03           1
|1100000101101000000111110> :  0.4455497E-07  0.1000000E-03           1
|1100000101101100010110011> :  0.1237072E-07  0.1000000E-03           1
|1100000111110100111001101> :  0.1336959E-07  0.1000000E-03           1
|1100000111111011000110111> :  0.3132342E-07  0.1000000E-03           1
|1100001000101001000011010> :  0.1436881E-06  0.1000000E-03           1
|1100001000101001111100110> :  0.2476124E-07  0.1000000E-03           1
|1100001010011001001111010> :  0.1053491E-05  0.1000000E-03           1
|0011010100101000101001111> :  0.4575121E-08  0.1000000E-03           1
|0110011100011001010011100> :  0.2169890E-08  0.1000000E-03           1
|1100001011101001100010010> :  0.1095497E-05  0.1000000E-03           1
|1100001011101010010100110> :  0.2316924E-07  0.1000000E-03           1
|1100001100011111010110000> :  0.8304238E-07  0.1000000E-03           1
|1100001101111010000110000> :  0.1061944E-06  0.1000000E-03           1
|1100001111011100101010110> :  0.5080992E-07  0.1000000E-03           1
|1100010001000101100011111> :  0.1815731E-08  0.1000000E-03           1
|1100010001011001101101111> :  0.3023564E-07  0.1000000E-03           1
|1100010010000000011111110> :  0.8892500E-07  0.1000000E-03           1
|1100010011011010000010110> :  0.8125084E-08  0.1000000E-03           1
|1100010011111000000111001> :  0.1655398E-07  0.1000000E-03           1
|1100010011111010010101000> :  0.1080988E-07  0.1000000E-03           1
|1100010100011001111101110> :  0.8653518E-08  0.1000000E-03           1
|1100010101011001101110100> :  0.1172567E-07  0.1000000E-03           1
|1100011000101010001100111> :  0.2256122E-09  0.1000000E-03           1
|1100011000101101000110110> :  0.3522502E-05  0.1000000E-03           1
|1110000011101001000110010> :  0.9549207E-05  0.1000000E-03           1
|1100011000111001010010110> :  0.1104087E-03  0.1000000E-03           1
|0011010100010010101001110> :  0.1080026E-07  0.1000000E-03           1
|0001101010010001100101011> :  0.4355112E-07  0.1000000E-03           1
|1100011001011111111010000> :  0.2584682E-07  0.1000000E-03           1
|1100011010010000111111010> :  0.3472483E-07  0.1000000E-03           1
|1100011010101111010100000> :  0.3116846E-06  0.1000000E-03           1
|0110011000100001110110010> :  0.1387309E-06  0.1000000E-03           1
|0110010110000101001110111> :  0.3840606E-08  0.1000000E-03           1
|0011010011010110111101101> :  0.4412490E-06  0.1000000E-03           1
|1101111110100001000010110> :  0.2113166E-08  0.1000000E-03           1
|1101111110000000011110110> :  0.1651687E-07  0.1000000E-03           1
|1100011011011000001110001> :  0.1312199E-07  0.1000000E-03           1
|1100011101001001001011010> :  0.1168999E-06  0.1000000E-03           1
|1100011101011001100110100> :  0.1887558E-06  0.1000000E-03           1
|1100011110010100110010010> :  0.1187720E-07  0.1000000E-03           1
|1100011110101000010110101> :  0.1892407E-07  0.1000000E-03           1
|1100011111100101000110110> :  0.1639093E-06  0.1000000E-03           1
|1100100001101101010110010> :  0.2055048E-07  0.1000000E-03           1
|1100100010111110000001111> :  0.6181882E-08  0.1000000E-03           1
|1100100011000110101101111> :  0.1121957E-07  0.1000000E-03           1
|1100101001011110110110110> :  0.2147863E-07  0.1000000E-03           1
|1100101001110000010011001> :  0.2100492E-08  0.1000000E-03           1
|1100101010010001000111010> :  0.4292996E-07  0.1000000E-03           1
|1100101011010010111100011> :  0.2531774E-07  0.1000000E-03           1
|1100101011011011001001001> :  0.2909515E-07  0.1000000E-03           1
|1100101011100110011111000> :  0.3083125E-07  0.1000000E-03           1
|1100101100011011011001101> :  0.3228425E-07  0.1000000E-03           1
|1100101101110110010100010> :  0.9774124E-08  0.1000000E-03           1
|1100101111110100100000010> :  0.1163925E-07  0.1000000E-03           1
|1100110000101001000010010> :  0.9264580E-07  0.1000000E-03           1
|1100110000101101101010100> :  0.7489484E-07  0.1000000E-03           1
|1100110011010001110001001> :  0.1472231E-07  0.1000000E-03           1
|1100110011010110001110101> :  0.1411761E-07  0.1000000E-03           1
|1100111010111001110110010> :  0.5265408E-04  0.1000000E-03           1
|1100111010111101010111001> :  0.2952606E-07  0.1000000E-03           1
|1100111101100001001011000> :  0.6578822E-08  0.1000000E-03           1
|1101000001000011000011010> :  0.3126228E-09  0.1000000E-03           1
|1101000001111101000110111> :  0.7224768E-08  0.1000000E-03           1
|1101000010100100010111101> :  0.4658496E-08  0.1000000E-03           1
|1101000011010100111010101> :  0.3888841E-07  0.1000000E-03           1
|1101000100100101111000010> :  0.3927114E-07  0.1000000E-03           1
|1101000100110010111100010> :  0.3637048E-07  0.1000000E-03           1
|1101000110110000001100101> :  0.2566863E-07  0.1000000E-03           1
|1101001000110101011111000> :  0.1227915E-07  0.1000000E-03           1
|1101001101111110010100101> :  0.1359366E-07  0.1000000E-03           1
|1101010010110100111001110> :  0.2710989E-07  0.1000000E-03           1
|1101010011010000110010110> :  0.1282748E-07  0.1000000E-03           1
|1101010011010010101111001> :  0.1759152E-07  0.1000000E-03           1
|1101010011010110010110111> :  0.8866920E-08  0.1000000E-03           1
|1101010011110011111100000> :  0.9706170E-08  0.1000000E-03           1
|1101010101011100101100000> :  0.5601534E-08  0.1000000E-03           1
|1101010101011101000010110> :  0.1834160E-07  0.1000000E-03           1
|1101010110100001100111000> :  0.1732466E-08  0.1000000E-03           1
|1101011000101100001011110> :  0.4109913E-07  0.1000000E-03           1
|1101011011001000111111100> :  0.1307564E-07  0.1000000E-03           1
|1101011100111000001010101> :  0.7581141E-08  0.1000000E-03           1
|1101100100000100101101100> :  0.2111942E-07  0.1000000E-03           1
|1101100101101110010010000> :  0.4173410E-07  0.1000000E-03           1
|1101100111010000011010101> :  0.9679252E-08  0.1000000E-03           1
|1101100111100110100111000> :  0.3294096E-08  0.1000000E-03           1
|1101101101011100110001001> :  0.6274520E-08  0.1000000E-03           1
|1101110010010101010011000> :  0.9905478E-08  0.1000000E-03           1
|0110010101000101100100011> :  0.1623864E-07  0.1000000E-03           1
|1101111000100011011111001> :  0.2973477E-07  0.1000000E-03           1
|1101110011100000010100101> :  0.3733268E-07  0.1000000E-03           1
|0110010100011010001100010> :  0.1097210E-07  0.1000000E-03           1
|1110000000111101000011111> :  0.6936690E-04  0.1000000E-03           1
|1110000001101100000011010> :  0.9036805E-08  0.1000000E-03           1
|1110000011011001000011010> :  0.1980559E-06  0.1000000E-03           1
|1110000011100001101011111> :  0.8329775E-08  0.1000000E-03           1
|0011010010011110100111100> :  0.8120823E-09  0.1000000E-03           1
|1110000101011001000111000> :  0.8023829E-08  0.1000000E-03           1
|1110000110110011000110101> :  0.1644624E-08  0.1000000E-03           1
|1110000111000001111010110> :  0.1784340E-07  0.1000000E-03           1
|1110000111011001001010100> :  0.2176775E-07  0.1000000E-03           1
|1110001000011111101110000> :  0.3210791E-07  0.1000000E-03           1
|1110001000101001010110000> :  0.2912856E-07  0.1000000E-03           1
|1110001001101001010000101> :  0.1638505E-07  0.1000000E-03           1
|1110001001101101000010110> :  0.1543491E-04  0.1000000E-03           1
|1110001001111110010110111> :  0.1428809E-07  0.1000000E-03           1
|1110001010100001001110010> :  0.2373487E-06  0.1000000E-03           1
|1110001010111101010100000> :  0.7923751E-08  0.1000000E-03           1
|1110001011001101101001010> :  0.1849697E-07  0.1000000E-03           1
|1110001100110011010110000> :  0.1454468E-07  0.1000000E-03           1
|1110001101010101000110110> :  0.1360455E-07  0.1000000E-03           1
|1110001101111100000100011> :  0.2099565E-07  0.1000000E-03           1
|1110001110001011100011010> :  0.3382100E-07  0.1000000E-03           1
|1110001110001101010010010> :  0.1121341E-05  0.1000000E-03           1
|1110001111101110010110100> :  0.8093558E-07  0.1000000E-03           1
|1110010010011000111010110> :  0.2437266E-07  0.1000000E-03           1
|1110010010101001000110000> :  0.2835831E-04  0.1000000E-03           1
|1110010111100000101001101> :  0.1197294E-09  0.1000000E-03           1
|0001101001101010101001101> :  0.6548474E-07  0.1000000E-03           1
|1110011000110011010111010> :  0.2136020E-07  0.1000000E-03           1
|1110011001101101000010110> :  0.4584361E-04  0.1000000E-03           1
|1110011001110110110010100> :  0.2737700E-07  0.1000000E-03           1
|0001010010100001011011111> :  0.2604709E-07  0.1000000E-03           1
|1110011010101001000110110> :  0.7183951E-04  0.1000000E-03           1
|1110011010101001000111010> :  0.5128577E-04  0.1000000E-03           1
|1110011010101001100000010> :  0.3861335E-06  0.1000000E-03           1
|0000110001000001101001110> :  0.1692459E-07  0.1000000E-03           1
|1110011010111000010011111> :  0.1571609E-06  0.1000000E-03           1
|1110011010111001000010110> :  0.7787854E-04  0.1000000E-03           1
|0000100101010000100011111> :  0.9112215E-08  0.1000000E-03           1
|0000010000101111110010010> :  0.2404018E-07  0.1000000E-03           1
|1110011011111101110010010> :  0.4358744E-07  0.1000000E-03           1
|1110011100011000001010111> :  0.5240028E-07  0.1000000E-03           1
|1110011100110001001110010> :  0.7016333E-07  0.1000000E-03           1
|1110011111100110100100010> :  0.1508150E-07  0.1000000E-03           1
|1110100001111000110010101> :  0.1555235E-08  0.1000000E-03           1
|1110100100100100100010111> :  0.1607383E-07  0.1000000E-03           1
|1110100100111000110000111> :  0.2407252E-08  0.1000000E-03           1
|1110100101010010110101000> :  0.8345738E-08  0.1000000E-03           1
|1110100111000100110111010> :  0.8342585E-08  0.1000000E-03           1
|1110101001101101000010110> :  0.3863686E-05  0.1000000E-03           1
|1110101010011001100110010> :  0.1303984E-04  0.1000000E-03           1
|1110101111001000010100110> :  0.3201705E-08  0.1000000E-03           1
|1110110010100001011001110> :  0.1331273E-07  0.1000000E-03           1
|1110110010111110100111111> :  0.1110474E-09  0.1000000E-03           1
|1110110100111010000000111> :  0.2981005E-08  0.1000000E-03           1
|1110110111010001001010111> :  0.2606989E-07  0.1000000E-03           1
|1110111000100001000110100> :  0.2264008E-07  0.1000000E-03           1
|1110111001001001011000010> :  0.3797980E-07  0.1000000E-03           1
|1110111010000011110001000> :  0.8939168E-08  0.1000000E-03           1
|1110111010011000000101000> :  0.3422709E-08  0.1000000E-03           1
|1110111010101001000110010> :  0.1473681E-04  0.1000000E-03           1
|0000000101101001101001110> :  0.2943639E-08  0.1000000E-03           1
|1110111011010010101010110> :  0.4576252E-07  0.1000000E-03           1
|1110111100110000000010110> :  0.2157969E-07  0.1000000E-03           1
|1111000001101100111001110> :  0.2655902E-07  0.1000000E-03           1
|1111000011111100000100110> :  0.1279435E-07  0.1000000E-03           1
|1111000110010010010100011> :  0.8094339E-08  0.1000000E-03           1
|1111000110011010010001011> :  0.1234271E-07  0.1000000E-03           1
|1111000111010100010100111> :  0.1557583E-07  0.1000000E-03           1
|1111001010101000000101011> :  0.3767309E-07  0.1000000E-03           1
|1111001011000100111001101> :  0.3712459E-07  0.1000000E-03           1
|1111001011101010100001000> :  0.5871320E-08  0.1000000E-03           1
|1111001100100101000111001> :  0.9049417E-08  0.1000000E-03           1
|1111001100101000000101001> :  0.1218627E-07  0.1000000E-03           1
|1111010011000010000111110> :  0.1792194E-07  0.1000000E-03           1
|1111011000111011000001100> :  0.9014388E-08  0.1000000E-03           1
|1111011011011001000010010> :  0.1555059E-05  0.1000000E-03           1
|1111100001000110111010110> :  0.2030881E-08  0.1000000E-03           1
|1111100100111100100001101> :  0.4336597E-08  0.1000000E-03           1
|1111101011100000000010011> :  0.1033936E-07  0.1000000E-03           1
|1111101111100100000001011> :  0.2437767E-08  0.1000000E-03           1
|1111110110000001001011100> :  0.1358964E-07  0.1000000E-03           1
|1111110111100100000010100> :  0.4226734E-07  0.1000000E-03           1
|1111111010000000001101110> :  0.3672707E-07  0.1000000E-03           1
|1111111111100001000000011> :  0.5609289E-07  0.1000000E-03           1
|0000000100110100101101101> :  0.1483198E-06  0.1000000E-03           1
