# state, exact probability, frequency, count:
#------------------------------------------------------------------
|0101110100100110011101100010011010> :  0.4078126E+00  0.4055000E+00        4055
|1010001011011001100010011101100101> :  0.4078126E+00  0.4030000E+00        4030
|1010001011011001100100011110000011> :  0.1470644E-01  0.1770000E-01         177
|0101110100100110011011100001111100> :  0.1470644E-01  0.1500000E-01         150
|0101110100100110011111100001110100> :  0.1005104E-01  0.1050000E-01         105
|1010001011011001100000011110001011> :  0.1005104E-01  0.1030000E-01         103
|0101110100100110011111100001011100> :  0.9883751E-02  0.9400000E-02          94
|1010001011011001100000011110100011> :  0.9883751E-02  0.8200000E-02          82
|1011011100110001011100010110001010> :  0.4678198E-02  0.5900000E-02          59
|0101100011001110100011100001110101> :  0.5757404E-02  0.5800000E-02          58
|1010001001011001110000011110001011> :  0.4733167E-02  0.5800000E-02          58
|1010011100110001011100011110001010> :  0.5757404E-02  0.5300000E-02          53
|1010001011011001100000011101100101> :  0.5126603E-02  0.5100000E-02          51
|0101100101001110110011100001111101> :  0.3618936E-02  0.4900000E-02          49
|1010001011011001100010011100100101> :  0.3962687E-02  0.4800000E-02          48
|0100100011001110100011101001110101> :  0.4678198E-02  0.4700000E-02          47
|0101110100100110011111100010011010> :  0.5126603E-02  0.4300000E-02          43
|0101110110100110001111100001110100> :  0.4733167E-02  0.3900000E-02          39
|0101110100100110011101100011011010> :  0.3962687E-02  0.3800000E-02          38
|0101110100100110011111100011011000> :  0.3098750E-02  0.3700000E-02          37
|1010001011011001100000011100100111> :  0.3098750E-02  0.3100000E-02          31
|0101100100100110111011100000111100> :  0.1610552E-02  0.2600000E-02          26
|1010011010110001001100011110000010> :  0.3618936E-02  0.2500000E-02          25
|1010011011011001000010011111100001> :  0.1254457E-02  0.2500000E-02          25
|1010001011011001000010011101100101> :  0.1716797E-02  0.2000000E-02          20
|1010011011011001000110011111000001> :  0.1916671E-02  0.2000000E-02          20
|0101110100100110111101100010011010> :  0.1716797E-02  0.1900000E-02          19
|0101110100100110011101100010001010> :  0.1429314E-02  0.1800000E-02          18
|0101100100100110111001100000111110> :  0.1916671E-02  0.1800000E-02          18
|1010011011011001000010011111001001> :  0.1236556E-02  0.1800000E-02          18
|1101110100100110011101100010011010> :  0.1285456E-02  0.1700000E-02          17
|0101100100100110111101100000011110> :  0.1254457E-02  0.1700000E-02          17
|1010011011011001000100011111000011> :  0.1610552E-02  0.1400000E-02          14
|1010001011011001100010011101110101> :  0.1429314E-02  0.1400000E-02          14
|0101100100100110111111100000110100> :  0.1080312E-02  0.1200000E-02          12
|0010001011011001100010011101100101> :  0.1285456E-02  0.1100000E-02          11
|0101100100100110111101100000110110> :  0.1236556E-02  0.1100000E-02          11
|1010001011011001100010001101110101> :  0.7815301E-03  0.1100000E-02          11
|0101110100100110011011100000111100> :  0.4182230E-03  0.1000000E-02          10
|1010001100011001110100011110001011> :  0.6491665E-03  0.1000000E-02          10
|1010011011011001000000011111001011> :  0.1080312E-02  0.1000000E-02          10
|0101110011100110001011100001110100> :  0.6491665E-03  0.9000000E-03           9
|0101110100100110011101110010001010> :  0.7815301E-03  0.8000000E-03           8
|0101110100100110011101100000110010> :  0.8177603E-03  0.8000000E-03           8
|1010001011011001100010011111001101> :  0.8177603E-03  0.8000000E-03           8
|0101100100100110111111100000011100> :  0.8171795E-03  0.7000000E-03           7
|1010001011011001100000011111001011> :  0.5299495E-03  0.7000000E-03           7
|1001010100110110011101100010011010> :  0.4557851E-03  0.7000000E-03           7
|0101110100100110011101100000110110> :  0.3607964E-03  0.7000000E-03           7
|0101110100100110011111100000110100> :  0.5299495E-03  0.5000000E-03           5
|0101110100100110011101100010010010> :  0.7645689E-03  0.5000000E-03           5
|1010001011011001100010011101101101> :  0.7645689E-03  0.5000000E-03           5
|0101110100100110011101100000011110> :  0.3735784E-03  0.5000000E-03           5
|0101110100100110010111100001011100> :  0.1270723E-03  0.4000000E-03           4
|0101110110100110001011100001110100> :  0.3514908E-03  0.4000000E-03           4
|1010001011011001100110011111000001> :  0.4484224E-03  0.4000000E-03           4
|1010001001011001110100011110001011> :  0.3514908E-03  0.4000000E-03           4
|1010001011011001100110011111000101> :  0.1558625E-03  0.4000000E-03           4
|0101110100100110011001100000111010> :  0.1558625E-03  0.4000000E-03           4
|0110101011001001100010011101100101> :  0.4557851E-03  0.4000000E-03           4
|0101110100100110011111100000110010> :  0.1029723E-03  0.3000000E-03           3
|0101100110100110101111100000110100> :  0.1727572E-03  0.3000000E-03           3
|0101100100100110110011100001111100> :  0.1473489E-03  0.3000000E-03           3
|1010001011011001100010011111001001> :  0.3607964E-03  0.3000000E-03           3
|1010001011011001100010011111100001> :  0.3735784E-03  0.3000000E-03           3
|1010001011011001100000011111100011> :  0.4212240E-03  0.3000000E-03           3
|1010011011011001100100011110000011> :  0.1033541E-03  0.3000000E-03           3
|1010011011011001000000011111100011> :  0.8171795E-03  0.3000000E-03           3
|1010000001011001110000011110001011> :  0.1491544E-03  0.3000000E-03           3
|0101110100100110011001100000111110> :  0.4484224E-03  0.3000000E-03           3
|1010001011011001100100011111000011> :  0.4182230E-03  0.3000000E-03           3
|0101110100100110011111100000011100> :  0.4212240E-03  0.2000000E-03           2
|0101110100100110010111100001110100> :  0.1172866E-03  0.2000000E-03           2
|0101110110100110001111100000110010> :  0.1330085E-03  0.2000000E-03           2
|0101111110100110001111100001110100> :  0.1491544E-03  0.2000000E-03           2
|1010011001011001011000011110001011> :  0.5131790E-04  0.2000000E-03           2
|1010001011011001000010011111001101> :  0.9462769E-04  0.2000000E-03           2
|1011011100110011011101000010011010> :  0.1092933E-03  0.2000000E-03           2
|1010001011011001100010011111100101> :  0.9878601E-04  0.2000000E-03           2
|1010001011011001101000011110001011> :  0.1172866E-03  0.2000000E-03           2
|0100000011011001100011101001110101> :  0.7138116E-07  0.1000000E-03           1
|1101010100100100011100100010011010> :  0.4860794E-07  0.1000000E-03           1
|0001111100110110110101000010011010> :  0.9958194E-09  0.1000000E-03           1
|0101110100100100101111100100011100> :  0.3529394E-09  0.1000000E-03           1
|0101111100101010110000110010001010> :  0.3194648E-08  0.1000000E-03           1
|1011111010111000110100011110000010> :  0.2938033E-08  0.1000000E-03           1
|1001111100100010011100110010001010> :  0.2879898E-07  0.1000000E-03           1
|0101111010100110001101100010011010> :  0.4959469E-06  0.1000000E-03           1
|0101110110100110100101100111010010> :  0.1144210E-08  0.1000000E-03           1
|0101110101001110011001100010001010> :  0.1350209E-04  0.1000000E-03           1
|1011001000110001110000011101111100> :  0.2421265E-08  0.1000000E-03           1
|1011111110111000000110000101110100> :  0.4216450E-09  0.1000000E-03           1
|0111110100101100010111010111001010> :  0.8096991E-08  0.1000000E-03           1
|0101110100100110111110010010001000> :  0.7106322E-09  0.1000000E-03           1
|0101111001100110011011101001110100> :  0.4785139E-08  0.1000000E-03           1
|0101110100100110111001100000111010> :  0.1375946E-03  0.1000000E-03           1
|0101110100100110111101100000110010> :  0.9462769E-04  0.1000000E-03           1
|0101110110100110001111100000110100> :  0.1120939E-03  0.1000000E-03           1
|0101110100100110011101110011001010> :  0.9898340E-06  0.1000000E-03           1
|0101110010100110001111100001110100> :  0.1024496E-03  0.1000000E-03           1
|0101100110100110100111100001110100> :  0.5131790E-04  0.1000000E-03           1
|0101100110100110001111100001110100> :  0.2096144E-04  0.1000000E-03           1
|1000011010100101000111101001110100> :  0.2166405E-08  0.1000000E-03           1
|1001111010110110001111101011010000> :  0.2014013E-08  0.1000000E-03           1
|0010110011001100001010011110001011> :  0.4623032E-08  0.1000000E-03           1
|0110100001001100110000011110001011> :  0.6737020E-05  0.1000000E-03           1
|1010011011011001100000011111001011> :  0.2485986E-06  0.1000000E-03           1
|0101110110100110011111100001110100> :  0.3666212E-04  0.1000000E-03           1
|1010001001011001110000011100101111> :  0.4029848E-04  0.1000000E-03           1
|0101110100100110011101100000011010> :  0.9878601E-04  0.1000000E-03           1
|0001011110110010001111100010010010> :  0.2089452E-06  0.1000000E-03           1
|1010011011010001001000011110001011> :  0.2925147E-05  0.1000000E-03           1
|0101100100100110011011100001111100> :  0.1033541E-03  0.1000000E-03           1
|0101100100100110011111100001011100> :  0.2697862E-04  0.1000000E-03           1
|0110000011001011100010000100110111> :  0.3811658E-09  0.1000000E-03           1
|1010011001011000001010011110101011> :  0.8197391E-09  0.1000000E-03           1
|1110010001110100011000011111001011> :  0.1584012E-08  0.1000000E-03           1
|0011101001100010100010100001111100> :  0.6849079E-09  0.1000000E-03           1
|0101110001000110001001100010011010> :  0.8352060E-07  0.1000000E-03           1
|0101110100100110010011100001111100> :  0.3670190E-04  0.1000000E-03           1
|1011011100110011111000010100100010> :  0.2093108E-08  0.1000000E-03           1
|1010001001111001111100011110001110> :  0.1515815E-08  0.1000000E-03           1
|1010101011010000100010011111001101> :  0.8994509E-09  0.1000000E-03           1
|0101100100101110011101100011011010> :  0.4024007E-07  0.1000000E-03           1
|0101101011001100101010110110001101> :  0.1280213E-08  0.1000000E-03           1
|0101100100100100011101100011011101> :  0.2358363E-08  0.1000000E-03           1
|1001011100110011011101100010011010> :  0.7817709E-04  0.1000000E-03           1
|1011011011011111000001000011100010> :  0.2093551E-08  0.1000000E-03           1
|0100100001001110110011101001111101> :  0.1857677E-04  0.1000000E-03           1
|1010001011011011100010000001101101> :  0.1747826E-06  0.1000000E-03           1
|1010001001011001110000011111001011> :  0.1120939E-03  0.1000000E-03           1
|1010001011011001100010011110001101> :  0.1597977E-04  0.1000000E-03           1
|1010001001011001110000011101101101> :  0.9439512E-04  0.1000000E-03           1
|1010001001011001100000011110001011> :  0.3666212E-04  0.1000000E-03           1
|1010011010111001101101001110000010> :  0.3500510E-08  0.1000000E-03           1
|0101111100100010110111100001011000> :  0.1307586E-08  0.1000000E-03           1
|1011110100001100010100010111001000> :  0.8977909E-09  0.1000000E-03           1
|1111000011011001100010011111001101> :  0.4276751E-08  0.1000000E-03           1
|0110101011001001100110011101100101> :  0.6887887E-05  0.1000000E-03           1
|0100111011000001000010111101110011> :  0.1713025E-09  0.1000000E-03           1
|1010100011011000110100011110010011> :  0.1250854E-09  0.1000000E-03           1
|0101100101001110110011100001110101> :  0.6007127E-05  0.1000000E-03           1
|1001011011100110101001100000111010> :  0.3367568E-08  0.1000000E-03           1
|1010011010110010001101101010010010> :  0.1984417E-08  0.1000000E-03           1
|0101100100100111111111100001110101> :  0.8809202E-09  0.1000000E-03           1
|0101100100100110110111100001110101> :  0.6942051E-06  0.1000000E-03           1
|1010011011011001001100011110000011> :  0.1473489E-03  0.1000000E-03           1
|1010100011011001100010111101100101> :  0.1574833E-07  0.1000000E-03           1
|1000010101110101011000010100111010> :  0.1260938E-08  0.1000000E-03           1
|0100100011001100100010111101100101> :  0.1092933E-03  0.1000000E-03           1
|1000001111011111100010100000110101> :  0.4595506E-09  0.1000000E-03           1
|0101100110001110100111100001110101> :  0.8857605E-05  0.1000000E-03           1
|1010101011001000100010011001110101> :  0.1275195E-07  0.1000000E-03           1
|1010001111001001001110011111000101> :  0.1684853E-08  0.1000000E-03           1
|1010011011011001000000011111000011> :  0.5540535E-06  0.1000000E-03           1
|0010101011011001100010011101100101> :  0.6230179E-04  0.1000000E-03           1
|0101110101001110010011100011001000> :  0.4056711E-05  0.1000000E-03           1
|0110000101001001010010010101101101> :  0.2298078E-08  0.1000000E-03           1
|0010001100110001001110010101010101> :  0.4846827E-08  0.1000000E-03           1
|1000001011011011100011101001110101> :  0.7599555E-04  0.1000000E-03           1
|1110010011010001010100011111100011> :  0.1650337E-08  0.1000000E-03           1
|1110001011011011100010000101100101> :  0.3535544E-08  0.1000000E-03           1
|1010001111011001001110010110000011> :  0.1685690E-08  0.1000000E-03           1
|1001010100110110011101100000011010> :  0.4012014E-05  0.1000000E-03           1
|1010001011011001100010011110100101> :  0.6488600E-05  0.1000000E-03           1
|0110100001100100100010011101111101> :  0.3422407E-08  0.1000000E-03           1
|1010001110110011001111000011010011> :  0.4741477E-09  0.1000000E-03           1
|0110100101001011100010000011001101> :  0.2372250E-09  0.1000000E-03           1
|1010001011011001110100011110000011> :  0.6644077E-04  0.1000000E-03           1
|1101010100110100111001011100111010> :  0.2149186E-09  0.1000000E-03           1
|1010011010110001001100011100110010> :  0.4447416E-05  0.1000000E-03           1
|1010001011011001101100011110000011> :  0.3670190E-04  0.1000000E-03           1
|1010001011011001101000011110100011> :  0.1270723E-03  0.1000000E-03           1
|1101010100100110011101100010011010> :  0.6230179E-04  0.1000000E-03           1
|1010001011011001100000011100100101> :  0.3441424E-05  0.1000000E-03           1
|1010001011010001100110011101110101> :  0.2110508E-05  0.1000000E-03           1
|1010001010011011100010011101100101> :  0.2138630E-07  0.1000000E-03           1
|1101010100100110011001100000111010> :  0.5247074E-05  0.1000000E-03           1
|0101110100101110010111100011001000> :  0.2202995E-05  0.1000000E-03           1
|0100010100110101011110111111011000> :  0.1852572E-08  0.1000000E-03           1
|0010001011011011101010000100110111> :  0.2482310E-08  0.1000000E-03           1
|0010101011011011100001101000110111> :  0.2752173E-08  0.1000000E-03           1
|0101110100100110011111100001110000> :  0.3050526E-04  0.1000000E-03           1
|1110001001011001110001001000111111> :  0.2788510E-08  0.1000000E-03           1
|1010001011011001100000011110001111> :  0.3050526E-04  0.1000000E-03           1
|0111110100010100011100010110001111> :  0.9544394E-12  0.1000000E-03           1
|0101100100100110001111110010000000> :  0.5664854E-10  0.1000000E-03           1
