# state, exact probability, frequency, count:
#------------------------------------------------------------------
|00101000000100001110100000100000100> :  0.1988045E+00  0.2031000E+00        2031
|00001000000100001110100000100000110> :  0.9698354E-01  0.9370000E-01         937
|00001000100100001110000000100000110> :  0.4461635E-01  0.4490000E-01         449
|00101000000100001110000000100010000> :  0.2908956E-01  0.2740000E-01         274
|00101000000100010000101000100000100> :  0.2020737E-01  0.2100000E-01         210
|00101100000100000000101000100000001> :  0.2244268E-01  0.2050000E-01         205
|00101100000100010000101000100000000> :  0.2068699E-01  0.2020000E-01         202
|00101000000100010010100000100000100> :  0.1907824E-01  0.1980000E-01         198
|00101000000100101100100000000000100> :  0.1907955E-01  0.1950000E-01         195
|00101000000010001100100000100000100> :  0.1926510E-01  0.1890000E-01         189
|00101000000100010010000000100001100> :  0.1447939E-01  0.1600000E-01         160
|00101000000101001010000000100001000> :  0.1430434E-01  0.1450000E-01         145
|00101000000100010000001000100001100> :  0.1281335E-01  0.1260000E-01         126
|00101000000101001000000000100001001> :  0.1196774E-01  0.1250000E-01         125
|00101100000100000000001000100001001> :  0.1282112E-01  0.1200000E-01         120
|00101010000100000110000000100010000> :  0.1278501E-01  0.1120000E-01         112
|00101100000100000000001000100010001> :  0.1050105E-01  0.1100000E-01         110
|00101000000100001100100000100000100> :  0.1065104E-01  0.1060000E-01         106
|00101100000100010000001000100001000> :  0.1031281E-01  0.1050000E-01         105
|00101100000100010000001000100010000> :  0.8543488E-02  0.8900000E-02          89
|00101010000100010010000000100010000> :  0.7678117E-02  0.8700000E-02          87
|00101000000100001110100000100000000> :  0.7633912E-02  0.8300000E-02          83
|00101000000100001010000000100001100> :  0.9677704E-02  0.8100000E-02          81
|00001000000010001100100010100000100> :  0.7766495E-02  0.8000000E-02          80
|00101000000100001110000000100000100> :  0.8058020E-02  0.7500000E-02          75
|00101000000100110000101000000000100> :  0.7710336E-02  0.7300000E-02          73
|00001000000010001100100000100000110> :  0.7028332E-02  0.6500000E-02          65
|00001000100100010010000000100000110> :  0.5232296E-02  0.5500000E-02          55
|00001000000100001100100000100000110> :  0.4974530E-02  0.5300000E-02          53
|00101000000101000000001000100001001> :  0.3803462E-02  0.5300000E-02          53
|00011100000100110000101000000000000> :  0.5027841E-02  0.5200000E-02          52
|00101100000100110000101000000000000> :  0.6364708E-02  0.5100000E-02          51
|00101000000100001110100000000000100> :  0.3937755E-02  0.4500000E-02          45
|00001000100101001010000000100000010> :  0.4612269E-02  0.4400000E-02          44
|00101100000100000100100000100000000> :  0.5601774E-02  0.4400000E-02          44
|00001000000100001110100000100000100> :  0.3386972E-02  0.3900000E-02          39
|00101100000010000100100000100000000> :  0.3627954E-02  0.3800000E-02          38
|00001000100100001110000000100000010> :  0.3492615E-02  0.3700000E-02          37
|00101100000100100000101000000000001> :  0.3591465E-02  0.3600000E-02          36
|00011000100100101100000000000000000> :  0.3071081E-02  0.3500000E-02          35
|00101001000100110000001000000000100> :  0.4988148E-02  0.3300000E-02          33
|00011011100100010010000000000000000> :  0.2861353E-02  0.3300000E-02          33
|00001000000100001110100000100000010> :  0.2684172E-02  0.3100000E-02          31
|00101100000100000100000000100010000> :  0.3218927E-02  0.3100000E-02          31
|00011011100101000010000000000000000> :  0.2040050E-02  0.2900000E-02          29
|00101000000100000110100000100000100> :  0.2517710E-02  0.2900000E-02          29
|01011010000100000110000000000010000> :  0.3277255E-02  0.2800000E-02          28
|00001000000100010010100000100000110> :  0.3649977E-02  0.2700000E-02          27
|00101000000100001110100000100000110> :  0.3150416E-02  0.2600000E-02          26
|00101000000100001000000000100010001> :  0.2247350E-02  0.2500000E-02          25
|00011100000100100100100000000000000> :  0.3200312E-02  0.2500000E-02          25
|00001100000010000100100010100000000> :  0.2306641E-02  0.2500000E-02          25
|00011011100100000110000000000000000> :  0.2783864E-02  0.2400000E-02          24
|01011100000100000100000000000010000> :  0.2109634E-02  0.2400000E-02          24
|00011000000100101100100000000000000> :  0.3320810E-02  0.2300000E-02          23
|00000000000010001100100001100000110> :  0.2278526E-02  0.2300000E-02          23
|00100000000010001100100001100000100> :  0.2531311E-02  0.2200000E-02          22
|00101000000100001000100000100000001> :  0.2237110E-02  0.2100000E-02          21
|00101001000100010010000000000000100> :  0.1632693E-02  0.2100000E-02          21
|00101000000100001010100000100000100> :  0.3291709E-02  0.2000000E-02          20
|00000100000010000101100000100100000> :  0.1538191E-02  0.2000000E-02          20
|00101100000100100100100000000000000> :  0.1923746E-02  0.2000000E-02          20
|00011100100100100100000000000000000> :  0.2363848E-02  0.2000000E-02          20
|00011000100100001110000000000000000> :  0.1326865E-02  0.2000000E-02          20
|00001000100100001100000000100000110> :  0.1374091E-02  0.1900000E-02          19
|00001000100100001110000000100000100> :  0.2312421E-02  0.1800000E-02          18
|00101000000010001000000000100001100> :  0.1156033E-02  0.1700000E-02          17
|00001000100100101100000000000000100> :  0.1502267E-02  0.1700000E-02          17
|00000000000100001110100000100000110> :  0.1288047E-02  0.1500000E-02          15
|00001000100100001110100000100000110> :  0.1288675E-02  0.1400000E-02          14
|00011000000000101100100010000000000> :  0.9105312E-03  0.1300000E-02          13
|00001000000000101100100010000000100> :  0.1483755E-02  0.1300000E-02          13
|00100100001100000100000000100010000> :  0.9013703E-03  0.1200000E-02          12
|00101000000100001100100000100000000> :  0.8866459E-03  0.1200000E-02          12
|00000100000100000101100000100000000> :  0.9368652E-03  0.1200000E-02          12
|00100000000100001100100000100000100> :  0.1107951E-02  0.1200000E-02          12
|00001000000000001100100010100000100> :  0.1005338E-02  0.1200000E-02          12
|00101011000100010010000000000000000> :  0.1010858E-02  0.1200000E-02          12
|00011100000000100100100010000000000> :  0.8675036E-03  0.1100000E-02          11
|00101100000010000100000000100010000> :  0.1253954E-02  0.1100000E-02          11
|00101000000100010010100000100000000> :  0.4251249E-03  0.1100000E-02          11
|00001010100100000110000000100000000> :  0.1231458E-02  0.1100000E-02          11
|00000000000010000100100001100100110> :  0.1126697E-02  0.1100000E-02          11
|00001000000100001000100000100000011> :  0.8927853E-03  0.1100000E-02          11
|00001000100100001110000000000000110> :  0.1103357E-02  0.1100000E-02          11
|00001000100000001110000000100000110> :  0.1285329E-02  0.1100000E-02          11
|00001010100100010010000000100000000> :  0.6295670E-03  0.1100000E-02          11
|00011001100100100100000000000000000> :  0.9205009E-03  0.1000000E-02          10
|00101000000100001010000000100010000> :  0.8438567E-03  0.1000000E-02          10
|00101010000101000010000000100000000> :  0.1101798E-02  0.1000000E-02          10
|00001000000010000100100010100000100> :  0.7814799E-03  0.1000000E-02          10
|00101011000100000110000000000000000> :  0.7027803E-03  0.1000000E-02          10
|00001100000100010000101000100000000> :  0.1333174E-02  0.1000000E-02          10
|00001011100100010010000000000000000> :  0.7795148E-03  0.9000000E-03           9
|00101000000100010000101000100001100> :  0.4711329E-03  0.9000000E-03           9
|00101000000100101100100000000000000> :  0.8320279E-03  0.9000000E-03           9
|00001001100100010010000000000000100> :  0.8211645E-03  0.9000000E-03           9
|00001000000100001010100000100000110> :  0.8763517E-03  0.9000000E-03           9
|01001100000010000100010010000000000> :  0.4115415E-03  0.9000000E-03           9
|00001000100100000110000000100000110> :  0.8443381E-03  0.9000000E-03           9
|00001000000010001100100000000000110> :  0.4690944E-03  0.9000000E-03           9
|00001100000100000000101000100000001> :  0.8151580E-03  0.8000000E-03           8
|00000000100100001110000000100000110> :  0.1158040E-02  0.8000000E-03           8
|00100000000100001110100000100000100> :  0.7447571E-03  0.8000000E-03           8
|00101000000100010000001000100010000> :  0.6901134E-03  0.8000000E-03           8
|00101000000100010010000000100000100> :  0.4531246E-03  0.8000000E-03           8
|00101000000010000100100000100000100> :  0.1148685E-02  0.8000000E-03           8
|00101000000010001100100000100000000> :  0.3187757E-03  0.8000000E-03           8
|00001000000010001100100010100000000> :  0.5941333E-03  0.8000000E-03           8
|00000000100100001101000000100000000> :  0.4482927E-03  0.8000000E-03           8
|00101000000100001100000000100010000> :  0.7739675E-03  0.8000000E-03           8
|00101100000100000000001000100000001> :  0.8041459E-03  0.8000000E-03           8
|00001011100100000110000000000000000> :  0.7950021E-03  0.8000000E-03           8
|00001000000100001100100000100000010> :  0.1018587E-02  0.8000000E-03           8
|00000100000100000101000000100010000> :  0.4019445E-03  0.7000000E-03           7
|00001000000010001100010010000000000> :  0.5167555E-03  0.7000000E-03           7
|00101100000100000000000000100001001> :  0.7079922E-03  0.7000000E-03           7
|10000100000010000101000000001010000> :  0.4854453E-03  0.7000000E-03           7
|00000000000100001101100000100000000> :  0.7167239E-03  0.7000000E-03           7
|00001000000100001110000000100010000> :  0.5894914E-03  0.7000000E-03           7
|00001000000100101100100000000000100> :  0.8506292E-03  0.7000000E-03           7
|00001100100100000100000000100000000> :  0.4729907E-03  0.7000000E-03           7
|00001000100000101100000010000000100> :  0.5977690E-03  0.7000000E-03           7
|00101000000100001000100000100000100> :  0.2681864E-03  0.7000000E-03           7
|00101001000100000110000000000000100> :  0.7516584E-03  0.7000000E-03           7
|00001000100100010010000000100000100> :  0.3970399E-03  0.7000000E-03           7
|00101000000101001010000000100000000> :  0.7868792E-03  0.7000000E-03           7
|00001000100100001100000000100000010> :  0.4928172E-03  0.7000000E-03           7
|00101011000101000010000000000000000> :  0.4615420E-03  0.6000000E-03           6
|00000000000001001001000010100001001> :  0.3944987E-03  0.6000000E-03           6
|00101100000100000000000000100010001> :  0.6799015E-03  0.6000000E-03           6
|00101000000101000000001000100001000> :  0.4754173E-03  0.6000000E-03           6
|01011100000000000100000010000000000> :  0.4896259E-03  0.6000000E-03           6
|00001000000100000110100000100000110> :  0.5694501E-03  0.6000000E-03           6
|00101000000010000000101000100000100> :  0.9956625E-03  0.6000000E-03           6
|00011000000100110000101000000000000> :  0.2877115E-03  0.6000000E-03           6
|00101000000100101100000000000000100> :  0.3426707E-03  0.6000000E-03           6
|00101000000100101000100000000000001> :  0.7563684E-03  0.6000000E-03           6
|00101000000010001100000000100010000> :  0.6558454E-03  0.6000000E-03           6
|00101000000000000110100000100000100> :  0.3028394E-03  0.6000000E-03           6
|00101100000100010000101000000000000> :  0.2909977E-03  0.6000000E-03           6
|00001000000101001000010000000001001> :  0.3195294E-03  0.6000000E-03           6
|00101100000010000000101000100000000> :  0.9200698E-03  0.6000000E-03           6
|00000000000100001101000000100010000> :  0.4928635E-03  0.6000000E-03           6
|00101000000101001010000000000001000> :  0.3559837E-03  0.5000000E-03           5
|00101100000100010000101000100001000> :  0.2993016E-03  0.5000000E-03           5
|00001000000010001000000010100001100> :  0.6180638E-03  0.5000000E-03           5
|00000000000100001001100000100000001> :  0.3409854E-03  0.5000000E-03           5
|00101000000000001010000000100001100> :  0.2272854E-03  0.5000000E-03           5
|00001000100100001110000000100000000> :  0.5822612E-03  0.5000000E-03           5
|00000100000010000101100010100000000> :  0.1758243E-03  0.5000000E-03           5
|00001000100101001010000000100000000> :  0.6086947E-03  0.5000000E-03           5
|00011000100101001010000000000000000> :  0.9174373E-03  0.5000000E-03           5
|00001100000010000000101010100000000> :  0.6450420E-03  0.5000000E-03           5
|00101000000100001110000000000010000> :  0.2794849E-03  0.5000000E-03           5
|00000000000010001100000001100000110> :  0.3279454E-03  0.5000000E-03           5
|01011010000101000010000000000000000> :  0.4098303E-03  0.5000000E-03           5
|00101000000100000010100000100000100> :  0.4947734E-03  0.5000000E-03           5
|00101001000000000110000000000000100> :  0.2288409E-03  0.5000000E-03           5
|00101000000100000000101000100000100> :  0.6943060E-03  0.5000000E-03           5
|00011100100000100100000010000000000> :  0.3614289E-03  0.5000000E-03           5
|00001000000010001100100000100000010> :  0.6422391E-03  0.5000000E-03           5
|00000000100100010010000000100000110> :  0.2290795E-03  0.5000000E-03           5
|00101100000100010000001000100010001> :  0.1984470E-03  0.5000000E-03           5
|00001100000000100100010010000000000> :  0.1796306E-03  0.5000000E-03           5
|00101011000101000000000000000000001> :  0.3919544E-03  0.5000000E-03           5
|00101000000100000000001000100001100> :  0.6605857E-03  0.5000000E-03           5
|00011000100000101100000010000000000> :  0.3845801E-03  0.4000000E-03           4
|00101100000000010000101000100000000> :  0.1647050E-03  0.4000000E-03           4
|01000100000010000101000000001010000> :  0.4026524E-03  0.4000000E-03           4
|00100100001100010000000000100010000> :  0.3291314E-03  0.4000000E-03           4
|00101000000100001010100000100001100> :  0.2303845E-03  0.4000000E-03           4
|00101000000000010000001000100001100> :  0.3800826E-03  0.4000000E-03           4
|00101000000100010010100000100001100> :  0.4573310E-03  0.4000000E-03           4
|10000100001100000100000000000010000> :  0.2711581E-03  0.4000000E-03           4
|00101100000010000000000000100001000> :  0.1469957E-03  0.4000000E-03           4
|00101100000000010000001000100001000> :  0.1719713E-03  0.4000000E-03           4
|00011011000101000010000000000000000> :  0.1625545E-03  0.4000000E-03           4
|00001100000100000100100000100000000> :  0.5319514E-03  0.4000000E-03           4
|00101010000100000000000000100010001> :  0.7461853E-03  0.4000000E-03           4
|01001000000100000110010000000000010> :  0.1566604E-03  0.4000000E-03           4
|00101010000100001110000000100010000> :  0.2834925E-03  0.4000000E-03           4
|00001000000100000010100000100000110> :  0.2111034E-03  0.4000000E-03           4
|00001000000010000100100000100000110> :  0.3575926E-03  0.4000000E-03           4
|00101010000000010010000000100010000> :  0.1224819E-03  0.4000000E-03           4
|00101010000000000110000000100010000> :  0.2330957E-03  0.4000000E-03           4
|00001000100000001100000010100000100> :  0.5632092E-03  0.4000000E-03           4
|00101000000100010000100000100000100> :  0.1212599E-03  0.4000000E-03           4
|00101000000100010000101000000000100> :  0.2856869E-03  0.4000000E-03           4
|00101010000100000110000000100000000> :  0.5484719E-03  0.4000000E-03           4
|01011010000100000110000000000000000> :  0.3722877E-03  0.4000000E-03           4
|00001000000100000100100000100000110> :  0.6464073E-04  0.4000000E-03           4
|00001100100100100100000000000000000> :  0.2480143E-03  0.4000000E-03           4
|00001001100100000110000000000000100> :  0.5832634E-03  0.4000000E-03           4
|00100000000100010010100000100000100> :  0.2149239E-03  0.4000000E-03           4
|00101000000100010110100000100000100> :  0.1542687E-03  0.4000000E-03           4
|00011001000100110000001000000000000> :  0.2867783E-03  0.4000000E-03           4
|00101001000010000100000000000000100> :  0.3824416E-03  0.4000000E-03           4
|00001100000100110000101000000000000> :  0.2168810E-03  0.4000000E-03           4
|00101100000100110000100000000000000> :  0.1364956E-03  0.4000000E-03           4
|00000000000100001100100000100000110> :  0.4779456E-03  0.4000000E-03           4
|00101100000100010000101000100000100> :  0.3844039E-03  0.4000000E-03           4
|00101000000100001100100000000000100> :  0.6068203E-03  0.4000000E-03           4
|00001000000100001110010000000000010> :  0.2487996E-03  0.4000000E-03           4
|00001000100000000110000000100000110> :  0.1052934E-03  0.4000000E-03           4
|00101000000010001110100000100000100> :  0.1813131E-03  0.4000000E-03           4
|00000000100100101101000000000000000> :  0.2658304E-03  0.4000000E-03           4
|00101000000100010010000000000001100> :  0.4536401E-03  0.4000000E-03           4
|00001000000001001000000010100001001> :  0.3993712E-03  0.4000000E-03           4
|00101000000100001010000000000001100> :  0.3578124E-03  0.4000000E-03           4
|00101100000100000000101000100001001> :  0.1985795E-03  0.4000000E-03           4
|00101010000101000000000000100000001> :  0.3727302E-03  0.4000000E-03           4
|00001000100100001010000000100000110> :  0.6826571E-03  0.3000000E-03           3
|00001100000010000100000000100010000> :  0.1056854E-03  0.3000000E-03           3
|00001100000000100000010010000000001> :  0.7856323E-04  0.3000000E-03           3
|00001100000000000000001010100001001> :  0.1436284E-03  0.3000000E-03           3
|00001000000000101100010010000000000> :  0.2940650E-03  0.3000000E-03           3
|00101001000001000000001000000000001> :  0.9449960E-04  0.3000000E-03           3
|00101000000100000000001000100001001> :  0.1124892E-03  0.3000000E-03           3
|00101010000100010110000000100010000> :  0.2019329E-03  0.3000000E-03           3
|00101100000100010000001000000001000> :  0.1006590E-03  0.3000000E-03           3
|00001100000100000000101000100000000> :  0.2526879E-04  0.3000000E-03           3
|00001000000101001010010000000001000> :  0.2429066E-03  0.3000000E-03           3
|00011100000100000100100000000000000> :  0.2381891E-03  0.3000000E-03           3
|00101100000100100100100000000000001> :  0.3283284E-04  0.3000000E-03           3
|00001000000000001110100000100000010> :  0.2127922E-03  0.3000000E-03           3
|00001000100000001100000010100000000> :  0.2336135E-03  0.3000000E-03           3
|00000000100000001100000001100000110> :  0.4512377E-03  0.3000000E-03           3
|01001000000101000010010000000000010> :  0.2961303E-03  0.3000000E-03           3
|00011100000100100000101000000000000> :  0.3731549E-03  0.3000000E-03           3
|00001000000100001110100000000000110> :  0.5075232E-03  0.3000000E-03           3
|00001000100100001110000000000000010> :  0.1712413E-03  0.3000000E-03           3
|00101100000100110000001000000000000> :  0.1788654E-03  0.3000000E-03           3
|10000000000100001101000000000010000> :  0.1442807E-03  0.3000000E-03           3
|00001000000010001100000000100000110> :  0.3771584E-03  0.3000000E-03           3
|00001000000100001100000000100010000> :  0.1632955E-03  0.3000000E-03           3
|00101000000100101100100000100000100> :  0.2248169E-03  0.3000000E-03           3
|00101000000000001010100000100000100> :  0.1128522E-03  0.3000000E-03           3
|00001000100100001110000000000000100> :  0.1758770E-03  0.3000000E-03           3
|00000000000010001101100010100000000> :  0.3105125E-03  0.3000000E-03           3
|00001000000100001100100000100000100> :  0.1386223E-03  0.3000000E-03           3
|00101000000000001110000000100010000> :  0.9538306E-04  0.3000000E-03           3
|00101010000001000010000000100000000> :  0.4574837E-04  0.3000000E-03           3
|00000100011000000100000000100100000> :  0.1361510E-03  0.3000000E-03           3
|00101000000000010000101000100000100> :  0.3678472E-03  0.3000000E-03           3
|00101000000110001100100000100000100> :  0.1564316E-03  0.3000000E-03           3
|00101000000100110000100000000000100> :  0.2162185E-03  0.3000000E-03           3
|00001000100100000110000000100000100> :  0.8567766E-04  0.3000000E-03           3
|00001000100000001110000000100000100> :  0.5769573E-04  0.3000000E-03           3
|00101000100100001110000000100000100> :  0.7697531E-04  0.3000000E-03           3
|00011001100100110000000000000000000> :  0.3260708E-03  0.3000000E-03           3
|00000001100100100101000000000000000> :  0.1277106E-03  0.3000000E-03           3
|00101001000100110000000000000000100> :  0.1819235E-03  0.3000000E-03           3
|00101001000100110000101000000000100> :  0.2175287E-03  0.3000000E-03           3
|00011011000100000110000000000000000> :  0.1754967E-03  0.3000000E-03           3
|01011010000100000100000000000010000> :  0.2441310E-03  0.3000000E-03           3
|00101000000100001110000000100010100> :  0.3103683E-03  0.3000000E-03           3
|00101000000100000100100000100000100> :  0.3279933E-03  0.3000000E-03           3
|00011011100000000110000000000000000> :  0.2168626E-03  0.3000000E-03           3
|00011100100100110000000000000000000> :  0.2801013E-03  0.3000000E-03           3
|00011011100100000010000000000000000> :  0.1792679E-03  0.3000000E-03           3
|00001100000100100100010000000000000> :  0.2483731E-03  0.3000000E-03           3
|00001000000100010000100000100000110> :  0.1979532E-03  0.3000000E-03           3
|00101100000010000000001000100010000> :  0.2597560E-03  0.3000000E-03           3
|00001000000010001100010000000000010> :  0.3621116E-03  0.3000000E-03           3
|00100100000100000000001000100010001> :  0.1139865E-03  0.3000000E-03           3
|10000100000100000101100000000000000> :  0.1138443E-03  0.3000000E-03           3
|00011100000100000100000000000010000> :  0.1734439E-03  0.3000000E-03           3
|00001100000100010000001000000010000> :  0.1058625E-04  0.3000000E-03           3
|00001100000100010000001000100010000> :  0.3000696E-03  0.3000000E-03           3
|00001100000100100000101000000000001> :  0.3378781E-03  0.3000000E-03           3
|00101000000101000010000000100001000> :  0.3767324E-03  0.3000000E-03           3
|00001100000100100000010000000000001> :  0.2669866E-03  0.3000000E-03           3
|00001100000100010000001000100001000> :  0.2194810E-03  0.3000000E-03           3
|00001000000001001000010010000001001> :  0.3046315E-03  0.3000000E-03           3
|00101000000100001110000000100001100> :  0.3183618E-03  0.3000000E-03           3
|00100000000101000000001000100001001> :  0.2165302E-03  0.3000000E-03           3
|00101001000101000000001000000000001> :  0.3599943E-03  0.3000000E-03           3
|00001000000100101000010000000000001> :  0.9975356E-04  0.3000000E-03           3
|00001010100001000010000000100000000> :  0.5055268E-04  0.3000000E-03           3
|00001100000000000000101010100000001> :  0.4507282E-03  0.3000000E-03           3
|00001100000010000000100010100000000> :  0.9978427E-04  0.3000000E-03           3
|00001000100100101100000000000000000> :  0.1483734E-03  0.3000000E-03           3
|00000000000010001101100000100000000> :  0.8395129E-04  0.3000000E-03           3
|00001011100100010010000000100000000> :  0.2031736E-04  0.2000000E-03           2
|00101000000100001010100000100000000> :  0.1811299E-03  0.2000000E-03           2
|10000100000010000101000000000010000> :  0.7882303E-05  0.2000000E-03           2
|00011000100000001100000010000000000> :  0.7411211E-04  0.2000000E-03           2
|00101100000010000000001000100001000> :  0.2285090E-03  0.2000000E-03           2
|00000000100000001100000001001000000> :  0.2793723E-04  0.2000000E-03           2
|00001100000000100100100010000000000> :  0.7714289E-04  0.2000000E-03           2
|00101000000010001100100000100000110> :  0.2981439E-03  0.2000000E-03           2
|00101100000100010000101000100000001> :  0.4057514E-03  0.2000000E-03           2
|00000100000000000101100010100000000> :  0.7280918E-04  0.2000000E-03           2
|00011000000100001110000000000010000> :  0.1941001E-03  0.2000000E-03           2
|00111100000100110000101000000000000> :  0.1257106E-03  0.2000000E-03           2
|00011010100000000100000010000000000> :  0.2328132E-03  0.2000000E-03           2
|00100000000100001110000000100010000> :  0.5390225E-04  0.2000000E-03           2
|00101000000000001110000000100000100> :  0.5389723E-04  0.2000000E-03           2
|00101000000100110000101000100000100> :  0.1951342E-03  0.2000000E-03           2
|00011000000000001110000000000010000> :  0.2357978E-04  0.2000000E-03           2
|00001000000000101100100000000000100> :  0.1354579E-04  0.2000000E-03           2
|00010100001100100100000000000000000> :  0.1976835E-03  0.2000000E-03           2
|00000100100100100101000000000000000> :  0.1925468E-03  0.2000000E-03           2
|00010000000100110000001000000000000> :  0.1085754E-05  0.2000000E-03           2
|00100000000010001100100000100000100> :  0.1777566E-03  0.2000000E-03           2
|00001000000010001100100000100000100> :  0.1950668E-03  0.2000000E-03           2
|00101000000010000100100000100000000> :  0.6685109E-04  0.2000000E-03           2
|00101000000100000110000000100000100> :  0.5247160E-03  0.2000000E-03           2
|00111000000100101100100000000000000> :  0.4996513E-04  0.2000000E-03           2
|00000100100100000101000000100000000> :  0.2907510E-03  0.2000000E-03           2
|00000100100000000101000000001000000> :  0.3439669E-04  0.2000000E-03           2
|00001100100000000100000010100000000> :  0.3096311E-03  0.2000000E-03           2
|00001000000100001110100000000000100> :  0.1650070E-03  0.2000000E-03           2
|01001000000010000100000010000000100> :  0.1358260E-03  0.2000000E-03           2
|00010100010000000100000000001100000> :  0.9847175E-04  0.2000000E-03           2
|00101000000010000000100000100000100> :  0.1512232E-03  0.2000000E-03           2
|00010100001100110000000000000000000> :  0.1076195E-03  0.2000000E-03           2
|00100000000100101100100000000000100> :  0.1093303E-03  0.2000000E-03           2
|00001000000100101100010000000000000> :  0.1895546E-03  0.2000000E-03           2
|00101000000010001100100010100000100> :  0.2175258E-03  0.2000000E-03           2
|00001000000100110000101000000000100> :  0.1303526E-03  0.2000000E-03           2
|10000100001100000100010000000000000> :  0.1765780E-03  0.2000000E-03           2
|01010100001100000100000000000000000> :  0.7620524E-04  0.2000000E-03           2
|00001010100000000110000000100000000> :  0.1492475E-03  0.2000000E-03           2
|00001000000000000000101010100000100> :  0.3441384E-05  0.2000000E-03           2
|00100000000000000000101001100000100> :  0.4559138E-04  0.2000000E-03           2
|01000100001010000100000010000000000> :  0.4454141E-04  0.2000000E-03           2
|00001010100000000100000010100000000> :  0.2041272E-03  0.2000000E-03           2
|00010000000100001110000000000010000> :  0.2383125E-04  0.2000000E-03           2
|00001000000101001000000000100000011> :  0.3355436E-03  0.2000000E-03           2
|00001010100100000010000000100000000> :  0.7842701E-04  0.2000000E-03           2
|00101000000100000110000000100010000> :  0.5461961E-04  0.2000000E-03           2
|00011000000000001110100000000000000> :  0.9151450E-04  0.2000000E-03           2
|00001000000100001000010000000000011> :  0.5085163E-04  0.2000000E-03           2
|00001000100100101100100000000000100> :  0.6644934E-04  0.2000000E-03           2
|00101000000100001110100000100010000> :  0.1980554E-03  0.2000000E-03           2
|00001000000100100100100000000000100> :  0.1965326E-04  0.2000000E-03           2
|00101001000100100100000000000000100> :  0.8286455E-04  0.2000000E-03           2
|00001000000010000000101010100000100> :  0.5360799E-03  0.2000000E-03           2
|00011010100100000110000000000000000> :  0.3533044E-03  0.2000000E-03           2
|00101000000010000100100000000000100> :  0.9023151E-04  0.2000000E-03           2
|00011000000100010010000000000010000> :  0.3440661E-04  0.2000000E-03           2
|00001000000000001100100000100000110> :  0.1746290E-03  0.2000000E-03           2
|00101011000100000010000000000000000> :  0.3130386E-04  0.2000000E-03           2
|00101010000100000100000000100010000> :  0.3584930E-03  0.2000000E-03           2
|00001000000000001110100000000000110> :  0.1024247E-03  0.2000000E-03           2
|00000000000010001000100001100000110> :  0.4547477E-04  0.2000000E-03           2
|00010100000100110000101000000000000> :  0.6740046E-04  0.2000000E-03           2
|00100000000010001100100000000000100> :  0.4419464E-04  0.2000000E-03           2
|00001000100101001000000000100000010> :  0.3058779E-03  0.2000000E-03           2
|00001000100101000010000000100000010> :  0.6646819E-04  0.2000000E-03           2
|00011010000100000110000000000010000> :  0.1477367E-03  0.2000000E-03           2
|00101100000100110000101000000000100> :  0.1297061E-03  0.2000000E-03           2
|00101010000100010000000000100010000> :  0.1518939E-03  0.2000000E-03           2
|00101010000100010010000000000010000> :  0.9605612E-04  0.2000000E-03           2
|00001000000010001100100001100000110> :  0.4813427E-04  0.2000000E-03           2
|00000100000100100101100000000000000> :  0.2455973E-03  0.2000000E-03           2
|01000000000100000110000000000000110> :  0.1778893E-04  0.2000000E-03           2
|00000000000100001110100000000000110> :  0.1099408E-03  0.2000000E-03           2
|00001000000101001010010000000000010> :  0.8677189E-04  0.2000000E-03           2
|00001000000101001010000000100000010> :  0.6797046E-04  0.2000000E-03           2
|00101000000010001100100000000000000> :  0.4837592E-04  0.2000000E-03           2
|00001000000100001000100000100000110> :  0.8681238E-04  0.2000000E-03           2
|00001000000100010010100000000000110> :  0.1730656E-03  0.2000000E-03           2
|00101000000100010010100000100000110> :  0.1214376E-03  0.2000000E-03           2
|00001000000100001110100000000000010> :  0.1377225E-03  0.2000000E-03           2
|00100000000100010000101100000000000> :  0.2101288E-03  0.2000000E-03           2
|00100100000010000100000000001010000> :  0.7851939E-04  0.2000000E-03           2
|00001000100000001110000000000000110> :  0.4516821E-04  0.2000000E-03           2
|00101100000100010000100000100000000> :  0.2040801E-03  0.2000000E-03           2
|00001000000110001100100000100000110> :  0.8867187E-04  0.2000000E-03           2
|00001000000000001110010000000000010> :  0.7012973E-04  0.2000000E-03           2
|00001000100100001100100000100000110> :  0.4516875E-04  0.2000000E-03           2
|00101100000100000000101000100010001> :  0.7830305E-04  0.2000000E-03           2
|00001011100101000010000000000000000> :  0.3596666E-03  0.2000000E-03           2
|00001100000100000000001000100010001> :  0.1601560E-03  0.2000000E-03           2
|00100000000000001000000100001001000> :  0.4184262E-04  0.2000000E-03           2
|10000000000000001001000100001001000> :  0.1018073E-03  0.2000000E-03           2
|00101011000000000110000000000000000> :  0.1153653E-03  0.2000000E-03           2
|00101000000100000000001000100010001> :  0.3558847E-03  0.2000000E-03           2
|00100100000100000100100000100000000> :  0.1679648E-03  0.2000000E-03           2
|00101100000100000110000000100010000> :  0.5545142E-04  0.2000000E-03           2
|00101100000100010000000000100010000> :  0.1357213E-03  0.2000000E-03           2
|00011100000000000100100010000000000> :  0.2053125E-03  0.2000000E-03           2
|00101100000100100000101000100000001> :  0.2060399E-03  0.2000000E-03           2
|00100000000100010000001100000001000> :  0.1675071E-03  0.2000000E-03           2
|10000000000101001000010000000001000> :  0.1669502E-04  0.2000000E-03           2
|00100100000100010000001000100010000> :  0.2502515E-03  0.2000000E-03           2
|00101100000100000100100000100000001> :  0.5897267E-04  0.2000000E-03           2
|00000100000100000001100000100000001> :  0.1719278E-03  0.2000000E-03           2
|00100100000100000000101000100000001> :  0.2134173E-03  0.2000000E-03           2
|00001100000100000000100000100000001> :  0.5865402E-04  0.2000000E-03           2
|00011000000100001110100000000000000> :  0.8935354E-03  0.2000000E-03           2
|00100100000000010000001000100001000> :  0.2518129E-04  0.2000000E-03           2
|00101100000100010000000000100001000> :  0.2352920E-03  0.2000000E-03           2
|00000100000010000101000000100100000> :  0.6954376E-04  0.2000000E-03           2
|00011000100100100100000000000000000> :  0.9215077E-04  0.2000000E-03           2
|00001000000010001100000010010000000> :  0.2030204E-03  0.2000000E-03           2
|10000100001100010000000000000010000> :  0.8290142E-04  0.2000000E-03           2
|01000100000100000101000000000010000> :  0.3402422E-03  0.2000000E-03           2
|00101100000010000000001000100000000> :  0.6173012E-04  0.2000000E-03           2
|00001000000100001010000000100001100> :  0.1325041E-03  0.2000000E-03           2
|00101100000000110000101000000000000> :  0.1519513E-03  0.2000000E-03           2
|01000100000010000100010000001000000> :  0.8813516E-04  0.2000000E-03           2
|00101000000000010010000000100001100> :  0.1621409E-03  0.2000000E-03           2
|00101100000100010000001000100001001> :  0.2664764E-03  0.2000000E-03           2
|00000100000010000001100010100000000> :  0.5296769E-04  0.2000000E-03           2
|00101000000100000010000000100001100> :  0.3142154E-03  0.2000000E-03           2
|00101000000100000000101000100000001> :  0.3086373E-03  0.2000000E-03           2
|00101000000101001010000000100001001> :  0.2454961E-03  0.2000000E-03           2
|00001100000010000100101010100000000> :  0.2163567E-04  0.2000000E-03           2
|00000000000101001001000000100001001> :  0.2597906E-03  0.2000000E-03           2
|00000100000000000000101010100000001> :  0.1959342E-04  0.2000000E-03           2
|00101000000100010010001000100001100> :  0.1318841E-03  0.2000000E-03           2
|00101000000101001010000000100001100> :  0.1259938E-03  0.2000000E-03           2
|00000000000000001000100010100000001> :  0.2722998E-05  0.1000000E-03           1
|01001100000010000000000010000000000> :  0.2641144E-04  0.1000000E-03           1
|00001000100100001010000000100000000> :  0.3400219E-04  0.1000000E-03           1
|00101101000010000100100000110010000> :  0.8165896E-06  0.1000000E-03           1
|00011100000000110000101000000000000> :  0.1778456E-03  0.1000000E-03           1
|00011000100100001010000000000000000> :  0.5931196E-04  0.1000000E-03           1
|00100000000100001100100000100000000> :  0.5155154E-04  0.1000000E-03           1
|00100100000000110000001100110000000> :  0.1668802E-08  0.1000000E-03           1
|00000100000000100101000000001100000> :  0.4818142E-04  0.1000000E-03           1
|00000000100100001001000000100000000> :  0.6953966E-05  0.1000000E-03           1
|00000100000000100101000000001000000> :  0.2168740E-04  0.1000000E-03           1
|00001100000010000000000010100001000> :  0.4087934E-04  0.1000000E-03           1
|00011000100001001000000010000000000> :  0.8100029E-04  0.1000000E-03           1
|00001000000100001100100000100000000> :  0.4995500E-04  0.1000000E-03           1
|00101000000010001100000000100000000> :  0.2355451E-03  0.1000000E-03           1
|00100100001010000100000000100010000> :  0.3552071E-03  0.1000000E-03           1
|00100100001000000100000000100010000> :  0.9768853E-05  0.1000000E-03           1
|00000000100000101101000000001000000> :  0.3474375E-04  0.1000000E-03           1
|00011100000000100100000010000000000> :  0.6050299E-04  0.1000000E-03           1
|00101100000100010000101000100010000> :  0.7558838E-04  0.1000000E-03           1
|00000000100000101101000000000000000> :  0.1656023E-04  0.1000000E-03           1
|00000000000100001100100000100000000> :  0.4190546E-05  0.1000000E-03           1
|10000000000100010000001100000001000> :  0.1142894E-03  0.1000000E-03           1
|00000100000000000101100000100100000> :  0.6924329E-04  0.1000000E-03           1
|00011000100000101100100010000000000> :  0.2502860E-04  0.1000000E-03           1
|00000100000000000101000010100000000> :  0.3728056E-05  0.1000000E-03           1
|00001000000010001000010010000001000> :  0.2992188E-03  0.1000000E-03           1
|00000100000100001101000000100010000> :  0.7265279E-05  0.1000000E-03           1
|00001100000000000100100010100000000> :  0.3125156E-03  0.1000000E-03           1
|10000000000100001100100000000000000> :  0.9201220E-05  0.1000000E-03           1
|00101000000010001100000000010000000> :  0.7068625E-04  0.1000000E-03           1
|00110100000100000101010000100010000> :  0.7944198E-07  0.1000000E-03           1
|00100100000000000100100001100000000> :  0.7346994E-06  0.1000000E-03           1
|00001000100000101100000000000000000> :  0.1056011E-04  0.1000000E-03           1
|00101000000001001000000000100001000> :  0.1989747E-04  0.1000000E-03           1
|00010011110000000100000000000000000> :  0.3144400E-05  0.1000000E-03           1
|00011000100000101000000010000000000> :  0.4248178E-05  0.1000000E-03           1
|00011000000100001100100000000000000> :  0.3295222E-04  0.1000000E-03           1
|01001100000100000100000000000010000> :  0.2197301E-04  0.1000000E-03           1
|00101100000100000000001000100010000> :  0.3740012E-04  0.1000000E-03           1
|00001000100000001110010000010000000> :  0.1173501E-07  0.1000000E-03           1
|00011011100100010110000000000000000> :  0.6376930E-04  0.1000000E-03           1
|01001000100100001110100000000100110> :  0.1242271E-06  0.1000000E-03           1
|00000100000010000101000000001010000> :  0.2820404E-04  0.1000000E-03           1
|00100000000010001100000000010000000> :  0.1376612E-04  0.1000000E-03           1
|01001100000010000101000000000010000> :  0.3172099E-05  0.1000000E-03           1
|00001000100100001100000000000000110> :  0.8303757E-04  0.1000000E-03           1
|00101100000010000100100000100010000> :  0.1486652E-04  0.1000000E-03           1
|00001000100000010110000000100000110> :  0.1888787E-05  0.1000000E-03           1
|00001000100100011010000000100000110> :  0.4917373E-04  0.1000000E-03           1
|00000001100100000110000010001000110> :  0.2673163E-07  0.1000000E-03           1
|00001010000100001110101000100000110> :  0.4549712E-05  0.1000000E-03           1
|00001100000100001110100000100000110> :  0.5432748E-06  0.1000000E-03           1
|00000000010000010010000101100010111> :  0.2982597E-11  0.1000000E-03           1
|10000100000100000100000000000010000> :  0.1127729E-04  0.1000000E-03           1
|00001100000100000100000000100010000> :  0.2977601E-03  0.1000000E-03           1
|00001000000001001000000010100001000> :  0.5264675E-04  0.1000000E-03           1
|00001000000001001010010000000001000> :  0.4286478E-04  0.1000000E-03           1
|10000100000100000101000000000010000> :  0.3960113E-04  0.1000000E-03           1
|00101000000010001000000000000001000> :  0.1204814E-04  0.1000000E-03           1
|00101000000010001000000000100001000> :  0.1105448E-03  0.1000000E-03           1
|00101000000010001000001000010001000> :  0.8987466E-07  0.1000000E-03           1
|00100000000010001001000000010001000> :  0.2600348E-05  0.1000000E-03           1
|00000000000010001001000010000001000> :  0.1182232E-04  0.1000000E-03           1
|00101000000100000000000000100001000> :  0.4370519E-06  0.1000000E-03           1
|00101100000100010000001000000010000> :  0.1358849E-03  0.1000000E-03           1
|00000000000100001001000100010001000> :  0.6436300E-05  0.1000000E-03           1
|00001000000100001010010000000001000> :  0.1383228E-04  0.1000000E-03           1
|00101000000100010000001100100001000> :  0.2622062E-05  0.1000000E-03           1
|00101100000100010000100000100010000> :  0.1282480E-05  0.1000000E-03           1
|00101000000101001000000000100001000> :  0.9131123E-04  0.1000000E-03           1
|00101100000100010010000000100010000> :  0.2276135E-04  0.1000000E-03           1
|00101100000110000000000000100010000> :  0.8879362E-06  0.1000000E-03           1
|00010100001000000100000000000010000> :  0.2638191E-05  0.1000000E-03           1
|00100000010000001000000000100001000> :  0.9074291E-05  0.1000000E-03           1
|00000100001010000100000000000010000> :  0.1281045E-04  0.1000000E-03           1
|10000100000010000100000000001010000> :  0.5170195E-04  0.1000000E-03           1
|01010100001100000100000000000010000> :  0.1061448E-03  0.1000000E-03           1
|00000000100000001100000000100000110> :  0.8473217E-05  0.1000000E-03           1
|00001100000010000000001010100001000> :  0.1191552E-03  0.1000000E-03           1
|00000100001100000100000000100110000> :  0.1657039E-06  0.1000000E-03           1
|00010100001100010000000000000010000> :  0.7997348E-04  0.1000000E-03           1
|00100100000100010000001000100001000> :  0.3967817E-04  0.1000000E-03           1
|00000100001100010000000000100010000> :  0.3774125E-04  0.1000000E-03           1
|00000100010000000000000000100101000> :  0.2827740E-05  0.1000000E-03           1
|00100100001100010000001000100010000> :  0.8022263E-05  0.1000000E-03           1
|10001100010000010000010000000010000> :  0.3089101E-07  0.1000000E-03           1
|00000100100100000000001010100110000> :  0.1673622E-06  0.1000000E-03           1
|00001000000000001000000010100001001> :  0.2764317E-04  0.1000000E-03           1
|00100000000000000000101001100000001> :  0.1308886E-03  0.1000000E-03           1
|10010000000000001000000000011000001> :  0.7598580E-06  0.1000000E-03           1
|00101000000000001000100000000000001> :  0.1147358E-04  0.1000000E-03           1
|00101000000100000000001000000001001> :  0.7906637E-05  0.1000000E-03           1
|00001000000000001000100010100000001> :  0.3800420E-04  0.1000000E-03           1
|00000011100100010010000000000000000> :  0.2209588E-04  0.1000000E-03           1
|01001100000010000100000000000010000> :  0.1025997E-03  0.1000000E-03           1
|00001000000100101110000000110000110> :  0.8334120E-05  0.1000000E-03           1
|00000011100100010000000100000000000> :  0.8500488E-04  0.1000000E-03           1
|00101000000100001010000000100000000> :  0.8611194E-05  0.1000000E-03           1
|00100100000010000000001000100010000> :  0.2906242E-05  0.1000000E-03           1
|00101100000000100110000000110010000> :  0.4756964E-06  0.1000000E-03           1
|00101011100100000110000000000000000> :  0.2163726E-04  0.1000000E-03           1
|10100100000000010000001000000010000> :  0.1037506E-06  0.1000000E-03           1
|00000000000100001110100010101000110> :  0.3295495E-05  0.1000000E-03           1
|00000100000000000101000000001010000> :  0.1174156E-05  0.1000000E-03           1
|00001000100000001100000000100000000> :  0.2300606E-04  0.1000000E-03           1
|00101100000000000100000000100010000> :  0.1422722E-03  0.1000000E-03           1
|00001100000000000100000000100010000> :  0.1332074E-04  0.1000000E-03           1
|01010100000000000100000000001010000> :  0.9251439E-04  0.1000000E-03           1
|00001000000100001110010000000000110> :  0.6811155E-05  0.1000000E-03           1
|00101100000000000000000000000010000> :  0.3673650E-06  0.1000000E-03           1
|10000000100000000001000000111000000> :  0.4456280E-08  0.1000000E-03           1
|00101000000100001000100000100000000> :  0.1111335E-03  0.1000000E-03           1
|10000000000010001100000000001000000> :  0.1732441E-05  0.1000000E-03           1
|00010000000000101100100010000000000> :  0.3527911E-05  0.1000000E-03           1
|00101000000000010000101000100000000> :  0.2175639E-04  0.1000000E-03           1
|00111010110000010000000001000010000> :  0.2145857E-10  0.1000000E-03           1
|00011010100101000100000101000010000> :  0.5048045E-12  0.1000000E-03           1
|00011011100100000000000000000000000> :  0.3745504E-06  0.1000000E-03           1
|00001000000100001010100000000000110> :  0.7430546E-04  0.1000000E-03           1
|00011011100000100100000000000000000> :  0.3321934E-05  0.1000000E-03           1
|00000000010110010001100000100000000> :  0.1483647E-07  0.1000000E-03           1
|00100010000100010010000000100010000> :  0.9476894E-05  0.1000000E-03           1
|10101000000100000100100000100100110> :  0.4542002E-06  0.1000000E-03           1
|00001010000100010010000000100010000> :  0.7329119E-04  0.1000000E-03           1
|01001000000100000010000000000000110> :  0.1404812E-04  0.1000000E-03           1
|00001000000010001100100010100000110> :  0.5289022E-04  0.1000000E-03           1
|00101011000101000010000000100000000> :  0.2565634E-04  0.1000000E-03           1
|00100000010101101000000000110000000> :  0.1631336E-06  0.1000000E-03           1
|00100000000100000110100000100000000> :  0.3159652E-04  0.1000000E-03           1
|00100000000010001100100001100000110> :  0.2781906E-04  0.1000000E-03           1
|00000000000010001100100001000000110> :  0.9824327E-04  0.1000000E-03           1
|01010010000100000110000000000010000> :  0.4870942E-04  0.1000000E-03           1
|01000000010100000101100010100000000> :  0.1660282E-09  0.1000000E-03           1
|01001010000100000110000000000010000> :  0.1634159E-03  0.1000000E-03           1
|00100010000100000110000000000010000> :  0.2482423E-05  0.1000000E-03           1
|00101011000101000000000000000000000> :  0.2002322E-04  0.1000000E-03           1
|00001000000010000100100001100000110> :  0.3421962E-05  0.1000000E-03           1
|00000000000010000100100001100000110> :  0.3465928E-04  0.1000000E-03           1
|00000000000010000100100001000100110> :  0.4920377E-04  0.1000000E-03           1
|00000000010000100000010101001100000> :  0.3591742E-07  0.1000000E-03           1
|00001000000100000110100000100000000> :  0.8119442E-05  0.1000000E-03           1
|00000000000010001001100010100000000> :  0.3760894E-04  0.1000000E-03           1
|10000010000100000100000000000010000> :  0.1395910E-04  0.1000000E-03           1
|00000000000000001110100001100000110> :  0.4834056E-06  0.1000000E-03           1
|10100011000100010000000100000000000> :  0.9877399E-06  0.1000000E-03           1
|00101010000100000010000000100010000> :  0.2716627E-04  0.1000000E-03           1
|00001000000000001110000000100000110> :  0.9818398E-04  0.1000000E-03           1
|00111011000100000110000000000000000> :  0.1641890E-04  0.1000000E-03           1
|00100000010000001110000000100000000> :  0.4409991E-05  0.1000000E-03           1
|00100010000000010010000000100010000> :  0.5530638E-05  0.1000000E-03           1
|00101001010100100000101000000000101> :  0.2510078E-06  0.1000000E-03           1
|00111010000000010010000000000010000> :  0.2031505E-06  0.1000000E-03           1
|00010010000000000110000001110010000> :  0.7930482E-07  0.1000000E-03           1
|00100000001000000000000000011000101> :  0.3196427E-05  0.1000000E-03           1
|00001000000010001100100110000000101> :  0.8201176E-06  0.1000000E-03           1
|00100000010000001100100000100000000> :  0.8775981E-05  0.1000000E-03           1
|00101000000100000010100000100000000> :  0.1646021E-04  0.1000000E-03           1
|01011010000000000110000000000010000> :  0.2688556E-04  0.1000000E-03           1
|00101000000110001100000000100010100> :  0.7274983E-06  0.1000000E-03           1
|00100001010000000100000000011010000> :  0.4810314E-06  0.1000000E-03           1
|00000000101000001000000111000010000> :  0.4921291E-09  0.1000000E-03           1
|00101000100100001110000000100010000> :  0.9328353E-06  0.1000000E-03           1
|00001011000100000010000000000000000> :  0.7982330E-06  0.1000000E-03           1
|10000000010000001100010001010000000> :  0.6008082E-05  0.1000000E-03           1
|00001000100100001110000000100010000> :  0.7807370E-05  0.1000000E-03           1
|00001100000100010000101000100000100> :  0.7152061E-05  0.1000000E-03           1
|00000000010000000101010001001010000> :  0.3875517E-07  0.1000000E-03           1
|00100000001100000100000000100010000> :  0.6266062E-04  0.1000000E-03           1
|00101011000100010010000000000000100> :  0.2820272E-04  0.1000000E-03           1
|00000000000101001100010100100010000> :  0.2822355E-06  0.1000000E-03           1
|00011010100101001010000000000000000> :  0.5890930E-05  0.1000000E-03           1
|00101000001010000100000001111000000> :  0.7187379E-07  0.1000000E-03           1
|00101000000100000000101000100000000> :  0.2077002E-04  0.1000000E-03           1
|00001000000010001000100010100000000> :  0.1617260E-04  0.1000000E-03           1
|00000000000101001010010100100010000> :  0.3868018E-07  0.1000000E-03           1
|00011000000100101100000000000010000> :  0.1020344E-05  0.1000000E-03           1
|00001010100101000010000000100000000> :  0.1857665E-03  0.1000000E-03           1
|00010000000100011000000010000110000> :  0.1984135E-06  0.1000000E-03           1
|00101001100100010010000000000000100> :  0.1945432E-04  0.1000000E-03           1
|00101000000100010010000000100010000> :  0.2711142E-03  0.1000000E-03           1
|00000000001010000100000001100100000> :  0.5777282E-04  0.1000000E-03           1
|00101000000100010010000000000010000> :  0.1589155E-04  0.1000000E-03           1
|00001001100000010010000000000000100> :  0.2068566E-04  0.1000000E-03           1
|00000010100100010010000000100000000> :  0.2351733E-04  0.1000000E-03           1
|00001001100000000110000000000000100> :  0.1357261E-03  0.1000000E-03           1
|00001001000100110000001000000000100> :  0.7659891E-04  0.1000000E-03           1
|00011000000100010000001000000010000> :  0.2079872E-04  0.1000000E-03           1
|00100000001010000100000001100000000> :  0.2380992E-03  0.1000000E-03           1
|01011000000100000000010100100000000> :  0.1097625E-06  0.1000000E-03           1
|00100001000100100110000000000000100> :  0.1047629E-05  0.1000000E-03           1
|00100001000100100100000000000000100> :  0.1073039E-04  0.1000000E-03           1
|00001000000100001110010000000010000> :  0.2138049E-05  0.1000000E-03           1
|00100001000100100000001000000000100> :  0.9877163E-05  0.1000000E-03           1
|00000001000100010010000000000000100> :  0.1003969E-06  0.1000000E-03           1
|00101001000100001110100000110000100> :  0.1745144E-04  0.1000000E-03           1
|00000000001001001000011010110000000> :  0.4894997E-07  0.1000000E-03           1
|00101001000100000110000000100000100> :  0.1986209E-04  0.1000000E-03           1
|00000000000100001110000000100010000> :  0.2356158E-04  0.1000000E-03           1
|00001010100010100000000000110000000> :  0.2071999E-09  0.1000000E-03           1
|00000001000010011000001000000100100> :  0.7467124E-08  0.1000000E-03           1
|10000001000000010000001000000000100> :  0.9351213E-05  0.1000000E-03           1
|01000000001001000000010010000000000> :  0.8753152E-05  0.1000000E-03           1
|00100000000010101100100000000000000> :  0.6555967E-06  0.1000000E-03           1
|00100000000010001000100001000000000> :  0.3437237E-05  0.1000000E-03           1
|00001000100100110000000000000000100> :  0.2409993E-04  0.1000000E-03           1
|00001000100100101110000000000000100> :  0.1487508E-04  0.1000000E-03           1
|00001010100001000000000010100000000> :  0.6727597E-04  0.1000000E-03           1
|00000000100100010010000000100000100> :  0.1559965E-04  0.1000000E-03           1
|00001000100100001110100000100000100> :  0.4929312E-04  0.1000000E-03           1
|00001000001000000000010101010000000> :  0.4298645E-07  0.1000000E-03           1
|00001000100100001110010000110000100> :  0.4224435E-05  0.1000000E-03           1
|00100000000100001100000000100010000> :  0.2150024E-04  0.1000000E-03           1
|10000000000100001100000000000010000> :  0.1802529E-04  0.1000000E-03           1
|00011000000100001100000000000010000> :  0.7722615E-04  0.1000000E-03           1
|00101000000101001110010100100000000> :  0.8718768E-07  0.1000000E-03           1
|00101000000010001110100000100000000> :  0.8633442E-05  0.1000000E-03           1
|00001000100000001100100010100000100> :  0.4541737E-04  0.1000000E-03           1
|01001000000100000110010000000010000> :  0.1453408E-05  0.1000000E-03           1
|00000010100000000100000000000000000> :  0.1212816E-06  0.1000000E-03           1
|00101000000100000110000010100110000> :  0.1751032E-05  0.1000000E-03           1
|00100000000110001100100000100000100> :  0.1477986E-04  0.1000000E-03           1
|00001000000100000110000000110110000> :  0.4947510E-06  0.1000000E-03           1
|00100010010000000100000000100000000> :  0.8182913E-05  0.1000000E-03           1
|01000000000110000100000000000000100> :  0.1427003E-07  0.1000000E-03           1
|01011000000100000100000000000010000> :  0.8205157E-04  0.1000000E-03           1
|00100010001100010000001000101000000> :  0.1730174E-07  0.1000000E-03           1
|00000000000010001101000000100010000> :  0.6258664E-04  0.1000000E-03           1
|00100000000100110000101000000000100> :  0.9259529E-04  0.1000000E-03           1
|00000000000010001101000000010010000> :  0.5935842E-05  0.1000000E-03           1
|10000010001000000101001000010000000> :  0.2604133E-08  0.1000000E-03           1
|00101000000101001000000000100000000> :  0.8260341E-05  0.1000000E-03           1
|00001000000010001101100010100000000> :  0.2560649E-04  0.1000000E-03           1
|00000000000010000101100010100000000> :  0.4680397E-04  0.1000000E-03           1
|10001000000000101000000110110000000> :  0.1300776E-08  0.1000000E-03           1
|00101000000000001010100000100000000> :  0.2051326E-04  0.1000000E-03           1
|10000000000010001101000000001010000> :  0.2370805E-03  0.1000000E-03           1
|00101010000101010010000000100100000> :  0.7257227E-09  0.1000000E-03           1
|00001000000010001100000000100010000> :  0.1412324E-03  0.1000000E-03           1
|00100000000100100101100000000000100> :  0.3170532E-07  0.1000000E-03           1
|10000000000010001100000000001010000> :  0.2620646E-04  0.1000000E-03           1
|00011000000101001000000000000000000> :  0.1509392E-05  0.1000000E-03           1
|10000000000010000101000000001010000> :  0.8974485E-05  0.1000000E-03           1
|00101000000100011010100000100000100> :  0.1488077E-03  0.1000000E-03           1
|00101000000010000100000000000010000> :  0.2781917E-05  0.1000000E-03           1
|00100000000010000000001000100010000> :  0.2540765E-05  0.1000000E-03           1
|01101000000000010110000000000110000> :  0.2291759E-08  0.1000000E-03           1
|00100010000101000000000000100000000> :  0.2742819E-05  0.1000000E-03           1
|01011000000101000010000000000000000> :  0.1252229E-04  0.1000000E-03           1
|00101000000000010010000000100010000> :  0.5245535E-06  0.1000000E-03           1
|00001000000100010000101000100000100> :  0.2213064E-03  0.1000000E-03           1
|00101010000100010010000000100000000> :  0.3970820E-03  0.1000000E-03           1
|10011000000000000100100010000110000> :  0.3745795E-10  0.1000000E-03           1
|00001010000100010010000000100000000> :  0.2562411E-04  0.1000000E-03           1
|01010000000101000010000000000000000> :  0.2290177E-05  0.1000000E-03           1
|00101110100100010000111000000000000> :  0.6915890E-10  0.1000000E-03           1
|00000101100100010000001000110000000> :  0.8636639E-09  0.1000000E-03           1
|00100010000100010000000100000000000> :  0.1392006E-04  0.1000000E-03           1
|00010101001100000000000000000000000> :  0.3143061E-07  0.1000000E-03           1
|00011000000100001110100000000000100> :  0.1976598E-04  0.1000000E-03           1
|10000101000000100100100000110000000> :  0.4376088E-10  0.1000000E-03           1
|00000010000100010000000100000000000> :  0.6206901E-06  0.1000000E-03           1
|00101000000101000000000000000000000> :  0.8593740E-06  0.1000000E-03           1
|01000000000010000101000000100100000> :  0.1211333E-07  0.1000000E-03           1
|00010100110000000100000000001000000> :  0.2070443E-03  0.1000000E-03           1
|00010100101100010000000000000000000> :  0.3491752E-06  0.1000000E-03           1
|00011010000100000110010000110000000> :  0.2342778E-07  0.1000000E-03           1
|00101000000100110000101000000000000> :  0.4570828E-04  0.1000000E-03           1
|00011100100100100100100000000000000> :  0.6090726E-04  0.1000000E-03           1
|00101000000100001010000000000000100> :  0.5536219E-05  0.1000000E-03           1
|00100010000100000110000000100000000> :  0.1264786E-04  0.1000000E-03           1
|00101000000100001000100000000000100> :  0.1163301E-04  0.1000000E-03           1
|00100000000100000110100000100000100> :  0.4876813E-04  0.1000000E-03           1
|00011100100100100000000000000000000> :  0.9714476E-04  0.1000000E-03           1
|00001010000100000110000000100000000> :  0.2629093E-04  0.1000000E-03           1
|10000000000010001101100000000000000> :  0.8224840E-04  0.1000000E-03           1
|10101100100100010000000000000100000> :  0.2786529E-07  0.1000000E-03           1
|00011100100100000110000000000000000> :  0.3911561E-05  0.1000000E-03           1
|00101000000010101100100000000000100> :  0.4908883E-05  0.1000000E-03           1
|00001100100100000100000010100000000> :  0.1641490E-05  0.1000000E-03           1
|10010010000100000100100011000000000> :  0.5921824E-08  0.1000000E-03           1
|00001000000010001100100010000000100> :  0.1837384E-03  0.1000000E-03           1
|00011100100100000100000000000000000> :  0.8509382E-04  0.1000000E-03           1
|01010010000100000100000000000000000> :  0.2039957E-05  0.1000000E-03           1
|00001100100100000000000000100000000> :  0.4357313E-04  0.1000000E-03           1
|10100000000010001100100000000000100> :  0.3505645E-05  0.1000000E-03           1
|10000000000010001100100000000000100> :  0.7206314E-04  0.1000000E-03           1
|00000100100000100101000000001000000> :  0.4387568E-04  0.1000000E-03           1
|00000000000100101101100000000000000> :  0.1649317E-03  0.1000000E-03           1
|00000000000010001101000010010000000> :  0.8424710E-04  0.1000000E-03           1
|00000000000000100111010000010000000> :  0.6914760E-09  0.1000000E-03           1
|00101000000010001100100000000000100> :  0.1837970E-03  0.1000000E-03           1
|00000000000010001100000010100000100> :  0.5119555E-05  0.1000000E-03           1
|00101000000010001100100010000000100> :  0.1294012E-04  0.1000000E-03           1
|00100000000010001100000001100000100> :  0.3262484E-03  0.1000000E-03           1
|00011100100000100000000010000000000> :  0.5550151E-04  0.1000000E-03           1
|01010010000001000000000010000000000> :  0.1236822E-05  0.1000000E-03           1
|00101000000010001100000000100000100> :  0.8713720E-04  0.1000000E-03           1
|00001000000010001100000000100000100> :  0.1207189E-04  0.1000000E-03           1
|01011100100000010000001000000100000> :  0.2201038E-06  0.1000000E-03           1
|00101000000100000100100000000000100> :  0.4796571E-05  0.1000000E-03           1
|00100000000010001100000000001000100> :  0.2752602E-04  0.1000000E-03           1
|00100000000010001000101000100000100> :  0.1458540E-06  0.1000000E-03           1
|00000100100000000101000000100000000> :  0.2400683E-04  0.1000000E-03           1
|00011001100101000010000000000000000> :  0.1303312E-03  0.1000000E-03           1
|00100000000010001000100001100000100> :  0.5548425E-04  0.1000000E-03           1
|00101000000010001000100000100000100> :  0.2319490E-03  0.1000000E-03           1
|01101000000010001000001000000100100> :  0.9991570E-06  0.1000000E-03           1
|00100000000100001010100000100000100> :  0.4149415E-04  0.1000000E-03           1
|00101000000010001000000000100000100> :  0.4988989E-04  0.1000000E-03           1
|00011001100101000000000000000000000> :  0.1155616E-04  0.1000000E-03           1
|00100000000010000100100001100000100> :  0.1544353E-03  0.1000000E-03           1
|00001100100000000100000000100000000> :  0.7010955E-04  0.1000000E-03           1
|00001000000010000100100000100000100> :  0.1305040E-04  0.1000000E-03           1
|00101000000100001100100000111000100> :  0.8433268E-05  0.1000000E-03           1
|00001000000100001100110010110000100> :  0.1207960E-05  0.1000000E-03           1
|00101000000100001110000000000000100> :  0.1954127E-03  0.1000000E-03           1
|00011001100100110100000000000000000> :  0.2675873E-04  0.1000000E-03           1
|10000000000010001101000000001000000> :  0.8458262E-04  0.1000000E-03           1
|00001000000010000100000010100000100> :  0.8549562E-04  0.1000000E-03           1
|01000100010000001100010000011000000> :  0.9045107E-08  0.1000000E-03           1
|00101000000100001110100000011000100> :  0.3617501E-05  0.1000000E-03           1
|00101000000010000100000000100000100> :  0.1751821E-03  0.1000000E-03           1
|00010100010000000100010000000100000> :  0.7799637E-08  0.1000000E-03           1
|00100000000010000000101001100000100> :  0.8740051E-04  0.1000000E-03           1
|00101000000100001110101000101000100> :  0.1066413E-04  0.1000000E-03           1
|00101000000100010000000000100000100> :  0.2161504E-04  0.1000000E-03           1
|00101000000100010000001000100000100> :  0.1914358E-03  0.1000000E-03           1
|01010100010000000100000000001000000> :  0.8600949E-04  0.1000000E-03           1
|00001001100100110000000000000000000> :  0.2038082E-04  0.1000000E-03           1
|01010100010000000000000000001000000> :  0.8204020E-05  0.1000000E-03           1
|00101000000000101100000000000000100> :  0.5291230E-04  0.1000000E-03           1
|00101000000000100000101000000000100> :  0.2258383E-04  0.1000000E-03           1
|00101000000100010010100000000000100> :  0.2984769E-03  0.1000000E-03           1
|00101000000000010010100000100000100> :  0.1825778E-03  0.1000000E-03           1
|00000100001100100100010000000000000> :  0.3640326E-04  0.1000000E-03           1
|00101000000100010010101000100000100> :  0.2528490E-03  0.1000000E-03           1
|00000000000000001110100010100000100> :  0.3166491E-05  0.1000000E-03           1
|00101000000000001110100000100000100> :  0.1582390E-03  0.1000000E-03           1
|00101000000100011110100000100000100> :  0.1065847E-04  0.1000000E-03           1
|00100100001100100100000000000000000> :  0.1273703E-04  0.1000000E-03           1
|00101000000100100100100000000000100> :  0.7237911E-04  0.1000000E-03           1
|00100000000010000100100000100000000> :  0.1612034E-05  0.1000000E-03           1
|00001000000000001110100000100000100> :  0.7368229E-04  0.1000000E-03           1
|10000000000000001110000000000000100> :  0.2508578E-06  0.1000000E-03           1
|00101000000000001100100010100000100> :  0.5365200E-05  0.1000000E-03           1
|10000100001100010000101000010000000> :  0.2938522E-07  0.1000000E-03           1
|00001001100100100100000000000000000> :  0.1316431E-03  0.1000000E-03           1
|00101000000100110000001000000000100> :  0.2806653E-03  0.1000000E-03           1
|00000000000000001100100001100000100> :  0.1012815E-04  0.1000000E-03           1
|00000100001100000100010000000100000> :  0.3574195E-06  0.1000000E-03           1
|00101000000000001100100000100000100> :  0.1632597E-03  0.1000000E-03           1
|00001000000000001100100000100000100> :  0.6872339E-04  0.1000000E-03           1
|00001000000100110000101000100000100> :  0.3031662E-05  0.1000000E-03           1
|00011001100100000110000000000000000> :  0.1300154E-03  0.1000000E-03           1
|00001000000100110100100000000000100> :  0.8882035E-07  0.1000000E-03           1
|00101000000100101100000000100000000> :  0.3117672E-06  0.1000000E-03           1
|00101000000110001100100000000000100> :  0.1228684E-04  0.1000000E-03           1
|00001000000000001000100010100000100> :  0.2867020E-04  0.1000000E-03           1
|00101000000000000110000000100000100> :  0.4412042E-04  0.1000000E-03           1
|00101000010101001110100000100000100> :  0.1460564E-04  0.1000000E-03           1
|00001000100000000100000010100000100> :  0.9661252E-04  0.1000000E-03           1
|00001000100000001100000000100000100> :  0.5275356E-04  0.1000000E-03           1
|00000000100000001100000001001000100> :  0.3489076E-04  0.1000000E-03           1
|01000100001010000100010000000000000> :  0.4223351E-04  0.1000000E-03           1
|00100001010100000000110000000000000> :  0.2390287E-07  0.1000000E-03           1
|00001000000000000100100010100000100> :  0.3622371E-04  0.1000000E-03           1
|01001000000000000100000010000000100> :  0.4614657E-05  0.1000000E-03           1
|00000100001010000100000010100000000> :  0.1040320E-03  0.1000000E-03           1
|00001000100100001100000010100000100> :  0.1595194E-04  0.1000000E-03           1
|00000001010000000100110001010000000> :  0.1214003E-06  0.1000000E-03           1
|00011000000100100000101010000000000> :  0.2006193E-06  0.1000000E-03           1
|00100000000010001100100001100000000> :  0.8059107E-04  0.1000000E-03           1
|00000000000101001010000000100000011> :  0.7035698E-06  0.1000000E-03           1
|00001000000101001000010000000000011> :  0.7084823E-04  0.1000000E-03           1
|00000100001010000100000000100100000> :  0.8089919E-04  0.1000000E-03           1
|00000000000101001000000000100000011> :  0.1644189E-04  0.1000000E-03           1
|10000100001000110110000000000000000> :  0.1277937E-09  0.1000000E-03           1
|00100001001100010000000100000000000> :  0.1172960E-03  0.1000000E-03           1
|00101000000101000000100000101000011> :  0.8016526E-09  0.1000000E-03           1
|00000000000100010000000000011000011> :  0.4375968E-07  0.1000000E-03           1
|00000100001000100100010000000100000> :  0.5862916E-04  0.1000000E-03           1
|00010100001000100100000010000000000> :  0.6219427E-04  0.1000000E-03           1
|00100001001000100100000000000000000> :  0.1800552E-05  0.1000000E-03           1
|00011000000100100000101000000000000> :  0.2767944E-04  0.1000000E-03           1
|00101001000100000010000000000000100> :  0.2806451E-04  0.1000000E-03           1
|00100001000100000110000000000000100> :  0.2331913E-04  0.1000000E-03           1
|00001000000100000000100000100000011> :  0.5537138E-04  0.1000000E-03           1
|00001000000001001000000000100000011> :  0.2214074E-04  0.1000000E-03           1
|00101001000100001110100000101000100> :  0.1741376E-04  0.1000000E-03           1
|01010100001000000100000010000000000> :  0.1763830E-03  0.1000000E-03           1
|00000000000000000000100001100100011> :  0.1198073E-04  0.1000000E-03           1
|00000100000100100000000100100010010> :  0.1152323E-07  0.1000000E-03           1
|00101100000110000100100000100000000> :  0.3554991E-04  0.1000000E-03           1
|10000001000101000000001000000000000> :  0.2243012E-04  0.1000000E-03           1
|00001100000100000100000100100010010> :  0.1751682E-06  0.1000000E-03           1
|00000000010000101100000000010010010> :  0.3861744E-05  0.1000000E-03           1
|00101100000100110100100000000000000> :  0.9122965E-05  0.1000000E-03           1
|00001000000100101100100000010010010> :  0.6346730E-06  0.1000000E-03           1
|00100000000010000100000000011110010> :  0.3526842E-08  0.1000000E-03           1
|00101100000100110000101000100000000> :  0.1970098E-03  0.1000000E-03           1
|00001000000100010010110000110000000> :  0.1462040E-06  0.1000000E-03           1
|01001000000010000100010010000000000> :  0.2236923E-04  0.1000000E-03           1
|00001001100100000100000000100000100> :  0.1028315E-05  0.1000000E-03           1
|00011000000000100000101010000000000> :  0.1593274E-04  0.1000000E-03           1
|00001001100100010000000000000000100> :  0.2203800E-04  0.1000000E-03           1
|00011000000000001100100010000000000> :  0.3202390E-04  0.1000000E-03           1
|01011000000010000000000100000010010> :  0.3235393E-08  0.1000000E-03           1
|00001001100100010110000000000000100> :  0.1621116E-04  0.1000000E-03           1
|00001001100100110000000000000000100> :  0.3006209E-03  0.1000000E-03           1
|00011001100100110000000000000000100> :  0.1270566E-04  0.1000000E-03           1
|00101001100100110000001000000100100> :  0.1667565E-05  0.1000000E-03           1
|00001010100100000110000000100000100> :  0.1423928E-04  0.1000000E-03           1
|00101011000100000100000000000000100> :  0.9717617E-06  0.1000000E-03           1
|00001000000001001000100010010010010> :  0.2572066E-07  0.1000000E-03           1
|00001100000000000100100010100000100> :  0.5695101E-05  0.1000000E-03           1
|00001100000010000100100010100000100> :  0.3527173E-04  0.1000000E-03           1
|00101100000100000100100000000000100> :  0.2603654E-05  0.1000000E-03           1
|00001100000100110000101000100000000> :  0.1253331E-04  0.1000000E-03           1
|00000110000000100100000000001100010> :  0.1120142E-07  0.1000000E-03           1
|00010100000100100000101100100000100> :  0.3784640E-07  0.1000000E-03           1
|00000100100000000100100000011000010> :  0.8564168E-08  0.1000000E-03           1
|00100000000100001101110000000010100> :  0.5801915E-07  0.1000000E-03           1
|00001001000100100101000000000000000> :  0.4378011E-06  0.1000000E-03           1
|00101000000100010000111000100010100> :  0.2429036E-05  0.1000000E-03           1
|00101000000100010010000011100010100> :  0.4735319E-09  0.1000000E-03           1
|00000100001000010010000000010000010> :  0.2465764E-06  0.1000000E-03           1
|01000000010000000100010000010010100> :  0.1542883E-05  0.1000000E-03           1
|00101000010100001100000010100010100> :  0.3237063E-06  0.1000000E-03           1
|00101100000010001100000100100010100> :  0.3924177E-07  0.1000000E-03           1
|00111011000100000110001000000000010> :  0.3921974E-08  0.1000000E-03           1
|00001001100010000100000000000000010> :  0.1118751E-07  0.1000000E-03           1
|00101000010010100000000000000000101> :  0.1056748E-07  0.1000000E-03           1
|00101001000100100000001000110000101> :  0.2361051E-07  0.1000000E-03           1
|00001001010100001110100000000000010> :  0.2201122E-06  0.1000000E-03           1
|00100000010000001000000000010010101> :  0.4056238E-05  0.1000000E-03           1
|00000001000010000000001110000010101> :  0.3942422E-09  0.1000000E-03           1
|00001000000000000110100000100000110> :  0.1367820E-03  0.1000000E-03           1
|00100100000100110000101000000000000> :  0.8817852E-04  0.1000000E-03           1
|00101001000100100100001000000000000> :  0.1149202E-05  0.1000000E-03           1
|00000001010000000100000001010000010> :  0.2334025E-05  0.1000000E-03           1
|00000000000000001110100000100000110> :  0.2070013E-04  0.1000000E-03           1
|00001000100101001010000000000000010> :  0.2313063E-03  0.1000000E-03           1
|00001000000010000000100000100000110> :  0.3957782E-04  0.1000000E-03           1
|01001000000010000100000000000000110> :  0.7363510E-04  0.1000000E-03           1
|00101001000100100100000000000000000> :  0.1050694E-03  0.1000000E-03           1
|00001000100100010000000100000000010> :  0.6753164E-07  0.1000000E-03           1
|00001000100100010000000000100000010> :  0.7835764E-05  0.1000000E-03           1
|00001000100100001110100000100000010> :  0.6915995E-04  0.1000000E-03           1
|00011001000100100000001000000000000> :  0.7861517E-04  0.1000000E-03           1
|00001000000010001000000000100000110> :  0.1510224E-04  0.1000000E-03           1
|00100000000010001000100000100000110> :  0.4515481E-06  0.1000000E-03           1
|00100000000100010010100000000000000> :  0.4512514E-05  0.1000000E-03           1
|00101000000010001100100000010000000> :  0.3764553E-05  0.1000000E-03           1
|00101000100100001110000000100000010> :  0.1905746E-06  0.1000000E-03           1
|00010100000100110000100000000000000> :  0.1543274E-04  0.1000000E-03           1
|00000000100100001110000000100000010> :  0.7866387E-04  0.1000000E-03           1
|00011000100100001110000000000000010> :  0.8552166E-05  0.1000000E-03           1
|00011001000100010010000000000000000> :  0.2559973E-05  0.1000000E-03           1
|00101100000100101100000000000000000> :  0.5748679E-06  0.1000000E-03           1
|00001000100100001010000000100000010> :  0.2872385E-03  0.1000000E-03           1
|00001000100100000100000000100000010> :  0.1984647E-04  0.1000000E-03           1
|00100001000100010000001100000000000> :  0.1524771E-03  0.1000000E-03           1
|00001000000010001110100000100000110> :  0.7955827E-04  0.1000000E-03           1
|00011000000100010010100000000000000> :  0.6877873E-04  0.1000000E-03           1
|00000000100000000000000001011100010> :  0.8729247E-09  0.1000000E-03           1
|10001000010000001110100000100000010> :  0.2376994E-06  0.1000000E-03           1
|00111100000100100100100000000000000> :  0.5820787E-04  0.1000000E-03           1
|00001000001100000110000000001000010> :  0.4801347E-06  0.1000000E-03           1
|01000000001010001100000001001100010> :  0.1196914E-09  0.1000000E-03           1
|01000001000100000100000000100000000> :  0.1486490E-08  0.1000000E-03           1
|00110000000101100001010000000000010> :  0.9431503E-10  0.1000000E-03           1
|00001000000101001000000010101000010> :  0.8459568E-07  0.1000000E-03           1
|10000001000100000001000100000000000> :  0.8587693E-05  0.1000000E-03           1
|00101000000100010000101111000000000> :  0.4465099E-07  0.1000000E-03           1
|00100000000100001100100000100000110> :  0.1310059E-04  0.1000000E-03           1
|00101000000100001100100010001000110> :  0.4242183E-06  0.1000000E-03           1
|00001000000100001100110000110000110> :  0.3310825E-05  0.1000000E-03           1
|00000000000010000100000001001000000> :  0.1451432E-06  0.1000000E-03           1
|00001000000101000010010000000000010> :  0.2799605E-04  0.1000000E-03           1
|00001000000100101100010000000000010> :  0.3518771E-05  0.1000000E-03           1
|10001000000100001110100000010000110> :  0.2123699E-06  0.1000000E-03           1
|00101000000100001110100000100000010> :  0.9284693E-04  0.1000000E-03           1
|00011001000001000000010000110000000> :  0.1289139E-05  0.1000000E-03           1
|00100100000100010000101000100000000> :  0.1637105E-03  0.1000000E-03           1
|10100000000100001110100010000000110> :  0.4503349E-06  0.1000000E-03           1
|00000001000000001000100100011000000> :  0.2296896E-08  0.1000000E-03           1
|00110000000100001111100000000000110> :  0.4704929E-06  0.1000000E-03           1
|00000000000100010000100000100000110> :  0.1688651E-04  0.1000000E-03           1
|00000000000100001010010000000000010> :  0.2596923E-06  0.1000000E-03           1
|10000100000100010000101000000000000> :  0.3658854E-04  0.1000000E-03           1
|00001000000100000010100000100000010> :  0.1941285E-05  0.1000000E-03           1
|01000000000100000001000100101000010> :  0.8600562E-09  0.1000000E-03           1
|00001000000100010110100000100000110> :  0.1429575E-03  0.1000000E-03           1
|10000001000000000000001000010100000> :  0.1285546E-06  0.1000000E-03           1
|00000000000010001100100001100000010> :  0.6713277E-04  0.1000000E-03           1
|00001000000010001100100000000000010> :  0.3924274E-04  0.1000000E-03           1
|00001000100000001010000000100000110> :  0.2181679E-04  0.1000000E-03           1
|00101100000100010000001000100000000> :  0.2111140E-03  0.1000000E-03           1
|00000000100000001100000001000000110> :  0.2343272E-04  0.1000000E-03           1
|10001000110010001100000001000000000> :  0.6910787E-07  0.1000000E-03           1
|00100000000100010000101000100000000> :  0.5235334E-04  0.1000000E-03           1
|00100000000010000110000001011000010> :  0.2107333E-09  0.1000000E-03           1
|00000000000010000100010000000100010> :  0.6808580E-05  0.1000000E-03           1
|00000100000100001101100000000000000> :  0.1900796E-06  0.1000000E-03           1
|00101100000100001100100000000000000> :  0.1957912E-06  0.1000000E-03           1
|00010000110000001100000000001000000> :  0.1108739E-03  0.1000000E-03           1
|00000000100100001100000000100000110> :  0.1975489E-03  0.1000000E-03           1
|00001000000000001000000101011000010> :  0.2101011E-07  0.1000000E-03           1
|00001000000000000110100000100000010> :  0.3637363E-05  0.1000000E-03           1
|00011100000100001100100000000000000> :  0.4374520E-05  0.1000000E-03           1
|00100100000100000110100001010000000> :  0.2829373E-06  0.1000000E-03           1
|00000000110000001100000000001000000> :  0.2176880E-04  0.1000000E-03           1
|00100000000100010000000000100000000> :  0.8462611E-07  0.1000000E-03           1
|00101100000100000110100000100000000> :  0.8417886E-04  0.1000000E-03           1
|00100100000100000110000010101000000> :  0.1001512E-08  0.1000000E-03           1
|00011000100101001010000000100000000> :  0.1813213E-04  0.1000000E-03           1
|00101100000000000000001000100010001> :  0.6163589E-04  0.1000000E-03           1
|00101100000000000000001000000010001> :  0.2008410E-05  0.1000000E-03           1
|00011010000100000100000000010000110> :  0.1271678E-08  0.1000000E-03           1
|00000000000100001001000000100010001> :  0.1141217E-03  0.1000000E-03           1
|00011100000000010000000000010000110> :  0.1866499E-06  0.1000000E-03           1
|00100000000010001100010001001000000> :  0.1680031E-06  0.1000000E-03           1
|00000000000010001010000100100010110> :  0.7439716E-08  0.1000000E-03           1
|00101000000010000000101000100000000> :  0.2423872E-04  0.1000000E-03           1
|00101000000000100000101000100000000> :  0.8200632E-08  0.1000000E-03           1
|00100000000000001000000100100001000> :  0.2361389E-05  0.1000000E-03           1
|00101000000000001000000000100010001> :  0.2935070E-04  0.1000000E-03           1
|00000000000000001001000100010001000> :  0.7171801E-05  0.1000000E-03           1
|00101000000001001000000000010001000> :  0.7613102E-04  0.1000000E-03           1
|10100100101100000000010000000000001> :  0.2871499E-07  0.1000000E-03           1
|00101100100100000000111000100000001> :  0.1868071E-05  0.1000000E-03           1
|00001100000100110000101000000000001> :  0.4316341E-05  0.1000000E-03           1
|00101000000010000000000000010001000> :  0.9027262E-05  0.1000000E-03           1
|00101000000010000000001000000001000> :  0.5738833E-06  0.1000000E-03           1
|00000000000010000000010000001101000> :  0.1360930E-05  0.1000000E-03           1
|00000100000100100001100000000000001> :  0.2861136E-04  0.1000000E-03           1
|00101000000010001000000000010001000> :  0.1183267E-03  0.1000000E-03           1
|00011000100101001000000000000000000> :  0.4202784E-04  0.1000000E-03           1
|00001000000010001000000010100001000> :  0.8399264E-04  0.1000000E-03           1
|00100000000100001110100000100000000> :  0.2979326E-04  0.1000000E-03           1
|00001000000010001000010000000001000> :  0.2801355E-04  0.1000000E-03           1
|00001100000100100000101010000000001> :  0.8420969E-05  0.1000000E-03           1
|01001100000100000100000000100000000> :  0.8098719E-06  0.1000000E-03           1
|01011100000100000100000000000000000> :  0.8630824E-04  0.1000000E-03           1
|00001000000010001100000010010001000> :  0.2675788E-05  0.1000000E-03           1
|00001000100101000010010000000000000> :  0.8058761E-07  0.1000000E-03           1
|00001000000100000010000000100001000> :  0.4312333E-06  0.1000000E-03           1
|10000000000100001001000000000001000> :  0.2274212E-04  0.1000000E-03           1
|10000000000100001001000100000001000> :  0.3115373E-03  0.1000000E-03           1
|00101100000100100000100000100000001> :  0.4362361E-05  0.1000000E-03           1
|00101000000100001010000000100001000> :  0.9990587E-04  0.1000000E-03           1
|00101100000100100000100000000000001> :  0.1172612E-03  0.1000000E-03           1
|00000100000100100000001000000000001> :  0.1567858E-05  0.1000000E-03           1
|00101100000100000000100000100000000> :  0.1289999E-03  0.1000000E-03           1
|00001000000100001110100000100000000> :  0.6007642E-04  0.1000000E-03           1
|00100000000100010010000100000001000> :  0.4096698E-06  0.1000000E-03           1
|10000000000010001100010000001000000> :  0.5979305E-04  0.1000000E-03           1
|00011000100100101100100000000000000> :  0.7518092E-04  0.1000000E-03           1
|00000100000010000101100000000100000> :  0.2478271E-04  0.1000000E-03           1
|00001000000101001000010000000001000> :  0.2617865E-04  0.1000000E-03           1
|00101100000100000000100000100000001> :  0.2902242E-03  0.1000000E-03           1
|00000000000101001001000000010001000> :  0.5758589E-05  0.1000000E-03           1
|01000100000010000101010010000000000> :  0.4547068E-05  0.1000000E-03           1
|00001000000101001010000000100001000> :  0.1789333E-03  0.1000000E-03           1
|00001100000010000000101010100000001> :  0.1272568E-04  0.1000000E-03           1
|00000100000010000101000010100000000> :  0.4584163E-04  0.1000000E-03           1
|00001100000000100000101010000000001> :  0.5069509E-04  0.1000000E-03           1
|10000000010000001000000100010001000> :  0.4244183E-05  0.1000000E-03           1
|00001100000000000000001010100001000> :  0.1940975E-04  0.1000000E-03           1
|00101000000100001010000000100011100> :  0.2282814E-05  0.1000000E-03           1
|00101100000100010000001000100001100> :  0.1186764E-03  0.1000000E-03           1
|01000100000010000101000010000000000> :  0.6992114E-04  0.1000000E-03           1
|00001100000010000000000010000001000> :  0.6562734E-05  0.1000000E-03           1
|00001100000000100000010000000000001> :  0.7752506E-05  0.1000000E-03           1
|00101000000100011010000000100001100> :  0.2920923E-03  0.1000000E-03           1
|00101000000100010010010100100001100> :  0.5967950E-06  0.1000000E-03           1
|00100100000100000000001000100001000> :  0.1358689E-05  0.1000000E-03           1
|00100100000100000000001001110001000> :  0.1430891E-06  0.1000000E-03           1
|10000100000010000101000000001000000> :  0.1324428E-03  0.1000000E-03           1
|00101000000100001110000000100000000> :  0.3229007E-03  0.1000000E-03           1
|01101000000001000000000010100100000> :  0.5244229E-08  0.1000000E-03           1
|00101011000001000000000000000000001> :  0.6089797E-04  0.1000000E-03           1
|10000000000100010000001100000001100> :  0.1360783E-05  0.1000000E-03           1
|00001100000100010000101000100001000> :  0.4388242E-05  0.1000000E-03           1
|00001010100001000000000010100000001> :  0.1880667E-05  0.1000000E-03           1
|00101010001101000000000000001000001> :  0.4755748E-07  0.1000000E-03           1
|00100100010000000000001000100001000> :  0.7281238E-04  0.1000000E-03           1
|00000100010000000000001000100101000> :  0.7783196E-06  0.1000000E-03           1
|01000100010000000000010000001001000> :  0.2522320E-07  0.1000000E-03           1
|00101000000100001110000000100011000> :  0.3742188E-05  0.1000000E-03           1
|00100000010000101000000001001011000> :  0.1241256E-05  0.1000000E-03           1
|00101000010100001000000001100011000> :  0.5272291E-06  0.1000000E-03           1
|00101000100000001110000001000011000> :  0.3465280E-10  0.1000000E-03           1
|00101100000010000100100010100000000> :  0.5755775E-04  0.1000000E-03           1
|00001000000001000000001010100001001> :  0.9426517E-05  0.1000000E-03           1
|00101000000001001000000000100001001> :  0.9766706E-04  0.1000000E-03           1
|00011000100100010010000000000000000> :  0.1743055E-04  0.1000000E-03           1
|00100010000101000000000000100000001> :  0.6134440E-04  0.1000000E-03           1
|00101010000001000000000000100000001> :  0.5656265E-04  0.1000000E-03           1
|00000000000010001001000010100001001> :  0.7755063E-07  0.1000000E-03           1
|00101000000100000000000000100001001> :  0.3897974E-04  0.1000000E-03           1
|00000010000000000001010101000000001> :  0.6600045E-08  0.1000000E-03           1
|00101000000100001000000000000001100> :  0.2947610E-04  0.1000000E-03           1
|00101000000100001000001000100001001> :  0.3804612E-05  0.1000000E-03           1
|00000000000100001001000000100001001> :  0.6192040E-04  0.1000000E-03           1
|00100001010110010000001000000000001> :  0.1025953E-06  0.1000000E-03           1
|00011000100100001110000000100000000> :  0.3000043E-04  0.1000000E-03           1
|00001000000100001110000000100000000> :  0.2310049E-04  0.1000000E-03           1
|00100000000100000010000000100001100> :  0.5677191E-05  0.1000000E-03           1
|00101000000100000000000000100001100> :  0.2319538E-04  0.1000000E-03           1
|00101001000100000000101000101000001> :  0.9338256E-07  0.1000000E-03           1
|00100001000001000000101100010000001> :  0.2073611E-09  0.1000000E-03           1
|00000000000010001000000010010001100> :  0.2188049E-05  0.1000000E-03           1
|00101000000010001000000010000001100> :  0.2077361E-05  0.1000000E-03           1
|00001100000010000100010010000000000> :  0.1607243E-03  0.1000000E-03           1
|00100000010000001000000101011000001> :  0.1716023E-07  0.1000000E-03           1
|10000000001001000010000000010000001> :  0.2742633E-05  0.1000000E-03           1
|00000100000010000100010000001100000> :  0.9977598E-04  0.1000000E-03           1
|00100000001000000010000000011000001> :  0.2792170E-05  0.1000000E-03           1
|00101000000010000000001000000001100> :  0.4291753E-04  0.1000000E-03           1
|00101000000010000000000000100001100> :  0.2328202E-04  0.1000000E-03           1
|00101000000100110000100000000000001> :  0.2031247E-05  0.1000000E-03           1
|10000100000010000100010000001000000> :  0.5077856E-04  0.1000000E-03           1
|00100000000010001100000001010000000> :  0.1796465E-04  0.1000000E-03           1
|00000000000100101001100000000000001> :  0.6419358E-04  0.1000000E-03           1
|00001000000000000000100010100001100> :  0.1272485E-07  0.1000000E-03           1
|00101000000000000000001000100001100> :  0.1036440E-04  0.1000000E-03           1
|00000000001100001110100000100001010> :  0.2754446E-06  0.1000000E-03           1
|00101000000101001000000000100011001> :  0.8449496E-06  0.1000000E-03           1
|01001100100100000000101000100001001> :  0.2940379E-07  0.1000000E-03           1
|01101000000100011000101000000000001> :  0.2979096E-06  0.1000000E-03           1
|00001100000010000100000010100000000> :  0.1126836E-03  0.1000000E-03           1
|00001000100100001110000000000000000> :  0.1290739E-04  0.1000000E-03           1
|00100100010110010000000000000001001> :  0.1229720E-07  0.1000000E-03           1
|00101100000101000000001000100001001> :  0.8909088E-04  0.1000000E-03           1
|00101000000100001100100000100000001> :  0.6640633E-04  0.1000000E-03           1
|00100100000101000000001000100001001> :  0.5136695E-05  0.1000000E-03           1
|00101000000100001010100000100000001> :  0.1889206E-04  0.1000000E-03           1
|00101100000010000100000000100000000> :  0.1522672E-03  0.1000000E-03           1
|00100000000010000000001000100001100> :  0.5943922E-05  0.1000000E-03           1
|00101000000010000000001000100001100> :  0.4585409E-03  0.1000000E-03           1
|00001000000010000000001010100001100> :  0.2186653E-03  0.1000000E-03           1
|00101000000010001000000000000001100> :  0.1434247E-03  0.1000000E-03           1
|00001000000100001010100000100000001> :  0.7244775E-06  0.1000000E-03           1
|00001000000010001000000010000001100> :  0.8723742E-04  0.1000000E-03           1
|00101100000100000000001000000001001> :  0.3274329E-04  0.1000000E-03           1
|10000000000100001101100000000000000> :  0.2831959E-03  0.1000000E-03           1
|00001100000000000001000010100001001> :  0.4856116E-05  0.1000000E-03           1
|00000000000010001100000000001001100> :  0.5914865E-07  0.1000000E-03           1
|00000100000000000001000010100001001> :  0.1263367E-03  0.1000000E-03           1
|10000000000100000000001000000001100> :  0.6691577E-05  0.1000000E-03           1
|00000100000000000001000000100101001> :  0.1925525E-04  0.1000000E-03           1
|00001100000000000000101010100001001> :  0.4218362E-05  0.1000000E-03           1
|00100000000100001000100000000000001> :  0.7274214E-05  0.1000000E-03           1
|00001100000000000000001000100001001> :  0.1092316E-04  0.1000000E-03           1
|00101000000100001000000000100001100> :  0.4128187E-03  0.1000000E-03           1
|00100000000100001010000000000001100> :  0.1523217E-04  0.1000000E-03           1
|00100000000100001000000000100000001> :  0.6279545E-05  0.1000000E-03           1
|00001000000101001010010000000001001> :  0.6399692E-05  0.1000000E-03           1
|00100000000100001010000000100001100> :  0.4528014E-04  0.1000000E-03           1
|00001000100100001100000010111000000> :  0.6529249E-07  0.1000000E-03           1
|00101000000100000000100000100000001> :  0.1586127E-03  0.1000000E-03           1
|00100000000101001000000000100001001> :  0.2965077E-03  0.1000000E-03           1
|00100000000100010000000000100001100> :  0.8809003E-05  0.1000000E-03           1
|00101000000100010000001000000001100> :  0.9404080E-04  0.1000000E-03           1
|10010000000001001000000001010000001> :  0.1303276E-05  0.1000000E-03           1
|00001100000010000000101000100000000> :  0.1411529E-04  0.1000000E-03           1
|00101000000100010000011100100001100> :  0.8272716E-06  0.1000000E-03           1
|00000000000001000000001010100000001> :  0.4518941E-06  0.1000000E-03           1
|00101000000101000000001000000001001> :  0.1557023E-03  0.1000000E-03           1
|00101000000101000000000000100001001> :  0.4919146E-04  0.1000000E-03           1
|00000000000000101001000010000000001> :  0.2119659E-05  0.1000000E-03           1
|00011000100100001100000001110000000> :  0.5652208E-07  0.1000000E-03           1
|00101000000010001100000000110000000> :  0.5172771E-05  0.1000000E-03           1
|00011000000000110100001000110000000> :  0.2193167E-08  0.1000000E-03           1
|00100000000000010001010011000000000> :  0.3369194E-08  0.1000000E-03           1
|00001001100000100100000011000001100> :  0.2122502E-09  0.1000000E-03           1
|00001000000000001100000010010000000> :  0.3403413E-04  0.1000000E-03           1
|00010000000000000110000000001100000> :  0.5955343E-06  0.1000000E-03           1
|10001000000000001000010100000001101> :  0.3432905E-08  0.1000000E-03           1
|00101000000100001000000000100001101> :  0.1467268E-04  0.1000000E-03           1
|00001000000100001010000100101001111> :  0.8608343E-11  0.1000000E-03           1
|01000000000000000100010010010000000> :  0.9332678E-07  0.1000000E-03           1
