# state, exact probability, frequency, count:
#------------------------------------------------------------------
|0000001000100111010010101> :  0.2553899E+00  0.2589000E+00        2589
|0000001000100111000110101> :  0.1697281E+00  0.1690000E+00        1690
|0000101000100111010010001> :  0.1381925E+00  0.1330000E+00        1330
|0000001000100111010010001> :  0.1088415E+00  0.1081000E+00        1081
|0000001000100111010110001> :  0.1003490E+00  0.9990000E-01         999
|0000001000100111000011101> :  0.6951158E-02  0.8000000E-02          80
|0000100000100111010011001> :  0.7995776E-02  0.7700000E-02          77
|0000001100100111010010001> :  0.6078458E-02  0.6100000E-02          61
|0000001000100111010011101> :  0.6032456E-02  0.5700000E-02          57
|0000101000100111000110001> :  0.5911833E-02  0.5000000E-02          50
|0000011000100111000110101> :  0.4175759E-02  0.4900000E-02          49
|0000001000101111010010001> :  0.3704531E-02  0.3900000E-02          39
|0000000100100111110000011> :  0.2753304E-02  0.3800000E-02          38
|1000101000100111000010001> :  0.2948388E-02  0.3400000E-02          34
|0001001000100111000110001> :  0.3429855E-02  0.3300000E-02          33
|0000101000100101000110001> :  0.3086581E-02  0.3100000E-02          31
|0001001000100111010010001> :  0.3352450E-02  0.2900000E-02          29
|0000001010100111010010001> :  0.2614044E-02  0.2800000E-02          28
|0001001000100111010110001> :  0.2170934E-02  0.2600000E-02          26
|1000100000100111000010001> :  0.1567991E-02  0.2300000E-02          23
|0100001000100111000110001> :  0.2594311E-02  0.1900000E-02          19
|0000101000110111000010001> :  0.2517172E-02  0.1900000E-02          19
|0000001000100111010011001> :  0.1643178E-02  0.1700000E-02          17
|0000001000100111010110101> :  0.1271192E-02  0.1500000E-02          15
|0000101000100111000110011> :  0.6497113E-03  0.1400000E-02          14
|0000001000100111000010101> :  0.1367094E-02  0.1300000E-02          13
|0000101001100111000010001> :  0.5827336E-03  0.1200000E-02          12
|0000001000100101010110001> :  0.7329447E-03  0.1100000E-02          11
|0000100000100111010010101> :  0.8965006E-03  0.1100000E-02          11
|0100001000100111010010001> :  0.1407420E-02  0.1100000E-02          11
|0000001000110111000010101> :  0.1299678E-02  0.1000000E-02          10
|0000011000100111000010101> :  0.1174833E-02  0.1000000E-02          10
|0000011000100111010010101> :  0.5318651E-03  0.9000000E-03           9
|0000101000100101000010011> :  0.8412192E-03  0.9000000E-03           9
|0000101000100111010010011> :  0.1080927E-02  0.9000000E-03           9
|0000100000100111010110001> :  0.6802567E-03  0.9000000E-03           9
|0000101000100101010010011> :  0.6914731E-03  0.9000000E-03           9
|0000101000110111000010101> :  0.4820551E-03  0.9000000E-03           9
|0000101000100111001010001> :  0.8873818E-03  0.9000000E-03           9
|0000101000100111010110000> :  0.2774494E-03  0.8000000E-03           8
|0110001000100111000110001> :  0.5598168E-03  0.8000000E-03           8
|1000101000100101000110001> :  0.5908092E-03  0.8000000E-03           8
|0000101000100011110010001> :  0.7548302E-03  0.7000000E-03           7
|0001101000100111000110001> :  0.6493035E-03  0.7000000E-03           7
|0000011000100111000110001> :  0.7702696E-03  0.7000000E-03           7
|1000101000100101000010011> :  0.3896118E-03  0.7000000E-03           7
|0000100000101111000010001> :  0.7621440E-03  0.7000000E-03           7
|0000001000000111010110001> :  0.4920778E-03  0.6000000E-03           6
|0000101010100100010010011> :  0.4128668E-03  0.6000000E-03           6
|0010001000100111010010001> :  0.4636657E-03  0.6000000E-03           6
|0001101000100111010010001> :  0.8049281E-03  0.6000000E-03           6
|0000101000100101000110101> :  0.5128854E-03  0.6000000E-03           6
|0000001100100111000010101> :  0.6835646E-03  0.6000000E-03           6
|0000101000100111110000010> :  0.2629406E-03  0.6000000E-03           6
|0000101000100101010010001> :  0.3689133E-03  0.6000000E-03           6
|0000101000100111000010001> :  0.2321691E-03  0.6000000E-03           6
|0000101000100110000110001> :  0.2501263E-03  0.6000000E-03           6
|0010101000100111010010001> :  0.5031569E-03  0.6000000E-03           6
|0000100010100111010010001> :  0.5975452E-03  0.6000000E-03           6
|0000100000101111110010001> :  0.1934137E-03  0.6000000E-03           6
|0000001001100111001010101> :  0.3635997E-03  0.5000000E-03           5
|0000101000100011000110001> :  0.1802847E-03  0.5000000E-03           5
|0000001000101111011010001> :  0.1784958E-03  0.5000000E-03           5
|0100101000100101000110001> :  0.2467534E-03  0.5000000E-03           5
|0000101000101111010010001> :  0.1753246E-03  0.5000000E-03           5
|0000101001100111000110001> :  0.4795459E-03  0.5000000E-03           5
|0000001000100111001110001> :  0.5536369E-03  0.5000000E-03           5
|0000001000100101000110101> :  0.3582304E-03  0.5000000E-03           5
|0000000000100111010010101> :  0.3980313E-03  0.5000000E-03           5
|1000100000100111010010001> :  0.6039455E-03  0.5000000E-03           5
|0100001000100111010110001> :  0.2155378E-03  0.5000000E-03           5
|0000001001100111100010101> :  0.4359962E-03  0.5000000E-03           5
|0100001000100111000110101> :  0.7422807E-03  0.5000000E-03           5
|0000100000100111010010001> :  0.4532185E-03  0.5000000E-03           5
|0010001000100111010010011> :  0.1530482E-03  0.5000000E-03           5
|0000001000101111010010101> :  0.2813390E-03  0.4000000E-03           4
|0000000000101111010011001> :  0.1602473E-03  0.4000000E-03           4
|0000101000000111010110001> :  0.1438816E-03  0.4000000E-03           4
|0001100000100111000110001> :  0.2114598E-03  0.4000000E-03           4
|0000001000100111110010001> :  0.4428102E-03  0.4000000E-03           4
|0000100000100111000010011> :  0.2945463E-03  0.4000000E-03           4
|0000001000101111001010001> :  0.3527110E-03  0.4000000E-03           4
|0000100000100111001010001> :  0.4129372E-03  0.4000000E-03           4
|0000101000100101001110001> :  0.2123413E-03  0.4000000E-03           4
|0000101000100001110000011> :  0.1875930E-03  0.4000000E-03           4
|0010001000100111010110000> :  0.6360886E-03  0.4000000E-03           4
|0000001000100111110000011> :  0.3661207E-03  0.4000000E-03           4
|0000001000100111000110001> :  0.6439463E-03  0.4000000E-03           4
|0000001000100111110010101> :  0.2338599E-03  0.4000000E-03           4
|0000101000100101001010011> :  0.3108967E-03  0.4000000E-03           4
|0000100100100111110000011> :  0.2817730E-03  0.4000000E-03           4
|0000101000100011100110001> :  0.7709233E-03  0.4000000E-03           4
|0000100000101111010010001> :  0.3092762E-03  0.4000000E-03           4
|0000000100100111010010001> :  0.3772240E-03  0.4000000E-03           4
|0000001001100111010010001> :  0.1666066E-03  0.4000000E-03           4
|0000001001100111000110101> :  0.4209709E-03  0.4000000E-03           4
|0100100000100111000011001> :  0.2548645E-03  0.4000000E-03           4
|0000001000100111010010011> :  0.2728027E-03  0.4000000E-03           4
|0000001000100111100100101> :  0.2830827E-03  0.3000000E-03           3
|0000101001100111000011101> :  0.7866954E-04  0.3000000E-03           3
|0000111000100111000110001> :  0.6365858E-04  0.3000000E-03           3
|0000101010100101000010001> :  0.1090248E-03  0.3000000E-03           3
|0000101001100101000010011> :  0.1709136E-03  0.3000000E-03           3
|0000101000110101001010001> :  0.2382054E-03  0.3000000E-03           3
|0000100000110111010010001> :  0.1420799E-03  0.3000000E-03           3
|0000101000000111000110001> :  0.3263374E-03  0.3000000E-03           3
|0001100000100111010010001> :  0.1209263E-03  0.3000000E-03           3
|0000000000100111110000011> :  0.1892053E-03  0.3000000E-03           3
|0000001000100111000010111> :  0.1457261E-03  0.3000000E-03           3
|0000100000100111000110011> :  0.4228923E-03  0.3000000E-03           3
|0000101010100111010010001> :  0.2002875E-03  0.3000000E-03           3
|1000100000100111000010101> :  0.7158843E-04  0.3000000E-03           3
|1000101000100101001010001> :  0.1180808E-03  0.3000000E-03           3
|0100101100100111010010001> :  0.1481230E-03  0.3000000E-03           3
|0100001000000111000110001> :  0.2121607E-03  0.3000000E-03           3
|0000001100110101010110001> :  0.2637578E-04  0.3000000E-03           3
|0001000000101111010010001> :  0.1611977E-03  0.3000000E-03           3
|0000001000100111001010001> :  0.1714246E-03  0.3000000E-03           3
|0000100000100111010000011> :  0.2205317E-03  0.3000000E-03           3
|0000101000100010110010011> :  0.1440124E-04  0.3000000E-03           3
|0010001000100111011010001> :  0.2885715E-03  0.3000000E-03           3
|0000001010100111000110101> :  0.1906844E-03  0.3000000E-03           3
|0001100000100111010001001> :  0.4016813E-03  0.3000000E-03           3
|0000101010100111000010011> :  0.1080971E-03  0.3000000E-03           3
|0000101000100111101010001> :  0.3930121E-03  0.3000000E-03           3
|0000001001100111000010101> :  0.5651944E-03  0.3000000E-03           3
|0000001000100111000100101> :  0.3888953E-03  0.3000000E-03           3
|0010001000100101010110001> :  0.2196721E-03  0.3000000E-03           3
|0001101000101111000010101> :  0.3389309E-04  0.3000000E-03           3
|0010001000100111000110001> :  0.1618563E-03  0.3000000E-03           3
|0000111000100111000010101> :  0.3537782E-03  0.3000000E-03           3
|1000001000101111010010101> :  0.6679861E-04  0.3000000E-03           3
|0010100000100111010010001> :  0.1421346E-03  0.3000000E-03           3
|0000100000100111010010011> :  0.2172866E-03  0.3000000E-03           3
|0000101000100101010110001> :  0.2282375E-03  0.3000000E-03           3
|0000101000110111000110001> :  0.3849803E-03  0.3000000E-03           3
|1000101000100111000110001> :  0.3553099E-03  0.2000000E-03           2
|1001000000100111010010101> :  0.1890961E-04  0.2000000E-03           2
|0000101100110110010010001> :  0.4790749E-04  0.2000000E-03           2
|0000101000110101000010011> :  0.1451857E-03  0.2000000E-03           2
|0000101000100111010011011> :  0.3024133E-04  0.2000000E-03           2
|0000100000100111000010101> :  0.1244446E-03  0.2000000E-03           2
|0000101000100111110010011> :  0.1253274E-03  0.2000000E-03           2
|0000101000100111000110101> :  0.1797213E-03  0.2000000E-03           2
|0100001000100111010010101> :  0.1172655E-03  0.2000000E-03           2
|0001000000101111100000011> :  0.1012335E-04  0.2000000E-03           2
|0000100000100101010010011> :  0.3424227E-03  0.2000000E-03           2
|0001000100100111010000001> :  0.1655359E-03  0.2000000E-03           2
|0100001000100011000110101> :  0.4525557E-04  0.2000000E-03           2
|0000100000100111110000001> :  0.7653874E-04  0.2000000E-03           2
|0000100000100111110010001> :  0.1886006E-03  0.2000000E-03           2
|0010001010100111010010001> :  0.1466535E-03  0.2000000E-03           2
|0000101000100101000011101> :  0.7965884E-04  0.2000000E-03           2
|0000100000100101000110011> :  0.4532345E-04  0.2000000E-03           2
|0000100000100111000010111> :  0.8402497E-04  0.2000000E-03           2
|0000101000000111010010011> :  0.1889504E-03  0.2000000E-03           2
|0000000000100111110001101> :  0.5754925E-04  0.2000000E-03           2
|0010001000101111010010001> :  0.5669573E-04  0.2000000E-03           2
|0100101000100011000110001> :  0.2129380E-03  0.2000000E-03           2
|0000001000000111000111101> :  0.1381949E-03  0.2000000E-03           2
|0000101000100111010010010> :  0.1713466E-03  0.2000000E-03           2
|0000000100100111000101101> :  0.4169190E-04  0.2000000E-03           2
|0000001000100111110100010> :  0.8768122E-04  0.2000000E-03           2
|0000101001100111000010101> :  0.2370134E-03  0.2000000E-03           2
|0000001000100111011010101> :  0.2448506E-03  0.2000000E-03           2
|0110001000100111000111001> :  0.1599021E-03  0.2000000E-03           2
|0000101000110101000010001> :  0.4135767E-03  0.2000000E-03           2
|0000001000100111001010101> :  0.1580689E-03  0.2000000E-03           2
|0000001100110011010110001> :  0.2978426E-04  0.2000000E-03           2
|0100100000100111000010001> :  0.1599406E-03  0.2000000E-03           2
|0000001000101111001010101> :  0.2123143E-03  0.2000000E-03           2
|0100001100100111010110001> :  0.5446413E-04  0.2000000E-03           2
|0010001000001111010010001> :  0.9998924E-04  0.2000000E-03           2
|0000101000100101000010101> :  0.3988097E-03  0.2000000E-03           2
|0000100000100111110000010> :  0.2811812E-03  0.2000000E-03           2
|0010001000101111010010000> :  0.1104431E-03  0.2000000E-03           2
|0001100000100111110000001> :  0.1172068E-03  0.2000000E-03           2
|0000000000101111110010001> :  0.5411294E-04  0.2000000E-03           2
|0000100001100111000010101> :  0.1859731E-03  0.2000000E-03           2
|0001011000100111000110001> :  0.2810251E-03  0.2000000E-03           2
|0000001000100110010010101> :  0.1505998E-03  0.2000000E-03           2
|0000100100100011110001010> :  0.7731611E-04  0.2000000E-03           2
|0001101000100111000010001> :  0.1119511E-03  0.2000000E-03           2
|0001101000100011000110001> :  0.9426175E-04  0.2000000E-03           2
|0000101000110111000011001> :  0.2917731E-04  0.2000000E-03           2
|0000101000100101110000011> :  0.1623074E-03  0.2000000E-03           2
|0010001000100101010011001> :  0.4611545E-05  0.2000000E-03           2
|0000001000100111000010001> :  0.2405356E-03  0.2000000E-03           2
|0010001000100111010010000> :  0.1446985E-03  0.2000000E-03           2
|0001001000110011010110001> :  0.3581668E-05  0.2000000E-03           2
|0010001000110111010010001> :  0.3200380E-03  0.2000000E-03           2
|0010001001100111000110101> :  0.1500311E-04  0.2000000E-03           2
|0000100000100111110001001> :  0.5987857E-04  0.2000000E-03           2
|0000101000100011010010001> :  0.1019972E-03  0.2000000E-03           2
|0000101000100100010010011> :  0.3790990E-04  0.2000000E-03           2
|0000101000100101000110011> :  0.1032078E-03  0.2000000E-03           2
|0000101000100100001010011> :  0.3575574E-04  0.2000000E-03           2
|0000000100100111010001001> :  0.2723974E-03  0.2000000E-03           2
|0000000000101111010010001> :  0.2103107E-03  0.2000000E-03           2
|0000001000101111010010011> :  0.5437195E-04  0.2000000E-03           2
|0000001000100101010010011> :  0.2179804E-03  0.2000000E-03           2
|0011001000100111010010001> :  0.6333378E-04  0.2000000E-03           2
|0100001000100111000010101> :  0.2092338E-03  0.2000000E-03           2
|0000100000100111010001011> :  0.3623543E-04  0.2000000E-03           2
|0000001100100111010001001> :  0.5638173E-04  0.2000000E-03           2
|0001000000100111010111001> :  0.3279555E-05  0.2000000E-03           2
|0000101000100111000010101> :  0.5037061E-04  0.2000000E-03           2
|0100001110100101000010101> :  0.8076202E-05  0.2000000E-03           2
|0100001001100111000010101> :  0.1687620E-03  0.2000000E-03           2
|0000100000100111000110001> :  0.8991579E-04  0.2000000E-03           2
|0000101000100111001011001> :  0.8064155E-04  0.2000000E-03           2
|0000001000100111010100001> :  0.3172596E-04  0.2000000E-03           2
|0000001100110101010010101> :  0.1983244E-04  0.2000000E-03           2
|0000001100110111010010101> :  0.6025625E-04  0.2000000E-03           2
|0000000100100111010000011> :  0.2542376E-03  0.2000000E-03           2
|0000101000100111010110001> :  0.2111739E-03  0.2000000E-03           2
|0000001000100111010111001> :  0.1646711E-04  0.2000000E-03           2
|1000001000100111000110001> :  0.5452216E-04  0.2000000E-03           2
|0000101000100111011010001> :  0.1936588E-03  0.2000000E-03           2
|0000101000110101010010011> :  0.3699831E-04  0.2000000E-03           2
|0000100000100011110000011> :  0.2782856E-04  0.2000000E-03           2
|0000101001000001000110011> :  0.4172801E-04  0.2000000E-03           2
|0000101001100101000010001> :  0.8717200E-04  0.2000000E-03           2
|1000101000110101000010001> :  0.1825000E-03  0.2000000E-03           2
|0000001000000111010010011> :  0.5079448E-04  0.2000000E-03           2
|0001001000100111000110101> :  0.8331138E-04  0.2000000E-03           2
|1001001000100111010010001> :  0.4828087E-04  0.2000000E-03           2
|0000101010100101010010001> :  0.1861235E-03  0.2000000E-03           2
|0000101010100111110010001> :  0.8477163E-04  0.2000000E-03           2
|1100001000101101000110001> :  0.6223804E-05  0.2000000E-03           2
|0000101010100101000110001> :  0.2064094E-03  0.2000000E-03           2
|1000101000100101000010001> :  0.1568294E-03  0.2000000E-03           2
|0000101000100110110010011> :  0.1124398E-03  0.2000000E-03           2
|0100101100100111000110001> :  0.5473112E-04  0.2000000E-03           2
|0000001000100111110111001> :  0.5574868E-04  0.1000000E-03           1
|0000011010111111000000001> :  0.3132900E-07  0.1000000E-03           1
|0000001000100111110110001> :  0.3191983E-04  0.1000000E-03           1
|0000001000100111110100101> :  0.4232472E-04  0.1000000E-03           1
|0000101010100001100110001> :  0.2937771E-05  0.1000000E-03           1
|0000011001100111000010101> :  0.1957420E-03  0.1000000E-03           1
|0000001000000111010100011> :  0.1542569E-03  0.1000000E-03           1
|0000011001000011000110110> :  0.1635390E-07  0.1000000E-03           1
|0000011000110111010110001> :  0.2531439E-04  0.1000000E-03           1
|0000001000100111110100000> :  0.6812876E-05  0.1000000E-03           1
|0000011000110111000010101> :  0.1594481E-04  0.1000000E-03           1
|0000101001100111100010001> :  0.1943277E-04  0.1000000E-03           1
|1001001000100101010100000> :  0.1130925E-05  0.1000000E-03           1
|0000011001100111010000101> :  0.7790975E-05  0.1000000E-03           1
|0000011010100001010000011> :  0.6251746E-07  0.1000000E-03           1
|0000011010111000100110001> :  0.1122530E-07  0.1000000E-03           1
|0000101010100111000010001> :  0.1861483E-03  0.1000000E-03           1
|0000011011110110000000101> :  0.1383667E-07  0.1000000E-03           1
|0000011100100111000010001> :  0.2033031E-05  0.1000000E-03           1
|0000011100100111000010101> :  0.2570040E-04  0.1000000E-03           1
|0000011000101111010010011> :  0.1041027E-05  0.1000000E-03           1
|0000001000000111010011101> :  0.1007787E-03  0.1000000E-03           1
|0000011000101111001010001> :  0.1249860E-04  0.1000000E-03           1
|1000101000110101010010001> :  0.8483423E-05  0.1000000E-03           1
|0000011000101111000111001> :  0.7686114E-06  0.1000000E-03           1
|0000011000100111100010101> :  0.1523178E-04  0.1000000E-03           1
|1000101000100111000010101> :  0.9207184E-04  0.1000000E-03           1
|0000101001100101001010011> :  0.1902873E-04  0.1000000E-03           1
|0000011000100111010110001> :  0.8411494E-04  0.1000000E-03           1
|0000000100100111000001001> :  0.5529216E-06  0.1000000E-03           1
|0000000000101111000111001> :  0.7295741E-04  0.1000000E-03           1
|1000101000100101010010001> :  0.4816400E-04  0.1000000E-03           1
|0000011000100111010001001> :  0.2714539E-05  0.1000000E-03           1
|0000001000100111110000010> :  0.5252233E-04  0.1000000E-03           1
|0000011000100111001010101> :  0.3206837E-04  0.1000000E-03           1
|1000101000001001001010001> :  0.1020244E-05  0.1000000E-03           1
|1000101000000111000110001> :  0.5540465E-05  0.1000000E-03           1
|0000001000100111100111101> :  0.2398549E-04  0.1000000E-03           1
|0000101000110111001010001> :  0.6086741E-04  0.1000000E-03           1
|1000100000101010010111011> :  0.1577431E-07  0.1000000E-03           1
|1000100000100111100010101> :  0.4733987E-04  0.1000000E-03           1
|0000011000100111000010001> :  0.1212151E-03  0.1000000E-03           1
|0000011000100011111110000> :  0.1048176E-07  0.1000000E-03           1
|0000001000100111100000101> :  0.9494805E-05  0.1000000E-03           1
|0000001000000111000110101> :  0.1550173E-03  0.1000000E-03           1
|0000000100100110010010011> :  0.2380506E-05  0.1000000E-03           1
|0000011000100011010000101> :  0.3357203E-05  0.1000000E-03           1
|0000011000100011010000001> :  0.6356231E-06  0.1000000E-03           1
|0000001000100111011111001> :  0.8035469E-05  0.1000000E-03           1
|0000011000100011000110101> :  0.1231781E-03  0.1000000E-03           1
|0000010100100111000001100> :  0.3658423E-06  0.1000000E-03           1
|0000001000100111011011001> :  0.1457236E-04  0.1000000E-03           1
|0000001000000111000110011> :  0.3392118E-04  0.1000000E-03           1
|0000010001101010000011101> :  0.3790997E-06  0.1000000E-03           1
|0000101000110000110010011> :  0.6810698E-05  0.1000000E-03           1
|0000010000101111010000001> :  0.2494519E-05  0.1000000E-03           1
|0000010000101111000010001> :  0.1107853E-04  0.1000000E-03           1
|0000101000101111010110101> :  0.4558613E-04  0.1000000E-03           1
|0000010000100111000010101> :  0.1889637E-04  0.1000000E-03           1
|0000001000100111011010001> :  0.9317970E-04  0.1000000E-03           1
|0000001000000011010110001> :  0.1014860E-04  0.1000000E-03           1
|0000000100100011110100001> :  0.2156437E-06  0.1000000E-03           1
|0000000000101111000100110> :  0.1878520E-06  0.1000000E-03           1
|0000010000100011110000011> :  0.1028994E-05  0.1000000E-03           1
|0000010000100011000110101> :  0.7926299E-06  0.1000000E-03           1
|0000001000100111011010000> :  0.2101658E-05  0.1000000E-03           1
|0000001110110111010011101> :  0.2296182E-07  0.1000000E-03           1
|0000001110110010000010001> :  0.4421375E-05  0.1000000E-03           1
|0000001000100111011000001> :  0.6958625E-04  0.1000000E-03           1
|0000001000000011001110101> :  0.1702442E-05  0.1000000E-03           1
|0000001101110110000010100> :  0.6276395E-07  0.1000000E-03           1
|0000001101100011000101101> :  0.1073302E-05  0.1000000E-03           1
|0000001000100111010111011> :  0.1116930E-03  0.1000000E-03           1
|0000001100110111100010101> :  0.3923682E-06  0.1000000E-03           1
|0100101101001111000110001> :  0.2909615E-06  0.1000000E-03           1
|0000001100110111010110001> :  0.1697875E-04  0.1000000E-03           1
|0000001000000011000110101> :  0.9347102E-05  0.1000000E-03           1
|0000000100100011010100010> :  0.5969038E-06  0.1000000E-03           1
|0000101000100111010110101> :  0.3298903E-05  0.1000000E-03           1
|0100101010100100000110001> :  0.1166182E-05  0.1000000E-03           1
|0000001100110110000010111> :  0.7811568E-07  0.1000000E-03           1
|0000101000100111010010101> :  0.8148880E-05  0.1000000E-03           1
|0100101000100111000010001> :  0.6498568E-04  0.1000000E-03           1
|0100101000100110010010010> :  0.1094418E-05  0.1000000E-03           1
|0000000110110100010010001> :  0.2508723E-06  0.1000000E-03           1
|0000101000100111010001101> :  0.2323720E-05  0.1000000E-03           1
|0000001100101111010100000> :  0.5404376E-06  0.1000000E-03           1
|0000001000100111010110000> :  0.7794622E-04  0.1000000E-03           1
|0000001100101110010111001> :  0.1571644E-06  0.1000000E-03           1
|0000001100100111110000111> :  0.8568507E-05  0.1000000E-03           1
|0000001000100111010101001> :  0.1839805E-04  0.1000000E-03           1
|0000000110100100010110001> :  0.1182230E-05  0.1000000E-03           1
|0000000010101011000111101> :  0.1762881E-06  0.1000000E-03           1
|0000000000100111110011001> :  0.1060293E-05  0.1000000E-03           1
|0000001100100111110000101> :  0.7430536E-04  0.1000000E-03           1
|0100011000100101000110001> :  0.3680251E-05  0.1000000E-03           1
|0000001100100111110000011> :  0.3478683E-03  0.1000000E-03           1
|0000001100100111100111101> :  0.1305017E-06  0.1000000E-03           1
|0000001100100111100010101> :  0.6457813E-05  0.1000000E-03           1
|0000001000100111010011111> :  0.3878857E-04  0.1000000E-03           1
|0000000101101010001011101> :  0.2472745E-07  0.1000000E-03           1
|0000001100100111100000011> :  0.7235336E-05  0.1000000E-03           1
|0000101000100110011010001> :  0.3379678E-04  0.1000000E-03           1
|0000001100100111010111001> :  0.7660673E-05  0.1000000E-03           1
|0000001100100111010110001> :  0.2918893E-04  0.1000000E-03           1
|0000101000100110010010000> :  0.3762437E-05  0.1000000E-03           1
|0000001000100111010011011> :  0.5545859E-05  0.1000000E-03           1
|0000000100111111001010001> :  0.6211440E-06  0.1000000E-03           1
|0000000010100111010001000> :  0.4436005E-06  0.1000000E-03           1
|0000101000100110000110011> :  0.2045955E-03  0.1000000E-03           1
|0000101000100110000010011> :  0.2335283E-03  0.1000000E-03           1
|0000001100100111010000101> :  0.3524574E-04  0.1000000E-03           1
|0000001100100111010000011> :  0.3844700E-04  0.1000000E-03           1
|0100000000100111110000010> :  0.3490179E-06  0.1000000E-03           1
|0100000000100111000011011> :  0.1603688E-05  0.1000000E-03           1
|0000000100111011010110000> :  0.7127506E-07  0.1000000E-03           1
|0000001100100110010010001> :  0.2055332E-04  0.1000000E-03           1
|0000001100100101010011001> :  0.5171179E-06  0.1000000E-03           1
|0000001000100111010010100> :  0.1195775E-03  0.1000000E-03           1
|0000001100100101010010011> :  0.1992865E-04  0.1000000E-03           1
|0010101010100111000010011> :  0.9051805E-06  0.1000000E-03           1
|0000001100100011010010101> :  0.3364026E-05  0.1000000E-03           1
|0000000100111010001010001> :  0.2302927E-06  0.1000000E-03           1
|0000000010100111000010001> :  0.6746849E-06  0.1000000E-03           1
|0000000000100111110010101> :  0.3684002E-04  0.1000000E-03           1
|0000000000100111010010011> :  0.9707054E-04  0.1000000E-03           1
|0000000000100110010010011> :  0.5696218E-05  0.1000000E-03           1
|0000001100100001011010011> :  0.3495992E-07  0.1000000E-03           1
|0000001100100001000101101> :  0.1655758E-06  0.1000000E-03           1
|0000001000100111010010010> :  0.3071869E-04  0.1000000E-03           1
|0000001100000101010010011> :  0.1092097E-04  0.1000000E-03           1
|0000101000100101000010001> :  0.5326194E-04  0.1000000E-03           1
|0000001100000101000110101> :  0.1212252E-05  0.1000000E-03           1
|0000000100110111010010000> :  0.2340122E-05  0.1000000E-03           1
|0010101000000111010010000> :  0.6381473E-06  0.1000000E-03           1
|0010100101001001001010001> :  0.1461227E-07  0.1000000E-03           1
|0000001011100111000110001> :  0.1850769E-04  0.1000000E-03           1
|0000101000100100000110001> :  0.1753403E-05  0.1000000E-03           1
|0000101000100011110100000> :  0.2428128E-05  0.1000000E-03           1
|0000001011100101000100111> :  0.5803865E-06  0.1000000E-03           1
|0010101000100110010010001> :  0.5538150E-04  0.1000000E-03           1
|0010101000100111010011011> :  0.4794060E-05  0.1000000E-03           1
|0010101000100111110000001> :  0.2432650E-04  0.1000000E-03           1
|0010101000110011000111000> :  0.1360944E-05  0.1000000E-03           1
|0000101000100101000100011> :  0.8787171E-05  0.1000000E-03           1
|0010101001000101000010111> :  0.2000021E-06  0.1000000E-03           1
|0010101001100001000101100> :  0.7757817E-08  0.1000000E-03           1
|0010101010100101010110000> :  0.5056495E-05  0.1000000E-03           1
|0010101010100111010010001> :  0.1115799E-03  0.1000000E-03           1
|0010101100000100000010011> :  0.9162808E-08  0.1000000E-03           1
|0010101110100110010110001> :  0.4451430E-07  0.1000000E-03           1
|0011001000011001010110000> :  0.1615587E-07  0.1000000E-03           1
|0000101000100101010011001> :  0.1784056E-04  0.1000000E-03           1
|0011001000110001110000010> :  0.5914910E-07  0.1000000E-03           1
|0000101000100101011010001> :  0.7978354E-04  0.1000000E-03           1
|0000101000100101100110001> :  0.7239216E-04  0.1000000E-03           1
|0000001000100111010001100> :  0.1910825E-05  0.1000000E-03           1
|0000101000100101110000111> :  0.6746156E-06  0.1000000E-03           1
|0000101000100101110010001> :  0.1609445E-04  0.1000000E-03           1
|0000101000100101110110001> :  0.1946811E-04  0.1000000E-03           1
|0100001000000111000110101> :  0.4677114E-04  0.1000000E-03           1
|0100001000100011110111001> :  0.9822176E-06  0.1000000E-03           1
|0100001000100111000110000> :  0.2272685E-04  0.1000000E-03           1
|0000101000100110000111011> :  0.1327121E-04  0.1000000E-03           1
|0100001000100111001010001> :  0.7496653E-04  0.1000000E-03           1
|0000101000100110010010001> :  0.1443812E-03  0.1000000E-03           1
|0000101000100110010010010> :  0.3702694E-03  0.1000000E-03           1
|0000101000100110010010011> :  0.1715434E-03  0.1000000E-03           1
|0100001001001111010010001> :  0.1701605E-04  0.1000000E-03           1
|0000101000100110100111101> :  0.3780017E-07  0.1000000E-03           1
|0100001001101111000010001> :  0.7677401E-05  0.1000000E-03           1
|0000101000100111000000001> :  0.2885767E-05  0.1000000E-03           1
|0000101000100111000000011> :  0.1944566E-04  0.1000000E-03           1
|0100001100100111010111001> :  0.1883050E-04  0.1000000E-03           1
|0100001101100001011000011> :  0.4070801E-07  0.1000000E-03           1
|0000101000100111000100001> :  0.3773086E-04  0.1000000E-03           1
|0100011000100111000110001> :  0.1319908E-03  0.1000000E-03           1
|0100100000000001000110011> :  0.1348729E-06  0.1000000E-03           1
|0100100000100011000111001> :  0.8354883E-06  0.1000000E-03           1
|0000101000100111000111011> :  0.4795391E-04  0.1000000E-03           1
|0100100000100111010101000> :  0.3704407E-05  0.1000000E-03           1
|0000101000100111001010101> :  0.9123620E-04  0.1000000E-03           1
|0100100100100100000010001> :  0.1387783E-05  0.1000000E-03           1
|0000101000100111001110001> :  0.3426711E-04  0.1000000E-03           1
|0000101000100111010000001> :  0.8046065E-04  0.1000000E-03           1
|0000101000100111010001001> :  0.5738818E-06  0.1000000E-03           1
|0100101000100101000010101> :  0.2615534E-05  0.1000000E-03           1
|0100101000100110000010101> :  0.1259370E-05  0.1000000E-03           1
|0000101000100011110010011> :  0.3782006E-03  0.1000000E-03           1
|0100101000100111000010011> :  0.1488580E-03  0.1000000E-03           1
|0100101000100111010010001> :  0.5621351E-04  0.1000000E-03           1
|0100101000100111010011001> :  0.3249934E-04  0.1000000E-03           1
|0100101010100111000010011> :  0.9862757E-06  0.1000000E-03           1
|0100101011000001010110001> :  0.4096053E-07  0.1000000E-03           1
|0100101100100000011110001> :  0.3994421E-07  0.1000000E-03           1
|0000101000100111011000011> :  0.2953095E-05  0.1000000E-03           1
|0100110100100001100000110> :  0.1228520E-07  0.1000000E-03           1
|0000101000100111100010111> :  0.1705907E-04  0.1000000E-03           1
|0000101000100111100110011> :  0.1010572E-04  0.1000000E-03           1
|0101000000110111000000001> :  0.2563488E-06  0.1000000E-03           1
|0000101000100111110000001> :  0.1025018E-03  0.1000000E-03           1
|0101011000100011000100011> :  0.8261842E-06  0.1000000E-03           1
|0000101000100111110000011> :  0.1948778E-03  0.1000000E-03           1
|0000101000100111110010000> :  0.3525328E-05  0.1000000E-03           1
|0000101000100111110010001> :  0.1615804E-03  0.1000000E-03           1
|0101111010101000110000001> :  0.3055597E-09  0.1000000E-03           1
|0000101000100111110100000> :  0.7761937E-05  0.1000000E-03           1
|0000101000101101000010011> :  0.3652540E-05  0.1000000E-03           1
|0000101000101101010010001> :  0.9805231E-04  0.1000000E-03           1
|0000101000101111001010001> :  0.1670517E-03  0.1000000E-03           1
|0110100100101001100000010> :  0.2826258E-07  0.1000000E-03           1
|0000101000101111010011001> :  0.6145938E-04  0.1000000E-03           1
|0111011000100001101100000> :  0.7945350E-08  0.1000000E-03           1
|0000101000101111110000101> :  0.3194728E-06  0.1000000E-03           1
|0000101000101111110111010> :  0.9820998E-08  0.1000000E-03           1
|0000101000110000001011001> :  0.2579711E-04  0.1000000E-03           1
|1000000100100111010100001> :  0.1758042E-05  0.1000000E-03           1
|0000101000110001000010011> :  0.4265255E-04  0.1000000E-03           1
|0000101000110001010100101> :  0.1032350E-06  0.1000000E-03           1
|0000101000110011010010001> :  0.9120951E-04  0.1000000E-03           1
|0000101000110011100000101> :  0.1114693E-05  0.1000000E-03           1
|1000001000100111010001001> :  0.1114099E-04  0.1000000E-03           1
|1000001000100111010011101> :  0.4977470E-05  0.1000000E-03           1
|0000101000110101000110010> :  0.1290348E-05  0.1000000E-03           1
|1000001000110111010110000> :  0.8011203E-05  0.1000000E-03           1
|0000101000110101001011001> :  0.5261572E-06  0.1000000E-03           1
|0000101000110101001110000> :  0.6292461E-06  0.1000000E-03           1
|0000101000110101010010001> :  0.1209147E-03  0.1000000E-03           1
|1000011000110111110000011> :  0.1977626E-08  0.1000000E-03           1
|0000101000110101101111000> :  0.5235481E-06  0.1000000E-03           1
|0010100000100100011110011> :  0.7288363E-09  0.1000000E-03           1
|1000100000100111000011101> :  0.4918343E-04  0.1000000E-03           1
|0000001010101111000110000> :  0.9294015E-07  0.1000000E-03           1
|1000100001001000001011010> :  0.4153619E-06  0.1000000E-03           1
|1000100010100111000010001> :  0.1107413E-04  0.1000000E-03           1
|0000101000110111001010101> :  0.7459834E-05  0.1000000E-03           1
|0010011000111011010010000> :  0.1410418E-06  0.1000000E-03           1
|0000101001000101001010011> :  0.6204308E-04  0.1000000E-03           1
|0000101001010000001010011> :  0.1000008E-04  0.1000000E-03           1
|0000101001100100001010101> :  0.7206637E-05  0.1000000E-03           1
|0000101001100100010010101> :  0.5692963E-06  0.1000000E-03           1
|1000101000100101000110100> :  0.3341858E-06  0.1000000E-03           1
|1000101000100101100010001> :  0.4800625E-04  0.1000000E-03           1
|0000101001100101000110001> :  0.2560148E-04  0.1000000E-03           1
|1000101000100111000110000> :  0.3159743E-06  0.1000000E-03           1
|1000101000100111010010011> :  0.2400266E-05  0.1000000E-03           1
|1000101000100111100010001> :  0.1026163E-04  0.1000000E-03           1
|1000101000110100000010101> :  0.3385104E-05  0.1000000E-03           1
|1000101000110101010110000> :  0.1836967E-05  0.1000000E-03           1
|0000101001100111000110101> :  0.3130043E-04  0.1000000E-03           1
|0000101001100111001010001> :  0.8753343E-04  0.1000000E-03           1
|0000101001100111010010001> :  0.2580762E-04  0.1000000E-03           1
|1000101010100111000010001> :  0.2800077E-04  0.1000000E-03           1
|0000101001101101100011011> :  0.4088512E-07  0.1000000E-03           1
|0000101001110011000010001> :  0.3495247E-04  0.1000000E-03           1
|0000101001110101000010001> :  0.2369965E-04  0.1000000E-03           1
|0000101001110101000010101> :  0.3527081E-04  0.1000000E-03           1
|0000101001110101001010001> :  0.1136715E-04  0.1000000E-03           1
|0000101001110111000010001> :  0.4267864E-04  0.1000000E-03           1
|0000101010000111000110001> :  0.2582974E-04  0.1000000E-03           1
|1001001000100111010001100> :  0.7951786E-06  0.1000000E-03           1
|1001001000101111010110001> :  0.2298072E-05  0.1000000E-03           1
|1001001001100101000000011> :  0.1738112E-06  0.1000000E-03           1
|0000101010100101000010011> :  0.1253207E-03  0.1000000E-03           1
|1001010100100011000000100> :  0.1215120E-07  0.1000000E-03           1
|1001011010100001000000010> :  0.8126068E-08  0.1000000E-03           1
|0000101010100101010010011> :  0.1115512E-03  0.1000000E-03           1
|0000101010100110010010011> :  0.1202764E-03  0.1000000E-03           1
|1001100100100100000011001> :  0.4710012E-06  0.1000000E-03           1
|1001101000100101010010001> :  0.1366325E-05  0.1000000E-03           1
|0000101010100111000011001> :  0.2777129E-04  0.1000000E-03           1
|0000101010100111000110001> :  0.5688522E-04  0.1000000E-03           1
|0000101010100111000110011> :  0.1073537E-05  0.1000000E-03           1
|1010001100100101010010101> :  0.1855622E-07  0.1000000E-03           1
|0000101010100111010010011> :  0.6138758E-04  0.1000000E-03           1
|0000101010100111100010001> :  0.6648388E-05  0.1000000E-03           1
|0000101000100011010011001> :  0.1004154E-03  0.1000000E-03           1
|0000001010100111110010001> :  0.5167724E-04  0.1000000E-03           1
|0000001000100111010000111> :  0.1171373E-04  0.1000000E-03           1
|0000000100110011000010011> :  0.7397086E-06  0.1000000E-03           1
|0000000010100011100101101> :  0.5246176E-07  0.1000000E-03           1
|0010011000100011110000000> :  0.1440178E-06  0.1000000E-03           1
|0000101000100011001110001> :  0.6506146E-04  0.1000000E-03           1
|0000001010100111010100001> :  0.1689007E-04  0.1000000E-03           1
|0000101000100011001010001> :  0.3389842E-04  0.1000000E-03           1
|0010001010100111011010001> :  0.1280884E-05  0.1000000E-03           1
|0000001010100111010010011> :  0.1926866E-04  0.1000000E-03           1
|0000001000100111010000101> :  0.1836451E-03  0.1000000E-03           1
|0010001010100111010110001> :  0.4070162E-04  0.1000000E-03           1
|0010001001100111010110000> :  0.9576705E-05  0.1000000E-03           1
|0000101000100010000110101> :  0.3286584E-06  0.1000000E-03           1
|0010001001100111010001000> :  0.6001526E-05  0.1000000E-03           1
|0010001001100111000100010> :  0.1004262E-06  0.1000000E-03           1
|0010001001000111000110101> :  0.2976645E-04  0.1000000E-03           1
|0000101000100000100010011> :  0.9236559E-06  0.1000000E-03           1
|0000000100101111010010001> :  0.6709101E-04  0.1000000E-03           1
|0000101000010010001011000> :  0.2143983E-07  0.1000000E-03           1
|0000101000001100001010011> :  0.7462072E-05  0.1000000E-03           1
|0000001010100111000110001> :  0.1794959E-03  0.1000000E-03           1
|0000101000001001000010011> :  0.2130966E-06  0.1000000E-03           1
|0010001000100111110000011> :  0.1657344E-04  0.1000000E-03           1
|0000001010100111000010101> :  0.5233851E-04  0.1000000E-03           1
|0000001000100111001011011> :  0.9419697E-06  0.1000000E-03           1
|0000101000000111010011110> :  0.6134425E-07  0.1000000E-03           1
|0000101000000111010011011> :  0.3126425E-05  0.1000000E-03           1
|0000001010100101000111000> :  0.3409546E-06  0.1000000E-03           1
|0010001000100111010100001> :  0.1212344E-04  0.1000000E-03           1
|0010001000100111010010101> :  0.1817328E-04  0.1000000E-03           1
|0000101000000111000110011> :  0.1976871E-03  0.1000000E-03           1
|0000001010100011110110011> :  0.3720790E-07  0.1000000E-03           1
|0000000100101111000010001> :  0.3933333E-04  0.1000000E-03           1
|0000000001101111000011101> :  0.6527482E-04  0.1000000E-03           1
|0010001000100111001010001> :  0.5751103E-05  0.1000000E-03           1
|0000101000000111000010101> :  0.1744127E-04  0.1000000E-03           1
|0000001010000000011110011> :  0.1593551E-07  0.1000000E-03           1
|0000101000000111000010011> :  0.9978805E-04  0.1000000E-03           1
|0010001000100110010010001> :  0.3382380E-04  0.1000000E-03           1
|0000101000000110010010011> :  0.1295730E-04  0.1000000E-03           1
|0000001001110111000010101> :  0.9206492E-04  0.1000000E-03           1
|0000101000000101010110001> :  0.3171784E-04  0.1000000E-03           1
|0000101000000101001010011> :  0.8304442E-05  0.1000000E-03           1
|0000001001110000111010100> :  0.1630449E-09  0.1000000E-03           1
|0000101000000101000110101> :  0.1684483E-04  0.1000000E-03           1
|0010001000100011000001101> :  0.9913168E-07  0.1000000E-03           1
|0000101000000101000010011> :  0.4914880E-04  0.1000000E-03           1
|0000001000100111000111101> :  0.4388467E-04  0.1000000E-03           1
|0000101000000011000110011> :  0.1273837E-03  0.1000000E-03           1
|0000101000000001000110011> :  0.8670905E-04  0.1000000E-03           1
|0000001001100111010011100> :  0.2310863E-05  0.1000000E-03           1
|0000100110101000001011001> :  0.1186941E-06  0.1000000E-03           1
|0001111010010101000111001> :  0.1929401E-08  0.1000000E-03           1
|0000100110100110000110001> :  0.1243109E-05  0.1000000E-03           1
|0000001001100111010011001> :  0.2248813E-04  0.1000000E-03           1
|0000100100111000010100001> :  0.1218989E-08  0.1000000E-03           1
|0000100100110111000110001> :  0.1225200E-04  0.1000000E-03           1
|0000001001100111010010101> :  0.1864706E-03  0.1000000E-03           1
|0000100100110101010011000> :  0.3466223E-06  0.1000000E-03           1
|0001101100100111010110000> :  0.2958416E-05  0.1000000E-03           1
|0001101100100111000011011> :  0.1903026E-06  0.1000000E-03           1
|0000100100110011000110001> :  0.1931349E-04  0.1000000E-03           1
|0000000100100111110000001> :  0.7704494E-04  0.1000000E-03           1
|0000000001100111010011001> :  0.4283011E-05  0.1000000E-03           1
|0000100100101111100001001> :  0.9471398E-07  0.1000000E-03           1
|0001101010100100001010001> :  0.5077740E-05  0.1000000E-03           1
|0001101010100100000010001> :  0.9032287E-06  0.1000000E-03           1
|0000100100100111110000010> :  0.4138298E-04  0.1000000E-03           1
|0001101000111011111001011> :  0.2140365E-09  0.1000000E-03           1
|0000100100100111100000111> :  0.8229241E-07  0.1000000E-03           1
|0000001001100111000111101> :  0.1797152E-03  0.1000000E-03           1
|0000100100100111010001100> :  0.5092029E-06  0.1000000E-03           1
|0001101000100111001000001> :  0.8626362E-06  0.1000000E-03           1
|0000100100100111000110001> :  0.1667887E-05  0.1000000E-03           1
|0000100100100111000100101> :  0.4298839E-06  0.1000000E-03           1
|0001101000100101010011010> :  0.1111166E-06  0.1000000E-03           1
|0000100100100111000011000> :  0.1223175E-05  0.1000000E-03           1
|0000001001100111000110001> :  0.3357806E-03  0.1000000E-03           1
|0000000100100111100100010> :  0.3388285E-06  0.1000000E-03           1
|0000100100100111000010001> :  0.7961303E-05  0.1000000E-03           1
|0000100100100101110000011> :  0.3378307E-04  0.1000000E-03           1
|0000001001100111000100101> :  0.3512622E-04  0.1000000E-03           1
|0000100100100100010010011> :  0.1107370E-04  0.1000000E-03           1
|0001100100100101000000001> :  0.1369404E-05  0.1000000E-03           1
|0001100000111011000110001> :  0.6264527E-06  0.1000000E-03           1
|0000001001100111000011101> :  0.8490017E-04  0.1000000E-03           1
|0000100100100011110000010> :  0.2311905E-04  0.1000000E-03           1
|0001100000101110010010001> :  0.6314604E-05  0.1000000E-03           1
|0000100010111010000110001> :  0.3400386E-06  0.1000000E-03           1
|0001100000101011100100101> :  0.2683685E-06  0.1000000E-03           1
|0000100010100111010011001> :  0.4459181E-04  0.1000000E-03           1
|0000001001100111000001011> :  0.1002741E-04  0.1000000E-03           1
|0000000100100111100001101> :  0.1456460E-05  0.1000000E-03           1
|0000000000100111000110101> :  0.1186880E-03  0.1000000E-03           1
|0000100010100111000110001> :  0.6121097E-04  0.1000000E-03           1
|0000100010100100000110000> :  0.4048776E-08  0.1000000E-03           1
|0000001001001011000111101> :  0.1338004E-05  0.1000000E-03           1
|0000100001100111001010001> :  0.1683387E-04  0.1000000E-03           1
|0001011001000011010110010> :  0.1784229E-08  0.1000000E-03           1
|0001011000100111010100001> :  0.1511254E-04  0.1000000E-03           1
|0000001001000111000110101> :  0.1304197E-03  0.1000000E-03           1
|0000100001100111000010011> :  0.1656160E-04  0.1000000E-03           1
|0000100001100101010001001> :  0.1397479E-06  0.1000000E-03           1
|0000001001000101000110101> :  0.4187638E-04  0.1000000E-03           1
|0000100001100001100001011> :  0.2216140E-06  0.1000000E-03           1
|0001011000010111000110001> :  0.2885637E-06  0.1000000E-03           1
|0001010100100111010000001> :  0.6440677E-05  0.1000000E-03           1
|0000100001001001011001000> :  0.1337178E-08  0.1000000E-03           1
|0000001001000011000110101> :  0.7059642E-05  0.1000000E-03           1
|0000000100100111010011001> :  0.6182561E-04  0.1000000E-03           1
|0001010100100001010001000> :  0.5731906E-06  0.1000000E-03           1
|0001010000110111010001000> :  0.1802212E-05  0.1000000E-03           1
|0001011000100111000100001> :  0.1624863E-04  0.1000000E-03           1
|0000100001000111000110011> :  0.1498391E-06  0.1000000E-03           1
|0001011000100111000110101> :  0.5126256E-04  0.1000000E-03           1
|0001011000100111001001000> :  0.1654248E-07  0.1000000E-03           1
|0001011000100111010010001> :  0.3703098E-04  0.1000000E-03           1
|0001011000100111010010101> :  0.9977051E-04  0.1000000E-03           1
|0001010000101111010010001> :  0.4490258E-05  0.1000000E-03           1
|0001010000100111100011001> :  0.1914420E-06  0.1000000E-03           1
|0001011001100101000000011> :  0.1703922E-06  0.1000000E-03           1
|0001011100100101000110001> :  0.2705625E-05  0.1000000E-03           1
|0001011110110000000010001> :  0.2289690E-06  0.1000000E-03           1
|0001100000100001001001010> :  0.4208983E-06  0.1000000E-03           1
|0000100000110111010101010> :  0.1297884E-06  0.1000000E-03           1
|0001100000100111010001000> :  0.3013812E-04  0.1000000E-03           1
|0000001000111111100110001> :  0.1014213E-04  0.1000000E-03           1
|0001010000100011010010101> :  0.8390216E-07  0.1000000E-03           1
|0001001110100111001010001> :  0.1534759E-06  0.1000000E-03           1
|0001001110100001010001000> :  0.4043087E-07  0.1000000E-03           1
|0001001101000011000101011> :  0.1938748E-08  0.1000000E-03           1
|0001100000101111010000001> :  0.1348323E-05  0.1000000E-03           1
|0001100000110111000110101> :  0.1919916E-06  0.1000000E-03           1
|0001100000110111010000001> :  0.1449777E-05  0.1000000E-03           1
|0000100000110111000010001> :  0.4815770E-04  0.1000000E-03           1
|0000001000111111000010101> :  0.1027153E-04  0.1000000E-03           1
|0001100100100101000110000> :  0.2814038E-06  0.1000000E-03           1
|0001100100100111000000001> :  0.6659469E-06  0.1000000E-03           1
|0001101000001101000110001> :  0.8396819E-06  0.1000000E-03           1
|0000001000100110000111111> :  0.1497845E-05  0.1000000E-03           1
|0001101000100011001110001> :  0.2215006E-05  0.1000000E-03           1
|0001101000100101000110001> :  0.2319913E-04  0.1000000E-03           1
|0001001100110111010010101> :  0.1576361E-04  0.1000000E-03           1
|0001001100110111000010001> :  0.1195943E-05  0.1000000E-03           1
|0001101000100111000100010> :  0.1249023E-05  0.1000000E-03           1
|0001001100101111010000001> :  0.3639660E-05  0.1000000E-03           1
|0001001100101011010100000> :  0.3648635E-07  0.1000000E-03           1
|0000100000101111010011001> :  0.6968736E-04  0.1000000E-03           1
|0000001000110111010010101> :  0.9139502E-04  0.1000000E-03           1
|0001101000110001000000001> :  0.3013746E-06  0.1000000E-03           1
|0001001100100111010001000> :  0.5994990E-05  0.1000000E-03           1
|0001101001000001000110011> :  0.4539688E-05  0.1000000E-03           1
|0001101010000100000110001> :  0.8447434E-06  0.1000000E-03           1
|0001101010100010010110000> :  0.1002645E-06  0.1000000E-03           1
|0001001100100101010110001> :  0.3310094E-05  0.1000000E-03           1
|0001001100100101010010001> :  0.3291179E-05  0.1000000E-03           1
|0001101011100101000010001> :  0.2778968E-05  0.1000000E-03           1
|0001101011100101010001000> :  0.1057760E-07  0.1000000E-03           1
|0001001100000101001010011> :  0.1374434E-06  0.1000000E-03           1
|0000001000110111000111101> :  0.2769388E-04  0.1000000E-03           1
|0001101100110000000010011> :  0.1254079E-05  0.1000000E-03           1
|0001110000100011100000001> :  0.1927440E-06  0.1000000E-03           1
|0001110000111010000010101> :  0.8760617E-08  0.1000000E-03           1
|0001111000100111000010001> :  0.2150920E-04  0.1000000E-03           1
|0001111000100111010010001> :  0.2755476E-04  0.1000000E-03           1
|0001111001110101001010001> :  0.1835230E-07  0.1000000E-03           1
|0000001000100110000110100> :  0.1438308E-04  0.1000000E-03           1
|0010000000100111000111001> :  0.1669730E-04  0.1000000E-03           1
|0010000000101111000011100> :  0.1741487E-05  0.1000000E-03           1
|0010000101011100001111000> :  0.2733206E-09  0.1000000E-03           1
|0010001000000111010010001> :  0.1708279E-03  0.1000000E-03           1
|0010001000000111010110000> :  0.4195569E-04  0.1000000E-03           1
|0010001000000111010110001> :  0.3598130E-03  0.1000000E-03           1
|0010001000000111110110001> :  0.2689596E-05  0.1000000E-03           1
|0000000100100111010010011> :  0.1408935E-04  0.1000000E-03           1
|0001001010101011010010001> :  0.6453238E-07  0.1000000E-03           1
|0010001000100011110110000> :  0.1266051E-04  0.1000000E-03           1
|0010001000100101010000011> :  0.4355443E-06  0.1000000E-03           1
|0001001010100111000000001> :  0.1714564E-06  0.1000000E-03           1
|0010001000100101010110000> :  0.4333818E-04  0.1000000E-03           1
|0000100000101110010010001> :  0.1369510E-03  0.1000000E-03           1
|0010001000100101010110010> :  0.3591833E-05  0.1000000E-03           1
|0001001001100111110010001> :  0.8279154E-06  0.1000000E-03           1
|0010001000100111000010101> :  0.1575529E-03  0.1000000E-03           1
|0001001001001101001010101> :  0.1757824E-06  0.1000000E-03           1
|0010001000100111000110100> :  0.5085540E-04  0.1000000E-03           1
|0010001000100111000110101> :  0.1344837E-03  0.1000000E-03           1
|0010001000100111000111101> :  0.6385590E-04  0.1000000E-03           1
|0000100000101101000111001> :  0.2861894E-05  0.1000000E-03           1
|0001001000111111001111101> :  0.9043527E-08  0.1000000E-03           1
|0001001000110111010000101> :  0.2681511E-04  0.1000000E-03           1
|0000100000101011000010011> :  0.4308180E-05  0.1000000E-03           1
|0001001000110111000011101> :  0.2914275E-05  0.1000000E-03           1
|0000100000100111110010101> :  0.2127640E-04  0.1000000E-03           1
|0000001000110101110010101> :  0.5211089E-06  0.1000000E-03           1
|0010001000100111010110001> :  0.3566502E-04  0.1000000E-03           1
|0010001000100111010111001> :  0.3494773E-03  0.1000000E-03           1
|0000001000100101110110000> :  0.2314913E-06  0.1000000E-03           1
|0001001000101111100010001> :  0.4991125E-05  0.1000000E-03           1
|0010001000101111001010001> :  0.4672599E-05  0.1000000E-03           1
|0001001000101111010110001> :  0.1868935E-04  0.1000000E-03           1
|0000100000100111110010011> :  0.4101711E-04  0.1000000E-03           1
|0010001000101111010011001> :  0.4617297E-04  0.1000000E-03           1
|0010001000110101010110011> :  0.4462889E-06  0.1000000E-03           1
|0010001000110111000010101> :  0.5948131E-04  0.1000000E-03           1
|0001001000101111010010101> :  0.4305632E-04  0.1000000E-03           1
|0001001000101111010000101> :  0.2543112E-04  0.1000000E-03           1
|0000001000110101011110101> :  0.4918770E-05  0.1000000E-03           1
|0001001000100111010010101> :  0.3681286E-04  0.1000000E-03           1
|0000100000100111110001011> :  0.3421011E-04  0.1000000E-03           1
|0001001000100111010001000> :  0.1589410E-05  0.1000000E-03           1
|0010001010000111000110001> :  0.4177594E-05  0.1000000E-03           1
|0000001000110011010111000> :  0.2599091E-05  0.1000000E-03           1
|0000001000100101110000011> :  0.5903669E-04  0.1000000E-03           1
|0001001000100111010000010> :  0.1008530E-05  0.1000000E-03           1
|0010001100110011010110000> :  0.7379176E-06  0.1000000E-03           1
|0010001100110111010010000> :  0.1488095E-05  0.1000000E-03           1
|0010001110101011000010001> :  0.1450104E-07  0.1000000E-03           1
|0010010100100011100001000> :  0.1853412E-06  0.1000000E-03           1
|0010011000100011010101000> :  0.2306740E-06  0.1000000E-03           1
|0001001000100111000001101> :  0.8707061E-05  0.1000000E-03           1
|0010011000100111000010101> :  0.1502933E-03  0.1000000E-03           1
|0010011000100111010010000> :  0.4168095E-04  0.1000000E-03           1
|0010011000101111000110000> :  0.4781729E-06  0.1000000E-03           1
|0001001000100011101001001> :  0.1976632E-06  0.1000000E-03           1
|0010011101100001000001101> :  0.3999682E-07  0.1000000E-03           1
|0001001000100011010111001> :  0.3819184E-05  0.1000000E-03           1
|0010100000100101000110001> :  0.4926068E-06  0.1000000E-03           1
|0010100000100101010010000> :  0.7277438E-06  0.1000000E-03           1
|0010100000100110010010001> :  0.5730001E-05  0.1000000E-03           1
|0010100000100111010010000> :  0.6717271E-04  0.1000000E-03           1
|0000100000100111100011101> :  0.2273875E-04  0.1000000E-03           1
|0010100000110111010010001> :  0.3508492E-05  0.1000000E-03           1
|0010100010100111010010001> :  0.2380550E-05  0.1000000E-03           1
|0001001000011001000100011> :  0.6599279E-08  0.1000000E-03           1
|0010101000000101010110011> :  0.4185782E-06  0.1000000E-03           1
|0001001000010111010000001> :  0.2306979E-07  0.1000000E-03           1
|0010101000100101000010101> :  0.8973792E-05  0.1000000E-03           1
|0000100000100111100010101> :  0.5794140E-04  0.1000000E-03           1
|0010101000100111000111000> :  0.1551112E-04  0.1000000E-03           1
|0000001000101111010011001> :  0.3320544E-04  0.1000000E-03           1
|0001001000001111000110101> :  0.6505132E-05  0.1000000E-03           1
|0001000101000111010000101> :  0.8690505E-08  0.1000000E-03           1
|0010101000100111110010001> :  0.2595062E-04  0.1000000E-03           1
|0000100000100111100010011> :  0.3022404E-04  0.1000000E-03           1
|0010101000110101101110001> :  0.5600727E-07  0.1000000E-03           1
|0010101000110111000010101> :  0.2102049E-06  0.1000000E-03           1
|0010101000111101010011000> :  0.1456790E-07  0.1000000E-03           1
|0001000100100111110000010> :  0.6348372E-05  0.1000000E-03           1
|0010101001000111000011011> :  0.3938920E-06  0.1000000E-03           1
|0001000100100111010001001> :  0.9111732E-05  0.1000000E-03           1
|0010101001100101000010001> :  0.1742123E-04  0.1000000E-03           1
|0001000100100101000011011> :  0.4838242E-07  0.1000000E-03           1
|0010101010100111000010000> :  0.3240053E-05  0.1000000E-03           1
|0000100000100111010011011> :  0.3621507E-04  0.1000000E-03           1
|0001000100100101000000111> :  0.2801104E-06  0.1000000E-03           1
|0001000010101111000010001> :  0.8442006E-06  0.1000000E-03           1
|0010101100110001000110001> :  0.7360974E-06  0.1000000E-03           1
|0000000000100111010100000> :  0.1668404E-05  0.1000000E-03           1
|0011000100100111000001000> :  0.2516431E-05  0.1000000E-03           1
|0001000010100111010001001> :  0.9700534E-06  0.1000000E-03           1
|0011001000100111000111000> :  0.2864569E-05  0.1000000E-03           1
|0011001000100111001010001> :  0.8087783E-05  0.1000000E-03           1
|0001000000110011010101010> :  0.8632661E-08  0.1000000E-03           1
|0001000000101111110010001> :  0.1018750E-04  0.1000000E-03           1
|0011001000110111000010001> :  0.2154061E-04  0.1000000E-03           1
|0011100000100111000011000> :  0.3835346E-05  0.1000000E-03           1
|0011100010001011110000000> :  0.4223750E-08  0.1000000E-03           1
|0011101000001111000000101> :  0.3210254E-08  0.1000000E-03           1
|0011111110110101001010001> :  0.2229716E-08  0.1000000E-03           1
|0001000000101111110001111> :  0.1288173E-07  0.1000000E-03           1
|0001000000101111110000001> :  0.1381280E-04  0.1000000E-03           1
|0100000100100101010100010> :  0.2827086E-06  0.1000000E-03           1
|0100000100100111010100001> :  0.8957235E-05  0.1000000E-03           1
|0100000100110111000010001> :  0.3369702E-05  0.1000000E-03           1
|0100000110100101000110001> :  0.5605536E-06  0.1000000E-03           1
|0100001000000001001010011> :  0.6065510E-08  0.1000000E-03           1
|0001000000101111100010001> :  0.9685185E-05  0.1000000E-03           1
|0000001000101111010000111> :  0.2456089E-06  0.1000000E-03           1
|0001000000101111010000001> :  0.2817601E-04  0.1000000E-03           1
|0001000000101011010101010> :  0.2816633E-06  0.1000000E-03           1
|0001000000100111010100011> :  0.9111306E-07  0.1000000E-03           1
|0000100000100111001011001> :  0.2114903E-04  0.1000000E-03           1
|0000001000101111010000011> :  0.2743469E-04  0.1000000E-03           1
|0001000000100111010100001> :  0.9685832E-05  0.1000000E-03           1
|0100001000100111001001111> :  0.1909782E-06  0.1000000E-03           1
|0001000000100111010011000> :  0.6674413E-06  0.1000000E-03           1
|0100001000100111001110001> :  0.6492898E-04  0.1000000E-03           1
|0001000000100111010010001> :  0.1581248E-04  0.1000000E-03           1
|0001000000100111000110001> :  0.2704822E-05  0.1000000E-03           1
|0100001000100111010100001> :  0.1820225E-04  0.1000000E-03           1
|0000100000100111000110101> :  0.1239690E-03  0.1000000E-03           1
|0100001000101111001000001> :  0.1565596E-06  0.1000000E-03           1
|0100001001001101001010001> :  0.2003472E-06  0.1000000E-03           1
|0000001000101111010000010> :  0.1444769E-05  0.1000000E-03           1
|0000001000100100010010101> :  0.5622976E-06  0.1000000E-03           1
|0100001001100111000111001> :  0.1645984E-04  0.1000000E-03           1
|0100001001101110100011011> :  0.3564577E-08  0.1000000E-03           1
|0000000100100111010000101> :  0.8361430E-05  0.1000000E-03           1
|0100001010101001000010111> :  0.2404051E-07  0.1000000E-03           1
|0100001010101111010011010> :  0.4749867E-08  0.1000000E-03           1
|0100001011001101001010001> :  0.1400897E-05  0.1000000E-03           1
|0100001100100101010110001> :  0.1371469E-04  0.1000000E-03           1
|0100001100100111000110101> :  0.3891652E-04  0.1000000E-03           1
|0001000000100111000101000> :  0.5468901E-05  0.1000000E-03           1
|0001000000100111000011001> :  0.3018491E-04  0.1000000E-03           1
|0001000000100111000001001> :  0.3317818E-04  0.1000000E-03           1
|0100001110100011100100001> :  0.6550970E-06  0.1000000E-03           1
|0001000000100011010000101> :  0.1946905E-06  0.1000000E-03           1
|0100011000100011000101101> :  0.1582107E-06  0.1000000E-03           1
|0000001000101111010000001> :  0.1151489E-03  0.1000000E-03           1
|0001000000100011000010110> :  0.6746780E-07  0.1000000E-03           1
|0001000000100001010010100> :  0.1687744E-08  0.1000000E-03           1
|0100100000001111000011001> :  0.1202334E-05  0.1000000E-03           1
|0000100000100111000011101> :  0.9598090E-04  0.1000000E-03           1
|0001000000010111000110001> :  0.3883718E-06  0.1000000E-03           1
|0001000000000111010001001> :  0.3099399E-07  0.1000000E-03           1
|0100100000100111010010001> :  0.2368599E-04  0.1000000E-03           1
|0000001000100011110110001> :  0.1103253E-03  0.1000000E-03           1
|0100100000101111001011001> :  0.2343796E-05  0.1000000E-03           1
|0100100000111010001011001> :  0.2839013E-06  0.1000000E-03           1
|0100100001101011100000011> :  0.5075873E-06  0.1000000E-03           1
|0000111101110000000010011> :  0.1020683E-05  0.1000000E-03           1
|0100100100100101000110101> :  0.6068868E-05  0.1000000E-03           1
|0100100100100111000001001> :  0.1421636E-05  0.1000000E-03           1
|0100101000000011000111011> :  0.1659988E-05  0.1000000E-03           1
|0100101000100001100100011> :  0.4868657E-05  0.1000000E-03           1
|0100101000100011000101011> :  0.1584805E-05  0.1000000E-03           1
|0000111100100111000010001> :  0.2721624E-05  0.1000000E-03           1
|0100101000100011110010011> :  0.3053354E-06  0.1000000E-03           1
|0000111010111001110110010> :  0.1738880E-09  0.1000000E-03           1
|0000111010110010000110001> :  0.3753713E-06  0.1000000E-03           1
|0000100000100111000010001> :  0.2338111E-03  0.1000000E-03           1
|0100101000100110000110001> :  0.2186347E-04  0.1000000E-03           1
|0000111000100011110110000> :  0.1278366E-06  0.1000000E-03           1
|0000111000100011000110001> :  0.2519968E-05  0.1000000E-03           1
|0000100000100110010011011> :  0.1310164E-04  0.1000000E-03           1
|0100101000100111000111001> :  0.2824404E-04  0.1000000E-03           1
|0000001000101111000111101> :  0.8127918E-05  0.1000000E-03           1
|0100101000100111010010011> :  0.6106686E-05  0.1000000E-03           1
|0000001000100011110001101> :  0.3491288E-04  0.1000000E-03           1
|0100101000101111010010101> :  0.1760377E-04  0.1000000E-03           1
|0000000000101111010001001> :  0.6272528E-04  0.1000000E-03           1
|0000111000000001000111001> :  0.7804709E-07  0.1000000E-03           1
|0000110100100101110000001> :  0.1316125E-06  0.1000000E-03           1
|0100101100000111000010101> :  0.4464281E-06  0.1000000E-03           1
|0000100000100110010011001> :  0.4701356E-04  0.1000000E-03           1
|0000110000110010000011111> :  0.4125970E-08  0.1000000E-03           1
|0000110000100001110101000> :  0.1158945E-06  0.1000000E-03           1
|0100101100101010001011001> :  0.3024612E-07  0.1000000E-03           1
|0000001000101111000110101> :  0.4118080E-04  0.1000000E-03           1
|0000101110100111010010001> :  0.2073835E-04  0.1000000E-03           1
|0100111100111010010010001> :  0.3597541E-08  0.1000000E-03           1
|0100111101110000000001011> :  0.3319907E-08  0.1000000E-03           1
|0101000000000111000010011> :  0.6259471E-06  0.1000000E-03           1
|0101000000101111100100001> :  0.9325480E-06  0.1000000E-03           1
|0000101110100001101000010> :  0.2059630E-07  0.1000000E-03           1
|0101001000100001010100000> :  0.5310626E-07  0.1000000E-03           1
|0101001000100111000110001> :  0.1011852E-03  0.1000000E-03           1
|0101001100101111000000101> :  0.1213114E-06  0.1000000E-03           1
|0000101100110111010010001> :  0.5886867E-04  0.1000000E-03           1
|0101011000100011000101000> :  0.1515854E-05  0.1000000E-03           1
|0101011000100111010000101> :  0.7231295E-06  0.1000000E-03           1
|0101100000100111110001010> :  0.3333294E-07  0.1000000E-03           1
|0101100010101001001010000> :  0.3385542E-08  0.1000000E-03           1
|0101100100100001100000011> :  0.6381120E-06  0.1000000E-03           1
|0101100100100100000000011> :  0.2046089E-06  0.1000000E-03           1
|0101101000110101000101001> :  0.1451673E-07  0.1000000E-03           1
|0000101100110111000011001> :  0.5365689E-05  0.1000000E-03           1
|0110000000101111000010011> :  0.9280522E-07  0.1000000E-03           1
|0110000100100111010000001> :  0.1724844E-05  0.1000000E-03           1
|0000100000100011110010011> :  0.8510449E-04  0.1000000E-03           1
|0000001000101111000011001> :  0.9850080E-05  0.1000000E-03           1
|0110001000100111001010001> :  0.9168826E-05  0.1000000E-03           1
|0110001000110111000010001> :  0.1000259E-04  0.1000000E-03           1
|0110001100100111010001001> :  0.3607904E-06  0.1000000E-03           1
|0110011100100011000111001> :  0.2943159E-07  0.1000000E-03           1
|0110100000100111010011010> :  0.1558555E-06  0.1000000E-03           1
|0000001000100011001110101> :  0.1020927E-04  0.1000000E-03           1
|0110101000110100000010001> :  0.1747188E-06  0.1000000E-03           1
|0111001000000001010100010> :  0.1832789E-07  0.1000000E-03           1
|0111001000101101010100001> :  0.2408797E-08  0.1000000E-03           1
|0000101100110111000010001> :  0.9459831E-05  0.1000000E-03           1
|0111011000110101000100000> :  0.1242008E-07  0.1000000E-03           1
|0111101000000101011010010> :  0.1167792E-07  0.1000000E-03           1
|0111111000110111010010101> :  0.1209773E-08  0.1000000E-03           1
|1000000000000001010001001> :  0.3263118E-08  0.1000000E-03           1
|1000000000010101001010001> :  0.6252886E-07  0.1000000E-03           1
|1000000000100111000111101> :  0.3657291E-04  0.1000000E-03           1
|1000000001101111000010001> :  0.2008864E-05  0.1000000E-03           1
|0000100000100011110010001> :  0.4109902E-04  0.1000000E-03           1
|1000000100100111011110000> :  0.5258520E-07  0.1000000E-03           1
|1000000100110011010111011> :  0.7828639E-08  0.1000000E-03           1
|1000000110100111000010001> :  0.2759041E-06  0.1000000E-03           1
|1000001000000100010011011> :  0.3515586E-06  0.1000000E-03           1
|1000001000001111010101101> :  0.7145244E-07  0.1000000E-03           1
|1000001000001111010110000> :  0.2705885E-05  0.1000000E-03           1
|1000001000100101010110011> :  0.6492029E-05  0.1000000E-03           1
|1000001000100110010010001> :  0.2729045E-05  0.1000000E-03           1
|0000101100110101100010101> :  0.2497228E-07  0.1000000E-03           1
|0000101100110100000010011> :  0.2432203E-05  0.1000000E-03           1
|1000001000100111010011000> :  0.2422993E-04  0.1000000E-03           1
|0000001000101111000010101> :  0.1922143E-03  0.1000000E-03           1
|1000001000101111000110011> :  0.7368560E-05  0.1000000E-03           1
|0000101100110011010010001> :  0.2578103E-04  0.1000000E-03           1
|1000001000101111110000001> :  0.2526667E-05  0.1000000E-03           1
|0000101100110010100010001> :  0.5983134E-07  0.1000000E-03           1
|1000001001000100000010001> :  0.1355766E-06  0.1000000E-03           1
|1000001001000101000110101> :  0.4477953E-05  0.1000000E-03           1
|1000001001000110010110001> :  0.5378691E-06  0.1000000E-03           1
|1000001010001100011010101> :  0.1914495E-07  0.1000000E-03           1
|1000001100100001001110011> :  0.5475743E-09  0.1000000E-03           1
|1000001111100111010111101> :  0.1561321E-08  0.1000000E-03           1
|1000011000010101010010001> :  0.8079707E-08  0.1000000E-03           1
|0000100000100011110000010> :  0.2554981E-04  0.1000000E-03           1
|1000011110100001100000001> :  0.1805857E-07  0.1000000E-03           1
|1000100000100101000110001> :  0.1141694E-04  0.1000000E-03           1
|1000100000100101010010001> :  0.8541727E-05  0.1000000E-03           1
|0000101100110010010010001> :  0.1582354E-04  0.1000000E-03           1
|0000101100110000000110001> :  0.1261249E-05  0.1000000E-03           1
|0000100000100011010101101> :  0.4712434E-06  0.1000000E-03           1
|0000001000101110001011001> :  0.5453836E-06  0.1000000E-03           1
|0000001000001111010010101> :  0.6211997E-05  0.1000000E-03           1
|0000000100100111000111101> :  0.4259079E-04  0.1000000E-03           1
|0000101100101111010010001> :  0.5244479E-05  0.1000000E-03           1
|1000100001101101000110001> :  0.2756133E-05  0.1000000E-03           1
|0000101100100111001010001> :  0.2461295E-04  0.1000000E-03           1
|1000100100100101010110000> :  0.4334917E-06  0.1000000E-03           1
|1000100110100110000000011> :  0.9429897E-08  0.1000000E-03           1
|1000101000000100001110001> :  0.2912405E-05  0.1000000E-03           1
|0000100000100011010010001> :  0.3186673E-04  0.1000000E-03           1
|0000101100100111000010001> :  0.7904222E-05  0.1000000E-03           1
|1000101000001011001011010> :  0.1402908E-06  0.1000000E-03           1
|1000101000001100001011001> :  0.2244609E-05  0.1000000E-03           1
|1000101000001101010110000> :  0.1357568E-05  0.1000000E-03           1
|1000101000010100000010011> :  0.3440325E-05  0.1000000E-03           1
|1000101000100001110001000> :  0.9879415E-07  0.1000000E-03           1
|0000101100100110000011101> :  0.5238039E-06  0.1000000E-03           1
|0000100000100011010000011> :  0.2601854E-05  0.1000000E-03           1
|0000001000101101000100001> :  0.1621867E-06  0.1000000E-03           1
|0000101100100101010010001> :  0.7754546E-04  0.1000000E-03           1
|0000101100100101000011001> :  0.2315818E-04  0.1000000E-03           1
|0000100000011011110000011> :  0.5308019E-08  0.1000000E-03           1
|0000101100100101000010011> :  0.1004135E-03  0.1000000E-03           1
|1000101000100110010011001> :  0.5206423E-05  0.1000000E-03           1
|0000101100100100000010011> :  0.8008872E-05  0.1000000E-03           1
|0000100000011011010001010> :  0.8446673E-07  0.1000000E-03           1
|0000001000101011010111011> :  0.4140959E-07  0.1000000E-03           1
|0000001000001111000110101> :  0.3114240E-04  0.1000000E-03           1
|0000101100100001110000011> :  0.3915488E-04  0.1000000E-03           1
|0000101100010100000011011> :  0.6035176E-06  0.1000000E-03           1
|1000101000101111010010001> :  0.3540549E-04  0.1000000E-03           1
|0000100000000111010011011> :  0.1421421E-05  0.1000000E-03           1
|0000101011100111000010001> :  0.1009506E-03  0.1000000E-03           1
|0000101010110100010010001> :  0.6694952E-05  0.1000000E-03           1
|0000011101110000001110001> :  0.2167314E-06  0.1000000E-03           1
|1000101000110111000110011> :  0.7148960E-06  0.1000000E-03           1
|1000101001000101000010101> :  0.2681641E-04  0.1000000E-03           1
|1000101001000101001010001> :  0.2478322E-04  0.1000000E-03           1
|1000101001000111000011101> :  0.2519289E-06  0.1000000E-03           1
|1000101010011100000110001> :  0.3399145E-06  0.1000000E-03           1
|1000101010100101000010001> :  0.2057692E-03  0.1000000E-03           1
|0000001000101011000010001> :  0.8929999E-07  0.1000000E-03           1
|1000101011101000001010101> :  0.9357317E-09  0.1000000E-03           1
|1000101100110111010001000> :  0.2766452E-09  0.1000000E-03           1
|1000101101010111010100001> :  0.2368252E-08  0.1000000E-03           1
|1000101110000001100101001> :  0.1310323E-09  0.1000000E-03           1
|1000111000001111011011000> :  0.3585776E-09  0.1000000E-03           1
|1000111000010000001110011> :  0.1906201E-07  0.1000000E-03           1
|1000111000100111010010000> :  0.8227972E-06  0.1000000E-03           1
|1000111000110101000000001> :  0.1857938E-07  0.1000000E-03           1
|1000111010100100000010001> :  0.2532788E-05  0.1000000E-03           1
|1001000000001101001111100> :  0.1640777E-08  0.1000000E-03           1
|1001000000100111000001101> :  0.2503569E-05  0.1000000E-03           1
|1001000000100111000100100> :  0.1225585E-05  0.1000000E-03           1
|0000101010110100001010001> :  0.1281238E-04  0.1000000E-03           1
|1001001000000101100110110> :  0.9695726E-08  0.1000000E-03           1
|1001001000001111001010001> :  0.2945405E-05  0.1000000E-03           1
|0000101010110100000110001> :  0.1218781E-05  0.1000000E-03           1
|0000011101101010100000101> :  0.4203820E-08  0.1000000E-03           1
|0000101010110001001010010> :  0.1380248E-06  0.1000000E-03           1
|1010101000000111000110101> :  0.3755654E-08  0.1000000E-03           1
|1010101000000101000110001> :  0.4200646E-04  0.1000000E-03           1
|1001001010100101000010101> :  0.2757096E-06  0.1000000E-03           1
|1001001100100101000010100> :  0.8239155E-07  0.1000000E-03           1
|1001001101110110100101001> :  0.4354902E-09  0.1000000E-03           1
|0000011100111000000010001> :  0.4027155E-06  0.1000000E-03           1
|1001011000100101011010001> :  0.1646232E-06  0.1000000E-03           1
|0000001000100111110111101> :  0.2885539E-05  0.1000000E-03           1
|1001100000100111000001000> :  0.6386741E-05  0.1000000E-03           1
|1001100000100111000001011> :  0.2223510E-05  0.1000000E-03           1
|1001100000100111000001100> :  0.1025196E-05  0.1000000E-03           1
|1001100000100111010000100> :  0.2389555E-05  0.1000000E-03           1
|1001100100000100001011000> :  0.8629489E-08  0.1000000E-03           1
|0000001000000111010110011> :  0.1265038E-03  0.1000000E-03           1
|1001100100110111000000000> :  0.9602707E-06  0.1000000E-03           1
|0000000100100111000111001> :  0.2563438E-04  0.1000000E-03           1
|1001101000110001000010001> :  0.3800321E-06  0.1000000E-03           1
|1001101010100111000010001> :  0.1303062E-06  0.1000000E-03           1
|1001101011000001001100000> :  0.8851437E-08  0.1000000E-03           1
|1001101100100111010010001> :  0.8573862E-06  0.1000000E-03           1
|1001111000000101000000010> :  0.1565129E-06  0.1000000E-03           1
|1010000001101111010100000> :  0.7929687E-06  0.1000000E-03           1
|1010001000000101010110001> :  0.6133586E-06  0.1000000E-03           1
|0000000000101111001011011> :  0.1528478E-05  0.1000000E-03           1
|1010011100100001110110000> :  0.1736547E-08  0.1000000E-03           1
|1010100000001101010110000> :  0.4165782E-06  0.1000000E-03           1
|1010100000100111000110000> :  0.1255154E-05  0.1000000E-03           1
|1010100010100001010010001> :  0.5594687E-08  0.1000000E-03           1
|1010100110100110010000000> :  0.1483530E-08  0.1000000E-03           1
|0000000000100111010011111> :  0.7198435E-05  0.1000000E-03           1
|0000000000100111000101011> :  0.2221991E-04  0.1000000E-03           1
|1010101000100000110010001> :  0.2747081E-07  0.1000000E-03           1
|1010101000100111000010001> :  0.2350319E-04  0.1000000E-03           1
|1010101010100100010010000> :  0.2455269E-04  0.1000000E-03           1
|1010101010100101000110000> :  0.1400706E-04  0.1000000E-03           1
|1011000100100111010010000> :  0.1537890E-06  0.1000000E-03           1
|1011001001000111000110001> :  0.2383699E-06  0.1000000E-03           1
|1011101000000101000110001> :  0.2387707E-06  0.1000000E-03           1
|1100000000000110100010100> :  0.6357770E-10  0.1000000E-03           1
|1100000000101111010110000> :  0.3270921E-06  0.1000000E-03           1
|1100000000110101010010001> :  0.1251450E-06  0.1000000E-03           1
|1100000010000000011010001> :  0.5230529E-09  0.1000000E-03           1
|1100001000001101010010001> :  0.9958912E-05  0.1000000E-03           1
|1100001000010101000010011> :  0.5092120E-07  0.1000000E-03           1
|1100001000100111000011101> :  0.4063104E-05  0.1000000E-03           1
|0000000000100011110000101> :  0.3853159E-05  0.1000000E-03           1
|1100010100101011000001010> :  0.1570924E-08  0.1000000E-03           1
|1100100000100111010011100> :  0.4575926E-07  0.1000000E-03           1
|1100100100110010000010001> :  0.3269034E-06  0.1000000E-03           1
|1100101000101101000010011> :  0.6167154E-07  0.1000000E-03           1
|1100101100100011100010001> :  0.6518447E-07  0.1000000E-03           1
|1101001001000101000100010> :  0.7293788E-07  0.1000000E-03           1
|1101100000101011000100111> :  0.1731546E-08  0.1000000E-03           1
|1101101000110100000010001> :  0.1582649E-06  0.1000000E-03           1
|1101101101111111010010001> :  0.4913083E-08  0.1000000E-03           1
|1110000001000101010110000> :  0.2611174E-07  0.1000000E-03           1
|1111101100110111010011011> :  0.8697902E-09  0.1000000E-03           1
|0000000000100001110000100> :  0.1824384E-07  0.1000000E-03           1
