# state, exact probability, frequency, count:
#------------------------------------------------------------------
|0010000010010000011100001> :  0.2559760E+00  0.2579000E+00        2579
|0000000001100011001100001> :  0.2508528E+00  0.2485000E+00        2485
|0010000010011000011100000> :  0.2186379E+00  0.2151000E+00        2151
|0000000001010011001100001> :  0.2050811E+00  0.2045000E+00        2045
|0010000000100001001110001> :  0.3351758E-01  0.3410000E-01         341
|0000000001010000111000001> :  0.2849633E-02  0.4400000E-02          44
|0000000001010000011100001> :  0.3139045E-02  0.4000000E-02          40
|0000000010010000111000001> :  0.2513759E-02  0.2700000E-02          27
|0000000001011000011100000> :  0.1739468E-02  0.2300000E-02          23
|0000000001011010001100000> :  0.1034858E-02  0.1400000E-02          14
|0000000001010010101000001> :  0.8735384E-03  0.1200000E-02          12
|0000000010010000011100001> :  0.8478871E-03  0.1200000E-02          12
|0010000000100000011100001> :  0.7274024E-03  0.1000000E-02          10
|0000000001100000011100001> :  0.1161323E-02  0.9000000E-03           9
|0000000001100010001100001> :  0.2881527E-03  0.7000000E-03           7
|0000000010011000111000000> :  0.9800509E-03  0.7000000E-03           7
|0000000010011000011100000> :  0.6074055E-03  0.7000000E-03           7
|0000000001100001001100001> :  0.5777108E-03  0.7000000E-03           7
|0000000001010010001100001> :  0.8187435E-03  0.7000000E-03           7
|0000000001011000111000000> :  0.8870378E-03  0.7000000E-03           7
|0000000001100010101000001> :  0.4343586E-03  0.6000000E-03           6
|0010000010010000011000001> :  0.2465725E-03  0.5000000E-03           5
|0010000010000000011100001> :  0.4321794E-03  0.5000000E-03           5
|0000000001000011001100001> :  0.1492251E-03  0.4000000E-03           4
|0000000001011010101000000> :  0.6684194E-03  0.4000000E-03           4
|0010000000100001000110001> :  0.3909173E-03  0.4000000E-03           4
|0010000000010000011100001> :  0.4687555E-03  0.4000000E-03           4
|0010000010010000011100000> :  0.1930357E-03  0.3000000E-03           3
|0000000001100000111000001> :  0.5336966E-03  0.3000000E-03           3
|0001000000100000101010010> :  0.7479256E-04  0.3000000E-03           3
|0000000010010000111000010> :  0.2607095E-03  0.3000000E-03           3
|0000000001010011000100001> :  0.1335410E-03  0.2000000E-03           2
|1000000001000110000100001> :  0.2984688E-03  0.2000000E-03           2
|0010000000011000011100000> :  0.2491996E-03  0.2000000E-03           2
|0010000000010001001100001> :  0.1912762E-03  0.2000000E-03           2
|0000000001100011001000001> :  0.2084683E-03  0.2000000E-03           2
|0110010010011000011100000> :  0.6793391E-04  0.2000000E-03           2
|0000000000100011001100001> :  0.2993848E-03  0.2000000E-03           2
|0001000000011010001100000> :  0.7503080E-04  0.2000000E-03           2
|0110010010010000011100001> :  0.6489692E-04  0.2000000E-03           2
|0110000010011000011110000> :  0.2214395E-04  0.2000000E-03           2
|0000000001000111000100001> :  0.6687377E-04  0.2000000E-03           2
|0000101001100010001100001> :  0.3141605E-05  0.1000000E-03           1
|0000101000010011001100001> :  0.6298579E-05  0.1000000E-03           1
|0000000010010000001100001> :  0.3856853E-05  0.1000000E-03           1
|0000000001100011001101011> :  0.2890628E-04  0.1000000E-03           1
|0011010000011010111000000> :  0.7496188E-06  0.1000000E-03           1
|0011000000100000001110000> :  0.1213325E-03  0.1000000E-03           1
|0000100100010000010011101> :  0.4791436E-07  0.1000000E-03           1
|0010100011010000011000010> :  0.7026700E-06  0.1000000E-03           1
|0000100001100010100100011> :  0.4249345E-06  0.1000000E-03           1
|0000100001011001001110000> :  0.1454873E-05  0.1000000E-03           1
|0010100001110011001100001> :  0.1574584E-04  0.1000000E-03           1
|0000100001110000111000011> :  0.2381170E-05  0.1000000E-03           1
|0010100001000000000010011> :  0.7090871E-07  0.1000000E-03           1
|0000100100011010000100001> :  0.8145177E-07  0.1000000E-03           1
|0000100101000011001100001> :  0.8181551E-06  0.1000000E-03           1
|0000100101010011001000001> :  0.1201849E-04  0.1000000E-03           1
|0100000001100011001101001> :  0.3183705E-04  0.1000000E-03           1
|0000101000010100110010010> :  0.2147646E-07  0.1000000E-03           1
|0100101001010000001100000> :  0.2047783E-07  0.1000000E-03           1
|0001000000010000101000010> :  0.3194072E-05  0.1000000E-03           1
|0000100001010011001110001> :  0.3775281E-04  0.1000000E-03           1
|0000100001000011000100011> :  0.1294782E-05  0.1000000E-03           1
|0010001110011000011100000> :  0.3605951E-04  0.1000000E-03           1
|0000100000011011011100001> :  0.5167326E-05  0.1000000E-03           1
|0000100000011000111010010> :  0.1527129E-05  0.1000000E-03           1
|0010001100100001011100000> :  0.1451486E-06  0.1000000E-03           1
|0010001000010001011101001> :  0.2511779E-05  0.1000000E-03           1
|0000100000001001000100110> :  0.4729573E-07  0.1000000E-03           1
|0000000001010010001100111> :  0.7763887E-05  0.1000000E-03           1
|0000000000010011001100001> :  0.1607769E-03  0.1000000E-03           1
|0000010001100011001100101> :  0.4736352E-04  0.1000000E-03           1
|0010000010011100011101000> :  0.3322891E-04  0.1000000E-03           1
|0000010000100001000010010> :  0.4551745E-04  0.1000000E-03           1
|0000010000100001000010001> :  0.4002100E-04  0.1000000E-03           1
|0010000010011000010100000> :  0.1033220E-03  0.1000000E-03           1
|0000010000000100100010010> :  0.2175396E-05  0.1000000E-03           1
|0000001101011010011100000> :  0.5655343E-07  0.1000000E-03           1
|0010000010001000011100000> :  0.1051913E-03  0.1000000E-03           1
|0000001101000011001100001> :  0.7727435E-05  0.1000000E-03           1
|0000000001100000011100000> :  0.7119983E-05  0.1000000E-03           1
|0010000000100001001010010> :  0.5812682E-04  0.1000000E-03           1
|0000001010001000110000000> :  0.1165317E-04  0.1000000E-03           1
|0010000000100001001010001> :  0.3299758E-04  0.1000000E-03           1
|0000001001100010001000110> :  0.7216923E-07  0.1000000E-03           1
|0000000000100001001110001> :  0.2708628E-03  0.1000000E-03           1
|0010000000100000001110001> :  0.7210642E-04  0.1000000E-03           1
|0000001000010000010000101> :  0.1863638E-04  0.1000000E-03           1
|0010000010011000011100001> :  0.8014397E-04  0.1000000E-03           1
|0000000101001111001100001> :  0.8755023E-07  0.1000000E-03           1
|0010000010111100011100000> :  0.3688600E-04  0.1000000E-03           1
|0010000101001100011000001> :  0.4313075E-06  0.1000000E-03           1
|0010000110010100011100000> :  0.2289337E-04  0.1000000E-03           1
|0001100000111000000001001> :  0.2680506E-08  0.1000000E-03           1
|0000000100100001000010010> :  0.1490246E-04  0.1000000E-03           1
|0010001101000100000000010> :  0.1797095E-07  0.1000000E-03           1
|0010001101010000011100000> :  0.1648355E-05  0.1000000E-03           1
|0001010100100000001101000> :  0.1193093E-08  0.1000000E-03           1
|0010010100010001001100000> :  0.1522313E-04  0.1000000E-03           1
|0010010100100000011100001> :  0.2454620E-05  0.1000000E-03           1
|0010010110010000001100001> :  0.9970115E-05  0.1000000E-03           1
|0001001001100001011010000> :  0.1881604E-07  0.1000000E-03           1
|0000000011010000011100001> :  0.1389027E-05  0.1000000E-03           1
|0010100010111000010100000> :  0.2788721E-06  0.1000000E-03           1
|0010100010111000011100000> :  0.3471642E-04  0.1000000E-03           1
|0001001001010011001100001> :  0.3249146E-04  0.1000000E-03           1
|0010100110000000011100001> :  0.8050767E-05  0.1000000E-03           1
|0010101000100001010000001> :  0.3790800E-06  0.1000000E-03           1
|0010101010010000011100001> :  0.4953689E-04  0.1000000E-03           1
|1010010010110000001000001> :  0.7698653E-07  0.1000000E-03           1
|0001001000010001000001110> :  0.1284244E-06  0.1000000E-03           1
|0011010010010000011100001> :  0.3955690E-04  0.1000000E-03           1
|0011100100011000001100000> :  0.2055649E-05  0.1000000E-03           1
|0100000000011010100000000> :  0.1258406E-04  0.1000000E-03           1
|0100000000100010100000001> :  0.4032118E-04  0.1000000E-03           1
|0100000001010011001100011> :  0.2347179E-04  0.1000000E-03           1
|0100000001100011001100011> :  0.2815340E-04  0.1000000E-03           1
|0001000001000001011101001> :  0.4628933E-07  0.1000000E-03           1
|0100001000010000100000001> :  0.1526930E-04  0.1000000E-03           1
|0100001101100000000100011> :  0.2620225E-08  0.1000000E-03           1
|0100010000100100010001001> :  0.1131400E-06  0.1000000E-03           1
|1010000101011000011100000> :  0.4627779E-05  0.1000000E-03           1
|0101000010010001010001000> :  0.2181183E-06  0.1000000E-03           1
|0110000000100001001101001> :  0.2394226E-05  0.1000000E-03           1
|0110000001100001010110001> :  0.5140567E-06  0.1000000E-03           1
|1001000000100001000011101> :  0.5138365E-07  0.1000000E-03           1
|0001000000011010101000000> :  0.7888912E-04  0.1000000E-03           1
|1000000000000100000110001> :  0.3674313E-04  0.1000000E-03           1
|0110010010001000011100000> :  0.1171856E-04  0.1000000E-03           1
|0001000000011001110000110> :  0.1366560E-07  0.1000000E-03           1
|0110000011010000011001001> :  0.2064969E-06  0.1000000E-03           1
|0001000000011000001100000> :  0.8018561E-06  0.1000000E-03           1
|1000010101010100001000000> :  0.3137484E-06  0.1000000E-03           1
|0000000001010011001100110> :  0.9739261E-05  0.1000000E-03           1
|0000000000100000101010001> :  0.2602390E-04  0.1000000E-03           1
|1010010000010000011100001> :  0.9998780E-05  0.1000000E-03           1
|1010010010010000011100001> :  0.1341149E-04  0.1000000E-03           1
|0000000000010010101000001> :  0.4986870E-04  0.1000000E-03           1
|1010100001001000010000010> :  0.3213760E-06  0.1000000E-03           1
|1111000001010001000101001> :  0.8200786E-09  0.1000000E-03           1
|0000000000010010001001001> :  0.9223716E-05  0.1000000E-03           1
