# state, exact probability, frequency, count:
#------------------------------------------------------------------
|10101001111010011111001000110000010> :  0.1857687E+00  0.1845000E+00        1845
|01010110000101100000110111001111101> :  0.1857687E+00  0.1840000E+00        1840
|01100101011111001111010100010000011> :  0.7522538E-01  0.7780000E-01         778
|10011010100000110000101011101111100> :  0.7522538E-01  0.7560000E-01         756
|01010110000101100000110110001111101> :  0.5055543E-01  0.5070000E-01         507
|10101001111010011111001001110000010> :  0.5055543E-01  0.4820000E-01         482
|01100101011101001111010100010000111> :  0.3116270E-01  0.3370000E-01         337
|10011010100010110000101011101111000> :  0.3116270E-01  0.3240000E-01         324
|10011010100010110000101011101111100> :  0.1820613E-01  0.2020000E-01         202
|10011010100000110000101011101111110> :  0.1614293E-01  0.1800000E-01         180
|01100101011111001111010100010000001> :  0.1614293E-01  0.1720000E-01         172
|01100101011101001111010100010000011> :  0.1820613E-01  0.1690000E-01         169
|11101101001110000110010111000110010> :  0.1644447E-01  0.1590000E-01         159
|00010010110001111001101000111001101> :  0.1644447E-01  0.1550000E-01         155
|00011010110001111101101000101001101> :  0.1438337E-01  0.1340000E-01         134
|11100101001110000010010111010110010> :  0.1438337E-01  0.1320000E-01         132
|10101001101010011111001001110000010> :  0.1008054E-01  0.1180000E-01         118
|01100101011101001111010100000010111> :  0.1122277E-01  0.1140000E-01         114
|10011010100010110000101011111101000> :  0.1122277E-01  0.1100000E-01         110
|01010110010101100000110110001111101> :  0.1008054E-01  0.9400000E-02          94
|10101001111010001111001001110000010> :  0.9408160E-02  0.9000000E-02          90
|01010110000101110000110110001111101> :  0.9408160E-02  0.8700000E-02          87
|00011010110001111101101100101001101> :  0.4904397E-02  0.5200000E-02          52
|11100101001110000010010011010110010> :  0.4904397E-02  0.5200000E-02          52
|01100101011111001111010100010000010> :  0.4088464E-02  0.4700000E-02          47
|10011010100000110000101011101111001> :  0.5160289E-02  0.4500000E-02          45
|01100101011111001111010100010000110> :  0.5160289E-02  0.4500000E-02          45
|01010110010101110000110110001111101> :  0.3807548E-02  0.4100000E-02          41
|10011010100000110000101011101111101> :  0.4088464E-02  0.4000000E-02          40
|00010010110001111001101010111001101> :  0.2399127E-02  0.3200000E-02          32
|10101001111010011011001001110000010> :  0.2403600E-02  0.3100000E-02          31
|10101001101010001111001001110000010> :  0.3807548E-02  0.2900000E-02          29
|11101101001110000110010111000010010> :  0.2633226E-02  0.2500000E-02          25
|10101001101010001111001101110000010> :  0.1341153E-02  0.2200000E-02          22
|00010010110001111001101000111101101> :  0.2633226E-02  0.2200000E-02          22
|11101101001110000110010101000110010> :  0.2399127E-02  0.2100000E-02          21
|01010110000101100100110110001111101> :  0.2403600E-02  0.2000000E-02          20
|10011010100010110000101011101111010> :  0.1555240E-02  0.1900000E-02          19
|10101001011010011111001001110000010> :  0.1299318E-02  0.1700000E-02          17
|01010110000101100000110011001111101> :  0.9002159E-03  0.1600000E-02          16
|10101001101010001111001001110010010> :  0.1154103E-02  0.1500000E-02          15
|01010110010101110000110010001111101> :  0.1341153E-02  0.1500000E-02          15
|01010110100101100000110110001111101> :  0.1299318E-02  0.1400000E-02          14
|01100101011101001111010100010000101> :  0.1555240E-02  0.1200000E-02          12
|01010110000101110000110111001111101> :  0.5912470E-03  0.1100000E-02          11
|01010110010101100000110011001111101> :  0.1117157E-02  0.1000000E-02          10
|00011010110001011001101000111001101> :  0.8095961E-03  0.1000000E-02          10
|11100101001110000110010111010010010> :  0.6417099E-03  0.1000000E-02          10
|01010110010101100000100011001111101> :  0.1003820E-02  0.1000000E-02          10
|01010110010101110000110110001101101> :  0.1154103E-02  0.9000000E-03           9
|00011010100000111000101101101111101> :  0.1163235E-02  0.9000000E-03           9
|10101001101010011111101001110000010> :  0.1204431E-02  0.9000000E-03           9
|10101001101010011111011100110000010> :  0.1003820E-02  0.9000000E-03           9
|11100101011111000111010010010000010> :  0.1163235E-02  0.9000000E-03           9
|01010110010101100000010110001111101> :  0.1204431E-02  0.8000000E-03           8
|10011011110011110101001000111000100> :  0.7293872E-03  0.8000000E-03           8
|11111010101000011000101001111001000> :  0.5278816E-03  0.8000000E-03           8
|01100100001100001010110111000111011> :  0.7293872E-03  0.8000000E-03           8
|10101001011010001111001001110000010> :  0.2877144E-03  0.8000000E-03           8
|11101101001110000110010011000110010> :  0.8364764E-03  0.8000000E-03           8
|10101001111010011111001001110000000> :  0.6563644E-03  0.8000000E-03           8
|10101001111010001111001000110000010> :  0.5912470E-03  0.8000000E-03           8
|00100101010111101111000100000110111> :  0.4400848E-03  0.7000000E-03           7
|10101001111010011111001100110000010> :  0.9002159E-03  0.7000000E-03           7
|01010110000101100000010111001111101> :  0.4743775E-03  0.7000000E-03           7
|01010110010101110001110110001101101> :  0.3137886E-03  0.7000000E-03           7
|00010010110001111001101010111101101> :  0.3668269E-03  0.7000000E-03           7
|11100101001110100110010111000110010> :  0.8095961E-03  0.6000000E-03           6
|11011010101000010000111011111001000> :  0.4400848E-03  0.6000000E-03           6
|10101001101010011111001100110000010> :  0.1117157E-02  0.6000000E-03           6
|00000101010111100111010110000110111> :  0.5278816E-03  0.6000000E-03           6
|01010110010101010000110110001111101> :  0.5051038E-03  0.6000000E-03           6
|10101001111010011111101000110000010> :  0.4743775E-03  0.6000000E-03           6
|01010110010101110000110110001011101> :  0.5384648E-03  0.5000000E-03           5
|11100101011110000110010011010010010> :  0.5718605E-03  0.5000000E-03           5
|00011010110001111001101000101101101> :  0.6417099E-03  0.5000000E-03           5
|10101001101010011111001101110000010> :  0.4191230E-03  0.5000000E-03           5
|00011011110001111101101000101000101> :  0.4126641E-03  0.5000000E-03           5
|01010110010101100100110110001111101> :  0.2138199E-03  0.5000000E-03           5
|01010110000101100000010110001111101> :  0.2571750E-03  0.4000000E-03           4
|01100101011101001111010100010000110> :  0.6771181E-03  0.4000000E-03           4
|10101001101010011111011000110000010> :  0.4592863E-03  0.4000000E-03           4
|10101001101010101111001101110000010> :  0.3934269E-03  0.4000000E-03           4
|11100101001110000110010111000110010> :  0.3677674E-03  0.4000000E-03           4
|10011010100010110000101011101111001> :  0.6771181E-03  0.4000000E-03           4
|00011010100001111001101100101101101> :  0.5718605E-03  0.4000000E-03           4
|00010010110001111001101100111001101> :  0.8364764E-03  0.4000000E-03           4
|10011010101010010000101011111101000> :  0.1728887E-03  0.4000000E-03           4
|01100101011101001111010100000000111> :  0.2537508E-03  0.4000000E-03           4
|01100101010101101111000100000010111> :  0.2579556E-03  0.4000000E-03           4
|10101001101010001111001100110000010> :  0.2639459E-03  0.3000000E-03           3
|01010110010101100000100111001111101> :  0.4592863E-03  0.3000000E-03           3
|11100101011110000110010011010010110> :  0.1329779E-03  0.3000000E-03           3
|11100100001110000010010111010111010> :  0.4126641E-03  0.3000000E-03           3
|11100101001110000110010111010110010> :  0.3196753E-03  0.3000000E-03           3
|10101001111010010111001000110000010> :  0.1827781E-03  0.3000000E-03           3
|10101001111010101111001001110000000> :  0.1669504E-03  0.3000000E-03           3
|00011010110001111001101000111001101> :  0.3677674E-03  0.3000000E-03           3
|10011010110010110000101011111101000> :  0.7013621E-04  0.3000000E-03           3
|10011010101010010000111011111101000> :  0.2579556E-03  0.3000000E-03           3
|10101001111010011111001000111000010> :  0.3024532E-03  0.3000000E-03           3
|10101001101010101110001101110010010> :  0.1194696E-03  0.3000000E-03           3
|01100101010101101111010100000010111> :  0.1728887E-03  0.3000000E-03           3
|01010110000101100000110110001111111> :  0.6563644E-03  0.3000000E-03           3
|11100101011111000111010010010000110> :  0.2085112E-03  0.3000000E-03           3
|11101101011110000111010100010000010> :  0.1800078E-03  0.3000000E-03           3
|10101001101010001110001001110010010> :  0.3137886E-03  0.3000000E-03           3
|01100100001100001010110111000111111> :  0.1606316E-03  0.3000000E-03           3
|01100101011101001111010100010000001> :  0.1154424E-03  0.3000000E-03           3
|10101001111010011111101001110000010> :  0.2571750E-03  0.3000000E-03           3
|01010110000101101000110111001111101> :  0.1827781E-03  0.3000000E-03           3
|10101001101010001111001001110100010> :  0.5384648E-03  0.2000000E-03           2
|10101001111010011110001001110000010> :  0.5578333E-04  0.2000000E-03           2
|01010110010101110000110011001111100> :  0.2617910E-03  0.2000000E-03           2
|10101001101010101111001101110000000> :  0.2357856E-03  0.2000000E-03           2
|01010110000101100000110111001111001> :  0.1517637E-03  0.2000000E-03           2
|10101001111010001111001101110000010> :  0.1892443E-05  0.2000000E-03           2
|10101001101010101111001001110000010> :  0.5051038E-03  0.2000000E-03           2
|10011010101010110000101011101111000> :  0.8393309E-04  0.2000000E-03           2
|01010110010101010000110110001101101> :  0.1107464E-03  0.2000000E-03           2
|01010110000101100000111110001111101> :  0.8405656E-04  0.2000000E-03           2
|10101001101010011111001000110000010> :  0.1627483E-03  0.2000000E-03           2
|10101001101010001110001101110010010> :  0.2389230E-03  0.2000000E-03           2
|10101011101010101111001001110000000> :  0.5239731E-04  0.2000000E-03           2
|10101001101010011011001001110000010> :  0.2138199E-03  0.2000000E-03           2
|01010110010101100000110010001111101> :  0.4191230E-03  0.2000000E-03           2
|01010110010101010000110010001111101> :  0.3934269E-03  0.2000000E-03           2
|10101001101010001111101001110000010> :  0.2019414E-03  0.2000000E-03           2
|01010110010101010000110010001111111> :  0.2357856E-03  0.2000000E-03           2
|01110110000100101001100101000111111> :  0.9574961E-05  0.2000000E-03           2
|10101001101010001110011001110010010> :  0.7382509E-04  0.2000000E-03           2
|00010010100001111000101011101111101> :  0.1800078E-03  0.2000000E-03           2
|00011011110001111101101000111000101> :  0.1994344E-05  0.1000000E-03           1
|01110110000101100000110110001111101> :  0.9806284E-04  0.1000000E-03           1
|00000011110001111101101000111000101> :  0.2506805E-04  0.1000000E-03           1
|01010110000101100000110010001111101> :  0.4250767E-05  0.1000000E-03           1
|10011011001111110100001000101000101> :  0.3927932E-10  0.1000000E-03           1
|10101001111010011111001011110000010> :  0.8250931E-05  0.1000000E-03           1
|00100001111101111111001010000000101> :  0.3956575E-10  0.1000000E-03           1
|00010010110001110000101011101111101> :  0.1076445E-04  0.1000000E-03           1
|00010110100011111101001110111000100> :  0.9919829E-11  0.1000000E-03           1
|10001100110010101111101111011000100> :  0.3238779E-10  0.1000000E-03           1
|01010000010101100000110111001111101> :  0.4648853E-05  0.1000000E-03           1
|10001001111010011111001001110000010> :  0.9806284E-04  0.1000000E-03           1
|10011011001011110111001100101000001> :  0.1608887E-10  0.1000000E-03           1
|10000001101100111011001011010100100> :  0.2910462E-12  0.1000000E-03           1
|01010110010101010001110110001101101> :  0.1300293E-03  0.1000000E-03           1
|10010001010110110110001011111100100> :  0.4362236E-10  0.1000000E-03           1
|11001000111010010101101010111000100> :  0.1227812E-10  0.1000000E-03           1
|01010110000101110000110110001101101> :  0.3690067E-05  0.1000000E-03           1
|01100101011101001111010100000010011> :  0.3456007E-04  0.1000000E-03           1
|10101001101010001111001011110000010> :  0.1950794E-04  0.1000000E-03           1
|10101010101000011001010000101010011> :  0.1172683E-10  0.1000000E-03           1
|01100001101100101011010110010110011> :  0.1034813E-10  0.1000000E-03           1
|10101001111010011111000001110000010> :  0.8405656E-04  0.1000000E-03           1
|11101001101000011111001110100010011> :  0.5450812E-10  0.1000000E-03           1
|00011000001111011111111100000110011> :  0.1403232E-10  0.1000000E-03           1
|01100000011110010111110100010000001> :  0.2213599E-10  0.1000000E-03           1
|00011001111110011011101101110100000> :  0.5345589E-10  0.1000000E-03           1
|10101111010101000011000011100100011> :  0.1269457E-10  0.1000000E-03           1
|01011010011011011001101000011101101> :  0.2848832E-10  0.1000000E-03           1
|10101001111010011101001000010000010> :  0.1553797E-04  0.1000000E-03           1
|01100101011111001111010010010000011> :  0.1513888E-05  0.1000000E-03           1
|01010110000101110000110011001111100> :  0.4425554E-04  0.1000000E-03           1
|01100101011111001111000100010000011> :  0.1038218E-03  0.1000000E-03           1
|01100101011111000111010100010000011> :  0.9449650E-05  0.1000000E-03           1
|10000110110011111100010010111001100> :  0.3088197E-10  0.1000000E-03           1
|01100101011101001111010101011000011> :  0.2271710E-05  0.1000000E-03           1
|10011011100000110001101110100101100> :  0.3618576E-08  0.1000000E-03           1
|10011100001110100010011001001111011> :  0.8318721E-11  0.1000000E-03           1
|00101001111010001111001100110000011> :  0.2237247E-04  0.1000000E-03           1
|10101001101010001011001001110100010> :  0.1092680E-05  0.1000000E-03           1
|11011010111010110000110000111010000> :  0.5416809E-11  0.1000000E-03           1
|10101001101010001111001100110000011> :  0.2617910E-03  0.1000000E-03           1
|01100001011111001111010100010000011> :  0.1308063E-03  0.1000000E-03           1
|10101001111010001111001100110000010> :  0.1220414E-04  0.1000000E-03           1
|10101001011010001111001000110000011> :  0.6033982E-06  0.1000000E-03           1
|11001000101101010010110110000101011> :  0.2250642E-10  0.1000000E-03           1
|10111000010010011001101010111000011> :  0.3655527E-10  0.1000000E-03           1
|01011001011111001111011000010000010> :  0.7554230E-11  0.1000000E-03           1
|11100110101100010011110011000110010> :  0.6960969E-10  0.1000000E-03           1
|00000010110111101111010101110011010> :  0.2861576E-12  0.1000000E-03           1
|11100010100100101001000111111011010> :  0.1263673E-10  0.1000000E-03           1
|11100101011110000010010011010110010> :  0.9613485E-05  0.1000000E-03           1
|00001101010111110101001001100001010> :  0.1691688E-10  0.1000000E-03           1
|10111011100100100101011100100001010> :  0.3959726E-10  0.1000000E-03           1
|10101001111010001111000001110000010> :  0.3587893E-04  0.1000000E-03           1
|01100001011011001000010011010100010> :  0.5971841E-11  0.1000000E-03           1
|01101111001111100110011100000100000> :  0.3209730E-10  0.1000000E-03           1
|10010010101010111000101100011101010> :  0.7302784E-11  0.1000000E-03           1
|00110010010011011001001000111001010> :  0.2294359E-10  0.1000000E-03           1
|11101101001110000111010101000010010> :  0.3514612E-04  0.1000000E-03           1
|11000001001110010100111110010111010> :  0.3728825E-10  0.1000000E-03           1
|01101001011100101101100101110001010> :  0.2587981E-11  0.1000000E-03           1
|10101111101000001110000100110011001> :  0.3416458E-10  0.1000000E-03           1
|01010110000101110000110110001111001> :  0.1141246E-04  0.1000000E-03           1
|11111011110100010010010100011011010> :  0.2775640E-10  0.1000000E-03           1
|01110100010111100000000011101011001> :  0.5841031E-11  0.1000000E-03           1
|11100100010101101011010110100011001> :  0.1747248E-11  0.1000000E-03           1
|01111010000101001000010110111101011> :  0.1806398E-10  0.1000000E-03           1
|10111111100010100100001100100101011> :  0.5019317E-11  0.1000000E-03           1
|10011000100100011111011100000111011> :  0.2224257E-10  0.1000000E-03           1
|01010000101010010100111110011111011> :  0.2196540E-10  0.1000000E-03           1
|00000100000101110101011010101111011> :  0.1174591E-10  0.1000000E-03           1
|11000100000110110000110110111111011> :  0.1020364E-10  0.1000000E-03           1
|10101001101010101111001100110000010> :  0.1615964E-04  0.1000000E-03           1
|01110011011010001010101101110111001> :  0.1594150E-11  0.1000000E-03           1
|00010010110011110000101011111101100> :  0.7223593E-05  0.1000000E-03           1
|10011010100000110000101101101111001> :  0.8931131E-04  0.1000000E-03           1
|11100101001100001111000001110101100> :  0.3285925E-10  0.1000000E-03           1
|00001111010010110100101010101101001> :  0.4311423E-10  0.1000000E-03           1
|10011010100000110000101001101111100> :  0.7890488E-05  0.1000000E-03           1
|10011110100100111001011100101101001> :  0.1076407E-10  0.1000000E-03           1
|01000101010001110011101110001101001> :  0.3689007E-11  0.1000000E-03           1
|00011010100001111001101100111101001> :  0.3217401E-04  0.1000000E-03           1
|11101101001110000110010101000010010> :  0.3668269E-03  0.1000000E-03           1
|10011110100000110000101011101111100> :  0.1308063E-03  0.1000000E-03           1
|00011001100001101000101100111001101> :  0.1026918E-10  0.1000000E-03           1
|00111101101010011111010100111000000> :  0.3945826E-10  0.1000000E-03           1
|01100110001100011000110111011111000> :  0.1686505E-11  0.1000000E-03           1
|10011010100010110000101101101111000> :  0.8937317E-04  0.1000000E-03           1
|00010010110001111001101000101101101> :  0.3650495E-05  0.1000000E-03           1
|10011010100010110000101011111111000> :  0.2537508E-03  0.1000000E-03           1
|11101100001111010000010011010101000> :  0.1298741E-10  0.1000000E-03           1
|10011010110010110000101011111001000> :  0.5365319E-04  0.1000000E-03           1
|10100001101100111011100001110010010> :  0.4200805E-11  0.1000000E-03           1
|10101001101010011111011001110000010> :  0.6435640E-04  0.1000000E-03           1
|00100101101111101101000000110010001> :  0.9634323E-11  0.1000000E-03           1
|10011010101010110000101011101101000> :  0.6937737E-04  0.1000000E-03           1
|11101001101100011110000001110010010> :  0.2663699E-10  0.1000000E-03           1
|11011010101010010000111011111001000> :  0.1145849E-03  0.1000000E-03           1
|10101001101010101111001101100010010> :  0.2059044E-03  0.1000000E-03           1
|01010110010101010000110010011101101> :  0.2059044E-03  0.1000000E-03           1
|11011010101000011000111011111001000> :  0.9418537E-04  0.1000000E-03           1
|11111010101000011000110100111001000> :  0.3201882E-04  0.1000000E-03           1
|10101001101010101111001001110010010> :  0.1107464E-03  0.1000000E-03           1
|01010110010101110001100110001101101> :  0.7382509E-04  0.1000000E-03           1
|10101001101010101111001001100010010> :  0.1262813E-03  0.1000000E-03           1
|11000101011011101110011000100110001> :  0.4316108E-10  0.1000000E-03           1
|10111011110110011001101001111000000> :  0.7385837E-10  0.1000000E-03           1
|01100101011101001111010100010010111> :  0.7222470E-05  0.1000000E-03           1
|10101001101010011111001001110010010> :  0.3963010E-04  0.1000000E-03           1
|00000101010111100111001110000110111> :  0.6906058E-05  0.1000000E-03           1
|00010010110011110000101011101111101> :  0.3569955E-05  0.1000000E-03           1
|01110011100101001010010001011011101> :  0.8352386E-11  0.1000000E-03           1
|01010110000101010000110110001111101> :  0.1111544E-03  0.1000000E-03           1
|10101001101010001111001101110010010> :  0.3537232E-04  0.1000000E-03           1
|00100101010111100111000100000110111> :  0.9418537E-04  0.1000000E-03           1
|01001111011101001100100011000011111> :  0.1326227E-10  0.1000000E-03           1
|01010110010101100000110010001111111> :  0.2321861E-04  0.1000000E-03           1
|10101011001010000111101100110110001> :  0.1658920E-10  0.1000000E-03           1
|01010110010101010000110110001111111> :  0.4529524E-04  0.1000000E-03           1
|01100101010101001111010100000010111> :  0.3717715E-04  0.1000000E-03           1
|11101001101010001110011011110010010> :  0.1309661E-06  0.1000000E-03           1
|01100101001101001111010100000110111> :  0.5365319E-04  0.1000000E-03           1
|01010110000100100000110111001111111> :  0.3106173E-04  0.1000000E-03           1
|01010010110000111000100111001110111> :  0.4012718E-10  0.1000000E-03           1
|10111110000100100000010110011111111> :  0.9255649E-10  0.1000000E-03           1
|00010100010101000110010100001111111> :  0.8227546E-11  0.1000000E-03           1
|01100101011101001111010010010000111> :  0.8937317E-04  0.1000000E-03           1
|10011011101100010001100101000001111> :  0.3570637E-10  0.1000000E-03           1
|00011110001110101110100101000111110> :  0.1322431E-10  0.1000000E-03           1
|01100101010101001111010100010000111> :  0.8393309E-04  0.1000000E-03           1
|10101001101010011110001101110000010> :  0.3570315E-05  0.1000000E-03           1
|11000110100110100100011111000110110> :  0.2660964E-10  0.1000000E-03           1
|10011010100000111000101011101111110> :  0.1791316E-05  0.1000000E-03           1
|10111101111010011011001001110000010> :  0.2778299E-06  0.1000000E-03           1
|11101101001100001111010101000010110> :  0.3871552E-04  0.1000000E-03           1
|01010110100101110000110110001111101> :  0.2877144E-03  0.1000000E-03           1
|10101001101010011011001101110000010> :  0.8776153E-05  0.1000000E-03           1
|10010110011000100000101111101011101> :  0.4223899E-11  0.1000000E-03           1
|01010110010101110001110110001111101> :  0.2045908E-04  0.1000000E-03           1
|01100101011111001111010010010000110> :  0.8931131E-04  0.1000000E-03           1
|10111011110100110000101000011100110> :  0.3613001E-10  0.1000000E-03           1
|00101011101100111101000000100000110> :  0.6174598E-10  0.1000000E-03           1
|01010110010101100000100110001111101> :  0.6435640E-04  0.1000000E-03           1
|00111011100100100001000001111100110> :  0.1308236E-10  0.1000000E-03           1
|11101101001110000111010101010000010> :  0.8796182E-05  0.1000000E-03           1
|01010110010101100000010111001111101> :  0.1027772E-05  0.1000000E-03           1
|10101001111010011111001001110000110> :  0.4320931E-04  0.1000000E-03           1
|01010111010100101001100000001111101> :  0.4758771E-10  0.1000000E-03           1
|01110000101000011011100101110011110> :  0.1725269E-10  0.1000000E-03           1
|10101001111010011111001000110000110> :  0.1517637E-03  0.1000000E-03           1
|10101001111010101111001001110000010> :  0.1111544E-03  0.1000000E-03           1
|10011010100010110000101011101111110> :  0.1154424E-03  0.1000000E-03           1
|10101101011110100010000001100111110> :  0.7810308E-11  0.1000000E-03           1
|01010110000111100000110111001111101> :  0.8299582E-05  0.1000000E-03           1
|01010110000101110001110110001111101> :  0.4280167E-04  0.1000000E-03           1
|01000110010101100000110111001101111> :  0.1261083E-09  0.1000000E-03           1
|01011100000100001101100001000111111> :  0.4278272E-11  0.1000000E-03           1
|10101001111010001111001001110000110> :  0.1141246E-04  0.1000000E-03           1
|01010010010101100000101110011110101> :  0.1489162E-07  0.1000000E-03           1
|01010110000101110000110011001111101> :  0.1220414E-04  0.1000000E-03           1
|01110110000100100000110111000111111> :  0.3407835E-04  0.1000000E-03           1
|01110111001101100010010111010100101> :  0.2880709E-10  0.1000000E-03           1
|01010110000101100100110100001111101> :  0.1104526E-04  0.1000000E-03           1
|01010110000101100000110011001111111> :  0.4001034E-04  0.1000000E-03           1
|10101001101010001111011001110000010> :  0.3271451E-04  0.1000000E-03           1
|01010110000101100000110111001111111> :  0.3456765E-04  0.1000000E-03           1
|00100110001101101000101110000111111> :  0.6441782E-10  0.1000000E-03           1
|10001101011011100101000110001100001> :  0.2967694E-10  0.1000000E-03           1
|00111010100011001111101001111100000> :  0.1026376E-10  0.1000000E-03           1
|11111001101010110011000100111000000> :  0.9895704E-11  0.1000000E-03           1
|10101001101010011111001001110000000> :  0.3735454E-04  0.1000000E-03           1
|10101001101010001111001101110000000> :  0.8252615E-04  0.1000000E-03           1
