# state, exact probability, frequency, count:
#------------------------------------------------------------------
|100111100000101101010100> :  0.1080242E+00  0.1101000E+00        1101
|011000011111010010101011> :  0.1080242E+00  0.1084000E+00        1084
|100111000000111101010100> :  0.1049649E+00  0.1052000E+00        1052
|011000111111000010101011> :  0.1049649E+00  0.1007000E+00        1007
|011010011111010010101010> :  0.9690741E-01  0.9970000E-01         997
|100101100000101101010101> :  0.9690741E-01  0.9500000E-01         950
|011000101111000011101011> :  0.8116974E-01  0.8080000E-01         808
|100111010000111100010100> :  0.8116974E-01  0.7480000E-01         748
|010010011111010010111010> :  0.4225841E-01  0.4440000E-01         444
|101101100000101101000101> :  0.4225841E-01  0.4200000E-01         420
|100110010010111100010100> :  0.3350503E-01  0.3610000E-01         361
|011001101101000011101011> :  0.3350503E-01  0.3270000E-01         327
|011100110110110010000111> :  0.1596505E-01  0.1700000E-01         170
|100011001001001101111000> :  0.1596505E-01  0.1640000E-01         164
|100011101001101101011100> :  0.6109951E-02  0.8200000E-02          82
|011100010110010010100011> :  0.6109951E-02  0.6500000E-02          65
|100100110110111100000101> :  0.3781588E-03  0.7000000E-03           7
|011011001001000011111010> :  0.3781588E-03  0.6000000E-03           6
|010011001011000011111010> :  0.3543611E-03  0.6000000E-03           6
|011011001101000011101010> :  0.3708264E-03  0.6000000E-03           6
|101101110000111100000101> :  0.3174293E-03  0.5000000E-03           5
|010001101011000011111010> :  0.2391967E-03  0.5000000E-03           5
|100101110000101101010101> :  0.6824151E-04  0.4000000E-03           4
|011001101001000011111010> :  0.1580691E-03  0.4000000E-03           4
|100100110010111100010101> :  0.3708264E-03  0.4000000E-03           4
|100100110010101101010101> :  0.3355358E-03  0.4000000E-03           4
|100011001011000011111010> :  0.1248069E-03  0.3000000E-03           3
|101100110100111100000101> :  0.3543611E-03  0.3000000E-03           3
|011011001101010010101010> :  0.3355358E-03  0.3000000E-03           3
|010010001111000011111010> :  0.3174293E-03  0.3000000E-03           3
|100100110010101001010111> :  0.1311286E-03  0.2000000E-03           2
|101110010100111100000101> :  0.2391967E-03  0.2000000E-03           2
|100100110110111000000111> :  0.1087025E-03  0.2000000E-03           2
|011001001101010010101011> :  0.8415365E-04  0.2000000E-03           2
|100100110110101101000101> :  0.2434260E-03  0.2000000E-03           2
|100101110000111100010101> :  0.2369893E-03  0.2000000E-03           2
|011010111111110010001010> :  0.4639872E-05  0.2000000E-03           2
|011000101111000011101010> :  0.5070555E-04  0.2000000E-03           2
|101111010000111100000101> :  0.2151877E-03  0.2000000E-03           2
|010100110011110010010110> :  0.4369785E-04  0.2000000E-03           2
|010000101111000011111010> :  0.2151877E-03  0.2000000E-03           2
|100111100000101001110100> :  0.5425996E-06  0.2000000E-03           2
|011011001001010110111000> :  0.9278211E-04  0.2000000E-03           2
|100111010000101100010100> :  0.5177468E-06  0.1000000E-03           1
|010010011111010010101010> :  0.8584612E-05  0.1000000E-03           1
|001110101100001111011000> :  0.1918713E-07  0.1000000E-03           1
|010010011111010010011010> :  0.3221292E-06  0.1000000E-03           1
|010010011111000010111010> :  0.2968906E-04  0.1000000E-03           1
|001110011110111011000101> :  0.2597543E-07  0.1000000E-03           1
|001001111101000010100011> :  0.2635160E-06  0.1000000E-03           1
|011010011111010010001101> :  0.2871484E-07  0.1000000E-03           1
|010010010011100100110100> :  0.3218323E-07  0.1000000E-03           1
|011010011111001011001000> :  0.1059416E-07  0.1000000E-03           1
|011010011011000100101000> :  0.4640605E-07  0.1000000E-03           1
|011010011111010010101011> :  0.8789542E-05  0.1000000E-03           1
|011010101111000111101011> :  0.3722990E-05  0.1000000E-03           1
|011010111111001010101001> :  0.4878953E-05  0.1000000E-03           1
|011010111111010010001011> :  0.5656427E-05  0.1000000E-03           1
|100110110010101101010100> :  0.8415365E-04  0.1000000E-03           1
|011011000001110001001111> :  0.1508860E-07  0.1000000E-03           1
|001101000100111010100011> :  0.2839711E-07  0.1000000E-03           1
|011011001001010010111010> :  0.2434260E-03  0.1000000E-03           1
|011010001111010010101010> :  0.6824151E-04  0.1000000E-03           1
|100010110110111000000111> :  0.5102790E-07  0.1000000E-03           1
|011001110001000011011110> :  0.1745114E-07  0.1000000E-03           1
|100010010011111100001101> :  0.1183042E-06  0.1000000E-03           1
|100001101111001010101011> :  0.1077164E-06  0.1000000E-03           1
|010001101001000001011111> :  0.3089374E-07  0.1000000E-03           1
|001101000010001011100111> :  0.7334234E-07  0.1000000E-03           1
|001001101110001111001011> :  0.1195449E-06  0.1000000E-03           1
|000101100010001011110101> :  0.3038169E-06  0.1000000E-03           1
|011001100100110101101011> :  0.1880335E-06  0.1000000E-03           1
|100001001111000001100011> :  0.2649366E-07  0.1000000E-03           1
|010000111111000010111010> :  0.4689990E-04  0.1000000E-03           1
|100000101110101101000011> :  0.5963888E-07  0.1000000E-03           1
|011111010000111100000101> :  0.9088594E-04  0.1000000E-03           1
|010000110111010010011111> :  0.4329181E-07  0.1000000E-03           1
|001100100100000111101011> :  0.4521550E-07  0.1000000E-03           1
|011110010100111100000101> :  0.9761402E-04  0.1000000E-03           1
|011110000111110010100001> :  0.9128104E-08  0.1000000E-03           1
|111000011110011100101001> :  0.3660765E-06  0.1000000E-03           1
|110110011011001100010100> :  0.3086551E-08  0.1000000E-03           1
|011101110100011100000011> :  0.9810806E-08  0.1000000E-03           1
|011101110100001011100011> :  0.1613468E-07  0.1000000E-03           1
|111011011110010010001101> :  0.9408030E-12  0.1000000E-03           1
|011111000011110010100110> :  0.3178837E-06  0.1000000E-03           1
|011101110000111100000101> :  0.1121775E-03  0.1000000E-03           1
|011111100000110101010110> :  0.4104999E-06  0.1000000E-03           1
|011000010111110011001011> :  0.4099211E-06  0.1000000E-03           1
|100001001001001101101001> :  0.8065821E-06  0.1000000E-03           1
|011101100100101111001000> :  0.8034479E-07  0.1000000E-03           1
|100001011011010011111011> :  0.2041261E-07  0.1000000E-03           1
|100001101011000011011110> :  0.2432461E-04  0.1000000E-03           1
|100001101110101101000001> :  0.9218859E-07  0.1000000E-03           1
|011100111111000010101011> :  0.8160786E-06  0.1000000E-03           1
|100001110001101101011010> :  0.1793713E-07  0.1000000E-03           1
|011000001111010010101011> :  0.1324036E-04  0.1000000E-03           1
|100010011111100011110010> :  0.3049887E-07  0.1000000E-03           1
|010000011111010010111010> :  0.2599130E-05  0.1000000E-03           1
|001100011110010011101011> :  0.1339494E-06  0.1000000E-03           1
|000111100000101011010100> :  0.3631472E-05  0.1000000E-03           1
|100011011000111100110000> :  0.5568403E-06  0.1000000E-03           1
|011100111001000011110110> :  0.7107346E-07  0.1000000E-03           1
|011100111000000110010111> :  0.1538947E-08  0.1000000E-03           1
|010111010111110100100000> :  0.4548583E-07  0.1000000E-03           1
|101111000001100101000101> :  0.2035881E-06  0.1000000E-03           1
|011100110010111100000100> :  0.7912997E-07  0.1000000E-03           1
|010110010011010010110110> :  0.2996397E-04  0.1000000E-03           1
|010000011101010110101011> :  0.3125947E-05  0.1000000E-03           1
|011100101111000011100111> :  0.3712730E-05  0.1000000E-03           1
|011100011110010010101010> :  0.5683161E-05  0.1000000E-03           1
|010100111110100001010111> :  0.8125930E-08  0.1000000E-03           1
|100101110000111101110100> :  0.2473940E-06  0.1000000E-03           1
|100110000100111101000100> :  0.6172172E-05  0.1000000E-03           1
|100110000111011101010100> :  0.1400445E-07  0.1000000E-03           1
|101101101001100011011110> :  0.7535970E-08  0.1000000E-03           1
|100110010110111100100001> :  0.2932496E-04  0.1000000E-03           1
|100110110010011101110100> :  0.9815460E-06  0.1000000E-03           1
|011100011110001000100011> :  0.9538614E-07  0.1000000E-03           1
|100110110100111100001101> :  0.8101344E-07  0.1000000E-03           1
|100110111110101001010001> :  0.7312244E-07  0.1000000E-03           1
|100111000000010101100101> :  0.2251299E-07  0.1000000E-03           1
|010000000011000011111010> :  0.7379326E-07  0.1000000E-03           1
|001011101111000111001000> :  0.4700422E-08  0.1000000E-03           1
|011100010110000010000011> :  0.3733006E-07  0.1000000E-03           1
|100111100000001101010000> :  0.1259049E-05  0.1000000E-03           1
|011011010001110101101000> :  0.4724867E-07  0.1000000E-03           1
|010100110010110010010111> :  0.2291915E-04  0.1000000E-03           1
|011011001111000011100110> :  0.1545344E-06  0.1000000E-03           1
|101001000000111001101011> :  0.3691902E-08  0.1000000E-03           1
|011011001101010110101000> :  0.1311286E-03  0.1000000E-03           1
|010011011011010010100111> :  0.7642964E-07  0.1000000E-03           1
|001111110010101011010110> :  0.3285360E-07  0.1000000E-03           1
|101000111111001010101011> :  0.4818571E-05  0.1000000E-03           1
|101000111111001010101001> :  0.6982343E-06  0.1000000E-03           1
|101001101101000010101011> :  0.9485204E-06  0.1000000E-03           1
|101010001110011011101010> :  0.9122872E-07  0.1000000E-03           1
|101010010101111101001001> :  0.5279603E-07  0.1000000E-03           1
|101010011101111101100000> :  0.2970532E-07  0.1000000E-03           1
|101011110000111100011100> :  0.2411573E-06  0.1000000E-03           1
|101100100101100101000101> :  0.1906282E-07  0.1000000E-03           1
|101100110100101101000101> :  0.1290748E-03  0.1000000E-03           1
|101000111111000101001011> :  0.2946536E-06  0.1000000E-03           1
|101000011111010000101011> :  0.3164406E-05  0.1000000E-03           1
|011011001101000111101000> :  0.9861700E-04  0.1000000E-03           1
|100111110000101000010110> :  0.4605431E-06  0.1000000E-03           1
|101101110010101101010100> :  0.5091323E-06  0.1000000E-03           1
|101110000100111101010000> :  0.5924129E-07  0.1000000E-03           1
|101110010000111100000101> :  0.1813840E-07  0.1000000E-03           1
|100111101010111001010100> :  0.8055685E-08  0.1000000E-03           1
|101110010100111100100001> :  0.4485472E-04  0.1000000E-03           1
|101111000000011011110000> :  0.6722721E-07  0.1000000E-03           1
|010010101111000010001100> :  0.5164187E-07  0.1000000E-03           1
|001110111010101011010110> :  0.2593732E-07  0.1000000E-03           1
|101111010000111101100110> :  0.4211319E-08  0.1000000E-03           1
|101111010001111101011100> :  0.7556574E-07  0.1000000E-03           1
|101111011001000111110100> :  0.1074186E-07  0.1000000E-03           1
|110000001110110000101011> :  0.3420197E-07  0.1000000E-03           1
|110000011101010010101011> :  0.3045055E-05  0.1000000E-03           1
|110000100111100001000111> :  0.3836036E-07  0.1000000E-03           1
|110000110011111100010101> :  0.1249917E-06  0.1000000E-03           1
|110000110101110010000111> :  0.1523070E-07  0.1000000E-03           1
|110001111001000010111011> :  0.1828454E-05  0.1000000E-03           1
|110011001101111101111000> :  0.1463903E-06  0.1000000E-03           1
|110100110011110000010110> :  0.3620750E-04  0.1000000E-03           1
|110110010010101101010100> :  0.1215861E-05  0.1000000E-03           1
|001011100000001111011000> :  0.3074581E-07  0.1000000E-03           1
|000110010111011100100000> :  0.7671001E-09  0.1000000E-03           1
|111001101100101000001011> :  0.4876309E-08  0.1000000E-03           1
|111011000001010101110100> :  0.3717898E-08  0.1000000E-03           1
|000011000111111011111000> :  0.5449157E-08  0.1000000E-03           1
|111100100110101001001111> :  0.5227831E-07  0.1000000E-03           1
|111111110001110000010100> :  0.1753457E-07  0.1000000E-03           1
|000010001111011011111000> :  0.7225728E-09  0.1000000E-03           1
