# state, exact probability, frequency, count:
#------------------------------------------------------------------
|0100000000011000100001101> :  0.4401041E+00  0.4361000E+00        4361
|0100000000011000101001101> :  0.1669674E+00  0.1720000E+00        1720
|0100000000011000110001101> :  0.1048075E+00  0.1051000E+00        1051
|1100100010000001000001101> :  0.5547664E-01  0.5570000E-01         557
|0100100010001000100001101> :  0.4472706E-01  0.3990000E-01         399
|1100000000010001100001101> :  0.3481626E-01  0.3610000E-01         361
|1100100110000001000001101> :  0.1929717E-01  0.2050000E-01         205
|1100100000010101000001101> :  0.1214099E-01  0.1270000E-01         127
|0100000000011001100001101> :  0.7205138E-02  0.6800000E-02          68
|0100100010001000101000101> :  0.3375956E-02  0.3700000E-02          37
|1100100100010001000001101> :  0.3481366E-02  0.3200000E-02          32
|0100000100011000100001101> :  0.2260752E-02  0.2600000E-02          26
|1100100010000001100001101> :  0.2629552E-02  0.2100000E-02          21
|0100000010011000100001101> :  0.1318976E-02  0.1900000E-02          19
|0100000000010000110001101> :  0.1202845E-02  0.1700000E-02          17
|0100110010001000100000101> :  0.1878671E-02  0.1700000E-02          17
|0100100000011000100001101> :  0.1215360E-02  0.1600000E-02          16
|0100110010001000100001101> :  0.2414938E-02  0.1600000E-02          16
|0100000000011000111001101> :  0.8226016E-03  0.1400000E-02          14
|0100000001011000100001101> :  0.9154317E-03  0.1300000E-02          13
|1100100000000001100001101> :  0.1089584E-02  0.1200000E-02          12
|1100000000010101000001101> :  0.1383271E-02  0.1100000E-02          11
|0100000000010001110001101> :  0.9271338E-03  0.1100000E-02          11
|1100100010000101000001101> :  0.1186347E-02  0.1100000E-02          11
|1100100100000001000001101> :  0.9810889E-03  0.1100000E-02          11
|1100100000010001000001101> :  0.8957991E-03  0.1100000E-02          11
|1100100100100001000001101> :  0.9133983E-03  0.1100000E-02          11
|0100000000010010110001101> :  0.1338414E-02  0.1000000E-02          10
|0100000010001000101001101> :  0.6219958E-03  0.9000000E-03           9
|0100100010001000100000101> :  0.8351438E-03  0.8000000E-03           8
|0100100000010001100001101> :  0.1014386E-02  0.8000000E-03           8
|0100100000010101100001101> :  0.2773114E-03  0.8000000E-03           8
|0100100010011000100001101> :  0.6654116E-03  0.8000000E-03           8
|0100111010001000100000101> :  0.3474657E-03  0.7000000E-03           7
|1100100000010001100001101> :  0.4307929E-03  0.6000000E-03           6
|0100000000010011110001101> :  0.7216333E-03  0.6000000E-03           6
|0100000000010011100001101> :  0.1213285E-03  0.5000000E-03           5
|1100000000001001100001101> :  0.3876252E-03  0.5000000E-03           5
|1100100100010101000001101> :  0.1582504E-03  0.4000000E-03           4
|0100000010010000110001101> :  0.3513639E-03  0.4000000E-03           4
|1100000100010001000001101> :  0.2716409E-03  0.4000000E-03           4
|0100001010001000101000000> :  0.1987483E-03  0.4000000E-03           4
|0110101010000000100000101> :  0.2278441E-03  0.4000000E-03           4
|1100000000000001110001101> :  0.6355461E-04  0.3000000E-03           3
|1100100100001000000001101> :  0.1830079E-03  0.3000000E-03           3
|1100000000010101100001101> :  0.1107579E-03  0.3000000E-03           3
|0100000000001000111001101> :  0.7978355E-03  0.3000000E-03           3
|0100000000010011110001001> :  0.9432106E-04  0.3000000E-03           3
|0100000000011100101001101> :  0.1019917E-03  0.3000000E-03           3
|0100000000010000110101101> :  0.1579668E-03  0.3000000E-03           3
|0110100110001000000000101> :  0.4033096E-04  0.3000000E-03           3
|0100100100001000001001101> :  0.2580354E-04  0.3000000E-03           3
|1001100000010101000001101> :  0.2250040E-03  0.3000000E-03           3
|0100100010000101100000101> :  0.2333896E-04  0.3000000E-03           3
|0100000100011000110001101> :  0.6224609E-04  0.3000000E-03           3
|0100100100010000100001101> :  0.5558031E-04  0.3000000E-03           3
|1100000010010001000001101> :  0.7226281E-04  0.2000000E-03           2
|0100101010000101000000101> :  0.1097753E-03  0.2000000E-03           2
|1100100010100001000001101> :  0.1268349E-03  0.2000000E-03           2
|1100100000011011100001101> :  0.2911777E-04  0.2000000E-03           2
|1100000000010001010001101> :  0.1368299E-03  0.2000000E-03           2
|0100100010000100101000101> :  0.1098922E-03  0.2000000E-03           2
|1100100110001000000001101> :  0.1760618E-03  0.2000000E-03           2
|1000000100010000100001101> :  0.5517293E-05  0.2000000E-03           2
|0100001000011000100001101> :  0.2221925E-03  0.2000000E-03           2
|0100000010001000110001101> :  0.2349051E-03  0.2000000E-03           2
|0100100000001100101000101> :  0.1173047E-03  0.2000000E-03           2
|0100000000001000110001111> :  0.1242612E-03  0.2000000E-03           2
|1100101001000001100001101> :  0.5217691E-05  0.2000000E-03           2
|1101100010000001000001101> :  0.6904061E-04  0.2000000E-03           2
|0100000000010001100001101> :  0.1396169E-03  0.2000000E-03           2
|0100100100001000101001101> :  0.3890624E-04  0.2000000E-03           2
|0100100000011100100000101> :  0.1025278E-03  0.2000000E-03           2
|0100100000001001100001101> :  0.1170734E-03  0.2000000E-03           2
|1100000000010001000001101> :  0.1957103E-03  0.2000000E-03           2
|1100100010000001000101101> :  0.1264544E-03  0.2000000E-03           2
|0100000010010000111000101> :  0.1406131E-04  0.2000000E-03           2
|0000100000011100100001101> :  0.9463510E-04  0.2000000E-03           2
|0100110010001000101000100> :  0.7361015E-04  0.2000000E-03           2
|0100000000011100100001101> :  0.1250278E-03  0.2000000E-03           2
|0110010010000001100000101> :  0.1318066E-05  0.2000000E-03           2
|0000101000010100100000101> :  0.3147686E-04  0.2000000E-03           2
|0100000001011000101001101> :  0.7923666E-04  0.2000000E-03           2
|0100000000011000101000101> :  0.8821292E-04  0.2000000E-03           2
|0100010000011000100001101> :  0.5389838E-03  0.2000000E-03           2
|1100010000011000101001101> :  0.8079468E-05  0.2000000E-03           2
|1100000000010001110001101> :  0.3136770E-04  0.2000000E-03           2
|0100000000001000101010101> :  0.1083952E-03  0.2000000E-03           2
|0100100010000000101000101> :  0.8427543E-04  0.2000000E-03           2
|0100100000011100100001101> :  0.4140558E-04  0.2000000E-03           2
|0100100000010101000001101> :  0.1721372E-03  0.2000000E-03           2
|1100000000010001000101101> :  0.3916969E-04  0.2000000E-03           2
|1100000000001001000011101> :  0.4875951E-04  0.2000000E-03           2
|1100000010000001100001101> :  0.8384855E-04  0.2000000E-03           2
|1100100010001001000001101> :  0.5155409E-04  0.2000000E-03           2
|1100100010000001000011001> :  0.2075453E-04  0.2000000E-03           2
|1100100101001001100001101> :  0.2711441E-04  0.2000000E-03           2
|0100101010001000100000101> :  0.2875380E-03  0.2000000E-03           2
|0100101010001000101000100> :  0.6385510E-04  0.2000000E-03           2
|1110100010000001000001101> :  0.5335374E-04  0.2000000E-03           2
|1110100110100000000000101> :  0.1966885E-03  0.2000000E-03           2
|1110100010000101000001101> :  0.2494381E-04  0.2000000E-03           2
|0100101010001000100000100> :  0.1701445E-03  0.2000000E-03           2
|0000101000100010101000101> :  0.3044971E-06  0.1000000E-03           1
|0000101000010101110100100> :  0.1110871E-07  0.1000000E-03           1
|0000010101011000100001001> :  0.2547342E-04  0.1000000E-03           1
|0000101000010101100000101> :  0.2993463E-05  0.1000000E-03           1
|0010000001010011001001000> :  0.1061948E-06  0.1000000E-03           1
|0000010010011101001000100> :  0.2522324E-07  0.1000000E-03           1
|0000001000011100100000111> :  0.8781466E-06  0.1000000E-03           1
|0000101000001011010001001> :  0.1631500E-08  0.1000000E-03           1
|0001110011100000100001100> :  0.6487830E-06  0.1000000E-03           1
|0001110010101000100000110> :  0.7818590E-07  0.1000000E-03           1
|0000100111000100100001101> :  0.2042410E-06  0.1000000E-03           1
|0000010010011101000001011> :  0.6484821E-08  0.1000000E-03           1
|0001110000111000000101100> :  0.1314554E-06  0.1000000E-03           1
|0010000000011010100100101> :  0.7132334E-07  0.1000000E-03           1
|0010000001010010010101100> :  0.1155202E-06  0.1000000E-03           1
|0100001011010000011000010> :  0.3211284E-07  0.1000000E-03           1
|0010000001010011010001101> :  0.2735957E-06  0.1000000E-03           1
|0010000011000000000001010> :  0.4748500E-07  0.1000000E-03           1
|0010000011000000111101000> :  0.7205982E-08  0.1000000E-03           1
|0010000101001000101000110> :  0.3904530E-06  0.1000000E-03           1
|0010010000011100100001101> :  0.1130754E-05  0.1000000E-03           1
|0010011010000000000000111> :  0.9931817E-07  0.1000000E-03           1
|0010100011001000000010101> :  0.3616013E-08  0.1000000E-03           1
|0001110000011101010001101> :  0.3212683E-07  0.1000000E-03           1
|0000100111000001100001101> :  0.3780231E-05  0.1000000E-03           1
|0001101011110100000000101> :  0.1089491E-05  0.1000000E-03           1
|0001101010110101000100000> :  0.1182455E-06  0.1000000E-03           1
|0000100110000001000010000> :  0.1110500E-07  0.1000000E-03           1
|0000010010001000011101101> :  0.6667349E-07  0.1000000E-03           1
|0000001000011000011000110> :  0.4047202E-07  0.1000000E-03           1
|0000000010000100101100111> :  0.2958283E-07  0.1000000E-03           1
|0001100111010010000100100> :  0.3651787E-08  0.1000000E-03           1
|0001100101100000001000100> :  0.3960625E-06  0.1000000E-03           1
|0000100101100001001000100> :  0.4787224E-07  0.1000000E-03           1
|0001100010111000100001101> :  0.1518606E-06  0.1000000E-03           1
|0001100010101010100001100> :  0.1973075E-07  0.1000000E-03           1
|0000100101001001000011000> :  0.5391920E-08  0.1000000E-03           1
|0000010010000001000100110> :  0.2363568E-08  0.1000000E-03           1
|0001100010100100010000110> :  0.1072507E-06  0.1000000E-03           1
|0001100010010110000100001> :  0.7250892E-07  0.1000000E-03           1
|0000100101000000100101111> :  0.9847934E-06  0.1000000E-03           1
|0001100010000100001001000> :  0.3393662E-07  0.1000000E-03           1
|0001100001101000000001111> :  0.2392771E-06  0.1000000E-03           1
|0000100100001100101100110> :  0.2325355E-06  0.1000000E-03           1
|0000010001011000000001100> :  0.2977218E-06  0.1000000E-03           1
|0000000101011010100001101> :  0.1050536E-05  0.1000000E-03           1
|0001100001001001000011001> :  0.9248952E-07  0.1000000E-03           1
|0001100001000001000101111> :  0.1734213E-06  0.1000000E-03           1
|0000100100001000100001101> :  0.4407093E-04  0.1000000E-03           1
|0001100000111000110001101> :  0.1075109E-06  0.1000000E-03           1
|0001100000101100100001001> :  0.4186058E-07  0.1000000E-03           1
|0000100010100000010101111> :  0.1018412E-06  0.1000000E-03           1
|0000010001001011001001000> :  0.7759328E-07  0.1000000E-03           1
|0001100000010110011100100> :  0.4105269E-08  0.1000000E-03           1
|0001011011010010000001000> :  0.1337975E-07  0.1000000E-03           1
|0000100010011001100000111> :  0.7244658E-07  0.1000000E-03           1
|0001010011010000010001001> :  0.5863136E-06  0.1000000E-03           1
|0001001001010000010001011> :  0.8776214E-06  0.1000000E-03           1
|0000100010000010100001100> :  0.4974787E-07  0.1000000E-03           1
|0000010000010101000000110> :  0.1119823E-07  0.1000000E-03           1
|0000000101011010000001110> :  0.1176001E-06  0.1000000E-03           1
|0000000010000000000010110> :  0.6476468E-09  0.1000000E-03           1
|0000000000100111100000111> :  0.5907983E-07  0.1000000E-03           1
|0001000100001100001010011> :  0.8706074E-08  0.1000000E-03           1
|0001000100001000001011110> :  0.3574487E-07  0.1000000E-03           1
|0000100001011110000001001> :  0.8443283E-06  0.1000000E-03           1
|0001000001110000000001111> :  0.1798993E-05  0.1000000E-03           1
|0001000001010100011011100> :  0.2321985E-07  0.1000000E-03           1
|0000100001010010000101101> :  0.2760890E-06  0.1000000E-03           1
|0000001110101000000001000> :  0.2892061E-07  0.1000000E-03           1
|0001000001010010000101101> :  0.5280982E-07  0.1000000E-03           1
|0100000000011101000001101> :  0.3271550E-04  0.1000000E-03           1
|0100101110100000110000001> :  0.1287378E-08  0.1000000E-03           1
|0001000001000001110001101> :  0.1316349E-05  0.1000000E-03           1
|0000100000110000010100101> :  0.7598362E-07  0.1000000E-03           1
|0100101011000001011000000> :  0.7212122E-07  0.1000000E-03           1
|0100101010010110000000101> :  0.1236604E-06  0.1000000E-03           1
|0100000000100000101101110> :  0.2869120E-07  0.1000000E-03           1
|0100000000110000001001111> :  0.1182380E-05  0.1000000E-03           1
|0100000000110000111101100> :  0.1671553E-06  0.1000000E-03           1
|0100000000110001110001111> :  0.4546416E-05  0.1000000E-03           1
|0100000000111000110000111> :  0.6281745E-05  0.1000000E-03           1
|0100000000111001100000111> :  0.8913440E-05  0.1000000E-03           1
|0100000001001000101001101> :  0.1503627E-04  0.1000000E-03           1
|0100111001000110111000110> :  0.7277967E-10  0.1000000E-03           1
|0100111011100000000001100> :  0.1366738E-06  0.1000000E-03           1
|0100000001011010001001001> :  0.1158751E-04  0.1000000E-03           1
|0100000001011010100001101> :  0.7107158E-04  0.1000000E-03           1
|0100000001100000100000111> :  0.3301933E-06  0.1000000E-03           1
|0100000001110000101001101> :  0.7566454E-06  0.1000000E-03           1
|0100000010000000111001100> :  0.1060021E-03  0.1000000E-03           1
|0100000010001000011001101> :  0.3262163E-04  0.1000000E-03           1
|0100000010001000101000100> :  0.8246665E-04  0.1000000E-03           1
|0100000010001000101000110> :  0.6550715E-04  0.1000000E-03           1
|0101010001110001000001100> :  0.1833080E-06  0.1000000E-03           1
|0100000010001000110000001> :  0.3127249E-06  0.1000000E-03           1
|0101100010001000001000101> :  0.6029276E-05  0.1000000E-03           1
|0100000010001000111001001> :  0.1257432E-04  0.1000000E-03           1
|0100000010001010111000011> :  0.3378291E-06  0.1000000E-03           1
|0101100100001110000001101> :  0.3152203E-07  0.1000000E-03           1
|0101101000011000100001111> :  0.1269119E-06  0.1000000E-03           1
|0100000010010000111001100> :  0.4533834E-04  0.1000000E-03           1
|0100000010010001110001001> :  0.1795415E-04  0.1000000E-03           1
|0110000000111001100001101> :  0.1693637E-05  0.1000000E-03           1
|0100000010011000110001101> :  0.2403130E-04  0.1000000E-03           1
|0100000011000001000000110> :  0.6568288E-07  0.1000000E-03           1
|0100000011000001011001001> :  0.5340072E-07  0.1000000E-03           1
|0100000011000001110011101> :  0.6025986E-06  0.1000000E-03           1
|0100000011000010011001101> :  0.2940542E-06  0.1000000E-03           1
|0100000011001010001000100> :  0.6587469E-06  0.1000000E-03           1
|0100000011010000100001101> :  0.6372509E-05  0.1000000E-03           1
|0100000100001101110000111> :  0.3982888E-06  0.1000000E-03           1
|0100000100010000100001101> :  0.6637469E-05  0.1000000E-03           1
|0110100000011010100001101> :  0.9730298E-05  0.1000000E-03           1
|0100000100011000101001101> :  0.1259173E-03  0.1000000E-03           1
|0110100010000000011000101> :  0.6742046E-04  0.1000000E-03           1
|0100000100101011000001100> :  0.1618208E-06  0.1000000E-03           1
|0100000101000010101001100> :  0.1013671E-05  0.1000000E-03           1
|0100000110001000101000100> :  0.2697741E-04  0.1000000E-03           1
|0100000110001011100001101> :  0.1072020E-05  0.1000000E-03           1
|0100000110100000111000101> :  0.1505242E-07  0.1000000E-03           1
|0100000111001000100011101> :  0.2483387E-07  0.1000000E-03           1
|0100000111010000100001011> :  0.8310880E-06  0.1000000E-03           1
|0100001000000010110101111> :  0.1121218E-06  0.1000000E-03           1
|0100001000001000100000111> :  0.6482507E-04  0.1000000E-03           1
|0110110011100000010000000> :  0.5358117E-06  0.1000000E-03           1
|0100001000011000110001101> :  0.2649557E-04  0.1000000E-03           1
|0100001000011100101000101> :  0.4659850E-04  0.1000000E-03           1
|0100001000111000100001111> :  0.2962872E-05  0.1000000E-03           1
|0100001001000011000011000> :  0.7743508E-07  0.1000000E-03           1
|0100001001001001010001011> :  0.5453837E-06  0.1000000E-03           1
|1000000001110000000000111> :  0.9262932E-07  0.1000000E-03           1
|0100001010001000101000100> :  0.1358341E-04  0.1000000E-03           1
|0100001010001010100101100> :  0.1245025E-06  0.1000000E-03           1
|0100001010010001110011001> :  0.4264826E-06  0.1000000E-03           1
|1000001100001001000011101> :  0.6613174E-07  0.1000000E-03           1
|0100001100000010110001100> :  0.1156889E-06  0.1000000E-03           1
|0100001100011000110010101> :  0.3637638E-06  0.1000000E-03           1
|0100001101010101110000001> :  0.5983387E-08  0.1000000E-03           1
|0100001110000001010010001> :  0.1955661E-06  0.1000000E-03           1
|0100001110011000101001101> :  0.7933140E-07  0.1000000E-03           1
|0100001110011000110011100> :  0.3588509E-08  0.1000000E-03           1
|0100010000000000011010111> :  0.9060138E-07  0.1000000E-03           1
|0100010000000010101001111> :  0.1024007E-07  0.1000000E-03           1
|0100010000010010110000011> :  0.2811359E-06  0.1000000E-03           1
|1000100100001100000001101> :  0.7003871E-05  0.1000000E-03           1
|0100010000011010100000101> :  0.1253655E-05  0.1000000E-03           1
|0100010000011010100001001> :  0.3008374E-04  0.1000000E-03           1
|0100010000011010110001100> :  0.2275963E-06  0.1000000E-03           1
|0100010000111000000101101> :  0.1776525E-06  0.1000000E-03           1
|0100010001010000100000011> :  0.4726644E-06  0.1000000E-03           1
|0001000000111000000101100> :  0.2565602E-06  0.1000000E-03           1
|0100000000011001100001001> :  0.5802090E-04  0.1000000E-03           1
|0100000000011001001001101> :  0.1438781E-04  0.1000000E-03           1
|0001000000110000110001101> :  0.4511802E-06  0.1000000E-03           1
|0000100000100100001100110> :  0.3954765E-07  0.1000000E-03           1
|0000001101010111000000011> :  0.5829912E-07  0.1000000E-03           1
|0000000101000011001101110> :  0.2715155E-09  0.1000000E-03           1
|0100000000011001000001001> :  0.5878514E-06  0.1000000E-03           1
|1110100000001010000001101> :  0.1214890E-05  0.1000000E-03           1
|0001000000011101001111100> :  0.6914812E-08  0.1000000E-03           1
|0100101001000000001010011> :  0.1392810E-07  0.1000000E-03           1
|0100000000011000110001001> :  0.1434224E-03  0.1000000E-03           1
|0001000000010000011001110> :  0.2595361E-07  0.1000000E-03           1
|0000100000011111000100001> :  0.2752679E-07  0.1000000E-03           1
|0100100110010000100001101> :  0.2205647E-04  0.1000000E-03           1
|0100100110001000100000101> :  0.4879651E-04  0.1000000E-03           1
|0000111010001010000100010> :  0.4968961E-06  0.1000000E-03           1
|0100000000011000100001111> :  0.7516042E-04  0.1000000E-03           1
|0100100110001000000000111> :  0.3137592E-05  0.1000000E-03           1
|0000111001010000110001001> :  0.3525433E-07  0.1000000E-03           1
|0000100000011101100001101> :  0.6054045E-05  0.1000000E-03           1
|0000001100011000100000010> :  0.1626834E-08  0.1000000E-03           1
|0100000000011000100001001> :  0.1703984E-04  0.1000000E-03           1
|0100000000010111100001101> :  0.3617549E-04  0.1000000E-03           1
|0000111001000000000100011> :  0.8297119E-07  0.1000000E-03           1
|0100000000010101101001101> :  0.2867195E-04  0.1000000E-03           1
|1100100110010010100001101> :  0.2624627E-05  0.1000000E-03           1
|0100100100001001000001101> :  0.6209372E-05  0.1000000E-03           1
|0000111001000000000001011> :  0.8187427E-06  0.1000000E-03           1
|1100100110000001001001101> :  0.3429481E-04  0.1000000E-03           1
|0100100010100001110000111> :  0.9960219E-07  0.1000000E-03           1
|0000111000100001011000100> :  0.1328973E-08  0.1000000E-03           1
|1100100100001001000001101> :  0.2762188E-04  0.1000000E-03           1
|0100000000010001111001101> :  0.1838307E-04  0.1000000E-03           1
|0000110110000100001000101> :  0.8575669E-08  0.1000000E-03           1
|0000100000011001110100101> :  0.5850570E-08  0.1000000E-03           1
|0000001010000100000100110> :  0.4116977E-07  0.1000000E-03           1
|0000000101000000100001111> :  0.3637445E-06  0.1000000E-03           1
|0000000001000011110001101> :  0.4863986E-06  0.1000000E-03           1
|0100100010010000101000100> :  0.2850181E-06  0.1000000E-03           1
|0100100010010000010001101> :  0.2367372E-04  0.1000000E-03           1
|0000110100011100001000011> :  0.7548699E-08  0.1000000E-03           1
|0100000000010000111001101> :  0.5747510E-04  0.1000000E-03           1
|0100100010001001100000101> :  0.5700125E-04  0.1000000E-03           1
|0000110011000001000001111> :  0.7525569E-07  0.1000000E-03           1
|0000100000010101100001101> :  0.9873050E-04  0.1000000E-03           1
|0100100010001000101001100> :  0.5699477E-04  0.1000000E-03           1
|1100100000010101000101101> :  0.6853754E-04  0.1000000E-03           1
|0100100010001000101000001> :  0.2096800E-04  0.1000000E-03           1
|0100000000001000111101101> :  0.4590692E-06  0.1000000E-03           1
|0000110000111001000001000> :  0.2086399E-07  0.1000000E-03           1
|0100100010001000100100101> :  0.9072396E-04  0.1000000E-03           1
|1100100000000101000001101> :  0.7805383E-04  0.1000000E-03           1
|0100100010001000100000111> :  0.6763036E-04  0.1000000E-03           1
|1100100001000000110001111> :  0.1165220E-04  0.1000000E-03           1
|0100100010001001000001101> :  0.8050613E-04  0.1000000E-03           1
|1100100010000001000001100> :  0.8111000E-05  0.1000000E-03           1
|0100100010001010101001101> :  0.1677938E-04  0.1000000E-03           1
|0100100010001100100000101> :  0.3149309E-04  0.1000000E-03           1
|0100100010001100101000101> :  0.9109221E-04  0.1000000E-03           1
|1100100010001110001000101> :  0.6559638E-05  0.1000000E-03           1
|0100100010010000100001101> :  0.8518382E-04  0.1000000E-03           1
|1100100011001011100000100> :  0.2322995E-06  0.1000000E-03           1
|0100100010010000110001101> :  0.4493620E-04  0.1000000E-03           1
|0100100010010011101001111> :  0.1755056E-06  0.1000000E-03           1
|0100100010011000000001101> :  0.8373685E-04  0.1000000E-03           1
|1100100100010000000001101> :  0.8507810E-04  0.1000000E-03           1
|0100100010011100100000101> :  0.6616357E-05  0.1000000E-03           1
|1100100100011000000000101> :  0.2811244E-05  0.1000000E-03           1
|0100100010100111100000000> :  0.6585756E-07  0.1000000E-03           1
|1100011000010001100000101> :  0.7933464E-07  0.1000000E-03           1
|1100100110000111000010011> :  0.1691868E-07  0.1000000E-03           1
|1100010111011000110001101> :  0.7830020E-08  0.1000000E-03           1
|0100100100001100001000101> :  0.3426813E-04  0.1000000E-03           1
|1100101001001001000010101> :  0.1331548E-07  0.1000000E-03           1
|0100100100011000100001101> :  0.1158340E-03  0.1000000E-03           1
|0100100100011000110011101> :  0.1455382E-06  0.1000000E-03           1
|0100100101011010000001001> :  0.5595770E-05  0.1000000E-03           1
|0100100110000000100001101> :  0.1291489E-04  0.1000000E-03           1
|0100100110000010100000011> :  0.3136355E-06  0.1000000E-03           1
|1100111001001010100101101> :  0.8578133E-08  0.1000000E-03           1
|0100100110001000000001101> :  0.1835750E-04  0.1000000E-03           1
|0100100110001000001000100> :  0.3393313E-04  0.1000000E-03           1
|0100100110001000100000100> :  0.2023068E-04  0.1000000E-03           1
|1101100010000001000101101> :  0.6674501E-05  0.1000000E-03           1
|0100100110001001000000101> :  0.3836555E-05  0.1000000E-03           1
|1110000010100101001000111> :  0.4060114E-07  0.1000000E-03           1
|0100100111001001010001001> :  0.9519260E-06  0.1000000E-03           1
|0100101000001001011001001> :  0.1378828E-06  0.1000000E-03           1
|0100101000001100001000101> :  0.1852214E-05  0.1000000E-03           1
|1110010001000001000010011> :  0.5908843E-06  0.1000000E-03           1
|0100101010000000101000101> :  0.3457577E-04  0.1000000E-03           1
|1110100001000000100010011> :  0.4400677E-06  0.1000000E-03           1
|1110100010000000010000101> :  0.4517989E-04  0.1000000E-03           1
|1110100010000001000010001> :  0.7537971E-04  0.1000000E-03           1
|0100101010001000100100101> :  0.9474998E-04  0.1000000E-03           1
|1110100010000101000000101> :  0.4389658E-04  0.1000000E-03           1
|0100101010001100000000101> :  0.1863404E-04  0.1000000E-03           1
|0100101010001100111001001> :  0.2515395E-07  0.1000000E-03           1
|0100101010001101000000101> :  0.2072560E-04  0.1000000E-03           1
|1111001000001000100001101> :  0.1102918E-06  0.1000000E-03           1
|0100101010011000100000101> :  0.4547758E-04  0.1000000E-03           1
|0000110000000001000001110> :  0.3886179E-07  0.1000000E-03           1
|0100101110000001011001100> :  0.1370364E-06  0.1000000E-03           1
|0000100000000111101010000> :  0.2288494E-07  0.1000000E-03           1
|0100101111001000100000001> :  0.5208999E-06  0.1000000E-03           1
|0100110001000000100000101> :  0.1090735E-06  0.1000000E-03           1
|0100110001001000100001101> :  0.1167560E-04  0.1000000E-03           1
|0100110001010000001001011> :  0.5825868E-07  0.1000000E-03           1
|0100110001010000100001001> :  0.1579258E-05  0.1000000E-03           1
|0100110001101100001001100> :  0.3092715E-08  0.1000000E-03           1
|0100110010000010010001100> :  0.1352918E-07  0.1000000E-03           1
|0000001001110111000000010> :  0.4689175E-06  0.1000000E-03           1
|1100010100000001110001101> :  0.2618118E-05  0.1000000E-03           1
|1100010010110000000001101> :  0.2592004E-06  0.1000000E-03           1
|0100110011000000000100010> :  0.6964385E-07  0.1000000E-03           1
|0100110011010000000100101> :  0.2543618E-06  0.1000000E-03           1
|0100110100110001000000001> :  0.4837601E-07  0.1000000E-03           1
|0100110110001000000000101> :  0.7475041E-05  0.1000000E-03           1
|0100110110001000000001101> :  0.5305353E-04  0.1000000E-03           1
|0100110110001110001000100> :  0.1862443E-06  0.1000000E-03           1
|0100111000010001100000011> :  0.6996175E-07  0.1000000E-03           1
|0100000000001000110001101> :  0.5643396E-04  0.1000000E-03           1
|0100111010001000100000001> :  0.4735932E-04  0.1000000E-03           1
|0100100010000001100001101> :  0.1973696E-04  0.1000000E-03           1
|1100010001000011001001000> :  0.5548374E-06  0.1000000E-03           1
|0100111100000001000101001> :  0.3018463E-07  0.1000000E-03           1
|0101000000000000100101111> :  0.8801185E-06  0.1000000E-03           1
|0101000000000111010010011> :  0.1847856E-07  0.1000000E-03           1
|0101000000011000100001101> :  0.6165189E-04  0.1000000E-03           1
|0101000000011101000001101> :  0.3652531E-04  0.1000000E-03           1
|0101000001001000111001101> :  0.6110976E-06  0.1000000E-03           1
|0101000001011001010101101> :  0.2351537E-06  0.1000000E-03           1
|0101000001011001100011101> :  0.3152499E-07  0.1000000E-03           1
|0101000001011010001001100> :  0.6374010E-06  0.1000000E-03           1
|0101000001110101010001101> :  0.8604127E-07  0.1000000E-03           1
|0101000010110000000001100> :  0.1158292E-06  0.1000000E-03           1
|0101000011110000100001000> :  0.1738946E-07  0.1000000E-03           1
|0101000101011000100001101> :  0.4231664E-05  0.1000000E-03           1
|0101000110010001000001101> :  0.1101984E-07  0.1000000E-03           1
|0101000111001100101100111> :  0.1466805E-08  0.1000000E-03           1
|0101001111000100001000100> :  0.6840447E-07  0.1000000E-03           1
|0100100010000000101001101> :  0.5340429E-04  0.1000000E-03           1
|0101010010000011001010000> :  0.1251974E-07  0.1000000E-03           1
|0101010011010000011001000> :  0.6036285E-06  0.1000000E-03           1
|0101100001010011000001001> :  0.6991746E-06  0.1000000E-03           1
|0000101111101010000110000> :  0.8162276E-11  0.1000000E-03           1
|0101100010010101000000101> :  0.3545136E-04  0.1000000E-03           1
|0101100010010101000001101> :  0.1256538E-03  0.1000000E-03           1
|0101100010010101001000100> :  0.7532015E-06  0.1000000E-03           1
|0101100010101010000000100> :  0.7389537E-07  0.1000000E-03           1
|0101100010101011100000111> :  0.6391332E-09  0.1000000E-03           1
|1100010000011000110001101> :  0.2888549E-04  0.1000000E-03           1
|0101100110000000101100101> :  0.6721157E-07  0.1000000E-03           1
|0100100001110111000000001> :  0.2541351E-06  0.1000000E-03           1
|0101110101001001101000001> :  0.3726064E-08  0.1000000E-03           1
|0110000000000000010010010> :  0.1622275E-07  0.1000000E-03           1
|0110000000000000100000001> :  0.4171965E-07  0.1000000E-03           1
|0110000000000001100100111> :  0.1782342E-05  0.1000000E-03           1
|0110000000000001110101111> :  0.2443989E-06  0.1000000E-03           1
|0100000000001000101001111> :  0.6027943E-04  0.1000000E-03           1
|0110000001000011010001101> :  0.5192986E-06  0.1000000E-03           1
|0110000010000000111001101> :  0.3935844E-05  0.1000000E-03           1
|0110000010100000110001010> :  0.3953891E-07  0.1000000E-03           1
|0110000010101100000000110> :  0.9024503E-07  0.1000000E-03           1
|0110000011000100011010000> :  0.4050186E-08  0.1000000E-03           1
|0110000100001100000100101> :  0.7142166E-07  0.1000000E-03           1
|0110000100011011000001101> :  0.5002883E-07  0.1000000E-03           1
|0110000101000001110001001> :  0.1624184E-05  0.1000000E-03           1
|0110001010000010001000001> :  0.1355846E-06  0.1000000E-03           1
|0110001010001010111000100> :  0.1230048E-07  0.1000000E-03           1
|0110001110100010000011111> :  0.1469509E-08  0.1000000E-03           1
|0110010000011000000001101> :  0.8067049E-05  0.1000000E-03           1
|0110010000011000010001101> :  0.8761867E-06  0.1000000E-03           1
|0100100001001101010000101> :  0.1956826E-06  0.1000000E-03           1
|0110010010000010011000001> :  0.9467912E-06  0.1000000E-03           1
|0110010010000010011100000> :  0.1093955E-05  0.1000000E-03           1
|0110010011010000011000000> :  0.4758465E-06  0.1000000E-03           1
|0110010100001001010101001> :  0.2151305E-07  0.1000000E-03           1
|0110011010000000111000100> :  0.8058925E-07  0.1000000E-03           1
|0100100000111000000110101> :  0.2422033E-06  0.1000000E-03           1
|0110100000101001011000001> :  0.1817658E-07  0.1000000E-03           1
|0110100001110001110001011> :  0.6360582E-09  0.1000000E-03           1
|0110100010000000010000111> :  0.7418043E-04  0.1000000E-03           1
|0100000000001000100010111> :  0.2938357E-05  0.1000000E-03           1
|0110100010000000110000101> :  0.3808355E-04  0.1000000E-03           1
|0110100010110011000000101> :  0.1538629E-06  0.1000000E-03           1
|0110100010110100110000100> :  0.4042739E-08  0.1000000E-03           1
|0110100011101100000000100> :  0.1817783E-07  0.1000000E-03           1
|0110100100000101101010001> :  0.6503434E-08  0.1000000E-03           1
|0110100100001000000000111> :  0.1617863E-04  0.1000000E-03           1
|0110100110000000100000101> :  0.5699848E-05  0.1000000E-03           1
|0000101111000100000000001> :  0.1583303E-06  0.1000000E-03           1
|0110100110001000001000101> :  0.4465678E-04  0.1000000E-03           1
|0110100110110000001000100> :  0.7785112E-07  0.1000000E-03           1
|0000100000000010101010101> :  0.1710436E-07  0.1000000E-03           1
|0110101010001010001000100> :  0.3784406E-06  0.1000000E-03           1
|0110101100001001000101101> :  0.8337970E-08  0.1000000E-03           1
|0110101110000101010000100> :  0.3939629E-07  0.1000000E-03           1
|0110101110011000100011011> :  0.1004591E-08  0.1000000E-03           1
|0110110000000001100010001> :  0.1087253E-05  0.1000000E-03           1
|0110110000001100110000101> :  0.2877004E-06  0.1000000E-03           1
|0110110000101001000010101> :  0.1184437E-06  0.1000000E-03           1
|0110110010100000000101101> :  0.4813660E-07  0.1000000E-03           1
|1100000100001101000001101> :  0.4768516E-06  0.1000000E-03           1
|0110110100000000000010111> :  0.1181615E-07  0.1000000E-03           1
|0110110100000100110000101> :  0.4716240E-06  0.1000000E-03           1
|0110111011000000100000000> :  0.9052567E-06  0.1000000E-03           1
|0111000110011000000000000> :  0.2328799E-07  0.1000000E-03           1
|0111001010010000011000001> :  0.2308951E-06  0.1000000E-03           1
|0111010011000000001000000> :  0.2816504E-05  0.1000000E-03           1
|0111010011000000101000000> :  0.1043639E-06  0.1000000E-03           1
|0111100010000000111010000> :  0.6759846E-08  0.1000000E-03           1
|0111110010000001001010000> :  0.1044604E-06  0.1000000E-03           1
|0111110010001000001010100> :  0.8190113E-08  0.1000000E-03           1
|1000000000100111001100100> :  0.8976137E-07  0.1000000E-03           1
|1100000011001100100001101> :  0.4933446E-06  0.1000000E-03           1
|1000000011000001100001011> :  0.5522720E-06  0.1000000E-03           1
|1000000100000100100001100> :  0.5784998E-08  0.1000000E-03           1
|1000000100001000100001101> :  0.3017178E-05  0.1000000E-03           1
|1000000100001110000000101> :  0.8943784E-07  0.1000000E-03           1
|0100000000000011110001101> :  0.1509725E-04  0.1000000E-03           1
|1000000101011010000001000> :  0.6047298E-07  0.1000000E-03           1
|1000001011000001100001001> :  0.1709830E-06  0.1000000E-03           1
|0100100000011010101001101> :  0.3860656E-04  0.1000000E-03           1
|1000010000011000100011101> :  0.1142726E-05  0.1000000E-03           1
|1000010000111000000001110> :  0.1177163E-07  0.1000000E-03           1
|1000010001010000100001101> :  0.1701956E-04  0.1000000E-03           1
|1000010001011000100001101> :  0.5874188E-05  0.1000000E-03           1
|1000011000011100000101100> :  0.4203413E-07  0.1000000E-03           1
|1000100000000010100101110> :  0.8085490E-07  0.1000000E-03           1
|1000100000000101000011101> :  0.8925016E-06  0.1000000E-03           1
|1000100000001000100001111> :  0.2352988E-04  0.1000000E-03           1
|1000100000001001100001101> :  0.1402008E-05  0.1000000E-03           1
|1000100000001100100000101> :  0.2270916E-05  0.1000000E-03           1
|1000100000001110001000101> :  0.2658245E-05  0.1000000E-03           1
|1000100000010001000001101> :  0.7001354E-05  0.1000000E-03           1
|1000100000010100000001101> :  0.3242701E-06  0.1000000E-03           1
|1000100010000010001101100> :  0.3182448E-07  0.1000000E-03           1
|1000100010001101001101001> :  0.2383979E-07  0.1000000E-03           1
|1000100010011001100001111> :  0.3277079E-05  0.1000000E-03           1
|1000100010100000000011010> :  0.3163135E-07  0.1000000E-03           1
|1000100011010000110001101> :  0.8640634E-06  0.1000000E-03           1
|1000100100000110001010111> :  0.2182366E-07  0.1000000E-03           1
|0100100000011010100001111> :  0.1441874E-04  0.1000000E-03           1
|1000100100011100000001101> :  0.1121185E-04  0.1000000E-03           1
|1000100100011100100001101> :  0.1937343E-05  0.1000000E-03           1
|1000100100101001100001111> :  0.2036852E-06  0.1000000E-03           1
|1000100101000010000001101> :  0.1054393E-07  0.1000000E-03           1
|1000100110000000100011110> :  0.1202880E-07  0.1000000E-03           1
|1000100111001101000000001> :  0.6595087E-07  0.1000000E-03           1
|1000101000001000010000101> :  0.2367740E-07  0.1000000E-03           1
|1000101000100110000000010> :  0.1947758E-07  0.1000000E-03           1
|1000101000101001100001111> :  0.2643144E-08  0.1000000E-03           1
|1000101001100000100001100> :  0.1530808E-07  0.1000000E-03           1
|1000101001110101000000101> :  0.4202222E-06  0.1000000E-03           1
|0011111010000110000000000> :  0.5975109E-06  0.1000000E-03           1
|0000101110010100100010101> :  0.2734571E-06  0.1000000E-03           1
|0100100000011010100000111> :  0.1035701E-04  0.1000000E-03           1
|0100100000011010001001101> :  0.2707068E-05  0.1000000E-03           1
|0011110110001000100000100> :  0.1577857E-05  0.1000000E-03           1
|0100100000011001000001101> :  0.2081026E-04  0.1000000E-03           1
|1100000001001010000001011> :  0.1966119E-06  0.1000000E-03           1
|0011110100100000100100101> :  0.3024854E-08  0.1000000E-03           1
|0000101101110000100001101> :  0.3865576E-07  0.1000000E-03           1
|0000100000000001010110001> :  0.2414258E-08  0.1000000E-03           1
|0000001001011010100001000> :  0.1505624E-05  0.1000000E-03           1
|0000000100101000000101101> :  0.5312366E-06  0.1000000E-03           1
|1100000000011101000001101> :  0.2391949E-04  0.1000000E-03           1
|1100000000011010100001011> :  0.1226485E-04  0.1000000E-03           1
|0011101101010100000000101> :  0.1297013E-05  0.1000000E-03           1
|0100100000010100100001101> :  0.2042453E-04  0.1000000E-03           1
|0011101010010101000000011> :  0.1656992E-06  0.1000000E-03           1
|0000101100010001000010101> :  0.3032452E-07  0.1000000E-03           1
|0100100000010000110001101> :  0.6869866E-04  0.1000000E-03           1
|0100100000001101011001000> :  0.3186446E-07  0.1000000E-03           1
|0011101010000111000100001> :  0.1417533E-08  0.1000000E-03           1
|0100100000001101001010101> :  0.5609931E-06  0.1000000E-03           1
|1100000000001001000101101> :  0.3845142E-05  0.1000000E-03           1
|0011101001010100000000100> :  0.6145797E-06  0.1000000E-03           1
|0000101011001000101000001> :  0.2536704E-07  0.1000000E-03           1
|0000011110001100000000111> :  0.1599936E-07  0.1000000E-03           1
|0100100000001010000001011> :  0.3848225E-06  0.1000000E-03           1
|1011100100000000110001101> :  0.4463299E-05  0.1000000E-03           1
|0011101000110000000000100> :  0.2208890E-06  0.1000000E-03           1
|0100100000001000110000101> :  0.6913279E-05  0.1000000E-03           1
|0100100000001000101010101> :  0.6245658E-04  0.1000000E-03           1
|0011100110000010000010101> :  0.2108278E-07  0.1000000E-03           1
|0000101001110000100101101> :  0.1031455E-06  0.1000000E-03           1
|1010101010000010000000101> :  0.5770606E-07  0.1000000E-03           1
|1010101001000000010000011> :  0.1029274E-05  0.1000000E-03           1
|0100100000001000100001111> :  0.4980403E-04  0.1000000E-03           1
|1010101000001001100001101> :  0.4786578E-06  0.1000000E-03           1
|1010100110100000000000001> :  0.2524122E-06  0.1000000E-03           1
|0100100000000010101010111> :  0.4207528E-06  0.1000000E-03           1
|0011100000010111000100001> :  0.6141280E-07  0.1000000E-03           1
|1010110000000001100001101> :  0.1092651E-04  0.1000000E-03           1
|1010110011000101100000101> :  0.2818362E-07  0.1000000E-03           1
|1010110110000101000000011> :  0.3661864E-07  0.1000000E-03           1
|1011100000001001100001101> :  0.2104232E-05  0.1000000E-03           1
|1010100100010101000100111> :  0.1889032E-06  0.1000000E-03           1
|1100000000000001000001111> :  0.8341896E-04  0.1000000E-03           1
|1010100100000001000001101> :  0.9820324E-05  0.1000000E-03           1
|0100100000000010101000110> :  0.2025108E-06  0.1000000E-03           1
|1010100011010001000001111> :  0.4585913E-08  0.1000000E-03           1
|1100000000001001001001101> :  0.1498232E-03  0.1000000E-03           1
|1010100010001010010000001> :  0.4091180E-07  0.1000000E-03           1
|0100100000000001101001101> :  0.2279376E-05  0.1000000E-03           1
|0011100000001110001010001> :  0.5367860E-07  0.1000000E-03           1
|0000101001100000000110100> :  0.7888815E-07  0.1000000E-03           1
|0000011010010010100001000> :  0.7539851E-07  0.1000000E-03           1
|1100000000010001100011101> :  0.3404779E-04  0.1000000E-03           1
|0000001001011001000001111> :  0.2342473E-06  0.1000000E-03           1
|1010100000001010100001101> :  0.2153074E-06  0.1000000E-03           1
|1010001100001000100001101> :  0.5616765E-05  0.1000000E-03           1
|1100000000010111000001101> :  0.9465039E-04  0.1000000E-03           1
|0100011110010100010000001> :  0.2105301E-07  0.1000000E-03           1
|1100000000011010101001101> :  0.5001723E-04  0.1000000E-03           1
|1010000101100000010000011> :  0.7269004E-07  0.1000000E-03           1
|1100000000110001010000111> :  0.1339984E-06  0.1000000E-03           1
|1010000101100000001010100> :  0.6832585E-07  0.1000000E-03           1
|1100000001010001000001101> :  0.1140426E-03  0.1000000E-03           1
|1100000001010010000001001> :  0.2032442E-05  0.1000000E-03           1
|1100000001011011000001101> :  0.2239724E-05  0.1000000E-03           1
|1100000001100011000010001> :  0.1146052E-06  0.1000000E-03           1
|0100011110010000100000101> :  0.4369536E-07  0.1000000E-03           1
|1100000010001000101000101> :  0.1757727E-05  0.1000000E-03           1
|0011001000010000000000101> :  0.1877805E-07  0.1000000E-03           1
|1100000010100001000011110> :  0.6293994E-08  0.1000000E-03           1
|1100000010111001100001101> :  0.8878360E-05  0.1000000E-03           1
|1100000011000001100001111> :  0.2257756E-05  0.1000000E-03           1
|1100000011000001100101001> :  0.7199529E-07  0.1000000E-03           1
|1010000100100010001010100> :  0.2018563E-06  0.1000000E-03           1
|1100000100001001000001101> :  0.4010098E-04  0.1000000E-03           1
|1010000001000011001010011> :  0.8718808E-07  0.1000000E-03           1
|0100011110010000011000100> :  0.3180275E-07  0.1000000E-03           1
|1100000100011000000001101> :  0.2554908E-04  0.1000000E-03           1
|1100000101011010001001111> :  0.2118513E-08  0.1000000E-03           1
|1100000110000001000001101> :  0.1876567E-04  0.1000000E-03           1
|1100001010000110100000100> :  0.5514687E-07  0.1000000E-03           1
|1100010000001000011101100> :  0.2043702E-06  0.1000000E-03           1
|1001111010000000000001110> :  0.5228946E-07  0.1000000E-03           1
|1001110010001000000110001> :  0.3596611E-08  0.1000000E-03           1
|1100010000110011001001001> :  0.1278501E-08  0.1000000E-03           1
|0100011100001010000000001> :  0.5246812E-07  0.1000000E-03           1
|1100010001010000000001101> :  0.1145677E-05  0.1000000E-03           1
|1100010010000000101100100> :  0.7533493E-07  0.1000000E-03           1
|1100010010001001101001000> :  0.8946278E-07  0.1000000E-03           1
|0011000000010011100101101> :  0.7759939E-07  0.1000000E-03           1
|1100010011000001011000000> :  0.1266885E-06  0.1000000E-03           1
|0000101001001100101010000> :  0.1166421E-07  0.1000000E-03           1
|1100010110100000001000000> :  0.6865235E-07  0.1000000E-03           1
|1001101110000111000000000> :  0.3901491E-07  0.1000000E-03           1
|1001101100000000100000101> :  0.1999653E-06  0.1000000E-03           1
|1100100000000001000101101> :  0.9855034E-04  0.1000000E-03           1
|1100100000000001011001101> :  0.1246826E-06  0.1000000E-03           1
|0100011011001010001000000> :  0.1735749E-05  0.1000000E-03           1
|1001101010111101000101110> :  0.2112754E-11  0.1000000E-03           1
|1100100000000101000001111> :  0.3788194E-04  0.1000000E-03           1
|1100100000001001001001101> :  0.2712187E-05  0.1000000E-03           1
|0100011011000010010101000> :  0.4009245E-07  0.1000000E-03           1
|0011000000000010100010110> :  0.3231730E-08  0.1000000E-03           1
|1001010100010000000001101> :  0.8644580E-06  0.1000000E-03           1
|1001010000011100000001111> :  0.4293268E-06  0.1000000E-03           1
|0100011010101000100001001> :  0.8865491E-07  0.1000000E-03           1
|1001001110010101000000101> :  0.8768224E-07  0.1000000E-03           1
|1100100001001000100101101> :  0.1133435E-04  0.1000000E-03           1
|1100100001010001110001001> :  0.1992903E-05  0.1000000E-03           1
|1001001000000101001001001> :  0.1020182E-07  0.1000000E-03           1
|0100011010011010000000011> :  0.2196198E-07  0.1000000E-03           1
|0010111010100101000000100> :  0.1088615E-06  0.1000000E-03           1
|1100100010000001000101001> :  0.5522033E-04  0.1000000E-03           1
|0000101001001000110001001> :  0.5903571E-06  0.1000000E-03           1
|0000011001011000000001000> :  0.3737964E-06  0.1000000E-03           1
|1001000011100000000001100> :  0.2517864E-07  0.1000000E-03           1
|1100100010000101000101101> :  0.1608007E-04  0.1000000E-03           1
|1001000011000000100001101> :  0.9545289E-07  0.1000000E-03           1
|0100011010010011000001010> :  0.1358165E-07  0.1000000E-03           1
|1100100010010000100001101> :  0.3164090E-04  0.1000000E-03           1
|1100100010100000000000101> :  0.2579331E-06  0.1000000E-03           1
|1001000001100001000011101> :  0.1179458E-05  0.1000000E-03           1
|1001000001001101000001111> :  0.1148462E-06  0.1000000E-03           1
|1100100011011000100001101> :  0.1480552E-04  0.1000000E-03           1
|1100100011111010101001111> :  0.5418400E-08  0.1000000E-03           1
|0100011000110000000000111> :  0.2309741E-07  0.1000000E-03           1
|1100100100000001000001111> :  0.5851519E-04  0.1000000E-03           1
|0010111010100001000000011> :  0.3693193E-07  0.1000000E-03           1
|1100100100001000100001101> :  0.3602531E-04  0.1000000E-03           1
|1001000001001000000101100> :  0.5424422E-07  0.1000000E-03           1
|1001000000101000000010111> :  0.1993253E-06  0.1000000E-03           1
|1100100100010000000101101> :  0.1048484E-04  0.1000000E-03           1
|0100011000100100011001101> :  0.1490611E-09  0.1000000E-03           1
|1001000000000000110101111> :  0.1741806E-05  0.1000000E-03           1
|1000111110101000001000100> :  0.6249134E-07  0.1000000E-03           1
|0100010100000010010001011> :  0.3984521E-06  0.1000000E-03           1
|0010110110001000101000000> :  0.3202368E-06  0.1000000E-03           1
|0000101001000010100001001> :  0.4553844E-06  0.1000000E-03           1
|1000111010000100001001110> :  0.2773100E-07  0.1000000E-03           1
|1000110110000010000001101> :  0.9059478E-07  0.1000000E-03           1
|1100100110001000000000111> :  0.2100822E-05  0.1000000E-03           1
|0100010011001001000101001> :  0.7755593E-07  0.1000000E-03           1
|1000110100010001100001101> :  0.2631994E-05  0.1000000E-03           1
|1100100111000001100001001> :  0.8852417E-05  0.1000000E-03           1
|1100101000000101000001101> :  0.1653276E-04  0.1000000E-03           1
|1000110100000100010010011> :  0.1125685E-07  0.1000000E-03           1
|0100010001011000001111000> :  0.1384159E-07  0.1000000E-03           1
|1100101010001101001000011> :  0.3723462E-07  0.1000000E-03           1
|1100101101001000000001101> :  0.7477373E-06  0.1000000E-03           1
|1100110000000010000101101> :  0.2654513E-07  0.1000000E-03           1
|1100110000010000100101101> :  0.3148081E-06  0.1000000E-03           1
|1100110000101000000010001> :  0.3937629E-06  0.1000000E-03           1
|1100110010000001000001101> :  0.2362227E-04  0.1000000E-03           1
|1100110010001100011001101> :  0.1389957E-08  0.1000000E-03           1
|1100110011000001110000011> :  0.6595758E-09  0.1000000E-03           1
|1100111000001001001010001> :  0.9066162E-08  0.1000000E-03           1
|1100111000101100000000101> :  0.8753076E-07  0.1000000E-03           1
|0010110100001000100001001> :  0.1217035E-05  0.1000000E-03           1
|1101000000001001110001111> :  0.3150504E-06  0.1000000E-03           1
|1101000100010001100001111> :  0.6935123E-07  0.1000000E-03           1
|1101000101010000010001101> :  0.4247531E-06  0.1000000E-03           1
|1101001000000000011001111> :  0.1366874E-06  0.1000000E-03           1
|1101010010010000100001100> :  0.5723213E-07  0.1000000E-03           1
|1101100000010000100000111> :  0.1187676E-07  0.1000000E-03           1
|1000110100000010000000011> :  0.3567521E-06  0.1000000E-03           1
|1000101101100001000001101> :  0.2766458E-06  0.1000000E-03           1
|1101100100000001000001101> :  0.7665137E-05  0.1000000E-03           1
|1101110000010011100100010> :  0.1116076E-09  0.1000000E-03           1
|1101111000000101000000001> :  0.1380515E-06  0.1000000E-03           1
|0100010001010001100001101> :  0.2576496E-04  0.1000000E-03           1
|1110000110001000100001111> :  0.1425368E-06  0.1000000E-03           1
|1110001000000000110001001> :  0.4168454E-08  0.1000000E-03           1
|1110001000011000100001101> :  0.9894941E-05  0.1000000E-03           1
|1110001011000000000000100> :  0.5855591E-07  0.1000000E-03           1
|1110001110000000000010001> :  0.5777074E-07  0.1000000E-03           1
|1110010000000101001001101> :  0.1739660E-06  0.1000000E-03           1
|1110010000010001001001101> :  0.3750254E-06  0.1000000E-03           1
|1000101100100010000101001> :  0.4713396E-08  0.1000000E-03           1
|1110010100010001000001001> :  0.2749306E-05  0.1000000E-03           1
|1110100000000001000010011> :  0.2976249E-04  0.1000000E-03           1
|1110100000000001001010101> :  0.5870893E-05  0.1000000E-03           1
|1000101100000101001011101> :  0.4076409E-07  0.1000000E-03           1
|0100010001010000100001001> :  0.6000835E-05  0.1000000E-03           1
|0010110000101000001100100> :  0.3458667E-06  0.1000000E-03           1
|1110100010000001000001001> :  0.4958563E-04  0.1000000E-03           1
|0000101000101000100010101> :  0.5806843E-07  0.1000000E-03           1
|0000010101011010000001000> :  0.1670033E-05  0.1000000E-03           1
|1110100010000001010001101> :  0.1954654E-04  0.1000000E-03           1
|1110100010000101000000001> :  0.9070474E-05  0.1000000E-03           1
|0000001000100100100100100> :  0.1245814E-07  0.1000000E-03           1
|0000000100010101011000011> :  0.1294789E-08  0.1000000E-03           1
|1110100100000000000001101> :  0.4240571E-04  0.1000000E-03           1
|1110100110000000000000001> :  0.1364363E-04  0.1000000E-03           1
|1110100110000000001000101> :  0.4787730E-04  0.1000000E-03           1
|0000000000110111110000101> :  0.1847712E-07  0.1000000E-03           1
|1110110010000001001001101> :  0.2101990E-06  0.1000000E-03           1
|1111000000001000101000101> :  0.2219207E-05  0.1000000E-03           1
|0000000000011000110001101> :  0.2978497E-04  0.1000000E-03           1
|1111010000011101100001001> :  0.7065937E-08  0.1000000E-03           1
|1111011101001000000001100> :  0.9447457E-09  0.1000000E-03           1
|1111111011000011110000100> :  0.2642406E-09  0.1000000E-03           1
|0000000000010110101001101> :  0.1179226E-06  0.1000000E-03           1
