# state, exact probability, frequency, count:
#------------------------------------------------------------------
|110010000110111011001011001000> :  0.1112235E+00  0.1090000E+00        1090
|001101111001000100110100110111> :  0.1112235E+00  0.1081000E+00        1081
|100110101000111111100100000101> :  0.3390830E-01  0.3630000E-01         363
|011001010111000000011011111010> :  0.3390830E-01  0.3240000E-01         324
|001111111001100100100100000111> :  0.2514129E-01  0.2650000E-01         265
|011001011111000000011001111010> :  0.2424736E-01  0.2600000E-01         260
|110000000110011011011011111000> :  0.2514129E-01  0.2530000E-01         253
|100110100000111111100110000101> :  0.2424736E-01  0.2490000E-01         249
|011001111011000100011000110110> :  0.2021774E-01  0.2490000E-01         249
|100110000100111011100111001001> :  0.2021774E-01  0.2280000E-01         228
|100110110000111111100110000001> :  0.1941238E-01  0.2000000E-01         200
|100110010100111011100110001001> :  0.1797397E-01  0.1880000E-01         188
|011001101011000000011001111110> :  0.1692331E-01  0.1760000E-01         176
|011001101011000100011001110110> :  0.1797397E-01  0.1730000E-01         173
|011001001111000000011001111110> :  0.1941238E-01  0.1690000E-01         169
|100110010100111111100110000001> :  0.1692331E-01  0.1590000E-01         159
|110001010111000000011011111010> :  0.1453499E-01  0.1550000E-01         155
|001101111001100100110100000111> :  0.1193245E-01  0.1280000E-01         128
|001110101000111111100100000101> :  0.1453499E-01  0.1210000E-01         121
|010001010111000000011111111010> :  0.1042324E-01  0.1180000E-01         118
|110010000110011011001011111000> :  0.1193245E-01  0.1120000E-01         112
|100110000110111011000111001001> :  0.1140904E-01  0.1100000E-01         110
|101110101000111111100000000101> :  0.1042324E-01  0.1030000E-01         103
|011001111001000100111000110110> :  0.1140904E-01  0.9700000E-02          97
|000101011101000100110110110011> :  0.8219427E-02  0.9400000E-02          94
|000101111001000100110110110011> :  0.7358834E-02  0.8700000E-02          87
|111010100010111011001001001100> :  0.8219427E-02  0.8400000E-02          84
|001111111000100101100100000111> :  0.8462721E-02  0.7900000E-02          79
|110000000111011010011011111000> :  0.8462721E-02  0.7800000E-02          78
|001101011101000100110100110011> :  0.6868122E-02  0.7200000E-02          72
|111010000110111011001001001100> :  0.7358834E-02  0.7000000E-02          70
|110010100010111011001011001100> :  0.6868122E-02  0.6600000E-02          66
|110010010110111011001011001000> :  0.4087357E-02  0.5200000E-02          52
|001101111001000100110100110011> :  0.5266851E-02  0.5200000E-02          52
|000111110000110101100110000011> :  0.4582412E-02  0.5000000E-02          50
|000111010100110101100110000011> :  0.4615706E-02  0.4800000E-02          48
|110010000110111011001011001100> :  0.5266851E-02  0.4800000E-02          48
|001101111011100100100100000111> :  0.4686237E-02  0.4700000E-02          47
|001101111001000100111000110110> :  0.4297992E-02  0.4500000E-02          45
|111000101011001010011001111100> :  0.4615706E-02  0.4500000E-02          45
|001101101001000100110100110111> :  0.4087357E-02  0.4100000E-02          41
|110010000100011011011011111000> :  0.4686237E-02  0.4100000E-02          41
|111000001111001010011001111100> :  0.4582412E-02  0.4100000E-02          41
|000101010101010100110110100011> :  0.3309271E-02  0.3900000E-02          39
|111010101010101011001001011100> :  0.3309271E-02  0.3600000E-02          36
|110010000110111011000111001001> :  0.4297992E-02  0.3500000E-02          35
|000101010101010000110110101011> :  0.2410780E-02  0.3400000E-02          34
|000111111000100101100110000011> :  0.2818566E-02  0.3100000E-02          31
|111000000110011011011001111100> :  0.2374761E-02  0.2900000E-02          29
|000111111001100100100110000011> :  0.2374761E-02  0.2800000E-02          28
|000101010101000000110110111011> :  0.2182587E-02  0.2700000E-02          27
|111010101010101111001001010100> :  0.2410780E-02  0.2600000E-02          26
|000110010100110111100110000011> :  0.2963275E-02  0.2600000E-02          26
|100110010100011011110110101001> :  0.2862079E-02  0.2500000E-02          25
|111010101010111111001001000100> :  0.2182587E-02  0.2500000E-02          25
|111000000111011010011001111100> :  0.2818566E-02  0.2400000E-02          24
|111001101011001000011001111100> :  0.2963275E-02  0.2200000E-02          22
|000101111001100100110110000011> :  0.1642866E-02  0.2200000E-02          22
|111000100011011010011001111100> :  0.1993419E-02  0.2200000E-02          22
|011001101011100100001001010110> :  0.2862079E-02  0.2000000E-02          20
|011001101011100000001001011110> :  0.1634942E-02  0.1900000E-02          19
|111001001111001000011001111100> :  0.1437717E-02  0.1900000E-02          19
|101110101010111111000001000101> :  0.1283328E-02  0.1800000E-02          18
|011001010111000000001011111010> :  0.1555910E-02  0.1800000E-02          18
|000111011100100101100110000011> :  0.1993419E-02  0.1800000E-02          18
|000110110000110111100110000011> :  0.1437717E-02  0.1700000E-02          17
|110010010100011011111010111000> :  0.1591036E-02  0.1700000E-02          17
|010001010111110001001111001010> :  0.1209541E-02  0.1700000E-02          17
|111000001110001011011001111100> :  0.1908268E-02  0.1700000E-02          17
|111010001110101011001001011100> :  0.1405720E-02  0.1600000E-02          16
|001101101011100100000101000111> :  0.1591036E-02  0.1600000E-02          16
|000111110001110100100110000011> :  0.1908268E-02  0.1600000E-02          16
|111010000110011011001001111100> :  0.1642866E-02  0.1500000E-02          15
|100110100010111111000111000101> :  0.1128280E-02  0.1400000E-02          14
|111010001110001011001001111100> :  0.1411757E-02  0.1400000E-02          14
|000101010101000100110110110011> :  0.8441806E-03  0.1400000E-02          14
|011001010111000001011011111010> :  0.1061371E-02  0.1400000E-02          14
|100110010100011111110110100001> :  0.1634942E-02  0.1400000E-02          14
|011001011101000100111000110010> :  0.1060181E-02  0.1400000E-02          14
|001111111001000100110100110111> :  0.8556346E-03  0.1300000E-02          13
|001101111011000100110100110111> :  0.1087567E-02  0.1300000E-02          13
|011001010101000000111010111010> :  0.1488187E-02  0.1300000E-02          13
|011001111011100100001000010110> :  0.1209594E-02  0.1300000E-02          13
|100110101000111111110100000101> :  0.1555910E-02  0.1200000E-02          12
|110001010111000001011011111010> :  0.6571845E-03  0.1200000E-02          12
|101110101000001110110000110101> :  0.1209541E-02  0.1200000E-02          12
|110000000110111011001011001000> :  0.8556346E-03  0.1200000E-02          12
|010001010101000000111110111010> :  0.1283328E-02  0.1100000E-02          11
|011001101011000100011001010110> :  0.7264298E-03  0.1100000E-02          11
|100110101010111111000101000101> :  0.1488187E-02  0.1100000E-02          11
|100110100010111011000111001101> :  0.1060181E-02  0.1000000E-02          10
|001110101000111110100100000101> :  0.6571845E-03  0.1000000E-02          10
|110010010100011011011011111000> :  0.1000857E-02  0.1000000E-02          10
|100110101000111110100100000101> :  0.1061371E-02  0.9000000E-03           9
|100110000100011011110111101001> :  0.1209594E-02  0.9000000E-03           9
|001101101011100100100100000111> :  0.1000857E-02  0.9000000E-03           9
|110010000100111011001011001000> :  0.1087567E-02  0.9000000E-03           9
|001101101001001100110100110111> :  0.7939226E-03  0.9000000E-03           9
|110010000110111011001011011000> :  0.4152214E-03  0.9000000E-03           9
|110001010111110001001011001010> :  0.7312663E-03  0.9000000E-03           9
|110001010111000000001011111010> :  0.9400028E-03  0.9000000E-03           9
|101110101000001111111000010100> :  0.5825213E-03  0.9000000E-03           9
|110000000110111011000111001001> :  0.4736525E-03  0.9000000E-03           9
|111001101011001100011001110100> :  0.1044398E-02  0.9000000E-03           9
|011001011101000000111000111010> :  0.1128280E-02  0.9000000E-03           9
|000111011100000101110110110011> :  0.5773264E-03  0.8000000E-03           8
|101110101000111111110000000101> :  0.8853398E-03  0.8000000E-03           8
|100010010100111011101010001001> :  0.5715128E-03  0.8000000E-03           8
|010001010111000000001111111010> :  0.8853398E-03  0.8000000E-03           8
|100110010100111011100110101001> :  0.7264298E-03  0.8000000E-03           8
|100101111001000100110100110111> :  0.3362763E-03  0.8000000E-03           8
|110010010100111011101010001000> :  0.5349990E-03  0.8000000E-03           8
|101110101000001110111000110100> :  0.7107947E-03  0.8000000E-03           8
|111000101011001110011001110100> :  0.9474303E-03  0.8000000E-03           8
|100110100000111110100110000101> :  0.7043014E-03  0.7000000E-03           7
|010001110111110000001111001010> :  0.4162727E-03  0.7000000E-03           7
|001101101001100100110100000111> :  0.3789649E-03  0.7000000E-03           7
|000111010100110001100110001011> :  0.9474303E-03  0.7000000E-03           7
|000101110001110100110110000011> :  0.1411757E-02  0.7000000E-03           7
|010001010111100001001111011010> :  0.6744919E-03  0.7000000E-03           7
|100010000100111011101011001001> :  0.4820338E-03  0.7000000E-03           7
|100100101001111110110100000101> :  0.4701302E-03  0.7000000E-03           7
|000101110001010100110110100011> :  0.1405720E-02  0.7000000E-03           7
|001110101000011110110100100101> :  0.5869832E-03  0.7000000E-03           7
|110011010100000001011011111010> :  0.3843225E-03  0.7000000E-03           7
|110010010110011011001011111000> :  0.3789649E-03  0.7000000E-03           7
|011101101011000100010101110110> :  0.5715128E-03  0.7000000E-03           7
|001111011000000101110100110111> :  0.6720770E-03  0.7000000E-03           7
|011001011111000001011001111010> :  0.7043014E-03  0.7000000E-03           7
|110000100111111010001011001000> :  0.6720770E-03  0.7000000E-03           7
|001100101001011110110100100101> :  0.3929051E-03  0.6000000E-03           6
|100110010100111111100110100001> :  0.4718823E-03  0.6000000E-03           6
|010001010111000001011111111010> :  0.3735859E-03  0.6000000E-03           6
|111010101000001110111000110100> :  0.4928390E-03  0.6000000E-03           6
|111010101000001111011001010100> :  0.4336596E-03  0.6000000E-03           6
|010001010111110000001111101010> :  0.7623188E-03  0.6000000E-03           6
|000101011111000100110110110011> :  0.2754176E-03  0.6000000E-03           6
|110010010110110011001011001000> :  0.7939226E-03  0.6000000E-03           6
|111010001110111011001001001100> :  0.1633934E-03  0.6000000E-03           6
|000101110011110100100110000011> :  0.3244501E-03  0.6000000E-03           6
|010010000110111011000111001001> :  0.3186194E-03  0.6000000E-03           6
|010011010100000001011111111010> :  0.1384760E-03  0.6000000E-03           6
|010011010110100001001111011010> :  0.3364036E-03  0.6000000E-03           6
|101100101001001110110000110101> :  0.5590803E-03  0.6000000E-03           6
|001100101001001110110100110101> :  0.3899299E-03  0.6000000E-03           6
|100110101000011110110100100101> :  0.7410583E-03  0.6000000E-03           6
|101110001000001111110000110101> :  0.4162727E-03  0.6000000E-03           6
|011001101011000100001001110110> :  0.6372634E-03  0.6000000E-03           6
|000101111001000100110100110111> :  0.2720795E-03  0.6000000E-03           6
|011001101011000000011001011110> :  0.4718823E-03  0.6000000E-03           6
|011001010111110001001011001010> :  0.6895919E-03  0.6000000E-03           6
|000101111011100100100110000011> :  0.4751801E-03  0.6000000E-03           6
|011001101011000000001001111110> :  0.7499389E-03  0.6000000E-03           6
|110001010101000000111010111010> :  0.5644558E-03  0.6000000E-03           6
|111010101010111011001001001100> :  0.8441806E-03  0.6000000E-03           6
|001110111000110111100100000111> :  0.2798871E-03  0.6000000E-03           6
|101110101000011110110000100101> :  0.6744919E-03  0.6000000E-03           6
|111010101000001111111000010100> :  0.5062311E-03  0.6000000E-03           6
|111010000110111011001001011100> :  0.5041262E-03  0.6000000E-03           6
|111010101000001110011001110100> :  0.4256388E-03  0.6000000E-03           6
|010001010111000000011110111010> :  0.2552303E-03  0.5000000E-03           5
|100110001000111111100100000101> :  0.4548400E-03  0.5000000E-03           5
|100100101001001110110100110101> :  0.3328633E-03  0.5000000E-03           5
|000110010100110011100110001011> :  0.1044398E-02  0.5000000E-03           5
|101110101000001111110000010101> :  0.7623188E-03  0.5000000E-03           5
|100110010100111011110110001001> :  0.6372634E-03  0.5000000E-03           5
|010011010110110001001111001010> :  0.5590803E-03  0.5000000E-03           5
|011011111000000101111000010110> :  0.1915854E-03  0.5000000E-03           5
|001111011100000101110100110011> :  0.9483035E-03  0.5000000E-03           5
|010001110111000000011111111010> :  0.3124814E-03  0.5000000E-03           5
|111010100010111011001001011100> :  0.3275483E-03  0.5000000E-03           5
|100110110000111110100110000001> :  0.4077926E-03  0.5000000E-03           5
|001110101010111111000101000101> :  0.5644558E-03  0.5000000E-03           5
|001110101000101111100100000101> :  0.5245305E-03  0.5000000E-03           5
|001110101000001110110100110101> :  0.7312663E-03  0.5000000E-03           5
|011001101001000100011001110110> :  0.1965989E-03  0.5000000E-03           5
|011001010111100001001011011010> :  0.7410583E-03  0.5000000E-03           5
|110000100011111010001011001100> :  0.9483035E-03  0.5000000E-03           5
|110000000111111010001011101000> :  0.3182778E-03  0.5000000E-03           5
|110010000110111011000111101001> :  0.2497535E-03  0.5000000E-03           5
|110001110111000000011011111010> :  0.3402697E-03  0.5000000E-03           5
|110011010110000001001011111010> :  0.4561407E-03  0.5000000E-03           5
|011011010110110001001011001010> :  0.3328633E-03  0.5000000E-03           5
|111010100010111111001001001100> :  0.2332830E-03  0.5000000E-03           5
|100110100000111111110110000101> :  0.4850168E-03  0.5000000E-03           5
|100110010100111111110110000001> :  0.7499389E-03  0.4000000E-03           4
|100100010101011010110110101001> :  0.2294066E-03  0.4000000E-03           4
|100100000111111010000111101001> :  0.1915854E-03  0.4000000E-03           4
|010001010111110000000111101011> :  0.5825213E-03  0.4000000E-03           4
|010001010111110001000111001011> :  0.7107947E-03  0.4000000E-03           4
|011011111010100101001000010110> :  0.1830902E-03  0.4000000E-03           4
|011011001110100001001001011110> :  0.1904859E-03  0.4000000E-03           4
|001101101011000100010101110111> :  0.5349990E-03  0.4000000E-03           4
|101101111001000100110000110111> :  0.3537660E-03  0.4000000E-03           4
|011001001111000001011001111110> :  0.4077926E-03  0.4000000E-03           4
|000101110111110000100110001011> :  0.2211367E-03  0.4000000E-03           4
|000101011101000100110110110010> :  0.1776444E-03  0.4000000E-03           4
|110010000110111011001011001001> :  0.3931946E-03  0.4000000E-03           4
|110000000111011010011011111100> :  0.2194597E-03  0.4000000E-03           4
|110010000100011011111011111000> :  0.3061003E-03  0.4000000E-03           4
|110001010111100001001011011010> :  0.5869832E-03  0.4000000E-03           4
|000111111001100100100100000111> :  0.2387891E-03  0.4000000E-03           4
|110000000111111010000111101001> :  0.2131026E-03  0.4000000E-03           4
|110000100111111010000111001001> :  0.2063067E-03  0.4000000E-03           4
|011001011111000000011000111010> :  0.3380224E-03  0.4000000E-03           4
|011001011111000000001001111010> :  0.4850168E-03  0.4000000E-03           4
|011001011111000100011000110010> :  0.4250100E-03  0.4000000E-03           4
|110000010110011011011011111000> :  0.4688188E-03  0.4000000E-03           4
|011001010111010000011011111010> :  0.3606162E-03  0.4000000E-03           4
|001110001000111111100100000101> :  0.3402697E-03  0.4000000E-03           4
|101110101000111110100000000101> :  0.3735859E-03  0.4000000E-03           4
|000101010111110101100110000011> :  0.1196472E-03  0.4000000E-03           4
|011010000110111011001011001000> :  0.3362763E-03  0.4000000E-03           4
|011001111011000100011000010110> :  0.4607292E-03  0.4000000E-03           4
|111010000100011011011001111100> :  0.4751801E-03  0.4000000E-03           4
|011011010110000001001011111010> :  0.4701302E-03  0.4000000E-03           4
|100110101000111111100101000101> :  0.3507957E-03  0.4000000E-03           4
|111000100011111010001001001100> :  0.5773264E-03  0.4000000E-03           4
|100110101000001111110100010101> :  0.3221430E-03  0.4000000E-03           4
|100110101000001110110100110101> :  0.6895919E-03  0.4000000E-03           4
|011011111001000100111000110110> :  0.3855896E-03  0.4000000E-03           4
|011001111011000100001000110110> :  0.2317518E-03  0.4000000E-03           4
|100110100000011110110110100101> :  0.1512749E-03  0.3000000E-03           3
|010001010111000000010111111010> :  0.4088838E-03  0.3000000E-03           3
|001111111001000100111000110110> :  0.4736525E-03  0.3000000E-03           3
|100100100011111110100110000101> :  0.1991989E-03  0.3000000E-03           3
|100100110001011110110110100001> :  0.1904859E-03  0.3000000E-03           3
|100100100001011110110110100101> :  0.9741311E-04  0.3000000E-03           3
|100100000110111011000111001001> :  0.3855896E-03  0.3000000E-03           3
|001111111000110101100100000111> :  0.1128183E-03  0.3000000E-03           3
|001111111000000101110100010111> :  0.3182778E-03  0.3000000E-03           3
|100100000101011010110111101001> :  0.1830902E-03  0.3000000E-03           3
|100110000110111011000111101001> :  0.1294620E-03  0.3000000E-03           3
|011001110111110000001011001010> :  0.1676269E-03  0.3000000E-03           3
|001101011101000100111000110010> :  0.2860883E-03  0.3000000E-03           3
|001100101011111110100100000101> :  0.3843225E-03  0.3000000E-03           3
|100100101001011110110100100101> :  0.3777564E-03  0.3000000E-03           3
|001101011111000100110100110011> :  0.2269652E-03  0.3000000E-03           3
|111010000110111011001001001101> :  0.2023385E-03  0.3000000E-03           3
|011011010100000001011011111010> :  0.3710680E-03  0.3000000E-03           3
|111000000110011011011011111000> :  0.2387891E-03  0.3000000E-03           3
|001110101000011111110100000101> :  0.1155530E-03  0.3000000E-03           3
|001110101000001111110100010101> :  0.3759764E-03  0.3000000E-03           3
|011001111011000000011001111110> :  0.2765450E-04  0.3000000E-03           3
|101110101000101111100000000101> :  0.4617895E-03  0.3000000E-03           3
|000101111001000100110110100011> :  0.5041262E-03  0.3000000E-03           3
|110010100000111011001011001100> :  0.2269652E-03  0.3000000E-03           3
|110000100011011010011011111100> :  0.3449461E-03  0.3000000E-03           3
|001101111001110100110100000111> :  0.1824244E-03  0.3000000E-03           3
|011001100011000000011001111110> :  0.1002817E-03  0.3000000E-03           3
|001101111011100100000100000111> :  0.3061003E-03  0.3000000E-03           3
|011001101001000000011001111110> :  0.1480451E-03  0.3000000E-03           3
|011001011111100001001001011010> :  0.1512749E-03  0.3000000E-03           3
|011001010111000000011010111010> :  0.3507957E-03  0.3000000E-03           3
|000101010111000000010111111011> :  0.8326428E-04  0.3000000E-03           3
|110010100000011110111010111100> :  0.2490184E-04  0.3000000E-03           3
|110010100010111010001011001100> :  0.2271709E-03  0.3000000E-03           3
|101110101000111111101000000101> :  0.4088838E-03  0.3000000E-03           3
|101110101000111111100001000101> :  0.2552303E-03  0.3000000E-03           3
|110010000110111011001111101000> :  0.5628184E-04  0.3000000E-03           3
|011001110111100000001011011010> :  0.2377273E-03  0.3000000E-03           3
|110001000111001000011011111000> :  0.2798871E-03  0.3000000E-03           3
|001101111001000100110100100111> :  0.4152214E-03  0.3000000E-03           3
|111000000111011010011011111000> :  0.1634102E-03  0.3000000E-03           3
|101101111001000100111000110110> :  0.3186194E-03  0.3000000E-03           3
|110011010110100001001011011010> :  0.3929051E-03  0.3000000E-03           3
|011011001100000001011001111110> :  0.5948272E-04  0.3000000E-03           3
|001110101001111110100100000101> :  0.9464161E-04  0.3000000E-03           3
|001101101011000100110100110111> :  0.2673292E-04  0.3000000E-03           3
|100110110000111111110110000001> :  0.2016587E-03  0.3000000E-03           3
|111010001000001011011001111100> :  0.5633119E-04  0.3000000E-03           3
|011011011110000001001001111010> :  0.2403621E-03  0.3000000E-03           3
|010001110111110000000111001011> :  0.2706887E-03  0.3000000E-03           3
|010001110111100000001111011010> :  0.2130324E-03  0.3000000E-03           3
|111010101000111111101000000100> :  0.8326428E-04  0.3000000E-03           3
|001111011100100101100100000011> :  0.3449461E-03  0.3000000E-03           3
|100110100000111011100111001101> :  0.4250100E-03  0.2000000E-03           2
|010001010111010000011111111010> :  0.4617895E-03  0.2000000E-03           2
|001101011111000000010101110011> :  0.1059841E-03  0.2000000E-03           2
|100110001000011111110100100101> :  0.2377273E-03  0.2000000E-03           2
|001101011101000000110100110011> :  0.7472101E-04  0.2000000E-03           2
|011101111001000100111000110110> :  0.4428813E-04  0.2000000E-03           2
|000101010111110000000111101011> :  0.5062311E-03  0.2000000E-03           2
|100100010101011110110110100001> :  0.1623776E-03  0.2000000E-03           2
|100100101011111110000101000101> :  0.1784200E-03  0.2000000E-03           2
|001111111001100100100100000011> :  0.2140476E-03  0.2000000E-03           2
|001101011001100100110100010111> :  0.9525218E-05  0.2000000E-03           2
|001111111001100100100000000111> :  0.3736391E-03  0.2000000E-03           2
|001101011101000100110100110010> :  0.1370679E-03  0.2000000E-03           2
|100110000100111011100111101001> :  0.4607292E-03  0.2000000E-03           2
|011101111011000100010100110110> :  0.4820338E-03  0.2000000E-03           2
|000110000100111011100111001001> :  0.1095478E-03  0.2000000E-03           2
|100110000100111011100011001001> :  0.2975112E-04  0.2000000E-03           2
|001111101000100101100100000111> :  0.7937373E-04  0.2000000E-03           2
|100110010100110011100110001001> :  0.7473291E-04  0.2000000E-03           2
|001100101011111100100100000111> :  0.1398181E-03  0.2000000E-03           2
|011011111011100100001000010110> :  0.5765732E-04  0.2000000E-03           2
|100110010110111111100110000001> :  0.1480451E-03  0.2000000E-03           2
|000101011101000101110110110011> :  0.1688816E-03  0.2000000E-03           2
|000101111011100100100100000111> :  0.8812916E-04  0.2000000E-03           2
|011011011000000101111000110110> :  0.2050472E-03  0.2000000E-03           2
|000101010111010000010111101011> :  0.1514686E-03  0.2000000E-03           2
|111001101011000100011001110110> :  0.8612671E-04  0.2000000E-03           2
|001101011101000101110100110011> :  0.2271709E-03  0.2000000E-03           2
|000101111001100100110100000111> :  0.1695778E-03  0.2000000E-03           2
|110011010110000011001011111000> :  0.1509855E-03  0.2000000E-03           2
|000101111001000100110110110010> :  0.2023385E-03  0.2000000E-03           2
|011001110111000000011011111010> :  0.4548400E-03  0.2000000E-03           2
|000101111001000100110110010011> :  0.6075820E-04  0.2000000E-03           2
|110010000110111011001011101000> :  0.2297502E-03  0.2000000E-03           2
|001101111011100100101000010110> :  0.1802491E-04  0.2000000E-03           2
|110010000100111011101011001000> :  0.1513638E-03  0.2000000E-03           2
|001101111011100100100000000111> :  0.8299166E-04  0.2000000E-03           2
|110001010111100000001011111010> :  0.1155530E-03  0.2000000E-03           2
|110001010111010000011011111010> :  0.5245305E-03  0.2000000E-03           2
|110001010110000001011011111010> :  0.9464161E-04  0.2000000E-03           2
|001101111011000100110000110111> :  0.9007887E-05  0.2000000E-03           2
|110000110001011110111010111000> :  0.1944103E-04  0.2000000E-03           2
|000101011101000100110110100011> :  0.3275483E-03  0.2000000E-03           2
|110000100011111010001011001101> :  0.1010561E-04  0.2000000E-03           2
|011001011110000001011001111010> :  0.3970395E-04  0.2000000E-03           2
|110000100010111011001011001100> :  0.1576567E-03  0.2000000E-03           2
|110000000111011010011111111000> :  0.2132140E-03  0.2000000E-03           2
|001101111001100100110000000111> :  0.1720778E-03  0.2000000E-03           2
|011001101001000100111000110110> :  0.1277025E-03  0.2000000E-03           2
|001101111011110100100100000111> :  0.4858629E-04  0.2000000E-03           2
|110000000110011011011111111000> :  0.3736391E-03  0.2000000E-03           2
|110010000110011011001111111000> :  0.1720778E-03  0.2000000E-03           2
|011001101011100001001001011110> :  0.4755799E-04  0.2000000E-03           2
|001101111001000101110100010111> :  0.9567381E-04  0.2000000E-03           2
|011001101011001100011001110110> :  0.7473291E-04  0.2000000E-03           2
|110010100000111111101010001100> :  0.1059841E-03  0.2000000E-03           2
|110010100010111011001011001101> :  0.1370679E-03  0.2000000E-03           2
|110010100010111011000111001101> :  0.2860883E-03  0.2000000E-03           2
|101110101010111111100000000101> :  0.1344851E-03  0.2000000E-03           2
|110010001110101011001001001000> :  0.9259798E-05  0.2000000E-03           2
|011001111001000100111000010110> :  0.1294620E-03  0.2000000E-03           2
|001101111001000100110100110110> :  0.3931946E-03  0.2000000E-03           2
|110010100110111011001011001000> :  0.2022691E-03  0.2000000E-03           2
|110011010100000011011011111000> :  0.1398181E-03  0.2000000E-03           2
|101110101000011111110000000101> :  0.1599971E-03  0.2000000E-03           2
|110011010100000001111010111010> :  0.1456069E-03  0.2000000E-03           2
|011001000111000000011011111010> :  0.1264324E-03  0.2000000E-03           2
|101110100010111011000001001101> :  0.7315412E-04  0.2000000E-03           2
|011001000111000000011001111110> :  0.8721652E-04  0.2000000E-03           2
|000111011101100101100110000011> :  0.1072195E-04  0.2000000E-03           2
|101110001000011111110000100101> :  0.2130324E-03  0.2000000E-03           2
|101110001000001111111000110100> :  0.2706887E-03  0.2000000E-03           2
|001101111001000100110100010111> :  0.2297502E-03  0.2000000E-03           2
|011000100011111000001001001110> :  0.3127851E-03  0.2000000E-03           2
|101101101001001100111000110100> :  0.1559824E-03  0.2000000E-03           2
|101100101011111110100000000101> :  0.1384760E-03  0.2000000E-03           2
|101100101001111110110000000101> :  0.2276438E-03  0.2000000E-03           2
|001110101000111111110100000101> :  0.9400028E-03  0.2000000E-03           2
|011011001110000001001001111110> :  0.1813759E-03  0.2000000E-03           2
|100110110010111111100110000001> :  0.6443564E-04  0.2000000E-03           2
|111010001000001111011001110100> :  0.2211367E-03  0.2000000E-03           2
|010010010110110011000111001011> :  0.1559824E-03  0.2000000E-03           2
|100110101010111111100100000101> :  0.1006639E-03  0.2000000E-03           2
|010010000110111011001111001000> :  0.3537660E-03  0.2000000E-03           2
|111010000110111011001011001000> :  0.2720795E-03  0.2000000E-03           2
|010010000110111001001011001010> :  0.7914921E-05  0.2000000E-03           2
|001111011000000101111000110110> :  0.2063067E-03  0.2000000E-03           2
|111010101000001011011001011100> :  0.1624334E-03  0.2000000E-03           2
|111010101000001010011001111100> :  0.1196472E-03  0.2000000E-03           2
|100110101000101111100100000101> :  0.3606162E-03  0.2000000E-03           2
|100110100000111111100111000101> :  0.3380224E-03  0.2000000E-03           2
|100110100000111111100010000101> :  0.1015909E-03  0.2000000E-03           2
|000101010111110001100110001011> :  0.4256388E-03  0.2000000E-03           2
|011001011111000000011101111010> :  0.1015909E-03  0.2000000E-03           2
|010001011101000100110110111011> :  0.6905855E-06  0.1000000E-03           1
|100110100000101011100100001101> :  0.1135884E-05  0.1000000E-03           1
|010001010111110001001110001010> :  0.6809502E-05  0.1000000E-03           1
|100110011100111111100100000101> :  0.1069043E-06  0.1000000E-03           1
|001101101000001100110100110111> :  0.1738553E-06  0.1000000E-03           1
|100110011100001111110110110001> :  0.2431444E-03  0.1000000E-03           1
|100110010110011011110110001001> :  0.1596242E-05  0.1000000E-03           1
|001101100011111000100110101111> :  0.1197971E-09  0.1000000E-03           1
|100110010100111111101010000001> :  0.9721623E-06  0.1000000E-03           1
|010001010111100000001111111010> :  0.1599971E-03  0.1000000E-03           1
|001101100011110000000101001111> :  0.2251744E-04  0.1000000E-03           1
|000111010100010001110110101011> :  0.2005071E-04  0.1000000E-03           1
|100110010100111111100010000001> :  0.8293728E-04  0.1000000E-03           1
|100110010100111010100110101001> :  0.1199718E-04  0.1000000E-03           1
|100110010100110111100110000001> :  0.1284773E-03  0.1000000E-03           1
|001101011111000000110100110011> :  0.4186638E-05  0.1000000E-03           1
|000111010100000001110110111011> :  0.9965510E-05  0.1000000E-03           1
|010001010111000000011011111010> :  0.6078292E-04  0.1000000E-03           1
|100110010100011111100110100001> :  0.2969141E-05  0.1000000E-03           1
|100110010100011011010110101001> :  0.4287945E-06  0.1000000E-03           1
|100110001100011011110101100101> :  0.2159140E-04  0.1000000E-03           1
|100110001001111100100100000101> :  0.1389354E-05  0.1000000E-03           1
|010001010111000000000111111010> :  0.1065573E-05  0.1000000E-03           1
|000110110000111111100110000001> :  0.7109569E-04  0.1000000E-03           1
|000101010111110000100110101011> :  0.4336596E-03  0.1000000E-03           1
|010001010101000001111110111010> :  0.7092192E-05  0.1000000E-03           1
|100110001000001111110100110101> :  0.1676269E-03  0.1000000E-03           1
|010001010101000000011111111010> :  0.1344851E-03  0.1000000E-03           1
|100110000110111011000111001101> :  0.1192719E-03  0.1000000E-03           1
|010001010011000000011111111010> :  0.1363540E-05  0.1000000E-03           1
|010001000001110000011111101110> :  0.8353261E-09  0.1000000E-03           1
|100110000100111011110111001001> :  0.2317518E-03  0.1000000E-03           1
|010000000111011000011111111010> :  0.1503770E-04  0.1000000E-03           1
|001111111101100000100100001111> :  0.1629322E-05  0.1000000E-03           1
|001111111010100101100100000111> :  0.7877920E-04  0.1000000E-03           1
|000110101000111111100000000111> :  0.7055026E-05  0.1000000E-03           1
|000101110001000100110110110011> :  0.1633934E-03  0.1000000E-03           1
|001111111001110100100100000111> :  0.1349045E-03  0.1000000E-03           1
|100110000000111111100110000101> :  0.7081463E-04  0.1000000E-03           1
|001111111001100100101100001111> :  0.1914848E-06  0.1000000E-03           1
|001111111001100100101000010110> :  0.7538443E-04  0.1000000E-03           1
|100101011101110100100110000011> :  0.1826491E-08  0.1000000E-03           1
|001101011001100100110100000111> :  0.1113805E-05  0.1000000E-03           1
|000110010100111111100110000001> :  0.2152034E-03  0.1000000E-03           1
|100101001001001100110100110101> :  0.6139123E-06  0.1000000E-03           1
|100100110011111110100110000001> :  0.5948272E-04  0.1000000E-03           1
|001101011001000101110100110111> :  0.1490662E-03  0.1000000E-03           1
|100100110000111111110110000001> :  0.2450859E-04  0.1000000E-03           1
|100100110000111111100110000001> :  0.2729270E-05  0.1000000E-03           1
|100100101011111110100100000101> :  0.3710680E-03  0.1000000E-03           1
|001101010111000100011011110010> :  0.1034752E-05  0.1000000E-03           1
|000110010100111011100110001001> :  0.8612671E-04  0.1000000E-03           1
|000101101001000100110100110111> :  0.2391566E-04  0.1000000E-03           1
|001111111001000100100000110111> :  0.7310996E-06  0.1000000E-03           1
|100100101001011100110100100001> :  0.7138831E-07  0.1000000E-03           1
|001101010101010100110110100011> :  0.1159888E-04  0.1000000E-03           1
|001111111000100111100100000111> :  0.4613047E-04  0.1000000E-03           1
|100100100111111010000111001001> :  0.2050472E-03  0.1000000E-03           1
|001101001111001000110101101101> :  0.1309366E-08  0.1000000E-03           1
|001111111000100101100100000011> :  0.2194597E-03  0.1000000E-03           1
|100100010101111110100110000001> :  0.2305824E-05  0.1000000E-03           1
|001111111000100101100000000011> :  0.6410666E-05  0.1000000E-03           1
|001101001111000010010101110111> :  0.2751741E-07  0.1000000E-03           1
|001111111000000110110100110101> :  0.8842067E-06  0.1000000E-03           1
|100100000111011010010111101001> :  0.1521214E-03  0.1000000E-03           1
|001111111000000101111000010110> :  0.2131026E-03  0.1000000E-03           1
|001101001001001000111000110100> :  0.3175965E-09  0.1000000E-03           1
|100100100001111110110110000101> :  0.2403621E-03  0.1000000E-03           1
|000101011111100100100110100011> :  0.1522307E-04  0.1000000E-03           1
|100100000110011011010111101001> :  0.8632068E-04  0.1000000E-03           1
|100100101000111111110100000101> :  0.4157319E-04  0.1000000E-03           1
|100100000110011011010011110000> :  0.2596910E-05  0.1000000E-03           1
|100100000110011011010011100001> :  0.1024177E-07  0.1000000E-03           1
|001111111000000100110100110111> :  0.3512243E-04  0.1000000E-03           1
|001101001001000100110100110111> :  0.3358570E-04  0.1000000E-03           1
|100100101011011110010101100101> :  0.2177903E-04  0.1000000E-03           1
|100011010110100001001011011010> :  0.1113131E-06  0.1000000E-03           1
|100010110000001110101110111000> :  0.4193806E-08  0.1000000E-03           1
|001111111000000001011001010110> :  0.2964312E-07  0.1000000E-03           1
|100010100000111111101010001101> :  0.9447659E-04  0.1000000E-03           1
|001111110001100100100100000111> :  0.3681276E-05  0.1000000E-03           1
|001100111011100100100010010011> :  0.3664518E-09  0.1000000E-03           1
|000110001100101011100101001001> :  0.1321789E-06  0.1000000E-03           1
|100101011101000100110110110001> :  0.1012104E-04  0.1000000E-03           1
|100010010100111011100110001001> :  0.6300851E-04  0.1000000E-03           1
|100010010100011011111010111000> :  0.8339403E-05  0.1000000E-03           1
|100101111001000100110110110011> :  0.2507969E-03  0.1000000E-03           1
|100101111001000100111010110000> :  0.8547599E-06  0.1000000E-03           1
|001111110000110101100110000011> :  0.5720525E-05  0.1000000E-03           1
|100110000100011011100111011000> :  0.1673002E-05  0.1000000E-03           1
|100001010111000000110010111010> :  0.2106486E-06  0.1000000E-03           1
|100110000100011011110111101101> :  0.2449765E-04  0.1000000E-03           1
|001111101010100101000101000111> :  0.8798552E-04  0.1000000E-03           1
|001100111001010100110110100111> :  0.4809076E-07  0.1000000E-03           1
|011111101001000100010101110110> :  0.1397089E-06  0.1000000E-03           1
|100110000100111011101011001001> :  0.1734950E-05  0.1000000E-03           1
|011101111011000100011000110110> :  0.8293201E-04  0.1000000E-03           1
|100110000110011011000111101001> :  0.4538458E-05  0.1000000E-03           1
|100110000110011011001111011000> :  0.2322173E-06  0.1000000E-03           1
|100110000110110001000111001011> :  0.1253771E-05  0.1000000E-03           1
|001111101001101100100100000111> :  0.5081464E-05  0.1000000E-03           1
|011101111011000100010100110010> :  0.1782944E-05  0.1000000E-03           1
|001111101001100100100100000111> :  0.4688188E-03  0.1000000E-03           1
|100110000110111011100111001001> :  0.4123268E-04  0.1000000E-03           1
|000101010111010000110110101011> :  0.3482728E-04  0.1000000E-03           1
|011101111001000100010101110111> :  0.1004755E-04  0.1000000E-03           1
|011101101011000100011001110110> :  0.6300851E-04  0.1000000E-03           1
|100110001000111111100101000101> :  0.5453833E-06  0.1000000E-03           1
|001111100001000100111010110010> :  0.1642091E-07  0.1000000E-03           1
|001100101011111110000101000101> :  0.1456069E-03  0.1000000E-03           1
|011101101001100100100100110110> :  0.5202457E-08  0.1000000E-03           1
|011101011111000100010100110010> :  0.3835458E-04  0.1000000E-03           1
|001111011101000100110100110011> :  0.1576567E-03  0.1000000E-03           1
|111011100010111011001001001110> :  0.2786345E-06  0.1000000E-03           1
|100110010100011111110110110001> :  0.3396455E-04  0.1000000E-03           1
|011101001111000000010101110110> :  0.4262200E-04  0.1000000E-03           1
|111010111000001111011001010100> :  0.7180262E-07  0.1000000E-03           1
|100110010100111001100110001001> :  0.1935587E-05  0.1000000E-03           1
|011101000111000000011001110110> :  0.1169611E-05  0.1000000E-03           1
|100110010100111011100010001001> :  0.1073143E-03  0.1000000E-03           1
|011011111011000100001000110110> :  0.1369512E-04  0.1000000E-03           1
|001111011100000101111000110010> :  0.8511265E-04  0.1000000E-03           1
|111010101010001011011001011100> :  0.6316756E-07  0.1000000E-03           1
|111010101000101111101000010100> :  0.1514686E-03  0.1000000E-03           1
|111010101000101110111000100101> :  0.7137935E-07  0.1000000E-03           1
|001100101011111100000101000111> :  0.4465845E-04  0.1000000E-03           1
|011011111000100101101000010110> :  0.1521214E-03  0.1000000E-03           1
|001111011000000111111000110110> :  0.1129213E-05  0.1000000E-03           1
|011011101011100100001001010110> :  0.6313802E-04  0.1000000E-03           1
|100110010110111011100011001000> :  0.1707066E-06  0.1000000E-03           1
|111010100010111011011001001100> :  0.1271081E-05  0.1000000E-03           1
|011011101011000100011001110110> :  0.3257348E-05  0.1000000E-03           1
|001100101011001110010101110101> :  0.2600635E-04  0.1000000E-03           1
|011011101011000100001001110110> :  0.1694961E-04  0.1000000E-03           1
|100110100000011111110010010101> :  0.7404471E-07  0.1000000E-03           1
|100110100000011111110110000101> :  0.3304649E-04  0.1000000E-03           1
|111010100010111011000011001101> :  0.3239484E-07  0.1000000E-03           1
|011011101010100101001001010110> :  0.2294066E-03  0.1000000E-03           1
|100110100000111011110111001101> :  0.1394496E-04  0.1000000E-03           1
|011011101010100001001001011110> :  0.1623776E-03  0.1000000E-03           1
|111010011000001111111000110100> :  0.6490577E-05  0.1000000E-03           1
|001111010110000001000011111010> :  0.5236142E-07  0.1000000E-03           1
|001100101010111111100100000101> :  0.3902669E-04  0.1000000E-03           1
|011011011101000000111000111010> :  0.3780637E-04  0.1000000E-03           1
|011011011100000001111000111010> :  0.1533512E-03  0.1000000E-03           1
|001111010100110001100110001011> :  0.1815457E-04  0.1000000E-03           1
|011011011100000001011001111010> :  0.1991989E-03  0.1000000E-03           1
|011011011010100101001000010110> :  0.9567286E-06  0.1000000E-03           1
|001110111000111111100100000001> :  0.5997837E-05  0.1000000E-03           1
|001100101001111110110100000101> :  0.4561407E-03  0.1000000E-03           1
|000101111011100100000110000011> :  0.3710069E-04  0.1000000E-03           1
|111010000110111011001001101100> :  0.6075820E-04  0.1000000E-03           1
|011011010110100001001011011010> :  0.3777564E-03  0.1000000E-03           1
|111010000110011011001011111000> :  0.1695778E-03  0.1000000E-03           1
|001110110000111111100110000001> :  0.6543044E-05  0.1000000E-03           1
|001100101001111100110100000111> :  0.1509855E-03  0.1000000E-03           1
|111010000100011011111001111100> :  0.3710069E-04  0.1000000E-03           1
|011011010100100001101010011010> :  0.2177903E-04  0.1000000E-03           1
|111010000000011011011001111100> :  0.3504962E-05  0.1000000E-03           1
|011011010100000001111010111010> :  0.1784200E-03  0.1000000E-03           1
|001110101010111111100100000101> :  0.4128781E-04  0.1000000E-03           1
|111001101011101100001001010100> :  0.1490127E-04  0.1000000E-03           1
|000101011101000100111110110010> :  0.3088127E-05  0.1000000E-03           1
|000011010100110001100110001011> :  0.4901789E-04  0.1000000E-03           1
|011011001110000010011001111110> :  0.1840621E-05  0.1000000E-03           1
|111001010110010001011001111100> :  0.2515967E-07  0.1000000E-03           1
|001110101001111110110100110101> :  0.1723235E-07  0.1000000E-03           1
|111001001111000000011001111110> :  0.7109569E-04  0.1000000E-03           1
|111001000111001000011001111100> :  0.1025317E-04  0.1000000E-03           1
|111000111011001010011011111000> :  0.7165625E-06  0.1000000E-03           1
|011010111011000100011000110110> :  0.1041022E-06  0.1000000E-03           1
|011010101010111111001001000100> :  0.9765698E-05  0.1000000E-03           1
|111000101010001111011001010100> :  0.1045519E-03  0.1000000E-03           1
|011010100011111110001000010110> :  0.1028426E-09  0.1000000E-03           1
|011010011000001111011000010100> :  0.7258117E-08  0.1000000E-03           1
|111000100010011011011001011100> :  0.4215549E-04  0.1000000E-03           1
|011010001000010111101000110110> :  0.7642413E-09  0.1000000E-03           1
|001100101001001100110100110011> :  0.1695109E-05  0.1000000E-03           1
|011010000110111011001011001100> :  0.6358768E-06  0.1000000E-03           1
|111000001111001010001001111100> :  0.9022733E-06  0.1000000E-03           1
|011010000110111011001011001010> :  0.8457098E-05  0.1000000E-03           1
|111000001110001011011011111000> :  0.1378858E-06  0.1000000E-03           1
|011010000110111011001001001100> :  0.2507969E-03  0.1000000E-03           1
|001110101000101111110100000101> :  0.1178067E-04  0.1000000E-03           1
|001100100011111100000101000111> :  0.3754424E-05  0.1000000E-03           1
|011010000100011011011001111100> :  0.5408642E-05  0.1000000E-03           1
|111000000110111011001001001101> :  0.9191449E-06  0.1000000E-03           1
|011001111111100000001001011010> :  0.5624854E-04  0.1000000E-03           1
|011001111111000100011000110110> :  0.2758530E-05  0.1000000E-03           1
|111000000110001011011001111100> :  0.6457386E-05  0.1000000E-03           1
|110110101010111111001001000000> :  0.1083546E-06  0.1000000E-03           1
|001100100001011100110100110011> :  0.2929183E-07  0.1000000E-03           1
|011001111011100100001000000110> :  0.2256417E-04  0.1000000E-03           1
|011001111011001000011001111110> :  0.2905838E-06  0.1000000E-03           1
|001110101000011110110100100111> :  0.4950602E-06  0.1000000E-03           1
|110011110000110101101010001010> :  0.1790635E-05  0.1000000E-03           1
|110011011110110001001001001010> :  0.8276721E-08  0.1000000E-03           1
|110011010111000000001011111010> :  0.3281809E-04  0.1000000E-03           1
|001010100000101111100100001101> :  0.6232540E-06  0.1000000E-03           1
|110011010100110001101010001010> :  0.2600635E-04  0.1000000E-03           1
|011001111010000001011001111010> :  0.3437126E-06  0.1000000E-03           1
|011001111001110100111100000111> :  0.6841561E-07  0.1000000E-03           1
|001110101000001110110101110101> :  0.4916028E-05  0.1000000E-03           1
|001001111011100100100100000111> :  0.2285137E-05  0.1000000E-03           1
|110011000110100001001011001000> :  0.9558427E-05  0.1000000E-03           1
|110011000010111011001011001100> :  0.2845844E-07  0.1000000E-03           1
|110010101010101101000001000101> :  0.7134789E-09  0.1000000E-03           1
|110010101000111011101110001100> :  0.2678389E-07  0.1000000E-03           1
|110010100100111011001011001000> :  0.1331997E-04  0.1000000E-03           1
|001110100010111111100100000101> :  0.2423312E-05  0.1000000E-03           1
|001001111001100100111100001110> :  0.4287609E-06  0.1000000E-03           1
|011001110111000000011011111000> :  0.6897151E-07  0.1000000E-03           1
|001110100010111011000101001101> :  0.1974449E-04  0.1000000E-03           1
|110010100000111011101011001100> :  0.1408476E-04  0.1000000E-03           1
|011001110110010011011011101010> :  0.6373355E-08  0.1000000E-03           1
|110010100000011111111010011100> :  0.1513503E-04  0.1000000E-03           1
|011001110011100100001010011010> :  0.2159140E-04  0.1000000E-03           1
|001110010100111011100100001001> :  0.9858217E-07  0.1000000E-03           1
|001001110001000100111100111111> :  0.1828495E-05  0.1000000E-03           1
|011001110011000100011000111110> :  0.4040472E-05  0.1000000E-03           1
|011001101111101000001011111010> :  0.1206628E-08  0.1000000E-03           1
|001110001100111011100101000101> :  0.2853042E-04  0.1000000E-03           1
|011001101111000000011001011110> :  0.1689486E-05  0.1000000E-03           1
|110010010110110011001010001110> :  0.7708344E-06  0.1000000E-03           1
|011001101011100101001001010110> :  0.7052023E-04  0.1000000E-03           1
|001001101011100000111001001111> :  0.2394812E-07  0.1000000E-03           1
|110010010100110011101010001000> :  0.3898925E-04  0.1000000E-03           1
|001110001000001111110100110101> :  0.2104242E-03  0.1000000E-03           1
|110010010100001011111010111000> :  0.6977707E-05  0.1000000E-03           1
|110010010000011111111011111000> :  0.2202758E-06  0.1000000E-03           1
|001110001000001011000101111111> :  0.8070242E-10  0.1000000E-03           1
|001001101001000100110000110110> :  0.7574419E-08  0.1000000E-03           1
|011001101011001000011001111110> :  0.1284773E-03  0.1000000E-03           1
|001110000100111011100111001001> :  0.4511948E-05  0.1000000E-03           1
|011001101011000100011000110110> :  0.3372327E-04  0.1000000E-03           1
|001101111111100000000101000011> :  0.1556286E-04  0.1000000E-03           1
|001001010111110000000111111011> :  0.6964759E-08  0.1000000E-03           1
|110010000110111011000111001000> :  0.4826020E-05  0.1000000E-03           1
|110010000110111011000011011001> :  0.7394606E-05  0.1000000E-03           1
|011001101011000001011001011110> :  0.6167745E-05  0.1000000E-03           1
|110010000110011011001001111000> :  0.1457062E-05  0.1000000E-03           1
|011001101011000000011101111110> :  0.8293728E-04  0.1000000E-03           1
|000111111100101111100110000011> :  0.2390336E-08  0.1000000E-03           1
|000101011101000100110110110001> :  0.1501870E-05  0.1000000E-03           1
|011001101011000000001101111110> :  0.4548590E-05  0.1000000E-03           1
|001101111011100100100100001111> :  0.2389857E-05  0.1000000E-03           1
|110010000100001011011011111000> :  0.4858629E-04  0.1000000E-03           1
|110001111001000100111010110010> :  0.4710440E-04  0.1000000E-03           1
|110001111001000100111000110110> :  0.3850543E-05  0.1000000E-03           1
|000111111001100100100110010010> :  0.1050516E-05  0.1000000E-03           1
|110001110111000000011011011010> :  0.7380292E-05  0.1000000E-03           1
|110001101011001000011001111100> :  0.1330129E-04  0.1000000E-03           1
|001101111011100100100100000011> :  0.1540385E-03  0.1000000E-03           1
|011001100011000000011011110110> :  0.1226595E-05  0.1000000E-03           1
|110001010111110000001011101010> :  0.3759764E-03  0.1000000E-03           1
|110001010111110000001010101010> :  0.2747072E-05  0.1000000E-03           1
|000101111001000100110100100111> :  0.3194894E-04  0.1000000E-03           1
|011001100011000000001001111110> :  0.6052722E-05  0.1000000E-03           1
|011001011111100000011001101011> :  0.1373339E-05  0.1000000E-03           1
|110001010110000011011101110000> :  0.2839083E-09  0.1000000E-03           1
|011001011111100000001001111010> :  0.3304649E-04  0.1000000E-03           1
|110001001111001000011011111000> :  0.3828295E-05  0.1000000E-03           1
|110001000110110001000111001001> :  0.1121848E-06  0.1000000E-03           1
|110000101011001110011001110100> :  0.1815457E-04  0.1000000E-03           1
|001101111011000100010100110111> :  0.1513638E-03  0.1000000E-03           1
|000111111000100111100110000011> :  0.9346960E-05  0.1000000E-03           1
|000101111001000100110100010111> :  0.2102750E-04  0.1000000E-03           1
|000101010101110101110110000011> :  0.1194458E-03  0.1000000E-03           1
|000100010111110000000111101011> :  0.2687365E-05  0.1000000E-03           1
|110000100111011010011011111100> :  0.6721463E-05  0.1000000E-03           1
|110000100011111110011011001100> :  0.2533549E-07  0.1000000E-03           1
|110001000111000000011011111010> :  0.8897829E-04  0.1000000E-03           1
|110000100011111010000111001101> :  0.8511265E-04  0.1000000E-03           1
|110000100011111000001011001100> :  0.1276435E-04  0.1000000E-03           1
|001101111001100101110100000111> :  0.3230909E-04  0.1000000E-03           1
|110000100011011110011011111100> :  0.3652183E-04  0.1000000E-03           1
|110000100011011010011011101100> :  0.1641223E-05  0.1000000E-03           1
|110000100011011010010111101101> :  0.3549895E-05  0.1000000E-03           1
|001101111001100100110100110111> :  0.1742392E-04  0.1000000E-03           1
|110001010111000001001011111010> :  0.3570368E-04  0.1000000E-03           1
|110000011110001011011111111000> :  0.9064962E-08  0.1000000E-03           1
|011001010111110000001011101010> :  0.3221430E-03  0.1000000E-03           1
|110000010110111011111010001000> :  0.2963887E-07  0.1000000E-03           1
|000111111000100101100100000111> :  0.1634102E-03  0.1000000E-03           1
|000101111001000001110100100111> :  0.2898791E-08  0.1000000E-03           1
|110000010101011010111010111000> :  0.8798552E-04  0.1000000E-03           1
|110000001111011010011001110000> :  0.8083518E-06  0.1000000E-03           1
|110001011111000000011011111010> :  0.2342867E-04  0.1000000E-03           1
|011001010111100000011011111010> :  0.7089685E-05  0.1000000E-03           1
|110001110011110100001010001010> :  0.1192262E-04  0.1000000E-03           1
|110000000111111011001011001001> :  0.3434675E-05  0.1000000E-03           1
|011001010111100000001011111010> :  0.1504621E-03  0.1000000E-03           1
|001101111001100100110100000011> :  0.1356673E-03  0.1000000E-03           1
|110000000111111000011011001000> :  0.3633894E-07  0.1000000E-03           1
|011001010111000100011011111010> :  0.6047286E-05  0.1000000E-03           1
|110010000100011011010111101001> :  0.1802491E-04  0.1000000E-03           1
|110010000100011011011001110000> :  0.8096331E-07  0.1000000E-03           1
|110010000100011011011011101000> :  0.1567235E-04  0.1000000E-03           1
|000111110101110000100110001011> :  0.4205295E-04  0.1000000E-03           1
|110000000111011000011011111000> :  0.4613047E-04  0.1000000E-03           1
|011001010111000010011011111010> :  0.4836876E-05  0.1000000E-03           1
|110000000110111011001011101001> :  0.5497137E-06  0.1000000E-03           1
|001101111001010100110100111110> :  0.6189144E-07  0.1000000E-03           1
|110000000110111011000111101001> :  0.1262364E-04  0.1000000E-03           1
|011001010111000001001011111010> :  0.4335410E-04  0.1000000E-03           1
|110000000110011011011011111100> :  0.2140476E-03  0.1000000E-03           1
|011001010111000000011111111010> :  0.6322591E-04  0.1000000E-03           1
|001101111001001100110101110011> :  0.3992363E-06  0.1000000E-03           1
|000111110001110100100110000111> :  0.1083984E-04  0.1000000E-03           1
|000101110111110100100110000011> :  0.5633119E-04  0.1000000E-03           1
|000101011101000000110110110011> :  0.2332830E-03  0.1000000E-03           1
|110000000110011011011011011000> :  0.2294448E-04  0.1000000E-03           1
|110000000110011011010111101001> :  0.7538443E-04  0.1000000E-03           1
|110000000110001011011011111000> :  0.1349045E-03  0.1000000E-03           1
|001101111001001100110100110111> :  0.2215080E-04  0.1000000E-03           1
|110010000110111011111011001100> :  0.7988449E-07  0.1000000E-03           1
|110000000101111011001011001100> :  0.3883350E-06  0.1000000E-03           1
|101111111001000100110000110111> :  0.2992437E-05  0.1000000E-03           1
|101111111000100111110000000101> :  0.9721102E-07  0.1000000E-03           1
|101111111000100111100000000101> :  0.1503770E-04  0.1000000E-03           1
|011001010110000001011011111010> :  0.7815107E-04  0.1000000E-03           1
|101111111000100101100100000111> :  0.1153555E-05  0.1000000E-03           1
|101111111000000111110000010101> :  0.5254276E-05  0.1000000E-03           1
|011001010101000001111010111010> :  0.2813753E-04  0.1000000E-03           1
|101111111000000110110000110101> :  0.4515840E-05  0.1000000E-03           1
|101111111000000101110000010111> :  0.6932702E-06  0.1000000E-03           1
|110010010110110011001011001100> :  0.5770930E-05  0.1000000E-03           1
|110010010110111011000111001001> :  0.9148728E-04  0.1000000E-03           1
|101110111100111111110001000001> :  0.3035887E-07  0.1000000E-03           1
|110010010110111011001011001001> :  0.3698008E-05  0.1000000E-03           1
|110010010110111111001001001000> :  0.2487693E-06  0.1000000E-03           1
|101110111000111111101000000101> :  0.7325465E-05  0.1000000E-03           1
|011001010011000100011001110010> :  0.5510770E-06  0.1000000E-03           1
|101110101100011010110001100101> :  0.5082465E-07  0.1000000E-03           1
|011001001111100001001001011110> :  0.1272770E-03  0.1000000E-03           1
|110010100000111111001011001100> :  0.4186638E-05  0.1000000E-03           1
|001101111001000100111000010110> :  0.2497535E-03  0.1000000E-03           1
|101110101010101111100000000101> :  0.8428452E-05  0.1000000E-03           1
|011001001111100000011001111110> :  0.3626257E-05  0.1000000E-03           1
|011001001111001000011001111110> :  0.4101135E-04  0.1000000E-03           1
|101110101000111101100100000111> :  0.1724509E-05  0.1000000E-03           1
|000111110000110101000110000011> :  0.4648569E-06  0.1000000E-03           1
|101110101000101111101000010100> :  0.1300748E-03  0.1000000E-03           1
|011001001110000000011001111110> :  0.3763946E-05  0.1000000E-03           1
|011001001101000000111001111110> :  0.3967917E-05  0.1000000E-03           1
|011001001011000000011011111010> :  0.4407955E-05  0.1000000E-03           1
|101110101000001111101000010100> :  0.3283989E-06  0.1000000E-03           1
|110011001110101011001011001000> :  0.7679918E-05  0.1000000E-03           1
|001101111001000100110100110010> :  0.6368135E-04  0.1000000E-03           1
|000111011101100101100110100111> :  0.1934222E-08  0.1000000E-03           1
|000101110111110000000111001011> :  0.2288343E-03  0.1000000E-03           1
|110011010100000011111010111000> :  0.4465845E-04  0.1000000E-03           1
|101110011100111111110000000001> :  0.2356043E-06  0.1000000E-03           1
|101110010010111011000001000101> :  0.1070570E-07  0.1000000E-03           1
|011001000011000100111010111110> :  0.4032064E-06  0.1000000E-03           1
|101110001100001011110001110101> :  0.1860603E-04  0.1000000E-03           1
|101110001000111111100000000101> :  0.3124814E-03  0.1000000E-03           1
|011000110110011011011011111010> :  0.5845512E-09  0.1000000E-03           1
|011000101010000110011001110100> :  0.1812521E-05  0.1000000E-03           1
|110011110111100000011011011010> :  0.2241851E-07  0.1000000E-03           1
|110100100011011100011011111100> :  0.1971938E-08  0.1000000E-03           1
|110100100011111110000110000101> :  0.5189150E-08  0.1000000E-03           1
|110110000010111111000011000100> :  0.1094227E-06  0.1000000E-03           1
|110110000110111011000111000001> :  0.2105533E-05  0.1000000E-03           1
|101110000110111011000001001101> :  0.6448062E-04  0.1000000E-03           1
|101110000100111011100001001101> :  0.6276873E-04  0.1000000E-03           1
|101101111001000110111100110101> :  0.3008711E-08  0.1000000E-03           1
|011000100011101000001001001110> :  0.4880548E-07  0.1000000E-03           1
|001101110001010100110110100011> :  0.7386205E-05  0.1000000E-03           1
|010110110010110111100110001010> :  0.8121474E-08  0.1000000E-03           1
|010110110010110111001110000011> :  0.1463848E-07  0.1000000E-03           1
|111000001010001011011001111100> :  0.2596769E-04  0.1000000E-03           1
|111000001010001111011001110100> :  0.4205295E-04  0.1000000E-03           1
|000101110101110000110110001011> :  0.3760659E-04  0.1000000E-03           1
|101100101011111110000001000101> :  0.6276949E-04  0.1000000E-03           1
|111000001111001000011001111100> :  0.6998705E-05  0.1000000E-03           1
|010101011111000000010111110010> :  0.5981657E-04  0.1000000E-03           1
|101100101001011110110000100101> :  0.3364036E-03  0.1000000E-03           1
|111000010110000010011011111000> :  0.1404405E-06  0.1000000E-03           1
|111000100010011010011001111100> :  0.1072195E-04  0.1000000E-03           1
|101010101000001110111000110100> :  0.6949688E-06  0.1000000E-03           1
|101010000100111011101011001001> :  0.3263738E-05  0.1000000E-03           1
|010011010110110001000111001011> :  0.3150718E-03  0.1000000E-03           1
|111000101001001110111000110100> :  0.1583977E-03  0.1000000E-03           1
|100111011100000111110110110001> :  0.3127851E-03  0.1000000E-03           1
|111000101011001000011001111100> :  0.1431533E-04  0.1000000E-03           1
|100111011100000101110110110011> :  0.3829936E-04  0.1000000E-03           1
|001101101011100100000001000111> :  0.3758857E-05  0.1000000E-03           1
|000111011100100001100110000011> :  0.2323670E-04  0.1000000E-03           1
|100111010100000111110110110001> :  0.6442853E-06  0.1000000E-03           1
|100110111000111111100110000001> :  0.8721652E-04  0.1000000E-03           1
|111001001111000000011101111100> :  0.1841697E-05  0.1000000E-03           1
|010011010110000001001111111010> :  0.2276438E-03  0.1000000E-03           1
|100110111000111111100100000101> :  0.1264324E-03  0.1000000E-03           1
|111001010111000000011011111010> :  0.3785030E-04  0.1000000E-03           1
|111001101011000000011001111110> :  0.2152034E-03  0.1000000E-03           1
|100110110100111111100110000001> :  0.1656053E-04  0.1000000E-03           1
|010011010100000001111110111010> :  0.6276949E-04  0.1000000E-03           1
|001101101011100000000101000111> :  0.1271950E-03  0.1000000E-03           1
|100110110100111011100110001001> :  0.7727542E-04  0.1000000E-03           1
|100110110100110011100010001011> :  0.1068792E-07  0.1000000E-03           1
|010010010110110011001111001010> :  0.2295027E-03  0.1000000E-03           1
|000101110011111100100110000001> :  0.5056700E-08  0.1000000E-03           1
|111010000100111011001001001100> :  0.9521331E-04  0.1000000E-03           1
|000101010111110100100110100011> :  0.1624334E-03  0.1000000E-03           1
|100110110000111111100010000001> :  0.9761461E-04  0.1000000E-03           1
|111010000110111011001001001000> :  0.6136425E-05  0.1000000E-03           1
|010010010110110011001100001010> :  0.1265120E-07  0.1000000E-03           1
|100110101100111011100100000001> :  0.5288943E-05  0.1000000E-03           1
|010010010100110011101110001010> :  0.1032597E-04  0.1000000E-03           1
|100110101001111110100100100101> :  0.6295217E-07  0.1000000E-03           1
|100110101001111110100100000101> :  0.7815107E-04  0.1000000E-03           1
|111010000110111011001011001001> :  0.1529904E-04  0.1000000E-03           1
|001101101011000000010101110111> :  0.1706989E-04  0.1000000E-03           1
|000111010110110001100110001011> :  0.3152838E-04  0.1000000E-03           1
|111010001000001111111000110100> :  0.2288343E-03  0.1000000E-03           1
|111010001100001011011001111100> :  0.3244501E-03  0.1000000E-03           1
|100110101000111110110100100101> :  0.5598125E-06  0.1000000E-03           1
|001101101001101100110100000111> :  0.1458254E-04  0.1000000E-03           1
|100110101000111101100100000111> :  0.4762310E-06  0.1000000E-03           1
|010010000110110011001011001010> :  0.9072869E-05  0.1000000E-03           1
|111010100000111011001001001100> :  0.2754176E-03  0.1000000E-03           1
|111010100010111010001001001100> :  0.1688816E-03  0.1000000E-03           1
|111010100010111011000001001101> :  0.3088127E-05  0.1000000E-03           1
|100110101000101111100100010101> :  0.1657116E-04  0.1000000E-03           1
|010001111011000100010110110010> :  0.3623181E-07  0.1000000E-03           1
|111010100010111011001001001101> :  0.1776444E-03  0.1000000E-03           1
|000111010101110101100110000011> :  0.3869986E-04  0.1000000E-03           1
|100110101000011111110100000101> :  0.1504621E-03  0.1000000E-03           1
|100110101000001110110101110101> :  0.5455733E-05  0.1000000E-03           1
|100110100110111010000111001001> :  0.6335398E-04  0.1000000E-03           1
|100110100100111010100111001001> :  0.8632061E-05  0.1000000E-03           1
|100110100010111111100110000101> :  0.3074570E-04  0.1000000E-03           1
|001101101001001100110100110101> :  0.6029425E-04  0.1000000E-03           1
|000111010100110111100110000011> :  0.1431533E-04  0.1000000E-03           1
|010001110011010001001111101010> :  0.2830856E-07  0.1000000E-03           1
|010001100011110000001111001110> :  0.1027092E-04  0.1000000E-03           1
|001101101001001100100101000111> :  0.2052517E-09  0.1000000E-03           1
|100110100000111111100110100101> :  0.4049161E-05  0.1000000E-03           1
|010001100001000000111111011110> :  0.3494127E-08  0.1000000E-03           1
|111010101010001110001001110100> :  0.1091607E-03  0.1000000E-03           1
|100110100000111111100010001101> :  0.6211800E-05  0.1000000E-03           1
|010001011101000100111110110010> :  0.7315412E-04  0.1000000E-03           1
|001101101001000110110100110111> :  0.1018870E-05  0.1000000E-03           1
|000101110011010100010110100011> :  0.2678865E-06  0.1000000E-03           1
|000100000110111011000111001001> :  0.4468704E-05  0.1000000E-03           1
|000001111001000100110110110011> :  0.1156781E-05  0.1000000E-03           1
|111011111010110111001001000100> :  0.1772683E-06  0.1000000E-03           1
|111100101011101110001001010100> :  0.4267654E-06  0.1000000E-03           1
|111101101011001100011001110100> :  0.3698922E-04  0.1000000E-03           1
|111101101011111110001001100100> :  0.1256164E-08  0.1000000E-03           1
|111111101010101110000000000100> :  0.2269918E-10  0.1000000E-03           1
|000001011001000000110110111011> :  0.2375267E-06  0.1000000E-03           1
