# state, exact probability, frequency, count:
#------------------------------------------------------------------
|01110000111000010000000100000011100> :  0.8279639E+00  0.8238000E+00        8238
|01110000111000010000000100100011100> :  0.2942362E-01  0.3210000E-01         321
|01011000111100010010010000100010100> :  0.1752410E-01  0.1880000E-01         188
|01011000111000010000010000100011100> :  0.1286476E-01  0.1290000E-01         129
|01010000111000010000010000100011110> :  0.1299989E-01  0.1270000E-01         127
|01010000111000010000010000100011100> :  0.9410950E-02  0.9900000E-02          99
|01000001111100010010000000000011110> :  0.5158991E-02  0.5800000E-02          58
|01110000111000010000000100000011110> :  0.5517204E-02  0.5600000E-02          56
|01011000111100010000010000100010100> :  0.6186407E-02  0.5300000E-02          53
|01110000111000010000000000100011100> :  0.3132285E-02  0.3500000E-02          35
|01110000111000010000000100000111100> :  0.2867710E-02  0.2600000E-02          26
|01010001111000010010000000000111100> :  0.1615856E-02  0.2000000E-02          20
|01000001011100010010000000000011110> :  0.1064206E-02  0.1000000E-02          10
|01010000111100010000010000000011110> :  0.5289145E-03  0.7000000E-03           7
|01000001011100010010010000000011110> :  0.6554400E-03  0.7000000E-03           7
|01011000111100010000010000100011100> :  0.2964697E-03  0.6000000E-03           6
|01010001111000010010000100000101100> :  0.9149334E-04  0.5000000E-03           5
|01110000110010000001001100000011100> :  0.6676307E-03  0.5000000E-03           5
|01000001111100010000010000000011110> :  0.4637667E-03  0.5000000E-03           5
|01010001111100010010000000000011100> :  0.6590133E-03  0.5000000E-03           5
|01010001111100010000010000000011110> :  0.1810555E-03  0.5000000E-03           5
|01011000111000010000010000110010100> :  0.1906835E-03  0.5000000E-03           5
|01010001111000010010000000000011100> :  0.2845248E-03  0.3000000E-03           3
|01010000111000010000000000100011110> :  0.1214063E-03  0.3000000E-03           3
|01110000111000010000010000100011100> :  0.3201095E-03  0.3000000E-03           3
|01110000100010010001001100000001100> :  0.1080081E-03  0.3000000E-03           3
|01110100110010000001001100000001100> :  0.2199402E-03  0.3000000E-03           3
|01001001011100010010000000000011110> :  0.2396043E-03  0.3000000E-03           3
|01100000111000110000000000000011110> :  0.4555950E-04  0.3000000E-03           3
|01011000111000010000010100100011100> :  0.4632986E-04  0.3000000E-03           3
|01110000111001010000000100000011100> :  0.1549140E-03  0.3000000E-03           3
|01011000011000011000000100000011100> :  0.1358392E-03  0.3000000E-03           3
|01011000111000010010010000110010100> :  0.1377701E-03  0.3000000E-03           3
|01010000111000010010000000000111100> :  0.3392333E-03  0.3000000E-03           3
|01010001111100010000010000100010110> :  0.5976838E-04  0.2000000E-03           2
|01110000101010010000001100000001110> :  0.4521702E-04  0.2000000E-03           2
|01011001011100010010000100000011000> :  0.1862970E-03  0.2000000E-03           2
|01010001011000010010000000000111100> :  0.3291093E-03  0.2000000E-03           2
|01010000111000010010000000100011100> :  0.1744960E-03  0.2000000E-03           2
|01010000111100010010010000000011110> :  0.3119961E-04  0.2000000E-03           2
|01010001111000010010000001000111100> :  0.4174212E-04  0.2000000E-03           2
|01010000111110010010000100000011100> :  0.5446681E-05  0.2000000E-03           2
|01110000110010010000001100000101100> :  0.3990607E-04  0.2000000E-03           2
|01011001011100010010010100100000100> :  0.6266358E-04  0.2000000E-03           2
|01010000111000010000000100000111100> :  0.5419759E-03  0.2000000E-03           2
|01110100111010010000000000100011100> :  0.4959353E-04  0.2000000E-03           2
|01110000101010110000000000000011110> :  0.4702196E-04  0.2000000E-03           2
|01110000110010000001001100000001100> :  0.1331558E-03  0.2000000E-03           2
|01110000110010010001001100000001100> :  0.1428937E-03  0.2000000E-03           2
|01010001111000010000010000100011100> :  0.7942976E-04  0.2000000E-03           2
|01011001011100010010000100000001110> :  0.4349464E-04  0.2000000E-03           2
|01010000011000010010000100000111100> :  0.1454073E-03  0.2000000E-03           2
|01110000100010000001001100000011100> :  0.1296359E-03  0.2000000E-03           2
|01011000111000010000010000110011100> :  0.1303628E-03  0.2000000E-03           2
|01011001011000010010000000000011100> :  0.7337312E-04  0.2000000E-03           2
|01110000110000010001001100000011100> :  0.7731048E-04  0.2000000E-03           2
|01110000110011010000001100000001100> :  0.1266808E-04  0.2000000E-03           2
|01010000111100000000100000100011110> :  0.2171041E-04  0.2000000E-03           2
|11011001011000010010000100000001100> :  0.9931804E-04  0.2000000E-03           2
|01110010111000010000000100000011100> :  0.1049818E-03  0.2000000E-03           2
|01010000111100010000010000000010110> :  0.1175284E-04  0.2000000E-03           2
|01011001011100010010000100000001100> :  0.1164382E-03  0.2000000E-03           2
|01000001011100110010000000000011110> :  0.1174523E-03  0.2000000E-03           2
|01001001011100010000010000000011110> :  0.6923839E-04  0.2000000E-03           2
|01110000101010000001000100000011110> :  0.3472207E-04  0.2000000E-03           2
|01110000100010011001001100000001100> :  0.4082144E-04  0.2000000E-03           2
|11111000010010010000001110000010100> :  0.2205947E-09  0.1000000E-03           1
|01010000010001111000010010100110100> :  0.2451421E-09  0.1000000E-03           1
|01111000010011000011000110010000100> :  0.5214878E-11  0.1000000E-03           1
|01011000010001011000000110000010100> :  0.4000738E-06  0.1000000E-03           1
|01011000010000110010000111100010100> :  0.7831966E-08  0.1000000E-03           1
|01110000000001110001000101010000100> :  0.7018889E-09  0.1000000E-03           1
|00100100110000000001101100000110000> :  0.6254865E-10  0.1000000E-03           1
|01011000001001110000000011001110100> :  0.1526867E-08  0.1000000E-03           1
|01101000000001101000010110010010100> :  0.1454752E-09  0.1000000E-03           1
|01111000000001110000101010000000100> :  0.1711666E-08  0.1000000E-03           1
|11001000000001010010010101010010100> :  0.1145492E-10  0.1000000E-03           1
|01010101111100000000010000001000100> :  0.6879451E-09  0.1000000E-03           1
|00110101110010100000000000000010011> :  0.9061154E-10  0.1000000E-03           1
|01110100100101001001100100000010000> :  0.1213599E-09  0.1000000E-03           1
|01011000010001011000000110011110000> :  0.8437244E-08  0.1000000E-03           1
|01111101110010000000101100000000100> :  0.1802100E-09  0.1000000E-03           1
|01011101010111010000100000100000100> :  0.1870150E-09  0.1000000E-03           1
|01011001111100011000000100010010011> :  0.2718240E-10  0.1000000E-03           1
|01110101001000010010010100000000100> :  0.1428474E-08  0.1000000E-03           1
|11010100101110000010100000110000100> :  0.5724959E-08  0.1000000E-03           1
|00110100111000000001010001100010010> :  0.1077844E-09  0.1000000E-03           1
|01110010011000010001100110000010000> :  0.1383647E-09  0.1000000E-03           1
|01011100100011001000001001011000100> :  0.5077035E-09  0.1000000E-03           1
|01010011111000000001010101100100100> :  0.2872299E-09  0.1000000E-03           1
|01011001100100011010010000000010010> :  0.3134499E-10  0.1000000E-03           1
|01011011011100000000001100010000100> :  0.1561760E-08  0.1000000E-03           1
|01010000111100010010100000100010100> :  0.2492522E-04  0.1000000E-03           1
|01010110110000010000010100000011000> :  0.5835011E-07  0.1000000E-03           1
|01010010011000000010100001000100100> :  0.1573727E-09  0.1000000E-03           1
|01010101101000010010100000000100010> :  0.9794253E-10  0.1000000E-03           1
|01011000111100011000010000100010100> :  0.1856326E-04  0.1000000E-03           1
|11011000111100100000010000001010100> :  0.5604546E-09  0.1000000E-03           1
|00111000111100100000010000100010100> :  0.3264339E-07  0.1000000E-03           1
|01011000111100100000010000100010100> :  0.9754002E-05  0.1000000E-03           1
|01110000111110000000010100100010100> :  0.4756138E-04  0.1000000E-03           1
|01010000111110000000110000100010100> :  0.3201030E-04  0.1000000E-03           1
|01010001000000010000110010011010100> :  0.5160466E-11  0.1000000E-03           1
|01011001001100010010000100110110100> :  0.2513443E-09  0.1000000E-03           1
|00001001010000010011010001110010100> :  0.1430864E-09  0.1000000E-03           1
|11100001010000110110000001000010100> :  0.5743686E-09  0.1000000E-03           1
|01110001010110010011100000100010100> :  0.1083421E-09  0.1000000E-03           1
|01011001011100010000010000100010100> :  0.3750912E-04  0.1000000E-03           1
|01011001011100010000010100100010100> :  0.1869547E-04  0.1000000E-03           1
|01011001011100010010000000100010100> :  0.7450385E-05  0.1000000E-03           1
|01011001011100010010010100000010100> :  0.1634834E-04  0.1000000E-03           1
|01011001011101010010010000000010100> :  0.8142095E-04  0.1000000E-03           1
|01011001101010011000000000011010100> :  0.7259231E-09  0.1000000E-03           1
|01101001110101010100000000100010100> :  0.4909636E-09  0.1000000E-03           1
|01010001111100010010000000000010100> :  0.1847901E-05  0.1000000E-03           1
|01010001111100010010010000000010100> :  0.2505561E-04  0.1000000E-03           1
|01001001111100010010010000100010100> :  0.2365879E-04  0.1000000E-03           1
|01000001111100010110000100010010100> :  0.3106153E-09  0.1000000E-03           1
|00100010101100010000000000110010100> :  0.1927028E-08  0.1000000E-03           1
|10110100010001000001000100000110100> :  0.3610355E-07  0.1000000E-03           1
|01010100010001101001000100000110100> :  0.3094422E-07  0.1000000E-03           1
|00110100011000000000001000100110100> :  0.2153986E-08  0.1000000E-03           1
|01010100100001000101000100001010100> :  0.3673402E-09  0.1000000E-03           1
|11010100101000010000010000100110100> :  0.4534671E-06  0.1000000E-03           1
|11110100101110010000000000000010100> :  0.4173082E-08  0.1000000E-03           1
|10010100110000010000010000110110100> :  0.6394489E-08  0.1000000E-03           1
|01010010010110001000110100000010000> :  0.6347380E-09  0.1000000E-03           1
|00010000001000010011001100010110000> :  0.1396317E-08  0.1000000E-03           1
|01011001101000001100001101000100000> :  0.4125326E-10  0.1000000E-03           1
|01011000111100010000110000100010100> :  0.3259407E-04  0.1000000E-03           1
|01010000111100010000110000100010100> :  0.3756142E-04  0.1000000E-03           1
|01011001111100010010010000100000100> :  0.5267956E-04  0.1000000E-03           1
|01011000111100010000010100100010100> :  0.5418372E-04  0.1000000E-03           1
|01011000111100010000010000110010100> :  0.3885999E-04  0.1000000E-03           1
|11010001111000001000110001100000100> :  0.4317756E-08  0.1000000E-03           1
|01011001110100010000000000110000010> :  0.1918619E-09  0.1000000E-03           1
|01000001010100011010000110100011000> :  0.1263841E-09  0.1000000E-03           1
|01001000111100000010110000100010100> :  0.4627729E-05  0.1000000E-03           1
|01011001011100010010110000100000100> :  0.5103664E-04  0.1000000E-03           1
|00011000111100000010110000100010100> :  0.8981949E-05  0.1000000E-03           1
|01011000111100000000010000110010100> :  0.2622888E-04  0.1000000E-03           1
|11011001011100010010100000100000100> :  0.1242317E-04  0.1000000E-03           1
|00110001001110100010010100000000010> :  0.1325819E-09  0.1000000E-03           1
|01100001110000011000001100000110000> :  0.8398351E-10  0.1000000E-03           1
|01110000111010010000000010110010100> :  0.6516794E-07  0.1000000E-03           1
|01011001011000010110000100000101000> :  0.1443022E-05  0.1000000E-03           1
|01110000111001010100001001000010100> :  0.2828806E-08  0.1000000E-03           1
|01110000111001010000000100000110100> :  0.5944037E-05  0.1000000E-03           1
|01010000111000011000010000100010100> :  0.2158734E-06  0.1000000E-03           1
|01011001011100010010000100100000100> :  0.3080711E-05  0.1000000E-03           1
|01010110110110000000010100000110001> :  0.1541065E-07  0.1000000E-03           1
|01010001111100010000010100000010110> :  0.4303020E-05  0.1000000E-03           1
|01010001111100010000010000000010110> :  0.7968899E-05  0.1000000E-03           1
|11011001011010011010000101100000100> :  0.1202398E-09  0.1000000E-03           1
|01110000111000000000001100100010100> :  0.1581256E-05  0.1000000E-03           1
|01010000111110000000110000100010110> :  0.5956528E-05  0.1000000E-03           1
|00010000111110000000110000100010110> :  0.1637592E-04  0.1000000E-03           1
|00011000110100001000111100000010100> :  0.1572541E-09  0.1000000E-03           1
|01010001011000010010001101000100100> :  0.3282623E-04  0.1000000E-03           1
|00010111111100010001010000100010000> :  0.1524607E-08  0.1000000E-03           1
|01001001010000011000000011010010110> :  0.1455025E-08  0.1000000E-03           1
|01001001011100010010010000000010110> :  0.8155200E-04  0.1000000E-03           1
|01011000110000010010000000101011100> :  0.3258186E-05  0.1000000E-03           1
|01110000110000010011001100000011100> :  0.2749503E-04  0.1000000E-03           1
|01110000110010000000000100100011100> :  0.1737294E-04  0.1000000E-03           1
|01100010101100010000010010100010110> :  0.8368066E-08  0.1000000E-03           1
|01110000101010000011000100100100111> :  0.1017409E-08  0.1000000E-03           1
|00110000110000110000010100100000111> :  0.9949478E-10  0.1000000E-03           1
|11001000010000011000000101101001000> :  0.3830780E-10  0.1000000E-03           1
|01111001010100011000000100011001000> :  0.9169070E-10  0.1000000E-03           1
|01110000110100010000001100000011100> :  0.1358767E-05  0.1000000E-03           1
|01011001110000010011000001010001000> :  0.4190945E-09  0.1000000E-03           1
|01101010011001110000100100000001000> :  0.2422466E-09  0.1000000E-03           1
|01010100111000001000001101010001000> :  0.2715092E-09  0.1000000E-03           1
|01011111000110100110000000000101000> :  0.3105413E-11  0.1000000E-03           1
|11011111010110001010000100000001000> :  0.1367970E-08  0.1000000E-03           1
|01110000101000000001010001000011000> :  0.4506833E-10  0.1000000E-03           1
|00010000110000010001001100000111000> :  0.1500198E-09  0.1000000E-03           1
|01110000110010000001001100000011000> :  0.1310205E-03  0.1000000E-03           1
|01001001000010110010000010011011000> :  0.3744975E-08  0.1000000E-03           1
|01110000111000010000100000000011100> :  0.7330054E-05  0.1000000E-03           1
|01011000111000010000100000100011100> :  0.6436726E-05  0.1000000E-03           1
|01010001011100010010000100000111000> :  0.2406808E-04  0.1000000E-03           1
|01001001011100010010100100000011000> :  0.1698103E-05  0.1000000E-03           1
|01011001111100010010010100000011000> :  0.1241606E-06  0.1000000E-03           1
|01011010000000011011000100010011000> :  0.1440036E-09  0.1000000E-03           1
|00110010111010000000000000111011000> :  0.2920462E-08  0.1000000E-03           1
|01011100011001011000000000010111000> :  0.2799485E-09  0.1000000E-03           1
|01100100110010100100000000110011000> :  0.4516285E-09  0.1000000E-03           1
|01000101111100011010010000000011000> :  0.4173467E-09  0.1000000E-03           1
|01110000111010010000000100000011100> :  0.1291666E-03  0.1000000E-03           1
|01000110110010000010110000001011000> :  0.4106036E-09  0.1000000E-03           1
|01011001000010011010000110010001001> :  0.4531799E-08  0.1000000E-03           1
|11011001010100000000010100000011001> :  0.2164057E-09  0.1000000E-03           1
|01010000011101111000000100000101010> :  0.1803535E-09  0.1000000E-03           1
|01100000101010000001100000100001010> :  0.1027658E-09  0.1000000E-03           1
|01010001111100010000010100000001010> :  0.1882581E-04  0.1000000E-03           1
|00010100001001111000010001100101010> :  0.2767425E-12  0.1000000E-03           1
|01100000100010111000000010010011010> :  0.3766738E-09  0.1000000E-03           1
|01110010111000010000000100010011010> :  0.7553779E-06  0.1000000E-03           1
|00110100101010001000000000000011010> :  0.6731004E-10  0.1000000E-03           1
|11111000010000010010001100000001100> :  0.6544601E-05  0.1000000E-03           1
|01011000010000011011001100000001100> :  0.1785205E-05  0.1000000E-03           1
|01111000010010110000000110000101100> :  0.9307175E-08  0.1000000E-03           1
|00001000010110100001101100000001100> :  0.6312390E-10  0.1000000E-03           1
|11011000011000010000010100100001100> :  0.5115315E-05  0.1000000E-03           1
|01011000011000010010010100000001100> :  0.7443772E-05  0.1000000E-03           1
|01011000011000011010000100100001100> :  0.8262518E-06  0.1000000E-03           1
|01011000100000111000000000111101100> :  0.2082087E-07  0.1000000E-03           1
|01111000100010000001001100000001100> :  0.1356000E-05  0.1000000E-03           1
|01111000100010010000001100000001100> :  0.1398244E-04  0.1000000E-03           1
|01111000100010010000001100001001100> :  0.1064475E-04  0.1000000E-03           1
|01101010111000010000010000100111100> :  0.1111831E-06  0.1000000E-03           1
|01111000100010010001001100000001100> :  0.2375931E-04  0.1000000E-03           1
|01110000100010010011001000000001100> :  0.1507946E-04  0.1000000E-03           1
|01110000100010010111001100000001100> :  0.1756894E-04  0.1000000E-03           1
|01111100110010010000000000000011100> :  0.4495071E-07  0.1000000E-03           1
|01110000100011000001001100000001100> :  0.6657055E-05  0.1000000E-03           1
|01110000100011010001001100000001100> :  0.2420696E-04  0.1000000E-03           1
|01110000101000010000001100000101100> :  0.1697420E-04  0.1000000E-03           1
|01110000110000010000001100000001100> :  0.3684427E-04  0.1000000E-03           1
|01111000110000010010001100000001100> :  0.7344506E-05  0.1000000E-03           1
|01110000110000010011001100000001100> :  0.8146316E-05  0.1000000E-03           1
|01001000110000010110110000101101100> :  0.1000178E-09  0.1000000E-03           1
|01010000101010000000000000110001110> :  0.1563885E-08  0.1000000E-03           1
|01111000110010000001001100000001100> :  0.6258887E-05  0.1000000E-03           1
|11110000110010000001001100000001100> :  0.9526454E-04  0.1000000E-03           1
|01110000110010000001001100001001100> :  0.1684078E-04  0.1000000E-03           1
|11011000110010010000000011010001100> :  0.1022626E-07  0.1000000E-03           1
|01110000110010010000001100000001100> :  0.3057758E-04  0.1000000E-03           1
|01011001011000011000000100000001110> :  0.6777880E-04  0.1000000E-03           1
|01000001011100010010010000000001110> :  0.3397527E-05  0.1000000E-03           1
|01110000110010011000001100000001100> :  0.7079607E-04  0.1000000E-03           1
|01110000110010101001001100000001100> :  0.1869391E-04  0.1000000E-03           1
|01101010011000000000001100100001110> :  0.3861284E-09  0.1000000E-03           1
|01110000110110000001001100000001100> :  0.2586066E-04  0.1000000E-03           1
|01011000111000010000000100100001100> :  0.6264906E-04  0.1000000E-03           1
|01010000111000010000001100000001100> :  0.6590861E-05  0.1000000E-03           1
|01110000111000010000001101000001100> :  0.4216383E-04  0.1000000E-03           1
|01011000111000010000010000100001100> :  0.3271132E-04  0.1000000E-03           1
|01110000111000010000101100000001100> :  0.1867434E-06  0.1000000E-03           1
|01110000111000010000110000110101100> :  0.3903562E-08  0.1000000E-03           1
|01010000111000010010001100000101100> :  0.5138931E-05  0.1000000E-03           1
|11010000111000101000001100001001100> :  0.1289182E-08  0.1000000E-03           1
|01110000111010000001001100000101100> :  0.6990858E-05  0.1000000E-03           1
|01110000111010010000000000100001100> :  0.3725966E-04  0.1000000E-03           1
|01110000111010010000000110010001100> :  0.4179727E-05  0.1000000E-03           1
|01110000111010010001000100000001100> :  0.2117106E-04  0.1000000E-03           1
|01011000111100010000010100100001100> :  0.2361327E-04  0.1000000E-03           1
|11111001000010000000101100000001100> :  0.4751733E-09  0.1000000E-03           1
|01011001001000110010000100010101100> :  0.2491501E-07  0.1000000E-03           1
|01010001011000010000000101000101100> :  0.2186962E-04  0.1000000E-03           1
|01010001011000010010000000000101100> :  0.9965732E-05  0.1000000E-03           1
|01100000111100000000000100000011110> :  0.3205962E-05  0.1000000E-03           1
|01010001101100010000110010010010000> :  0.3169093E-08  0.1000000E-03           1
|11011011010101101000010100000000000> :  0.8708049E-08  0.1000000E-03           1
|01110000101010010000000100100011100> :  0.3067709E-04  0.1000000E-03           1
|00011000101010011000100010110010110> :  0.1947129E-11  0.1000000E-03           1
|01110000110010000001001100000010100> :  0.6027918E-04  0.1000000E-03           1
|01010000011100000000010001010010110> :  0.5049137E-09  0.1000000E-03           1
|01110000011000010000100010100110110> :  0.1306260E-07  0.1000000E-03           1
|01011000101100010000010000110010100> :  0.5883089E-04  0.1000000E-03           1
|11010001001000111010000001000100100> :  0.3003201E-08  0.1000000E-03           1
|00010000010000010001011110000110110> :  0.4118625E-09  0.1000000E-03           1
|01111000001001000000000101000010110> :  0.8529480E-09  0.1000000E-03           1
|00011000100110010010110000100010100> :  0.5721274E-09  0.1000000E-03           1
|01011101111100010010010000000100110> :  0.4688584E-09  0.1000000E-03           1
|01010101111000000010001100000100110> :  0.2297757E-08  0.1000000E-03           1
|01001000100101010011100000101010100> :  0.7519483E-10  0.1000000E-03           1
|01011000111100000000110100100000100> :  0.1308443E-04  0.1000000E-03           1
|01011111011101010000000000010010000> :  0.1610217E-08  0.1000000E-03           1
|01010101101110000000111000000000110> :  0.1331643E-08  0.1000000E-03           1
|01011101001001100010000001000000110> :  0.5471890E-11  0.1000000E-03           1
|00110000100011110001000110100010100> :  0.2476873E-09  0.1000000E-03           1
|11110100011100000000010100100000110> :  0.1458206E-07  0.1000000E-03           1
|00011010111100000000100100000100110> :  0.1099590E-09  0.1000000E-03           1
|01010000100010010001001100110010100> :  0.1083532E-07  0.1000000E-03           1
|01110000111010011000100100110000100> :  0.1300986E-08  0.1000000E-03           1
|01010001111100000000110000100000110> :  0.2812275E-04  0.1000000E-03           1
|01001001101000000010001001100000110> :  0.1403242E-09  0.1000000E-03           1
|00111000100001100000011100011010100> :  0.2597608E-11  0.1000000E-03           1
|11010001100000010000000001100000110> :  0.1782311E-09  0.1000000E-03           1
|01011000011000010000010100100011100> :  0.3203925E-04  0.1000000E-03           1
|01110000011000010000010100000011100> :  0.1595424E-04  0.1000000E-03           1
|01001001001100010000000011010000110> :  0.2654963E-08  0.1000000E-03           1
|01011000011101010010010000100010100> :  0.4968639E-04  0.1000000E-03           1
|01011000111010001000001010110000100> :  0.1192886E-08  0.1000000E-03           1
|10101110110100100000000000100010000> :  0.6297460E-07  0.1000000E-03           1
|01001001011100010010110000100010000> :  0.1620584E-04  0.1000000E-03           1
|01010000011000010010010100000111100> :  0.2413330E-05  0.1000000E-03           1
|01011000011000010010010100100011100> :  0.7570061E-05  0.1000000E-03           1
|01010000011000010000010000110011100> :  0.2659796E-07  0.1000000E-03           1
|01010000011000011000000100000111100> :  0.5385942E-04  0.1000000E-03           1
|01011000011000011000000100000111100> :  0.1127854E-05  0.1000000E-03           1
|01011000011000011000000100100011100> :  0.9984124E-05  0.1000000E-03           1
|01011000011001010010000000000011100> :  0.1739688E-04  0.1000000E-03           1
|01100000011001010010010000010111100> :  0.7316523E-08  0.1000000E-03           1
|01011000011100010010000100000111100> :  0.6476681E-05  0.1000000E-03           1
|01001000011100010010010000100011100> :  0.1061378E-04  0.1000000E-03           1
|01011000011100010010100000100011100> :  0.1294625E-04  0.1000000E-03           1
|01011000011101010010000100000011100> :  0.8000795E-05  0.1000000E-03           1
|01011000011110010010000100000011100> :  0.1665899E-05  0.1000000E-03           1
|01110000100000100000000000010011100> :  0.6156134E-08  0.1000000E-03           1
|01101000100000110000000010010111100> :  0.8441058E-08  0.1000000E-03           1
|01110000011000010000001100000111100> :  0.1230564E-04  0.1000000E-03           1
|01110000100010010001000100000011100> :  0.2895108E-04  0.1000000E-03           1
|01010000100010010011010000010111100> :  0.3175450E-08  0.1000000E-03           1
|00101000100011100000001010000011100> :  0.1929106E-09  0.1000000E-03           1
|01110000100110000001001100000011100> :  0.4089809E-05  0.1000000E-03           1
|01110000101000010000000000101011100> :  0.3773391E-04  0.1000000E-03           1
|01110000101000010000000100000111100> :  0.2779894E-04  0.1000000E-03           1
|01110000101000010000000100001111100> :  0.2876878E-05  0.1000000E-03           1
|01110000101000010010000000000011100> :  0.1042012E-04  0.1000000E-03           1
|01101000101000010010000000101011100> :  0.1204201E-07  0.1000000E-03           1
|01110000101001010000000100000011100> :  0.1661811E-04  0.1000000E-03           1
|01110000101010000001001000000011100> :  0.2278639E-07  0.1000000E-03           1
|01011000111100000000110100100000110> :  0.1081022E-04  0.1000000E-03           1
|01110000110000000001001100000011100> :  0.5681412E-04  0.1000000E-03           1
|01110000110000000001001100000111100> :  0.5308098E-04  0.1000000E-03           1
|01100000110000001000000100100011100> :  0.9286254E-09  0.1000000E-03           1
|01111000110000010000000000100011100> :  0.6936118E-05  0.1000000E-03           1
|11110000110000010000000100000011100> :  0.1692227E-04  0.1000000E-03           1
|01111000110000010000000100100011100> :  0.6010789E-06  0.1000000E-03           1
|01110000110000010000001100000111100> :  0.1228288E-04  0.1000000E-03           1
|01110000011000010000001100000011100> :  0.9956055E-05  0.1000000E-03           1
|01011000110000010010000000100011100> :  0.1349592E-04  0.1000000E-03           1
|01010000011000010000000100001111100> :  0.1254227E-04  0.1000000E-03           1
|01011000110000010010010000000011100> :  0.1912238E-04  0.1000000E-03           1
|01011000110001001000001000101100110> :  0.1352078E-09  0.1000000E-03           1
|01110000110001010001001100000011100> :  0.1597627E-04  0.1000000E-03           1
|00011000011100010010110000100010100> :  0.5520500E-04  0.1000000E-03           1
|01110000110010000001000100100011100> :  0.2051854E-04  0.1000000E-03           1
|01010000110010000001001100000011100> :  0.5955139E-04  0.1000000E-03           1
|01110000011000010000000100000111100> :  0.4988814E-04  0.1000000E-03           1
|01110000110010001000000100101011100> :  0.4515432E-07  0.1000000E-03           1
|01110000110010010000000000100011100> :  0.2464366E-04  0.1000000E-03           1
|01110000110010010001001000000011100> :  0.2150077E-04  0.1000000E-03           1
|01110000110010010010000000001011100> :  0.1191350E-05  0.1000000E-03           1
|01110000110010010010000000100011100> :  0.1864766E-04  0.1000000E-03           1
|01110000110010010010001000000011100> :  0.2489346E-04  0.1000000E-03           1
|01110000110010010011000000000011100> :  0.3162740E-04  0.1000000E-03           1
|01110000110011000001001100000011100> :  0.4623109E-04  0.1000000E-03           1
|01110000011000010000000100000011100> :  0.1999390E-05  0.1000000E-03           1
|01110000111000000000000100100011100> :  0.1425724E-04  0.1000000E-03           1
|01110000101010010000000000110100110> :  0.1542387E-07  0.1000000E-03           1
|01000000111000010000000000101011100> :  0.2556673E-06  0.1000000E-03           1
|01100000111000010000000000101011100> :  0.4710977E-04  0.1000000E-03           1
|01010000111000010000000001000111100> :  0.1555664E-06  0.1000000E-03           1
|01110000111000010000000001000111100> :  0.1885952E-05  0.1000000E-03           1
|01010000011000001000100101101011100> :  0.5344542E-07  0.1000000E-03           1
|01111000111000010000000100000011100> :  0.3399458E-04  0.1000000E-03           1
|01110000010010010001001100000011100> :  0.1948803E-04  0.1000000E-03           1
|01011100010000001000001000100010101> :  0.1703368E-09  0.1000000E-03           1
|01011000011100010000010100100010100> :  0.2760222E-04  0.1000000E-03           1
|01110000111000010000000110000011100> :  0.3848168E-04  0.1000000E-03           1
|01000000111001010000010000010100100> :  0.2622185E-09  0.1000000E-03           1
|01011000010001011000000110000011100> :  0.3014091E-04  0.1000000E-03           1
|01111000010000011000001100000011100> :  0.3595688E-04  0.1000000E-03           1
|01010000111000010000010000101011100> :  0.2225707E-04  0.1000000E-03           1
|01010000111000010000010000110011100> :  0.1503959E-03  0.1000000E-03           1
|01111010101000010000100000101010101> :  0.7358425E-10  0.1000000E-03           1
|01010000111000010000010100000111100> :  0.1315344E-04  0.1000000E-03           1
|01110110100010101000000000010001100> :  0.1551622E-08  0.1000000E-03           1
|11110101100000110100000000010001100> :  0.3047351E-10  0.1000000E-03           1
|01111001110100000000100000000010101> :  0.6872463E-10  0.1000000E-03           1
|01010000111000010001000100000011100> :  0.1771045E-05  0.1000000E-03           1
|01110000111000010001001100000011100> :  0.1739603E-04  0.1000000E-03           1
|01101000011100010000010010100110100> :  0.1552648E-07  0.1000000E-03           1
|01000101010001010010000010000101100> :  0.3593600E-08  0.1000000E-03           1
|01011000111000010010000000100011100> :  0.3153885E-03  0.1000000E-03           1
|00111000111000010010000000110111100> :  0.9536001E-09  0.1000000E-03           1
|01011000111000010010000001100011100> :  0.1526328E-05  0.1000000E-03           1
|01010000111000010010000100000111100> :  0.1523883E-04  0.1000000E-03           1
|01010000111000010010010000101011100> :  0.1071924E-04  0.1000000E-03           1
|11010000111000110010100100000111100> :  0.3965672E-10  0.1000000E-03           1
|01010000111001010000000000100011100> :  0.4110737E-05  0.1000000E-03           1
|01100000111001010000000100000011100> :  0.2185789E-04  0.1000000E-03           1
|01110100111000010000000110100001100> :  0.1872797E-06  0.1000000E-03           1
|01110000111001010000000100100011100> :  0.4078384E-05  0.1000000E-03           1
|01011000111001010000010000100011100> :  0.4818045E-05  0.1000000E-03           1
|01010000111010000000100000101011100> :  0.4729057E-04  0.1000000E-03           1
|11100000111010010000000000000011100> :  0.2460030E-08  0.1000000E-03           1
|01110000110000010001000100010010101> :  0.1437486E-06  0.1000000E-03           1
|01010000111010010000010000100011100> :  0.4957641E-04  0.1000000E-03           1
|01110000111010010000010100000011100> :  0.2649054E-04  0.1000000E-03           1
|01010000111010010000100000101011100> :  0.2288981E-04  0.1000000E-03           1
|01110000111010010001000000000011100> :  0.1609856E-04  0.1000000E-03           1
|01110000111010010010000000000011100> :  0.3820279E-04  0.1000000E-03           1
|01010000111010010010000000100011100> :  0.9663536E-04  0.1000000E-03           1
|01110000111100000000010100000011100> :  0.2318574E-05  0.1000000E-03           1
|01111000111100000000010100000011100> :  0.2698752E-08  0.1000000E-03           1
|01011000111100000010010000100011100> :  0.4571397E-05  0.1000000E-03           1
|01110000111100010000000000000011100> :  0.2453745E-04  0.1000000E-03           1
|01010100110100010010000001000101100> :  0.7870288E-09  0.1000000E-03           1
|01010000111100010000010100000011100> :  0.1064989E-04  0.1000000E-03           1
|01010000111100010010000000100011100> :  0.1952994E-04  0.1000000E-03           1
|01000000111100010010010000100011100> :  0.6988922E-05  0.1000000E-03           1
|01011000111100010010010000100011100> :  0.1566473E-04  0.1000000E-03           1
|11011000111110000010110000000011100> :  0.2663162E-09  0.1000000E-03           1
|01000001111100010000100000000011110> :  0.2064367E-04  0.1000000E-03           1
|01110000111110010010000100000011100> :  0.1157955E-05  0.1000000E-03           1
|00011001000001010010000001100011100> :  0.8065781E-10  0.1000000E-03           1
|11010001011000010000011010000011100> :  0.8774533E-08  0.1000000E-03           1
|11110100010010011001001100000000101> :  0.9055407E-09  0.1000000E-03           1
|11011000011001010010110100000110100> :  0.2000215E-09  0.1000000E-03           1
|01010001011000010010000001000011100> :  0.2651407E-04  0.1000000E-03           1
|01011001011000010010000010000011100> :  0.6033780E-04  0.1000000E-03           1
|01010001011000010010000100000111100> :  0.1763165E-04  0.1000000E-03           1
|01001001011000010010010000000011100> :  0.1827833E-04  0.1000000E-03           1
|01011001011100010010000000000011100> :  0.2920584E-04  0.1000000E-03           1
|01001001011100110010000000000011100> :  0.1260935E-04  0.1000000E-03           1
|01110001111000000000001100000011100> :  0.7968557E-07  0.1000000E-03           1
|01010001111000010000000100100011100> :  0.5913635E-05  0.1000000E-03           1
|01010000110010001000100001111000100> :  0.1595299E-09  0.1000000E-03           1
|11110110110010001000001100000010000> :  0.3907652E-09  0.1000000E-03           1
|01100100101010011011000000000001100> :  0.1669995E-09  0.1000000E-03           1
|01000001111000010010000000100011100> :  0.1893747E-06  0.1000000E-03           1
|01010001111000010010000001000011100> :  0.5115140E-04  0.1000000E-03           1
|11010100100110100011001000000001100> :  0.3450512E-09  0.1000000E-03           1
|01011001111000010010010000000011100> :  0.3532610E-05  0.1000000E-03           1
|01110001111000011001000000100111100> :  0.1661483E-08  0.1000000E-03           1
|01010011011100011000000010100000101> :  0.1832762E-09  0.1000000E-03           1
|01001001111100010010000000100011100> :  0.1708477E-04  0.1000000E-03           1
|00100010110000100000000001110011100> :  0.1005431E-08  0.1000000E-03           1
|01110010111000010000000000000011100> :  0.5327991E-04  0.1000000E-03           1
|00110100100000000001001100010001100> :  0.7981755E-08  0.1000000E-03           1
|01011100001011010100000110000001100> :  0.1121567E-10  0.1000000E-03           1
|11011010111100000000010000001011100> :  0.3369917E-08  0.1000000E-03           1
|01001011011100010010000000000011100> :  0.1691845E-04  0.1000000E-03           1
|01010011111000010000000001000011100> :  0.1104749E-05  0.1000000E-03           1
|01001100000000011000000010111011100> :  0.2584228E-08  0.1000000E-03           1
|01110100100010000001000100000011100> :  0.2247954E-06  0.1000000E-03           1
|01000100100010010000000010011011100> :  0.2065297E-08  0.1000000E-03           1
|11110100101000110000000010000011100> :  0.7009809E-06  0.1000000E-03           1
|00010000110011111000001001000000101> :  0.1798095E-11  0.1000000E-03           1
|11100100110010100000000100101011100> :  0.6534094E-08  0.1000000E-03           1
|01110100111010000000000000100011100> :  0.4224962E-05  0.1000000E-03           1
|01011000011001010000010110000010100> :  0.3052792E-05  0.1000000E-03           1
|01011000000010000010001101010001101> :  0.5273312E-09  0.1000000E-03           1
|01110000100010010001001100000101101> :  0.2467885E-05  0.1000000E-03           1
|01110010011000010000010100000101101> :  0.9696794E-08  0.1000000E-03           1
|11000011011000010000000101000101101> :  0.1545070E-09  0.1000000E-03           1
|11101100110010100000000000100001101> :  0.1381572E-08  0.1000000E-03           1
|01110000111110000000000100000011101> :  0.2796230E-07  0.1000000E-03           1
|01010001111000010000000000000111101> :  0.1348686E-04  0.1000000E-03           1
|01110010101010010000000010001011101> :  0.1410546E-07  0.1000000E-03           1
|01110010101010011000010000000011101> :  0.2495600E-09  0.1000000E-03           1
|01011000001001011000001101000101110> :  0.7860478E-09  0.1000000E-03           1
|01010000001100000000000101000001110> :  0.4064248E-10  0.1000000E-03           1
|01110000011000000001001100000001110> :  0.2298570E-07  0.1000000E-03           1
|00010010111000000001001010000101100> :  0.2925506E-09  0.1000000E-03           1
|01100001111010000000001100101101100> :  0.4331489E-09  0.1000000E-03           1
|01100000101011111000000001000001110> :  0.7296649E-09  0.1000000E-03           1
|11000000110010010000000010000101110> :  0.1643247E-09  0.1000000E-03           1
|01010000111000010000010100000001110> :  0.3422232E-04  0.1000000E-03           1
|01010000111000010000110000100001110> :  0.1033226E-06  0.1000000E-03           1
|01010000111100010000010000100001110> :  0.1692517E-04  0.1000000E-03           1
|01010000111100010000010100000001110> :  0.3711848E-04  0.1000000E-03           1
|01010000111110000010100000100001110> :  0.3438499E-06  0.1000000E-03           1
|01010001011000000001001100000101110> :  0.1884938E-08  0.1000000E-03           1
|01010001011000010000001100000001110> :  0.1506226E-04  0.1000000E-03           1
|01010001011000010000010100000001110> :  0.8141951E-04  0.1000000E-03           1
|01110110111000010000000100000110100> :  0.1700809E-05  0.1000000E-03           1
|01010001111000010010001100000101100> :  0.2344147E-04  0.1000000E-03           1
|01010001011000011000000000000011110> :  0.3348491E-05  0.1000000E-03           1
|01010001011100010010010000000001110> :  0.5271528E-05  0.1000000E-03           1
|01010001011100010010010100000001110> :  0.7537222E-05  0.1000000E-03           1
|01011001011100011000010100000001110> :  0.1006712E-07  0.1000000E-03           1
|01000001111000010000010100000001110> :  0.2345484E-05  0.1000000E-03           1
|01010001111110010010000000000001110> :  0.1777616E-05  0.1000000E-03           1
|01110110100101010010001000000010100> :  0.4291122E-09  0.1000000E-03           1
|01111100100110010000000101000001110> :  0.5072695E-09  0.1000000E-03           1
|00001000000100010000001100010111110> :  0.5524233E-11  0.1000000E-03           1
|11110000001000010000000100010011110> :  0.9999920E-07  0.1000000E-03           1
|01000000001100010010000110010011110> :  0.7526100E-08  0.1000000E-03           1
|01111000010100011000000110111011110> :  0.6378454E-12  0.1000000E-03           1
|01010000011000010000010000100011110> :  0.3129108E-05  0.1000000E-03           1
|01011000011000010000010000100011110> :  0.5156828E-05  0.1000000E-03           1
|01000000011000010010010000000011110> :  0.4662428E-06  0.1000000E-03           1
|01011000011000011000000000000011110> :  0.1794562E-05  0.1000000E-03           1
|01001000011100010010010000100011110> :  0.7440360E-05  0.1000000E-03           1
|01110000101000010000000000100011110> :  0.8645415E-05  0.1000000E-03           1
|01111000101000010000000100000011110> :  0.2599900E-05  0.1000000E-03           1
|01110000011000110000101100000010100> :  0.5164469E-06  0.1000000E-03           1
|01100000101010010001000100000011110> :  0.2138979E-05  0.1000000E-03           1
|01110000101010110011101100000000100> :  0.1905843E-08  0.1000000E-03           1
|01001000101100010010010000000011110> :  0.2604952E-06  0.1000000E-03           1
|01101000101110010000000000000011110> :  0.9780213E-07  0.1000000E-03           1
|01110000101110010000000100000011110> :  0.5490442E-04  0.1000000E-03           1
|01110000110010010001000000000011110> :  0.3215044E-06  0.1000000E-03           1
|01010000111000000000010000100011110> :  0.5715329E-04  0.1000000E-03           1
|11010001110100010000010010000001100> :  0.1411539E-08  0.1000000E-03           1
|01100000111000010000000100000011110> :  0.7418798E-04  0.1000000E-03           1
|01101001110000110000000100010001100> :  0.3313608E-07  0.1000000E-03           1
|01110000111000010000000100100011110> :  0.8303206E-05  0.1000000E-03           1
|01110000111000010000010000000011110> :  0.1156018E-04  0.1000000E-03           1
|00011000111000010000010000100011110> :  0.7254039E-05  0.1000000E-03           1
|00110000111000010000010000100011110> :  0.2549984E-05  0.1000000E-03           1
|01001000111000010000010000100011110> :  0.2756000E-05  0.1000000E-03           1
|10111110010000101000000000100010100> :  0.4942162E-09  0.1000000E-03           1
|01010000111000010000010000101011110> :  0.1116770E-04  0.1000000E-03           1
|01010000111000010000010000110011110> :  0.8583233E-05  0.1000000E-03           1
|01010000111000010000010100000011110> :  0.2386588E-04  0.1000000E-03           1
|01110000111000011000000100000011110> :  0.2077664E-04  0.1000000E-03           1
|01010000111000011000010000000011110> :  0.1210138E-05  0.1000000E-03           1
|01100001100000010010110000100001100> :  0.1023885E-09  0.1000000E-03           1
|01010000111010000000100000100011110> :  0.8148671E-05  0.1000000E-03           1
|01011000111010110000000100100011110> :  0.1337858E-08  0.1000000E-03           1
|01110000111110010000000100000011110> :  0.2762224E-05  0.1000000E-03           1
|01010000111100000000010100000011110> :  0.2051802E-04  0.1000000E-03           1
|01101101000100011010101100010010100> :  0.9968068E-13  0.1000000E-03           1
|11011000011000010000110100101110100> :  0.1075100E-08  0.1000000E-03           1
|01010000111100010010000000000011110> :  0.7126268E-04  0.1000000E-03           1
|01100000111100010000100000000011110> :  0.9021611E-06  0.1000000E-03           1
|01011001011000011000000100100001100> :  0.1109632E-05  0.1000000E-03           1
|01010000111100010000010000100011110> :  0.9646798E-04  0.1000000E-03           1
|01011001011000010010010100000001100> :  0.1560668E-04  0.1000000E-03           1
|01000100110110000001100000110010100> :  0.4317128E-09  0.1000000E-03           1
|01000000111100010000010000000011110> :  0.2943461E-04  0.1000000E-03           1
|01100000111100010000000100000011110> :  0.4878065E-04  0.1000000E-03           1
|01010001001100010000110000010011110> :  0.1642897E-08  0.1000000E-03           1
|01010001001100010010000000000011110> :  0.8832719E-04  0.1000000E-03           1
|01010001001110110000100000100011110> :  0.3325519E-09  0.1000000E-03           1
|01001001010100010010010000000011110> :  0.3434057E-04  0.1000000E-03           1
|01000001011000010010000000000011110> :  0.2444539E-05  0.1000000E-03           1
|01011001011000010010000000000011110> :  0.2743600E-05  0.1000000E-03           1
|01011001011000010010000101000101100> :  0.6691403E-05  0.1000000E-03           1
|01110000111100010000000000000011110> :  0.1917283E-04  0.1000000E-03           1
|01011001011000010010000100000101100> :  0.5442489E-04  0.1000000E-03           1
|01010100110100110000000000100110100> :  0.3667424E-08  0.1000000E-03           1
|01111000011000001011000110100010100> :  0.1072777E-08  0.1000000E-03           1
|01010001011100010010010000000011110> :  0.3109506E-04  0.1000000E-03           1
|01100000010110100001110100100000100> :  0.1469963E-09  0.1000000E-03           1
|01010001101000010000000100000011110> :  0.8487163E-05  0.1000000E-03           1
|01100001101000010000000100000011110> :  0.3385329E-05  0.1000000E-03           1
|01000001101000010010000000000011110> :  0.3292342E-05  0.1000000E-03           1
|01010001101100010000010000000011110> :  0.2905959E-04  0.1000000E-03           1
|01000001101100110000000000000011110> :  0.5308760E-06  0.1000000E-03           1
|10110001110000011000001000000011110> :  0.3888831E-09  0.1000000E-03           1
|01010001111000010000010100000011110> :  0.1237885E-04  0.1000000E-03           1
|01010001111100010000000000000011110> :  0.8260949E-04  0.1000000E-03           1
|10110100110100000001010100100110000> :  0.9975337E-09  0.1000000E-03           1
|10111001011000010000010100000110000> :  0.1162355E-08  0.1000000E-03           1
|01011001111100010000010100100000000> :  0.3029128E-05  0.1000000E-03           1
|00010000111111000000000100110100000> :  0.9508713E-10  0.1000000E-03           1
|01000001111100010010010000000011110> :  0.1373170E-04  0.1000000E-03           1
|01010010111000010000000000000011110> :  0.1585774E-04  0.1000000E-03           1
|01011100101000000010000000011011110> :  0.1515833E-09  0.1000000E-03           1
|01011100111000011100000100100111110> :  0.3550132E-10  0.1000000E-03           1
|01110000101010010001000100000001111> :  0.1602005E-05  0.1000000E-03           1
|01001001111000000000000100110001111> :  0.6071963E-09  0.1000000E-03           1
|01010010011001010010000100000101111> :  0.1475219E-08  0.1000000E-03           1
|01000101100010011000000010000001111> :  0.7997181E-09  0.1000000E-03           1
|01000000100110010000100010001011111> :  0.8794935E-09  0.1000000E-03           1
|01110110100010000001100100100111111> :  0.1513214E-12  0.1000000E-03           1
|01101000110010000100100100101000000> :  0.9493399E-10  0.1000000E-03           1
