# state, exact probability, frequency, count:
#------------------------------------------------------------------
|000001010010110000000000000101> :  0.2212848E+00  0.2228000E+00        2228
|000001110010110000000000000001> :  0.1878045E+00  0.1889000E+00        1889
|110000000100100000000000010011> :  0.1260534E+00  0.1277000E+00        1277
|000001000010110001000001000100> :  0.9916079E-01  0.9460000E-01         946
|100000000100100000000000010111> :  0.6468981E-01  0.6300000E-01         630
|110000000100000000000000110011> :  0.4052181E-01  0.4050000E-01         405
|000000000000101100010000000110> :  0.1432440E-01  0.1610000E-01         161
|000000000000100100010000000111> :  0.1353628E-01  0.1470000E-01         147
|100000010010100000000000000101> :  0.1202516E-01  0.1200000E-01         120
|000000000010101001000011000000> :  0.1144759E-01  0.1180000E-01         118
|000000000000101101010000000100> :  0.1100429E-01  0.1130000E-01         113
|000000000000101101010010000000> :  0.1001585E-01  0.1110000E-01         111
|100000010000100100000000000101> :  0.1128072E-01  0.9700000E-02          97
|000000000000101100010010000010> :  0.1042798E-01  0.8900000E-02          89
|100000000000100100000000000111> :  0.9053770E-02  0.8800000E-02          88
|000000000100101000000000010110> :  0.8003508E-02  0.7400000E-02          74
|000000000010101001000001000100> :  0.8047081E-02  0.7300000E-02          73
|000001010000100100000000000101> :  0.5881159E-02  0.7200000E-02          72
|000000000010101001000000010100> :  0.6515003E-02  0.7000000E-02          70
|000000100000101100010000000010> :  0.7081007E-02  0.6900000E-02          69
|000000000000100100010010000011> :  0.6201254E-02  0.6800000E-02          68
|000001000010100001000000010100> :  0.5961696E-02  0.6300000E-02          63
|000000000100101000000001000110> :  0.6001358E-02  0.6000000E-02          60
|000000000010101001000010010000> :  0.6044880E-02  0.5800000E-02          58
|000000000010001001000011001000> :  0.5639733E-02  0.5600000E-02          56
|000000100000100100010000000011> :  0.4840177E-02  0.5400000E-02          54
|100000010100100000000000000101> :  0.5494599E-02  0.4500000E-02          45
|000000001000101101010000000000> :  0.5189447E-02  0.4500000E-02          45
|000001010010100000000000000101> :  0.4444367E-02  0.4400000E-02          44
|000001000010100000000000010101> :  0.4082822E-02  0.4300000E-02          43
|010000000100101000000000010010> :  0.3031998E-02  0.3500000E-02          35
|110000010000100100000000000001> :  0.2937659E-02  0.3000000E-02          30
|000000000000100100010110000010> :  0.2002146E-02  0.3000000E-02          30
|010000000100101000000001000010> :  0.2737318E-02  0.2800000E-02          28
|010001010000100100000000000001> :  0.2245002E-02  0.2800000E-02          28
|100000000010100000000000010101> :  0.2285562E-02  0.2600000E-02          26
|110000000000100100000000000011> :  0.2624251E-02  0.2200000E-02          22
|000010000000001101010000000100> :  0.2045115E-02  0.2000000E-02          20
|000001110000100100000000000001> :  0.1460009E-02  0.1500000E-02          15
|000000000010100001000111000000> :  0.1375725E-02  0.1500000E-02          15
|000100010010100000000000000101> :  0.1478663E-02  0.1400000E-02          14
|000001000010100001000001000100> :  0.9007313E-03  0.1300000E-02          13
|000000000010000001000111001000> :  0.9519274E-03  0.1300000E-02          13
|000000000010001001000010011000> :  0.9146445E-03  0.1200000E-02          12
|110000010100100000000000000001> :  0.1219831E-02  0.1200000E-02          12
|000010000000001101010010000000> :  0.1406262E-02  0.1100000E-02          11
|000000000100001010000001000110> :  0.9143369E-03  0.1100000E-02          11
|000000000000110000010000000111> :  0.1014147E-02  0.1100000E-02          11
|000001110010100000000000000001> :  0.1000662E-02  0.1000000E-02          10
|000001010000110000000000000101> :  0.1097269E-02  0.1000000E-02          10
|010000000001001001000001001000> :  0.5635935E-03  0.9000000E-03           9
|000000000100001010000000010110> :  0.1056990E-02  0.9000000E-03           9
|000001010010110000000000000100> :  0.5581476E-03  0.8000000E-03           8
|000001000010110000000000000101> :  0.8425074E-03  0.8000000E-03           8
|000010001000001101010000000000> :  0.5824370E-03  0.8000000E-03           8
|100000000100100000000000000111> :  0.1083681E-02  0.7000000E-03           7
|100000000100100000000000010110> :  0.8066328E-03  0.7000000E-03           7
|000000000100100000000000010111> :  0.5361364E-03  0.6000000E-03           6
|000000101000101100010000000000> :  0.6287118E-03  0.6000000E-03           6
|000000010010110000000000000101> :  0.4719828E-03  0.6000000E-03           6
|000000000010110001000001000100> :  0.7334990E-03  0.6000000E-03           6
|100000000100100000000000010101> :  0.3363784E-03  0.5000000E-03           5
|110000000100100000000000000011> :  0.3700730E-03  0.5000000E-03           5
|010001000000110001000001000000> :  0.1303768E-03  0.5000000E-03           5
|000001100010110000000000000001> :  0.1456072E-03  0.5000000E-03           5
|010001010000110000000000000001> :  0.5329094E-03  0.4000000E-03           4
|000000100000110000010000000011> :  0.2475287E-03  0.4000000E-03           4
|000001001000000011100000010000> :  0.4862147E-03  0.4000000E-03           4
|110000000000000100000000100011> :  0.3879695E-03  0.4000000E-03           4
|000001000010110001000000000100> :  0.6393144E-03  0.4000000E-03           4
|000000000000100101010110000000> :  0.5337785E-03  0.3000000E-03           3
|010000000101001000000001000010> :  0.3069756E-03  0.3000000E-03           3
|010000000100100000000000010011> :  0.4847709E-03  0.3000000E-03           3
|010000000100000000000000110011> :  0.3369961E-03  0.3000000E-03           3
|000001110010110000000000000000> :  0.2142799E-03  0.3000000E-03           3
|000001000010110001000001000000> :  0.3400379E-03  0.3000000E-03           3
|000100110010101000000000000000> :  0.5772127E-04  0.2000000E-03           2
|000001000010010001000001000100> :  0.1533947E-03  0.2000000E-03           2
|000001110011110010000000000001> :  0.2144320E-04  0.2000000E-03           2
|000000000001001001000011001000> :  0.2891287E-03  0.2000000E-03           2
|000001010010110000000000000001> :  0.1424260E-03  0.2000000E-03           2
|100000000000100000000000010111> :  0.2186410E-03  0.2000000E-03           2
|100000000100000000000000010111> :  0.1196623E-03  0.2000000E-03           2
|000001110010000000100000000001> :  0.4282067E-03  0.2000000E-03           2
|001011110010110000000000000001> :  0.1690398E-04  0.2000000E-03           2
|000010000010001001000010001000> :  0.2525514E-03  0.2000000E-03           2
|000011000010010001000000000100> :  0.2198195E-03  0.2000000E-03           2
|000011000010000001000000001000> :  0.3696810E-04  0.2000000E-03           2
|110000000100000000000000100011> :  0.1369617E-03  0.2000000E-03           2
|110000000100100000000000010001> :  0.9839398E-04  0.2000000E-03           2
|000001110000110000000000000001> :  0.3664540E-03  0.2000000E-03           2
|000110000000000001010000110000> :  0.2635248E-06  0.1000000E-03           1
|000101000000010100000000010011> :  0.2086622E-09  0.1000000E-03           1
|000001000010000000000000011001> :  0.6528182E-05  0.1000000E-03           1
|000001000000110001000001000100> :  0.4853347E-04  0.1000000E-03           1
|110100000100000010000000110011> :  0.8839519E-05  0.1000000E-03           1
|000100010011000000101100000100> :  0.4364841E-08  0.1000000E-03           1
|000001000000110001000000000100> :  0.1785759E-04  0.1000000E-03           1
|000001000000000011000001000100> :  0.1354894E-04  0.1000000E-03           1
|000100010000101000101100001000> :  0.1053990E-07  0.1000000E-03           1
|000000110010110000000000000001> :  0.5381800E-04  0.1000000E-03           1
|000000110010101010001000000001> :  0.3631593E-05  0.1000000E-03           1
|110000000100000000000000010011> :  0.1204229E-04  0.1000000E-03           1
|110000000000110000100001001000> :  0.1400766E-06  0.1000000E-03           1
|000100000001100000000100010101> :  0.1208971E-06  0.1000000E-03           1
|000000110010010000000000000001> :  0.2029375E-05  0.1000000E-03           1
|000100000000001000011001011000> :  0.1428331E-06  0.1000000E-03           1
|110000000000100000000000010011> :  0.3173952E-04  0.1000000E-03           1
|000011100000110001000100100000> :  0.9372619E-08  0.1000000E-03           1
|000011001000000001100000000000> :  0.5522567E-04  0.1000000E-03           1
|100100000000000100110101000000> :  0.3681724E-07  0.1000000E-03           1
|000100000010001100100010010001> :  0.7947628E-09  0.1000000E-03           1
|000100000011000100000000110000> :  0.4211225E-07  0.1000000E-03           1
|000100001110010000000010000000> :  0.1657600E-07  0.1000000E-03           1
|110000000100100000000000110011> :  0.8207666E-04  0.1000000E-03           1
|000100010010001000000000001000> :  0.3482697E-04  0.1000000E-03           1
|110000010100100000000000000000> :  0.8254454E-05  0.1000000E-03           1
|000100010010101000000000000100> :  0.2389713E-03  0.1000000E-03           1
|110100000100100001000000010011> :  0.9211601E-05  0.1000000E-03           1
|000100100000001001101000000010> :  0.4817085E-09  0.1000000E-03           1
|000100110010000010100100100000> :  0.9847911E-10  0.1000000E-03           1
|000100110010100000000000000001> :  0.4049115E-03  0.1000000E-03           1
|000000100110111101000001000000> :  0.2948672E-07  0.1000000E-03           1
|000000000010101000000001000100> :  0.2218970E-04  0.1000000E-03           1
|100010010011000000001000000101> :  0.1538041E-06  0.1000000E-03           1
|000111000000001010000100000000> :  0.1704173E-09  0.1000000E-03           1
|000011000001110000000000010101> :  0.3801417E-06  0.1000000E-03           1
|000000100100001000010010001100> :  0.1178984E-07  0.1000000E-03           1
|000010110000100000001100001000> :  0.6456289E-08  0.1000000E-03           1
|100001000100100000001000010111> :  0.1851822E-04  0.1000000E-03           1
|100001000000000001001001000110> :  0.2335347E-06  0.1000000E-03           1
|000000100010010010010000001000> :  0.9562420E-08  0.1000000E-03           1
|000000000000101101000000000100> :  0.9250905E-04  0.1000000E-03           1
|000010000010010001000000000100> :  0.2519768E-05  0.1000000E-03           1
|100000010010100000000000000001> :  0.1132861E-04  0.1000000E-03           1
|000000100001001000000001000010> :  0.1104077E-04  0.1000000E-03           1
|000010000010001001000000001000> :  0.1868154E-04  0.1000000E-03           1
|100000000100101000000000010110> :  0.1640852E-05  0.1000000E-03           1
|100000000100100000001001010111> :  0.2443752E-04  0.1000000E-03           1
|000010000010001001000000000100> :  0.3129364E-04  0.1000000E-03           1
|000010000001001000010001011010> :  0.4050449E-08  0.1000000E-03           1
|000000100000101110011000000010> :  0.7219617E-06  0.1000000E-03           1
|100000000100000010000000010110> :  0.2035156E-03  0.1000000E-03           1
|100000000100000010000000010100> :  0.4546287E-05  0.1000000E-03           1
|100000000100000000101000001010> :  0.2013859E-07  0.1000000E-03           1
|000000000000100100010000000110> :  0.1111954E-04  0.1000000E-03           1
|000001110010110000001000010001> :  0.1512633E-04  0.1000000E-03           1
|100000000001100100000000110111> :  0.8530610E-06  0.1000000E-03           1
|100000000000110100010000001111> :  0.1597224E-05  0.1000000E-03           1
|100000000000100100000000000101> :  0.4204279E-05  0.1000000E-03           1
|000000010100001010000000000100> :  0.1079306E-04  0.1000000E-03           1
|000000000010000001001100011001> :  0.4193459E-07  0.1000000E-03           1
|011010010010101000010000000000> :  0.2247472E-07  0.1000000E-03           1
|011001110000100000000000000101> :  0.3415628E-06  0.1000000E-03           1
|011001001000100000010000000100> :  0.1139041E-06  0.1000000E-03           1
|011000101001001000000010000010> :  0.1853673E-08  0.1000000E-03           1
|011000000010101010001000000000> :  0.3090846E-06  0.1000000E-03           1
|010100001000000001010000100000> :  0.4541843E-06  0.1000000E-03           1
|000001100110000001001000000000> :  0.9375219E-06  0.1000000E-03           1
|000000010010101000000000000100> :  0.4822368E-04  0.1000000E-03           1
|000001100010110000000001000000> :  0.1016281E-03  0.1000000E-03           1
|010001010010110000000000000101> :  0.4334915E-06  0.1000000E-03           1
|000000001100001101011000010000> :  0.4754388E-07  0.1000000E-03           1
|010001000101100000101001000000> :  0.5738105E-07  0.1000000E-03           1
|000001011010110000000010000101> :  0.1368119E-04  0.1000000E-03           1
|010001000001000001000001001000> :  0.5789454E-04  0.1000000E-03           1
|000001011010110000000000100101> :  0.3316544E-04  0.1000000E-03           1
|000000000001110100000000110011> :  0.4352534E-07  0.1000000E-03           1
|010001000000110001000000000000> :  0.3112785E-04  0.1000000E-03           1
|010001000000100000101100000001> :  0.1117368E-07  0.1000000E-03           1
|000001010011000110001000000000> :  0.1878668E-06  0.1000000E-03           1
|000001010010110000000100100101> :  0.1955700E-04  0.1000000E-03           1
|010011000000000001100000000000> :  0.3976728E-04  0.1000000E-03           1
|010100000100010000010000001001> :  0.5945026E-07  0.1000000E-03           1
|010000000100000000100000110001> :  0.6440329E-04  0.1000000E-03           1
|000000000000101001000010010000> :  0.2695978E-04  0.1000000E-03           1
|010000000000110000000001000010> :  0.2287575E-04  0.1000000E-03           1
|011001000000000000011001000000> :  0.1065658E-06  0.1000000E-03           1
|010000000000101001000000010000> :  0.7733293E-04  0.1000000E-03           1
|010000000000001001000001001000> :  0.1511139E-04  0.1000000E-03           1
|000001010010100000000000010101> :  0.1802116E-05  0.1000000E-03           1
|011101010001100000000000000001> :  0.1219766E-07  0.1000000E-03           1
|000000000100101000000000010100> :  0.4257155E-04  0.1000000E-03           1
|010000000000001001000000011000> :  0.4134343E-04  0.1000000E-03           1
|010000000000000001101001001010> :  0.2203777E-06  0.1000000E-03           1
|001110100100001000001000000000> :  0.4789946E-06  0.1000000E-03           1
|001100000001100100000000001001> :  0.1091778E-06  0.1000000E-03           1
|000000000100100000001100010011> :  0.3543921E-05  0.1000000E-03           1
|000000000001000100101000010100> :  0.8843028E-07  0.1000000E-03           1
|100000000100000000000000110011> :  0.1047582E-04  0.1000000E-03           1
|001100000000010100000110001000> :  0.1453987E-07  0.1000000E-03           1
|001100000000001000011001010000> :  0.1662194E-06  0.1000000E-03           1
|001100000000000000010101010100> :  0.6418971E-09  0.1000000E-03           1
|000001001000110001000000000000> :  0.5858620E-04  0.1000000E-03           1
|001011001100001001010000000000> :  0.1760122E-07  0.1000000E-03           1
|001011000010110001000000000101> :  0.3208740E-05  0.1000000E-03           1
|001010000001001100001000000100> :  0.3010600E-06  0.1000000E-03           1
|100000000100100000001001010101> :  0.2625276E-05  0.1000000E-03           1
|001001110110110000001000000101> :  0.4305241E-06  0.1000000E-03           1
|000001000010110011001001000100> :  0.7957572E-05  0.1000000E-03           1
|100000000100101000011000010110> :  0.6684893E-05  0.1000000E-03           1
|000000000001000001001000001011> :  0.1156807E-06  0.1000000E-03           1
|000000000000101000000011000010> :  0.4063082E-04  0.1000000E-03           1
|001001110010100000010000000001> :  0.4249646E-05  0.1000000E-03           1
|001001110010010001100000000001> :  0.4107967E-05  0.1000000E-03           1
|100000100100100000001000000111> :  0.1637969E-05  0.1000000E-03           1
|000001000010110001001001001100> :  0.7928231E-05  0.1000000E-03           1
|001001100100110000000010000111> :  0.5312716E-07  0.1000000E-03           1
|100001110011110000000000000101> :  0.2287951E-05  0.1000000E-03           1
|100001111000000000000100100000> :  0.4480684E-09  0.1000000E-03           1
|100010000100011000000010001000> :  0.6511426E-07  0.1000000E-03           1
|100010001101000100011000000000> :  0.3115358E-08  0.1000000E-03           1
|001001010001100100000000000001> :  0.1261035E-05  0.1000000E-03           1
|100011010010001000001100000000> :  0.4251129E-07  0.1000000E-03           1
|001001010000110000010000000101> :  0.2101658E-04  0.1000000E-03           1
|100100010010100000000000000101> :  0.3615773E-05  0.1000000E-03           1
|101000000101100000000000010111> :  0.6753078E-05  0.1000000E-03           1
|110000000000000000000000110011> :  0.1546466E-04  0.1000000E-03           1
|001001010000110000001000000001> :  0.6059014E-05  0.1000000E-03           1
|001001001001110000000000000100> :  0.6580492E-06  0.1000000E-03           1
|001001001000100001001000000100> :  0.6834931E-06  0.1000000E-03           1
|110000000000100100000000000111> :  0.3914240E-05  0.1000000E-03           1
|000000000100001001001100000001> :  0.1281482E-06  0.1000000E-03           1
|000000000000110000010100000010> :  0.1443821E-04  0.1000000E-03           1
|001000100000000001011000000001> :  0.7089637E-06  0.1000000E-03           1
|001000000101110000000000001000> :  0.1831363E-07  0.1000000E-03           1
|001000000101001000001010000100> :  0.4557244E-07  0.1000000E-03           1
|001000000100110100011000000111> :  0.1728236E-07  0.1000000E-03           1
|000000000010110001000101000000> :  0.6216805E-03  0.1000000E-03           1
|110000000100100000000000010111> :  0.1137484E-04  0.1000000E-03           1
|001000000100100000001000010011> :  0.4485425E-05  0.1000000E-03           1
|110000000100100000001001010011> :  0.3404532E-04  0.1000000E-03           1
|110000000100100000101000010011> :  0.2376284E-04  0.1000000E-03           1
|110000010000100100000000000000> :  0.4596591E-05  0.1000000E-03           1
|001000000100000000001110000001> :  0.1295569E-06  0.1000000E-03           1
|001000000011010000000000000111> :  0.8197832E-06  0.1000000E-03           1
|001000000010001000000000011000> :  0.1683359E-04  0.1000000E-03           1
|110001010011100000001000000000> :  0.2176504E-06  0.1000000E-03           1
|000000000000101000000000010110> :  0.3069701E-04  0.1000000E-03           1
|000000000000001111000000000100> :  0.1317529E-04  0.1000000E-03           1
|110100000111000000000001101000> :  0.2945422E-12  0.1000000E-03           1
|110100101000100000000010000000> :  0.3022209E-06  0.1000000E-03           1
|111100000001010000000000000000> :  0.4994124E-09  0.1000000E-03           1
|000000000000001100010010000010> :  0.9109738E-05  0.1000000E-03           1
