# state, exact probability, frequency, count:
#------------------------------------------------------------------
|001100110001000001000010000010> :  0.3502139E+00  0.3483000E+00        3483
|001100111000000001000010000010> :  0.1586500E+00  0.1608000E+00        1608
|010100111000000001100010000000> :  0.8795422E-01  0.8710000E-01         871
|010100111000000001110010000000> :  0.7119975E-01  0.7060000E-01         706
|001100100101000001000010000010> :  0.5907653E-01  0.6080000E-01         608
|010000111000000001100010100000> :  0.5684621E-01  0.5770000E-01         577
|001100100101100001000010000010> :  0.4606128E-01  0.4500000E-01         450
|010000111000000001110010100000> :  0.4404396E-01  0.4110000E-01         411
|010000111000000001100010000000> :  0.1791692E-02  0.2100000E-02          21
|001000111000000001000010100000> :  0.1082179E-02  0.1500000E-02          15
|010100111000000001100010100000> :  0.1069189E-02  0.1300000E-02          13
|001100110000000001000010000010> :  0.6146328E-03  0.1000000E-02          10
|010000111000000001111010000000> :  0.1189471E-02  0.9000000E-03           9
|001100110101000001000010000010> :  0.9944634E-03  0.9000000E-03           9
|010000111000000001110010000000> :  0.5422019E-03  0.7000000E-03           7
|001100111000000001010010000010> :  0.4157512E-03  0.7000000E-03           7
|001100110001100001000010000010> :  0.9174867E-03  0.7000000E-03           7
|000100110000000001010010100000> :  0.2270595E-03  0.7000000E-03           7
|010100111000000001111000000000> :  0.3713279E-03  0.7000000E-03           7
|001100110001000001000010000000> :  0.3464386E-03  0.7000000E-03           7
|010101001000000001110010100000> :  0.2557008E-03  0.6000000E-03           6
|010000111000000000110010100100> :  0.2477270E-03  0.6000000E-03           6
|010100101000000001110010000000> :  0.2028114E-03  0.6000000E-03           6
|001100110001000000000010000100> :  0.5169931E-03  0.6000000E-03           6
|001100111000000001110010000000> :  0.3389860E-03  0.6000000E-03           6
|001100110001000001010110100010> :  0.3578300E-03  0.5000000E-03           5
|000000111000000001100010100000> :  0.1865113E-03  0.5000000E-03           5
|010101001000000100100010000000> :  0.6864529E-03  0.5000000E-03           5
|001100111000000001010010100000> :  0.2949246E-03  0.5000000E-03           5
|001100110001001001010110000010> :  0.3661424E-03  0.5000000E-03           5
|000100011000100001110000100100> :  0.1614007E-03  0.5000000E-03           5
|001100101001100001000010000010> :  0.2578012E-03  0.5000000E-03           5
|010100100100000000110010100100> :  0.1791323E-03  0.4000000E-03           4
|001100011000000001000010000010> :  0.3084098E-03  0.4000000E-03           4
|001000111000000001110010100000> :  0.2389869E-03  0.4000000E-03           4
|010100111000100000110000100000> :  0.2919682E-03  0.4000000E-03           4
|010100011000000000110010100000> :  0.1322343E-03  0.4000000E-03           4
|001100100101100001000010100000> :  0.2425772E-03  0.4000000E-03           4
|010101001000000001100010000000> :  0.1440153E-03  0.4000000E-03           4
|001100110001000001000000000010> :  0.2007287E-03  0.4000000E-03           4
|010100111000000000110000100100> :  0.1183946E-03  0.4000000E-03           4
|010100011000100100110000100000> :  0.1106097E-03  0.4000000E-03           4
|010100101000000001100010000000> :  0.2780813E-03  0.4000000E-03           4
|001100110101100000000010000010> :  0.1388030E-03  0.4000000E-03           4
|010000111000000001000010100000> :  0.3937530E-03  0.4000000E-03           4
|001000100001000000000010101100> :  0.2229492E-03  0.4000000E-03           4
|001000111000000000000010100100> :  0.3679601E-03  0.4000000E-03           4
|010000101000000101110010100000> :  0.2431190E-03  0.4000000E-03           4
|010100001000000001100010100001> :  0.7185670E-04  0.3000000E-03           3
|010100111000000001010010000000> :  0.1127005E-03  0.3000000E-03           3
|000001000010000000111000000100> :  0.5246628E-04  0.3000000E-03           3
|001100011000001001010010000010> :  0.1151589E-03  0.3000000E-03           3
|000100100101100001000010000010> :  0.1358960E-03  0.3000000E-03           3
|010100111000000000110010100000> :  0.3292122E-03  0.3000000E-03           3
|001100110001000001000110010010> :  0.3329060E-03  0.3000000E-03           3
|010100011000100001110000100000> :  0.3527348E-03  0.3000000E-03           3
|001100010001001000000000010010> :  0.6995983E-03  0.3000000E-03           3
|010100111000000000110010000100> :  0.3678848E-03  0.3000000E-03           3
|010000111000000100110010100000> :  0.2454008E-03  0.3000000E-03           3
|001100110001001001000110000010> :  0.5080577E-04  0.3000000E-03           3
|000100110001000001010010100100> :  0.4961627E-04  0.3000000E-03           3
|001100100101000000000010000010> :  0.5270731E-03  0.3000000E-03           3
|001100110101100001000000000010> :  0.1466408E-03  0.3000000E-03           3
|010100111000000001110000000000> :  0.2165048E-03  0.3000000E-03           3
|001100101000100001000010000011> :  0.2959986E-04  0.3000000E-03           3
|001100111000000001000110100010> :  0.2622802E-03  0.3000000E-03           3
|000100110101000100010010100000> :  0.4888020E-04  0.3000000E-03           3
|010100111000000100110010000000> :  0.3634090E-03  0.3000000E-03           3
|010100100001101110000000000000> :  0.3612245E-04  0.3000000E-03           3
|001000110001000000000010100100> :  0.1671411E-03  0.3000000E-03           3
|001100100101100000000010000110> :  0.2576200E-03  0.3000000E-03           3
|010000011000000001110010100000> :  0.1229608E-03  0.3000000E-03           3
|010100011000100000110010100000> :  0.3769073E-03  0.3000000E-03           3
|000100111000000001100010000000> :  0.7640467E-03  0.3000000E-03           3
|001100111000000001000010100000> :  0.2719858E-03  0.3000000E-03           3
|001000000001000100011010010000> :  0.7386318E-06  0.2000000E-03           2
|010000111100000001100010101000> :  0.1389853E-04  0.2000000E-03           2
|001000110001000001000010000010> :  0.2839357E-04  0.2000000E-03           2
|001100110000000011010110000010> :  0.1635432E-03  0.2000000E-03           2
|010100010000000100110011100000> :  0.5611457E-04  0.2000000E-03           2
|001000111000000001001010000011> :  0.2194531E-05  0.2000000E-03           2
|001100110001000001010010100010> :  0.1661268E-03  0.2000000E-03           2
|000100110101100001000010000010> :  0.1502666E-03  0.2000000E-03           2
|000100111000000001110010000100> :  0.3503034E-03  0.2000000E-03           2
|000000010010000000100001100100> :  0.7629650E-04  0.2000000E-03           2
|001101111000101000000000000010> :  0.2765976E-04  0.2000000E-03           2
|000000111000000001110010100100> :  0.2311014E-03  0.2000000E-03           2
|010100111010000100100010000010> :  0.7444820E-05  0.2000000E-03           2
|000100101000000101110010100000> :  0.4025214E-04  0.2000000E-03           2
|000100100101000001000010000010> :  0.3338699E-03  0.2000000E-03           2
|010100101000000101110010000000> :  0.3518235E-03  0.2000000E-03           2
|010101011000000001110010000000> :  0.3535290E-03  0.2000000E-03           2
|000100100001000101010011000010> :  0.6841903E-04  0.2000000E-03           2
|010000111000000001110110100000> :  0.1622674E-03  0.2000000E-03           2
|010101101000000001110010000000> :  0.3495399E-03  0.2000000E-03           2
|000000101000000100100010100000> :  0.1669848E-04  0.2000000E-03           2
|001100110101000001000110000010> :  0.2233311E-03  0.2000000E-03           2
|001100110101100001000010000100> :  0.1020176E-03  0.2000000E-03           2
|001100110101100000000010000110> :  0.1472971E-03  0.2000000E-03           2
|001100110101100001000010000010> :  0.5759031E-03  0.2000000E-03           2
|001000100011100001000110000010> :  0.2331012E-04  0.2000000E-03           2
|001100100101000001000010000000> :  0.1479928E-03  0.2000000E-03           2
|011100111010000001000110000010> :  0.1361020E-03  0.2000000E-03           2
|101100111000000001011010000010> :  0.6763030E-04  0.2000000E-03           2
|001100111100000001000010001010> :  0.2028412E-03  0.2000000E-03           2
|001100111100100001000010000010> :  0.3442609E-03  0.2000000E-03           2
|001101111000000000000110000010> :  0.7151179E-04  0.2000000E-03           2
|010100100100000001110110100000> :  0.1315965E-03  0.2000000E-03           2
|010100000100000001110010100001> :  0.8095491E-04  0.2000000E-03           2
|000100010001000001000010000010> :  0.2168813E-04  0.2000000E-03           2
|010000111000000001010010100000> :  0.2427378E-03  0.2000000E-03           2
|001100111000000001000011010010> :  0.2270929E-04  0.2000000E-03           2
|010000111100000001101100000000> :  0.3687661E-04  0.2000000E-03           2
|010100010000000001110000110000> :  0.2049455E-04  0.2000000E-03           2
|010100011000000001110010000000> :  0.1897287E-03  0.2000000E-03           2
|001100000101000001000010000010> :  0.1096545E-03  0.2000000E-03           2
|010100111000000001100110000001> :  0.4554738E-04  0.2000000E-03           2
|001100010101100001000010000010> :  0.1360281E-03  0.2000000E-03           2
|010100111000000100110000100000> :  0.2160651E-03  0.2000000E-03           2
|001100100001001001000110000010> :  0.1421507E-04  0.2000000E-03           2
|001100101000001001010010000010> :  0.1263431E-03  0.2000000E-03           2
|001100100011000001000100000010> :  0.4904078E-04  0.2000000E-03           2
|001100110001000001000011001010> :  0.6025596E-04  0.2000000E-03           2
|101100110001000001001010000010> :  0.5872476E-04  0.2000000E-03           2
|000100111010100001100010000100> :  0.4918883E-04  0.2000000E-03           2
|001100110001000011010010000011> :  0.5130921E-04  0.2000000E-03           2
|101100100101100001100010000010> :  0.2386687E-04  0.2000000E-03           2
|000100110001000001000010000010> :  0.2215517E-03  0.2000000E-03           2
|010000011000100000101000000000> :  0.1691717E-04  0.2000000E-03           2
|000100111000000001110010000000> :  0.1596027E-03  0.2000000E-03           2
|000100001000001001110010100101> :  0.3425304E-04  0.2000000E-03           2
|001100100100100101100000000000> :  0.5340859E-05  0.2000000E-03           2
|001100100001100001000010000010> :  0.1315388E-03  0.2000000E-03           2
|010100111010000001100110000001> :  0.2123858E-03  0.2000000E-03           2
|001100100101000001000110100010> :  0.8730988E-04  0.2000000E-03           2
|010100111000000001100000000000> :  0.1901503E-03  0.2000000E-03           2
|010100111000000000100010100000> :  0.1855293E-03  0.2000000E-03           2
|000100000100000110110010100001> :  0.7821432E-07  0.1000000E-03           1
|000100000100000110000010000010> :  0.5719961E-04  0.1000000E-03           1
|000000101001000001010001000000> :  0.5665951E-06  0.1000000E-03           1
|000100000100000100100000000001> :  0.8198173E-06  0.1000000E-03           1
|000100000100000100000010000011> :  0.8607449E-04  0.1000000E-03           1
|000000101000011000100010100000> :  0.7960697E-06  0.1000000E-03           1
|000000010011000000000001100100> :  0.3467006E-04  0.1000000E-03           1
|000100000100000001000010000011> :  0.2398845E-04  0.1000000E-03           1
|000100000100000000100001011001> :  0.7136658E-06  0.1000000E-03           1
|000000101000010100010001000011> :  0.2601646E-06  0.1000000E-03           1
|000100000001100101000000000101> :  0.6559383E-07  0.1000000E-03           1
|000100000000000000100011000101> :  0.3958336E-04  0.1000000E-03           1
|000000101000010000000010111000> :  0.5922340E-06  0.1000000E-03           1
|000000010010110000000010110000> :  0.1490750E-05  0.1000000E-03           1
|000000001000000010100000011000> :  0.8380007E-06  0.1000000E-03           1
|000010110001010000000000010000> :  0.2565972E-06  0.1000000E-03           1
|000010110000000000001001010100> :  0.1967723E-06  0.1000000E-03           1
|000000101000001011110010100101> :  0.1759630E-05  0.1000000E-03           1
|000010010001000001100110000001> :  0.6261216E-06  0.1000000E-03           1
|000100111000100011100010000000> :  0.7788674E-05  0.1000000E-03           1
|000010001100000100000011011001> :  0.3383646E-05  0.1000000E-03           1
|000000101000000110010000100100> :  0.3412606E-05  0.1000000E-03           1
|000010001100000100000011001001> :  0.3701831E-05  0.1000000E-03           1
|000100111000000100110010100000> :  0.6929261E-04  0.1000000E-03           1
|000010001000000000010011010010> :  0.9433781E-07  0.1000000E-03           1
|000010001000000000010001001000> :  0.8530338E-06  0.1000000E-03           1
|000010001000000000000001011001> :  0.2643065E-05  0.1000000E-03           1
|000000101000000001110011000000> :  0.5671062E-04  0.1000000E-03           1
|000000010001100000010110100000> :  0.3220919E-07  0.1000000E-03           1
|000000001000000001111011000100> :  0.8420785E-05  0.1000000E-03           1
|000000000010100101001000001000> :  0.5312854E-07  0.1000000E-03           1
|000010000010001000000100010010> :  0.6021840E-07  0.1000000E-03           1
|000001110001100000011000000100> :  0.5179330E-07  0.1000000E-03           1
|000000101000000001110010100101> :  0.1838950E-04  0.1000000E-03           1
|000001110000000000000100010000> :  0.1459553E-05  0.1000000E-03           1
|000001100100001001110010000001> :  0.1029254E-05  0.1000000E-03           1
|000000101000000001010011000010> :  0.1629545E-04  0.1000000E-03           1
|000000010001010001001010000001> :  0.1114690E-06  0.1000000E-03           1
|000001100011000000001000010100> :  0.1883761E-07  0.1000000E-03           1
|000001100000000000000100010001> :  0.7277969E-05  0.1000000E-03           1
|000000101000000001010001000000> :  0.8861443E-05  0.1000000E-03           1
|000001011000001000100100100000> :  0.1387025E-06  0.1000000E-03           1
|000001001000011110001100110010> :  0.4576359E-10  0.1000000E-03           1
|000000100101100101100010100000> :  0.1107414E-04  0.1000000E-03           1
|000000010000100001110011100000> :  0.8170306E-06  0.1000000E-03           1
|000000000110010001001010000001> :  0.3986613E-07  0.1000000E-03           1
|000001001000000001111011000100> :  0.6170782E-06  0.1000000E-03           1
|000001000010001100000100001010> :  0.5552542E-07  0.1000000E-03           1
|000000100101000100000010000010> :  0.5284235E-05  0.1000000E-03           1
|000100110001001000000000000010> :  0.4297826E-04  0.1000000E-03           1
|000001000001001110000001100000> :  0.2273089E-07  0.1000000E-03           1
|000000100100000100100010100000> :  0.3171446E-04  0.1000000E-03           1
|000000010000100000100001100100> :  0.7449597E-04  0.1000000E-03           1
|000001000000100000010101100100> :  0.9453377E-09  0.1000000E-03           1
|000100110001000001010010100010> :  0.7150865E-05  0.1000000E-03           1
|000100110001000001010010100000> :  0.2551800E-04  0.1000000E-03           1
|000001000000001000010000101001> :  0.1898922E-06  0.1000000E-03           1
|000000100100000010001000001110> :  0.8165049E-09  0.1000000E-03           1
|000100110001000001000011001010> :  0.5345957E-05  0.1000000E-03           1
|001100011010000001000110000000> :  0.7635357E-06  0.1000000E-03           1
|000100110001000001010110000001> :  0.3870054E-06  0.1000000E-03           1
|000100110001000011100000010010> :  0.7912970E-07  0.1000000E-03           1
|000100110001000100010010100100> :  0.4496322E-05  0.1000000E-03           1
|001100100001100001010010000011> :  0.9419584E-05  0.1000000E-03           1
|000100110001001000010011000010> :  0.2523248E-05  0.1000000E-03           1
|000100110001010001000001000011> :  0.3340132E-06  0.1000000E-03           1
|000100110001110000000010010000> :  0.1248858E-06  0.1000000E-03           1
|000100110010000001000110100001> :  0.5413712E-07  0.1000000E-03           1
|000100110010000100100010010000> :  0.1746666E-06  0.1000000E-03           1
|000100110010110000000001000010> :  0.3084715E-06  0.1000000E-03           1
|000100110011000100111000000000> :  0.1089142E-07  0.1000000E-03           1
|000100110100000001000110100000> :  0.1409705E-05  0.1000000E-03           1
|000100110100000001110010100000> :  0.9478923E-04  0.1000000E-03           1
|000100110100000001110110100000> :  0.4032087E-04  0.1000000E-03           1
|001100100101100001000000000010> :  0.1435219E-03  0.1000000E-03           1
|011100111000010001011010000000> :  0.2281508E-06  0.1000000E-03           1
|000100110111000100010100100000> :  0.1469492E-05  0.1000000E-03           1
|000100111000000000000010000010> :  0.4399693E-04  0.1000000E-03           1
|000100111000000000010010100000> :  0.3741867E-04  0.1000000E-03           1
|000100111000000000100010000100> :  0.2642780E-03  0.1000000E-03           1
|000100111000000000100010100100> :  0.2625206E-04  0.1000000E-03           1
|000100111000000001000000000010> :  0.1269609E-04  0.1000000E-03           1
|000100111000000001000010000010> :  0.1907904E-03  0.1000000E-03           1
|000100111000000001010000100000> :  0.3273286E-04  0.1000000E-03           1
|001100101100000001001110000011> :  0.3368333E-07  0.1000000E-03           1
|000100111000000001100010100000> :  0.1255417E-03  0.1000000E-03           1
|001100110000000000010010100110> :  0.8897720E-05  0.1000000E-03           1
|000100111000000001110010000010> :  0.3527689E-03  0.1000000E-03           1
|101000111000000000010010000010> :  0.1920419E-05  0.1000000E-03           1
|001100110001000000000000000100> :  0.4898061E-04  0.1000000E-03           1
|000100111000001000000000000010> :  0.2952371E-04  0.1000000E-03           1
|000100111000001000110010000000> :  0.1631028E-05  0.1000000E-03           1
|000100111000010001100010010000> :  0.2861829E-04  0.1000000E-03           1
|001100110001000001001010100010> :  0.9260834E-05  0.1000000E-03           1
|000100111000110001100010001010> :  0.1861267E-05  0.1000000E-03           1
|000100111000111000000000000001> :  0.3533553E-06  0.1000000E-03           1
|000100111001000010001000000000> :  0.1139104E-06  0.1000000E-03           1
|000100111001001000000011010000> :  0.3617168E-07  0.1000000E-03           1
|000100111001110001010010000011> :  0.3998691E-07  0.1000000E-03           1
|000100111010000001000000000011> :  0.1209039E-05  0.1000000E-03           1
|110010111001000001000010010000> :  0.9631679E-08  0.1000000E-03           1
|000100111011100011100100010000> :  0.8983948E-10  0.1000000E-03           1
|000100111100000000100010001010> :  0.3969529E-06  0.1000000E-03           1
|000100111101000001000010001000> :  0.1702583E-04  0.1000000E-03           1
|000100111101100001000010001010> :  0.1636392E-05  0.1000000E-03           1
|000101000000000010000101010000> :  0.1089689E-06  0.1000000E-03           1
|000101000000001001010010000010> :  0.3641153E-06  0.1000000E-03           1
|000101000001100001000010000010> :  0.1078989E-05  0.1000000E-03           1
|000101000001110000000000000001> :  0.4653176E-05  0.1000000E-03           1
|000101000011100000000000000010> :  0.4730287E-07  0.1000000E-03           1
|000101000100000000100001010100> :  0.3181383E-06  0.1000000E-03           1
|000101000100000101110010100000> :  0.1463415E-05  0.1000000E-03           1
|000101000100001100110010100101> :  0.7755199E-07  0.1000000E-03           1
|000101001000000001010010100000> :  0.6019925E-04  0.1000000E-03           1
|000101001000000001100010000000> :  0.3103108E-04  0.1000000E-03           1
|000101001000110100100010000001> :  0.1803528E-06  0.1000000E-03           1
|000101010000000010000110000101> :  0.2418604E-06  0.1000000E-03           1
|010100111000001011110100000000> :  0.1769962E-05  0.1000000E-03           1
|000001000000000011100100010000> :  0.1200994E-07  0.1000000E-03           1
|000100110001000000000010000100> :  0.3373645E-04  0.1000000E-03           1
|000100110000011011010010000000> :  0.1510246E-07  0.1000000E-03           1
|000001000000000001100100011000> :  0.3822228E-07  0.1000000E-03           1
|000000100010010100000110000010> :  0.8462235E-06  0.1000000E-03           1
|000000010000001100010010000011> :  0.1389744E-05  0.1000000E-03           1
|000000000110001100010101000000> :  0.3244311E-07  0.1000000E-03           1
|000000000010100001000011101000> :  0.8851748E-06  0.1000000E-03           1
|000000000000001110000100101001> :  0.9878799E-06  0.1000000E-03           1
|000100110000001011010100000011> :  0.1244027E-06  0.1000000E-03           1
|000100110000000011100110000000> :  0.2520458E-05  0.1000000E-03           1
|000000111100000100100010001010> :  0.2023948E-06  0.1000000E-03           1
|000100110000000001110010100000> :  0.6629374E-04  0.1000000E-03           1
|000100110000000001010100110000> :  0.8633436E-05  0.1000000E-03           1
|000000111010100001100010100000> :  0.3620135E-04  0.1000000E-03           1
|000000100010000000000101010000> :  0.1731699E-05  0.1000000E-03           1
|001100001010000000000010010101> :  0.3894725E-06  0.1000000E-03           1
|000100110000000001010000010001> :  0.3697749E-06  0.1000000E-03           1
|000000111010010001100010100000> :  0.3852586E-04  0.1000000E-03           1
|000100101100000100110010100100> :  0.2198544E-05  0.1000000E-03           1
|000100101100000011100000010000> :  0.1266733E-05  0.1000000E-03           1
|000000111001000010001100010000> :  0.2627256E-06  0.1000000E-03           1
|000000100001000101010001100000> :  0.1659792E-06  0.1000000E-03           1
|000000010000000010000101100001> :  0.1634881E-06  0.1000000E-03           1
|000100101100000001010010000011> :  0.1062881E-04  0.1000000E-03           1
|000100101000001000001000001010> :  0.1170597E-05  0.1000000E-03           1
|000000111000000010011000100001> :  0.9646265E-08  0.1000000E-03           1
|001011001000000001000000010100> :  0.2263081E-07  0.1000000E-03           1
|001010111000000001000010101000> :  0.6080664E-04  0.1000000E-03           1
|000100101000000100100010000000> :  0.4596547E-04  0.1000000E-03           1
|000000100000010100000000011100> :  0.1032787E-06  0.1000000E-03           1
|000100101000000100000010011010> :  0.3267606E-06  0.1000000E-03           1
|000100101000000010010100000001> :  0.3635723E-09  0.1000000E-03           1
|000000111000000001110010000001> :  0.1849266E-04  0.1000000E-03           1
|000100101000000001110001000000> :  0.2952323E-04  0.1000000E-03           1
|000100100110101001000000000010> :  0.1166882E-07  0.1000000E-03           1
|000000111000000001100010101010> :  0.1403738E-05  0.1000000E-03           1
|000000100000001110000001100001> :  0.1053303E-06  0.1000000E-03           1
|000000010000000001000101100101> :  0.1651254E-07  0.1000000E-03           1
|000000000101010000110000010100> :  0.8350902E-07  0.1000000E-03           1
|000100100101100010100000000000> :  0.4298036E-06  0.1000000E-03           1
|010100010001110000000010000100> :  0.4140063E-06  0.1000000E-03           1
|001000111000001001010010000000> :  0.1158147E-04  0.1000000E-03           1
|000100100101000101000011001000> :  0.9783860E-06  0.1000000E-03           1
|000100100101000001010011000010> :  0.1853872E-04  0.1000000E-03           1
|000000111000000001011010000010> :  0.3653937E-06  0.1000000E-03           1
|000000100000001010001000100000> :  0.6362857E-07  0.1000000E-03           1
|000100100101000001001010001010> :  0.5217325E-05  0.1000000E-03           1
|001000111000000001000000100000> :  0.3637754E-04  0.1000000E-03           1
|000000111000000000100010000100> :  0.1765737E-04  0.1000000E-03           1
|000100100100100001000010001000> :  0.1668115E-05  0.1000000E-03           1
|000100100100000100100010000000> :  0.6589915E-04  0.1000000E-03           1
|000000111000000000000110010010> :  0.1405818E-05  0.1000000E-03           1
|000000100000001001010000110000> :  0.6878820E-06  0.1000000E-03           1
|000000001110000000100010110000> :  0.6750445E-06  0.1000000E-03           1
|000100100100000001110011000000> :  0.8220993E-05  0.1000000E-03           1
|000100100100000000100010000100> :  0.8375865E-04  0.1000000E-03           1
|000000110110000000111100010100> :  0.3946383E-07  0.1000000E-03           1
|000100100011000100000100100010> :  0.6473571E-06  0.1000000E-03           1
|000100100010010000000010000110> :  0.1795781E-06  0.1000000E-03           1
|000000110110000000100100000101> :  0.1065682E-06  0.1000000E-03           1
|000000100000000100001010010100> :  0.3540025E-06  0.1000000E-03           1
|000100100010000100000111000010> :  0.1692298E-06  0.1000000E-03           1
|001000110000100101000000000000> :  0.2620955E-05  0.1000000E-03           1
|001000101100100001000110000011> :  0.5068198E-07  0.1000000E-03           1
|000100100001101010000001000100> :  0.6919660E-05  0.1000000E-03           1
|000000110100001010110010100101> :  0.2126056E-06  0.1000000E-03           1
|001000101000010000001000000001> :  0.5077081E-06  0.1000000E-03           1
|001000101000000001010110000010> :  0.1383186E-05  0.1000000E-03           1
|001000110000110000000010100100> :  0.1017806E-04  0.1000000E-03           1
|001000110001000000000000100100> :  0.2365443E-04  0.1000000E-03           1
|010001001000000001110011000000> :  0.1413547E-04  0.1000000E-03           1
|001000110001000000000110000011> :  0.6189397E-05  0.1000000E-03           1
|010001100000001000000001010000> :  0.7913736E-07  0.1000000E-03           1
|001000110001000001010011000010> :  0.4342851E-04  0.1000000E-03           1
|001000110001000011000010000011> :  0.1093279E-05  0.1000000E-03           1
|001000110001000011010000000010> :  0.3289072E-05  0.1000000E-03           1
|001000110001001001010010000010> :  0.9311603E-05  0.1000000E-03           1
|001000110010001000010000100010> :  0.6362005E-07  0.1000000E-03           1
|001000110101000000000110010000> :  0.2598368E-05  0.1000000E-03           1
|001000110101000010000110000000> :  0.1627410E-05  0.1000000E-03           1
|010100000000000100100011000001> :  0.4480684E-04  0.1000000E-03           1
|001000111000000001000000000010> :  0.9567167E-05  0.1000000E-03           1
|010100000100001001100110100001> :  0.1520365E-04  0.1000000E-03           1
|001000111000000001000010000010> :  0.8077580E-04  0.1000000E-03           1
|010100001000000100100010000001> :  0.1625844E-03  0.1000000E-03           1
|010100001000000101110010100000> :  0.1118700E-03  0.1000000E-03           1
|010100001000100000110010100100> :  0.5878492E-04  0.1000000E-03           1
|001000111000000101100010100101> :  0.5017760E-09  0.1000000E-03           1
|001000111000001001000010000010> :  0.2909110E-06  0.1000000E-03           1
|001000111000001001010000010010> :  0.1881326E-05  0.1000000E-03           1
|010100010010000000110001100100> :  0.2526227E-05  0.1000000E-03           1
|001000111000001001010010000010> :  0.1684475E-03  0.1000000E-03           1
|001000111000100101000010100000> :  0.3158782E-04  0.1000000E-03           1
|001000111000100101100010100000> :  0.4270576E-06  0.1000000E-03           1
|001000111100000000000100010000> :  0.1714997E-05  0.1000000E-03           1
|001001010100000000000100010000> :  0.6683451E-05  0.1000000E-03           1
|001001100000000000000100000101> :  0.4259643E-08  0.1000000E-03           1
|001001101000001000000110100000> :  0.2274322E-06  0.1000000E-03           1
|001001110100000000000110000010> :  0.8777992E-06  0.1000000E-03           1
|001010001001000000000000110100> :  0.1810274E-06  0.1000000E-03           1
|001010100100000000000110010000> :  0.1492212E-06  0.1000000E-03           1
|001010100100001000100100000000> :  0.2542305E-08  0.1000000E-03           1
|010100100100000001110110000001> :  0.4519073E-05  0.1000000E-03           1
|001010111000000001000010110000> :  0.4685220E-05  0.1000000E-03           1
|010100101000000000110010100000> :  0.1174099E-03  0.1000000E-03           1
|001100000001000001001010000011> :  0.2296309E-05  0.1000000E-03           1
|001100000001001000000000010010> :  0.3049346E-05  0.1000000E-03           1
|001100000001101101000000000010> :  0.7660502E-05  0.1000000E-03           1
|001100000010010000000010000011> :  0.7633926E-07  0.1000000E-03           1
|001100000011001000010010101000> :  0.1418103E-05  0.1000000E-03           1
|001100000100000011000010000010> :  0.2785654E-04  0.1000000E-03           1
|010100110000000001100010011000> :  0.6100125E-05  0.1000000E-03           1
|001100000101100001000010000010> :  0.1356893E-03  0.1000000E-03           1
|001100000101110000000010000000> :  0.1629280E-05  0.1000000E-03           1
|001100000111100001000110000010> :  0.5926159E-05  0.1000000E-03           1
|001100001000110000000010000101> :  0.1528116E-05  0.1000000E-03           1
|010100111000000000110000100000> :  0.1518795E-03  0.1000000E-03           1
|001100001010000100000010010010> :  0.1712322E-06  0.1000000E-03           1
|001100010000000000110010100010> :  0.1819037E-07  0.1000000E-03           1
|001100010000001001010010010010> :  0.3020740E-04  0.1000000E-03           1
|001100010000100001000000001010> :  0.4195304E-05  0.1000000E-03           1
|001100010000100101100010000000> :  0.1633047E-05  0.1000000E-03           1
|001100010001000001000000010010> :  0.1105989E-03  0.1000000E-03           1
|001100010001000001000010000010> :  0.1327290E-03  0.1000000E-03           1
|001100010001000001010010100010> :  0.8977881E-05  0.1000000E-03           1
|010100111000000001110000100000> :  0.1152010E-04  0.1000000E-03           1
|001100010001011000100000000100> :  0.1073986E-05  0.1000000E-03           1
|001100010011000001000110000010> :  0.2244113E-04  0.1000000E-03           1
|001100010011001000000000000000> :  0.6683820E-04  0.1000000E-03           1
|001100010100000001110010100000> :  0.4378595E-05  0.1000000E-03           1
|010100111000001011110110000000> :  0.3354298E-05  0.1000000E-03           1
|010100111000010001100010010000> :  0.2475461E-04  0.1000000E-03           1
|001100011000000001000110100010> :  0.2532634E-05  0.1000000E-03           1
|001100011000000001010000010011> :  0.1892096E-05  0.1000000E-03           1
|001100011000000001010000110000> :  0.3269843E-05  0.1000000E-03           1
|001100011000000001010010100000> :  0.5004228E-04  0.1000000E-03           1
|001100011000000011001010000010> :  0.3301411E-05  0.1000000E-03           1
|010100111100000000000010001000> :  0.1099496E-05  0.1000000E-03           1
|010101000000000001100010000000> :  0.1720270E-04  0.1000000E-03           1
|001100011010010010000010000100> :  0.3204675E-06  0.1000000E-03           1
|001100100000000010000110010000> :  0.2868839E-05  0.1000000E-03           1
|001100100001000001010110000000> :  0.4549842E-04  0.1000000E-03           1
|001100100001001000000110010010> :  0.9458971E-06  0.1000000E-03           1
|010101001000100001100010001000> :  0.1855544E-04  0.1000000E-03           1
|010101011000011000100000000100> :  0.2163478E-07  0.1000000E-03           1
|001100100001100001001010001010> :  0.2573021E-04  0.1000000E-03           1
|010101111000000000110110000100> :  0.8694631E-06  0.1000000E-03           1
|001100100001100101000000000010> :  0.3049280E-04  0.1000000E-03           1
|001100100011000000000110000010> :  0.2223571E-05  0.1000000E-03           1
|010110110000010000000000010100> :  0.1586371E-06  0.1000000E-03           1
|001100100011010000000010000111> :  0.6085075E-06  0.1000000E-03           1
|001100100100000001000010000010> :  0.8655001E-04  0.1000000E-03           1
|001100100100000011000010000010> :  0.1350997E-04  0.1000000E-03           1
|001100100100100001000010000010> :  0.1328483E-03  0.1000000E-03           1
|001100100100100011000010000100> :  0.3074449E-04  0.1000000E-03           1
|011000010001010001100000100000> :  0.3676362E-06  0.1000000E-03           1
|011000011000000001010010000010> :  0.2306900E-05  0.1000000E-03           1
|001100100101000000000010000100> :  0.1424122E-03  0.1000000E-03           1
|001100100101000000001010010010> :  0.3199575E-06  0.1000000E-03           1
|011001001000000100010010101000> :  0.1789712E-06  0.1000000E-03           1
|011011101100000001000011011000> :  0.1329754E-07  0.1000000E-03           1
|011100000011000110000001000010> :  0.1563124E-07  0.1000000E-03           1
|001100100101000001010001000010> :  0.2034814E-04  0.1000000E-03           1
|001100100101000001010110000011> :  0.1039480E-04  0.1000000E-03           1
|001100100101011000000010000010> :  0.1047378E-05  0.1000000E-03           1
|001100100101100000000000000001> :  0.6316633E-05  0.1000000E-03           1
|001100100101100000000010000010> :  0.1157788E-03  0.1000000E-03           1
|011100110001010001000010000010> :  0.7498731E-04  0.1000000E-03           1
|011100110011100001000010000010> :  0.1474503E-04  0.1000000E-03           1
|001100100101100001000010000000> :  0.1235923E-03  0.1000000E-03           1
|011100111010000001000010000010> :  0.4488426E-04  0.1000000E-03           1
|011100111010000001010110000010> :  0.3046716E-04  0.1000000E-03           1
|001100100101100001000011010010> :  0.1374977E-04  0.1000000E-03           1
|001100100101100011000000000000> :  0.1339414E-04  0.1000000E-03           1
|001100100101100100000010000000> :  0.3516330E-05  0.1000000E-03           1
|001100100110010001000010000010> :  0.5206162E-04  0.1000000E-03           1
|001100100111110001000010010010> :  0.6883525E-05  0.1000000E-03           1
|001100101000000001000110010010> :  0.1218550E-04  0.1000000E-03           1
|001100101000000001010010100000> :  0.6001448E-04  0.1000000E-03           1
|001100101000000001010010100100> :  0.5434776E-04  0.1000000E-03           1
|001100101000001001000110100000> :  0.1026516E-05  0.1000000E-03           1
|001100101000001001010010000000> :  0.6888805E-05  0.1000000E-03           1
|100001011100001000000001000000> :  0.1676469E-06  0.1000000E-03           1
|100010010000000000010011000000> :  0.6971032E-07  0.1000000E-03           1
|001100101000100101100010000000> :  0.5786698E-05  0.1000000E-03           1
|100100000100000000110010000010> :  0.4318279E-06  0.1000000E-03           1
|001100101010000001000010000001> :  0.1414976E-05  0.1000000E-03           1
|001100101010000001000110010010> :  0.1150008E-04  0.1000000E-03           1
|100100010100100000000000001000> :  0.4841874E-07  0.1000000E-03           1
|001100101100000001010000100100> :  0.1816417E-04  0.1000000E-03           1
|001100101100100001000010000010> :  0.2822566E-03  0.1000000E-03           1
|001100101110100000000010000100> :  0.2141271E-06  0.1000000E-03           1
|101000100011100100000010000010> :  0.1173591E-06  0.1000000E-03           1
|101000100111000001000010000010> :  0.1244448E-04  0.1000000E-03           1
|001100110000000001010100000011> :  0.1174245E-04  0.1000000E-03           1
|001100110000000010010010000110> :  0.1580617E-04  0.1000000E-03           1
|101000111000000001000000000000> :  0.1737293E-04  0.1000000E-03           1
|001100110000001001010010000010> :  0.1934729E-04  0.1000000E-03           1
|101010011001000000000010100000> :  0.1954285E-06  0.1000000E-03           1
|101100000000000001010010000010> :  0.2982463E-05  0.1000000E-03           1
|101100001000110001000000000001> :  0.1076531E-07  0.1000000E-03           1
|101100010011000000000011000010> :  0.2618373E-05  0.1000000E-03           1
|101100011010000001000010000010> :  0.2374438E-04  0.1000000E-03           1
|101100100100000000010000010100> :  0.5933357E-06  0.1000000E-03           1
|101100100101100001001010000010> :  0.1234311E-04  0.1000000E-03           1
|001100110001000001001010010010> :  0.1064669E-04  0.1000000E-03           1
|101100110001000001100010000010> :  0.1256541E-03  0.1000000E-03           1
|001100110001000001010000110010> :  0.1799714E-04  0.1000000E-03           1
|101100111000000011011010000010> :  0.4869886E-07  0.1000000E-03           1
|101101101000100000000110000100> :  0.4176586E-09  0.1000000E-03           1
|001100110001000010010010000100> :  0.1790715E-04  0.1000000E-03           1
|001100110001000011000110000000> :  0.2209351E-04  0.1000000E-03           1
|001100110001000011000110000010> :  0.9695117E-05  0.1000000E-03           1
|001100110001000011001010000100> :  0.4555658E-05  0.1000000E-03           1
|001100110001000011010000000010> :  0.1619315E-04  0.1000000E-03           1
|110000110010000000100010100000> :  0.2016225E-05  0.1000000E-03           1
|001100110001000110010010000010> :  0.7057006E-08  0.1000000E-03           1
|001100110001001000001000001011> :  0.1004444E-06  0.1000000E-03           1
|110010010001000000000000100000> :  0.1074602E-05  0.1000000E-03           1
|001100110001001001010010000010> :  0.1445206E-03  0.1000000E-03           1
|110011000000000001100000000100> :  0.3365984E-08  0.1000000E-03           1
|001100110001001001010110000011> :  0.6357379E-04  0.1000000E-03           1
|001100110001010001000000000011> :  0.3034794E-04  0.1000000E-03           1
|001100110001010001000010000011> :  0.2650163E-04  0.1000000E-03           1
|001100110001010001000010010010> :  0.9708229E-05  0.1000000E-03           1
|001100110001010001100010000010> :  0.5162183E-04  0.1000000E-03           1
|111100110001000000000000000110> :  0.3179837E-06  0.1000000E-03           1
|001100110001100001010110100010> :  0.9910247E-06  0.1000000E-03           1
|001100110001100011001010000010> :  0.2585994E-04  0.1000000E-03           1
|001100110001100101001010000010> :  0.6245968E-04  0.1000000E-03           1
|001100110001101001000010000010> :  0.4767195E-05  0.1000000E-03           1
|001100110010100000000010000010> :  0.1548536E-04  0.1000000E-03           1
|001100110011000001000010010010> :  0.9249029E-05  0.1000000E-03           1
|001100110100000000110010100000> :  0.5547429E-05  0.1000000E-03           1
|001100110100000001010010100000> :  0.1918181E-03  0.1000000E-03           1
|001100110100000001010110100000> :  0.1218258E-03  0.1000000E-03           1
|001100110101000001000010000000> :  0.3318361E-05  0.1000000E-03           1
|000100100001100101000010000010> :  0.1367406E-04  0.1000000E-03           1
|001000101000000000011001000000> :  0.6892745E-06  0.1000000E-03           1
|001100110101010001000100000011> :  0.3874599E-06  0.1000000E-03           1
|001000100111010001100000100000> :  0.7263283E-07  0.1000000E-03           1
|000100100001100011000010000000> :  0.6130040E-05  0.1000000E-03           1
|000000110100000001010000000001> :  0.4750046E-05  0.1000000E-03           1
|001100110101100001000010000000> :  0.1176656E-03  0.1000000E-03           1
|000000100000000011001010010000> :  0.3258071E-06  0.1000000E-03           1
|000000001001100010010000100100> :  0.7298152E-07  0.1000000E-03           1
|001100111000000000000000000100> :  0.1093533E-03  0.1000000E-03           1
|001100111000000000000010000100> :  0.1132612E-03  0.1000000E-03           1
|001100111000000000000010011100> :  0.1769479E-04  0.1000000E-03           1
|001100111000000000001000001010> :  0.8795079E-05  0.1000000E-03           1
|001100111000000000010010100000> :  0.6849822E-04  0.1000000E-03           1
|001100111000000000010110000100> :  0.4049953E-05  0.1000000E-03           1
|001100111000000000100010001110> :  0.1156239E-04  0.1000000E-03           1
|001100111000000001000000011010> :  0.2706375E-04  0.1000000E-03           1
|000000000101001001010010100000> :  0.1245062E-05  0.1000000E-03           1
|000000000000100001100101010010> :  0.1031760E-08  0.1000000E-03           1
|001000100101000001010011000010> :  0.1216651E-04  0.1000000E-03           1
|001000100101000001000010100000> :  0.3246232E-04  0.1000000E-03           1
|000100100001100001100110000000> :  0.2155668E-06  0.1000000E-03           1
|001000100101000000000010100100> :  0.1203107E-03  0.1000000E-03           1
|010000111000000001100000100000> :  0.6220030E-04  0.1000000E-03           1
|001000100100100100100010000000> :  0.6549856E-06  0.1000000E-03           1
|000000110011000001011100000000> :  0.6052868E-07  0.1000000E-03           1
|001000100011000001000100010000> :  0.1485919E-05  0.1000000E-03           1
|000100100001000100110110000100> :  0.2509267E-07  0.1000000E-03           1
|001000100001100101000010100000> :  0.1649516E-04  0.1000000E-03           1
|001000100001100010000010100100> :  0.2016888E-05  0.1000000E-03           1
|000100100000101100010000100000> :  0.2726882E-06  0.1000000E-03           1
|000000110001110000000010100100> :  0.2185708E-04  0.1000000E-03           1
|000000100000000001110100000001> :  0.3597074E-05  0.1000000E-03           1
|001000100001100001001010101010> :  0.6871163E-06  0.1000000E-03           1
|001000100001100000000010100101> :  0.4732651E-05  0.1000000E-03           1
|000100100000100000011000000101> :  0.3192123E-07  0.1000000E-03           1
|001000100001001001010010100000> :  0.8390749E-05  0.1000000E-03           1
|001000100001000001000110110010> :  0.5779270E-06  0.1000000E-03           1
|000100100000000001010010100100> :  0.4216828E-05  0.1000000E-03           1
|000000110001000000010110100100> :  0.1829291E-05  0.1000000E-03           1
|010000101000100000000100100101> :  0.1488588E-07  0.1000000E-03           1
|001000100001000000000010001100> :  0.1834055E-04  0.1000000E-03           1
|000100100000000001010001000100> :  0.5958512E-07  0.1000000E-03           1
|001000100000001011000100000010> :  0.9916820E-06  0.1000000E-03           1
|001000100000000001010110100000> :  0.1833474E-05  0.1000000E-03           1
|000100011010000010010000000000> :  0.2896220E-05  0.1000000E-03           1
|000000110000001000100110100100> :  0.3287976E-07  0.1000000E-03           1
|000000011010001000110010000000> :  0.4546978E-07  0.1000000E-03           1
|000000001001000101001010010000> :  0.1403335E-06  0.1000000E-03           1
|001000100000000000110000011010> :  0.5832576E-07  0.1000000E-03           1
|010000100010010100100010100000> :  0.1095028E-04  0.1000000E-03           1
|001000100000000000001001001001> :  0.6411783E-08  0.1000000E-03           1
|001000011010011000101000000101> :  0.1570794E-09  0.1000000E-03           1
|001000011000100001010010000000> :  0.2306437E-07  0.1000000E-03           1
|000100011000100000110010100000> :  0.1519372E-04  0.1000000E-03           1
|000000110000001000010000000101> :  0.4838671E-06  0.1000000E-03           1
|001000011000000011010000010010> :  0.3023898E-05  0.1000000E-03           1
|001000011000000001010011000010> :  0.4816943E-05  0.1000000E-03           1
|000100011000000001110010000101> :  0.1772733E-04  0.1000000E-03           1
|001000010101001001000100100000> :  0.9927558E-06  0.1000000E-03           1
|001000010010000000010101001100> :  0.1999774E-07  0.1000000E-03           1
|000100011000000001010010100000> :  0.1499042E-04  0.1000000E-03           1
|000000110000000100110010100001> :  0.2252114E-04  0.1000000E-03           1
|000000011000100000101000000100> :  0.6083609E-04  0.1000000E-03           1
|001000010001110100000000000000> :  0.4521795E-07  0.1000000E-03           1
|001000010001000000000010100100> :  0.6935208E-04  0.1000000E-03           1
|000100010010100001100010000010> :  0.2768114E-04  0.1000000E-03           1
|001000010000100101000000110000> :  0.3448987E-06  0.1000000E-03           1
|001000010000010010000101100100> :  0.1723782E-08  0.1000000E-03           1
|000100010010100001100000010010> :  0.6699740E-06  0.1000000E-03           1
|000000110000000100110010000101> :  0.4958507E-05  0.1000000E-03           1
|001000001000000001001010111011> :  0.1199598E-06  0.1000000E-03           1
|010000000001011000000010100000> :  0.1973315E-07  0.1000000E-03           1
|001000000101010000011010000010> :  0.4748027E-06  0.1000000E-03           1
|001000000101000011001010100010> :  0.1441773E-06  0.1000000E-03           1
|001111011000000100000010001000> :  0.5059573E-06  0.1000000E-03           1
|001111010000000011000110000000> :  0.2640236E-06  0.1000000E-03           1
|001000000101000000000010100100> :  0.1780434E-04  0.1000000E-03           1
|000100010001000000000011000010> :  0.1069010E-03  0.1000000E-03           1
|000000110000000011110110010001> :  0.2084528E-07  0.1000000E-03           1
|000000011000100000000000100100> :  0.1031965E-05  0.1000000E-03           1
|000000001000100001110001000010> :  0.3768793E-06  0.1000000E-03           1
|000000000100101000000100101000> :  0.2510920E-07  0.1000000E-03           1
|001111101000000001000010001000> :  0.1531065E-04  0.1000000E-03           1
|010000000000001001110010000000> :  0.5458279E-05  0.1000000E-03           1
|001111001010000110000010000101> :  0.1207701E-11  0.1000000E-03           1
|010000000001100100011100010001> :  0.5790923E-11  0.1000000E-03           1
|010000001000000000110010101101> :  0.2459331E-05  0.1000000E-03           1
|010000001000000001100010100001> :  0.2550704E-04  0.1000000E-03           1
|010000001000000001110001100000> :  0.1214503E-05  0.1000000E-03           1
|010000001000000100100001111001> :  0.5790579E-06  0.1000000E-03           1
|010000001000000100100010100001> :  0.1585600E-03  0.1000000E-03           1
|010000001000000101100010100000> :  0.1370120E-06  0.1000000E-03           1
|010000001001010100100000100001> :  0.4552716E-06  0.1000000E-03           1
|010000001010000001000110000000> :  0.1385275E-06  0.1000000E-03           1
|010000001100000001001010010000> :  0.1494823E-07  0.1000000E-03           1
|010000001100000001110010100001> :  0.2970245E-05  0.1000000E-03           1
|010000010000000000111011100100> :  0.1891261E-05  0.1000000E-03           1
|010000010011000001000011100010> :  0.3119126E-05  0.1000000E-03           1
|010000011000000000111010100100> :  0.9504857E-06  0.1000000E-03           1
|010000011000000001000010100000> :  0.3515373E-05  0.1000000E-03           1
|001110111101000001000011001010> :  0.4867443E-06  0.1000000E-03           1
|010000011000000011011000100001> :  0.1346236E-06  0.1000000E-03           1
|001000000001001000011010100000> :  0.3610969E-06  0.1000000E-03           1
|010000011000100001101000101000> :  0.1645755E-06  0.1000000E-03           1
|010000011000100011100010100000> :  0.6378673E-06  0.1000000E-03           1
|010000011010010001100010100000> :  0.2321651E-05  0.1000000E-03           1
|010000100000000100100010100000> :  0.1736808E-04  0.1000000E-03           1
|010000100000100001000000101010> :  0.3094752E-06  0.1000000E-03           1
|001110111001000001000010000110> :  0.3264290E-05  0.1000000E-03           1
|010000100100000001110010100001> :  0.1488384E-04  0.1000000E-03           1
|010000100110000010000000001010> :  0.1799509E-08  0.1000000E-03           1
|010000101000000000010010001001> :  0.1520223E-06  0.1000000E-03           1
|010000101000000001100000111000> :  0.5934293E-06  0.1000000E-03           1
|010000101000000001100010000000> :  0.2347226E-04  0.1000000E-03           1
|010000101000000001100010100000> :  0.2533480E-03  0.1000000E-03           1
|010000101000000011010000000000> :  0.3118700E-05  0.1000000E-03           1
|010000101000000011100000110000> :  0.1827627E-04  0.1000000E-03           1
|001110111000000010010110000100> :  0.8874930E-08  0.1000000E-03           1
|000100010000110111000010000000> :  0.6075356E-07  0.1000000E-03           1
|010000101100000000110010000001> :  0.1501450E-05  0.1000000E-03           1
|010000110000000001010110100010> :  0.2146192E-05  0.1000000E-03           1
|010000110000000011100110110000> :  0.2759978E-05  0.1000000E-03           1
|010000110000001010001000010000> :  0.3451779E-06  0.1000000E-03           1
|010000110000001011110110100000> :  0.2393427E-06  0.1000000E-03           1
|010000110000010001101000010000> :  0.1261633E-05  0.1000000E-03           1
|010000110010000000100111010001> :  0.8758917E-09  0.1000000E-03           1
|010000110010010001000010100000> :  0.7728826E-05  0.1000000E-03           1
|010000110010100001000010100000> :  0.5780115E-05  0.1000000E-03           1
|010000111000000000010010010000> :  0.1567151E-06  0.1000000E-03           1
|010000111000000000100010100100> :  0.3416901E-05  0.1000000E-03           1
|010000111000000000100110100010> :  0.7083807E-05  0.1000000E-03           1
|001110111000000001000000010100> :  0.1060445E-04  0.1000000E-03           1
|010000111000000000110011000000> :  0.3357971E-04  0.1000000E-03           1
|010000111000000001000000100000> :  0.8288646E-06  0.1000000E-03           1
|001110110001110001000010000010> :  0.7726265E-04  0.1000000E-03           1
|001000000001000000000110001100> :  0.6860628E-05  0.1000000E-03           1
|001110110001010001000010000010> :  0.9258389E-04  0.1000000E-03           1
|001110110001010001000000000010> :  0.3885244E-05  0.1000000E-03           1
|001000000000000100101000100001> :  0.3208713E-07  0.1000000E-03           1
|010000111000000001100010101010> :  0.2230000E-04  0.1000000E-03           1
|010000111000000001101000000000> :  0.6112553E-04  0.1000000E-03           1
|010000111000000001110000000001> :  0.1572524E-04  0.1000000E-03           1
|010000111000000001110000100000> :  0.1295463E-03  0.1000000E-03           1
|000100010000100000110010100101> :  0.1820727E-05  0.1000000E-03           1
|000000110000000001111100000100> :  0.2767975E-05  0.1000000E-03           1
|010000111000000001110011101000> :  0.6323031E-05  0.1000000E-03           1
|001110110000000010010010000010> :  0.4135176E-04  0.1000000E-03           1
|010000111000000001111000100000> :  0.2172700E-03  0.1000000E-03           1
|001110110000000010000110000010> :  0.1041580E-03  0.1000000E-03           1
|010000111000000011110010100000> :  0.1657645E-03  0.1000000E-03           1
|010000111000000011111000100000> :  0.1717979E-04  0.1000000E-03           1
|010000111000000100100110000001> :  0.2223458E-07  0.1000000E-03           1
|001000000000000010010100110000> :  0.4163024E-06  0.1000000E-03           1
|010000111000100001000010101000> :  0.6425909E-06  0.1000000E-03           1
|010000111000100011000010100000> :  0.4322400E-05  0.1000000E-03           1
|010000111000100011010010010000> :  0.3331229E-08  0.1000000E-03           1
|010000111001000011100010000000> :  0.4088042E-05  0.1000000E-03           1
|010000111010000000100100000000> :  0.2235178E-05  0.1000000E-03           1
|010000111010000001110010000001> :  0.1956096E-04  0.1000000E-03           1
|001110101100000000000010010010> :  0.4566667E-05  0.1000000E-03           1
|001110011000000001000010001010> :  0.1906920E-04  0.1000000E-03           1
|000111100000100110000010000000> :  0.2366132E-06  0.1000000E-03           1
|010001001000000100111010100000> :  0.5378231E-05  0.1000000E-03           1
|010001001000001001110000000000> :  0.1150713E-05  0.1000000E-03           1
|000100010000100000100001000100> :  0.1177938E-03  0.1000000E-03           1
|010001110000001000000011100000> :  0.5995646E-07  0.1000000E-03           1
|010001111000000000110010000100> :  0.4584123E-06  0.1000000E-03           1
|010001111000001001100110100000> :  0.8933690E-05  0.1000000E-03           1
|010010000000000001011000001000> :  0.2234912E-07  0.1000000E-03           1
|010010000000000101000010001101> :  0.1090613E-06  0.1000000E-03           1
|010010001100000000000000010001> :  0.1711051E-06  0.1000000E-03           1
|010010011100000001100010100000> :  0.1086936E-04  0.1000000E-03           1
|010010011100000100100010100000> :  0.3069648E-05  0.1000000E-03           1
|010010100010010000000000000000> :  0.5351965E-07  0.1000000E-03           1
|010010101100000001100010100000> :  0.3033003E-04  0.1000000E-03           1
|010010110000000001100010100100> :  0.1512679E-05  0.1000000E-03           1
|010010111000000001010010101000> :  0.1134483E-06  0.1000000E-03           1
|010010111000000001100000111000> :  0.6179409E-05  0.1000000E-03           1
|010010111000000011111011010000> :  0.8158894E-07  0.1000000E-03           1
|010011101000000001000011001000> :  0.4145402E-07  0.1000000E-03           1
|001110010010001001000000010100> :  0.2792160E-06  0.1000000E-03           1
|010100000100000000110010100101> :  0.8053821E-04  0.1000000E-03           1
|001110010001000000000011001010> :  0.4857091E-07  0.1000000E-03           1
|010100000100000101110010100000> :  0.1192984E-04  0.1000000E-03           1
|000111000000000110000010000000> :  0.3352307E-04  0.1000000E-03           1
|010100000110100000110000100000> :  0.1174603E-06  0.1000000E-03           1
|010100001000000000110010100101> :  0.8515312E-04  0.1000000E-03           1
|001110001100000010000010001010> :  0.1461714E-06  0.1000000E-03           1
|001110000100100011000010000010> :  0.8153219E-05  0.1000000E-03           1
|010100001000000100100011000001> :  0.2723200E-05  0.1000000E-03           1
|000111000000000100100010000000> :  0.4771841E-04  0.1000000E-03           1
|010100001000100000100010000000> :  0.1536688E-07  0.1000000E-03           1
|000100010000000000111000010001> :  0.5848149E-07  0.1000000E-03           1
|010100001000100001100000001001> :  0.7085243E-06  0.1000000E-03           1
|010100010000000000110011100100> :  0.2034662E-04  0.1000000E-03           1
|000000110000000001010011000000> :  0.3442666E-05  0.1000000E-03           1
|000000011000011001001000000110> :  0.5951546E-06  0.1000000E-03           1
|010100010000100000100001000000> :  0.2799114E-04  0.1000000E-03           1
|010100010000100001010000100000> :  0.1494696E-04  0.1000000E-03           1
|010100010000100001110000100000> :  0.1700035E-04  0.1000000E-03           1
|001101111000000001010011000010> :  0.2368796E-04  0.1000000E-03           1
|000110111000010000000010010010> :  0.2488669E-06  0.1000000E-03           1
|010100011000000000100010011000> :  0.8046153E-05  0.1000000E-03           1
|001101111000000001000011000000> :  0.1941772E-05  0.1000000E-03           1
|010100011000000000110010100100> :  0.9507413E-05  0.1000000E-03           1
|010100011000000001100010000000> :  0.2285933E-03  0.1000000E-03           1
|010100011000000001110000000001> :  0.7786147E-05  0.1000000E-03           1
|010100011000000001110000100000> :  0.9395910E-04  0.1000000E-03           1
|001101111000000000000110100100> :  0.2757355E-05  0.1000000E-03           1
|010100011000000001110010100000> :  0.8767704E-04  0.1000000E-03           1
|010100011000000011100110110000> :  0.4524400E-07  0.1000000E-03           1
|010100011000000100110010100000> :  0.7550317E-04  0.1000000E-03           1
|000110111000000000100000010100> :  0.3837901E-05  0.1000000E-03           1
|000100010000000000100011000100> :  0.4169315E-04  0.1000000E-03           1
|001101110101000001001110011010> :  0.1927463E-06  0.1000000E-03           1
|010100100000000100100010000000> :  0.8283677E-04  0.1000000E-03           1
|010100100000000100110110000000> :  0.5899640E-05  0.1000000E-03           1
|010100100000000101110010100000> :  0.1390334E-03  0.1000000E-03           1
|010100100001001001010000000000> :  0.9906587E-06  0.1000000E-03           1
|010100100001100010000010000100> :  0.6805904E-05  0.1000000E-03           1
|000110110100000100110010000000> :  0.2717355E-06  0.1000000E-03           1
|001101110001100001000011000010> :  0.3652540E-04  0.1000000E-03           1
|010100100100000001110010000001> :  0.6131907E-05  0.1000000E-03           1
|010100100100000001110010100000> :  0.1918053E-03  0.1000000E-03           1
|001101110001100001000010000011> :  0.1183898E-04  0.1000000E-03           1
|000110110010100000000010000010> :  0.1997798E-04  0.1000000E-03           1
|010100100100000011101000100000> :  0.2114929E-06  0.1000000E-03           1
|010100100100000101110000100000> :  0.9971812E-05  0.1000000E-03           1
|000100001100001001110010100001> :  0.2695718E-04  0.1000000E-03           1
|000000101100000110010000100000> :  0.2658135E-06  0.1000000E-03           1
|010100101000000001101010110000> :  0.1464909E-06  0.1000000E-03           1
|010100101000000001110000100000> :  0.9267004E-04  0.1000000E-03           1
|001101110001000001000100000011> :  0.6859193E-06  0.1000000E-03           1
|010100101000000011100010010000> :  0.2905739E-04  0.1000000E-03           1
|010100101000000100100010010100> :  0.1173773E-05  0.1000000E-03           1
|010100101000000101110000100000> :  0.9243977E-04  0.1000000E-03           1
|001101110001000001000010100010> :  0.9187591E-05  0.1000000E-03           1
|010100101000001101010000000000> :  0.1808899E-05  0.1000000E-03           1
|010100101000100000110000100100> :  0.1284449E-04  0.1000000E-03           1
|010100101000100100110000100000> :  0.9330490E-04  0.1000000E-03           1
|010100110000000000110010100000> :  0.1043531E-03  0.1000000E-03           1
|010100110000000001100010000000> :  0.1643203E-03  0.1000000E-03           1
|000110110010010001100000000000> :  0.2540213E-06  0.1000000E-03           1
|010100110000000001110000100000> :  0.5089264E-04  0.1000000E-03           1
|010100110000000001110010000000> :  0.1973208E-03  0.1000000E-03           1
|010100110000000001110010100000> :  0.1593552E-04  0.1000000E-03           1
|010100110000000100110010100000> :  0.7684210E-04  0.1000000E-03           1
|010100110000000100110110100000> :  0.2622055E-06  0.1000000E-03           1
|010100110000100000110000100100> :  0.1716389E-04  0.1000000E-03           1
|010100110000101101000000000010> :  0.5158914E-06  0.1000000E-03           1
|010100110010010000100011000000> :  0.2904744E-05  0.1000000E-03           1
|010100111000000000010010000100> :  0.1059173E-04  0.1000000E-03           1
|001101101000100001000010000010> :  0.4270820E-04  0.1000000E-03           1
|001101101000001100000000100010> :  0.2631362E-06  0.1000000E-03           1
|000110110010000000100010000011> :  0.5089569E-05  0.1000000E-03           1
|010100111000000000110010000000> :  0.1918710E-03  0.1000000E-03           1
|000100001100001001100010100001> :  0.9097195E-05  0.1000000E-03           1
|001101100101100000000011000010> :  0.4132945E-05  0.1000000E-03           1
|010100111000000000111010000000> :  0.8812746E-05  0.1000000E-03           1
|010100111000000001000000000000> :  0.2629125E-05  0.1000000E-03           1
|010100111000000001000010000000> :  0.4285437E-04  0.1000000E-03           1
|010100111000000001000010100000> :  0.5586312E-05  0.1000000E-03           1
|001101100101000001000010000101> :  0.8358973E-06  0.1000000E-03           1
|000110110000000000110010000001> :  0.2791880E-04  0.1000000E-03           1
|001101100000100011010110000010> :  0.1785894E-06  0.1000000E-03           1
|010100111000000001100010001010> :  0.1278328E-03  0.1000000E-03           1
|001101010100000000000110000010> :  0.4127522E-05  0.1000000E-03           1
|000110101000000001000010001010> :  0.4143451E-05  0.1000000E-03           1
|010100111000000001100110000010> :  0.3289650E-04  0.1000000E-03           1
|010100111000000001100110100000> :  0.1032154E-03  0.1000000E-03           1
|000100001100000101100100100001> :  0.2278641E-07  0.1000000E-03           1
|000000101100000001110010100101> :  0.9626022E-06  0.1000000E-03           1
|000000011000010011010010000010> :  0.6073884E-06  0.1000000E-03           1
|010100111000000001110110000000> :  0.2672697E-03  0.1000000E-03           1
|000000001000100001000000101011> :  0.1719638E-06  0.1000000E-03           1
|010100111000000011110110100000> :  0.2091835E-04  0.1000000E-03           1
|010100111000000100010010000000> :  0.1111449E-04  0.1000000E-03           1
|001101000110001000000000000101> :  0.3091924E-06  0.1000000E-03           1
|001101000100000000000100010010> :  0.6976103E-07  0.1000000E-03           1
|010100111000001001111010000000> :  0.2187682E-05  0.1000000E-03           1
|000110100101100001000010001010> :  0.4589984E-06  0.1000000E-03           1
|001101000000100000000011010000> :  0.8509053E-07  0.1000000E-03           1
|001100111101100001000010001000> :  0.1700938E-05  0.1000000E-03           1
|010100111000011001100010000000> :  0.6283906E-04  0.1000000E-03           1
|000110100001010100000010000011> :  0.6479414E-06  0.1000000E-03           1
|010100111000100010110000100000> :  0.1592687E-03  0.1000000E-03           1
|010100111000100011100010000000> :  0.5283475E-04  0.1000000E-03           1
|010100111001010001100010000000> :  0.5013237E-04  0.1000000E-03           1
|010100111010000001000110000010> :  0.2857963E-04  0.1000000E-03           1
|000100001001000001000011001001> :  0.1138501E-05  0.1000000E-03           1
|010100111010000001100110000010> :  0.2116566E-03  0.1000000E-03           1
|010100111010000001110010000001> :  0.2678421E-04  0.1000000E-03           1
|000110010010100001000010000010> :  0.2414509E-04  0.1000000E-03           1
|010100111010010001100000000000> :  0.8029695E-05  0.1000000E-03           1
|001100111010001000000110010010> :  0.1372202E-04  0.1000000E-03           1
|010100111100000001110100000000> :  0.1152394E-05  0.1000000E-03           1
|001100111010000101001000000101> :  0.6326704E-09  0.1000000E-03           1
|010101000000100001110000100000> :  0.5129791E-07  0.1000000E-03           1
|010101000000111000000000000010> :  0.1848182E-08  0.1000000E-03           1
|010101001000000000110010100100> :  0.1799774E-03  0.1000000E-03           1
|010101001000000001000010000000> :  0.1136695E-04  0.1000000E-03           1
|010101001000000001100000000000> :  0.1319650E-04  0.1000000E-03           1
|000110010000110001000001000100> :  0.3787506E-06  0.1000000E-03           1
|000100001000010100100010110000> :  0.7117387E-07  0.1000000E-03           1
|010101001000000100100000011000> :  0.2652638E-05  0.1000000E-03           1
|000000101100000000000001010000> :  0.1605301E-06  0.1000000E-03           1
|001100111010000001000010010010> :  0.2586374E-04  0.1000000E-03           1
|010101001010110001000010000001> :  0.1758300E-07  0.1000000E-03           1
|001100111010000000000010010010> :  0.3351132E-04  0.1000000E-03           1
|000110010000001110010100000000> :  0.7025806E-08  0.1000000E-03           1
|001100111001000001010010000010> :  0.1409725E-03  0.1000000E-03           1
|010101101000100100000010000010> :  0.3311698E-05  0.1000000E-03           1
|001100111001000001000010000010> :  0.7659370E-04  0.1000000E-03           1
|010101111000000001100110000000> :  0.1156699E-03  0.1000000E-03           1
|010101111000001000110110000001> :  0.2069094E-06  0.1000000E-03           1
|010110000101000001000010000100> :  0.1858031E-05  0.1000000E-03           1
|010110010000000000110000000101> :  0.1142656E-06  0.1000000E-03           1
|010110101100000101100010011000> :  0.1758005E-06  0.1000000E-03           1
|000110010000001000010000100000> :  0.2976906E-06  0.1000000E-03           1
|010110110000010000100000000100> :  0.2637615E-05  0.1000000E-03           1
|010110110000010001000010000010> :  0.6193934E-05  0.1000000E-03           1
|010110110000010001100010000000> :  0.2707824E-04  0.1000000E-03           1
|010110111000000000000010010000> :  0.1591929E-05  0.1000000E-03           1
|010110111000001000010010010000> :  0.5244135E-05  0.1000000E-03           1
|010110111001000001100010000000> :  0.6353046E-04  0.1000000E-03           1
|010110111001000001110010000000> :  0.3063223E-04  0.1000000E-03           1
|010110111100000001100010011000> :  0.5819744E-05  0.1000000E-03           1
|010110111100000001110010001000> :  0.1040853E-04  0.1000000E-03           1
|010111000000010011000010000100> :  0.1040681E-05  0.1000000E-03           1
|010111000010010011000010000000> :  0.2824054E-06  0.1000000E-03           1
|000100001000010001010100000010> :  0.3670675E-06  0.1000000E-03           1
|011000010010011000001000000000> :  0.1051211E-06  0.1000000E-03           1
|001100111000001001010000000000> :  0.2778426E-06  0.1000000E-03           1
|011000111000000000010010100100> :  0.7383710E-05  0.1000000E-03           1
|011000111000000001010000000010> :  0.8944261E-06  0.1000000E-03           1
|011000111000001001010110000000> :  0.3224028E-05  0.1000000E-03           1
|011000111000010000100010100100> :  0.4177681E-05  0.1000000E-03           1
|011000111000010001000100000000> :  0.3567944E-07  0.1000000E-03           1
|001100111000001000000100010010> :  0.2945591E-04  0.1000000E-03           1
|011010110001010000000110110100> :  0.2717155E-08  0.1000000E-03           1
|000101111100000000000011000100> :  0.4776701E-06  0.1000000E-03           1
|011100000000101101000000000000> :  0.4159204E-06  0.1000000E-03           1
|001100111000001000000000000010> :  0.1679631E-03  0.1000000E-03           1
|011100000100000010000110000010> :  0.4988448E-05  0.1000000E-03           1
|011100001000100100100010000010> :  0.1996340E-07  0.1000000E-03           1
|011100010001000001000110000010> :  0.8650524E-05  0.1000000E-03           1
|011100011000000000110010000100> :  0.2436446E-05  0.1000000E-03           1
|011100100000000001010010000010> :  0.6031512E-05  0.1000000E-03           1
|011100100001000100000110000010> :  0.1100480E-04  0.1000000E-03           1
|011100100001100000000000000001> :  0.2229177E-06  0.1000000E-03           1
|011100101000000100010010000010> :  0.7220657E-06  0.1000000E-03           1
|011100101010100001010010000001> :  0.7516155E-06  0.1000000E-03           1
|011100110000000000000110000010> :  0.2207539E-05  0.1000000E-03           1
|011100110000000001010110000010> :  0.3649678E-04  0.1000000E-03           1
|001100111000000011111010000001> :  0.2749764E-06  0.1000000E-03           1
|011100110011000001000010000010> :  0.3806429E-04  0.1000000E-03           1
|000101111000100001000010000010> :  0.4683932E-04  0.1000000E-03           1
|011100111000000000000011001000> :  0.5669424E-06  0.1000000E-03           1
|011100111000000000000110000010> :  0.3613690E-05  0.1000000E-03           1
|011100111000000001010100000010> :  0.1005870E-04  0.1000000E-03           1
|000000101010110001000010100001> :  0.5131350E-06  0.1000000E-03           1
|000000011000000010110001000100> :  0.3785735E-06  0.1000000E-03           1
|001100111000000011000110000000> :  0.9199011E-05  0.1000000E-03           1
|001100111000000010010000000010> :  0.1273265E-04  0.1000000E-03           1
|011100111011000000000000000010> :  0.9104852E-06  0.1000000E-03           1
|011101100100000100010010000011> :  0.2844636E-10  0.1000000E-03           1
|011110110000011000000000000000> :  0.3155720E-05  0.1000000E-03           1
|011110110111110001000010010110> :  0.1723024E-09  0.1000000E-03           1
|100000000000000010001001001010> :  0.4429387E-07  0.1000000E-03           1
|100000000000000100100010110000> :  0.8685404E-07  0.1000000E-03           1
|100000000000010100001010100000> :  0.2801971E-07  0.1000000E-03           1
|100000000001000001010010101000> :  0.5909578E-07  0.1000000E-03           1
|100000000010000010000110001001> :  0.5654516E-09  0.1000000E-03           1
|100000000111100000011110011000> :  0.5844658E-11  0.1000000E-03           1
|100000001000000000100010010100> :  0.4439698E-06  0.1000000E-03           1
|100000001000000100101010000010> :  0.9962565E-08  0.1000000E-03           1
|100000010000010010001011000000> :  0.7115035E-07  0.1000000E-03           1
|100000010000010011010001000000> :  0.4751052E-06  0.1000000E-03           1
|100000100100000001110010100000> :  0.7369704E-06  0.1000000E-03           1
|100000101000000001010011001001> :  0.2281322E-06  0.1000000E-03           1
|100000110000000100010010100000> :  0.2343356E-06  0.1000000E-03           1
|100000111000000011110010100000> :  0.3564199E-06  0.1000000E-03           1
|100000111000001001010000000000> :  0.3188453E-05  0.1000000E-03           1
|100001000010000100000110000010> :  0.8461514E-07  0.1000000E-03           1
|000101110101100000000000000100> :  0.2109145E-05  0.1000000E-03           1
|100010001000000000100000010000> :  0.1622173E-06  0.1000000E-03           1
|001100111000000001110000100000> :  0.2876320E-04  0.1000000E-03           1
|100011000000000100110010000010> :  0.1147185E-06  0.1000000E-03           1
|100100000000000011001011000100> :  0.7564527E-08  0.1000000E-03           1
|100100000001000001010010000000> :  0.1162498E-05  0.1000000E-03           1
|000101110001000000100010000101> :  0.1488633E-04  0.1000000E-03           1
|100100000101000111100000110100> :  0.3219806E-09  0.1000000E-03           1
|100100000110000100010000100010> :  0.1113503E-06  0.1000000E-03           1
|100100001000000010001010000100> :  0.1870455E-06  0.1000000E-03           1
|100100010000000011010010100100> :  0.8407444E-08  0.1000000E-03           1
|100100010001000100010010000000> :  0.5102508E-07  0.1000000E-03           1
|000100001000000101000011001010> :  0.6674951E-06  0.1000000E-03           1
|100100110000000001101000010000> :  0.4841901E-06  0.1000000E-03           1
|100101011000000011101010110000> :  0.2318972E-09  0.1000000E-03           1
|101000000000001010010100000000> :  0.4348019E-06  0.1000000E-03           1
|101000000100001010000000110000> :  0.1550409E-07  0.1000000E-03           1
|101000010111000000000000010010> :  0.3675387E-08  0.1000000E-03           1
|101000011000000011000010010000> :  0.1166211E-06  0.1000000E-03           1
|101000011000011000001000000100> :  0.9514258E-07  0.1000000E-03           1
|000101110001000000000000000001> :  0.7832528E-07  0.1000000E-03           1
|101000100100000000000001010000> :  0.2496723E-08  0.1000000E-03           1
|001100111000000001010000100100> :  0.6992686E-04  0.1000000E-03           1
|101000100111100001000010000010> :  0.7119410E-05  0.1000000E-03           1
|101000101000000100010010000010> :  0.3154038E-06  0.1000000E-03           1
|101000110000000001010010000010> :  0.6648739E-05  0.1000000E-03           1
|101000110001000011000010000010> :  0.3241299E-05  0.1000000E-03           1
|101000110010000001000010000010> :  0.7231180E-05  0.1000000E-03           1
|001100111000000001001010001000> :  0.1349470E-04  0.1000000E-03           1
|000101101000000100000110000011> :  0.2314132E-05  0.1000000E-03           1
|101001010000101000000101000000> :  0.1205986E-08  0.1000000E-03           1
|101010000000001001000100000001> :  0.1425350E-07  0.1000000E-03           1
|000100001000000001000010000011> :  0.2325272E-04  0.1000000E-03           1
|101100000000000001000010110010> :  0.2692236E-07  0.1000000E-03           1
|000000101010000100000110000010> :  0.4978425E-06  0.1000000E-03           1
|101100000000001001010010000000> :  0.1516706E-05  0.1000000E-03           1
|001100111000000001000100100010> :  0.2969276E-05  0.1000000E-03           1
|101100010000110000001000000000> :  0.1476257E-07  0.1000000E-03           1
|000101100101000000000011000110> :  0.9714054E-06  0.1000000E-03           1
|101100011000000000010100100100> :  0.1545201E-08  0.1000000E-03           1
|001100111000000001000100010010> :  0.1389493E-04  0.1000000E-03           1
|101100100000001000010010000010> :  0.3351674E-07  0.1000000E-03           1
|000101100001100001000000000010> :  0.1400767E-04  0.1000000E-03           1
|101100100100000001010010000010> :  0.1886563E-04  0.1000000E-03           1
|000100001000000000110100100000> :  0.7493608E-07  0.1000000E-03           1
|001100111000000001000010011000> :  0.1550015E-04  0.1000000E-03           1
|101100100110000001000010000010> :  0.3216095E-04  0.1000000E-03           1
|000101100001001001000010000001> :  0.3176771E-07  0.1000000E-03           1
|001100111000000001000010000000> :  0.6844977E-04  0.1000000E-03           1
|101100110001100011010010000011> :  0.1828195E-05  0.1000000E-03           1
|101100110101000011010100010000> :  0.5945147E-09  0.1000000E-03           1
|000101011000100001110000000100> :  0.2496024E-05  0.1000000E-03           1
|000100000101100010000011000110> :  0.3624966E-05  0.1000000E-03           1
|101100111010000000000010100000> :  0.6556033E-06  0.1000000E-03           1
|000000101001000110000110000001> :  0.1691473E-06  0.1000000E-03           1
|101110010000000000010010000010> :  0.2408698E-05  0.1000000E-03           1
|110000000000000100010011100000> :  0.2642609E-05  0.1000000E-03           1
|110000000010000100110110000010> :  0.2756015E-08  0.1000000E-03           1
|110000000100000000010000100001> :  0.2201694E-06  0.1000000E-03           1
|110000001000001001010000000000> :  0.5849530E-06  0.1000000E-03           1
|110000010000000000010010100000> :  0.3788439E-05  0.1000000E-03           1
|110000010001000000110000000000> :  0.3483703E-07  0.1000000E-03           1
|110000010010010000000101000000> :  0.1192115E-06  0.1000000E-03           1
|110000011000001001001100000000> :  0.3710011E-07  0.1000000E-03           1
|110000011010000000100010000000> :  0.1088740E-05  0.1000000E-03           1
|110000100010001100000011000000> :  0.7520990E-05  0.1000000E-03           1
|000000011000000001110010000101> :  0.1281527E-05  0.1000000E-03           1
|110000111000000000101000000110> :  0.8022843E-06  0.1000000E-03           1
|110000111001000001100000000010> :  0.9066825E-06  0.1000000E-03           1
|110000111010000001100010100010> :  0.1779787E-04  0.1000000E-03           1
|110001011000000100110110100010> :  0.4678924E-10  0.1000000E-03           1
|110010000001000100010000000000> :  0.8779160E-06  0.1000000E-03           1
|000000001000000100001010010100> :  0.1460661E-05  0.1000000E-03           1
|110010010001000000100000100000> :  0.1953300E-06  0.1000000E-03           1
|110010011000000001100010000001> :  0.1630686E-06  0.1000000E-03           1
|110010111000000001101000000000> :  0.7412247E-05  0.1000000E-03           1
|000000000100100000011100000101> :  0.5572610E-09  0.1000000E-03           1
|000000000000010100001010010000> :  0.4752550E-05  0.1000000E-03           1
|110100000000000000011000000000> :  0.4420893E-06  0.1000000E-03           1
|110100000000000000101000001001> :  0.7371354E-08  0.1000000E-03           1
|110100001000000100110000000001> :  0.4924251E-06  0.1000000E-03           1
|110100100100000001001010100000> :  0.6833275E-06  0.1000000E-03           1
|110100110010000001100100100000> :  0.5226802E-07  0.1000000E-03           1
|110100111001001001000010000000> :  0.2058301E-06  0.1000000E-03           1
|110101001000000000010010000000> :  0.4019084E-05  0.1000000E-03           1
|110110111000001000000010000000> :  0.1055154E-05  0.1000000E-03           1
|111000101001000001000010000010> :  0.8305838E-06  0.1000000E-03           1
|111100010001100001000010010010> :  0.2319889E-10  0.1000000E-03           1
|000000000000000110010100101001> :  0.1446706E-05  0.1000000E-03           1
|111100110001000001000010000010> :  0.6012811E-04  0.1000000E-03           1
|111110111011010001110000000010> :  0.1396979E-09  0.1000000E-03           1
|000000000000000010101000010001> :  0.4141410E-06  0.1000000E-03           1
