# state, exact probability, frequency, count:
#------------------------------------------------------------------
|01000011111100001101101001110100000> :  0.1333670E+00  0.1348000E+00        1348
|10111100000011110010010110001011111> :  0.1333670E+00  0.1341000E+00        1341
|10111100000011110010010110001010111> :  0.4522251E-01  0.4790000E-01         479
|01000011111100001101101001110101000> :  0.4522251E-01  0.4660000E-01         466
|01000111111100001101101001110100000> :  0.4258729E-01  0.4360000E-01         436
|10111000000011110010010110001011111> :  0.4258729E-01  0.3840000E-01         384
|11011001100110010011000110000110111> :  0.3686700E-01  0.3840000E-01         384
|00100110011001101100111001111001000> :  0.3686700E-01  0.3690000E-01         369
|10111001000011110010010110001010111> :  0.2952788E-01  0.3060000E-01         306
|01000110111100001101101001110101000> :  0.2952788E-01  0.2990000E-01         299
|11011000110100000111000110010110011> :  0.2278741E-01  0.2450000E-01         245
|00100111001011111000111001101001100> :  0.2278741E-01  0.2400000E-01         240
|10111000000011110010010110001010111> :  0.1913738E-01  0.1920000E-01         192
|01000111111100001101101001110101000> :  0.1913738E-01  0.1760000E-01         176
|01000111011100001101101001110101000> :  0.1376414E-01  0.1530000E-01         153
|10111000100011110010010110001010111> :  0.1376414E-01  0.1220000E-01         122
|01000011111100001111101001110100000> :  0.1035558E-01  0.1040000E-01         104
|10111100000011110000010110001011111> :  0.1035558E-01  0.9700000E-02          97
|01000010111100101101101011110100000> :  0.7200257E-02  0.9400000E-02          94
|10111101000011010010010100001011111> :  0.7200257E-02  0.8000000E-02          80
|00111000110001010011001100011101110> :  0.6549849E-02  0.7600000E-02          76
|10111100000011110010010100001011111> :  0.7375207E-02  0.7600000E-02          76
|01000011111100001101101011110100000> :  0.7375207E-02  0.7200000E-02          72
|11000111001110101100110011100010001> :  0.6549849E-02  0.7100000E-02          71
|10111100100011110010010100001101110> :  0.6218104E-02  0.6400000E-02          64
|10111100100011110010010100001011110> :  0.4971895E-02  0.5000000E-02          50
|01000011011100001101101011110010001> :  0.6218104E-02  0.5000000E-02          50
|01100110111100001101101001110101000> :  0.5465257E-02  0.5000000E-02          50
|10011001000011110010010110001010111> :  0.5465257E-02  0.4900000E-02          49
|01000111011100101101101001110100000> :  0.4711572E-02  0.4800000E-02          48
|01000011011100001101101011110100001> :  0.4971895E-02  0.4600000E-02          46
|01000011111100001001101001110100000> :  0.4137925E-02  0.4300000E-02          43
|10111100000011110110010110001011111> :  0.4137925E-02  0.4100000E-02          41
|10111100000001110010010110001011111> :  0.3590496E-02  0.4000000E-02          40
|10111000100011010010010110001011111> :  0.4711572E-02  0.3800000E-02          38
|01000011011100101101101011110100010> :  0.3922374E-02  0.3700000E-02          37
|01000011111110001101101001110100000> :  0.3590496E-02  0.3500000E-02          35
|10111100100011010010010100001011111> :  0.3003810E-02  0.3500000E-02          35
|10111100000011110010010110001011101> :  0.3332991E-02  0.3400000E-02          34
|01000011111100001101101001110100010> :  0.3332991E-02  0.3300000E-02          33
|10111100100011010010010100001011101> :  0.3922374E-02  0.3300000E-02          33
|10111100000011110010010110001011110> :  0.3103212E-02  0.3200000E-02          32
|01001111001100101001100101100101010> :  0.2228917E-02  0.2900000E-02          29
|01000110111100001101101101100101000> :  0.2191213E-02  0.2700000E-02          27
|10111001000011110010010010011010111> :  0.2191213E-02  0.2200000E-02          22
|01100111001110101000111001100010100> :  0.1535533E-02  0.2100000E-02          21
|10011011000011110010010010011010111> :  0.1483316E-02  0.1900000E-02          19
|01000011011100101101101011110100000> :  0.3003810E-02  0.1800000E-02          18
|01000011011110001101101011110000001> :  0.1428405E-02  0.1700000E-02          17
|10111100100001110010010100001111110> :  0.1428405E-02  0.1600000E-02          16
|10011000110001010111000110011101011> :  0.1535533E-02  0.1600000E-02          16
|11000111001110101000110011100010001> :  0.1302223E-02  0.1500000E-02          15
|01000110111100001101101101110101000> :  0.1164163E-02  0.1400000E-02          14
|10111100100011110010010110001011110> :  0.8355217E-03  0.1400000E-02          14
|01000111011100001101101101100101000> :  0.9514728E-03  0.1400000E-02          14
|11111000000011110010010110001010111> :  0.7912680E-03  0.1300000E-02          13
|01100100111100001101101111100101000> :  0.1485248E-02  0.1200000E-02          12
|01000011111100001101101001110100001> :  0.3103212E-02  0.1200000E-02          12
|10111001000011110010010010001010111> :  0.1164163E-02  0.1200000E-02          12
|00000111111100001101101001110101000> :  0.7912680E-03  0.1100000E-02          11
|10110000110011010110011010011010101> :  0.2228917E-02  0.1100000E-02          11
|01000111011110001101101001110100000> :  0.1375930E-02  0.1100000E-02          11
|01100100111100001101101101100101000> :  0.1483316E-02  0.1100000E-02          11
|11011001110100000111000110010110011> :  0.7566038E-03  0.1100000E-02          11
|10110000110010100110011010111010101> :  0.1145373E-02  0.1100000E-02          11
|10111000100001110010010110001011111> :  0.1375930E-02  0.1100000E-02          11
|10011011000011110010010000011010111> :  0.1485248E-02  0.1000000E-02          10
|01000110111100101101101001110100000> :  0.9788242E-03  0.1000000E-02          10
|11011001100110000011000110000110111> :  0.7135859E-03  0.9000000E-03           9
|01000011011100001101101001110100001> :  0.8355217E-03  0.9000000E-03           9
|00111000110001010111001100011101110> :  0.1302223E-02  0.9000000E-03           9
|10111000000011010010010110001011111> :  0.6206721E-03  0.8000000E-03           8
|01011001110101000011000100011100111> :  0.7138953E-03  0.8000000E-03           8
|10111110000011110010010100001011110> :  0.5762287E-03  0.8000000E-03           8
|01100111011100001101101001110101000> :  0.1051242E-02  0.8000000E-03           8
|01000111011100101101111001110100000> :  0.3876784E-03  0.8000000E-03           8
|10111000100011110010010010011010111> :  0.9514728E-03  0.8000000E-03           8
|10011110000101011001010100001111110> :  0.3887541E-03  0.8000000E-03           8
|00100110001011111000111001101001100> :  0.7566038E-03  0.8000000E-03           8
|01001111001101011001100101000101010> :  0.1145373E-02  0.8000000E-03           8
|01100011111100001101101001110100000> :  0.5667125E-03  0.7000000E-03           7
|10011000100011010010010110001011111> :  0.4093624E-03  0.7000000E-03           7
|00000111011100101101111001110100000> :  0.3266175E-03  0.7000000E-03           7
|00100110011001111100111001111001000> :  0.7135859E-03  0.7000000E-03           7
|10111001000011010010010110001011111> :  0.9788242E-03  0.7000000E-03           7
|10111000100011110010010110001011111> :  0.3606558E-03  0.6000000E-03           6
|10111100100001010010010100001111111> :  0.2728307E-03  0.6000000E-03           6
|01000011011100001101101011110000001> :  0.5702965E-03  0.6000000E-03           6
|01000011111100001111101001110101000> :  0.3535012E-03  0.6000000E-03           6
|10011100100111010011010100001101110> :  0.5776098E-03  0.6000000E-03           6
|01000011011100001101101011110100000> :  0.2049632E-03  0.6000000E-03           6
|01000111111100101101101001110100000> :  0.6206721E-03  0.6000000E-03           6
|10111000100011010010000110001011111> :  0.3876784E-03  0.6000000E-03           6
|10111000000011110010011110001010111> :  0.2567129E-03  0.6000000E-03           6
|10011110000001111010010100001111110> :  0.7033581E-03  0.6000000E-03           6
|00111100110001010011010100011101110> :  0.3279539E-03  0.5000000E-03           5
|10100110001010111100111011100011000> :  0.7138953E-03  0.5000000E-03           5
|10111100000011110000010110001010111> :  0.3535012E-03  0.5000000E-03           5
|10011100000011110010010110001011111> :  0.5667125E-03  0.5000000E-03           5
|01000001111100001101101011110100001> :  0.5762287E-03  0.5000000E-03           5
|10111100100001010011010100001111110> :  0.5172226E-03  0.5000000E-03           5
|10011000100011110010010110001010111> :  0.1051242E-02  0.5000000E-03           5
|01000011011100001101101001110101010> :  0.3967910E-03  0.5000000E-03           5
|11011001110100000111000110010100011> :  0.4596932E-03  0.5000000E-03           5
|01010001110000000111101001111100101> :  0.3055779E-03  0.5000000E-03           5
|01000100111100001101101111100101000> :  0.3290675E-03  0.5000000E-03           5
|11011010110100000111000110010110011> :  0.1503529E-03  0.5000000E-03           5
|00100110111100101101101001110101000> :  0.3316145E-03  0.5000000E-03           5
|01000010111100001101101011110101000> :  0.5088971E-03  0.5000000E-03           5
|10111100100011010010010110001011111> :  0.5334283E-03  0.5000000E-03           5
|11011000100001010011000110001111111> :  0.4604499E-03  0.5000000E-03           5
|10111100100011110010010100001111110> :  0.5702965E-03  0.5000000E-03           5
|01100001111010100110101011110000001> :  0.3887541E-03  0.5000000E-03           5
|01100001011100101101101011110000001> :  0.2828798E-03  0.5000000E-03           5
|00100100011001111100111001101001100> :  0.4430852E-03  0.5000000E-03           5
|01100011011000101100101011110010001> :  0.5776098E-03  0.5000000E-03           5
|01000011011110101101101011110100000> :  0.4124893E-03  0.5000000E-03           5
|00100110001011111000111001101011100> :  0.4596932E-03  0.5000000E-03           5
|10111101000011110010010100001010111> :  0.5088971E-03  0.5000000E-03           5
|01100001111010100101101011110000001> :  0.2722873E-03  0.4000000E-03           4
|01000111011110101100101001110100000> :  0.4625264E-03  0.4000000E-03           4
|10111000100011110010000110001011111> :  0.7626082E-03  0.4000000E-03           4
|10111000100011010011000110001011111> :  0.2417071E-03  0.4000000E-03           4
|10111100000011110010010110001010101> :  0.3520399E-03  0.4000000E-03           4
|01100001011001101100101001111000101> :  0.1176434E-03  0.4000000E-03           4
|01000011011100101101101011110010001> :  0.5690215E-03  0.4000000E-03           4
|11011000100110010011000110000110111> :  0.3814447E-03  0.4000000E-03           4
|01000111011100001101101001100101000> :  0.1999860E-03  0.4000000E-03           4
|01000011011100101101101001110100000> :  0.5334283E-03  0.4000000E-03           4
|01100111011100101100101001110100000> :  0.3319286E-03  0.4000000E-03           4
|11111001000011010010010110001010111> :  0.2527503E-03  0.4000000E-03           4
|11000011001110101100101011100010001> :  0.3279539E-03  0.4000000E-03           4
|10111100000011110010010110001011011> :  0.1958981E-03  0.4000000E-03           4
|10011110000101011010010100001111110> :  0.2722873E-03  0.4000000E-03           4
|01100111011100101101101001110100000> :  0.4093624E-03  0.4000000E-03           4
|10111100100001010010010100001011111> :  0.4124893E-03  0.4000000E-03           4
|10111100100001010010010110001011111> :  0.9741526E-04  0.4000000E-03           4
|01100001111110000101101011110000001> :  0.7033581E-03  0.4000000E-03           4
|01000110011100101101101001110101000> :  0.3765494E-03  0.3000000E-03           3
|01000101111100001101101001110101000> :  0.9083969E-04  0.3000000E-03           3
|01000011011110101100101011110000001> :  0.5172226E-03  0.3000000E-03           3
|00111000110001000110001100011111101> :  0.1438476E-03  0.3000000E-03           3
|01000111011100101100111001110100000> :  0.2417071E-03  0.3000000E-03           3
|01000011111100001001101000110100000> :  0.9722515E-04  0.3000000E-03           3
|01000011011101001101101001110101010> :  0.2168984E-04  0.3000000E-03           3
|11111000100011110010010110000010111> :  0.4591056E-04  0.3000000E-03           3
|11111000100011010010000110001011111> :  0.3266175E-03  0.3000000E-03           3
|01000111011100001101111001110100000> :  0.7626082E-03  0.3000000E-03           3
|10111110000001111000010100001111110> :  0.1031107E-03  0.3000000E-03           3
|00100111011110101100111001110000000> :  0.4604499E-03  0.3000000E-03           3
|01100111011100101100101001100101000> :  0.1538796E-03  0.3000000E-03           3
|11011001000011010010010110001010111> :  0.3316145E-03  0.3000000E-03           3
|01000111001100101101101001110100010> :  0.1524843E-03  0.3000000E-03           3
|01100111001110101100111001100010000> :  0.1916464E-03  0.3000000E-03           3
|01000011011110101101101011110000000> :  0.2728307E-03  0.3000000E-03           3
|10111000110011010010010110001011101> :  0.1524843E-03  0.3000000E-03           3
|10111100100011010010010100001101110> :  0.5690215E-03  0.3000000E-03           3
|00111100000001111000011100001111110> :  0.5824316E-04  0.3000000E-03           3
|00111110000001111000011100001111110> :  0.6070631E-03  0.3000000E-03           3
|10011000100011010011010110001011111> :  0.3319286E-03  0.3000000E-03           3
|10111011000011110010010000011010111> :  0.3290675E-03  0.3000000E-03           3
|01100110111100001101101101100101000> :  0.1014204E-04  0.2000000E-03           2
|01000110111100101101101001100101000> :  0.3384238E-04  0.2000000E-03           2
|01000111001100001101101101100111000> :  0.1363266E-03  0.2000000E-03           2
|10011110100011010010010100001111110> :  0.2828798E-03  0.2000000E-03           2
|01000010111100001101101001110101000> :  0.7393476E-04  0.2000000E-03           2
|10011101100111010011000100001101110> :  0.1884861E-03  0.2000000E-03           2
|11100001001011110000110011100000111> :  0.1367744E-03  0.2000000E-03           2
|10111100100011110010010100001011101> :  0.1220507E-03  0.2000000E-03           2
|10011100100011110010010100001111110> :  0.8890546E-05  0.2000000E-03           2
|01000011011100101100101011110010001> :  0.1765206E-03  0.2000000E-03           2
|10111000100011010000010110001011111> :  0.2678126E-04  0.2000000E-03           2
|10111100000011110110010111001011111> :  0.9722515E-04  0.2000000E-03           2
|01000111011100001101101001110100000> :  0.3606558E-03  0.2000000E-03           2
|10111110000011010010010100001111110> :  0.2714102E-04  0.2000000E-03           2
|10011001000011010011010110011010111> :  0.2355376E-03  0.2000000E-03           2
|00111000110001000111001100011111101> :  0.1599685E-03  0.2000000E-03           2
|10111001100011010010010110001010111> :  0.3765494E-03  0.2000000E-03           2
|01000001111100001101101011110100000> :  0.1121682E-03  0.2000000E-03           2
|01000011011100101101101011110000001> :  0.2620484E-03  0.2000000E-03           2
|11011011100110000011000110010110011> :  0.4430852E-03  0.2000000E-03           2
|01100110111100001100101001110101000> :  0.1630118E-04  0.2000000E-03           2
|01100110111100101100101001100101000> :  0.2355376E-03  0.2000000E-03           2
|01000111011100001101101001111101000> :  0.4044042E-04  0.2000000E-03           2
|01000111111100001101101001100101000> :  0.1550564E-03  0.2000000E-03           2
|01000111111100001101100001110101000> :  0.2567129E-03  0.2000000E-03           2
|01000111011100101101101001100101000> :  0.5891332E-04  0.2000000E-03           2
|01000111001100001101101001110101010> :  0.1893552E-03  0.2000000E-03           2
|10011000110001000111000110011101011> :  0.2524539E-03  0.2000000E-03           2
|11000101001110101101100011100010001> :  0.6736124E-04  0.2000000E-03           2
|10111000110011110010010110001010101> :  0.1893552E-03  0.2000000E-03           2
|01010110111100001001101001110100000> :  0.9311148E-05  0.2000000E-03           2
|01100111001110111000111001100010100> :  0.2524539E-03  0.2000000E-03           2
|01000011111110001101101011110000000> :  0.1114032E-03  0.2000000E-03           2
|00011010110101001101001100011101010> :  0.2684958E-04  0.2000000E-03           2
|00100101001011111000111001101011100> :  0.7477686E-04  0.2000000E-03           2
|01010011111100001001101001110100000> :  0.8568732E-04  0.2000000E-03           2
|01100001111000000111101011111000001> :  0.1378223E-03  0.2000000E-03           2
|10111100000011110010010100001011101> :  0.1117283E-03  0.2000000E-03           2
|10111000000011110010010110011010111> :  0.1550564E-03  0.2000000E-03           2
|10111100000011110010010100001011110> :  0.1031674E-03  0.2000000E-03           2
|10111000100011110010010110000010111> :  0.4044042E-04  0.2000000E-03           2
|00111110000001111000010100001111110> :  0.7450429E-04  0.2000000E-03           2
|10111000100011010010010110001010111> :  0.2267761E-03  0.2000000E-03           2
|10111100100011110010010110001010101> :  0.3967910E-03  0.2000000E-03           2
|11000001111110000111100011110000001> :  0.6070631E-03  0.2000000E-03           2
|10111001000011110010010100001010111> :  0.5948765E-04  0.2000000E-03           2
|00011110110100001111001100011111000> :  0.1367744E-03  0.2000000E-03           2
|01100111001111111000110001100000100> :  0.9135544E-04  0.2000000E-03           2
|10111000100011010011010110001011111> :  0.1643987E-03  0.2000000E-03           2
|10100110001011111100111001100011000> :  0.6817314E-04  0.2000000E-03           2
|10011010000011110010010110011010111> :  0.1454126E-03  0.2000000E-03           2
|10111100000001110010010100001011111> :  0.1724795E-03  0.2000000E-03           2
|00000111011110101101111011110000000> :  0.2665959E-03  0.2000000E-03           2
|10111100100011110010010100001011111> :  0.2049632E-03  0.2000000E-03           2
|10111000100011110010010110011010111> :  0.1999860E-03  0.2000000E-03           2
|00100101111110010110011001011000001> :  0.1401229E-10  0.1000000E-03           1
|10000101011010011110111000110000001> :  0.7733260E-10  0.1000000E-03           1
|01000111011110101101101011100100000> :  0.9912862E-05  0.1000000E-03           1
|10110101011001100010111110111000001> :  0.5234976E-11  0.1000000E-03           1
|00111101001100100001110111100000001> :  0.1111910E-09  0.1000000E-03           1
|00000111011110101101101001110100000> :  0.1526064E-03  0.1000000E-03           1
|01000011111100011001101001110100000> :  0.6017772E-04  0.1000000E-03           1
|10101101001000101010011110110000001> :  0.4111322E-11  0.1000000E-03           1
|01111111010111010000010100111010011> :  0.2021286E-10  0.1000000E-03           1
|11000011111110000101100011110000001> :  0.1590975E-03  0.1000000E-03           1
|01000011111100001101101011110100001> :  0.1031674E-03  0.1000000E-03           1
|11011011110100000011000110010110011> :  0.8910665E-04  0.1000000E-03           1
|01000110111100001101101011110101000> :  0.5948765E-04  0.1000000E-03           1
|11011011101101110000010000010010011> :  0.1780931E-10  0.1000000E-03           1
|11000011110110000111100011110000001> :  0.3280707E-04  0.1000000E-03           1
|01000110011100101101101011110101000> :  0.1265847E-06  0.1000000E-03           1
|11011011100110000011000110000110011> :  0.8409743E-04  0.1000000E-03           1
|11011011110100100111001000101100001> :  0.1422002E-10  0.1000000E-03           1
|10011011010111010110001001001110011> :  0.9214868E-11  0.1000000E-03           1
|01000011011110101101101011110000001> :  0.4852950E-04  0.1000000E-03           1
|11011011100110010011000110000110011> :  0.1051605E-03  0.1000000E-03           1
|01000011101010010111010011010110011> :  0.3539312E-10  0.1000000E-03           1
|01100101111100001101101001100101000> :  0.1454126E-03  0.1000000E-03           1
|11011010110100000101000110010110011> :  0.9203936E-04  0.1000000E-03           1
|11101011110100010100001100010010011> :  0.6551056E-10  0.1000000E-03           1
|10111101000011110100010110001010011> :  0.7935523E-05  0.1000000E-03           1
|01100010110000000100111101110010011> :  0.4952931E-10  0.1000000E-03           1
|10111111100110111000010100100010011> :  0.6795140E-10  0.1000000E-03           1
|01000000001111110001101111100100100> :  0.4521875E-10  0.1000000E-03           1
|00110000110101010010011101111000100> :  0.1759036E-10  0.1000000E-03           1
|11110000111110001110001010100000100> :  0.7516851E-10  0.1000000E-03           1
|00111000111111100001111011110100100> :  0.7946035E-10  0.1000000E-03           1
|01010001111100001001001011111100100> :  0.2107262E-08  0.1000000E-03           1
|01000001111100001101101011110100100> :  0.1270537E-04  0.1000000E-03           1
|01101010110111010011001110010100100> :  0.5677352E-11  0.1000000E-03           1
|01000011101110101101001001110100100> :  0.3912282E-07  0.1000000E-03           1
|01000011111100001101101001110100100> :  0.1958981E-03  0.1000000E-03           1
|00100100111110010111100011110100100> :  0.1342541E-10  0.1000000E-03           1
|01111111011101001000101001100100000> :  0.9049724E-09  0.1000000E-03           1
|11100010100100010110011110011010011> :  0.2002149E-10  0.1000000E-03           1
|01000011111100001111101001010101000> :  0.1958608E-03  0.1000000E-03           1
|10110010010010110110010011101010011> :  0.4020526E-10  0.1000000E-03           1
|11101010000001110001011001111010011> :  0.4222564E-10  0.1000000E-03           1
|00111011110101011010001001011101000> :  0.5126591E-10  0.1000000E-03           1
|11111010000000100001100011110010011> :  0.3126829E-10  0.1000000E-03           1
|01000111011100101110101001110100000> :  0.1197263E-03  0.1000000E-03           1
|01000011011100001101101001110101000> :  0.5139765E-05  0.1000000E-03           1
|01000010111100001101101101110101000> :  0.2008362E-04  0.1000000E-03           1
|11111001101010010110000110001010011> :  0.3493285E-09  0.1000000E-03           1
|11000001000110101011110011010010011> :  0.1644619E-10  0.1000000E-03           1
|01000010111100001001101001110101000> :  0.3895345E-04  0.1000000E-03           1
|00110001011101011110111010011001000> :  0.3057094E-10  0.1000000E-03           1
|01100011011100001101101011110000001> :  0.8890546E-05  0.1000000E-03           1
|01100011011100101101101011110000000> :  0.7278008E-06  0.1000000E-03           1
|10011111011110110010010011000100011> :  0.1005587E-10  0.1000000E-03           1
|10111110000011110110000100001011111> :  0.3447448E-05  0.1000000E-03           1
|10110111011010110011000010100000011> :  0.3056811E-11  0.1000000E-03           1
|10010111001010011001110111010000011> :  0.2257620E-11  0.1000000E-03           1
|10111100100011110010110110001011111> :  0.8744961E-05  0.1000000E-03           1
|10010100110010110011010010001010111> :  0.8471435E-10  0.1000000E-03           1
|11101110100100001101010111010100011> :  0.5350021E-10  0.1000000E-03           1
|11110101011100100101100001100000011> :  0.1807754E-10  0.1000000E-03           1
|00100100111100101100101001110100011> :  0.1837526E-08  0.1000000E-03           1
|01000011011100001101101000110100001> :  0.9197463E-05  0.1000000E-03           1
|01011100111011000011000101001100011> :  0.7357266E-11  0.1000000E-03           1
|00101100001110111001110111100000011> :  0.1084546E-10  0.1000000E-03           1
|00100011011100001100101011110100001> :  0.2174135E-06  0.1000000E-03           1
|01000111011100101101101011110100000> :  0.1287336E-03  0.1000000E-03           1
|01001011111100001101101001110100000> :  0.5090666E-04  0.1000000E-03           1
|01000011111100001101000101110000011> :  0.1299018E-08  0.1000000E-03           1
|01001011110100000111000111010100011> :  0.4166793E-04  0.1000000E-03           1
|10000011010011010111110000011000001> :  0.2121798E-10  0.1000000E-03           1
|11101011011101110011101111010100011> :  0.2883206E-12  0.1000000E-03           1
|01100001001101111000001101001011111> :  0.7869413E-11  0.1000000E-03           1
|11010011010000100110000011101100011> :  0.2791603E-10  0.1000000E-03           1
|00011011001111101001101001101100001> :  0.6443496E-10  0.1000000E-03           1
|00000011001000010000110111110100011> :  0.4304326E-12  0.1000000E-03           1
|10000010010101011101101001101100011> :  0.9676048E-11  0.1000000E-03           1
|01100010111100001001001111110100001> :  0.3089135E-07  0.1000000E-03           1
|01000010001101001101111001110100011> :  0.1409491E-09  0.1000000E-03           1
|01100001100000110100101001101010111> :  0.5497518E-10  0.1000000E-03           1
|10111001001001010000010110011110111> :  0.1151952E-09  0.1000000E-03           1
|00011001111101000001001100010100011> :  0.3350956E-11  0.1000000E-03           1
|11100010110100010111101110110100001> :  0.4981679E-10  0.1000000E-03           1
|11111000100001010010010110001011111> :  0.1526064E-03  0.1000000E-03           1
|11001001010110010111000000111100011> :  0.3454741E-10  0.1000000E-03           1
|11000001111110000111101011110000001> :  0.7450429E-04  0.1000000E-03           1
|11101001001101001100010011100000011> :  0.3937829E-10  0.1000000E-03           1
|10010111000111000011000000101001111> :  0.1552535E-10  0.1000000E-03           1
|00101110000101010001100100001101111> :  0.3466459E-11  0.1000000E-03           1
|11011000110100000111000111010100011> :  0.4901560E-04  0.1000000E-03           1
|11101111011101111000010001110010010> :  0.2047889E-10  0.1000000E-03           1
|10111001000011010010010110001010111> :  0.4396019E-04  0.1000000E-03           1
|01010111011100100011100100110110010> :  0.4375968E-10  0.1000000E-03           1
|00100111010000101010101101101110010> :  0.7028174E-10  0.1000000E-03           1
|01011000101110100011000110110010111> :  0.2782229E-10  0.1000000E-03           1
|00111110100011100001111001011010010> :  0.2864067E-10  0.1000000E-03           1
|01000001111100001111101011110100001> :  0.8461747E-04  0.1000000E-03           1
|01000011111100001001111001110100000> :  0.5404636E-04  0.1000000E-03           1
|01010100101000001011011111110110010> :  0.1063437E-09  0.1000000E-03           1
|11111000100011110010010110001010111> :  0.4827255E-05  0.1000000E-03           1
|10010011011111111010010001110010010> :  0.7620792E-11  0.1000000E-03           1
|01010011011101110001010111110010010> :  0.1154835E-10  0.1000000E-03           1
|10111100110011110000001010001011110> :  0.1542635E-08  0.1000000E-03           1
|01111001110010000000011101111110010> :  0.4059904E-11  0.1000000E-03           1
|01100001111100001101101011110000001> :  0.1602053E-03  0.1000000E-03           1
|01001111100110101100111001100000010> :  0.9502397E-10  0.1000000E-03           1
|01100111011101101100101001110000010> :  0.8447526E-10  0.1000000E-03           1
|01000001111100001101101011110000001> :  0.1434961E-04  0.1000000E-03           1
|01000111011100001101101001110100010> :  0.2348043E-03  0.1000000E-03           1
|11111011000000010010001010101011110> :  0.1456411E-09  0.1000000E-03           1
|10001010111000000111001100010111110> :  0.5535937E-11  0.1000000E-03           1
|11000111001110111000110011100000010> :  0.1599685E-03  0.1000000E-03           1
|01100001111100000101101011110000001> :  0.9324478E-04  0.1000000E-03           1
|01000111011100001101101001111100000> :  0.1643346E-04  0.1000000E-03           1
|01100011111100001001101001110100000> :  0.3426081E-04  0.1000000E-03           1
|01100001111111001001111001110100000> :  0.9692204E-08  0.1000000E-03           1
|01001111001110101001100111100100010> :  0.1331924E-03  0.1000000E-03           1
|11001110010101011011010111000101110> :  0.3075269E-10  0.1000000E-03           1
|10111000000011010010000010011010111> :  0.7023915E-08  0.1000000E-03           1
|01100111001001011100101001011000010> :  0.2788059E-10  0.1000000E-03           1
|10000100110000001111100011100101110> :  0.1761760E-09  0.1000000E-03           1
|10010100010100100011110110011100111> :  0.1314458E-10  0.1000000E-03           1
|11001111000111100011010110000100010> :  0.1059628E-10  0.1000000E-03           1
|01111110011100001000000111100100010> :  0.2829337E-10  0.1000000E-03           1
|01000110010010111101100101110100010> :  0.2019244E-10  0.1000000E-03           1
|01100001111000101101000111111100001> :  0.2620232E-09  0.1000000E-03           1
|01101101111110001100101000110100010> :  0.4350770E-11  0.1000000E-03           1
|01101001100010100100100110110000111> :  0.3288871E-10  0.1000000E-03           1
|01011101111101000001001001111100010> :  0.3015059E-08  0.1000000E-03           1
|01100001111000100101101011111000001> :  0.3140359E-04  0.1000000E-03           1
|01110111011010101001011111110100000> :  0.1301534E-10  0.1000000E-03           1
|00110101110001011101001011111000010> :  0.7971779E-11  0.1000000E-03           1
|10111000110011110010010010011000111> :  0.1363266E-03  0.1000000E-03           1
|11000100111100001011101001000100010> :  0.7902864E-11  0.1000000E-03           1
|01011100110101001010010110111100010> :  0.1206339E-10  0.1000000E-03           1
|10111100100011010010010110001011101> :  0.2836281E-04  0.1000000E-03           1
|01110101101011110001011001001010110> :  0.3510530E-10  0.1000000E-03           1
|01100001111000000101101011111000001> :  0.3815410E-04  0.1000000E-03           1
|01000111010100001100101001110100000> :  0.4908188E-07  0.1000000E-03           1
|11111101100001110001000100000110110> :  0.5574144E-10  0.1000000E-03           1
|10011101100001101000000100101010110> :  0.1295729E-10  0.1000000E-03           1
|01000011111000001101101001010100010> :  0.3609366E-06  0.1000000E-03           1
|10101111110111001001100111110010110> :  0.6205748E-12  0.1000000E-03           1
|10011000100111110000010110110000111> :  0.1793044E-08  0.1000000E-03           1
|11011000101111010000110000011100111> :  0.8268017E-11  0.1000000E-03           1
|11101101000011010000011110101011101> :  0.8850744E-10  0.1000000E-03           1
|11010000110110001010010110010000111> :  0.2284367E-10  0.1000000E-03           1
|11111110010001110010010100001011101> :  0.8884632E-08  0.1000000E-03           1
|01010001011000001111101010011100111> :  0.2220772E-10  0.1000000E-03           1
|10010000101011110011110110001101110> :  0.1018400E-09  0.1000000E-03           1
|01011001110001000111000100011100111> :  0.4942730E-05  0.1000000E-03           1
|01000011011001001100111001000101110> :  0.5352946E-10  0.1000000E-03           1
|01011001110101000011000110011100111> :  0.2605872E-04  0.1000000E-03           1
|10000010000010111110110001011000111> :  0.6387969E-10  0.1000000E-03           1
|00011010010101010011111110011000111> :  0.5550165E-10  0.1000000E-03           1
|11100011010010000010000111100100111> :  0.1608264E-10  0.1000000E-03           1
|00001011110101111010010110010100111> :  0.1621680E-10  0.1000000E-03           1
|11111100000011100010010110111010110> :  0.1108432E-08  0.1000000E-03           1
|10011100111000010111010010011000111> :  0.3964296E-10  0.1000000E-03           1
|11011101100100101011010110000000111> :  0.1112676E-09  0.1000000E-03           1
|11111110000011110001000110010000111> :  0.9461571E-10  0.1000000E-03           1
|00000111000000110011011111101101110> :  0.9241624E-10  0.1000000E-03           1
|10011000000011110000011100001010111> :  0.1455367E-07  0.1000000E-03           1
|10111000100101110110001100001011110> :  0.1318135E-08  0.1000000E-03           1
|10111001000001111110010010001011110> :  0.1958263E-08  0.1000000E-03           1
|01101001011011100010100101101011101> :  0.2678305E-10  0.1000000E-03           1
|10111000000011110010010110101010111> :  0.3225592E-04  0.1000000E-03           1
|00111100000001111010011100001111110> :  0.1590975E-03  0.1000000E-03           1
|10011000000011110011010110011010111> :  0.5088173E-04  0.1000000E-03           1
|11011000000111010010010011001010111> :  0.2359900E-06  0.1000000E-03           1
|01111000011011010010010100010110111> :  0.4889706E-10  0.1000000E-03           1
|10111100100011010010010100001111110> :  0.2620484E-03  0.1000000E-03           1
|10011000100011010011010110011010111> :  0.1538796E-03  0.1000000E-03           1
|00001011100000001011001100011110110> :  0.6094394E-11  0.1000000E-03           1
|11011101100011000010010110011011110> :  0.1542829E-08  0.1000000E-03           1
|01000101101100011001001110000111110> :  0.4782001E-10  0.1000000E-03           1
|01111011011101110011100001010100010> :  0.2834625E-10  0.1000000E-03           1
|00011011010001111100001100100110110> :  0.1695294E-10  0.1000000E-03           1
|10111110000011110000010100001011110> :  0.8461747E-04  0.1000000E-03           1
|10011110000011111010010100001111110> :  0.9324478E-04  0.1000000E-03           1
|11101011000110010010011010100110110> :  0.2813082E-10  0.1000000E-03           1
|10011110000111111010010100000111110> :  0.3815410E-04  0.1000000E-03           1
|10111000110001010100010101001010111> :  0.5294980E-08  0.1000000E-03           1
|11011000110100000111000110010110111> :  0.3722299E-06  0.1000000E-03           1
|00101000110101110000011010010010111> :  0.5645428E-10  0.1000000E-03           1
|00001001100010100011001110101101111> :  0.2186006E-10  0.1000000E-03           1
|10110100000001110010010011001001111> :  0.7963935E-09  0.1000000E-03           1
|01111100100001110010110100001101111> :  0.9761764E-09  0.1000000E-03           1
|10111001000011010010010110011010111> :  0.3384238E-04  0.1000000E-03           1
|00011010010101001100010110111010110> :  0.6116223E-11  0.1000000E-03           1
|11111001000011110000010010101010111> :  0.2046118E-04  0.1000000E-03           1
|00101000000011110011101110001011111> :  0.2119946E-08  0.1000000E-03           1
|10100000000011110110111010001011111> :  0.2337290E-09  0.1000000E-03           1
|10011000000111110010010100011011111> :  0.5874129E-06  0.1000000E-03           1
|10111000100001010001010110011011111> :  0.5392508E-04  0.1000000E-03           1
|10111100100010100101110001101001101> :  0.3227525E-10  0.1000000E-03           1
|11010001000110011110000111100010111> :  0.8024753E-10  0.1000000E-03           1
|00101010000001110111010110011010110> :  0.8760257E-10  0.1000000E-03           1
|01000011011100011101101001110100010> :  0.6376265E-05  0.1000000E-03           1
|10010000111110100110010110101100001> :  0.3194599E-10  0.1000000E-03           1
|11011001100011010010010110001010111> :  0.2016735E-04  0.1000000E-03           1
|10111000100011110010010100001011111> :  0.3498125E-04  0.1000000E-03           1
|11011001100110010011000110000010111> :  0.1465381E-04  0.1000000E-03           1
|10101000100111101010010110000011111> :  0.5983450E-10  0.1000000E-03           1
|01100001110010010101111010011010111> :  0.4549613E-10  0.1000000E-03           1
|10111001100011010010000100001011111> :  0.1171933E-04  0.1000000E-03           1
|01110010001001000111111000011010111> :  0.2350124E-10  0.1000000E-03           1
|10011010100010000101011000011010111> :  0.9780475E-10  0.1000000E-03           1
|10000010101010100101110011010010111> :  0.1626507E-10  0.1000000E-03           1
|10011011000011010010010100011010111> :  0.1667380E-04  0.1000000E-03           1
|10111100000011110010000110001011111> :  0.2466910E-04  0.1000000E-03           1
|10111100000011110010010100001111111> :  0.3802637E-04  0.1000000E-03           1
|10101100000011110110000110001011111> :  0.3386831E-05  0.1000000E-03           1
|00010011001111101010110010011010111> :  0.1776403E-10  0.1000000E-03           1
|11101011110001000010010100111010111> :  0.5708381E-10  0.1000000E-03           1
|01000111001110101101101001110100000> :  0.1030856E-03  0.1000000E-03           1
|00111100000011111010010010011011111> :  0.2625783E-08  0.1000000E-03           1
|10111100000101110010010100101010111> :  0.1544971E-06  0.1000000E-03           1
|01100100000111110000011011001010111> :  0.5158624E-10  0.1000000E-03           1
|00111100010000110000010110111110111> :  0.1325192E-09  0.1000000E-03           1
|00111100100011110010010111001010111> :  0.9958237E-06  0.1000000E-03           1
|01011101000001001111100100000111111> :  0.3238068E-10  0.1000000E-03           1
|10011100110011110011010000011010111> :  0.5231576E-09  0.1000000E-03           1
|10111101000010100110010110101010111> :  0.1444662E-05  0.1000000E-03           1
|00111101000011110010010100001010111> :  0.1001412E-03  0.1000000E-03           1
|00000110001000101101101000011011111> :  0.3785416E-11  0.1000000E-03           1
|00010101010111000001010111001110111> :  0.2987860E-10  0.1000000E-03           1
|11000110000010010011110001100010111> :  0.3191125E-10  0.1000000E-03           1
|11001111000100000011000101110110111> :  0.2136147E-10  0.1000000E-03           1
|01000011011100001101001001110100000> :  0.8744961E-05  0.1000000E-03           1
|10111001000111011100010110000010110> :  0.3818630E-08  0.1000000E-03           1
|01101001000011110001100101001110110> :  0.5727770E-11  0.1000000E-03           1
|11000011011100001101101011110100010> :  0.2386050E-06  0.1000000E-03           1
|10111000110011110110010000101010110> :  0.2911383E-08  0.1000000E-03           1
|01000010111100011001101101110101000> :  0.8423823E-05  0.1000000E-03           1
|11010000101000000111110100011110110> :  0.2166321E-10  0.1000000E-03           1
|01101011101100011100101001110001000> :  0.1583971E-08  0.1000000E-03           1
|01000011011100001101101011110100010> :  0.1220507E-03  0.1000000E-03           1
|01000011111100000100101011110101000> :  0.1544340E-06  0.1000000E-03           1
|01000011111100001011101001101101000> :  0.2036582E-07  0.1000000E-03           1
|11000000111100001101101011110100001> :  0.2577959E-04  0.1000000E-03           1
|11101000001111110101110100000010110> :  0.2130395E-10  0.1000000E-03           1
|00110111011101010010110001011100110> :  0.2213490E-10  0.1000000E-03           1
|01101011111101001000001101000101000> :  0.2059914E-09  0.1000000E-03           1
|11110100011011110101000011110001000> :  0.1220347E-10  0.1000000E-03           1
|01000011011100001101101001110100010> :  0.1143943E-03  0.1000000E-03           1
|00110111011100010010010001101100110> :  0.1067595E-10  0.1000000E-03           1
|00111101111100101001000001000100110> :  0.4013860E-10  0.1000000E-03           1
|10000011000101000111000000111000010> :  0.5680034E-12  0.1000000E-03           1
|10110000111011000110111011101100001> :  0.1246669E-10  0.1000000E-03           1
|01011111001010000101101011111100000> :  0.2597333E-10  0.1000000E-03           1
|00100110011001101101111001111001000> :  0.2290886E-04  0.1000000E-03           1
|00100110011001111100101001111001000> :  0.6146737E-05  0.1000000E-03           1
|10110100000010110011000110110000110> :  0.1040086E-10  0.1000000E-03           1
|01000011011110011111100100110100110> :  0.7238318E-10  0.1000000E-03           1
|00001010111101001111000111110100010> :  0.8437953E-10  0.1000000E-03           1
|10001110011110111100111101000001000> :  0.3810631E-10  0.1000000E-03           1
|00000110100011101110110001011101000> :  0.2264497E-10  0.1000000E-03           1
|00111110111011100011111001010001000> :  0.3685380E-10  0.1000000E-03           1
|01001011010111011000001001111000110> :  0.9294408E-11  0.1000000E-03           1
|11001011001110111110111000010100110> :  0.2370460E-10  0.1000000E-03           1
|11011010100111110001000011001100010> :  0.1191236E-10  0.1000000E-03           1
|01100000111000101101101011110100001> :  0.7029898E-06  0.1000000E-03           1
|01100010111001010001111011101000110> :  0.1305752E-10  0.1000000E-03           1
|01100010101100111001101001110100110> :  0.1445536E-08  0.1000000E-03           1
|00000110111100001101101101110101000> :  0.2833919E-04  0.1000000E-03           1
|00010010011010101110101111010100010> :  0.3879559E-10  0.1000000E-03           1
|01000110111100001111101001010101000> :  0.2575759E-04  0.1000000E-03           1
|11011001101101011001110100000000110> :  0.1159365E-09  0.1000000E-03           1
|01100110001111001001111001110001100> :  0.4161507E-09  0.1000000E-03           1
|11111001010011111001000001100000110> :  0.2997847E-11  0.1000000E-03           1
|10001110111101011101011000111101000> :  0.1165015E-10  0.1000000E-03           1
|00100111000100101101101101110101000> :  0.1029337E-09  0.1000000E-03           1
|00100111011001101100111001111001000> :  0.3814447E-03  0.1000000E-03           1
|00100111011011110100011000110001000> :  0.1787748E-10  0.1000000E-03           1
|01000111011100001101101000100101000> :  0.1710070E-04  0.1000000E-03           1
|11011010000000101101100111100100010> :  0.3742843E-10  0.1000000E-03           1
|11110000110000101110110111000100001> :  0.7016153E-10  0.1000000E-03           1
|01100110111100101101101001110100000> :  0.4215997E-04  0.1000000E-03           1
|10100000111101011110010011100100110> :  0.1733151E-11  0.1000000E-03           1
|00011111010100011000010101011110101> :  0.2502731E-10  0.1000000E-03           1
|10111001110111110111001000011000010> :  0.1284948E-10  0.1000000E-03           1
|10100111000110000100110001101110101> :  0.4672756E-10  0.1000000E-03           1
|11100111101100001101100001111101000> :  0.8096222E-08  0.1000000E-03           1
|01000111111000000001101001111101000> :  0.2360854E-07  0.1000000E-03           1
|00001111111011101100001001100001000> :  0.7215978E-11  0.1000000E-03           1
|01100111111100001100101001100101000> :  0.5088173E-04  0.1000000E-03           1
|01000111111100001100101001110101000> :  0.3322905E-04  0.1000000E-03           1
|10110110011110100001010110101010101> :  0.4736115E-11  0.1000000E-03           1
|11011001100110011111000000110100010> :  0.1500060E-10  0.1000000E-03           1
|01100111111100001101101001100101000> :  0.5344016E-04  0.1000000E-03           1
|01100111111000100010111011010010000> :  0.8581777E-10  0.1000000E-03           1
|01100101111011100010010101000110101> :  0.1073250E-11  0.1000000E-03           1
|01101101100111110010110000100010101> :  0.5443334E-11  0.1000000E-03           1
|11000000111110110100110111110100010> :  0.3462273E-10  0.1000000E-03           1
|11100101001110101000110011100010101> :  0.2403867E-04  0.1000000E-03           1
|00011011010001101010010101001101100> :  0.3040377E-10  0.1000000E-03           1
|11011101001101010100100000011010101> :  0.6171898E-10  0.1000000E-03           1
|01010000111001101001101101110100010> :  0.2352910E-08  0.1000000E-03           1
|11000111001110101100111001100010000> :  0.3466907E-05  0.1000000E-03           1
|10110101000011110011000011011010101> :  0.1063912E-09  0.1000000E-03           1
|01010101000010100011100101101110101> :  0.1234120E-09  0.1000000E-03           1
|11001111011111111000010110100010001> :  0.1143555E-10  0.1000000E-03           1
|11010100110100000111000110010110101> :  0.1061154E-09  0.1000000E-03           1
|10110111010011111000010010001011011> :  0.1772409E-10  0.1000000E-03           1
|01011111001110000001001101100111011> :  0.4704378E-10  0.1000000E-03           1
|01011111011101000001110011101010001> :  0.2366409E-10  0.1000000E-03           1
|11111100000111000001010101000010101> :  0.7144099E-11  0.1000000E-03           1
|11011101000110110000010011000011011> :  0.2397138E-10  0.1000000E-03           1
|10011100000011110010110010101110101> :  0.1357242E-08  0.1000000E-03           1
|10101100000111110100101000011011011> :  0.2133831E-10  0.1000000E-03           1
|10111100000011100110010100001011011> :  0.5728330E-06  0.1000000E-03           1
|10000011110110110110110000010011011> :  0.7043119E-11  0.1000000E-03           1
|01011011011101000111100010010010101> :  0.3085101E-10  0.1000000E-03           1
|10101110101110111000110101100110000> :  0.1089114E-10  0.1000000E-03           1
|01001011011111101010110110110100000> :  0.6719778E-11  0.1000000E-03           1
|01000011011100001001101001110100000> :  0.6073919E-06  0.1000000E-03           1
|01100001111110001001101001110100000> :  0.3894776E-06  0.1000000E-03           1
|11000011001110111010010110101010101> :  0.2772073E-10  0.1000000E-03           1
|10111011000110001010100101001010101> :  0.1417751E-10  0.1000000E-03           1
|00101111001010101010100101011110001> :  0.2376743E-10  0.1000000E-03           1
|10011011000010010111100110001010101> :  0.6819075E-09  0.1000000E-03           1
|11100010101010110010011000110010101> :  0.4006225E-10  0.1000000E-03           1
|10010111001010001010111100110110001> :  0.2804520E-10  0.1000000E-03           1
|11100101011101100101101011100010000> :  0.3270484E-10  0.1000000E-03           1
|10000010001100100111111010010110101> :  0.5079597E-10  0.1000000E-03           1
|10110001110111011110010010000010101> :  0.1045533E-11  0.1000000E-03           1
|01000111000011100011110010111010001> :  0.2426692E-10  0.1000000E-03           1
|01100001010001100111100101110010101> :  0.5360474E-11  0.1000000E-03           1
|10011101010000110010010110011001011> :  0.1497988E-09  0.1000000E-03           1
|10111101100111011001010110100010001> :  0.2657766E-10  0.1000000E-03           1
|01011011011100101001110111000110000> :  0.1741760E-09  0.1000000E-03           1
|01000101111101001111101000101100000> :  0.2798684E-07  0.1000000E-03           1
|01111100100011010010010111010001011> :  0.1453639E-10  0.1000000E-03           1
|10001011001110101111101000000101011> :  0.4297253E-11  0.1000000E-03           1
|10011101100110111010011000011010001> :  0.3217396E-10  0.1000000E-03           1
|01100000001010101011111001010110101> :  0.2079414E-10  0.1000000E-03           1
|10011000001010101011000111010010101> :  0.5572650E-11  0.1000000E-03           1
|10110101100011110110100011001010001> :  0.5977265E-10  0.1000000E-03           1
|00100011001100001101101001110110000> :  0.1116417E-08  0.1000000E-03           1
|00000111000110100101110101101000101> :  0.6470692E-13  0.1000000E-03           1
|01011111100110000011000010011011010> :  0.1900717E-10  0.1000000E-03           1
|01010101011100001100011011111100101> :  0.1130341E-10  0.1000000E-03           1
|01100101001000001000110101101100101> :  0.8721682E-10  0.1000000E-03           1
|00110110011000111010110100010111010> :  0.5978433E-10  0.1000000E-03           1
|11000100001010110100110111110000101> :  0.6597156E-10  0.1000000E-03           1
|11000101001110101100110011100010001> :  0.1492127E-04  0.1000000E-03           1
|00100010111101111101110011110010000> :  0.3121842E-10  0.1000000E-03           1
|01011100110100000011001111100100000> :  0.8517961E-10  0.1000000E-03           1
|10111100000011010010110110001000101> :  0.4473935E-08  0.1000000E-03           1
|01111011100010100001000011100100101> :  0.2037950E-10  0.1000000E-03           1
|11110101000100000011111010011010001> :  0.1849911E-10  0.1000000E-03           1
|01001001111101110100000001011100101> :  0.2624699E-10  0.1000000E-03           1
|11011001110111101001010110000100101> :  0.5052587E-11  0.1000000E-03           1
|11010100110100001111111110001010001> :  0.1092145E-10  0.1000000E-03           1
|00101010011101111101100101010110000> :  0.5003976E-10  0.1000000E-03           1
|01101111111101000010001001110001010> :  0.5008586E-10  0.1000000E-03           1
|01100001101101001101101100111000101> :  0.1844569E-10  0.1000000E-03           1
|01100100101111100110101101000010001> :  0.1459564E-10  0.1000000E-03           1
|01000111001100001101101101100101010> :  0.4892079E-04  0.1000000E-03           1
|11010111000001000101110001111001010> :  0.3407859E-10  0.1000000E-03           1
|00100001011001010111011100111100101> :  0.9825909E-10  0.1000000E-03           1
|11010001101011101100011010110010000> :  0.4696008E-10  0.1000000E-03           1
|01111011111111100100100001011000000> :  0.1173311E-10  0.1000000E-03           1
|11100110011000011100101101111001010> :  0.1712694E-10  0.1000000E-03           1
|01100001011001000101101011111000101> :  0.7218405E-05  0.1000000E-03           1
|01001110001101111101101001010101010> :  0.2308814E-09  0.1000000E-03           1
|01000110001100101101101101100101010> :  0.1575740E-05  0.1000000E-03           1
|11001001010011001110000101100100101> :  0.3313563E-11  0.1000000E-03           1
|01000101101101101101110011001101010> :  0.8221096E-10  0.1000000E-03           1
|00101101100011100001100111100101010> :  0.1002431E-10  0.1000000E-03           1
|10110000110011110010011010111000101> :  0.9010671E-04  0.1000000E-03           1
|10111110111001010001001001110001010> :  0.5495854E-10  0.1000000E-03           1
|01000100111101100101101000110101010> :  0.4506766E-09  0.1000000E-03           1
|01100100101001001110001110001101010> :  0.1020323E-10  0.1000000E-03           1
|01100000100011100001011111110000101> :  0.1238491E-10  0.1000000E-03           1
|11111000110000101111001111110010000> :  0.3774012E-10  0.1000000E-03           1
|01000111001100111101001011110001010> :  0.1512061E-09  0.1000000E-03           1
|10010100011101011101100010001101010> :  0.4741286E-10  0.1000000E-03           1
|10111100000011100100001010111001010> :  0.2216395E-10  0.1000000E-03           1
|01000001001111101100101100110011010> :  0.4706544E-10  0.1000000E-03           1
|01100010101100010001011001110111010> :  0.1053491E-10  0.1000000E-03           1
|00011010110101001101001100011111010> :  0.6923021E-04  0.1000000E-03           1
|01010010111000000101101011110011010> :  0.9502407E-10  0.1000000E-03           1
|11010011000101010010010110011011010> :  0.8427462E-10  0.1000000E-03           1
|10110100001011111110010100000011010> :  0.2727951E-09  0.1000000E-03           1
|10101100100110110000010110101111010> :  0.2866236E-09  0.1000000E-03           1
|10001110001111111000010110000011010> :  0.2858411E-05  0.1000000E-03           1
|10101110001111111000010110000011010> :  0.3055779E-03  0.1000000E-03           1
|11100000000011110010010110011100101> :  0.4700436E-10  0.1000000E-03           1
|10011110100110010011010110000111010> :  0.1176434E-03  0.1000000E-03           1
|10011110100110011011000110000111010> :  0.6528643E-06  0.1000000E-03           1
|10011110101110110100110000000111010> :  0.2862860E-10  0.1000000E-03           1
|10001011110100101101101011000001010> :  0.3253477E-10  0.1000000E-03           1
|11000000100100111001000110011101011> :  0.1124664E-10  0.1000000E-03           1
|01000011011101011101101001010101010> :  0.4092961E-04  0.1000000E-03           1
|10011000110001010011000110011101011> :  0.6005916E-04  0.1000000E-03           1
|11011111100100010011100110001110100> :  0.4508761E-10  0.1000000E-03           1
|11011000110100000111000110010101011> :  0.6276136E-05  0.1000000E-03           1
|10010000111101010111010011011101011> :  0.3685528E-10  0.1000000E-03           1
|11001010110100010111000110010101011> :  0.6278572E-04  0.1000000E-03           1
|00010111010110000101110000011010100> :  0.2543060E-10  0.1000000E-03           1
|01101011101111001000100001010101011> :  0.2272150E-10  0.1000000E-03           1
|01001011001101101010101011100101010> :  0.4484624E-10  0.1000000E-03           1
|10111100100111000001010111001101011> :  0.1129073E-08  0.1000000E-03           1
|01000010111101001101101001010101010> :  0.1544434E-04  0.1000000E-03           1
|01101110001100110101101001100101011> :  0.6850158E-10  0.1000000E-03           1
|00100111000011011111000100000001011> :  0.4141435E-13  0.1000000E-03           1
|01001111001100001101101111010001011> :  0.1427055E-09  0.1000000E-03           1
|01001111101100000101001101010101011> :  0.3214477E-09  0.1000000E-03           1
|11100000001011100000110110011111011> :  0.1180069E-10  0.1000000E-03           1
|10001000001101011010110010010011011> :  0.5337663E-10  0.1000000E-03           1
|11010000100001010001011010001111011> :  0.1790867E-10  0.1000000E-03           1
|10011000100100100010010110011011011> :  0.1023056E-09  0.1000000E-03           1
|10111001000011110110010110001011011> :  0.1866453E-05  0.1000000E-03           1
|11000001111100011111001100000111011> :  0.5636430E-11  0.1000000E-03           1
|11000010000000010110011110000111011> :  0.1617601E-10  0.1000000E-03           1
|11001010100110110010000011001111011> :  0.8039337E-10  0.1000000E-03           1
|10111010110001110001001011000111011> :  0.1746990E-10  0.1000000E-03           1
|01110010111001110000010010111011011> :  0.3475300E-10  0.1000000E-03           1
|00011011001101011110001100010111011> :  0.3743125E-10  0.1000000E-03           1
|00011000001001010000011011001110000> :  0.7965350E-13  0.1000000E-03           1
|00110011011010100011001111111000000> :  0.1194650E-10  0.1000000E-03           1
|10011010110100001111001110010101010> :  0.1493683E-05  0.1000000E-03           1
|01111010100001111000010110011101010> :  0.2576322E-10  0.1000000E-03           1
|01000010001101001001101001111101010> :  0.7163994E-09  0.1000000E-03           1
|10011110000011100010110110100011011> :  0.1420080E-07  0.1000000E-03           1
|10111110000011110000010110001011011> :  0.1940029E-05  0.1000000E-03           1
|00100111001011101010000111000011011> :  0.1108469E-10  0.1000000E-03           1
|11010111001110000110111100110010100> :  0.1176862E-10  0.1000000E-03           1
|00011011001110001011011101100110001> :  0.3361146E-11  0.1000000E-03           1
|10111000101000111010000100001101100> :  0.1899701E-10  0.1000000E-03           1
|10101001101111001101100110001001100> :  0.8614720E-11  0.1000000E-03           1
|00110001110001101011111100111101100> :  0.1072267E-10  0.1000000E-03           1
|00110001111001001101101001111001100> :  0.1045546E-08  0.1000000E-03           1
|11000001111100001001101000110001100> :  0.7305433E-10  0.1000000E-03           1
|01010010011100010101101000111101100> :  0.4696640E-10  0.1000000E-03           1
|11101001011111011010100110000101010> :  0.2022033E-10  0.1000000E-03           1
|01100011111010010100001000111101100> :  0.1629880E-10  0.1000000E-03           1
|00100100001011111100111001101001100> :  0.8910665E-04  0.1000000E-03           1
|00100100011001101100111001111001100> :  0.1051605E-03  0.1000000E-03           1
|01111111100110000010010001001111001> :  0.5835422E-10  0.1000000E-03           1
|10101100101111101001010011101001100> :  0.2115763E-10  0.1000000E-03           1
|00110100110000001111001101101101100> :  0.1705237E-03  0.1000000E-03           1
|00110100110001000111011100011101100> :  0.8197627E-05  0.1000000E-03           1
|01000100111100000111101000110101100> :  0.3840966E-09  0.1000000E-03           1
|00101101000111111100100010101001100> :  0.1845995E-10  0.1000000E-03           1
|01100101001001111100101001101001100> :  0.1036499E-03  0.1000000E-03           1
|00100101001011111000111001101001100> :  0.1503529E-03  0.1000000E-03           1
|00100101001011111010111001101001100> :  0.9203936E-04  0.1000000E-03           1
|00100101011101011100001001001101100> :  0.1647919E-10  0.1000000E-03           1
|01111111001000101100101001000110100> :  0.1005708E-09  0.1000000E-03           1
|01100110001011111000111001101001100> :  0.5438469E-05  0.1000000E-03           1
|01000111001101011011001100011111001> :  0.7900095E-11  0.1000000E-03           1
|10010111001100110111100001010011001> :  0.5050579E-10  0.1000000E-03           1
|11100000001011110110101110101011100> :  0.1998576E-09  0.1000000E-03           1
|00111000110001001110011100011111100> :  0.2286860E-04  0.1000000E-03           1
|10110000110011010110010001011111100> :  0.8420643E-10  0.1000000E-03           1
|00010001000000101011011110011111100> :  0.4547481E-12  0.1000000E-03           1
|10010001010000101111101110100011100> :  0.6206996E-10  0.1000000E-03           1
|11100001100111110010001000100011100> :  0.5799812E-12  0.1000000E-03           1
|01100010010001011111111001001111100> :  0.2907198E-10  0.1000000E-03           1
|10111010010001110100010010011011100> :  0.7638061E-11  0.1000000E-03           1
|01100010011100010001101001101111100> :  0.2679432E-10  0.1000000E-03           1
|01011011100010011010100100101011100> :  0.1904725E-10  0.1000000E-03           1
|10110100000011110111010100001011100> :  0.9147830E-09  0.1000000E-03           1
|00100100001011111100111001101011100> :  0.1326140E-04  0.1000000E-03           1
|11001100100110011110011110001111100> :  0.4954033E-11  0.1000000E-03           1
|10110100100111110010010101001011100> :  0.2835316E-07  0.1000000E-03           1
|10110100110010010100010011101011100> :  0.3481687E-10  0.1000000E-03           1
|11011111000010111000000001100110100> :  0.3554179E-10  0.1000000E-03           1
|00011101100011000011001110101111100> :  0.4584496E-10  0.1000000E-03           1
|01100010111011000100111011100010001> :  0.4473249E-10  0.1000000E-03           1
|00111110011000001101101100110111100> :  0.5696236E-10  0.1000000E-03           1
|00111110011011101000101100101111100> :  0.4930378E-10  0.1000000E-03           1
|10010111000111101000111001101111100> :  0.3687555E-10  0.1000000E-03           1
|00100111001111111001001110000011100> :  0.1450513E-10  0.1000000E-03           1
|01000111010110010111100001010011100> :  0.2397278E-10  0.1000000E-03           1
|00011111101110001001010100010111100> :  0.6685971E-11  0.1000000E-03           1
|11000000001110011111111010010001101> :  0.2233937E-10  0.1000000E-03           1
|01100001011001001100101001111001101> :  0.1706781E-04  0.1000000E-03           1
|00011001100001011011010101001101101> :  0.1419031E-10  0.1000000E-03           1
|01010001111001001001101001111001101> :  0.6085745E-08  0.1000000E-03           1
|10100010111010101100001001110001101> :  0.2131736E-10  0.1000000E-03           1
|01000011010000010010011001111101101> :  0.2178566E-10  0.1000000E-03           1
|01101111001100010000100000101011001> :  0.5937702E-11  0.1000000E-03           1
|10111000000001110100010110101011101> :  0.8364622E-08  0.1000000E-03           1
|10111000100011110010010110001011101> :  0.2348043E-03  0.1000000E-03           1
|10110110111000101101001011110011001> :  0.3807297E-10  0.1000000E-03           1
|00111110100011100000001111101110100> :  0.3574874E-10  0.1000000E-03           1
|00110110011001100010101110111011001> :  0.3744946E-10  0.1000000E-03           1
|10111001000110110011000110000011101> :  0.2647326E-08  0.1000000E-03           1
|10111001001101011000100101001011101> :  0.1172341E-10  0.1000000E-03           1
|11100110000000000110101010101011001> :  0.3695453E-11  0.1000000E-03           1
|11100010011011110000011011000011101> :  0.1766128E-10  0.1000000E-03           1
|10001011000010111010101000111011101> :  0.3821314E-10  0.1000000E-03           1
|10111100000010100010010110010111101> :  0.1250037E-07  0.1000000E-03           1
|01110101111000000010101110111010100> :  0.8031850E-10  0.1000000E-03           1
|01000010110101000111011000111110001> :  0.1252328E-10  0.1000000E-03           1
|01110100000011110011010100001011101> :  0.1357663E-06  0.1000000E-03           1
|11010100100010101011101100100011101> :  0.1844858E-11  0.1000000E-03           1
|10111101100001010011001110101011001> :  0.1274491E-09  0.1000000E-03           1
|10011100100010011110011110010111001> :  0.4336910E-10  0.1000000E-03           1
|10011101110010110011000110111010100> :  0.1719094E-10  0.1000000E-03           1
|10110100100011110010010110001011101> :  0.3947565E-04  0.1000000E-03           1
|01011100100110000010001101100111101> :  0.2511212E-10  0.1000000E-03           1
|10111100100111110110010100001011101> :  0.2473637E-07  0.1000000E-03           1
|10111100101000011000001110100011101> :  0.4358664E-11  0.1000000E-03           1
|00011100110101011010011100010111101> :  0.2258243E-10  0.1000000E-03           1
|10110100000011111000000110011011001> :  0.1874057E-10  0.1000000E-03           1
|11011101001010000010010100111011101> :  0.4453823E-10  0.1000000E-03           1
|00100101110001101100111001111011101> :  0.4591035E-10  0.1000000E-03           1
|10100110001011110010111000001011101> :  0.3354259E-09  0.1000000E-03           1
|10111011110010000100010000111011001> :  0.3794398E-10  0.1000000E-03           1
|00101110100111001110010100001111101> :  0.1444275E-10  0.1000000E-03           1
|01100111001110100011101000101011101> :  0.9676529E-11  0.1000000E-03           1
|11001000101001110001101011101101110> :  0.2106488E-10  0.1000000E-03           1
|10100101100010100010011011101010100> :  0.2512936E-10  0.1000000E-03           1
|10101000110001010010011110001001110> :  0.5350317E-10  0.1000000E-03           1
|01100010011000101100111011110010001> :  0.1884861E-03  0.1000000E-03           1
|10101011011010101100100001110011001> :  0.6580204E-11  0.1000000E-03           1
|10111011001101111000010000001011001> :  0.1361793E-09  0.1000000E-03           1
|00101100001111111001100111000001110> :  0.1141929E-10  0.1000000E-03           1
|00100100011010110010111110110101110> :  0.4110634E-10  0.1000000E-03           1
|10111100100001010011010100001101110> :  0.1840939E-04  0.1000000E-03           1
|10111100100001111010010100001101110> :  0.1156636E-03  0.1000000E-03           1
|11101101000111010010010110101010100> :  0.4253611E-09  0.1000000E-03           1
|10111100100011010011010100001101110> :  0.1765206E-03  0.1000000E-03           1
|11000011000010011100101001001011001> :  0.3679886E-10  0.1000000E-03           1
|11110100100011110010011000001001110> :  0.2223020E-09  0.1000000E-03           1
|10111100100011110100001010001101110> :  0.1497669E-08  0.1000000E-03           1
|10011100100111010011000100001101110> :  0.2605547E-05  0.1000000E-03           1
|11110010110000110110001000001011001> :  0.9446136E-10  0.1000000E-03           1
|01110100100011100011110001101010100> :  0.3695648E-10  0.1000000E-03           1
|11111010011000000100101010111010001> :  0.8742134E-10  0.1000000E-03           1
|00011101001011110010011010001101110> :  0.2915186E-10  0.1000000E-03           1
|01101101010010101001101011100101110> :  0.4738303E-10  0.1000000E-03           1
|10011101011001010111000100001001110> :  0.3544866E-11  0.1000000E-03           1
|00101010100011000111101010011011001> :  0.2768367E-10  0.1000000E-03           1
|01101101101001100010000100001001110> :  0.1745013E-10  0.1000000E-03           1
|00111110000011010100011100101101110> :  0.6119922E-10  0.1000000E-03           1
|00100010011011101110111010100011001> :  0.4001504E-10  0.1000000E-03           1
|00111100001111111001011011100010100> :  0.7240397E-11  0.1000000E-03           1
|10111000100011110010010110001011110> :  0.3854684E-05  0.1000000E-03           1
|10011000100011110010010110111011110> :  0.7019174E-07  0.1000000E-03           1
|10101010001111011100010110001011001> :  0.3247819E-09  0.1000000E-03           1
|00111000101000111010001100101011110> :  0.2886108E-09  0.1000000E-03           1
|11011010000000111000010111100111001> :  0.4583980E-11  0.1000000E-03           1
|00101001001011101101101100000011110> :  0.1303307E-11  0.1000000E-03           1
|10011011001100111101100001100110100> :  0.2419611E-10  0.1000000E-03           1
|00100010010001111010111010111010001> :  0.1335728E-10  0.1000000E-03           1
|01001011110110011000010100011111110> :  0.1259216E-09  0.1000000E-03           1
|01001111111100001101101000100100000> :  0.8782976E-06  0.1000000E-03           1
|11000001110000011111101100001111001> :  0.2687904E-10  0.1000000E-03           1
|01110001101001000010011101101011001> :  0.4419363E-10  0.1000000E-03           1
|10100011001001111110011000011110100> :  0.1563741E-10  0.1000000E-03           1
|11010100100000001110001101011111110> :  0.2018966E-10  0.1000000E-03           1
|10111100100001010010010100001111110> :  0.4852950E-04  0.1000000E-03           1
|10111001100011110110010110001011001> :  0.2064291E-06  0.1000000E-03           1
|11110000101100001101000110110111001> :  0.1195931E-09  0.1000000E-03           1
|10111100100001111010010100001111110> :  0.5630222E-04  0.1000000E-03           1
|00110010111000111011001000111010100> :  0.6593299E-10  0.1000000E-03           1
|10010010001011101011010110101010001> :  0.5414656E-11  0.1000000E-03           1
|10000111111100101011000101010101001> :  0.4013043E-11  0.1000000E-03           1
|01010111110000001101101001110101001> :  0.1957337E-06  0.1000000E-03           1
|10010010110011001001011110110010100> :  0.4876206E-10  0.1000000E-03           1
|00000111011001100100101001110101001> :  0.4251558E-10  0.1000000E-03           1
|10001110111100111010000100010101001> :  0.1838201E-10  0.1000000E-03           1
|01100101100101011010010000001011110> :  0.1964330E-10  0.1000000E-03           1
|11000001101111011100011000011110100> :  0.2263473E-10  0.1000000E-03           1
|11010001100011001101101011101010001> :  0.1637772E-10  0.1000000E-03           1
|00011111111100000011001110111000000> :  0.6469936E-10  0.1000000E-03           1
|01000011111101001001101001110100000> :  0.1114104E-03  0.1000000E-03           1
|01000011011110001101101011110100000> :  0.5631928E-04  0.1000000E-03           1
|10000101001010101011110010010001001> :  0.2134126E-10  0.1000000E-03           1
|01000101000010101111101001100101001> :  0.5341213E-09  0.1000000E-03           1
|01111001101001111010000101001010100> :  0.5189706E-10  0.1000000E-03           1
|00010011110110000011000111000101001> :  0.4753151E-10  0.1000000E-03           1
|10011110000101011000010100001111110> :  0.9047141E-04  0.1000000E-03           1
|00010011011011000011001011111001001> :  0.3016539E-10  0.1000000E-03           1
|01111001010011110010000010111010100> :  0.2758445E-10  0.1000000E-03           1
|10010001011011000111101010001010001> :  0.2909204E-10  0.1000000E-03           1
|01100011001101000110111011010001001> :  0.1327139E-10  0.1000000E-03           1
|10011110100110011010010100000111110> :  0.1011259E-04  0.1000000E-03           1
|00101111000011011001011001011011110> :  0.4499361E-10  0.1000000E-03           1
|10011111000111010010010100001011110> :  0.7029898E-06  0.1000000E-03           1
|00110111001000010110011001011011110> :  0.1949834E-10  0.1000000E-03           1
|10111000110001010010010110011001111> :  0.4185376E-04  0.1000000E-03           1
|10011000110001010011000110011101111> :  0.1916464E-03  0.1000000E-03           1
|00101001111000010111000011011101001> :  0.3567800E-10  0.1000000E-03           1
|11010011011110010010100010010001111> :  0.1511754E-09  0.1000000E-03           1
|01111000101001101101011101011110100> :  0.1695202E-09  0.1000000E-03           1
|10001100000011111010010100010101111> :  0.2145106E-09  0.1000000E-03           1
|01000111111100011101100001110111000> :  0.1548558E-06  0.1000000E-03           1
|00100100101001010110001101001101111> :  0.2302007E-10  0.1000000E-03           1
|10011101000111010010000010101001111> :  0.3449318E-08  0.1000000E-03           1
|01000101011000001110111001111001111> :  0.6622081E-10  0.1000000E-03           1
|00101111111001111100101000100011000> :  0.2593296E-10  0.1000000E-03           1
|01001111110100001101101100110100100> :  0.6938865E-08  0.1000000E-03           1
|10111000000001110010010110001011111> :  0.8200445E-05  0.1000000E-03           1
|00011001010011100001011001111110001> :  0.6394187E-10  0.1000000E-03           1
|01010111111010001111101001101100000> :  0.3290357E-07  0.1000000E-03           1
|01010111101100001001100111110111000> :  0.1194875E-10  0.1000000E-03           1
|10000111100110101110101111100000100> :  0.1881933E-10  0.1000000E-03           1
|10111000000111110000010111001011111> :  0.3155103E-06  0.1000000E-03           1
|01011111000101101000000101101011000> :  0.7064476E-10  0.1000000E-03           1
|11001000001011110100000010010011111> :  0.9740637E-10  0.1000000E-03           1
|00000111100100011011011100101100100> :  0.8177098E-11  0.1000000E-03           1
|11111000100001010010000100001111111> :  0.2665959E-03  0.1000000E-03           1
|10011001000111100111010111000010001> :  0.3282731E-10  0.1000000E-03           1
|10011110011111101011000110100011000> :  0.3607874E-10  0.1000000E-03           1
|10111000100001010011010110001011111> :  0.4625264E-03  0.1000000E-03           1
|00101110011110001000110101100111000> :  0.1369539E-10  0.1000000E-03           1
|00100110011001101100111001111011000> :  0.1110672E-03  0.1000000E-03           1
|11000110001100101101101001100111000> :  0.4682230E-06  0.1000000E-03           1
|00100111001011111000111001101000100> :  0.1326060E-04  0.1000000E-03           1
|11111000110110000010110110010110001> :  0.2688742E-10  0.1000000E-03           1
|00011111110011000001010111110000000> :  0.4507800E-10  0.1000000E-03           1
|01000011111100101101101011110100000> :  0.1098555E-03  0.1000000E-03           1
|11010111001011110011110010111000100> :  0.4972811E-10  0.1000000E-03           1
|00101110001010110010011000011011000> :  0.3289694E-10  0.1000000E-03           1
|00100110001001111100111001011011000> :  0.1088987E-03  0.1000000E-03           1
|00010111001011100010111111100000100> :  0.2451764E-10  0.1000000E-03           1
|11001000101100011110100100010110001> :  0.2192317E-10  0.1000000E-03           1
|11011000100100010011000110000111111> :  0.5439361E-05  0.1000000E-03           1
|10010101110000101111000110101111000> :  0.3257198E-10  0.1000000E-03           1
|10111000110011010010010110001011111> :  0.9526425E-05  0.1000000E-03           1
|10010101101110100111100010110011000> :  0.2303499E-10  0.1000000E-03           1
|10001001001101011100000001001111111> :  0.2538568E-10  0.1000000E-03           1
|11011110110110001011011100100100100> :  0.4939397E-10  0.1000000E-03           1
|11101101100101000011010100001111000> :  0.2043273E-11  0.1000000E-03           1
|01011011010001010000010100010011111> :  0.2007251E-10  0.1000000E-03           1
|01100101001001101000101001111011000> :  0.2041179E-10  0.1000000E-03           1
|10111100000001110010010100001111111> :  0.1114032E-03  0.1000000E-03           1
|00000110011100101111111100100100100> :  0.1804975E-09  0.1000000E-03           1
|10111100000011010000010110001011111> :  0.7532030E-04  0.1000000E-03           1
|10111100000011010010010100001011111> :  0.1098555E-03  0.1000000E-03           1
|10111100000011100110010110001011111> :  0.6017772E-04  0.1000000E-03           1
|01010111110011000011101011110000001> :  0.4367650E-10  0.1000000E-03           1
|10010111011110111000111001001000000> :  0.1454628E-10  0.1000000E-03           1
|10111100111110100010011010000011000> :  0.2841580E-10  0.1000000E-03           1
|10101100111101010101000010101111000> :  0.4561119E-10  0.1000000E-03           1
|01001110010101001100111001001100100> :  0.2676250E-10  0.1000000E-03           1
|00110100100011101100111011011011000> :  0.1321276E-10  0.1000000E-03           1
|10111100011101011101110010001011000> :  0.2466428E-10  0.1000000E-03           1
|10111100000011110110010110000011111> :  0.6854349E-04  0.1000000E-03           1
|10011100000011110110010110001011111> :  0.3426081E-04  0.1000000E-03           1
|10101100000011110110010110001011111> :  0.8568732E-04  0.1000000E-03           1
|10110100000011110110010110001011111> :  0.1338321E-04  0.1000000E-03           1
|11011101110101011111111111111100100> :  0.8006183E-14  0.1000000E-03           1
|10011110110110100010000010110000001> :  0.2539518E-10  0.1000000E-03           1
|01010000101100010111001010011111000> :  0.5826951E-11  0.1000000E-03           1
|11111100000011111010010110001011111> :  0.5282762E-06  0.1000000E-03           1
|01000111111110001101000011110001000> :  0.2570956E-08  0.1000000E-03           1
|00100101001011101010101110101100100> :  0.4690222E-10  0.1000000E-03           1
|01000111111100001111101001100101000> :  0.1460732E-03  0.1000000E-03           1
|10111100100001110010010100001011111> :  0.5631928E-04  0.1000000E-03           1
|10111100100011010000010110001011111> :  0.4636830E-04  0.1000000E-03           1
|01000111111100001110101001110101000> :  0.1147521E-05  0.1000000E-03           1
|10111101000111110000110100001100100> :  0.1102602E-10  0.1000000E-03           1
|10010110011110101111100110100000001> :  0.6061089E-10  0.1000000E-03           1
|01000011111100100101101111111100000> :  0.1138165E-07  0.1000000E-03           1
|01000011011100101111101001110100000> :  0.4636830E-04  0.1000000E-03           1
|00000011001110011111101001111100000> :  0.4760922E-08  0.1000000E-03           1
|10111101000011100110010100001011111> :  0.1158337E-05  0.1000000E-03           1
|11001110000010010011000010110011111> :  0.2865760E-10  0.1000000E-03           1
|10111110000011010010010100001011111> :  0.2787907E-03  0.1000000E-03           1
|10011110000011010010010100001111111> :  0.3718139E-04  0.1000000E-03           1
|10111110000011110010010100001011111> :  0.1121682E-03  0.1000000E-03           1
|01100001111100101101101011110000000> :  0.3718139E-04  0.1000000E-03           1
|01000001100101101111101001111100000> :  0.7894462E-09  0.1000000E-03           1
|11100110001100010001010101000011111> :  0.5027412E-10  0.1000000E-03           1
|11101111101111011110111110100011111> :  0.3148037E-12  0.1000000E-03           1
|01010000111101100101101011101100000> :  0.2484273E-09  0.1000000E-03           1
