# state, exact probability, frequency, count:
#------------------------------------------------------------------
|0000010100010011010000100> :  0.1609316E+00  0.1637000E+00        1637
|0000010000010111010000100> :  0.1213997E+00  0.1189000E+00        1189
|0000000100000011110000010> :  0.4508770E-01  0.4430000E-01         443
|0000000000001011110000010> :  0.3877625E-01  0.4020000E-01         402
|1001010000010100001001000> :  0.3472709E-01  0.3490000E-01         349
|0000000100000011110000100> :  0.2701189E-01  0.2650000E-01         265
|0000000000001010110100010> :  0.1918991E-01  0.1990000E-01         199
|0000001000001001110000010> :  0.1487585E-01  0.1710000E-01         171
|0000000000000111110000100> :  0.1500222E-01  0.1610000E-01         161
|0011000000000011100000010> :  0.1621989E-01  0.1440000E-01         144
|0000100001000010010100010> :  0.1544043E-01  0.1410000E-01         141
|0100000000001001110000010> :  0.1266526E-01  0.1360000E-01         136
|0010000000001010100100010> :  0.1287735E-01  0.1360000E-01         136
|0000000001001010010100010> :  0.1437827E-01  0.1350000E-01         135
|0000011100010001010000000> :  0.1162594E-01  0.1310000E-01         131
|0000100100000011010000010> :  0.1351408E-01  0.1240000E-01         124
|0001010000010111000000000> :  0.1277720E-01  0.1240000E-01         124
|0000010001100010010000100> :  0.9316501E-02  0.1150000E-01         115
|0010000000001011100000010> :  0.1230788E-01  0.1030000E-01         103
|0000011100010000001001000> :  0.9483218E-02  0.1030000E-01         103
|0100010100010001010000000> :  0.1011265E-01  0.1020000E-01         102
|0000001000001000110100010> :  0.1092442E-01  0.9700000E-02          97
|0000010100010011010000101> :  0.8537160E-02  0.9300000E-02          93
|0010000000000111100000100> :  0.8545352E-02  0.9100000E-02          91
|0100000100000001110000010> :  0.8977490E-02  0.9000000E-02          90
|0100010100010000001001000> :  0.8636849E-02  0.8900000E-02          89
|0100010100010000011000000> :  0.9118790E-02  0.8800000E-02          88
|0000010001101010010000000> :  0.8900149E-02  0.8700000E-02          87
|0000100001000010010100100> :  0.7144643E-02  0.8300000E-02          83
|0000100100000011010000100> :  0.8860108E-02  0.8300000E-02          83
|0000011100010000011000000> :  0.7790165E-02  0.8200000E-02          82
|0000001100000001110000010> :  0.7860193E-02  0.8200000E-02          82
|0000010000100011010000100> :  0.8792366E-02  0.8200000E-02          82
|0010100001000010000100010> :  0.8569131E-02  0.7600000E-02          76
|0011100000000011000000010> :  0.7817588E-02  0.7600000E-02          76
|0000010100010011010000000> :  0.7595377E-02  0.7100000E-02          71
|0000010000101011010000000> :  0.6035063E-02  0.7000000E-02          70
|1000010100010000011000000> :  0.6965451E-02  0.6400000E-02          64
|0000010100000011010000100> :  0.5958899E-02  0.6300000E-02          63
|0001010000010110000001000> :  0.5285100E-02  0.5900000E-02          59
|0000010000010111010000101> :  0.6538531E-02  0.5900000E-02          59
|1000010000010100010000100> :  0.6002558E-02  0.5800000E-02          58
|0000000001101010010100000> :  0.5541545E-02  0.5800000E-02          58
|0010000000010111000000100> :  0.5045802E-02  0.5700000E-02          57
|0010000001001010000100010> :  0.6024150E-02  0.5600000E-02          56
|1000010000010100011000000> :  0.4821137E-02  0.5200000E-02          52
|0011000000000111100000000> :  0.5291856E-02  0.5000000E-02          50
|1000010100010000010000100> :  0.5159950E-02  0.5000000E-02          50
|0000010001000110010000100> :  0.5880171E-02  0.4900000E-02          49
|0101010000010000001001000> :  0.4082354E-02  0.4800000E-02          48
|0000001010001000100100010> :  0.4119801E-02  0.4500000E-02          45
|0000000001100010010100100> :  0.4576800E-02  0.4400000E-02          44
|0001011000010000001001000> :  0.4584432E-02  0.4300000E-02          43
|0100100100000001010000010> :  0.3851474E-02  0.4000000E-02          40
|0011000000010111000000000> :  0.3251288E-02  0.3500000E-02          35
|0000010000000111010000100> :  0.2865157E-02  0.3500000E-02          35
|0010000010001000100100010> :  0.3859036E-02  0.3300000E-02          33
|0100010110010000000001000> :  0.3495428E-02  0.3300000E-02          33
|1000010100010000001001000> :  0.3563783E-02  0.3200000E-02          32
|0000010100010010010000100> :  0.2413545E-02  0.2900000E-02          29
|0001010000010100001001000> :  0.2942238E-02  0.2900000E-02          29
|0000010100010111010000100> :  0.3235444E-02  0.2800000E-02          28
|0000000000000010110100100> :  0.2196259E-02  0.2700000E-02          27
|0000001001001000010100010> :  0.2974658E-02  0.2600000E-02          26
|0011100001000010000000010> :  0.2852460E-02  0.2500000E-02          25
|0000010100010001010000100> :  0.1836342E-02  0.2300000E-02          23
|0000011110010000000001000> :  0.2533501E-02  0.2100000E-02          21
|0000010000010111000000100> :  0.2490773E-02  0.1900000E-02          19
|0000010000010110010000100> :  0.1514821E-02  0.1600000E-02          16
|0000001010000000100100011> :  0.1053330E-02  0.1600000E-02          16
|0000010000010011010000100> :  0.1985047E-02  0.1600000E-02          16
|1011000000010100001000000> :  0.1384878E-02  0.1500000E-02          15
|0010100001000010000100100> :  0.1758715E-02  0.1500000E-02          15
|0000010000010111010000000> :  0.2850845E-02  0.1400000E-02          14
|1001010000010100001000000> :  0.1291700E-02  0.1300000E-02          13
|0010000000000010100100100> :  0.9715237E-03  0.1300000E-02          13
|1000000000000000110100010> :  0.5741898E-03  0.1200000E-02          12
|0001100000000010000001010> :  0.1061766E-02  0.1200000E-02          12
|0000011001001000010000000> :  0.1543482E-02  0.1200000E-02          12
|0000010100010011000000100> :  0.1033925E-02  0.1100000E-02          11
|0000000000001011010000010> :  0.8224262E-03  0.1000000E-02          10
|0000000100010011010000100> :  0.9632841E-03  0.1000000E-02          10
|0000100000000010000101010> :  0.8575769E-03  0.1000000E-02          10
|0000000000010111010000100> :  0.1178593E-02  0.1000000E-02          10
|0010100000000011000000100> :  0.8654645E-03  0.9000000E-03           9
|1000000000000000110100100> :  0.8282699E-03  0.8000000E-03           8
|0000000000100011010000100> :  0.4716453E-03  0.8000000E-03           8
|0000011001000000011000000> :  0.6052374E-03  0.8000000E-03           8
|0000001010000000000101011> :  0.8677200E-03  0.8000000E-03           8
|0001010001100000001000000> :  0.5352293E-03  0.8000000E-03           8
|1000000100000000110000100> :  0.6548399E-03  0.8000000E-03           8
|1001000000010100001001000> :  0.7875064E-03  0.8000000E-03           8
|0001010000000111000000000> :  0.2690301E-03  0.7000000E-03           7
|0010000000000010100100010> :  0.6015761E-03  0.7000000E-03           7
|0000010001100000011000000> :  0.4572526E-03  0.7000000E-03           7
|0001010001100010000000000> :  0.6403838E-03  0.7000000E-03           7
|0101100000000001000000010> :  0.2714011E-03  0.7000000E-03           7
|0000010000010101010000100> :  0.5595561E-03  0.6000000E-03           6
|1000010000010100001001000> :  0.5696597E-03  0.6000000E-03           6
|0000100001000010010100110> :  0.2495326E-03  0.6000000E-03           6
|0000100000000011010000010> :  0.5405636E-03  0.6000000E-03           6
|0101000000000000001001001> :  0.4532591E-03  0.6000000E-03           6
|0101100000000000000001010> :  0.6483103E-03  0.6000000E-03           6
|0000011000001001010000000> :  0.5867156E-03  0.6000000E-03           6
|0000000000001001110000010> :  0.6161368E-03  0.6000000E-03           6
|0100100100000000000001010> :  0.4676443E-03  0.6000000E-03           6
|0001010001000110000000000> :  0.2835096E-03  0.6000000E-03           6
|0000100000000011010000100> :  0.4883493E-03  0.6000000E-03           6
|1010000000010100000000100> :  0.2683089E-03  0.5000000E-03           5
|0001000000000011100000010> :  0.4109318E-03  0.5000000E-03           5
|1000000000000100110000100> :  0.7372264E-03  0.5000000E-03           5
|0001010000010011000000000> :  0.2371314E-03  0.5000000E-03           5
|0000001000000001110000010> :  0.2463815E-03  0.5000000E-03           5
|0000000000001010110000010> :  0.2317413E-03  0.5000000E-03           5
|0000000000000010110100010> :  0.8629026E-03  0.5000000E-03           5
|0000000001001010010000010> :  0.3217941E-03  0.5000000E-03           5
|0000000001000110010000100> :  0.2280353E-03  0.5000000E-03           5
|0100010100000001010000000> :  0.3285503E-03  0.5000000E-03           5
|0100010000001001010000000> :  0.3752549E-03  0.5000000E-03           5
|0000010000101010010000000> :  0.2908757E-03  0.5000000E-03           5
|0000010100000010010000100> :  0.1144718E-03  0.5000000E-03           5
|1001010000010100000001000> :  0.7944350E-03  0.4000000E-03           4
|1001010000000100001001000> :  0.5246720E-03  0.4000000E-03           4
|0000001100000001100000010> :  0.3345016E-03  0.4000000E-03           4
|0000000000000110110000100> :  0.3597116E-03  0.4000000E-03           4
|0101000000000000000001011> :  0.3419553E-03  0.4000000E-03           4
|0100000100000011110000010> :  0.3100290E-03  0.4000000E-03           4
|0011000000010011000000000> :  0.2243161E-03  0.4000000E-03           4
|0010100000000010000100010> :  0.2342099E-03  0.4000000E-03           4
|0000010100010001010000000> :  0.2484767E-03  0.4000000E-03           4
|0100010100010001011000000> :  0.1369310E-03  0.4000000E-03           4
|0000000100000011110000110> :  0.6490018E-03  0.4000000E-03           4
|0001100000000011000000010> :  0.6105981E-03  0.4000000E-03           4
|0101000000000001100000010> :  0.3472717E-03  0.4000000E-03           4
|0000010001000100011000000> :  0.2639777E-03  0.4000000E-03           4
|0001011000010000000001000> :  0.3045658E-03  0.4000000E-03           4
|0000000000001011110100010> :  0.2278994E-03  0.4000000E-03           4
|1010000000000000100100100> :  0.4503022E-03  0.4000000E-03           4
|1010000000000000100100010> :  0.4236355E-03  0.4000000E-03           4
|0001000000010110000001000> :  0.2958136E-03  0.4000000E-03           4
|0000100100000011110000100> :  0.1312382E-03  0.3000000E-03           3
|0000110100000011010000101> :  0.1232778E-03  0.3000000E-03           3
|1000010100000000010000100> :  0.1765133E-03  0.3000000E-03           3
|0000000100000010010010000> :  0.1279476E-03  0.3000000E-03           3
|0101000000000000100000011> :  0.2947826E-03  0.3000000E-03           3
|0000000000001010110100000> :  0.3462161E-03  0.3000000E-03           3
|0000010001001010010000000> :  0.6047419E-03  0.3000000E-03           3
|0000000001001010010010000> :  0.2813915E-03  0.3000000E-03           3
|0000001000001011110000010> :  0.1915312E-03  0.3000000E-03           3
|0011000000000011000000010> :  0.1232940E-03  0.3000000E-03           3
|0000000001000010010100100> :  0.5645592E-04  0.3000000E-03           3
|0011000001000110000000000> :  0.1506077E-03  0.3000000E-03           3
|0000001000001001100000010> :  0.1633098E-03  0.3000000E-03           3
|0000010100100011010000100> :  0.1273630E-03  0.3000000E-03           3
|0000001001001000000100010> :  0.1126052E-03  0.3000000E-03           3
|0100000100010000001001000> :  0.2490397E-03  0.3000000E-03           3
|0100000110000000000001010> :  0.1832044E-03  0.3000000E-03           3
|0000010100000001010000100> :  0.1145837E-03  0.3000000E-03           3
|0000010001101000010000000> :  0.1855663E-03  0.3000000E-03           3
|0100010100010000011001000> :  0.8084873E-04  0.3000000E-03           3
|0000000100000111110000100> :  0.2015585E-03  0.3000000E-03           3
|0010000000000110100000100> :  0.2482048E-03  0.3000000E-03           3
|0100100100000000010000010> :  0.1360983E-03  0.3000000E-03           3
|0000010001000110010000000> :  0.2285024E-03  0.3000000E-03           3
|0000000100000011010000100> :  0.7520734E-03  0.3000000E-03           3
|0000100001000010010000100> :  0.2360794E-03  0.3000000E-03           3
|0000000000000111010000100> :  0.3106634E-03  0.3000000E-03           3
|0001001000000001100000010> :  0.5303801E-03  0.3000000E-03           3
|1000010100010000000001000> :  0.1240742E-03  0.3000000E-03           3
|0000100100000011110000010> :  0.3752295E-03  0.3000000E-03           3
|1000000100010000011000000> :  0.1300073E-03  0.3000000E-03           3
|0000010000010100011000000> :  0.2714675E-03  0.3000000E-03           3
|1001010000010000001001000> :  0.4027605E-03  0.3000000E-03           3
|0001001000000000000001011> :  0.2640731E-03  0.3000000E-03           3
|0000000001110010100001000> :  0.6681777E-06  0.2000000E-03           2
|0000001100000011110000010> :  0.2054901E-03  0.2000000E-03           2
|1000010000010000010000100> :  0.1556917E-03  0.2000000E-03           2
|0000100000000010010100100> :  0.1331227E-03  0.2000000E-03           2
|0000011110000000000001000> :  0.5205192E-04  0.2000000E-03           2
|0100010100010011010000000> :  0.1144074E-03  0.2000000E-03           2
|0000001001001010010100010> :  0.6649060E-04  0.2000000E-03           2
|0100000100010000011000000> :  0.2034843E-03  0.2000000E-03           2
|0000000000001010100100010> :  0.7980385E-04  0.2000000E-03           2
|0000011000001001000000000> :  0.1628955E-04  0.2000000E-03           2
|0000010100010111010000001> :  0.2643164E-03  0.2000000E-03           2
|0000000000001010010100010> :  0.8611824E-04  0.2000000E-03           2
|0000010100010101010000101> :  0.2053524E-03  0.2000000E-03           2
|0011000000001011100000010> :  0.1206071E-03  0.2000000E-03           2
|0011000000000111000000000> :  0.1068805E-03  0.2000000E-03           2
|0011000000000110100000000> :  0.1172603E-03  0.2000000E-03           2
|0010100001000010010100010> :  0.1239730E-03  0.2000000E-03           2
|0000000001000010010100010> :  0.6195288E-04  0.2000000E-03           2
|0000010100010000011000000> :  0.2647036E-03  0.2000000E-03           2
|0010100000000011000000010> :  0.2699734E-03  0.2000000E-03           2
|0000010100010000001001000> :  0.1845277E-03  0.2000000E-03           2
|0011100000000011000000000> :  0.1323033E-03  0.2000000E-03           2
|0000000100010111010000101> :  0.2174815E-03  0.2000000E-03           2
|0000010100010111000000101> :  0.1635105E-03  0.2000000E-03           2
|0100000000001001010000010> :  0.9102155E-04  0.2000000E-03           2
|0100000100000000110000010> :  0.9044257E-04  0.2000000E-03           2
|0100000010001000100000010> :  0.1447187E-03  0.2000000E-03           2
|0010000001000110000000100> :  0.3793107E-03  0.2000000E-03           2
|0100000110010000000001000> :  0.1700608E-03  0.2000000E-03           2
|0011100000000011100000010> :  0.1217640E-03  0.2000000E-03           2
|0000011100010000000001000> :  0.1548515E-03  0.2000000E-03           2
|0000010001101010010100000> :  0.8331787E-04  0.2000000E-03           2
|0000000100001011110000010> :  0.4666311E-03  0.2000000E-03           2
|0010000000001010000100010> :  0.7777403E-04  0.2000000E-03           2
|0000010001100010010100100> :  0.8726075E-04  0.2000000E-03           2
|0010000000000111110000100> :  0.1158618E-03  0.2000000E-03           2
|0000011100000000001001000> :  0.6649208E-04  0.2000000E-03           2
|0100100100000001010000000> :  0.7015368E-04  0.2000000E-03           2
|0001100001000010000000010> :  0.2579390E-03  0.2000000E-03           2
|0100100100000001000000010> :  0.8223702E-04  0.2000000E-03           2
|0100100100000011010000010> :  0.1639037E-03  0.2000000E-03           2
|0000010001000111010000101> :  0.8267285E-04  0.2000000E-03           2
|0000000000100010010100100> :  0.3302138E-03  0.2000000E-03           2
|0001011000010001000000000> :  0.1858829E-03  0.2000000E-03           2
|0000000001101000010100000> :  0.7240686E-04  0.2000000E-03           2
|0000010000101011010000100> :  0.1182405E-03  0.2000000E-03           2
|0001010000100011000000000> :  0.5196358E-03  0.2000000E-03           2
|0000100001001010010100010> :  0.1792297E-03  0.2000000E-03           2
|0000000000001000110100010> :  0.2483175E-03  0.2000000E-03           2
|0000000000010111110000100> :  0.6102677E-04  0.2000000E-03           2
|0000001100010000011000000> :  0.1609949E-03  0.2000000E-03           2
|1000010000000100010000100> :  0.8613746E-04  0.2000000E-03           2
|0001010000010010000001000> :  0.2380025E-03  0.2000000E-03           2
|0000000000001011110000000> :  0.2614383E-03  0.2000000E-03           2
|0001010000000110000001000> :  0.3225787E-03  0.2000000E-03           2
|0000100100000011010000110> :  0.1501122E-03  0.2000000E-03           2
|0001001000000000001001001> :  0.2072093E-03  0.2000000E-03           2
|1000010100010100011000000> :  0.7340786E-04  0.2000000E-03           2
|1011000000000000100000010> :  0.1029639E-03  0.2000000E-03           2
|0001000000000111100000000> :  0.2338307E-03  0.2000000E-03           2
|0001000000000010000011000> :  0.3659652E-04  0.2000000E-03           2
|1001010000000100000001000> :  0.7673940E-04  0.2000000E-03           2
|1010000000000100100000100> :  0.4485360E-03  0.2000000E-03           2
|1001000000000100001001000> :  0.5695689E-04  0.2000000E-03           2
|1011000000000100100000000> :  0.1407531E-03  0.2000000E-03           2
|0000000000000111110000000> :  0.2238826E-03  0.2000000E-03           2
|0000000000000011110000010> :  0.2283956E-03  0.2000000E-03           2
|1000000100010000010000100> :  0.1955941E-03  0.2000000E-03           2
|0000010000010010010000100> :  0.1407759E-03  0.1000000E-03           1
|0000010000001011010000000> :  0.1915719E-03  0.1000000E-03           1
|0000000010100000000100001> :  0.1684670E-05  0.1000000E-03           1
|0000100100100010110010010> :  0.7564720E-06  0.1000000E-03           1
|0000100100000111010000001> :  0.4578568E-05  0.1000000E-03           1
|0000010000001011000000000> :  0.5334575E-05  0.1000000E-03           1
|0000100100000011111010000> :  0.1244652E-05  0.1000000E-03           1
|1000010001010100011000001> :  0.3698336E-05  0.1000000E-03           1
|0000101000100000010010010> :  0.1734368E-05  0.1000000E-03           1
|0000101000100000110010000> :  0.9515280E-05  0.1000000E-03           1
|0000101010010000000010000> :  0.1123399E-06  0.1000000E-03           1
|0000110000000111000000001> :  0.2286746E-05  0.1000000E-03           1
|1000010001000110010000100> :  0.8666062E-06  0.1000000E-03           1
|0000000010001000100100010> :  0.1480277E-04  0.1000000E-03           1
|1000010000010110000000101> :  0.9271349E-06  0.1000000E-03           1
|1000010000010101010000101> :  0.7149888E-04  0.1000000E-03           1
|0000010000000100010010101> :  0.1022260E-06  0.1000000E-03           1
|1000010000010100000000100> :  0.7490085E-04  0.1000000E-03           1
|0000001111001000110001010> :  0.1265323E-07  0.1000000E-03           1
|0000000010000000101010010> :  0.1584491E-05  0.1000000E-03           1
|0000100100000011010000000> :  0.1589693E-03  0.1000000E-03           1
|0000100100000011000000010> :  0.9788218E-04  0.1000000E-03           1
|0000001110000000000001010> :  0.3837517E-03  0.1000000E-03           1
|0000100100000010000001010> :  0.3500531E-03  0.1000000E-03           1
|1000001000100100010010000> :  0.7266966E-05  0.1000000E-03           1
|1000000101010000001001001> :  0.1667613E-05  0.1000000E-03           1
|0000100100000001010000100> :  0.1228176E-03  0.1000000E-03           1
|0000001100100100100000010> :  0.3898495E-07  0.1000000E-03           1
|0000100010011000000000001> :  0.1436196E-05  0.1000000E-03           1
|1000000100000000110000110> :  0.1267494E-04  0.1000000E-03           1
|0000100001100010010100100> :  0.7024882E-04  0.1000000E-03           1
|1000000000110000000100011> :  0.1004510E-07  0.1000000E-03           1
|1000000000010100010000100> :  0.1145836E-03  0.1000000E-03           1
|0000001100001001110000010> :  0.1145259E-03  0.1000000E-03           1
|1000000000000011010000101> :  0.3632917E-05  0.1000000E-03           1
|1000000000000000000100010> :  0.1114325E-06  0.1000000E-03           1
|0111000000001000100000010> :  0.4020105E-08  0.1000000E-03           1
|0110100000000001100000100> :  0.1435271E-09  0.1000000E-03           1
|0110011100010000010001000> :  0.3682050E-06  0.1000000E-03           1
|0000100001000010010000010> :  0.2239636E-03  0.1000000E-03           1
|0000000001101010000100000> :  0.3998976E-04  0.1000000E-03           1
|0000100001000010000101010> :  0.2111695E-05  0.1000000E-03           1
|0000100001000010000100100> :  0.6895693E-04  0.1000000E-03           1
|0000001100000001110000000> :  0.1125000E-04  0.1000000E-03           1
|0101100000000010000001010> :  0.9115287E-05  0.1000000E-03           1
|0000100001000000010100100> :  0.3224880E-04  0.1000000E-03           1
|0000100000100010010100100> :  0.2429028E-05  0.1000000E-03           1
|0000100000001011111000010> :  0.1157495E-04  0.1000000E-03           1
|0101010000010000000001000> :  0.1672353E-03  0.1000000E-03           1
|0000001100000001010000010> :  0.7474767E-04  0.1000000E-03           1
|0101000100101000100010000> :  0.9433920E-10  0.1000000E-03           1
|0101000000100100010010010> :  0.7983289E-07  0.1000000E-03           1
|0101000000010000001001000> :  0.1731951E-03  0.1000000E-03           1
|0000001100000000110000010> :  0.1576507E-04  0.1000000E-03           1
|0000000000000011110000000> :  0.1956138E-04  0.1000000E-03           1
|0101000000000000001001000> :  0.6920998E-05  0.1000000E-03           1
|0000011110010000001001000> :  0.5717023E-04  0.1000000E-03           1
|0000011110010000000001100> :  0.2120842E-06  0.1000000E-03           1
|0100100100000001110000010> :  0.7062556E-04  0.1000000E-03           1
|0000001010001000100100000> :  0.1128694E-04  0.1000000E-03           1
|0000000001100000011100000> :  0.1166564E-03  0.1000000E-03           1
|0000011100010011010000000> :  0.1809460E-03  0.1000000E-03           1
|0000001010001000000100010> :  0.1744589E-03  0.1000000E-03           1
|0000011100010001011000000> :  0.1645810E-03  0.1000000E-03           1
|0100010100010101010000001> :  0.1573901E-04  0.1000000E-03           1
|0000011100010001010000100> :  0.9659462E-04  0.1000000E-03           1
|0000000001001011100001100> :  0.4609032E-06  0.1000000E-03           1
|0100010100010001001000000> :  0.4432706E-05  0.1000000E-03           1
|0000011100010001000001000> :  0.4504289E-05  0.1000000E-03           1
|0000011100010001000000000> :  0.1657990E-03  0.1000000E-03           1
|0100010100010000010000000> :  0.7186854E-04  0.1000000E-03           1
|0000001010000000000101010> :  0.8238000E-04  0.1000000E-03           1
|0000000001001010110100010> :  0.1241043E-03  0.1000000E-03           1
|0000011100010000010000000> :  0.3925668E-04  0.1000000E-03           1
|0100010100000000011000000> :  0.4771553E-04  0.1000000E-03           1
|0000001010000000000001000> :  0.6309939E-06  0.1000000E-03           1
|0100010000010111010100100> :  0.1016081E-04  0.1000000E-03           1
|0100010000010001010000000> :  0.9697523E-04  0.1000000E-03           1
|0100010000010000011000000> :  0.9557549E-04  0.1000000E-03           1
|0000011100000000011000000> :  0.7044146E-04  0.1000000E-03           1
|0000000000000110100000100> :  0.9251796E-05  0.1000000E-03           1
|0100010000001000010000000> :  0.2407580E-04  0.1000000E-03           1
|0100001000001000100001110> :  0.2014150E-07  0.1000000E-03           1
|0000011010010000000001000> :  0.7891284E-05  0.1000000E-03           1
|0000011001010001000100001> :  0.1477965E-06  0.1000000E-03           1
|0100000110000000000001000> :  0.1027142E-04  0.1000000E-03           1
|0000001001001000010100000> :  0.1126831E-03  0.1000000E-03           1
|0000011000010000011000000> :  0.1026740E-03  0.1000000E-03           1
|0000001001001000010000010> :  0.2449565E-03  0.1000000E-03           1
|0100000100000001110000000> :  0.4808560E-04  0.1000000E-03           1
|0100000100000001100000010> :  0.1116889E-03  0.1000000E-03           1
|0100000100000001100000000> :  0.7562830E-05  0.1000000E-03           1
|0000010110010000000000100> :  0.9487396E-04  0.1000000E-03           1
|0100000010000000000001011> :  0.1578047E-03  0.1000000E-03           1
|0000001000101001110001010> :  0.1463254E-05  0.1000000E-03           1
|0100000000001011110000010> :  0.2917832E-03  0.1000000E-03           1
|0100000000001000110000010> :  0.1877533E-03  0.1000000E-03           1
|0000000001001010000100010> :  0.1926695E-03  0.1000000E-03           1
|0100000000000001110000010> :  0.2350035E-03  0.1000000E-03           1
|0000010100010110010001001> :  0.8628972E-05  0.1000000E-03           1
|0000001000001001110100010> :  0.1606454E-03  0.1000000E-03           1
|0011100001100010000000010> :  0.4382094E-07  0.1000000E-03           1
|0000010100010110010000101> :  0.1655264E-03  0.1000000E-03           1
|0011100001000010000000000> :  0.1045826E-03  0.1000000E-03           1
|0000010100010110000000101> :  0.2562915E-04  0.1000000E-03           1
|0000000001001000000100010> :  0.5713031E-05  0.1000000E-03           1
|0000000000000101111010100> :  0.2477831E-05  0.1000000E-03           1
|0000000000000011100000100> :  0.5157635E-05  0.1000000E-03           1
|0011001000110000000010000> :  0.3066688E-05  0.1000000E-03           1
|0000010100010101010000001> :  0.1710421E-04  0.1000000E-03           1
|0000010100010100010000101> :  0.1947013E-04  0.1000000E-03           1
|0011000000010110000000000> :  0.1040409E-03  0.1000000E-03           1
|0000001000001001010000000> :  0.5991778E-04  0.1000000E-03           1
|0011000000000101100000000> :  0.2953540E-04  0.1000000E-03           1
|0011000000000011100000000> :  0.3962737E-04  0.1000000E-03           1
|0000010100010010010000101> :  0.1295720E-04  0.1000000E-03           1
|0000001000001000110100000> :  0.8577903E-04  0.1000000E-03           1
|0000000000001010010100000> :  0.8914893E-05  0.1000000E-03           1
|0011000000000010100000010> :  0.1337505E-03  0.1000000E-03           1
|0011000000000001100000000> :  0.4340471E-05  0.1000000E-03           1
|0010111000000101100010100> :  0.6496786E-09  0.1000000E-03           1
|0010110010001000100100010> :  0.3525209E-06  0.1000000E-03           1
|0000010100010001010000101> :  0.1963935E-04  0.1000000E-03           1
|0010100110000010101000000> :  0.1094874E-06  0.1000000E-03           1
|0010100100000011010000011> :  0.8661258E-05  0.1000000E-03           1
|0010100001000010000100110> :  0.1281628E-03  0.1000000E-03           1
|0000001000000000100100011> :  0.6715096E-04  0.1000000E-03           1
|0000010100010000010000100> :  0.5526151E-04  0.1000000E-03           1
|0000000101000011010000101> :  0.1574124E-04  0.1000000E-03           1
|0010100000000001000000100> :  0.1835568E-04  0.1000000E-03           1
|0010011000001001100000011> :  0.1280391E-07  0.1000000E-03           1
|0010010100000000010000101> :  0.3824680E-05  0.1000000E-03           1
|0000010100000111010000001> :  0.2337865E-04  0.1000000E-03           1
|0000000000110100011010100> :  0.3825703E-06  0.1000000E-03           1
|0000000000001010010010000> :  0.2929452E-04  0.1000000E-03           1
|0011000000100111100010000> :  0.1150860E-05  0.1000000E-03           1
|0000000000000101010000100> :  0.3185369E-05  0.1000000E-03           1
|0010010010000100100010000> :  0.3201880E-06  0.1000000E-03           1
|0010010001101010000110010> :  0.1872880E-07  0.1000000E-03           1
|0000010100000101110000101> :  0.5418016E-05  0.1000000E-03           1
|0010010000010111010000100> :  0.3992995E-05  0.1000000E-03           1
|0010000110000100100100001> :  0.2000807E-06  0.1000000E-03           1
|0000010100000101010000101> :  0.2681730E-04  0.1000000E-03           1
|0000000100010111000000101> :  0.2686965E-04  0.1000000E-03           1
|0011100010000101001000000> :  0.6694639E-06  0.1000000E-03           1
|0100000000000000010010000> :  0.1208579E-05  0.1000000E-03           1
|0010000100001011000000001> :  0.5568815E-07  0.1000000E-03           1
|0100000000001000010000010> :  0.9903505E-05  0.1000000E-03           1
|0010000100000100000101001> :  0.1057052E-07  0.1000000E-03           1
|0000010100000011110000100> :  0.3934757E-05  0.1000000E-03           1
|0010000100000001100000100> :  0.1268457E-06  0.1000000E-03           1
|0000000100010110010000101> :  0.2666682E-04  0.1000000E-03           1
|0000000000101011010000000> :  0.2674638E-03  0.1000000E-03           1
|0100000010000110000011001> :  0.2452656E-07  0.1000000E-03           1
|0010000010001000000100010> :  0.6853881E-04  0.1000000E-03           1
|0000010100000011000000100> :  0.7109794E-05  0.1000000E-03           1
|0010000001000010000100100> :  0.7469345E-04  0.1000000E-03           1
|0010000001000010000000100> :  0.1200304E-04  0.1000000E-03           1
|0010000000101011100010010> :  0.1839169E-05  0.1000000E-03           1
|0010000000101010110001000> :  0.4856665E-06  0.1000000E-03           1
|0000010010100000000000100> :  0.2696881E-04  0.1000000E-03           1
|0100000100001001110000010> :  0.9723988E-04  0.1000000E-03           1
|0000000100010010010000100> :  0.1546441E-03  0.1000000E-03           1
|0000000000101010010100000> :  0.1024461E-03  0.1000000E-03           1
|0000000000001010010000010> :  0.2207077E-04  0.1000000E-03           1
|0010000000010010000000100> :  0.1573460E-04  0.1000000E-03           1
|0100000110000000100000010> :  0.7722044E-04  0.1000000E-03           1
|0010000000001011110000010> :  0.2411846E-03  0.1000000E-03           1
|0010000000001011100100010> :  0.1280973E-03  0.1000000E-03           1
|0100001010001000000000010> :  0.3958599E-06  0.1000000E-03           1
|0000010001101010010000100> :  0.1519481E-03  0.1000000E-03           1
|0000000100001111100000001> :  0.3651086E-05  0.1000000E-03           1
|0010000000001011100000000> :  0.1405639E-03  0.1000000E-03           1
|0010000000001010100100000> :  0.1087421E-03  0.1000000E-03           1
|0010000000001010100000010> :  0.5775983E-04  0.1000000E-03           1
|0100010000011001010000000> :  0.6911659E-05  0.1000000E-03           1
|0000000000100110010110010> :  0.3637636E-05  0.1000000E-03           1
|0010000000001001100000010> :  0.1456993E-03  0.1000000E-03           1
|0100010100010000000001000> :  0.5252051E-04  0.1000000E-03           1
|0010000000000111100000000> :  0.6815428E-04  0.1000000E-03           1
|0010000000000111000000100> :  0.9623875E-04  0.1000000E-03           1
|0010000000000011100000100> :  0.1104198E-03  0.1000000E-03           1
|0000010001100000010000100> :  0.1144668E-03  0.1000000E-03           1
|0100010100010001000000000> :  0.1528379E-03  0.1000000E-03           1
|0000000000001001110100010> :  0.2287364E-05  0.1000000E-03           1
|0000000000000011111010100> :  0.2256440E-05  0.1000000E-03           1
|0000000000000011010000010> :  0.5226394E-05  0.1000000E-03           1
|0000010001100000001000000> :  0.1048223E-04  0.1000000E-03           1
|0001100001000111000000011> :  0.2607704E-07  0.1000000E-03           1
|0000010001010110010000101> :  0.6984995E-04  0.1000000E-03           1
|0100010110010100000101000> :  0.5729374E-06  0.1000000E-03           1
|0100100000000001010000010> :  0.9621041E-04  0.1000000E-03           1
|0001100000100100000010001> :  0.7122263E-05  0.1000000E-03           1
|0001100000011100001000000> :  0.1399590E-06  0.1000000E-03           1
|0001100000000011000001010> :  0.1061895E-04  0.1000000E-03           1
|0000000000100011010000000> :  0.4292414E-05  0.1000000E-03           1
|0001100000000011000000000> :  0.3742797E-04  0.1000000E-03           1
|0001100000000010000001000> :  0.1450033E-03  0.1000000E-03           1
|0001011100010000001001000> :  0.6642710E-04  0.1000000E-03           1
|0100110100010000110010000> :  0.4807008E-05  0.1000000E-03           1
|0000000100000011110000000> :  0.1228995E-03  0.1000000E-03           1
|0001011001000000001000000> :  0.2588259E-03  0.1000000E-03           1
|0001011000010001001000000> :  0.9084877E-05  0.1000000E-03           1
|0000010001000110000000000> :  0.8992823E-05  0.1000000E-03           1
|0000000100000011100000010> :  0.2534064E-03  0.1000000E-03           1
|0001011000010000001000000> :  0.1066745E-03  0.1000000E-03           1
|0000010001000100010000100> :  0.9292615E-04  0.1000000E-03           1
|0001010100000110000111000> :  0.4597890E-06  0.1000000E-03           1
|0000010001000010010000100> :  0.3007202E-03  0.1000000E-03           1
|0001010001000110001000000> :  0.7861156E-05  0.1000000E-03           1
|0101010000010100001001000> :  0.4107907E-04  0.1000000E-03           1
|0101010100000000000001000> :  0.5128474E-07  0.1000000E-03           1
|0000010000110001000011000> :  0.1727620E-07  0.1000000E-03           1
|0001010001000110000001000> :  0.2215181E-05  0.1000000E-03           1
|0000000100000011010000010> :  0.1651323E-03  0.1000000E-03           1
|0101110110000000100000010> :  0.1667840E-09  0.1000000E-03           1
|0110000000100010000100110> :  0.8321886E-07  0.1000000E-03           1
|0110000010100000000010001> :  0.8594812E-07  0.1000000E-03           1
|0110001010100000000001000> :  0.1336155E-05  0.1000000E-03           1
|0110010000000000011001001> :  0.7158923E-06  0.1000000E-03           1
|0000000000011011110000011> :  0.3016488E-05  0.1000000E-03           1
|0001010001000100001000000> :  0.2208187E-03  0.1000000E-03           1
|0001010000010111010000100> :  0.3819883E-05  0.1000000E-03           1
|0111000000001000100000101> :  0.3951221E-07  0.1000000E-03           1
|0001010000010111010000000> :  0.2080315E-04  0.1000000E-03           1
|0000000100000011010000000> :  0.4486900E-04  0.1000000E-03           1
|0001010000010111000001000> :  0.1634739E-03  0.1000000E-03           1
|0001010000010111000000100> :  0.8121084E-04  0.1000000E-03           1
|0000010000101001010000000> :  0.4715092E-04  0.1000000E-03           1
|0000000100000010110100010> :  0.1398181E-04  0.1000000E-03           1
|0000000000000011110000100> :  0.7838597E-04  0.1000000E-03           1
|1000000100000000110000010> :  0.2111673E-03  0.1000000E-03           1
|0001010000010100000001000> :  0.2664468E-04  0.1000000E-03           1
|0000010000100011010000000> :  0.8693403E-04  0.1000000E-03           1
|0000010000100010010000100> :  0.4793504E-04  0.1000000E-03           1
|0000000100000010110000100> :  0.2369206E-03  0.1000000E-03           1
|0000010000011011010000000> :  0.4945481E-05  0.1000000E-03           1
|0001010000000010000001000> :  0.1278169E-04  0.1000000E-03           1
|1000001001001010000100011> :  0.3339989E-06  0.1000000E-03           1
|1000010000000000000001000> :  0.3846882E-06  0.1000000E-03           1
|0001001001000000000000010> :  0.6723326E-05  0.1000000E-03           1
|0000010000010111110000100> :  0.2867971E-05  0.1000000E-03           1
|1000010000010000011000000> :  0.4274228E-04  0.1000000E-03           1
|1000010000010011000000001> :  0.4764569E-05  0.1000000E-03           1
|0000000100000010110000010> :  0.8933672E-04  0.1000000E-03           1
|1000010000010100000111000> :  0.1451943E-05  0.1000000E-03           1
|0001001000000011100000010> :  0.8402892E-05  0.1000000E-03           1
|0000010000010111010010010> :  0.4351659E-05  0.1000000E-03           1
|0001001000000000100000011> :  0.1955711E-03  0.1000000E-03           1
|1111010100100000011000000> :  0.7923406E-10  0.1000000E-03           1
|1100100000001001010010000> :  0.5768366E-06  0.1000000E-03           1
|1000010000010110000001101> :  0.9614382E-06  0.1000000E-03           1
|1100010100010000001001000> :  0.5832736E-04  0.1000000E-03           1
|0001001000000000000001010> :  0.1013121E-04  0.1000000E-03           1
|1100000001010001110000000> :  0.1302558E-06  0.1000000E-03           1
|0001000001100010000000000> :  0.3147543E-04  0.1000000E-03           1
|0001000001000010000010000> :  0.3360248E-04  0.1000000E-03           1
|0000000100000010010000100> :  0.2745112E-04  0.1000000E-03           1
|0000000000010110010000100> :  0.4300124E-04  0.1000000E-03           1
|1000010100010000011001000> :  0.7324559E-04  0.1000000E-03           1
|1000010100010010010000101> :  0.6977448E-04  0.1000000E-03           1
|1000010100010100010000101> :  0.1301128E-03  0.1000000E-03           1
|0001000000100000001000001> :  0.8029072E-05  0.1000000E-03           1
|1000011100000001010010100> :  0.7687691E-06  0.1000000E-03           1
|1000011100010000001001000> :  0.5884380E-04  0.1000000E-03           1
|1000100000001000001000001> :  0.3792826E-06  0.1000000E-03           1
|1000100001000001000000011> :  0.2152696E-05  0.1000000E-03           1
|1000100100000100000000001> :  0.6788752E-06  0.1000000E-03           1
|1010000000101000100101000> :  0.9338621E-07  0.1000000E-03           1
|1010000000010100001000000> :  0.3230824E-04  0.1000000E-03           1
|1010000000000000100100110> :  0.6481247E-05  0.1000000E-03           1
|0000000100000010000011000> :  0.7067625E-04  0.1000000E-03           1
|0001000000000011100000000> :  0.9739572E-06  0.1000000E-03           1
|1001010000011100001000100> :  0.3059096E-05  0.1000000E-03           1
|0001000000000011000000000> :  0.1686855E-05  0.1000000E-03           1
|1001010000010111000000001> :  0.9834365E-05  0.1000000E-03           1
|0000110110000000100010000> :  0.2026138E-05  0.1000000E-03           1
|0000000100000010000001010> :  0.5105969E-05  0.1000000E-03           1
|0000000000010011010000100> :  0.2683325E-04  0.1000000E-03           1
|1001010000010100000000000> :  0.4474478E-04  0.1000000E-03           1
|0000110100100010010010010> :  0.1777482E-06  0.1000000E-03           1
|1001010000010000001000000> :  0.1669092E-04  0.1000000E-03           1
|0000010000010100010000100> :  0.2398040E-04  0.1000000E-03           1
|0000110100000011010000100> :  0.5361901E-04  0.1000000E-03           1
|1001001000100001001000001> :  0.8669643E-08  0.1000000E-03           1
|0000110001100110010010100> :  0.1776175E-05  0.1000000E-03           1
|0000010000010011010000101> :  0.3733809E-04  0.1000000E-03           1
|1001010000011100000001100> :  0.2979129E-05  0.1000000E-03           1
|0000000100000001110000010> :  0.3329269E-03  0.1000000E-03           1
|1001010100010000000001000> :  0.1111530E-05  0.1000000E-03           1
|1010000000000000100000010> :  0.2729302E-05  0.1000000E-03           1
|1001000000000000100000010> :  0.2441860E-04  0.1000000E-03           1
|0000110000010111010010101> :  0.1007846E-05  0.1000000E-03           1
|1000111000010100010000100> :  0.1206675E-05  0.1000000E-03           1
|1000110100010000010010100> :  0.1518262E-05  0.1000000E-03           1
|0000110000010111010000100> :  0.8981740E-06  0.1000000E-03           1
|1000110010010100010000100> :  0.1501135E-05  0.1000000E-03           1
|1000101110000000000011000> :  0.9326467E-05  0.1000000E-03           1
|1010000010001100001000100> :  0.3038725E-07  0.1000000E-03           1
|1010010001000100000000101> :  0.1813770E-06  0.1000000E-03           1
|0000110000010011000001001> :  0.6582290E-06  0.1000000E-03           1
|1000101000100100010000000> :  0.4393773E-05  0.1000000E-03           1
|1000100110000000001011000> :  0.1164532E-04  0.1000000E-03           1
|0000110000010000010000101> :  0.2417982E-05  0.1000000E-03           1
|0000010000010011010000000> :  0.7774011E-04  0.1000000E-03           1
|1100010100110000010010000> :  0.9579213E-08  0.1000000E-03           1
|0000000100000000110000100> :  0.5464506E-05  0.1000000E-03           1
|1100101100000000011000100> :  0.1866329E-07  0.1000000E-03           1
|0000000000000010110100000> :  0.8037404E-05  0.1000000E-03           1
|0000000000000010010100100> :  0.4706606E-04  0.1000000E-03           1
