# state, exact probability, frequency, count:
#------------------------------------------------------------------
|1000000010010110000110000> :  0.3664112E+00  0.3688000E+00        3688
|1000000110010100000110000> :  0.3656189E+00  0.3630000E+00        3630
|0000001000010110100100000> :  0.2922730E-01  0.3120000E-01         312
|0000001010010110001000000> :  0.2476557E-01  0.2490000E-01         249
|0000001110010100001000000> :  0.2140491E-01  0.1960000E-01         196
|0000001010010110000100000> :  0.1960826E-01  0.1950000E-01         195
|0000000110010100001010000> :  0.1492865E-01  0.1700000E-01         170
|0100000110010100001000000> :  0.1392197E-01  0.1490000E-01         149
|0000001000010110101000000> :  0.1514766E-01  0.1390000E-01         139
|0000001000001110100100000> :  0.1155030E-01  0.1060000E-01         106
|0000001000100110100100000> :  0.1018031E-01  0.1050000E-01         105
|1000000000010110100100000> :  0.1004136E-01  0.9700000E-02          97
|0000000010010110001010000> :  0.7916185E-02  0.9600000E-02          96
|0100000100010100001000100> :  0.6609239E-02  0.7100000E-02          71
|0000001110010100000100000> :  0.6636196E-02  0.6200000E-02          62
|0000001000001110101000000> :  0.6183518E-02  0.6100000E-02          61
|0000001001001110100000000> :  0.5848571E-02  0.4800000E-02          48
|0000001100010100001000100> :  0.4477207E-02  0.4700000E-02          47
|0000000100010100001010100> :  0.5533975E-02  0.4700000E-02          47
|1100000100010100000000100> :  0.3546731E-02  0.4000000E-02          40
|1000000000100110100100000> :  0.4168220E-02  0.3800000E-02          38
|1100000110010100000000000> :  0.3594305E-02  0.3500000E-02          35
|0000001000010011101000000> :  0.2504146E-02  0.3400000E-02          34
|1000000010010110000100000> :  0.4434100E-02  0.3200000E-02          32
|0000000110010100000110000> :  0.2596217E-02  0.2800000E-02          28
|0000000010010110000110000> :  0.2429040E-02  0.2800000E-02          28
|0000001001100110100000000> :  0.3017227E-02  0.2500000E-02          25
|0101000100010100000000100> :  0.2249459E-02  0.2400000E-02          24
|1000000110010100000100000> :  0.1656106E-02  0.2300000E-02          23
|1000000100010100000010100> :  0.2473054E-02  0.2200000E-02          22
|0110000100010100001000000> :  0.1410185E-02  0.1700000E-02          17
|0100000110010000001001000> :  0.1344444E-02  0.1600000E-02          16
|0001000100010100000010100> :  0.1640148E-02  0.1200000E-02          12
|0000001010010011001000000> :  0.1444890E-02  0.1200000E-02          12
|0000001000001011101000000> :  0.1208361E-02  0.1000000E-02          10
|1000000001100110100000000> :  0.1068718E-02  0.9000000E-03           9
|0001001100010100000000100> :  0.8132286E-03  0.9000000E-03           9
|1000000110010100000010000> :  0.9095251E-03  0.8000000E-03           8
|0001001001001110000000000> :  0.2423814E-03  0.4000000E-03           4
|1000000000010110000110000> :  0.2830657E-03  0.3000000E-03           3
|1000000010010110000010000> :  0.5133194E-03  0.3000000E-03           3
|1100000110010000000001000> :  0.2085056E-03  0.3000000E-03           3
|1000000100010100000110000> :  0.5484072E-03  0.2000000E-03           2
|1000000000100110000110000> :  0.1993844E-03  0.2000000E-03           2
|1000000001000010110000000> :  0.5916020E-04  0.2000000E-03           2
|0100000100010000001000100> :  0.1791692E-04  0.2000000E-03           2
|0010000000010100001000010> :  0.5144218E-04  0.2000000E-03           2
|1010000010010110010110000> :  0.5893044E-04  0.2000000E-03           2
|1010010110010100000110000> :  0.6160064E-04  0.2000000E-03           2
|1010000110010100010110000> :  0.5781441E-04  0.1000000E-03           1
|0010000000000000010001111> :  0.2300567E-06  0.1000000E-03           1
|0000001001001100100000000> :  0.5210149E-04  0.1000000E-03           1
|0000001000101110100100101> :  0.5828428E-06  0.1000000E-03           1
|0001001011000000000001101> :  0.4685592E-08  0.1000000E-03           1
|1000010010101110001010000> :  0.3883600E-06  0.1000000E-03           1
|1000000111010101000110000> :  0.2226186E-04  0.1000000E-03           1
|1000010110011100000110000> :  0.7357578E-04  0.1000000E-03           1
|0001011100111110000000000> :  0.4088611E-07  0.1000000E-03           1
|1000110110000100000110000> :  0.1528236E-04  0.1000000E-03           1
|0010000000010001001000010> :  0.1477651E-04  0.1000000E-03           1
|1010010010010011000100000> :  0.2830894E-07  0.1000000E-03           1
|0010000000010110001000000> :  0.2573657E-04  0.1000000E-03           1
|0001001010110110010010000> :  0.1898275E-05  0.1000000E-03           1
|0000001000001011001000000> :  0.8036316E-06  0.1000000E-03           1
|0001001010000110100000011> :  0.7032287E-06  0.1000000E-03           1
|0001001001100110000000000> :  0.3422165E-03  0.1000000E-03           1
|0000001000100100100100000> :  0.3061967E-04  0.1000000E-03           1
|1000000100000100100010011> :  0.1335961E-06  0.1000000E-03           1
|0000001000100010100100000> :  0.3174262E-04  0.1000000E-03           1
|0000001000000110101000000> :  0.2883340E-04  0.1000000E-03           1
|0001000010010110000110110> :  0.1072588E-06  0.1000000E-03           1
|1000000010010100000110000> :  0.1329030E-03  0.1000000E-03           1
|0001000000010100000010100> :  0.1251642E-04  0.1000000E-03           1
|0000111010000110001100000> :  0.6856584E-06  0.1000000E-03           1
|1000000010000110000110000> :  0.1513134E-03  0.1000000E-03           1
|0000110000100001001000100> :  0.1766698E-06  0.1000000E-03           1
|0000001000010110100110011> :  0.6884692E-06  0.1000000E-03           1
|0000000110010110000110011> :  0.7857053E-05  0.1000000E-03           1
|0000000001000110100010110> :  0.1328783E-08  0.1000000E-03           1
|0000101110010100100100100> :  0.6433015E-07  0.1000000E-03           1
|0000100110110100001000000> :  0.2094075E-05  0.1000000E-03           1
|0000100010000100011010000> :  0.9520281E-06  0.1000000E-03           1
|0000100000000011011110000> :  0.4797085E-08  0.1000000E-03           1
|0000001000010100101000000> :  0.7412393E-04  0.1000000E-03           1
|0110000100010100000100000> :  0.5203511E-07  0.1000000E-03           1
|0000010100000110000000111> :  0.6592560E-07  0.1000000E-03           1
|0101000001100100000000000> :  0.6188555E-05  0.1000000E-03           1
|0101000001001000010000000> :  0.2883381E-04  0.1000000E-03           1
|1000000000010110100000000> :  0.7206819E-04  0.1000000E-03           1
|0000010011011011010000000> :  0.2747547E-08  0.1000000E-03           1
|0000001000010100000100010> :  0.3894368E-04  0.1000000E-03           1
|0101000000000100000010111> :  0.6336002E-06  0.1000000E-03           1
|1000000001000010010000000> :  0.1506548E-06  0.1000000E-03           1
|0100010001000000110000000> :  0.9634460E-05  0.1000000E-03           1
|0000001110010110001000000> :  0.9975717E-05  0.1000000E-03           1
|0100000110010000001000000> :  0.2306984E-04  0.1000000E-03           1
|1000000010010001010100011> :  0.2044600E-07  0.1000000E-03           1
|1000000010010011000000000> :  0.2516182E-04  0.1000000E-03           1
|0100000100010100001000000> :  0.4344104E-05  0.1000000E-03           1
|0000001100100110100100011> :  0.1720731E-05  0.1000000E-03           1
|0100000100000100001000100> :  0.1902340E-04  0.1000000E-03           1
|0011110001000100000001001> :  0.2097307E-07  0.1000000E-03           1
|0010101001100110110000000> :  0.5611365E-07  0.1000000E-03           1
|0010010000001000000001101> :  0.2399987E-06  0.1000000E-03           1
|0000001100000100001000100> :  0.8310277E-05  0.1000000E-03           1
|0000000110000100001010000> :  0.1325630E-04  0.1000000E-03           1
|0010001010010110111000000> :  0.8852153E-06  0.1000000E-03           1
|0010000110010100101000110> :  0.3470915E-06  0.1000000E-03           1
|1000000110010110100110010> :  0.1873250E-04  0.1000000E-03           1
|1000000110110100010110000> :  0.5986279E-04  0.1000000E-03           1
|0010000100010100001000000> :  0.1058614E-04  0.1000000E-03           1
|0010000100010100000100000> :  0.2706213E-04  0.1000000E-03           1
|1000010100000111100100000> :  0.2118107E-07  0.1000000E-03           1
|1000010110010100000111000> :  0.5862295E-04  0.1000000E-03           1
|0000001000001110001000000> :  0.2457125E-04  0.1000000E-03           1
|1000011110010100001100000> :  0.3943532E-05  0.1000000E-03           1
|1000100000010010000100000> :  0.2855131E-04  0.1000000E-03           1
|1000100110000100010110000> :  0.1791535E-04  0.1000000E-03           1
|0010000100001010000001001> :  0.3509158E-06  0.1000000E-03           1
|1001000000010110100000011> :  0.3971166E-07  0.1000000E-03           1
|1001010100000000001110100> :  0.1131138E-08  0.1000000E-03           1
|1111010000000000100001000> :  0.3119030E-07  0.1000000E-03           1
|0010000011000001000100100> :  0.2225727E-06  0.1000000E-03           1
|1100000110010100000001000> :  0.1536973E-05  0.1000000E-03           1
|0010000010000110000000111> :  0.1046749E-05  0.1000000E-03           1
|0010000000100110000100000> :  0.8447780E-04  0.1000000E-03           1
|0000001000001100101000000> :  0.6737196E-04  0.1000000E-03           1
|0000000100011001001001001> :  0.7915304E-07  0.1000000E-03           1
|0000000001001010110000000> :  0.7740300E-04  0.1000000E-03           1
|1100000110111000000001000> :  0.4887199E-06  0.1000000E-03           1
|0000000000010110001010000> :  0.6151465E-05  0.1000000E-03           1
|0000000000001110100100000> :  0.1616292E-04  0.1000000E-03           1
