# state, exact probability, frequency, count:
#------------------------------------------------------------------
|01000011101001110100100000000000001> :  0.4975467E+00  0.4964000E+00        4964
|01000011101001110100100001000000001> :  0.4172908E+00  0.4145000E+00        4145
|01000011101001110101100000000000001> :  0.1003038E-01  0.9200000E-02          92
|01010011101001110010000000000001001> :  0.6709755E-02  0.8000000E-02          80
|01010011101001110100100000000000001> :  0.3827368E-02  0.5700000E-02          57
|01000011101001010101100001000000001> :  0.4668862E-02  0.4800000E-02          48
|01000011101001110110000000000000001> :  0.4503476E-02  0.4000000E-02          40
|01000011101001010100100001000000101> :  0.2079234E-02  0.1800000E-02          18
|01000110101001010100000000000000111> :  0.4486421E-04  0.4000000E-03           4
|01000011101001010101100001000000101> :  0.4675307E-03  0.4000000E-03           4
|01010011111001110010000000000001001> :  0.1628642E-04  0.3000000E-03           3
|01010111101001110000000000000001001> :  0.1011552E-03  0.3000000E-03           3
|01000011101001110110100000000000001> :  0.1447549E-03  0.3000000E-03           3
|01000011101001110100000000000000001> :  0.4090439E-04  0.3000000E-03           3
|01000011101001000110100001000000101> :  0.2771046E-04  0.3000000E-03           3
|01010011101001110101100000000000000> :  0.8579696E-04  0.3000000E-03           3
|01000011101001010110000000000000001> :  0.7314310E-04  0.3000000E-03           3
|01000011101001010010010000000000001> :  0.6869206E-04  0.3000000E-03           3
|01000011101001110110000000010000001> :  0.1126806E-03  0.3000000E-03           3
|01010011101001110000100000000000001> :  0.5637302E-04  0.3000000E-03           3
|01000011101001110100100000001000001> :  0.1380101E-03  0.2000000E-03           2
|01000011101001110100100000000000011> :  0.8877601E-04  0.2000000E-03           2
|01000011101000010101100001000000001> :  0.3101987E-04  0.2000000E-03           2
|01000011101001010101110001000000000> :  0.6872694E-04  0.2000000E-03           2
|01000010101001110110000100000000101> :  0.5291317E-04  0.2000000E-03           2
|01010011101001110100100000010000001> :  0.4483076E-04  0.2000000E-03           2
|01010011101000110100101000000000001> :  0.3991774E-04  0.2000000E-03           2
|01000011101001110101100000100000001> :  0.1565968E-04  0.2000000E-03           2
|01100010101001010110000001000000101> :  0.3451630E-04  0.2000000E-03           2
|01000011101001110000010000000001001> :  0.2409396E-04  0.2000000E-03           2
|01000010101001010100010000000010001> :  0.2423401E-04  0.2000000E-03           2
|01000011101001110100011000000000000> :  0.2939501E-04  0.2000000E-03           2
|01110010101001010110000100000000001> :  0.1499437E-04  0.2000000E-03           2
|01000011101000010101010000010000001> :  0.3683032E-04  0.2000000E-03           2
|01010011101100100010000000000001001> :  0.1106797E-03  0.2000000E-03           2
|01010011101001110100100000000000011> :  0.5997052E-04  0.2000000E-03           2
|11000011101001010100000001000000101> :  0.2973727E-04  0.2000000E-03           2
|01000011101001110100100000000010001> :  0.6383193E-04  0.2000000E-03           2
|01010011101001010010010000000000001> :  0.5661561E-04  0.2000000E-03           2
|01000011101001110110000010000000001> :  0.3739840E-04  0.2000000E-03           2
|01000011101001010110000101000000101> :  0.7695328E-04  0.2000000E-03           2
|01000011101001010010010000000001001> :  0.1270394E-04  0.2000000E-03           2
|01000011100001110101100000100000001> :  0.1971471E-03  0.2000000E-03           2
|01000011101101010100000000000000101> :  0.4573833E-04  0.2000000E-03           2
|01000011000000111101100000110000001> :  0.3568267E-04  0.2000000E-03           2
|01000011101001110010000100000001001> :  0.9129877E-04  0.2000000E-03           2
|01000010101001110100000000010000001> :  0.2339457E-04  0.2000000E-03           2
|01000011101001110000100000010000001> :  0.2394944E-04  0.2000000E-03           2
|00000011101001110100001100000000001> :  0.1605253E-03  0.2000000E-03           2
|01000011101001110100100000000010000> :  0.5247234E-04  0.2000000E-03           2
|01000011101001010101110000000000000> :  0.8224920E-04  0.2000000E-03           2
|01000110101001010100000100001000101> :  0.4913329E-04  0.2000000E-03           2
|01000011100001110110100000000001101> :  0.1306464E-04  0.2000000E-03           2
|01000111101001010100100001000000001> :  0.2109701E-04  0.2000000E-03           2
|01000011111001010100010000000000001> :  0.5201588E-04  0.2000000E-03           2
|01000011101101010101000000000000001> :  0.4705530E-04  0.2000000E-03           2
|01000011101001010100100001000001101> :  0.5086732E-04  0.2000000E-03           2
|01000011101001110101100001000000001> :  0.1267825E-03  0.2000000E-03           2
|01010011101011100010000000010000001> :  0.1009780E-03  0.2000000E-03           2
|01000011101001110100100000000100001> :  0.3002860E-04  0.2000000E-03           2
|01010010101001110110000100000000001> :  0.1594580E-04  0.1000000E-03           1
|01000010101001110110000000010000001> :  0.2380630E-04  0.1000000E-03           1
|01000010110100010000010011000110000> :  0.1138161E-09  0.1000000E-03           1
|01110010101001110100110000000100001> :  0.2132518E-07  0.1000000E-03           1
|01000011101001010101000100000000001> :  0.3629578E-04  0.1000000E-03           1
|01010010101001110100100100000000001> :  0.4400717E-05  0.1000000E-03           1
|00000010101101010100010100010110000> :  0.2766568E-09  0.1000000E-03           1
|01000010101001110100100000010000001> :  0.1860814E-04  0.1000000E-03           1
|01010010101001110100100000000000001> :  0.5612189E-04  0.1000000E-03           1
|01000010011101000101010100000010000> :  0.3222123E-09  0.1000000E-03           1
|01010010101001110100001100000000001> :  0.8731657E-05  0.1000000E-03           1
|01000010101001110100000100010000001> :  0.4377545E-04  0.1000000E-03           1
|01010001111000000001111001000110000> :  0.5361770E-12  0.1000000E-03           1
|01000011101001110101100000000000000> :  0.3862859E-04  0.1000000E-03           1
|01000011101000110101100001000000000> :  0.5216575E-04  0.1000000E-03           1
|01000011101001010010011000000000001> :  0.3736667E-04  0.1000000E-03           1
|01010010101001110010001000000000001> :  0.3441307E-05  0.1000000E-03           1
|11011111100000110000000001000000000> :  0.3009560E-09  0.1000000E-03           1
|01100010101001010111001000100000001> :  0.6477976E-08  0.1000000E-03           1
|11000011101000110101100001000000001> :  0.9405684E-05  0.1000000E-03           1
|01000111010010100011110001010000000> :  0.1840381E-09  0.1000000E-03           1
|01000011101001110100100001000000000> :  0.4866699E-04  0.1000000E-03           1
|01000010101001010101100001000000001> :  0.1124769E-04  0.1000000E-03           1
|01000010101001010101100000000000001> :  0.1580045E-04  0.1000000E-03           1
|01001110100000010000111010101000000> :  0.4498768E-09  0.1000000E-03           1
|01000010101001010101010000000000001> :  0.7677030E-04  0.1000000E-03           1
|01000011101000010101011000000000001> :  0.2092817E-04  0.1000000E-03           1
|01000010101001010100100011000000001> :  0.4449575E-06  0.1000000E-03           1
|01110110100000010000011100010000000> :  0.1532949E-09  0.1000000E-03           1
|01111011101000110001010010000000000> :  0.2328230E-08  0.1000000E-03           1
|01000011000000111101100000110000000> :  0.1401784E-05  0.1000000E-03           1
|01000011101000010101010010000000001> :  0.7007738E-04  0.1000000E-03           1
|01100011101001110110000000000000001> :  0.3968705E-04  0.1000000E-03           1
|01000010101001010100000100010000001> :  0.1784466E-04  0.1000000E-03           1
|01000111101001010100100000000000101> :  0.4188164E-04  0.1000000E-03           1
|01010011101000010101100000000000001> :  0.5286939E-05  0.1000000E-03           1
|01000011101001110110100001010000001> :  0.1630828E-05  0.1000000E-03           1
|01000011101000010101100001000100001> :  0.1117098E-05  0.1000000E-03           1
|01000011101000110100000100010000001> :  0.1161255E-04  0.1000000E-03           1
|01010011101000110100001100000000001> :  0.1923529E-04  0.1000000E-03           1
|11000011101011010100000000000000001> :  0.1080488E-04  0.1000000E-03           1
|01000011101000110101100001000000001> :  0.2511361E-04  0.1000000E-03           1
|01010011101011100110000000000000001> :  0.1437085E-04  0.1000000E-03           1
|01000011101000110111100000000000001> :  0.7752867E-06  0.1000000E-03           1
|01100011101001000110000001000000001> :  0.1017783E-04  0.1000000E-03           1
|01000011101001010010000000010000001> :  0.4543736E-04  0.1000000E-03           1
|01001011101101010100000000000000001> :  0.4108674E-04  0.1000000E-03           1
|00001011101101010100000100000000001> :  0.1412634E-04  0.1000000E-03           1
|01000011101001110010000010000001001> :  0.1359563E-04  0.1000000E-03           1
|01000011101001010100000011000000001> :  0.8499850E-04  0.1000000E-03           1
|11000011101001010100000100000000001> :  0.1696785E-04  0.1000000E-03           1
|01010011101001010100011000000000001> :  0.3464157E-05  0.1000000E-03           1
|01000011101001010100100010000000001> :  0.9553922E-05  0.1000000E-03           1
|01000011101001010100101001000000001> :  0.5645113E-05  0.1000000E-03           1
|01000011101001010101000000000100001> :  0.3840140E-05  0.1000000E-03           1
|11000011101001010101000001000000001> :  0.7989618E-05  0.1000000E-03           1
|01000011101001010101000001001000001> :  0.1741245E-06  0.1000000E-03           1
|01000011101001010101000011000000001> :  0.1518937E-04  0.1000000E-03           1
|10000111101001100000001001000000001> :  0.5069437E-05  0.1000000E-03           1
|01000011101001010101100000000000001> :  0.8726957E-04  0.1000000E-03           1
|01000011101001010101100000100000001> :  0.6279369E-05  0.1000000E-03           1
|00000011101001010101100001000000001> :  0.8706804E-04  0.1000000E-03           1
|01000111111001010100001000000000001> :  0.1000897E-05  0.1000000E-03           1
|11000011101001010101100001000000001> :  0.4322331E-04  0.1000000E-03           1
|01000011101001010101100001000100001> :  0.1380365E-04  0.1000000E-03           1
|01000011101001010101100011000000001> :  0.2461116E-04  0.1000000E-03           1
|01000011101000010101010000000000001> :  0.9293117E-05  0.1000000E-03           1
|01001011101000010100100001000000001> :  0.7274924E-06  0.1000000E-03           1
|01010010101000110101100000010000001> :  0.1028769E-05  0.1000000E-03           1
|11000110001001000000001100110000000> :  0.9347276E-10  0.1000000E-03           1
|10110011101000000000000100000000001> :  0.7667287E-12  0.1000000E-03           1
|01000011100101000101001011100000001> :  0.2554171E-09  0.1000000E-03           1
|11010010001100100000001001010000001> :  0.2290824E-09  0.1000000E-03           1
|11001011100010110110100001000000001> :  0.2130206E-06  0.1000000E-03           1
|01100011101001010110000100000000101> :  0.4097729E-04  0.1000000E-03           1
|01100011100010011100001001000100001> :  0.3812715E-08  0.1000000E-03           1
|01011010001001011100010100010100001> :  0.8748751E-09  0.1000000E-03           1
|01010110000010101011001000110000000> :  0.3728417E-09  0.1000000E-03           1
|01000011100001110110001000000000001> :  0.6405144E-04  0.1000000E-03           1
|01000011100001110110000100010000001> :  0.2879345E-05  0.1000000E-03           1
|00100001101000110100000100000000001> :  0.9198163E-10  0.1000000E-03           1
|01001011101001110100100000000000001> :  0.1559759E-04  0.1000000E-03           1
|01000011100001110101100000010000001> :  0.2008401E-04  0.1000000E-03           1
|01010000101101010100100001000000001> :  0.1086207E-06  0.1000000E-03           1
|01000101001000010011011010010000000> :  0.5750939E-09  0.1000000E-03           1
|01001011100001110101001001100000001> :  0.2596487E-08  0.1000000E-03           1
|01000011100001110100101000000000001> :  0.2154921E-04  0.1000000E-03           1
|01110111100000111100001000000010000> :  0.5097468E-09  0.1000000E-03           1
|01000011100001110100001000010000001> :  0.4478120E-05  0.1000000E-03           1
|01000011101001110100000000100000001> :  0.2076073E-04  0.1000000E-03           1
|01000011100001101000001001010000001> :  0.2338213E-08  0.1000000E-03           1
|01010110000010100001110000000010000> :  0.8488269E-10  0.1000000E-03           1
|01000011111001000110010001100100000> :  0.8944595E-10  0.1000000E-03           1
|00001011100000110100000100110000000> :  0.5478089E-09  0.1000000E-03           1
|11000011101001110100000000010000001> :  0.2252430E-04  0.1000000E-03           1
|01100011101001110100000000000000001> :  0.1079330E-04  0.1000000E-03           1
|01001011100001010101101000010000001> :  0.2051232E-06  0.1000000E-03           1
|01000010101001010101000000010000101> :  0.4250522E-04  0.1000000E-03           1
|01000010101001010110000100000100101> :  0.7641439E-05  0.1000000E-03           1
|01010011101001110100000001000000001> :  0.1256152E-04  0.1000000E-03           1
|01000011101001110100000001010000001> :  0.1677483E-04  0.1000000E-03           1
|01000011101001110100000010000000001> :  0.1744272E-04  0.1000000E-03           1
|10000011101001110100001000000000001> :  0.1782767E-04  0.1000000E-03           1
|11000011101001110100001000000000001> :  0.4424021E-04  0.1000000E-03           1
|01000011101001110100001001000000001> :  0.1501455E-04  0.1000000E-03           1
|01000011100001110110000000000000101> :  0.3870757E-04  0.1000000E-03           1
|01010011101001110100011000000000001> :  0.3188729E-04  0.1000000E-03           1
|01010011101001110011000000000000001> :  0.1434363E-04  0.1000000E-03           1
|01000011101001010100010001000000101> :  0.1356649E-04  0.1000000E-03           1
|11000011101001010100100001000000101> :  0.2963453E-04  0.1000000E-03           1
|01100011101001110100100000000000001> :  0.3084204E-04  0.1000000E-03           1
|11000011101001110100100000000000001> :  0.4148004E-05  0.1000000E-03           1
|01100011101001010110000000000000101> :  0.2931499E-04  0.1000000E-03           1
|01000011101001010110000001000000101> :  0.3416080E-04  0.1000000E-03           1
|11000011100000110011100100010000001> :  0.2199153E-08  0.1000000E-03           1
|01000011101001010110001100000000101> :  0.3981696E-06  0.1000000E-03           1
|01000011101001110100100001001000001> :  0.1968300E-04  0.1000000E-03           1
|01000011101001110100100010000000001> :  0.2815523E-04  0.1000000E-03           1
|01000011101001110100101000000000001> :  0.3447127E-04  0.1000000E-03           1
|01010011101001110100101000000000001> :  0.2640548E-04  0.1000000E-03           1
|01011011101001110100101001000000001> :  0.2649084E-05  0.1000000E-03           1
|01000110001001010100000100010000101> :  0.7085093E-04  0.1000000E-03           1
|01100110100001010110000000000000101> :  0.1530097E-05  0.1000000E-03           1
|00000011101001110101100001000000001> :  0.2201788E-04  0.1000000E-03           1
|01100110101001010100000000000000101> :  0.4802996E-04  0.1000000E-03           1
|01000110101001010100001100000000101> :  0.2271797E-04  0.1000000E-03           1
|01000110101001010100100000010000101> :  0.2675243E-04  0.1000000E-03           1
|01100110101001011100000100000000101> :  0.2945624E-05  0.1000000E-03           1
|01000011101001110110000001000000001> :  0.2095138E-04  0.1000000E-03           1
|01100011101001110110000001000000001> :  0.1815621E-04  0.1000000E-03           1
|01000111101011010100000000000000101> :  0.2263208E-04  0.1000000E-03           1
|01000111111101000100100101000000101> :  0.1166086E-09  0.1000000E-03           1
|01010011101001110110100000000000001> :  0.9961261E-04  0.1000000E-03           1
|01000011101001110110100000000100001> :  0.1230543E-04  0.1000000E-03           1
|01000110000011010110100000000100110> :  0.1569527E-09  0.1000000E-03           1
|01000011101001111010000000000000001> :  0.1581186E-04  0.1000000E-03           1
|01010011101010100100100001000000001> :  0.5723066E-05  0.1000000E-03           1
|01000011101010110100000000010000001> :  0.6760949E-04  0.1000000E-03           1
|01010011101010110100100000000000001> :  0.1343350E-04  0.1000000E-03           1
|01000011101010110100100000010000001> :  0.9767489E-05  0.1000000E-03           1
|01000011101010110101100000000000001> :  0.1092361E-04  0.1000000E-03           1
|01000011101010110101100000010000001> :  0.1361614E-04  0.1000000E-03           1
|01000011100001110101100000000001000> :  0.5275563E-05  0.1000000E-03           1
|01000011101011010100000000010000001> :  0.2410646E-04  0.1000000E-03           1
|01000011101011010110010000000000001> :  0.2471684E-05  0.1000000E-03           1
|01010011101011100010000001000001000> :  0.1491236E-05  0.1000000E-03           1
|01000110001000100100101001100001000> :  0.1487619E-09  0.1000000E-03           1
|01000011101011100110100001000000001> :  0.3843517E-04  0.1000000E-03           1
|01010011101011110010000001000000001> :  0.2882287E-04  0.1000000E-03           1
|01000011101011110100100100000000001> :  0.2487836E-05  0.1000000E-03           1
|01010011101100000010001000110100001> :  0.1306200E-09  0.1000000E-03           1
|11000011101100100010110000000000001> :  0.1355191E-07  0.1000000E-03           1
|00010011101101000010100001001000001> :  0.2426983E-09  0.1000000E-03           1
|01001011101101010000000000000000001> :  0.7980859E-06  0.1000000E-03           1
|01000011101001100010011000000001001> :  0.2656422E-05  0.1000000E-03           1
|01000011101101010100000000000100001> :  0.2514619E-04  0.1000000E-03           1
|01000101010000100100010010110010000> :  0.9198716E-10  0.1000000E-03           1
|01000011101101010100000100000000001> :  0.9760817E-04  0.1000000E-03           1
|11001011101001110010100100000000001> :  0.8757117E-07  0.1000000E-03           1
|01000011101101010110000000000000001> :  0.9960221E-04  0.1000000E-03           1
|01000011101101110100100000000000001> :  0.2025275E-04  0.1000000E-03           1
|01010011101110010110110001000000001> :  0.1549607E-08  0.1000000E-03           1
|11000011111001010100000000000000001> :  0.5485635E-05  0.1000000E-03           1
|01010011101100100110000000000001001> :  0.6324064E-05  0.1000000E-03           1
|01010011111001100010001000000000001> :  0.1900080E-04  0.1000000E-03           1
|01000011111001110100000000000000001> :  0.1846396E-04  0.1000000E-03           1
|11001110000010010000101000010000001> :  0.5046263E-09  0.1000000E-03           1
|01101110001000100000110000010000001> :  0.5604150E-10  0.1000000E-03           1
|01000110010000100100011010100000001> :  0.1066466E-09  0.1000000E-03           1
|01000110101001110100100000000000001> :  0.1060750E-04  0.1000000E-03           1
|11001110101011100000000001110000001> :  0.1147710E-08  0.1000000E-03           1
|01000110111000101010001011000000001> :  0.1985114E-09  0.1000000E-03           1
|01110110111000110100000000000000001> :  0.8534007E-10  0.1000000E-03           1
|10100111100000011101100010100000001> :  0.4670819E-11  0.1000000E-03           1
|11000111100001110000001000000000001> :  0.1063668E-04  0.1000000E-03           1
|01000111100001110100001000010000001> :  0.4381408E-05  0.1000000E-03           1
|01000111101001010100000000010000001> :  0.3579922E-04  0.1000000E-03           1
|01000111101001110010000000000001100> :  0.6543250E-05  0.1000000E-03           1
|01000010101001010110000000000001101> :  0.9487194E-05  0.1000000E-03           1
|11000111101001110000000001000000001> :  0.5485251E-05  0.1000000E-03           1
|01000111101001110100000000010000001> :  0.3516450E-04  0.1000000E-03           1
|01000111101001110100001000000000001> :  0.4427496E-04  0.1000000E-03           1
|01000111101011010100000000000000001> :  0.2805090E-04  0.1000000E-03           1
|01100111101011010100000000010000001> :  0.7159509E-08  0.1000000E-03           1
|01010111101011100010000000010000001> :  0.8783265E-05  0.1000000E-03           1
|10000111110000000110000011000000001> :  0.2168110E-10  0.1000000E-03           1
|01110110100001101100001000000001110> :  0.7762835E-10  0.1000000E-03           1
|11010010000000110100001100000110001> :  0.1139868E-09  0.1000000E-03           1
|01011010100001010101000000000010001> :  0.3316498E-07  0.1000000E-03           1
|01010011101001110010100000000000001> :  0.3450274E-04  0.1000000E-03           1
|01000010101001010100010010000010001> :  0.1221818E-04  0.1000000E-03           1
|00000010101001010100011100000010001> :  0.3629993E-07  0.1000000E-03           1
|01000010101001011101100001000010001> :  0.2993396E-05  0.1000000E-03           1
|01000010101001110100100000000010001> :  0.5775822E-04  0.1000000E-03           1
|01000011011101110101100001000000001> :  0.1671385E-05  0.1000000E-03           1
|01000011101001110010100000000000001> :  0.4894020E-04  0.1000000E-03           1
|01000011101001110010010001000000001> :  0.8895840E-04  0.1000000E-03           1
|01001011011000111101010010011000001> :  0.3409139E-12  0.1000000E-03           1
|01100100010001001111000010000010000> :  0.1045925E-09  0.1000000E-03           1
|01000011101101010101100001000000000> :  0.1783581E-04  0.1000000E-03           1
|01000011101001110010000100010000001> :  0.2394967E-04  0.1000000E-03           1
|01000011101001110010000010000000001> :  0.1203638E-04  0.1000000E-03           1
|01000011011000110110110000100000001> :  0.1699676E-08  0.1000000E-03           1
|01010011101001110010000001000000001> :  0.9425710E-04  0.1000000E-03           1
|01110011101001110010000000000000001> :  0.5569290E-04  0.1000000E-03           1
|01000011010000011100100100100000001> :  0.3577197E-09  0.1000000E-03           1
|01000011111000100010011001000110000> :  0.3042354E-09  0.1000000E-03           1
|01010011101001110010000000000000001> :  0.1283358E-03  0.1000000E-03           1
|01000011101001110010000000000000001> :  0.1218607E-04  0.1000000E-03           1
|01000011001001110101100000100000001> :  0.3256852E-05  0.1000000E-03           1
|01010011101001110000100001000000001> :  0.5765103E-05  0.1000000E-03           1
|01000010000000110101101010100010011> :  0.5906520E-09  0.1000000E-03           1
|01000011101001110000100001000000001> :  0.1462201E-04  0.1000000E-03           1
|01000011001001110101000000010000001> :  0.3718909E-04  0.1000000E-03           1
|01000011101100011011011000000000000> :  0.8139194E-07  0.1000000E-03           1
|01000011101001010101100011000000000> :  0.4979678E-04  0.1000000E-03           1
|01010011101011100010000001000000011> :  0.2433806E-05  0.1000000E-03           1
|01010011101011100010000000000000011> :  0.2678061E-04  0.1000000E-03           1
|01000011001001110010010100010000001> :  0.2662083E-06  0.1000000E-03           1
|00000011101001000101100100100000011> :  0.1378400E-10  0.1000000E-03           1
|01000011101001110000100000000000001> :  0.1331111E-04  0.1000000E-03           1
|01010011101000110101000000001000011> :  0.9250280E-08  0.1000000E-03           1
|00000011100111110010000000100000011> :  0.2860540E-08  0.1000000E-03           1
|01001011101001100111100001000000001> :  0.1084524E-04  0.1000000E-03           1
|01001011000100010010001000100100001> :  0.2057181E-10  0.1000000E-03           1
|01000011101101101110000001000000011> :  0.3198053E-08  0.1000000E-03           1
|01000011101001010100010000000010000> :  0.7457556E-06  0.1000000E-03           1
|01000010001011100100010000100010011> :  0.5478501E-09  0.1000000E-03           1
|01100011000010010101000001100010011> :  0.5696713E-10  0.1000000E-03           1
|10100000100100100010101000001000100> :  0.1592939E-13  0.1000000E-03           1
|01000010000000001101110001010000100> :  0.2899064E-09  0.1000000E-03           1
|11010011100000111101100001000000100> :  0.9337662E-09  0.1000000E-03           1
|01000011100001010101100001000000100> :  0.4191714E-04  0.1000000E-03           1
|01000011101001000000001010100000100> :  0.4792318E-10  0.1000000E-03           1
|01000011101001010100100000000000100> :  0.3336459E-06  0.1000000E-03           1
|00011011110110100000100001000100100> :  0.5717305E-12  0.1000000E-03           1
|01011100101000000100011100000000100> :  0.1492542E-09  0.1000000E-03           1
|01101110100100001100000001000100100> :  0.8807452E-09  0.1000000E-03           1
|01000111000011110001100001111000100> :  0.1514299E-09  0.1000000E-03           1
|11000111100011010101100001000000100> :  0.2351714E-07  0.1000000E-03           1
|01000101000010100100100100110010100> :  0.1801063E-10  0.1000000E-03           1
|01000110001000110000100000110010100> :  0.1849540E-09  0.1000000E-03           1
|01011000100010000110001100000100101> :  0.2794487E-10  0.1000000E-03           1
|01100010100001110111000100001000101> :  0.2836758E-09  0.1000000E-03           1
|01100010101001010100000100000000101> :  0.1501373E-04  0.1000000E-03           1
|01000010101001010100000100010000101> :  0.2962941E-04  0.1000000E-03           1
|01001010101001010100000100010000101> :  0.5903517E-06  0.1000000E-03           1
|01100010101001010100000100010000101> :  0.4831956E-04  0.1000000E-03           1
|01000010101001010100100000000100101> :  0.1096547E-04  0.1000000E-03           1
|01000010101001010100100001000100101> :  0.1408144E-05  0.1000000E-03           1
|01000010101001010100100001001000101> :  0.3083022E-04  0.1000000E-03           1
|01000010101001010100100100000100101> :  0.4551895E-05  0.1000000E-03           1
|01000010101101010011000000010000011> :  0.8685050E-08  0.1000000E-03           1
|01000010101001010101000001000000101> :  0.2641196E-04  0.1000000E-03           1
|01100010101001010101000001000000101> :  0.1944397E-05  0.1000000E-03           1
|11001010101001010100000000001000011> :  0.8890109E-07  0.1000000E-03           1
|00000010101001010110000100000000101> :  0.3596247E-05  0.1000000E-03           1
|01100010101001010110000100000000101> :  0.2786005E-04  0.1000000E-03           1
|01010011101001100110100001000000001> :  0.8840201E-05  0.1000000E-03           1
|01100010101001011100000100000000101> :  0.2189043E-04  0.1000000E-03           1
|01000010101001110100100001000000101> :  0.1515562E-04  0.1000000E-03           1
|11010110001001010000000010000010010> :  0.3865425E-09  0.1000000E-03           1
|01010010110001100110100001001000101> :  0.1868117E-09  0.1000000E-03           1
|01000011001001011101100000000000101> :  0.5325636E-07  0.1000000E-03           1
|01000011001001110110100001000000101> :  0.2436578E-05  0.1000000E-03           1
|01001011011001000100001100000000101> :  0.2295126E-09  0.1000000E-03           1
|01001011100001010100100000000100101> :  0.2115363E-05  0.1000000E-03           1
|11000011100001010101000001000000101> :  0.7808980E-05  0.1000000E-03           1
|01000011100001010101100001010000101> :  0.8066312E-05  0.1000000E-03           1
|01000011100001010101100100000100101> :  0.3548703E-06  0.1000000E-03           1
|01000011100001011101100000000100101> :  0.9563235E-06  0.1000000E-03           1
|01000011100001110101100000010000101> :  0.8714685E-05  0.1000000E-03           1
|01001110000000000010010010000010010> :  0.1131576E-08  0.1000000E-03           1
|01000011100001110110100001000000101> :  0.1241026E-04  0.1000000E-03           1
|01000011100011010101100001000000101> :  0.3886660E-04  0.1000000E-03           1
|01000011101000010101100000000000101> :  0.1720289E-04  0.1000000E-03           1
|01000011101001100110000000010000001> :  0.7988837E-05  0.1000000E-03           1
|11001011000001010010100000010100001> :  0.1193744E-07  0.1000000E-03           1
|01100011101001100110000000100010010> :  0.1839491E-08  0.1000000E-03           1
|01000011101001010100100000100000101> :  0.3383733E-05  0.1000000E-03           1
|01000010001000001001000001110010010> :  0.3526837E-09  0.1000000E-03           1
|01010011101001100010010001000000001> :  0.1294214E-05  0.1000000E-03           1
|01000011101001010100100001001000101> :  0.8049215E-05  0.1000000E-03           1
|01001011101001010100110001010000101> :  0.6727155E-07  0.1000000E-03           1
|11000011101001010101000001000000101> :  0.1151135E-04  0.1000000E-03           1
|00000011101001010101100001000000101> :  0.2482083E-04  0.1000000E-03           1
|00101010000100010000011100000010010> :  0.8156747E-11  0.1000000E-03           1
|10000111000001110001000001100100010> :  0.1807895E-09  0.1000000E-03           1
|11010011101001100010001000000000001> :  0.1098407E-04  0.1000000E-03           1
|01000011101001010110000100000000101> :  0.1084277E-03  0.1000000E-03           1
|01000011000000111101100000110100001> :  0.4930718E-05  0.1000000E-03           1
|01000011100000110101100000100010000> :  0.1266630E-04  0.1000000E-03           1
|01000011101011110100100001000000000> :  0.2098230E-04  0.1000000E-03           1
|01000011101001010110100001000000101> :  0.1046539E-04  0.1000000E-03           1
|01000011101001010111000000000000101> :  0.7975575E-05  0.1000000E-03           1
|01000011101001101110101001000000101> :  0.2177822E-07  0.1000000E-03           1
|01000011101001110100100001000000101> :  0.4172134E-04  0.1000000E-03           1
|01000011101011010100100001000000101> :  0.4011221E-04  0.1000000E-03           1
|01010011101101100111100001000000010> :  0.1131567E-07  0.1000000E-03           1
|01000011101101010100100000000000101> :  0.2433019E-04  0.1000000E-03           1
|01010011110000001110010000010000101> :  0.2514974E-10  0.1000000E-03           1
|01000011111000000110000011100000101> :  0.3292163E-09  0.1000000E-03           1
|10100101010001011011000000010100101> :  0.3849880E-10  0.1000000E-03           1
|01101101010010010010000100000000101> :  0.3544187E-09  0.1000000E-03           1
|01001011101100100001100000001000010> :  0.3314278E-08  0.1000000E-03           1
|00000110001001100010000000111100101> :  0.5259388E-11  0.1000000E-03           1
|01110011101001100010000001000000001> :  0.1852299E-05  0.1000000E-03           1
|01100110100001011100000000000000101> :  0.5961660E-05  0.1000000E-03           1
|10000110101000011100000000011000101> :  0.1840043E-09  0.1000000E-03           1
|01100110101001000110000001000000101> :  0.4426118E-04  0.1000000E-03           1
|01001011001000010001110000000000010> :  0.1451264E-08  0.1000000E-03           1
|01100110101001010100000100000000101> :  0.3900185E-04  0.1000000E-03           1
|11010010101101100010011000000000010> :  0.7954995E-09  0.1000000E-03           1
|01001011101001011100101000000000001> :  0.6186453E-06  0.1000000E-03           1
|10000111000000100100001001101010001> :  0.1721253E-09  0.1000000E-03           1
|01101110101001010110000000000000101> :  0.3835133E-06  0.1000000E-03           1
|01010011101010000000000101100110001> :  0.1188474E-09  0.1000000E-03           1
|01000110101001110010000000000000101> :  0.6267927E-07  0.1000000E-03           1
|01010110101011000010000100000100101> :  0.4128660E-08  0.1000000E-03           1
|01000111000100011011000000110000101> :  0.6193528E-10  0.1000000E-03           1
|01000111100001010101000000010000101> :  0.1905601E-04  0.1000000E-03           1
|11000111101001010100000000000000101> :  0.5482501E-05  0.1000000E-03           1
|01000011101001011100000001000000001> :  0.5146296E-05  0.1000000E-03           1
|01000011101001110110000001000010001> :  0.2207947E-06  0.1000000E-03           1
|01000011101001010110010100000000001> :  0.3269272E-05  0.1000000E-03           1
|01000101101011000000000001001110101> :  0.2640402E-10  0.1000000E-03           1
|11000110001000000000100011001110101> :  0.7673666E-10  0.1000000E-03           1
|01000010001011010100001100010000110> :  0.5415954E-09  0.1000000E-03           1
|01000010001101000010000111000100110> :  0.4935360E-10  0.1000000E-03           1
|01011010101001010101100000000000110> :  0.1115412E-07  0.1000000E-03           1
|11000011000000110101100000110000001> :  0.5793480E-05  0.1000000E-03           1
|01000111101101010110000001000000110> :  0.2441948E-07  0.1000000E-03           1
|01001100110010000010010000010010110> :  0.5779725E-12  0.1000000E-03           1
|01000010001001001100110000010000111> :  0.2730667E-09  0.1000000E-03           1
|11000010001001010110110000000000111> :  0.4501977E-07  0.1000000E-03           1
|01000010101001010100100001000000111> :  0.1129920E-03  0.1000000E-03           1
|00001010101101100010000100000000111> :  0.5913404E-10  0.1000000E-03           1
|01100011000001000100100001010000111> :  0.2443903E-09  0.1000000E-03           1
|01000011001001101010000110000000111> :  0.1496839E-08  0.1000000E-03           1
|01110011001010100100101001000000111> :  0.5345616E-11  0.1000000E-03           1
|01000011101001010100100001000000111> :  0.4252613E-04  0.1000000E-03           1
|00000011101110000100100000000100111> :  0.5049508E-10  0.1000000E-03           1
|00100110100000011100000010000000111> :  0.7832430E-10  0.1000000E-03           1
|01000011000000110101100000110010000> :  0.3041903E-04  0.1000000E-03           1
|01010110111001000011000000010000111> :  0.6235634E-10  0.1000000E-03           1
|01000010000000100010100001010110111> :  0.3150413E-09  0.1000000E-03           1
|01000011101001110100000000000010001> :  0.7667605E-04  0.1000000E-03           1
|01100011101001000111001000000001000> :  0.1145732E-07  0.1000000E-03           1
|01100011101001010001100011000001000> :  0.1551632E-06  0.1000000E-03           1
|01010011101001100000100001000001000> :  0.2855243E-06  0.1000000E-03           1
|01000011101001110010010000000001000> :  0.5920261E-04  0.1000000E-03           1
|01000011101001110101100001000001000> :  0.7378810E-05  0.1000000E-03           1
|01010011101001110010000000000010001> :  0.5494911E-05  0.1000000E-03           1
|01010011101101110000100000000001000> :  0.9360659E-05  0.1000000E-03           1
|01000011101001010110000100000100001> :  0.3729391E-04  0.1000000E-03           1
|01101110101100000000010000011001000> :  0.3984270E-09  0.1000000E-03           1
|01000111101001100010100001000001000> :  0.1012216E-04  0.1000000E-03           1
|01010111101101100100001000000001000> :  0.3769918E-08  0.1000000E-03           1
|01000110000000100010100110000011000> :  0.1350456E-09  0.1000000E-03           1
|01010001101001100010101000000001001> :  0.7524728E-07  0.1000000E-03           1
|01100001110000010110000010000001001> :  0.3715506E-09  0.1000000E-03           1
|01000011000001101100100000100001001> :  0.3157890E-08  0.1000000E-03           1
|01000011100001110110000000000001001> :  0.3923001E-04  0.1000000E-03           1
|01100011100011100110100100000101001> :  0.6156856E-10  0.1000000E-03           1
|01010011101001010010000000000001001> :  0.9599021E-05  0.1000000E-03           1
|01000011101001110010000000000010001> :  0.8691625E-04  0.1000000E-03           1
|01010011101001010010010000000001001> :  0.3937806E-05  0.1000000E-03           1
|01000011101001010100000100000001001> :  0.2162142E-04  0.1000000E-03           1
|11010011101001010100010000010001001> :  0.2677236E-06  0.1000000E-03           1
|01000011101001100010000001000001001> :  0.2472240E-04  0.1000000E-03           1
|01000011101001100010000000000010001> :  0.4148912E-06  0.1000000E-03           1
|01010011101001100010100001000001001> :  0.2046230E-05  0.1000000E-03           1
|01010011101001110000000000000001001> :  0.2287416E-04  0.1000000E-03           1
|01010011101001110000001000000001001> :  0.2554371E-04  0.1000000E-03           1
|01100011101001010110000001000000001> :  0.4788942E-04  0.1000000E-03           1
|00001010111000110100110000001000001> :  0.6986077E-09  0.1000000E-03           1
|11010011101001110010000000000001001> :  0.1310210E-05  0.1000000E-03           1
|01010011101001110010000001000001001> :  0.3003454E-04  0.1000000E-03           1
|01000011101001010100010000000010001> :  0.1244368E-04  0.1000000E-03           1
|01000011101000110100011000000010001> :  0.2852107E-04  0.1000000E-03           1
|01000011101001110100011000000001001> :  0.3680656E-06  0.1000000E-03           1
|11010011101001110100100000010001001> :  0.1369823E-06  0.1000000E-03           1
|01000011101001110110000000000001001> :  0.5946179E-04  0.1000000E-03           1
|01000011101001110110100001000001001> :  0.1390825E-06  0.1000000E-03           1
|10000011101001111000100000000001001> :  0.3122720E-10  0.1000000E-03           1
|01010011101010001101100001000001001> :  0.6799660E-09  0.1000000E-03           1
|01010011101011110010000000000001001> :  0.8745579E-04  0.1000000E-03           1
|01001011101100010100000000000001001> :  0.3520750E-05  0.1000000E-03           1
|01100011101001010110000000000000001> :  0.4344274E-04  0.1000000E-03           1
|01000011101000110100010000000010001> :  0.2210738E-04  0.1000000E-03           1
|01010011101101000010000000000001001> :  0.4283110E-05  0.1000000E-03           1
|01000011101101010100100000000001001> :  0.5554768E-05  0.1000000E-03           1
|01010011101101100010001000000001001> :  0.1929392E-05  0.1000000E-03           1
|11100011100001000101001010000010001> :  0.4336886E-09  0.1000000E-03           1
|01001101100000100100100000110001001> :  0.4386361E-09  0.1000000E-03           1
|01000111010000000110001000000001001> :  0.3280783E-09  0.1000000E-03           1
|01101111100001000010100000000101001> :  0.3074256E-09  0.1000000E-03           1
|01000111100001110010000000000001001> :  0.1254896E-04  0.1000000E-03           1
|01010111101001100000001000000001001> :  0.4363502E-04  0.1000000E-03           1
|01000111101001100010000001000001001> :  0.3510788E-04  0.1000000E-03           1
|00010010101100001100000011000100001> :  0.2392506E-09  0.1000000E-03           1
|01000111101001110000001000000001001> :  0.5832847E-04  0.1000000E-03           1
|01001111101101010000000000000001001> :  0.4067401E-05  0.1000000E-03           1
|01010111111001100010000000000001001> :  0.3766336E-05  0.1000000E-03           1
|01000011101100110000000000001001010> :  0.7047668E-08  0.1000000E-03           1
|01010010101001100010010100010011010> :  0.3747289E-09  0.1000000E-03           1
|00100011101101000000000000000011010> :  0.1193970E-10  0.1000000E-03           1
|01010011001000010000110000000001011> :  0.4392396E-08  0.1000000E-03           1
|01000011101011100010100010000101011> :  0.2323561E-10  0.1000000E-03           1
|01001110101000111100000000000001011> :  0.2648978E-08  0.1000000E-03           1
|11000011001010100100000000000011011> :  0.4102468E-09  0.1000000E-03           1
|01110001101100000010000101100001100> :  0.7651802E-10  0.1000000E-03           1
|01100010100101010000100000000001100> :  0.2896170E-09  0.1000000E-03           1
|01000011101001010101100000000001100> :  0.2907938E-06  0.1000000E-03           1
|11000101110000100010000000101001100> :  0.1851388E-09  0.1000000E-03           1
|01001110011000010100000100010101100> :  0.2710937E-10  0.1000000E-03           1
|01100010111001010110010000000010000> :  0.5305831E-09  0.1000000E-03           1
|01100101010000001110010000000011100> :  0.7444188E-10  0.1000000E-03           1
|01000011101001110110101001100000000> :  0.5341814E-06  0.1000000E-03           1
|01000011001000000010001100100001101> :  0.3617403E-09  0.1000000E-03           1
|01001011101001010101100001000000000> :  0.9776420E-07  0.1000000E-03           1
|00000011101000101101000001000001101> :  0.3147834E-09  0.1000000E-03           1
|01000011101001010010100001000001101> :  0.2159893E-06  0.1000000E-03           1
|01000011101001010100000001000001101> :  0.6694500E-05  0.1000000E-03           1
|01000011101001010100100000000001101> :  0.1599742E-04  0.1000000E-03           1
|01000011001001110101100001000000000> :  0.2849850E-04  0.1000000E-03           1
|01010011101001100100100001000001101> :  0.1222777E-07  0.1000000E-03           1
|01000011101001110110000100000001101> :  0.4320927E-05  0.1000000E-03           1
|01000101101001010100000000000001101> :  0.2988678E-06  0.1000000E-03           1
|01010110101001100010000000000001101> :  0.2772560E-04  0.1000000E-03           1
|01000111100001110010001000000001101> :  0.2294073E-05  0.1000000E-03           1
|01010111101001100010000000000001101> :  0.2539439E-04  0.1000000E-03           1
|01010011100011010000000100000011101> :  0.6638356E-09  0.1000000E-03           1
|01001100101010000000000000000101110> :  0.2887697E-09  0.1000000E-03           1
|01000010100001100010101000001000000> :  0.2504486E-09  0.1000000E-03           1
|01110111101001100000000000100001110> :  0.1402216E-08  0.1000000E-03           1
|01001110001101010000000000000011111> :  0.1033982E-08  0.1000000E-03           1
|01010010000001010101100000000100000> :  0.3883739E-10  0.1000000E-03           1
