# state, exact probability, frequency, count:
#------------------------------------------------------------------
|1011001011001000011010010111101010> :  0.4522359E+00  0.4504000E+00        4504
|0100110100110111100101101000010101> :  0.4522359E+00  0.4488000E+00        4488
|0010010011010100111111010010000011> :  0.4108632E-01  0.4480000E-01         448
|1101101100101011000000101101111100> :  0.4108632E-01  0.4270000E-01         427
|0100110100100111100100101001010101> :  0.1991815E-02  0.2200000E-02          22
|1011001011011000011011010110101010> :  0.1991815E-02  0.1700000E-02          17
|1010001011001010011010010111101000> :  0.1145846E-02  0.1500000E-02          15
|0101110100110101100101101000010111> :  0.1145846E-02  0.1400000E-02          14
|0011011011011000011011010110101010> :  0.1000586E-02  0.8000000E-03           8
|0100110101110101100101101000010111> :  0.9445382E-03  0.7000000E-03           7
|1011001010001010011010010111101000> :  0.9445382E-03  0.7000000E-03           7
|1100100100100111100100101001010101> :  0.1000586E-02  0.5000000E-03           5
|1011001010001000011010010111101010> :  0.1155626E-03  0.4000000E-03           4
|0100010100110111100101101000010101> :  0.5963386E-04  0.4000000E-03           4
|0101110100110111100101101000010101> :  0.1829008E-03  0.3000000E-03           3
|1100110100110111100101101000010101> :  0.1118520E-03  0.3000000E-03           3
|0100110100110111100100101000010101> :  0.1058604E-03  0.2000000E-03           2
|1011001011011000011010010111101010> :  0.1390620E-03  0.2000000E-03           2
|0100110100100111100101101000010101> :  0.1390620E-03  0.2000000E-03           2
|1011001011001000011011010111101010> :  0.1058604E-03  0.2000000E-03           2
|1011001011001000011010010111101000> :  0.2002904E-03  0.2000000E-03           2
|0101000101110101110101111100010111> :  0.4505467E-10  0.1000000E-03           1
|0100110101110111100101101000010101> :  0.1155626E-03  0.1000000E-03           1
|1001001011001000011010010111101010> :  0.4070440E-06  0.1000000E-03           1
|0101110100110101100100101000010101> :  0.1427324E-07  0.1000000E-03           1
|1011001011001000011010110111101010> :  0.5639277E-04  0.1000000E-03           1
|0100110101000110101111110010010001> :  0.2955404E-10  0.1000000E-03           1
|0010010011010110110111011010000101> :  0.5771773E-04  0.1000000E-03           1
|1010110011001000000010110011101100> :  0.3405722E-10  0.1000000E-03           1
|0010010011010100110111011010000111> :  0.5168772E-04  0.1000000E-03           1
|0100110100110111100101101001011111> :  0.1008981E-07  0.1000000E-03           1
|0100110100110111100101101000010111> :  0.2002904E-03  0.1000000E-03           1
|0101100100111000100100100101110011> :  0.9825082E-10  0.1000000E-03           1
|1010001011001000011010010111101010> :  0.1829008E-03  0.1000000E-03           1
|1101101100101011000000101101111000> :  0.2149786E-04  0.1000000E-03           1
