# state, exact probability, frequency, count:
#------------------------------------------------------------------
|1000011100100110000010101> :  0.9184478E+00  0.9151000E+00        9151
|1000011100000110000010101> :  0.6077106E-02  0.7300000E-02          73
|1000011100100100000010101> :  0.7097177E-02  0.6300000E-02          63
|1000011101001010000010100> :  0.4772047E-02  0.4600000E-02          46
|1000011101001010000000100> :  0.3696989E-02  0.3500000E-02          35
|1001001100000110000010101> :  0.3332771E-04  0.3000000E-03           3
|1000111100000100000000101> :  0.4445225E-03  0.3000000E-03           3
|1000011110000010100000101> :  0.9559635E-04  0.3000000E-03           3
|1001011000100100000010101> :  0.2382762E-03  0.3000000E-03           3
|1100011100000100000010101> :  0.4478523E-04  0.3000000E-03           3
|1000011101100101000010101> :  0.1469795E-03  0.3000000E-03           3
|1000011100100110000010100> :  0.2790222E-03  0.3000000E-03           3
|1010011000000100000010101> :  0.3630484E-04  0.2000000E-03           2
|1000011100000100000010101> :  0.6251811E-04  0.2000000E-03           2
|1000011000100010100010101> :  0.2536596E-04  0.2000000E-03           2
|0000111100101110000010101> :  0.1299815E-03  0.2000000E-03           2
|0000011000101110000011100> :  0.3883691E-04  0.2000000E-03           2
|1000011100000110010010100> :  0.4394736E-04  0.2000000E-03           2
|0000011000101110000010101> :  0.3998277E-04  0.2000000E-03           2
|1000011101100010010010101> :  0.6934139E-04  0.2000000E-03           2
|1000011100001010000000101> :  0.5905681E-04  0.2000000E-03           2
|1000001100011110000000100> :  0.1673925E-04  0.2000000E-03           2
|1010011001100110000000001> :  0.4318037E-04  0.2000000E-03           2
|1000011100100110000011100> :  0.4125005E-04  0.2000000E-03           2
|1100111100101010000010000> :  0.2604476E-04  0.2000000E-03           2
|1000011100101110000000101> :  0.7200902E-04  0.2000000E-03           2
|1000011100001110100000100> :  0.3656698E-04  0.2000000E-03           2
|1010011100000100000010101> :  0.6792605E-04  0.2000000E-03           2
|0000101100101100000010101> :  0.1452691E-04  0.2000000E-03           2
|1000011000100100000110101> :  0.7566159E-04  0.2000000E-03           2
|1100011000100100000010101> :  0.3889325E-04  0.2000000E-03           2
|1000001001100110100010101> :  0.2093778E-04  0.2000000E-03           2
|1000001000100110100010101> :  0.1523337E-04  0.2000000E-03           2
|1000011101100110000010101> :  0.2460372E-03  0.2000000E-03           2
|1001011000000000001010101> :  0.1418559E-04  0.2000000E-03           2
|1100011000100110000110100> :  0.3433467E-05  0.2000000E-03           2
|1000011100000110100000001> :  0.8741848E-04  0.2000000E-03           2
|1010011101000010000000100> :  0.2139557E-04  0.2000000E-03           2
|1000111100000010100000101> :  0.7518586E-04  0.2000000E-03           2
|1000011100000100100000101> :  0.2945851E-04  0.2000000E-03           2
|1000011110001010000000101> :  0.2999686E-04  0.2000000E-03           2
|0000011101101100000110100> :  0.9843715E-05  0.2000000E-03           2
|1100111100100110000010100> :  0.9568335E-04  0.2000000E-03           2
|1000011100000110000110100> :  0.2404105E-04  0.2000000E-03           2
|1000011000001110000011100> :  0.1553260E-03  0.2000000E-03           2
|1000111101000110000010101> :  0.4531680E-05  0.2000000E-03           2
|1000011100000110010010101> :  0.2644331E-03  0.2000000E-03           2
|1000011000100111000010101> :  0.8112474E-04  0.2000000E-03           2
|1000111000101110010000100> :  0.4753310E-05  0.2000000E-03           2
|0000011001100100000110001> :  0.3859224E-05  0.1000000E-03           1
|0000011001000110100010101> :  0.2334767E-06  0.1000000E-03           1
|0000010100010110010010101> :  0.1785841E-05  0.1000000E-03           1
|0000011001000101100010101> :  0.1395369E-05  0.1000000E-03           1
|0000011101110100000000101> :  0.1335583E-05  0.1000000E-03           1
|1000011000100100000110100> :  0.7922903E-05  0.1000000E-03           1
|0001101001001010000000011> :  0.6174802E-07  0.1000000E-03           1
|0000011110100101000000100> :  0.2607788E-05  0.1000000E-03           1
|0000011110100111000000101> :  0.1811965E-04  0.1000000E-03           1
|0000011110101000000000011> :  0.2063056E-07  0.1000000E-03           1
|0000011110101101000000101> :  0.3767921E-06  0.1000000E-03           1
|0000100000100000100010101> :  0.2181001E-06  0.1000000E-03           1
|0000100010101111100000000> :  0.9836205E-11  0.1000000E-03           1
|0000010011110100000011100> :  0.1546115E-06  0.1000000E-03           1
|0000001101001010010010101> :  0.6259175E-06  0.1000000E-03           1
|0000011101100111000010101> :  0.4356203E-04  0.1000000E-03           1
|0001011100101100100010100> :  0.1233128E-06  0.1000000E-03           1
|0000011101100111000010100> :  0.2249424E-04  0.1000000E-03           1
|0000011101100110000110100> :  0.4207890E-04  0.1000000E-03           1
|0000011101100110000011101> :  0.3120597E-05  0.1000000E-03           1
|0000011000101100000010101> :  0.3814375E-04  0.1000000E-03           1
|0000010001011000100010100> :  0.4457365E-07  0.1000000E-03           1
|0000011101100101000000000> :  0.1382907E-05  0.1000000E-03           1
|0000011101100011000010101> :  0.5360198E-05  0.1000000E-03           1
|0000011000100111000010100> :  0.2443589E-04  0.1000000E-03           1
|0000011101000111000010001> :  0.1984264E-05  0.1000000E-03           1
|0000011101000110000111000> :  0.3134259E-06  0.1000000E-03           1
|0000011000100110000010111> :  0.2587330E-04  0.1000000E-03           1
|0000010001010111000010000> :  0.2200278E-06  0.1000000E-03           1
|0000001101000110100000101> :  0.8227832E-06  0.1000000E-03           1
|0000000111100010000010101> :  0.1962331E-06  0.1000000E-03           1
|0000011100111110000000000> :  0.2758621E-04  0.1000000E-03           1
|0000011100101110000100111> :  0.1797715E-07  0.1000000E-03           1
|0000011000100110000000101> :  0.6621453E-05  0.1000000E-03           1
|0000011100101110000000101> :  0.5702366E-05  0.1000000E-03           1
|0000111100001000010010101> :  0.3301626E-06  0.1000000E-03           1
|0000111100000010110010100> :  0.3870664E-06  0.1000000E-03           1
|0000011100100110000011101> :  0.2631943E-04  0.1000000E-03           1
|0000011000100010100010101> :  0.4130563E-05  0.1000000E-03           1
|0000111100001101000000000> :  0.1841709E-05  0.1000000E-03           1
|0000111100100010001010101> :  0.9021236E-06  0.1000000E-03           1
|1000010001100010000011101> :  0.4703938E-05  0.1000000E-03           1
|0000111101100110000000001> :  0.7711342E-05  0.1000000E-03           1
|0001001000010110010011101> :  0.1208076E-07  0.1000000E-03           1
|0001001100000011001010010> :  0.9354048E-09  0.1000000E-03           1
|0001001101100110000010001> :  0.2314909E-05  0.1000000E-03           1
|0001010001001100000011100> :  0.1993030E-06  0.1000000E-03           1
|0001010001100100001010100> :  0.1980135E-06  0.1000000E-03           1
|0001010001101010000011101> :  0.1198711E-07  0.1000000E-03           1
|0001010010000100000001101> :  0.3488334E-09  0.1000000E-03           1
|0001010101000100000010110> :  0.5960148E-07  0.1000000E-03           1
|0001010101100010000010100> :  0.1655211E-05  0.1000000E-03           1
|0001010101100110000010100> :  0.4212329E-05  0.1000000E-03           1
|0001010101101110000010000> :  0.3613353E-05  0.1000000E-03           1
|0001010110100000101000001> :  0.1831382E-07  0.1000000E-03           1
|0001011000000110101001110> :  0.1628244E-08  0.1000000E-03           1
|0001011001101100000000001> :  0.2954421E-05  0.1000000E-03           1
|1000011000001111000010100> :  0.1291319E-04  0.1000000E-03           1
|0001100000000100010000101> :  0.7722082E-08  0.1000000E-03           1
|0001100010001010100100100> :  0.3356138E-07  0.1000000E-03           1
|0001101000100110000100101> :  0.6300381E-07  0.1000000E-03           1
|1010011000000100000000101> :  0.1072344E-04  0.1000000E-03           1
|0001101110000000000010101> :  0.1346463E-06  0.1000000E-03           1
|0001110010001000100100100> :  0.1732946E-07  0.1000000E-03           1
|0010010001000010000010110> :  0.5488748E-08  0.1000000E-03           1
|0010011000101100100001000> :  0.1188970E-07  0.1000000E-03           1
|0010011001000001010010100> :  0.2457159E-07  0.1000000E-03           1
|0010011001000010010000101> :  0.6460923E-07  0.1000000E-03           1
|0010011011000100000100100> :  0.5971278E-07  0.1000000E-03           1
|0010011011001000010000100> :  0.3453903E-06  0.1000000E-03           1
|0010100001100000110100001> :  0.1540782E-08  0.1000000E-03           1
|0011010100110100000010101> :  0.1504306E-06  0.1000000E-03           1
|0100000001011100010000000> :  0.8365850E-09  0.1000000E-03           1
|0100010101010111000011000> :  0.7793662E-08  0.1000000E-03           1
|0100011101000100000010000> :  0.7799619E-05  0.1000000E-03           1
|0100011101101000000010101> :  0.9918501E-05  0.1000000E-03           1
|0100011101101110000000100> :  0.2766561E-04  0.1000000E-03           1
|0000010000100110110110001> :  0.4359379E-08  0.1000000E-03           1
|0000111010101010100000001> :  0.3384515E-06  0.1000000E-03           1
|0000111010100010100010101> :  0.2877012E-05  0.1000000E-03           1
|0000011100100110000010100> :  0.3943755E-04  0.1000000E-03           1
|0000111010000100000010101> :  0.8338754E-05  0.1000000E-03           1
|0000111001101010001010100> :  0.8887436E-07  0.1000000E-03           1
|0000011100100110000010001> :  0.1384166E-04  0.1000000E-03           1
|0000010111101110000000000> :  0.1889252E-06  0.1000000E-03           1
|0000111000110100000001000> :  0.1748674E-06  0.1000000E-03           1
|0000111000101001000010101> :  0.8805262E-06  0.1000000E-03           1
|0000011100100100100010101> :  0.9767045E-06  0.1000000E-03           1
|0000111000100111000000101> :  0.4543462E-05  0.1000000E-03           1
|0000111000100111000000100> :  0.4989026E-06  0.1000000E-03           1
|0000011100011110000000100> :  0.1380798E-04  0.1000000E-03           1
|0000010101100110000010101> :  0.4931354E-05  0.1000000E-03           1
|0000010000011000000110000> :  0.2437932E-07  0.1000000E-03           1
|0000001001100100010010001> :  0.1467622E-07  0.1000000E-03           1
|0000111000100100000010000> :  0.1074374E-05  0.1000000E-03           1
|0000111000001000010010101> :  0.3498261E-06  0.1000000E-03           1
|0000011100010101010100001> :  0.3409175E-08  0.1000000E-03           1
|0000110111000001000000100> :  0.3022746E-07  0.1000000E-03           1
|1000001100000110000010111> :  0.6236537E-04  0.1000000E-03           1
|1000001100000110000010101> :  0.4488600E-04  0.1000000E-03           1
|0000110100010111100000001> :  0.1305405E-07  0.1000000E-03           1
|0000011100001010000010101> :  0.1902090E-04  0.1000000E-03           1
|0000010101100101000010101> :  0.1758596E-04  0.1000000E-03           1
|1000001100001110100000101> :  0.1795955E-05  0.1000000E-03           1
|1000001100010110000000011> :  0.9852825E-06  0.1000000E-03           1
|1000001100010110000001011> :  0.1231851E-04  0.1000000E-03           1
|1000001100010110100001001> :  0.1314664E-04  0.1000000E-03           1
|1000011101000100000110101> :  0.5434059E-04  0.1000000E-03           1
|1000001100100100000010101> :  0.5836155E-04  0.1000000E-03           1
|1000001100100110000000111> :  0.1198606E-04  0.1000000E-03           1
|1000001100100110000010001> :  0.1705036E-04  0.1000000E-03           1
|1000001100100110000010111> :  0.1581405E-03  0.1000000E-03           1
|1000001100100110100000001> :  0.1756900E-04  0.1000000E-03           1
|1000001100100110100010101> :  0.1140877E-03  0.1000000E-03           1
|1000001100101010000000111> :  0.1169731E-06  0.1000000E-03           1
|1000001100101110000010100> :  0.4083295E-04  0.1000000E-03           1
|1000001101000010011000101> :  0.5176100E-06  0.1000000E-03           1
|1000001101000110000110101> :  0.3612204E-04  0.1000000E-03           1
|1000001101000110010010101> :  0.8404988E-05  0.1000000E-03           1
|1000001101001100000100000> :  0.2915145E-06  0.1000000E-03           1
|1000001101011010000111100> :  0.2257918E-07  0.1000000E-03           1
|1000001101100000100000101> :  0.5155569E-06  0.1000000E-03           1
|1000001101100010000010111> :  0.8409242E-04  0.1000000E-03           1
|1000001101100010000110101> :  0.7362597E-04  0.1000000E-03           1
|1000001101100100100010101> :  0.5426488E-05  0.1000000E-03           1
|1000001101100110000010111> :  0.2906424E-04  0.1000000E-03           1
|1000001101101010000110100> :  0.1295372E-04  0.1000000E-03           1
|1000001110100111000000101> :  0.1549742E-05  0.1000000E-03           1
|1000010000100110100010101> :  0.5256843E-04  0.1000000E-03           1
|1000010001000000100110101> :  0.1689522E-06  0.1000000E-03           1
|1000010001000011110010100> :  0.3974566E-06  0.1000000E-03           1
|1000010001001000100010100> :  0.4927827E-05  0.1000000E-03           1
|1000010001010110100010100> :  0.8232809E-07  0.1000000E-03           1
|1000111000000010010100101> :  0.6407609E-07  0.1000000E-03           1
|1000010001100100000011101> :  0.3146577E-05  0.1000000E-03           1
|1000010001101000100000100> :  0.8762509E-05  0.1000000E-03           1
|1000010011100010000011100> :  0.1041734E-06  0.1000000E-03           1
|1000010100100100000010101> :  0.4464034E-04  0.1000000E-03           1
|1000010100100110100000101> :  0.3134212E-05  0.1000000E-03           1
|1000010100101010100000100> :  0.3294226E-05  0.1000000E-03           1
|1000010100101110000010100> :  0.4434411E-04  0.1000000E-03           1
|1000010101000000100000100> :  0.4015438E-06  0.1000000E-03           1
|1000010101000010101000000> :  0.2378076E-07  0.1000000E-03           1
|1000010101000100100010000> :  0.1162702E-04  0.1000000E-03           1
|1000010101100101011010100> :  0.3249372E-07  0.1000000E-03           1
|1000010101100110100010000> :  0.1389931E-04  0.1000000E-03           1
|1000010101100111000010101> :  0.1961677E-06  0.1000000E-03           1
|1000011000000010000111101> :  0.5159859E-05  0.1000000E-03           1
|1000011000000010001110111> :  0.1896743E-07  0.1000000E-03           1
|1000011000000010001111100> :  0.3086161E-07  0.1000000E-03           1
|1000011000000010100010101> :  0.1314590E-04  0.1000000E-03           1
|1000011000000011000110100> :  0.9209641E-05  0.1000000E-03           1
|1000011000000100000001101> :  0.5415086E-06  0.1000000E-03           1
|1000011000000100000011111> :  0.1913361E-04  0.1000000E-03           1
|1000011000000100000110101> :  0.1492715E-04  0.1000000E-03           1
|1000011000000110000001110> :  0.2457121E-05  0.1000000E-03           1
|1000011000000110000010110> :  0.4050740E-05  0.1000000E-03           1
|1000011000000110000110100> :  0.2734729E-04  0.1000000E-03           1
|1000011000000110100010101> :  0.7542805E-04  0.1000000E-03           1
|1000011000000110100111100> :  0.4792513E-05  0.1000000E-03           1
|1000011000001010000111100> :  0.7770604E-05  0.1000000E-03           1
|1000011000001110000010111> :  0.7750082E-05  0.1000000E-03           1
|1001011001010010000010101> :  0.2051657E-06  0.1000000E-03           1
|1000011000001110000100101> :  0.1344549E-05  0.1000000E-03           1
|1000011000001110000110101> :  0.1207498E-05  0.1000000E-03           1
|1001100010100000000010111> :  0.1145292E-05  0.1000000E-03           1
|1000011000010000011010101> :  0.3325204E-07  0.1000000E-03           1
|1000011000010110000000101> :  0.4360340E-06  0.1000000E-03           1
|1000011000010110010111011> :  0.5873821E-08  0.1000000E-03           1
|1000011000011110000100100> :  0.5551714E-06  0.1000000E-03           1
|1000011000100010000010101> :  0.1387226E-04  0.1000000E-03           1
|1010010001000110000001000> :  0.3283390E-07  0.1000000E-03           1
|1000011000100100000000111> :  0.4036421E-05  0.1000000E-03           1
|1000011100100110000010111> :  0.1906381E-04  0.1000000E-03           1
|1010011000101010001101100> :  0.1541511E-06  0.1000000E-03           1
|1000011000100110000010001> :  0.1445600E-04  0.1000000E-03           1
|1000011000100110000010101> :  0.8149269E-04  0.1000000E-03           1
|1000011000100110000010111> :  0.1996573E-04  0.1000000E-03           1
|1000011000100110000011101> :  0.2129177E-04  0.1000000E-03           1
|1000011000100110000011111> :  0.1931290E-03  0.1000000E-03           1
|1000011000100110001010101> :  0.1644193E-04  0.1000000E-03           1
|1000011000100110010010100> :  0.1218818E-04  0.1000000E-03           1
|1000011000100110100000100> :  0.9709397E-05  0.1000000E-03           1
|1000011000100110100001101> :  0.1830455E-05  0.1000000E-03           1
|1000011000100110100010101> :  0.3211125E-04  0.1000000E-03           1
|1010011101000110000010101> :  0.1847694E-04  0.1000000E-03           1
|1000011000101010000000101> :  0.5489591E-04  0.1000000E-03           1
|1000011000101010000110101> :  0.1315438E-04  0.1000000E-03           1
|1000011000101100000010101> :  0.4641401E-04  0.1000000E-03           1
|1000011000101110000000101> :  0.1248761E-03  0.1000000E-03           1
|1000011000101110000010100> :  0.1190052E-03  0.1000000E-03           1
|1000011000101110000010110> :  0.8555620E-04  0.1000000E-03           1
|1000011001000100100110101> :  0.9655604E-06  0.1000000E-03           1
|1000011001001000010010101> :  0.1488877E-05  0.1000000E-03           1
|1000011001001010000010011> :  0.1019513E-06  0.1000000E-03           1
|1000011001100000001010000> :  0.5495266E-05  0.1000000E-03           1
|1000011001100110000010011> :  0.1376172E-05  0.1000000E-03           1
|1000011001100110001010001> :  0.2399955E-04  0.1000000E-03           1
|1000011001101000001000000> :  0.7089266E-07  0.1000000E-03           1
|1000011010101111000010101> :  0.1066338E-06  0.1000000E-03           1
|1000011100000000001010101> :  0.2903622E-04  0.1000000E-03           1
|1100001001000011000010100> :  0.1346382E-06  0.1000000E-03           1
|1000011100000100000011101> :  0.9816701E-05  0.1000000E-03           1
|1000011100000100001000101> :  0.9755842E-04  0.1000000E-03           1
|1000011100000100001010111> :  0.2280997E-04  0.1000000E-03           1
|1000011100100110000010011> :  0.4418146E-04  0.1000000E-03           1
|0000101110000110000010001> :  0.2902065E-05  0.1000000E-03           1
|1000001000011011010000101> :  0.3386883E-07  0.1000000E-03           1
|1000011100100100000000001> :  0.1254336E-04  0.1000000E-03           1
|1000001000000110100110101> :  0.1659429E-05  0.1000000E-03           1
|0000011011010011001000100> :  0.7766686E-08  0.1000000E-03           1
|1000000111010010100000110> :  0.1600416E-08  0.1000000E-03           1
|1000000101100100110011011> :  0.1882612E-09  0.1000000E-03           1
|0000101100101010000010101> :  0.8546559E-06  0.1000000E-03           1
|1000000000011010101110000> :  0.5883773E-08  0.1000000E-03           1
|0111001001100010000101100> :  0.1579300E-09  0.1000000E-03           1
|0000101100100110000000100> :  0.1825386E-05  0.1000000E-03           1
|0000011001101110100010001> :  0.1158391E-05  0.1000000E-03           1
|0000010101100000000110100> :  0.1246194E-06  0.1000000E-03           1
|0000001110111111111000111> :  0.3573657E-11  0.1000000E-03           1
|0110101000100100000000001> :  0.1369920E-06  0.1000000E-03           1
|0110011100000000000001101> :  0.1192609E-08  0.1000000E-03           1
|0000101100011010110000000> :  0.7456380E-07  0.1000000E-03           1
|0110011001100100001010000> :  0.1481378E-07  0.1000000E-03           1
|1000011100001110000010101> :  0.4803537E-04  0.1000000E-03           1
|1000011100001110000001101> :  0.2933251E-04  0.1000000E-03           1
|0101101000000110100000001> :  0.8477256E-07  0.1000000E-03           1
|0000101100000010111000011> :  0.5215163E-07  0.1000000E-03           1
|0000011001101100100010000> :  0.1716598E-05  0.1000000E-03           1
|1000011100001110000000101> :  0.2162444E-04  0.1000000E-03           1
|1000011100001110000000011> :  0.3099727E-05  0.1000000E-03           1
|1000011100001110000010110> :  0.1205137E-04  0.1000000E-03           1
|1100111100100010000010101> :  0.3980882E-04  0.1000000E-03           1
|1000011100001111000000100> :  0.1235008E-03  0.1000000E-03           1
|1000011100010100000001101> :  0.1246011E-05  0.1000000E-03           1
|1000011100010100000010101> :  0.4874054E-04  0.1000000E-03           1
|1000011100010110000000001> :  0.1043286E-04  0.1000000E-03           1
|1000011100010110000010100> :  0.3837959E-04  0.1000000E-03           1
|1000011100010110100000100> :  0.8398580E-05  0.1000000E-03           1
|1000011100010111000010100> :  0.3828535E-05  0.1000000E-03           1
|1000011100011110000000000> :  0.1490961E-03  0.1000000E-03           1
|1000011100011110000001000> :  0.5377740E-04  0.1000000E-03           1
|1000011100100000000010101> :  0.4559692E-05  0.1000000E-03           1
|1000011100100010000010001> :  0.1179313E-05  0.1000000E-03           1
|1000011100100010100010101> :  0.6929346E-04  0.1000000E-03           1
|0101011001010100010000101> :  0.4676193E-09  0.1000000E-03           1
|1000011100001100100000101> :  0.1514081E-04  0.1000000E-03           1
|1000011100100100000010111> :  0.3133691E-04  0.1000000E-03           1
|1000011100100100100010101> :  0.1854237E-04  0.1000000E-03           1
|1000011100001100000100100> :  0.1260754E-06  0.1000000E-03           1
|0101011001000101000000100> :  0.7500484E-06  0.1000000E-03           1
|0000101010000010100010101> :  0.9605871E-06  0.1000000E-03           1
|1000011100001010001010101> :  0.5809547E-05  0.1000000E-03           1
|1000011100001010000011100> :  0.6989316E-04  0.1000000E-03           1
|1000011100100110011010101> :  0.3530741E-04  0.1000000E-03           1
|1000011100100110100000100> :  0.3333211E-04  0.1000000E-03           1
|1000011100100110100010100> :  0.4177022E-04  0.1000000E-03           1
|1000011100101110000000000> :  0.1705477E-04  0.1000000E-03           1
|0101010101000110101100101> :  0.8642506E-10  0.1000000E-03           1
|1000011100101110000010000> :  0.7691934E-04  0.1000000E-03           1
|1000011100101110000010100> :  0.1152782E-03  0.1000000E-03           1
|1000011100110110001010101> :  0.2261678E-04  0.1000000E-03           1
|1000011100111110000000000> :  0.6085225E-04  0.1000000E-03           1
|1000011101000011000010101> :  0.6358262E-04  0.1000000E-03           1
|1000011101000011001010101> :  0.1573153E-05  0.1000000E-03           1
|1100011101101000000000100> :  0.1907356E-04  0.1000000E-03           1
|1000011101000101001010000> :  0.1141121E-06  0.1000000E-03           1
|1000011101000110000110101> :  0.3033684E-04  0.1000000E-03           1
|1000011101000110100010101> :  0.3575805E-04  0.1000000E-03           1
|1000011100000111010010101> :  0.2982921E-07  0.1000000E-03           1
|0101010100000010110110100> :  0.2274443E-08  0.1000000E-03           1
|1000011101100000000110101> :  0.1167752E-04  0.1000000E-03           1
|1000011101100000010010100> :  0.8436735E-05  0.1000000E-03           1
|1000011101100000010010101> :  0.3543753E-04  0.1000000E-03           1
|1000011101100000100000101> :  0.5907224E-04  0.1000000E-03           1
|1000011101100000100010101> :  0.1731670E-04  0.1000000E-03           1
|0000101000010100000011101> :  0.9715990E-06  0.1000000E-03           1
|1000011101100011000010101> :  0.1975035E-04  0.1000000E-03           1
|1000011101100100000010011> :  0.6380692E-04  0.1000000E-03           1
|1000011101100100000010100> :  0.1562054E-05  0.1000000E-03           1
|1000011101100100000011101> :  0.1040578E-03  0.1000000E-03           1
|1000011101100100000110101> :  0.4184959E-04  0.1000000E-03           1
|1000011101100100100000100> :  0.6379836E-04  0.1000000E-03           1
|0000011001101100010010100> :  0.5543998E-05  0.1000000E-03           1
|0000010101011100000100000> :  0.4370882E-06  0.1000000E-03           1
|1000011101100110000011101> :  0.6558236E-04  0.1000000E-03           1
|1000011101100110010010100> :  0.6782818E-04  0.1000000E-03           1
|1000011101110100000010101> :  0.1020657E-05  0.1000000E-03           1
|1100011101100000000010100> :  0.1377639E-03  0.1000000E-03           1
|1000011110000100000010101> :  0.1114951E-03  0.1000000E-03           1
|1100011101010010000011000> :  0.9550930E-07  0.1000000E-03           1
|1000011110001010010000100> :  0.3650456E-06  0.1000000E-03           1
|1000011110100110010000100> :  0.7780160E-05  0.1000000E-03           1
|1000100100000000101100101> :  0.8068176E-07  0.1000000E-03           1
|1000100110000110100010001> :  0.7747076E-06  0.1000000E-03           1
|1000101000000010010100100> :  0.1329063E-07  0.1000000E-03           1
|1000101000100100001010100> :  0.1220294E-06  0.1000000E-03           1
|1000101000100110001000101> :  0.1163081E-04  0.1000000E-03           1
|1000101001000011010110100> :  0.4143434E-08  0.1000000E-03           1
|1000101010000100001010111> :  0.4773908E-06  0.1000000E-03           1
|1000101010100110000001101> :  0.4572161E-07  0.1000000E-03           1
|1000101100000100110010001> :  0.4453156E-06  0.1000000E-03           1
|1000101100010111010000010> :  0.6556487E-07  0.1000000E-03           1
|1000101100100000010000101> :  0.1294611E-05  0.1000000E-03           1
|1000101100100011000010001> :  0.1371039E-07  0.1000000E-03           1
|1000101100100101100000001> :  0.2378740E-07  0.1000000E-03           1
|1000101100100110001000101> :  0.1077252E-03  0.1000000E-03           1
|1000101100101100000010101> :  0.1958154E-04  0.1000000E-03           1
|1000101101100100000000001> :  0.1561310E-05  0.1000000E-03           1
|1000101110000110000010101> :  0.4180749E-04  0.1000000E-03           1
|1000101110000110011000001> :  0.5121044E-07  0.1000000E-03           1
|1000101110100000000010111> :  0.6013936E-05  0.1000000E-03           1
|1000110000001100001000100> :  0.3359852E-08  0.1000000E-03           1
|1000110100110100000010101> :  0.5209871E-06  0.1000000E-03           1
|1000110101101010000000100> :  0.1057572E-05  0.1000000E-03           1
|1000110111110100100000101> :  0.1430816E-08  0.1000000E-03           1
|1000111000000000010011100> :  0.1743738E-06  0.1000000E-03           1
|0101001001001000000000111> :  0.7019190E-07  0.1000000E-03           1
|1000111000000100101001010> :  0.3688551E-07  0.1000000E-03           1
|1000111000000100110010000> :  0.3775921E-07  0.1000000E-03           1
|1000111000001110001010000> :  0.2470570E-05  0.1000000E-03           1
|1000111000100010010000101> :  0.1673618E-04  0.1000000E-03           1
|1000111000100111000000101> :  0.1810281E-05  0.1000000E-03           1
|1100011101000110000001010> :  0.4870953E-06  0.1000000E-03           1
|1000111000110100000000101> :  0.2573492E-06  0.1000000E-03           1
|1000111001000000000000011> :  0.3353271E-06  0.1000000E-03           1
|1000111001000000010000111> :  0.2268662E-06  0.1000000E-03           1
|1000111001001100010010100> :  0.1353751E-07  0.1000000E-03           1
|1000111001001110000000011> :  0.2643009E-07  0.1000000E-03           1
|1000111010001110000010100> :  0.1068086E-05  0.1000000E-03           1
|1000111010100010100000100> :  0.1460785E-05  0.1000000E-03           1
|1000011100000110001000101> :  0.1456691E-04  0.1000000E-03           1
|0100111001101000000000100> :  0.1916110E-05  0.1000000E-03           1
|1000111100000100100000001> :  0.8500255E-04  0.1000000E-03           1
|1000111100000101010000100> :  0.2485785E-06  0.1000000E-03           1
|1000111100000101010010001> :  0.9164872E-07  0.1000000E-03           1
|1000111100000110000000101> :  0.8977078E-04  0.1000000E-03           1
|1000111100000110010010000> :  0.1498924E-04  0.1000000E-03           1
|1000111100001010101000010> :  0.4066552E-07  0.1000000E-03           1
|1000111100001110001010100> :  0.1525142E-04  0.1000000E-03           1
|1000111100001110010010001> :  0.7775186E-06  0.1000000E-03           1
|1000111100010010010001000> :  0.2658654E-07  0.1000000E-03           1
|1000111100100100000000101> :  0.2336586E-06  0.1000000E-03           1
|1000111100100100010010000> :  0.2600823E-04  0.1000000E-03           1
|1000111100100110001010001> :  0.1808140E-04  0.1000000E-03           1
|1000111100100110100010101> :  0.1766150E-04  0.1000000E-03           1
|1000111100101100001000100> :  0.6127188E-05  0.1000000E-03           1
|1000111100101110000010101> :  0.2988739E-03  0.1000000E-03           1
|1000111100110110000010001> :  0.1478558E-04  0.1000000E-03           1
|1000111100110110010010101> :  0.3030248E-05  0.1000000E-03           1
|0000101000001000000001110> :  0.4698007E-08  0.1000000E-03           1
|1000111101001010000000000> :  0.3802177E-05  0.1000000E-03           1
|1000111101100110001010101> :  0.1210009E-05  0.1000000E-03           1
|1000111110000000010010101> :  0.6707284E-06  0.1000000E-03           1
|1000111110000110000010001> :  0.2014255E-04  0.1000000E-03           1
|1000111110100110000000001> :  0.1467159E-05  0.1000000E-03           1
|1000111110100110000010000> :  0.2317274E-05  0.1000000E-03           1
|1001000101100010000010101> :  0.7359271E-05  0.1000000E-03           1
|1001001000000010001010111> :  0.2998243E-04  0.1000000E-03           1
|1001001000000010100000111> :  0.1620261E-04  0.1000000E-03           1
|1001001000000110000001111> :  0.2919938E-05  0.1000000E-03           1
|1001001000000110000010111> :  0.1482131E-04  0.1000000E-03           1
|1001001000100110000010111> :  0.1223002E-04  0.1000000E-03           1
|1001001001000010010000111> :  0.8442369E-06  0.1000000E-03           1
|1001001100000010100000101> :  0.1925452E-04  0.1000000E-03           1
|1000011100000110000111000> :  0.1200027E-04  0.1000000E-03           1
|1001001100000110000010111> :  0.1111539E-04  0.1000000E-03           1
|1001001100110100010010100> :  0.1686556E-07  0.1000000E-03           1
|1001001101000110010000101> :  0.8973642E-07  0.1000000E-03           1
|1001010101001010100010100> :  0.3747836E-06  0.1000000E-03           1
|1100011100010100000010101> :  0.1222424E-05  0.1000000E-03           1
|1001011000000100000010101> :  0.6972130E-04  0.1000000E-03           1
|1001011000000110000010101> :  0.6024198E-05  0.1000000E-03           1
|0100111001010011000001000> :  0.1506565E-08  0.1000000E-03           1
|1001011001000110000100100> :  0.2801683E-06  0.1000000E-03           1
|1000011100000110000110001> :  0.7832811E-05  0.1000000E-03           1
|1001011100000110000010100> :  0.7510789E-05  0.1000000E-03           1
|1001011100000110000010101> :  0.1192119E-03  0.1000000E-03           1
|1001011100110110000010101> :  0.8987209E-04  0.1000000E-03           1
|1001011101000110000010001> :  0.6223025E-05  0.1000000E-03           1
|1001011101100100000010000> :  0.8823609E-05  0.1000000E-03           1
|1000011100000110000011111> :  0.5510520E-04  0.1000000E-03           1
|1001101000101100000010110> :  0.1229766E-07  0.1000000E-03           1
|1001101100000100111000101> :  0.5694684E-08  0.1000000E-03           1
|1001111100100110000010101> :  0.4440031E-05  0.1000000E-03           1
|1001111100110110000010101> :  0.1826591E-04  0.1000000E-03           1
|1001111101000000010000000> :  0.8218297E-07  0.1000000E-03           1
|1001111101001110000000000> :  0.1281226E-06  0.1000000E-03           1
|1010000000001010100111100> :  0.2310188E-07  0.1000000E-03           1
|1010000100100111000000101> :  0.1221893E-07  0.1000000E-03           1
|1010001010100100000011101> :  0.8705097E-07  0.1000000E-03           1
|1010001110000000001001101> :  0.1140296E-06  0.1000000E-03           1
|1010001110100110000000101> :  0.4753831E-05  0.1000000E-03           1
|0100111000001100010000001> :  0.3435191E-07  0.1000000E-03           1
|1010010001100110000000100> :  0.2100955E-06  0.1000000E-03           1
|1010010010100010001010101> :  0.1678027E-06  0.1000000E-03           1
|1010010010100110000000101> :  0.3250885E-05  0.1000000E-03           1
|0000100110100010000000101> :  0.1038160E-06  0.1000000E-03           1
|0000011001101011100000100> :  0.1400098E-06  0.1000000E-03           1
|1000011100000110000011101> :  0.5636935E-04  0.1000000E-03           1
|1010011000101100100010110> :  0.3981730E-06  0.1000000E-03           1
|1010011001000000110010000> :  0.2246648E-07  0.1000000E-03           1
|1010011001000001011000100> :  0.1450798E-06  0.1000000E-03           1
|1010011001000010000000100> :  0.3148455E-05  0.1000000E-03           1
|1010011001000110000010011> :  0.1065049E-05  0.1000000E-03           1
|1010011001100000000010100> :  0.1157365E-04  0.1000000E-03           1
|1010011001100010000000101> :  0.1368821E-05  0.1000000E-03           1
|1010011001100100001010101> :  0.2901665E-06  0.1000000E-03           1
|1000011100000110000011000> :  0.1065881E-04  0.1000000E-03           1
|1010011001100110000010101> :  0.2846297E-04  0.1000000E-03           1
|1010011010000001000100111> :  0.2530150E-08  0.1000000E-03           1
|1010011010100110000001101> :  0.4009138E-06  0.1000000E-03           1
|1010011100000010100000101> :  0.6166021E-07  0.1000000E-03           1
|0100101100010100000010101> :  0.3139131E-07  0.1000000E-03           1
|1010011100001010000000100> :  0.1346355E-04  0.1000000E-03           1
|1010011100001110000000100> :  0.1958710E-04  0.1000000E-03           1
|1010011100001110100010101> :  0.1673447E-05  0.1000000E-03           1
|1010011100100100001011100> :  0.2027501E-05  0.1000000E-03           1
|1010011100100110001010000> :  0.8967206E-05  0.1000000E-03           1
|1010011100100111000000101> :  0.2045759E-04  0.1000000E-03           1
|1010011100101110000011001> :  0.2475254E-05  0.1000000E-03           1
|1100011001000000010010101> :  0.1055710E-04  0.1000000E-03           1
|1000011100000110000001011> :  0.7372777E-05  0.1000000E-03           1
|1010011101001100000001000> :  0.2710013E-06  0.1000000E-03           1
|1010011101100010000011111> :  0.3503560E-07  0.1000000E-03           1
|1010011101100101000010100> :  0.1021318E-05  0.1000000E-03           1
|1010011101100110001000101> :  0.3882643E-05  0.1000000E-03           1
|1010011101101101001100101> :  0.1231400E-08  0.1000000E-03           1
|1010011101101110000000000> :  0.5290522E-04  0.1000000E-03           1
|1010011110100110000000100> :  0.1735449E-05  0.1000000E-03           1
|1010100101000000100000001> :  0.1211262E-07  0.1000000E-03           1
|1010101000000010000011011> :  0.1023340E-07  0.1000000E-03           1
|1010101010000110100000111> :  0.1490740E-07  0.1000000E-03           1
|1010101100101110000000001> :  0.1136038E-06  0.1000000E-03           1
|1010110010100000100100101> :  0.9160587E-09  0.1000000E-03           1
|1010111000000000011000111> :  0.1708944E-06  0.1000000E-03           1
|1010111000000110000010100> :  0.1060582E-04  0.1000000E-03           1
|1010111000100100001010101> :  0.1981128E-05  0.1000000E-03           1
|1010111000100100100010000> :  0.3033996E-06  0.1000000E-03           1
|1010111000100110000010000> :  0.1325275E-04  0.1000000E-03           1
|1010111001000000010000101> :  0.5058528E-06  0.1000000E-03           1
|1010111001000000010100100> :  0.2229768E-05  0.1000000E-03           1
|1010111100100010100000001> :  0.2397926E-05  0.1000000E-03           1
|1010111100100100000010101> :  0.6559290E-04  0.1000000E-03           1
|1010111100100110000010100> :  0.2523874E-04  0.1000000E-03           1
|1010111101101110001010101> :  0.6692668E-07  0.1000000E-03           1
|1010111110001010000000001> :  0.7706021E-07  0.1000000E-03           1
|1011001000101100001000011> :  0.5943071E-07  0.1000000E-03           1
|1011010001100100000000100> :  0.6023426E-07  0.1000000E-03           1
|1011011100100110000010101> :  0.1175981E-04  0.1000000E-03           1
|1011011101101110000010001> :  0.3000149E-08  0.1000000E-03           1
|1011111001000010000000100> :  0.9336239E-06  0.1000000E-03           1
|1100000101000000010010101> :  0.1287825E-06  0.1000000E-03           1
|0100101010010010100100000> :  0.4464430E-07  0.1000000E-03           1
|1100001001100100000010111> :  0.1108337E-06  0.1000000E-03           1
|1100001100100100000010101> :  0.3356582E-05  0.1000000E-03           1
|1100001100101101000011100> :  0.7640849E-09  0.1000000E-03           1
|1100001101000100001010000> :  0.4862983E-07  0.1000000E-03           1
|1100010000111010100010001> :  0.1030003E-07  0.1000000E-03           1
|1100010001001010010010100> :  0.2714502E-05  0.1000000E-03           1
|1100010001100100000010101> :  0.1138416E-06  0.1000000E-03           1
|0000100110010010101000001> :  0.7521667E-08  0.1000000E-03           1
|1100011000101010100000101> :  0.3063141E-06  0.1000000E-03           1
|1000011100000110000000101> :  0.2736433E-04  0.1000000E-03           1
|1100011000100100000110100> :  0.4634013E-05  0.1000000E-03           1
|1000011100000110000000011> :  0.1619513E-04  0.1000000E-03           1
|0100101000100100000000111> :  0.9439431E-07  0.1000000E-03           1
|1100011000001100001000101> :  0.5955661E-06  0.1000000E-03           1
|1100011000001100000000101> :  0.2953232E-04  0.1000000E-03           1
|1100011000101100000000101> :  0.5516529E-05  0.1000000E-03           1
|1100011000101110000010100> :  0.3191209E-04  0.1000000E-03           1
|1000011100000100100010101> :  0.1720768E-04  0.1000000E-03           1
|1100011001000100000010000> :  0.9653172E-05  0.1000000E-03           1
|1100011001000100011010100> :  0.1081863E-05  0.1000000E-03           1
|1100011001001000100010001> :  0.2894806E-06  0.1000000E-03           1
|1100011001001010010000001> :  0.1222758E-06  0.1000000E-03           1
|1100011001101000100000000> :  0.1484373E-05  0.1000000E-03           1
|1100011010100010110000100> :  0.1098425E-06  0.1000000E-03           1
|1100011100000010000010101> :  0.6043832E-04  0.1000000E-03           1
|1100011000000110100000101> :  0.3104432E-05  0.1000000E-03           1
|1100011100001100000000101> :  0.2817697E-04  0.1000000E-03           1
|1100011000000100000010111> :  0.1689263E-04  0.1000000E-03           1
|1100011100100100000010101> :  0.4021948E-04  0.1000000E-03           1
|1100011100100110011010100> :  0.8507849E-07  0.1000000E-03           1
|1100011101000010000000001> :  0.1174632E-05  0.1000000E-03           1
|1100011101000101000010100> :  0.2841605E-05  0.1000000E-03           1
|1100011101000110000000001> :  0.4980681E-04  0.1000000E-03           1
|0100101000100010000110111> :  0.6212949E-07  0.1000000E-03           1
|1100011101001110010010100> :  0.1320010E-06  0.1000000E-03           1
|0000100101000010100110100> :  0.1097172E-07  0.1000000E-03           1
|1100011101010100000100000> :  0.1231187E-06  0.1000000E-03           1
|0000011001100110000110111> :  0.4423276E-06  0.1000000E-03           1
|1100011101100100000010000> :  0.3695101E-04  0.1000000E-03           1
|1100011101100100000010001> :  0.3017849E-04  0.1000000E-03           1
|1100011101100100000010100> :  0.4092424E-04  0.1000000E-03           1
|0000010100100110000010101> :  0.2534532E-04  0.1000000E-03           1
|1100011110000100000000101> :  0.5470096E-04  0.1000000E-03           1
|1100101000001110000100111> :  0.1787557E-07  0.1000000E-03           1
|1100101000011000000101101> :  0.3640691E-07  0.1000000E-03           1
|1100101000100010100000001> :  0.2170902E-06  0.1000000E-03           1
|1100101001001000001000111> :  0.3366359E-07  0.1000000E-03           1
|1100101100101010000000001> :  0.3072496E-05  0.1000000E-03           1
|1100101110000000110000100> :  0.1037370E-06  0.1000000E-03           1
|1100111000100010000010100> :  0.6311802E-05  0.1000000E-03           1
|1100111000100110000000101> :  0.4405021E-04  0.1000000E-03           1
|1100111000100110000000110> :  0.2173047E-05  0.1000000E-03           1
|1100111000100110100000001> :  0.8916828E-05  0.1000000E-03           1
|1100111000101010000010000> :  0.1492245E-04  0.1000000E-03           1
|1100111000101110000000010> :  0.8768686E-07  0.1000000E-03           1
|1100111001000001001000100> :  0.1180295E-05  0.1000000E-03           1
|1100111001001100000010000> :  0.5512395E-06  0.1000000E-03           1
|1100111001100100100000110> :  0.5055012E-08  0.1000000E-03           1
|1100111100000100000100100> :  0.1968512E-06  0.1000000E-03           1
|1100111100100000000000101> :  0.3727224E-05  0.1000000E-03           1
|1100111100100000000010101> :  0.2708011E-04  0.1000000E-03           1
|0000001110001010001100110> :  0.2671310E-08  0.1000000E-03           1
|1100111100100100000010101> :  0.3406863E-04  0.1000000E-03           1
|0000001001000010100100101> :  0.5536930E-06  0.1000000E-03           1
|0000000101010010100001100> :  0.1066231E-06  0.1000000E-03           1
|1100111100101100000010001> :  0.3414345E-05  0.1000000E-03           1
|1100111101100100000010101> :  0.1352817E-04  0.1000000E-03           1
|1100111101100110000000101> :  0.1659907E-04  0.1000000E-03           1
|1100111101101010000000101> :  0.1354861E-05  0.1000000E-03           1
|1100111111101110000010001> :  0.1702631E-07  0.1000000E-03           1
|1101000000000000001111010> :  0.1772514E-08  0.1000000E-03           1
|1101011000000000000010101> :  0.4412974E-05  0.1000000E-03           1
|1101101000100100001000011> :  0.4903610E-07  0.1000000E-03           1
|1110001000100100101000001> :  0.6286805E-07  0.1000000E-03           1
|1110011000000100000010101> :  0.1277180E-03  0.1000000E-03           1
|1110011000000100001010101> :  0.2090841E-05  0.1000000E-03           1
|1110011101000000000000101> :  0.1346808E-05  0.1000000E-03           1
|1110110001000000001000101> :  0.1116985E-06  0.1000000E-03           1
|1110111000100100000010101> :  0.3472784E-05  0.1000000E-03           1
|1110111001001010000000000> :  0.2229009E-05  0.1000000E-03           1
|1110111100000100000010001> :  0.1035756E-06  0.1000000E-03           1
|1111111100011110000011100> :  0.1993677E-09  0.1000000E-03           1
|0000000011100110100100101> :  0.2215120E-07  0.1000000E-03           1
