# state, exact probability, frequency, count:
#------------------------------------------------------------------
|011101010001110110010011> :  0.1120447E+00  0.1087000E+00        1087
|100010101110001001101100> :  0.1120447E+00  0.1065000E+00        1065
|100010100110001001101101> :  0.1042919E+00  0.1049000E+00        1049
|011101011001110110010010> :  0.1042919E+00  0.1023000E+00        1023
|100010101110100001101100> :  0.9002547E-01  0.9350000E-01         935
|011101010001011110010011> :  0.9002547E-01  0.8880000E-01         888
|011101111001110110010000> :  0.7486186E-01  0.7640000E-01         764
|100010000110001001101111> :  0.7486186E-01  0.7450000E-01         745
|011001010001011110110011> :  0.5122910E-01  0.5360000E-01         536
|100110101110100001001100> :  0.5122910E-01  0.4880000E-01         488
|011101111101110100010000> :  0.3892004E-01  0.4280000E-01         428
|100010000010001011101111> :  0.3892004E-01  0.4070000E-01         407
|011001000001011110111011> :  0.1524980E-01  0.1660000E-01         166
|100110111110100001000100> :  0.1524980E-01  0.1660000E-01         166
|100010000010100011101111> :  0.1058659E-01  0.9900000E-02          99
|011101111101011100010000> :  0.1058659E-01  0.9500000E-02          95
|010101010001110110010101> :  0.1196027E-08  0.1000000E-03           1
|010101001001011101010001> :  0.1067492E-06  0.1000000E-03           1
|001010111110001001101110> :  0.4249407E-06  0.1000000E-03           1
|001111000011001010001111> :  0.4084794E-08  0.1000000E-03           1
|011001110000011110101110> :  0.1473577E-06  0.1000000E-03           1
|001110111111100100011001> :  0.2128541E-08  0.1000000E-03           1
|001010110011101010000110> :  0.2432803E-08  0.1000000E-03           1
|011001110001010111100010> :  0.1862297E-07  0.1000000E-03           1
|011100010001100010010011> :  0.3637272E-06  0.1000000E-03           1
|011101000010011110011011> :  0.1530156E-05  0.1000000E-03           1
|011101000011001110010001> :  0.2285422E-07  0.1000000E-03           1
|100110111100110101100100> :  0.2193255E-07  0.1000000E-03           1
|100111010010101010000111> :  0.5223720E-08  0.1000000E-03           1
|011101010101110100010010> :  0.2982732E-05  0.1000000E-03           1
|000101111110111001000100> :  0.4600006E-08  0.1000000E-03           1
|011001011111011100010000> :  0.1877208E-07  0.1000000E-03           1
|011001010010000111100011> :  0.7447569E-08  0.1000000E-03           1
|001110001010100011011010> :  0.5944375E-07  0.1000000E-03           1
|100010100010000011111101> :  0.9788065E-07  0.1000000E-03           1
|011001010000000110111010> :  0.1907480E-07  0.1000000E-03           1
|001110000110000010111101> :  0.4907637E-08  0.1000000E-03           1
|001001000001110110011011> :  0.6555456E-04  0.1000000E-03           1
|100001100100011100101101> :  0.3130884E-06  0.1000000E-03           1
|100010001110000011011111> :  0.2056451E-07  0.1000000E-03           1
|011110111111101000000101> :  0.4161213E-07  0.1000000E-03           1
|011001000000110110011111> :  0.3565864E-08  0.1000000E-03           1
|100010100110001101011001> :  0.6759737E-07  0.1000000E-03           1
|001101111001111110110000> :  0.3954766E-07  0.1000000E-03           1
|110110111110001001100100> :  0.6555456E-04  0.1000000E-03           1
|100010101110110001001000> :  0.6147240E-08  0.1000000E-03           1
|100100110010100111000101> :  0.1457983E-07  0.1000000E-03           1
|100100111010110110011000> :  0.9108144E-08  0.1000000E-03           1
|100110000010100001001101> :  0.2741979E-06  0.1000000E-03           1
|100110000110101000101101> :  0.8565832E-07  0.1000000E-03           1
|100110011110101001001101> :  0.3213288E-06  0.1000000E-03           1
|100110101110000000001100> :  0.1073154E-06  0.1000000E-03           1
|110101001110000111110001> :  0.1465485E-06  0.1000000E-03           1
|100110110011001011000100> :  0.1354023E-06  0.1000000E-03           1
|100110110100100011001101> :  0.2377985E-07  0.1000000E-03           1
|100110110111101001100100> :  0.1399969E-06  0.1000000E-03           1
|011000110010011100101110> :  0.7872542E-08  0.1000000E-03           1
|110001100101011000101001> :  0.2795886E-07  0.1000000E-03           1
|101101011110100100110000> :  0.1599311E-07  0.1000000E-03           1
|101000000001011100111011> :  0.1373016E-07  0.1000000E-03           1
|101001001010000111101010> :  0.4610713E-07  0.1000000E-03           1
|101001110010001110101110> :  0.2387541E-07  0.1000000E-03           1
|101001110010100011001110> :  0.3774982E-08  0.1000000E-03           1
|010101011001011110110010> :  0.1251893E-06  0.1000000E-03           1
|001101110001011010001100> :  0.2486628E-07  0.1000000E-03           1
|110010100110001010101100> :  0.7300681E-08  0.1000000E-03           1
|000111000101001001111101> :  0.1401648E-07  0.1000000E-03           1
|110101110101111100110000> :  0.1709928E-07  0.1000000E-03           1
|000010101010000011111100> :  0.1293779E-07  0.1000000E-03           1
|111001000010110110011011> :  0.8324502E-06  0.1000000E-03           1
|111010110010000011100111> :  0.2501612E-06  0.1000000E-03           1
|111100011001110110000010> :  0.1372507E-07  0.1000000E-03           1
|111101010000110110110011> :  0.2306366E-05  0.1000000E-03           1
|111111111001110110000100> :  0.3694036E-06  0.1000000E-03           1
|000010001010001101111110> :  0.2635593E-07  0.1000000E-03           1
