# state, exact probability, frequency, count:
#------------------------------------------------------------------
|000001010110101011111110> :  0.1175131E+00  0.1194000E+00        1194
|111110101001010100000001> :  0.1175131E+00  0.1181000E+00        1181
|101110101010001100000110> :  0.7577137E-01  0.7490000E-01         749
|010001010101110011111001> :  0.7577137E-01  0.7340000E-01         734
|000010010110101011111110> :  0.7197314E-01  0.7060000E-01         706
|111101101001010100000001> :  0.7197314E-01  0.6810000E-01         681
|010001010110100011111110> :  0.5190584E-01  0.5310000E-01         531
|101110101001011100000001> :  0.5190584E-01  0.5160000E-01         516
|101110101010001100010100> :  0.4599169E-01  0.4780000E-01         478
|010001010101110011101011> :  0.4599169E-01  0.4440000E-01         444
|101110001010001110000110> :  0.4216137E-01  0.4220000E-01         422
|010001110101110001111001> :  0.4216137E-01  0.4070000E-01         407
|010001110110100001110100> :  0.2894089E-01  0.3330000E-01         333
|101110001001011110001011> :  0.2894089E-01  0.3060000E-01         306
|000010011110001011111110> :  0.1424336E-01  0.1510000E-01         151
|111101100001110100000001> :  0.1424336E-01  0.1210000E-01         121
|111101101010000100110100> :  0.3500779E-02  0.4000000E-02          40
|000010010101111011001011> :  0.3500779E-02  0.3500000E-02          35
|111101101010010100010100> :  0.2440742E-02  0.3300000E-02          33
|111101101010000100100110> :  0.3503567E-02  0.3200000E-02          32
|000010010101101011101011> :  0.2440742E-02  0.3100000E-02          31
|000010010101111011011001> :  0.3503567E-02  0.2700000E-02          27
|000010010101101011111001> :  0.2362708E-02  0.2700000E-02          27
|000010011101011011011001> :  0.2156471E-02  0.2600000E-02          26
|111101101010010100000110> :  0.2362708E-02  0.2500000E-02          25
|000010011101011011001011> :  0.2188314E-02  0.2500000E-02          25
|111101100010100100110100> :  0.2188314E-02  0.2300000E-02          23
|110101110110000100110100> :  0.1653702E-02  0.2300000E-02          23
|001010000101111011001011> :  0.1858997E-02  0.2200000E-02          22
|110101111010000100100110> :  0.1898828E-02  0.1900000E-02          19
|001010001001111011011001> :  0.1684229E-02  0.1900000E-02          19
|001010001001111011001011> :  0.1653702E-02  0.1900000E-02          19
|110101110110000100100110> :  0.1684229E-02  0.1900000E-02          19
|111101100010100100100110> :  0.2156471E-02  0.1900000E-02          19
|110101100110100100110100> :  0.1722358E-02  0.1800000E-02          18
|110101111010000100110100> :  0.1858997E-02  0.1800000E-02          18
|001010011001011011011001> :  0.1665804E-02  0.1700000E-02          17
|111100101010001100100110> :  0.1403249E-02  0.1700000E-02          17
|001010011001011011001011> :  0.1722358E-02  0.1600000E-02          16
|000010011101001011101011> :  0.1440819E-02  0.1500000E-02          15
|000011010101110011001011> :  0.1403418E-02  0.1400000E-02          14
|010101110110100100110100> :  0.1072401E-02  0.1400000E-02          14
|000010011101001011111001> :  0.1408321E-02  0.1400000E-02          14
|000001010101101011111001> :  0.9320820E-03  0.1400000E-02          14
|101010001001011011001011> :  0.1072401E-02  0.1300000E-02          13
|000011010101110011011001> :  0.1403249E-02  0.1300000E-02          13
|111100101010001100110100> :  0.1403418E-02  0.1300000E-02          13
|010101110110100100100110> :  0.1063130E-02  0.1200000E-02          12
|001010000101111011011001> :  0.1898828E-02  0.1200000E-02          12
|111110101010010100000110> :  0.9320820E-03  0.1200000E-02          12
|101010001001011011011001> :  0.1063130E-02  0.1100000E-02          11
|111101101001010100000110> :  0.5856884E-03  0.1100000E-02          11
|110101100110100100100110> :  0.1665804E-02  0.1100000E-02          11
|111101100010110100000110> :  0.1408321E-02  0.1100000E-02          11
|110100111010001100110100> :  0.9016590E-03  0.1000000E-02          10
|110101100101110100100001> :  0.7082567E-03  0.9000000E-03           9
|111101100010110100010100> :  0.1440819E-02  0.9000000E-03           9
|001011000101110011011001> :  0.8553005E-03  0.9000000E-03           9
|110101110101010100100001> :  0.5857289E-03  0.8000000E-03           8
|111110101001010100000110> :  0.4376726E-03  0.8000000E-03           8
|101010001010001011011110> :  0.7509128E-03  0.7000000E-03           7
|001010011010001011011110> :  0.7082567E-03  0.7000000E-03           7
|110100111010001100100110> :  0.8553005E-03  0.7000000E-03           7
|111110101010010100010100> :  0.8984886E-03  0.6000000E-03           6
|001011000101110011001011> :  0.9016590E-03  0.6000000E-03           6
|000001010101101011101011> :  0.8984886E-03  0.5000000E-03           5
|010101110101110100100001> :  0.7509128E-03  0.5000000E-03           5
|101010001001011110011001> :  0.2232270E-03  0.4000000E-03           4
|001010001010101011011110> :  0.5857289E-03  0.4000000E-03           4
|111101101000010100010101> :  0.5420666E-03  0.4000000E-03           4
|010001010111100011101010> :  0.8331061E-04  0.4000000E-03           4
|000010010110101011111001> :  0.5856884E-03  0.4000000E-03           4
|111101100001110100000110> :  0.3426683E-03  0.4000000E-03           4
|000010010111101011101010> :  0.5420666E-03  0.4000000E-03           4
|000010011110001011111001> :  0.3426683E-03  0.4000000E-03           4
|111101101001010100000101> :  0.1750317E-03  0.3000000E-03           3
|000001010101110011111001> :  0.2460254E-03  0.3000000E-03           3
|000001010110101011111010> :  0.1548721E-03  0.3000000E-03           3
|000001010101110011101011> :  0.2436971E-03  0.3000000E-03           3
|101110101010011100010100> :  0.8313976E-04  0.3000000E-03           3
|010001010110100011111001> :  0.1939331E-03  0.3000000E-03           3
|111101100000110100010101> :  0.2970708E-03  0.3000000E-03           3
|000001010110101011111001> :  0.4376726E-03  0.3000000E-03           3
|100110011010001110100110> :  0.1068864E-03  0.2000000E-03           2
|000001010111101011101010> :  0.3080017E-03  0.2000000E-03           2
|111110101000010100010101> :  0.3080017E-03  0.2000000E-03           2
|010101110110100001110100> :  0.8078473E-04  0.2000000E-03           2
|111101100001110100100001> :  0.5415564E-04  0.2000000E-03           2
|000010010110101011111010> :  0.1750317E-03  0.2000000E-03           2
|110101111001010100100001> :  0.1426193E-03  0.2000000E-03           2
|000001010110101011111100> :  0.4808588E-04  0.2000000E-03           2
|010001010110100011111010> :  0.7878933E-04  0.2000000E-03           2
|011001000101110011011001> :  0.1095396E-03  0.2000000E-03           2
|111110101010001100000110> :  0.2460254E-03  0.2000000E-03           2
|000010011110001011110110> :  0.2056686E-04  0.2000000E-03           2
|011001000101110011001011> :  0.1728925E-03  0.2000000E-03           2
|000001010110100011111110> :  0.2266979E-04  0.2000000E-03           2
|111110101010001100010100> :  0.2436971E-03  0.2000000E-03           2
|101010101001010100001000> :  0.4487173E-06  0.1000000E-03           1
|101010101001001100001110> :  0.7190432E-06  0.1000000E-03           1
|101010001010010010011011> :  0.4314857E-07  0.1000000E-03           1
|000001011110000011011110> :  0.3142512E-05  0.1000000E-03           1
|100111010101111011001011> :  0.5469824E-07  0.1000000E-03           1
|100110111010001100110100> :  0.1728925E-03  0.1000000E-03           1
|100110101011001100000011> :  0.2063676E-07  0.1000000E-03           1
|100110101001011100000001> :  0.1515525E-05  0.1000000E-03           1
|100110101001001000100001> :  0.2370473E-06  0.1000000E-03           1
|100110011110001010100110> :  0.1389437E-03  0.1000000E-03           1
|000001010101111001101011> :  0.1661390E-05  0.1000000E-03           1
|100110010110101100101110> :  0.1780353E-06  0.1000000E-03           1
|100010011110101010011001> :  0.3317183E-08  0.1000000E-03           1
|001001010010101111111110> :  0.3676715E-05  0.1000000E-03           1
|011110000110101011010110> :  0.1673662E-08  0.1000000E-03           1
|011011010110100011011110> :  0.2977088E-05  0.1000000E-03           1
|001000100101101011010001> :  0.1679020E-07  0.1000000E-03           1
|000010011100000011011110> :  0.2198382E-06  0.1000000E-03           1
|011010011101111011001011> :  0.2446746E-06  0.1000000E-03           1
|100111111101010000000001> :  0.1182196E-06  0.1000000E-03           1
|011001100001110101011001> :  0.1389437E-03  0.1000000E-03           1
|001000010110111011011110> :  0.1869596E-05  0.1000000E-03           1
|011001010010000111111110> :  0.6925459E-06  0.1000000E-03           1
|111110101000010100010010> :  0.6526994E-05  0.1000000E-03           1
|001000001110001011011110> :  0.3863794E-06  0.1000000E-03           1
|000010010111101011101101> :  0.4629706E-05  0.1000000E-03           1
|000001010110111001111110> :  0.7318776E-06  0.1000000E-03           1
|101011000101110100001001> :  0.7777031E-08  0.1000000E-03           1
|111110001001011010000001> :  0.4751583E-05  0.1000000E-03           1
|010110001001110100001010> :  0.5723911E-08  0.1000000E-03           1
|000111110101010000000001> :  0.8668791E-07  0.1000000E-03           1
|010101110110101001111101> :  0.3829151E-06  0.1000000E-03           1
|111101101001110100000001> :  0.1421970E-04  0.1000000E-03           1
|010101110110101000111100> :  0.6678994E-07  0.1000000E-03           1
|000110110100101011100011> :  0.4943306E-06  0.1000000E-03           1
|111101101001010100000011> :  0.6764206E-04  0.1000000E-03           1
|000110010110101011111110> :  0.2281631E-05  0.1000000E-03           1
|010101110110100001100110> :  0.2232270E-03  0.1000000E-03           1
|000110010110101011100110> :  0.1628213E-03  0.1000000E-03           1
|010101110101110001100001> :  0.3057414E-03  0.1000000E-03           1
|000110010110101010100110> :  0.7757932E-06  0.1000000E-03           1
|010101010110110100110111> :  0.8823125E-07  0.1000000E-03           1
|010101010110100011100110> :  0.7764352E-04  0.1000000E-03           1
|000110010101111011110001> :  0.1466053E-06  0.1000000E-03           1
|010101010110100001111011> :  0.9419141E-06  0.1000000E-03           1
|010101000001110110100011> :  0.1153597E-06  0.1000000E-03           1
|000101010110101011111110> :  0.3431090E-05  0.1000000E-03           1
|010010111100001011111001> :  0.2572114E-07  0.1000000E-03           1
|111001101001010100011001> :  0.1628213E-03  0.1000000E-03           1
|111001101000010100001010> :  0.2426839E-06  0.1000000E-03           1
|010010010110111001011110> :  0.1339872E-06  0.1000000E-03           1
|000011111100010011110001> :  0.2054863E-08  0.1000000E-03           1
|010010010101111011101011> :  0.2295462E-05  0.1000000E-03           1
|110110100001010100000001> :  0.1955699E-05  0.1000000E-03           1
|010001111100001001110001> :  0.2829073E-08  0.1000000E-03           1
|010001110111110001111010> :  0.2903536E-05  0.1000000E-03           1
|000010010101111100111001> :  0.1801618E-07  0.1000000E-03           1
|010001110110010101101110> :  0.1360477E-07  0.1000000E-03           1
|010001110101110111111011> :  0.1889197E-06  0.1000000E-03           1
|000011010101100001101011> :  0.9366445E-06  0.1000000E-03           1
|110101000101110010101011> :  0.3616701E-05  0.1000000E-03           1
|010001110101010001111001> :  0.4570433E-05  0.1000000E-03           1
|000010111101001011011101> :  0.5376350E-07  0.1000000E-03           1
|110100110110011100110100> :  0.1294331E-06  0.1000000E-03           1
|010001010111100011110010> :  0.1892686E-05  0.1000000E-03           1
|110101101100010001110100> :  0.1172963E-07  0.1000000E-03           1
|110001110110100101100110> :  0.1929985E-06  0.1000000E-03           1
|110001011110100011111110> :  0.1077781E-05  0.1000000E-03           1
|000010110110101011100000> :  0.4664162E-06  0.1000000E-03           1
|101111000110001110000110> :  0.1634024E-05  0.1000000E-03           1
|101110101110001001000110> :  0.2864484E-05  0.1000000E-03           1
|010001010111100011011000> :  0.1149914E-05  0.1000000E-03           1
|101110101010011100000110> :  0.1366703E-03  0.1000000E-03           1
|110110111001010101100101> :  0.1649355E-07  0.1000000E-03           1
|110111110001110100100001> :  0.3863794E-06  0.1000000E-03           1
|110111110110001100010100> :  0.4048723E-07  0.1000000E-03           1
|000010011111001011101010> :  0.2970708E-03  0.1000000E-03           1
|101110101010001110000110> :  0.1633492E-04  0.1000000E-03           1
|111010101001010100011001> :  0.1046703E-03  0.1000000E-03           1
|111100101001010101000001> :  0.1994149E-08  0.1000000E-03           1
|101110101010001000010100> :  0.1346130E-05  0.1000000E-03           1
|000010011110101011111110> :  0.1512674E-04  0.1000000E-03           1
|111101000000110101000111> :  0.4770871E-07  0.1000000E-03           1
|111101001010000110100011> :  0.1709642E-07  0.1000000E-03           1
|101110101001011101000001> :  0.1566383E-05  0.1000000E-03           1
|101110101001011100000110> :  0.1939331E-03  0.1000000E-03           1
|111101100001110100000011> :  0.3363355E-04  0.1000000E-03           1
|111101100001110100000101> :  0.9837516E-04  0.1000000E-03           1
|010001010101110011111011> :  0.3700538E-04  0.1000000E-03           1
|111101100001110100010001> :  0.3317441E-05  0.1000000E-03           1
|101110101001001100010110> :  0.3222339E-05  0.1000000E-03           1
|101110101000011100010101> :  0.8331061E-04  0.1000000E-03           1
|101110011101011000001011> :  0.6832384E-07  0.1000000E-03           1
|101110001011011110010001> :  0.4572020E-06  0.1000000E-03           1
|101110001010101110001110> :  0.1659464E-06  0.1000000E-03           1
|010001010101100011111001> :  0.1366703E-03  0.1000000E-03           1
|000010011110001011111010> :  0.9837516E-04  0.1000000E-03           1
|101110001010001110001110> :  0.1558497E-04  0.1000000E-03           1
|010001010101100011101011> :  0.8313976E-04  0.1000000E-03           1
|101110001001011111001011> :  0.1398307E-05  0.1000000E-03           1
|010001010100110011111001> :  0.3131449E-04  0.1000000E-03           1
|101110001001011110000110> :  0.5256759E-04  0.1000000E-03           1
|101110001001011010001011> :  0.4549406E-04  0.1000000E-03           1
|010001010100010001101010> :  0.8343103E-08  0.1000000E-03           1
|101110000110101110000100> :  0.4494547E-08  0.1000000E-03           1
|111110001001011000000011> :  0.6308872E-06  0.1000000E-03           1
|101101100001011100000001> :  0.2569464E-05  0.1000000E-03           1
|111110100101010000000001> :  0.4647780E-05  0.1000000E-03           1
|001011110101011011010001> :  0.1209214E-07  0.1000000E-03           1
|101101100001000100100001> :  0.2837158E-06  0.1000000E-03           1
|111110101000010100100001> :  0.1069267E-05  0.1000000E-03           1
|111110101001010100000000> :  0.3662081E-05  0.1000000E-03           1
|101101000010001110000110> :  0.1535914E-05  0.1000000E-03           1
|111110101001010100000101> :  0.1548721E-03  0.1000000E-03           1
|101100101001010110100001> :  0.1931965E-05  0.1000000E-03           1
|111110101010000100000001> :  0.5711508E-05  0.1000000E-03           1
|101100100001111100000001> :  0.6509109E-06  0.1000000E-03           1
|000010011110001011011110> :  0.5415564E-04  0.1000000E-03           1
|000010010100110011111111> :  0.3867149E-06  0.1000000E-03           1
|000001010001011111111001> :  0.4977730E-07  0.1000000E-03           1
|111110101010011100000110> :  0.3389377E-06  0.1000000E-03           1
|111110101101000100000001> :  0.1362950E-05  0.1000000E-03           1
|111111111001000100000010> :  0.3182640E-08  0.1000000E-03           1
|000000110010101100110100> :  0.2511834E-08  0.1000000E-03           1
