# state, exact probability, frequency, count:
#------------------------------------------------------------------
|00011000110000100010100000001000001> :  0.5205291E+00  0.5208000E+00        5208
|01000000010000100000000100111000100> :  0.9591982E-01  0.9820000E-01         982
|01000000000000100000000100111100100> :  0.6404638E-01  0.6170000E-01         617
|00011000111000100010000000001000000> :  0.5185973E-01  0.5250000E-01         525
|11000000010000100000000100110000100> :  0.4429733E-01  0.4320000E-01         432
|00001000110000100000100100001000001> :  0.2421353E-01  0.2300000E-01         230
|01000000000000000000000100111110100> :  0.1628936E-01  0.1600000E-01         160
|00011000110000100010100000001000000> :  0.8346416E-02  0.1050000E-01         105
|00011000110000100010000000001000001> :  0.1083945E-01  0.1020000E-01         102
|00011000110000100000100000001000001> :  0.1042050E-01  0.1010000E-01         101
|00011000010100100000010000110000000> :  0.9190422E-02  0.8600000E-02          86
|00011000110000100000110000000000001> :  0.7026402E-02  0.8200000E-02          82
|00011000011000100010000000101000000> :  0.6419598E-02  0.7900000E-02          79
|00000000110000101000000100001000001> :  0.2964712E-02  0.4100000E-02          41
|00001000110000100010100000001000001> :  0.4605313E-02  0.4000000E-02          40
|00000000110000100000100100001000100> :  0.3494513E-02  0.3600000E-02          36
|11000000010000010000000100110000100> :  0.3884829E-02  0.3300000E-02          33
|00010000110000100010101000000000001> :  0.2680669E-02  0.3000000E-02          30
|00011000110000100010100000000000001> :  0.3213051E-02  0.2800000E-02          28
|00000000110000101000000100001000100> :  0.3753625E-02  0.2700000E-02          27
|00011001100000100010000000001000001> :  0.2530642E-02  0.2700000E-02          27
|00000000100000101000000100001000110> :  0.1371454E-02  0.1700000E-02          17
|00001000111000100000000100001000000> :  0.1001981E-02  0.1600000E-02          16
|00001000110000100000000100001000001> :  0.1451555E-02  0.1600000E-02          16
|00010000110000100010100000001000001> :  0.1416595E-02  0.1500000E-02          15
|00000000111000101000000100001000000> :  0.1658499E-02  0.1300000E-02          13
|11100000010000010000000100110000100> :  0.1483076E-02  0.1300000E-02          13
|00000000111000101010000000001000000> :  0.9008262E-03  0.1200000E-02          12
|00000000110000100010100000001000100> :  0.1151856E-02  0.1200000E-02          12
|01000000110000100000000100001000100> :  0.1266842E-02  0.1100000E-02          11
|01000000110000100000000100001000001> :  0.1745346E-02  0.9000000E-03           9
|00000000000000101000000100001100110> :  0.5417285E-03  0.8000000E-03           8
|00000000110000101010000000001000100> :  0.8499618E-03  0.7000000E-03           7
|00000000100000100000100100001000110> :  0.4778187E-03  0.7000000E-03           7
|00011000010000100000000000111000000> :  0.4053194E-03  0.7000000E-03           7
|01010000010000100000000000111000000> :  0.3499029E-03  0.7000000E-03           7
|01010000010100100000000000110000000> :  0.2465155E-03  0.6000000E-03           6
|00011100110000100010100100001000001> :  0.4531972E-03  0.6000000E-03           6
|01010000110000100000000000001000001> :  0.5081684E-03  0.6000000E-03           6
|00000000110000100000100100001000001> :  0.4274117E-03  0.6000000E-03           6
|00000000010100100000010000110000100> :  0.4019706E-03  0.6000000E-03           6
|10111000110001100010100000001000001> :  0.1518118E-03  0.6000000E-03           6
|00000000110000101010000000001000001> :  0.2781647E-03  0.5000000E-03           5
|00011000110000100110110000000000001> :  0.3441679E-03  0.4000000E-03           4
|00011000010000100010100000000000001> :  0.5294952E-04  0.4000000E-03           4
|00111000110000100010100000101000001> :  0.2021719E-03  0.4000000E-03           4
|00001000111000100010000000001000000> :  0.3139076E-03  0.4000000E-03           4
|00000000100000001000000100001010110> :  0.3878353E-03  0.4000000E-03           4
|00000000001000000000000100101110010> :  0.1283457E-03  0.4000000E-03           4
|00011000100000100010100000001000001> :  0.4448236E-03  0.4000000E-03           4
|00000000110010000000001100000001100> :  0.1483580E-03  0.4000000E-03           4
|00101000110000100010100100001000101> :  0.5365848E-04  0.4000000E-03           4
|01000000000000000100000000101110100> :  0.1867032E-03  0.4000000E-03           4
|00011000110000100010110010001000001> :  0.2495231E-03  0.4000000E-03           4
|00000000000000001000000100001110110> :  0.4198231E-03  0.3000000E-03           3
|00011101110000100000110000001000001> :  0.1845605E-03  0.3000000E-03           3
|00011000110000100010110000000000001> :  0.1022381E-03  0.3000000E-03           3
|01000000000000000000000000111110100> :  0.1099187E-03  0.3000000E-03           3
|10000001000000010000000100000001011> :  0.2364204E-03  0.3000000E-03           3
|00011101110000100010110000000000001> :  0.1050840E-03  0.3000000E-03           3
|00110001100000000000010000000011000> :  0.3663093E-03  0.3000000E-03           3
|10000001000000010000010000000001011> :  0.2321053E-03  0.3000000E-03           3
|01111001100000100010100000001000001> :  0.7433565E-04  0.3000000E-03           3
|00000000110000100000101100000000100> :  0.1972997E-03  0.3000000E-03           3
|00100001100000000001010000000011000> :  0.2931499E-03  0.3000000E-03           3
|00111000110000100010000001001000001> :  0.3566827E-04  0.3000000E-03           3
|00000000100000101011000000001000100> :  0.8815783E-04  0.3000000E-03           3
|00000000000100100000010000100100110> :  0.1135981E-03  0.3000000E-03           3
|00000000010000100000001100110000100> :  0.3435005E-04  0.3000000E-03           3
|00001000010000100000000100111000000> :  0.3167742E-03  0.3000000E-03           3
|01000000000100100000000000110100100> :  0.4145202E-03  0.3000000E-03           3
|00011000110000000010100000001000001> :  0.4441672E-03  0.2000000E-03           2
|00011000110000100010100001001000011> :  0.5247074E-04  0.2000000E-03           2
|00000000111010001010000000001000000> :  0.4326966E-03  0.2000000E-03           2
|00011000100000100011100010001000001> :  0.3463466E-04  0.2000000E-03           2
|00011101110000100110100000000000001> :  0.2940961E-04  0.2000000E-03           2
|00011100110000100010000100001000001> :  0.5512997E-04  0.2000000E-03           2
|00011100110000100110100100001000001> :  0.1136464E-03  0.2000000E-03           2
|00000000001000100000000100101100010> :  0.2980976E-03  0.2000000E-03           2
|00010000010000100010100000001000001> :  0.1425533E-04  0.2000000E-03           2
|10010000011000010000010000100000000> :  0.1399215E-03  0.2000000E-03           2
|00011000010000100110100100001000001> :  0.3913367E-04  0.2000000E-03           2
|00011000011000010000010000100000000> :  0.9305233E-04  0.2000000E-03           2
|01000001100000100000000100001000001> :  0.2125953E-03  0.2000000E-03           2
|00010000000100100000010000110100000> :  0.7475537E-04  0.2000000E-03           2
|00011001010000100110100000001000001> :  0.8350388E-04  0.2000000E-03           2
|00011100111000100010100000001000001> :  0.2832235E-03  0.2000000E-03           2
|11100000010000110000000100110000100> :  0.1833729E-03  0.2000000E-03           2
|00011000110000100011100010000000001> :  0.2168378E-04  0.2000000E-03           2
|00000000000100000000010000100110110> :  0.8170651E-04  0.2000000E-03           2
|00011000110010100011100000001000001> :  0.5188580E-04  0.2000000E-03           2
|00011000011000100000010000100000000> :  0.2405828E-03  0.2000000E-03           2
|00000000111010001000000100001000000> :  0.2770357E-03  0.2000000E-03           2
|00011000110000100110100001001000011> :  0.2005779E-04  0.2000000E-03           2
|00011101110000100110110000000000001> :  0.5246613E-04  0.2000000E-03           2
|00010100111000100010100000000000001> :  0.5831590E-04  0.2000000E-03           2
|00001000111010000010000000001000000> :  0.1175851E-03  0.2000000E-03           2
|00011001110000100110100000001100001> :  0.4614438E-04  0.2000000E-03           2
|00011010110000100011100000001000001> :  0.6720703E-04  0.2000000E-03           2
|01010000000100000000000000110110000> :  0.9344407E-04  0.2000000E-03           2
|00011010110000100010000000001010001> :  0.2007052E-04  0.2000000E-03           2
|00011000101000100010000010001010000> :  0.2687871E-04  0.2000000E-03           2
|00011100111000100110110000000000001> :  0.2540872E-04  0.2000000E-03           2
|00001100111000100010100000001000001> :  0.5946153E-04  0.2000000E-03           2
|00011000110010100010100000001010001> :  0.1645579E-03  0.2000000E-03           2
|11010000010000010000000000110000000> :  0.3504891E-04  0.2000000E-03           2
|00011101110000100010100000001000001> :  0.3346437E-03  0.2000000E-03           2
|00010000111000100010000000001000000> :  0.2440808E-03  0.2000000E-03           2
|00011000110000100111100000001000011> :  0.1494903E-04  0.2000000E-03           2
|00011000011000100010000000100000000> :  0.9524666E-04  0.2000000E-03           2
|00011000011000100000000000101000000> :  0.9591418E-04  0.2000000E-03           2
|01011000110101000100000000000000001> :  0.1773175E-04  0.2000000E-03           2
|00011000110100100100100000000000001> :  0.1235893E-04  0.2000000E-03           2
|11000000010000100000000000110000100> :  0.7847266E-04  0.2000000E-03           2
|00000010001010001010000000001100000> :  0.9076476E-04  0.2000000E-03           2
|00011000110000100010000000000000001> :  0.3580720E-04  0.2000000E-03           2
|00011100111000100010110000000000001> :  0.1365062E-03  0.2000000E-03           2
|00011101110000100010100000000000001> :  0.1024007E-03  0.2000000E-03           2
|10000000010010010000010000100000100> :  0.5683965E-04  0.2000000E-03           2
|01111000110000100010100000001000001> :  0.3663320E-03  0.2000000E-03           2
|10000000010000100000010000110000100> :  0.6336223E-04  0.2000000E-03           2
|01000000000100000000000000110110100> :  0.3280724E-03  0.2000000E-03           2
|00000100000000100000010000100100110> :  0.2502707E-04  0.2000000E-03           2
|00010000111000110000000000001100001> :  0.3982385E-06  0.2000000E-03           2
|00011001110000000110100000001000001> :  0.8510478E-04  0.2000000E-03           2
|00011001110000100010100000001000001> :  0.6624290E-04  0.2000000E-03           2
|00011001100000100110100000001000001> :  0.2771066E-03  0.2000000E-03           2
|00011000111000100010100010001000001> :  0.1280854E-03  0.2000000E-03           2
|00010001000000010000010000010011000> :  0.1295357E-03  0.2000000E-03           2
|00000000000000000000000100101110110> :  0.2278184E-03  0.2000000E-03           2
|00011000111000100010000000000000000> :  0.1177300E-03  0.2000000E-03           2
|00011000111000100010100000001000001> :  0.1003979E-03  0.2000000E-03           2
|00010000110000100010100000001000000> :  0.2151213E-03  0.2000000E-03           2
|00001000110000100010100000001000000> :  0.1153426E-03  0.2000000E-03           2
|00100010000000000001000001101000000> :  0.3227366E-06  0.1000000E-03           1
|00111000100100110110100000001000001> :  0.2701382E-06  0.1000000E-03           1
|00011001110000100110100000001000000> :  0.1287016E-03  0.1000000E-03           1
|00010001110000100010101000001100000> :  0.1144703E-05  0.1000000E-03           1
|00111000100000101000100100001000001> :  0.1677799E-05  0.1000000E-03           1
|11111001110000000000000000000000000> :  0.1165722E-07  0.1000000E-03           1
|00011000011000100010000000001000000> :  0.2147939E-04  0.1000000E-03           1
|00100001010100100000000001000100000> :  0.1728268E-07  0.1000000E-03           1
|00010000100000100010101000000000001> :  0.3563774E-04  0.1000000E-03           1
|01100001010000100000000110011000000> :  0.1034072E-05  0.1000000E-03           1
|00000001000000101010101000101000000> :  0.6820179E-07  0.1000000E-03           1
|00001000100000100001100111001000001> :  0.4324571E-07  0.1000000E-03           1
|01000001000000100100000110110000000> :  0.3641953E-07  0.1000000E-03           1
|00001000010000010100010010101000000> :  0.4244442E-06  0.1000000E-03           1
|10001000000100100000100000010100000> :  0.3847083E-07  0.1000000E-03           1
|01001001000000100000001100001100000> :  0.5289350E-08  0.1000000E-03           1
|00010000111101100010001000100000000> :  0.1388854E-06  0.1000000E-03           1
|00111000011000010010100000000000000> :  0.7522138E-07  0.1000000E-03           1
|00011000111100110000010000001000000> :  0.8133203E-07  0.1000000E-03           1
|00011000010000110110100000000000001> :  0.8639196E-05  0.1000000E-03           1
|00011000111100100110000000001000000> :  0.2202789E-04  0.1000000E-03           1
|01000000010000010001000100110100000> :  0.8697446E-07  0.1000000E-03           1
|10011000111100100000010000001000000> :  0.7716472E-06  0.1000000E-03           1
|00011000111000100011000000001000010> :  0.1220849E-04  0.1000000E-03           1
|00011000111000100010000001001000010> :  0.9747064E-05  0.1000000E-03           1
|00111000010100100010100000011000010> :  0.5703630E-06  0.1000000E-03           1
|01100000010000100000000100111000010> :  0.1109903E-04  0.1000000E-03           1
|10111000010000010010100010000000001> :  0.1062975E-05  0.1000000E-03           1
|10000000111010000110000100001000000> :  0.2363072E-06  0.1000000E-03           1
|00100000011000001000100100101000000> :  0.1040741E-06  0.1000000E-03           1
|10100000000001000000001000100000000> :  0.3455467E-06  0.1000000E-03           1
|00000000111010000100100000010000000> :  0.1593227E-08  0.1000000E-03           1
|00011000111010000010010010001000000> :  0.6204226E-05  0.1000000E-03           1
|00011000011000000010000110101000000> :  0.1966898E-05  0.1000000E-03           1
|10001000000010000101000001000000001> :  0.7264998E-08  0.1000000E-03           1
|00001000111010000000000100001000000> :  0.4442993E-04  0.1000000E-03           1
|00011000010100100010100000000000000> :  0.5306570E-04  0.1000000E-03           1
|01010000010000010000000000110000000> :  0.2566926E-06  0.1000000E-03           1
|01010000111001010110000000000000000> :  0.9401238E-08  0.1000000E-03           1
|00011000111000110110000000001000000> :  0.2194909E-04  0.1000000E-03           1
|00011000010100100010000000100000000> :  0.8626980E-04  0.1000000E-03           1
|00010000111000101011000010011000000> :  0.5463519E-08  0.1000000E-03           1
|10011100111000100010100110001000001> :  0.6555388E-07  0.1000000E-03           1
|10011010111001110010000000001010000> :  0.2534011E-09  0.1000000E-03           1
|01001000010000001100001000010000000> :  0.3777547E-07  0.1000000E-03           1
|10010000000100010010001000110100000> :  0.8701119E-10  0.1000000E-03           1
|01000010100000000010000001101010000> :  0.2619655E-07  0.1000000E-03           1
|00001000111000100010100110001000000> :  0.9326026E-07  0.1000000E-03           1
|00001000010100100000010000110000000> :  0.6082272E-04  0.1000000E-03           1
|00001000111000100010010010001000000> :  0.9376948E-05  0.1000000E-03           1
|00110001100000000000010000000010000> :  0.4643791E-06  0.1000000E-03           1
|00010000111000100010001000000000000> :  0.1910410E-03  0.1000000E-03           1
|10000000010000000010001010101000000> :  0.4762724E-06  0.1000000E-03           1
|10111000111000100010000000001000000> :  0.1038921E-04  0.1000000E-03           1
|00100000101000010100000001000110000> :  0.5912401E-07  0.1000000E-03           1
|00011000010100100000000000110000000> :  0.2076659E-04  0.1000000E-03           1
|00110000100100010100010000000010000> :  0.2462256E-07  0.1000000E-03           1
|11010100000000111000000000000000001> :  0.1520831E-07  0.1000000E-03           1
|01010000100010001000100000001010000> :  0.5864527E-07  0.1000000E-03           1
|00111000100001000010000010000010000> :  0.1253269E-05  0.1000000E-03           1
|00011100101000100010100000001000001> :  0.1021685E-03  0.1000000E-03           1
|00011100110000100000110100001000001> :  0.1257532E-04  0.1000000E-03           1
|01110001000000000010000100111010000> :  0.7602191E-07  0.1000000E-03           1
|00111001100000000000000010011010000> :  0.2511047E-07  0.1000000E-03           1
|00011100110000100110100100000000001> :  0.1796632E-04  0.1000000E-03           1
|10001001100000100010100010001010000> :  0.4672418E-07  0.1000000E-03           1
|01000010000001100000000100011110000> :  0.3605253E-07  0.1000000E-03           1
|00101010001000001000000101001010000> :  0.2420931E-06  0.1000000E-03           1
|00000010001000110000000101100010000> :  0.7840814E-07  0.1000000E-03           1
|01000010010000100001000010000010000> :  0.8124208E-07  0.1000000E-03           1
|00011100111000100000101000000000001> :  0.4145879E-05  0.1000000E-03           1
|00011010110000100010100000001010000> :  0.3023839E-04  0.1000000E-03           1
|00011010110000110110100000001000001> :  0.5189800E-04  0.1000000E-03           1
|00010011010000100010000000101010000> :  0.9535438E-07  0.1000000E-03           1
|00011011100000100010000000101010000> :  0.9852704E-06  0.1000000E-03           1
|00001100000000010000010000110010000> :  0.3996475E-04  0.1000000E-03           1
|00001100000000101000011010110010000> :  0.2034951E-06  0.1000000E-03           1
|10010101000000011000000000000010000> :  0.1840793E-07  0.1000000E-03           1
|10001000000000000000000010100100001> :  0.3291439E-07  0.1000000E-03           1
|11010000000000000001000110010000001> :  0.2211022E-07  0.1000000E-03           1
|00001000000000001001001010000000001> :  0.1209601E-06  0.1000000E-03           1
|10001000000000101010100001001000001> :  0.2157919E-06  0.1000000E-03           1
|00011000110000000010100010001010001> :  0.7173650E-05  0.1000000E-03           1
|00000000000010100100101000000000001> :  0.1942765E-05  0.1000000E-03           1
|00110000000100010100000000000000001> :  0.4836483E-06  0.1000000E-03           1
|00100000000100100001010010000000001> :  0.2512125E-08  0.1000000E-03           1
|11010000000101100000000000001000001> :  0.4146409E-08  0.1000000E-03           1
|01000000010000010001100000000100001> :  0.1567784E-07  0.1000000E-03           1
|00111000100000010010100000001010000> :  0.1199210E-04  0.1000000E-03           1
|00011000010000100000110000000000001> :  0.6971000E-04  0.1000000E-03           1
|00000000011010000011000000101000010> :  0.4678780E-07  0.1000000E-03           1
|00001000010000100010100000001000001> :  0.9899506E-05  0.1000000E-03           1
|10010000010100000110000000011000000> :  0.1014529E-07  0.1000000E-03           1
|00010000010000100010101000000000001> :  0.1292531E-03  0.1000000E-03           1
|00011001100000100110100000011000010> :  0.2184210E-06  0.1000000E-03           1
|00001000010000100110100101001000001> :  0.2693907E-04  0.1000000E-03           1
|00100010000010010001010000000000010> :  0.2046303E-08  0.1000000E-03           1
|00100000010000110110100010000000001> :  0.2297820E-08  0.1000000E-03           1
|10011000010001001010100010001000001> :  0.5408363E-06  0.1000000E-03           1
|00000000010010101100100000001000001> :  0.2562914E-05  0.1000000E-03           1
|00001000010100001100000100100000001> :  0.8391542E-08  0.1000000E-03           1
|00010000010100100100001000011000001> :  0.7763294E-07  0.1000000E-03           1
|00011000010100100110100000001000001> :  0.2973966E-04  0.1000000E-03           1
|00011000100000100000110000000000001> :  0.2851396E-04  0.1000000E-03           1
|00000000100000100000100100001000011> :  0.4523801E-04  0.1000000E-03           1
|00011000100000100010100000000000001> :  0.7076667E-04  0.1000000E-03           1
|00011000100010100010100000001000011> :  0.1208144E-04  0.1000000E-03           1
|01111000100000100010100000001000001> :  0.4585737E-04  0.1000000E-03           1
|01011000110000100110100000001000011> :  0.1697698E-04  0.1000000E-03           1
|00000000100000100011100000001000001> :  0.4065178E-04  0.1000000E-03           1
|00011000110010100100100000001000011> :  0.3123391E-05  0.1000000E-03           1
|01000000100000100100101100001000001> :  0.6529953E-07  0.1000000E-03           1
|01000001100000000110010110000000011> :  0.1365687E-06  0.1000000E-03           1
|00111000100000101010100000001000001> :  0.2036454E-04  0.1000000E-03           1
|00000000100001111001000100001000001> :  0.6109288E-07  0.1000000E-03           1
|00111000100100100010100000001000001> :  0.1329818E-04  0.1000000E-03           1
|00001001000000010100000000001010011> :  0.3820861E-07  0.1000000E-03           1
|00011000100101100100100000101000001> :  0.9770500E-11  0.1000000E-03           1
|01001000000000100001000100111100100> :  0.1312669E-04  0.1000000E-03           1
|00010000110000000010101000000000001> :  0.5236956E-04  0.1000000E-03           1
|00000000001100100101000011000000000> :  0.7309123E-07  0.1000000E-03           1
|01010000000100010001000010000100000> :  0.2860934E-07  0.1000000E-03           1
|00000000000000110110010000000000000> :  0.6477725E-07  0.1000000E-03           1
|00001000000000010001101100010000000> :  0.4567953E-08  0.1000000E-03           1
|00011000011100100010000010100010000> :  0.7382070E-07  0.1000000E-03           1
|00001010110000110000100100001000001> :  0.6993858E-05  0.1000000E-03           1
|10011000011000100000110000001010000> :  0.1852399E-07  0.1000000E-03           1
|01100000010000101000000000101010000> :  0.3790844E-08  0.1000000E-03           1
|00011010110000000110000000001000001> :  0.9159911E-05  0.1000000E-03           1
|00011000010000100010000010101010000> :  0.3565581E-05  0.1000000E-03           1
|10000000010100000100001010100000000> :  0.1738442E-06  0.1000000E-03           1
|00100000001000000010000110000110000> :  0.3989451E-07  0.1000000E-03           1
|00001010000001001100000001000000001> :  0.2693231E-08  0.1000000E-03           1
|00010000111000000110101000010000000> :  0.2485376E-05  0.1000000E-03           1
|10000000000001000000001010000010000> :  0.3200747E-06  0.1000000E-03           1
|10001000000001000000000011001010000> :  0.2478017E-07  0.1000000E-03           1
|10011000111000000100100000000000000> :  0.3047760E-05  0.1000000E-03           1
|00011000010100000000010000110000000> :  0.1198052E-05  0.1000000E-03           1
|00000000001010000010000000101100000> :  0.1689261E-04  0.1000000E-03           1
|00001000000000001100100101000010000> :  0.1042951E-08  0.1000000E-03           1
|01010000000000000100000000101110000> :  0.1061443E-03  0.1000000E-03           1
|00011000110100100100100000001000000> :  0.7009785E-06  0.1000000E-03           1
|01000000000000000000000101011110000> :  0.7982133E-04  0.1000000E-03           1
|00110111111000100000110000000000000> :  0.1590156E-09  0.1000000E-03           1
|10011000110100100010000000101000000> :  0.6078492E-05  0.1000000E-03           1
|10000000010011000010010100001000000> :  0.7694793E-08  0.1000000E-03           1
|00010110110000100010010000000000000> :  0.4933456E-06  0.1000000E-03           1
|00010110010100000000000000000100000> :  0.3380771E-07  0.1000000E-03           1
|00010000110100000110100000010000000> :  0.3061223E-06  0.1000000E-03           1
|11000110000000010000100001000000000> :  0.4268408E-08  0.1000000E-03           1
|00011101110000100110110011001000000> :  0.5515227E-11  0.1000000E-03           1
|00100000110010000011000010001000000> :  0.3471837E-06  0.1000000E-03           1
|00001000010010010000000100100000000> :  0.1380232E-06  0.1000000E-03           1
|10000000001001000011100111001000000> :  0.1532481E-10  0.1000000E-03           1
|00000000000011001000010011100000000> :  0.1380604E-07  0.1000000E-03           1
|00011101110000100010100000001000000> :  0.1105759E-03  0.1000000E-03           1
|00011101011000100000000000101000000> :  0.8409096E-06  0.1000000E-03           1
|00110000110000110010100000001000000> :  0.4610939E-05  0.1000000E-03           1
|00000101010001101001000100101000000> :  0.1810159E-10  0.1000000E-03           1
|10000101010000100010000000001000000> :  0.4577180E-06  0.1000000E-03           1
|00001000110000110000110100000100000> :  0.3450481E-06  0.1000000E-03           1
|00111000010001110000100000000000000> :  0.4547396E-07  0.1000000E-03           1
|00001101000010000000001010000100000> :  0.1054598E-07  0.1000000E-03           1
|00011100111000100010110000100000000> :  0.2235157E-05  0.1000000E-03           1
|00011000110000100110110000001000000> :  0.6362566E-04  0.1000000E-03           1
|10011100110100110011100000001100000> :  0.1492186E-07  0.1000000E-03           1
|00011100110100100010100000001000000> :  0.4494398E-04  0.1000000E-03           1
|00011000110000100110000100101000000> :  0.1296912E-04  0.1000000E-03           1
|01110000010001110000000100111000000> :  0.2104778E-06  0.1000000E-03           1
|00001000001000101001001010000100000> :  0.8326095E-08  0.1000000E-03           1
|01110100110001000001000000000000000> :  0.3037357E-08  0.1000000E-03           1
|01010100110000100011000000001000000> :  0.1194604E-04  0.1000000E-03           1
|00011000110000100100100000111000000> :  0.1503776E-05  0.1000000E-03           1
|00011100101000100010100100001000000> :  0.2615099E-05  0.1000000E-03           1
|00000100101000000001000011001000000> :  0.2016936E-07  0.1000000E-03           1
|00001000110000100100000110000000000> :  0.1043369E-04  0.1000000E-03           1
|00111000010001000000000000111000000> :  0.5003965E-06  0.1000000E-03           1
|10010100100000100001000100000000000> :  0.3277723E-07  0.1000000E-03           1
|00000100011000100001011000100000000> :  0.5743304E-07  0.1000000E-03           1
|00010000110000100010101000000000000> :  0.1299915E-03  0.1000000E-03           1
|01100000100000101010000000001000110> :  0.3543772E-06  0.1000000E-03           1
|01000100010101000000000011001000000> :  0.6884052E-09  0.1000000E-03           1
|00011000110001000110110000000000001> :  0.7056011E-04  0.1000000E-03           1
|10111000110001000011100010011000001> :  0.1809437E-06  0.1000000E-03           1
|10010100010000100010000000011000000> :  0.8969746E-06  0.1000000E-03           1
|00011000110000100010100110001000000> :  0.8133021E-05  0.1000000E-03           1
|00011000010000110110000000111000000> :  0.6341418E-06  0.1000000E-03           1
|10111000110001100010101000000000001> :  0.2589467E-06  0.1000000E-03           1
|10111000110001100110100000001000001> :  0.2399493E-04  0.1000000E-03           1
|10111000110001101010100000110000001> :  0.5476353E-08  0.1000000E-03           1
|00011000110010100000110000010000001> :  0.2710523E-05  0.1000000E-03           1
|01011000110010100010100000001000001> :  0.7192254E-04  0.1000000E-03           1
|00101000000000000101000010000001000> :  0.1096856E-06  0.1000000E-03           1
|00000000110010100100100000001000001> :  0.2395102E-05  0.1000000E-03           1
|00010000110010100110100000011000001> :  0.2802156E-05  0.1000000E-03           1
|00011000110010100110100000011000001> :  0.5051901E-04  0.1000000E-03           1
|00001000110011000110100000000000001> :  0.4392456E-05  0.1000000E-03           1
|00010000110100000110101000000000001> :  0.1758322E-04  0.1000000E-03           1
|00111000110100100010100000000000001> :  0.4350315E-04  0.1000000E-03           1
|10011000110100100010100000001000001> :  0.4972308E-04  0.1000000E-03           1
|00000110010000000100000010000101000> :  0.3951022E-08  0.1000000E-03           1
|00010000110100100100100000001000001> :  0.1233201E-04  0.1000000E-03           1
|00010000110100100110100000000000001> :  0.1869306E-04  0.1000000E-03           1
|00111000110100100110100000000000001> :  0.1223517E-04  0.1000000E-03           1
|00011000110100110010100000001000001> :  0.4501389E-04  0.1000000E-03           1
|00101100100000000000001010000011000> :  0.5302046E-08  0.1000000E-03           1
|00111000111000100000000001001000001> :  0.2477825E-05  0.1000000E-03           1
|10011000010001000000011000000001001> :  0.1094702E-06  0.1000000E-03           1
|00010000110000000000010000000001001> :  0.1100555E-04  0.1000000E-03           1
|00010000111000100110010000001000001> :  0.3644922E-05  0.1000000E-03           1
|00011000111000100110110010010000001> :  0.5421197E-07  0.1000000E-03           1
|10000001000000001010001010000001001> :  0.3457660E-08  0.1000000E-03           1
|11000001000000100001000000000000001> :  0.9472242E-06  0.1000000E-03           1
|01010001000000110100100000000000001> :  0.3328872E-06  0.1000000E-03           1
|00010101001100000010000000001001001> :  0.2980054E-06  0.1000000E-03           1
|00011001100000000010000000001000001> :  0.6632072E-04  0.1000000E-03           1
|00001001100000100000000100001000001> :  0.2160544E-03  0.1000000E-03           1
|00000001100000000000000100000001011> :  0.5938476E-05  0.1000000E-03           1
|00010001100000100010000000001000001> :  0.3016790E-04  0.1000000E-03           1
|00000000010000000110010110000001100> :  0.5570223E-05  0.1000000E-03           1
|10000000010000010000010000010001100> :  0.5497257E-04  0.1000000E-03           1
|00011001100000100110000100001000001> :  0.6546145E-06  0.1000000E-03           1
|00001000010101001000000000010001100> :  0.3018719E-09  0.1000000E-03           1
|00000001100000110000000100001100001> :  0.2582650E-07  0.1000000E-03           1
|00011001101100100010100000001000001> :  0.4802931E-06  0.1000000E-03           1
|00010001110000000100110000001000001> :  0.6123831E-07  0.1000000E-03           1
|00000000000000001010000000000111100> :  0.6351150E-05  0.1000000E-03           1
|00101001110000100000010010000000001> :  0.1861267E-06  0.1000000E-03           1
|00100010000000000000000001000001110> :  0.5262774E-07  0.1000000E-03           1
|00011001110000100010100000001100001> :  0.1389116E-03  0.1000000E-03           1
|00001001110000100100100000001000001> :  0.9105747E-05  0.1000000E-03           1
|00011001110000100100100000001000001> :  0.9330981E-04  0.1000000E-03           1
|00011001110000100110100000001000001> :  0.1813798E-03  0.1000000E-03           1
|00001000001000100010000001001000000> :  0.5208051E-05  0.1000000E-03           1
|00011001110100100010000000000100001> :  0.1306204E-08  0.1000000E-03           1
|00100010000000110001110000000000001> :  0.4002004E-08  0.1000000E-03           1
|00100000000011000101000001100000000> :  0.2050971E-08  0.1000000E-03           1
|00111010010000000010100000001000001> :  0.1586761E-04  0.1000000E-03           1
|00011010100000110010100000001000001> :  0.1678283E-04  0.1000000E-03           1
|00000010100001100001100010001000001> :  0.2659612E-08  0.1000000E-03           1
|01000000000000100000000101011100000> :  0.4788772E-04  0.1000000E-03           1
|00110010110000100000110000001000001> :  0.6808775E-06  0.1000000E-03           1
|00011010110000100010100001001000001> :  0.3717173E-04  0.1000000E-03           1
|00010000110000111100000000001000001> :  0.1294481E-05  0.1000000E-03           1
|00010000110000110110000000000000001> :  0.4370212E-05  0.1000000E-03           1
|00111010110000110010100001001000001> :  0.7523054E-05  0.1000000E-03           1
|00011010110000110010110000000000001> :  0.1867651E-04  0.1000000E-03           1
|00011010110000110110100000000000001> :  0.1168361E-04  0.1000000E-03           1
|00000100001001100000011010000000000> :  0.2576289E-10  0.1000000E-03           1
|00010010111000100100001000000000001> :  0.1364157E-05  0.1000000E-03           1
|10101011000100000000000110000000001> :  0.3695921E-10  0.1000000E-03           1
|00101011101100000000000100000000001> :  0.5143537E-08  0.1000000E-03           1
|00000000110000110110000000000000001> :  0.2195578E-05  0.1000000E-03           1
|10000100000100100000000000001000001> :  0.5053011E-06  0.1000000E-03           1
|00000100001100100000000000001000001> :  0.1456095E-05  0.1000000E-03           1
|00011100100000100010100100001000001> :  0.7928962E-04  0.1000000E-03           1
|00111000110000110000100000001000001> :  0.1491581E-04  0.1000000E-03           1
|01011100110000100000100100001000001> :  0.8441317E-05  0.1000000E-03           1
|00011100001000100001000101000000000> :  0.5852277E-08  0.1000000E-03           1
|10100000110000100010100100000000000> :  0.4053745E-07  0.1000000E-03           1
|10111100110000100010100010001100001> :  0.9642981E-07  0.1000000E-03           1
|00111000110000101010100010001000001> :  0.6548850E-04  0.1000000E-03           1
|00010100110000100010101100000000001> :  0.3797442E-04  0.1000000E-03           1
|00001100110000100011100000001000001> :  0.2567263E-04  0.1000000E-03           1
|00111000110000101010100000011000001> :  0.1284706E-04  0.1000000E-03           1
|00010100000000100010000110100000000> :  0.5735069E-07  0.1000000E-03           1
|00001100110000101010100000001000001> :  0.2470095E-04  0.1000000E-03           1
|10111100110000101010100000001000001> :  0.1836982E-04  0.1000000E-03           1
|00011100110000101010100010001000001> :  0.1512557E-04  0.1000000E-03           1
|10001100110000101110100000001000001> :  0.2108657E-05  0.1000000E-03           1
|00001100110000101110100110001000001> :  0.2300013E-05  0.1000000E-03           1
|10001100110000101110100110001000001> :  0.4594238E-05  0.1000000E-03           1
|00010100110001001010100000000000001> :  0.2317409E-04  0.1000000E-03           1
|00111100110001001010100000000000001> :  0.7561456E-06  0.1000000E-03           1
|10011100110001100010100000001000001> :  0.2600236E-04  0.1000000E-03           1
|00111100110100100010100000001000001> :  0.2636669E-05  0.1000000E-03           1
|10011000110000101010100000001000001> :  0.3975106E-04  0.1000000E-03           1
|00011100111000100000110000001000001> :  0.1918093E-03  0.1000000E-03           1
|11000000110000100100001000000000101> :  0.6531236E-09  0.1000000E-03           1
|01010011100000100100000000001100000> :  0.6424816E-06  0.1000000E-03           1
|01111000110000100010100000001000000> :  0.3881075E-04  0.1000000E-03           1
|11000000010000101000100100110000000> :  0.8357961E-06  0.1000000E-03           1
|01011000110000101000110000001000001> :  0.1117626E-05  0.1000000E-03           1
|00011100111000100110100010001000001> :  0.1412678E-04  0.1000000E-03           1
|00111000110000101000100100001000001> :  0.3511744E-04  0.1000000E-03           1
|10100101000000100000110000000000001> :  0.9278123E-07  0.1000000E-03           1
|00010101010000100011100000001100001> :  0.1743398E-06  0.1000000E-03           1
|10001101110000000110100100001000001> :  0.2044105E-07  0.1000000E-03           1
|00011101110000100000100000001000001> :  0.7550475E-04  0.1000000E-03           1
|00000011100000000010000001101000000> :  0.1409562E-05  0.1000000E-03           1
|01000101010000010000000100010110100> :  0.1171861E-07  0.1000000E-03           1
|00000100000000000000010000110110100> :  0.1261809E-03  0.1000000E-03           1
|00011000110000100111100010000000001> :  0.6780882E-05  0.1000000E-03           1
|00000011000101000000000100000000000> :  0.4517754E-06  0.1000000E-03           1
|00001101110000100110100100000000001> :  0.1965813E-05  0.1000000E-03           1
|01000010110000100000000100101010100> :  0.1511798E-05  0.1000000E-03           1
|00011101111000100010000000000000001> :  0.8836534E-05  0.1000000E-03           1
|00111000100000010010000000001010001> :  0.3369745E-05  0.1000000E-03           1
|01000000100000100010000010001010001> :  0.7485689E-07  0.1000000E-03           1
|00001000100001000010001010000010001> :  0.3025095E-08  0.1000000E-03           1
|00011000110000100110101010001100001> :  0.3207846E-04  0.1000000E-03           1
|00011000110000100000000010001010001> :  0.4706305E-05  0.1000000E-03           1
|00000011000100000100000100000000000> :  0.6578820E-06  0.1000000E-03           1
|00011001100010100010100000001010001> :  0.2778290E-04  0.1000000E-03           1
|00001001100010100010100100001010001> :  0.1895605E-05  0.1000000E-03           1
|00100010000000100000100000001010001> :  0.3097589E-08  0.1000000E-03           1
|00011000110000100110101000001000001> :  0.1606979E-04  0.1000000E-03           1
|00011011100000100010100000001010001> :  0.1059220E-05  0.1000000E-03           1
|10001100000110100110010000100010001> :  0.3224033E-12  0.1000000E-03           1
|00010000000000000001000010001100010> :  0.8384647E-07  0.1000000E-03           1
|10100000000000100011000000100000010> :  0.2700313E-07  0.1000000E-03           1
|00101000000011001010100001000000010> :  0.4930468E-10  0.1000000E-03           1
|01100000000100001001000000010010100> :  0.1149451E-06  0.1000000E-03           1
|00010000110000100110100100001000001> :  0.1536541E-04  0.1000000E-03           1
|10100000010000101000100100000000010> :  0.2794133E-06  0.1000000E-03           1
|00000000010010100100100000001000010> :  0.4051952E-07  0.1000000E-03           1
|00011010111100100010000000001000000> :  0.9622608E-05  0.1000000E-03           1
|10100000010000101000000101010000000> :  0.2198499E-06  0.1000000E-03           1
|00011000110010100010100000001000010> :  0.1615858E-04  0.1000000E-03           1
|01101000111000100000000100001000010> :  0.3752088E-06  0.1000000E-03           1
|10000000001000000110010100000000000> :  0.6712670E-07  0.1000000E-03           1
|00001000110000100110100100001000001> :  0.1353402E-03  0.1000000E-03           1
|01100001000000100000100100101000010> :  0.7957372E-06  0.1000000E-03           1
|11100001100000100000001000000000010> :  0.6926043E-10  0.1000000E-03           1
|00011000110000100110010000001000001> :  0.6695929E-04  0.1000000E-03           1
|00000001100000101110100000011000010> :  0.5439724E-08  0.1000000E-03           1
|00011001110000100010000000011000010> :  0.2160682E-05  0.1000000E-03           1
|00010010000000000001000000111000010> :  0.6898780E-07  0.1000000E-03           1
|00110010111000110000010001000000000> :  0.2911619E-06  0.1000000E-03           1
|00000010100100010000100000001000010> :  0.4154563E-07  0.1000000E-03           1
|00001100000000100001000100010000010> :  0.1012524E-07  0.1000000E-03           1
|00001100000001000000101011000000010> :  0.1547303E-08  0.1000000E-03           1
|00000100001101000000000000001100010> :  0.1007174E-06  0.1000000E-03           1
|00000101000000000100001010000000010> :  0.1520015E-08  0.1000000E-03           1
|00011000000000000110100000001010010> :  0.2390102E-05  0.1000000E-03           1
|00001000000000000110100001001010010> :  0.3847584E-05  0.1000000E-03           1
|00001000000001000110100000001010010> :  0.2713557E-06  0.1000000E-03           1
|01010000110000100110000000011000001> :  0.2543222E-04  0.1000000E-03           1
|00000000100100101000010110001010010> :  0.9755387E-12  0.1000000E-03           1
|00000100001001101000000100100110010> :  0.5521485E-09  0.1000000E-03           1
|00011000000010100110100000001000011> :  0.1076576E-05  0.1000000E-03           1
|00000000010000010001011000000000011> :  0.4680658E-07  0.1000000E-03           1
|00100000010000100000001100011000011> :  0.5727935E-07  0.1000000E-03           1
|00000000010000100100111000000000011> :  0.1729314E-07  0.1000000E-03           1
|00100000000001000000000100111110100> :  0.1487177E-05  0.1000000E-03           1
|00011000100000100110100000011000011> :  0.7801931E-05  0.1000000E-03           1
|00000000100000100111100000001000011> :  0.4217099E-05  0.1000000E-03           1
|00000000100000101000000100001000011> :  0.4022538E-03  0.1000000E-03           1
|00011000110000100110000000011000001> :  0.2732697E-04  0.1000000E-03           1
|01011000110000100010100000001000011> :  0.4995668E-04  0.1000000E-03           1
|00110010110001000100000000000000000> :  0.2177492E-06  0.1000000E-03           1
|00111000110000100010100001001000011> :  0.2247868E-04  0.1000000E-03           1
|00011000110000100011100010001000001> :  0.8014069E-04  0.1000000E-03           1
|11000000000000000100000010101110100> :  0.1537376E-05  0.1000000E-03           1
|00010010110000100110101000000000000> :  0.9938758E-05  0.1000000E-03           1
|00011000110010000010100000001000011> :  0.1124092E-04  0.1000000E-03           1
|00011000110000100011100000001100001> :  0.1518096E-03  0.1000000E-03           1
|00011000110010100110100000011000011> :  0.9255450E-05  0.1000000E-03           1
|00011000111010100010000000001000011> :  0.6101730E-05  0.1000000E-03           1
|10000001000001000000000110100000011> :  0.3269458E-08  0.1000000E-03           1
|01000000000000000000000100011110100> :  0.7321568E-04  0.1000000E-03           1
|00000001100000100000000000001000011> :  0.1644553E-06  0.1000000E-03           1
|10000010010000000001000100100000011> :  0.4230834E-08  0.1000000E-03           1
|00011100011000000110100000001000011> :  0.1320985E-07  0.1000000E-03           1
|00001100100010000001000000000000011> :  0.2306971E-07  0.1000000E-03           1
|00011100110000100011100000001000011> :  0.2122327E-04  0.1000000E-03           1
|10000101001000101000000000000000011> :  0.4407722E-07  0.1000000E-03           1
|00000000100000101010000010001010011> :  0.1087213E-05  0.1000000E-03           1
|00010010110000100011000000101000000> :  0.1435659E-06  0.1000000E-03           1
|01000000000000000001000110111100100> :  0.9207114E-05  0.1000000E-03           1
|01000000000000100000000100011100100> :  0.6389174E-04  0.1000000E-03           1
|01000000000000100000000100110100100> :  0.7634540E-04  0.1000000E-03           1
|00001000110000100000100100001000000> :  0.3671820E-03  0.1000000E-03           1
|00011000010000100011001000000100000> :  0.1116365E-05  0.1000000E-03           1
|00000000000000100010000000101100100> :  0.2475881E-04  0.1000000E-03           1
|10001000000000100010110000000100100> :  0.3018461E-08  0.1000000E-03           1
|11000110010000100000000100110000100> :  0.7820218E-05  0.1000000E-03           1
|00100000110000100010101101000000001> :  0.8771467E-06  0.1000000E-03           1
|00010010101001100010000000100000000> :  0.1816476E-06  0.1000000E-03           1
|00011000110000100010101010001100001> :  0.1674106E-03  0.1000000E-03           1
|10011000110000100010101010001000001> :  0.1124794E-03  0.1000000E-03           1
|00110010101000100110000000000000000> :  0.3266656E-07  0.1000000E-03           1
|00111000110000100000100010001000000> :  0.1606497E-05  0.1000000E-03           1
|00011000110000100010101000001100001> :  0.7238676E-04  0.1000000E-03           1
|00100010100001000000000100001000100> :  0.6243944E-08  0.1000000E-03           1
|00010010101000100100010000101000000> :  0.3675472E-07  0.1000000E-03           1
|00011000110000100010100110001000001> :  0.1705262E-03  0.1000000E-03           1
|00011000110000100010100100001000001> :  0.1027596E-03  0.1000000E-03           1
|00011010101000000110100000001000000> :  0.5349690E-05  0.1000000E-03           1
|00010000101000110110000000000100000> :  0.5867100E-06  0.1000000E-03           1
|00011000010000100010001010101000000> :  0.4229805E-05  0.1000000E-03           1
|00010000001000000010000110110000000> :  0.3597767E-08  0.1000000E-03           1
|00100000000010100001110000010000000> :  0.8615233E-08  0.1000000E-03           1
|11100010000000100000000100010000100> :  0.3699023E-07  0.1000000E-03           1
|10000001100000101000110000000000100> :  0.1896239E-07  0.1000000E-03           1
|00000010100100010000000010100000000> :  0.1813236E-06  0.1000000E-03           1
|11101001000000100000000100000000100> :  0.2518549E-05  0.1000000E-03           1
|00000000110010001000000100001000100> :  0.1144960E-03  0.1000000E-03           1
|01000010100000110100000001000000000> :  0.1674708E-07  0.1000000E-03           1
|00010000101000001010000010001100000> :  0.3771560E-07  0.1000000E-03           1
|00000000110010000110000100011000100> :  0.7092836E-06  0.1000000E-03           1
|01100000110000110010000000000000100> :  0.6981785E-09  0.1000000E-03           1
|00100010011000101000000101001000000> :  0.4661310E-06  0.1000000E-03           1
|00010000110000100010100000000000001> :  0.9064278E-05  0.1000000E-03           1
|00001000110000100010100000000000001> :  0.2807731E-04  0.1000000E-03           1
|00011010010100110001010000110000000> :  0.1752795E-05  0.1000000E-03           1
|00001000101000000001110110010000000> :  0.2578937E-11  0.1000000E-03           1
|00011000010000100000010000110000000> :  0.3469097E-04  0.1000000E-03           1
|00010000110000100010001000000000001> :  0.1413150E-03  0.1000000E-03           1
|00000000100110001101000100000000100> :  0.2636161E-06  0.1000000E-03           1
|00011010010100100100000000000000000> :  0.1454063E-05  0.1000000E-03           1
|11000000100010000000100000010000100> :  0.6648018E-08  0.1000000E-03           1
|10000000100000101000001100001100100> :  0.2423937E-06  0.1000000E-03           1
|01000000011001000100000000111000100> :  0.1228721E-05  0.1000000E-03           1
|00010000110000100010000000001000001> :  0.9195528E-04  0.1000000E-03           1
|00111010010000100010100000001000000> :  0.1451739E-04  0.1000000E-03           1
|00100000100000101000011010000000000> :  0.5793639E-07  0.1000000E-03           1
|01000000010101100000000100111000100> :  0.2677540E-04  0.1000000E-03           1
|11000000010101000000000100101000100> :  0.1472222E-05  0.1000000E-03           1
|00001000110000100010000000001000001> :  0.7314264E-04  0.1000000E-03           1
|11100000010100100000000100100000100> :  0.7142333E-05  0.1000000E-03           1
|01000010010000010100000001100000000> :  0.8021788E-07  0.1000000E-03           1
|01101000110000100000000100101000100> :  0.4176527E-06  0.1000000E-03           1
|11100000010100100000000000110000100> :  0.1681448E-04  0.1000000E-03           1
|01000000010100100000000000110000100> :  0.4581806E-03  0.1000000E-03           1
|01000000010010100000101100110000100> :  0.8689954E-07  0.1000000E-03           1
|00010000110000100110100100001000100> :  0.9356231E-05  0.1000000E-03           1
|00001000110000100000110000000000001> :  0.1118952E-04  0.1000000E-03           1
|00010010010000000000101001001100000> :  0.7092452E-11  0.1000000E-03           1
|00011000011101100000010000110000000> :  0.4908097E-05  0.1000000E-03           1
|00010000010000100000001110100100000> :  0.3899950E-07  0.1000000E-03           1
|00000000110010000110100000011000100> :  0.1844293E-06  0.1000000E-03           1
|00110000000110100000001000001100000> :  0.8299196E-08  0.1000000E-03           1
|00000000110010001010000000001000100> :  0.1741400E-03  0.1000000E-03           1
|11100000010001110000000100110000100> :  0.4952495E-04  0.1000000E-03           1
|11000001000001010000000100110000100> :  0.6284089E-06  0.1000000E-03           1
|01000000010001100000001100111000100> :  0.5732920E-04  0.1000000E-03           1
|00000001110000100100100100001000100> :  0.2181383E-05  0.1000000E-03           1
|00111000110000100000100101001000001> :  0.1424959E-04  0.1000000E-03           1
|00010010000010000000011010001000100> :  0.6083117E-10  0.1000000E-03           1
|00000010000100011100000100000000100> :  0.8374537E-07  0.1000000E-03           1
|00101010010000000100000000001000100> :  0.8185812E-07  0.1000000E-03           1
|01000010010000100100000100111000100> :  0.2304688E-04  0.1000000E-03           1
|00000010100000100100010000000100100> :  0.4564330E-07  0.1000000E-03           1
|01000000010000110001000000011100100> :  0.9094656E-07  0.1000000E-03           1
|01000010100100000000000011100000100> :  0.1571935E-06  0.1000000E-03           1
|00000010110000000011100001001000100> :  0.1185449E-05  0.1000000E-03           1
|00100010110000101000000100001000100> :  0.1140435E-05  0.1000000E-03           1
|11101010110010000000000101000000100> :  0.1933828E-09  0.1000000E-03           1
|10001100000000100010000001001000100> :  0.5120991E-06  0.1000000E-03           1
|11000100010000100010000100110000100> :  0.7749346E-05  0.1000000E-03           1
|11000100010000101000000100110000100> :  0.6981574E-05  0.1000000E-03           1
|00010100110000100011000000001000100> :  0.1021366E-04  0.1000000E-03           1
|10000110000000100010000001000000100> :  0.2228226E-07  0.1000000E-03           1
|00101000110000100000100100011000001> :  0.2873091E-05  0.1000000E-03           1
|00000110110000100000000100001000100> :  0.3748479E-06  0.1000000E-03           1
|11001000010000101000000100110000100> :  0.8694333E-05  0.1000000E-03           1
|00000000010000100010010110101000100> :  0.7676645E-06  0.1000000E-03           1
|01000000000000000000000100101110100> :  0.1018997E-03  0.1000000E-03           1
|11001000010000100001000100110000100> :  0.7664135E-05  0.1000000E-03           1
|11000010001000110000000110000000000> :  0.1270021E-08  0.1000000E-03           1
|00000000011101000000001101000000000> :  0.2627297E-06  0.1000000E-03           1
|01000000000000001000100100111110100> :  0.6432751E-05  0.1000000E-03           1
|01000000000000001010100000101110100> :  0.3797410E-08  0.1000000E-03           1
|01100000010000100000000101111000100> :  0.3186297E-04  0.1000000E-03           1
|11000000000001100100000010000010100> :  0.1585864E-06  0.1000000E-03           1
|01000000000001110000001100111110100> :  0.3839891E-06  0.1000000E-03           1
|01000000000010000001000100111110100> :  0.3494880E-05  0.1000000E-03           1
|10000000000010010000001110100010100> :  0.1288034E-07  0.1000000E-03           1
|11000000010000100000000100111000100> :  0.2021132E-04  0.1000000E-03           1
|00000000000100000000010000110110100> :  0.1621535E-03  0.1000000E-03           1
|10000000000100000100001100100010100> :  0.8089932E-07  0.1000000E-03           1
|01000010000101100000000000011100000> :  0.3959961E-07  0.1000000E-03           1
|00000000000101000000011000100110100> :  0.3509675E-07  0.1000000E-03           1
|11000000100000000000001000000110100> :  0.7630983E-08  0.1000000E-03           1
|00001000100000100000001010000010100> :  0.1876447E-06  0.1000000E-03           1
|10000000100001001000001010001010100> :  0.1642788E-06  0.1000000E-03           1
|00010000110000000100010000110110100> :  0.2973480E-10  0.1000000E-03           1
|10000000010000100000000100110000100> :  0.3186039E-04  0.1000000E-03           1
|01000100000000000000000000110110100> :  0.1345634E-03  0.1000000E-03           1
|01000000010000100000000100110000100> :  0.6211609E-04  0.1000000E-03           1
|01000100000000000110000100111110100> :  0.5617963E-07  0.1000000E-03           1
|01000000010000100000000100101000100> :  0.9565748E-04  0.1000000E-03           1
|01010000000000100100000000110100101> :  0.1188968E-07  0.1000000E-03           1
|01000000000100100100000000110000101> :  0.1576005E-06  0.1000000E-03           1
|10000000010001100000001000001000101> :  0.8860164E-07  0.1000000E-03           1
|00000000101001100000100000001000101> :  0.7213621E-10  0.1000000E-03           1
|00111000110000100000100100001000101> :  0.5442959E-04  0.1000000E-03           1
|00100010000100000100000000010000000> :  0.2094099E-06  0.1000000E-03           1
|10000000011010010000000100100000000> :  0.6365456E-04  0.1000000E-03           1
|00100000110000101000000100101000101> :  0.5709395E-06  0.1000000E-03           1
|00011010110000100010000000001000101> :  0.3738190E-05  0.1000000E-03           1
|00010100110000100011100000001100101> :  0.8097783E-06  0.1000000E-03           1
|00000101101000000000000000000000101> :  0.4690945E-08  0.1000000E-03           1
|10100000000111000100000000010010101> :  0.9662924E-11  0.1000000E-03           1
|00000000110000100000110010000010101> :  0.1445347E-05  0.1000000E-03           1
|01000100000100000000000000110110101> :  0.9458812E-06  0.1000000E-03           1
|01000101000100000000100001110110101> :  0.5574074E-08  0.1000000E-03           1
|00000000010000100000000100011000100> :  0.4781659E-05  0.1000000E-03           1
|01000000000001000100001000010000110> :  0.2558892E-08  0.1000000E-03           1
|11000000010000100000000100010000100> :  0.8440301E-04  0.1000000E-03           1
|10000000000101000000110000001000110> :  0.3809742E-07  0.1000000E-03           1
|00000000000101100000010000111100110> :  0.3521523E-07  0.1000000E-03           1
|01100000010000100000000100011000110> :  0.1026340E-04  0.1000000E-03           1
|01000000010000100001000100111000110> :  0.2048565E-04  0.1000000E-03           1
|00101000010010000000000000001000110> :  0.1422233E-08  0.1000000E-03           1
|00011000110000100000000000001000001> :  0.1602962E-03  0.1000000E-03           1
|00000000010000100000000000111000100> :  0.1860211E-05  0.1000000E-03           1
|00011000110000010110100000000000001> :  0.6818283E-05  0.1000000E-03           1
|01100000110000100000000100011000110> :  0.1367667E-04  0.1000000E-03           1
|00000000110100000100100100000000110> :  0.2307456E-07  0.1000000E-03           1
|00000010000000110001000001000000000> :  0.5204279E-07  0.1000000E-03           1
|10000100000100100000000100101100110> :  0.2221170E-06  0.1000000E-03           1
|00010000110000010100100000010000001> :  0.5041104E-06  0.1000000E-03           1
|11000000010000010000000100100000100> :  0.9181580E-04  0.1000000E-03           1
|11000000010000010000000100010000100> :  0.1095460E-04  0.1000000E-03           1
|00011000110000000110100100001000001> :  0.7623237E-04  0.1000000E-03           1
|00000100000000000000010000100110110> :  0.5491279E-04  0.1000000E-03           1
|00100000000000000100001000000000111> :  0.1730299E-09  0.1000000E-03           1
|00000011010000101000000100001000111> :  0.3492299E-08  0.1000000E-03           1
|00100010000000110000000101000000000> :  0.4697276E-06  0.1000000E-03           1
|01000000000001100000000101011101000> :  0.8206796E-06  0.1000000E-03           1
|00110000000001110000000000000101000> :  0.2860442E-06  0.1000000E-03           1
|10100000000010001010000010000001000> :  0.4127745E-05  0.1000000E-03           1
|10010000001010010001010000010001000> :  0.1493113E-07  0.1000000E-03           1
|10110000010000000100110000000001000> :  0.3974776E-07  0.1000000E-03           1
|10011000010000010110000000000001000> :  0.1780308E-06  0.1000000E-03           1
|10010000110000000110100000000001000> :  0.4301112E-06  0.1000000E-03           1
|00000001100010000000000100000001000> :  0.1668247E-06  0.1000000E-03           1
|00000011000010010101001111000101000> :  0.6736663E-11  0.1000000E-03           1
|00000100000010000000101101001001000> :  0.5465731E-06  0.1000000E-03           1
|00001100100010000000110000001001000> :  0.9515435E-06  0.1000000E-03           1
|00001100101000000000100000001001000> :  0.3175724E-06  0.1000000E-03           1
|00001100101000100010000000001001000> :  0.8173952E-06  0.1000000E-03           1
|00000101100000000000100100001001000> :  0.3481168E-06  0.1000000E-03           1
|00000101100000000000101000001001000> :  0.2127532E-06  0.1000000E-03           1
|00011000011000100011000000101100000> :  0.5893584E-05  0.1000000E-03           1
|00000110110000000010000010000001000> :  0.1078877E-06  0.1000000E-03           1
|10100000000000000000010001001011000> :  0.3081369E-09  0.1000000E-03           1
|00001000000100010010010000010111000> :  0.2285859E-10  0.1000000E-03           1
|00011000100000001010000010000011000> :  0.2460410E-06  0.1000000E-03           1
|00010000100101101000000000000011000> :  0.1143376E-08  0.1000000E-03           1
|00000000010000000110010110100000100> :  0.3454713E-05  0.1000000E-03           1
|01000000010000000000000100111000100> :  0.4639295E-04  0.1000000E-03           1
|00010000110000000110100100001000001> :  0.9426656E-06  0.1000000E-03           1
|00110001100000010010100000000011000> :  0.7810544E-06  0.1000000E-03           1
|00000000001001101000000100011100100> :  0.1483262E-05  0.1000000E-03           1
|10001110000000000000000000010011000> :  0.1452944E-07  0.1000000E-03           1
|00000000000001111010000000001001001> :  0.1260208E-07  0.1000000E-03           1
|00010000010000010000010000000001001> :  0.2925705E-05  0.1000000E-03           1
|01000000000101100000000100111100100> :  0.3832206E-04  0.1000000E-03           1
|10010000100000000001000010001001001> :  0.9199413E-08  0.1000000E-03           1
|00000000110000000100100010010000001> :  0.6720713E-06  0.1000000E-03           1
|00111000110000010010100000000101001> :  0.4167472E-07  0.1000000E-03           1
|01010000110000010110000000000001001> :  0.6322044E-06  0.1000000E-03           1
|00010000110000010110100000000001001> :  0.7145653E-05  0.1000000E-03           1
|01011000110000100010100000001001001> :  0.7357524E-04  0.1000000E-03           1
|01011000111000100010000000001001001> :  0.6215741E-06  0.1000000E-03           1
|11111010000000000110000010100100000> :  0.2400191E-11  0.1000000E-03           1
|10010001000000010000010000000001001> :  0.7646237E-04  0.1000000E-03           1
|00000100000000100010100001001001001> :  0.1177286E-05  0.1000000E-03           1
|00000100100001100001100000000001001> :  0.2453369E-06  0.1000000E-03           1
|01011100110001000010100000001001001> :  0.2040547E-06  0.1000000E-03           1
|00011100110100100100110000001001001> :  0.5573489E-08  0.1000000E-03           1
|10101000000010000000001101000000100> :  0.8593951E-07  0.1000000E-03           1
|10010000110000000010100000000011001> :  0.4864558E-05  0.1000000E-03           1
|00000001000010001001010000010001010> :  0.1877794E-07  0.1000000E-03           1
|01001100000000100000010000100001010> :  0.1400997E-09  0.1000000E-03           1
|10011000110000000100100000000000001> :  0.1134872E-04  0.1000000E-03           1
|00000000000010000000000100111100100> :  0.3154158E-06  0.1000000E-03           1
|00000000000000100100101010000100100> :  0.2602947E-07  0.1000000E-03           1
|00000100001100001000000000000101011> :  0.1740119E-09  0.1000000E-03           1
|00000101101000000000000000001001011> :  0.7983594E-06  0.1000000E-03           1
|01000000000000100000100100110101100> :  0.3484831E-05  0.1000000E-03           1
|00100000110000000011100010000000001> :  0.9833740E-07  0.1000000E-03           1
|10000000010000010000000100010001100> :  0.1207163E-03  0.1000000E-03           1
|10100010000000000100000010000000000> :  0.3924249E-06  0.1000000E-03           1
|01000000010000100000100100111001100> :  0.2096591E-04  0.1000000E-03           1
|10000000010010010000000100000001100> :  0.7299999E-04  0.1000000E-03           1
|00000000010010011000000100000001100> :  0.6507025E-04  0.1000000E-03           1
|00100000000110000100100001000000000> :  0.4368045E-07  0.1000000E-03           1
|00000000010101011000001000000001100> :  0.1112108E-06  0.1000000E-03           1
|01000000011000100000000100111001100> :  0.1241263E-04  0.1000000E-03           1
|10000000110000010110000100000001100> :  0.3977100E-06  0.1000000E-03           1
|00100000000010001000100000100000000> :  0.7874644E-07  0.1000000E-03           1
|00000000110010000010001000000001100> :  0.1888097E-03  0.1000000E-03           1
|00000000110010001000011010001001100> :  0.4527609E-06  0.1000000E-03           1
|00100010110010010000000100000001100> :  0.1474605E-06  0.1000000E-03           1
|01010000000000100000000000111100000> :  0.7474444E-04  0.1000000E-03           1
|00000000100000001011000000000011100> :  0.1961130E-03  0.1000000E-03           1
|00000100000100010000000000111011100> :  0.2896544E-07  0.1000000E-03           1
|00000000000000001000000100010101110> :  0.1720904E-10  0.1000000E-03           1
|00001000000000000101000101111000000> :  0.9108032E-08  0.1000000E-03           1
|00010100100000000000100000001001110> :  0.3836763E-05  0.1000000E-03           1
|00000000000000001000000100000111110> :  0.6361093E-04  0.1000000E-03           1
|00000101101000000000010000000001111> :  0.1302614E-06  0.1000000E-03           1
|01111000000000000010001000001000000> :  0.6415298E-08  0.1000000E-03           1
