# state, exact probability, frequency, count:
#------------------------------------------------------------------
|010000011111011100110010> :  0.4952944E+00  0.4967000E+00        4967
|101111100000100011001101> :  0.4952944E+00  0.4937000E+00        4937
|010001011111011100101010> :  0.4707353E-03  0.6000000E-03           6
|100111100000100011010101> :  0.4707353E-03  0.4000000E-03           4
|101111100000100011000101> :  0.1389141E-03  0.3000000E-03           3
|101110100000100011010101> :  0.4707353E-03  0.3000000E-03           3
|001111110000100011001111> :  0.6815773E-04  0.2000000E-03           2
|011000011111011100101010> :  0.4707353E-03  0.2000000E-03           2
|010110110000100001010111> :  0.7060581E-04  0.2000000E-03           2
|001001111011011100101010> :  0.7672615E-08  0.1000000E-03           1
|001111000001110110101011> :  0.5261503E-07  0.1000000E-03           1
|001111000000111011001101> :  0.1529712E-05  0.1000000E-03           1
|010010011100011001111011> :  0.3123532E-07  0.1000000E-03           1
|001111110001100010001110> :  0.3907900E-05  0.1000000E-03           1
|001001110100001111101001> :  0.1007696E-06  0.1000000E-03           1
|001000111100001110001101> :  0.6857476E-08  0.1000000E-03           1
|001101110001100111101111> :  0.1614701E-07  0.1000000E-03           1
|100101011101001010011100> :  0.6228297E-08  0.1000000E-03           1
|010000011111010100110010> :  0.1648681E-04  0.1000000E-03           1
|001101110000100101001111> :  0.1797798E-05  0.1000000E-03           1
|010000101101000111111100> :  0.3753388E-07  0.1000000E-03           1
|010000110100000100011101> :  0.7235498E-07  0.1000000E-03           1
|010000111101010100111001> :  0.2380253E-06  0.1000000E-03           1
|010000111111001100110110> :  0.9599450E-05  0.1000000E-03           1
|010001011101000101101110> :  0.1372580E-06  0.1000000E-03           1
|101101101000100011000101> :  0.8521050E-05  0.1000000E-03           1
|101101111111000000001100> :  0.5079277E-08  0.1000000E-03           1
|010010011101011100111010> :  0.8523668E-05  0.1000000E-03           1
|010010011111011100110010> :  0.5756999E-04  0.1000000E-03           1
|010010110111111000110010> :  0.4499080E-07  0.1000000E-03           1
|001001011000011100101111> :  0.7561328E-08  0.1000000E-03           1
|010000011001011100111011> :  0.9209720E-06  0.1000000E-03           1
|110010000011111100110010> :  0.3630989E-06  0.1000000E-03           1
|010110010111011100110011> :  0.1588766E-05  0.1000000E-03           1
|010000010111110101110010> :  0.8237355E-06  0.1000000E-03           1
|001101011100001010001100> :  0.6623650E-08  0.1000000E-03           1
|010111011011010000010110> :  0.8605722E-08  0.1000000E-03           1
|110110100011110010111000> :  0.9480088E-09  0.1000000E-03           1
|011000101101110100101010> :  0.5117498E-08  0.1000000E-03           1
|011100110000100011000101> :  0.3360766E-08  0.1000000E-03           1
|010100111011100100010110> :  0.9864054E-07  0.1000000E-03           1
|010100010010101101110011> :  0.5484341E-07  0.1000000E-03           1
|100111110000100100010101> :  0.6567514E-08  0.1000000E-03           1
|100111110010100011001000> :  0.1880749E-07  0.1000000E-03           1
|101000001110110110110010> :  0.6561242E-08  0.1000000E-03           1
|101001111011100101001100> :  0.4479944E-07  0.1000000E-03           1
|101011100000100011101001> :  0.7827137E-05  0.1000000E-03           1
|101011100100100010001101> :  0.8610018E-05  0.1000000E-03           1
|101101001000100111001101> :  0.1935145E-06  0.1000000E-03           1
|101101100000100011001101> :  0.5756999E-04  0.1000000E-03           1
|101101100001000010001101> :  0.1769818E-05  0.1000000E-03           1
|101101100100110010001101> :  0.1735455E-06  0.1000000E-03           1
|010000010011111100110010> :  0.9738727E-05  0.1000000E-03           1
|101101111001100111001100> :  0.3701156E-06  0.1000000E-03           1
|010011011110011100101011> :  0.7041763E-06  0.1000000E-03           1
|101111100011110010101010> :  0.5689014E-06  0.1000000E-03           1
|101110110011100010010100> :  0.9706148E-07  0.1000000E-03           1
|101110111010100010010110> :  0.8159777E-09  0.1000000E-03           1
|101111000000111011001000> :  0.2455228E-07  0.1000000E-03           1
|101111100001100011100000> :  0.3448870E-07  0.1000000E-03           1
|010011011101011000001110> :  0.3664760E-08  0.1000000E-03           1
|101111100000101011001101> :  0.1648681E-04  0.1000000E-03           1
|010000010010111100110010> :  0.1910386E-05  0.1000000E-03           1
|001101001011110010101000> :  0.5672988E-07  0.1000000E-03           1
|101111100100000010001101> :  0.9586825E-05  0.1000000E-03           1
|101111100100110010001101> :  0.8756647E-05  0.1000000E-03           1
|101111101101010010001101> :  0.2389448E-06  0.1000000E-03           1
|101111110000111000001101> :  0.8476129E-07  0.1000000E-03           1
|101111110001100011001100> :  0.8521646E-05  0.1000000E-03           1
|101111110101100010001101> :  0.3294107E-05  0.1000000E-03           1
|101111110110100011000110> :  0.2274433E-07  0.1000000E-03           1
|110000011100011100111110> :  0.7158996E-07  0.1000000E-03           1
|001001001111011110101010> :  0.1312452E-03  0.1000000E-03           1
|110100001001110100011000> :  0.7701611E-08  0.1000000E-03           1
|110110001111010000110010> :  0.4575204E-07  0.1000000E-03           1
|110110100000100011010101> :  0.2862313E-03  0.1000000E-03           1
|000100001011110010011010> :  0.4937717E-08  0.1000000E-03           1
|110110110000100001010101> :  0.1312452E-03  0.1000000E-03           1
|110111111100001000000101> :  0.1358688E-08  0.1000000E-03           1
|111000111100000101001110> :  0.6689520E-07  0.1000000E-03           1
|111010100000101101000101> :  0.7028625E-08  0.1000000E-03           1
|111111110010100001010101> :  0.2164993E-05  0.1000000E-03           1
|000010011000110101110011> :  0.9049991E-09  0.1000000E-03           1
