# state, exact probability, frequency, count:
#------------------------------------------------------------------
|1110010001110101101001000101110010> :  0.4611097E-01  0.4760000E-01         476
|0001101110001010010110111010001101> :  0.4611097E-01  0.4720000E-01         472
|0011101110000010010110111010001101> :  0.3751434E-01  0.3850000E-01         385
|0011000101110010100110111110001100> :  0.3751341E-01  0.3840000E-01         384
|1100111010001101011001000001110011> :  0.3751341E-01  0.3840000E-01         384
|1100010001111101101001000101110010> :  0.3751434E-01  0.3700000E-01         370
|0011001101100010100110111110001100> :  0.3696784E-01  0.3560000E-01         356
|1100110010011101011001000001110011> :  0.3696784E-01  0.3560000E-01         356
|1110110000110101101001000101110010> :  0.3255800E-01  0.3140000E-01         314
|0001001111001010010110111010001101> :  0.3255800E-01  0.2900000E-01         290
|1100111010001101011001010001100011> :  0.2542543E-01  0.2750000E-01         275
|0111000111010010000110101110011100> :  0.2732851E-01  0.2740000E-01         274
|1000111000101101111001010001100011> :  0.2732851E-01  0.2660000E-01         266
|0111000101010010100110101110011100> :  0.2440654E-01  0.2530000E-01         253
|0011000101110010100110101110011100> :  0.2542543E-01  0.2350000E-01         235
|1000111010101101011001010001100011> :  0.2440654E-01  0.2280000E-01         228
|0011101100100010100110111110001100> :  0.1786639E-01  0.1900000E-01         190
|1100010011011101011001000001110011> :  0.1786639E-01  0.1790000E-01         179
|1100110000111101101001000101110010> :  0.1593895E-01  0.1710000E-01         171
|0111010001110101101001000101110010> :  0.1758761E-01  0.1710000E-01         171
|1010101110000010010110111010001101> :  0.1702815E-01  0.1660000E-01         166
|0101010001111101101001000101110010> :  0.1702815E-01  0.1610000E-01         161
|1000101110001010010110111010001101> :  0.1758761E-01  0.1560000E-01         156
|0011001111000010010110111010001101> :  0.1593895E-01  0.1460000E-01         146
|1110000001110101101001001101110010> :  0.1274353E-01  0.1370000E-01         137
|1110100000110101101001001101110010> :  0.1328658E-01  0.1330000E-01         133
|0001011111001010010110110010001101> :  0.1328658E-01  0.1260000E-01         126
|0001111110001010010110110010001101> :  0.1274353E-01  0.1250000E-01         125
|1110000011010100001001001111110100> :  0.5575690E-02  0.7600000E-02          76
|1000111000101101111001010101100010> :  0.7221356E-02  0.7400000E-02          74
|0111000111010010000110101010011101> :  0.7221356E-02  0.6900000E-02          69
|1000111110001010010110110010001101> :  0.5068080E-02  0.6400000E-02          64
|1000111100101011110110110000001011> :  0.5159076E-02  0.6400000E-02          64
|0001111100101011110110110000001011> :  0.5575690E-02  0.5100000E-02          51
|0111000011010100001001001111110100> :  0.5159076E-02  0.4700000E-02          47
|0001111110101011010110110000001011> :  0.4828609E-02  0.4600000E-02          46
|0111000001010100101001001111110100> :  0.4369036E-02  0.4600000E-02          46
|1000111110101011010110110000001011> :  0.4369036E-02  0.4500000E-02          45
|1110000001010100101001001111110100> :  0.4828609E-02  0.4500000E-02          45
|1010101100100010100110111110001100> :  0.4372326E-02  0.4400000E-02          44
|1100101110001000010111111010001011> :  0.2534543E-02  0.4200000E-02          42
|0111000001110101101001001101110010> :  0.5068080E-02  0.4100000E-02          41
|1110000011010100001001001011110101> :  0.3576124E-02  0.4000000E-02          40
|0101010011011101011001000001110011> :  0.4372326E-02  0.3800000E-02          38
|1110000011010101001001001001110011> :  0.2518813E-02  0.3700000E-02          37
|1110000001010100101001001111110010> :  0.2182691E-02  0.3500000E-02          35
|0111000011010100001001001011110101> :  0.3314281E-02  0.3400000E-02          34
|0001111100101011110110110100001100> :  0.2480319E-02  0.3100000E-02          31
|1000111010101111011001010001100101> :  0.2189214E-02  0.3100000E-02          31
|1000111100101011110110110100001010> :  0.3314281E-02  0.2900000E-02          29
|0001111100101010110110110110001100> :  0.2518813E-02  0.2800000E-02          28
|0011010001110111101000000101110010> :  0.2791038E-02  0.2800000E-02          28
|0001111110101011010110110000001101> :  0.2182691E-02  0.2800000E-02          28
|0111000101010000100110101110011010> :  0.2189214E-02  0.2700000E-02          27
|0001111100101011110110110100001010> :  0.3576124E-02  0.2700000E-02          27
|1100101110001000010111111010001101> :  0.2791038E-02  0.2700000E-02          27
|0111000001010100101001001111110010> :  0.1933969E-02  0.2600000E-02          26
|0011010001110111101000000101110100> :  0.2534543E-02  0.2600000E-02          26
|0011000001110111101000001101110100> :  0.2021288E-02  0.2500000E-02          25
|0111000011010100001001001011110011> :  0.2204631E-02  0.2400000E-02          24
|1100111110001000010111110010001101> :  0.1785062E-02  0.2000000E-02          20
|1000111010001111011001010011100101> :  0.1212007E-02  0.2000000E-02          20
|1000111100101001110111110000001011> :  0.1487555E-02  0.2000000E-02          20
|1110000011010100001001001011110011> :  0.2480319E-02  0.2000000E-02          20
|1110010011010101001001000001110011> :  0.1658338E-02  0.1900000E-02          19
|1000111100101010110110110110001100> :  0.1859172E-02  0.1800000E-02          18
|1100111110001000010111110010001011> :  0.2021288E-02  0.1800000E-02          18
|0111000111010000000111001110011100> :  0.1683904E-02  0.1800000E-02          18
|1000111110101011010110110000001101> :  0.1933969E-02  0.1700000E-02          17
|0001101100101010110110111110001100> :  0.1658338E-02  0.1700000E-02          17
|0011000001110111101000001101110010> :  0.1785062E-02  0.1700000E-02          17
|1010110000110101101001010101100010> :  0.1258099E-02  0.1500000E-02          15
|0101010111011010010110100010011101> :  0.1288726E-02  0.1500000E-02          15
|0111000011010101001001001001110011> :  0.1859172E-02  0.1500000E-02          15
|1110100000010100101001001111110100> :  0.1148111E-02  0.1400000E-02          14
|0111000011010110001000001111110100> :  0.1487555E-02  0.1400000E-02          14
|1000111110101001010111110000001011> :  0.1449030E-02  0.1400000E-02          14
|1010101000100101101001011101100010> :  0.1288726E-02  0.1400000E-02          14
|0011010001110101101001000101110010> :  0.6657233E-03  0.1400000E-02          14
|0011001101100010100110111100001010> :  0.1030090E-02  0.1300000E-02          13
|0111000101010000100110101110011100> :  0.9758459E-03  0.1300000E-02          13
|0111000101010000100111001110011100> :  0.1780633E-02  0.1300000E-02          13
|1000111010101111011000110001100101> :  0.1334545E-02  0.1200000E-02          12
|1100010011011101011001000011110101> :  0.1410828E-02  0.1200000E-02          12
|0111000001110101100111001101110010> :  0.5916159E-03  0.1200000E-02          12
|1010111000100101101001010101100010> :  0.1208659E-02  0.1200000E-02          12
|0111000111010000000111001010011101> :  0.1003569E-02  0.1200000E-02          12
|0111000001010110101000001111110100> :  0.1449030E-02  0.1200000E-02          12
|1010101100100010100110111100001010> :  0.9870214E-03  0.1200000E-02          12
|1100111110001001010111110000001011> :  0.8553532E-03  0.1200000E-02          12
|0001011101101011110110110000001011> :  0.1030014E-02  0.1100000E-02          11
|0111000101010000100111001110011010> :  0.1334545E-02  0.1100000E-02          11
|1000111010101111011000110001100011> :  0.1780633E-02  0.1100000E-02          11
|0111000101110000100110101100011010> :  0.1212007E-02  0.1100000E-02          11
|1000101100101010110110111110001100> :  0.1097447E-02  0.1100000E-02          11
|1000111100101011110110110100001100> :  0.2204631E-02  0.1100000E-02          11
|1000111000101111111000110001100011> :  0.1683904E-02  0.1100000E-02          11
|0011000001110110101000001111110100> :  0.8553532E-03  0.1100000E-02          11
|1100110010011101011001000011110101> :  0.1030090E-02  0.1000000E-02          10
|0101011111001010010110100010011101> :  0.9058628E-03  0.1000000E-02          10
|0101001111001010010110101010011101> :  0.1258099E-02  0.1000000E-02          10
|1000111010101111011001010001100011> :  0.9758459E-03  0.1000000E-02          10
|1110100010010101001001001001110011> :  0.5732036E-03  0.9000000E-03           9
|0001011101101010110110110110001100> :  0.5732036E-03  0.9000000E-03           9
|1110100010010100001001001111110100> :  0.1030014E-02  0.9000000E-03           9
|0101010111011010011100100010011101> :  0.5375510E-03  0.9000000E-03           9
|0101010011011101011001000011110101> :  0.9870214E-03  0.9000000E-03           9
|0111000011010110001000001011110101> :  0.6655268E-03  0.9000000E-03           9
|0111010011010101001001000001110011> :  0.1097447E-02  0.9000000E-03           9
|1000111000101111111001010101100100> :  0.6794389E-03  0.8000000E-03           8
|0101010011011111011000000011110101> :  0.2344451E-03  0.8000000E-03           8
|1000111000101111111001010001100011> :  0.6221056E-03  0.8000000E-03           8
|0111000111010000000110101110011100> :  0.6221056E-03  0.8000000E-03           8
|0001011111101011010110110000001011> :  0.1148111E-02  0.8000000E-03           8
|0111000111010000000110101010011011> :  0.6794389E-03  0.7000000E-03           7
|0011000101110010100110101100011010> :  0.6583849E-03  0.7000000E-03           7
|1100111010001101011001000011110101> :  0.6518333E-03  0.7000000E-03           7
|1110100010010100001001001011110101> :  0.6790596E-03  0.7000000E-03           7
|0001011111101011010110110000001101> :  0.4786030E-03  0.7000000E-03           7
|1110100010010100001001001011110011> :  0.4945962E-03  0.7000000E-03           7
|1010100000110101101001011101100010> :  0.9058628E-03  0.7000000E-03           7
|1000111100101001110111110100001010> :  0.6655268E-03  0.7000000E-03           7
|0101000111011010010110101010011101> :  0.1208659E-02  0.6000000E-03           6
|1000111000101111111000110101100010> :  0.1003569E-02  0.6000000E-03           6
|0011000101110010100110111100001010> :  0.6518333E-03  0.6000000E-03           6
|1010101000100101100011011101100010> :  0.5375510E-03  0.6000000E-03           6
|1000111110001010011000110010001101> :  0.5916159E-03  0.6000000E-03           6
|1100101110001010010110111010001101> :  0.6657233E-03  0.6000000E-03           6
|0001010001111111101000000101110010> :  0.5664688E-03  0.6000000E-03           6
|1110101110000000010111111010001101> :  0.5664688E-03  0.5000000E-03           5
|0101001111001010010110111010001101> :  0.2230275E-03  0.5000000E-03           5
|0011101110000010010110111010101101> :  0.1751709E-03  0.5000000E-03           5
|0101010111011000011101000010011011> :  0.1718299E-03  0.5000000E-03           5
|0001001101101010110110111110001100> :  0.4623486E-03  0.5000000E-03           5
|1110110010010101001001000001110011> :  0.4623486E-03  0.5000000E-03           5
|1010010001110101101001000101110010> :  0.2591441E-03  0.5000000E-03           5
|1000110000111101101001010101100010> :  0.4023133E-03  0.5000000E-03           5
|1110101110010000000011001011110101> :  0.3567157E-03  0.5000000E-03           5
|0111000101110000100111001100011010> :  0.5057016E-03  0.5000000E-03           5
|0111001111000010010110101010011101> :  0.4023133E-03  0.5000000E-03           5
|1110101110000000010111111010001011> :  0.5790539E-03  0.5000000E-03           5
|1110101110000000010111001010011011> :  0.1212652E-03  0.5000000E-03           5
|1110101110000010010110111010001101> :  0.1922305E-03  0.5000000E-03           5
|1000111110001010010100110010001101> :  0.2061098E-03  0.5000000E-03           5
|0101101110001010010110111010001101> :  0.2591441E-03  0.5000000E-03           5
|0001010001111111101100110100100010> :  0.3500879E-03  0.5000000E-03           5
|0101010011011101011001000001110111> :  0.1963677E-03  0.5000000E-03           5
|0101010111011000011100100010011011> :  0.1012121E-03  0.4000000E-03           4
|0111000101010010100110001110011100> :  0.1968647E-03  0.4000000E-03           4
|1110100110010000001011001011110101> :  0.2411129E-03  0.4000000E-03           4
|0001010101111011100110110100001100> :  0.1249890E-03  0.4000000E-03           4
|1000111000101101111001110001100011> :  0.2253012E-03  0.4000000E-03           4
|0001011101101011110110110100001100> :  0.4945962E-03  0.4000000E-03           4
|0011000111010010000110111110001100> :  0.2176072E-03  0.4000000E-03           4
|1010101000100111100010111101100100> :  0.1718299E-03  0.4000000E-03           4
|0001010001101111111000110101100010> :  0.1753845E-03  0.4000000E-03           4
|0011001101100010100110111110001000> :  0.3166009E-03  0.4000000E-03           4
|1110100110010000001011001111110100> :  0.2341950E-03  0.4000000E-03           4
|1110100100010000101011001111110100> :  0.1982177E-03  0.4000000E-03           4
|1100101110001000010011011011001011> :  0.1139499E-03  0.4000000E-03           4
|0111010001110101101001000101110110> :  0.1913820E-03  0.4000000E-03           4
|1000111010101101011001010001100111> :  0.3020689E-03  0.4000000E-03           4
|1110101110010000000011001011011101> :  0.3694303E-03  0.4000000E-03           4
|1100111110001000010011000011011011> :  0.8899089E-04  0.4000000E-03           4
|0001111110001011010110110010001101> :  0.2048705E-03  0.4000000E-03           4
|0001010001111111101100100100110010> :  0.1802435E-03  0.4000000E-03           4
|0001011101101011110110110100001010> :  0.6790596E-03  0.4000000E-03           4
|1110101110000000010011011011001101> :  0.1802435E-03  0.3000000E-03           3
|1110101110010000000011001011011011> :  0.2012780E-03  0.3000000E-03           3
|1100010011011101001001000001110011> :  0.7409612E-04  0.3000000E-03           3
|1100101110001000010011001011011011> :  0.1322051E-03  0.3000000E-03           3
|1110101000110101100011001101110010> :  0.5374520E-03  0.3000000E-03           3
|0001010111001010010110110010001101> :  0.1875561E-03  0.3000000E-03           3
|0001010001101111111100110100001010> :  0.3567157E-03  0.3000000E-03           3
|1010110000110101101001000101110010> :  0.2230275E-03  0.3000000E-03           3
|0001010001101111111100110100100010> :  0.3694303E-03  0.3000000E-03           3
|1010101000100111101000111101100100> :  0.1623576E-03  0.3000000E-03           3
|0111000111010000000111001010011011> :  0.4960905E-03  0.3000000E-03           3
|0011000101110010100110111100001100> :  0.5055804E-04  0.3000000E-03           3
|1110101110010000000111001110011100> :  0.1141197E-03  0.3000000E-03           3
|0011101110000010000110111110001100> :  0.1551842E-03  0.3000000E-03           3
|1100111000101101111001000001110011> :  0.2176072E-03  0.3000000E-03           3
|0001010101101011111100110100001100> :  0.1312049E-03  0.3000000E-03           3
|1110101110010000000011001111011100> :  0.2010116E-03  0.3000000E-03           3
|1100110000111101111001000001110011> :  0.1115370E-03  0.3000000E-03           3
|1110101110010000000011001011110011> :  0.2149115E-03  0.3000000E-03           3
|0011000101111010100110101110011100> :  0.1314540E-03  0.3000000E-03           3
|1110101110000000010011001011110101> :  0.2579031E-03  0.3000000E-03           3
|0011010001110111101100110100100010> :  0.1525668E-03  0.3000000E-03           3
|0101010001111101101001000101010010> :  0.1793237E-03  0.3000000E-03           3
|0111010001110101101000000101110010> :  0.3273892E-03  0.3000000E-03           3
|1100111110001100011001010011000101> :  0.5137765E-04  0.3000000E-03           3
|0001011001101111110100110000100011> :  0.1585606E-03  0.3000000E-03           3
|0111000111010000000110101010011101> :  0.4668028E-03  0.3000000E-03           3
|0001010011101111011100110000100011> :  0.1506517E-03  0.3000000E-03           3
|0101010111011000010111000010011011> :  0.1623576E-03  0.3000000E-03           3
|0011001001100111100110111100100010> :  0.3273843E-04  0.3000000E-03           3
|1100010011011101011001000001010011> :  0.2678337E-03  0.3000000E-03           3
|1100010001111101111001000001110011> :  0.1551842E-03  0.3000000E-03           3
|0001010001111111101000110101100100> :  0.1212652E-03  0.3000000E-03           3
|0001011111001010010110110010011101> :  0.1580527E-03  0.3000000E-03           3
|1110000111010000001011001111110100> :  0.1661020E-03  0.3000000E-03           3
|0111000101010000101011001111110100> :  0.1425148E-03  0.3000000E-03           3
|0001010001101111111100110000100011> :  0.2010116E-03  0.3000000E-03           3
|0001101110001010010110111010001001> :  0.1794308E-03  0.3000000E-03           3
|1010101100100010100110111110001000> :  0.1963677E-03  0.3000000E-03           3
|0001010001111111101000110101100010> :  0.1644308E-03  0.3000000E-03           3
|1100111110001000011001010011001011> :  0.1071594E-03  0.3000000E-03           3
|1100111110001010010110110010001101> :  0.2777727E-03  0.3000000E-03           3
|0111000001110101101001001101110110> :  0.1866629E-03  0.3000000E-03           3
|1000101110001010010111111010001101> :  0.3273892E-03  0.3000000E-03           3
|0011101100100010100110111100001010> :  0.1410828E-02  0.3000000E-03           3
|0111000101010010100110101110011000> :  0.3020689E-03  0.3000000E-03           3
|0001111000101111110100110000001011> :  0.1661020E-03  0.3000000E-03           3
|0011101100100010100110111110001000> :  0.3193573E-03  0.3000000E-03           3
|1100101110001000010011001011011101> :  0.1525668E-03  0.2000000E-03           2
|1010101110000010010110111010101101> :  0.1793237E-03  0.2000000E-03           2
|0001011001101111110100110100001010> :  0.2411129E-03  0.2000000E-03           2
|0101011111001010010110110010001101> :  0.1266747E-03  0.2000000E-03           2
|0101010101111001100111000100011010> :  0.2624734E-04  0.2000000E-03           2
|1000010001111101101001000101110010> :  0.1063495E-03  0.2000000E-03           2
|0001011011101111010100110000001011> :  0.1982177E-03  0.2000000E-03           2
|0101010111011000010110100010011011> :  0.1464973E-03  0.2000000E-03           2
|0001010011101111011100110000001011> :  0.1321304E-03  0.2000000E-03           2
|0011000001110101101001001101110010> :  0.2777727E-03  0.2000000E-03           2
|1100111010001101011001010011100101> :  0.6583849E-03  0.2000000E-03           2
|1110101010000100010011001011110101> :  0.1695143E-03  0.2000000E-03           2
|0111000001110101101000001101110010> :  0.1763762E-03  0.2000000E-03           2
|1000111010100101011001010001100011> :  0.6120720E-04  0.2000000E-03           2
|1010101110000010000110111110001100> :  0.1091336E-03  0.2000000E-03           2
|1000111000101101110001010101100010> :  0.1690442E-04  0.2000000E-03           2
|1111010001110101101001000101110010> :  0.5953429E-04  0.2000000E-03           2
|0001010101111010100110100110011100> :  0.2527160E-04  0.2000000E-03           2
|1100010001110101101001000101110010> :  0.9827512E-04  0.2000000E-03           2
|1100111010000100011001001011110011> :  0.6249242E-04  0.2000000E-03           2
|0001010001111111101100110100001100> :  0.2353608E-03  0.2000000E-03           2
|0011101100101010100110111110001100> :  0.1639656E-03  0.2000000E-03           2
|1100111010001101011001010011100011> :  0.4022900E-04  0.2000000E-03           2
|1010101100100010100111111110001100> :  0.5703016E-04  0.2000000E-03           2
|0111000111010010001110101110011100> :  0.3725606E-04  0.2000000E-03           2
|0111000001010101101001001101110010> :  0.1656750E-03  0.2000000E-03           2
|1110000111010000001011001011110101> :  0.1326974E-03  0.2000000E-03           2
|1110000111010000001011001111011100> :  0.1007858E-03  0.2000000E-03           2
|1110101010010100000011001011110011> :  0.1312049E-03  0.2000000E-03           2
|0001010011101111011100110000100101> :  0.1105921E-03  0.2000000E-03           2
|0011000101111011100110110100001100> :  0.6249242E-04  0.2000000E-03           2
|0011000101111011100110100100011100> :  0.4742753E-04  0.2000000E-03           2
|1010101010000110010011011011100101> :  0.5419813E-04  0.2000000E-03           2
|0011101100100010100110111110101100> :  0.2678337E-03  0.2000000E-03           2
|1000111010001111011000110011100101> :  0.5057016E-03  0.2000000E-03           2
|0001011011101111010100110000100011> :  0.1344306E-03  0.2000000E-03           2
|1010110000110111101000110101100010> :  0.3394855E-04  0.2000000E-03           2
|1000111000101111111000110101100100> :  0.4960905E-03  0.2000000E-03           2
|1010110000110111101001010101100100> :  0.4911645E-04  0.2000000E-03           2
|1110101110010000000011001111110100> :  0.1900849E-03  0.2000000E-03           2
|1010101000100111100110111100100100> :  0.1203849E-03  0.2000000E-03           2
|0001010011101111011000110001100011> :  0.9466068E-04  0.2000000E-03           2
|1100010011011101011001000011110011> :  0.2262821E-03  0.2000000E-03           2
|0001010001111111101100100100011010> :  0.1273778E-03  0.2000000E-03           2
|0001011101101011110100110000001011> :  0.3241828E-04  0.2000000E-03           2
|1110101100010000100011001111110010> :  0.9790955E-04  0.2000000E-03           2
|1000111110001010010110110010001001> :  0.1866629E-03  0.2000000E-03           2
|0101010011011101011000000001110011> :  0.5703016E-04  0.2000000E-03           2
|1110101110000000010011001011011011> :  0.2790021E-03  0.2000000E-03           2
|0011010001110111101100110100100100> :  0.1322051E-03  0.2000000E-03           2
|1100010011010101011001000001110011> :  0.1639656E-03  0.2000000E-03           2
|1010101000100111100010111101100010> :  0.7070426E-04  0.2000000E-03           2
|0111000111010000001011001111110100> :  0.1249577E-03  0.2000000E-03           2
|1110000101010000101011001111110010> :  0.9945259E-04  0.2000000E-03           2
|0001011111101010010110110010001101> :  0.3255809E-04  0.2000000E-03           2
|1110101110000000010111001010011101> :  0.1644308E-03  0.2000000E-03           2
|0111000001110101101011001101110010> :  0.2061098E-03  0.2000000E-03           2
|0101010001111101111001000001110011> :  0.1091336E-03  0.2000000E-03           2
|0001010101111011101100110100001010> :  0.1695143E-03  0.2000000E-03           2
|1100101110001000010011011011001101> :  0.1488330E-03  0.2000000E-03           2
|0001010001101111111000010001110011> :  0.8623789E-04  0.2000000E-03           2
|1110101100010000100011001111011010> :  0.1105921E-03  0.2000000E-03           2
|0011000001110111100110111100100100> :  0.1028019E-03  0.2000000E-03           2
|0011000001110111101100101100110010> :  0.1046159E-03  0.2000000E-03           2
|1100101110001000010111001010011011> :  0.7622523E-04  0.2000000E-03           2
|1100110010011101011001000001110111> :  0.3166009E-03  0.2000000E-03           2
|1010100000110101101001001101110010> :  0.1266747E-03  0.2000000E-03           2
|1000101110001010010110111010001001> :  0.1913820E-03  0.2000000E-03           2
|1110000001110101101001001101110110> :  0.1607632E-03  0.2000000E-03           2
|0011000001110111100110101100110010> :  0.8757940E-04  0.2000000E-03           2
|0001111000101111110100110100001010> :  0.1326974E-03  0.2000000E-03           2
|1100111110001001011001010001001011> :  0.4930834E-04  0.2000000E-03           2
|1110101110010000000111001010011101> :  0.1753845E-03  0.2000000E-03           2
|1100111010001101011001000001110111> :  0.2747035E-03  0.2000000E-03           2
|1110010001110101101001000101110110> :  0.1794308E-03  0.2000000E-03           2
|1010101110001010010110111010001101> :  0.5455629E-04  0.2000000E-03           2
|1010100000110111101000111101100010> :  0.3119994E-04  0.2000000E-03           2
|0011101110001010010110111010001101> :  0.9827512E-04  0.2000000E-03           2
|1000111000101111110100110000001011> :  0.1249577E-03  0.2000000E-03           2
|0011000101110010100110111110001000> :  0.2747035E-03  0.2000000E-03           2
|1000111000101101110101110000001011> :  0.4102628E-04  0.1000000E-03           1
|1110101110001000010111111010001101> :  0.1465870E-05  0.1000000E-03           1
|1100110110011001011001000001011011> :  0.2120788E-04  0.1000000E-03           1
|1100110110011000011001000011011011> :  0.5478738E-04  0.1000000E-03           1
|0100101111001000010111111010001011> :  0.2943153E-07  0.1000000E-03           1
|0100101110001000010111111010001011> :  0.7865806E-06  0.1000000E-03           1
|1100101010000101011001001010111101> :  0.8966426E-09  0.1000000E-03           1
|1001100111011010010110111010001101> :  0.2133261E-06  0.1000000E-03           1
|1100101110001000010111011010001011> :  0.2168773E-04  0.1000000E-03           1
|1100010001111101111001000101110010> :  0.2387213E-04  0.1000000E-03           1
|1110100110010000001011001011011101> :  0.1765208E-03  0.1000000E-03           1
|0101101110001000010110111010001011> :  0.1204167E-05  0.1000000E-03           1
|0001010101111011100110100100011010> :  0.8438155E-04  0.1000000E-03           1
|0101010101111001101101000100011010> :  0.4705416E-04  0.1000000E-03           1
|1101010001111101101001000101110010> :  0.3517683E-04  0.1000000E-03           1
|0001011011101111010100110000001101> :  0.1312803E-03  0.1000000E-03           1
|0001011011001111010100110010001101> :  0.3996232E-04  0.1000000E-03           1
|0101010101111001101001000101011010> :  0.2528616E-04  0.1000000E-03           1
|0101010111011000011101000010011101> :  0.7070426E-04  0.1000000E-03           1
|1100010111011000011001000011011101> :  0.3904263E-04  0.1000000E-03           1
|0101010111011000010111000010011101> :  0.7541160E-04  0.1000000E-03           1
|0010100111110011010110101000001011> :  0.7472031E-09  0.1000000E-03           1
|1010101110000010010110111010001001> :  0.4914412E-04  0.1000000E-03           1
|1110100110010000001011001011011011> :  0.8225326E-04  0.1000000E-03           1
|0010001111010010000110101010001101> :  0.5256636E-08  0.1000000E-03           1
|0001010101101011111100110100001010> :  0.1624630E-03  0.1000000E-03           1
|0011001111000010010110111010101101> :  0.2050353E-04  0.1000000E-03           1
|0011001111000010010110111010011101> :  0.7839837E-04  0.1000000E-03           1
|0001011001101111110100110000001011> :  0.2341950E-03  0.1000000E-03           1
|0101010001111101101101000100011010> :  0.3171582E-04  0.1000000E-03           1
|0101000111011000010110101010011101> :  0.1096678E-04  0.1000000E-03           1
|0101010111011001011101000000011011> :  0.1215766E-03  0.1000000E-03           1
|0111000111010010000110101010111101> :  0.9702758E-05  0.1000000E-03           1
|0111000111010010000110101010001101> :  0.3245636E-04  0.1000000E-03           1
|0111000111010010000110001010011101> :  0.1133415E-03  0.1000000E-03           1
|1110000111010000001011001011011101> :  0.8804218E-04  0.1000000E-03           1
|1100111110001100011001000011010101> :  0.5260250E-04  0.1000000E-03           1
|0001010101101011111100110000001011> :  0.6951810E-04  0.1000000E-03           1
|0001010001111101101001000101110010> :  0.1922305E-03  0.1000000E-03           1
|0001111010101111010100110000100101> :  0.5600286E-04  0.1000000E-03           1
|0101001111001000010111001010011011> :  0.4151050E-04  0.1000000E-03           1
|0111001111000000010111001010011011> :  0.9598460E-05  0.1000000E-03           1
|0101000111011000010111001010011011> :  0.5393770E-04  0.1000000E-03           1
|1110000101110000101011001101011010> :  0.1844043E-04  0.1000000E-03           1
|0001011111001010010110110010001001> :  0.3124262E-04  0.1000000E-03           1
|1010101000110110100111111110101000> :  0.8391105E-09  0.1000000E-03           1
|1110000111010001001001000001011011> :  0.1271351E-08  0.1000000E-03           1
|1001101110000010010111011011100101> :  0.9968831E-08  0.1000000E-03           1
|1010101110000010010011011011100101> :  0.4088795E-04  0.1000000E-03           1
|1110101010010100001001001011110101> :  0.2233597E-04  0.1000000E-03           1
|1110101010010100000011001011110101> :  0.1624630E-03  0.1000000E-03           1
|1100111110001100011001000011010011> :  0.6867421E-04  0.1000000E-03           1
|1110100010010100001011001011110101> :  0.4116920E-04  0.1000000E-03           1
|1000111010101111010100110000100011> :  0.6619286E-04  0.1000000E-03           1
|0001010011101111011000010001110101> :  0.4225707E-04  0.1000000E-03           1
|0001111010101111010100110000100011> :  0.8454205E-04  0.1000000E-03           1
|0011010001110111101100100100110010> :  0.1488330E-03  0.1000000E-03           1
|1000111010101101011001110001100011> :  0.1968647E-03  0.1000000E-03           1
|1000111010101101011001010001110011> :  0.3576553E-04  0.1000000E-03           1
|0111000101010000000110101010011010> :  0.5369446E-06  0.1000000E-03           1
|1100111010101101011001010001100011> :  0.4262616E-04  0.1000000E-03           1
|0111000111010000001011001011110101> :  0.6917003E-04  0.1000000E-03           1
|1110111000110101101001000101110010> :  0.9173535E-04  0.1000000E-03           1
|0011010001110111101000100101110010> :  0.2642657E-04  0.1000000E-03           1
|1000111010101101011001010001000011> :  0.1566141E-03  0.1000000E-03           1
|1000111010101101010001010001100011> :  0.2907079E-04  0.1000000E-03           1
|1000111000101111111001010101100010> :  0.4668028E-03  0.1000000E-03           1
|0001111000101111110100110100001100> :  0.5733285E-04  0.1000000E-03           1
|1100111010011101011001000001110011> :  0.3149557E-04  0.1000000E-03           1
|0001001111001010010110111010001001> :  0.2453725E-04  0.1000000E-03           1
|1110101110010000000111101110001100> :  0.8623789E-04  0.1000000E-03           1
|1000111000101111110100110100100010> :  0.4063626E-04  0.1000000E-03           1
|1100111010001101011001010001000011> :  0.1079556E-03  0.1000000E-03           1
|1100111010001101011001000011110011> :  0.5055804E-04  0.1000000E-03           1
|0001111000101111110100110100100010> :  0.8804218E-04  0.1000000E-03           1
|0011010001110101101100110100100010> :  0.1367996E-06  0.1000000E-03           1
|1010101100100010100110111110101100> :  0.1115392E-03  0.1000000E-03           1
|1100111010001101011001000001010011> :  0.1031003E-03  0.1000000E-03           1
|1100111000101101111001010101100010> :  0.2895214E-04  0.1000000E-03           1
|1100111010000101011001010001100011> :  0.1314540E-03  0.1000000E-03           1
|0011101100100010100110111100001100> :  0.2262821E-03  0.1000000E-03           1
|1010101100100010100010111110001100> :  0.1106984E-03  0.1000000E-03           1
|1100111010000101011001000001110011> :  0.1012878E-03  0.1000000E-03           1
|1110000001110100101001001101110010> :  0.2048705E-03  0.1000000E-03           1
|0011101100100010000110111110001100> :  0.4553608E-04  0.1000000E-03           1
|1110101100010000100111001110011100> :  0.9466068E-04  0.1000000E-03           1
|1000111000101101111001010001100010> :  0.2345348E-04  0.1000000E-03           1
|1110101100000000100111111110001100> :  0.3067416E-04  0.1000000E-03           1
|1111100110010010000110111110001100> :  0.5572488E-08  0.1000000E-03           1
|0011100101110010100110111110001100> :  0.6269333E-05  0.1000000E-03           1
|1100111000101101111001000101110010> :  0.4333843E-04  0.1000000E-03           1
|0111100101000010111110101110001100> :  0.2847682E-08  0.1000000E-03           1
|1100111000101101111001010001100011> :  0.1241715E-03  0.1000000E-03           1
|0001011001101111110100110100001100> :  0.1180982E-03  0.1000000E-03           1
|0001010101111011101100110100001100> :  0.1859114E-03  0.1000000E-03           1
|1000111000101101111001010001000011> :  0.7281363E-04  0.1000000E-03           1
|0011010101110010100110111110001100> :  0.9987024E-06  0.1000000E-03           1
|1000111000101101101001010101100010> :  0.1411610E-03  0.1000000E-03           1
|0011101100000010100110111110001100> :  0.6169020E-04  0.1000000E-03           1
|1110000001010101101001001101110010> :  0.2135932E-03  0.1000000E-03           1
|1110101100010000100111101110001100> :  0.7987242E-04  0.1000000E-03           1
|0101000111011010010110101010011001> :  0.3070156E-05  0.1000000E-03           1
|1010101100100010000110111110001100> :  0.2532039E-04  0.1000000E-03           1
|0111100101000010100110111110101000> :  0.5517668E-09  0.1000000E-03           1
|0011000101110010100110101110011000> :  0.2496341E-03  0.1000000E-03           1
|1010101100100010100110111100001100> :  0.1970858E-03  0.1000000E-03           1
|0001010101101011110110110100001100> :  0.2329825E-04  0.1000000E-03           1
|1100110010111101011001000001110011> :  0.4005111E-04  0.1000000E-03           1
|0001010101101010111100110110001100> :  0.1890395E-04  0.1000000E-03           1
|1000111000100101111001010101100010> :  0.8815625E-04  0.1000000E-03           1
|0001010001111111101100100100011100> :  0.1026754E-03  0.1000000E-03           1
|0001010001111011101100010101101100> :  0.2799325E-08  0.1000000E-03           1
|1100110010011101011001000001010011> :  0.2046990E-03  0.1000000E-03           1
|0001010001101111111100110100001100> :  0.2149115E-03  0.1000000E-03           1
|1110111000100101101001010101100010> :  0.1128060E-05  0.1000000E-03           1
|0011001101100010100110111110101100> :  0.2046990E-03  0.1000000E-03           1
|1100110010001101011001010001100011> :  0.6922679E-05  0.1000000E-03           1
|0011001101100010100110111100001100> :  0.1123991E-03  0.1000000E-03           1
|0011001011000110000110111110011100> :  0.9333992E-09  0.1000000E-03           1
|0111000111010010001010001111011100> :  0.2331746E-04  0.1000000E-03           1
|1000110000101101111001010001100011> :  0.9027706E-05  0.1000000E-03           1
|0111000111010010000110101110111100> :  0.7281363E-04  0.1000000E-03           1
|1100111000010101100111000111110010> :  0.4715280E-09  0.1000000E-03           1
|0011000111010010000110101110011100> :  0.1241715E-03  0.1000000E-03           1
|1110101110000000010011011011100011> :  0.1026754E-03  0.1000000E-03           1
|0111000111010010000110101010011100> :  0.1314294E-04  0.1000000E-03           1
|0111000111010010000110001110011100> :  0.2253012E-03  0.1000000E-03           1
|1110101110000000010011001011110011> :  0.2353608E-03  0.1000000E-03           1
|0111000111010000001111001110011100> :  0.3418966E-05  0.1000000E-03           1
|0111001011010100001001001011110101> :  0.9791560E-07  0.1000000E-03           1
|0001010011001111011100110010100101> :  0.3417470E-04  0.1000000E-03           1
|1000101010101101011111010001100011> :  0.1055346E-07  0.1000000E-03           1
|0101010001110101101001000101110010> :  0.5455629E-04  0.1000000E-03           1
|1110101010000101010011001001110011> :  0.3074391E-04  0.1000000E-03           1
|0101010011011111011100100010110101> :  0.1213594E-04  0.1000000E-03           1
|0011000101111010100110111110001100> :  0.1012878E-03  0.1000000E-03           1
|1110101010000100011001011011100011> :  0.7872709E-04  0.1000000E-03           1
|0101010111011100011001000011010101> :  0.3655545E-04  0.1000000E-03           1
|1000110000111101101001000101110010> :  0.6029151E-04  0.1000000E-03           1
|1110101010000100011001001011110011> :  0.1249890E-03  0.1000000E-03           1
|0011000101110010000110111110001100> :  0.6409348E-04  0.1000000E-03           1
|1110100110010000001011001011110011> :  0.1180982E-03  0.1000000E-03           1
|1100110000111101101001000101100010> :  0.7839837E-04  0.1000000E-03           1
|0101000111001010110110011010001001> :  0.2300820E-08  0.1000000E-03           1
|0011000101110010000110101110011100> :  0.3883240E-04  0.1000000E-03           1
|0010000101110000100111101100101100> :  0.2721560E-10  0.1000000E-03           1
|0111000101010010100110101110111100> :  0.1566141E-03  0.1000000E-03           1
|1100110000111101101001000101010010> :  0.2050353E-04  0.1000000E-03           1
|0001011101111111100100110100000011> :  0.7756161E-09  0.1000000E-03           1
|0011000001110010100110111110101100> :  0.9965061E-05  0.1000000E-03           1
|1100110110011100011001000011010101> :  0.4210532E-04  0.1000000E-03           1
|1001111100111011100000110101000100> :  0.1473399E-09  0.1000000E-03           1
|0101011011101101011001000001110011> :  0.5367711E-07  0.1000000E-03           1
|0001111000101111110100110100100100> :  0.4015016E-04  0.1000000E-03           1
|1000011011001111010100110000110011> :  0.1107098E-08  0.1000000E-03           1
|1010111000100111101000110101100100> :  0.5393770E-04  0.1000000E-03           1
|1000111010101111010100110000100101> :  0.3252935E-04  0.1000000E-03           1
|1010111000010111100101010111110100> :  0.5989598E-10  0.1000000E-03           1
|1100010111011100011001000011010011> :  0.6335584E-04  0.1000000E-03           1
|1010101101100010100110011111100100> :  0.3733783E-08  0.1000000E-03           1
|1010101000100111101001011101100100> :  0.1464973E-03  0.1000000E-03           1
|1010101000100111100011011101100100> :  0.1012121E-03  0.1000000E-03           1
|0001010011101111011000010001110011> :  0.7987242E-04  0.1000000E-03           1
|1010101000100110101001011111100100> :  0.4867108E-04  0.1000000E-03           1
|1010101000100110101000111111100100> :  0.6886097E-04  0.1000000E-03           1
|1110110000110101101001000101100010> :  0.2361546E-03  0.1000000E-03           1
|0011000111010010000110101010011101> :  0.2895214E-04  0.1000000E-03           1
|1010101000100110100110111110100100> :  0.6609844E-04  0.1000000E-03           1
|1110101000010100100011001111110100> :  0.4502278E-04  0.1000000E-03           1
|0101010011011101011001000011110011> :  0.1970858E-03  0.1000000E-03           1
|1010110000000101101001010101110010> :  0.7576432E-07  0.1000000E-03           1
|0001001110001010010110111010001101> :  0.1298023E-04  0.1000000E-03           1
|0111001111000000010110101010011101> :  0.3511152E-05  0.1000000E-03           1
|1110100000010100101011001111110100> :  0.2818590E-04  0.1000000E-03           1
|0101010011011101001000100110110100> :  0.4149585E-09  0.1000000E-03           1
|0011101101100010100110111110001000> :  0.3197646E-06  0.1000000E-03           1
|0001010001111111101100110100100100> :  0.2790021E-03  0.1000000E-03           1
|0101010011011101011001000001010011> :  0.1115392E-03  0.1000000E-03           1
|0001010001111111101000100101110100> :  0.2399890E-04  0.1000000E-03           1
|0001010001111111101000000101110100> :  0.5790539E-03  0.1000000E-03           1
|0011010001110111101100100100110100> :  0.1139499E-03  0.1000000E-03           1
|0001010001101111111100110100100100> :  0.2012780E-03  0.1000000E-03           1
|0001010111001010011100110010001101> :  0.5374520E-03  0.1000000E-03           1
|0011000101111110101101001101110010> :  0.8041421E-10  0.1000000E-03           1
|0001010001101111111000110101100100> :  0.7545048E-04  0.1000000E-03           1
|0011001001100110100110111110100100> :  0.2120788E-04  0.1000000E-03           1
|0101010011010101011001000001110011> :  0.5844401E-04  0.1000000E-03           1
|0111000111010010001010001111110100> :  0.4102628E-04  0.1000000E-03           1
|0111000111010010000110001111110100> :  0.2803274E-04  0.1000000E-03           1
|0111000111010000000111001111110100> :  0.4980293E-04  0.1000000E-03           1
|0001011111001010010100110010001101> :  0.1208046E-03  0.1000000E-03           1
|0011000101110010100110001111110100> :  0.1206179E-04  0.1000000E-03           1
|0101010011001101011001010001110011> :  0.7210928E-06  0.1000000E-03           1
|1100111110001000010111110010001001> :  0.1324984E-05  0.1000000E-03           1
|0111000101010010101010001111110100> :  0.4999833E-04  0.1000000E-03           1
|0001011111001011010110110010001101> :  0.5825399E-04  0.1000000E-03           1
|0111000101010010100110001111110100> :  0.3908829E-04  0.1000000E-03           1
|0001010001111111111000000001110011> :  0.2590177E-04  0.1000000E-03           1
|1110000101010000101011001111110100> :  0.1581684E-03  0.1000000E-03           1
|1110100100110000101011001101110010> :  0.3996232E-04  0.1000000E-03           1
|0111000101010000100111001111110100> :  0.6575212E-04  0.1000000E-03           1
|1010000011110100101001001101110100> :  0.1809828E-06  0.1000000E-03           1
|1110100100010000101011001111110010> :  0.1312803E-03  0.1000000E-03           1
|0111000101010000101011001111110010> :  0.6567807E-04  0.1000000E-03           1
|0011000001110111101100111100100100> :  0.8899089E-04  0.1000000E-03           1
|0001010001101111111000110001100011> :  0.1141197E-03  0.1000000E-03           1
|0011000001110111101100101100110100> :  0.1024247E-03  0.1000000E-03           1
|1010000001110111101001001101110100> :  0.2803350E-05  0.1000000E-03           1
|0001010001101101111001010001110011> :  0.2718212E-04  0.1000000E-03           1
|0011000001110111100110101100110100> :  0.1071594E-03  0.1000000E-03           1
|0011000001110110101100101110110100> :  0.2794723E-04  0.1000000E-03           1
|0111000111010000001011001011110011> :  0.2308909E-04  0.1000000E-03           1
|0100110101001010110111110010001001> :  0.1173662E-09  0.1000000E-03           1
|1000101110001010010010111011001101> :  0.1862001E-05  0.1000000E-03           1
|1000101110001010010011011011001101> :  0.3213101E-04  0.1000000E-03           1
|0011000001110110100110111110100100> :  0.3784971E-04  0.1000000E-03           1
|1111000001010100101001001111110100> :  0.3507133E-05  0.1000000E-03           1
|1000111110101011010110110000001111> :  0.2249423E-05  0.1000000E-03           1
|1100111010001101011001010001100111> :  0.2496341E-03  0.1000000E-03           1
|0001111110101010010110110000001011> :  0.3700521E-05  0.1000000E-03           1
|0011111000101111100100110100001110> :  0.4229653E-08  0.1000000E-03           1
|1000111110101001011001110000001011> :  0.2640218E-04  0.1000000E-03           1
|0111001011010001000111101100111110> :  0.1542718E-08  0.1000000E-03           1
|1000111000101101111001010101100110> :  0.5422067E-04  0.1000000E-03           1
|1010101000100101100011011101100110> :  0.6751057E-05  0.1000000E-03           1
|1110100000110101101001001101100010> :  0.1580527E-03  0.1000000E-03           1
|1100111110001001011001000001011011> :  0.3784971E-04  0.1000000E-03           1
|1010000001110101101001011100110110> :  0.1590368E-08  0.1000000E-03           1
|1000111100101011110100110100001010> :  0.6638654E-05  0.1000000E-03           1
|1100111110001001010011000001011011> :  0.2003692E-04  0.1000000E-03           1
|1110100000010100101001001111110010> :  0.4786030E-03  0.1000000E-03           1
|1100111110001000011001000011011011> :  0.1028019E-03  0.1000000E-03           1
|1000111110001010011001110010001101> :  0.4983939E-05  0.1000000E-03           1
|1000111110001010011001010011001101> :  0.1449172E-04  0.1000000E-03           1
|1000111110001010010111110010001101> :  0.1763762E-03  0.1000000E-03           1
|1100111110001000010011010011001011> :  0.1024247E-03  0.1000000E-03           1
|0001111110001010010110111010001101> :  0.2770137E-04  0.1000000E-03           1
|1000111000101101111001110100001010> :  0.8208781E-05  0.1000000E-03           1
|1000111100101011110111110000001011> :  0.3090362E-05  0.1000000E-03           1
|1100111110001000011001000011011101> :  0.6620076E-04  0.1000000E-03           1
|1000111000101101110101110100001010> :  0.1553632E-04  0.1000000E-03           1
|1100111110001000010011010011001101> :  0.1046159E-03  0.1000000E-03           1
|0001111010101111010100110000001101> :  0.9945259E-04  0.1000000E-03           1
|1000111010001111011000110010001101> :  0.8374503E-05  0.1000000E-03           1
|0001111100101011110100110000001011> :  0.1426411E-04  0.1000000E-03           1
|1110101100110000100011001101011010> :  0.3417470E-04  0.1000000E-03           1
|0001111110101010010110110010001101> :  0.2135932E-03  0.1000000E-03           1
|0111000001110101101101001101110010> :  0.1344911E-03  0.1000000E-03           1
|1000111010001111010100110010001101> :  0.2018584E-04  0.1000000E-03           1
|1000101110101010010110111010001101> :  0.2075948E-04  0.1000000E-03           1
|1110101110010010000110101010001101> :  0.1847796E-04  0.1000000E-03           1
|1110101110010000000111101010001101> :  0.7631701E-04  0.1000000E-03           1
|1000111010101111011000110000001011> :  0.6575212E-04  0.1000000E-03           1
|0111101100100100100111111100001010> :  0.1580602E-08  0.1000000E-03           1
|1100010011011101001001000101110110> :  0.6943843E-06  0.1000000E-03           1
|1000111010101111010100110000001011> :  0.1425148E-03  0.1000000E-03           1
|1000111010101101011001110000001011> :  0.3908829E-04  0.1000000E-03           1
|1000111010101011010110110000001011> :  0.8384123E-05  0.1000000E-03           1
|0001110101110010101100111100001110> :  0.3090874E-10  0.1000000E-03           1
|1100111010001001001011010001001011> :  0.6516928E-08  0.1000000E-03           1
|0111000011010100101001001011110111> :  0.1262576E-08  0.1000000E-03           1
|0000101110001010010110111010001101> :  0.5953429E-04  0.1000000E-03           1
|1100010011011101011001000001110111> :  0.3193573E-03  0.1000000E-03           1
|1000101110001010010110110010001101> :  0.2463623E-04  0.1000000E-03           1
|1001101110001010010100111010011101> :  0.3810491E-08  0.1000000E-03           1
|1010101100100000100111111100001010> :  0.2344451E-03  0.1000000E-03           1
|0001010001111111101000100101110010> :  0.3095277E-04  0.1000000E-03           1
|1110000001110101101011001101110010> :  0.1143807E-03  0.1000000E-03           1
|1010111000110110101000111110100000> :  0.1196180E-09  0.1000000E-03           1
