# state, exact probability, frequency, count:
#------------------------------------------------------------------
|110011010110110100011000> :  0.2636433E+00  0.2664000E+00        2664
|001100101001001011100111> :  0.2636433E+00  0.2627000E+00        2627
|001100100011001011100111> :  0.2298258E+00  0.2323000E+00        2323
|110011011100110100011000> :  0.2298258E+00  0.2262000E+00        2262
|010011011100110110001101> :  0.7390294E-03  0.1100000E-02          11
|010011011100110100011101> :  0.9209979E-03  0.1000000E-02          10
|101100100011001011100010> :  0.9209979E-03  0.9000000E-03           9
|101100100011001001110010> :  0.7390294E-03  0.8000000E-03           8
|010110010111010011000001> :  0.5124958E-03  0.6000000E-03           6
|101001101000101100111110> :  0.5124958E-03  0.5000000E-03           5
|101100010011001001110010> :  0.2513023E-03  0.5000000E-03           5
|001100100011001011100110> :  0.8861241E-04  0.3000000E-03           3
|010011101100110110001101> :  0.2513023E-03  0.3000000E-03           3
|010011010110110010001001> :  0.6444823E-04  0.2000000E-03           2
|110001110110110101001000> :  0.4256681E-06  0.1000000E-03           1
|101111010111000011000001> :  0.2558688E-08  0.1000000E-03           1
|001001100110110111001001> :  0.1295014E-06  0.1000000E-03           1
|001100100011001011000111> :  0.8970518E-05  0.1000000E-03           1
|001100100011001010001101> :  0.3196981E-08  0.1000000E-03           1
|001001100010101010101111> :  0.4653639E-06  0.1000000E-03           1
|000110010111010001110100> :  0.3435723E-07  0.1000000E-03           1
|001101101011011111000111> :  0.5025050E-07  0.1000000E-03           1
|010000101110110010001001> :  0.3224788E-07  0.1000000E-03           1
|010010001110110010101101> :  0.1450396E-06  0.1000000E-03           1
|101101001011001010010110> :  0.2800072E-08  0.1000000E-03           1
|010011011100110000011000> :  0.1929821E-05  0.1000000E-03           1
|110001010000110100111000> :  0.3136333E-06  0.1000000E-03           1
|110001101100110000011001> :  0.3063841E-07  0.1000000E-03           1
|110010011101110100010000> :  0.4433254E-05  0.1000000E-03           1
|010100010101100010110111> :  0.7955530E-07  0.1000000E-03           1
|001101011101000011010111> :  0.1016285E-07  0.1000000E-03           1
|001100011101001011100111> :  0.5559978E-05  0.1000000E-03           1
|001101000110110101011001> :  0.2954802E-08  0.1000000E-03           1
|001100101011001101100111> :  0.6015761E-05  0.1000000E-03           1
|001100011011001011100111> :  0.5303138E-05  0.1000000E-03           1
|000110111011010011000011> :  0.8829588E-07  0.1000000E-03           1
|100011010101000101111100> :  0.3883108E-07  0.1000000E-03           1
|111111101100110100000010> :  0.1276729E-07  0.1000000E-03           1
|101000010010110101011010> :  0.1058065E-07  0.1000000E-03           1
|101000100011001111100011> :  0.4138729E-06  0.1000000E-03           1
|101000101001010111001111> :  0.4148426E-09  0.1000000E-03           1
|101001100010001010101010> :  0.1594171E-07  0.1000000E-03           1
|011101101001000110000110> :  0.1352057E-07  0.1000000E-03           1
|101001110010111100001010> :  0.2046179E-06  0.1000000E-03           1
|101011101010101111001000> :  0.5224263E-07  0.1000000E-03           1
|011100001101000001110101> :  0.5552922E-07  0.1000000E-03           1
|101100010101001100010111> :  0.8934235E-08  0.1000000E-03           1
|011001101000110010000110> :  0.2364040E-07  0.1000000E-03           1
|001100100111001011101101> :  0.4068239E-05  0.1000000E-03           1
|101100110111010011000001> :  0.1201280E-06  0.1000000E-03           1
|001100010011001011110111> :  0.2117124E-04  0.1000000E-03           1
|101101001111001011111000> :  0.4239668E-08  0.1000000E-03           1
|101101101100001111100110> :  0.6540051E-09  0.1000000E-03           1
|101111001100000101111000> :  0.2061037E-08  0.1000000E-03           1
|110111010101010101111000> :  0.1416019E-05  0.1000000E-03           1
|010100111001001011100111> :  0.6279200E-05  0.1000000E-03           1
|001100100011011011000011> :  0.1392028E-03  0.1000000E-03           1
|110001101100111100011001> :  0.3018249E-07  0.1000000E-03           1
|010100100111000011100111> :  0.2150839E-06  0.1000000E-03           1
|110011011100100100111100> :  0.1392028E-03  0.1000000E-03           1
|010100100011010010000111> :  0.1273716E-05  0.1000000E-03           1
|110011010111110100010010> :  0.4578370E-05  0.1000000E-03           1
|001100100011001011110111> :  0.1250559E-04  0.1000000E-03           1
|001100001101001011101101> :  0.1255362E-05  0.1000000E-03           1
|110011011100110100011100> :  0.1770190E-03  0.1000000E-03           1
|110011011110110100011000> :  0.7683048E-05  0.1000000E-03           1
|110011111100100010001100> :  0.2881962E-06  0.1000000E-03           1
|110110011101110100010011> :  0.3977674E-06  0.1000000E-03           1
|000110101011001010000011> :  0.3546768E-06  0.1000000E-03           1
|111000101010101010111110> :  0.1150623E-08  0.1000000E-03           1
|111001010110110100001000> :  0.4537436E-05  0.1000000E-03           1
|111001111100110100011010> :  0.5392807E-06  0.1000000E-03           1
|111011001110110101011000> :  0.2072614E-06  0.1000000E-03           1
|111011100110110100011000> :  0.6361329E-05  0.1000000E-03           1
|000100001001001001110111> :  0.7763327E-07  0.1000000E-03           1
|000011010010101011100110> :  0.1019984E-07  0.1000000E-03           1
