# state, exact probability, frequency, count:
#------------------------------------------------------------------
|0100010001011001000000011> :  0.3727996E+00  0.3700000E+00        3700
|0000010000011001010000011> :  0.9638123E-01  0.9740000E-01         974
|0000010000010001010100011> :  0.5892801E-01  0.5870000E-01         587
|0100010000010001000100011> :  0.4572570E-01  0.4820000E-01         482
|0010101100000000110100000> :  0.4274385E-01  0.4410000E-01         441
|0000010000011001010010001> :  0.3556369E-01  0.3240000E-01         324
|0100010001011001000000010> :  0.2367417E-01  0.2430000E-01         243
|0000010001011001000010001> :  0.1714897E-01  0.1820000E-01         182
|0000010000000001110100010> :  0.1338512E-01  0.1320000E-01         132
|0100010001001001000000011> :  0.1046409E-01  0.1210000E-01         121
|0100010000011001000000011> :  0.1047567E-01  0.1050000E-01         105
|0010000100100000110000010> :  0.7987511E-02  0.8200000E-02          82
|0000100000010001010100001> :  0.8557391E-02  0.7300000E-02          73
|1000010010000001100001000> :  0.7195097E-02  0.7200000E-02          72
|0000000000111001010000010> :  0.7868371E-02  0.7100000E-02          71
|0010101110000000100000000> :  0.6817423E-02  0.6900000E-02          69
|0010000100000000110100010> :  0.7164534E-02  0.6500000E-02          65
|0100000001011001000000011> :  0.6558769E-02  0.6300000E-02          63
|0100010001010001000000011> :  0.6030919E-02  0.6300000E-02          63
|0100000000111001000000010> :  0.5104019E-02  0.6000000E-02          60
|0100100001010001000000001> :  0.5869204E-02  0.5600000E-02          56
|0100010001011000000000011> :  0.5266531E-02  0.5500000E-02          55
|0000010001011001000000011> :  0.5253423E-02  0.5100000E-02          51
|0100100000010001000100001> :  0.5461564E-02  0.5000000E-02          50
|1010000100100000100000010> :  0.4237343E-02  0.4500000E-02          45
|0000000000111001010010000> :  0.3475361E-02  0.4400000E-02          44
|0010001100100000110000000> :  0.4854111E-02  0.4300000E-02          43
|0000010000011001010000010> :  0.4844466E-02  0.4200000E-02          42
|0000010000000001010100011> :  0.3846222E-02  0.4100000E-02          41
|1010000110100000100000000> :  0.3288107E-02  0.3800000E-02          38
|1000010000010001000000011> :  0.3451442E-02  0.3600000E-02          36
|0000010000010001010100010> :  0.3138761E-02  0.3400000E-02          34
|0000010000010000010100011> :  0.2904831E-02  0.3300000E-02          33
|0000000000011001010000011> :  0.2250703E-02  0.3300000E-02          33
|1010100110000000100000000> :  0.3174744E-02  0.3100000E-02          31
|0010001110100000100000000> :  0.3180464E-02  0.2900000E-02          29
|0010101100000000110000000> :  0.2394435E-02  0.2800000E-02          28
|1000100010000001100001000> :  0.2651277E-02  0.2800000E-02          28
|0000010000010001000100011> :  0.2068779E-02  0.2600000E-02          26
|0000101100000000110100000> :  0.2902318E-02  0.2600000E-02          26
|0000010000000001110001000> :  0.2077117E-02  0.2500000E-02          25
|0100010001010100000000010> :  0.2875032E-02  0.2500000E-02          25
|0000100000000001110100000> :  0.2086630E-02  0.2300000E-02          23
|0000010000010001010100001> :  0.1681007E-02  0.2200000E-02          22
|0000010000010001010000011> :  0.2514128E-02  0.2100000E-02          21
|0000010000011000010010001> :  0.1302742E-02  0.2000000E-02          20
|0100010000010000000100011> :  0.2355659E-02  0.2000000E-02          20
|0000010001010001000010001> :  0.1644640E-02  0.1900000E-02          19
|0000010000001001010010001> :  0.1648772E-02  0.1800000E-02          18
|0100010000000001000100011> :  0.1992677E-02  0.1800000E-02          18
|0011101100000000000100000> :  0.1571992E-02  0.1700000E-02          17
|0000011000000000110100000> :  0.1083508E-02  0.1700000E-02          17
|0000010000001001010000011> :  0.1885217E-02  0.1600000E-02          16
|0000010000011000010000011> :  0.1859959E-02  0.1600000E-02          16
|0000000000010001010100011> :  0.1200165E-02  0.1600000E-02          16
|0000010001011000000010001> :  0.1414512E-02  0.1500000E-02          15
|0000010000011001010000001> :  0.2204888E-02  0.1500000E-02          15
|0000010001011001000010000> :  0.9862544E-03  0.1400000E-02          14
|0000010000011001010010000> :  0.1244264E-02  0.1400000E-02          14
|0100010000010001010100011> :  0.1174855E-02  0.1300000E-02          13
|0100010001011001000000001> :  0.1707489E-02  0.1300000E-02          13
|0100010000010001000000011> :  0.1036619E-02  0.1300000E-02          13
|0010001100000000110100000> :  0.1099791E-02  0.1300000E-02          13
|0010101100000000100100000> :  0.1064297E-02  0.1200000E-02          12
|0100010000011001010000011> :  0.8214171E-03  0.1200000E-02          12
|0000101000000000110001000> :  0.1328408E-02  0.1200000E-02          12
|0011000100100000000000010> :  0.6519087E-03  0.1100000E-02          11
|0010101100000000010100000> :  0.2043466E-02  0.1100000E-02          11
|0000010000011001000000011> :  0.1501732E-02  0.1100000E-02          11
|0000100000000001110001000> :  0.1367337E-02  0.1100000E-02          11
|0000010000001001010011000> :  0.1099185E-02  0.1100000E-02          11
|0110101000000000000100000> :  0.1174601E-02  0.1100000E-02          11
|0000010001001001000010001> :  0.8115016E-03  0.1000000E-02          10
|0110101001000000000000000> :  0.1066215E-02  0.1000000E-02          10
|0000010000000001110100000> :  0.5478163E-03  0.1000000E-02          10
|1000010000010001000000010> :  0.9368412E-03  0.1000000E-02          10
|1000010010010001000000000> :  0.1275068E-02  0.1000000E-02          10
|0010001100000000010000100> :  0.6772961E-03  0.1000000E-02          10
|1000100010010001000000000> :  0.8857493E-03  0.9000000E-03           9
|1000000010110001000000000> :  0.7521860E-03  0.8000000E-03           8
|0100010000010001000100010> :  0.8375096E-03  0.8000000E-03           8
|0100011001001000000000000> :  0.6582535E-03  0.8000000E-03           8
|0000011000000000110001000> :  0.8839674E-03  0.8000000E-03           8
|0000010011010001000000000> :  0.5342309E-03  0.8000000E-03           8
|0000000000011001010010001> :  0.7083233E-03  0.8000000E-03           8
|1000010000000001100000010> :  0.8095579E-03  0.7000000E-03           7
|0100000000010001000100011> :  0.3666885E-03  0.7000000E-03           7
|1000000100110000000000010> :  0.8240508E-03  0.7000000E-03           7
|1000000000110100000000010> :  0.5652668E-03  0.7000000E-03           7
|0001101100000000000100000> :  0.4730332E-03  0.7000000E-03           7
|0110000000100100000000010> :  0.6526651E-03  0.7000000E-03           7
|0000101100000010010000000> :  0.7215982E-03  0.7000000E-03           7
|0100000001001001001000000> :  0.4360410E-03  0.7000000E-03           7
|0000010001011000000000011> :  0.6351280E-03  0.7000000E-03           7
|0100010001010000000000011> :  0.5060005E-03  0.6000000E-03           6
|1010000000100100000000010> :  0.5057909E-03  0.6000000E-03           6
|1000000000110001000000010> :  0.1221880E-02  0.6000000E-03           6
|0000011010000000100001000> :  0.4520310E-03  0.6000000E-03           6
|0100100001010100000000000> :  0.5766787E-03  0.6000000E-03           6
|0000100000010001010100000> :  0.5164654E-03  0.6000000E-03           6
|0000000000001011010010000> :  0.5290972E-03  0.6000000E-03           6
|1000100110010000000000000> :  0.2953096E-03  0.6000000E-03           6
|1010000100100000000000010> :  0.3252284E-03  0.6000000E-03           6
|0000010001011001010000011> :  0.5659587E-03  0.6000000E-03           6
|0011000100000000000100010> :  0.3433471E-03  0.5000000E-03           5
|0000100100010000010100000> :  0.2398488E-03  0.5000000E-03           5
|0010101000000000110100000> :  0.1262873E-02  0.5000000E-03           5
|0000000100110000010000010> :  0.3771634E-03  0.5000000E-03           5
|1000100000010001000000001> :  0.3720101E-03  0.5000000E-03           5
|0100100000010001000100000> :  0.4320152E-03  0.5000000E-03           5
|0100010001001001000000001> :  0.2528842E-03  0.5000000E-03           5
|0100010000010001000100001> :  0.4616764E-03  0.5000000E-03           5
|0000000100010000010100010> :  0.5942910E-03  0.5000000E-03           5
|0110001000000000000000100> :  0.1781293E-03  0.5000000E-03           5
|0100000001011001000000010> :  0.5634166E-03  0.5000000E-03           5
|1000010000010100000000010> :  0.6048536E-03  0.5000000E-03           5
|0000000000100001110000010> :  0.3585042E-03  0.5000000E-03           5
|0100000000110001000000010> :  0.3175354E-03  0.5000000E-03           5
|0000010000011001010100011> :  0.4268836E-03  0.5000000E-03           5
|1010000100000000100000010> :  0.2738880E-03  0.5000000E-03           5
|1000010010000001100000000> :  0.5496029E-03  0.5000000E-03           5
|0100100001010001000000000> :  0.4059129E-03  0.5000000E-03           5
|0000010000000001110000010> :  0.4851673E-03  0.5000000E-03           5
|0010101100000000010000000> :  0.2372655E-03  0.4000000E-03           4
|0000010001010001000000011> :  0.6283892E-03  0.4000000E-03           4
|0010100100000000110100000> :  0.6638858E-03  0.4000000E-03           4
|0010101000000000010100000> :  0.1480935E-03  0.4000000E-03           4
|0000010000011001010010011> :  0.6003067E-03  0.4000000E-03           4
|0000000000011001010000010> :  0.9564965E-04  0.4000000E-03           4
|0001010000000100000010100> :  0.4551253E-03  0.4000000E-03           4
|0100010000011001000000010> :  0.4014310E-03  0.4000000E-03           4
|0100010001010001000000010> :  0.3735606E-03  0.4000000E-03           4
|0000010000010001010010001> :  0.7153488E-03  0.4000000E-03           4
|0100010000001001000000011> :  0.6179245E-03  0.4000000E-03           4
|0000010000011000010000010> :  0.1078041E-03  0.4000000E-03           4
|0100001001001000001000000> :  0.4812962E-03  0.4000000E-03           4
|0000010000011001000010001> :  0.5825435E-03  0.4000000E-03           4
|0000010000000001110100011> :  0.2325745E-03  0.4000000E-03           4
|0010000100100000010000010> :  0.2449625E-03  0.4000000E-03           4
|0011000000100100000000010> :  0.5663202E-03  0.4000000E-03           4
|0000010001001001000000010> :  0.6924971E-04  0.3000000E-03           3
|0000010000000000010010101> :  0.3193276E-03  0.3000000E-03           3
|0010001000100000110000000> :  0.1148115E-03  0.3000000E-03           3
|0010000100100000110100010> :  0.2120095E-03  0.3000000E-03           3
|1000100010000001100000000> :  0.3543910E-03  0.3000000E-03           3
|0011001100100000000000000> :  0.3800039E-03  0.3000000E-03           3
|0000010000001001010010000> :  0.3523590E-03  0.3000000E-03           3
|0000000000101001010010000> :  0.2342433E-03  0.3000000E-03           3
|0000101010000000100001000> :  0.3503404E-03  0.3000000E-03           3
|0100010001011000000000001> :  0.8306285E-04  0.3000000E-03           3
|0000000000101001010000010> :  0.1258718E-03  0.3000000E-03           3
|0100010001000100000000010> :  0.2394865E-03  0.3000000E-03           3
|0100010001111011000000011> :  0.7646698E-04  0.3000000E-03           3
|0000101110000000100000000> :  0.1932486E-03  0.3000000E-03           3
|0110000001000100000000010> :  0.1939004E-03  0.3000000E-03           3
|0000010000001001010001000> :  0.2094971E-03  0.3000000E-03           3
|0100001000101000000000000> :  0.1703998E-03  0.3000000E-03           3
|0100001000000000001000100> :  0.6959267E-04  0.3000000E-03           3
|0000010000001001010000010> :  0.2400392E-03  0.3000000E-03           3
|0100000001011001000000000> :  0.1352968E-04  0.3000000E-03           3
|0100000001001001000000011> :  0.4652923E-03  0.3000000E-03           3
|0100000000111001000000011> :  0.1544854E-03  0.3000000E-03           3
|0011101100000000000000000> :  0.1813734E-03  0.3000000E-03           3
|0000010001010100000010000> :  0.3678751E-03  0.2000000E-03           2
|0010101000000000100100000> :  0.4031060E-04  0.2000000E-03           2
|0000000000011001010010000> :  0.1451493E-03  0.2000000E-03           2
|0000010000000001010000011> :  0.9799842E-04  0.2000000E-03           2
|0010100000000000110100000> :  0.7803940E-04  0.2000000E-03           2
|0010101000000000110000000> :  0.1045440E-03  0.2000000E-03           2
|0010101011000000000000000> :  0.2118953E-03  0.2000000E-03           2
|0000000000111001010000011> :  0.3390268E-03  0.2000000E-03           2
|1000010000010100000000000> :  0.1925155E-04  0.2000000E-03           2
|0001101000000000000001000> :  0.8896369E-04  0.2000000E-03           2
|1000010000010000000000011> :  0.1199299E-03  0.2000000E-03           2
|0010101100000000100000000> :  0.1197308E-03  0.2000000E-03           2
|0100000000010001000100010> :  0.1375685E-03  0.2000000E-03           2
|1000000010100000100000000> :  0.1112174E-04  0.2000000E-03           2
|0100100000010001010100001> :  0.8163526E-04  0.2000000E-03           2
|0100010001011001000000000> :  0.1701636E-03  0.2000000E-03           2
|0100010000111001000000010> :  0.7695539E-04  0.2000000E-03           2
|0000101100000000010100000> :  0.1291981E-03  0.2000000E-03           2
|0100010000011001000100011> :  0.1739073E-03  0.2000000E-03           2
|0000100000010001010000001> :  0.1610802E-03  0.2000000E-03           2
|0000100000010001000100001> :  0.6385911E-04  0.2000000E-03           2
|0100010000010100000000010> :  0.3800313E-03  0.2000000E-03           2
|0000010000010001010100000> :  0.1691835E-03  0.2000000E-03           2
|0100100001010000000000001> :  0.1448617E-03  0.2000000E-03           2
|0100010000000100000000100> :  0.1928530E-03  0.2000000E-03           2
|0001000000101000000000010> :  0.1553494E-03  0.2000000E-03           2
|0000011000001000010001000> :  0.5199090E-03  0.2000000E-03           2
|1000000000110000000000010> :  0.5184920E-04  0.2000000E-03           2
|0000010000001001010000001> :  0.2864613E-04  0.2000000E-03           2
|1000000010100001100000000> :  0.4417799E-03  0.2000000E-03           2
|1000010000000001000000011> :  0.1978985E-03  0.2000000E-03           2
|1000000000000001101001000> :  0.1849421E-03  0.2000000E-03           2
|0100000000110100000000010> :  0.6987095E-03  0.2000000E-03           2
|0100000000011001000000010> :  0.4283145E-04  0.2000000E-03           2
|0010000100000000110100000> :  0.9052774E-04  0.2000000E-03           2
|0000010010000001100001000> :  0.2199396E-03  0.2000000E-03           2
|0100000000010000000100011> :  0.2816927E-04  0.2000000E-03           2
|0000010000011001010100010> :  0.1118450E-03  0.2000000E-03           2
|0100000000000001000100011> :  0.5488949E-04  0.2000000E-03           2
|0000000000010000010100010> :  0.3288262E-04  0.2000000E-03           2
|0011001100000000000100000> :  0.9201046E-04  0.2000000E-03           2
|0000010001011001000000010> :  0.4487253E-03  0.2000000E-03           2
|0000000001011001000010001> :  0.2359889E-03  0.2000000E-03           2
|0000010001011001000000001> :  0.6070704E-03  0.2000000E-03           2
|0010001100100000010000000> :  0.2635583E-03  0.2000000E-03           2
|0000000000010001010100001> :  0.1068495E-03  0.2000000E-03           2
|0000010000111001010000010> :  0.1907734E-03  0.2000000E-03           2
|0000010001011000000000010> :  0.3542264E-04  0.1000000E-03           1
|0000010001010100000000010> :  0.1415646E-03  0.1000000E-03           1
|0000010001010011001000001> :  0.6545729E-06  0.1000000E-03           1
|0000010000000001010011000> :  0.8976115E-04  0.1000000E-03           1
|0000000001010001000010001> :  0.2937499E-04  0.1000000E-03           1
|0010100110000000100000000> :  0.4713486E-04  0.1000000E-03           1
|0010100100000000110100010> :  0.7307136E-04  0.1000000E-03           1
|0000010001010000000000011> :  0.5182463E-04  0.1000000E-03           1
|0010100010010110000100000> :  0.2244973E-06  0.1000000E-03           1
|0010100001000100000000000> :  0.1113066E-04  0.1000000E-03           1
|0000010000000000110100010> :  0.1883795E-03  0.1000000E-03           1
|0000000001001001000010000> :  0.1324521E-05  0.1000000E-03           1
|0000010001001001000010000> :  0.1061171E-03  0.1000000E-03           1
|0010010001010001000001001> :  0.1857978E-05  0.1000000E-03           1
|0000010001001001000000011> :  0.2807764E-03  0.1000000E-03           1
|0010010000011011010000001> :  0.5331128E-05  0.1000000E-03           1
|0010001110000000101000001> :  0.4554940E-06  0.1000000E-03           1
|0010001110000000100000000> :  0.6284313E-04  0.1000000E-03           1
|0000010001000001000000011> :  0.2435205E-04  0.1000000E-03           1
|0000001001000010100001100> :  0.9367616E-05  0.1000000E-03           1
|0000000000111001010010001> :  0.1056060E-03  0.1000000E-03           1
|1111010000000010000000000> :  0.2063062E-07  0.1000000E-03           1
|1100010001011001000000111> :  0.3680325E-04  0.1000000E-03           1
|1100010000010100000000010> :  0.3727943E-05  0.1000000E-03           1
|0010001100000000100100000> :  0.5853617E-04  0.1000000E-03           1
|0010100000000000010100000> :  0.1634629E-05  0.1000000E-03           1
|0000010000110001010000010> :  0.1525777E-05  0.1000000E-03           1
|0010100000100101000000110> :  0.6057040E-09  0.1000000E-03           1
|0000001000101000010000000> :  0.9548355E-04  0.1000000E-03           1
|0010001100000000010100010> :  0.1226235E-05  0.1000000E-03           1
|0010100100000000100100000> :  0.8017534E-05  0.1000000E-03           1
|1010100010000000100000000> :  0.1783686E-04  0.1000000E-03           1
|0000010000011111000000011> :  0.1968487E-05  0.1000000E-03           1
|1010100000001000100000100> :  0.3038043E-06  0.1000000E-03           1
|1010000110100000100000010> :  0.6629071E-04  0.1000000E-03           1
|0010001100000000001010010> :  0.9267251E-07  0.1000000E-03           1
|1010000100100000110000010> :  0.8760832E-04  0.1000000E-03           1
|0000010000011001100000111> :  0.3441131E-05  0.1000000E-03           1
|0000001000001010010000000> :  0.8132905E-04  0.1000000E-03           1
|0010001000000000110100000> :  0.2538493E-04  0.1000000E-03           1
|1010000010100000100000000> :  0.4065656E-04  0.1000000E-03           1
|1010000000110000000000010> :  0.3584800E-06  0.1000000E-03           1
|1001100001000010000100000> :  0.6187487E-05  0.1000000E-03           1
|0010000100100000010100010> :  0.8750626E-05  0.1000000E-03           1
|0000001000000010010000000> :  0.4946901E-05  0.1000000E-03           1
|1001010001000001110000000> :  0.2433685E-07  0.1000000E-03           1
|1000100110000000100000000> :  0.1711281E-03  0.1000000E-03           1
|1000100010010000000000000> :  0.1760986E-04  0.1000000E-03           1
|0010000100000000010100010> :  0.1575922E-03  0.1000000E-03           1
|0000000111000000000011100> :  0.4143552E-07  0.1000000E-03           1
|0010000001011000000001011> :  0.6949984E-06  0.1000000E-03           1
|1000010010100001100000000> :  0.5493831E-05  0.1000000E-03           1
|0010000000100000110000010> :  0.7992653E-04  0.1000000E-03           1
|0010000000100000101010001> :  0.4224078E-07  0.1000000E-03           1
|1000010010000001000001000> :  0.1323245E-03  0.1000000E-03           1
|0010000000000000110100010> :  0.9986981E-04  0.1000000E-03           1
|1000010000011001000000011> :  0.3915828E-04  0.1000000E-03           1
|0001101000000000100001000> :  0.1473836E-05  0.1000000E-03           1
|1000010000010001000000001> :  0.8440237E-04  0.1000000E-03           1
|0001100110010010010100000> :  0.1298638E-06  0.1000000E-03           1
|0000000100110000010000000> :  0.1974389E-04  0.1000000E-03           1
|0001100100000000000100000> :  0.8276148E-05  0.1000000E-03           1
|0001100000100000010001110> :  0.1961226E-06  0.1000000E-03           1
|0000010000011001000100010> :  0.3479723E-06  0.1000000E-03           1
|0001011000001000000001000> :  0.1703745E-03  0.1000000E-03           1
|1000000100110000010000010> :  0.1084750E-04  0.1000000E-03           1
|0001011000000000000001000> :  0.1986064E-04  0.1000000E-03           1
|0000000100101000010000010> :  0.5692575E-06  0.1000000E-03           1
|0001010010010100100000100> :  0.7913222E-07  0.1000000E-03           1
|0001010010001010000011000> :  0.4830027E-08  0.1000000E-03           1
|0001010000011000011000011> :  0.2838353E-05  0.1000000E-03           1
|0001010000010001011100011> :  0.1000983E-04  0.1000000E-03           1
|0000010000011001000000010> :  0.5165633E-04  0.1000000E-03           1
|0000000100100000110100010> :  0.1676992E-05  0.1000000E-03           1
|0000000000110001010000010> :  0.2185512E-03  0.1000000E-03           1
|0001010000001000000011000> :  0.1190638E-03  0.1000000E-03           1
|1000000000000100001001000> :  0.1149675E-04  0.1000000E-03           1
|0001010000001000000010001> :  0.1064434E-03  0.1000000E-03           1
|0001010000001000000000011> :  0.6338590E-04  0.1000000E-03           1
|0110100001010011000100001> :  0.1376517E-06  0.1000000E-03           1
|0110100001000100000000000> :  0.4034975E-03  0.1000000E-03           1
|0001010000000100000011000> :  0.6956907E-04  0.1000000E-03           1
|0110100000000100000000000> :  0.4630837E-04  0.1000000E-03           1
|0110010001010000001000011> :  0.2681081E-05  0.1000000E-03           1
|0001010000000000010010101> :  0.8256300E-05  0.1000000E-03           1
|0001010000000000000010101> :  0.1275523E-03  0.1000000E-03           1
|0110001000100000000000010> :  0.1037676E-05  0.1000000E-03           1
|0001001000101000000000000> :  0.9981486E-04  0.1000000E-03           1
|0000010000011000010000000> :  0.5781223E-06  0.1000000E-03           1
|0000000100010000000100010> :  0.1191267E-04  0.1000000E-03           1
|0000000000110001000000010> :  0.1140179E-04  0.1000000E-03           1
|0000000000011000010010001> :  0.1227987E-04  0.1000000E-03           1
|0000000000000011010000000> :  0.3823200E-05  0.1000000E-03           1
|0001000100010010101000000> :  0.6537790E-05  0.1000000E-03           1
|0001000100000000000100010> :  0.4427962E-04  0.1000000E-03           1
|0000010000010001110100010> :  0.1500305E-03  0.1000000E-03           1
|0001000000101000000010000> :  0.7197532E-04  0.1000000E-03           1
|0100101001000000000000000> :  0.1011323E-03  0.1000000E-03           1
|0100101000000000000100000> :  0.7324668E-04  0.1000000E-03           1
|0000000100000101010011001> :  0.1244285E-07  0.1000000E-03           1
|0001000000010000011100011> :  0.2488779E-07  0.1000000E-03           1
|0000111000000000110001000> :  0.1096870E-04  0.1000000E-03           1
|0000110000110100001010000> :  0.3045608E-06  0.1000000E-03           1
|0100100000010100000000000> :  0.1896737E-04  0.1000000E-03           1
|0000000100000000110100010> :  0.7204896E-04  0.1000000E-03           1
|0000000000110000010010000> :  0.7947787E-06  0.1000000E-03           1
|0100100000010000000100001> :  0.1793328E-03  0.1000000E-03           1
|0100100000000100001000000> :  0.7151480E-07  0.1000000E-03           1
|0000101100000000100100000> :  0.7789692E-04  0.1000000E-03           1
|0100011001000000000000000> :  0.2737629E-04  0.1000000E-03           1
|0100011000000000000000100> :  0.5095840E-04  0.1000000E-03           1
|0000000011010001000000000> :  0.1512601E-04  0.1000000E-03           1
|0000101011000000000000000> :  0.2649168E-04  0.1000000E-03           1
|0100010001011111000000011> :  0.2046864E-04  0.1000000E-03           1
|0000010000010001010010000> :  0.7141190E-04  0.1000000E-03           1
|0000101000000010010000000> :  0.3886050E-04  0.1000000E-03           1
|0100010001011001000001011> :  0.4915104E-05  0.1000000E-03           1
|0000101000000000110101000> :  0.1103716E-04  0.1000000E-03           1
|0000000011000000001101101> :  0.1128897E-08  0.1000000E-03           1
|0000000000011000010000011> :  0.8070985E-04  0.1000000E-03           1
|0000010000010001010000010> :  0.1233537E-03  0.1000000E-03           1
|0000100100000000000111100> :  0.1490020E-08  0.1000000E-03           1
|0100010001010001000100011> :  0.2634718E-03  0.1000000E-03           1
|0000100011010001000000000> :  0.3796731E-03  0.1000000E-03           1
|0000000010110001000000000> :  0.2108705E-04  0.1000000E-03           1
|0000100011000001000000000> :  0.1625937E-04  0.1000000E-03           1
|0000100010000110100000001> :  0.1124996E-04  0.1000000E-03           1
|0000010000010001000100001> :  0.6179812E-04  0.1000000E-03           1
|0100010001001001000000010> :  0.1816924E-03  0.1000000E-03           1
|0000100010000001110001000> :  0.4832822E-05  0.1000000E-03           1
|0100010001001000000000000> :  0.1310845E-04  0.1000000E-03           1
|0000100010000001100001000> :  0.9953267E-04  0.1000000E-03           1
|0000010000010001000000011> :  0.1923920E-03  0.1000000E-03           1
|0000000010100001000000000> :  0.3272235E-07  0.1000000E-03           1
|0100010001010110000100001> :  0.7944894E-06  0.1000000E-03           1
|0100010000111001010000010> :  0.2803731E-05  0.1000000E-03           1
|0000100001010001000000001> :  0.1968414E-04  0.1000000E-03           1
|0100010000110011000100011> :  0.2083239E-04  0.1000000E-03           1
|0100010000011011001000011> :  0.7978400E-04  0.1000000E-03           1
|0000100000010011100100011> :  0.6009060E-07  0.1000000E-03           1
|0100010000011001100000011> :  0.6800078E-07  0.1000000E-03           1
|0000010000001001110001000> :  0.2392126E-04  0.1000000E-03           1
|0100010001011011000000011> :  0.4993101E-05  0.1000000E-03           1
|0100010001011100000000010> :  0.2676172E-05  0.1000000E-03           1
|0000000010010011000100011> :  0.4303977E-05  0.1000000E-03           1
|0100010000011001000000001> :  0.1903723E-03  0.1000000E-03           1
|0100010101011001000010011> :  0.6371521E-04  0.1000000E-03           1
|0100011000000000000000000> :  0.4744817E-05  0.1000000E-03           1
|0100010000011000000000011> :  0.1675933E-03  0.1000000E-03           1
|0000010000001001010011001> :  0.5044325E-04  0.1000000E-03           1
|0100010000010001010100010> :  0.5029462E-04  0.1000000E-03           1
|0100011001001010000100100> :  0.3441320E-07  0.1000000E-03           1
|0000100000010000010100001> :  0.1620389E-03  0.1000000E-03           1
|0100010000010001010100001> :  0.2325793E-04  0.1000000E-03           1
|0000100000000011000000000> :  0.1301445E-05  0.1000000E-03           1
|0000000010000110000110000> :  0.1031907E-05  0.1000000E-03           1
|0000000000101000110100101> :  0.5380833E-07  0.1000000E-03           1
|0000000000001001010010001> :  0.4200268E-04  0.1000000E-03           1
|0000100000000001110100001> :  0.1170633E-04  0.1000000E-03           1
|0100010000000001000100010> :  0.4221134E-04  0.1000000E-03           1
|0000100000000001010100000> :  0.1633487E-04  0.1000000E-03           1
|0000000010000011001000011> :  0.1436822E-04  0.1000000E-03           1
|0100100001011001000000001> :  0.4624473E-04  0.1000000E-03           1
|0100100101000001000001010> :  0.7662721E-07  0.1000000E-03           1
|0100010000000001000100001> :  0.7632071E-04  0.1000000E-03           1
|0100010000000001000000011> :  0.3692843E-04  0.1000000E-03           1
|0101010001010001100100010> :  0.8295315E-06  0.1000000E-03           1
|0110000000000100000000100> :  0.1672430E-03  0.1000000E-03           1
|0100010000000000000000101> :  0.9370887E-04  0.1000000E-03           1
|0110000001000010001000011> :  0.2165437E-06  0.1000000E-03           1
|0100001001100010000100100> :  0.1147426E-04  0.1000000E-03           1
|0110000001110010000100000> :  0.5046223E-06  0.1000000E-03           1
|0000011001000100010101100> :  0.8057404E-09  0.1000000E-03           1
|0100001001001001001000000> :  0.2906377E-05  0.1000000E-03           1
|0110010000001000001000011> :  0.3197445E-08  0.1000000E-03           1
|0110010000010000000001011> :  0.2332351E-05  0.1000000E-03           1
|0100001000001010010000000> :  0.5860571E-06  0.1000000E-03           1
|0110010001011000001000011> :  0.1192533E-04  0.1000000E-03           1
|0000000010000010100000110> :  0.5115268E-05  0.1000000E-03           1
|0110100001000000000000000> :  0.8946813E-05  0.1000000E-03           1
|0000000000100110100000001> :  0.4909289E-06  0.1000000E-03           1
|0100000101011000000010011> :  0.2283610E-06  0.1000000E-03           1
|0100000100011101000000011> :  0.3133771E-05  0.1000000E-03           1
|0100000001111011001000010> :  0.4078566E-06  0.1000000E-03           1
|0000011000000000010100000> :  0.6014685E-04  0.1000000E-03           1
|0000011000000000000100000> :  0.2792603E-05  0.1000000E-03           1
|1000000000100001100000000> :  0.2082468E-04  0.1000000E-03           1
|1000000000100001100000010> :  0.3382185E-03  0.1000000E-03           1
|0100000001011000000000010> :  0.3191463E-04  0.1000000E-03           1
|0000010101010101000100011> :  0.1129187E-05  0.1000000E-03           1
|0000000010000010000011010> :  0.6848572E-07  0.1000000E-03           1
|1000000010000001100001000> :  0.2273395E-03  0.1000000E-03           1
|0100000001011000000000001> :  0.9828236E-05  0.1000000E-03           1
|0100000001010001000000011> :  0.1703479E-03  0.1000000E-03           1
|0000010100011101000000011> :  0.7128372E-05  0.1000000E-03           1
|1000000100100000100000010> :  0.9943720E-04  0.1000000E-03           1
|0100000001010001000000001> :  0.7065199E-04  0.1000000E-03           1
|0000010100011000010011011> :  0.1818694E-06  0.1000000E-03           1
|1000000101000000101001100> :  0.1274626E-06  0.1000000E-03           1
|1000000110110000000000000> :  0.1330232E-03  0.1000000E-03           1
|0000010000001001000011000> :  0.3805553E-04  0.1000000E-03           1
|1000010000000001100000000> :  0.1213917E-04  0.1000000E-03           1
|0100000001001001000000010> :  0.3322667E-04  0.1000000E-03           1
|1000010000000001100001000> :  0.4572050E-04  0.1000000E-03           1
|0000010011010001000010000> :  0.5996053E-05  0.1000000E-03           1
|0100000001001001000000001> :  0.3225136E-04  0.1000000E-03           1
|0100000000111001010000010> :  0.1400681E-03  0.1000000E-03           1
|0000010000001000010011000> :  0.1150610E-03  0.1000000E-03           1
|0000000010000001111010010> :  0.5696438E-06  0.1000000E-03           1
|0000000000010001010100010> :  0.1756926E-03  0.1000000E-03           1
|0000010011000001000000000> :  0.1832484E-04  0.1000000E-03           1
|1000010000011001010010001> :  0.3061340E-06  0.1000000E-03           1
|0100000000110011100001000> :  0.1510596E-06  0.1000000E-03           1
|0000010010011101010000011> :  0.1688738E-04  0.1000000E-03           1
|0000010000000110110100010> :  0.3443138E-06  0.1000000E-03           1
|0100000000011001000000011> :  0.2468724E-03  0.1000000E-03           1
|0000010010011000010110011> :  0.1620695E-06  0.1000000E-03           1
|0000010010010000010100111> :  0.1414661E-05  0.1000000E-03           1
|1000100010000000100000000> :  0.1352430E-04  0.1000000E-03           1
|1000100010000001000001000> :  0.8910968E-04  0.1000000E-03           1
|0000010000000100000011000> :  0.2797232E-04  0.1000000E-03           1
|0000000001110001010101010> :  0.1782645E-06  0.1000000E-03           1
|0100000000010001000100001> :  0.8322458E-04  0.1000000E-03           1
|0100000000010001000100000> :  0.4235777E-05  0.1000000E-03           1
|0000010010000000100001000> :  0.5525036E-05  0.1000000E-03           1
|0000010000000011101000011> :  0.1356878E-05  0.1000000E-03           1
|0100000000001011000000010> :  0.1497064E-05  0.1000000E-03           1
|1001010001010100100000000> :  0.1669425E-07  0.1000000E-03           1
|0100000000001001001000000> :  0.4000115E-04  0.1000000E-03           1
|0100000000000100001000100> :  0.9684526E-04  0.1000000E-03           1
|0000010001011001010000001> :  0.2324108E-04  0.1000000E-03           1
|1010000001100000000100100> :  0.3415325E-05  0.1000000E-03           1
|0000000001011011100000001> :  0.4041529E-05  0.1000000E-03           1
|0000000000011001010010011> :  0.1790596E-04  0.1000000E-03           1
|0011101000000000000000000> :  0.1264557E-04  0.1000000E-03           1
|0011001100100000100000000> :  0.3719694E-05  0.1000000E-03           1
|0011001100000000000000100> :  0.1601437E-03  0.1000000E-03           1
|0010101110000000000000000> :  0.2324091E-03  0.1000000E-03           1
|0000010001011000010010001> :  0.2859471E-04  0.1000000E-03           1
|0010101100100000110100000> :  0.6157164E-05  0.1000000E-03           1
|0010101100000001110100000> :  0.3817729E-06  0.1000000E-03           1
|1010100100000000100000000> :  0.8800108E-04  0.1000000E-03           1
|1010100110000000000000000> :  0.6923424E-04  0.1000000E-03           1
|0010101100000000110110000> :  0.4466444E-05  0.1000000E-03           1
|1010100110100000100000000> :  0.7222000E-04  0.1000000E-03           1
|1100000000000011000011010> :  0.8551025E-07  0.1000000E-03           1
|0000000001011001000000011> :  0.7344179E-04  0.1000000E-03           1
|1100010001011000000010101> :  0.2899550E-06  0.1000000E-03           1
|0000000000001001010000010> :  0.2111330E-04  0.1000000E-03           1
|0000000000000001110100000> :  0.3495436E-04  0.1000000E-03           1
|0000000000000001101001000> :  0.4660715E-05  0.1000000E-03           1
