# state, exact probability, frequency, count:
#------------------------------------------------------------------
|111110010001000011101001> :  0.1514586E+00  0.1507000E+00        1507
|000001101110111100010110> :  0.1514586E+00  0.1480000E+00        1480
|000001101100111100010111> :  0.1078380E+00  0.1080000E+00        1080
|111110010011000011101000> :  0.1078380E+00  0.1067000E+00        1067
|111110010101000011100001> :  0.1091439E+00  0.1066000E+00        1066
|000001101010111100011110> :  0.1091439E+00  0.1052000E+00        1052
|000001101000111100011111> :  0.9714747E-01  0.1018000E+00        1018
|111110010111000011100000> :  0.9714747E-01  0.9830000E-01         983
|000011101110111100010010> :  0.2921659E-01  0.3370000E-01         337
|111100010001000011101101> :  0.2921659E-01  0.3090000E-01         309
|010111000111110011110000> :  0.3423760E-03  0.7000000E-03           7
|101001111000001100000111> :  0.3702147E-03  0.4000000E-03           4
|001001111000101100000111> :  0.2470724E-03  0.4000000E-03           4
|101000111000001100001111> :  0.3423760E-03  0.3000000E-03           3
|110110000111010011111000> :  0.2470724E-03  0.3000000E-03           3
|010110000111110011111000> :  0.3702147E-03  0.3000000E-03           3
|001001111010101100000110> :  0.7905605E-04  0.2000000E-03           2
|010111010111110011100000> :  0.2538213E-03  0.2000000E-03           2
|001001110100011100110011> :  0.1001855E-06  0.1000000E-03           1
|001001110011101011100110> :  0.1015688E-07  0.1000000E-03           1
|000001101011111100011010> :  0.3384848E-06  0.1000000E-03           1
|000111101110111100011001> :  0.1262393E-05  0.1000000E-03           1
|010100000110111001111010> :  0.6842522E-08  0.1000000E-03           1
|100110111000011101111001> :  0.1211850E-08  0.1000000E-03           1
|010100010111100011100010> :  0.2126168E-07  0.1000000E-03           1
|010101001010110100011101> :  0.7011766E-06  0.1000000E-03           1
|010101001110111001010100> :  0.6745452E-06  0.1000000E-03           1
|010101010001110011010101> :  0.3946440E-06  0.1000000E-03           1
|010101101110111100010100> :  0.3730684E-05  0.1000000E-03           1
|101101111000101100011110> :  0.6593873E-08  0.1000000E-03           1
|010011011111110111010010> :  0.1785212E-07  0.1000000E-03           1
|000111010111111101110010> :  0.3291511E-08  0.1000000E-03           1
|000001100010111100110010> :  0.1490070E-05  0.1000000E-03           1
|010011010011100101010100> :  0.4500610E-08  0.1000000E-03           1
|010001100001010100111111> :  0.6816622E-07  0.1000000E-03           1
|000100100000111001011110> :  0.3233129E-06  0.1000000E-03           1
|010001001010011101111111> :  0.4058755E-06  0.1000000E-03           1
|100000101000011100011111> :  0.1408064E-03  0.1000000E-03           1
|111100110011000011101000> :  0.2317597E-05  0.1000000E-03           1
|111100010011000011000001> :  0.8177127E-06  0.1000000E-03           1
|100001110110001000110011> :  0.3542161E-07  0.1000000E-03           1
|100010000110001001111010> :  0.1517636E-06  0.1000000E-03           1
|100010001110111111011110> :  0.5988630E-07  0.1000000E-03           1
|100100011100001100010101> :  0.5717375E-08  0.1000000E-03           1
|100110101100001101011001> :  0.7146304E-08  0.1000000E-03           1
|100110101100111011001000> :  0.7094517E-08  0.1000000E-03           1
|011111011100000111100001> :  0.3638068E-08  0.1000000E-03           1
|101000101000001100011111> :  0.2538213E-03  0.1000000E-03           1
|101000101010001001111111> :  0.1067632E-07  0.1000000E-03           1
|101000110101000011110011> :  0.7226030E-08  0.1000000E-03           1
|010000100001111101011110> :  0.4138970E-08  0.1000000E-03           1
|101000111001000100101111> :  0.6093149E-08  0.1000000E-03           1
|101000111110101000000110> :  0.7526160E-08  0.1000000E-03           1
|011111010111010011101000> :  0.5596093E-06  0.1000000E-03           1
|101010010101001011100011> :  0.2234262E-05  0.1000000E-03           1
|101010111010001110101000> :  0.2894804E-06  0.1000000E-03           1
|101010111010101101101000> :  0.1060996E-07  0.1000000E-03           1
|101011110000001110101111> :  0.9298968E-08  0.1000000E-03           1
|101100111000001000101110> :  0.4796066E-07  0.1000000E-03           1
|101100111000001110001011> :  0.5790123E-08  0.1000000E-03           1
|011111000101010010101001> :  0.5486130E-06  0.1000000E-03           1
|101110011111000011100000> :  0.3315910E-06  0.1000000E-03           1
|001101101100101010000111> :  0.2006077E-06  0.1000000E-03           1
|011010010010101101100100> :  0.6004860E-08  0.1000000E-03           1
|111000001111100011000110> :  0.7485771E-08  0.1000000E-03           1
|011000011011000011000101> :  0.3921014E-09  0.1000000E-03           1
|001010011010001101001100> :  0.1111597E-07  0.1000000E-03           1
|110110101000011101011101> :  0.1247286E-06  0.1000000E-03           1
|110110100011010001111001> :  0.4280087E-07  0.1000000E-03           1
|010111100111010010011000> :  0.1625679E-07  0.1000000E-03           1
|110110010111001101101000> :  0.2397380E-07  0.1000000E-03           1
|111000011111000111100001> :  0.2062324E-07  0.1000000E-03           1
|111000110001000011101110> :  0.9086437E-07  0.1000000E-03           1
|111010010001000011001111> :  0.3479828E-06  0.1000000E-03           1
|111010110001000011101000> :  0.2474361E-05  0.1000000E-03           1
|111010110001000111101000> :  0.4876484E-05  0.1000000E-03           1
|111010111010000010001000> :  0.1159983E-07  0.1000000E-03           1
|010111100101111000110100> :  0.4131486E-07  0.1000000E-03           1
|110110000101010011111001> :  0.7905605E-04  0.1000000E-03           1
|110100101000010010011111> :  0.7814187E-07  0.1000000E-03           1
|101110111001100010001010> :  0.1440147E-07  0.1000000E-03           1
|101110111000000011101001> :  0.4297810E-07  0.1000000E-03           1
|000001100111111100100011> :  0.9618160E-08  0.1000000E-03           1
|111110010101001101101001> :  0.8129106E-06  0.1000000E-03           1
|000000111100111100011111> :  0.2390243E-05  0.1000000E-03           1
|111110011000100011001001> :  0.2232934E-06  0.1000000E-03           1
|111110101000000011001101> :  0.7662477E-07  0.1000000E-03           1
|111110110101001000100001> :  0.4574002E-07  0.1000000E-03           1
|111110111011100010000000> :  0.5086112E-06  0.1000000E-03           1
|111111111100101000010000> :  0.2141128E-07  0.1000000E-03           1
|000000101010010100011111> :  0.2035992E-08  0.1000000E-03           1
