# state, exact probability, frequency, count:
#------------------------------------------------------------------
|010100000110000010001010100000> :  0.4882587E+00  0.4917000E+00        4917
|010100000110000000011010100000> :  0.2689531E+00  0.2670000E+00        2670
|010100000110000000011010100001> :  0.1459261E+00  0.1426000E+00        1426
|000100000101000010001010100000> :  0.6237937E-02  0.6500000E-02          65
|011100000100000010000010100000> :  0.4769401E-02  0.4800000E-02          48
|100100000101001000100100000000> :  0.4250225E-02  0.4600000E-02          46
|000100000001000011001010100000> :  0.2368873E-02  0.2800000E-02          28
|100100000101001100100000000000> :  0.2151694E-02  0.2300000E-02          23
|000100000101000010100010100000> :  0.1400964E-02  0.2200000E-02          22
|011100000100000010000010010000> :  0.2019798E-02  0.2100000E-02          21
|011100000100000000010010100000> :  0.2219676E-02  0.2000000E-02          20
|010100000100000010001010100000> :  0.1855177E-02  0.1700000E-02          17
|010100000110000010011010100001> :  0.1598165E-02  0.1400000E-02          14
|010100000100000000011010100000> :  0.1265790E-02  0.1400000E-02          14
|100100000100001000110100000000> :  0.9125238E-03  0.1300000E-02          13
|010100000100000010001010010000> :  0.1235903E-02  0.1100000E-02          11
|000100000001000011100010100000> :  0.1703530E-02  0.1000000E-02          10
|010100000110000000011010000000> :  0.9789275E-03  0.8000000E-03           8
|100100000101000010100100000000> :  0.6074777E-03  0.8000000E-03           8
|010100000110000000010010100001> :  0.2398160E-03  0.7000000E-03           7
|100000000101001100100000001000> :  0.5736010E-03  0.7000000E-03           7
|010100000110000010001010100001> :  0.6381150E-03  0.6000000E-03           6
|010100000110000010011010100000> :  0.1087864E-02  0.6000000E-03           6
|110100000100001000010100000000> :  0.4445539E-03  0.6000000E-03           6
|010100000110000010001010001001> :  0.5287954E-04  0.5000000E-03           5
|010000000110000000001010101000> :  0.5610161E-03  0.5000000E-03           5
|011100000100000000011010100001> :  0.2600720E-03  0.4000000E-03           4
|011100000110010010001010100000> :  0.3162082E-03  0.4000000E-03           4
|100000000101001000100100001000> :  0.5656055E-03  0.4000000E-03           4
|000000000101000000100010101000> :  0.2598134E-03  0.4000000E-03           4
|000101000000000011100010100000> :  0.4202219E-03  0.4000000E-03           4
|010100000110011000011010100000> :  0.2751071E-03  0.4000000E-03           4
|010000000110000010001010100000> :  0.3609046E-03  0.4000000E-03           4
|010100001100000000011010100001> :  0.2584386E-03  0.4000000E-03           4
|010100000110000000001010100001> :  0.2650739E-03  0.3000000E-03           3
|010100000110001000010000100000> :  0.2983984E-03  0.3000000E-03           3
|010000000110000000011010100001> :  0.2658565E-03  0.3000000E-03           3
|000100010100000000100100010000> :  0.1859798E-03  0.3000000E-03           3
|010100000110001000011000100001> :  0.2599404E-03  0.3000000E-03           3
|011100000110000010010010100001> :  0.8856282E-04  0.3000000E-03           3
|010100000110000000011000100001> :  0.2635183E-03  0.3000000E-03           3
|000100000101000010100010000000> :  0.1215577E-03  0.3000000E-03           3
|010100100110000010001110000000> :  0.2276966E-04  0.3000000E-03           3
|011100000110000000010010100001> :  0.2520015E-03  0.3000000E-03           3
|010100000110000110011010100001> :  0.2704007E-03  0.3000000E-03           3
|010000000110000000011010100000> :  0.2384644E-03  0.3000000E-03           3
|011100000110100000011010100000> :  0.2454645E-03  0.3000000E-03           3
|000100000110000010001010100000> :  0.4568102E-03  0.3000000E-03           3
|011100000100001000010000100000> :  0.3109487E-03  0.3000000E-03           3
|010100000100000010000100010000> :  0.7625876E-04  0.2000000E-03           2
|110000001100000000000100001000> :  0.1031700E-03  0.2000000E-03           2
|000100000101000010100000100000> :  0.1000048E-03  0.2000000E-03           2
|100100000100001000110000000000> :  0.7137296E-04  0.2000000E-03           2
|010100000010000010011010100001> :  0.5824855E-04  0.2000000E-03           2
|010101100110000010001010100001> :  0.3146343E-04  0.2000000E-03           2
|010100000111000010001000100001> :  0.1559437E-03  0.2000000E-03           2
|010000000010000010101010100001> :  0.3554371E-04  0.2000000E-03           2
|010100000110000010100010100001> :  0.5807433E-04  0.2000000E-03           2
|010100000100000010101010100001> :  0.1008181E-03  0.2000000E-03           2
|000000000101000010100010100000> :  0.1681465E-03  0.2000000E-03           2
|010100000011000010001010100001> :  0.1950283E-03  0.2000000E-03           2
|110000000100001000000100001000> :  0.1228263E-03  0.2000000E-03           2
|010000000110100000001110101001> :  0.5933349E-05  0.2000000E-03           2
|000100000001000011001000100000> :  0.5723764E-04  0.2000000E-03           2
|010000000110001000010010101001> :  0.2752142E-04  0.2000000E-03           2
|000100000101001000100000100000> :  0.2124472E-03  0.2000000E-03           2
|010100100110000011001010100000> :  0.4882069E-04  0.2000000E-03           2
|010100000100000000011010100001> :  0.2547546E-03  0.2000000E-03           2
|010100000110000010001000100000> :  0.3781581E-03  0.2000000E-03           2
|010100000110000010000010100000> :  0.1741737E-03  0.2000000E-03           2
|010100000110000010001011100010> :  0.4482160E-04  0.2000000E-03           2
|010100000110001000010000000000> :  0.1008671E-03  0.2000000E-03           2
|010100000110001000001000101001> :  0.1209548E-03  0.2000000E-03           2
|010100000110000000011000100000> :  0.4316777E-03  0.2000000E-03           2
|010100000110000010001010000000> :  0.4228433E-03  0.2000000E-03           2
|010100001100000000001010101001> :  0.9974010E-04  0.2000000E-03           2
|010100000110010010001010110000> :  0.3324684E-03  0.2000000E-03           2
|000000000110000010000110100001> :  0.1707824E-05  0.2000000E-03           2
|000100000010000010001100100101> :  0.2870098E-04  0.2000000E-03           2
|011100000110000000011010100011> :  0.6995381E-05  0.2000000E-03           2
|010100000010000000011010100001> :  0.2458673E-03  0.2000000E-03           2
|000100100000010000101000000001> :  0.3491846E-06  0.2000000E-03           2
|000100000101000010001000100000> :  0.1130723E-03  0.2000000E-03           2
|000100010100000100100000010000> :  0.6557837E-04  0.2000000E-03           2
|100100000101000010100000000000> :  0.1735646E-03  0.2000000E-03           2
|100100000001001000100100000000> :  0.7839431E-04  0.2000000E-03           2
|000100000110000000011010100001> :  0.2541358E-03  0.2000000E-03           2
|010000001001000000011010100001> :  0.8009893E-05  0.2000000E-03           2
|110100000100000010000100000000> :  0.4424111E-04  0.2000000E-03           2
|010000001100000000010010100000> :  0.9226045E-04  0.2000000E-03           2
|010000001110000000011010100001> :  0.2470370E-03  0.2000000E-03           2
|010000001100000000001000011000> :  0.4704752E-04  0.2000000E-03           2
|100100000101001000000100000000> :  0.1069315E-03  0.2000000E-03           2
|000010000000011000000011001010> :  0.1667649E-06  0.1000000E-03           1
|000010000000000100101010000001> :  0.3734851E-07  0.1000000E-03           1
|000000001000100000001110100001> :  0.2841345E-06  0.1000000E-03           1
|000001101100000001000010100100> :  0.1583031E-06  0.1000000E-03           1
|000001101000010000000000001101> :  0.4963665E-08  0.1000000E-03           1
|000000001000010001110000001001> :  0.4516457E-08  0.1000000E-03           1
|000000000100011010001010101000> :  0.4326951E-06  0.1000000E-03           1
|000001100100000011000000000001> :  0.1713253E-06  0.1000000E-03           1
|000001100100000000111010100100> :  0.5751885E-06  0.1000000E-03           1
|000000001000000000011010100100> :  0.5604216E-04  0.1000000E-03           1
|000001100010101001000000000000> :  0.3145223E-07  0.1000000E-03           1
|000001100010000000001000100001> :  0.1855007E-06  0.1000000E-03           1
|000000000111000011001010000001> :  0.2561390E-05  0.1000000E-03           1
|000000000100010100000000100011> :  0.1360539E-06  0.1000000E-03           1
|000000000010000000001110100001> :  0.1175087E-06  0.1000000E-03           1
|100000000000011000001010011000> :  0.5744365E-06  0.1000000E-03           1
|000100000101000010001000100011> :  0.1838706E-04  0.1000000E-03           1
|010000000110000000010011100010> :  0.1410211E-04  0.1000000E-03           1
|100000100100000011101000000000> :  0.1399085E-07  0.1000000E-03           1
|010000000110000000011010101000> :  0.5174823E-04  0.1000000E-03           1
|000100000101000011101000100001> :  0.1193449E-05  0.1000000E-03           1
|010000000110000010101010000001> :  0.4376334E-04  0.1000000E-03           1
|000100000101010010000011100000> :  0.7642378E-05  0.1000000E-03           1
|000100000110000000001010101001> :  0.4069978E-04  0.1000000E-03           1
|000100000110000000011000100000> :  0.1809586E-04  0.1000000E-03           1
|010000000110100000000000000011> :  0.5567430E-07  0.1000000E-03           1
|000100000110000010001000100000> :  0.2236370E-04  0.1000000E-03           1
|010000000110100000011011000000> :  0.6012364E-05  0.1000000E-03           1
|000100000110000010101010100001> :  0.5256774E-04  0.1000000E-03           1
|000100000110000011001010010001> :  0.7097102E-05  0.1000000E-03           1
|000100000110001000000010101101> :  0.3465326E-04  0.1000000E-03           1
|000100000110011010001010100000> :  0.9876275E-05  0.1000000E-03           1
|000100000110100010101010100000> :  0.1824387E-05  0.1000000E-03           1
|000001011010000000001010101000> :  0.1565277E-06  0.1000000E-03           1
|010000000100010011001010101000> :  0.7891502E-05  0.1000000E-03           1
|000100000101000000100010100000> :  0.7685875E-05  0.1000000E-03           1
|000001001100000000011010000010> :  0.9544717E-06  0.1000000E-03           1
|000000000110001000011000101101> :  0.1420373E-04  0.1000000E-03           1
|000100000100100000010011000000> :  0.1267769E-05  0.1000000E-03           1
|000100000100010010100011100000> :  0.1110938E-04  0.1000000E-03           1
|000001001100000000000100001110> :  0.1180323E-06  0.1000000E-03           1
|000100000100010000100010101010> :  0.1467372E-05  0.1000000E-03           1
|000100000100001001110000100001> :  0.2255457E-05  0.1000000E-03           1
|000001000110000000010010101001> :  0.1341895E-05  0.1000000E-03           1
|000000000110000101011010101000> :  0.1685961E-07  0.1000000E-03           1
|000000000100000000110101100010> :  0.5659417E-06  0.1000000E-03           1
|000100000100001000110000100000> :  0.9545185E-04  0.1000000E-03           1
|000100000100000010100100010000> :  0.5041768E-04  0.1000000E-03           1
|000001000100100000100100111000> :  0.2263928E-07  0.1000000E-03           1
|000100000100000010100010010000> :  0.2321790E-04  0.1000000E-03           1
|010000000000000010001010100111> :  0.1389143E-05  0.1000000E-03           1
|000100000100000010010010001001> :  0.1475162E-05  0.1000000E-03           1
|000001000010100010000100100001> :  0.4030716E-07  0.1000000E-03           1
|000100000100000010001010100011> :  0.6176284E-05  0.1000000E-03           1
|000100000100000010001010100000> :  0.4719064E-04  0.1000000E-03           1
|000001000010000100010010100001> :  0.1635235E-05  0.1000000E-03           1
|000100000100000010000101100001> :  0.3440973E-05  0.1000000E-03           1
|000100000011001000001000001101> :  0.7208209E-06  0.1000000E-03           1
|000001000000000001100001001000> :  0.1504162E-05  0.1000000E-03           1
|000000000110000001000000011011> :  0.2556424E-07  0.1000000E-03           1
|000000000100000000110001100001> :  0.1562305E-05  0.1000000E-03           1
|000000000010000000001010101100> :  0.4085891E-04  0.1000000E-03           1
|000000000000100000000110001011> :  0.1385409E-06  0.1000000E-03           1
|000100000011000010101010000001> :  0.2672787E-05  0.1000000E-03           1
|000100000010010000110000100101> :  0.2874525E-07  0.1000000E-03           1
|000000110010000100001000000001> :  0.8576790E-07  0.1000000E-03           1
|000100000010000100010010000001> :  0.5116925E-06  0.1000000E-03           1
|000100000010000010101010100001> :  0.2134570E-05  0.1000000E-03           1
|000000100110010000001010101000> :  0.1984281E-05  0.1000000E-03           1
|000000000110000000101010101001> :  0.2211925E-05  0.1000000E-03           1
|001010001100000000000000000110> :  0.2392271E-07  0.1000000E-03           1
|000100000010000010001000100100> :  0.5073716E-04  0.1000000E-03           1
|000000100110000010001000100001> :  0.2201736E-05  0.1000000E-03           1
|000100000010000010000010100100> :  0.6437780E-04  0.1000000E-03           1
|000100000010000000011010100100> :  0.3488368E-03  0.1000000E-03           1
|000000100100000010011010000001> :  0.1186624E-06  0.1000000E-03           1
|000000000101101111000100001000> :  0.2349436E-09  0.1000000E-03           1
|000000000011100100000010000001> :  0.2297836E-06  0.1000000E-03           1
|001000000110000010000001010011> :  0.1372783E-07  0.1000000E-03           1
|010100000110011000011010100011> :  0.7370350E-05  0.1000000E-03           1
|001000000101010000101000101000> :  0.1901841E-08  0.1000000E-03           1
|001000101001000010001010100100> :  0.7084590E-08  0.1000000E-03           1
|001001000010010010001000000010> :  0.8216772E-07  0.1000000E-03           1
|001001000100000010000011100001> :  0.1833716E-05  0.1000000E-03           1
|001010000010100000100000000010> :  0.2842447E-07  0.1000000E-03           1
|001010001001000000100010000100> :  0.1338278E-06  0.1000000E-03           1
|001010001001000010000000000010> :  0.8676016E-07  0.1000000E-03           1
|010100001110000110000010100000> :  0.3180927E-04  0.1000000E-03           1
|001100000000000011000010010000> :  0.1199392E-03  0.1000000E-03           1
|001100000000000011000010100000> :  0.3865930E-04  0.1000000E-03           1
|001100000000000100001010100010> :  0.8878678E-06  0.1000000E-03           1
|001100000001000010000011100001> :  0.3299634E-05  0.1000000E-03           1
|001100000100010000110010110000> :  0.1829119E-05  0.1000000E-03           1
|001100000100010010100100000010> :  0.9459298E-07  0.1000000E-03           1
|001100000110000011000010100001> :  0.8236008E-05  0.1000000E-03           1
|001100100100000000010001000100> :  0.9492209E-06  0.1000000E-03           1
|001100100100000000110000000001> :  0.2493785E-06  0.1000000E-03           1
|001101000000100011101010100000> :  0.4765593E-07  0.1000000E-03           1
|001101010000000011001010100000> :  0.6355029E-07  0.1000000E-03           1
|001101100010000000100010101000> :  0.2278070E-08  0.1000000E-03           1
|001110000011000000001010100000> :  0.8249376E-06  0.1000000E-03           1
|001110000111000000001010100000> :  0.2283079E-05  0.1000000E-03           1
|001110010100000010000010100000> :  0.4628968E-06  0.1000000E-03           1
|001110100000000000001000000001> :  0.7932910E-08  0.1000000E-03           1
|001111000000000001000100000010> :  0.3346233E-07  0.1000000E-03           1
|010110000100001011000010100000> :  0.8927706E-08  0.1000000E-03           1
|010000000000000101000101001100> :  0.2635055E-06  0.1000000E-03           1
|010000000000001100010000101001> :  0.6507501E-07  0.1000000E-03           1
|010000000000001100010000101101> :  0.1254788E-06  0.1000000E-03           1
|010000000000010001100011101000> :  0.1775483E-07  0.1000000E-03           1
|010000000010000000011010101001> :  0.1407889E-04  0.1000000E-03           1
|010000000010000000100010101001> :  0.9674409E-06  0.1000000E-03           1
|010000000010000010001010100011> :  0.1224503E-04  0.1000000E-03           1
|010000000010000010101010010001> :  0.1160823E-04  0.1000000E-03           1
|011000010110000010001010001000> :  0.1608873E-05  0.1000000E-03           1
|010000000010000011001000100101> :  0.8563238E-06  0.1000000E-03           1
|010000000010001000010010101101> :  0.1057558E-04  0.1000000E-03           1
|010000000010010010001010101010> :  0.4157047E-05  0.1000000E-03           1
|010000000010011000110011110011> :  0.3364045E-12  0.1000000E-03           1
|010000000010101000110000000001> :  0.2319084E-06  0.1000000E-03           1
|010000000100000000001100010011> :  0.8958047E-07  0.1000000E-03           1
|010000000100000001010010100001> :  0.3628483E-06  0.1000000E-03           1
|010000000100000010001010010000> :  0.8361879E-04  0.1000000E-03           1
|011100000110010000011010100000> :  0.2012232E-03  0.1000000E-03           1
|010000000100100010010011001000> :  0.3060359E-06  0.1000000E-03           1
|010000000101000010101000100001> :  0.1193460E-05  0.1000000E-03           1
|010000000110000000000010101000> :  0.2360163E-04  0.1000000E-03           1
|100000000100010000111010100000> :  0.4779832E-05  0.1000000E-03           1
|010000000110000000010010100000> :  0.3637131E-04  0.1000000E-03           1
|100000001000100000100001100001> :  0.1702665E-08  0.1000000E-03           1
|010000000110000000010111101001> :  0.3289915E-06  0.1000000E-03           1
|100000101000000000001000001101> :  0.3887212E-07  0.1000000E-03           1
|100000101010100000000000001001> :  0.1600610E-08  0.1000000E-03           1
|100100000000000010010010001001> :  0.6935507E-06  0.1000000E-03           1
|010000000110000000110000001001> :  0.2130486E-06  0.1000000E-03           1
|010000000110000001000010000001> :  0.5011681E-06  0.1000000E-03           1
|100100000100000000110100000000> :  0.4829476E-04  0.1000000E-03           1
|001000000010100010000100010100> :  0.9928524E-08  0.1000000E-03           1
|010000000110000011000010010001> :  0.1388915E-04  0.1000000E-03           1
|010000000110000100001100101000> :  0.1923682E-06  0.1000000E-03           1
|010000000110000110011010100001> :  0.2409958E-04  0.1000000E-03           1
|100100000111001001000010100000> :  0.1742134E-07  0.1000000E-03           1
|010000000110010000010010100010> :  0.6542822E-05  0.1000000E-03           1
|010000000110010010001010110000> :  0.4944884E-05  0.1000000E-03           1
|010000000110010011001010001000> :  0.4736482E-05  0.1000000E-03           1
|110000000100001000010100000000> :  0.5306617E-04  0.1000000E-03           1
|010000000110100000001110101000> :  0.1625248E-04  0.1000000E-03           1
|110000001010000000011011100000> :  0.1792671E-05  0.1000000E-03           1
|010000000110100000011010110000> :  0.2608320E-04  0.1000000E-03           1
|110000101100000000100000000001> :  0.7813878E-07  0.1000000E-03           1
|010000000110100000111000101000> :  0.2477953E-05  0.1000000E-03           1
|010000000110100000111010100001> :  0.1693766E-04  0.1000000E-03           1
|010000000111000000011000000001> :  0.8753260E-05  0.1000000E-03           1
|110100000101000010001000100001> :  0.1616667E-05  0.1000000E-03           1
|010000001100000000000100011000> :  0.8001776E-04  0.1000000E-03           1
|110100010110000010001010100000> :  0.1200346E-03  0.1000000E-03           1
|010000001100000000001010011000> :  0.1220929E-03  0.1000000E-03           1
|111000000000010000011010100000> :  0.2766744E-07  0.1000000E-03           1
|010000001100000000011000100000> :  0.1936805E-04  0.1000000E-03           1
|010000001100000000011001100010> :  0.1020287E-06  0.1000000E-03           1
|010000001100001000011000101001> :  0.2718186E-05  0.1000000E-03           1
|010100000110010000001000110000> :  0.2688351E-05  0.1000000E-03           1
|001000000000000010001010100111> :  0.4450448E-07  0.1000000E-03           1
|000000100010100000000010000101> :  0.7178772E-07  0.1000000E-03           1
|000111100000100100000001000000> :  0.2660061E-07  0.1000000E-03           1
|000111001100000100000010100000> :  0.6267278E-08  0.1000000E-03           1
|000111000111000000110010100000> :  0.1141965E-06  0.1000000E-03           1
|000111000010010110000000100000> :  0.8749255E-07  0.1000000E-03           1
|000100000001000011000010100000> :  0.1584995E-04  0.1000000E-03           1
|000000100001000001000010011001> :  0.2108604E-07  0.1000000E-03           1
|000000000101001100100000001000> :  0.4666790E-04  0.1000000E-03           1
|000110010110000010000010100011> :  0.8204409E-08  0.1000000E-03           1
|000110000110000100011000100000> :  0.1379114E-05  0.1000000E-03           1
|000100000001000001100010100000> :  0.4057413E-04  0.1000000E-03           1
|000110000110000000010010110100> :  0.8816673E-06  0.1000000E-03           1
|000110000010000110001010000100> :  0.9152493E-05  0.1000000E-03           1
|000100000000001000010101100001> :  0.1655069E-05  0.1000000E-03           1
|000000011100010010001010100000> :  0.7968289E-07  0.1000000E-03           1
|000110000000000001011010100001> :  0.2076320E-05  0.1000000E-03           1
|000101100110000101000000000000> :  0.1220199E-08  0.1000000E-03           1
|000100000000000100011010000001> :  0.3595463E-06  0.1000000E-03           1
|000101100100010000011000000000> :  0.9886322E-06  0.1000000E-03           1
|000101100100000010100010100100> :  0.2376497E-05  0.1000000E-03           1
|000100000000000011100011100001> :  0.4040741E-05  0.1000000E-03           1
|000000011000000000010011101000> :  0.4757723E-06  0.1000000E-03           1
|000000000101000100100011101011> :  0.1238186E-06  0.1000000E-03           1
|000000000011011000001001000010> :  0.1830558E-07  0.1000000E-03           1
|000000000001000001100010101000> :  0.7242397E-04  0.1000000E-03           1
|000101000010100010000010100001> :  0.4610104E-05  0.1000000E-03           1
|000101000010000100010010100010> :  0.6633017E-05  0.1000000E-03           1
|000100000000000011100010110000> :  0.1212839E-06  0.1000000E-03           1
|000101000010000010000010100000> :  0.1119300E-03  0.1000000E-03           1
|000101000001000001100010100000> :  0.1621742E-06  0.1000000E-03           1
|000100000000000011100010010000> :  0.1674402E-03  0.1000000E-03           1
|000000010101000100001100000001> :  0.3242350E-07  0.1000000E-03           1
|000101000000100010001100000100> :  0.5417471E-07  0.1000000E-03           1
|010100000110000000000010101001> :  0.3847640E-04  0.1000000E-03           1
|000100000000000011100000010010> :  0.3701491E-04  0.1000000E-03           1
|000101000000000001100010100000> :  0.5554547E-04  0.1000000E-03           1
|010100000100011001011010100100> :  0.2058519E-07  0.1000000E-03           1
|000100110100000000001000000001> :  0.3485998E-05  0.1000000E-03           1
|000100000000000011001010100000> :  0.5076816E-04  0.1000000E-03           1
|000000010100010010000010001001> :  0.1921524E-08  0.1000000E-03           1
|010100000100010011001010100000> :  0.5185314E-04  0.1000000E-03           1
|010100000100001000010100000000> :  0.5208421E-04  0.1000000E-03           1
|000100101011000110011010100000> :  0.3792766E-09  0.1000000E-03           1
|010100000100001000010000100000> :  0.4366382E-04  0.1000000E-03           1
|010100000100000110001000110010> :  0.1853526E-05  0.1000000E-03           1
|000100100110000010001010011001> :  0.1554915E-05  0.1000000E-03           1
|000100000000000010011100000011> :  0.2668639E-07  0.1000000E-03           1
|010100000101000000010100000001> :  0.2059715E-05  0.1000000E-03           1
|010100000101000010001000110001> :  0.1487345E-05  0.1000000E-03           1
|010100000101001010100000100001> :  0.9529097E-06  0.1000000E-03           1
|010100000100000011001010100001> :  0.7951616E-04  0.1000000E-03           1
|010100000110000000001010011001> :  0.1354759E-03  0.1000000E-03           1
|010100000110000000001010100000> :  0.1354890E-03  0.1000000E-03           1
|000100100110000000011100100001> :  0.4680343E-07  0.1000000E-03           1
|010100000110000000001010101000> :  0.9819572E-04  0.1000000E-03           1
|010100000110000000001010101001> :  0.9022371E-04  0.1000000E-03           1
|010100000100000010011010100001> :  0.5691047E-04  0.1000000E-03           1
|000100100101000010001100000010> :  0.6714797E-08  0.1000000E-03           1
|000100000000000000011010100100> :  0.8983029E-04  0.1000000E-03           1
|000000010001001011100011100000> :  0.1102760E-06  0.1000000E-03           1
|010100000110000000011010000001> :  0.2841661E-03  0.1000000E-03           1
|010100000100000010001000010000> :  0.1381466E-03  0.1000000E-03           1
|000100100101000010001011100000> :  0.1462750E-04  0.1000000E-03           1
|010100000110000000011110010100> :  0.3355591E-08  0.1000000E-03           1
|010100000110000000011110100010> :  0.8108618E-06  0.1000000E-03           1
|010100000110000010000010000000> :  0.4530535E-05  0.1000000E-03           1
|010100000100000000011110100010> :  0.1489689E-04  0.1000000E-03           1
|000100100101000000001000100001> :  0.6711844E-05  0.1000000E-03           1
|000011001000000000001010101010> :  0.2371721E-07  0.1000000E-03           1
|010100000100000000011011100011> :  0.4522815E-06  0.1000000E-03           1
|000100100100101100000001000100> :  0.4306452E-06  0.1000000E-03           1
|010100000100000000011010001001> :  0.1624291E-04  0.1000000E-03           1
|000100100100010000100010010000> :  0.1062439E-05  0.1000000E-03           1
|010100000110000010001111100000> :  0.6767283E-04  0.1000000E-03           1
|010100000110000010010010100001> :  0.6056173E-04  0.1000000E-03           1
|000011000100100000000000010001> :  0.1314354E-07  0.1000000E-03           1
|000000010001000000010001100001> :  0.2900255E-07  0.1000000E-03           1
|000000000101000010001010100000> :  0.1284668E-03  0.1000000E-03           1
|010100000110000010101000000001> :  0.3587499E-04  0.1000000E-03           1
|010100000110000100011010100001> :  0.1100095E-03  0.1000000E-03           1
|010100000110000101001010100000> :  0.6358478E-05  0.1000000E-03           1
|000000000011000100000010100001> :  0.2424268E-05  0.1000000E-03           1
|010100000010100000001110001000> :  0.2801277E-05  0.1000000E-03           1
|000100100100010000001000010000> :  0.2961881E-05  0.1000000E-03           1
|010100000010010000000011100000> :  0.5802748E-06  0.1000000E-03           1
|010100000010001000000010101101> :  0.3443170E-04  0.1000000E-03           1
|000100100100000000011000100001> :  0.8765363E-06  0.1000000E-03           1
|010100000110010010001000100010> :  0.2525886E-04  0.1000000E-03           1
|000011000010010000000110001001> :  0.2984220E-07  0.1000000E-03           1
|010100000110011000001010100000> :  0.2732724E-04  0.1000000E-03           1
|010100000010000101011010000001> :  0.2569534E-05  0.1000000E-03           1
|010100000010000101010010100000> :  0.8230396E-05  0.1000000E-03           1
|010100000110100000011000110001> :  0.8447981E-05  0.1000000E-03           1
|010100000110100000011010110000> :  0.2589869E-05  0.1000000E-03           1
|010100000110100000011011100101> :  0.2412465E-05  0.1000000E-03           1
|010100000110100000011110000000> :  0.2594942E-05  0.1000000E-03           1
|010100000110100000101010100001> :  0.8132455E-05  0.1000000E-03           1
|010100000110100000111000100001> :  0.1686971E-04  0.1000000E-03           1
|010100000110100010000011100000> :  0.2172796E-04  0.1000000E-03           1
|010100000111000010000010100001> :  0.1607764E-03  0.1000000E-03           1
|000100100100000000001000100001> :  0.1726584E-05  0.1000000E-03           1
|010100000111000111000010100001> :  0.1385007E-07  0.1000000E-03           1
|010100000010000011001010100001> :  0.2947202E-04  0.1000000E-03           1
|010100000010000010101000100001> :  0.2773290E-04  0.1000000E-03           1
|010100001100001000000001100010> :  0.9326693E-07  0.1000000E-03           1
|010100001101000110001010100000> :  0.1482952E-06  0.1000000E-03           1
|000100100011010000001000100000> :  0.7974956E-07  0.1000000E-03           1
|010100010010000010001010100010> :  0.9544998E-05  0.1000000E-03           1
|010100010010000010011000100010> :  0.1534377E-05  0.1000000E-03           1
|010100010100011001100000000000> :  0.1395746E-07  0.1000000E-03           1
|010100010101001000010000000001> :  0.2791597E-06  0.1000000E-03           1
|010100010110000000011010000011> :  0.5022518E-05  0.1000000E-03           1
|010100010110001000001001100000> :  0.5086647E-06  0.1000000E-03           1
|010100010110001000011010001001> :  0.3498274E-06  0.1000000E-03           1
|010100011000100000010101000000> :  0.2027729E-07  0.1000000E-03           1
|010100100000000000011010100001> :  0.2152313E-05  0.1000000E-03           1
|010100100000010000011010100000> :  0.1134645E-05  0.1000000E-03           1
|010100100100000000001000100001> :  0.1013841E-04  0.1000000E-03           1
|010100100100010000011000100000> :  0.2001433E-04  0.1000000E-03           1
|010100100110000000001011100001> :  0.1435897E-04  0.1000000E-03           1
|010100100110000000010001100000> :  0.1207682E-05  0.1000000E-03           1
|010100100110000000010011100000> :  0.9954722E-05  0.1000000E-03           1
|010100100110000010001010100101> :  0.5028236E-06  0.1000000E-03           1
|000011000010000100001010101000> :  0.1866657E-04  0.1000000E-03           1
|000000010000000000000101011011> :  0.1703964E-06  0.1000000E-03           1
|010100100110001000011100100001> :  0.3886531E-06  0.1000000E-03           1
|010100100110100010000010100000> :  0.1323157E-04  0.1000000E-03           1
|010100100110100010010000100000> :  0.1132576E-05  0.1000000E-03           1
|010100101000001000010000100001> :  0.2421531E-07  0.1000000E-03           1
|010100101110000010001010100001> :  0.4007115E-04  0.1000000E-03           1
|010100101110000110001010100001> :  0.5781820E-05  0.1000000E-03           1
|010101000010000011100110100000> :  0.1354742E-07  0.1000000E-03           1
|010101000010000111000010100000> :  0.1462447E-04  0.1000000E-03           1
|010101000110000000011000100010> :  0.9503836E-06  0.1000000E-03           1
|010101000110000000011010100010> :  0.7347402E-04  0.1000000E-03           1
|010101000110100000011000100001> :  0.1035639E-04  0.1000000E-03           1
|010101000110100010001010100000> :  0.8574467E-04  0.1000000E-03           1
|010101010100000010001000000100> :  0.2697596E-07  0.1000000E-03           1
|010101010110000000011010100000> :  0.8735547E-04  0.1000000E-03           1
|010101010110000010001010100000> :  0.9304943E-04  0.1000000E-03           1
|010100000010000010001100100001> :  0.6766458E-05  0.1000000E-03           1
|010110000000000001000001100001> :  0.7503604E-07  0.1000000E-03           1
|000100100010100000000000000001> :  0.6569213E-06  0.1000000E-03           1
|010110000110000010101010100001> :  0.3534996E-04  0.1000000E-03           1
|010110000110000100010010100000> :  0.6813910E-05  0.1000000E-03           1
|010110000110000100011010000001> :  0.5091947E-05  0.1000000E-03           1
|010110000110000110001000000000> :  0.7427867E-05  0.1000000E-03           1
|010110001100000000000100101010> :  0.1812554E-07  0.1000000E-03           1
|010110010010000010000000100010> :  0.1460893E-05  0.1000000E-03           1
|010110010010000010001000100000> :  0.2929495E-04  0.1000000E-03           1
|010110010010000010001010100000> :  0.2522504E-04  0.1000000E-03           1
|010110010100000000011000000010> :  0.1245145E-05  0.1000000E-03           1
|010110010110000000000000100010> :  0.5696710E-06  0.1000000E-03           1
|010110010110000000001010001000> :  0.3160203E-06  0.1000000E-03           1
|010110100000000011000100001000> :  0.7336183E-09  0.1000000E-03           1
|010110100000010000011000100000> :  0.1051981E-05  0.1000000E-03           1
|010110100110100001111010100000> :  0.8271364E-09  0.1000000E-03           1
|011000000000000001011000000101> :  0.9612379E-07  0.1000000E-03           1
|011000000100000000010010100000> :  0.6611865E-04  0.1000000E-03           1
|011000000110000011000000100001> :  0.8482627E-05  0.1000000E-03           1
|010100000010000010000011100001> :  0.1124993E-04  0.1000000E-03           1
|011000100000001000010000100000> :  0.1583048E-04  0.1000000E-03           1
|011000100001000000010010100001> :  0.3481998E-05  0.1000000E-03           1
|011100000000000010000010100000> :  0.3021124E-04  0.1000000E-03           1
|010100000010000000011111100000> :  0.5140594E-05  0.1000000E-03           1
|000100100001010100001011000000> :  0.1054662E-08  0.1000000E-03           1
|000010111100000100000001000111> :  0.4562744E-10  0.1000000E-03           1
|010100000010000000011010100101> :  0.2477744E-03  0.1000000E-03           1
|011100000100000010011010100001> :  0.9461103E-04  0.1000000E-03           1
|011100000100001000010000000000> :  0.3589138E-04  0.1000000E-03           1
|000100100001010000000101000010> :  0.2168932E-06  0.1000000E-03           1
|011100000100010000011010100000> :  0.5235503E-05  0.1000000E-03           1
|011100000100100000010011000000> :  0.1482302E-05  0.1000000E-03           1
|011100000100100010000011100000> :  0.8963290E-05  0.1000000E-03           1
|011100000101000010000010100001> :  0.8499042E-07  0.1000000E-03           1
|011100000101000011000000000001> :  0.3273397E-06  0.1000000E-03           1
|010100000010000000011010100000> :  0.1009351E-03  0.1000000E-03           1
|010100000010000000010010000011> :  0.5193176E-06  0.1000000E-03           1
|000010100000001010000000010100> :  0.9001887E-07  0.1000000E-03           1
|000000001100001000111000100001> :  0.1191461E-06  0.1000000E-03           1
|010100000010000000001010101101> :  0.5961337E-04  0.1000000E-03           1
|010100000010000000001010101001> :  0.4274431E-04  0.1000000E-03           1
|011100010000000000010011100000> :  0.6126477E-05  0.1000000E-03           1
|011100100100100000000010101001> :  0.5157344E-07  0.1000000E-03           1
|011100100110100000001111000001> :  0.6968838E-09  0.1000000E-03           1
|011110010010000000000000000010> :  0.2994086E-07  0.1000000E-03           1
|000100010101000000100100000000> :  0.7670041E-04  0.1000000E-03           1
|010100000000001100010010100010> :  0.2537916E-06  0.1000000E-03           1
|100000000101001000100100000000> :  0.4956723E-04  0.1000000E-03           1
|010100000000000110001010100010> :  0.9859615E-05  0.1000000E-03           1
|000010001100100110000001000000> :  0.9996594E-08  0.1000000E-03           1
|010100000000000000011000101101> :  0.1163608E-04  0.1000000E-03           1
|100000001100001000010101000100> :  0.7719467E-07  0.1000000E-03           1
|100000100000100000010000001011> :  0.3750260E-06  0.1000000E-03           1
|010010100000010000001010101000> :  0.1103653E-06  0.1000000E-03           1
|000100010100000000110011100000> :  0.8884663E-05  0.1000000E-03           1
|010010010010000010001000000010> :  0.2665661E-07  0.1000000E-03           1
|100100000000000000011100100001> :  0.1355621E-05  0.1000000E-03           1
|010010000100000000000100110010> :  0.2645588E-06  0.1000000E-03           1
|100100000000001000110100000000> :  0.4252505E-04  0.1000000E-03           1
|000010000010000100101100001000> :  0.4717213E-07  0.1000000E-03           1
|100100000001011000001010000000> :  0.3645135E-07  0.1000000E-03           1
|100100000001110010001001000000> :  0.1180470E-06  0.1000000E-03           1
|100100000010000000010110000001> :  0.5991156E-06  0.1000000E-03           1
|000000001001110000010010000001> :  0.3520527E-07  0.1000000E-03           1
|100100000100001000100100000000> :  0.2134038E-04  0.1000000E-03           1
|010010000010100000010010000001> :  0.2101657E-06  0.1000000E-03           1
|010001000110100000011010100001> :  0.1015334E-04  0.1000000E-03           1
|100100000100100100010000000001> :  0.3413682E-06  0.1000000E-03           1
|100100000101000010000100000000> :  0.1548941E-04  0.1000000E-03           1
|000100010100000000010000010011> :  0.1789820E-06  0.1000000E-03           1
|010000100110010000011010100001> :  0.8017025E-05  0.1000000E-03           1
|010000100110000000001010000001> :  0.3303076E-05  0.1000000E-03           1
|000100010000001010001010000110> :  0.3240673E-06  0.1000000E-03           1
|000010000010000100001010101100> :  0.2008035E-04  0.1000000E-03           1
|010000100010000000011010100001> :  0.1772406E-06  0.1000000E-03           1
|100100001001001101100000000000> :  0.5057504E-07  0.1000000E-03           1
|100100010000000101000110100010> :  0.2563671E-10  0.1000000E-03           1
|100100100100001000001000000001> :  0.2879124E-05  0.1000000E-03           1
|100101100000000010001000000001> :  0.1346397E-06  0.1000000E-03           1
|100110100000000000000000101001> :  0.1513617E-06  0.1000000E-03           1
|110000000010010000001010101000> :  0.1033905E-04  0.1000000E-03           1
|010000100000000000000011010110> :  0.2316270E-08  0.1000000E-03           1
|000100010000000000011010100110> :  0.2201887E-04  0.1000000E-03           1
|110000000101001000011000000001> :  0.1043796E-05  0.1000000E-03           1
|110000000110000010001011000100> :  0.1350612E-07  0.1000000E-03           1
|010000010010000000011011100000> :  0.1759037E-04  0.1000000E-03           1
|000100001110000110001000100100> :  0.2117432E-05  0.1000000E-03           1
|110000001100000000010100000000> :  0.7844524E-04  0.1000000E-03           1
|110000100000100000111000000000> :  0.3606730E-08  0.1000000E-03           1
|000010000000100000011010000001> :  0.4650623E-06  0.1000000E-03           1
|110010001000000000010100000000> :  0.5834130E-04  0.1000000E-03           1
|110100000000000000010010001001> :  0.2480683E-05  0.1000000E-03           1
|110100000010000001011110100010> :  0.1340353E-08  0.1000000E-03           1
|110100000100000000011000001001> :  0.2348379E-04  0.1000000E-03           1
|000000001000100100011110100110> :  0.1323271E-09  0.1000000E-03           1
|110100000100001000000100000000> :  0.5773472E-04  0.1000000E-03           1
|000000000100100010000000101011> :  0.1124785E-06  0.1000000E-03           1
|000000000010110010000010000011> :  0.2285808E-06  0.1000000E-03           1
|110100000110001000000000101001> :  0.2159204E-05  0.1000000E-03           1
|110100010100010010000000000010> :  0.8918890E-08  0.1000000E-03           1
|110100010110000000001010100000> :  0.1139967E-03  0.1000000E-03           1
|000000000000111000000010110000> :  0.6360259E-07  0.1000000E-03           1
|110101000000000000010010001001> :  0.1950077E-05  0.1000000E-03           1
|110110000000000000011000001001> :  0.1054887E-04  0.1000000E-03           1
|110110000110001010000000010000> :  0.3995995E-06  0.1000000E-03           1
|000000000000000100010101000011> :  0.1473827E-06  0.1000000E-03           1
|111110010010001000000000000000> :  0.1845226E-06  0.1000000E-03           1
|000000000000000011001110100001> :  0.6868479E-05  0.1000000E-03           1
