# state, exact probability, frequency, count:
#------------------------------------------------------------------
|0000000001000101100011101> :  0.6366103E+00  0.6382000E+00        6382
|0000000001010101100011101> :  0.4895672E-01  0.4650000E-01         465
|0000000001010101100011001> :  0.2559585E-01  0.2600000E-01         260
|0000000001000101101011101> :  0.1366823E-01  0.1230000E-01         123
|0000010001000101100011101> :  0.9544597E-02  0.8900000E-02          89
|0000010001000101001011100> :  0.7111132E-02  0.8200000E-02          82
|0000000001010101001111000> :  0.7106923E-02  0.7100000E-02          71
|0000000001010101100111001> :  0.6797264E-02  0.6400000E-02          64
|0000000001000101101011100> :  0.4629896E-02  0.5000000E-02          50
|0000000011000101100011100> :  0.4940478E-02  0.4900000E-02          49
|0000000001010101100111000> :  0.4149338E-02  0.3700000E-02          37
|0000000001100101100011101> :  0.4171088E-02  0.3200000E-02          32
|0000001001010101100011001> :  0.3568179E-02  0.3100000E-02          31
|0000000001100101100011100> :  0.2505808E-02  0.2900000E-02          29
|0000000001000100100011101> :  0.3171762E-02  0.2900000E-02          29
|0000000001000100100011111> :  0.2063325E-02  0.2300000E-02          23
|0000000001000101100011100> :  0.2292313E-02  0.2300000E-02          23
|0000010001010101100011001> :  0.2110128E-02  0.2100000E-02          21
|0000000001000101100111100> :  0.2249238E-02  0.2000000E-02          20
|0010000001010100110001001> :  0.1753128E-02  0.2000000E-02          20
|0000010001010101100011101> :  0.1974874E-02  0.2000000E-02          20
|0000010001010101100111001> :  0.1941551E-02  0.1900000E-02          19
|0000000001000101100011001> :  0.1182387E-02  0.1700000E-02          17
|0000000001000101100011111> :  0.1840244E-02  0.1600000E-02          16
|0000100101000100100101001> :  0.4666636E-03  0.1500000E-02          15
|0000000001000100101011101> :  0.1041707E-02  0.1400000E-02          14
|0000000111000101100011100> :  0.1143282E-02  0.1400000E-02          14
|0000000001000111100011101> :  0.1500367E-02  0.1400000E-02          14
|0000000000010101100111101> :  0.9505592E-03  0.1300000E-02          13
|0000000001000001100011101> :  0.7149170E-03  0.1300000E-02          13
|0000000001000101100111000> :  0.1054592E-02  0.1200000E-02          12
|0000000001000100110001101> :  0.4651050E-03  0.1200000E-02          12
|0000000011100101100011100> :  0.7030366E-03  0.1100000E-02          11
|0000110001000100001111000> :  0.7817015E-03  0.1100000E-02          11
|0000000001010100101111001> :  0.9187581E-03  0.1100000E-02          11
|0000000001000111100011001> :  0.1522652E-02  0.1000000E-02          10
|0000000001010101101010001> :  0.7051681E-03  0.9000000E-03           9
|0000000001010101101111000> :  0.5016662E-03  0.9000000E-03           9
|0000000001010100100111001> :  0.8407122E-03  0.9000000E-03           9
|0000010001010100100011101> :  0.5108067E-03  0.8000000E-03           8
|0000010001010101100111000> :  0.4273207E-03  0.8000000E-03           8
|0000000011010101100011100> :  0.6812554E-03  0.8000000E-03           8
|0000000001001101001011100> :  0.6497488E-03  0.8000000E-03           8
|0000000001010100110001001> :  0.5283096E-03  0.8000000E-03           8
|1000000001000100000111001> :  0.8342863E-03  0.8000000E-03           8
|0000000001000100100111101> :  0.5240183E-03  0.8000000E-03           8
|0010000001010100100111001> :  0.3982149E-03  0.7000000E-03           7
|0001000001010101001111000> :  0.5308383E-03  0.7000000E-03           7
|0000000001000101101111000> :  0.8721268E-03  0.7000000E-03           7
|0000000011000101100011001> :  0.7196967E-03  0.7000000E-03           7
|0000010001010101000111001> :  0.7120780E-03  0.7000000E-03           7
|0000000001010100101101001> :  0.2823465E-03  0.7000000E-03           7
|0000000001010100100011001> :  0.5689240E-03  0.7000000E-03           7
|0000000101000101100011100> :  0.5933942E-03  0.7000000E-03           7
|0001000001000101001011101> :  0.4596307E-03  0.6000000E-03           6
|0000010001010100100111001> :  0.4191292E-03  0.6000000E-03           6
|0000000001000101100001111> :  0.2407274E-03  0.6000000E-03           6
|0010000001000101100011101> :  0.6522618E-03  0.6000000E-03           6
|1000000001000100100111001> :  0.6236811E-03  0.6000000E-03           6
|0000000000010101100111100> :  0.1736468E-03  0.6000000E-03           6
|0000000001000101101011000> :  0.2767330E-03  0.6000000E-03           6
|0000000001010101000111000> :  0.3228175E-03  0.6000000E-03           6
|0000000101000101000111000> :  0.7465015E-03  0.6000000E-03           6
|0100000001010100000111001> :  0.9179390E-03  0.6000000E-03           6
|0000000001000101100001101> :  0.7725360E-03  0.6000000E-03           6
|0000010000010101100011101> :  0.2019426E-03  0.5000000E-03           5
|0000000001000100110011101> :  0.4869920E-03  0.5000000E-03           5
|0000000001000100101011111> :  0.5439395E-03  0.5000000E-03           5
|0000010001000101100001101> :  0.2809571E-03  0.5000000E-03           5
|0000000001001101001010100> :  0.2069776E-03  0.5000000E-03           5
|0000000011000100110001101> :  0.2423593E-03  0.5000000E-03           5
|0000000001010101101011100> :  0.2668811E-03  0.5000000E-03           5
|0000000001000101101111100> :  0.5339548E-03  0.5000000E-03           5
|0000000011000001100011101> :  0.8220034E-03  0.5000000E-03           5
|0000000000010101100111000> :  0.2368121E-03  0.5000000E-03           5
|0000001001010100100011001> :  0.3813568E-03  0.5000000E-03           5
|1000000001000101000111000> :  0.3114622E-03  0.5000000E-03           5
|0000000001000101000111101> :  0.1083818E-02  0.5000000E-03           5
|0000000101000101100001001> :  0.7531793E-03  0.5000000E-03           5
|0000000101000100100001101> :  0.3148367E-03  0.5000000E-03           5
|0000000111000101000011100> :  0.4303191E-03  0.5000000E-03           5
|0000000101000101101011100> :  0.4284675E-03  0.5000000E-03           5
|0000010001001101100011101> :  0.2886814E-03  0.5000000E-03           5
|1000000000010101000111001> :  0.3865585E-03  0.4000000E-03           4
|0000000001000101100011000> :  0.1975442E-03  0.4000000E-03           4
|0000000101000100110001101> :  0.1631082E-03  0.4000000E-03           4
|0000010001000100100011101> :  0.2110077E-03  0.4000000E-03           4
|0000000001010101110011001> :  0.2910185E-03  0.4000000E-03           4
|0000000001000101110001101> :  0.5506655E-03  0.4000000E-03           4
|1000000001010101100001011> :  0.5077676E-04  0.4000000E-03           4
|0000010011000101100011101> :  0.2073664E-03  0.4000000E-03           4
|0000000000010101000111101> :  0.1464021E-03  0.4000000E-03           4
|0000000011000101100011101> :  0.2204865E-03  0.4000000E-03           4
|0000000011000101000111100> :  0.2476034E-03  0.4000000E-03           4
|0000000000010101001111001> :  0.4070240E-03  0.4000000E-03           4
|0000000011000101100001101> :  0.7106348E-03  0.4000000E-03           4
|0000010001000101101011100> :  0.3394498E-03  0.4000000E-03           4
|0000000011000101100011000> :  0.1658419E-03  0.4000000E-03           4
|0000000001000101100111101> :  0.6966592E-03  0.4000000E-03           4
|0000000001010100101011001> :  0.6801128E-03  0.4000000E-03           4
|1000000001000101100011101> :  0.3888506E-03  0.4000000E-03           4
|0000000011000100100001111> :  0.2388280E-03  0.4000000E-03           4
|0000100101000100101001001> :  0.2369278E-03  0.4000000E-03           4
|0000000101000101000111100> :  0.4553594E-03  0.4000000E-03           4
|0000100001000101100111000> :  0.2087134E-03  0.4000000E-03           4
|0000000001010101100001101> :  0.5029254E-03  0.4000000E-03           4
|0000000101010101100111000> :  0.2439408E-03  0.4000000E-03           4
|0000000001010101001110000> :  0.3289644E-03  0.4000000E-03           4
|0000100101000100101101000> :  0.9816400E-04  0.4000000E-03           4
|0010010001000100100111001> :  0.1306079E-03  0.4000000E-03           4
|0000100001000100101001001> :  0.3863648E-03  0.4000000E-03           4
|0000000100000101001111100> :  0.5214212E-03  0.4000000E-03           4
|0000000001100100100011101> :  0.3480903E-03  0.4000000E-03           4
|0100100001000101100011101> :  0.3544624E-03  0.4000000E-03           4
|1000000001000101000111001> :  0.3195806E-03  0.4000000E-03           4
|0000100001000101100011100> :  0.1450073E-03  0.4000000E-03           4
|0000000010000101000111100> :  0.1349192E-03  0.4000000E-03           4
|0000000011000101001011100> :  0.4184645E-03  0.4000000E-03           4
|1000000000000101000111101> :  0.3788518E-03  0.4000000E-03           4
|0000000001000100101011100> :  0.3540326E-03  0.4000000E-03           4
|0000000001000100100111011> :  0.4313548E-03  0.4000000E-03           4
|0000000001010101001011001> :  0.5908708E-03  0.4000000E-03           4
|0000000001000101100011110> :  0.4625614E-03  0.3000000E-03           3
|0001000001010100001111001> :  0.1916830E-03  0.3000000E-03           3
|0000101001000101100011100> :  0.1036893E-03  0.3000000E-03           3
|0000000001010100000111101> :  0.1905371E-03  0.3000000E-03           3
|0000000001010100001011001> :  0.8003162E-04  0.3000000E-03           3
|0000000001010100000111001> :  0.3381310E-03  0.3000000E-03           3
|0000001001000101100011101> :  0.3473826E-03  0.3000000E-03           3
|0000000001000110100011101> :  0.1110684E-03  0.3000000E-03           3
|1000000101000101000111000> :  0.4519790E-03  0.3000000E-03           3
|0000011001010100101011001> :  0.4197766E-04  0.3000000E-03           3
|1000000000010100000111001> :  0.1979565E-03  0.3000000E-03           3
|1000000001010100000111001> :  0.8727082E-04  0.3000000E-03           3
|0000000001010100001111101> :  0.1486047E-03  0.3000000E-03           3
|0000001001000101100010101> :  0.1192634E-03  0.3000000E-03           3
|0000010001000101100011100> :  0.2919466E-03  0.3000000E-03           3
|0100000001000100100011101> :  0.1785595E-03  0.3000000E-03           3
|0000000001000101110011000> :  0.1180497E-03  0.3000000E-03           3
|0000010001000101000011101> :  0.6110413E-03  0.3000000E-03           3
|0000001101000101100011101> :  0.7202328E-04  0.3000000E-03           3
|0000000001010101100001001> :  0.2470139E-03  0.3000000E-03           3
|0000000011000100100011100> :  0.2389315E-03  0.3000000E-03           3
|0001000001010101100011001> :  0.1199348E-03  0.3000000E-03           3
|0001000001000101001111000> :  0.1971334E-03  0.3000000E-03           3
|0000000000000101100111100> :  0.2071811E-03  0.3000000E-03           3
|0000000000010101101011100> :  0.1365632E-03  0.3000000E-03           3
|0000001001000101100111101> :  0.2112026E-03  0.3000000E-03           3
|0001000001000101001011100> :  0.1300139E-03  0.3000000E-03           3
|0000000001010001100111001> :  0.1307515E-03  0.3000000E-03           3
|0000100001000101110011101> :  0.3979678E-03  0.3000000E-03           3
|0000000001000100110111001> :  0.6136480E-04  0.3000000E-03           3
|0000000001010100100111000> :  0.1705666E-03  0.3000000E-03           3
|0000000101010101000111000> :  0.1865711E-03  0.3000000E-03           3
|0000010001000100000111101> :  0.1224995E-03  0.3000000E-03           3
|0000000001000101110011001> :  0.1037063E-03  0.3000000E-03           3
|0000010001000101001011000> :  0.3134812E-03  0.3000000E-03           3
|0000000001100101100111000> :  0.3009533E-03  0.3000000E-03           3
|0000010001000101001111001> :  0.5174866E-04  0.3000000E-03           3
|0000000001000101110011111> :  0.1848470E-03  0.3000000E-03           3
|1010000001000101100011101> :  0.2664318E-03  0.3000000E-03           3
|0000000000010100101111001> :  0.1268515E-03  0.3000000E-03           3
|0000000001010101100011100> :  0.1282693E-03  0.3000000E-03           3
|0000100001000101100011101> :  0.2215320E-03  0.3000000E-03           3
|0010010001010101100011001> :  0.2314563E-03  0.3000000E-03           3
|0000000001000100010011101> :  0.2019967E-04  0.3000000E-03           3
|0000000001010100110011001> :  0.1799983E-03  0.2000000E-03           2
|0000001001000101110011101> :  0.2062407E-03  0.2000000E-03           2
|0000000001010100001111001> :  0.6946015E-04  0.2000000E-03           2
|0001000001010100001111101> :  0.4810532E-05  0.2000000E-03           2
|0010000001000101100011001> :  0.2036448E-03  0.2000000E-03           2
|0000000101000101100111101> :  0.1968608E-04  0.2000000E-03           2
|0000100101000100001111100> :  0.2695554E-04  0.2000000E-03           2
|0000000101000101101011101> :  0.7388919E-04  0.2000000E-03           2
|0000000001000100110011001> :  0.3345235E-04  0.2000000E-03           2
|0000000001001101100001101> :  0.9014983E-04  0.2000000E-03           2
|0000001001001101100011101> :  0.6582112E-04  0.2000000E-03           2
|0000110001000101100001000> :  0.3971027E-05  0.2000000E-03           2
|0000010001010100101111001> :  0.9973685E-04  0.2000000E-03           2
|1010000001000101000011101> :  0.3936395E-04  0.2000000E-03           2
|0010001001010100001111000> :  0.3500408E-05  0.2000000E-03           2
|0100000001010100100011001> :  0.3051932E-03  0.2000000E-03           2
|0010010001000101000011000> :  0.8185678E-04  0.2000000E-03           2
|0001000001010101001111001> :  0.4390727E-04  0.2000000E-03           2
|0000010001001100100011101> :  0.2419424E-03  0.2000000E-03           2
|0100010001010100100011001> :  0.2250482E-04  0.2000000E-03           2
|0000000000000101100011111> :  0.4372511E-04  0.2000000E-03           2
|1000000001000100001011010> :  0.2402887E-04  0.2000000E-03           2
|0000000001100101100111100> :  0.3128119E-03  0.2000000E-03           2
|0000010001010101100011000> :  0.8919309E-04  0.2000000E-03           2
|0000000000000110110001011> :  0.1763785E-04  0.2000000E-03           2
|0000010001010101100101001> :  0.3672915E-04  0.2000000E-03           2
|0010000001010100101001001> :  0.2827777E-04  0.2000000E-03           2
|0000000001010100100010101> :  0.1958152E-04  0.2000000E-03           2
|0000000001000101001011100> :  0.1943116E-03  0.2000000E-03           2
|0000000001000111110001011> :  0.1727703E-04  0.2000000E-03           2
|1000100001000101100011100> :  0.1376288E-04  0.2000000E-03           2
|0000010001001101000011101> :  0.1088244E-03  0.2000000E-03           2
|0000010001000000100111001> :  0.2344896E-04  0.2000000E-03           2
|0000010000010101000111001> :  0.1033432E-03  0.2000000E-03           2
|0000000000010101101011101> :  0.2571691E-03  0.2000000E-03           2
|0000001000010110001011011> :  0.8255264E-06  0.2000000E-03           2
|0000000101000101100011101> :  0.3619439E-03  0.2000000E-03           2
|0000010001000101100010100> :  0.1397093E-03  0.2000000E-03           2
|0010000001000100100011011> :  0.2025206E-03  0.2000000E-03           2
|0000000101010101100001111> :  0.1557180E-04  0.2000000E-03           2
|0000000001000101001111101> :  0.2794256E-03  0.2000000E-03           2
|0001000001010101001011001> :  0.2481355E-03  0.2000000E-03           2
|0000000001010101011010000> :  0.2416901E-05  0.2000000E-03           2
|0000000101000100001111100> :  0.2129413E-03  0.2000000E-03           2
|0000101001000100100011101> :  0.4028699E-04  0.2000000E-03           2
|0000100001000101100011111> :  0.1759024E-04  0.2000000E-03           2
|0000000101000100100101001> :  0.1840341E-04  0.2000000E-03           2
|0000100001000101101011001> :  0.2215962E-04  0.2000000E-03           2
|0000000000010101101011001> :  0.1947318E-03  0.2000000E-03           2
|0000000001010001100011001> :  0.3402790E-03  0.2000000E-03           2
|0000000000010101100111001> :  0.1492368E-03  0.2000000E-03           2
|0000000101000101100011001> :  0.2446038E-03  0.2000000E-03           2
|0000000001000100111001101> :  0.8299027E-04  0.2000000E-03           2
|0000000101000110110001011> :  0.6554871E-04  0.2000000E-03           2
|0000000001010001101111000> :  0.8480985E-04  0.2000000E-03           2
|0000000101001110100001011> :  0.2663795E-04  0.2000000E-03           2
|0000100101000101100101000> :  0.3502298E-03  0.2000000E-03           2
|0000000000000101000111101> :  0.1575141E-03  0.2000000E-03           2
|0000000001010100100101001> :  0.1860556E-03  0.2000000E-03           2
|0001000001000100101011101> :  0.4400820E-04  0.2000000E-03           2
|0000100101000101001111000> :  0.1067914E-03  0.2000000E-03           2
|0001000001000101100011101> :  0.1370289E-03  0.2000000E-03           2
|0001000001010101101000001> :  0.5024632E-04  0.2000000E-03           2
|0000000000010100000111101> :  0.3841898E-04  0.2000000E-03           2
|0000000001010101000011001> :  0.7054616E-04  0.2000000E-03           2
|0000000001000101100101001> :  0.8426663E-04  0.2000000E-03           2
|0001010001000100100111000> :  0.5635413E-05  0.2000000E-03           2
|0000001001000101100010001> :  0.1159110E-04  0.2000000E-03           2
|0010000001000100110001001> :  0.7962948E-04  0.2000000E-03           2
|0010000001000110110001011> :  0.4258893E-04  0.2000000E-03           2
|0000000001000101101001001> :  0.1062280E-03  0.2000000E-03           2
|0010000001010101000011001> :  0.2877487E-03  0.2000000E-03           2
|0010000011000101000011100> :  0.3457285E-03  0.2000000E-03           2
|0000000000010101100011001> :  0.1245590E-03  0.2000000E-03           2
|0010001001010100100011001> :  0.1415093E-03  0.2000000E-03           2
|0000010000010101100111001> :  0.1160836E-03  0.2000000E-03           2
|0000010101000100100011101> :  0.1094523E-03  0.2000000E-03           2
|0000100011000101100011100> :  0.2061792E-03  0.2000000E-03           2
|0000010001000001100111001> :  0.3628996E-04  0.2000000E-03           2
|0000010001000100100111000> :  0.3305711E-04  0.2000000E-03           2
|0000010001000101000111101> :  0.6316788E-04  0.2000000E-03           2
|0000000101010101001111000> :  0.1269862E-03  0.2000000E-03           2
|0000010000010101100111100> :  0.9891772E-04  0.2000000E-03           2
|0000001101000101100001001> :  0.2252881E-04  0.2000000E-03           2
|0000010001000101100011001> :  0.2121382E-03  0.2000000E-03           2
|0000000111000101100011000> :  0.6667288E-04  0.2000000E-03           2
|0000010011000101001011100> :  0.2718953E-03  0.2000000E-03           2
|0000000001000100001011101> :  0.1723476E-03  0.2000000E-03           2
|0000000001000100101111101> :  0.2041851E-03  0.2000000E-03           2
|0000010001000101101011101> :  0.7271631E-04  0.2000000E-03           2
|0000000001000100000111101> :  0.1302058E-03  0.2000000E-03           2
|0000011001010101100011001> :  0.3147592E-03  0.2000000E-03           2
|0000000001100101100010101> :  0.1197845E-03  0.2000000E-03           2
|0000000001000111110011101> :  0.1621129E-03  0.2000000E-03           2
|0000010001000101001111000> :  0.1358687E-03  0.2000000E-03           2
|0000010001010101000111100> :  0.3832572E-04  0.2000000E-03           2
|0000000001000100100001111> :  0.6203780E-03  0.2000000E-03           2
|0101000001010100001101001> :  0.8759292E-04  0.2000000E-03           2
|0000010001010101100111100> :  0.2141741E-03  0.2000000E-03           2
|0000010001010101100011100> :  0.3054727E-03  0.2000000E-03           2
|0000010001100101100011101> :  0.4471840E-04  0.2000000E-03           2
|1000000001000100100011101> :  0.8511191E-04  0.2000000E-03           2
|1000000000000101100011011> :  0.1581921E-04  0.2000000E-03           2
|1000000001000110000011111> :  0.3551380E-05  0.2000000E-03           2
|1000000001000101100111001> :  0.3656374E-04  0.2000000E-03           2
|0100100001000101100011100> :  0.8663320E-04  0.2000000E-03           2
|0000000001000100100001011> :  0.7578636E-04  0.2000000E-03           2
|1000000101000100100101001> :  0.8039347E-04  0.2000000E-03           2
|0000000011000101010011100> :  0.8733562E-04  0.2000000E-03           2
|0000000011000100101011101> :  0.2183425E-04  0.2000000E-03           2
|0000000001001100000111101> :  0.1556739E-05  0.2000000E-03           2
|0000011001010100100001001> :  0.4328513E-04  0.2000000E-03           2
|0000010001001101001010100> :  0.1313592E-04  0.2000000E-03           2
|0100000111000101100011100> :  0.1585123E-03  0.2000000E-03           2
|0000000011000100100011101> :  0.5999798E-04  0.2000000E-03           2
|0000011001010101100001001> :  0.3123455E-04  0.2000000E-03           2
|1010000001000101101001001> :  0.6662656E-04  0.2000000E-03           2
|0000000011000110100001011> :  0.4512965E-05  0.2000000E-03           2
|0100000001010000100111001> :  0.4494792E-04  0.2000000E-03           2
|0100000001000101110011101> :  0.7735679E-04  0.2000000E-03           2
|0000100001000100100001101> :  0.4474031E-04  0.2000000E-03           2
|0100000101000100100101001> :  0.4577066E-04  0.2000000E-03           2
|0000100001000100100111010> :  0.1061528E-04  0.2000000E-03           2
|0000000001010101110011111> :  0.2105810E-04  0.2000000E-03           2
|0000100001000100101111000> :  0.2435565E-03  0.2000000E-03           2
|0010010001000101100011000> :  0.1497175E-03  0.2000000E-03           2
|0000000000000101101011100> :  0.6738942E-04  0.2000000E-03           2
|0000000001010101101011001> :  0.2275913E-03  0.2000000E-03           2
|0000100001000100001111000> :  0.1627739E-03  0.2000000E-03           2
|0000000001001100001011100> :  0.2090543E-04  0.2000000E-03           2
|0000100101000100110001001> :  0.9211354E-04  0.2000000E-03           2
|0000000001011101001011101> :  0.7227238E-04  0.1000000E-03           1
|0000000001011101001011100> :  0.6017775E-04  0.1000000E-03           1
|0000000001000101110111000> :  0.3523242E-04  0.1000000E-03           1
|0000000001011100001111001> :  0.8237287E-04  0.1000000E-03           1
|0000010001000101101001101> :  0.5850998E-04  0.1000000E-03           1
|0100000001010100100001011> :  0.3199441E-04  0.1000000E-03           1
|0000000001011100001011101> :  0.1432978E-03  0.1000000E-03           1
|0000000001010111111011010> :  0.2111842E-05  0.1000000E-03           1
|0000000001010111110001101> :  0.4135428E-04  0.1000000E-03           1
|0000000001000101110011110> :  0.2180709E-04  0.1000000E-03           1
|0000000001010111100111001> :  0.3376224E-05  0.1000000E-03           1
|0100000000010100001111001> :  0.7858751E-04  0.1000000E-03           1
|0000000001010111100011001> :  0.1151569E-03  0.1000000E-03           1
|0000000001000101110011101> :  0.2680168E-03  0.1000000E-03           1
|0000000000010101000111001> :  0.1111518E-03  0.1000000E-03           1
|0000000001010111000111001> :  0.8234496E-05  0.1000000E-03           1
|0000000001010110101011101> :  0.1237737E-05  0.1000000E-03           1
|0000000001000101110011100> :  0.1080726E-03  0.1000000E-03           1
|0000000001010110100011001> :  0.1983969E-03  0.1000000E-03           1
|0000010001000100011001000> :  0.5302969E-06  0.1000000E-03           1
|0000000001010110011111010> :  0.1036196E-05  0.1000000E-03           1
|0000000001000011110011101> :  0.4917610E-05  0.1000000E-03           1
|0000000001010110001111001> :  0.8115172E-05  0.1000000E-03           1
|0000010001000011010011001> :  0.5564042E-07  0.1000000E-03           1
|0000000001010110001011011> :  0.4739725E-06  0.1000000E-03           1
|0000000001010110000111001> :  0.2949022E-04  0.1000000E-03           1
|0010010100000001001110011> :  0.1397679E-09  0.1000000E-03           1
|0000000001010101111111001> :  0.2683435E-05  0.1000000E-03           1
|0000000001000010111011011> :  0.8204741E-06  0.1000000E-03           1
|0000000000010101000110111> :  0.7977542E-07  0.1000000E-03           1
|0000000000000111101011011> :  0.1434542E-04  0.1000000E-03           1
|0010010011000110000111100> :  0.3211658E-06  0.1000000E-03           1
|0000010000011100001011100> :  0.1505389E-06  0.1000000E-03           1
|0000000001000101110001001> :  0.6811000E-04  0.1000000E-03           1
|0000000001010101110001111> :  0.3403311E-04  0.1000000E-03           1
|0000000001010101110001001> :  0.4125812E-03  0.1000000E-03           1
|0000000001000101110000111> :  0.5602629E-06  0.1000000E-03           1
|0000000001000001100111000> :  0.6191525E-05  0.1000000E-03           1
|0000000001010101101111110> :  0.1132477E-04  0.1000000E-03           1
|0010010001000101000011001> :  0.1401479E-04  0.1000000E-03           1
|0000000001010101101111100> :  0.1801459E-04  0.1000000E-03           1
|0000010000010100100111101> :  0.3295392E-04  0.1000000E-03           1
|0000001101100111010111100> :  0.2009099E-07  0.1000000E-03           1
|0010010001000000100011101> :  0.6988924E-05  0.1000000E-03           1
|0010010001000000100011001> :  0.3644107E-05  0.1000000E-03           1
|0000001101100101100111000> :  0.1917530E-04  0.1000000E-03           1
|0000001101010110100001011> :  0.8268530E-06  0.1000000E-03           1
|0010000101100100100011100> :  0.1016138E-06  0.1000000E-03           1
|0000000001010101101010101> :  0.2430797E-03  0.1000000E-03           1
|0000001100010100100011101> :  0.1016660E-05  0.1000000E-03           1
|0000001011100111010011110> :  0.3678500E-07  0.1000000E-03           1
|0000000001010101101010000> :  0.1494462E-03  0.1000000E-03           1
|0000000001000001000011101> :  0.3677215E-04  0.1000000E-03           1
|0000000001010101100111101> :  0.2062981E-03  0.1000000E-03           1
|0000001010100101010011100> :  0.2506384E-06  0.1000000E-03           1
|0000000001000101101011001> :  0.2925875E-04  0.1000000E-03           1
|0000001001110100110101001> :  0.2445002E-05  0.1000000E-03           1
|0010000001010101000111001> :  0.5166518E-04  0.1000000E-03           1
|0000001001110100100011001> :  0.1027201E-03  0.1000000E-03           1
|0000000000011111000010011> :  0.5003561E-05  0.1000000E-03           1
|0000000000010100101101001> :  0.4649084E-05  0.1000000E-03           1
|0000000000000111000111111> :  0.3226063E-04  0.1000000E-03           1
|0000000000000101100111101> :  0.6517291E-04  0.1000000E-03           1
|0000001001101100111011111> :  0.3475074E-08  0.1000000E-03           1
|0000001001100101100001011> :  0.1892371E-05  0.1000000E-03           1
|0000000001000101101010100> :  0.9684944E-04  0.1000000E-03           1
|0000000001010101100010001> :  0.7693981E-04  0.1000000E-03           1
|0010000001000111100001111> :  0.1799042E-05  0.1000000E-03           1
|0000000001000101101001101> :  0.9968574E-04  0.1000000E-03           1
|0000000000011100000111010> :  0.4378558E-05  0.1000000E-03           1
|0010000001000101100110101> :  0.3183031E-07  0.1000000E-03           1
|0000001001001100110001011> :  0.1818515E-05  0.1000000E-03           1
|0000000001010101011011010> :  0.1148259E-04  0.1000000E-03           1
|0000001001000111110000001> :  0.1455187E-05  0.1000000E-03           1
|0010000001000100100010101> :  0.1567504E-04  0.1000000E-03           1
|0000000001010101001111100> :  0.2086702E-03  0.1000000E-03           1
|0000000000011011101010000> :  0.5860994E-07  0.1000000E-03           1
|0000000000010100100111001> :  0.7691588E-04  0.1000000E-03           1
|0000000001010101001111001> :  0.5082755E-04  0.1000000E-03           1
|0001110001000101001111000> :  0.9820732E-06  0.1000000E-03           1
|0001100111000110100001011> :  0.4767882E-07  0.1000000E-03           1
|0000001001000101011101100> :  0.5177917E-07  0.1000000E-03           1
|0001100001000100001101100> :  0.1408424E-06  0.1000000E-03           1
|0000001001000100101111100> :  0.1774212E-05  0.1000000E-03           1
|0000000000010111001001101> :  0.8494603E-07  0.1000000E-03           1
|0000000001010101001011000> :  0.9322771E-04  0.1000000E-03           1
|0000001000100101100011101> :  0.8064331E-04  0.1000000E-03           1
|0000000001010101001010001> :  0.2433949E-04  0.1000000E-03           1
|0000000001010101000111100> :  0.8625473E-04  0.1000000E-03           1
|0001010001000100100001001> :  0.9992990E-06  0.1000000E-03           1
|0000000001010101000111001> :  0.1620597E-03  0.1000000E-03           1
|0000000000010110100111111> :  0.4075816E-05  0.1000000E-03           1
|0000000000010100001111101> :  0.9178395E-05  0.1000000E-03           1
|0000000000000111000111001> :  0.1063340E-04  0.1000000E-03           1
|0000001000010101101011001> :  0.2956464E-04  0.1000000E-03           1
|0001000111000101000011100> :  0.3203421E-05  0.1000000E-03           1
|0000001000000111010000101> :  0.9048667E-09  0.1000000E-03           1
|0000000001010100110111001> :  0.4217173E-04  0.1000000E-03           1
|0001000010010101001000010> :  0.5121646E-07  0.1000000E-03           1
|0000000111010101000011001> :  0.5408480E-06  0.1000000E-03           1
|0000000000010110100011111> :  0.5288618E-04  0.1000000E-03           1
|0001000001100101100011101> :  0.9312607E-04  0.1000000E-03           1
|0000000111010100001111010> :  0.5011326E-06  0.1000000E-03           1
|0000000111000101110001100> :  0.3051214E-04  0.1000000E-03           1
|0001000001010101101010001> :  0.3061079E-04  0.1000000E-03           1
|0001000001010101101001001> :  0.2894886E-04  0.1000000E-03           1
|0001000001010101100111000> :  0.9227638E-05  0.1000000E-03           1
|0001000001010101100001001> :  0.2879799E-04  0.1000000E-03           1
|0000000111010100011111000> :  0.6916699E-07  0.1000000E-03           1
|0001000011000011110011000> :  0.1049688E-07  0.1000000E-03           1
|0000000111010110010001000> :  0.4040645E-07  0.1000000E-03           1
|0000001000000100100011101> :  0.6210079E-06  0.1000000E-03           1
|0000001000000110000011011> :  0.1259128E-06  0.1000000E-03           1
|0001001000011101000110001> :  0.8683321E-06  0.1000000E-03           1
|0000001000001101011011100> :  0.1221874E-06  0.1000000E-03           1
|0001001001010100011101001> :  0.1289700E-05  0.1000000E-03           1
|0000001000010101111011000> :  0.4977464E-06  0.1000000E-03           1
|0000000111000101001001100> :  0.1134028E-04  0.1000000E-03           1
|0000001000010110101010011> :  0.4153859E-06  0.1000000E-03           1
|0000001000011100011011101> :  0.1036295E-06  0.1000000E-03           1
|0000001000100100000111000> :  0.4099461E-06  0.1000000E-03           1
|0001010001001101000001001> :  0.1198352E-06  0.1000000E-03           1
|0000001000110100100101001> :  0.8978670E-07  0.1000000E-03           1
|0000001001000001100011101> :  0.9927064E-05  0.1000000E-03           1
|0000001001000100010111100> :  0.1080465E-04  0.1000000E-03           1
|0001100001000101000111000> :  0.5391804E-05  0.1000000E-03           1
|0000001001000101010111000> :  0.4950842E-05  0.1000000E-03           1
|0001100100001110001101001> :  0.6474843E-08  0.1000000E-03           1
|0001100101000100100101000> :  0.6503563E-05  0.1000000E-03           1
|0001000001010101001110001> :  0.7061813E-04  0.1000000E-03           1
|0001110001010110001000011> :  0.1108071E-07  0.1000000E-03           1
|0001111101000101011101001> :  0.8809180E-08  0.1000000E-03           1
|0000001001000101110001101> :  0.2221619E-04  0.1000000E-03           1
|0010000001000100100011001> :  0.7579439E-04  0.1000000E-03           1
|0000001001000110110010011> :  0.2268023E-06  0.1000000E-03           1
|0010000001000100110001101> :  0.3490432E-04  0.1000000E-03           1
|0000001001000111110001101> :  0.2411074E-05  0.1000000E-03           1
|0010000001000101100011011> :  0.4210076E-05  0.1000000E-03           1
|0010000001000101100011100> :  0.9496231E-04  0.1000000E-03           1
|0010000001000110011101011> :  0.3796949E-05  0.1000000E-03           1
|0000001001010100101011001> :  0.2264050E-03  0.1000000E-03           1
|0010000001000111110011001> :  0.3277167E-05  0.1000000E-03           1
|0000001001010101110001101> :  0.6861996E-05  0.1000000E-03           1
|0000001001100100100011001> :  0.1116463E-03  0.1000000E-03           1
|0000001001100100110101001> :  0.4723359E-05  0.1000000E-03           1
|0010000001010100100001001> :  0.6160959E-04  0.1000000E-03           1
|0000001001100101100011001> :  0.1253184E-03  0.1000000E-03           1
|0010000001010100110011001> :  0.2060350E-04  0.1000000E-03           1
|0000001001101101100011100> :  0.8716002E-05  0.1000000E-03           1
|0010000001010101001011001> :  0.3739286E-04  0.1000000E-03           1
|0000001001110100100111001> :  0.7882770E-05  0.1000000E-03           1
|0010000001010101100111001> :  0.2948062E-04  0.1000000E-03           1
|0000001010000101010111000> :  0.4323351E-07  0.1000000E-03           1
|0010000011000000100011101> :  0.7877215E-05  0.1000000E-03           1
|0000001011000101100011100> :  0.2657246E-04  0.1000000E-03           1
|0000001011000101100011101> :  0.2197929E-04  0.1000000E-03           1
|0000001011010101000101100> :  0.1911895E-07  0.1000000E-03           1
|0010000011010100100011001> :  0.6699929E-05  0.1000000E-03           1
|0000001100000110000011011> :  0.2693978E-06  0.1000000E-03           1
|0010000101000111100011101> :  0.3645906E-05  0.1000000E-03           1
|0000001101000100101011010> :  0.1323817E-06  0.1000000E-03           1
|0010000111000100010001011> :  0.3563083E-06  0.1000000E-03           1
|0001000001010101001110000> :  0.2579611E-03  0.1000000E-03           1
|0010001011110000100000001> :  0.7729024E-07  0.1000000E-03           1
|0000001101011011000011010> :  0.3560677E-09  0.1000000E-03           1
|0000000111000001100011100> :  0.6541883E-04  0.1000000E-03           1
|0010010001000001100011001> :  0.1563841E-04  0.1000000E-03           1
|0010010001000100100011001> :  0.1351789E-03  0.1000000E-03           1
|0000010000010101000110001> :  0.3399206E-05  0.1000000E-03           1
|0000000001010100101011101> :  0.3550398E-03  0.1000000E-03           1
|0000010000010101010101110> :  0.1783731E-06  0.1000000E-03           1
|0000010000010101100011001> :  0.8148711E-04  0.1000000E-03           1
|0010010001000110100111010> :  0.3645712E-06  0.1000000E-03           1
|0010010001010100100011001> :  0.2412819E-03  0.1000000E-03           1
|0010010001010101000011001> :  0.5726679E-04  0.1000000E-03           1
|0000010000010101100111101> :  0.4531081E-04  0.1000000E-03           1
|0000010000010101101111000> :  0.6114600E-05  0.1000000E-03           1
|0010010011000100000011001> :  0.1730162E-04  0.1000000E-03           1
|0000010000011101000011101> :  0.9289989E-05  0.1000000E-03           1
|0010010011001100001011100> :  0.2129481E-05  0.1000000E-03           1
|0000010001000001100011101> :  0.3455308E-03  0.1000000E-03           1
|0010010101010100111011000> :  0.2886347E-08  0.1000000E-03           1
|0000010001000001101011100> :  0.3869491E-04  0.1000000E-03           1
|0000010001000001101011101> :  0.9191474E-04  0.1000000E-03           1
|0000010001000001110001001> :  0.2185661E-05  0.1000000E-03           1
|0010100001000100101011001> :  0.2652024E-05  0.1000000E-03           1
|0000010001000011101011100> :  0.3814267E-06  0.1000000E-03           1
|0000010001000100000111001> :  0.5106917E-04  0.1000000E-03           1
|0010100101000100010100000> :  0.1970747E-07  0.1000000E-03           1
|0010110001000100100111000> :  0.2391947E-04  0.1000000E-03           1
|0010110010010110101110001> :  0.1211243E-09  0.1000000E-03           1
|0011000001000101001000011> :  0.1836409E-06  0.1000000E-03           1
|0011001000101110000000111> :  0.1964665E-09  0.1000000E-03           1
|0000010001000101000111100> :  0.1992784E-04  0.1000000E-03           1
|0011010011000100010001101> :  0.5889054E-06  0.1000000E-03           1
|0011100001010100100011001> :  0.6535971E-07  0.1000000E-03           1
|0100000000000100000111001> :  0.1116802E-05  0.1000000E-03           1
|0100000000010100110101001> :  0.1113955E-05  0.1000000E-03           1
|0100000001000100000111001> :  0.3176096E-04  0.1000000E-03           1
|0100000001000101011011100> :  0.5581975E-05  0.1000000E-03           1
|0100000001000101100011001> :  0.5777479E-04  0.1000000E-03           1
|0000010001000101100010101> :  0.9005749E-04  0.1000000E-03           1
|0100000001001110001011010> :  0.1291231E-06  0.1000000E-03           1
|0000010001000101100011010> :  0.6290106E-04  0.1000000E-03           1
|0100000001010100001111000> :  0.1709271E-03  0.1000000E-03           1
|0000000000010110100001111> :  0.7711942E-06  0.1000000E-03           1
|0100000001010100100101001> :  0.5549528E-04  0.1000000E-03           1
|0100000001010100111001001> :  0.4191245E-05  0.1000000E-03           1
|0100000001010101100011001> :  0.2102867E-03  0.1000000E-03           1
|0000010001000101101101000> :  0.4875862E-05  0.1000000E-03           1
|0000010001000101101111100> :  0.1105929E-04  0.1000000E-03           1
|0000010001000101110001111> :  0.2688459E-06  0.1000000E-03           1
|0000010001000101111001000> :  0.1406024E-05  0.1000000E-03           1
|0000000110010000001111011> :  0.1855193E-07  0.1000000E-03           1
|0000000110001100001010110> :  0.3890241E-07  0.1000000E-03           1
|0000000001010100101011100> :  0.2300841E-04  0.1000000E-03           1
|0000000110000100000011010> :  0.1793682E-06  0.1000000E-03           1
|0001000001000101111001011> :  0.3678850E-05  0.1000000E-03           1
|0001000001000101110001001> :  0.1083196E-03  0.1000000E-03           1
|0000000101110100100001011> :  0.8425167E-06  0.1000000E-03           1
|0000000101100101100111100> :  0.5053768E-04  0.1000000E-03           1
|0000000101100101100111000> :  0.2127115E-03  0.1000000E-03           1
|0000000001010100101001101> :  0.1589980E-03  0.1000000E-03           1
|0000000101100101100011100> :  0.3470210E-04  0.1000000E-03           1
|0001000001000101001011000> :  0.4135844E-05  0.1000000E-03           1
|0000000101100101001011100> :  0.7570971E-05  0.1000000E-03           1
|0000000000010110000111100> :  0.1139823E-06  0.1000000E-03           1
|0000000101100101000111100> :  0.4737905E-04  0.1000000E-03           1
|0001000001000100001111001> :  0.8850111E-05  0.1000000E-03           1
|0000000101010111100011100> :  0.6647779E-05  0.1000000E-03           1
|0000000101010111000111110> :  0.9117117E-06  0.1000000E-03           1
|0001000000000110001111011> :  0.4018841E-06  0.1000000E-03           1
|0000111101011100001010100> :  0.8940827E-09  0.1000000E-03           1
|0000000101010110111001101> :  0.7446653E-06  0.1000000E-03           1
|0000000101010110110001011> :  0.8777407E-05  0.1000000E-03           1
|0000110101100101100101100> :  0.1069158E-06  0.1000000E-03           1
|0000000001010100100011011> :  0.4626808E-04  0.1000000E-03           1
|0000110011001101001010000> :  0.7458077E-07  0.1000000E-03           1
|0000000101010101100011101> :  0.1642351E-04  0.1000000E-03           1
|0000110011000100100000000> :  0.1622691E-06  0.1000000E-03           1
|0000110010000001100111100> :  0.1498801E-06  0.1000000E-03           1
|0000000101010101100011100> :  0.2865386E-04  0.1000000E-03           1
|0000000001000101100001001> :  0.3105791E-03  0.1000000E-03           1
|0000000000010101111101001> :  0.2309946E-06  0.1000000E-03           1
|0000000000010001110001001> :  0.1670263E-06  0.1000000E-03           1
|0000000101010101100010110> :  0.7071596E-06  0.1000000E-03           1
|0000110001010000100011000> :  0.6015910E-06  0.1000000E-03           1
|0000110001000100101111000> :  0.3770365E-04  0.1000000E-03           1
|0000110001000100001111001> :  0.2784320E-05  0.1000000E-03           1
|0000000001000101011101100> :  0.3449754E-05  0.1000000E-03           1
|0000000101010100101111000> :  0.9690622E-05  0.1000000E-03           1
|0000101110000100100111100> :  0.1552657E-07  0.1000000E-03           1
|0000000101010100100111001> :  0.2427899E-05  0.1000000E-03           1
|0000000101010100100011001> :  0.3888905E-05  0.1000000E-03           1
|0000101011100000001011000> :  0.1302786E-06  0.1000000E-03           1
|0000000101010100100001001> :  0.3712792E-05  0.1000000E-03           1
|0000000001010100001111000> :  0.1465503E-03  0.1000000E-03           1
|0000000000010101110011111> :  0.2576478E-04  0.1000000E-03           1
|0000000101010100001111001> :  0.6445290E-05  0.1000000E-03           1
|0000000101010100001111000> :  0.3043049E-04  0.1000000E-03           1
|0000000001010100001011101> :  0.7467121E-04  0.1000000E-03           1
|0000101001100101100001101> :  0.2025569E-06  0.1000000E-03           1
|0000101001010100101001001> :  0.3336630E-05  0.1000000E-03           1
|0000000101001101001011100> :  0.1122112E-03  0.1000000E-03           1
|0000000001000101001111100> :  0.1056944E-03  0.1000000E-03           1
|0000000101000111111011010> :  0.7163173E-06  0.1000000E-03           1
|0000101001000101101111000> :  0.5057321E-05  0.1000000E-03           1
|0000000101000111011011100> :  0.3137127E-06  0.1000000E-03           1
|0000000101000110110101011> :  0.7150600E-06  0.1000000E-03           1
|0000101001000101100001101> :  0.2071520E-03  0.1000000E-03           1
|0000101001000100101101011> :  0.1026301E-06  0.1000000E-03           1
|0000000000010101101111101> :  0.7820354E-05  0.1000000E-03           1
|0000000000010001101111111> :  0.1003916E-06  0.1000000E-03           1
|0000000101000110001011101> :  0.3498256E-05  0.1000000E-03           1
|0000000101000110000011010> :  0.3573389E-05  0.1000000E-03           1
|0000000001010011100011001> :  0.3270973E-04  0.1000000E-03           1
|0000000101000101110001001> :  0.6575185E-04  0.1000000E-03           1
|0000000101000101101111000> :  0.4877589E-04  0.1000000E-03           1
|0000000001010010100101011> :  0.4642447E-06  0.1000000E-03           1
|0000000001000101001011001> :  0.1071327E-03  0.1000000E-03           1
|0000100101100100100111000> :  0.4365837E-03  0.1000000E-03           1
|0000100101010100100101001> :  0.3360239E-06  0.1000000E-03           1
|0000000001010001101111100> :  0.1374795E-05  0.1000000E-03           1
|0000100101000110100101011> :  0.1251569E-04  0.1000000E-03           1
|0000100101000110100101001> :  0.5703933E-06  0.1000000E-03           1
|0000100101000101101001100> :  0.4205657E-05  0.1000000E-03           1
|0000000101000101100111100> :  0.1138869E-03  0.1000000E-03           1
|0000000101000101100111001> :  0.5495087E-04  0.1000000E-03           1
|0000100101000101000111000> :  0.1048087E-04  0.1000000E-03           1
|0000100101000101000101000> :  0.5263237E-06  0.1000000E-03           1
|0000100101000100101001101> :  0.8319031E-05  0.1000000E-03           1
|0000000001010001100011101> :  0.1022675E-03  0.1000000E-03           1
|0000000001000101000111000> :  0.4394281E-04  0.1000000E-03           1
|0000000101000101100011000> :  0.6445459E-04  0.1000000E-03           1
|0000100101000100100101100> :  0.3212239E-05  0.1000000E-03           1
|0000000101000101100001101> :  0.1969993E-04  0.1000000E-03           1
|0000100101000100100101000> :  0.6494026E-04  0.1000000E-03           1
|0000100101000100100001101> :  0.3491430E-04  0.1000000E-03           1
|0000000101000101001111000> :  0.3369479E-04  0.1000000E-03           1
|0000000001010000110111111> :  0.3729670E-07  0.1000000E-03           1
|0000000001000101000011101> :  0.2851821E-04  0.1000000E-03           1
|0000000000010001100111101> :  0.1193175E-04  0.1000000E-03           1
|0000000000000101111011101> :  0.5212819E-06  0.1000000E-03           1
|0000000101000101001010100> :  0.4031597E-04  0.1000000E-03           1
|0000100011100110000111010> :  0.6841870E-07  0.1000000E-03           1
|0000000001010000100111001> :  0.7098627E-05  0.1000000E-03           1
|0000100011001000000011111> :  0.6923320E-07  0.1000000E-03           1
|0000000101000101000011101> :  0.2136902E-04  0.1000000E-03           1
|0000000001001111100000011> :  0.2193029E-06  0.1000000E-03           1
|0000000001000101000011100> :  0.8173176E-04  0.1000000E-03           1
|0000000101000100110101001> :  0.8379060E-04  0.1000000E-03           1
|0000000101000100110101000> :  0.3818156E-05  0.1000000E-03           1
|0000000001001110110001011> :  0.3518700E-04  0.1000000E-03           1
|0000100010000001100011100> :  0.1217261E-05  0.1000000E-03           1
|0000100001100101100111000> :  0.6546375E-05  0.1000000E-03           1
|0000100001100101100100001> :  0.1055367E-07  0.1000000E-03           1
|0000000101000100101011000> :  0.1596475E-05  0.1000000E-03           1
|0000000001001110100010011> :  0.6156933E-05  0.1000000E-03           1
|0000000101000100101001101> :  0.2679135E-04  0.1000000E-03           1
|0000000101000100101001001> :  0.4827180E-04  0.1000000E-03           1
|0000000001001101101011100> :  0.1573842E-03  0.1000000E-03           1
|0000000101000100100111100> :  0.5689060E-04  0.1000000E-03           1
|0000100001010101110001100> :  0.9419273E-05  0.1000000E-03           1
|0000000101000100100111000> :  0.3077333E-04  0.1000000E-03           1
|0000000001001101100011110> :  0.8493257E-05  0.1000000E-03           1
|0000100001010100001111100> :  0.4367294E-05  0.1000000E-03           1
|0000100001001101001011000> :  0.7072609E-06  0.1000000E-03           1
|0000000001001101100011101> :  0.2288213E-03  0.1000000E-03           1
|0000000101000100011101010> :  0.1079498E-05  0.1000000E-03           1
|0000100001000110100001011> :  0.1827571E-04  0.1000000E-03           1
|0000100001000110000111011> :  0.3237073E-06  0.1000000E-03           1
|0000000101000100010111100> :  0.1842011E-05  0.1000000E-03           1
|0000000001001101100011100> :  0.3942333E-04  0.1000000E-03           1
|0000000000010001100111100> :  0.6223169E-06  0.1000000E-03           1
|0000100001000101101001001> :  0.1021228E-03  0.1000000E-03           1
|0000000101000100001011101> :  0.1972368E-04  0.1000000E-03           1
|0000000101000010111101100> :  0.6475653E-07  0.1000000E-03           1
|1110010001000101001011000> :  0.8172922E-07  0.1000000E-03           1
|1110001001000110000001001> :  0.3461130E-06  0.1000000E-03           1
|0000000101000000111011000> :  0.5506185E-06  0.1000000E-03           1
|0000000100011101001101000> :  0.3476235E-07  0.1000000E-03           1
|0000100001000100101011011> :  0.2493204E-05  0.1000000E-03           1
|0000000100011100001011111> :  0.8405851E-07  0.1000000E-03           1
|0000000100000111000011100> :  0.8856268E-06  0.1000000E-03           1
|1100000001000111010111010> :  0.6182151E-07  0.1000000E-03           1
|0000100001000100100011011> :  0.2834034E-04  0.1000000E-03           1
|0000000100000101100111111> :  0.3340626E-06  0.1000000E-03           1
|0000000001001100101011001> :  0.4585527E-04  0.1000000E-03           1
|0000100001000100100011001> :  0.5465077E-04  0.1000000E-03           1
|0000000100000101100011101> :  0.1122323E-04  0.1000000E-03           1
|1100000000000100000111101> :  0.4907786E-05  0.1000000E-03           1
|1011000011100000100011101> :  0.2419552E-08  0.1000000E-03           1
|1011000001000100100011101> :  0.2036812E-05  0.1000000E-03           1
|0000000001001100100011111> :  0.4735671E-04  0.1000000E-03           1
|0000100001000001101111000> :  0.6843954E-04  0.1000000E-03           1
|0000100001000001100111000> :  0.1073673E-04  0.1000000E-03           1
|0000100001000100100011010> :  0.4897421E-05  0.1000000E-03           1
|1100000001000111111011110> :  0.4177788E-06  0.1000000E-03           1
|0000100001000100100111000> :  0.1226282E-03  0.1000000E-03           1
|1100000010000100010101011> :  0.9393922E-07  0.1000000E-03           1
|1100000011000100001111000> :  0.4624855E-06  0.1000000E-03           1
|1100000110000101001111000> :  0.3508071E-07  0.1000000E-03           1
|1100100000000100010111001> :  0.3203358E-06  0.1000000E-03           1
|0000100001000100110111011> :  0.6681833E-06  0.1000000E-03           1
|0000100001000101100001001> :  0.4346706E-04  0.1000000E-03           1
|0000000011110101000011000> :  0.1135960E-05  0.1000000E-03           1
|1111101011000011101101110> :  0.4222467E-10  0.1000000E-03           1
|0000100001000001100001011> :  0.4388798E-07  0.1000000E-03           1
|0000100001000000100111110> :  0.5288871E-07  0.1000000E-03           1
|0000000011100110110001011> :  0.5037736E-06  0.1000000E-03           1
|0000100001000101101011000> :  0.2046804E-04  0.1000000E-03           1
|0000000001001100100011101> :  0.1295796E-03  0.1000000E-03           1
|0000000001000100110001001> :  0.7073963E-04  0.1000000E-03           1
|0000100000000100101111010> :  0.3191781E-06  0.1000000E-03           1
|1010001000100101111001000> :  0.5240181E-09  0.1000000E-03           1
|0000100001000110110011011> :  0.6630040E-05  0.1000000E-03           1
|0000100001000111101000000> :  0.2195121E-06  0.1000000E-03           1
|0000011101001100100001011> :  0.3583762E-06  0.1000000E-03           1
|0000100001001110100011011> :  0.4297266E-05  0.1000000E-03           1
|0000011101000101001010000> :  0.1286612E-04  0.1000000E-03           1
|0000100001010101101011000> :  0.1002985E-05  0.1000000E-03           1
|0000011100010000011011011> :  0.1250454E-08  0.1000000E-03           1
|0000100001010101111011010> :  0.5256150E-06  0.1000000E-03           1
|0000100001010110100001001> :  0.2795501E-05  0.1000000E-03           1
|0000100001011100001111000> :  0.6977017E-06  0.1000000E-03           1
|0000100001100000101011010> :  0.6009835E-07  0.1000000E-03           1
|0000100001100100100001011> :  0.2862170E-05  0.1000000E-03           1
|0000100001100100101011100> :  0.5169448E-05  0.1000000E-03           1
|0000100001100100111001001> :  0.3520720E-05  0.1000000E-03           1
|0000000011100100100011100> :  0.5653374E-05  0.1000000E-03           1
|0000000001001100100011001> :  0.3671659E-05  0.1000000E-03           1
|0000011011010000100011001> :  0.6064902E-06  0.1000000E-03           1
|0000100011000010101111000> :  0.7628872E-06  0.1000000E-03           1
|0000100011000100001111000> :  0.2972870E-04  0.1000000E-03           1
|0000100011000100100001101> :  0.1842705E-03  0.1000000E-03           1
|0000100011000100100011011> :  0.9890054E-06  0.1000000E-03           1
|0000100011000100110001001> :  0.1693579E-04  0.1000000E-03           1
|0000100011000101100000010> :  0.1719567E-06  0.1000000E-03           1
|0000011011000101100010101> :  0.1503201E-06  0.1000000E-03           1
|0000000011100100000011100> :  0.4834745E-05  0.1000000E-03           1
|0000100011001100001001000> :  0.1718390E-06  0.1000000E-03           1
|1010000001001101000011001> :  0.1609703E-05  0.1000000E-03           1
|0000100100100100100101011> :  0.7481275E-07  0.1000000E-03           1
|0000100101000000100111100> :  0.1591401E-06  0.1000000E-03           1
|0000100101000000110001001> :  0.2475312E-06  0.1000000E-03           1
|0000011011000101000011000> :  0.2887165E-04  0.1000000E-03           1
|1010000001001100101001101> :  0.5825739E-06  0.1000000E-03           1
|1010000001000110010001010> :  0.6572178E-07  0.1000000E-03           1
|0000011011000100001010100> :  0.7432688E-06  0.1000000E-03           1
|0000000001001100100001011> :  0.7644398E-06  0.1000000E-03           1
|0000100101000100100111000> :  0.1102117E-03  0.1000000E-03           1
|0000000000001111101110010> :  0.5467305E-07  0.1000000E-03           1
|0000100101000100101001100> :  0.6121716E-05  0.1000000E-03           1
|0000000000000101110101011> :  0.7383007E-05  0.1000000E-03           1
|0000011010100001000111100> :  0.1807415E-06  0.1000000E-03           1
|0000011010100001000000110> :  0.1817335E-08  0.1000000E-03           1
|0000000011010101000011100> :  0.1685569E-03  0.1000000E-03           1
|0000011001100100101000010> :  0.5932743E-08  0.1000000E-03           1
|0000011001011101101000101> :  0.7265005E-07  0.1000000E-03           1
|0000100101000101100001100> :  0.3525799E-04  0.1000000E-03           1
|0000000011001101000011101> :  0.9236112E-05  0.1000000E-03           1
|0000000001001100011001011> :  0.6115542E-05  0.1000000E-03           1
|0000011001011100001010000> :  0.2553744E-05  0.1000000E-03           1
|0000011001010110100001001> :  0.1724757E-05  0.1000000E-03           1
|0000100101010100001111100> :  0.9354532E-07  0.1000000E-03           1
|0000000011001101000011100> :  0.1133200E-03  0.1000000E-03           1
|0000100101100100100001001> :  0.2693856E-05  0.1000000E-03           1
|1010000000000101100011101> :  0.1525367E-04  0.1000000E-03           1
|0000100111000011001011000> :  0.1274157E-06  0.1000000E-03           1
|0000100111000101100001000> :  0.1073900E-03  0.1000000E-03           1
|0000100111010110100001011> :  0.8996773E-07  0.1000000E-03           1
|0000100111100100000101000> :  0.2683516E-05  0.1000000E-03           1
|0000101000000100101011001> :  0.2864873E-05  0.1000000E-03           1
|0000101000000100110001101> :  0.1230842E-05  0.1000000E-03           1
|0000101000010011100011111> :  0.6209974E-08  0.1000000E-03           1
|0000101000010100100111101> :  0.5918341E-05  0.1000000E-03           1
|1010000000000100111011001> :  0.3764836E-07  0.1000000E-03           1
|1010000000000100100001111> :  0.4408907E-06  0.1000000E-03           1
|0000000011000111000111000> :  0.4933055E-05  0.1000000E-03           1
|0000000001001100001011101> :  0.1681113E-03  0.1000000E-03           1
|0000101001000101100011101> :  0.1093633E-03  0.1000000E-03           1
|0000011001010101000011001> :  0.2430416E-04  0.1000000E-03           1
|0000101001000110100001011> :  0.2091313E-05  0.1000000E-03           1
|0000101001000110110001000> :  0.1221322E-05  0.1000000E-03           1
|0000101001001101000111010> :  0.4584024E-07  0.1000000E-03           1
|1001100001000101000101011> :  0.4216983E-07  0.1000000E-03           1
|0000101001010101100011100> :  0.2243077E-05  0.1000000E-03           1
|0000011001010101000010001> :  0.1495643E-05  0.1000000E-03           1
|0000101010000100110001001> :  0.1512713E-05  0.1000000E-03           1
|0000101010010111100000110> :  0.3876944E-09  0.1000000E-03           1
|0000101011000100000111101> :  0.1366724E-06  0.1000000E-03           1
|0000101011000101100001101> :  0.5779380E-05  0.1000000E-03           1
|0000101011000110011011000> :  0.5723960E-07  0.1000000E-03           1
|0000011001010100110000001> :  0.5430479E-06  0.1000000E-03           1
|0000101101010100111001101> :  0.2412824E-07  0.1000000E-03           1
|0000101101100100000111100> :  0.9170106E-06  0.1000000E-03           1
|0000101101100100011101001> :  0.9774302E-08  0.1000000E-03           1
|1001001100000100110101001> :  0.1716576E-07  0.1000000E-03           1
|0000101111000100100001101> :  0.1513508E-05  0.1000000E-03           1
|0000110001000000100011100> :  0.1254704E-05  0.1000000E-03           1
|0000110001000001101011000> :  0.4785678E-05  0.1000000E-03           1
|1001001000000101010001011> :  0.6812954E-07  0.1000000E-03           1
|0000000011000101111101000> :  0.1645690E-05  0.1000000E-03           1
|0000011001010100101001101> :  0.2168640E-05  0.1000000E-03           1
|0000110001000100101111100> :  0.2215724E-05  0.1000000E-03           1
|0000011001010100100011001> :  0.1176658E-03  0.1000000E-03           1
|0000000011000101110011100> :  0.5384795E-04  0.1000000E-03           1
|0000110001010101110001101> :  0.4251957E-06  0.1000000E-03           1
|0000110001100100001111000> :  0.2303534E-04  0.1000000E-03           1
|1000110101000100100001001> :  0.8204615E-06  0.1000000E-03           1
|1000110011010000001101000> :  0.1292617E-07  0.1000000E-03           1
|1000110011000100001011010> :  0.4793679E-07  0.1000000E-03           1
|0000110101000100101101000> :  0.1803644E-04  0.1000000E-03           1
|0000011001010000101011001> :  0.1957077E-04  0.1000000E-03           1
|0000110111000000100101001> :  0.6429291E-06  0.1000000E-03           1
|0000111001000100001111000> :  0.1198456E-04  0.1000000E-03           1
|0000111101000100001111000> :  0.6389426E-05  0.1000000E-03           1
|0000000011000101101001101> :  0.6942209E-05  0.1000000E-03           1
|0000000001001100001011001> :  0.8826866E-05  0.1000000E-03           1
|0001000000010001001111001> :  0.7299923E-06  0.1000000E-03           1
|0001000001000011100111100> :  0.3440368E-07  0.1000000E-03           1
|0000011001001100100011100> :  0.8038875E-06  0.1000000E-03           1
|1000101001000100110001001> :  0.1528708E-04  0.1000000E-03           1
|0001000001000100101101011> :  0.3420606E-06  0.1000000E-03           1
|0001000001000101000111100> :  0.2139987E-04  0.1000000E-03           1
|0000011001000111001011000> :  0.9830677E-05  0.1000000E-03           1
|0000011001000110100011001> :  0.2642090E-04  0.1000000E-03           1
|1000100100010101100111100> :  0.1982403E-07  0.1000000E-03           1
|1000100011000101101011000> :  0.1193346E-05  0.1000000E-03           1
|0001000001000101001111100> :  0.3439080E-04  0.1000000E-03           1
|0001000001000101100001001> :  0.1389123E-03  0.1000000E-03           1
|0000011001000110100001001> :  0.7994442E-05  0.1000000E-03           1
|0001000001000101101001001> :  0.8534670E-05  0.1000000E-03           1
|0000011001000101101111111> :  0.2502258E-06  0.1000000E-03           1
|1000100001010100100011000> :  0.4434250E-05  0.1000000E-03           1
|0001000001010100001101001> :  0.4965853E-04  0.1000000E-03           1
|0000011001000101101001001> :  0.3475761E-05  0.1000000E-03           1
|0000011001000101100100100> :  0.9135325E-07  0.1000000E-03           1
|0001000001010100101001001> :  0.4635891E-04  0.1000000E-03           1
|0001000001010100101101001> :  0.2763542E-04  0.1000000E-03           1
|1000100000111000010000111> :  0.5447880E-09  0.1000000E-03           1
|1000100000010101110011101> :  0.2201387E-06  0.1000000E-03           1
|0000011001000101100011100> :  0.8278032E-05  0.1000000E-03           1
|0000000001000111111001111> :  0.1450201E-04  0.1000000E-03           1
|0000011001000101100011001> :  0.5203540E-03  0.1000000E-03           1
|1000011001100100010100000> :  0.1111236E-08  0.1000000E-03           1
|0000011001000101100010101> :  0.4224361E-05  0.1000000E-03           1
|0000011001000100101011011> :  0.4389119E-06  0.1000000E-03           1
|0000011001000100101010101> :  0.1405037E-06  0.1000000E-03           1
|0000000011000101100001001> :  0.5991748E-04  0.1000000E-03           1
|0000000001000111111001101> :  0.6701129E-04  0.1000000E-03           1
|0001000001010101111101001> :  0.7923245E-08  0.1000000E-03           1
|0001000001100101000011100> :  0.5019953E-05  0.1000000E-03           1
|0000011001000001100011101> :  0.5634595E-06  0.1000000E-03           1
|0001000001100111001001011> :  0.9096826E-07  0.1000000E-03           1
|0001000001110101000111000> :  0.7441225E-05  0.1000000E-03           1
|0001000001110101100011001> :  0.9748648E-05  0.1000000E-03           1
|1000010001011101001010010> :  0.5322764E-07  0.1000000E-03           1
|0000011000110001111111100> :  0.6255981E-08  0.1000000E-03           1
|0001000011000101000011100> :  0.9631658E-04  0.1000000E-03           1
|0001000011001101100011100> :  0.2639253E-06  0.1000000E-03           1
|0001000011010100010001001> :  0.1713317E-06  0.1000000E-03           1
|0001000100010101001111000> :  0.1617657E-05  0.1000000E-03           1
|0001000101000100101101001> :  0.2418220E-05  0.1000000E-03           1
|0001000101000101100001101> :  0.3761159E-04  0.1000000E-03           1
|0000011000010101100011001> :  0.4982368E-04  0.1000000E-03           1
|1000010001000101101000000> :  0.7195996E-07  0.1000000E-03           1
|0001001000011111001010001> :  0.3604242E-06  0.1000000E-03           1
|0001001000110101001010001> :  0.9456349E-05  0.1000000E-03           1
|1000010001000101000111000> :  0.1924797E-04  0.1000000E-03           1
|0001001001010110001011000> :  0.5782538E-07  0.1000000E-03           1
|0001001001110100100001001> :  0.2429509E-04  0.1000000E-03           1
|0001001001110100110000001> :  0.2562407E-06  0.1000000E-03           1
|0000011000010100001011100> :  0.4714922E-06  0.1000000E-03           1
|0000000001000100101011001> :  0.1981615E-03  0.1000000E-03           1
|0001010001000101000111101> :  0.4124809E-05  0.1000000E-03           1
|0001010001000101001001001> :  0.5388356E-05  0.1000000E-03           1
|0001010001000101100001101> :  0.6341577E-04  0.1000000E-03           1
|0001010001000101100011000> :  0.2731646E-04  0.1000000E-03           1
|0001010001000101100111000> :  0.1975479E-04  0.1000000E-03           1
|0001010001001100101001101> :  0.2056927E-05  0.1000000E-03           1
|0000000000010101100101001> :  0.2424386E-04  0.1000000E-03           1
|0001010001010100000101001> :  0.2334952E-05  0.1000000E-03           1
|0001010001011111100010001> :  0.4547211E-07  0.1000000E-03           1
|0001010001100101101101110> :  0.5296512E-09  0.1000000E-03           1
|0001010010000101001011000> :  0.7578551E-07  0.1000000E-03           1
|0001011001000101101011101> :  0.4447468E-06  0.1000000E-03           1
|0001100000001100101001011> :  0.3379454E-07  0.1000000E-03           1
|0001100001000100001101001> :  0.2229791E-04  0.1000000E-03           1
|0000000000001101101011101> :  0.6263040E-05  0.1000000E-03           1
|0000011000001101101011001> :  0.2699718E-06  0.1000000E-03           1
|0001100001000110011101000> :  0.2280307E-05  0.1000000E-03           1
|0001100011000110011001000> :  0.1036650E-06  0.1000000E-03           1
|0000011000000110100011011> :  0.1488601E-05  0.1000000E-03           1
|0001100101000100001101000> :  0.8486585E-04  0.1000000E-03           1
|0000000011000101001011000> :  0.1314007E-03  0.1000000E-03           1
|0001100101000110001111000> :  0.5478071E-07  0.1000000E-03           1
|0000011000000101110011101> :  0.6340314E-05  0.1000000E-03           1
|1000001011011101010000110> :  0.2070967E-09  0.1000000E-03           1
|0000011000000101100011001> :  0.4813089E-04  0.1000000E-03           1
|0001111000000011001110000> :  0.4283108E-09  0.1000000E-03           1
|0000000011000101000111111> :  0.2609276E-05  0.1000000E-03           1
|0010000000000101101001100> :  0.8718500E-07  0.1000000E-03           1
|0010000001000011110011001> :  0.5791276E-06  0.1000000E-03           1
|0010000001000100001011100> :  0.1608537E-05  0.1000000E-03           1
|0000011000000100001011101> :  0.3179181E-05  0.1000000E-03           1
|1000001001010101000011011> :  0.7509119E-06  0.1000000E-03           1
|0000011000000100001011001> :  0.2357609E-05  0.1000000E-03           1
|0010000001000100101101001> :  0.9062647E-06  0.1000000E-03           1
|0000010111100000100101000> :  0.4805522E-07  0.1000000E-03           1
|0000010111000110000011001> :  0.1961651E-06  0.1000000E-03           1
|0010000001000101100001001> :  0.1441994E-04  0.1000000E-03           1
|0010000001000101100001101> :  0.3578678E-04  0.1000000E-03           1
|0000000011000101000111000> :  0.1378816E-03  0.1000000E-03           1
|0000000001000111101011001> :  0.8879227E-04  0.1000000E-03           1
|0000000001000100101001001> :  0.7773127E-04  0.1000000E-03           1
|0000010111000101100011100> :  0.4613709E-04  0.1000000E-03           1
|0000010111000101000011100> :  0.1636738E-04  0.1000000E-03           1
|0000000011000101000011101> :  0.1045249E-03  0.1000000E-03           1
|0010000001000110100011011> :  0.1449079E-05  0.1000000E-03           1
|0000010111000100001011100> :  0.8234371E-06  0.1000000E-03           1
|0000010111000000100011101> :  0.1720029E-06  0.1000000E-03           1
|0000000011000101000011100> :  0.1623470E-03  0.1000000E-03           1
|0010000001010000100111001> :  0.9001950E-04  0.1000000E-03           1
|0010000001010001100011001> :  0.1505671E-03  0.1000000E-03           1
|0010000001010100001011001> :  0.2955297E-03  0.1000000E-03           1
|0010000001010100001110001> :  0.5979390E-04  0.1000000E-03           1
|0010000001010100001111000> :  0.1147921E-03  0.1000000E-03           1
|0010000001010100001111001> :  0.7274190E-04  0.1000000E-03           1
|0000000001000111100011110> :  0.1183667E-04  0.1000000E-03           1
|0010000001010100100011001> :  0.7260671E-04  0.1000000E-03           1
|0000010101010101100011001> :  0.2209610E-04  0.1000000E-03           1
|0000010101010100100111000> :  0.5096930E-04  0.1000000E-03           1
|0000000011000101000011000> :  0.6806950E-04  0.1000000E-03           1
|0000010101000101110001101> :  0.1100879E-04  0.1000000E-03           1
|0010000001010100110101001> :  0.7694996E-05  0.1000000E-03           1
|1000000101000110010001000> :  0.2723107E-06  0.1000000E-03           1
|1000000101000101100011001> :  0.3514006E-05  0.1000000E-03           1
|0000010101000101100011101> :  0.2215937E-03  0.1000000E-03           1
|0010000001010101100001001> :  0.8712151E-04  0.1000000E-03           1
|0010000001010101100011001> :  0.1279744E-03  0.1000000E-03           1
|0000000011000101000001101> :  0.3553309E-04  0.1000000E-03           1
|0010000001010110110001101> :  0.4223031E-05  0.1000000E-03           1
|0010000010000110100111001> :  0.6173356E-07  0.1000000E-03           1
|0010000010010100001001001> :  0.1575122E-07  0.1000000E-03           1
|0000010101000101100011100> :  0.3316432E-04  0.1000000E-03           1
|0010000011000100100011101> :  0.3259310E-04  0.1000000E-03           1
|1000000101000100010111000> :  0.5057328E-05  0.1000000E-03           1
|0010000011000101000111000> :  0.3977555E-05  0.1000000E-03           1
|0010000011000101100011100> :  0.2544644E-04  0.1000000E-03           1
|0010000011000101100011101> :  0.1152778E-04  0.1000000E-03           1
|0010000011000110110001100> :  0.6053974E-06  0.1000000E-03           1
|0010000011010000010101000> :  0.1465514E-06  0.1000000E-03           1
|0000010101000101100011001> :  0.7397598E-04  0.1000000E-03           1
|0010000101000010100011001> :  0.1083241E-05  0.1000000E-03           1
|0010000101000100110001001> :  0.1094624E-03  0.1000000E-03           1
|0010000101000110000111000> :  0.4190655E-05  0.1000000E-03           1
|0000010101000101100010100> :  0.2121020E-04  0.1000000E-03           1
|0010000101010011100110011> :  0.7202387E-08  0.1000000E-03           1
|0010000101010100011011000> :  0.1078798E-06  0.1000000E-03           1
|0010000101010101100000011> :  0.1380161E-05  0.1000000E-03           1
|1000000101000100001111000> :  0.3420908E-04  0.1000000E-03           1
|1000000100000101001110100> :  0.6066717E-06  0.1000000E-03           1
|0000010101000101100001001> :  0.2223396E-04  0.1000000E-03           1
|0000010101000101000010100> :  0.5309195E-05  0.1000000E-03           1
|1000000011010101100001101> :  0.3333720E-05  0.1000000E-03           1
|0010001101000101000111000> :  0.3458041E-06  0.1000000E-03           1
|0010010000000101100011001> :  0.3887655E-05  0.1000000E-03           1
|0010010000010101000011001> :  0.2439805E-05  0.1000000E-03           1
|0000010101000100101001100> :  0.3399146E-05  0.1000000E-03           1
|0000010101000100100111001> :  0.1345960E-04  0.1000000E-03           1
|1000000011000100101001011> :  0.2498824E-05  0.1000000E-03           1
|0010010001000100001011101> :  0.3997217E-05  0.1000000E-03           1
|1000000010010110001111010> :  0.1238447E-06  0.1000000E-03           1
|0010010001000100100011011> :  0.2839448E-04  0.1000000E-03           1
|0010010001000100100011101> :  0.1565289E-03  0.1000000E-03           1
|0000000001000111100001111> :  0.2889920E-04  0.1000000E-03           1
|0000010101000001100010000> :  0.5288041E-07  0.1000000E-03           1
|1000000010000010001010011> :  0.8624812E-08  0.1000000E-03           1
|0010010001000101000011100> :  0.5888905E-04  0.1000000E-03           1
|0000010100010101100011111> :  0.3422743E-05  0.1000000E-03           1
|0010010001000101100111000> :  0.2862331E-04  0.1000000E-03           1
|0010010001000110000011110> :  0.1861742E-06  0.1000000E-03           1
|0000010100001100001011000> :  0.5038964E-07  0.1000000E-03           1
|0010010001010000110001001> :  0.7866313E-06  0.1000000E-03           1
|0000010011100011100011000> :  0.9625145E-07  0.1000000E-03           1
|0010010001010100100111001> :  0.1049181E-03  0.1000000E-03           1
|0000000011000100010001101> :  0.4252495E-06  0.1000000E-03           1
|0010010001010101001011001> :  0.6206736E-05  0.1000000E-03           1
|0010010001010101001111000> :  0.1026030E-04  0.1000000E-03           1
|0000000001000111011011111> :  0.5320347E-05  0.1000000E-03           1
|0010010001110000010111000> :  0.2387153E-07  0.1000000E-03           1
|0010010011000010110001011> :  0.1147901E-06  0.1000000E-03           1
|0000010011100001100011001> :  0.5867679E-06  0.1000000E-03           1
|0010010011000100010011000> :  0.3160845E-05  0.1000000E-03           1
|0010010011000100100101100> :  0.4126776E-07  0.1000000E-03           1
|0010010011000101100010100> :  0.2622801E-06  0.1000000E-03           1
|0000010011010101100011000> :  0.5517164E-04  0.1000000E-03           1
|0000000011000100000111100> :  0.5455497E-04  0.1000000E-03           1
|0010010011010100000111100> :  0.3687540E-06  0.1000000E-03           1
|0010010011010101001010000> :  0.1259949E-06  0.1000000E-03           1
|0000010011010101000011101> :  0.2112182E-04  0.1000000E-03           1
|0000010011010101000011001> :  0.1935292E-04  0.1000000E-03           1
|0010010111000000100101000> :  0.6195209E-07  0.1000000E-03           1
|0010010111000001100011000> :  0.9182085E-07  0.1000000E-03           1
|0010011000011100001010001> :  0.2623508E-06  0.1000000E-03           1
|0010011001000100100011001> :  0.1062011E-04  0.1000000E-03           1
|0010011001010100000111001> :  0.2386929E-05  0.1000000E-03           1
|0010011001010110000011101> :  0.8057477E-07  0.1000000E-03           1
|0000000011000100000011100> :  0.3339253E-04  0.1000000E-03           1
|0010100001001010100011001> :  0.8118956E-07  0.1000000E-03           1
|0010100001010101100011100> :  0.6491172E-05  0.1000000E-03           1
|0010100001010110101010000> :  0.8262344E-08  0.1000000E-03           1
|0010100011000000100101001> :  0.5900162E-06  0.1000000E-03           1
|0010100011000001110011000> :  0.1034481E-06  0.1000000E-03           1
|0000000001000111000111001> :  0.3557639E-05  0.1000000E-03           1
|0010100101000100100111000> :  0.1343996E-05  0.1000000E-03           1
|0000000001000100100111001> :  0.4495409E-04  0.1000000E-03           1
|0010110001001001001111000> :  0.1820840E-07  0.1000000E-03           1
|0000000000010101001111100> :  0.7153837E-04  0.1000000E-03           1
|0010111011000000100000010> :  0.4423317E-08  0.1000000E-03           1
|0000000000001101001111010> :  0.4599934E-05  0.1000000E-03           1
|0011000001010100000111001> :  0.2415024E-04  0.1000000E-03           1
|0000000000000101110011101> :  0.2347150E-04  0.1000000E-03           1
|0011010001000100000011001> :  0.4469584E-05  0.1000000E-03           1
|0011010001010000001111000> :  0.1133944E-06  0.1000000E-03           1
|0011010001100101000011001> :  0.1371876E-07  0.1000000E-03           1
|0000010011010100100111001> :  0.1616128E-05  0.1000000E-03           1
|0011011001000000000011101> :  0.3229481E-07  0.1000000E-03           1
|0000010011010100000111001> :  0.6961957E-05  0.1000000E-03           1
|0011101011000100001001000> :  0.1725271E-06  0.1000000E-03           1
|0000000011000010110011011> :  0.6456188E-05  0.1000000E-03           1
|0100000000010100000111011> :  0.1373598E-05  0.1000000E-03           1
|0000010011001101110011010> :  0.2900599E-08  0.1000000E-03           1
|0000010011001101100111001> :  0.1103232E-05  0.1000000E-03           1
|0000000011000001101111001> :  0.1392926E-05  0.1000000E-03           1
|0100000001000100100001011> :  0.1680284E-03  0.1000000E-03           1
|0000000001000110111001011> :  0.8387915E-04  0.1000000E-03           1
|0000010011001100100011111> :  0.4041364E-06  0.1000000E-03           1
|1000000001000101100010001> :  0.5435997E-05  0.1000000E-03           1
|0100000001000101101011111> :  0.6431585E-06  0.1000000E-03           1
|0000010011000101100010100> :  0.2707310E-04  0.1000000E-03           1
|0100000001001100101001001> :  0.8085916E-06  0.1000000E-03           1
|1000000001000100101011101> :  0.1354283E-05  0.1000000E-03           1
|0000000010100101010011000> :  0.3208091E-07  0.1000000E-03           1
|0000000001000110110101111> :  0.7792905E-05  0.1000000E-03           1
|0100000001010100001011001> :  0.2524288E-04  0.1000000E-03           1
|0000010011000100100111101> :  0.2261433E-05  0.1000000E-03           1
|0100000001010100011111100> :  0.6722887E-07  0.1000000E-03           1
|0000010011000100100011101> :  0.4642720E-04  0.1000000E-03           1
|0000000010010110101011101> :  0.2543246E-06  0.1000000E-03           1
|0000010011000000100011001> :  0.4557194E-05  0.1000000E-03           1
|0100000001010100101011001> :  0.4017243E-04  0.1000000E-03           1
|0000010010010101101101100> :  0.2226971E-07  0.1000000E-03           1
|0100000001010101001111000> :  0.1244971E-04  0.1000000E-03           1
|0000000010010110100111001> :  0.2066180E-05  0.1000000E-03           1
|0100000001010110000011010> :  0.7209812E-06  0.1000000E-03           1
|0100000001010110000111011> :  0.1792756E-06  0.1000000E-03           1
|0100000001010110011101001> :  0.1993817E-05  0.1000000E-03           1
|0100000001010110100011001> :  0.3257639E-04  0.1000000E-03           1
|0100000001010110110001101> :  0.1116866E-05  0.1000000E-03           1
|0100000001010111110011001> :  0.9398674E-06  0.1000000E-03           1
|0100000011000000101001111> :  0.5449492E-07  0.1000000E-03           1
|0100000011000100110011101> :  0.5019612E-05  0.1000000E-03           1
|0100000011000101000011100> :  0.1946128E-04  0.1000000E-03           1
|0000000001000110110101011> :  0.4080078E-04  0.1000000E-03           1
|0000010010010001001111000> :  0.4623777E-06  0.1000000E-03           1
|0000010010000101100010100> :  0.2272362E-06  0.1000000E-03           1
|0000000010001001000101011> :  0.1712430E-08  0.1000000E-03           1
|0000010010000101000110001> :  0.1107705E-06  0.1000000E-03           1
|1000000000010101001011111> :  0.3963181E-05  0.1000000E-03           1
|0000010010000100001111101> :  0.4263833E-07  0.1000000E-03           1
|0000000010000101001111010> :  0.1270431E-05  0.1000000E-03           1
|0000000001000110110011001> :  0.1970633E-04  0.1000000E-03           1
|0000010001110101100011101> :  0.2201279E-05  0.1000000E-03           1
|1000000000010100001011011> :  0.3117052E-04  0.1000000E-03           1
|0000010001100101100111100> :  0.9968938E-05  0.1000000E-03           1
|1000000000001101000111101> :  0.3212600E-05  0.1000000E-03           1
|0000010001100100100011100> :  0.4664707E-06  0.1000000E-03           1
|0000000001110101110001111> :  0.1760955E-06  0.1000000E-03           1
|0000000001000110110001011> :  0.1870009E-04  0.1000000E-03           1
|0000010001011101101011001> :  0.1824368E-05  0.1000000E-03           1
|0000010001011101101011000> :  0.1644477E-04  0.1000000E-03           1
|0000000001110100101011001> :  0.4542224E-05  0.1000000E-03           1
|0000010001011101000011100> :  0.4005603E-04  0.1000000E-03           1
|0000010001010101101111000> :  0.2158756E-04  0.1000000E-03           1
|0000000001110100000111001> :  0.4371812E-05  0.1000000E-03           1
|0000000001000110110001010> :  0.3840508E-04  0.1000000E-03           1
|0000000001000100100010101> :  0.1032248E-03  0.1000000E-03           1
|0000010001010101101011100> :  0.1110778E-03  0.1000000E-03           1
|0000010001010101100111101> :  0.7356860E-04  0.1000000E-03           1
|0000000001110001100011001> :  0.1368088E-05  0.1000000E-03           1
|0110010001010100100011001> :  0.3771045E-04  0.1000000E-03           1
|0110010001000100100001011> :  0.1192620E-05  0.1000000E-03           1
|0000000001101101100010101> :  0.8640157E-05  0.1000000E-03           1
|0000000001000110110001001> :  0.1688325E-04  0.1000000E-03           1
|0110001011010100000101001> :  0.4949487E-07  0.1000000E-03           1
|0110001000011100010011000> :  0.1877026E-07  0.1000000E-03           1
|0000000001101101000011110> :  0.2359055E-06  0.1000000E-03           1
|0110000001011100000001001> :  0.5822029E-06  0.1000000E-03           1
|0110000001010100110001001> :  0.1679848E-04  0.1000000E-03           1
|0110000001010100100101001> :  0.2769466E-04  0.1000000E-03           1
|0000000001101100001111000> :  0.2258149E-06  0.1000000E-03           1
|0000000001000110101011111> :  0.7766884E-05  0.1000000E-03           1
|0000000000010101001110000> :  0.3520042E-04  0.1000000E-03           1
|0000000000001100010011110> :  0.5701698E-06  0.1000000E-03           1
|0110000001010100100001001> :  0.3654094E-03  0.1000000E-03           1
|0110000001000110110001000> :  0.3214210E-05  0.1000000E-03           1
|0000000001100111110011100> :  0.3532343E-05  0.1000000E-03           1
|0000010001010101100010000> :  0.2666771E-04  0.1000000E-03           1
|0000010001010101100001001> :  0.7288753E-04  0.1000000E-03           1
|0000000001100111110011001> :  0.3077145E-05  0.1000000E-03           1
|0000000001000110101001111> :  0.1023615E-04  0.1000000E-03           1
|0101000101100101000001000> :  0.5038339E-08  0.1000000E-03           1
|0101000101000101001101100> :  0.6762069E-07  0.1000000E-03           1
|0000010001010101001111000> :  0.3582453E-04  0.1000000E-03           1
|0101000101000101000011001> :  0.9000204E-07  0.1000000E-03           1
|0101000001010100010101001> :  0.3578094E-05  0.1000000E-03           1
|0000010001010101001011101> :  0.3517347E-04  0.1000000E-03           1
|0000000001100110111001001> :  0.1019700E-04  0.1000000E-03           1
|0101000001010100010001001> :  0.1978510E-05  0.1000000E-03           1
|0101001001000100001001001> :  0.1152694E-06  0.1000000E-03           1
|0101010001010100000011000> :  0.7035807E-07  0.1000000E-03           1
|0110000000010100000111001> :  0.1634629E-04  0.1000000E-03           1
|0110000001000101100001001> :  0.5265725E-05  0.1000000E-03           1
|0101000001010100000111101> :  0.2883982E-07  0.1000000E-03           1
|0110000001001000000011001> :  0.8362341E-07  0.1000000E-03           1
|0101000001010100000101001> :  0.3084277E-04  0.1000000E-03           1
|0110000001010100100011001> :  0.1354119E-03  0.1000000E-03           1
|0000000001100110011011001> :  0.3349367E-05  0.1000000E-03           1
|0000000001000100100001101> :  0.3322201E-03  0.1000000E-03           1
|0101000001000101011001101> :  0.6150058E-05  0.1000000E-03           1
|0110000001101101000001001> :  0.1023680E-07  0.1000000E-03           1
|0100110101010100010001100> :  0.6239514E-08  0.1000000E-03           1
|0110001000110101011010011> :  0.4550167E-09  0.1000000E-03           1
|0000010001010101000011100> :  0.1105351E-03  0.1000000E-03           1
|0110010001000100000111001> :  0.1448883E-04  0.1000000E-03           1
|0100110011001000001111000> :  0.3129143E-08  0.1000000E-03           1
|0110010001010100000011001> :  0.6488846E-05  0.1000000E-03           1
|0100110001100000001001010> :  0.1836780E-08  0.1000000E-03           1
|0110010111110111000111101> :  0.1456035E-10  0.1000000E-03           1
|0110100001001100010001010> :  0.1871801E-07  0.1000000E-03           1
|0110100001001101000101001> :  0.5383339E-08  0.1000000E-03           1
|0110100001010100011000011> :  0.4478089E-09  0.1000000E-03           1
|0111000001010111000001001> :  0.1929052E-06  0.1000000E-03           1
|0111000001110100101001001> :  0.1944706E-07  0.1000000E-03           1
|1000000000000100000111101> :  0.8968600E-04  0.1000000E-03           1
|1000000000000101000011111> :  0.2736586E-05  0.1000000E-03           1
|0000010001010100101111100> :  0.8049090E-04  0.1000000E-03           1
|1000000000000101000111111> :  0.2458039E-05  0.1000000E-03           1
|1000000000000101011111100> :  0.5850670E-06  0.1000000E-03           1
|0000000001100101110011101> :  0.1161519E-03  0.1000000E-03           1
|1000000000000110001011011> :  0.4948416E-05  0.1000000E-03           1
|1000000000001100000111101> :  0.2821652E-04  0.1000000E-03           1
|1000000000001100101010101> :  0.3183526E-07  0.1000000E-03           1
|0100110001000101011011000> :  0.9819243E-07  0.1000000E-03           1
|1000000000010010000011011> :  0.1764148E-06  0.1000000E-03           1
|0100101000000011111010101> :  0.5248724E-10  0.1000000E-03           1
|0100100011010100101001001> :  0.7534238E-06  0.1000000E-03           1
|1000000000010100011111101> :  0.9832368E-06  0.1000000E-03           1
|1000000000010101000110000> :  0.1843175E-06  0.1000000E-03           1
|0100100011000101000101000> :  0.2692162E-06  0.1000000E-03           1
|0000010001010100101101101> :  0.7666115E-06  0.1000000E-03           1
|1000000000010110000011101> :  0.1693664E-04  0.1000000E-03           1
|1000000000010111000111001> :  0.1356199E-05  0.1000000E-03           1
|1000000000011100000111001> :  0.3608441E-05  0.1000000E-03           1
|1000000000011100101111001> :  0.9818802E-05  0.1000000E-03           1
|1000000000100100001111010> :  0.2324647E-05  0.1000000E-03           1
|1000000000111010110000010> :  0.2421054E-09  0.1000000E-03           1
|1000000001000001111011100> :  0.1935993E-07  0.1000000E-03           1
|0000000001000110100011011> :  0.1346729E-03  0.1000000E-03           1
|0100100011000100101111000> :  0.1031967E-04  0.1000000E-03           1
|1000000001000100001111000> :  0.5408246E-04  0.1000000E-03           1
|1000000001000100001111001> :  0.4459621E-04  0.1000000E-03           1
|1000000001000100001111100> :  0.2748487E-05  0.1000000E-03           1
|0100100001010101100001101> :  0.1708676E-04  0.1000000E-03           1
|0100100001010100000001101> :  0.6891360E-06  0.1000000E-03           1
|0100100001000110100100011> :  0.1394974E-07  0.1000000E-03           1
|0000010001010100100011100> :  0.2759063E-04  0.1000000E-03           1
|0100100001000100100101001> :  0.1072816E-05  0.1000000E-03           1
|1000000001000101011001001> :  0.2190211E-05  0.1000000E-03           1
|0100100001000100010101101> :  0.3108593E-06  0.1000000E-03           1
|0000010001010100100011011> :  0.6848359E-05  0.1000000E-03           1
|0000000001000110100011001> :  0.1393697E-04  0.1000000E-03           1
|0000000000010101001011001> :  0.1401057E-04  0.1000000E-03           1
|1000000001000110000111011> :  0.1554718E-05  0.1000000E-03           1
|1000000001000110110001011> :  0.8262958E-04  0.1000000E-03           1
|1000000001000111000011101> :  0.2860359E-05  0.1000000E-03           1
|1000000001000111100011101> :  0.1607315E-04  0.1000000E-03           1
|1000000001001011000011111> :  0.6133142E-07  0.1000000E-03           1
|1000000001001100000011010> :  0.1320172E-05  0.1000000E-03           1
|1000000001001110101011001> :  0.3074355E-05  0.1000000E-03           1
|1000000001010011110001011> :  0.5237940E-07  0.1000000E-03           1
|0100011011000100111011010> :  0.1724675E-08  0.1000000E-03           1
|1000000001010100001011010> :  0.6580330E-05  0.1000000E-03           1
|1000000001010100011011000> :  0.3173848E-05  0.1000000E-03           1
|1000000001010101000111010> :  0.1784697E-04  0.1000000E-03           1
|0100011001010100001111001> :  0.1085386E-05  0.1000000E-03           1
|1000000001010101100011011> :  0.4083907E-04  0.1000000E-03           1
|1000000001010101101001101> :  0.3129103E-04  0.1000000E-03           1
|1000000001011101000010010> :  0.1092032E-06  0.1000000E-03           1
|1000000001011101100011001> :  0.3491006E-04  0.1000000E-03           1
|1000000001011101100011101> :  0.1393852E-04  0.1000000E-03           1
|1000000001011101101011001> :  0.5460493E-05  0.1000000E-03           1
|1000000001100101101011101> :  0.9548104E-06  0.1000000E-03           1
|0000010001010100001101000> :  0.1318511E-05  0.1000000E-03           1
|1000000010000100010001111> :  0.5269148E-06  0.1000000E-03           1
|1000000010001100000011110> :  0.6219654E-05  0.1000000E-03           1
|1000000010010101100011001> :  0.3687764E-05  0.1000000E-03           1
|0100011001000110100001001> :  0.4117677E-05  0.1000000E-03           1
|0100010011000100100001011> :  0.3402369E-06  0.1000000E-03           1
|1000000011000101001001010> :  0.1164502E-06  0.1000000E-03           1
|1000000011010001000011101> :  0.3883754E-06  0.1000000E-03           1
|0000010001010100000111001> :  0.1460768E-03  0.1000000E-03           1
|1000000011010110100000001> :  0.3977004E-08  0.1000000E-03           1
|1000000100000101000010100> :  0.1783766E-06  0.1000000E-03           1
|1000000100000101000111100> :  0.1142139E-03  0.1000000E-03           1
|0100010001011100100001001> :  0.1334219E-05  0.1000000E-03           1
|0100010001011100000001001> :  0.6354121E-06  0.1000000E-03           1
|1000000101000100001111001> :  0.3609695E-06  0.1000000E-03           1
|1000000101000100010101001> :  0.1416622E-05  0.1000000E-03           1
|0000010001010001101011101> :  0.2758392E-04  0.1000000E-03           1
|0100010001010100100011100> :  0.8775437E-07  0.1000000E-03           1
|0000010001010001101011001> :  0.5108690E-04  0.1000000E-03           1
|1000000101000101000111110> :  0.5895337E-05  0.1000000E-03           1
|0000000001000110100010101> :  0.1560468E-04  0.1000000E-03           1
|0100010001010100001111000> :  0.1276497E-04  0.1000000E-03           1
|1000000101000110100000011> :  0.2416911E-06  0.1000000E-03           1
|1000000101100100001101100> :  0.5194240E-07  0.1000000E-03           1
|1000000101100100100100001> :  0.1496850E-07  0.1000000E-03           1
|1000000101100101000111000> :  0.2055904E-04  0.1000000E-03           1
|1000001000000101011011100> :  0.2554313E-07  0.1000000E-03           1
|1000001000000101100011101> :  0.1428702E-04  0.1000000E-03           1
|1000001000000110011101111> :  0.1736060E-07  0.1000000E-03           1
|1000001000000110100011011> :  0.5589046E-05  0.1000000E-03           1
|1000001000000110101011101> :  0.1165560E-06  0.1000000E-03           1
|1000001000010100000111001> :  0.5349926E-04  0.1000000E-03           1
|1000001000011100010111001> :  0.1533776E-06  0.1000000E-03           1
|1000001000100100100001011> :  0.9392685E-06  0.1000000E-03           1
|1000001000110100000111001> :  0.4235032E-05  0.1000000E-03           1
|1000001001000100000011101> :  0.4840604E-05  0.1000000E-03           1
|1000001001000100000111111> :  0.3326434E-06  0.1000000E-03           1
|1000001001000100110011011> :  0.3684768E-06  0.1000000E-03           1
|1000001001000101100011101> :  0.5389040E-04  0.1000000E-03           1
|1000001001000110100001011> :  0.2064541E-05  0.1000000E-03           1
|0100010001000110011001011> :  0.4174089E-06  0.1000000E-03           1
|1000001001100100100011001> :  0.9646302E-05  0.1000000E-03           1
|1000001001101101100001011> :  0.2116666E-07  0.1000000E-03           1
|1000001011000001000011001> :  0.2139538E-06  0.1000000E-03           1
|0000010001010000101011101> :  0.1433738E-04  0.1000000E-03           1
|1000001011100100001001001> :  0.1411548E-07  0.1000000E-03           1
|1000001101010011000000011> :  0.1273109E-08  0.1000000E-03           1
|1000010000000101001011101> :  0.5862387E-06  0.1000000E-03           1
|1000010000010101000111001> :  0.1793036E-04  0.1000000E-03           1
|1000010001000001001111000> :  0.1168045E-05  0.1000000E-03           1
|1000010001000100001011101> :  0.2813268E-05  0.1000000E-03           1
|1000010001000100001111000> :  0.3225813E-04  0.1000000E-03           1
|0100010001000110000011010> :  0.1515269E-05  0.1000000E-03           1
|0100010001000101100011101> :  0.1410924E-04  0.1000000E-03           1
|1000010001001100001010001> :  0.4612051E-07  0.1000000E-03           1
|1000010001010101100111011> :  0.3132838E-06  0.1000000E-03           1
|0000000001100101001011100> :  0.3275376E-04  0.1000000E-03           1
|1000010010000001101011100> :  0.2271526E-06  0.1000000E-03           1
|1000010010010100100101011> :  0.8135411E-07  0.1000000E-03           1
|1000010011100000010001011> :  0.1279993E-06  0.1000000E-03           1
|1000010101100101000001000> :  0.2338176E-08  0.1000000E-03           1
|1000010111000001010011010> :  0.7303343E-08  0.1000000E-03           1
|1000011000010100000111000> :  0.8517415E-06  0.1000000E-03           1
|1000011001000100100011011> :  0.4264661E-07  0.1000000E-03           1
|0100010001000100001001001> :  0.2692391E-05  0.1000000E-03           1
|1000011011010101100011101> :  0.4742152E-07  0.1000000E-03           1
|1000100000000100100011001> :  0.1533076E-05  0.1000000E-03           1
|1000100000010101100011111> :  0.1610794E-05  0.1000000E-03           1
|0100010000000110000011011> :  0.1100275E-05  0.1000000E-03           1
|0000010001001101001110000> :  0.1434783E-05  0.1000000E-03           1
|0100001001110100010011001> :  0.4756454E-07  0.1000000E-03           1
|1000100001010100000111000> :  0.3252365E-05  0.1000000E-03           1
|0100001001100100110001011> :  0.1820312E-06  0.1000000E-03           1
|1000100001010101100001101> :  0.1101869E-04  0.1000000E-03           1
|1000100001110101111010111> :  0.1218768E-07  0.1000000E-03           1
|1000100010000011101011000> :  0.3448529E-07  0.1000000E-03           1
|0000000001100100100011111> :  0.6555395E-04  0.1000000E-03           1
|0000000001000110011111100> :  0.4953312E-04  0.1000000E-03           1
|1000100101100100100101010> :  0.1051609E-05  0.1000000E-03           1
|1000100111000001100001000> :  0.7056247E-07  0.1000000E-03           1
|0100001001010111000011000> :  0.4699163E-06  0.1000000E-03           1
|1000101001011100101011001> :  0.6710177E-07  0.1000000E-03           1
|1000101101000101010001101> :  0.1087808E-07  0.1000000E-03           1
|1000110001000100011001000> :  0.1354422E-06  0.1000000E-03           1
|0100001001000101100011101> :  0.1464107E-04  0.1000000E-03           1
|0000010001001101000111001> :  0.1588588E-05  0.1000000E-03           1
|0100001001000101100001101> :  0.7795968E-05  0.1000000E-03           1
|1001000000000100011110000> :  0.3440181E-08  0.1000000E-03           1
|1001000000000101000111001> :  0.2824868E-04  0.1000000E-03           1
|1001000000000110000111011> :  0.5794998E-06  0.1000000E-03           1
|1001000001000101000111001> :  0.5067862E-04  0.1000000E-03           1
|1001000011000100001001011> :  0.3796151E-05  0.1000000E-03           1
|0100001000111100000111001> :  0.4315064E-06  0.1000000E-03           1
|0100000111100001110011100> :  0.5678864E-07  0.1000000E-03           1
|1001100000010101100010111> :  0.1908175E-08  0.1000000E-03           1
|1001100001000100010001011> :  0.8818212E-06  0.1000000E-03           1
|0100000111010100010101000> :  0.5322710E-06  0.1000000E-03           1
|1001110001011101100011111> :  0.7863357E-09  0.1000000E-03           1
|1001110001101000000011001> :  0.2304289E-09  0.1000000E-03           1
|1010000000000100000111111> :  0.1914829E-05  0.1000000E-03           1
|0100000101100101010011000> :  0.2333909E-06  0.1000000E-03           1
|0000010001000111101010000> :  0.3706601E-05  0.1000000E-03           1
|0000000001011110100010011> :  0.1413987E-05  0.1000000E-03           1
|1010000000000110100111001> :  0.1237883E-05  0.1000000E-03           1
|1010000000000111011000011> :  0.1331112E-06  0.1000000E-03           1
|1010000000010100000011011> :  0.5711486E-05  0.1000000E-03           1
|1010000000010100000011101> :  0.1396140E-04  0.1000000E-03           1
|1010000001000100000111001> :  0.4927540E-04  0.1000000E-03           1
|1010000001000100001011100> :  0.1160865E-05  0.1000000E-03           1
|1010000001000100101001000> :  0.1113946E-05  0.1000000E-03           1
|0000000001000110011011101> :  0.7655302E-04  0.1000000E-03           1
|1010000001000101001001001> :  0.2021734E-04  0.1000000E-03           1
|0100000101000101100011101> :  0.4669754E-04  0.1000000E-03           1
|0100000101000101100011100> :  0.9416727E-06  0.1000000E-03           1
|1010000001000101101011111> :  0.1055442E-05  0.1000000E-03           1
|1010000001000110000011101> :  0.1640599E-04  0.1000000E-03           1
|0000010001000111100011100> :  0.1624014E-05  0.1000000E-03           1
|0100000101000100010011000> :  0.2498176E-05  0.1000000E-03           1
|0000010001000111100011001> :  0.2099034E-04  0.1000000E-03           1
|1010000001001101001001001> :  0.5515175E-07  0.1000000E-03           1
|1010000001010100000011000> :  0.1703878E-05  0.1000000E-03           1
|1010000001110000100011001> :  0.2485727E-06  0.1000000E-03           1
|1010000010000001001111000> :  0.3366757E-06  0.1000000E-03           1
|1010000010001100000111000> :  0.8742473E-07  0.1000000E-03           1
|1010000011100000000011010> :  0.6627416E-07  0.1000000E-03           1
|1010000101000100100001011> :  0.2512981E-05  0.1000000E-03           1
|1010001000000110000010011> :  0.2216997E-05  0.1000000E-03           1
|1010001000010000011100001> :  0.6550382E-09  0.1000000E-03           1
|0000000001011101100011101> :  0.5243423E-04  0.1000000E-03           1
|1010001010000110110011011> :  0.1861245E-08  0.1000000E-03           1
|1010010001000100000011101> :  0.1326566E-05  0.1000000E-03           1
|1010010001000101100011101> :  0.2420653E-04  0.1000000E-03           1
|1010100001000100100001001> :  0.6162226E-05  0.1000000E-03           1
|1010100001010100011011111> :  0.7429077E-08  0.1000000E-03           1
|1010100001010101100011100> :  0.1182771E-05  0.1000000E-03           1
|1010100011001100000101001> :  0.8897199E-08  0.1000000E-03           1
|1010101000001010010000011> :  0.9273514E-08  0.1000000E-03           1
|1010101011000100101101100> :  0.6218827E-08  0.1000000E-03           1
|1010110011001001010000000> :  0.3854526E-08  0.1000000E-03           1
|1011000000010101001010001> :  0.8480568E-07  0.1000000E-03           1
|0100000100001101100011100> :  0.2741224E-07  0.1000000E-03           1
|0100000011010110010001001> :  0.2714495E-06  0.1000000E-03           1
|0000010001000110101011010> :  0.2974431E-06  0.1000000E-03           1
|1100000000000101001011101> :  0.5033294E-06  0.1000000E-03           1
|1100000000010100000111001> :  0.2717779E-04  0.1000000E-03           1
|1100000000010110011111000> :  0.2855393E-07  0.1000000E-03           1
|1100000001000100100001001> :  0.5523456E-05  0.1000000E-03           1
|1100000001000101100011101> :  0.2425872E-04  0.1000000E-03           1
|0100000011010101100011100> :  0.7814081E-05  0.1000000E-03           1
|0100000011000110000001111> :  0.5324450E-07  0.1000000E-03           1
|1100000001001101001011100> :  0.7975087E-07  0.1000000E-03           1
|1100000001100110101001001> :  0.1941087E-06  0.1000000E-03           1
|0000010001000110001001011> :  0.2066011E-05  0.1000000E-03           1
|1100000010010100001101001> :  0.4449999E-06  0.1000000E-03           1
|0000000001011101011111010> :  0.1138203E-06  0.1000000E-03           1
|1100000011000100010001010> :  0.2518012E-06  0.1000000E-03           1
|0000000001000101111111111> :  0.4205960E-05  0.1000000E-03           1
|1100010000010100000111001> :  0.3471336E-05  0.1000000E-03           1
|0000000001000100001111101> :  0.2640916E-03  0.1000000E-03           1
|1100101001000100000000101> :  0.1418442E-07  0.1000000E-03           1
|1101000001000000011101001> :  0.1691677E-06  0.1000000E-03           1
|1110000000001100000011011> :  0.7117122E-06  0.1000000E-03           1
|1110000001001100001001001> :  0.3758622E-06  0.1000000E-03           1
|1110000101000100000101000> :  0.2969448E-06  0.1000000E-03           1
|0000000000000111111011111> :  0.3079788E-05  0.1000000E-03           1
|0000000000000101001111000> :  0.2132626E-04  0.1000000E-03           1
|0000000000000100100111011> :  0.1478211E-05  0.1000000E-03           1
|0000000000000100011011111> :  0.1909962E-05  0.1000000E-03           1
