# state, exact probability, frequency, count:
#------------------------------------------------------------------
|010001001101001111110001> :  0.4816291E+00  0.4817000E+00        4817
|101110110010110000001110> :  0.4816291E+00  0.4784000E+00        4784
|111001000101001111110001> :  0.6608277E-02  0.7300000E-02          73
|000110101010110010001110> :  0.4775519E-02  0.6500000E-02          65
|000110111010110000001110> :  0.6608277E-02  0.6200000E-02          62
|111001010101001101110001> :  0.4775519E-02  0.5000000E-02          50
|110001001101001111110001> :  0.1442385E-02  0.1600000E-02          16
|001110110010110000001110> :  0.1442385E-02  0.1600000E-02          16
|101000010101010101110001> :  0.1014915E-02  0.1100000E-02          11
|010111101010101010001110> :  0.1014915E-02  0.1100000E-02          11
|100110110010110000001110> :  0.5825234E-03  0.7000000E-03           7
|010001101101001111110001> :  0.2534220E-03  0.6000000E-03           6
|101110010010110000001110> :  0.2534220E-03  0.4000000E-03           4
|011001001101001111110001> :  0.5825234E-03  0.4000000E-03           4
|111111110010100000001110> :  0.3375365E-03  0.4000000E-03           4
|000000001101011111110001> :  0.3375365E-03  0.3000000E-03           3
|101010010111010101010001> :  0.1442759E-04  0.2000000E-03           2
|101010010011010001011101> :  0.3500761E-04  0.2000000E-03           2
|010101101100101010101010> :  0.6310135E-04  0.2000000E-03           2
|110101001100001011101010> :  0.3735766E-04  0.2000000E-03           2
|010101101100001011101010> :  0.4997747E-04  0.2000000E-03           2
|010000001100100110110011> :  0.4059519E-08  0.1000000E-03           1
|010101101110001011001010> :  0.7697048E-05  0.1000000E-03           1
|000110101011010000001110> :  0.3356466E-06  0.1000000E-03           1
|101110111010110010001110> :  0.1436320E-04  0.1000000E-03           1
|101110110010110000010100> :  0.9469915E-05  0.1000000E-03           1
|110001001101001011100011> :  0.3421276E-06  0.1000000E-03           1
|010101111110101000001110> :  0.2492600E-07  0.1000000E-03           1
|010110011101001101010001> :  0.9040898E-08  0.1000000E-03           1
|010111101001011010011101> :  0.4966530E-08  0.1000000E-03           1
|001110101011110010001111> :  0.9080546E-08  0.1000000E-03           1
|010101001101101010101010> :  0.5450705E-04  0.1000000E-03           1
|101010110010110000011101> :  0.4082837E-04  0.1000000E-03           1
|010101001101001111100010> :  0.4082837E-04  0.1000000E-03           1
|001010110011110000011101> :  0.3117618E-04  0.1000000E-03           1
|000001001101011110110001> :  0.1065685E-04  0.1000000E-03           1
|010101001101001011101010> :  0.3903707E-04  0.1000000E-03           1
|010011101010001011001110> :  0.3465470E-07  0.1000000E-03           1
|001010110011010101010101> :  0.4986309E-04  0.1000000E-03           1
|101000110101010100110001> :  0.1636243E-07  0.1000000E-03           1
|100111110010110000010101> :  0.2570980E-08  0.1000000E-03           1
|010001001111001111110011> :  0.6164361E-07  0.1000000E-03           1
|101010010011010101010101> :  0.6310135E-04  0.1000000E-03           1
|001010001011110010001101> :  0.5198565E-07  0.1000000E-03           1
|101010110010001001001001> :  0.3863251E-06  0.1000000E-03           1
|101010110010010101010101> :  0.5450705E-04  0.1000000E-03           1
|000101111101011111110001> :  0.1145868E-07  0.1000000E-03           1
|101010110010110001000010> :  0.6380372E-06  0.1000000E-03           1
|101110010010010001011110> :  0.3800586E-06  0.1000000E-03           1
|111111110110101000010110> :  0.3746688E-07  0.1000000E-03           1
|100010110010110010001110> :  0.8341867E-05  0.1000000E-03           1
|010001001101011101110001> :  0.2077399E-05  0.1000000E-03           1
|011101110100001111100010> :  0.2847876E-07  0.1000000E-03           1
|101111110100110101001010> :  0.4710014E-06  0.1000000E-03           1
|011011011101001001010001> :  0.6787664E-06  0.1000000E-03           1
|010001001101010110110101> :  0.3561610E-06  0.1000000E-03           1
|110101000100001101110001> :  0.9824651E-06  0.1000000E-03           1
|110101001000101010101110> :  0.1162317E-04  0.1000000E-03           1
|000110111011010001001011> :  0.1328302E-06  0.1000000E-03           1
|110101001100001110000111> :  0.5523771E-08  0.1000000E-03           1
|110101001100101110100010> :  0.3331519E-04  0.1000000E-03           1
|110101110010100000001010> :  0.1410065E-06  0.1000000E-03           1
|011010010001011101110101> :  0.2787352E-07  0.1000000E-03           1
|111001000001001011110101> :  0.2773703E-06  0.1000000E-03           1
|110111111100100100010100> :  0.3544914E-09  0.1000000E-03           1
|110111110010110010011110> :  0.1726696E-07  0.1000000E-03           1
|011001001101001101110010> :  0.1013346E-06  0.1000000E-03           1
|110111001001110000101110> :  0.3238422E-07  0.1000000E-03           1
|111001001101101110110010> :  0.7580877E-06  0.1000000E-03           1
|111001001111001101110001> :  0.4623001E-07  0.1000000E-03           1
|111001010101001100110010> :  0.7572153E-07  0.1000000E-03           1
|110110010101100101100010> :  0.1176093E-07  0.1000000E-03           1
|111010010101100000111001> :  0.4636970E-09  0.1000000E-03           1
|111011100010101010011111> :  0.1591541E-07  0.1000000E-03           1
|111110110010100001001011> :  0.2917049E-07  0.1000000E-03           1
|010000001101001111110001> :  0.4907204E-04  0.1000000E-03           1
|000101101100100111110010> :  0.3576619E-08  0.1000000E-03           1
|000000001111010101110001> :  0.1421131E-06  0.1000000E-03           1
