# state, exact probability, frequency, count:
#------------------------------------------------------------------
|001000010001001100000111000101> :  0.7224288E+00  0.7175000E+00        7175
|001000010001001100000110000111> :  0.1134824E+00  0.1160000E+00        1160
|101000010001001000000011001101> :  0.3909549E-01  0.3640000E-01         364
|001000010001001100000111000111> :  0.2595791E-01  0.2680000E-01         268
|101000010000001000001011001101> :  0.7043700E-02  0.6900000E-02          69
|101000010001001100000111000101> :  0.1506175E-02  0.1100000E-02          11
|001000011000001100000011001001> :  0.1042420E-02  0.1000000E-02          10
|101000010001011000000111000101> :  0.6674462E-03  0.1000000E-02          10
|101001010001001000000011000101> :  0.3967363E-03  0.5000000E-03           5
|001000010001001100000110010101> :  0.3339594E-03  0.4000000E-03           4
|101000010000011000000011001101> :  0.2576358E-03  0.4000000E-03           4
|001000010000001101000110001001> :  0.5087708E-04  0.3000000E-03           3
|101000010001001100000111000001> :  0.1101000E-03  0.3000000E-03           3
|001000010001001000000111000101> :  0.1074183E-03  0.3000000E-03           3
|101000010001000000000111000111> :  0.3576048E-04  0.3000000E-03           3
|001000010001001100000110010110> :  0.2065841E-03  0.3000000E-03           3
|001000010000001100000011001101> :  0.9044639E-04  0.3000000E-03           3
|101000010000001100001110001001> :  0.5746094E-04  0.3000000E-03           3
|001000110001001101000111000101> :  0.4840978E-04  0.2000000E-03           2
|001000010001001100000111000011> :  0.1973532E-04  0.2000000E-03           2
|001000011001001100000101001110> :  0.1743241E-04  0.2000000E-03           2
|001000010001000110000101000111> :  0.1020286E-03  0.2000000E-03           2
|101000010000001000000101001101> :  0.2859251E-04  0.2000000E-03           2
|101000010001000000001111001101> :  0.3593646E-04  0.2000000E-03           2
|001000010010101100000010001101> :  0.1281160E-04  0.2000000E-03           2
|001000010000001100000011001001> :  0.4948252E-04  0.2000000E-03           2
|100000010011001000001011001001> :  0.7014737E-04  0.2000000E-03           2
|001100001001001100000101000101> :  0.1745905E-04  0.2000000E-03           2
|101000010000001000001000101101> :  0.4705762E-04  0.2000000E-03           2
|101000011001001100000110000011> :  0.7621658E-04  0.2000000E-03           2
|001000010000001100010011001101> :  0.3061043E-03  0.2000000E-03           2
|101000010001000100000111000101> :  0.1040041E-03  0.2000000E-03           2
|001000010000001100001110001101> :  0.5392976E-04  0.2000000E-03           2
|101000010000001000001010101101> :  0.1755642E-03  0.2000000E-03           2
|001000110001000100000111001111> :  0.5714374E-04  0.2000000E-03           2
|101001010011001000000011000101> :  0.7855581E-04  0.2000000E-03           2
|001000010001001000000111001101> :  0.9103559E-04  0.2000000E-03           2
|001000010001001000000011001101> :  0.6610743E-04  0.2000000E-03           2
|001000100001001101000111000111> :  0.5154303E-04  0.2000000E-03           2
|101000010001001100100101000101> :  0.2294049E-04  0.2000000E-03           2
|001000010001001100000111001101> :  0.1029909E-03  0.2000000E-03           2
|101000010000001000001011101001> :  0.1020064E-03  0.2000000E-03           2
|001000001000001100100111000101> :  0.2796802E-04  0.2000000E-03           2
|001000010101000100000100000111> :  0.9498545E-04  0.2000000E-03           2
|001000010101000100000101000111> :  0.9659269E-04  0.2000000E-03           2
|101000010001001000001110001101> :  0.3820213E-04  0.2000000E-03           2
|011000010001000100000111000111> :  0.3076142E-04  0.2000000E-03           2
|101000010010001000001011001001> :  0.1506904E-04  0.2000000E-03           2
|101000010001001100000100001101> :  0.1350113E-03  0.2000000E-03           2
|101000010001001000100111000101> :  0.5420323E-05  0.2000000E-03           2
|001000010001001100100100000111> :  0.7524706E-04  0.2000000E-03           2
|001000010001001000001010001111> :  0.1454680E-03  0.2000000E-03           2
|001000011001001100000111001101> :  0.7326446E-04  0.2000000E-03           2
|001000010001001000001011001001> :  0.1021769E-03  0.2000000E-03           2
|011000010001001100000110000110> :  0.8934904E-04  0.2000000E-03           2
|001001010001001100000111000101> :  0.6735127E-04  0.2000000E-03           2
|101000010010001000000001001101> :  0.1846701E-03  0.2000000E-03           2
|001000010010001000000011001101> :  0.5101310E-04  0.2000000E-03           2
|001000010001001110000110000111> :  0.1086410E-03  0.2000000E-03           2
|000000110001001100000001100111> :  0.2606041E-06  0.2000000E-03           2
|101000010001001000000011001111> :  0.2879534E-04  0.2000000E-03           2
|001000010001001100000000001111> :  0.2024312E-04  0.2000000E-03           2
|101001010001001000000011001101> :  0.1404898E-03  0.2000000E-03           2
|101000010001001000000011000111> :  0.1144158E-04  0.2000000E-03           2
|001000010001001110000100000111> :  0.1309046E-03  0.2000000E-03           2
|001000010001001100000101010101> :  0.1133289E-03  0.2000000E-03           2
|101000010000001000001111001101> :  0.5054677E-04  0.2000000E-03           2
|101000010001001100000001001101> :  0.1014582E-03  0.2000000E-03           2
|011000110001001100000100000101> :  0.1084697E-03  0.2000000E-03           2
|011000010001001110000110000110> :  0.6767168E-04  0.2000000E-03           2
|001000000000011000100111001101> :  0.1114764E-06  0.1000000E-03           1
|001000000000010101010001001001> :  0.1674990E-07  0.1000000E-03           1
|000000110101100100100101000001> :  0.2000012E-08  0.1000000E-03           1
|001000000000001110010111000101> :  0.2304712E-05  0.1000000E-03           1
|001000000000001101010011000111> :  0.1503026E-06  0.1000000E-03           1
|000000110101001000100110000100> :  0.5463039E-07  0.1000000E-03           1
|000000010100100100010100101001> :  0.4136837E-08  0.1000000E-03           1
|001000000000001010010101101101> :  0.3051896E-08  0.1000000E-03           1
|001000010000001101100100000111> :  0.9675585E-06  0.1000000E-03           1
|000110100100000010000101000101> :  0.2927973E-08  0.1000000E-03           1
|000110011101000001001101010000> :  0.2703687E-08  0.1000000E-03           1
|000101100101001101000101000010> :  0.2681990E-09  0.1000000E-03           1
|000000110001001000000011001110> :  0.1944176E-07  0.1000000E-03           1
|000000010100001110000010000010> :  0.2866419E-08  0.1000000E-03           1
|000000010001001100000110001011> :  0.7441808E-05  0.1000000E-03           1
|000101010111100000000001010011> :  0.3259331E-08  0.1000000E-03           1
|000101000101100100000001110010> :  0.7129907E-09  0.1000000E-03           1
|000000110001000100001110001011> :  0.1151178E-07  0.1000000E-03           1
|000101000000100110000111000011> :  0.1148365E-09  0.1000000E-03           1
|000100011001000100001101000001> :  0.8058899E-07  0.1000000E-03           1
|000000100111001101000101000101> :  0.7029541E-09  0.1000000E-03           1
|000000010010000000010000001111> :  0.2044269E-08  0.1000000E-03           1
|000100010101000100011000011001> :  0.3438469E-08  0.1000000E-03           1
|000100010001000100011000111001> :  0.8599302E-08  0.1000000E-03           1
|000000011111000000000111001001> :  0.4336652E-07  0.1000000E-03           1
|001000010000001100000000001111> :  0.1858336E-04  0.1000000E-03           1
|001000010000001000100111100111> :  0.8952651E-05  0.1000000E-03           1
|000100010000000110110001000011> :  0.8220407E-09  0.1000000E-03           1
|001000010000001100000010101101> :  0.3812609E-04  0.1000000E-03           1
|001000010000001100000011000101> :  0.1084803E-05  0.1000000E-03           1
|001000010101000100000110000111> :  0.8915015E-04  0.1000000E-03           1
|001000010101001100000000000111> :  0.1060774E-05  0.1000000E-03           1
|001000010000001100000011101101> :  0.1536815E-04  0.1000000E-03           1
|001000010000001100000011110110> :  0.5920846E-07  0.1000000E-03           1
|001000010000001100000101001101> :  0.4583784E-05  0.1000000E-03           1
|001000010000001100000110101101> :  0.4033037E-04  0.1000000E-03           1
|001000010000001100000111000111> :  0.3698146E-04  0.1000000E-03           1
|001000010000001100001010001101> :  0.7086638E-05  0.1000000E-03           1
|001000010000001100001010101001> :  0.1267439E-04  0.1000000E-03           1
|001000011000001100001011000011> :  0.2930553E-06  0.1000000E-03           1
|001000011000001100100111000001> :  0.9982064E-05  0.1000000E-03           1
|001000010000001100100111100011> :  0.6190007E-05  0.1000000E-03           1
|001000011001001000001100001101> :  0.4377022E-07  0.1000000E-03           1
|001000010000001101010111000111> :  0.1410720E-05  0.1000000E-03           1
|001000011001001100000110100011> :  0.7436208E-05  0.1000000E-03           1
|001000010000001110000110001111> :  0.1503824E-04  0.1000000E-03           1
|001000010000101001000011010101> :  0.1836067E-08  0.1000000E-03           1
|001000010001000000000111000101> :  0.4045255E-05  0.1000000E-03           1
|001000010001000100000110000111> :  0.7548981E-04  0.1000000E-03           1
|001000010001000100000111001001> :  0.3159623E-04  0.1000000E-03           1
|001000010001000100000111010110> :  0.1522765E-04  0.1000000E-03           1
|001000010001000100010111000111> :  0.3741237E-05  0.1000000E-03           1
|001000011001011100000010100010> :  0.1787040E-07  0.1000000E-03           1
|001000010001000110000110001010> :  0.3531127E-04  0.1000000E-03           1
|001000010001000110000111000010> :  0.4849411E-04  0.1000000E-03           1
|001000010001000110010101000100> :  0.8633129E-05  0.1000000E-03           1
|001000010000001000001010001111> :  0.4314424E-04  0.1000000E-03           1
|001000010000000100000110000111> :  0.3016002E-06  0.1000000E-03           1
|000011011001000100001011001000> :  0.1545017E-08  0.1000000E-03           1
|000000011100101000100000001000> :  0.4832356E-08  0.1000000E-03           1
|000000010001110110000110010000> :  0.9027946E-09  0.1000000E-03           1
|000000010001001011000101110100> :  0.1524706E-07  0.1000000E-03           1
|000000000110100100000001000111> :  0.1794505E-09  0.1000000E-03           1
|001000001100101100010000000101> :  0.6173072E-09  0.1000000E-03           1
|001000001100100110000101000000> :  0.2167472E-05  0.1000000E-03           1
|000010111001001000100100000110> :  0.2343778E-07  0.1000000E-03           1
|001000001010000100100001110011> :  0.6027276E-11  0.1000000E-03           1
|001000001001100000000100000110> :  0.3474507E-07  0.1000000E-03           1
|000010011101000010001010001000> :  0.5353053E-08  0.1000000E-03           1
|000000011011000000100011001010> :  0.2286878E-07  0.1000000E-03           1
|001000001001011100000111000100> :  0.2838874E-05  0.1000000E-03           1
|001000001001001110000010000010> :  0.1412860E-07  0.1000000E-03           1
|000010010101010000011111010100> :  0.7299809E-09  0.1000000E-03           1
|001000001001001101000110000111> :  0.1459104E-04  0.1000000E-03           1
|001000001001001101000110000101> :  0.2112093E-04  0.1000000E-03           1
|000010010100000101011110110000> :  0.1751197E-10  0.1000000E-03           1
|000000011001101000100011001000> :  0.1419255E-06  0.1000000E-03           1
|000000010001010010110111000110> :  0.4923236E-08  0.1000000E-03           1
|001000001001001100100111010111> :  0.4611042E-06  0.1000000E-03           1
|001000001001001100000111010101> :  0.1831007E-04  0.1000000E-03           1
|000010010010101110000110000110> :  0.5013442E-09  0.1000000E-03           1
|001000001000101100100100000111> :  0.1978402E-07  0.1000000E-03           1
|001000001000001101010000001001> :  0.1768930E-07  0.1000000E-03           1
|000010010001110000000110010110> :  0.2021909E-08  0.1000000E-03           1
|000000011001001100100011001001> :  0.1722632E-06  0.1000000E-03           1
|001000010001001111000111000111> :  0.1694608E-05  0.1000000E-03           1
|001000001000001100000101010101> :  0.5743958E-05  0.1000000E-03           1
|000010010001000110001110011010> :  0.2285800E-08  0.1000000E-03           1
|001001110001001100000100101111> :  0.1989420E-06  0.1000000E-03           1
|001000010001001101100100000001> :  0.2275624E-06  0.1000000E-03           1
|001000000101010110000100000111> :  0.3783877E-07  0.1000000E-03           1
|001000010001001100100110000111> :  0.3034211E-04  0.1000000E-03           1
|001000010001001110000110000010> :  0.1383970E-04  0.1000000E-03           1
|001010000001001100000111000101> :  0.1617369E-03  0.1000000E-03           1
|001010000001010100110111000110> :  0.4718497E-09  0.1000000E-03           1
|001000010001010000010111000111> :  0.7138149E-06  0.1000000E-03           1
|001000010001011100000111000001> :  0.1773221E-04  0.1000000E-03           1
|001000010001011100010111001101> :  0.7176246E-07  0.1000000E-03           1
|001000010001011101010111001111> :  0.2392794E-08  0.1000000E-03           1
|001000010001101000000110001111> :  0.1150521E-04  0.1000000E-03           1
|001000010001101000000111001101> :  0.5050011E-05  0.1000000E-03           1
|001000010001101100000010001001> :  0.1241222E-05  0.1000000E-03           1
|001000010001101100000011001001> :  0.2938780E-04  0.1000000E-03           1
|001000010001101100000111000101> :  0.9475810E-04  0.1000000E-03           1
|001000010010001000000010001111> :  0.3125027E-04  0.1000000E-03           1
|001010011000001000100110001011> :  0.2231311E-06  0.1000000E-03           1
|001000010010001000000011001111> :  0.5571398E-04  0.1000000E-03           1
|001000010010001000001010001101> :  0.1729572E-05  0.1000000E-03           1
|001000010010001100000001000111> :  0.8362800E-05  0.1000000E-03           1
|001000010010001100000011001101> :  0.9866530E-04  0.1000000E-03           1
|001000010010001100000110001101> :  0.6425520E-05  0.1000000E-03           1
|001000010010001100001010001101> :  0.9835261E-06  0.1000000E-03           1
|001000010010001101000000001111> :  0.1470049E-05  0.1000000E-03           1
|001000010010101000000011001101> :  0.2489019E-04  0.1000000E-03           1
|001011100001011000000011000100> :  0.2666062E-07  0.1000000E-03           1
|001000010011001000000111000101> :  0.2264076E-04  0.1000000E-03           1
|001000010011001100000010000011> :  0.1072938E-04  0.1000000E-03           1
|001000010011001100000010001101> :  0.5977371E-05  0.1000000E-03           1
|001000010011001100000101000101> :  0.4174162E-04  0.1000000E-03           1
|001000010011001100000111000101> :  0.1151849E-04  0.1000000E-03           1
|001000010011001100000111100111> :  0.9391664E-05  0.1000000E-03           1
|001000010011001100010111100111> :  0.4605356E-05  0.1000000E-03           1
|001000010011001110010111000111> :  0.1339211E-05  0.1000000E-03           1
|001000010011011100100110000110> :  0.6342399E-07  0.1000000E-03           1
|001000010100000000100010000010> :  0.3511824E-08  0.1000000E-03           1
|001000010100001000000110001111> :  0.3862565E-04  0.1000000E-03           1
|001000010100001010000111000101> :  0.1943767E-07  0.1000000E-03           1
|001000010100001100000001001111> :  0.1193778E-06  0.1000000E-03           1
|001000010100001100000111001001> :  0.3786633E-04  0.1000000E-03           1
|010000001101000111000000010000> :  0.3734919E-08  0.1000000E-03           1
|001000010101000100000101000101> :  0.1974205E-04  0.1000000E-03           1
|010000010001100110001000101010> :  0.4111078E-08  0.1000000E-03           1
|010000010011011100010001000101> :  0.7603178E-07  0.1000000E-03           1
|001000010101001000000110000111> :  0.2152185E-05  0.1000000E-03           1
|010000011101000100000101110000> :  0.1879309E-07  0.1000000E-03           1
|001000010101001100000100000110> :  0.7338495E-05  0.1000000E-03           1
|001000010101001100000101000111> :  0.5491116E-04  0.1000000E-03           1
|001000010101001100000111000011> :  0.1443728E-04  0.1000000E-03           1
|001000010101001100010101100100> :  0.4576257E-07  0.1000000E-03           1
|001000010101001110000111000101> :  0.2334259E-04  0.1000000E-03           1
|001000010110000100000010001011> :  0.6342118E-06  0.1000000E-03           1
|001000010111001000010001001100> :  0.6108274E-07  0.1000000E-03           1
|001000011000000100000110010111> :  0.1116490E-05  0.1000000E-03           1
|001000011000000100001110010001> :  0.1088540E-06  0.1000000E-03           1
|001000011000000110000110000010> :  0.1299328E-05  0.1000000E-03           1
|001000011000001000000001110111> :  0.7494970E-08  0.1000000E-03           1
|011000000110100100010100010101> :  0.1436189E-07  0.1000000E-03           1
|001000011000001100000110100011> :  0.3497755E-05  0.1000000E-03           1
|001000011000001100000111000101> :  0.1404460E-03  0.1000000E-03           1
|001000011000001100001001001011> :  0.4347309E-07  0.1000000E-03           1
|011000001001100101000000001000> :  0.6704099E-07  0.1000000E-03           1
|001000011000001100100010000101> :  0.2422735E-05  0.1000000E-03           1
|011000001100100100000101000101> :  0.5385193E-05  0.1000000E-03           1
|001000011000010000000110001011> :  0.1277695E-06  0.1000000E-03           1
|001000011001000000011000001001> :  0.1006499E-07  0.1000000E-03           1
|001000011001000000100111000001> :  0.1108164E-05  0.1000000E-03           1
|011000010000001100000010001111> :  0.2531481E-04  0.1000000E-03           1
|001000011001001100000011001111> :  0.6756043E-05  0.1000000E-03           1
|011000010000101100000010001101> :  0.6867531E-04  0.1000000E-03           1
|001000011001001100000110001111> :  0.2990017E-04  0.1000000E-03           1
|011000010001001000000011001101> :  0.3668081E-04  0.1000000E-03           1
|001000011001001100000110100101> :  0.2183961E-04  0.1000000E-03           1
|001000011001001100000111000101> :  0.6348996E-04  0.1000000E-03           1
|001000011001001100000111000111> :  0.2276693E-04  0.1000000E-03           1
|001000011001001100000111001100> :  0.1089858E-04  0.1000000E-03           1
|011000010001001100000110000111> :  0.1959035E-04  0.1000000E-03           1
|001000011001001100001001000001> :  0.2203024E-06  0.1000000E-03           1
|001000011001001100100000001000> :  0.1011618E-05  0.1000000E-03           1
|001000011001001100100001000111> :  0.1691119E-05  0.1000000E-03           1
|001000011001001100100100000001> :  0.7592882E-05  0.1000000E-03           1
|001000011001001101000100000011> :  0.1219416E-03  0.1000000E-03           1
|001000011001001101000111000001> :  0.5900131E-05  0.1000000E-03           1
|001000011001010100000100000011> :  0.1246358E-06  0.1000000E-03           1
|001000011001010100000111000100> :  0.1415821E-05  0.1000000E-03           1
|001000011001010110000101000011> :  0.9897883E-07  0.1000000E-03           1
|001000011001011000000111000101> :  0.3532928E-05  0.1000000E-03           1
|011000010111011100000101000000> :  0.2852894E-08  0.1000000E-03           1
|001000011001011100000101000101> :  0.2722547E-04  0.1000000E-03           1
|001000011010000000000110010101> :  0.1325814E-05  0.1000000E-03           1
|001000011010000100000101010001> :  0.8186269E-07  0.1000000E-03           1
|001000011010000100100001001001> :  0.6763811E-07  0.1000000E-03           1
|001000011010001000000110010101> :  0.5389513E-06  0.1000000E-03           1
|001000011010001100100010000011> :  0.6101791E-06  0.1000000E-03           1
|001000011011000111111111000101> :  0.4873180E-10  0.1000000E-03           1
|001001011001001100000110001000> :  0.1549089E-05  0.1000000E-03           1
|001000000101000100000111000111> :  0.2635834E-04  0.1000000E-03           1
|000010010001000000011111010101> :  0.6263453E-06  0.1000000E-03           1
|000000011000000110001001001011> :  0.7445752E-08  0.1000000E-03           1
|000000010001010000010011001001> :  0.2103837E-06  0.1000000E-03           1
|000000010000000001001111111000> :  0.2550035E-08  0.1000000E-03           1
|001000010001001100100010011111> :  0.1174472E-05  0.1000000E-03           1
|001000010001001100100001000111> :  0.1207138E-05  0.1000000E-03           1
|001000000101000100000111000011> :  0.1415166E-03  0.1000000E-03           1
|001000010001001100010111000101> :  0.4983191E-04  0.1000000E-03           1
|001000010001001100010110001110> :  0.1491502E-04  0.1000000E-03           1
|001000000011001100000111000101> :  0.2406078E-04  0.1000000E-03           1
|000010001101000001000111000110> :  0.2630432E-07  0.1000000E-03           1
|001000010001001100010011001101> :  0.3358939E-04  0.1000000E-03           1
|001000010001001100010011001001> :  0.5321869E-04  0.1000000E-03           1
|001000000001100100011101010101> :  0.1877458E-08  0.1000000E-03           1
|001000010001001100010010100111> :  0.8117016E-05  0.1000000E-03           1
|001000010001001100010010100100> :  0.3790161E-05  0.1000000E-03           1
|001000000001100100000111000111> :  0.1413375E-04  0.1000000E-03           1
|000010000001000010110101001100> :  0.3940519E-08  0.1000000E-03           1
|000000010111100010000010010010> :  0.1083774E-08  0.1000000E-03           1
|001000010001001100000111010001> :  0.1564680E-04  0.1000000E-03           1
|001000111001101100000010000010> :  0.5420181E-07  0.1000000E-03           1
|001000000001100100000011000111> :  0.2949397E-05  0.1000000E-03           1
|001000111001001100000111001011> :  0.4684035E-05  0.1000000E-03           1
|001000111000000101110001100001> :  0.1588831E-09  0.1000000E-03           1
|001000000001011100010111000101> :  0.4232805E-05  0.1000000E-03           1
|000001011101000000000110000111> :  0.1027936E-07  0.1000000E-03           1
|001000110110001100000010000000> :  0.2730736E-07  0.1000000E-03           1
|001000110101001000100111000110> :  0.1128712E-06  0.1000000E-03           1
|001000000001011100000111000101> :  0.2979588E-04  0.1000000E-03           1
|001000110101000010000101000011> :  0.6845988E-08  0.1000000E-03           1
|011100000001100110110100100100> :  0.4820699E-11  0.1000000E-03           1
|001000110100001101000111000001> :  0.2999716E-06  0.1000000E-03           1
|001000110011100100000110000111> :  0.1619517E-06  0.1000000E-03           1
|001000110011001000000111001101> :  0.6166939E-05  0.1000000E-03           1
|011100010001000110000101010011> :  0.8488129E-08  0.1000000E-03           1
|001000110101001100000111000011> :  0.1235493E-04  0.1000000E-03           1
|011100101000000011000100000100> :  0.4290851E-09  0.1000000E-03           1
|001000110110001100001000101000> :  0.1697344E-07  0.1000000E-03           1
|100000010001000000001011001001> :  0.1185361E-03  0.1000000E-03           1
|001000111001001100000101000000> :  0.1819058E-05  0.1000000E-03           1
|100000010011001100010110001000> :  0.3786784E-07  0.1000000E-03           1
|001000111001100100000001000101> :  0.1333620E-06  0.1000000E-03           1
|100000011001000100000011010010> :  0.9264726E-08  0.1000000E-03           1
|001001000001001100000101010110> :  0.5150648E-06  0.1000000E-03           1
|001001001001001110010111011111> :  0.9627812E-08  0.1000000E-03           1
|001001010000000100010111000101> :  0.5446175E-07  0.1000000E-03           1
|001001010001000100100110000000> :  0.2967442E-07  0.1000000E-03           1
|001001010001001000000011001110> :  0.5826377E-07  0.1000000E-03           1
|001001010001001000000100011001> :  0.1007849E-07  0.1000000E-03           1
|001001010001001000000111010111> :  0.6048235E-05  0.1000000E-03           1
|001001010001001100000011010111> :  0.7679129E-05  0.1000000E-03           1
|100010011000001110001010001000> :  0.3106165E-07  0.1000000E-03           1
|001001010001001100000111001110> :  0.5163532E-06  0.1000000E-03           1
|001001010001001100000111001111> :  0.3693693E-04  0.1000000E-03           1
|001001010001011100000011000110> :  0.1326587E-05  0.1000000E-03           1
|001001010010001000100010000001> :  0.2242013E-07  0.1000000E-03           1
|001001010010011000000000000111> :  0.1171523E-07  0.1000000E-03           1
|001001010101100000000111001100> :  0.2104142E-07  0.1000000E-03           1
|001001011000000100000011000101> :  0.3466791E-05  0.1000000E-03           1
|001001011001000100000001000110> :  0.1826107E-06  0.1000000E-03           1
|001001011001000100000110000110> :  0.3624700E-05  0.1000000E-03           1
|001001011001000100000111010111> :  0.4873514E-06  0.1000000E-03           1
|001000010001001100000110001110> :  0.1337608E-03  0.1000000E-03           1
|001001011100000100000001101001> :  0.1154065E-07  0.1000000E-03           1
|001001011100001101000000000001> :  0.6554171E-06  0.1000000E-03           1
|001001110000001101000010001000> :  0.2399174E-06  0.1000000E-03           1
|001001110001001100000010000100> :  0.1518444E-05  0.1000000E-03           1
|001001110001001100000100000111> :  0.9751676E-05  0.1000000E-03           1
|101000010000001100000011001001> :  0.9193206E-04  0.1000000E-03           1
|001001110010000000000011001101> :  0.5334966E-07  0.1000000E-03           1
|001001111000000100000011000101> :  0.3077297E-07  0.1000000E-03           1
|001010000001001010010101000111> :  0.7008989E-08  0.1000000E-03           1
|101000010001000100010110010000> :  0.4798280E-07  0.1000000E-03           1
|001010000001001100000111000111> :  0.4582416E-05  0.1000000E-03           1
|101000010001001000000110001100> :  0.7313021E-05  0.1000000E-03           1
|001010001000001010001011001100> :  0.1012710E-07  0.1000000E-03           1
|001010001000001100100110000101> :  0.3534380E-06  0.1000000E-03           1
|001010001001001100000101000000> :  0.5090595E-07  0.1000000E-03           1
|001010001001001100100101000100> :  0.2294816E-05  0.1000000E-03           1
|001010001001001110000111000000> :  0.8680428E-06  0.1000000E-03           1
|001010001010010000001011010100> :  0.5969564E-09  0.1000000E-03           1
|001010001100000100001100011101> :  0.8452816E-10  0.1000000E-03           1
|001010001100100100100100000111> :  0.1163592E-07  0.1000000E-03           1
|001010010000000100000111000111> :  0.4424357E-05  0.1000000E-03           1
|001010010000001000000010001111> :  0.9820025E-06  0.1000000E-03           1
|001010010000001000001011001101> :  0.3977158E-04  0.1000000E-03           1
|001010010000001001000110001101> :  0.1452017E-05  0.1000000E-03           1
|001010010001000010000111000110> :  0.4895247E-05  0.1000000E-03           1
|001010010001001000000110001110> :  0.1743055E-05  0.1000000E-03           1
|001010010001001000000111000111> :  0.1869839E-04  0.1000000E-03           1
|001010010001001000100110000111> :  0.3803267E-04  0.1000000E-03           1
|001010010001001100000110000111> :  0.1225886E-03  0.1000000E-03           1
|001010010001001100000111000111> :  0.4088480E-04  0.1000000E-03           1
|001010010001011100100110000000> :  0.8092475E-07  0.1000000E-03           1
|001010010100000000001110001011> :  0.8378318E-08  0.1000000E-03           1
|001010010101001100000101100101> :  0.1420179E-07  0.1000000E-03           1
|101000011000001010000001001100> :  0.2122028E-05  0.1000000E-03           1
|001010011000001110000100001101> :  0.2590524E-06  0.1000000E-03           1
|001010011000001110000101000001> :  0.4245749E-06  0.1000000E-03           1
|001010011000001111000110001000> :  0.3830606E-06  0.1000000E-03           1
|001010011000011000000110001110> :  0.4078694E-06  0.1000000E-03           1
|001010011000011100000110000111> :  0.3583456E-06  0.1000000E-03           1
|001010011000100101000100001000> :  0.2378166E-08  0.1000000E-03           1
|001010011001001000100100000111> :  0.3003219E-05  0.1000000E-03           1
|001010011001001100100110000110> :  0.2666968E-05  0.1000000E-03           1
|001010011001010000000011000001> :  0.8611466E-07  0.1000000E-03           1
|001010011011100100000101000100> :  0.7192269E-08  0.1000000E-03           1
|001010011100000111000100000000> :  0.2588626E-06  0.1000000E-03           1
|001010011101000010000111000010> :  0.2809504E-06  0.1000000E-03           1
|001010110000000101011100000110> :  0.2762084E-08  0.1000000E-03           1
|001010110001001100000001001111> :  0.7368580E-06  0.1000000E-03           1
|001011010010101100000000010100> :  0.4569811E-10  0.1000000E-03           1
|001011011010000000000011000101> :  0.4231665E-06  0.1000000E-03           1
|001011011010001000000010000101> :  0.2355045E-06  0.1000000E-03           1
|101000110010101101000000000001> :  0.8524968E-08  0.1000000E-03           1
|001011110001001100000011000100> :  0.1852771E-06  0.1000000E-03           1
|001011110001001101001110011100> :  0.5166423E-11  0.1000000E-03           1
|001100000001000100000111000111> :  0.2551907E-04  0.1000000E-03           1
|001100001000000010000101000111> :  0.1234390E-07  0.1000000E-03           1
|101001010001000000100000011001> :  0.5328738E-08  0.1000000E-03           1
|001100001011001100000111000000> :  0.2965363E-08  0.1000000E-03           1
|001100001110000100001001010001> :  0.9465307E-09  0.1000000E-03           1
|001100010000011000001101001011> :  0.8734888E-09  0.1000000E-03           1
|001100010001000100000111000101> :  0.2218480E-04  0.1000000E-03           1
|001100010001001100000111000101> :  0.2806894E-04  0.1000000E-03           1
|001100010001001100000111000111> :  0.5993160E-04  0.1000000E-03           1
|001100011000000100000101000101> :  0.3092119E-05  0.1000000E-03           1
|001100011000001100000010001101> :  0.1015840E-06  0.1000000E-03           1
|001100011001001100000011000101> :  0.3142917E-05  0.1000000E-03           1
|001100011001001100000111000111> :  0.1323268E-04  0.1000000E-03           1
|001100011101000000011000001011> :  0.2884138E-08  0.1000000E-03           1
|001100011101001100000001000001> :  0.1934056E-05  0.1000000E-03           1
|001100011110000000000011001011> :  0.3380125E-07  0.1000000E-03           1
|001101010001001100000010000111> :  0.4438338E-07  0.1000000E-03           1
|001101011101000000000001000000> :  0.6328175E-07  0.1000000E-03           1
|001101011101000000100001001000> :  0.1848397E-08  0.1000000E-03           1
|001110010011000100000111000100> :  0.1843130E-08  0.1000000E-03           1
|001110011010000100000011000001> :  0.4052050E-07  0.1000000E-03           1
|001110110001001000100111000101> :  0.7335278E-09  0.1000000E-03           1
|010000000000001100000011101000> :  0.3035332E-08  0.1000000E-03           1
|010000000001001111100100110001> :  0.2553843E-08  0.1000000E-03           1
|010000000110100110000001000011> :  0.3745679E-08  0.1000000E-03           1
|010000000111010010100110011100> :  0.4404033E-11  0.1000000E-03           1
|010000001011100101000101000000> :  0.1582409E-08  0.1000000E-03           1
|101100010001001000001011001001> :  0.4530282E-04  0.1000000E-03           1
|010000010000000101011110000110> :  0.1284800E-09  0.1000000E-03           1
|010000010001001100000111000101> :  0.1171790E-03  0.1000000E-03           1
|010000010001010000110111000110> :  0.3741606E-08  0.1000000E-03           1
|110000010001000100011100011001> :  0.5791485E-08  0.1000000E-03           1
|010000010010000100011010101101> :  0.3262063E-07  0.1000000E-03           1
|110000110111001000001001101001> :  0.5349364E-09  0.1000000E-03           1
|010000011000001010110000001000> :  0.3911750E-08  0.1000000E-03           1
|010000011001101100001010011000> :  0.4200651E-08  0.1000000E-03           1
|010000011011101001100000010100> :  0.3158205E-08  0.1000000E-03           1
|111000000001101001001100000100> :  0.1897516E-08  0.1000000E-03           1
|010000101001000100000100110101> :  0.2502003E-07  0.1000000E-03           1
|010000110101001111010100000000> :  0.2540440E-08  0.1000000E-03           1
|010001011101000000010001000101> :  0.1927265E-07  0.1000000E-03           1
|010010010010001000001010111100> :  0.4406385E-08  0.1000000E-03           1
|010100001100000000001011001101> :  0.7306169E-07  0.1000000E-03           1
|010100001101000100100100000111> :  0.1709052E-07  0.1000000E-03           1
|010100010001000000110000011101> :  0.4190185E-08  0.1000000E-03           1
|010100010011010101000010010000> :  0.1652948E-08  0.1000000E-03           1
|010100010100010100010001001101> :  0.8898386E-09  0.1000000E-03           1
|010100011001100100000000001000> :  0.3444418E-08  0.1000000E-03           1
|010100011101000001100101000000> :  0.2785915E-08  0.1000000E-03           1
|010100011101010000011100001010> :  0.1177525E-10  0.1000000E-03           1
|010100110101000000001000010011> :  0.1056601E-07  0.1000000E-03           1
|010101001100000000001001000001> :  0.4075047E-07  0.1000000E-03           1
|010101001101100000000111000100> :  0.2409460E-07  0.1000000E-03           1
|010101100001000000000110000110> :  0.1177019E-08  0.1000000E-03           1
|010110001100010000000111010000> :  0.3963891E-08  0.1000000E-03           1
|011000000000001100000111001101> :  0.3465001E-05  0.1000000E-03           1
|011000000001000100000101000101> :  0.1419081E-04  0.1000000E-03           1
|011000000001000110010100000111> :  0.3005256E-08  0.1000000E-03           1
|011000000001100100000101000110> :  0.2563663E-05  0.1000000E-03           1
|011000000001100100000110000110> :  0.1311339E-05  0.1000000E-03           1
|011000000011001100000111000101> :  0.2354293E-04  0.1000000E-03           1
|001000000001001100100110000111> :  0.4041819E-05  0.1000000E-03           1
|011000001001000010000111000101> :  0.5665205E-05  0.1000000E-03           1
|011000001001000100000100011110> :  0.1279049E-07  0.1000000E-03           1
|011000001001000100000111100101> :  0.3280736E-05  0.1000000E-03           1
|011000001001000110000101100001> :  0.1249486E-05  0.1000000E-03           1
|011000001001001100000110100101> :  0.5320577E-05  0.1000000E-03           1
|011000001001001101000101000111> :  0.1653073E-05  0.1000000E-03           1
|011000001001001111000100000001> :  0.4307509E-06  0.1000000E-03           1
|000001011011001000000011001000> :  0.1658177E-06  0.1000000E-03           1
|011000001010100010000100001110> :  0.5560029E-07  0.1000000E-03           1
|011000001100001110000101000110> :  0.1339507E-06  0.1000000E-03           1
|011000001100010110000100100101> :  0.9325371E-08  0.1000000E-03           1
|000000010110000111100000000010> :  0.1636426E-08  0.1000000E-03           1
|011000010000000010010011001010> :  0.2677109E-08  0.1000000E-03           1
|011000010000000100000000000111> :  0.4669396E-08  0.1000000E-03           1
|011000010000000100000110000111> :  0.4573261E-06  0.1000000E-03           1
|011000010000000101001010001001> :  0.5174357E-08  0.1000000E-03           1
|011000010000000110011110011000> :  0.3252107E-07  0.1000000E-03           1
|011000010000001000000110001111> :  0.7195848E-05  0.1000000E-03           1
|011000010000001000010001000110> :  0.2585018E-08  0.1000000E-03           1
|000000010001001101010110110100> :  0.4191531E-07  0.1000000E-03           1
|011000010000001100000100000101> :  0.2704735E-04  0.1000000E-03           1
|011000010000001100010110001101> :  0.3466724E-05  0.1000000E-03           1
|011000010000001110110000000101> :  0.1005360E-06  0.1000000E-03           1
|001000110011000000000111100111> :  0.2820296E-05  0.1000000E-03           1
|011000010000101100000110011101> :  0.2954546E-08  0.1000000E-03           1
|011000010000111100100110000100> :  0.3608053E-09  0.1000000E-03           1
|011000010001000100000100001111> :  0.4928127E-05  0.1000000E-03           1
|011010110011001000100000000001> :  0.2894317E-08  0.1000000E-03           1
|001000110010001100000001100110> :  0.3774368E-06  0.1000000E-03           1
|011000010001001000000110001101> :  0.5374518E-04  0.1000000E-03           1
|011000010001001000000111001101> :  0.1000193E-04  0.1000000E-03           1
|011000010001001100000000001111> :  0.1393309E-04  0.1000000E-03           1
|011000010001001100000011000101> :  0.4268345E-04  0.1000000E-03           1
|011000010001001100000100000101> :  0.1221039E-03  0.1000000E-03           1
|011000010001001100000100000111> :  0.1106283E-03  0.1000000E-03           1
|011000010001001100000100010101> :  0.8460955E-04  0.1000000E-03           1
|001000110010001000101010000100> :  0.3208559E-08  0.1000000E-03           1
|011010100100001000000101000100> :  0.4855486E-08  0.1000000E-03           1
|011000010001001100000110001100> :  0.1783827E-04  0.1000000E-03           1
|011000010001001100000111000110> :  0.4139092E-04  0.1000000E-03           1
|011000010001001100000111000111> :  0.5846674E-04  0.1000000E-03           1
|011000010001001101000100000101> :  0.1643004E-04  0.1000000E-03           1
|011000010001001110000100000100> :  0.4461192E-07  0.1000000E-03           1
|011000010001001110000100000111> :  0.5756501E-05  0.1000000E-03           1
|001000110010000100001111000111> :  0.1789437E-07  0.1000000E-03           1
|011000010001101100000000001101> :  0.1131564E-04  0.1000000E-03           1
|011000010001110000010001001001> :  0.3248007E-07  0.1000000E-03           1
|011000010001111000100100000101> :  0.7694032E-08  0.1000000E-03           1
|011000010010001000011001101101> :  0.2164069E-07  0.1000000E-03           1
|011000010010001100000011001101> :  0.1433644E-05  0.1000000E-03           1
|011000010010010000010011001000> :  0.8439431E-08  0.1000000E-03           1
|011000010010101000000010001101> :  0.2861685E-04  0.1000000E-03           1
|011000010011000001100101000100> :  0.3503191E-09  0.1000000E-03           1
|011000010011001100000001000101> :  0.1262051E-04  0.1000000E-03           1
|011000010011001100000010000101> :  0.3051554E-04  0.1000000E-03           1
|011000010100001000000110001111> :  0.2181338E-06  0.1000000E-03           1
|011000010101001100000100000111> :  0.3391166E-04  0.1000000E-03           1
|011000010110010101000100110100> :  0.1716171E-08  0.1000000E-03           1
|011000010111001100000100101100> :  0.3372046E-08  0.1000000E-03           1
|001000000001001100000111001101> :  0.4596450E-04  0.1000000E-03           1
|011000011000000100000100010111> :  0.1341125E-06  0.1000000E-03           1
|011000011000001000000101101001> :  0.1095131E-07  0.1000000E-03           1
|011000011000001000100000000101> :  0.5294954E-06  0.1000000E-03           1
|011000011000001100000110011110> :  0.2924693E-07  0.1000000E-03           1
|011000011000010100000101001001> :  0.1329208E-07  0.1000000E-03           1
|011000011000010100010111000010> :  0.1249831E-08  0.1000000E-03           1
|011000011001000010000011001001> :  0.3089708E-06  0.1000000E-03           1
|011000011001000100000000101010> :  0.2317920E-06  0.1000000E-03           1
|011000011001000100100110000000> :  0.7222408E-06  0.1000000E-03           1
|011000011001000100100110000110> :  0.1338089E-05  0.1000000E-03           1
|011000011001001010000000001111> :  0.1158205E-06  0.1000000E-03           1
|011000011001001100000001101001> :  0.3806411E-06  0.1000000E-03           1
|011000011001001100000010100101> :  0.4590558E-05  0.1000000E-03           1
|011000011001001100000011000111> :  0.1107558E-05  0.1000000E-03           1
|011000011010000100000001011101> :  0.8616525E-08  0.1000000E-03           1
|001000110001100101000010000100> :  0.4861930E-07  0.1000000E-03           1
|001000110001001110000111000101> :  0.8881684E-05  0.1000000E-03           1
|001000010001001100000011001011> :  0.3236814E-04  0.1000000E-03           1
|001000110001001101000111000111> :  0.2108435E-04  0.1000000E-03           1
|011010011000001110000100000001> :  0.5739161E-06  0.1000000E-03           1
|001000010001001100000011000110> :  0.4427204E-05  0.1000000E-03           1
|001000000001001100000101000111> :  0.2963448E-04  0.1000000E-03           1
|000001011010001000000011000101> :  0.4377050E-07  0.1000000E-03           1
|001000110001001100000111100101> :  0.6671693E-04  0.1000000E-03           1
|011010011000000000100100000110> :  0.3751859E-06  0.1000000E-03           1
|001000110001001100000011100100> :  0.7467291E-04  0.1000000E-03           1
|001000110001001000000101101100> :  0.4763196E-06  0.1000000E-03           1
|001000110001000100010111000101> :  0.5614371E-05  0.1000000E-03           1
|001000010001001000101101101001> :  0.2643733E-07  0.1000000E-03           1
|001000000001001100000011000111> :  0.2055441E-04  0.1000000E-03           1
|011010010001001100000110000101> :  0.1895891E-04  0.1000000E-03           1
|001000110000101100000100001000> :  0.5150260E-08  0.1000000E-03           1
|001000010001001000100110001101> :  0.3972618E-05  0.1000000E-03           1
|001000110000101000100010000101> :  0.1733701E-06  0.1000000E-03           1
|001000110000011101000111000100> :  0.2302223E-07  0.1000000E-03           1
|001000010001001000100100001111> :  0.3710928E-04  0.1000000E-03           1
|001000000001000110000111010101> :  0.2351763E-05  0.1000000E-03           1
|000001011001001100100111000101> :  0.1146738E-05  0.1000000E-03           1
|000000010110000000011011001000> :  0.3390665E-08  0.1000000E-03           1
|011001110100001101000000000101> :  0.1974069E-06  0.1000000E-03           1
|011001110001000000010101010100> :  0.1404462E-07  0.1000000E-03           1
|001000110000001111100100010100> :  0.3755750E-08  0.1000000E-03           1
|011001011110000101000001000000> :  0.6062050E-07  0.1000000E-03           1
|011001011101000100000111000000> :  0.3894199E-06  0.1000000E-03           1
|001000110000001101000111000110> :  0.2379315E-05  0.1000000E-03           1
|001000010001001000100010001111> :  0.8428711E-04  0.1000000E-03           1
|011001010100000001001000011101> :  0.6581809E-08  0.1000000E-03           1
|011001111000010100000100100110> :  0.8381320E-09  0.1000000E-03           1
|011001111001100100000001000100> :  0.1274479E-07  0.1000000E-03           1
|011010001010110101000100000100> :  0.5331744E-08  0.1000000E-03           1
|011010001100000100000100000111> :  0.3072465E-07  0.1000000E-03           1
|011010010000001100010011100001> :  0.3646528E-08  0.1000000E-03           1
|011010010001000100010000010111> :  0.7514084E-08  0.1000000E-03           1
|011001010011000100000001001100> :  0.1552980E-08  0.1000000E-03           1
|011010010001011111000110000100> :  0.5592502E-08  0.1000000E-03           1
|011010010001101000010000101101> :  0.1329730E-07  0.1000000E-03           1
|011010010001110001000100110100> :  0.4541267E-10  0.1000000E-03           1
|011010010010000001000001100101> :  0.1575426E-08  0.1000000E-03           1
|011010010011100100000000010010> :  0.2626879E-08  0.1000000E-03           1
|001000110000001100000011100011> :  0.8043252E-05  0.1000000E-03           1
|011010011000000010000110011000> :  0.2759057E-07  0.1000000E-03           1
|011010011000000110000100010010> :  0.7004148E-08  0.1000000E-03           1
|011010011000001100100100000000> :  0.2863954E-06  0.1000000E-03           1
|011001010001001100010100111101> :  0.4353424E-09  0.1000000E-03           1
|011010011000101010000000000100> :  0.7195307E-07  0.1000000E-03           1
|011010011000101100000001000000> :  0.7448041E-08  0.1000000E-03           1
|011010011001000100001100010100> :  0.3947237E-08  0.1000000E-03           1
|011010011001000100001101000000> :  0.6498802E-08  0.1000000E-03           1
|011010011001001100001000001000> :  0.2098223E-07  0.1000000E-03           1
|011010011100000010000000000010> :  0.8939627E-08  0.1000000E-03           1
|011010100000001100010100100100> :  0.4581755E-07  0.1000000E-03           1
|011001010000001111000001001100> :  0.7426497E-08  0.1000000E-03           1
|011010101000010100001101000000> :  0.9509377E-08  0.1000000E-03           1
|011010110010000100100000000010> :  0.4676922E-09  0.1000000E-03           1
|011010110010001100000010100101> :  0.1148863E-06  0.1000000E-03           1
|001000110000000000000110001011> :  0.2428622E-07  0.1000000E-03           1
|011010110110000000000110000110> :  0.1964307E-07  0.1000000E-03           1
|011010111000001001000100000001> :  0.3688781E-08  0.1000000E-03           1
|011010111000001101000000000101> :  0.1566081E-07  0.1000000E-03           1
|011010111001001010001100000100> :  0.4337465E-07  0.1000000E-03           1
|011011111010000110000101000010> :  0.2878742E-10  0.1000000E-03           1
|011100000000010101000011001100> :  0.1225803E-08  0.1000000E-03           1
|011100000001011000101100000101> :  0.1454260E-08  0.1000000E-03           1
|001000010001001000001110001111> :  0.2424194E-05  0.1000000E-03           1
|011100000101000100000101000111> :  0.4199488E-04  0.1000000E-03           1
|011100000111000110000110000010> :  0.2616592E-08  0.1000000E-03           1
|011100001101000100000110000111> :  0.4125591E-06  0.1000000E-03           1
|001000000001000110000111000111> :  0.2157489E-04  0.1000000E-03           1
|011100011000000000001111000001> :  0.3817867E-07  0.1000000E-03           1
|011100011100010000001011000000> :  0.1274169E-08  0.1000000E-03           1
|011100100101000010000001000111> :  0.2263057E-08  0.1000000E-03           1
|011001001011100000000010010110> :  0.1063398E-07  0.1000000E-03           1
|011101100001000100010001000110> :  0.4766323E-07  0.1000000E-03           1
|011101110000000000001011000001> :  0.1004885E-07  0.1000000E-03           1
|011110011100000000000011001001> :  0.8959988E-08  0.1000000E-03           1
|011001000010100101000111000001> :  0.4740963E-08  0.1000000E-03           1
|100000010001001000000111001101> :  0.4128490E-04  0.1000000E-03           1
|100000010001001000100011001001> :  0.4701787E-05  0.1000000E-03           1
|001000110000000000000101001111> :  0.6250592E-06  0.1000000E-03           1
|011000111111101100000000000100> :  0.9417428E-08  0.1000000E-03           1
|100000010011010000100001100001> :  0.1742923E-08  0.1000000E-03           1
|100000010101001000001011001001> :  0.1075302E-04  0.1000000E-03           1
|100000010101001000101110100001> :  0.5286795E-07  0.1000000E-03           1
|011000111010001100000010000001> :  0.8966244E-07  0.1000000E-03           1
|100000011001000111000110000101> :  0.3871224E-06  0.1000000E-03           1
|100000011001001100010011101101> :  0.1320079E-07  0.1000000E-03           1
|100000110001001100000001100101> :  0.1334997E-05  0.1000000E-03           1
|100000110100001000000100110000> :  0.2484746E-09  0.1000000E-03           1
|100000110110100001001001111000> :  0.1087574E-11  0.1000000E-03           1
|100000111001001000000010101111> :  0.1565931E-07  0.1000000E-03           1
|100001000111100000101001000001> :  0.1412992E-10  0.1000000E-03           1
|100001010010101000100010000100> :  0.8150813E-09  0.1000000E-03           1
|100001011100001000000010001001> :  0.2626507E-07  0.1000000E-03           1
|100001100001000100000111100101> :  0.2054621E-09  0.1000000E-03           1
|100001111001001000000110101111> :  0.8994678E-08  0.1000000E-03           1
|100010000101001000000101010110> :  0.9303821E-08  0.1000000E-03           1
|100010010000001010101010001010> :  0.1090848E-08  0.1000000E-03           1
|100010010001001000000111000101> :  0.8194550E-04  0.1000000E-03           1
|100010010001001000010011010100> :  0.1598061E-06  0.1000000E-03           1
|100010010001001000111010000100> :  0.6605496E-08  0.1000000E-03           1
|100010010010101100000011001000> :  0.6221194E-09  0.1000000E-03           1
|001000101001001101000111000011> :  0.2549293E-06  0.1000000E-03           1
|100010011001000100001111000000> :  0.2135068E-07  0.1000000E-03           1
|100010011001100000101110000111> :  0.6649570E-11  0.1000000E-03           1
|100100001101000000100001001001> :  0.2889413E-07  0.1000000E-03           1
|100100010000101000000011000111> :  0.1136090E-08  0.1000000E-03           1
|100100010001000000001011001001> :  0.1571491E-04  0.1000000E-03           1
|100100010110000000001011001001> :  0.4092043E-08  0.1000000E-03           1
|100100011010001100001000101001> :  0.6053658E-10  0.1000000E-03           1
|100110010001010000010011000000> :  0.1808647E-08  0.1000000E-03           1
|101000000000000010100111000100> :  0.4613870E-08  0.1000000E-03           1
|101000000001001000000011001001> :  0.1594084E-07  0.1000000E-03           1
|101000000001001000000011001101> :  0.9157478E-05  0.1000000E-03           1
|101000000001001100000101000101> :  0.2317537E-05  0.1000000E-03           1
|101000000001001100000111000001> :  0.3371151E-04  0.1000000E-03           1
|101000000001101100010011000101> :  0.2589779E-06  0.1000000E-03           1
|101000000101000110000100000100> :  0.1404142E-07  0.1000000E-03           1
|101000001000001000000101000111> :  0.2246940E-05  0.1000000E-03           1
|101000001000001000010011001100> :  0.1088941E-07  0.1000000E-03           1
|101000001000001100010101000100> :  0.1473218E-07  0.1000000E-03           1
|101000001001001100000011001101> :  0.4674671E-05  0.1000000E-03           1
|101000001001010100100101000110> :  0.9169143E-09  0.1000000E-03           1
|101000001101001000000111000110> :  0.1579648E-06  0.1000000E-03           1
|011000110110000100000100000000> :  0.1345065E-07  0.1000000E-03           1
|011000110011001100000010100110> :  0.3222359E-06  0.1000000E-03           1
|101000010000001000001010001111> :  0.1257075E-03  0.1000000E-03           1
|001000101001000100000011100111> :  0.7729858E-07  0.1000000E-03           1
|101000010000001000001011001001> :  0.2575832E-04  0.1000000E-03           1
|011000110011001001000110010100> :  0.1327451E-06  0.1000000E-03           1
|011000110011000110000000100101> :  0.7584060E-08  0.1000000E-03           1
|101000010000001000001011101101> :  0.2129317E-04  0.1000000E-03           1
|001000100101001101000111000101> :  0.3415488E-06  0.1000000E-03           1
|101000010000001000100010001111> :  0.1421198E-04  0.1000000E-03           1
|101000010000001100000010001001> :  0.2646202E-04  0.1000000E-03           1
|101000010000001100000010001101> :  0.5483977E-04  0.1000000E-03           1
|001000000001000110000101000111> :  0.1601381E-04  0.1000000E-03           1
|101000010000001100000011001101> :  0.1216505E-03  0.1000000E-03           1
|101000010000001100000100001101> :  0.6620789E-04  0.1000000E-03           1
|101000010000001100001010101001> :  0.2502008E-04  0.1000000E-03           1
|000001010100001000001011011101> :  0.4658029E-07  0.1000000E-03           1
|011000110010101110000100001100> :  0.4039900E-08  0.1000000E-03           1
|011000110010001100000100110000> :  0.7438623E-07  0.1000000E-03           1
|001000100010000101000111000001> :  0.9391540E-08  0.1000000E-03           1
|011000110010000100001001001001> :  0.6754842E-08  0.1000000E-03           1
|011000110001101000001111000100> :  0.1455935E-07  0.1000000E-03           1
|001000010001001000000111001110> :  0.3767275E-04  0.1000000E-03           1
|011000110001001100001101001000> :  0.4502199E-08  0.1000000E-03           1
|011000110001001100000110000100> :  0.2655275E-05  0.1000000E-03           1
|001000100001000100000001001110> :  0.5583163E-06  0.1000000E-03           1
|101000010001001000000111000101> :  0.1485237E-03  0.1000000E-03           1
|101000010001001000001011001101> :  0.1807204E-03  0.1000000E-03           1
|011000101001100101000100000101> :  0.4823248E-07  0.1000000E-03           1
|101000010001001000001110001110> :  0.1866543E-05  0.1000000E-03           1
|101000010001001000011001010100> :  0.2609247E-06  0.1000000E-03           1
|101000010001001000100000001101> :  0.1858840E-04  0.1000000E-03           1
|001000100000101100000111000111> :  0.1792093E-04  0.1000000E-03           1
|001000000001000100000111000111> :  0.2899103E-04  0.1000000E-03           1
|101000010001001100000011000001> :  0.1748204E-04  0.1000000E-03           1
|101000010001001100000011001001> :  0.4005766E-04  0.1000000E-03           1
|011000101000000111010100000111> :  0.1937370E-08  0.1000000E-03           1
|101000010001001100000101000101> :  0.1091403E-03  0.1000000E-03           1
|011000100110001101100000111011> :  0.1331601E-11  0.1000000E-03           1
|101000010001001100000111000100> :  0.2813950E-04  0.1000000E-03           1
|001000011110101001000000000110> :  0.3553860E-07  0.1000000E-03           1
|101000010001001100010000101111> :  0.1477999E-06  0.1000000E-03           1
|101000010001001100010110010100> :  0.1726454E-06  0.1000000E-03           1
|011000100001001100000110010100> :  0.1768105E-07  0.1000000E-03           1
|101000010001001101000111000111> :  0.1482959E-05  0.1000000E-03           1
|011000100000001110001110000110> :  0.2391791E-08  0.1000000E-03           1
|101000010001101000000001001101> :  0.1456643E-04  0.1000000E-03           1
|101000010001101000000011001101> :  0.1355142E-03  0.1000000E-03           1
|101000010001101001000010000111> :  0.5599364E-06  0.1000000E-03           1
|101000010001111000100001000001> :  0.2224770E-07  0.1000000E-03           1
|101000010001111100000101000101> :  0.8301579E-06  0.1000000E-03           1
|101000010010000000000011001111> :  0.1500139E-05  0.1000000E-03           1
|101000010010000000011000101011> :  0.3674703E-07  0.1000000E-03           1
|001000011101000100000110010011> :  0.1127092E-05  0.1000000E-03           1
|101000010010001000001001001101> :  0.2343111E-04  0.1000000E-03           1
|011000011110000001000000001111> :  0.3251684E-07  0.1000000E-03           1
|101000010010001000001011001101> :  0.8793590E-04  0.1000000E-03           1
|101000010010001100000011000101> :  0.9585702E-04  0.1000000E-03           1
|101000010010010010010001000101> :  0.1244907E-07  0.1000000E-03           1
|101000010010101000000010001101> :  0.1129715E-05  0.1000000E-03           1
|101000010011001000000010001101> :  0.2939232E-04  0.1000000E-03           1
|101000010011001000000011001101> :  0.6446914E-04  0.1000000E-03           1
|101000010011001000000111000101> :  0.3599662E-04  0.1000000E-03           1
|101000010011001100001000101111> :  0.4451414E-08  0.1000000E-03           1
|101000010100000101001100101100> :  0.2705849E-08  0.1000000E-03           1
|101000010110001001010001000100> :  0.9443394E-08  0.1000000E-03           1
|101000011000000101000101001000> :  0.4466070E-07  0.1000000E-03           1
|101000011000001000000111000111> :  0.2288703E-05  0.1000000E-03           1
|011000011101000010000101000001> :  0.3913789E-05  0.1000000E-03           1
|101000011000001100000110100101> :  0.5052709E-06  0.1000000E-03           1
|101000011000001101100100000100> :  0.4462274E-07  0.1000000E-03           1
|101000011001001000000001001101> :  0.3806377E-07  0.1000000E-03           1
|101000011001001000000011001111> :  0.8638779E-05  0.1000000E-03           1
|101000011001001000000011100001> :  0.1836170E-05  0.1000000E-03           1
|101000011001001000000011101101> :  0.1088771E-06  0.1000000E-03           1
|101000011001001000000100001111> :  0.1068950E-04  0.1000000E-03           1
|101000011001001000001001001101> :  0.2458859E-05  0.1000000E-03           1
|101000011001001010000101000101> :  0.3082058E-05  0.1000000E-03           1
|001000011100001101000110000010> :  0.9832276E-07  0.1000000E-03           1
|101000011001001100000111000101> :  0.6715407E-04  0.1000000E-03           1
|101000011001001100001000001101> :  0.8903268E-06  0.1000000E-03           1
|101000011001001100100000000100> :  0.8675229E-06  0.1000000E-03           1
|101000011001001100100001001000> :  0.8304617E-06  0.1000000E-03           1
|101000011010001000000011001001> :  0.6974108E-05  0.1000000E-03           1
|101000011010001000000100000111> :  0.9900670E-06  0.1000000E-03           1
|101000011010001000100010000111> :  0.3246305E-06  0.1000000E-03           1
|101000011101000000000111001010> :  0.4281543E-06  0.1000000E-03           1
|101000011101000100000100000011> :  0.1369030E-05  0.1000000E-03           1
|101000011101100000000111001101> :  0.8695278E-10  0.1000000E-03           1
|101000011110000000000100000011> :  0.4331840E-06  0.1000000E-03           1
|101000011110000000001001001011> :  0.4583220E-06  0.1000000E-03           1
|101000100000101000000101010100> :  0.6072497E-09  0.1000000E-03           1
|101000100101001010000110001100> :  0.3179490E-10  0.1000000E-03           1
|101000101001000101000111000101> :  0.6944103E-06  0.1000000E-03           1
|101000110000000000001111001011> :  0.2950772E-07  0.1000000E-03           1
|101000110000001000000111101001> :  0.3366960E-06  0.1000000E-03           1
|101000110000001000001011001111> :  0.1437150E-05  0.1000000E-03           1
|101000110000001100000011101000> :  0.5359211E-06  0.1000000E-03           1
|101000110000100010001010001011> :  0.8758083E-09  0.1000000E-03           1
|101000110001001000000011001111> :  0.2518761E-04  0.1000000E-03           1
|101000110001001001000110000101> :  0.2814422E-06  0.1000000E-03           1
|101000110001001100000111000111> :  0.1157490E-04  0.1000000E-03           1
|101000110001001100001000111000> :  0.1450690E-07  0.1000000E-03           1
|101000110010001000100001001010> :  0.4116619E-07  0.1000000E-03           1
|011000011100000101110100000010> :  0.3946130E-08  0.1000000E-03           1
|101000110011000100000000100101> :  0.2149790E-07  0.1000000E-03           1
|101000110100001000000011000101> :  0.7224831E-06  0.1000000E-03           1
|101000111000001100000010100101> :  0.2442100E-07  0.1000000E-03           1
|101000111010010000100101100001> :  0.3773326E-10  0.1000000E-03           1
|101001000001011101000110000000> :  0.1306050E-07  0.1000000E-03           1
|101001001010000100000001000101> :  0.2385496E-06  0.1000000E-03           1
|101001001010010101000001000001> :  0.1002620E-08  0.1000000E-03           1
|101001010000001000001011001001> :  0.6356071E-04  0.1000000E-03           1
|101001010000001010010010011011> :  0.2196606E-09  0.1000000E-03           1
|011000011011000100000010100001> :  0.6290667E-07  0.1000000E-03           1
|001000011100001001100100010000> :  0.6074613E-07  0.1000000E-03           1
|001000000001000100000101000111> :  0.5936777E-05  0.1000000E-03           1
|101001010001011100000000100100> :  0.2837507E-08  0.1000000E-03           1
|000001010001001100000011100101> :  0.3822524E-07  0.1000000E-03           1
|101001011000000000000111001000> :  0.1035756E-05  0.1000000E-03           1
|101001011001000000000011001101> :  0.6498771E-06  0.1000000E-03           1
|101001100000001000000101001100> :  0.7046094E-08  0.1000000E-03           1
|101001100000010100000111000101> :  0.1579284E-07  0.1000000E-03           1
|101001110000000100000111001000> :  0.2029608E-07  0.1000000E-03           1
|101001110001001100000110000100> :  0.2901491E-05  0.1000000E-03           1
|101001110001001100000111000101> :  0.1463608E-06  0.1000000E-03           1
|101010001000001101000001001100> :  0.9786332E-07  0.1000000E-03           1
|101010001001001100100101000100> :  0.1061146E-04  0.1000000E-03           1
|101010010000001000000001001101> :  0.1605553E-04  0.1000000E-03           1
|101010010000001000000111001101> :  0.1724689E-04  0.1000000E-03           1
|101010010000001000000111001110> :  0.3983682E-06  0.1000000E-03           1
|101010010000001000001011001101> :  0.4585370E-04  0.1000000E-03           1
|101010010000001011001101000001> :  0.6338532E-08  0.1000000E-03           1
|101010010001001000000010001101> :  0.5192883E-05  0.1000000E-03           1
|101010010001001000000011000100> :  0.2407171E-04  0.1000000E-03           1
|101010010001001000000011001100> :  0.7589153E-04  0.1000000E-03           1
|101010010001001000000101000100> :  0.2762028E-05  0.1000000E-03           1
|101010010001001000000110001101> :  0.4962651E-04  0.1000000E-03           1
|101010010001001000000111000110> :  0.1857581E-04  0.1000000E-03           1
|101010010001001000001011001001> :  0.1953930E-04  0.1000000E-03           1
|101010010001001000001011001100> :  0.2672295E-04  0.1000000E-03           1
|101010010001001000001011001101> :  0.5374868E-05  0.1000000E-03           1
|101010010001001000100110001100> :  0.7112442E-05  0.1000000E-03           1
|101010010001001001100100000100> :  0.1097115E-05  0.1000000E-03           1
|101010010001001010000111000100> :  0.7916193E-04  0.1000000E-03           1
|101010010001011000000111000101> :  0.1595709E-03  0.1000000E-03           1
|101010010100010000010001000101> :  0.3142302E-08  0.1000000E-03           1
|101010011000001101000100000111> :  0.2118624E-06  0.1000000E-03           1
|101010011001000010000101000110> :  0.3122090E-07  0.1000000E-03           1
|101010011010001000000101000111> :  0.8972819E-07  0.1000000E-03           1
|101010011010001000101000000100> :  0.1677256E-07  0.1000000E-03           1
|101010011010001010000011000000> :  0.4077153E-07  0.1000000E-03           1
|101010100001001110100100100100> :  0.1175132E-08  0.1000000E-03           1
|101010100001010001000001001100> :  0.3543489E-09  0.1000000E-03           1
|101010110000001000000111001111> :  0.2550774E-06  0.1000000E-03           1
|101010110000001001000101000000> :  0.6914508E-07  0.1000000E-03           1
|101010110000001101000111000001> :  0.2926836E-07  0.1000000E-03           1
|101010110001011001000100001100> :  0.1677708E-07  0.1000000E-03           1
|101010111000001000000110000101> :  0.6587783E-06  0.1000000E-03           1
|101010111000100000000001001100> :  0.2677635E-08  0.1000000E-03           1
|101011010000001000010110111101> :  0.1242864E-09  0.1000000E-03           1
|101011010000011010000001100100> :  0.6789287E-09  0.1000000E-03           1
|101100001011001100010110011111> :  0.4617329E-10  0.1000000E-03           1
|101100010001001000000011000110> :  0.3306404E-07  0.1000000E-03           1
|000000010101000000111011000101> :  0.5842616E-08  0.1000000E-03           1
|101100011001000000000001001101> :  0.5766348E-06  0.1000000E-03           1
|101100011001000000000101000111> :  0.2204813E-06  0.1000000E-03           1
|101100011001001000000100000111> :  0.1912747E-07  0.1000000E-03           1
|101110011001000000100100000000> :  0.1535727E-07  0.1000000E-03           1
|110000000010011010001000101001> :  0.3699486E-09  0.1000000E-03           1
|110000001001000000010111000110> :  0.1438451E-07  0.1000000E-03           1
|110000010000000010011110011000> :  0.4473159E-08  0.1000000E-03           1
|000000010001001100100110000111> :  0.1288644E-05  0.1000000E-03           1
|110000010001100000010001011101> :  0.2668157E-07  0.1000000E-03           1
|110000010011001000101100000000> :  0.1181394E-07  0.1000000E-03           1
|110000010111100100000100010110> :  0.1404421E-09  0.1000000E-03           1
|000000001001011100110011001101> :  0.5412591E-09  0.1000000E-03           1
|110000111101000000000100010000> :  0.1086166E-07  0.1000000E-03           1
|110001000000001011001011001000> :  0.1231523E-08  0.1000000E-03           1
|110001011000000110000100101101> :  0.1766809E-10  0.1000000E-03           1
|110100010001011000100101000001> :  0.7923162E-08  0.1000000E-03           1
|110100010101010000011001000001> :  0.8065821E-08  0.1000000E-03           1
|110100110101001000100010000011> :  0.3389178E-11  0.1000000E-03           1
|111000000001001100000110000101> :  0.1003689E-04  0.1000000E-03           1
|000000000010001100001010011011> :  0.4615590E-08  0.1000000E-03           1
|111000001000001100000100000111> :  0.1183849E-05  0.1000000E-03           1
|111000001000001101110100000100> :  0.7559697E-08  0.1000000E-03           1
|111000001001000000000011001010> :  0.2523775E-07  0.1000000E-03           1
|111000001001101000000010000110> :  0.2582995E-07  0.1000000E-03           1
|111000010000001000000111001101> :  0.4455104E-05  0.1000000E-03           1
|111000010000001000001110001101> :  0.3245516E-04  0.1000000E-03           1
|111000010001001000000111000101> :  0.1490056E-03  0.1000000E-03           1
|111000010001001000001010001101> :  0.3736604E-04  0.1000000E-03           1
|111000010001001000001011000101> :  0.5317819E-05  0.1000000E-03           1
|111000010001001100000010001100> :  0.6385118E-06  0.1000000E-03           1
|111000010001001100000100000101> :  0.6976785E-04  0.1000000E-03           1
|111000010001001100000101000100> :  0.6912106E-05  0.1000000E-03           1
|111000010001001100000111000101> :  0.2029574E-04  0.1000000E-03           1
|111000010001011000110000000101> :  0.1076418E-07  0.1000000E-03           1
|111000010001101000010110000101> :  0.1472161E-06  0.1000000E-03           1
|111000010010001000000011001101> :  0.3232984E-04  0.1000000E-03           1
|111000010010001100000001000101> :  0.4192341E-05  0.1000000E-03           1
|111000010010011000100100000011> :  0.6173576E-09  0.1000000E-03           1
|111000010100001100000000001101> :  0.2998958E-07  0.1000000E-03           1
|111000011000000010000101000100> :  0.3730227E-06  0.1000000E-03           1
|111000011001000000010100010110> :  0.1887780E-06  0.1000000E-03           1
|111000011001001000100001000001> :  0.7512494E-06  0.1000000E-03           1
|111000011010000000000100001111> :  0.1718021E-06  0.1000000E-03           1
|111000011010000000001010000010> :  0.9853632E-07  0.1000000E-03           1
|111000011010001000001000011101> :  0.1431106E-06  0.1000000E-03           1
|111000011100000001001010001000> :  0.9818066E-08  0.1000000E-03           1
|111000011101000000010000001101> :  0.4085574E-08  0.1000000E-03           1
|111000100000000010000001100100> :  0.3977703E-08  0.1000000E-03           1
|111000100001000100000110001100> :  0.2995805E-07  0.1000000E-03           1
|111000100001000100010101010000> :  0.8793904E-08  0.1000000E-03           1
|111000110001001101000010000101> :  0.4972353E-06  0.1000000E-03           1
|111001001001101000001101101010> :  0.2549072E-12  0.1000000E-03           1
|111001100001011000000001000100> :  0.1201494E-07  0.1000000E-03           1
|111010001001001101000000000100> :  0.1518838E-06  0.1000000E-03           1
|111010010001001000000110100111> :  0.1256947E-07  0.1000000E-03           1
|111010011010001000100100001100> :  0.8684804E-07  0.1000000E-03           1
|111010111000001100000010000100> :  0.6602794E-07  0.1000000E-03           1
|111100000000010001000101010100> :  0.2309987E-08  0.1000000E-03           1
|111100001001000100000001000001> :  0.1367613E-06  0.1000000E-03           1
|111100010001000010111000001000> :  0.7920259E-08  0.1000000E-03           1
|111111000010000000000011000111> :  0.1759748E-09  0.1000000E-03           1
|000000000001001110000111100101> :  0.2816269E-06  0.1000000E-03           1
