# state, exact probability, frequency, count:
#------------------------------------------------------------------
|111001100011010111100001000110> :  0.1368059E+00  0.1376000E+00        1376
|000110011100101000011110111001> :  0.1368059E+00  0.1361000E+00        1361
|000110111011101000101100110001> :  0.3496745E-01  0.3670000E-01         367
|111001000100010111010011001110> :  0.3496745E-01  0.3250000E-01         325
|111000000100010111010011001110> :  0.2263622E-01  0.2330000E-01         233
|000111111011101000101100110001> :  0.2263622E-01  0.2290000E-01         229
|011000001100111010011111101000> :  0.2107260E-01  0.2250000E-01         225
|100111110011000101100000010111> :  0.2107260E-01  0.2190000E-01         219
|001110011100101000011111111000> :  0.1645247E-01  0.1740000E-01         174
|100011101011011010100100100011> :  0.1466528E-01  0.1600000E-01         160
|011110011100101000011111111000> :  0.1486873E-01  0.1600000E-01         160
|100001100011010111100000000111> :  0.1486873E-01  0.1520000E-01         152
|110001100011010111100000000111> :  0.1645247E-01  0.1460000E-01         146
|111001000000010111010011011110> :  0.1412575E-01  0.1400000E-01         140
|011100010100100101011011011100> :  0.1466528E-01  0.1400000E-01         140
|001001001100111010011111101000> :  0.1293342E-01  0.1190000E-01         119
|110110110011000101100000010111> :  0.1293342E-01  0.1180000E-01         118
|000110111111101000101100100001> :  0.1412575E-01  0.1120000E-01         112
|111001000000010111010011001110> :  0.1103083E-01  0.1110000E-01         111
|000110111111101000101100110001> :  0.1103083E-01  0.1030000E-01         103
|111101100011010111100000000110> :  0.8733583E-02  0.9900000E-02          99
|100011100011010111100000100111> :  0.8161791E-02  0.8200000E-02          82
|000010011100101000011111111001> :  0.8733583E-02  0.7800000E-02          78
|011100011100101000011111011000> :  0.8161791E-02  0.7100000E-02          71
|011000000100010111011011011100> :  0.7219260E-02  0.6700000E-02          67
|011100011100100101011011011000> :  0.7267931E-02  0.6600000E-02          66
|100011100011011010100100100111> :  0.7267931E-02  0.6600000E-02          66
|100111111011101000100100100011> :  0.7219260E-02  0.6600000E-02          66
|100001100111000111100000000111> :  0.3623431E-02  0.5800000E-02          58
|111001100011010111100000000110> :  0.5433499E-02  0.5700000E-02          57
|011000011110111000011111101000> :  0.5672571E-02  0.5600000E-02          56
|110001100001010111100001010111> :  0.4614739E-02  0.5400000E-02          54
|111001100011010111100010000110> :  0.6300929E-02  0.5000000E-02          50
|000110011100101000011011111001> :  0.4028127E-02  0.5000000E-02          50
|001000001100111010011111101000> :  0.4406510E-02  0.4900000E-02          49
|101111100001000111000110010110> :  0.4798485E-02  0.4900000E-02          49
|100111100001000111100000010111> :  0.5672571E-02  0.4800000E-02          48
|011000010100010111011011011100> :  0.4818201E-02  0.4800000E-02          48
|011000010000010111011011011100> :  0.3942233E-02  0.4700000E-02          47
|000110011100101000011101111001> :  0.6300929E-02  0.4600000E-02          46
|100111101011101000100100100011> :  0.4818201E-02  0.4500000E-02          45
|000110011100101000011111111001> :  0.5433499E-02  0.4400000E-02          44
|010000011110111000111001101001> :  0.4798485E-02  0.4200000E-02          42
|110111110011000101100000010111> :  0.4406510E-02  0.4100000E-02          41
|011110011100101000011111011000> :  0.3177196E-02  0.4100000E-02          41
|001110011110101000011110101000> :  0.4614739E-02  0.3800000E-02          38
|111001100011010111100100000110> :  0.4028127E-02  0.3600000E-02          36
|011110011000111000011111111000> :  0.3623431E-02  0.3400000E-02          34
|100111101111101000100100100011> :  0.3942233E-02  0.3300000E-02          33
|100001100011010111100000100111> :  0.3177196E-02  0.3200000E-02          32
|101111100001000101000110010111> :  0.2602257E-02  0.3200000E-02          32
|000110011100101000011111011001> :  0.2773526E-02  0.3200000E-02          32
|110001110011000111100000000111> :  0.2851597E-02  0.3100000E-02          31
|111101001000010111110011010100> :  0.3349072E-02  0.3000000E-02          30
|100011100011010111100000000111> :  0.3214605E-02  0.3000000E-02          30
|110111101011000011100100010100> :  0.2315296E-02  0.3000000E-02          30
|000010011100111000011111111001> :  0.2023687E-02  0.3000000E-02          30
|001110001100111000011111111000> :  0.2851597E-02  0.3000000E-02          30
|000000010101100101011011011101> :  0.2716272E-02  0.3000000E-02          30
|000010110111101000101100101011> :  0.2748505E-02  0.2900000E-02          29
|011100011100101000011111111000> :  0.3214605E-02  0.2900000E-02          29
|111111101010011010100100100010> :  0.2716272E-02  0.2800000E-02          28
|111101001000010111010011010100> :  0.2748505E-02  0.2800000E-02          28
|111001100011010111100000100110> :  0.2773526E-02  0.2700000E-02          27
|100111100011000101100100010111> :  0.2481815E-02  0.2700000E-02          27
|011100011100111000011111011000> :  0.1593342E-02  0.2600000E-02          26
|000010001100111000011111111001> :  0.2429120E-02  0.2500000E-02          25
|011000011100111010011011101000> :  0.2481815E-02  0.2500000E-02          25
|011100011100101001011111011000> :  0.1095777E-02  0.2500000E-02          25
|010000011110111010111001101000> :  0.2602257E-02  0.2400000E-02          24
|001000010100111100011011101011> :  0.2315296E-02  0.2400000E-02          24
|110110110011100101100000010111> :  0.2726132E-02  0.2400000E-02          24
|000110111001101000101100110001> :  0.1723298E-02  0.2400000E-02          24
|000010110111101000001100101011> :  0.3349072E-02  0.2300000E-02          23
|111101110011000111100000000110> :  0.2429120E-02  0.2200000E-02          22
|111001100011010111100000000111> :  0.2166741E-02  0.2100000E-02          21
|001001001100011010011111101000> :  0.2726132E-02  0.2000000E-02          20
|111001100011010111100001010110> :  0.1847890E-02  0.2000000E-02          20
|111101100011000111100000000110> :  0.2023687E-02  0.1900000E-02          19
|000110011100101000011110101001> :  0.1847890E-02  0.1900000E-02          19
|000111101111101000101100110001> :  0.1614637E-02  0.1900000E-02          19
|100011100011000111100000000111> :  0.1163222E-02  0.1800000E-02          18
|000110110111101000101100101011> :  0.1544032E-02  0.1800000E-02          18
|000110011100101000011111111000> :  0.2166741E-02  0.1800000E-02          18
|000110011100111000011110111001> :  0.1636946E-02  0.1700000E-02          17
|011110011000101000011111111000> :  0.1303951E-02  0.1600000E-02          16
|111000010000010111010011001110> :  0.1614637E-02  0.1600000E-02          16
|011100011100111000011111111000> :  0.1163222E-02  0.1500000E-02          15
|111001000110010111010011001110> :  0.1723298E-02  0.1500000E-02          15
|001100011100101000011111111000> :  0.1557293E-02  0.1400000E-02          14
|110011100011010111100000000111> :  0.1557293E-02  0.1400000E-02          14
|000111101111101000101100100001> :  0.1141579E-02  0.1300000E-02          13
|000111011111101000101100110001> :  0.5819681E-03  0.1300000E-02          13
|000010011100111000011011111001> :  0.9378525E-03  0.1300000E-02          13
|111111001000010111010111010000> :  0.8398358E-03  0.1300000E-02          13
|100011100011000111100000100111> :  0.1593342E-02  0.1300000E-02          13
|111001001000010111010011010100> :  0.1544032E-02  0.1300000E-02          13
|101001100011010111000110001110> :  0.7879384E-03  0.1200000E-02          12
|111000000110010111010011001110> :  0.1442860E-02  0.1200000E-02          12
|110001100011010111100001000111> :  0.1051099E-02  0.1200000E-02          12
|011110001100111000011111111000> :  0.7366954E-03  0.1200000E-02          12
|000110110111101000001100101011> :  0.1349836E-02  0.1100000E-02          11
|111101100011000111100100000110> :  0.9378525E-03  0.1100000E-02          11
|000111111001101000101100110001> :  0.1442860E-02  0.1100000E-02          11
|101001100011010111100001000110> :  0.7947472E-03  0.1100000E-02          11
|100001100111010111100000000111> :  0.1303951E-02  0.1100000E-02          11
|111001001000010111110011010100> :  0.1349836E-02  0.1100000E-02          11
|000000010111101101011001101111> :  0.3535690E-03  0.1000000E-02          10
|111001100001010111100001010110> :  0.1092275E-02  0.1000000E-02          10
|110110110011100101100000000111> :  0.8706544E-03  0.1000000E-02          10
|010110011100101000011111111000> :  0.7837641E-03  0.9000000E-03           9
|100111101001011010100100100011> :  0.9654133E-03  0.9000000E-03           9
|001110011100101000011110111000> :  0.1051099E-02  0.9000000E-03           9
|111001100011000111100001000110> :  0.1636946E-02  0.9000000E-03           9
|111001000000010111010111001110> :  0.4835899E-03  0.9000000E-03           9
|000000110111101000101000101111> :  0.8398358E-03  0.8000000E-03           8
|100001110011000111100000000111> :  0.7366954E-03  0.8000000E-03           8
|110000100001010111100001010111> :  0.4675274E-03  0.8000000E-03           8
|100011100011010110100000100111> :  0.1095777E-02  0.8000000E-03           8
|111101000000010111010011011110> :  0.4928930E-03  0.8000000E-03           8
|111001100011010111100011000110> :  0.9684701E-03  0.8000000E-03           8
|110000110011000111100001000111> :  0.6104928E-03  0.8000000E-03           8
|111001000000010111010111011110> :  0.4805187E-03  0.8000000E-03           8
|111000010110100111010011001110> :  0.4223662E-03  0.8000000E-03           8
|001000010110111100011001101011> :  0.6553644E-03  0.8000000E-03           8
|000010111111101000101100100001> :  0.4928930E-03  0.8000000E-03           8
|010010011100111000011011111001> :  0.4525234E-03  0.7000000E-03           7
|000000010110101101011001101111> :  0.2940298E-03  0.7000000E-03           7
|100011100011010010100100100111> :  0.5544454E-03  0.7000000E-03           7
|110111101001000011100110010100> :  0.6553644E-03  0.7000000E-03           7
|011100011100101101011011011000> :  0.5544454E-03  0.7000000E-03           7
|000110011100101000011100111001> :  0.9684701E-03  0.7000000E-03           7
|110000110011010111100000000111> :  0.3679194E-03  0.7000000E-03           7
|110011100011000111100000000111> :  0.5697214E-03  0.7000000E-03           7
|111001100011010111100000001110> :  0.7566889E-03  0.7000000E-03           7
|111000010000010111010011011110> :  0.1141579E-02  0.7000000E-03           7
|011000010110100101011011011100> :  0.9654133E-03  0.7000000E-03           7
|010110011100101000011110111001> :  0.7947472E-03  0.7000000E-03           7
|000110011100101000011111110001> :  0.7566889E-03  0.7000000E-03           7
|111001100010010111110001000110> :  0.5926125E-03  0.7000000E-03           7
|001001001100011010011111111000> :  0.8706544E-03  0.7000000E-03           7
|001110011100101000011111101000> :  0.5149988E-03  0.6000000E-03           6
|000110011110101000011110101001> :  0.1092275E-02  0.6000000E-03           6
|111111101000010010100110010000> :  0.3535690E-03  0.6000000E-03           6
|101101100011000111100100000110> :  0.4525234E-03  0.6000000E-03           6
|011000011110111000011011101000> :  0.2013394E-03  0.6000000E-03           6
|001000011110111000011111101000> :  0.4157766E-03  0.6000000E-03           6
|110101110011000101100000010111> :  0.2836120E-03  0.6000000E-03           6
|001001001100111010010111101010> :  0.3263635E-03  0.6000000E-03           6
|000000010101100101011011011111> :  0.3255241E-03  0.6000000E-03           6
|001010011100101000011111111000> :  0.3973756E-03  0.5000000E-03           5
|100001100011010111100001000111> :  0.6253695E-03  0.5000000E-03           5
|011110011110101000011110101000> :  0.4457012E-03  0.5000000E-03           5
|000110111111101000101000110001> :  0.4835899E-03  0.5000000E-03           5
|000111101011011000101100110001> :  0.3112838E-03  0.5000000E-03           5
|000000010111101101001001101111> :  0.3768350E-03  0.5000000E-03           5
|100000110111100101100001000111> :  0.5174670E-03  0.5000000E-03           5
|101001100011010111100000000111> :  0.7837641E-03  0.5000000E-03           5
|011110011100101000011110111000> :  0.6253695E-03  0.5000000E-03           5
|101001000100010111010011001110> :  0.5050856E-03  0.5000000E-03           5
|000110011101101000111001110001> :  0.2032383E-03  0.5000000E-03           5
|000111101001011000101100110001> :  0.4223662E-03  0.5000000E-03           5
|010111101000011010011110111000> :  0.5073558E-03  0.5000000E-03           5
|110000110011010111100001000111> :  0.2404159E-03  0.5000000E-03           5
|110101110011000111100000000111> :  0.2717600E-03  0.5000000E-03           5
|101000010111100101000001001111> :  0.2624537E-03  0.5000000E-03           5
|111000000000010111010111001110> :  0.1855251E-03  0.5000000E-03           5
|011000011100000111011011011100> :  0.2757541E-03  0.5000000E-03           5
|111000000100110111010011001110> :  0.4404062E-03  0.5000000E-03           5
|111000100000010111010011001110> :  0.5819681E-03  0.5000000E-03           5
|010111101000011010111110011000> :  0.1381690E-03  0.5000000E-03           5
|010110011100101000111001110001> :  0.7879384E-03  0.5000000E-03           5
|001100011100111000011111111000> :  0.5697214E-03  0.4000000E-03           4
|100111101011011010100100100010> :  0.2024508E-03  0.4000000E-03           4
|100111100001000111100100010111> :  0.2013394E-03  0.4000000E-03           4
|000000110111101001101000101111> :  0.1694710E-03  0.4000000E-03           4
|100111100001000101000110011111> :  0.3247809E-03  0.4000000E-03           4
|000110111101101000111000110001> :  0.5850301E-03  0.4000000E-03           4
|000011100111011000101100101011> :  0.4158609E-03  0.4000000E-03           4
|101001100011010111100000000110> :  0.3037950E-03  0.4000000E-03           4
|111111100011000111100000000110> :  0.2581250E-03  0.4000000E-03           4
|010110111011101000101100110001> :  0.5050856E-03  0.4000000E-03           4
|111000010100100111010011001110> :  0.3112838E-03  0.4000000E-03           4
|110111100001000111100000010111> :  0.4157766E-03  0.4000000E-03           4
|001000001100111010011111101010> :  0.3881061E-03  0.4000000E-03           4
|000110011100101000011100111011> :  0.1020142E-03  0.4000000E-03           4
|110110110001100101000001010111> :  0.2156794E-03  0.4000000E-03           4
|110101100011010111100000000111> :  0.3973756E-03  0.4000000E-03           4
|110001100011010111100000100111> :  0.1250849E-03  0.4000000E-03           4
|011000011100111010111001101010> :  0.6330800E-04  0.4000000E-03           4
|111100011000100111010011010100> :  0.4158609E-03  0.4000000E-03           4
|101111000001100101000111010111> :  0.1412976E-03  0.4000000E-03           4
|000111111011001000101100110001> :  0.4404062E-03  0.4000000E-03           4
|111111101000010010110110010000> :  0.3768350E-03  0.4000000E-03           4
|010010011100101000011101111001> :  0.1336900E-03  0.3000000E-03           3
|100001100001010111100001010111> :  0.4457012E-03  0.3000000E-03           3
|000010011100101000011011111001> :  0.2658910E-03  0.3000000E-03           3
|100111101011011010100100100011> :  0.2277790E-03  0.3000000E-03           3
|100111101011011000100100110001> :  0.1373228E-03  0.3000000E-03           3
|100111100011100101000110010101> :  0.2370900E-03  0.3000000E-03           3
|001111001100111000011111111000> :  0.2330662E-03  0.3000000E-03           3
|001111001100111000011110111000> :  0.6104928E-03  0.3000000E-03           3
|001111001100101000011111111000> :  0.3679194E-03  0.3000000E-03           3
|000110111111101000101000100001> :  0.4805187E-03  0.3000000E-03           3
|100111101001000010100100110111> :  0.9461018E-04  0.3000000E-03           3
|000110011111101000101100101001> :  0.2608323E-03  0.3000000E-03           3
|010000011100111000111001111001> :  0.2483384E-03  0.3000000E-03           3
|100111110001000101100000010111> :  0.2289249E-03  0.3000000E-03           3
|000010010111101000001100101111> :  0.5746152E-04  0.3000000E-03           3
|010010011100101000011011111001> :  0.2396419E-03  0.3000000E-03           3
|100111100111101000100100100011> :  0.2981168E-03  0.3000000E-03           3
|100111111011101000100100100001> :  0.8609775E-04  0.3000000E-03           3
|010100010100101101011011011001> :  0.2537052E-03  0.3000000E-03           3
|111101101000010111110011010000> :  0.5746152E-04  0.3000000E-03           3
|011100011100100111011011011000> :  0.1887261E-03  0.3000000E-03           3
|000011000111111000001110101001> :  0.2085302E-03  0.3000000E-03           3
|101000010111100101100001000111> :  0.5073558E-03  0.3000000E-03           3
|000010111111101000101100110001> :  0.3410144E-03  0.3000000E-03           3
|000110011100101000111001110001> :  0.2350420E-03  0.3000000E-03           3
|011000011110111010111001100000> :  0.3247809E-03  0.3000000E-03           3
|000111111111101000101000110001> :  0.1855251E-03  0.3000000E-03           3
|110111110011000101100000010101> :  0.3881061E-03  0.3000000E-03           3
|111000010110100111010011000110> :  0.1237545E-03  0.3000000E-03           3
|111000010100100111010011000110> :  0.3596388E-04  0.3000000E-03           3
|011000010100100101011011011100> :  0.2277790E-03  0.3000000E-03           3
|011000010100100101011011011101> :  0.2024508E-03  0.3000000E-03           3
|000111111111101000101100100001> :  0.3297196E-03  0.3000000E-03           3
|110010110011100101100000010111> :  0.5506013E-04  0.3000000E-03           3
|110001100011010111100000010111> :  0.5149988E-03  0.3000000E-03           3
|110000110011100111100001000111> :  0.1790796E-03  0.3000000E-03           3
|001001001110111010011111101000> :  0.1900903E-03  0.3000000E-03           3
|111100011000010111110011010100> :  0.1421657E-03  0.3000000E-03           3
|000110011100111000011111111001> :  0.1955309E-03  0.3000000E-03           3
|101111100011000101000110010110> :  0.1281586E-03  0.3000000E-03           3
|000110011101101000001110111001> :  0.5926125E-03  0.3000000E-03           3
|111101100011010111100100000110> :  0.2658910E-03  0.3000000E-03           3
|000110011101101000011110111001> :  0.1516219E-03  0.3000000E-03           3
|101101100011000111100110000110> :  0.1827186E-03  0.3000000E-03           3
|111111101001010010100110010000> :  0.2940298E-03  0.3000000E-03           3
|101011101011000010100100100110> :  0.3532259E-04  0.3000000E-03           3
|101011100011010111100000000111> :  0.1428662E-04  0.3000000E-03           3
|111111101010011010100100100000> :  0.3255241E-03  0.3000000E-03           3
|000110111111101000111000100001> :  0.2156304E-03  0.2000000E-03           2
|100111110011100101100000000111> :  0.2579691E-03  0.2000000E-03           2
|010000011100111010111001101001> :  0.1281586E-03  0.2000000E-03           2
|100111100011111000100100100011> :  0.2757541E-03  0.2000000E-03           2
|010000010110111100011001101011> :  0.2144040E-04  0.2000000E-03           2
|001111001100101000011110111000> :  0.2404159E-03  0.2000000E-03           2
|100110110001100101000110010111> :  0.2200015E-04  0.2000000E-03           2
|000110111001101000001100111011> :  0.5639684E-04  0.2000000E-03           2
|100111100011000111100000000111> :  0.1186172E-03  0.2000000E-03           2
|100011101011011010100100100110> :  0.7281487E-04  0.2000000E-03           2
|010000010101100101011011011101> :  0.1431011E-03  0.2000000E-03           2
|000000010111101101011001001111> :  0.1021658E-03  0.2000000E-03           2
|100011100011011000100100100111> :  0.1887261E-03  0.2000000E-03           2
|010000011110111000011001101001> :  0.5599348E-04  0.2000000E-03           2
|001111001100011010011110101000> :  0.7703711E-04  0.2000000E-03           2
|001111001100011000011110111000> :  0.1790796E-03  0.2000000E-03           2
|001110011100111000011111111000> :  0.2662475E-03  0.2000000E-03           2
|000110011111101000101100100001> :  0.1641209E-03  0.2000000E-03           2
|000000110111101001001000101111> :  0.9168128E-04  0.2000000E-03           2
|010000101110011010111001101000> :  0.7661214E-04  0.2000000E-03           2
|000011100111101000001100101011> :  0.1421657E-03  0.2000000E-03           2
|100111110011000101100010010101> :  0.8617774E-04  0.2000000E-03           2
|100111110011100101000100010111> :  0.7089737E-04  0.2000000E-03           2
|100111110011000101100100010111> :  0.6434183E-04  0.2000000E-03           2
|000110111111101000101100100011> :  0.1365788E-03  0.2000000E-03           2
|010010011100101000011001111001> :  0.1150871E-03  0.2000000E-03           2
|000110011110101000011110111001> :  0.9783635E-04  0.2000000E-03           2
|011111001000011010011110111000> :  0.5174670E-03  0.2000000E-03           2
|001101001100011010011110101000> :  0.5430579E-04  0.2000000E-03           2
|011110011100101000111011011000> :  0.6891058E-05  0.2000000E-03           2
|000011001111101000101100100001> :  0.6753148E-05  0.2000000E-03           2
|101001100011010111100010000110> :  0.9881358E-04  0.2000000E-03           2
|010100011110101000111001101000> :  0.1284659E-04  0.2000000E-03           2
|010110111100101000111000111001> :  0.1418421E-03  0.2000000E-03           2
|011100010100101101011011011000> :  0.4220476E-04  0.2000000E-03           2
|111101001000010111010111010000> :  0.1537545E-03  0.2000000E-03           2
|011001001100011010011111101000> :  0.1060605E-03  0.2000000E-03           2
|111001100011010111100010000100> :  0.8248190E-04  0.2000000E-03           2
|111011101010011010100100100010> :  0.1062361E-03  0.2000000E-03           2
|011000011110111010110001101010> :  0.9192237E-04  0.2000000E-03           2
|001001001110011010111110101000> :  0.2156794E-03  0.2000000E-03           2
|000010110111101000101000101111> :  0.1537545E-03  0.2000000E-03           2
|011000011100111000011111111000> :  0.1186172E-03  0.2000000E-03           2
|011000001100111010011011101000> :  0.6434183E-04  0.2000000E-03           2
|011000011100011010111001101010> :  0.2370900E-03  0.2000000E-03           2
|000000010111101001001100101111> :  0.1444753E-03  0.2000000E-03           2
|000010110111101000101000101011> :  0.3086725E-04  0.2000000E-03           2
|011000011000010111011011011100> :  0.2981168E-03  0.2000000E-03           2
|111000010010010111010011001110> :  0.1356089E-03  0.2000000E-03           2
|011000010110110101011011001100> :  0.3383212E-03  0.2000000E-03           2
|011000010110010101011011011100> :  0.1707240E-03  0.2000000E-03           2
|011000010100100111011011001110> :  0.1373228E-03  0.2000000E-03           2
|111000000000010111010111011110> :  0.1497932E-03  0.2000000E-03           2
|000110011100101000011101111011> :  0.8248190E-04  0.2000000E-03           2
|001000010100111100011001101011> :  0.1804095E-03  0.2000000E-03           2
|110111101011000011100110010100> :  0.1804095E-03  0.2000000E-03           2
|111001000000010111010011011100> :  0.1365788E-03  0.2000000E-03           2
|001000010100100101011011011111> :  0.7283403E-04  0.2000000E-03           2
|111001000000010111010011010110> :  0.6873915E-04  0.2000000E-03           2
|001000010110111100011011101001> :  0.1269187E-03  0.2000000E-03           2
|111001000010010111010011001110> :  0.1051242E-03  0.2000000E-03           2
|111001000010010111000111001110> :  0.5850301E-03  0.2000000E-03           2
|110110110011100101100000010101> :  0.3299989E-04  0.2000000E-03           2
|110110110011000101101000010101> :  0.3263635E-03  0.2000000E-03           2
|011000001110111010011111101000> :  0.2289249E-03  0.2000000E-03           2
|110110110001000101100001010111> :  0.1773081E-03  0.2000000E-03           2
|011000001100111010011101101010> :  0.8617774E-04  0.2000000E-03           2
|111001000110010111110011000100> :  0.5639684E-04  0.2000000E-03           2
|111001100000010111010011011110> :  0.1641209E-03  0.2000000E-03           2
|000111111111101000101000100001> :  0.1497932E-03  0.2000000E-03           2
|111001100001010111000011010110> :  0.1251334E-03  0.2000000E-03           2
|011000001100011010011111101000> :  0.1767749E-03  0.2000000E-03           2
|110100110011100101100000000111> :  0.1118455E-03  0.2000000E-03           2
|011000000110010111011011001100> :  0.4003898E-04  0.2000000E-03           2
|110100110011000101100000010111> :  0.1149358E-03  0.2000000E-03           2
|011000000100010111011011011110> :  0.8609775E-04  0.2000000E-03           2
|110010110011100101100001010111> :  0.5430579E-04  0.2000000E-03           2
|011000000100010111011011001110> :  0.3172687E-03  0.2000000E-03           2
|011000011110011010111001101000> :  0.2596675E-03  0.2000000E-03           2
|111001100011010111000110001110> :  0.2350420E-03  0.2000000E-03           2
|011000011110111010011011101000> :  0.5303288E-04  0.2000000E-03           2
|110001100011010111100001010111> :  0.4748134E-04  0.2000000E-03           2
|111001100011000111100100000110> :  0.3184346E-04  0.2000000E-03           2
|110001100011000111100000000111> :  0.2662475E-03  0.2000000E-03           2
|010111101000011010111110111000> :  0.1755709E-03  0.2000000E-03           2
|010111101000011010111110110000> :  0.2624537E-03  0.2000000E-03           2
|000110011100101100011011110001> :  0.1520618E-03  0.2000000E-03           2
|011010001000011010011111111000> :  0.7249322E-04  0.2000000E-03           2
|000000011100111000011111111001> :  0.2581250E-03  0.2000000E-03           2
|101111101010011010100100100010> :  0.1431011E-03  0.2000000E-03           2
|111001100011010111110001000110> :  0.5038197E-04  0.2000000E-03           2
|111001100010010111000110001110> :  0.2032383E-03  0.2000000E-03           2
|101111100011000111000110000110> :  0.2483384E-03  0.2000000E-03           2
|000111101101101000101100110001> :  0.1356089E-03  0.2000000E-03           2
|101111100001100101000110010111> :  0.1740807E-03  0.2000000E-03           2
|010110011110101000111000101001> :  0.3863686E-04  0.2000000E-03           2
|000111101001011000101100111001> :  0.1237545E-03  0.2000000E-03           2
|101101100011010111100000000110> :  0.8874522E-04  0.2000000E-03           2
|010110011100101000011111111001> :  0.3037950E-03  0.2000000E-03           2
|111111101000010110100110010000> :  0.1060042E-03  0.2000000E-03           2
|001011001110011010011110101000> :  0.5958149E-04  0.2000000E-03           2
|000111100111101000001100101011> :  0.4014964E-04  0.2000000E-03           2
|010110011100101000011111011000> :  0.1298044E-03  0.2000000E-03           2
|010110011100101000011011111001> :  0.8076570E-04  0.2000000E-03           2
|000110010100101101011011011001> :  0.7080186E-05  0.2000000E-03           2
|111100111000000111110001010110> :  0.2085302E-03  0.2000000E-03           2
|101000010111100101000001000111> :  0.1755709E-03  0.2000000E-03           2
|010110011000111000011110111001> :  0.2982572E-04  0.1000000E-03           1
|010110011000011000111100111001> :  0.2663620E-06  0.1000000E-03           1
|000111011111101000101100100001> :  0.2559134E-04  0.1000000E-03           1
|101001100011010111100000100111> :  0.1298044E-03  0.1000000E-03           1
|010100011110101000111000101001> :  0.6625230E-05  0.1000000E-03           1
|000111011110101000011110101000> :  0.1558019E-04  0.1000000E-03           1
|000110010100101000011111111001> :  0.1256186E-04  0.1000000E-03           1
|010100011100111000111001111001> :  0.4030534E-05  0.1000000E-03           1
|010100011100101000011111011000> :  0.1065796E-04  0.1000000E-03           1
|000111011110101000001110101001> :  0.7938041E-05  0.1000000E-03           1
|010100011100101000011101111001> :  0.6545937E-06  0.1000000E-03           1
|101001100011010111000100100111> :  0.7666877E-04  0.1000000E-03           1
|101001100011010110100000100111> :  0.2114639E-04  0.1000000E-03           1
|000111011110101000001100111001> :  0.8322074E-06  0.1000000E-03           1
|000110001100111000011111111001> :  0.8493234E-04  0.1000000E-03           1
|010010111110101000111001100001> :  0.4604892E-05  0.1000000E-03           1
|010010011110111000111001100001> :  0.2050491E-04  0.1000000E-03           1
|000111011101101000101100110001> :  0.3384898E-04  0.1000000E-03           1
|101001100001010111000011010110> :  0.3578958E-04  0.1000000E-03           1
|010010011100111000011001111001> :  0.1827186E-03  0.1000000E-03           1
|000111011100011000011010011101> :  0.2345577E-08  0.1000000E-03           1
|000101011111101000100100101011> :  0.8822585E-07  0.1000000E-03           1
|101000010101100101000011011111> :  0.3009279E-04  0.1000000E-03           1
|000111001101101000001110111001> :  0.2967065E-04  0.1000000E-03           1
|100111111111101000101000100001> :  0.2622296E-04  0.1000000E-03           1
|100111111011101000100100110001> :  0.3172687E-03  0.1000000E-03           1
|010000111110111010111001100000> :  0.1018363E-04  0.1000000E-03           1
|000101001110011010111110101000> :  0.1839693E-06  0.1000000E-03           1
|000000010111111000111001101101> :  0.7329917E-08  0.1000000E-03           1
|010000111110011010111001101000> :  0.9601741E-04  0.1000000E-03           1
|100111110011100101100000010111> :  0.1767749E-03  0.1000000E-03           1
|010000111110011010111000101000> :  0.1412976E-03  0.1000000E-03           1
|010000111100011010111001111000> :  0.1297849E-05  0.1000000E-03           1
|010000111100011010111001101010> :  0.5702540E-05  0.1000000E-03           1
|000110111111101000101100101001> :  0.6873915E-04  0.1000000E-03           1
|000100111111101000111000101001> :  0.2194649E-05  0.1000000E-03           1
|010000110100011101011001011011> :  0.1099666E-06  0.1000000E-03           1
|100111101111101000101100100001> :  0.1866179E-04  0.1000000E-03           1
|010000110011011100101000101111> :  0.5226879E-04  0.1000000E-03           1
|100111101101001010100100100011> :  0.4060245E-05  0.1000000E-03           1
|100111101011101010100110100000> :  0.2516389E-06  0.1000000E-03           1
|010000100110010001011011101111> :  0.5425438E-11  0.1000000E-03           1
|000100110111101000111000101011> :  0.5585817E-05  0.1000000E-03           1
|100111101011101000100100100001> :  0.1951367E-04  0.1000000E-03           1
|100111101011001010100100100010> :  0.2202032E-03  0.1000000E-03           1
|100111101001001010100100100011> :  0.8330677E-04  0.1000000E-03           1
|000100011100101001011111011000> :  0.1962082E-06  0.1000000E-03           1
|100111101000011010100100100011> :  0.2311869E-04  0.1000000E-03           1
|010000011100111000011001111001> :  0.1610364E-04  0.1000000E-03           1
|010000011100100111011011011100> :  0.2658380E-06  0.1000000E-03           1
|100111100011100001100100100111> :  0.1154844E-05  0.1000000E-03           1
|010000011100011010111001101010> :  0.6367840E-05  0.1000000E-03           1
|000110111101101000101100110001> :  0.1051242E-03  0.1000000E-03           1
|000100011100101000011101111001> :  0.3030390E-05  0.1000000E-03           1
|000000010110111101011001101011> :  0.9216077E-05  0.1000000E-03           1
|010000010110111101011011001101> :  0.3408831E-04  0.1000000E-03           1
|010000010110111101011011001001> :  0.4934871E-04  0.1000000E-03           1
|000110111101101000101001110001> :  0.3174525E-05  0.1000000E-03           1
|100111100011000101001110010101> :  0.1420676E-03  0.1000000E-03           1
|000110111101001000111000111001> :  0.4081357E-04  0.1000000E-03           1
|000100010101100101011011011101> :  0.1062361E-03  0.1000000E-03           1
|010000010100100101011011011101> :  0.5605720E-05  0.1000000E-03           1
|001111011110101000011110101000> :  0.4675274E-03  0.1000000E-03           1
|001111011100101000011111111000> :  0.7291011E-04  0.1000000E-03           1
|001111011100101000011111011000> :  0.4000121E-04  0.1000000E-03           1
|000110111011101000100100110011> :  0.4201218E-06  0.1000000E-03           1
|000011111111101000101100110001> :  0.6943606E-05  0.1000000E-03           1
|000000110111101001011000101111> :  0.7478366E-05  0.1000000E-03           1
|001111001110111000001110101000> :  0.8153721E-05  0.1000000E-03           1
|100101110111100101100000000111> :  0.7249322E-04  0.1000000E-03           1
|001111001110111000000110101001> :  0.6827135E-05  0.1000000E-03           1
|100101110011100101100000010111> :  0.5645279E-04  0.1000000E-03           1
|100101110011100101100000000111> :  0.7822995E-04  0.1000000E-03           1
|001111001100111000101110110000> :  0.3460232E-08  0.1000000E-03           1
|100101110011000111100000010111> :  0.1487789E-05  0.1000000E-03           1
|100101110011000111100000000111> :  0.7109081E-04  0.1000000E-03           1
|000011101111011010100100100011> :  0.3424705E-05  0.1000000E-03           1
|100100110111101101100000000111> :  0.5221991E-04  0.1000000E-03           1
|100101111111100011110010000100> :  0.3250109E-08  0.1000000E-03           1
|100100110111100101100000000111> :  0.1187573E-03  0.1000000E-03           1
|100110110011100101100000010111> :  0.1060605E-03  0.1000000E-03           1
|100110110011100101100100010111> :  0.7025687E-04  0.1000000E-03           1
|001111001100111000011111101000> :  0.5890576E-04  0.1000000E-03           1
|100111100001000101001110010101> :  0.9192237E-04  0.1000000E-03           1
|100111100001000101001110011101> :  0.1649939E-04  0.1000000E-03           1
|100011101111101000100100100011> :  0.6970842E-05  0.1000000E-03           1
|100011101011001010100100100111> :  0.3232731E-04  0.1000000E-03           1
|100111100001100101000110010111> :  0.2596675E-03  0.1000000E-03           1
|100111100001100101100100010111> :  0.2884071E-05  0.1000000E-03           1
|001111001100111000011110101000> :  0.3514740E-04  0.1000000E-03           1
|100111100011000101100100010101> :  0.5201207E-04  0.1000000E-03           1
|100011100011100101000100010111> :  0.1231733E-04  0.1000000E-03           1
|000011101111011000101100110001> :  0.7654388E-05  0.1000000E-03           1
|100111100011000111100100000111> :  0.3248306E-04  0.1000000E-03           1
|100111100011010101000110010101> :  0.4712586E-05  0.1000000E-03           1
|100111100011100001001110110001> :  0.1385016E-04  0.1000000E-03           1
|100111100011100001100100010111> :  0.1178353E-03  0.1000000E-03           1
|000000110111101001001100101111> :  0.2231053E-04  0.1000000E-03           1
|100011100011011000100100101111> :  0.6105756E-04  0.1000000E-03           1
|100111100011100101100100010111> :  0.3059814E-04  0.1000000E-03           1
|100111100011101000100100100011> :  0.4358445E-04  0.1000000E-03           1
|001111001100011010011111101000> :  0.3283908E-04  0.1000000E-03           1
|000110011111101000101100110001> :  0.3625002E-03  0.1000000E-03           1
|100011100011010101100000100111> :  0.3936075E-06  0.1000000E-03           1
|100011100011010011100100100111> :  0.3005396E-04  0.1000000E-03           1
|000011100111101000101100101011> :  0.2181996E-04  0.1000000E-03           1
|100011100011000111100100000111> :  0.1941813E-03  0.1000000E-03           1
|100011100011000011100100100111> :  0.3999266E-04  0.1000000E-03           1
|100111101011001010100100100110> :  0.4635203E-04  0.1000000E-03           1
|100010110111101000101000100111> :  0.6496706E-04  0.1000000E-03           1
|100010110011100101100000000111> :  0.3615300E-05  0.1000000E-03           1
|100001101011011011100000100110> :  0.2104167E-08  0.1000000E-03           1
|000110011111101000001100111001> :  0.5685960E-04  0.1000000E-03           1
|100001100111100111100000000111> :  0.3422866E-04  0.1000000E-03           1
|100001100011011010100100101111> :  0.3933723E-04  0.1000000E-03           1
|000110011111101000001100101011> :  0.1255488E-04  0.1000000E-03           1
|100111101111101000100100000011> :  0.4785950E-05  0.1000000E-03           1
|100001100011010111100100010111> :  0.7088313E-05  0.1000000E-03           1
|100001100011010111100010000111> :  0.1683467E-04  0.1000000E-03           1
|001110001100111000011111101000> :  0.1744957E-03  0.1000000E-03           1
|001110001100101000011111111000> :  0.1161277E-03  0.1000000E-03           1
|000110011110101000111100111001> :  0.3025227E-05  0.1000000E-03           1
|100001100001010111100001100111> :  0.1234178E-05  0.1000000E-03           1
|001101001110011010011110101000> :  0.7685344E-05  0.1000000E-03           1
|100111110011100101000110010101> :  0.6360978E-04  0.1000000E-03           1
|100001100001010111100000000111> :  0.7991334E-06  0.1000000E-03           1
|001101001100111010010111101010> :  0.5300679E-04  0.1000000E-03           1
|100111110111101001101000000001> :  0.3450847E-06  0.1000000E-03           1
|100001100001010111000011010111> :  0.6527912E-05  0.1000000E-03           1
|001101001100011010111110101000> :  0.5761021E-04  0.1000000E-03           1
|011111001000011010011111111000> :  0.5278863E-04  0.1000000E-03           1
|001101001100011010011111111000> :  0.9424718E-04  0.1000000E-03           1
|101000001000010110010111001110> :  0.4686045E-08  0.1000000E-03           1
|000011001111101000101100110001> :  0.2171527E-05  0.1000000E-03           1
|011111001000010010011111111000> :  0.4096994E-04  0.1000000E-03           1
|011110011100111000011111011000> :  0.3714022E-04  0.1000000E-03           1
|000110011110101000011100111001> :  0.8327320E-04  0.1000000E-03           1
|101000110111100101100001000111> :  0.2467853E-04  0.1000000E-03           1
|001100011100101100011111011000> :  0.1496450E-05  0.1000000E-03           1
|111111110100000101010011000101> :  0.9185985E-12  0.1000000E-03           1
|101001100001010111000011010111> :  0.3206056E-04  0.1000000E-03           1
|101001100001010111000111010110> :  0.3863686E-04  0.1000000E-03           1
|101001100010010111000110001110> :  0.5872300E-05  0.1000000E-03           1
|101001100011000111100110000110> :  0.9725439E-06  0.1000000E-03           1
|101001100011010010100100100111> :  0.3491189E-06  0.1000000E-03           1
|000110011110101000011100101001> :  0.3634925E-04  0.1000000E-03           1
|111111101010011010110100100000> :  0.7610110E-05  0.1000000E-03           1
|101001100011010111000110000110> :  0.1096445E-03  0.1000000E-03           1
|101001100011010111000110000111> :  0.2463504E-04  0.1000000E-03           1
|111111101010011010100110100000> :  0.5924781E-04  0.1000000E-03           1
|101001100011010111000110001111> :  0.2027839E-04  0.1000000E-03           1
|101001100011010111000111000110> :  0.8274022E-04  0.1000000E-03           1
|001011001110111000001110101001> :  0.2632101E-04  0.1000000E-03           1
|011110001100011000011111111000> :  0.2579237E-05  0.1000000E-03           1
|101001100011010111100000100110> :  0.2647439E-04  0.1000000E-03           1
|111111101001000011100110010100> :  0.4088044E-04  0.1000000E-03           1
|111111101001000011100100000110> :  0.1987060E-06  0.1000000E-03           1
|011101001000010111010111011100> :  0.1944514E-04  0.1000000E-03           1
|101001100011011011100101010110> :  0.2307948E-08  0.1000000E-03           1
|101001100111000111100000000111> :  0.5334693E-04  0.1000000E-03           1
|101011000001100101000111010111> :  0.1773044E-04  0.1000000E-03           1
|011101001000010110011111011000> :  0.1882490E-04  0.1000000E-03           1
|011100011110011010111000101000> :  0.7728885E-06  0.1000000E-03           1
|001011001100111010011111100000> :  0.1256375E-03  0.1000000E-03           1
|011100011100111100011011011000> :  0.3999266E-04  0.1000000E-03           1
|111111101000000111110010010100> :  0.1065812E-05  0.1000000E-03           1
|001011001100111010000101100011> :  0.4574207E-04  0.1000000E-03           1
|000110011101101000101100111001> :  0.5696928E-04  0.1000000E-03           1
|000011001110111000001110101001> :  0.2517827E-04  0.1000000E-03           1
|000000110111001100101000101111> :  0.3833579E-04  0.1000000E-03           1
|111111100001000111100010010110> :  0.2238898E-04  0.1000000E-03           1
|011100011100111000011011111000> :  0.1941813E-03  0.1000000E-03           1
|001011001100111000001111111001> :  0.3462112E-05  0.1000000E-03           1
|111111001000010111000111010000> :  0.5987270E-05  0.1000000E-03           1
|111111001000010110110111010000> :  0.9168128E-04  0.1000000E-03           1
|111111001000010110000111010000> :  0.1391835E-05  0.1000000E-03           1
|001011001100011010011111111000> :  0.1118455E-03  0.1000000E-03           1
|111101100011010111100010000100> :  0.4572836E-05  0.1000000E-03           1
|001011001100011010011110111000> :  0.4119668E-06  0.1000000E-03           1
|111101100010010111110010000100> :  0.6300473E-05  0.1000000E-03           1
|011100011100100101011011011100> :  0.2544939E-04  0.1000000E-03           1
|001011000110111000001110101001> :  0.3891571E-04  0.1000000E-03           1
|111101100001010111100001010110> :  0.5995068E-05  0.1000000E-03           1
|111101011100100111110011010000> :  0.5040695E-05  0.1000000E-03           1
|011100011100011100011011011000> :  0.6472316E-06  0.1000000E-03           1
|111101001000110111010111010000> :  0.4452164E-04  0.1000000E-03           1
|001010010110111000001110101001> :  0.1033135E-05  0.1000000E-03           1
|011100010000110101011011011100> :  0.1705306E-04  0.1000000E-03           1
|011011001000011010011111111000> :  0.1187573E-03  0.1000000E-03           1
|001010010110111000001101101011> :  0.1979703E-04  0.1000000E-03           1
|011011001000010110011111111000> :  0.4795393E-05  0.1000000E-03           1
|111100011100000111010011011010> :  0.7583523E-08  0.1000000E-03           1
|011010011100001010011011111000> :  0.4951572E-08  0.1000000E-03           1
|001010001100111010011111101000> :  0.2836120E-03  0.1000000E-03           1
|000000011111101000111001101001> :  0.7291578E-05  0.1000000E-03           1
|000000010111101001011001101111> :  0.1060042E-03  0.1000000E-03           1
|011010001100111010011111101000> :  0.5874098E-04  0.1000000E-03           1
|011010001100111000011111111000> :  0.7109081E-04  0.1000000E-03           1
|001010001100111000011111111000> :  0.2717600E-03  0.1000000E-03           1
|011010001100011010011111101000> :  0.5645279E-04  0.1000000E-03           1
|111001100110010111110011000100> :  0.1331401E-04  0.1000000E-03           1
|111001100110010111100001000110> :  0.1962942E-04  0.1000000E-03           1
|001001011000101000011111111100> :  0.2588087E-09  0.1000000E-03           1
|011001001100011010111011001000> :  0.6330522E-06  0.1000000E-03           1
|111001100011010111100100010110> :  0.2585801E-04  0.1000000E-03           1
|011001001000010110011111111000> :  0.4911524E-04  0.1000000E-03           1
|011001000100010111011011011100> :  0.7665689E-05  0.1000000E-03           1
|001001001110111010011110101000> :  0.1773081E-03  0.1000000E-03           1
|000110011100101001011011111001> :  0.5129564E-05  0.1000000E-03           1
|011001000000010111000111011110> :  0.7214748E-05  0.1000000E-03           1
|011000100110010111110001000110> :  0.1712481E-07  0.1000000E-03           1
|001001001110111010010111101000> :  0.8298216E-04  0.1000000E-03           1
|111001100011010111000111000110> :  0.9515204E-05  0.1000000E-03           1
|111001100011010111000001100011> :  0.1002269E-07  0.1000000E-03           1
|011000011110111000011111111000> :  0.8024596E-06  0.1000000E-03           1
|001001001100111010011111101010> :  0.2376600E-04  0.1000000E-03           1
|111001100011000111100000000110> :  0.1955309E-03  0.1000000E-03           1
|111001100010010111110010000110> :  0.6725104E-05  0.1000000E-03           1
|000110011100101000111000111001> :  0.9515204E-05  0.1000000E-03           1
|000000011110111000111101101001> :  0.1531136E-06  0.1000000E-03           1
|011000011110101010111001101000> :  0.2624524E-05  0.1000000E-03           1
|111001100010010111100001000110> :  0.1516219E-03  0.1000000E-03           1
|111001100010010111010011010100> :  0.1511105E-04  0.1000000E-03           1
|111001100010010111000111001110> :  0.1495146E-04  0.1000000E-03           1
|111001100001010111100011010110> :  0.3634925E-04  0.1000000E-03           1
|011000011100111010111001100010> :  0.2374428E-05  0.1000000E-03           1
|001001001100111010010111101000> :  0.7750363E-05  0.1000000E-03           1
|011000011100111010110001101010> :  0.1420676E-03  0.1000000E-03           1
|011000011100111010011011111000> :  0.2536500E-04  0.1000000E-03           1
|001001001100011010110101101010> :  0.6139687E-04  0.1000000E-03           1
|111001100000010111010011010110> :  0.2608323E-03  0.1000000E-03           1
|111001100000010111010011001110> :  0.3625002E-03  0.1000000E-03           1
|111001001100110111110011000100> :  0.7946009E-07  0.1000000E-03           1
|011000011100011110111001101010> :  0.1166912E-04  0.1000000E-03           1
|111001001000010111000111010110> :  0.1763748E-05  0.1000000E-03           1
|011000011100011110110001001110> :  0.1385016E-04  0.1000000E-03           1
|111001000100010111010011011110> :  0.5423331E-05  0.1000000E-03           1
|011000011100011110011011111000> :  0.4414547E-04  0.1000000E-03           1
|111001000010110111000111000110> :  0.4081357E-04  0.1000000E-03           1
|011000011100011010110011111000> :  0.5395757E-08  0.1000000E-03           1
|011000011100011010110001101010> :  0.2989642E-05  0.1000000E-03           1
|001000011110111000010101101011> :  0.1580256E-04  0.1000000E-03           1
|011000011100011010011011111000> :  0.1263233E-04  0.1000000E-03           1
|111001000000010111010111000110> :  0.2412104E-06  0.1000000E-03           1
|011000011100011010011011101000> :  0.3059814E-04  0.1000000E-03           1
|001000011100111000011111111001> :  0.1750047E-04  0.1000000E-03           1
|000000011110111000011101101001> :  0.2238898E-04  0.1000000E-03           1
|000000010110101101011001001111> :  0.1541607E-03  0.1000000E-03           1
|011000011100010111011011011100> :  0.4358445E-04  0.1000000E-03           1
|111001000000010111000111011110> :  0.2156304E-03  0.1000000E-03           1
|001000010111100101001001101111> :  0.1866282E-05  0.1000000E-03           1
|011000011000010111011111011010> :  0.2221087E-08  0.1000000E-03           1
|111000100011010111000001000111> :  0.5541661E-06  0.1000000E-03           1
|111000100010010111110011000110> :  0.7791697E-05  0.1000000E-03           1
|011000011000010111010011011100> :  0.2055808E-04  0.1000000E-03           1
|011000010110111101011011001000> :  0.9461018E-04  0.1000000E-03           1
|011000010110110101011011011100> :  0.8330677E-04  0.1000000E-03           1
|001000010110111100001101101011> :  0.2799939E-04  0.1000000E-03           1
|111000010000010111011011011110> :  0.2722259E-05  0.1000000E-03           1
|111000001000010111010111010110> :  0.1176031E-05  0.1000000E-03           1
|001000010110111000011101101011> :  0.3778157E-04  0.1000000E-03           1
|111000000110110111010011000110> :  0.6287446E-04  0.1000000E-03           1
|011000010100110101011011011101> :  0.2202032E-03  0.1000000E-03           1
|111000000100010111010011001111> :  0.2150729E-04  0.1000000E-03           1
|011000010100110101011011011001> :  0.4635203E-04  0.1000000E-03           1
|001000010110110101010011001111> :  0.3953165E-05  0.1000000E-03           1
|000110011100101000011110011001> :  0.2484010E-04  0.1000000E-03           1
|111000000000110111010011001110> :  0.1241704E-04  0.1000000E-03           1
|011000010100110101010011001111> :  0.1167425E-05  0.1000000E-03           1
|111000000000010111011011011100> :  0.2854302E-04  0.1000000E-03           1
|001000010101100101011011011101> :  0.6812775E-04  0.1000000E-03           1
|111000000000010111010011011110> :  0.3297196E-03  0.1000000E-03           1
|110111110011100101100000000111> :  0.3564719E-06  0.1000000E-03           1
|000010100011011000101100101111> :  0.5413955E-04  0.1000000E-03           1
|000000011110111000011011101001> :  0.7833200E-06  0.1000000E-03           1
|110111101011011010100100100000> :  0.7283403E-04  0.1000000E-03           1
|011000010100010111011011011110> :  0.1951367E-04  0.1000000E-03           1
|110111101010011010100100100010> :  0.6812775E-04  0.1000000E-03           1
|110111101001011010100100110001> :  0.6374705E-06  0.1000000E-03           1
|111000100000010111010011010110> :  0.3662192E-04  0.1000000E-03           1
|111000100000010111110011010110> :  0.2029076E-04  0.1000000E-03           1
|011000010100010101011011011101> :  0.1763297E-04  0.1000000E-03           1
|110111101001000011110010010100> :  0.2799939E-04  0.1000000E-03           1
|111000110011000111110001000110> :  0.6669299E-05  0.1000000E-03           1
|111001000000010111000111001110> :  0.4120117E-04  0.1000000E-03           1
|011000010100000111011011011110> :  0.1528969E-03  0.1000000E-03           1
|110111100011000111100000000111> :  0.1767539E-04  0.1000000E-03           1
|011000010100000111011011011100> :  0.8910765E-04  0.1000000E-03           1
|110110111110101000111000100001> :  0.3515327E-04  0.1000000E-03           1
|110110110011101101100000000111> :  0.2867697E-04  0.1000000E-03           1
|011000010010110101011011011100> :  0.4060245E-05  0.1000000E-03           1
|110110110011100101000000010111> :  0.2692396E-04  0.1000000E-03           1
|011000010000010111011010011001> :  0.7076682E-08  0.1000000E-03           1
|111001000010010111000111000110> :  0.4276811E-04  0.1000000E-03           1
|000010011110001000011100111001> :  0.5955163E-09  0.1000000E-03           1
|111001000010010111010011001100> :  0.2774538E-04  0.1000000E-03           1
|110110110011000101100000110111> :  0.7015072E-06  0.1000000E-03           1
|110110110001100101001010010101> :  0.7025525E-05  0.1000000E-03           1
|011000001110011010111001101000> :  0.4325380E-04  0.1000000E-03           1
|110110110001000101101000010111> :  0.8298216E-04  0.1000000E-03           1
|110110110001000101001010011101> :  0.1515991E-04  0.1000000E-03           1
|110101110011000111100000010110> :  0.9632817E-05  0.1000000E-03           1
|110101110011000101100000011111> :  0.2376262E-04  0.1000000E-03           1
|011000001100011010111011101000> :  0.7089737E-04  0.1000000E-03           1
|111001001000010111010111010100> :  0.2326485E-04  0.1000000E-03           1
|110101101111000011110000000100> :  0.1930372E-05  0.1000000E-03           1
|110100110011000101100000011111> :  0.1256375E-03  0.1000000E-03           1
|000111111111101000100100100011> :  0.2854302E-04  0.1000000E-03           1
|000000011100111100011011111001> :  0.3982224E-04  0.1000000E-03           1
|000000010110111101011011101001> :  0.4308043E-04  0.1000000E-03           1
|111001100000010111110011000110> :  0.5685960E-04  0.1000000E-03           1
|110011101011010011100001100100> :  0.2614568E-08  0.1000000E-03           1
|011000000100011110011011101110> :  0.5484708E-05  0.1000000E-03           1
|000111111111101000100100100001> :  0.3525896E-04  0.1000000E-03           1
|110010110011100101100001000111> :  0.5835626E-04  0.1000000E-03           1
|110010110011100101100000000111> :  0.9424718E-04  0.1000000E-03           1
|111001100010010111010011001110> :  0.5183642E-04  0.1000000E-03           1
|000110011100101000011011111000> :  0.2398343E-05  0.1000000E-03           1
|110010110011100101001001010111> :  0.3991824E-05  0.1000000E-03           1
|111001100010010111100001010110> :  0.2944939E-05  0.1000000E-03           1
|111001100010010111100010001110> :  0.3376585E-05  0.1000000E-03           1
|110001110011000111100000010111> :  0.1744957E-03  0.1000000E-03           1
|011000000100010111010011001110> :  0.3821911E-04  0.1000000E-03           1
|110001100011010111100100000110> :  0.6035046E-05  0.1000000E-03           1
|011000000000010111011111011110> :  0.2876515E-04  0.1000000E-03           1
|111001100011000111100001010110> :  0.8926859E-05  0.1000000E-03           1
|000111111011101000101100110000> :  0.2150729E-04  0.1000000E-03           1
|010111111011001000100100110011> :  0.6210512E-08  0.1000000E-03           1
|110001100011010111100001000110> :  0.5161409E-04  0.1000000E-03           1
|010111101101001010101001010000> :  0.2342293E-11  0.1000000E-03           1
|000110011100101000011011110001> :  0.1322647E-04  0.1000000E-03           1
|000010011100111000011101111001> :  0.8048590E-04  0.1000000E-03           1
|010111101001001010111100110000> :  0.9622646E-06  0.1000000E-03           1
|111001100011010111100000010110> :  0.7866924E-04  0.1000000E-03           1
|110000110011100101100000010111> :  0.3283908E-04  0.1000000E-03           1
|000111110011101001001100110001> :  0.8379871E-06  0.1000000E-03           1
|000110011100101000011011101001> :  0.2585801E-04  0.1000000E-03           1
|110000110011001011111000101011> :  0.3467171E-10  0.1000000E-03           1
|010111101000011010111100110000> :  0.2983621E-06  0.1000000E-03           1
|111001100011010111100011000100> :  0.1020142E-03  0.1000000E-03           1
|110000110011000101100001010111> :  0.1878291E-04  0.1000000E-03           1
|110000100011010111100001000111> :  0.1520072E-03  0.1000000E-03           1
|101111110001100101000110010111> :  0.1325430E-05  0.1000000E-03           1
|111001100011010111110000000110> :  0.2871487E-04  0.1000000E-03           1
|010111101000010010111010111000> :  0.6295904E-08  0.1000000E-03           1
|101111101110101010100100100010> :  0.1799744E-04  0.1000000E-03           1
|010110111111101000101000100001> :  0.7908735E-05  0.1000000E-03           1
|111001101011010111100010000010> :  0.1711186E-06  0.1000000E-03           1
|000110011100101000011001111001> :  0.2226663E-04  0.1000000E-03           1
|111100000000010111010011001110> :  0.6943606E-05  0.1000000E-03           1
|111100010001000101011011011100> :  0.1132657E-05  0.1000000E-03           1
|111100010100100101011011011100> :  0.1995960E-04  0.1000000E-03           1
|101111101001010010110100010000> :  0.7354890E-09  0.1000000E-03           1
|101111101001000010100100010110> :  0.4070334E-04  0.1000000E-03           1
|010110111110101000111000100001> :  0.8266951E-04  0.1000000E-03           1
|111100011100100111010011010100> :  0.1008283E-03  0.1000000E-03           1
|111100110011000111110000000110> :  0.2124515E-04  0.1000000E-03           1
|101111100011000111100110000110> :  0.1610364E-04  0.1000000E-03           1
|111101000000010111010011001110> :  0.3410144E-03  0.1000000E-03           1
|101111100011000011100110000110> :  0.3498855E-06  0.1000000E-03           1
|111101000000010111010111011110> :  0.4858620E-05  0.1000000E-03           1
|010110111001101000101100110001> :  0.4318704E-04  0.1000000E-03           1
|000110011100101000001110111001> :  0.5038197E-04  0.1000000E-03           1
|101111100001000101000110011111> :  0.4005294E-04  0.1000000E-03           1
|101111010001100101000110010111> :  0.7661214E-04  0.1000000E-03           1
|010110011110101000011110101000> :  0.6410287E-04  0.1000000E-03           1
|111101100000010111110011010100> :  0.2104221E-04  0.1000000E-03           1
|000111101001011010101100110001> :  0.2083826E-04  0.1000000E-03           1
|111101100001010111100010000110> :  0.6763221E-05  0.1000000E-03           1
|101110110001100101000001010111> :  0.1144459E-05  0.1000000E-03           1
|101110010001100101000110010111> :  0.1303455E-04  0.1000000E-03           1
|010110011100111000011011111001> :  0.6870261E-05  0.1000000E-03           1
|101101100011010111100110000110> :  0.1150871E-03  0.1000000E-03           1
|101101100011010111100100000110> :  0.2396419E-03  0.1000000E-03           1
|000110011100101000001101111011> :  0.4559974E-04  0.1000000E-03           1
|000010011100101010000110110111> :  0.4765705E-10  0.1000000E-03           1
|101101100011010111100010000110> :  0.1336900E-03  0.1000000E-03           1
|010110011100101000111001110000> :  0.2027839E-04  0.1000000E-03           1
|101101100001010101000110011111> :  0.1254576E-04  0.1000000E-03           1
|101101001000010111010011010100> :  0.8122585E-07  0.1000000E-03           1
|101101000001010101000110011111> :  0.7447627E-05  0.1000000E-03           1
|111111001000110011010111010000> :  0.3833579E-04  0.1000000E-03           1
|111111001010110010100110100000> :  0.1033525E-06  0.1000000E-03           1
|101100011101100101011011010100> :  0.4621344E-08  0.1000000E-03           1
|010110011100101000011111011001> :  0.2647439E-04  0.1000000E-03           1
|000111101001001000101100110011> :  0.4460668E-06  0.1000000E-03           1
|000110010101101000011110111001> :  0.1233846E-05  0.1000000E-03           1
|101100010110100101010011001110> :  0.1588318E-05  0.1000000E-03           1
|101011101011010010100100100110> :  0.2537052E-03  0.1000000E-03           1
|111111101000010110110011010000> :  0.1444753E-03  0.1000000E-03           1
|111111101000011010100100101010> :  0.3797126E-05  0.1000000E-03           1
|111111101001000010100100110010> :  0.1615292E-03  0.1000000E-03           1
|111111101001000010100110010100> :  0.9216077E-05  0.1000000E-03           1
|101011100011010110100000100111> :  0.5253662E-04  0.1000000E-03           1
|101011100011010010100100100111> :  0.2838810E-04  0.1000000E-03           1
|010110011100101000011101111001> :  0.9881358E-04  0.1000000E-03           1
|101011100011010010100100100110> :  0.3724939E-04  0.1000000E-03           1
|101011100001010110000011010111> :  0.4796515E-07  0.1000000E-03           1
|000000011100111000011001111001> :  0.9366878E-06  0.1000000E-03           1
|000000010110111101011011001101> :  0.1615292E-03  0.1000000E-03           1
|111111101011000011100100010000> :  0.2278300E-05  0.1000000E-03           1
|000000010100101101011011011111> :  0.2968837E-04  0.1000000E-03           1
|000000010100101101011011001111> :  0.4827043E-04  0.1000000E-03           1
