# state, exact probability, frequency, count:
#------------------------------------------------------------------
|000110011100101000011110111001> :  0.1753020E+00  0.1732000E+00        1732
|111001100011010111100001000110> :  0.1753020E+00  0.1720000E+00        1720
|111001000100010111010011001110> :  0.3236035E-01  0.3280000E-01         328
|000110111011101000101100110001> :  0.3236035E-01  0.3000000E-01         300
|111000000100010111010011001110> :  0.2247797E-01  0.2120000E-01         212
|000111111011101000101100110001> :  0.2247797E-01  0.2050000E-01         205
|110001100011010111100000000111> :  0.1890399E-01  0.2010000E-01         201
|000110011100101000011111111001> :  0.1847624E-01  0.1970000E-01         197
|011000001100111010011111101000> :  0.1796169E-01  0.1950000E-01         195
|001110011100101000011111111000> :  0.1890399E-01  0.1830000E-01         183
|011110011100101000011111111000> :  0.1642909E-01  0.1740000E-01         174
|100111110011000101100000010111> :  0.1796169E-01  0.1690000E-01         169
|100001100011010111100000000111> :  0.1642909E-01  0.1680000E-01         168
|111001100011010111100000000110> :  0.1847624E-01  0.1640000E-01         164
|000110111111101000101100110001> :  0.1373140E-01  0.1460000E-01         146
|111001000000010111010011001110> :  0.1373140E-01  0.1450000E-01         145
|111001000000010111010011011110> :  0.1296511E-01  0.1300000E-01         130
|000110111111101000101100100001> :  0.1296511E-01  0.1280000E-01         128
|100011101011011010100100100011> :  0.1076506E-01  0.1140000E-01         114
|001001001100111010011111101000> :  0.9679897E-02  0.1070000E-01         107
|011100010100100101011011011100> :  0.1076506E-01  0.1030000E-01         103
|111101100011010111100000000110> :  0.8402109E-02  0.1000000E-01         100
|110110110011000101100000010111> :  0.9679897E-02  0.9100000E-02          91
|000010011100101000011111111001> :  0.8402109E-02  0.8200000E-02          82
|100011100011010111100000100111> :  0.7334947E-02  0.7000000E-02          70
|011100011100101000011111011000> :  0.7334947E-02  0.6500000E-02          65
|100111111011101000100100100011> :  0.5876558E-02  0.6400000E-02          64
|011000000100010111011011011100> :  0.5876558E-02  0.6100000E-02          61
|100011100011011010100100100111> :  0.6003382E-02  0.5800000E-02          58
|000110011100101000011101111001> :  0.4849502E-02  0.5500000E-02          55
|011100011100100101011011011000> :  0.6003382E-02  0.5200000E-02          52
|100001100011010111100000100111> :  0.4388769E-02  0.5000000E-02          50
|011110011100101000011111011000> :  0.4388769E-02  0.4800000E-02          48
|011000010100010111011011011100> :  0.4550910E-02  0.4800000E-02          48
|111001100011010111100010000110> :  0.4849502E-02  0.4800000E-02          48
|110001100001010111100001010111> :  0.4338397E-02  0.4300000E-02          43
|110111110011000101100000010111> :  0.3726690E-02  0.4100000E-02          41
|100111100001000111100000010111> :  0.3927958E-02  0.4000000E-02          40
|100111101011101000100100100011> :  0.4550910E-02  0.4000000E-02          40
|011000011110111000011111101000> :  0.3927958E-02  0.4000000E-02          40
|001110011110101000011110101000> :  0.4338397E-02  0.3800000E-02          38
|001000001100111010011111101000> :  0.3726690E-02  0.3700000E-02          37
|100001100111000111100000000111> :  0.3113535E-02  0.3600000E-02          36
|111001100011010111100100000110> :  0.3112359E-02  0.3400000E-02          34
|100111101111101000100100100011> :  0.2909910E-02  0.3300000E-02          33
|011110011000111000011111111000> :  0.3113535E-02  0.3300000E-02          33
|000010001100111000011111111001> :  0.2045032E-02  0.3100000E-02          31
|101111100001000111000110010110> :  0.2359085E-02  0.3100000E-02          31
|110110110011100101100000010111> :  0.3570573E-02  0.3100000E-02          31
|001001001100011010011111101000> :  0.3570573E-02  0.3100000E-02          31
|100011100011010111100000000111> :  0.3135387E-02  0.3000000E-02          30
|000110011100101000011111011001> :  0.2773869E-02  0.2900000E-02          29
|011000010000010111011011011100> :  0.2909910E-02  0.2900000E-02          29
|010000011110111000111001101001> :  0.2359085E-02  0.2900000E-02          29
|011100011100101000011111111000> :  0.3135387E-02  0.2700000E-02          27
|110001110011000111100000000111> :  0.2354712E-02  0.2600000E-02          26
|000111111001101000101100110001> :  0.1835208E-02  0.2500000E-02          25
|000110011100101000011111111000> :  0.2265896E-02  0.2500000E-02          25
|111001000110010111010011001110> :  0.2261132E-02  0.2500000E-02          25
|000010011100111000011111111001> :  0.2180691E-02  0.2400000E-02          24
|000110111001101000101100110001> :  0.2261132E-02  0.2300000E-02          23
|111000000110010111010011001110> :  0.1835208E-02  0.2300000E-02          23
|111001100011010111100000000111> :  0.2265896E-02  0.2300000E-02          23
|111001100011010111100000100110> :  0.2773869E-02  0.2300000E-02          23
|111101001000010111110011010100> :  0.1671796E-02  0.2200000E-02          22
|111101110011000111100000000110> :  0.2045032E-02  0.2100000E-02          21
|000110011100101000011110101001> :  0.1201137E-02  0.2000000E-02          20
|001110001100111000011111111000> :  0.2354712E-02  0.1900000E-02          19
|011100011100101001011111011000> :  0.7655386E-03  0.1800000E-02          18
|000010110111101000001100101011> :  0.1671796E-02  0.1800000E-02          18
|011000011100111010011011101000> :  0.1504842E-02  0.1800000E-02          18
|000010110111101000101100101011> :  0.1533503E-02  0.1700000E-02          17
|000110011100111000011110111001> :  0.1289430E-02  0.1700000E-02          17
|000110011100101000011011111001> :  0.3112359E-02  0.1700000E-02          17
|111101100011000111100000000110> :  0.2180691E-02  0.1600000E-02          16
|100111100011000101100100010111> :  0.1504842E-02  0.1600000E-02          16
|011100011100111000011111111000> :  0.9355098E-03  0.1600000E-02          16
|100001100011010111100001000111> :  0.6964794E-03  0.1500000E-02          15
|001110011100101000011110111000> :  0.1741632E-02  0.1500000E-02          15
|111001001000010111010011010100> :  0.1009299E-02  0.1500000E-02          15
|110011100011010111100000000111> :  0.1406531E-02  0.1500000E-02          15
|011100011100111000011111011000> :  0.1037392E-02  0.1400000E-02          14
|001100011100101000011111111000> :  0.1406531E-02  0.1400000E-02          14
|101111100001000101000110010111> :  0.1163491E-02  0.1300000E-02          13
|001001001100011010011111111000> :  0.1316859E-02  0.1300000E-02          13
|111000010000010111010011001110> :  0.1002962E-02  0.1300000E-02          13
|110001100011010111100001000111> :  0.1741632E-02  0.1300000E-02          13
|111101001000010111010011010100> :  0.1533503E-02  0.1200000E-02          12
|000110011101101000001110111001> :  0.7283402E-03  0.1200000E-02          12
|000000010101100101011011011101> :  0.1303419E-02  0.1200000E-02          12
|111001100010010111110001000110> :  0.7283402E-03  0.1100000E-02          11
|111001100001010111100001010110> :  0.9275932E-03  0.1100000E-02          11
|111001100011010111100001010110> :  0.1201137E-02  0.1000000E-02          10
|100001110011000111100000000111> :  0.5703981E-03  0.1000000E-02          10
|100011100011000111100000100111> :  0.1037392E-02  0.1000000E-02          10
|110111101011000011100100010100> :  0.1070280E-02  0.1000000E-02          10
|101001100011010111100000000111> :  0.7482845E-03  0.1000000E-02          10
|001111001100101000011111111000> :  0.5305782E-03  0.1000000E-02          10
|111001001000010111110011010100> :  0.7851630E-03  0.1000000E-02          10
|000110110111101000001100101011> :  0.7851630E-03  0.9000000E-03           9
|000111101111101000101100110001> :  0.1002962E-02  0.9000000E-03           9
|010000011110111010111001101000> :  0.1163491E-02  0.9000000E-03           9
|111000000000010111010011011110> :  0.6043450E-03  0.9000000E-03           9
|001000010100111100011011101011> :  0.1070280E-02  0.9000000E-03           9
|000110110111101000101100101011> :  0.1009299E-02  0.9000000E-03           9
|100001100111010111100000000111> :  0.9371140E-03  0.9000000E-03           9
|011110011100101000011110111000> :  0.6964794E-03  0.9000000E-03           9
|111111101010011010100100100010> :  0.1303419E-02  0.9000000E-03           9
|011110001100111000011111111000> :  0.5703981E-03  0.9000000E-03           9
|011110011000101000011111111000> :  0.9371140E-03  0.9000000E-03           9
|011000010110100101011011011100> :  0.7460892E-03  0.8000000E-03           8
|000110011100101000011100111001> :  0.5459537E-03  0.8000000E-03           8
|100111101001011010100100100011> :  0.7460892E-03  0.8000000E-03           8
|101001000100010111010011001110> :  0.5940966E-03  0.8000000E-03           8
|110110110011100101100000000111> :  0.1316859E-02  0.8000000E-03           8
|100011100011000111100000000111> :  0.9355098E-03  0.8000000E-03           8
|111001100011000111100001000110> :  0.1289430E-02  0.8000000E-03           8
|000010111111101000101100100001> :  0.3262242E-03  0.8000000E-03           8
|010110011100101000111001110001> :  0.7956080E-03  0.8000000E-03           8
|110000100001010111100001010111> :  0.4908420E-03  0.7000000E-03           7
|111001000010010111000111001110> :  0.5017160E-03  0.7000000E-03           7
|100001100001010111100001010111> :  0.4096964E-03  0.7000000E-03           7
|011100011100101101011011011000> :  0.3232404E-03  0.6000000E-03           6
|110001110011010111100000000111> :  0.2297844E-03  0.6000000E-03           6
|000110011100101000011111110001> :  0.5693106E-03  0.6000000E-03           6
|001111001100111000011110111000> :  0.4496461E-03  0.6000000E-03           6
|000110011110101000011110101001> :  0.9275932E-03  0.6000000E-03           6
|111111001000010111010111010000> :  0.3498763E-03  0.6000000E-03           6
|010110011100101000011110111001> :  0.3323064E-03  0.5000000E-03           5
|111000010000010111010011011110> :  0.5777924E-03  0.5000000E-03           5
|000111101111101000101100100001> :  0.5777924E-03  0.5000000E-03           5
|010110111011101000101100110001> :  0.5940966E-03  0.5000000E-03           5
|010110011100101000011111111000> :  0.7482845E-03  0.5000000E-03           5
|101101100011000111100100000110> :  0.3047229E-03  0.5000000E-03           5
|011000001100011010011111111000> :  0.1738558E-03  0.5000000E-03           5
|111001000000010111010111001110> :  0.3826237E-03  0.5000000E-03           5
|000111111111101000101100100001> :  0.6043450E-03  0.5000000E-03           5
|110001100011010111100000010111> :  0.3609350E-03  0.5000000E-03           5
|101001100011010111000110001110> :  0.7956080E-03  0.5000000E-03           5
|100011100011010110100000100111> :  0.7655386E-03  0.5000000E-03           5
|011000011110111000011011101000> :  0.3633415E-03  0.5000000E-03           5
|111001100011010111000110001110> :  0.3447434E-03  0.5000000E-03           5
|011110011000111000011111011000> :  0.1186600E-03  0.5000000E-03           5
|111001100011010111100000001110> :  0.5693106E-03  0.4000000E-03           4
|000110011100101000111001110001> :  0.3447434E-03  0.4000000E-03           4
|000010011100111000011011111001> :  0.5056899E-03  0.4000000E-03           4
|100111100001100101000110010111> :  0.3852034E-03  0.4000000E-03           4
|110011100011000111100000000111> :  0.4802403E-03  0.4000000E-03           4
|000110011100101000011110111000> :  0.1221578E-03  0.4000000E-03           4
|010110011100101000011111011000> :  0.1783678E-03  0.4000000E-03           4
|010110011100101000011001111001> :  0.2068369E-03  0.4000000E-03           4
|110000110011000111100001000111> :  0.4496461E-03  0.4000000E-03           4
|101001100011010111100000100111> :  0.1783678E-03  0.4000000E-03           4
|010110011100101000011111111001> :  0.1478843E-03  0.4000000E-03           4
|110111100001000111100000010111> :  0.3467147E-03  0.4000000E-03           4
|100111100001000111100100010111> :  0.3633415E-03  0.4000000E-03           4
|000110111101101000111000110001> :  0.5017160E-03  0.4000000E-03           4
|001111001100111000011111111000> :  0.3591556E-03  0.4000000E-03           4
|100011101011011010100100100111> :  0.1693746E-03  0.4000000E-03           4
|100011100011010010100100100111> :  0.3232404E-03  0.4000000E-03           4
|000010111111101000101100110001> :  0.1888061E-03  0.4000000E-03           4
|111101100011000111100100000110> :  0.5056899E-03  0.4000000E-03           4
|111111101001010010100110010000> :  0.1089367E-03  0.4000000E-03           4
|111101000000010111010011011110> :  0.3262242E-03  0.3000000E-03           3
|111001100011010111100000010110> :  0.6139571E-04  0.3000000E-03           3
|001110001100101000011111111000> :  0.2297844E-03  0.3000000E-03           3
|101101100011000111100110000110> :  0.1501458E-03  0.3000000E-03           3
|110000110011000111100000000111> :  0.3591556E-03  0.3000000E-03           3
|010010011100111000011001111001> :  0.1501458E-03  0.3000000E-03           3
|010111101000011010011110111000> :  0.2366277E-03  0.3000000E-03           3
|000111111011001000101100110001> :  0.2934019E-03  0.3000000E-03           3
|000110111111101000101000100001> :  0.4194327E-03  0.3000000E-03           3
|110001100011010111100000100111> :  0.2442991E-03  0.3000000E-03           3
|010000010101100101011011011101> :  0.1229840E-03  0.3000000E-03           3
|010010011100111000011011111001> :  0.3047229E-03  0.3000000E-03           3
|111001000000010111000111011110> :  0.1250552E-03  0.3000000E-03           3
|000011000111111000001110101001> :  0.9617285E-04  0.3000000E-03           3
|001110011100101000011111101000> :  0.3609350E-03  0.3000000E-03           3
|001000011110111000011111101000> :  0.3467147E-03  0.3000000E-03           3
|100001100011010111100100000111> :  0.1483454E-03  0.3000000E-03           3
|001001001110011010111110101000> :  0.8049968E-04  0.3000000E-03           3
|000000110111101000101000101111> :  0.3498763E-03  0.3000000E-03           3
|111001100011010111100011000110> :  0.5459537E-03  0.2000000E-03           2
|111001100011010111100010000100> :  0.3202010E-04  0.2000000E-03           2
|111001100011010111100001000111> :  0.1221578E-03  0.2000000E-03           2
|111001000010010111010011001110> :  0.2814237E-03  0.2000000E-03           2
|001000010110111100011001101011> :  0.3103632E-03  0.2000000E-03           2
|001000001100111010011111101010> :  0.2288536E-03  0.2000000E-03           2
|000000010110111101011011001101> :  0.7321914E-04  0.2000000E-03           2
|100100110111100101100000000111> :  0.5349051E-04  0.2000000E-03           2
|011000010100110101011011011101> :  0.7633942E-04  0.2000000E-03           2
|110111101011000011100110010100> :  0.8727115E-04  0.2000000E-03           2
|011000010100110101011011011100> :  0.3102121E-05  0.2000000E-03           2
|110101100011010111100000000111> :  0.1945674E-03  0.2000000E-03           2
|110001100011010111100001010111> :  0.3722029E-04  0.2000000E-03           2
|110001100011010111100001000110> :  0.9008370E-04  0.2000000E-03           2
|110000110011010111100000000111> :  0.5305782E-03  0.2000000E-03           2
|000111101001011000101100111001> :  0.5455451E-04  0.2000000E-03           2
|000111101001011000101100110001> :  0.1933885E-03  0.2000000E-03           2
|000000010101100101011011011111> :  0.1316933E-03  0.2000000E-03           2
|000111011111101000101100110001> :  0.1891156E-03  0.2000000E-03           2
|101111000001100101000111010111> :  0.5830476E-04  0.2000000E-03           2
|000111011100101000011110111001> :  0.1043162E-03  0.2000000E-03           2
|101001100011010111100001000110> :  0.3323064E-03  0.2000000E-03           2
|101001100011010111000111000110> :  0.4905365E-04  0.2000000E-03           2
|000010010111101000001100101111> :  0.3873810E-04  0.2000000E-03           2
|110000110011010111100001000111> :  0.2437456E-03  0.2000000E-03           2
|110000110011100101100001010111> :  0.4330487E-04  0.2000000E-03           2
|101001100001010111000011010110> :  0.1850118E-04  0.2000000E-03           2
|000110111111101000111000100001> :  0.1250552E-03  0.2000000E-03           2
|010110011100101000011011111001> :  0.1650827E-03  0.2000000E-03           2
|010010011100101000011011111001> :  0.1365639E-03  0.2000000E-03           2
|101000010111100101100001000111> :  0.2366277E-03  0.2000000E-03           2
|101000010111100101000001000111> :  0.7721227E-04  0.2000000E-03           2
|110010110011100101000001010111> :  0.2504293E-04  0.2000000E-03           2
|110010110011100101100000000111> :  0.4010382E-04  0.2000000E-03           2
|010000101110011010111001101000> :  0.3090669E-04  0.2000000E-03           2
|000110111111101000101000110001> :  0.3826237E-03  0.2000000E-03           2
|010000011110111010111001100000> :  0.3294679E-04  0.2000000E-03           2
|110100110011100101100000010111> :  0.5646656E-04  0.2000000E-03           2
|111000000000010111010111001110> :  0.1091748E-03  0.2000000E-03           2
|000111111111101000101000100001> :  0.1879828E-03  0.2000000E-03           2
|011000010100000111011011011100> :  0.4329553E-04  0.2000000E-03           2
|011000010000010111011011011110> :  0.2998722E-04  0.2000000E-03           2
|100111101001000011100100010111> :  0.2284980E-04  0.2000000E-03           2
|110111110011000101100000010101> :  0.2288536E-03  0.2000000E-03           2
|110111101001000011100110010100> :  0.3103632E-03  0.2000000E-03           2
|001111011110101000011110101000> :  0.4908420E-03  0.2000000E-03           2
|111000000000010111010111011110> :  0.1879828E-03  0.2000000E-03           2
|100111100001000101000110011111> :  0.1084651E-03  0.2000000E-03           2
|011000011100011010111001101010> :  0.5600592E-04  0.2000000E-03           2
|011000011100000111011011011100> :  0.1451765E-03  0.2000000E-03           2
|111001000000010111010111011110> :  0.4194327E-03  0.2000000E-03           2
|001000011100111000011111111000> :  0.2524133E-04  0.2000000E-03           2
|100011101011011010100100100110> :  0.3844320E-04  0.2000000E-03           2
|000011100111011000101100101011> :  0.9876192E-04  0.2000000E-03           2
|001110011100111000011111111000> :  0.2244765E-03  0.2000000E-03           2
|000000010111101101001001101111> :  0.1495551E-03  0.2000000E-03           2
|100001100011010111100000010111> :  0.7015434E-04  0.2000000E-03           2
|011100010100100101011011011001> :  0.3844320E-04  0.2000000E-03           2
|001101001100111010011111101000> :  0.2610799E-04  0.2000000E-03           2
|111001100011010111100001001110> :  0.8445413E-05  0.2000000E-03           2
|011110011110101000011110101000> :  0.4096964E-03  0.2000000E-03           2
|111001100011000111100000000110> :  0.2352506E-03  0.2000000E-03           2
|000110011101101000111001110001> :  0.2665448E-03  0.2000000E-03           2
|111111101000010010100110010000> :  0.1617199E-03  0.2000000E-03           2
|111101000000010111010011001110> :  0.1888061E-03  0.2000000E-03           2
|111100011000100111010011010100> :  0.9876192E-04  0.2000000E-03           2
|011110011100111000011111111000> :  0.6293631E-04  0.2000000E-03           2
|001001001110111010011110101000> :  0.8571321E-04  0.2000000E-03           2
|001100011100111000011111111000> :  0.4802403E-03  0.2000000E-03           2
|111101100011000111100100010110> :  0.1080819E-04  0.2000000E-03           2
|011000010110110101011011001100> :  0.1872427E-03  0.2000000E-03           2
|111001100011010111101000000010> :  0.1041194E-05  0.1000000E-03           1
|111001100011010111100110000110> :  0.9041737E-05  0.1000000E-03           1
|001001001110111010010111101000> :  0.2885996E-04  0.1000000E-03           1
|011100011100101000011011111000> :  0.3206032E-04  0.1000000E-03           1
|000110011100111000011111111001> :  0.2352506E-03  0.1000000E-03           1
|011100011100011010111011101000> :  0.3280105E-05  0.1000000E-03           1
|011100011000011101011111111110> :  0.1065842E-09  0.1000000E-03           1
|001001001100111010010111101010> :  0.1355131E-03  0.1000000E-03           1
|111001100011010111000011000110> :  0.3579841E-04  0.1000000E-03           1
|011100010100100101011011011000> :  0.1693746E-03  0.1000000E-03           1
|001001001100111010000111101010> :  0.5062778E-05  0.1000000E-03           1
|011011001100011010011111101000> :  0.3410603E-05  0.1000000E-03           1
|111001100010010111100011000110> :  0.2404429E-04  0.1000000E-03           1
|011010011110111000011111101000> :  0.2098157E-05  0.1000000E-03           1
|011010011100101000011111111000> :  0.4158422E-04  0.1000000E-03           1
|111001100001010111100011010110> :  0.1608083E-04  0.1000000E-03           1
|011001001100111010011111101000> :  0.4586759E-05  0.1000000E-03           1
|011001001100011010111011101000> :  0.1800552E-04  0.1000000E-03           1
|111001100001000111100011010110> :  0.6285329E-06  0.1000000E-03           1
|011001001100011010011011101000> :  0.2907669E-04  0.1000000E-03           1
|000110011100101000111000111001> :  0.5593727E-05  0.1000000E-03           1
|000010100011011000101100101111> :  0.1718566E-04  0.1000000E-03           1
|000000011100111110111001100011> :  0.2592306E-07  0.1000000E-03           1
|111001100000010111010011010110> :  0.1264287E-03  0.1000000E-03           1
|111001010000100111111010100110> :  0.1958667E-10  0.1000000E-03           1
|001000011110101011111110100001> :  0.1221370E-09  0.1000000E-03           1
|011000011110011010111001101000> :  0.3852034E-03  0.1000000E-03           1
|011000011100111010111011101000> :  0.3242189E-05  0.1000000E-03           1
|001000011100111100011011111001> :  0.1012645E-04  0.1000000E-03           1
|111001000010010111010011001100> :  0.9895548E-05  0.1000000E-03           1
|111001000000010111011011011100> :  0.8935538E-05  0.1000000E-03           1
|011000011100111010011001101010> :  0.4767995E-05  0.1000000E-03           1
|011000011100011110011011101000> :  0.5240256E-04  0.1000000E-03           1
|111001000000010111010011011100> :  0.5908788E-04  0.1000000E-03           1
|011000011100011010111011101000> :  0.6114656E-05  0.1000000E-03           1
|000010011110111000001100101011> :  0.2259806E-06  0.1000000E-03           1
|111000100011010111100001000110> :  0.1043162E-03  0.1000000E-03           1
|111000100001010111100001010111> :  0.2023062E-04  0.1000000E-03           1
|001000010100111101010011001111> :  0.1766782E-06  0.1000000E-03           1
|011000011000010111011011011100> :  0.1034547E-03  0.1000000E-03           1
|111000010100010111010011001110> :  0.5103400E-04  0.1000000E-03           1
|011000010110111101011011001000> :  0.5618729E-04  0.1000000E-03           1
|001000010100111100011011111001> :  0.2111590E-04  0.1000000E-03           1
|011000010110111100011011101010> :  0.1043820E-06  0.1000000E-03           1
|111000010000010111010011001111> :  0.3038692E-05  0.1000000E-03           1
|011000010110111100011001101011> :  0.3256547E-04  0.1000000E-03           1
|111000000111010100100111010100> :  0.1959488E-10  0.1000000E-03           1
|011000010110110101011011011100> :  0.2488686E-04  0.1000000E-03           1
|111000000100010110110011001110> :  0.5614197E-05  0.1000000E-03           1
|000000011100111100011011111001> :  0.3910987E-04  0.1000000E-03           1
|111000000010010111010111001110> :  0.1622386E-04  0.1000000E-03           1
|011000010110010101011011011100> :  0.7663883E-04  0.1000000E-03           1
|001000000101110111011011010011> :  0.1870265E-10  0.1000000E-03           1
|011000010100100101011011011101> :  0.8180135E-04  0.1000000E-03           1
|110110110011100101100000010101> :  0.2021471E-04  0.1000000E-03           1
|011000010100100101011011011100> :  0.1684107E-03  0.1000000E-03           1
|110110110011011101110000010110> :  0.2739753E-10  0.1000000E-03           1
|110110110011000101101000010101> :  0.1355131E-03  0.1000000E-03           1
|011000010100010111010011001110> :  0.7251836E-05  0.1000000E-03           1
|000111111111101000101000110001> :  0.1091748E-03  0.1000000E-03           1
|110110110001000101101000010111> :  0.2885996E-04  0.1000000E-03           1
|110110100000010101110111010000> :  0.1409384E-10  0.1000000E-03           1
|011000010000010111011011111100> :  0.1740750E-05  0.1000000E-03           1
|110101110011000111100000010111> :  0.1895590E-04  0.1000000E-03           1
|110101110011000111100000000111> :  0.8538180E-04  0.1000000E-03           1
|110101110011000101100000010111> :  0.1361187E-03  0.1000000E-03           1
|011000001110111010011111101000> :  0.3435892E-04  0.1000000E-03           1
|110100110010011100010011001101> :  0.6876388E-11  0.1000000E-03           1
|011000001110011010111001101000> :  0.2077048E-04  0.1000000E-03           1
|110011110111010111100000010111> :  0.1628898E-07  0.1000000E-03           1
|110011101011011010100100100011> :  0.1264356E-04  0.1000000E-03           1
|011000001100111010011111111000> :  0.1769081E-04  0.1000000E-03           1
|110011101011000011101001001101> :  0.1530617E-09  0.1000000E-03           1
|000000011100111010111001101011> :  0.4978978E-05  0.1000000E-03           1
|011000001100111010011011101000> :  0.3149596E-04  0.1000000E-03           1
|011000001100011010111011101000> :  0.3306643E-04  0.1000000E-03           1
|000111111001001000101100111001> :  0.2572460E-04  0.1000000E-03           1
|110010110011000101100000010111> :  0.2610799E-04  0.1000000E-03           1
|110001100011010111100100000111> :  0.1242749E-05  0.1000000E-03           1
|011000000110011110111000000110> :  0.1359719E-09  0.1000000E-03           1
|011000000100010111011011011110> :  0.4004165E-04  0.1000000E-03           1
|011000000100010111011011001110> :  0.2660993E-03  0.1000000E-03           1
|110001100011000111100000000111> :  0.2244765E-03  0.1000000E-03           1
|010111101010011010111100100000> :  0.7792952E-05  0.1000000E-03           1
|000111101101101000101100110001> :  0.1280011E-03  0.1000000E-03           1
|000010011100101000011101111001> :  0.7841129E-04  0.1000000E-03           1
|010111101000011010111110110000> :  0.1028114E-03  0.1000000E-03           1
|110000110011100111100001000111> :  0.1382032E-03  0.1000000E-03           1
|000111101011111000100100100001> :  0.8794612E-06  0.1000000E-03           1
|010110011110101000011110111000> :  0.4794311E-04  0.1000000E-03           1
|000110011100100110011010111000> :  0.5563595E-08  0.1000000E-03           1
|010110011100101000111011011000> :  0.4171374E-04  0.1000000E-03           1
|110000100011010111100001000111> :  0.3122793E-04  0.1000000E-03           1
|010110011100101000111000111001> :  0.4905365E-04  0.1000000E-03           1
|101111100011100101000110000111> :  0.7424718E-05  0.1000000E-03           1
|101111100011000101000110010101> :  0.1250931E-04  0.1000000E-03           1
|000111011111101001001100110001> :  0.5386321E-06  0.1000000E-03           1
|000110011000101000011110111001> :  0.3179454E-05  0.1000000E-03           1
|000000011001101010011111101100> :  0.4148909E-09  0.1000000E-03           1
|000000010110101101011011001111> :  0.1454096E-04  0.1000000E-03           1
|101111100001100101000110010111> :  0.1879882E-04  0.1000000E-03           1
|101101101111110011100110000101> :  0.4220180E-11  0.1000000E-03           1
|010110011100101000011101111001> :  0.8466315E-04  0.1000000E-03           1
|000111011110101000101100101001> :  0.9015375E-06  0.1000000E-03           1
|000110010100101101011011110001> :  0.9082494E-07  0.1000000E-03           1
|101011101110011010100100100010> :  0.4538110E-05  0.1000000E-03           1
|010110011100101000011011111000> :  0.4346676E-04  0.1000000E-03           1
|000111011101101000001110111001> :  0.4438903E-04  0.1000000E-03           1
|101001110010110111100100100110> :  0.1817749E-09  0.1000000E-03           1
|101001100111000111100000000111> :  0.1242163E-03  0.1000000E-03           1
|101001100011010111100100000110> :  0.1650827E-03  0.1000000E-03           1
|010101100011000111101000110110> :  0.2529041E-09  0.1000000E-03           1
|000110001100111000011111111001> :  0.1039673E-03  0.1000000E-03           1
|101001100011010111100010000110> :  0.8466315E-04  0.1000000E-03           1
|010100011100101101011011011000> :  0.6657027E-05  0.1000000E-03           1
|010100011100101000011101111001> :  0.5836108E-06  0.1000000E-03           1
|101011100011010010100100100111> :  0.6657027E-05  0.1000000E-03           1
|101011100011010100100100100111> :  0.3294805E-06  0.1000000E-03           1
|101011101011010010100100100110> :  0.1187488E-03  0.1000000E-03           1
|000111011000101000011111111101> :  0.9064627E-07  0.1000000E-03           1
|101001100011010111100000000110> :  0.1478843E-03  0.1000000E-03           1
|010011011100101000011111111100> :  0.1188681E-06  0.1000000E-03           1
|101101100011010111100100000110> :  0.1365639E-03  0.1000000E-03           1
|101001100011010111000110000110> :  0.7493876E-04  0.1000000E-03           1
|101111000001100101000110010111> :  0.3642831E-04  0.1000000E-03           1
|010010101100011010111001110001> :  0.1572884E-05  0.1000000E-03           1
|000111001000101000111010110001> :  0.2282076E-08  0.1000000E-03           1
|000110001001001100111111010001> :  0.1081795E-09  0.1000000E-03           1
|101001100001010111100001010111> :  0.5087789E-04  0.1000000E-03           1
|101001100001010111100001010110> :  0.3277930E-05  0.1000000E-03           1
|010010011110111000111001100001> :  0.1219808E-04  0.1000000E-03           1
|101111101010011010100100100010> :  0.1229840E-03  0.1000000E-03           1
|110000010001001111010101011111> :  0.5989420E-10  0.1000000E-03           1
|101001100001010111100001000111> :  0.4794311E-04  0.1000000E-03           1
|101001100001010111100000000111> :  0.2235480E-05  0.1000000E-03           1
|110000110001000111100001010111> :  0.5376932E-04  0.1000000E-03           1
|110000110011000101101000001111> :  0.5267588E-07  0.1000000E-03           1
|000110111111101000111000110001> :  0.3567305E-04  0.1000000E-03           1
|101001100001010111000111010110> :  0.1108069E-04  0.1000000E-03           1
|101001000110010111010011001110> :  0.6503083E-04  0.1000000E-03           1
|010010011100101001010111111000> :  0.1411343E-08  0.1000000E-03           1
|000101011111101000111010001000> :  0.9945208E-09  0.1000000E-03           1
|000010000100111001111111101001> :  0.7172988E-07  0.1000000E-03           1
|000000010111101101011001101111> :  0.1617199E-03  0.1000000E-03           1
|110001100010010101100100010111> :  0.6767364E-07  0.1000000E-03           1
|101001000010110111000111000110> :  0.1900894E-05  0.1000000E-03           1
|101000010111100101100001010111> :  0.8297649E-05  0.1000000E-03           1
|110001100011010111100000001111> :  0.2381609E-04  0.1000000E-03           1
|010010011100101000011001111001> :  0.6097523E-04  0.1000000E-03           1
|101000010100100101010011011111> :  0.4642486E-05  0.1000000E-03           1
|100111111111101000100000100001> :  0.8849102E-05  0.1000000E-03           1
|010001100011001111100001100110> :  0.3488357E-07  0.1000000E-03           1
|100111111011101000100100110001> :  0.2660993E-03  0.1000000E-03           1
|010000111110011010111000101000> :  0.5830476E-04  0.1000000E-03           1
|000101011100001001011011111100> :  0.1205167E-08  0.1000000E-03           1
|100111111011101000100100100001> :  0.4004165E-04  0.1000000E-03           1
|100111111001101000100100110011> :  0.1970289E-04  0.1000000E-03           1
|110010110011000101101000010101> :  0.1623712E-04  0.1000000E-03           1
|100111110001100101000110010111> :  0.2077048E-04  0.1000000E-03           1
|100111101011111000100100100001> :  0.5715088E-04  0.1000000E-03           1
|100111101011101010100100100011> :  0.4916106E-04  0.1000000E-03           1
|010000011110111010011111101000> :  0.4166432E-07  0.1000000E-03           1
|000101001110011101000111001001> :  0.2715033E-11  0.1000000E-03           1
|000001100111011111110110001010> :  0.1517443E-10  0.1000000E-03           1
|100111101011011010100100100011> :  0.1684107E-03  0.1000000E-03           1
|100111101011011000100100110001> :  0.5662203E-04  0.1000000E-03           1
|110100110011000101100000001111> :  0.1024910E-04  0.1000000E-03           1
|100111101011001010100100100010> :  0.7633942E-04  0.1000000E-03           1
|110100111000000111110000011110> :  0.5706245E-08  0.1000000E-03           1
|100111101001101000100100110011> :  0.9387723E-05  0.1000000E-03           1
|010000011100111000111001111001> :  0.1209624E-03  0.1000000E-03           1
|000110111110101010110011100011> :  0.3982481E-10  0.1000000E-03           1
|010000010111100101011011011100> :  0.1111411E-04  0.1000000E-03           1
|100111100111101000100100100011> :  0.1034547E-03  0.1000000E-03           1
|110110100101000100101100010011> :  0.7077239E-10  0.1000000E-03           1
|100111100011111000100100100011> :  0.1451765E-03  0.1000000E-03           1
|110110110001100101100001010111> :  0.1310913E-04  0.1000000E-03           1
|000110111110001100011101011001> :  0.2994770E-09  0.1000000E-03           1
|000100010101100101011011011101> :  0.5418348E-04  0.1000000E-03           1
|100111100011101000100100100111> :  0.5379201E-05  0.1000000E-03           1
|100111100011101000100100100011> :  0.3333038E-04  0.1000000E-03           1
|010000010001010101011011011101> :  0.4044838E-05  0.1000000E-03           1
|100111100011000111100000000111> :  0.1275706E-03  0.1000000E-03           1
|001111101000011010101110100000> :  0.4585623E-08  0.1000000E-03           1
|000110111101101000111000111001> :  0.1248669E-04  0.1000000E-03           1
|100111100011000101001110010101> :  0.5209599E-04  0.1000000E-03           1
|100111100001100101001110010101> :  0.2381459E-05  0.1000000E-03           1
|001111001110111000100100100001> :  0.3718800E-06  0.1000000E-03           1
|000011101111111000101100100001> :  0.1306087E-05  0.1000000E-03           1
|000001100011010111100001100111> :  0.2140121E-06  0.1000000E-03           1
|000000010111101101011000101111> :  0.1282598E-05  0.1000000E-03           1
|000000010110101101011011001101> :  0.6088946E-05  0.1000000E-03           1
|001111001110111000011110101000> :  0.5376932E-04  0.1000000E-03           1
|100110110011100101100000010111> :  0.4438954E-04  0.1000000E-03           1
|100110110011000101100000010111> :  0.4586759E-05  0.1000000E-03           1
|000110111101101000101000110001> :  0.3705429E-04  0.1000000E-03           1
|100110100001010100100110000011> :  0.3109069E-10  0.1000000E-03           1
|100101110011100101100000000111> :  0.3811135E-04  0.1000000E-03           1
|001111001100111000011111101000> :  0.5194713E-04  0.1000000E-03           1
|100101110011000111100000000111> :  0.3093962E-04  0.1000000E-03           1
|111000010010010111010011001110> :  0.1280011E-03  0.1000000E-03           1
|100101110011000101100000010111> :  0.3257114E-04  0.1000000E-03           1
|111000010100100111010011001110> :  0.1326687E-03  0.1000000E-03           1
|111000010110100111010011001110> :  0.1933885E-03  0.1000000E-03           1
|111000100000010111010011001110> :  0.1891156E-03  0.1000000E-03           1
|000011101001101001101000101101> :  0.4956428E-11  0.1000000E-03           1
|111000100010010111110001000110> :  0.4438903E-04  0.1000000E-03           1
|100100111100001000111010111011> :  0.1704026E-10  0.1000000E-03           1
|100100100011100111101100000011> :  0.3041373E-08  0.1000000E-03           1
|001111001100101000011110111000> :  0.2437456E-03  0.1000000E-03           1
|001111001100011010011111101000> :  0.1037218E-04  0.1000000E-03           1
|100011101011010010100100100111> :  0.2219038E-04  0.1000000E-03           1
|001111001100011010011110101000> :  0.4330487E-04  0.1000000E-03           1
|000110110111101001101000110001> :  0.9019126E-06  0.1000000E-03           1
|000001011100111000011111111101> :  0.1763968E-06  0.1000000E-03           1
|001111001100011010010111101000> :  0.1504844E-05  0.1000000E-03           1
|100011100011010011100100100111> :  0.1600238E-04  0.1000000E-03           1
|100011100011000111100100000111> :  0.1421810E-03  0.1000000E-03           1
|000110110111101000101100100011> :  0.5961030E-05  0.1000000E-03           1
|100011100000110110110001110011> :  0.1800271E-10  0.1000000E-03           1
|100011000001101111001010100011> :  0.1775247E-11  0.1000000E-03           1
|001110011100101000011111110000> :  0.2381609E-04  0.1000000E-03           1
|100001100111100111100000000111> :  0.2970573E-04  0.1000000E-03           1
|100001100111010111100001000111> :  0.2023637E-04  0.1000000E-03           1
|111001100000010111110011000110> :  0.4568566E-04  0.1000000E-03           1
|000110011110101000011110111001> :  0.3943704E-04  0.1000000E-03           1
|111001100001010111000001010111> :  0.3480997E-05  0.1000000E-03           1
|000000110111101001101000101111> :  0.5304248E-04  0.1000000E-03           1
|111001100001010111100011000110> :  0.2984114E-04  0.1000000E-03           1
|001110001100111000011111101000> :  0.1153415E-03  0.1000000E-03           1
|111001100010010111000110001110> :  0.2665448E-03  0.1000000E-03           1
|111001100010010111010011001110> :  0.3625318E-04  0.1000000E-03           1
|111001100010010111100001000110> :  0.1427971E-03  0.1000000E-03           1
|000110011110101000011110111000> :  0.6693694E-04  0.1000000E-03           1
|100000110111100101100001000111> :  0.2291285E-03  0.1000000E-03           1
|001101001110011010011110101000> :  0.2966058E-05  0.1000000E-03           1
|011111001000011010011111111000> :  0.2385606E-04  0.1000000E-03           1
|111001100011010011100100000110> :  0.1002111E-04  0.1000000E-03           1
|111001100011010011100100001110> :  0.8643963E-04  0.1000000E-03           1
|011111001000011010011110111000> :  0.2291285E-03  0.1000000E-03           1
|000010111111101000101100100011> :  0.4100383E-04  0.1000000E-03           1
|011111001000010110011111110000> :  0.1016606E-05  0.1000000E-03           1
|001101001100111010010111101000> :  0.8486303E-05  0.1000000E-03           1
|111111111000101010100011100000> :  0.2047074E-10  0.1000000E-03           1
|111111101010011010100100100000> :  0.1316933E-03  0.1000000E-03           1
|011110011100110000010111111100> :  0.6307946E-06  0.1000000E-03           1
|000110011101110000011111111000> :  0.2982260E-08  0.1000000E-03           1
|111111101001000010100100110010> :  0.7321914E-04  0.1000000E-03           1
|111111101001000010100100010110> :  0.2452156E-04  0.1000000E-03           1
|111111101000011100110010100110> :  0.1785783E-10  0.1000000E-03           1
|111111101000010110100110010000> :  0.5294256E-04  0.1000000E-03           1
|111111101000010010110110010000> :  0.1495551E-03  0.1000000E-03           1
|111111101000010010100110110000> :  0.4213937E-04  0.1000000E-03           1
|011110011100101000011011111000> :  0.1483454E-03  0.1000000E-03           1
|001100001101101000101111110001> :  0.7807428E-09  0.1000000E-03           1
|000110011101101010001111111001> :  0.1231740E-05  0.1000000E-03           1
|111001100011011111000000100010> :  0.5953289E-09  0.1000000E-03           1
|011110011100011000010111111100> :  0.2552856E-06  0.1000000E-03           1
|111111001000100011010111010000> :  0.9389413E-05  0.1000000E-03           1
|001011001110011010011110101000> :  0.2073939E-04  0.1000000E-03           1
|111111001000010110010111010000> :  0.5304248E-04  0.1000000E-03           1
|111101101000010111110011010000> :  0.3873810E-04  0.1000000E-03           1
|011110011000111000011110111000> :  0.1118083E-03  0.1000000E-03           1
|001010011101001000111000110101> :  0.4596827E-08  0.1000000E-03           1
|111101100011010111100100000110> :  0.1225472E-03  0.1000000E-03           1
|011110011000101000011111011000> :  0.2627224E-04  0.1000000E-03           1
|001010011100101000011111111000> :  0.1945674E-03  0.1000000E-03           1
|011110010001101101011101110000> :  0.6022440E-09  0.1000000E-03           1
|111101100000010111010011010100> :  0.1201204E-05  0.1000000E-03           1
|111101001000111010010101010001> :  0.1970901E-10  0.1000000E-03           1
|001010001110111000011111101000> :  0.3031660E-04  0.1000000E-03           1
|000110011101101000101100110001> :  0.3625318E-04  0.1000000E-03           1
|000010111100101000001001101011> :  0.8449506E-09  0.1000000E-03           1
|111101001000110111010111010000> :  0.1381328E-04  0.1000000E-03           1
|011101110011000011110000010110> :  0.4094334E-07  0.1000000E-03           1
|111101100010010111000110001110> :  0.2480427E-04  0.1000000E-03           1
|111101001000010111010011011100> :  0.1736076E-04  0.1000000E-03           1
|011100100110010110111100101010> :  0.5783829E-10  0.1000000E-03           1
|001010001100111010011111101000> :  0.1361187E-03  0.1000000E-03           1
|111101000011000110111010001000> :  0.6910572E-10  0.1000000E-03           1
|011100011100111100011011011000> :  0.2609899E-04  0.1000000E-03           1
|111101000000010111010011011100> :  0.4100383E-04  0.1000000E-03           1
|001010001100111000011111111000> :  0.8538180E-04  0.1000000E-03           1
|111100110001000101011001001011> :  0.4637313E-10  0.1000000E-03           1
|111100110000010111010011011110> :  0.1406118E-05  0.1000000E-03           1
|111100011000010111010011011100> :  0.5908916E-05  0.1000000E-03           1
|111111001000110011010111010000> :  0.1245175E-04  0.1000000E-03           1
|111111100011000011100100000110> :  0.3910987E-04  0.1000000E-03           1
|011100011100111000011011111000> :  0.1421810E-03  0.1000000E-03           1
|001010000110111000011111101001> :  0.1534069E-05  0.1000000E-03           1
|111100010110100101010011001110> :  0.1671151E-05  0.1000000E-03           1
|111100010100101111010000110010> :  0.1544631E-10  0.1000000E-03           1
|111111101000010110110011010000> :  0.5731537E-04  0.1000000E-03           1
|111011101010011010100100100010> :  0.5418348E-04  0.1000000E-03           1
|111001101110010111100000000110> :  0.6046013E-08  0.1000000E-03           1
|011100011100101100011011011000> :  0.1600238E-04  0.1000000E-03           1
|111111101001010010100100110010> :  0.6088946E-05  0.1000000E-03           1
|000110011101101000001100111001> :  0.1033740E-03  0.1000000E-03           1
|000000011101000101011011011101> :  0.6590467E-08  0.1000000E-03           1
|000000010111101001011001101111> :  0.5294256E-04  0.1000000E-03           1
|000000010110101101011001001111> :  0.6540449E-04  0.1000000E-03           1
|000000010101100101010011011111> :  0.1555574E-06  0.1000000E-03           1
