# state, exact probability, frequency, count:
#------------------------------------------------------------------
|0111110101001011110001001000000011> :  0.9854893E-01  0.1001000E+00        1001
|0111110101001011111001001000000010> :  0.9870457E-01  0.9770000E-01         977
|1000001010110100001110110111111100> :  0.9854893E-01  0.9680000E-01         968
|1000001010110100000110110111111101> :  0.9870457E-01  0.9510000E-01         951
|1111110001001011111001001011000010> :  0.8946146E-01  0.9330000E-01         933
|0000001110110100000110110100111101> :  0.8946146E-01  0.9040000E-01         904
|0000001110110100001110110100111100> :  0.8622254E-01  0.8600000E-01         860
|1111110001001011110001001011000011> :  0.8622254E-01  0.8430000E-01         843
|1100001010110100011110110111001100> :  0.3410131E-01  0.3540000E-01         354
|0011110101001011100001001000110011> :  0.3410131E-01  0.3340000E-01         334
|0011110110101001000101100000110011> :  0.2853047E-01  0.3110000E-01         311
|1100001001010110111010011111001100> :  0.2853047E-01  0.3090000E-01         309
|0100011001010110111010011111001100> :  0.3010699E-01  0.2960000E-01         296
|1100001010110100010110110111001101> :  0.2952270E-01  0.2960000E-01         296
|1011100110101001000101100000110011> :  0.3010699E-01  0.2800000E-01         280
|0011110101001011101001001000110010> :  0.2952270E-01  0.2780000E-01         278
|0000111110101100000110110100111101> :  0.3086722E-02  0.3400000E-02          34
|1111000001010011111001001011000010> :  0.3086722E-02  0.3300000E-02          33
|1111100000101001110101100011000011> :  0.1115448E-03  0.4000000E-03           4
|0000111111000100001110110100111100> :  0.1528052E-03  0.4000000E-03           4
|1111000000111001110101100011000011> :  0.1329620E-03  0.3000000E-03           3
|0000111111000110001010110100111100> :  0.2064789E-03  0.3000000E-03           3
|1111000001011011110001001011000011> :  0.5994431E-04  0.2000000E-03           2
|1111000000111011110001001011000011> :  0.1528052E-03  0.2000000E-03           2
|1111000000111001110101001011000011> :  0.2064789E-03  0.2000000E-03           2
|1111100000101001110101001011000011> :  0.1231530E-03  0.2000000E-03           2
|0000011111010110001010110100111100> :  0.1231530E-03  0.2000000E-03           2
|0000011111010110001010011100111100> :  0.1115448E-03  0.1000000E-03           1
|1111000001100111111001001010000011> :  0.6470989E-09  0.1000000E-03           1
|1111100001001010101001001010000010> :  0.1706656E-09  0.1000000E-03           1
|1111100010101001010101100011000011> :  0.7583894E-04  0.1000000E-03           1
|0100010001000110111011011011001010> :  0.2972560E-09  0.1000000E-03           1
|1000000011010111001001100110110010> :  0.4938940E-10  0.1000000E-03           1
|0000111110100100001110110100111100> :  0.5994431E-04  0.1000000E-03           1
|1011000100010101101101100000110011> :  0.9925635E-10  0.1000000E-03           1
|0000111101000110101010011100111100> :  0.7408485E-04  0.1000000E-03           1
|1111000010111001010101100011000011> :  0.7408485E-04  0.1000000E-03           1
|1111000001011011111001001011000010> :  0.5548071E-05  0.1000000E-03           1
|1000010010110100011111110111001001> :  0.1328746E-10  0.1000000E-03           1
|0111110110100001001101100100111111> :  0.1056129E-10  0.1000000E-03           1
|1101000010111001000101111111010001> :  0.5287928E-10  0.1000000E-03           1
