# state, exact probability, frequency, count:
#------------------------------------------------------------------
|01110001110110000001011000000000001> :  0.4432337E+00  0.4417000E+00        4417
|01110001110110000001110000000010001> :  0.4013548E+00  0.3971000E+00        3971
|01110001110110000001010000000010001> :  0.3481717E-01  0.3440000E-01         344
|01110001110110000001111000000000001> :  0.1932581E-01  0.2140000E-01         214
|01110001110110000001110000000000001> :  0.1821237E-01  0.1860000E-01         186
|01110001110110000001010000000000001> :  0.1608710E-01  0.1640000E-01         164
|01110101110110000001010000000010001> :  0.1807906E-02  0.1600000E-02          16
|01110000110010000011111000000000001> :  0.6499347E-03  0.7000000E-03           7
|01110101110110000001110000000010001> :  0.2197154E-03  0.5000000E-03           5
|00010011000110010011111000000010000> :  0.4746751E-03  0.4000000E-03           4
|11110000110110000001110000000000001> :  0.3021510E-03  0.4000000E-03           4
|01110011100110010001010000000010000> :  0.1057564E-03  0.3000000E-03           3
|01110101110110000001010000000000001> :  0.6874489E-03  0.3000000E-03           3
|01110001110110000001001000000000001> :  0.1244604E-03  0.3000000E-03           3
|01100001110110000001010000000000001> :  0.7796182E-04  0.3000000E-03           3
|01110101110110000001110000000010000> :  0.6713684E-04  0.3000000E-03           3
|01110001110110000101110000000010000> :  0.3652590E-04  0.3000000E-03           3
|01110001110110000001010000001000001> :  0.2178814E-03  0.3000000E-03           3
|01100001110100001001110000000000001> :  0.1021302E-04  0.2000000E-03           2
|01110100110010000011010000000010001> :  0.1372993E-04  0.2000000E-03           2
|00010101110010000111101000000010001> :  0.1764489E-04  0.2000000E-03           2
|01110000110010000001111000100000001> :  0.6015164E-04  0.2000000E-03           2
|01110101110010000001011000000000001> :  0.5195581E-04  0.2000000E-03           2
|01110000110110000001110000010000001> :  0.2188949E-04  0.2000000E-03           2
|01110101110110000001100000000000001> :  0.1165970E-04  0.2000000E-03           2
|00010101010010000011101000000010101> :  0.3542887E-04  0.2000000E-03           2
|01110101110010000001010000000110001> :  0.3736345E-04  0.2000000E-03           2
|01100000110010100011101000000000001> :  0.1886450E-04  0.2000000E-03           2
|01110001010010000001011000000100101> :  0.4769808E-05  0.2000000E-03           2
|01110000010110000011101000000000001> :  0.3559604E-04  0.2000000E-03           2
|01110000010010000011101010000100001> :  0.7646087E-04  0.2000000E-03           2
|01110101110000000001111000000010001> :  0.1004241E-03  0.2000000E-03           2
|01110000010010001001111000000100001> :  0.2866147E-04  0.2000000E-03           2
|01110000110010000001011000000110001> :  0.8792504E-05  0.2000000E-03           2
|01110001110100000001101000000010001> :  0.6980288E-04  0.2000000E-03           2
|01110001110010010001011000000000001> :  0.5257366E-04  0.2000000E-03           2
|01100000110010000001011000000101001> :  0.5365049E-04  0.2000000E-03           2
|01110100110010000011111000000000001> :  0.6919128E-04  0.2000000E-03           2
|01110001110110000001010000000000101> :  0.9824226E-04  0.2000000E-03           2
|01110000110110100001110000000000001> :  0.6614211E-04  0.2000000E-03           2
|01110000110010100001001000000100001> :  0.5854886E-06  0.2000000E-03           2
|00010001101110010011101000000010000> :  0.6844820E-05  0.2000000E-03           2
|01111001110110000001110000000010000> :  0.7615699E-04  0.2000000E-03           2
|01110001110110000001010000000010100> :  0.4160332E-04  0.2000000E-03           2
|01110101110110000001010000000000101> :  0.1335338E-04  0.2000000E-03           2
|01110001100110000011011000000010001> :  0.1173620E-03  0.2000000E-03           2
|01110001110110000001001000000100001> :  0.7933370E-04  0.2000000E-03           2
|00110101111010000011101000000000001> :  0.7044766E-05  0.2000000E-03           2
|01110001100110010001011000000010001> :  0.1324739E-04  0.2000000E-03           2
|01110000110000000011111000000010001> :  0.7641698E-04  0.2000000E-03           2
|00010101110010000011101000100010001> :  0.4403062E-04  0.2000000E-03           2
|11110001110110000001010000000011001> :  0.1829505E-04  0.2000000E-03           2
|00010111000010010011111000000010000> :  0.3931482E-03  0.2000000E-03           2
|01110101110010000001011000000010001> :  0.3738297E-04  0.2000000E-03           2
|01110001110110000001010100000010000> :  0.7701145E-04  0.2000000E-03           2
|01110001010010000001011000001100001> :  0.5084745E-04  0.2000000E-03           2
|01100001010110001001111000000000000> :  0.3332602E-04  0.2000000E-03           2
|00010001010010000111111000000010000> :  0.5108952E-05  0.1000000E-03           1
|11101011000110010001110000000100000> :  0.6208185E-08  0.1000000E-03           1
|01110001010010000011111000000010000> :  0.1900125E-04  0.1000000E-03           1
|00000001010010000001011011011010000> :  0.1682588E-10  0.1000000E-03           1
|00101001010010001010110010100010000> :  0.3536201E-10  0.1000000E-03           1
|01110011000010001001011001010000000> :  0.2713232E-08  0.1000000E-03           1
|01101001101010100011001001000000000> :  0.9046958E-09  0.1000000E-03           1
|11010001001100010001110000000110000> :  0.3270687E-10  0.1000000E-03           1
|00010001000110010011111000000010000> :  0.9316097E-05  0.1000000E-03           1
|01110010010111010000011010000100000> :  0.3814382E-10  0.1000000E-03           1
|00101001000110010011110000000010000> :  0.1737941E-06  0.1000000E-03           1
|10010001000110000011000100010110000> :  0.3188293E-10  0.1000000E-03           1
|10100010010111001011100000000000000> :  0.2333654E-08  0.1000000E-03           1
|01110001100110101011111000000000000> :  0.5942432E-08  0.1000000E-03           1
|01110001010001010001000010010100000> :  0.1260791E-08  0.1000000E-03           1
|11011001000100010011001000001010000> :  0.7974004E-09  0.1000000E-03           1
|01110000110110100011100000000010000> :  0.5064440E-07  0.1000000E-03           1
|11010010010110000011111000000000000> :  0.2996935E-07  0.1000000E-03           1
|01110000110110000011111000000010000> :  0.1140131E-04  0.1000000E-03           1
|11010000101010010011000000000110000> :  0.8666185E-11  0.1000000E-03           1
|01110010010110000001011000100000000> :  0.1411766E-05  0.1000000E-03           1
|00110001100110010001011100100000000> :  0.1990463E-08  0.1000000E-03           1
|01100000100010100111101000100010000> :  0.4640072E-09  0.1000000E-03           1
|00110000000110000011111100110010000> :  0.1030701E-09  0.1000000E-03           1
|11100010000011010011010000000000000> :  0.2493225E-08  0.1000000E-03           1
|01101111110110100001010100000000000> :  0.2087941E-08  0.1000000E-03           1
|00110110011011000111101000000000000> :  0.3899114E-09  0.1000000E-03           1
|01000001110111100001010000101000000> :  0.4948648E-09  0.1000000E-03           1
|00000001010110110011010010000000000> :  0.5950183E-09  0.1000000E-03           1
|01100001010000111001101001010000000> :  0.1042676E-09  0.1000000E-03           1
|01010000011001010011001101001100000> :  0.1693102E-10  0.1000000E-03           1
|11110001110110000001110000000010000> :  0.4402216E-03  0.1000000E-03           1
|01100101110110100001110000000000000> :  0.7879374E-05  0.1000000E-03           1
|01101000110010101001001000000000001> :  0.1008752E-07  0.1000000E-03           1
|01110001110110000001101000000010000> :  0.3664899E-04  0.1000000E-03           1
|01110101110010000011111000000000000> :  0.9901985E-06  0.1000000E-03           1
|01100001110110000001110100000010000> :  0.1713195E-04  0.1000000E-03           1
|00110001110110000011011000000010000> :  0.8470178E-05  0.1000000E-03           1
|00110001110110000011110000000010000> :  0.2543894E-04  0.1000000E-03           1
|01100001110110000011111000000010000> :  0.3075616E-05  0.1000000E-03           1
|01100000110110000001111000000000001> :  0.1826148E-04  0.1000000E-03           1
|01100001110110001001110000000010000> :  0.6512061E-04  0.1000000E-03           1
|01110001110110010001010000000010000> :  0.3539299E-04  0.1000000E-03           1
|00110001110110010001110000000010000> :  0.6105565E-05  0.1000000E-03           1
|00010001110110010011101000000010000> :  0.1982452E-05  0.1000000E-03           1
|00110001110110010011110000000010000> :  0.9032958E-05  0.1000000E-03           1
|01100001110110100001010000000010000> :  0.1000758E-05  0.1000000E-03           1
|00011010000110010001101000000010000> :  0.3061143E-08  0.1000000E-03           1
|10110010010100010011101000000010000> :  0.1858880E-08  0.1000000E-03           1
|00001011000010010011111001100010000> :  0.2044903E-08  0.1000000E-03           1
|10010011000110000010011100010010000> :  0.2326502E-10  0.1000000E-03           1
|01110001010110000001010000000000001> :  0.5563580E-05  0.1000000E-03           1
|00110011010110010011110000100010000> :  0.1673317E-07  0.1000000E-03           1
|01110001010110010011001000000000001> :  0.1164624E-04  0.1000000E-03           1
|00000011100110110001101001100010000> :  0.5047231E-08  0.1000000E-03           1
|00111011100111010001000000100010000> :  0.9303802E-10  0.1000000E-03           1
|00010011110110010110001000000010000> :  0.2836825E-09  0.1000000E-03           1
|00010101000010010011111000000010000> :  0.2123171E-04  0.1000000E-03           1
|10010101000110010011101000000010000> :  0.4352285E-04  0.1000000E-03           1
|10100101010101010011000110000010000> :  0.9458892E-09  0.1000000E-03           1
|10110101100110000001110000000010000> :  0.1671336E-04  0.1000000E-03           1
|00010101100110000011111000000010000> :  0.1679452E-04  0.1000000E-03           1
|00110101100110010001010001000010000> :  0.3012432E-04  0.1000000E-03           1
|10110101100110010001110000000010000> :  0.1288580E-06  0.1000000E-03           1
|00010101100110010001111000000010000> :  0.6201834E-05  0.1000000E-03           1
|00010101100110010011010000000010000> :  0.1176178E-05  0.1000000E-03           1
|00010101100110010011011000000010000> :  0.1490308E-04  0.1000000E-03           1
|01110101101110000001010000000010000> :  0.1889773E-05  0.1000000E-03           1
|01110101110010000001110100000010000> :  0.2096609E-06  0.1000000E-03           1
|01110001110110010001110000000000000> :  0.1303556E-05  0.1000000E-03           1
|01110001110110000001011100000010000> :  0.1918372E-04  0.1000000E-03           1
|01110001110110000001011000000010000> :  0.9248832E-05  0.1000000E-03           1
|00101101011110010001001000010000000> :  0.3665187E-08  0.1000000E-03           1
|01110000110010000011101000100000001> :  0.1393384E-03  0.1000000E-03           1
|01110001110110000001010001000010000> :  0.2108152E-04  0.1000000E-03           1
|10010101011000010011101000111000000> :  0.1399271E-09  0.1000000E-03           1
|01110001110110001001101000000000000> :  0.8567795E-07  0.1000000E-03           1
|11100001010110101001100000010100000> :  0.8142657E-08  0.1000000E-03           1
|01111001110110000001010000000010000> :  0.3731502E-04  0.1000000E-03           1
|01110001110101000011000010000110000> :  0.3476751E-08  0.1000000E-03           1
|01100101010110001001111000000000000> :  0.2353304E-06  0.1000000E-03           1
|01110001110010000011011000000010000> :  0.1522145E-04  0.1000000E-03           1
|01100001110000001001101000100010000> :  0.3415735E-08  0.1000000E-03           1
|01111101010110000001010000001000000> :  0.5997787E-07  0.1000000E-03           1
|01100001110110001001010000000000000> :  0.4066749E-05  0.1000000E-03           1
|01110000110010000000011000010100001> :  0.7215697E-06  0.1000000E-03           1
|11000001101001110011000001000010000> :  0.9166320E-10  0.1000000E-03           1
|01110101010010000011110010010100000> :  0.5208162E-10  0.1000000E-03           1
|10010001100110010011101000000010000> :  0.7823700E-04  0.1000000E-03           1
|01100000010110001011011000000100001> :  0.3058663E-05  0.1000000E-03           1
|00110001100110010011011001000010000> :  0.2397682E-05  0.1000000E-03           1
|01110101010001101001101000011000000> :  0.1077212E-09  0.1000000E-03           1
|01110001110110000001111000000000000> :  0.5806260E-04  0.1000000E-03           1
|11110000110010000101011000000100000> :  0.5722130E-07  0.1000000E-03           1
|01110000010110001001110000000100001> :  0.3529055E-05  0.1000000E-03           1
|01110001100110010011010000000010000> :  0.2116181E-04  0.1000000E-03           1
|01110000010110000011111000000000001> :  0.5907368E-04  0.1000000E-03           1
|01110101010010010001101000000000001> :  0.1746301E-05  0.1000000E-03           1
|01110001100110000011111000000010000> :  0.7033249E-05  0.1000000E-03           1
|11110101000111000011101000000000000> :  0.1579713E-08  0.1000000E-03           1
|01100000010110001001111000000100001> :  0.6498591E-04  0.1000000E-03           1
|01100101110010000001011000000000001> :  0.2936073E-04  0.1000000E-03           1
|10100000010111010001100000000100001> :  0.4817141E-08  0.1000000E-03           1
|11100000100010000001010010011100001> :  0.1131220E-07  0.1000000E-03           1
|10110000100010100011101010000000001> :  0.6039480E-09  0.1000000E-03           1
|11110000100110100001010000001000001> :  0.5996666E-08  0.1000000E-03           1
|11110000110000010011001000001000001> :  0.1586316E-07  0.1000000E-03           1
|01100101110110100001000000000000001> :  0.8192431E-05  0.1000000E-03           1
|01110000110010000001010000010100001> :  0.3358131E-04  0.1000000E-03           1
|01110000110010000001011000000100001> :  0.8616749E-05  0.1000000E-03           1
|01110000110010000001011010000100001> :  0.5950252E-04  0.1000000E-03           1
|01110000110010000001111000000000001> :  0.4465027E-04  0.1000000E-03           1
|01110000010110000001011000000100001> :  0.4152955E-04  0.1000000E-03           1
|01110000110010000011001000000100001> :  0.4311481E-04  0.1000000E-03           1
|01101000110010000011001010000100001> :  0.3636289E-07  0.1000000E-03           1
|01100000110010000011010010000100001> :  0.1104776E-04  0.1000000E-03           1
|01100000110010000011011000000000001> :  0.3118797E-05  0.1000000E-03           1
|01110000110010000011011000000100001> :  0.8041640E-04  0.1000000E-03           1
|01110000110010000011011010000000001> :  0.6869207E-04  0.1000000E-03           1
|01110001100110000011010000000010001> :  0.3832276E-04  0.1000000E-03           1
|01110000110010000011110000000100001> :  0.4044965E-04  0.1000000E-03           1
|01010001100110010001101000000010001> :  0.5167475E-06  0.1000000E-03           1
|01100000110010000011111000000100001> :  0.8045278E-05  0.1000000E-03           1
|01110000110010010011011000000000001> :  0.4153619E-04  0.1000000E-03           1
|11110001110100000001110000001010001> :  0.2525795E-06  0.1000000E-03           1
|01110000110010100001101000000000001> :  0.8327025E-05  0.1000000E-03           1
|01110001110110000001010010000010001> :  0.1236556E-04  0.1000000E-03           1
|01110001110110000001010100000010001> :  0.8862622E-04  0.1000000E-03           1
|01110000110011000001011000000000001> :  0.1334300E-05  0.1000000E-03           1
|01111000110100100011101000100000001> :  0.1107974E-08  0.1000000E-03           1
|01100000110110000001010000000100001> :  0.4744066E-04  0.1000000E-03           1
|01110000110110000001011000000000001> :  0.8601388E-04  0.1000000E-03           1
|01110000110110000001011000010000001> :  0.2383002E-04  0.1000000E-03           1
|01110000110110000001011000101000001> :  0.8574820E-05  0.1000000E-03           1
|01110000110110000001101000000000001> :  0.9612102E-04  0.1000000E-03           1
|01110100110010000011101000000010001> :  0.1402752E-04  0.1000000E-03           1
|01110000110110000001110000000100001> :  0.1967985E-04  0.1000000E-03           1
|00101101000110001001100000100010001> :  0.1574252E-08  0.1000000E-03           1
|01110000110110000001110000100000001> :  0.4402965E-04  0.1000000E-03           1
|00110101010110000001110000000010001> :  0.1600689E-04  0.1000000E-03           1
|01100000110110000001111000000100001> :  0.9862928E-05  0.1000000E-03           1
|01110000110110000001111000010000001> :  0.2320549E-04  0.1000000E-03           1
|01110000110110000011010000000000001> :  0.1385566E-04  0.1000000E-03           1
|01100000110110000011010000000100001> :  0.1433857E-04  0.1000000E-03           1
|01100000110110000011011000000000001> :  0.1969247E-04  0.1000000E-03           1
|01100000110110000011110000000000001> :  0.1487715E-04  0.1000000E-03           1
|01110000110110000011111000000000001> :  0.2473422E-04  0.1000000E-03           1
|11110000110110000111101000000000001> :  0.3139508E-07  0.1000000E-03           1
|00010101110000000011111000000010001> :  0.5608145E-04  0.1000000E-03           1
|01110000111010000011001010000000001> :  0.1044597E-05  0.1000000E-03           1
|11010000111100010001101000001000001> :  0.8440233E-09  0.1000000E-03           1
|10010001000110101001110000000000001> :  0.2093441E-10  0.1000000E-03           1
|01101001010010000001011000000100001> :  0.1703315E-05  0.1000000E-03           1
|01110001010010000001011000000100001> :  0.1432707E-04  0.1000000E-03           1
|01110101110100000001110000000010001> :  0.2729289E-04  0.1000000E-03           1
|01100001010010000011001010000100001> :  0.1497636E-04  0.1000000E-03           1
|01110001010010000011101000000100001> :  0.1001383E-04  0.1000000E-03           1
|01100001010010001001001000000100001> :  0.1582295E-05  0.1000000E-03           1
|01110001010010001001011000000100001> :  0.5725585E-04  0.1000000E-03           1
|01110001010010010011001000000100001> :  0.1892400E-04  0.1000000E-03           1
|01100001010100001001011000000100001> :  0.3559338E-04  0.1000000E-03           1
|11100000010110001000010000110100010> :  0.2746535E-10  0.1000000E-03           1
|01110001010110000001011000000000001> :  0.5518882E-04  0.1000000E-03           1
|10110001010110000001011010000000001> :  0.5209025E-07  0.1000000E-03           1
|01100001010110001001101000000100001> :  0.4583604E-04  0.1000000E-03           1
|10000101010001101101101000000000010> :  0.8134919E-08  0.1000000E-03           1
|01110001010110010011011000000000001> :  0.7533583E-05  0.1000000E-03           1
|01110001100110000001011000000000001> :  0.7800507E-04  0.1000000E-03           1
|01000001101000000101001010110000001> :  0.1043217E-09  0.1000000E-03           1
|11100001110000000001011000100000001> :  0.1205309E-07  0.1000000E-03           1
|01100001110010000001010000000100001> :  0.2069277E-04  0.1000000E-03           1
|01100001110010000001011000000100001> :  0.7214186E-04  0.1000000E-03           1
|01110001110010000001011000000100001> :  0.9886216E-04  0.1000000E-03           1
|01100001110010000001111000000100001> :  0.3330992E-05  0.1000000E-03           1
|01100001110010000011001000000000001> :  0.2174043E-05  0.1000000E-03           1
|01100001110010000011010000010000001> :  0.5697304E-08  0.1000000E-03           1
|01110001110010000011011000010000001> :  0.1509942E-05  0.1000000E-03           1
|01110001110010000101011000000000001> :  0.3348742E-04  0.1000000E-03           1
|01100001110010001001101000000000001> :  0.2763378E-06  0.1000000E-03           1
|01100001110010001001111000000000001> :  0.6223934E-05  0.1000000E-03           1
|01100001010110000001100010001100100> :  0.1531201E-08  0.1000000E-03           1
|01010001110010010011101000000000001> :  0.3695102E-06  0.1000000E-03           1
|01110001110011000001010000000000001> :  0.6869174E-05  0.1000000E-03           1
|01101000010110101000010000000010100> :  0.2280365E-09  0.1000000E-03           1
|10000001110100100001111000000000001> :  0.1089038E-06  0.1000000E-03           1
|11110001110101000001010010000000001> :  0.5650067E-07  0.1000000E-03           1
|01100001110110000001001000000000001> :  0.1038948E-04  0.1000000E-03           1
|01110010100010000011010010000110100> :  0.2982496E-09  0.1000000E-03           1
|01111100001010010011101000000010100> :  0.3279477E-10  0.1000000E-03           1
|01100001110110000001001010000100001> :  0.3110440E-05  0.1000000E-03           1
|01110101100110000001010000000010100> :  0.9597415E-05  0.1000000E-03           1
|10100000010000000011001001000100101> :  0.1739718E-08  0.1000000E-03           1
|01101001110110000001010000000100001> :  0.6555252E-05  0.1000000E-03           1
|01110000010010010011001000000000101> :  0.2400778E-04  0.1000000E-03           1
|01100001110110000001010001000100001> :  0.1662326E-04  0.1000000E-03           1
|01100001110110000001010100000000001> :  0.8296534E-05  0.1000000E-03           1
|01110001010000000011011000000100101> :  0.3313798E-05  0.1000000E-03           1
|11110000010100100001111000000100001> :  0.5639838E-07  0.1000000E-03           1
|01110001100110000001111000000010000> :  0.1566652E-04  0.1000000E-03           1
|01110000010010010011101000000100001> :  0.2969622E-04  0.1000000E-03           1
|01110000010010010011101000000000001> :  0.2839939E-04  0.1000000E-03           1
|10110001100110000001110011001010000> :  0.4740604E-09  0.1000000E-03           1
|11100100110010100001110001000000000> :  0.7129570E-08  0.1000000E-03           1
|00110001110100110011101000000100000> :  0.1338485E-09  0.1000000E-03           1
|01110000010010010010011000000100001> :  0.7411187E-05  0.1000000E-03           1
|11110100011010010001001000100000001> :  0.1279127E-08  0.1000000E-03           1
|01110001100110000001110000000010000> :  0.2411304E-04  0.1000000E-03           1
|01110000010010001001101000100000001> :  0.5245441E-07  0.1000000E-03           1
|01111000010010000011111000000000001> :  0.7395913E-06  0.1000000E-03           1
|00110001100110000001110000000010000> :  0.2140694E-06  0.1000000E-03           1
|10110100010010001001111000010000000> :  0.2852887E-07  0.1000000E-03           1
|01110100010000001011100100010000001> :  0.7410936E-09  0.1000000E-03           1
|01110000010010000011001000000100001> :  0.8386237E-05  0.1000000E-03           1
|01100001100101000011001010100010000> :  0.5986504E-09  0.1000000E-03           1
|01110000010010000001011010000100001> :  0.4482296E-04  0.1000000E-03           1
|01110111010010001001010000010010000> :  0.3320606E-08  0.1000000E-03           1
|01110001100000000111111010100010000> :  0.5053875E-09  0.1000000E-03           1
|01000100010000100111100010100000000> :  0.8045678E-09  0.1000000E-03           1
|01100001110100000101001000011000000> :  0.1215435E-09  0.1000000E-03           1
|01100001010110001001011000000100000> :  0.2657584E-04  0.1000000E-03           1
|00110111010000010101110000001010000> :  0.3937779E-09  0.1000000E-03           1
|01111011010010000001010000000000001> :  0.1974172E-06  0.1000000E-03           1
|10110100000010010011001000000011000> :  0.1097811E-08  0.1000000E-03           1
|01110010111100000101000000010000001> :  0.1945282E-09  0.1000000E-03           1
|00110001010110010011111000000010000> :  0.3049937E-05  0.1000000E-03           1
|01100010110110000001110001000000001> :  0.9077275E-06  0.1000000E-03           1
|01110010110010000011011000000000001> :  0.1695239E-04  0.1000000E-03           1
|01110011010010000001011000100000001> :  0.2224806E-05  0.1000000E-03           1
|01110011010010000101101000000100001> :  0.5836210E-07  0.1000000E-03           1
|10010011010110010001100000000000001> :  0.2284205E-06  0.1000000E-03           1
|01110011110100001001011000000000001> :  0.3521363E-06  0.1000000E-03           1
|01110011110110000001010000000000001> :  0.7705480E-04  0.1000000E-03           1
|10110011110110000001010000000000001> :  0.4905710E-05  0.1000000E-03           1
|01110011110110000101110000000000001> :  0.5876489E-05  0.1000000E-03           1
|01100011110111000001000000000100001> :  0.4716608E-07  0.1000000E-03           1
|11100000110010101001100000000001001> :  0.1627954E-07  0.1000000E-03           1
|01110100010010000001011000000100001> :  0.1657896E-04  0.1000000E-03           1
|01110100010010000001111000000100001> :  0.4693078E-05  0.1000000E-03           1
|01110100010010000011101000000000001> :  0.2372039E-04  0.1000000E-03           1
|01110100010010010011010000100100001> :  0.9120605E-09  0.1000000E-03           1
|10100100010011100011100000000100001> :  0.2954239E-08  0.1000000E-03           1
|10110100011010000001101010000001001> :  0.7781559E-09  0.1000000E-03           1
|01110100110010000001010000001100001> :  0.1158724E-05  0.1000000E-03           1
|01110100110010000001010000010100001> :  0.9767549E-04  0.1000000E-03           1
|01110100110010000011010000000100001> :  0.1182119E-04  0.1000000E-03           1
|01110100110010000011101000000000001> :  0.2958969E-04  0.1000000E-03           1
|00010001110110000001110000100011001> :  0.2366586E-05  0.1000000E-03           1
|01110100110010100001100000000100001> :  0.6705935E-05  0.1000000E-03           1
|01110100110010100001101000000000001> :  0.8436780E-04  0.1000000E-03           1
|01110100110110000011011000000000001> :  0.1198751E-05  0.1000000E-03           1
|01100100111010000001011100110100001> :  0.1077769E-09  0.1000000E-03           1
|10110101010001010001000010000100001> :  0.1094657E-07  0.1000000E-03           1
|01010101010010000011101000000000001> :  0.5163764E-05  0.1000000E-03           1
|10110000100010000011010000000011101> :  0.4223363E-08  0.1000000E-03           1
|01110101010110000001011000000000001> :  0.2159593E-04  0.1000000E-03           1
|00000101100110000001010101011100001> :  0.9604662E-10  0.1000000E-03           1
|01110101100110000001011001000100001> :  0.2655258E-09  0.1000000E-03           1
|10111101101110000001100000010000001> :  0.6053653E-09  0.1000000E-03           1
|00100101110000001011100010100100001> :  0.1513937E-09  0.1000000E-03           1
|00100101110001010001000100011100001> :  0.1129269E-09  0.1000000E-03           1
|01100101110010000001010000000100001> :  0.1965922E-04  0.1000000E-03           1
|00010111000010010011100100100010000> :  0.1849061E-09  0.1000000E-03           1
|10100010010110000011001000000000001> :  0.1074666E-07  0.1000000E-03           1
|01110101110010000001101000000000001> :  0.2918099E-04  0.1000000E-03           1
|01111101110010000001110000000000001> :  0.4810655E-08  0.1000000E-03           1
|00110101110010000011011000000000001> :  0.1100123E-04  0.1000000E-03           1
|01110101110010000101010000000000001> :  0.2113711E-04  0.1000000E-03           1
|01110101110010000101011000000000001> :  0.1258623E-04  0.1000000E-03           1
|01100101110110000001010000000000001> :  0.5807649E-04  0.1000000E-03           1
|01110010010010000011011000000100001> :  0.1102924E-04  0.1000000E-03           1
|01110101110110000001010000000100001> :  0.2427880E-04  0.1000000E-03           1
|10010110110010000001111000000010000> :  0.1890339E-07  0.1000000E-03           1
|01010101110110000001101000000000001> :  0.7728003E-06  0.1000000E-03           1
|00111001010110000011111000000010000> :  0.2999885E-05  0.1000000E-03           1
|01110101111010000001010000000000001> :  0.6809674E-05  0.1000000E-03           1
|00010100001110110011100000000000000> :  0.1852552E-08  0.1000000E-03           1
|01110110100010001001011000000100001> :  0.3008731E-07  0.1000000E-03           1
|00010111010000000111100010100000001> :  0.2104126E-08  0.1000000E-03           1
|00110111101110010001011000010000001> :  0.2055938E-08  0.1000000E-03           1
|01110111110011000001010000000100001> :  0.8477357E-07  0.1000000E-03           1
|11100000010110000001101000100010001> :  0.9657490E-08  0.1000000E-03           1
|01110000010110000011110000000010001> :  0.7617717E-05  0.1000000E-03           1
|01110000100110000001110001100010001> :  0.3304438E-06  0.1000000E-03           1
|01110001111010000011101000000000001> :  0.8267459E-05  0.1000000E-03           1
|01100001111000010001000010001000001> :  0.6026978E-09  0.1000000E-03           1
|01110000110010000011101010000010001> :  0.1130563E-03  0.1000000E-03           1
|01110000110010000011111000000010001> :  0.6658023E-05  0.1000000E-03           1
|00110000110110000011110000000010001> :  0.1925381E-05  0.1000000E-03           1
|01101001000011000001011010000010001> :  0.2675371E-09  0.1000000E-03           1
|10110001000100011001001000010010001> :  0.1441492E-08  0.1000000E-03           1
|01110001000110010011011000000010001> :  0.4365592E-05  0.1000000E-03           1
|10111001010100011011100000000010001> :  0.3538096E-08  0.1000000E-03           1
|01110001010110000001011000000010001> :  0.3633895E-05  0.1000000E-03           1
|01110001010110000001011000101010001> :  0.2557853E-08  0.1000000E-03           1
|00110001010110000011011000000010001> :  0.7472317E-06  0.1000000E-03           1
|10010001100100001001111001000010001> :  0.1614684E-09  0.1000000E-03           1
|01110001100110000001111000000010001> :  0.1282413E-04  0.1000000E-03           1
|00010110010010100011000001100010000> :  0.1609058E-09  0.1000000E-03           1
|00010001111000000101011000110000001> :  0.1515741E-09  0.1000000E-03           1
|01110001100110010001010000000010001> :  0.5042543E-04  0.1000000E-03           1
|01110001110111000001011000000000001> :  0.7287906E-05  0.1000000E-03           1
|10110101111000100101001000000010000> :  0.1991439E-09  0.1000000E-03           1
|01110001110000000011101000000010001> :  0.1307722E-04  0.1000000E-03           1
|01110001110010000011110000000010001> :  0.1024832E-04  0.1000000E-03           1
|01110001110010010001101000000010001> :  0.3329780E-05  0.1000000E-03           1
|10110001110100000001001010000010001> :  0.1652024E-06  0.1000000E-03           1
|00101001010110000011111000000010000> :  0.1428728E-04  0.1000000E-03           1
|01100001110111000001010000000000001> :  0.1653518E-05  0.1000000E-03           1
|01110001110100000001111000000010001> :  0.4899850E-04  0.1000000E-03           1
|01100001110100000011101000000010001> :  0.7405389E-06  0.1000000E-03           1
|01110001110110000001001100000010001> :  0.3687405E-05  0.1000000E-03           1
|01100001110110100001110000000100001> :  0.2621616E-06  0.1000000E-03           1
|00110101110110000011100000000010000> :  0.4625055E-05  0.1000000E-03           1
|01100001110110100001010000000000001> :  0.6677912E-04  0.1000000E-03           1
|01110001110110010001101000000000001> :  0.2095487E-04  0.1000000E-03           1
|01100001110110000001110000000110001> :  0.9875506E-05  0.1000000E-03           1
|01100001110110000001110001100010001> :  0.6035759E-06  0.1000000E-03           1
|01110001110110000001110100000010001> :  0.5514312E-05  0.1000000E-03           1
|01110001110110000001111000000010001> :  0.8937331E-04  0.1000000E-03           1
|00100001110110000011011000000010001> :  0.1284035E-04  0.1000000E-03           1
|01110001110110000011101000000010001> :  0.3294385E-04  0.1000000E-03           1
|01010001110110000101101001000010001> :  0.8257364E-07  0.1000000E-03           1
|11110001110110000101110000000010001> :  0.1461566E-05  0.1000000E-03           1
|01110001110110001001000000100010001> :  0.7167082E-06  0.1000000E-03           1
|01100001110110100001110000000010001> :  0.2656987E-05  0.1000000E-03           1
|11110001110110100001110000000010001> :  0.8979800E-05  0.1000000E-03           1
|01110010110110000001110000000010001> :  0.1262577E-04  0.1000000E-03           1
|10010011100110000001000000010010001> :  0.9071731E-09  0.1000000E-03           1
|11110100101010000001111000000010001> :  0.7731326E-08  0.1000000E-03           1
|00010101110110000001111000000010000> :  0.8258239E-05  0.1000000E-03           1
|11110001010110000011100001010010000> :  0.5909810E-09  0.1000000E-03           1
|01110100110110000011010000000010001> :  0.1949696E-05  0.1000000E-03           1
|10110101000110000001011010000010001> :  0.2550480E-07  0.1000000E-03           1
|10101100000110001001110000000100000> :  0.4517150E-08  0.1000000E-03           1
|10111101000110010001010000010010001> :  0.2539142E-09  0.1000000E-03           1
|00010101010010000011101010000010001> :  0.1157000E-04  0.1000000E-03           1
|10110101010100001010000000000010001> :  0.2905409E-10  0.1000000E-03           1
|01110001110010010011011000000000000> :  0.5121847E-06  0.1000000E-03           1
|00110101010110000001111000000010001> :  0.4790196E-04  0.1000000E-03           1
|00000101011000101101101000100010001> :  0.1507546E-07  0.1000000E-03           1
|11110101100010000001001000010010001> :  0.4096361E-07  0.1000000E-03           1
|00010101100010010011011000000010001> :  0.1123924E-04  0.1000000E-03           1
|00010101100100010101110000100010001> :  0.1044901E-08  0.1000000E-03           1
|01100101100110000001010000000010001> :  0.1073321E-04  0.1000000E-03           1
|01100101100110000001010000010010001> :  0.2081619E-05  0.1000000E-03           1
|01110101100110000001100000000010001> :  0.2504340E-04  0.1000000E-03           1
|01110101100110000001101000000010001> :  0.8269731E-05  0.1000000E-03           1
|00110101100110000001110000000010001> :  0.9123526E-04  0.1000000E-03           1
|01100101100110000001110000000010001> :  0.7186078E-04  0.1000000E-03           1
|00010101100110000001110000010010001> :  0.2271134E-05  0.1000000E-03           1
|00010101100110000011110000000010001> :  0.1083295E-04  0.1000000E-03           1
|01110101100110010001110000100010001> :  0.1091996E-06  0.1000000E-03           1
|01110101110000000001011000000010001> :  0.1732487E-04  0.1000000E-03           1
|01110001110110010001011000000000001> :  0.2185487E-04  0.1000000E-03           1
|00010101110000000011101000000010001> :  0.9000287E-04  0.1000000E-03           1
|01110010010000000101101010010010101> :  0.4623195E-11  0.1000000E-03           1
|00010101110000010011101000000010001> :  0.4413901E-05  0.1000000E-03           1
|01110001110110010001010000000100001> :  0.3105357E-05  0.1000000E-03           1
|00111101110010000001011000000010001> :  0.1228313E-08  0.1000000E-03           1
|01100001110110001001011000000000001> :  0.7082983E-04  0.1000000E-03           1
|01010101110010000001101000000010001> :  0.1042033E-03  0.1000000E-03           1
|00010101110010000001101000100010001> :  0.1431097E-03  0.1000000E-03           1
|00010101110010000011101000000010001> :  0.5223293E-04  0.1000000E-03           1
|01110001110110000101010000000000001> :  0.2189659E-04  0.1000000E-03           1
|00010101110010000011101100000010001> :  0.3608830E-05  0.1000000E-03           1
|01110101110010000011110000000010001> :  0.3379060E-05  0.1000000E-03           1
|00010101110010000011111000000010001> :  0.1600223E-04  0.1000000E-03           1
|01100101110110000001011000000010000> :  0.2082881E-05  0.1000000E-03           1
|01101001010110000011010000000110000> :  0.2113167E-05  0.1000000E-03           1
|00010101110100000011101000000010001> :  0.2138004E-04  0.1000000E-03           1
|01010101110110000001010000000010001> :  0.9462685E-05  0.1000000E-03           1
|01110001110110000011110000000000001> :  0.5167733E-05  0.1000000E-03           1
|01110101110110000001011000000010001> :  0.4669716E-05  0.1000000E-03           1
|01110101110110000001100000000010001> :  0.1182249E-03  0.1000000E-03           1
|00110101110110000001100000100010001> :  0.6544982E-04  0.1000000E-03           1
|01110001110110000011101000000000001> :  0.4639144E-04  0.1000000E-03           1
|00100101110110000011101000000010001> :  0.3797786E-04  0.1000000E-03           1
|01110101110110100001100000000010001> :  0.1844100E-04  0.1000000E-03           1
|00010101111010000011101000000010001> :  0.3682798E-04  0.1000000E-03           1
|01110110100110000001110001010010001> :  0.1361090E-07  0.1000000E-03           1
|01000110100110100011001000000010001> :  0.2313787E-09  0.1000000E-03           1
|00010101110011100011100000000010000> :  0.1901692E-07  0.1000000E-03           1
|11100001000111011001010000000100010> :  0.2837442E-08  0.1000000E-03           1
|01101001010000111001010000000100010> :  0.2042073E-07  0.1000000E-03           1
|00010001010010010001001010010100010> :  0.1433937E-10  0.1000000E-03           1
|01100001010010100001000000101000010> :  0.3288534E-10  0.1000000E-03           1
|01110001100010001001011010000100010> :  0.6742796E-09  0.1000000E-03           1
|00110001101110011001011000000000010> :  0.3041003E-10  0.1000000E-03           1
|01101100000110000011010000010000010> :  0.4177760E-09  0.1000000E-03           1
|01110001110110000001111110000000001> :  0.3829966E-05  0.1000000E-03           1
|00101101010010000011011000100100010> :  0.7533398E-09  0.1000000E-03           1
|10000101010110010011011000000000010> :  0.2181581E-09  0.1000000E-03           1
|10100101100010000001110000100100010> :  0.2177821E-09  0.1000000E-03           1
|00011000010001000111111000100010010> :  0.6632262E-09  0.1000000E-03           1
|01110000110110010001110000010010010> :  0.6702835E-07  0.1000000E-03           1
|01100001110110000001110000000010010> :  0.7978498E-05  0.1000000E-03           1
|00110010010011000011100001000010010> :  0.2423108E-09  0.1000000E-03           1
|01110010100100000111001010000010010> :  0.7048376E-12  0.1000000E-03           1
|10010011000110010001001001010010010> :  0.1094550E-09  0.1000000E-03           1
|11000101010010000001101000001010010> :  0.1639018E-08  0.1000000E-03           1
|01101101110110000001011000000110010> :  0.2749551E-07  0.1000000E-03           1
|00011110100010000011111000000010010> :  0.6161344E-09  0.1000000E-03           1
|01100000110000110001000010010100011> :  0.2067154E-07  0.1000000E-03           1
|01110001010111000001100000001100011> :  0.1033477E-08  0.1000000E-03           1
|01100001101010010011000000011000011> :  0.4473812E-10  0.1000000E-03           1
|01110001110110000001010000000100011> :  0.1515377E-05  0.1000000E-03           1
|01100001111010000001011000111000011> :  0.7253404E-10  0.1000000E-03           1
|01100101110110000001010000000000011> :  0.2964619E-05  0.1000000E-03           1
|01110001010000001001000001000110011> :  0.1843421E-09  0.1000000E-03           1
|01100001100110000001011000000010011> :  0.7262833E-05  0.1000000E-03           1
|01110001110110000001010000000010011> :  0.5387872E-04  0.1000000E-03           1
|01100001110110000001110000000010011> :  0.6786533E-04  0.1000000E-03           1
|11010010100100000001111000000010011> :  0.3586843E-09  0.1000000E-03           1
|00010101110010000011101000000010011> :  0.3638817E-05  0.1000000E-03           1
|00100101110110000001110000000010011> :  0.2734538E-05  0.1000000E-03           1
|00110101110110000001111000000010011> :  0.7481619E-08  0.1000000E-03           1
|01010101111100010001000001000010011> :  0.1011193E-09  0.1000000E-03           1
|01110111110110000001110000000010011> :  0.8708417E-07  0.1000000E-03           1
|01110000010101001001010000000000100> :  0.1445289E-08  0.1000000E-03           1
|11110100110010000001011000000100101> :  0.5315100E-06  0.1000000E-03           1
|01110011010010101011000000000000100> :  0.9837302E-10  0.1000000E-03           1
|01110011111000010001100000000000100> :  0.1308607E-09  0.1000000E-03           1
|11100101110100100001010000000000100> :  0.1602801E-07  0.1000000E-03           1
|00111000000110010011000000010010100> :  0.3062551E-09  0.1000000E-03           1
|00101000010110000011001010100010100> :  0.1757750E-08  0.1000000E-03           1
|00100101110010100011101000000010000> :  0.1099410E-05  0.1000000E-03           1
|01011001010010000111111001000010100> :  0.5064767E-10  0.1000000E-03           1
|01110001010010010011011000000010100> :  0.2319115E-05  0.1000000E-03           1
|10100001010100100011100000000110100> :  0.1114850E-08  0.1000000E-03           1
|00010001010110000001100100001110000> :  0.9675514E-10  0.1000000E-03           1
|11110001110110000001100000010010100> :  0.2666994E-06  0.1000000E-03           1
|01100001110110000001110000000010100> :  0.3876261E-05  0.1000000E-03           1
|01111001110110000001110000000010100> :  0.1360327E-05  0.1000000E-03           1
|01101011110100000001011000000100000> :  0.3344690E-09  0.1000000E-03           1
|01001011101010000011001000000010100> :  0.6948111E-10  0.1000000E-03           1
|00110001110110000001111000000000001> :  0.1412994E-04  0.1000000E-03           1
|00111101000010000111110000010010100> :  0.4413489E-09  0.1000000E-03           1
|00111101010000000001010100000010100> :  0.3636189E-09  0.1000000E-03           1
|01100101010000011011010000100110100> :  0.1177923E-09  0.1000000E-03           1
|10010001110110000001110000010000001> :  0.8466540E-07  0.1000000E-03           1
|10011101111000001111100010000010100> :  0.1294982E-11  0.1000000E-03           1
|00010101110010010011101000000010000> :  0.1368537E-04  0.1000000E-03           1
|10110000010000010011101010010000101> :  0.4845765E-08  0.1000000E-03           1
|01100000010010000011001000000100101> :  0.6554587E-06  0.1000000E-03           1
|01110000010010000011001000000100101> :  0.2867738E-04  0.1000000E-03           1
|01110001110110000001110000000100001> :  0.1893005E-04  0.1000000E-03           1
|11110000010011000001111000000000101> :  0.9628116E-08  0.1000000E-03           1
|11110000010100000001010010010100101> :  0.5572041E-07  0.1000000E-03           1
|11100000110000000001101000000000101> :  0.6064824E-08  0.1000000E-03           1
|01110000110010000011101000000000101> :  0.3928821E-04  0.1000000E-03           1
|01110000110110000011110000000000101> :  0.8455000E-06  0.1000000E-03           1
|01110001110110000001010000010000101> :  0.4983528E-05  0.1000000E-03           1
|00010101110010010011001000000010000> :  0.7599019E-06  0.1000000E-03           1
|00000001010100000111001010110110000> :  0.3760912E-09  0.1000000E-03           1
|01110001110110000001001000000000101> :  0.8216024E-04  0.1000000E-03           1
|01110001110010010001011000000000101> :  0.2130491E-06  0.1000000E-03           1
|01100001110110000001110000000000001> :  0.6255998E-04  0.1000000E-03           1
|01110001110010000001101000000000101> :  0.4556955E-05  0.1000000E-03           1
|11100001110000100001000100000100101> :  0.3553148E-09  0.1000000E-03           1
|01110001110110000001101000100000001> :  0.1199754E-03  0.1000000E-03           1
|01010101110010000101111000000010000> :  0.1464753E-04  0.1000000E-03           1
|01110001100110000001010000000000101> :  0.2150525E-04  0.1000000E-03           1
|01110001010110010000011000000000101> :  0.8661401E-05  0.1000000E-03           1
|01110001110110000001101000000000101> :  0.1432858E-04  0.1000000E-03           1
|11110001110110001001010000000000101> :  0.1924741E-06  0.1000000E-03           1
|01100001110110100001010000000000101> :  0.1069250E-04  0.1000000E-03           1
|11110010010001100011100000000000101> :  0.6354677E-08  0.1000000E-03           1
|11110100010010000001101010000000101> :  0.1700650E-07  0.1000000E-03           1
|00110100010010001011001000001000101> :  0.8242681E-09  0.1000000E-03           1
|01110001110110000001101000000000001> :  0.6094387E-04  0.1000000E-03           1
|01110001010110000001010000000100101> :  0.9409437E-05  0.1000000E-03           1
|01110001000110010011001000000010101> :  0.3991890E-05  0.1000000E-03           1
|00010001010001010011110000100010101> :  0.1596635E-09  0.1000000E-03           1
|01110001010110000001101000000010101> :  0.1971171E-04  0.1000000E-03           1
|01111001100110000001010000000010101> :  0.9095345E-05  0.1000000E-03           1
|01100001100110000001010010000010101> :  0.4968685E-06  0.1000000E-03           1
|01110001110000000011010000000010101> :  0.7111430E-06  0.1000000E-03           1
|01110001110100000001010000000010101> :  0.1150115E-03  0.1000000E-03           1
|01110001110110000000011000000010101> :  0.1419788E-05  0.1000000E-03           1
|01110001110110000001001000000010101> :  0.1000222E-04  0.1000000E-03           1
|01110001110110000011010000000010101> :  0.3427868E-04  0.1000000E-03           1
|01110001010100000011011000000000101> :  0.3804509E-06  0.1000000E-03           1
|10010100000010010011001001000010101> :  0.1389906E-08  0.1000000E-03           1
|01110101000010000001110000100010101> :  0.2675420E-08  0.1000000E-03           1
|11110001110110000001011000001000001> :  0.3213586E-05  0.1000000E-03           1
|00110101010010000011101000000010101> :  0.5102823E-04  0.1000000E-03           1
|01110101100100000001010000000010101> :  0.2239815E-04  0.1000000E-03           1
|01110101100110000001010000000010101> :  0.2982852E-04  0.1000000E-03           1
|00110101100110001001000001000010101> :  0.1127797E-08  0.1000000E-03           1
|01100001110100100001000010000110110> :  0.4923393E-09  0.1000000E-03           1
|01111100100010000001010000000110111> :  0.2555943E-09  0.1000000E-03           1
|10110000110000100001111000000001000> :  0.1496562E-08  0.1000000E-03           1
|11100000110110010011101000000001000> :  0.1303078E-07  0.1000000E-03           1
|01101001010111011001000000001101000> :  0.1400223E-09  0.1000000E-03           1
|00000001011001100011001100110001000> :  0.8750073E-10  0.1000000E-03           1
|10001001011011000011100000000001000> :  0.1663602E-08  0.1000000E-03           1
|11101001110111000001000000000101000> :  0.9675903E-08  0.1000000E-03           1
|10100001110111000001010001000001000> :  0.3105324E-08  0.1000000E-03           1
|11111010010010000011010000000101000> :  0.5134739E-08  0.1000000E-03           1
|01100010010010101001110000100001000> :  0.1885138E-07  0.1000000E-03           1
|10010010011010010011111000000001000> :  0.6378377E-07  0.1000000E-03           1
|01010011011001100001001010010101000> :  0.2305102E-11  0.1000000E-03           1
|01000100100110001001111000000001000> :  0.6296568E-09  0.1000000E-03           1
|01100100110110000001001000010101000> :  0.1850041E-09  0.1000000E-03           1
|00010101101011000101110000000001000> :  0.1113946E-09  0.1000000E-03           1
|01111101110010010001010000000001000> :  0.1120573E-07  0.1000000E-03           1
|10100001010111011001000000000011000> :  0.2941416E-09  0.1000000E-03           1
|01010001110010000011011000100011000> :  0.1643527E-07  0.1000000E-03           1
|10000010010000010011101010000011000> :  0.1864828E-07  0.1000000E-03           1
|01110101110010000001111000000010000> :  0.5964415E-05  0.1000000E-03           1
|10010100001001010011101000010011000> :  0.8462578E-09  0.1000000E-03           1
|10010100011110000001101000000011000> :  0.9104233E-08  0.1000000E-03           1
|00100110100010000011110000000111000> :  0.1810453E-08  0.1000000E-03           1
|10100000010000001111111000000001001> :  0.5899932E-07  0.1000000E-03           1
|11100000010001001011100010000001001> :  0.6906353E-08  0.1000000E-03           1
|01100000010010000001011000000101001> :  0.7227305E-05  0.1000000E-03           1
|01100000010010000011001000000101001> :  0.7397920E-05  0.1000000E-03           1
|01100000010010000011011000000001001> :  0.6716696E-05  0.1000000E-03           1
|01100000010010000011011000010101001> :  0.1979929E-05  0.1000000E-03           1
|00001000010010000011101010010001001> :  0.4480926E-09  0.1000000E-03           1
|00111000010011000111001001000001001> :  0.6154593E-09  0.1000000E-03           1
|01100000010011110001001001000001001> :  0.1337265E-09  0.1000000E-03           1
|11110000010100000001100010000001001> :  0.2706887E-07  0.1000000E-03           1
|11110000011000000001101010000001001> :  0.9698960E-08  0.1000000E-03           1
|00100001010011000011101100101010000> :  0.1144714E-08  0.1000000E-03           1
|01110000110010000001011000000101001> :  0.4038619E-04  0.1000000E-03           1
|01110000110010000011011000000001001> :  0.4079365E-04  0.1000000E-03           1
|01110000110010000011101000000001001> :  0.6004208E-04  0.1000000E-03           1
|00100000110010100001100001110101001> :  0.6388905E-10  0.1000000E-03           1
|10110011100110000011110000000000000> :  0.7716243E-07  0.1000000E-03           1
|01100000110100001001001001000001001> :  0.9615904E-09  0.1000000E-03           1
|01100000110110000001011000000101001> :  0.1550428E-04  0.1000000E-03           1
|11110001010000011001001000000001001> :  0.3174184E-07  0.1000000E-03           1
|01010001010010101001100000000101001> :  0.3480481E-09  0.1000000E-03           1
|11110001110110000001011000000001001> :  0.2598852E-04  0.1000000E-03           1
|11110010010010000001001000010101001> :  0.2042033E-06  0.1000000E-03           1
|01110010010010011001011000010101001> :  0.7711674E-10  0.1000000E-03           1
|10110010110110000001110000000001001> :  0.5217505E-08  0.1000000E-03           1
|01100011110010001001010000000101001> :  0.4383096E-06  0.1000000E-03           1
|01110100000110001001101000100001001> :  0.4945751E-08  0.1000000E-03           1
|01110100010010000011101000000001001> :  0.6126501E-05  0.1000000E-03           1
|01100001110010001011110000100100000> :  0.1511942E-06  0.1000000E-03           1
|00010100101010000001110000010001001> :  0.1506750E-09  0.1000000E-03           1
|01100100110110001001011010000001001> :  0.9097461E-09  0.1000000E-03           1
|00101101110010010001001000000001001> :  0.1191137E-09  0.1000000E-03           1
|01110101110110001001010010110001001> :  0.3650280E-10  0.1000000E-03           1
|01100000010100011011000000000111001> :  0.3293556E-08  0.1000000E-03           1
|01110000110010000011001000000011001> :  0.1106867E-05  0.1000000E-03           1
|01100001100000011011011000100011001> :  0.8710025E-09  0.1000000E-03           1
|01010001110010000001001000101011001> :  0.1811386E-07  0.1000000E-03           1
|01100001010110000011111000000000000> :  0.2045203E-05  0.1000000E-03           1
|11111000100110000011011000000000000> :  0.9423967E-07  0.1000000E-03           1
|01010011110110000001110000000011001> :  0.1478619E-05  0.1000000E-03           1
|01010100010010010011010000010011001> :  0.1316601E-08  0.1000000E-03           1
|10010100110000100001100010000011001> :  0.1404843E-07  0.1000000E-03           1
|00100101000010000011111010000011001> :  0.1264568E-08  0.1000000E-03           1
|10011101000010010011101000000011001> :  0.1445743E-09  0.1000000E-03           1
|10000001010001000111101000100001010> :  0.1705729E-08  0.1000000E-03           1
|01010000010010100001101010000001011> :  0.1156946E-08  0.1000000E-03           1
|10010000010001000011001000100011011> :  0.6158054E-09  0.1000000E-03           1
|10110001010001000111100000000011100> :  0.5342067E-08  0.1000000E-03           1
|01100000010000000011001010000101101> :  0.2645845E-04  0.1000000E-03           1
|01100000110000000111001001000101101> :  0.1068281E-08  0.1000000E-03           1
|11110001110010010001010000010001101> :  0.8783721E-09  0.1000000E-03           1
|01000101101000000001001010010001101> :  0.3682023E-09  0.1000000E-03           1
|01000000010010110011100100000000000> :  0.1463045E-09  0.1000000E-03           1
|00110001010100000011101000001011101> :  0.2542650E-09  0.1000000E-03           1
|00000101000100000011101010000011111> :  0.2262103E-08  0.1000000E-03           1
|10100000010010000011010011000100000> :  0.3880040E-08  0.1000000E-03           1
