# state, exact probability, frequency, count:
#------------------------------------------------------------------
|1010001101001001101110111100100011> :  0.1868438E+00  0.1881000E+00        1881
|0101110010110110010001000011011100> :  0.1868438E+00  0.1880000E+00        1880
|0100110001110110011000010011011110> :  0.2285963E-01  0.2340000E-01         234
|1011001110001001100110111100100001> :  0.2071729E-01  0.2250000E-01         225
|1011001110001001100111101100100001> :  0.2285963E-01  0.2210000E-01         221
|0100110001110110011001000011011110> :  0.2071729E-01  0.2200000E-01         220
|0100110000110110011000010011011111> :  0.1587427E-01  0.1690000E-01         169
|1011001111001001100111101100100000> :  0.1587427E-01  0.1550000E-01         155
|1011001101001001100111101100100010> :  0.1163647E-01  0.1290000E-01         129
|1100000001110000011100010111011110> :  0.1008333E-01  0.1120000E-01         112
|0011111110001111100011101000100001> :  0.1008333E-01  0.1080000E-01         108
|0100110010110110011000010011011101> :  0.1163647E-01  0.1030000E-01         103
|0011101110001111100011101100100001> :  0.1067804E-01  0.1000000E-01         100
|1100010001110000011100010011011110> :  0.1067804E-01  0.9800000E-02          98
|0101110001110110010001000011011110> :  0.9355870E-02  0.9200000E-02          92
|1110000000000001111110111110101011> :  0.5902578E-02  0.9100000E-02          91
|1001000111111001000101100101110000> :  0.6511040E-02  0.8600000E-02          86
|0001111110111110010001000001010100> :  0.6556173E-02  0.8400000E-02          84
|1010001101001001101110111110100011> :  0.9151946E-02  0.8200000E-02          82
|0101110010110110010001000001011100> :  0.9151946E-02  0.8000000E-02          80
|0011111110001111110011101000000001> :  0.8084560E-02  0.7900000E-02          79
|1010001110001001101110111100100001> :  0.9355870E-02  0.7900000E-02          79
|0001111111111111100001100000110000> :  0.7430642E-02  0.7900000E-02          79
|1100000001110000001100010111111110> :  0.8084560E-02  0.7800000E-02          78
|1100010001110000001100010011111110> :  0.7424587E-02  0.7600000E-02          76
|0011101110001111110011101100000001> :  0.7424587E-02  0.7300000E-02          73
|1110000000000000111110011110001111> :  0.6783411E-02  0.7200000E-02          72
|1110000001000001101110111110101011> :  0.6556173E-02  0.7000000E-02          70
|0001111111111111000001100001110000> :  0.6783411E-02  0.7000000E-02          70
|1110000000000000011110011111001111> :  0.7430642E-02  0.6800000E-02          68
|0110111000000110111010011010001111> :  0.6511040E-02  0.6600000E-02          66
|0110111010000110111010011010001101> :  0.7037655E-02  0.6500000E-02          65
|0111111010010110110011001010001100> :  0.6128006E-02  0.6300000E-02          63
|1000000101101001001100110101110011> :  0.6128006E-02  0.6200000E-02          62
|0001111111111110000001000001010100> :  0.5902578E-02  0.6100000E-02          61
|1001000101111001000101100101110010> :  0.7037655E-02  0.6100000E-02          61
|1000000101111001001100110101110010> :  0.5599387E-02  0.5700000E-02          57
|0111110010010110010011000011001100> :  0.5608391E-02  0.5600000E-02          56
|0101110010110110010011000011011100> :  0.4878593E-02  0.5600000E-02          56
|1000001101101001101100111100110011> :  0.5608391E-02  0.5200000E-02          52
|0011101111001111100011101100100000> :  0.3893490E-02  0.5100000E-02          51
|0001110111111110000001000001011100> :  0.4619161E-02  0.5100000E-02          51
|0001111110101111100001101000110001> :  0.5211496E-02  0.5000000E-02          50
|1110000001010000001110010111101110> :  0.4918529E-02  0.4900000E-02          49
|0001110110111110010001000001011100> :  0.4909313E-02  0.4900000E-02          49
|1110001000000001111110111010101011> :  0.3802715E-02  0.4800000E-02          48
|0001111110101111110001101000010001> :  0.4918529E-02  0.4600000E-02          46
|0111111010000110110011001010001101> :  0.5599387E-02  0.4500000E-02          45
|1110000001010000011110010111001110> :  0.5211496E-02  0.4400000E-02          44
|1110001000000001111110111110100011> :  0.4619161E-02  0.4400000E-02          44
|1110001001000001101110111110100011> :  0.4909313E-02  0.4400000E-02          44
|1011101110001101100011101100100001> :  0.3792788E-02  0.4400000E-02          44
|1110000000010000011110010111001111> :  0.5534457E-02  0.4300000E-02          43
|0100010001110010011100010011011110> :  0.3792788E-02  0.4200000E-02          42
|0001110110111110010001000101010100> :  0.4353117E-02  0.4100000E-02          41
|0001111111101111100001101000110000> :  0.5534457E-02  0.4100000E-02          41
|1100010000110000011100010011011111> :  0.3893490E-02  0.3700000E-02          37
|0001110111111110000001000101010100> :  0.3802715E-02  0.3700000E-02          37
|1010000101001001001110111101100011> :  0.3347422E-02  0.3700000E-02          37
|1010001101001001101100111100100011> :  0.4878593E-02  0.3700000E-02          37
|1110001001000001101110111010101011> :  0.4353117E-02  0.3600000E-02          36
|1010000101001001101110111100100011> :  0.3215815E-02  0.3600000E-02          36
|0001110111111111000001100001111000> :  0.3240659E-02  0.3100000E-02          31
|1110001000000000111110011110000111> :  0.3240659E-02  0.3000000E-02          30
|1010000001001001101110111110101011> :  0.2645783E-02  0.2900000E-02          29
|0100010001110010001100010011111110> :  0.2639406E-02  0.2900000E-02          29
|1110000010000001111110111110101001> :  0.2831012E-02  0.2900000E-02          29
|0011111111001111100011101000100000> :  0.2272557E-02  0.2900000E-02          29
|0101111110110110010001000001010100> :  0.2645783E-02  0.2800000E-02          28
|0101111010110110110001000010011100> :  0.3347422E-02  0.2700000E-02          27
|0001111110101110110001101000010101> :  0.2378429E-02  0.2700000E-02          27
|1110001010000001111110111110100001> :  0.2003158E-02  0.2500000E-02          25
|0001111110111110110001000000010100> :  0.2220601E-02  0.2500000E-02          25
|0101110010110110010001000111011100> :  0.2441581E-02  0.2400000E-02          24
|1110000000000001011110111111101011> :  0.2794886E-02  0.2400000E-02          24
|0001111111111110100001000000010100> :  0.2794886E-02  0.2300000E-02          23
|1110000001000001001110111111101011> :  0.2220601E-02  0.2300000E-02          23
|0101111010110110010001000011011100> :  0.3215815E-02  0.2300000E-02          23
|0101110010110110110001000011011100> :  0.2042428E-02  0.2200000E-02          22
|0001110101111110000001000101010110> :  0.1962331E-02  0.2200000E-02          22
|1110000001010001001110010111101010> :  0.2378429E-02  0.2200000E-02          22
|0001111101111110000001000001010110> :  0.2831012E-02  0.2200000E-02          22
|1011101110001101110011101100000001> :  0.2639406E-02  0.2100000E-02          21
|0001110111111111000001100101110000> :  0.1907651E-02  0.2000000E-02          20
|1110001010000001111110111010101001> :  0.1962331E-02  0.2000000E-02          20
|1010001101001001001110111100100011> :  0.2042428E-02  0.2000000E-02          20
|1100000000110000011100010111011111> :  0.2272557E-02  0.2000000E-02          20
|1010001001001001101110111010101011> :  0.1584246E-02  0.1900000E-02          19
|0100111010110110111000010010011101> :  0.1666640E-02  0.1900000E-02          19
|0100010000110010011100010011011111> :  0.1471665E-02  0.1800000E-02          18
|0001110101111110000001000001011110> :  0.2003158E-02  0.1800000E-02          18
|1100010001110001001100010011111010> :  0.9774476E-03  0.1700000E-02          17
|1011000101001001000111101101100010> :  0.1666640E-02  0.1600000E-02          16
|1011000111001001000111101101100000> :  0.1589111E-02  0.1600000E-02          16
|1110001000000000111110011010001111> :  0.1907651E-02  0.1600000E-02          16
|0101110110110110010001000101010100> :  0.1584246E-02  0.1500000E-02          15
|0100111010100110111000011010011101> :  0.1278019E-02  0.1500000E-02          15
|0100111000100110111000011010011111> :  0.1128588E-02  0.1500000E-02          15
|1010001101001001101100111100110011> :  0.1054020E-02  0.1400000E-02          14
|0101110011111110000001000001011100> :  0.1390448E-02  0.1400000E-02          14
|1011000101011001000111100101100010> :  0.1278019E-02  0.1300000E-02          13
|1010001101001001101110111000100011> :  0.2441581E-02  0.1300000E-02          13
|1011000111011001000111100101100000> :  0.1128588E-02  0.1300000E-02          13
|0101110001111110000001000001011110> :  0.6445085E-03  0.1300000E-02          13
|1010000001001001001110111111101011> :  0.1197169E-02  0.1300000E-02          13
|0001111101111110100001000000010110> :  0.1463420E-02  0.1200000E-02          12
|1011101111001101100011101100100000> :  0.1471665E-02  0.1200000E-02          12
|0101110010111110010001000001011100> :  0.5516598E-03  0.1100000E-02          11
|0011101110001110110011101100000101> :  0.9774476E-03  0.1100000E-02          11
|0111100010010110010011000111001100> :  0.9032208E-03  0.1000000E-02          10
|0100111000110110111000010010011111> :  0.1589111E-02  0.1000000E-02          10
|0100010001110110001000010011111110> :  0.5545799E-03  0.1000000E-02          10
|1011101110001001110111101100000001> :  0.5545799E-03  0.1000000E-02          10
|1000011101101001101100111000110011> :  0.9032208E-03  0.1000000E-02          10
|0101111010100110110001001010011101> :  0.9712802E-03  0.1000000E-02          10
|1100000001110001001100010111111010> :  0.1193274E-02  0.1000000E-02          10
|0101110110110110010001000001011100> :  0.9139167E-03  0.1000000E-02          10
|0100110010110110010001000011011100> :  0.9068432E-03  0.9000000E-03           9
|1010001001001001101110111110100011> :  0.9139167E-03  0.9000000E-03           9
|1010001100000001111110111110100011> :  0.1390448E-02  0.9000000E-03           9
|0101111110110110110001000000010100> :  0.1197169E-02  0.8000000E-03           8
|0100111000110110011000010011011111> :  0.3158988E-03  0.8000000E-03           8
|0011111110001110110011101000000101> :  0.1193274E-02  0.8000000E-03           8
|1110000010000001011110111111101001> :  0.1463420E-02  0.8000000E-03           8
|1010001110000001111110111110100001> :  0.6445085E-03  0.8000000E-03           8
|0101110010110110010011000011001100> :  0.1054020E-02  0.7000000E-03           7
|1010000101011001001110110101100010> :  0.9712802E-03  0.7000000E-03           7
|1011001101001001000111101100100010> :  0.2285844E-03  0.7000000E-03           7
|1011001101001001101110111100100011> :  0.9068432E-03  0.7000000E-03           7
|1010001101101001101100111100100011> :  0.7285896E-03  0.6000000E-03           6
|0101110010010110010011000011011100> :  0.7285896E-03  0.5000000E-03           5
|1100011010100001111100111010111001> :  0.4053014E-03  0.5000000E-03           5
|1100010010110001011100010011111001> :  0.2426797E-03  0.5000000E-03           5
|0011100111011110000011000101000100> :  0.3513097E-03  0.5000000E-03           5
|1001011110101001100101101000110001> :  0.1945015E-03  0.5000000E-03           5
|0011101101001110100011101100000110> :  0.2426797E-03  0.5000000E-03           5
|0011111110011110110011001000000100> :  0.2139280E-03  0.4000000E-03           4
|0100010010110101011100010011111001> :  0.1716632E-03  0.4000000E-03           4
|0011101111011110100011001100000100> :  0.2192951E-03  0.4000000E-03           4
|0100110010110110111000010011011101> :  0.2285844E-03  0.4000000E-03           4
|0100110001110110011010010011011110> :  0.2622700E-03  0.4000000E-03           4
|1101100010110010010001000111011110> :  0.1555903E-03  0.4000000E-03           4
|1110100001010010011010010111001110> :  0.1385917E-03  0.4000000E-03           4
|0100010001110110011000010011011110> :  0.2496062E-03  0.4000000E-03           4
|1011101110001001100111101100100001> :  0.2496062E-03  0.4000000E-03           4
|1011001111001001000111101100100000> :  0.2140817E-03  0.4000000E-03           4
|0000011110101101101100111000110001> :  0.2733283E-03  0.4000000E-03           4
|0011100101011110000011000101000110> :  0.4053014E-03  0.4000000E-03           4
|0100111001110110111000010010011110> :  0.2673285E-03  0.4000000E-03           4
|0100110010110110011010010011011101> :  0.2941880E-03  0.4000000E-03           4
|1100010000110001011100010011111011> :  0.2433807E-03  0.4000000E-03           4
|0100110000110110011010010011011111> :  0.3498890E-03  0.4000000E-03           4
|1100010010100001011100110011111001> :  0.1810814E-03  0.4000000E-03           4
|1011000111001001100111101100100000> :  0.3158988E-03  0.4000000E-03           4
|0101110010110110110001000011001100> :  0.1883199E-03  0.3000000E-03           3
|1111100010010101010011000111001100> :  0.6223096E-04  0.3000000E-03           3
|0100011010100101111100111010111001> :  0.3329506E-03  0.3000000E-03           3
|0111111110010110110011001000000100> :  0.1061596E-03  0.3000000E-03           3
|0101111010110110010001000011010100> :  0.1811975E-03  0.3000000E-03           3
|0110011010000111111010111010101001> :  0.2099600E-03  0.3000000E-03           3
|0100110000110110111000010011011111> :  0.2140817E-03  0.3000000E-03           3
|1100010000100001011100110011111011> :  0.2192951E-03  0.3000000E-03           3
|0110100000000110011010011111001111> :  0.1277255E-03  0.3000000E-03           3
|1100000000110001011100010111111011> :  0.2138506E-03  0.3000000E-03           3
|1110100001010010011011000111001110> :  0.2054759E-03  0.3000000E-03           3
|1111100001010010010011000111001110> :  0.2733283E-03  0.3000000E-03           3
|1101100001110000010101000111011110> :  0.1172502E-03  0.3000000E-03           3
|1011000110001001000111101101100001> :  0.2673285E-03  0.3000000E-03           3
|1010001101001001001110111100110011> :  0.1883199E-03  0.3000000E-03           3
|1011100101011000000111000101000110> :  0.2357943E-03  0.3000000E-03           3
|1100100001110010011001000111011110> :  0.1100583E-03  0.3000000E-03           3
|1001011110101001100100111000110001> :  0.2013562E-03  0.3000000E-03           3
|0100110010110111011000010011011101> :  0.2621168E-03  0.3000000E-03           3
|1011001111001001100101101100100000> :  0.3498890E-03  0.3000000E-03           3
|0101110011110110010001000011011100> :  0.4804983E-03  0.3000000E-03           3
|0011001110001111100010111100100001> :  0.4843361E-04  0.2000000E-03           2
|1010001110001101101110111100100001> :  0.2032716E-03  0.2000000E-03           2
|1011001110101001100100111100100001> :  0.8297357E-05  0.2000000E-03           2
|1011001110001101100110111100100001> :  0.5887428E-04  0.2000000E-03           2
|1011001101001001100101101100100010> :  0.2941880E-03  0.2000000E-03           2
|0101110010110111010001000011011100> :  0.4914720E-03  0.2000000E-03           2
|1010000101001001001110111101100010> :  0.2060749E-03  0.2000000E-03           2
|0110111010000111111010111010001001> :  0.1417945E-03  0.2000000E-03           2
|0001110110111110010001000001010100> :  0.9625962E-05  0.2000000E-03           2
|0011101111001110100011101100000100> :  0.2433807E-03  0.2000000E-03           2
|1100011001100001101100111010111011> :  0.2015846E-03  0.2000000E-03           2
|1100010001110001001100010011111011> :  0.4872030E-04  0.2000000E-03           2
|1011001110001001000111101100100001> :  0.7724713E-04  0.2000000E-03           2
|1100010001100001001100110011111011> :  0.1687997E-03  0.2000000E-03           2
|1100000010100001011100110111111001> :  0.9489162E-04  0.2000000E-03           2
|1001001111101001100101101100110000> :  0.1507706E-03  0.2000000E-03           2
|0001100101111110000001000101010110> :  0.3186677E-04  0.2000000E-03           2
|1000000001101001001100110111111011> :  0.1061596E-03  0.2000000E-03           2
|0100111001110110011000010011011110> :  0.1186017E-03  0.2000000E-03           2
|0101110010110010010001000011011110> :  0.1645609E-03  0.2000000E-03           2
|1100000000100001011100110111111011> :  0.2148772E-03  0.2000000E-03           2
|0100110001110110111000010011011110> :  0.7724713E-04  0.2000000E-03           2
|1111100010010000010111000111001110> :  0.1708842E-03  0.2000000E-03           2
|1101100001110010010001000111011110> :  0.1682514E-03  0.2000000E-03           2
|1010001101001010101110111100100011> :  0.1839548E-03  0.2000000E-03           2
|1110100001010000011111000111001110> :  0.7829877E-04  0.2000000E-03           2
|0110100001010110011010010111001110> :  0.1945015E-03  0.2000000E-03           2
|1101110001110000010101000011011110> :  0.8672460E-04  0.2000000E-03           2
|0100110001110010011000010011011110> :  0.1568662E-03  0.2000000E-03           2
|1010000110001001101110111100100001> :  0.2781298E-04  0.2000000E-03           2
|0011101101011110100011001100000110> :  0.1810814E-03  0.2000000E-03           2
|1010001100001001101110111100100011> :  0.4804983E-03  0.2000000E-03           2
|0100110001110110001001000011011110> :  0.1910464E-04  0.2000000E-03           2
|0101110010110110010001000011011110> :  0.7853379E-04  0.2000000E-03           2
|0001011110101101100100111000110001> :  0.2054759E-03  0.2000000E-03           2
|1011100101011010000011000101000110> :  0.3329506E-03  0.2000000E-03           2
|0100111010110110011000010011011101> :  0.2797281E-03  0.2000000E-03           2
|1001011111111001100101100000110000> :  0.1277255E-03  0.2000000E-03           2
|1011001111001101100111101100100000> :  0.1169355E-03  0.2000000E-03           2
|1010000101001001001110110101100011> :  0.1805204E-03  0.2000000E-03           2
|0110110010010110011010010011001101> :  0.6986341E-04  0.2000000E-03           2
|1100000001100001001100110111111011> :  0.2139280E-03  0.2000000E-03           2
|0110100000000110111010011110001111> :  0.4568201E-04  0.2000000E-03           2
|0110110000000110011010011011001111> :  0.1231072E-03  0.2000000E-03           2
|0101111010110110110001001010011100> :  0.1805204E-03  0.2000000E-03           2
|0000011101101111101000111000110001> :  0.1708842E-03  0.2000000E-03           2
|0101111010110110110001000010001100> :  0.8814008E-04  0.2000000E-03           2
|0000011101101101101100111000110001> :  0.2266042E-03  0.2000000E-03           2
|1001001101111001100101100100110010> :  0.8099208E-04  0.2000000E-03           2
|1010001101001001101110111100100010> :  0.1148155E-03  0.2000000E-03           2
|0101110011110110000001000011011100> :  0.9568989E-04  0.1000000E-03           1
|0101110010111110010001000111011100> :  0.5637163E-07  0.1000000E-03           1
|1000001110101001101100111100110001> :  0.6387470E-04  0.1000000E-03           1
|1010001101001001001110111100100010> :  0.1940254E-04  0.1000000E-03           1
|1001001110101001100101101100110001> :  0.1182429E-03  0.1000000E-03           1
|0011111110011110010011101001000000> :  0.2661775E-09  0.1000000E-03           1
|1011001101001000100111101100100010> :  0.2621168E-03  0.1000000E-03           1
|0101110010110110010001000101011100> :  0.2859840E-04  0.1000000E-03           1
|1011001100011001111111101100100010> :  0.6656786E-07  0.1000000E-03           1
|0101110010110110010000000011011100> :  0.4657840E-05  0.1000000E-03           1
|0101110010110101010001000011011100> :  0.1839548E-03  0.1000000E-03           1
|1000000101111001001100010101110010> :  0.1018113E-04  0.1000000E-03           1
|0001111101110111110001100100010000> :  0.1591831E-08  0.1000000E-03           1
|0011011111001101000101101101100000> :  0.3519002E-08  0.1000000E-03           1
|1001000101111001000101110101110010> :  0.4183198E-06  0.1000000E-03           1
|0100110001110110011000010011011100> :  0.1063203E-04  0.1000000E-03           1
|0100110000110110011001000001011100> :  0.3158457E-06  0.1000000E-03           1
|1100100011110111011001000011011100> :  0.3030810E-09  0.1000000E-03           1
|1101100010110001010101000111011100> :  0.4406703E-04  0.1000000E-03           1
|0101010010110101010111010111011100> :  0.4836153E-09  0.1000000E-03           1
|0100000001110100001000010111111100> :  0.1360224E-06  0.1000000E-03           1
|1011000101001001100111101100100010> :  0.2797281E-03  0.1000000E-03           1
|1011111111111110100011000000000100> :  0.8553636E-09  0.1000000E-03           1
|1011001110001001110111101100100001> :  0.5793676E-04  0.1000000E-03           1
|0000111111111101000101100001010100> :  0.1127910E-08  0.1000000E-03           1
|0011111111011110100011001000000100> :  0.2148772E-03  0.1000000E-03           1
|0011111111001110100011101000000100> :  0.2138506E-03  0.1000000E-03           1
|1001001111111001100101100100110000> :  0.1231072E-03  0.1000000E-03           1
|0101110011110110010001000001011100> :  0.6011127E-04  0.1000000E-03           1
|0111111010000111110011101010001001> :  0.3448451E-04  0.1000000E-03           1
|0001111110111110010001000000010100> :  0.3300116E-05  0.1000000E-03           1
|1011100110001101110011001100001001> :  0.7499662E-09  0.1000000E-03           1
|1010001110001001101100111100100001> :  0.1637235E-04  0.1000000E-03           1
|0101111010110110110001000010010100> :  0.1072521E-03  0.1000000E-03           1
|0011101111001111100011101100000000> :  0.1744297E-04  0.1000000E-03           1
|0110011010000101111110111010001001> :  0.2085315E-06  0.1000000E-03           1
|0101110110110110010001000001010100> :  0.3332391E-05  0.1000000E-03           1
|0000010101101111001000110001111001> :  0.6532523E-05  0.1000000E-03           1
|0001110101111110000001000101010100> :  0.4059235E-05  0.1000000E-03           1
|1011001110001001100110111000100001> :  0.5344221E-04  0.1000000E-03           1
|0011101111001111000011101100100000> :  0.1368141E-04  0.1000000E-03           1
|1011001111111001100101100100100000> :  0.3712022E-04  0.1000000E-03           1
|0011101111001111110011101100100100> :  0.1024040E-07  0.1000000E-03           1
|0011101110011110110011001100000100> :  0.1687997E-03  0.1000000E-03           1
|1111101010010001110111001110000100> :  0.6352656E-05  0.1000000E-03           1
|1100010010110001011100010011011001> :  0.1746758E-07  0.1000000E-03           1
|1011001110001001100101101100100001> :  0.2622700E-03  0.1000000E-03           1
|0011100111011110100011001110100100> :  0.7808459E-09  0.1000000E-03           1
|0100010010100111011000110011111001> :  0.7852973E-04  0.1000000E-03           1
|0111100110010110010011000101000100> :  0.1023822E-03  0.1000000E-03           1
|0100011010100111110100011010111011> :  0.1571124E-09  0.1000000E-03           1
|0100010010100101011100110011111001> :  0.1162063E-03  0.1000000E-03           1
|1011001110001001100100111100100001> :  0.8566190E-04  0.1000000E-03           1
|0011101111001110100011101100100000> :  0.2104303E-04  0.1000000E-03           1
|0011111101000110110011101000001111> :  0.7458398E-09  0.1000000E-03           1
|1100011000100001111100111010111011> :  0.3513097E-03  0.1000000E-03           1
|1000010101101001001100110001111011> :  0.3024106E-04  0.1000000E-03           1
|0100110010110110011000010011011111> :  0.8512372E-04  0.1000000E-03           1
|0101110010110110010100000001011111> :  0.1126321E-08  0.1000000E-03           1
|1010000110001001101100110100111001> :  0.2550031E-08  0.1000000E-03           1
|0100110000110110011000010111011111> :  0.4743901E-04  0.1000000E-03           1
|0100110000110010011000010011011111> :  0.1169355E-03  0.1000000E-03           1
|0100110000010110011010010011011111> :  0.1812415E-04  0.1000000E-03           1
|1010001001001001101100111010101011> :  0.5951303E-05  0.1000000E-03           1
|1111100010000010110011001110001111> :  0.6148522E-05  0.1000000E-03           1
|1110001001000001101110111110101011> :  0.9625962E-05  0.1000000E-03           1
|1111100010000000110111001110001111> :  0.6014865E-05  0.1000000E-03           1
|0100010000110110011000010011011111> :  0.1614015E-03  0.1000000E-03           1
|0010001101001111101010111100100001> :  0.9435596E-04  0.1000000E-03           1
|1010000101001001101110111100101011> :  0.1811975E-03  0.1000000E-03           1
|1010000101001001001110111101101011> :  0.1072521E-03  0.1000000E-03           1
|1110000000000001111110111110101001> :  0.7119576E-05  0.1000000E-03           1
|1100000001110001001100010111111011> :  0.4856406E-04  0.1000000E-03           1
|0011111111001111110011101000000001> :  0.2168239E-06  0.1000000E-03           1
|1010001101001101101110111100100001> :  0.1645609E-03  0.1000000E-03           1
|1011101111001001100111101100100000> :  0.1614015E-03  0.1000000E-03           1
|0100101100001010111000011100010111> :  0.6076489E-11  0.1000000E-03           1
|1111101010000000110111001110000111> :  0.6332461E-05  0.1000000E-03           1
|0111111010010110110011001010001110> :  0.1390177E-05  0.1000000E-03           1
|0100111001110110011001000011011110> :  0.3691590E-04  0.1000000E-03           1
|0010001101001101101110111100100001> :  0.4829913E-04  0.1000000E-03           1
|0000110101101110000011000001011110> :  0.6581145E-10  0.1000000E-03           1
|0001111110101111000001101000110001> :  0.2736812E-05  0.1000000E-03           1
|1101110010110000010101000011011110> :  0.9435596E-04  0.1000000E-03           1
|1011101101001101100011101100100000> :  0.1164116E-05  0.1000000E-03           1
|0011001111011110110011111100000000> :  0.7147992E-10  0.1000000E-03           1
|0100110001110110011001000111011110> :  0.5344221E-04  0.1000000E-03           1
|0100110001110110011000010111011110> :  0.7492077E-04  0.1000000E-03           1
|0001110101111110011000100101110011> :  0.2622548E-08  0.1000000E-03           1
|0110100010010110011010000111000011> :  0.2313579E-09  0.1000000E-03           1
|0101110001110010010001000011011110> :  0.2032716E-03  0.1000000E-03           1
|0000011101101110101000111000110011> :  0.8052914E-04  0.1000000E-03           1
|0011101111001111100011101100100001> :  0.4537920E-05  0.1000000E-03           1
|0101100010110110010001000111011110> :  0.7282143E-05  0.1000000E-03           1
|1101100010110000010101000111011110> :  0.1230556E-03  0.1000000E-03           1
|1010011101001001101110111000100011> :  0.1764603E-03  0.1000000E-03           1
|1100100001110000011101000111011110> :  0.6946014E-04  0.1000000E-03           1
|1011000110001001100111101100100001> :  0.1186017E-03  0.1000000E-03           1
|1000100111111101001000100101010000> :  0.1276845E-08  0.1000000E-03           1
|0110100001010110011011000111001110> :  0.2013562E-03  0.1000000E-03           1
|0010001101001110101010111100100011> :  0.3301793E-04  0.1000000E-03           1
|0111100001010110010011000111001110> :  0.1803798E-03  0.1000000E-03           1
|1100011001110000111100010010011110> :  0.4607550E-04  0.1000000E-03           1
|0101010001110110000000010011111110> :  0.1396600E-08  0.1000000E-03           1
|0100010001110010011100010011111110> :  0.4497699E-05  0.1000000E-03           1
|1010001101001001101110101100100011> :  0.4804462E-05  0.1000000E-03           1
|1010000101001101001110111101100001> :  0.9685453E-06  0.1000000E-03           1
|0011100111001111000011101101100000> :  0.6454267E-04  0.1000000E-03           1
|1011001111011001100111101100100000> :  0.3112836E-04  0.1000000E-03           1
|1110001001000000111101011110011110> :  0.6983909E-09  0.1000000E-03           1
|1110000010011000001110010111001110> :  0.5897741E-07  0.1000000E-03           1
|0011100110001111110011101100000001> :  0.7930145E-05  0.1000000E-03           1
|0001111111111110000001000001010110> :  0.7119576E-05  0.1000000E-03           1
|1010001101001000101110111100100011> :  0.4914720E-03  0.1000000E-03           1
|0011100110001111000011101101100001> :  0.4607550E-04  0.1000000E-03           1
|1010001101000001101110111110100011> :  0.5516598E-03  0.1000000E-03           1
|0110111100010110011010010011000110> :  0.1207581E-08  0.1000000E-03           1
|1010001100001001101110111110100011> :  0.6011127E-04  0.1000000E-03           1
|0000011110101111101000111000110001> :  0.1595907E-03  0.1000000E-03           1
|1011101101011010100011001100000110> :  0.1162063E-03  0.1000000E-03           1
|1011101101001010100011101100000110> :  0.1716632E-03  0.1000000E-03           1
|0000010111111110001000010011111000> :  0.1053625E-08  0.1000000E-03           1
|1011100111001101000011101101100000> :  0.6075039E-04  0.1000000E-03           1
|1001100101111010000001000101010110> :  0.1927092E-03  0.1000000E-03           1
|1011001010001001100110101110100011> :  0.2825692E-07  0.1000000E-03           1
|1001100101111000000101000101010110> :  0.2099600E-03  0.1000000E-03           1
|1001000101111000000101000101110110> :  0.1417945E-03  0.1000000E-03           1
|1011000101011000000111000101100110> :  0.1578709E-03  0.1000000E-03           1
|1000011110101001101100111000110001> :  0.1803798E-03  0.1000000E-03           1
|1000010011111001001101100011111000> :  0.9273944E-09  0.1000000E-03           1
|0101111010110110110001000010011101> :  0.2060749E-03  0.1000000E-03           1
|0101111010110110010001000011011101> :  0.1022597E-04  0.1000000E-03           1
|0101111010100111110001001010011101> :  0.3589717E-05  0.1000000E-03           1
|1010000101001001001110111111100011> :  0.8762429E-04  0.1000000E-03           1
|0100010001110101001100010011111000> :  0.3016380E-04  0.1000000E-03           1
|0100110001110111010001000011111010> :  0.1035465E-07  0.1000000E-03           1
|0010011110001111101010111000100001> :  0.1172502E-03  0.1000000E-03           1
|0000010001111010001100110011111010> :  0.3219277E-05  0.1000000E-03           1
|0100110010000110011010011011011101> :  0.3127675E-04  0.1000000E-03           1
|0110110010000110011010011011001101> :  0.8099208E-04  0.1000000E-03           1
|1000010001111001001100110011111010> :  0.3281709E-04  0.1000000E-03           1
|0011011110001111100010111000100001> :  0.6946014E-04  0.1000000E-03           1
|1001101110101110110001101100001101> :  0.2456485E-08  0.1000000E-03           1
|0110100010000110011010011111001101> :  0.5170650E-04  0.1000000E-03           1
|0000011010101110110000111000111101> :  0.6859894E-09  0.1000000E-03           1
|1110001000000000111110011110001111> :  0.5304866E-05  0.1000000E-03           1
|0100010010110110011000010011011101> :  0.8599617E-04  0.1000000E-03           1
|1100010000110000111100010011011111> :  0.1368141E-04  0.1000000E-03           1
|1100000001110101011001010011111010> :  0.4006186E-09  0.1000000E-03           1
|0010011110001101101110111000100001> :  0.1682514E-03  0.1000000E-03           1
|1001000110101001010111100101011101> :  0.3552817E-09  0.1000000E-03           1
|0100111110111110111000010000010101> :  0.1009089E-08  0.1000000E-03           1
|0001111110111110010001000001010101> :  0.2670996E-05  0.1000000E-03           1
|0011011110001101100110111000100001> :  0.1100583E-03  0.1000000E-03           1
|0001011111101101100101101000110000> :  0.7630802E-04  0.1000000E-03           1
|0100110000000110011010011011011111> :  0.3712022E-04  0.1000000E-03           1
|0110110000010110011010010011001111> :  0.1507706E-03  0.1000000E-03           1
|0111111110000110110011001000000101> :  0.5339315E-04  0.1000000E-03           1
|0001111101111110100001100000110010> :  0.1696834E-04  0.1000000E-03           1
|1010101101001010100011111110100010> :  0.1574496E-07  0.1000000E-03           1
|1011100110111010100101000101100010> :  0.1099753E-09  0.1000000E-03           1
|0101111010110110010001000001011100> :  0.9276236E-04  0.1000000E-03           1
|0000010101111010001100110101110010> :  0.5014539E-05  0.1000000E-03           1
|0011111010010110110011001010001100> :  0.8954819E-07  0.1000000E-03           1
|0001110111111110000011000001011100> :  0.1038662E-04  0.1000000E-03           1
|1011001101111001100101100100100010> :  0.3127675E-04  0.1000000E-03           1
|1000011101101001101100111000110001> :  0.3694480E-04  0.1000000E-03           1
|1010001101001001101111111100100010> :  0.4051519E-05  0.1000000E-03           1
|1010011101001001101110111000100001> :  0.7282143E-05  0.1000000E-03           1
|1001011111101001100101101000110000> :  0.1679651E-03  0.1000000E-03           1
|1011001111001001100111111100100000> :  0.1756578E-04  0.1000000E-03           1
