# state, exact probability, frequency, count:
#------------------------------------------------------------------
|011000010011010001111110> :  0.1429409E+00  0.1396000E+00        1396
|100111101100101110000001> :  0.1429409E+00  0.1394000E+00        1394
|011000010111010001110110> :  0.9486044E-01  0.9940000E-01         994
|100111101110100110000001> :  0.9412462E-01  0.9690000E-01         969
|100111101000101110001001> :  0.9486044E-01  0.9510000E-01         951
|011000010001011001111110> :  0.9412462E-01  0.9430000E-01         943
|100111101010100110001001> :  0.7069906E-01  0.7200000E-01         720
|011000010101011001110110> :  0.7069906E-01  0.6880000E-01         688
|011000010011010011101110> :  0.3079891E-01  0.2980000E-01         298
|100111101100101100010001> :  0.3079891E-01  0.2950000E-01         295
|000101010100010011100111> :  0.8141469E-02  0.1040000E-01         104
|111010101011001100111000> :  0.8465008E-02  0.9400000E-02          94
|000111010100110011000011> :  0.8280540E-02  0.8700000E-02          87
|111010101011101100011000> :  0.8141469E-02  0.8600000E-02          86
|111000101011001100111100> :  0.8280540E-02  0.7800000E-02          78
|111010101001101100011001> :  0.7357454E-02  0.7700000E-02          77
|000101010100110011000111> :  0.8465008E-02  0.7700000E-02          77
|000101010110010011100110> :  0.7357454E-02  0.7600000E-02          76
|111000111011000100111100> :  0.7667980E-02  0.7400000E-02          74
|000111000100111011000011> :  0.7667980E-02  0.6900000E-02          69
|000111000100111001010011> :  0.6214384E-02  0.6200000E-02          62
|000101011110000011100110> :  0.5314303E-02  0.5700000E-02          57
|111010100001111100011001> :  0.5314303E-02  0.5000000E-02          50
|111000111011000110101100> :  0.6214384E-02  0.4900000E-02          49
|000101011110000110100110> :  0.2475715E-02  0.3900000E-02          39
|101001111011000110101100> :  0.3736594E-02  0.3700000E-02          37
|010110000100111001010011> :  0.3736594E-02  0.3600000E-02          36
|111010100001111001011001> :  0.2475715E-02  0.2700000E-02          27
|011010000100111001010011> :  0.1215796E-02  0.1400000E-02          14
|100101111011000110101100> :  0.1215796E-02  0.1200000E-02          12
|100110101000101100011001> :  0.2942379E-03  0.6000000E-03           6
|000101111110000110100100> :  0.5621537E-03  0.5000000E-03           5
|111010000001111001011011> :  0.5621537E-03  0.5000000E-03           5
|011001010111010011100110> :  0.2942379E-03  0.4000000E-03           4
|011000010111010011101110> :  0.6155509E-04  0.2000000E-03           2
|001000101011000011101110> :  0.4180572E-07  0.1000000E-03           1
|101011111111000100110100> :  0.9049426E-07  0.1000000E-03           1
|000111111110101100010011> :  0.3157399E-06  0.1000000E-03           1
|000111111101011100010101> :  0.3385494E-07  0.1000000E-03           1
|100111101110111100010000> :  0.1017178E-05  0.1000000E-03           1
|000111101111100110001001> :  0.2822244E-05  0.1000000E-03           1
|000110010110000111110110> :  0.1056059E-07  0.1000000E-03           1
|000111101110110010001111> :  0.1253244E-07  0.1000000E-03           1
|011000010001000001101111> :  0.1382436E-05  0.1000000E-03           1
|000111101010101010001011> :  0.3075009E-06  0.1000000E-03           1
|010110100100010011000111> :  0.4998720E-07  0.1000000E-03           1
|000111101000101011001001> :  0.7005896E-07  0.1000000E-03           1
|100111100001110011011001> :  0.2398347E-07  0.1000000E-03           1
|100110101111100110000001> :  0.1968005E-05  0.1000000E-03           1
|010110100100110011001010> :  0.8381494E-07  0.1000000E-03           1
|100111101010110110001011> :  0.2057445E-06  0.1000000E-03           1
|011000010001001100111110> :  0.4321477E-05  0.1000000E-03           1
|100111101100111001010111> :  0.2460933E-07  0.1000000E-03           1
|100111101110000110111000> :  0.9405636E-07  0.1000000E-03           1
|100111101111001100100000> :  0.3321279E-06  0.1000000E-03           1
|011000010011110001011010> :  0.5547461E-05  0.1000000E-03           1
|101011101010101100001100> :  0.6748801E-07  0.1000000E-03           1
|101011101011101100011101> :  0.5231978E-07  0.1000000E-03           1
|101110101101101100001001> :  0.1328612E-06  0.1000000E-03           1
|011000010111010100110100> :  0.3837874E-05  0.1000000E-03           1
|011000011011001001111100> :  0.4790630E-06  0.1000000E-03           1
|011000011011010011101100> :  0.1662284E-05  0.1000000E-03           1
|010101110000110011001111> :  0.1511593E-07  0.1000000E-03           1
|000111100110101001010011> :  0.1096562E-05  0.1000000E-03           1
|000101111100101110001111> :  0.3809132E-06  0.1000000E-03           1
|000100011100101101110101> :  0.5379519E-08  0.1000000E-03           1
|010101010101010011100101> :  0.3063125E-07  0.1000000E-03           1
|010100101101011100110101> :  0.4012416E-07  0.1000000E-03           1
|000111100000111001010101> :  0.9623404E-07  0.1000000E-03           1
|010100011110000110011111> :  0.1516113E-07  0.1000000E-03           1
|010100010010010001111110> :  0.5287257E-05  0.1000000E-03           1
|000111011100101111000001> :  0.1470004E-05  0.1000000E-03           1
|000101101111000110101111> :  0.7970921E-06  0.1000000E-03           1
|010001010110100011101010> :  0.1386111E-07  0.1000000E-03           1
|010001000111000011110110> :  0.4694123E-07  0.1000000E-03           1
|000111011000100011000011> :  0.1511538E-06  0.1000000E-03           1
|011101010110011001101110> :  0.4475667E-06  0.1000000E-03           1
|010000010111110001110110> :  0.4405870E-06  0.1000000E-03           1
|011011101101011110000101> :  0.2326787E-07  0.1000000E-03           1
|111111101110100100000000> :  0.5883474E-06  0.1000000E-03           1
|011011000100101011000011> :  0.7867204E-07  0.1000000E-03           1
|100011101001011010010001> :  0.2556599E-07  0.1000000E-03           1
|100101011000111110001001> :  0.5407250E-06  0.1000000E-03           1
|100101011011100110100001> :  0.6107614E-06  0.1000000E-03           1
|100101011100101011000011> :  0.2462061E-05  0.1000000E-03           1
|100101101010101110001011> :  0.4148452E-07  0.1000000E-03           1
|100101110011000010101100> :  0.4350882E-07  0.1000000E-03           1
|100101110011110010101000> :  0.1275980E-07  0.1000000E-03           1
|100101111000001110101100> :  0.3722146E-05  0.1000000E-03           1
|001111101001011000101010> :  0.3098566E-07  0.1000000E-03           1
|100101111110100100110101> :  0.9150498E-06  0.1000000E-03           1
|000101100000111011001011> :  0.3423521E-07  0.1000000E-03           1
|100110101001101110101000> :  0.2423279E-06  0.1000000E-03           1
|100110101110100110011100> :  0.6196137E-07  0.1000000E-03           1
|011010010011010000111110> :  0.4414886E-06  0.1000000E-03           1
|100111011000101110001011> :  0.2917928E-05  0.1000000E-03           1
|011010000111011000110110> :  0.2018944E-06  0.1000000E-03           1
|100111100100101000010001> :  0.1533428E-05  0.1000000E-03           1
|100111100100111001100011> :  0.2967158E-07  0.1000000E-03           1
|100111100100111110001011> :  0.1378281E-06  0.1000000E-03           1
|001110101100100100010001> :  0.5168405E-07  0.1000000E-03           1
|111010101011001110100000> :  0.4956734E-06  0.1000000E-03           1
|011010000011010001011110> :  0.4424179E-05  0.1000000E-03           1
|100111101010111100010000> :  0.3261917E-06  0.1000000E-03           1
|100111101100101100000001> :  0.8969244E-05  0.1000000E-03           1
|001101110110001101110100> :  0.8724754E-08  0.1000000E-03           1
|000111001100110010100011> :  0.6563752E-07  0.1000000E-03           1
|011001101111001100111110> :  0.1514419E-06  0.1000000E-03           1
|011001100111010011101110> :  0.7768381E-07  0.1000000E-03           1
|001101011110010011001110> :  0.3275804E-07  0.1000000E-03           1
|011001011011010001111110> :  0.2169729E-05  0.1000000E-03           1
|111010000001011101110100> :  0.1881694E-06  0.1000000E-03           1
|100111111100100100000001> :  0.6944420E-05  0.1000000E-03           1
|100111111100101110000000> :  0.2315834E-05  0.1000000E-03           1
|001100111001001100111100> :  0.6500416E-06  0.1000000E-03           1
|000111000110000001110110> :  0.2402841E-08  0.1000000E-03           1
|011001010110010011000111> :  0.1434610E-06  0.1000000E-03           1
|101011101011111001010000> :  0.1086076E-06  0.1000000E-03           1
|011001010010110011101010> :  0.8234502E-07  0.1000000E-03           1
|001011101001011110001101> :  0.1425160E-06  0.1000000E-03           1
|101110111100110100010001> :  0.7777443E-08  0.1000000E-03           1
|101111101100100110010001> :  0.1727156E-05  0.1000000E-03           1
|101111101101101100000000> :  0.2186342E-05  0.1000000E-03           1
|101111101110100100111000> :  0.6024856E-06  0.1000000E-03           1
|101111101110101100010000> :  0.1891485E-04  0.1000000E-03           1
|110000100001111110101101> :  0.1806763E-07  0.1000000E-03           1
|011001000001011001010110> :  0.1746851E-07  0.1000000E-03           1
|011000110011010101111110> :  0.3629679E-05  0.1000000E-03           1
|001011001001001100110110> :  0.1140350E-06  0.1000000E-03           1
|000111000101111001010010> :  0.6582997E-07  0.1000000E-03           1
|110110101110000100010001> :  0.6270239E-07  0.1000000E-03           1
|110110100100101110000001> :  0.6388801E-05  0.1000000E-03           1
|011000100101010011101110> :  0.1312839E-05  0.1000000E-03           1
|110101010110010011110100> :  0.2057680E-06  0.1000000E-03           1
|110111100100100111000001> :  0.2703873E-05  0.1000000E-03           1
|110111100100101101000001> :  0.3961382E-06  0.1000000E-03           1
|111000010001000001110111> :  0.2520113E-07  0.1000000E-03           1
|111000010101110001010011> :  0.1274686E-05  0.1000000E-03           1
|111000101011001001111010> :  0.1272516E-06  0.1000000E-03           1
|110011101111100110001001> :  0.6781369E-06  0.1000000E-03           1
|111000110011000001101000> :  0.8804443E-07  0.1000000E-03           1
|011000100001011111101100> :  0.3359729E-06  0.1000000E-03           1
|001010010001010001011011> :  0.1498006E-07  0.1000000E-03           1
|110010101111100110000001> :  0.3122152E-05  0.1000000E-03           1
|110010101011001110101010> :  0.4720574E-07  0.1000000E-03           1
|111010000001111100010010> :  0.1283365E-06  0.1000000E-03           1
|111010001100101101010000> :  0.3063431E-07  0.1000000E-03           1
|011000011110010001101110> :  0.7115205E-07  0.1000000E-03           1
|110010100001111110011000> :  0.1715632E-06  0.1000000E-03           1
|110000100011100110010001> :  0.4957029E-08  0.1000000E-03           1
|111010101001101110000001> :  0.9220969E-06  0.1000000E-03           1
|011000011101001101110110> :  0.3188820E-05  0.1000000E-03           1
|001001010011010001101111> :  0.2645045E-06  0.1000000E-03           1
|000100111111000011110110> :  0.4664185E-07  0.1000000E-03           1
|111011000011110011100010> :  0.8035700E-07  0.1000000E-03           1
|111011101001001101010001> :  0.2587533E-07  0.1000000E-03           1
|111011101101001100000001> :  0.4865508E-06  0.1000000E-03           1
|111100010000011001110110> :  0.3205864E-05  0.1000000E-03           1
|000011101100101000010011> :  0.3423276E-08  0.1000000E-03           1
|000001111111100110000001> :  0.1903700E-06  0.1000000E-03           1
