# state, exact probability, frequency, count:
#------------------------------------------------------------------
|111010000101101001101001> :  0.1602668E+00  0.1625000E+00        1625
|000101111010010110010110> :  0.1602668E+00  0.1613000E+00        1613
|010101111010010110010010> :  0.9351249E-01  0.9860000E-01         986
|101010000101101001101101> :  0.9351249E-01  0.9390000E-01         939
|110010000101111001101001> :  0.9177973E-01  0.9150000E-01         915
|001101111010000110010110> :  0.9177973E-01  0.9070000E-01         907
|101010110000001100001111> :  0.3586413E-01  0.3770000E-01         377
|010101001101110011111000> :  0.3915479E-01  0.3760000E-01         376
|101010110010001100000111> :  0.3915479E-01  0.3650000E-01         365
|010101001111110011110000> :  0.3586413E-01  0.3420000E-01         342
|001010110010001110000111> :  0.2196016E-01  0.2050000E-01         205
|110101001101110001111000> :  0.2196016E-01  0.2000000E-01         200
|101010110000001000101111> :  0.1407416E-01  0.1500000E-01         150
|010101001111110111010000> :  0.1407416E-01  0.1400000E-01         140
|110111001101110001101000> :  0.1115976E-01  0.1030000E-01         103
|001000110010001110010111> :  0.1115976E-01  0.9700000E-02          97
|010101001010110110010010> :  0.6079238E-02  0.6000000E-02          60
|101010110101001001101101> :  0.6079238E-02  0.6000000E-02          60
|001000111010000110010111> :  0.4845606E-02  0.4900000E-02          49
|110111000101111001101000> :  0.4845606E-02  0.4200000E-02          42
|101110000101101001101101> :  0.1161270E-02  0.1300000E-02          13
|101010100101101001101101> :  0.8865788E-03  0.1300000E-02          13
|001100111010000110010110> :  0.8804035E-03  0.1100000E-02          11
|000001111010010110010110> :  0.7856013E-03  0.1100000E-02          11
|010101011010010110010010> :  0.8865788E-03  0.8000000E-03           8
|111110000101101001101001> :  0.7856013E-03  0.8000000E-03           8
|010001111010010110010010> :  0.1161270E-02  0.8000000E-03           8
|011101111010000110010110> :  0.6089304E-03  0.8000000E-03           8
|010101111010010110110010> :  0.3680919E-03  0.7000000E-03           7
|000101001111110110010100> :  0.3632867E-03  0.7000000E-03           7
|101010010101101001101101> :  0.7837698E-03  0.7000000E-03           7
|110010000101101001101001> :  0.3762524E-03  0.7000000E-03           7
|000101001110110110010110> :  0.4783420E-03  0.6000000E-03           6
|000111001111100000100100> :  0.4238149E-03  0.6000000E-03           6
|111000110000011111011011> :  0.4238149E-03  0.6000000E-03           6
|100010000101101001101101> :  0.4592439E-03  0.6000000E-03           6
|111010110001001001101001> :  0.4783420E-03  0.5000000E-03           5
|000101111010000110010110> :  0.1347437E-03  0.5000000E-03           5
|001101111010010110010110> :  0.3762524E-03  0.5000000E-03           5
|100010110101011001101001> :  0.2149045E-03  0.5000000E-03           5
|001001111010000110010110> :  0.3091609E-03  0.5000000E-03           5
|110011000101111001101001> :  0.8804035E-03  0.5000000E-03           5
|001101011010000110010110> :  0.3484885E-03  0.4000000E-03           4
|111010100000101000101111> :  0.1577797E-03  0.4000000E-03           4
|110010110001011001101001> :  0.4232323E-03  0.4000000E-03           4
|101010000101101001001101> :  0.3680919E-03  0.4000000E-03           4
|000101111110010110010110> :  0.4168283E-03  0.4000000E-03           4
|000101011111010110010100> :  0.4279485E-03  0.4000000E-03           4
|000001111010011110100110> :  0.2896223E-03  0.4000000E-03           4
|001101111110000110010110> :  0.1978979E-03  0.3000000E-03           3
|111010100000101001101011> :  0.4279485E-03  0.3000000E-03           3
|111110001101100001101000> :  0.4326749E-03  0.3000000E-03           3
|100010000101111001101001> :  0.6089304E-03  0.3000000E-03           3
|111010000101101001001001> :  0.3430767E-03  0.3000000E-03           3
|000101011111010111010000> :  0.1577797E-03  0.3000000E-03           3
|001111111010000110010110> :  0.2860744E-03  0.3000000E-03           3
|110010100000111001101011> :  0.2281560E-03  0.3000000E-03           3
|101010000101101001101001> :  0.9420522E-04  0.3000000E-03           3
|110110000101111001101001> :  0.3091609E-03  0.3000000E-03           3
|010101101010010110010010> :  0.7837698E-03  0.3000000E-03           3
|000001110010011110010111> :  0.4326749E-03  0.3000000E-03           3
|000101111110010110010100> :  0.4840669E-04  0.3000000E-03           3
|111010100101101001101001> :  0.1126071E-03  0.3000000E-03           3
|001101011111000110010100> :  0.2281560E-03  0.3000000E-03           3
|111110000101100001101001> :  0.1358912E-03  0.3000000E-03           3
|111110000101100001011001> :  0.2896223E-03  0.3000000E-03           3
|001101001110100110010110> :  0.4232323E-03  0.3000000E-03           3
|111010000101111001101001> :  0.1347437E-03  0.3000000E-03           3
|011000111010010110010011> :  0.7009186E-04  0.2000000E-03           2
|110111001101110001100000> :  0.3916333E-04  0.2000000E-03           2
|110010100101111001101001> :  0.3484885E-03  0.2000000E-03           2
|110010100101011001101001> :  0.7128390E-04  0.2000000E-03           2
|000011111010001110100110> :  0.1114950E-03  0.2000000E-03           2
|010001110010011110100011> :  0.1469241E-03  0.2000000E-03           2
|110010000001111001101001> :  0.1978979E-03  0.2000000E-03           2
|001000110010001110011111> :  0.3916333E-04  0.2000000E-03           2
|001111011010100100010110> :  0.9354216E-04  0.2000000E-03           2
|010001111010011110100010> :  0.1397018E-03  0.2000000E-03           2
|001001111010001110010110> :  0.4934801E-04  0.2000000E-03           2
|110101001101110001110000> :  0.4484263E-04  0.2000000E-03           2
|000101101110010110010110> :  0.6897667E-04  0.2000000E-03           2
|110000110001011011101001> :  0.1058488E-03  0.2000000E-03           2
|100111001101110001101000> :  0.3286185E-04  0.2000000E-03           2
|111010000001101000101111> :  0.9715501E-04  0.2000000E-03           2
|010101101110010111010000> :  0.7555686E-04  0.2000000E-03           2
|111010000001101001101001> :  0.4168283E-03  0.2000000E-03           2
|111010110000001001101011> :  0.3632867E-03  0.2000000E-03           2
|111110001101100001011000> :  0.3055156E-03  0.2000000E-03           2
|011101111010010110010010> :  0.4592439E-03  0.2000000E-03           2
|011101001010100110010110> :  0.2149045E-03  0.2000000E-03           2
|000001110010011110100111> :  0.3055156E-03  0.2000000E-03           2
|111100001101110001011000> :  0.7475204E-04  0.2000000E-03           2
|001100111010010110010110> :  0.2144300E-05  0.1000000E-03           1
|011010000111101000100001> :  0.5866291E-05  0.1000000E-03           1
|000101111010010110010010> :  0.3259796E-04  0.1000000E-03           1
|001100011011000011011000> :  0.3567095E-07  0.1000000E-03           1
|001011111010001110000110> :  0.8842503E-04  0.1000000E-03           1
|000101111010010110000110> :  0.5283372E-05  0.1000000E-03           1
|000101001011110011110010> :  0.1954100E-05  0.1000000E-03           1
|001010111000001100001110> :  0.1580979E-05  0.1000000E-03           1
|001010110100101010101111> :  0.6217328E-07  0.1000000E-03           1
|000101111010010010110110> :  0.5412295E-05  0.1000000E-03           1
|001010110010001110001111> :  0.4484263E-04  0.1000000E-03           1
|111010100001101001101001> :  0.5385085E-04  0.1000000E-03           1
|010101111010010111010000> :  0.1554081E-04  0.1000000E-03           1
|000101000111100111110100> :  0.1550276E-07  0.1000000E-03           1
|000001111010011110010110> :  0.1358912E-03  0.1000000E-03           1
|111010000111101000101011> :  0.6894913E-05  0.1000000E-03           1
|111010000101101001111001> :  0.5283372E-05  0.1000000E-03           1
|001010011101000111011101> :  0.8406986E-07  0.1000000E-03           1
|010101101010010110010110> :  0.1579549E-04  0.1000000E-03           1
|111010100100101001101001> :  0.5388271E-04  0.1000000E-03           1
|010101111010010111010010> :  0.8308326E-04  0.1000000E-03           1
|010111001101010001111000> :  0.2092103E-05  0.1000000E-03           1
|010111001111110001100000> :  0.1366233E-03  0.1000000E-03           1
|010111011010010011100000> :  0.4892966E-07  0.1000000E-03           1
|010111111010010110010010> :  0.3758988E-05  0.1000000E-03           1
|011000110010011110010011> :  0.3363556E-04  0.1000000E-03           1
|011000111001010011101000> :  0.2989340E-07  0.1000000E-03           1
|111010000001101001101011> :  0.4840669E-04  0.1000000E-03           1
|011001111010001110100010> :  0.9609098E-06  0.1000000E-03           1
|011010000101101001111001> :  0.2651171E-05  0.1000000E-03           1
|001010001111100000101100> :  0.6038865E-06  0.1000000E-03           1
|011010001101111011101000> :  0.4620962E-07  0.1000000E-03           1
|011010100110000110010101> :  0.9374485E-08  0.1000000E-03           1
|011100101101010011110000> :  0.1021973E-07  0.1000000E-03           1
|000101111001010011011100> :  0.1205017E-04  0.1000000E-03           1
|010101100101110011111000> :  0.7542750E-06  0.1000000E-03           1
|010101011101010001111000> :  0.2526481E-05  0.1000000E-03           1
|001010001101101010101101> :  0.4505828E-06  0.1000000E-03           1
|110111000101111101000100> :  0.7278170E-07  0.1000000E-03           1
|001010001101100001101100> :  0.3953145E-05  0.1000000E-03           1
|000101110010011110000110> :  0.6250109E-05  0.1000000E-03           1
|000011111100011011111000> :  0.2041106E-08  0.1000000E-03           1
|010101001111110110010000> :  0.1854929E-04  0.1000000E-03           1
|110101001101110010110010> :  0.1523096E-06  0.1000000E-03           1
|001001111011000010011111> :  0.7088955E-07  0.1000000E-03           1
|010101001111110011010000> :  0.9114760E-05  0.1000000E-03           1
|110100001111110101110000> :  0.7625234E-06  0.1000000E-03           1
|110100001101110001111000> :  0.3092780E-04  0.1000000E-03           1
|010101001111110001110000> :  0.6882710E-04  0.1000000E-03           1
|010101001110110111010000> :  0.8219681E-05  0.1000000E-03           1
|110010110000011001101011> :  0.1742980E-03  0.1000000E-03           1
|110010100001111001101001> :  0.3517280E-04  0.1000000E-03           1
|010101001001110011111000> :  0.1018369E-04  0.1000000E-03           1
|001000111010001100010011> :  0.3174285E-08  0.1000000E-03           1
|000011111100010111100001> :  0.3817164E-08  0.1000000E-03           1
|000001111010010110110110> :  0.1003863E-04  0.1000000E-03           1
|010101000011010110010110> :  0.7574311E-08  0.1000000E-03           1
|110000110000011011101011> :  0.2141349E-04  0.1000000E-03           1
|010100011011110010111100> :  0.1954552E-07  0.1000000E-03           1
|010011111010010100000010> :  0.4423645E-06  0.1000000E-03           1
|110000000011111000101101> :  0.1570421E-07  0.1000000E-03           1
|101111011001001000011110> :  0.2585451E-08  0.1000000E-03           1
|010010000101111101101001> :  0.2822805E-06  0.1000000E-03           1
|101110001101100001011100> :  0.1469241E-03  0.1000000E-03           1
|101110000101101001101100> :  0.3486708E-04  0.1000000E-03           1
|010001110010011111101010> :  0.3439893E-07  0.1000000E-03           1
|101101111000000111010110> :  0.2638659E-05  0.1000000E-03           1
|101101110010010110010111> :  0.7029473E-06  0.1000000E-03           1
|001000001101100011111101> :  0.5576845E-05  0.1000000E-03           1
|000101011111010010110100> :  0.9750226E-04  0.1000000E-03           1
|010001110010011110010011> :  0.1780986E-03  0.1000000E-03           1
|010001101111001011100001> :  0.2159540E-07  0.1000000E-03           1
|000111111010000111100010> :  0.2229465E-05  0.1000000E-03           1
|101010110101001001101001> :  0.9486002E-04  0.1000000E-03           1
|101010110101000001011100> :  0.2993852E-06  0.1000000E-03           1
|010001101101010001111000> :  0.4401547E-06  0.1000000E-03           1
|101010110010001100100111> :  0.7478109E-05  0.1000000E-03           1
|010000110010011110010010> :  0.4562810E-06  0.1000000E-03           1
|000111111010000111010010> :  0.7865747E-05  0.1000000E-03           1
|101011111010001000101110> :  0.1752032E-06  0.1000000E-03           1
|101100110000000100010111> :  0.5934948E-06  0.1000000E-03           1
|101101110010000100010110> :  0.3116831E-05  0.1000000E-03           1
|000101011101010011111000> :  0.1312943E-04  0.1000000E-03           1
|101010110001001100100111> :  0.9977389E-06  0.1000000E-03           1
|101110000101100001011101> :  0.1397018E-03  0.1000000E-03           1
|101110000101100001101101> :  0.4738380E-04  0.1000000E-03           1
|101010110001001001101101> :  0.4447304E-04  0.1000000E-03           1
|001111111010010110100110> :  0.1478060E-04  0.1000000E-03           1
|101010110001001000101111> :  0.8219681E-05  0.1000000E-03           1
|101110010101001100001111> :  0.1570306E-06  0.1000000E-03           1
|000111111010000110100110> :  0.2996055E-04  0.1000000E-03           1
|101010110000000100001110> :  0.2027254E-05  0.1000000E-03           1
|110000000101111001101001> :  0.2860744E-03  0.1000000E-03           1
|110000100101111001101001> :  0.2157098E-05  0.1000000E-03           1
|001111111010000100010110> :  0.8410608E-05  0.1000000E-03           1
|101010100100101100011111> :  0.2795444E-06  0.1000000E-03           1
|000111111010000110010010> :  0.8737423E-05  0.1000000E-03           1
|000101011011010010110110> :  0.4932622E-04  0.1000000E-03           1
|000011110010001110100111> :  0.7475204E-04  0.1000000E-03           1
|101010010001101000101111> :  0.7555686E-04  0.1000000E-03           1
|001111001111100100010100> :  0.2141349E-04  0.1000000E-03           1
|001111001110100100010110> :  0.1058488E-03  0.1000000E-03           1
|000111001111111100100010> :  0.1664156E-07  0.1000000E-03           1
|101010000101100001101101> :  0.3426989E-05  0.1000000E-03           1
|001111001101100111001100> :  0.1365365E-06  0.1000000E-03           1
|101000110000001110011111> :  0.1366233E-03  0.1000000E-03           1
|101000110000001100010111> :  0.7444121E-08  0.1000000E-03           1
|001110010111101001101001> :  0.5919631E-07  0.1000000E-03           1
|000101011010010110010110> :  0.1126071E-03  0.1000000E-03           1
|101000000101101001101101> :  0.3758988E-05  0.1000000E-03           1
|100111011101010100010100> :  0.7751642E-08  0.1000000E-03           1
|110101010000111100000010> :  0.4281970E-08  0.1000000E-03           1
|110101011011010110010110> :  0.5935298E-08  0.1000000E-03           1
|001110001110100100011110> :  0.1636232E-06  0.1000000E-03           1
|100111000101101001101100> :  0.7009186E-04  0.1000000E-03           1
|000101111110010111010000> :  0.9715501E-04  0.1000000E-03           1
|100110100110000100100111> :  0.2287822E-09  0.1000000E-03           1
|100110011101101001001100> :  0.2104220E-07  0.1000000E-03           1
|110111101000010100100110> :  0.1326747E-07  0.1000000E-03           1
|001101111110000110010100> :  0.2360089E-04  0.1000000E-03           1
|100101110010011110010111> :  0.1014615E-04  0.1000000E-03           1
|100101010000110100010010> :  0.2332438E-07  0.1000000E-03           1
|000101001111110111010000> :  0.3308150E-04  0.1000000E-03           1
|111010000100101101100001> :  0.6225889E-05  0.1000000E-03           1
|000011011111100000100101> :  0.8283389E-08  0.1000000E-03           1
|100100001101110100011100> :  0.5016762E-07  0.1000000E-03           1
|100010100111101100100101> :  0.5003856E-07  0.1000000E-03           1
|100010000101111001101011> :  0.1086901E-06  0.1000000E-03           1
|001101111000000010011110> :  0.3035962E-05  0.1000000E-03           1
|111010001101101001101001> :  0.6370035E-05  0.1000000E-03           1
|100010000101101101011101> :  0.3922124E-05  0.1000000E-03           1
|001101101110000110010110> :  0.4723295E-04  0.1000000E-03           1
|100000110101011011101001> :  0.8630052E-04  0.1000000E-03           1
|000101111010010111010010> :  0.3239490E-05  0.1000000E-03           1
|011111001011100001000010> :  0.1173820E-07  0.1000000E-03           1
|111010101101100001111000> :  0.7406666E-06  0.1000000E-03           1
|011110001101001000101100> :  0.4477985E-10  0.1000000E-03           1
|001101011110000110010110> :  0.3517280E-04  0.1000000E-03           1
|111010110100001100001011> :  0.2063902E-05  0.1000000E-03           1
|111011000101101001100000> :  0.6843291E-05  0.1000000E-03           1
|111011000101111101001001> :  0.7364486E-06  0.1000000E-03           1
|111011000111101101100001> :  0.7206159E-05  0.1000000E-03           1
|111100000101110001011001> :  0.1114950E-03  0.1000000E-03           1
|011101111010000110011110> :  0.8070535E-07  0.1000000E-03           1
|111110000010101100000101> :  0.5306770E-07  0.1000000E-03           1
|000101111010010110110110> :  0.3430767E-03  0.1000000E-03           1
|011101001101111111011000> :  0.2878000E-06  0.1000000E-03           1
|001101001111100110010100> :  0.1742980E-03  0.1000000E-03           1
|011100111010010110010010> :  0.9812124E-05  0.1000000E-03           1
|000001011011010010110100> :  0.4181404E-06  0.1000000E-03           1
|111110001101101001111100> :  0.6222275E-07  0.1000000E-03           1
|111110100100001001101001> :  0.6341995E-05  0.1000000E-03           1
|111111111001100101010010> :  0.3612818E-09  0.1000000E-03           1
|000001010010111110010111> :  0.8992813E-06  0.1000000E-03           1
