# state, exact probability, frequency, count:
#------------------------------------------------------------------
|00100101001010100000001001011001010> :  0.9439025E+00  0.9389000E+00        9389
|00100101001010101000001001011001010> :  0.9988686E-03  0.1200000E-02          12
|00100101001010100000001001111001010> :  0.4733585E-03  0.7000000E-03           7
|00110101001010100000001001011001010> :  0.1663469E-03  0.5000000E-03           5
|00100100001010100000100101011001010> :  0.1313010E-03  0.5000000E-03           5
|00100101001010100000001001011000110> :  0.3262257E-03  0.5000000E-03           5
|00100001001010100000101001011001010> :  0.9682679E-04  0.4000000E-03           4
|00100101011010100000001001011001000> :  0.1603064E-03  0.4000000E-03           4
|00100101001010100010001001011100000> :  0.1079132E-03  0.4000000E-03           4
|00100001001010100010101001011001000> :  0.6937536E-04  0.4000000E-03           4
|00100000001010100000101101011001010> :  0.2901805E-03  0.4000000E-03           4
|00100101001010100000001001011001011> :  0.1891340E-03  0.4000000E-03           4
|00100100001010100000101000011001010> :  0.7572747E-04  0.3000000E-03           3
|01100101001010100000001001011000010> :  0.1001687E-03  0.3000000E-03           3
|00100100001010100010101001011001000> :  0.2037733E-03  0.3000000E-03           3
|00110100001010100010001001011001000> :  0.9509124E-04  0.3000000E-03           3
|00100101001010100000001001011001100> :  0.1227847E-03  0.3000000E-03           3
|00100100001000100000001001011001010> :  0.2159690E-03  0.3000000E-03           3
|00100101001010000000101001011001010> :  0.3586788E-03  0.3000000E-03           3
|00100000001010110000111001011001010> :  0.9130590E-04  0.3000000E-03           3
|00100101001010100000101001011001010> :  0.2349202E-03  0.3000000E-03           3
|00100001001010100001101001010001010> :  0.6485954E-04  0.3000000E-03           3
|10100001001010100000101001010001010> :  0.1960987E-03  0.3000000E-03           3
|00100101001010100010101001011001010> :  0.4871787E-04  0.2000000E-03           2
|01100101001010100000001001011000000> :  0.3256503E-04  0.2000000E-03           2
|00100001001010100010101001010001010> :  0.2202045E-04  0.2000000E-03           2
|00100101001010100000001011001000110> :  0.4979277E-04  0.2000000E-03           2
|00100100001010100000011001001001010> :  0.7084655E-04  0.2000000E-03           2
|00100100001010110000001011011000000> :  0.5645183E-04  0.2000000E-03           2
|00100001000010100000111001011001010> :  0.6315990E-04  0.2000000E-03           2
|00100101001010100000001000011001010> :  0.2208671E-03  0.2000000E-03           2
|00100000001010100000111001011011010> :  0.1441438E-03  0.2000000E-03           2
|00110101001010110000001001011000000> :  0.3743005E-04  0.2000000E-03           2
|00100100101010100000001001011001010> :  0.1017335E-03  0.2000000E-03           2
|01100000001010100010101001011001000> :  0.5120741E-04  0.2000000E-03           2
|00010101001010110000001011001000000> :  0.6577032E-04  0.2000000E-03           2
|00100001001110100000101001011001010> :  0.1451475E-03  0.2000000E-03           2
|00000101001010100001001001011001010> :  0.8839519E-04  0.2000000E-03           2
|00110110001010100000001001011001010> :  0.1980469E-04  0.2000000E-03           2
|00000101001011100000001011011000010> :  0.1448062E-03  0.2000000E-03           2
|00100101001010110000001011011000010> :  0.9191426E-04  0.2000000E-03           2
|00100101001010100010001001010001010> :  0.1125857E-03  0.2000000E-03           2
|00100101001010110000001001011001010> :  0.9869826E-04  0.2000000E-03           2
|00100101001010100000001001011000000> :  0.4989505E-04  0.2000000E-03           2
|01100100001010100000101001011001010> :  0.6168107E-04  0.2000000E-03           2
|00000101001010100000001001011101010> :  0.1695179E-03  0.2000000E-03           2
|01100000001010100010101001010001010> :  0.1500661E-04  0.2000000E-03           2
|00100110001010100000001001011001000> :  0.2843355E-04  0.2000000E-03           2
|01100001001010100010001001011101000> :  0.1556544E-04  0.2000000E-03           2
|01100001001010100000011001011001010> :  0.3560389E-04  0.2000000E-03           2
|00101001001010100000001001011001010> :  0.1407131E-03  0.2000000E-03           2
|00110100001010110010001001001000000> :  0.3441498E-04  0.2000000E-03           2
|00101100001010100000001001011001010> :  0.1094950E-03  0.2000000E-03           2
|00100000001010100010101001111001000> :  0.9504221E-04  0.2000000E-03           2
|00100001001010100000101101011001010> :  0.1064294E-04  0.2000000E-03           2
|00000101001010100000011001011001010> :  0.1449785E-04  0.2000000E-03           2
|00100101001010100000001001011011000> :  0.1276707E-03  0.2000000E-03           2
|00100100001010100000001001011011110> :  0.1072515E-03  0.2000000E-03           2
|00100101001010100000001001011100000> :  0.1276867E-03  0.2000000E-03           2
|00100101001010100000001011011001010> :  0.2848238E-04  0.2000000E-03           2
|00100101001010110000001000011001010> :  0.1562830E-03  0.2000000E-03           2
|00100100001000110000001011011001010> :  0.6993231E-04  0.2000000E-03           2
|01100000001010100010001001011001001> :  0.1513124E-03  0.2000000E-03           2
|00100100001010100000101001010011010> :  0.2366069E-04  0.2000000E-03           2
|00000101001110100000001001011001010> :  0.6309731E-04  0.2000000E-03           2
|00100101001010100000100001010001010> :  0.1400448E-03  0.2000000E-03           2
|00000101001010100000001011011001010> :  0.9457543E-04  0.2000000E-03           2
|00100100001010100100001001011001010> :  0.5555570E-04  0.2000000E-03           2
|00010010100010100000001001011000001> :  0.4835271E-08  0.1000000E-03           1
|00100001001110100010001101110100001> :  0.2564788E-08  0.1000000E-03           1
|00100101001010101011001001001100000> :  0.1018962E-06  0.1000000E-03           1
|00010000001010100110101001111000001> :  0.2158635E-08  0.1000000E-03           1
|00100101001010110000001011001000010> :  0.1014375E-03  0.1000000E-03           1
|00100000001001100000001010011000001> :  0.3841215E-11  0.1000000E-03           1
|01010100001010100010001011011000000> :  0.9207977E-07  0.1000000E-03           1
|10100110001010000000001101001010000> :  0.5578967E-09  0.1000000E-03           1
|00100101101010101000001001011010000> :  0.8373910E-06  0.1000000E-03           1
|00010101001010100010001001011000000> :  0.1693383E-04  0.1000000E-03           1
|00010101001011100010001000010110000> :  0.4466237E-09  0.1000000E-03           1
|00111100101010100010101001000110000> :  0.1513795E-09  0.1000000E-03           1
|00110101001010100000001011011000000> :  0.1384881E-03  0.1000000E-03           1
|01110100001010100010001001011000000> :  0.1922415E-05  0.1000000E-03           1
|01100001001010111000001101011000000> :  0.4363399E-07  0.1000000E-03           1
|11101100010010001001101010010010000> :  0.1227691E-12  0.1000000E-03           1
|00110101001010100000001001001000010> :  0.3519047E-04  0.1000000E-03           1
|00101100000011100010001001111010000> :  0.3537373E-09  0.1000000E-03           1
|00010011001010100100001001010010000> :  0.1194574E-09  0.1000000E-03           1
|00100101001000100000001011011000010> :  0.3822806E-04  0.1000000E-03           1
|01000001001011110000101001011010000> :  0.6133298E-09  0.1000000E-03           1
|00110011011010110010001000001000000> :  0.2090648E-07  0.1000000E-03           1
|00011000101010000010101101000010000> :  0.1226235E-10  0.1000000E-03           1
|00100100100011110000100011001100010> :  0.3774229E-09  0.1000000E-03           1
|00000111011001100000000001011100000> :  0.1131614E-07  0.1000000E-03           1
|00101100011110100100000000001100010> :  0.6368099E-10  0.1000000E-03           1
|00100100011010110110000010011000010> :  0.5193487E-09  0.1000000E-03           1
|00100111000011101001001001011000000> :  0.1717885E-07  0.1000000E-03           1
|01000100011010100000001010011000010> :  0.6391173E-07  0.1000000E-03           1
|00100100010111110010000001001000010> :  0.7628564E-09  0.1000000E-03           1
|00100001011001110000101000011001000> :  0.8413770E-08  0.1000000E-03           1
|00000100101000101001001011001000010> :  0.6101246E-07  0.1000000E-03           1
|00100101000010101000100010011000010> :  0.2697123E-08  0.1000000E-03           1
|00010101001000100000001011001000010> :  0.1204201E-03  0.1000000E-03           1
|10100001110011100010000001001001000> :  0.2389914E-07  0.1000000E-03           1
|00100101001000101001001001110000010> :  0.3299169E-08  0.1000000E-03           1
|10100101001010000000001001011000010> :  0.2109773E-05  0.1000000E-03           1
|00100101001010100000000001011000010> :  0.5379709E-05  0.1000000E-03           1
|00110100001010100001001001011001000> :  0.8467281E-05  0.1000000E-03           1
|00100101001010100000001001001100010> :  0.6768028E-05  0.1000000E-03           1
|00101101001010100000001001011000010> :  0.1052514E-03  0.1000000E-03           1
|00100100001010110000001001011001000> :  0.8695855E-04  0.1000000E-03           1
|10100101001010100000001001011000010> :  0.4931393E-04  0.1000000E-03           1
|11100101001010100000001001011000010> :  0.3722015E-05  0.1000000E-03           1
|00010101001010100000001011001000010> :  0.3838035E-04  0.1000000E-03           1
|00010101001010100000001011011000010> :  0.6784405E-04  0.1000000E-03           1
|00000101001010100000001011011100010> :  0.3569035E-04  0.1000000E-03           1
|00100101001010100001001001011000010> :  0.8636103E-05  0.1000000E-03           1
|00110101001010110000001001001000010> :  0.3359353E-04  0.1000000E-03           1
|00011101001010110000001011001000010> :  0.3268764E-05  0.1000000E-03           1
|00100101010110101100000000011001000> :  0.3268388E-08  0.1000000E-03           1
|00100100101010000000101001011111100> :  0.1748296E-10  0.1000000E-03           1
|00100101001010110000101001011000010> :  0.1353976E-04  0.1000000E-03           1
|00000101001010111000000101001100010> :  0.3766361E-08  0.1000000E-03           1
|00010101001011100000001011001000010> :  0.2738475E-04  0.1000000E-03           1
|01100001011010100000001000011011000> :  0.3248006E-06  0.1000000E-03           1
|00100101001011110000000011011000010> :  0.6788554E-04  0.1000000E-03           1
|00000101001011110000001011001000010> :  0.2458428E-04  0.1000000E-03           1
|00101111000010101010011101010100000> :  0.4158340E-12  0.1000000E-03           1
|00110101000100110001100010001000000> :  0.2420908E-10  0.1000000E-03           1
|00000011011010100000001011011000000> :  0.2592463E-07  0.1000000E-03           1
|01100001001010110010001001011000000> :  0.3784063E-05  0.1000000E-03           1
|11100000010011101011110101000000000> :  0.7672199E-13  0.1000000E-03           1
|00100100001011110000000011011000010> :  0.8501603E-05  0.1000000E-03           1
|00100100001011110000000011001000010> :  0.1612726E-04  0.1000000E-03           1
|00010110001011100000001011011000000> :  0.4596694E-08  0.1000000E-03           1
|00000100001011101000100111101000010> :  0.1031352E-08  0.1000000E-03           1
|00100100001010111000011000001100010> :  0.5097720E-07  0.1000000E-03           1
|01110110001010101000011001010000000> :  0.2110213E-09  0.1000000E-03           1
|00110100110011110010001001000000000> :  0.4473731E-09  0.1000000E-03           1
|00110100001010110000001011001000010> :  0.5345184E-04  0.1000000E-03           1
|00110100001010110000001001011000010> :  0.3256878E-04  0.1000000E-03           1
|00100101111000101000000001011000000> :  0.3255904E-07  0.1000000E-03           1
|00100100001010101000000001010100010> :  0.1877693E-07  0.1000000E-03           1
|00110100001000110000000011001000010> :  0.4257605E-04  0.1000000E-03           1
|00100101101010111000100001011000000> :  0.1186252E-06  0.1000000E-03           1
|00100100101000101001001001011000000> :  0.9752173E-08  0.1000000E-03           1
|00100010001010101010101001011000000> :  0.9630121E-06  0.1000000E-03           1
|00000001101010101000111001011000010> :  0.1527546E-07  0.1000000E-03           1
|10100001101010100010110001011000010> :  0.4438245E-10  0.1000000E-03           1
|00100101011010100000001001011000000> :  0.6496250E-04  0.1000000E-03           1
|00000001001010110000100001001100010> :  0.1296862E-07  0.1000000E-03           1
|01101001001010100011100001000100010> :  0.2018314E-09  0.1000000E-03           1
|00100101010011101000000001111000000> :  0.2210907E-08  0.1000000E-03           1
|00100100011010100000011011001000000> :  0.4542174E-06  0.1000000E-03           1
|00100001001010100010101001011000010> :  0.3407181E-04  0.1000000E-03           1
|00100001001010100010001001011000010> :  0.8669439E-05  0.1000000E-03           1
|00100101001011110000001011011000000> :  0.4077998E-04  0.1000000E-03           1
|00101100001000100000011010000010110> :  0.4993348E-09  0.1000000E-03           1
|00100101001011110000000011001000110> :  0.1981849E-05  0.1000000E-03           1
|00100001001010100000011011111000010> :  0.1243042E-05  0.1000000E-03           1
|10010100001000100000000011011001010> :  0.4678743E-08  0.1000000E-03           1
|00100011001010110000101001111001010> :  0.1457470E-07  0.1000000E-03           1
|01000001001010001000001111011000010> :  0.2755170E-08  0.1000000E-03           1
|01100000001010100001001001110000111> :  0.6504543E-11  0.1000000E-03           1
|00100000000000101010110001011001000> :  0.1357291E-08  0.1000000E-03           1
|10101000001010100000001000011101000> :  0.8461784E-09  0.1000000E-03           1
|00100000001010100010101001010001000> :  0.3724347E-05  0.1000000E-03           1
|00110000001010100010101001010001000> :  0.1141031E-03  0.1000000E-03           1
|00100100001010100000101001010001010> :  0.8426213E-04  0.1000000E-03           1
|00100100001010100000101101011001010> :  0.1345935E-04  0.1000000E-03           1
|00100000001010100010101101011001000> :  0.1008358E-04  0.1000000E-03           1
|00100000001010100010111001011001000> :  0.2160956E-04  0.1000000E-03           1
|00110000001010110000001001011001000> :  0.2925023E-04  0.1000000E-03           1
|00100000001010110000111001011001000> :  0.3286349E-04  0.1000000E-03           1
|00100000001011100010101001011001000> :  0.2370041E-04  0.1000000E-03           1
|11101000011000100001101000010001000> :  0.1527394E-09  0.1000000E-03           1
|01100000011010100010001001011001000> :  0.1646996E-04  0.1000000E-03           1
|00100000011010100010101001011001000> :  0.2172309E-04  0.1000000E-03           1
|10010000100010100001000001011101000> :  0.6338787E-09  0.1000000E-03           1
|00110000100110100010011011010001000> :  0.4034415E-09  0.1000000E-03           1
|00100000101010100010001001011001000> :  0.2496413E-04  0.1000000E-03           1
|10100001001010100000001001011001000> :  0.3472559E-04  0.1000000E-03           1
|00100001001010100000101001011001000> :  0.2711310E-04  0.1000000E-03           1
|10100001001010100000101001011001000> :  0.3693333E-04  0.1000000E-03           1
|00100001001010100010001001011101000> :  0.4727463E-04  0.1000000E-03           1
|00100101001010010000001001011001010> :  0.1190633E-05  0.1000000E-03           1
|00100001001010100010011001011001000> :  0.5721989E-05  0.1000000E-03           1
|01100101001010100000001000011001010> :  0.2730113E-04  0.1000000E-03           1
|00100001001010110000001001011001000> :  0.3005544E-04  0.1000000E-03           1
|11100001001010110000101000011101000> :  0.4064738E-09  0.1000000E-03           1
|00100001001010110001001001011001000> :  0.6989360E-05  0.1000000E-03           1
|00100001001011100000001001011001000> :  0.3911711E-04  0.1000000E-03           1
|00100001001011100010001001011001000> :  0.5804462E-04  0.1000000E-03           1
|00100001001011100010101001011001000> :  0.7706816E-04  0.1000000E-03           1
|00110001001110100010001001011001000> :  0.3752200E-04  0.1000000E-03           1
|01100001001110100010001001011001000> :  0.5814062E-04  0.1000000E-03           1
|00100001001110100010101001011001000> :  0.2673906E-04  0.1000000E-03           1
|01000001001111100010010001001101000> :  0.7948716E-09  0.1000000E-03           1
|01100001010011110001011000001001000> :  0.1337895E-09  0.1000000E-03           1
|00100101001010100000111001010001010> :  0.1833457E-04  0.1000000E-03           1
|00100001011010100000001001011001000> :  0.2086287E-04  0.1000000E-03           1
|00000001011010100000011011011001000> :  0.5244096E-06  0.1000000E-03           1
|00100001011010100010001001011001000> :  0.8423562E-04  0.1000000E-03           1
|00100001011010110000011100011001000> :  0.1163901E-07  0.1000000E-03           1
|00100001011110100000000001011001000> :  0.6966897E-07  0.1000000E-03           1
|00100001101010100010001001011001000> :  0.2363435E-04  0.1000000E-03           1
|00100001101010101010000001011001000> :  0.1025787E-06  0.1000000E-03           1
|00000101001011100000001001011001010> :  0.7681915E-05  0.1000000E-03           1
|11110010011010100010101000000001000> :  0.5181239E-09  0.1000000E-03           1
|00100011001011110000000101011001000> :  0.7145636E-08  0.1000000E-03           1
|00100011011010100010101000011001000> :  0.3223133E-06  0.1000000E-03           1
|00100100001010100000001001011001000> :  0.5063731E-04  0.1000000E-03           1
|00110100001010100000001001011001000> :  0.7464202E-04  0.1000000E-03           1
|00100100001010100000001001011101000> :  0.4310242E-04  0.1000000E-03           1
|00010100001010100000101001011001000> :  0.3133448E-05  0.1000000E-03           1
|00100110001011100000001001011001010> :  0.3455120E-06  0.1000000E-03           1
|00100110001011100000010000000001010> :  0.9427725E-10  0.1000000E-03           1
|00111100001010100010001001011001000> :  0.5940215E-06  0.1000000E-03           1
|00100100001010100010001001011101000> :  0.8848797E-04  0.1000000E-03           1
|00100111001010100000001001001001010> :  0.3421707E-04  0.1000000E-03           1
|01100100001010100100011000010101000> :  0.1709346E-07  0.1000000E-03           1
|00000001000000100001110000001011010> :  0.5989256E-11  0.1000000E-03           1
|00100100001010110010001001011001000> :  0.3827260E-04  0.1000000E-03           1
|00100100001011100000001001011001000> :  0.3440801E-04  0.1000000E-03           1
|00110100001100100000001100010001000> :  0.3911324E-09  0.1000000E-03           1
|00110100011010100000001001011001000> :  0.7708661E-04  0.1000000E-03           1
|00100100011010110000001000011001000> :  0.1531886E-04  0.1000000E-03           1
|00100100011010110000001001011001000> :  0.1306392E-03  0.1000000E-03           1
|00100100101010100010001001011001000> :  0.1703807E-03  0.1000000E-03           1
|01100101000011100101000010001101000> :  0.1506823E-10  0.1000000E-03           1
|00100101001000100000001001011001000> :  0.5189645E-04  0.1000000E-03           1
|00100101001010100000001001011001000> :  0.5272475E-04  0.1000000E-03           1
|00100101001010100000011001011001000> :  0.7758195E-04  0.1000000E-03           1
|00100101001010100001001011001101000> :  0.7403871E-07  0.1000000E-03           1
|00100101001011100001000001011001000> :  0.1649943E-05  0.1000000E-03           1
|00100101001011100100001001011001000> :  0.3482414E-04  0.1000000E-03           1
|00100101001011110000000001011001000> :  0.1524635E-04  0.1000000E-03           1
|00100101001110100000001001011001000> :  0.1363090E-03  0.1000000E-03           1
|00110101001110100000001001011001000> :  0.7109661E-05  0.1000000E-03           1
|10100100001010100000001001011001100> :  0.1130786E-04  0.1000000E-03           1
|00000101011000100000001111001001000> :  0.9491708E-07  0.1000000E-03           1
|00110000101010100000000001011001101> :  0.1101267E-08  0.1000000E-03           1
|00000100011010101000000000011001101> :  0.5131125E-09  0.1000000E-03           1
|00100110011000110000100000011101000> :  0.2034481E-08  0.1000000E-03           1
|00100110011010101000100001011001000> :  0.1139987E-06  0.1000000E-03           1
|00000111101011100000001001011001000> :  0.2285942E-07  0.1000000E-03           1
|00100000001010100000111001011011000> :  0.1365763E-04  0.1000000E-03           1
|00100000001010100010101001011011000> :  0.1210645E-04  0.1000000E-03           1
|01100000001010111010111000011011000> :  0.1252913E-08  0.1000000E-03           1
|00100101001011110000001011001000000> :  0.2908972E-04  0.1000000E-03           1
|00100100000010101010101001011011000> :  0.6091798E-07  0.1000000E-03           1
|00100100001010100000101001011011000> :  0.1353007E-04  0.1000000E-03           1
|00000100001010100001000001011111000> :  0.6409362E-06  0.1000000E-03           1
|00100100001010101010101000010011000> :  0.1039683E-06  0.1000000E-03           1
|01100100001011100000000101011011000> :  0.8562118E-10  0.1000000E-03           1
|11100100011000100001000100101000000> :  0.3245610E-09  0.1000000E-03           1
|01000010001010100010000101111000000> :  0.3512639E-09  0.1000000E-03           1
|00100001000001101110100001011000000> :  0.2355417E-09  0.1000000E-03           1
|00100101001010100000000001011000110> :  0.2924434E-05  0.1000000E-03           1
|10110101001000100001011011001000110> :  0.5524635E-10  0.1000000E-03           1
|01110001000010101010111000000000010> :  0.1946492E-08  0.1000000E-03           1
|00110100001010100000001011001000110> :  0.1021591E-04  0.1000000E-03           1
|00110100001000100000100011100100110> :  0.1271008E-08  0.1000000E-03           1
|00100000101010110010010001101000010> :  0.1167736E-07  0.1000000E-03           1
|10100101001011101000000001011000000> :  0.1123077E-06  0.1000000E-03           1
|00110100011000110000100000000010100> :  0.1257632E-08  0.1000000E-03           1
|00110100001010100010001001100010100> :  0.8375060E-10  0.1000000E-03           1
|11100101111010000000100000010010001> :  0.1365794E-11  0.1000000E-03           1
|00000101001011100100000000001000100> :  0.4035892E-10  0.1000000E-03           1
|01110100101010000000000001011000100> :  0.4446874E-09  0.1000000E-03           1
|01100001001010100000001001111010001> :  0.8512418E-07  0.1000000E-03           1
|00100101001011100000001001011000000> :  0.3133987E-04  0.1000000E-03           1
|00100100001011111001011000001000000> :  0.2966368E-08  0.1000000E-03           1
|10100100101000101100000111000000100> :  0.8569954E-09  0.1000000E-03           1
|11100100011000101000100000001000100> :  0.2369629E-08  0.1000000E-03           1
|00010111100010100000001001011100001> :  0.4434916E-09  0.1000000E-03           1
|00100100001001110100011001010100100> :  0.4345765E-12  0.1000000E-03           1
|00100100001000100000100010010100100> :  0.5422317E-09  0.1000000E-03           1
|00000111011011100000000011001000001> :  0.6701962E-07  0.1000000E-03           1
|00000101001010110000101011011000000> :  0.3856075E-07  0.1000000E-03           1
|00100001001010110000100011010000100> :  0.5950638E-09  0.1000000E-03           1
|00100101001010100000000011111000011> :  0.4477533E-08  0.1000000E-03           1
|00100111000011100100100000011000001> :  0.1866900E-06  0.1000000E-03           1
|00010100101000110000000011101000011> :  0.8859176E-08  0.1000000E-03           1
|10100001001010100000001001011001010> :  0.3296592E-04  0.1000000E-03           1
|00011101001010100010001001001010010> :  0.5724253E-07  0.1000000E-03           1
|00100101010010101000101001010000001> :  0.4920572E-08  0.1000000E-03           1
|00010101001010110000001011011000000> :  0.1380247E-04  0.1000000E-03           1
|00100001101011110011100000011000000> :  0.1002966E-08  0.1000000E-03           1
|00010001000110100011001001001101010> :  0.2799111E-08  0.1000000E-03           1
|00100001001010100000101001001001010> :  0.1329681E-04  0.1000000E-03           1
|00100101001010100000001011011010010> :  0.5200744E-05  0.1000000E-03           1
|10100001000010100000111001001001010> :  0.7939652E-05  0.1000000E-03           1
|01100001001010100000101001011001010> :  0.5959079E-05  0.1000000E-03           1
|00100001001010100000101011011001010> :  0.4415430E-05  0.1000000E-03           1
|00100000011010010010001011011001010> :  0.1753813E-09  0.1000000E-03           1
|10100001001010100000101101011001010> :  0.4724607E-05  0.1000000E-03           1
|00100001001010100000111001010001010> :  0.5594970E-04  0.1000000E-03           1
|10100001001010100000111001011001010> :  0.3640764E-04  0.1000000E-03           1
|00100001001010100001001001011001010> :  0.5836948E-04  0.1000000E-03           1
|00100001001010100001011001011001010> :  0.2180384E-04  0.1000000E-03           1
|00100111101010101001000011001000010> :  0.3080649E-08  0.1000000E-03           1
|00100001001010100010001001011001010> :  0.1597867E-04  0.1000000E-03           1
|00100101001011100000001001011000001> :  0.1910541E-04  0.1000000E-03           1
|00100001001010100010111001010001010> :  0.1047108E-04  0.1000000E-03           1
|00100001001010110000001011011001010> :  0.2270261E-04  0.1000000E-03           1
|00100001001010110000101001011001010> :  0.1202294E-04  0.1000000E-03           1
|00100001001010110000111001001001010> :  0.6394321E-05  0.1000000E-03           1
|00100001001110100000001011011001010> :  0.7849354E-05  0.1000000E-03           1
|00100001001110100000011001011001010> :  0.4965380E-04  0.1000000E-03           1
|00001000011000110001100001001001010> :  0.8587576E-09  0.1000000E-03           1
|00100001001110100010101001010001010> :  0.1093420E-03  0.1000000E-03           1
|10100001100010100000111001011001010> :  0.3662758E-08  0.1000000E-03           1
|10101001100100100010000001001001010> :  0.1758833E-09  0.1000000E-03           1
|00100001101010100000001011101001010> :  0.1114145E-05  0.1000000E-03           1
|00100001110011100000110001001001010> :  0.7305921E-08  0.1000000E-03           1
|10100010001010101000100001011001010> :  0.4622335E-07  0.1000000E-03           1
|01110010011110100010000000011001010> :  0.2334856E-09  0.1000000E-03           1
|00100011001000110010011001010001010> :  0.2345789E-09  0.1000000E-03           1
|10100000011000110001000111000001010> :  0.1349884E-08  0.1000000E-03           1
|10100011001110100000000001111101010> :  0.1197069E-09  0.1000000E-03           1
|00100111101010100000101011001000010> :  0.1914287E-06  0.1000000E-03           1
|00110000010010101010000001010001010> :  0.1317572E-08  0.1000000E-03           1
|00100100001000100000101001011001010> :  0.1805709E-04  0.1000000E-03           1
|00000111001010101000000010011100010> :  0.4444565E-08  0.1000000E-03           1
|00100100001010100000000011011101010> :  0.2274542E-05  0.1000000E-03           1
|00100100001010100000001001011001010> :  0.4120436E-04  0.1000000E-03           1
|00100101001010100010001001011000001> :  0.1749349E-03  0.1000000E-03           1
|10100100001010100000001001011001010> :  0.7279189E-05  0.1000000E-03           1
|00100100001010100000001001111001010> :  0.2162420E-04  0.1000000E-03           1
|00100100001010100000001101010001010> :  0.3142087E-07  0.1000000E-03           1
|00100100001010100000001111011001010> :  0.5592884E-04  0.1000000E-03           1
|00110101001010110000001011001000000> :  0.4705048E-04  0.1000000E-03           1
|00100100001010100000011001011001010> :  0.5993317E-04  0.1000000E-03           1
|01100100001010100000100001011001010> :  0.7606765E-05  0.1000000E-03           1
|00100100001010100000100001011101010> :  0.7751177E-04  0.1000000E-03           1
|00100000001010110000011000011001010> :  0.3026667E-06  0.1000000E-03           1
|00100000001010110000001011011001010> :  0.5388052E-05  0.1000000E-03           1
|10100111001010100000001001011000010> :  0.3845359E-05  0.1000000E-03           1
|00100000001010100010111001011001010> :  0.4322599E-04  0.1000000E-03           1
|00110000001010100010101001011001010> :  0.2142307E-04  0.1000000E-03           1
|10100100001010100000101101011001010> :  0.1242250E-04  0.1000000E-03           1
|00100100001010100000110001011001010> :  0.6977025E-04  0.1000000E-03           1
|00100100001010100000111000011001010> :  0.7548715E-04  0.1000000E-03           1
|00100100001010100000111001011001010> :  0.5482825E-04  0.1000000E-03           1
|00100100001010100001100001001001010> :  0.4279517E-05  0.1000000E-03           1
|10100100001010100001100001001001010> :  0.1132405E-04  0.1000000E-03           1
|00100100001010100001100001011001010> :  0.3509300E-04  0.1000000E-03           1
|00100100001010100010001001001001010> :  0.6007773E-05  0.1000000E-03           1
|00010111001010100000001001011000010> :  0.5786788E-05  0.1000000E-03           1
|00100100001010110000001001011001010> :  0.3440576E-04  0.1000000E-03           1
|00100100001010110000101000011001010> :  0.3170981E-04  0.1000000E-03           1
|00100100001010110000110000011001010> :  0.2387351E-04  0.1000000E-03           1
|00100100001011100000001001001001010> :  0.1716700E-05  0.1000000E-03           1
|00100100001110100000000001011001010> :  0.2323978E-04  0.1000000E-03           1
|00100100011010100000001001011001010> :  0.9086207E-04  0.1000000E-03           1
|00110100111000110000001000010000001> :  0.4827239E-10  0.1000000E-03           1
|10100101000000100000001001011001010> :  0.4205232E-05  0.1000000E-03           1
|00110101000010010000011000011001010> :  0.9591927E-10  0.1000000E-03           1
|10100101000010100000001001011001010> :  0.1935976E-04  0.1000000E-03           1
|10100101000010101001100001001001010> :  0.2596897E-08  0.1000000E-03           1
|00100101000011100000100001011001010> :  0.5815055E-06  0.1000000E-03           1
|00100101001000100000001001011001010> :  0.5418519E-04  0.1000000E-03           1
|01100101001000100000001001011001010> :  0.5442339E-04  0.1000000E-03           1
|10100101001000100000001001011001010> :  0.3100949E-04  0.1000000E-03           1
|00000101001000100000001011011001010> :  0.4085386E-04  0.1000000E-03           1
|00100101001000100001001001011001010> :  0.3439534E-04  0.1000000E-03           1
|00100101001000100010001001011001010> :  0.3595230E-04  0.1000000E-03           1
|00100101001010000000001001011001010> :  0.1152982E-03  0.1000000E-03           1
|00100000001010100010101001011001010> :  0.3181120E-04  0.1000000E-03           1
|00100101001010000010101001011001010> :  0.2588891E-05  0.1000000E-03           1
|01000110101010100010011001000100010> :  0.1462893E-08  0.1000000E-03           1
|00100101001010100000000001011001010> :  0.4607563E-04  0.1000000E-03           1
|00100101001010100000000001111001010> :  0.1015191E-05  0.1000000E-03           1
|00100000001010100010101001010001010> :  0.7201143E-04  0.1000000E-03           1
|00101000001010100001100001011001010> :  0.4572180E-07  0.1000000E-03           1
|01100101001010100000001001001001010> :  0.5924786E-04  0.1000000E-03           1
|00001101001010100000001001011001010> :  0.1887432E-04  0.1000000E-03           1
|00000101101110100000100001011000010> :  0.2127133E-06  0.1000000E-03           1
|10100100001010110001000011001000001> :  0.9043407E-10  0.1000000E-03           1
|01100101001010100000001001011001010> :  0.3288555E-04  0.1000000E-03           1
|10100101001010100000001001011001010> :  0.2386086E-03  0.1000000E-03           1
|01100000001010100000111001010001010> :  0.1860482E-04  0.1000000E-03           1
|11100000001010100000111000011001010> :  0.2292586E-05  0.1000000E-03           1
|00100101101010101000000001011000010> :  0.3465001E-05  0.1000000E-03           1
|10100000001010100000101101011001010> :  0.1499828E-03  0.1000000E-03           1
|00110101001010100000001011011001010> :  0.5367955E-05  0.1000000E-03           1
|00100101001010100000001101001001010> :  0.5300972E-04  0.1000000E-03           1
|00100101001010100000010101010001010> :  0.2040472E-09  0.1000000E-03           1
|00100101001010100000011001001001010> :  0.3016893E-04  0.1000000E-03           1
|01100101001010100000011001001001010> :  0.1783774E-04  0.1000000E-03           1
|00110101101001100001000000001000010> :  0.1865653E-09  0.1000000E-03           1
|00100101001010100000011001011001010> :  0.1074191E-03  0.1000000E-03           1
|00100101001010100000011011001001010> :  0.2213275E-04  0.1000000E-03           1
|01100100001010101011001000011000001> :  0.9319288E-09  0.1000000E-03           1
|10100101001010100000100001011001010> :  0.6218729E-05  0.1000000E-03           1
|00100101001010100000101000011001010> :  0.6411125E-04  0.1000000E-03           1
|10100101001010100000101001001001010> :  0.4761457E-04  0.1000000E-03           1
|10100101001010100000101001010001010> :  0.3157188E-06  0.1000000E-03           1
|00000010001110100000101001011011001> :  0.7897653E-07  0.1000000E-03           1
|00000111001011100100001000011101001> :  0.1483184E-08  0.1000000E-03           1
|01100101001010100001000001011001010> :  0.4308229E-05  0.1000000E-03           1
|00101101100010101000000001011000010> :  0.3368851E-07  0.1000000E-03           1
|00100101001010100001001001011001010> :  0.8195339E-04  0.1000000E-03           1
|00100101001010100001100001011001010> :  0.3587807E-04  0.1000000E-03           1
|00100101001010100010000001011001010> :  0.7143642E-04  0.1000000E-03           1
|00000101001010100000101011011001001> :  0.3308379E-05  0.1000000E-03           1
|00000101000010100010001001001001001> :  0.1030077E-08  0.1000000E-03           1
|00100101001010100100001001011001010> :  0.4231606E-04  0.1000000E-03           1
|00010101011100000000100001001100010> :  0.7702261E-11  0.1000000E-03           1
|00110100001010100011001001110100001> :  0.2165556E-09  0.1000000E-03           1
|00100101001010110000001001001001010> :  0.1498128E-03  0.1000000E-03           1
|00100100101010100010001000011001001> :  0.7540647E-07  0.1000000E-03           1
|00100101001010110000001011011001010> :  0.3523320E-04  0.1000000E-03           1
|00100101001010110100000001011001010> :  0.5951648E-05  0.1000000E-03           1
|00100100001010100010001001011001001> :  0.8555271E-04  0.1000000E-03           1
|00100101001011100000001011011001010> :  0.8832109E-05  0.1000000E-03           1
|00100101001100100000000011011001010> :  0.7101684E-04  0.1000000E-03           1
|00100101001100100000001001011001010> :  0.1037820E-03  0.1000000E-03           1
|00100101001110000000001001011001010> :  0.3275246E-04  0.1000000E-03           1
|00100101001110100000000001011101010> :  0.2227157E-04  0.1000000E-03           1
|00100101001110100000001001011000010> :  0.7779597E-04  0.1000000E-03           1
|00100101001110100000001001011001010> :  0.1528481E-04  0.1000000E-03           1
|00100101001110100001000001011001010> :  0.1216259E-04  0.1000000E-03           1
|00100101001110110000110101000001010> :  0.5290953E-09  0.1000000E-03           1
|00100101011000100000000001011001010> :  0.2685752E-06  0.1000000E-03           1
|00100101011010100000001001011001010> :  0.3378764E-03  0.1000000E-03           1
|00100101101010100000001000011001010> :  0.2153227E-05  0.1000000E-03           1
|01100101101010110000000011001001010> :  0.5445863E-07  0.1000000E-03           1
|00100101111010100000001001011001010> :  0.2021827E-04  0.1000000E-03           1
|00010110001010100000001001011001010> :  0.7579164E-05  0.1000000E-03           1
|00100100001010100000001001011001001> :  0.3943463E-04  0.1000000E-03           1
|00100001001011100000101011011001001> :  0.9567650E-08  0.1000000E-03           1
|01011101001110000000100001011000010> :  0.2505490E-09  0.1000000E-03           1
|00100110011001101001000000100001010> :  0.2194711E-09  0.1000000E-03           1
|00000110011011100000011000001001010> :  0.4708042E-08  0.1000000E-03           1
|00010110101010101000000001001001010> :  0.2118225E-06  0.1000000E-03           1
|00100111001010000000101011011001010> :  0.1728210E-06  0.1000000E-03           1
|00100111001010100000000001011001010> :  0.7303242E-04  0.1000000E-03           1
|00100100001010100010001001011000001> :  0.1305105E-04  0.1000000E-03           1
|00100111001010101000001011001001010> :  0.1749284E-05  0.1000000E-03           1
|00100111001010101000101000011001010> :  0.7271617E-05  0.1000000E-03           1
|00100000001010100000111000011011010> :  0.3179594E-04  0.1000000E-03           1
|00100001001010100000001001111001001> :  0.1620460E-04  0.1000000E-03           1
|00100000001011100010101001101001001> :  0.2123386E-08  0.1000000E-03           1
|00100001000010100000111001010011010> :  0.7617002E-07  0.1000000E-03           1
|01100001001010000000011001011011010> :  0.2807784E-08  0.1000000E-03           1
|00100100000010100000111000011011010> :  0.2554630E-05  0.1000000E-03           1
|00100100001010000000111001001011010> :  0.1949952E-05  0.1000000E-03           1
|00110100001010100000001001001011010> :  0.2921009E-04  0.1000000E-03           1
|00110100001010100000001001011011010> :  0.1065673E-04  0.1000000E-03           1
|00010100001010100000001011001011010> :  0.5705988E-04  0.1000000E-03           1
|00100100001010100000001011011011010> :  0.7636195E-04  0.1000000E-03           1
|00100100001010100000010001001011010> :  0.3183990E-06  0.1000000E-03           1
|00100100001010100000011001011011010> :  0.1199076E-03  0.1000000E-03           1
|00100100001010100000101001001011010> :  0.1434021E-04  0.1000000E-03           1
|00011101001100100000100011010100010> :  0.5259821E-09  0.1000000E-03           1
|00100100001010100000101001011011010> :  0.5193517E-04  0.1000000E-03           1
|00100100001010110000001001011011010> :  0.1310243E-04  0.1000000E-03           1
|00001100001011100000001000001111010> :  0.1003073E-08  0.1000000E-03           1
|00100100011000100000101011000011010> :  0.3773132E-09  0.1000000E-03           1
|00110101001010100000001001001011010> :  0.9698838E-05  0.1000000E-03           1
|00101101001010100000001001011011010> :  0.2650202E-04  0.1000000E-03           1
|00100101001010100000011001011011010> :  0.5521576E-04  0.1000000E-03           1
|00011101001010100000100001010011010> :  0.2192997E-07  0.1000000E-03           1
|00100101001010100000101000011011010> :  0.1506590E-04  0.1000000E-03           1
|00100101001010100000101001011011010> :  0.1022312E-03  0.1000000E-03           1
|00100101001011100000001001011011010> :  0.6336905E-04  0.1000000E-03           1
|00100101011010100000111001000111010> :  0.4757262E-08  0.1000000E-03           1
|00100100000010100010011010011001011> :  0.9649797E-10  0.1000000E-03           1
|00100100010001100100001010001001011> :  0.1184641E-10  0.1000000E-03           1
|00000100101010100010001001010001011> :  0.1124837E-07  0.1000000E-03           1
|00100101001011110000001011001000010> :  0.1357528E-04  0.1000000E-03           1
|00100101001010100000001011000101011> :  0.3986891E-06  0.1000000E-03           1
|00110101001010100000101001001001011> :  0.1590878E-05  0.1000000E-03           1
|00100110000010100010011000011101011> :  0.3066570E-09  0.1000000E-03           1
|00100100100011100100000000011011011> :  0.8851732E-09  0.1000000E-03           1
|00100101010010100000001000001011011> :  0.2655633E-08  0.1000000E-03           1
|00100001010101100101000011010001100> :  0.5500856E-11  0.1000000E-03           1
|00101100001000110010001010110000001> :  0.3015081E-10  0.1000000E-03           1
|00110100011010001000000001100101100> :  0.2007057E-09  0.1000000E-03           1
|00100101001010110000001001011000000> :  0.1255374E-03  0.1000000E-03           1
|00100101001010100001000011000001100> :  0.5835842E-08  0.1000000E-03           1
|00100100001010100010101001011000000> :  0.3199659E-04  0.1000000E-03           1
|00000001101010100010001001111000000> :  0.7190025E-07  0.1000000E-03           1
|00010000100011110010101001111000000> :  0.1952282E-09  0.1000000E-03           1
|10100100010010100000000000000011101> :  0.1473874E-09  0.1000000E-03           1
|00100100101010100000001001011011101> :  0.9940126E-08  0.1000000E-03           1
|10100100001000100001100001110001110> :  0.8607772E-09  0.1000000E-03           1
|00100100001010100000001001011001110> :  0.1303296E-03  0.1000000E-03           1
|00100100001010100000100001011001110> :  0.3056283E-03  0.1000000E-03           1
|10100100001010100000101001001001110> :  0.2466569E-04  0.1000000E-03           1
|01100100001011100100000011001001110> :  0.2064961E-08  0.1000000E-03           1
|10100101001010100000001001001001110> :  0.1179633E-04  0.1000000E-03           1
|00100101011110100000000000110001110> :  0.2515149E-09  0.1000000E-03           1
|00100100001000100000101011000011110> :  0.4207927E-08  0.1000000E-03           1
|00110000001010110010001001011000000> :  0.6156495E-04  0.1000000E-03           1
|00000100010010100001100000001011111> :  0.2684246E-10  0.1000000E-03           1
|01100000001010101010101011011000000> :  0.1610475E-07  0.1000000E-03           1
