# state, exact probability, frequency, count:
#------------------------------------------------------------------
|1001100001010110111000111> :  0.1873699E+00  0.1883000E+00        1883
|0110011110101001000111000> :  0.1873699E+00  0.1879000E+00        1879
|0110011010101001000111001> :  0.9997396E-01  0.1005000E+00        1005
|1001100101010110111000110> :  0.9997396E-01  0.9490000E-01         949
|0000011100011011100111010> :  0.3832809E-01  0.3950000E-01         395
|1111100011100100011000101> :  0.3832809E-01  0.3530000E-01         353
|1001100101011010101001110> :  0.3486638E-01  0.3500000E-01         350
|0110011010101101010110001> :  0.3364081E-01  0.3480000E-01         348
|1001100101010010101001110> :  0.3364081E-01  0.3370000E-01         337
|0110011010100101010110001> :  0.3486638E-01  0.3310000E-01         331
|1111111010100101010010001> :  0.1433585E-01  0.1610000E-01         161
|0000000101011010101101110> :  0.1433585E-01  0.1540000E-01         154
|1001100101010110101001110> :  0.1077979E-01  0.1100000E-01         110
|0110111010100101010110001> :  0.8643810E-02  0.9800000E-02          98
|1011101110010110110000110> :  0.7105202E-02  0.9100000E-02          91
|1001100101010110101000110> :  0.8421275E-02  0.8800000E-02          88
|1001000101011010101001110> :  0.8643810E-02  0.8800000E-02          88
|0100010001101001001111001> :  0.7105202E-02  0.7900000E-02          79
|0110011010101001010110001> :  0.1077979E-01  0.7900000E-02          79
|0110011010101001010111001> :  0.8421275E-02  0.7200000E-02          72
|0001000101011010101101110> :  0.5694714E-02  0.6400000E-02          64
|1110111010100101010010001> :  0.5694714E-02  0.5900000E-02          59
|1011100000010110111000111> :  0.3771357E-02  0.3800000E-02          38
|0100011111101001000111000> :  0.3771357E-02  0.3700000E-02          37
|0000000101011010101111110> :  0.2982408E-02  0.3400000E-02          34
|1111111010100101010000001> :  0.2982408E-02  0.3300000E-02          33
|1001101000010110111000111> :  0.1998216E-02  0.2200000E-02          22
|0110010111101001000111000> :  0.1998216E-02  0.1900000E-02          19
|1111100011100100011001101> :  0.1638134E-02  0.1800000E-02          18
|1011100100010111001000111> :  0.1345462E-02  0.1400000E-02          14
|0000000101011010101100110> :  0.1255399E-02  0.1100000E-02          11
|1011100100010110101000111> :  0.4416225E-03  0.1000000E-02          10
|1000000101011010101101110> :  0.8797927E-03  0.1000000E-02          10
|0111111010100101010010001> :  0.8797927E-03  0.9000000E-03           9
|1001000001010110111000111> :  0.6728164E-03  0.9000000E-03           9
|1111111010000111010000011> :  0.7563028E-03  0.8000000E-03           8
|1011001110010110110000110> :  0.5190972E-03  0.8000000E-03           8
|1111111010100101010011001> :  0.1255399E-02  0.8000000E-03           8
|0000011100011011100110010> :  0.1638134E-02  0.8000000E-03           8
|0100011011101000110111000> :  0.1345462E-02  0.8000000E-03           8
|1011100011100100011000101> :  0.4023753E-03  0.7000000E-03           7
|1000000101011010101001110> :  0.6761902E-03  0.7000000E-03           7
|0100110001101001001111001> :  0.5190972E-03  0.7000000E-03           7
|0110011000101001000111001> :  0.4286866E-03  0.6000000E-03           6
|0110111110101001000111000> :  0.6728164E-03  0.6000000E-03           6
|0000000101111000101111100> :  0.7563028E-03  0.6000000E-03           6
|0111111010100101010110001> :  0.6761902E-03  0.6000000E-03           6
|1001100011010110111000110> :  0.3810434E-03  0.5000000E-03           5
|0110011110101011000111000> :  0.4182919E-03  0.5000000E-03           5
|0100010111101001000111000> :  0.3917051E-03  0.5000000E-03           5
|1011001010010110110000111> :  0.1229169E-03  0.5000000E-03           5
|0100011011101001010111000> :  0.4416225E-03  0.5000000E-03           5
|0000000101101000111111100> :  0.1221334E-03  0.5000000E-03           5
|1001100111010110111000110> :  0.4286866E-03  0.4000000E-03           4
|0110011110101001101111000> :  0.1614875E-03  0.4000000E-03           4
|0110011100101001000111001> :  0.3810434E-03  0.4000000E-03           4
|1001100000010110111000111> :  0.2778780E-03  0.4000000E-03           4
|1001100001010100111000111> :  0.4182919E-03  0.4000000E-03           4
|0100011111101001100111000> :  0.1276680E-03  0.3000000E-03           3
|0100011111101000100111000> :  0.2581136E-03  0.3000000E-03           3
|1000100101011000101101110> :  0.6848789E-04  0.3000000E-03           3
|0100011101101001100111000> :  0.2917563E-03  0.3000000E-03           3
|0000001000110110111101111> :  0.1306959E-03  0.3000000E-03           3
|1001100011010110011000111> :  0.7151784E-04  0.3000000E-03           3
|0010011010100101010110001> :  0.2119982E-03  0.3000000E-03           3
|1011101000010110111000111> :  0.3917051E-03  0.3000000E-03           3
|1101100101011010101001110> :  0.2119982E-03  0.3000000E-03           3
|1000100101011010101001110> :  0.2482808E-03  0.3000000E-03           3
|0110010110101001101111000> :  0.1001763E-03  0.2000000E-03           2
|0111011010111001000111001> :  0.7020547E-05  0.2000000E-03           2
|1111100001100100011001101> :  0.2578863E-04  0.2000000E-03           2
|0000000101101000111110100> :  0.1280991E-04  0.2000000E-03           2
|0000110100011011101111010> :  0.1429056E-03  0.2000000E-03           2
|1011100000010110011000111> :  0.1276680E-03  0.2000000E-03           2
|0100011110100001000111000> :  0.1400610E-03  0.2000000E-03           2
|0100011100011011100111010> :  0.4023753E-03  0.2000000E-03           2
|0000111100011011100111010> :  0.2274556E-03  0.2000000E-03           2
|0111011110101001000111010> :  0.3892521E-04  0.2000000E-03           2
|1111000011100100011000101> :  0.2274556E-03  0.2000000E-03           2
|1111111010000111010001011> :  0.3797061E-04  0.2000000E-03           2
|0110111100101001000111000> :  0.2243837E-03  0.2000000E-03           2
|0000000111011010101100110> :  0.7543126E-04  0.2000000E-03           2
|0100011100001011100111010> :  0.1753700E-03  0.2000000E-03           2
|1001000101010110111000010> :  0.2583144E-04  0.2000000E-03           2
|1001000011010110111000111> :  0.2243837E-03  0.2000000E-03           2
|1001100001010110111000110> :  0.3486339E-03  0.2000000E-03           2
|1001100001111010111000111> :  0.4603099E-04  0.2000000E-03           2
|1001100101010011101001110> :  0.1865845E-04  0.2000000E-03           2
|0000000101011010101110110> :  0.2749059E-03  0.2000000E-03           2
|0110010110101001000101000> :  0.1715356E-03  0.2000000E-03           2
|1011100000010110111100111> :  0.1715262E-04  0.2000000E-03           2
|1011100000010111011000111> :  0.2581136E-03  0.2000000E-03           2
|1011100100010110111000111> :  0.9345368E-04  0.2000000E-03           2
|0110011010101001010111000> :  0.2275797E-04  0.2000000E-03           2
|0110011110101001000111001> :  0.3486339E-03  0.2000000E-03           2
|1111110010100101010011001> :  0.3232891E-04  0.2000000E-03           2
|1101000101011010101001110> :  0.5061639E-04  0.2000000E-03           2
|0110011111101001000111000> :  0.2778780E-03  0.2000000E-03           2
|1111111010100101010001001> :  0.2749059E-03  0.2000000E-03           2
|0000000101011010101100111> :  0.6167408E-04  0.2000000E-03           2
|0110011110101001000111010> :  0.2243492E-04  0.2000000E-03           2
|0111011010100101010110001> :  0.2482808E-03  0.2000000E-03           2
|0000010101011010101101110> :  0.1018732E-03  0.2000000E-03           2
|0010011010101101110110001> :  0.5041905E-04  0.2000000E-03           2
|0001000100000111101110111> :  0.4430590E-07  0.1000000E-03           1
|0001000001011011100101111> :  0.2977829E-06  0.1000000E-03           1
|0000010101011000101101110> :  0.3085711E-04  0.1000000E-03           1
|0000111110011011100010010> :  0.3362015E-07  0.1000000E-03           1
|0011010000101011011101101> :  0.4582856E-08  0.1000000E-03           1
|0000010011011111001111100> :  0.9482839E-08  0.1000000E-03           1
|0000000101111010101100110> :  0.6445761E-05  0.1000000E-03           1
|0000110111101000001011001> :  0.2554935E-07  0.1000000E-03           1
|0010111010110101010110011> :  0.5883988E-06  0.1000000E-03           1
|0010111010110101010110001> :  0.3536512E-05  0.1000000E-03           1
|0000110110011000101001010> :  0.9942128E-08  0.1000000E-03           1
|0000010000011011111100011> :  0.1450503E-07  0.1000000E-03           1
|0011000101000111111111101> :  0.1465927E-08  0.1000000E-03           1
|0011000111100101100000101> :  0.3050624E-08  0.1000000E-03           1
|0110011010101001000111101> :  0.2749737E-04  0.1000000E-03           1
|0011010001101001011011001> :  0.5276322E-08  0.1000000E-03           1
|0011010011111000011000100> :  0.1889591E-07  0.1000000E-03           1
|0011010110101100010110010> :  0.8288999E-08  0.1000000E-03           1
|0011010111100000010111001> :  0.1412888E-07  0.1000000E-03           1
|0011011000100101001111011> :  0.5151855E-08  0.1000000E-03           1
|0011011001010010111000101> :  0.1129942E-07  0.1000000E-03           1
|0011011010100101010110001> :  0.1441691E-05  0.1000000E-03           1
|0010111010101101110110000> :  0.1866242E-06  0.1000000E-03           1
|0010111010100101000110011> :  0.4477409E-06  0.1000000E-03           1
|0000110101011010000101110> :  0.7105366E-06  0.1000000E-03           1
|0010111010100001010111001> :  0.6250234E-05  0.1000000E-03           1
|0110010110010111000111100> :  0.6096861E-08  0.1000000E-03           1
|0010111010011011110010000> :  0.4158463E-08  0.1000000E-03           1
|0000110101011000101101110> :  0.2815490E-04  0.1000000E-03           1
|0000001110100110100110110> :  0.3896383E-07  0.1000000E-03           1
|0000000101111000101111110> :  0.1360961E-04  0.1000000E-03           1
|0010111010010101110000010> :  0.1475786E-07  0.1000000E-03           1
|0110001110111011000001100> :  0.1533560E-07  0.1000000E-03           1
|0010110101010010001111010> :  0.3431798E-08  0.1000000E-03           1
|0010110100101001000011010> :  0.6524568E-08  0.1000000E-03           1
|0010101000011110111000111> :  0.1144887E-06  0.1000000E-03           1
|0000110100001110111111110> :  0.2404705E-08  0.1000000E-03           1
|0000001101011010101100110> :  0.3232891E-04  0.1000000E-03           1
|0010100100000010001110111> :  0.3745776E-10  0.1000000E-03           1
|0010011111110100010111000> :  0.1510949E-07  0.1000000E-03           1
|0000101100110110001011010> :  0.1126529E-08  0.1000000E-03           1
|0010011111000111000010111> :  0.5851868E-09  0.1000000E-03           1
|0101100111111000011110000> :  0.3048475E-09  0.1000000E-03           1
|0010011110101101000110000> :  0.1100943E-04  0.1000000E-03           1
|0000101100001000111101011> :  0.8504375E-08  0.1000000E-03           1
|0000001100111010110100011> :  0.2543772E-07  0.1000000E-03           1
|0010011110010101001000111> :  0.3405045E-08  0.1000000E-03           1
|0010011100010110100110010> :  0.5545910E-07  0.1000000E-03           1
|0000101011101111110010100> :  0.1690583E-08  0.1000000E-03           1
|0101011010001011001110001> :  0.7785993E-07  0.1000000E-03           1
|0101010100101011100111001> :  0.4391422E-08  0.1000000E-03           1
|0010011010101001101111000> :  0.9361115E-05  0.1000000E-03           1
|0000101001111000111110011> :  0.7579529E-08  0.1000000E-03           1
|0010011010101001000110001> :  0.7834641E-04  0.1000000E-03           1
|0101000011100101000111001> :  0.2887058E-07  0.1000000E-03           1
|0000100111011010101000110> :  0.1270097E-06  0.1000000E-03           1
|0010011010011011001111001> :  0.1173854E-06  0.1000000E-03           1
|0100111101101001100111000> :  0.8871398E-04  0.1000000E-03           1
|0100111100111000001111001> :  0.2713127E-07  0.1000000E-03           1
|0010010110101000000111101> :  0.5483585E-05  0.1000000E-03           1
|0000100101111000101111100> :  0.9236180E-04  0.1000000E-03           1
|0000000111111000101110100> :  0.8518522E-05  0.1000000E-03           1
|0000000101111000101110100> :  0.3797061E-04  0.1000000E-03           1
|0010010100000010011111110> :  0.7684042E-08  0.1000000E-03           1
|0010000101111001101101001> :  0.1445340E-07  0.1000000E-03           1
|0000100101011010101101110> :  0.6238422E-04  0.1000000E-03           1
|0010000100111011101001110> :  0.2078736E-06  0.1000000E-03           1
|0010000100011010101110101> :  0.4173136E-07  0.1000000E-03           1
|0000100011101011100011100> :  0.1642660E-07  0.1000000E-03           1
|0000000111100100000111110> :  0.4160913E-08  0.1000000E-03           1
|0001111101010110111000011> :  0.3803190E-06  0.1000000E-03           1
|0100110001011001010110001> :  0.9083702E-08  0.1000000E-03           1
|0100101110100001110011010> :  0.3466689E-08  0.1000000E-03           1
|0001111001010001010001101> :  0.3291728E-11  0.1000000E-03           1
|0000100001111100101110100> :  0.1688878E-06  0.1000000E-03           1
|0100101011111000100110010> :  0.3634397E-08  0.1000000E-03           1
|1001000101011011101001110> :  0.2765636E-04  0.1000000E-03           1
|0100110101011110101010100> :  0.2628614E-07  0.1000000E-03           1
|0100110101101001001111000> :  0.1229169E-03  0.1000000E-03           1
|0100110110001000100111110> :  0.1241849E-06  0.1000000E-03           1
|0100110111000011101011010> :  0.6560473E-08  0.1000000E-03           1
|0100110111001000111010110> :  0.2132351E-07  0.1000000E-03           1
|0100110111101001000101000> :  0.3021434E-05  0.1000000E-03           1
|0100111001010101100111010> :  0.1995900E-07  0.1000000E-03           1
|0100111001111010100101001> :  0.1228943E-07  0.1000000E-03           1
|0100111010011001100111011> :  0.1577109E-06  0.1000000E-03           1
|0100100111111010001101110> :  0.7768645E-09  0.1000000E-03           1
|1001100001010110111010010> :  0.5698562E-05  0.1000000E-03           1
|0100111110100011000010011> :  0.1084841E-07  0.1000000E-03           1
|0100111111000101010011010> :  0.3561691E-07  0.1000000E-03           1
|1001100011010110111000000> :  0.1220454E-04  0.1000000E-03           1
|0101000011110111010111001> :  0.6137645E-08  0.1000000E-03           1
|0101001000111110111001011> :  0.2632057E-07  0.1000000E-03           1
|0101010011101100111001101> :  0.1941502E-07  0.1000000E-03           1
|0001110111101000001010111> :  0.3552360E-09  0.1000000E-03           1
|0101010111100001000111000> :  0.9342275E-05  0.1000000E-03           1
|1001100101011010000001110> :  0.1645663E-04  0.1000000E-03           1
|0101011010101001000111011> :  0.1166892E-04  0.1000000E-03           1
|0101011101010011100111010> :  0.5915182E-08  0.1000000E-03           1
|0101100000100101111010001> :  0.2597987E-07  0.1000000E-03           1
|0101100001000100111111110> :  0.5410122E-08  0.1000000E-03           1
|0101100101010110011001100> :  0.1727408E-06  0.1000000E-03           1
|1001101001011000111001111> :  0.1333883E-05  0.1000000E-03           1
|0101101011100111100010100> :  0.3207946E-08  0.1000000E-03           1
|0101101101101100011010100> :  0.5464585E-08  0.1000000E-03           1
|0101110011001100011000011> :  0.1350427E-07  0.1000000E-03           1
|0101111000001101101110001> :  0.2063197E-07  0.1000000E-03           1
|0101111010110100010010001> :  0.9830283E-07  0.1000000E-03           1
|0101111011001100011110001> :  0.3848549E-06  0.1000000E-03           1
|0101111100010110000100110> :  0.2271332E-08  0.1000000E-03           1
|0110000101011110001101100> :  0.1607362E-08  0.1000000E-03           1
|0110000110011110000110101> :  0.1036291E-07  0.1000000E-03           1
|0110001001101001011110001> :  0.8125962E-07  0.1000000E-03           1
|0110001100111110110100010> :  0.6096214E-07  0.1000000E-03           1
|1010011000011100111100111> :  0.6758062E-07  0.1000000E-03           1
|0110010010100011010111010> :  0.1069320E-05  0.1000000E-03           1
|0110010010101001100111101> :  0.1503453E-05  0.1000000E-03           1
|0110010100101001000111111> :  0.2553277E-06  0.1000000E-03           1
|1010101000011110111000111> :  0.9342275E-05  0.1000000E-03           1
|1010101000111100011100111> :  0.7912200E-08  0.1000000E-03           1
|1010110001010111111000110> :  0.1346048E-07  0.1000000E-03           1
|1010111010000111011001111> :  0.1140760E-08  0.1000000E-03           1
|0110010111101001000111001> :  0.1412562E-04  0.1000000E-03           1
|0110011000001010101100001> :  0.1100590E-08  0.1000000E-03           1
|1011001011010111111000111> :  0.9809152E-07  0.1000000E-03           1
|0110011000101001001101000> :  0.4582146E-06  0.1000000E-03           1
|0110011000110101011110001> :  0.6505268E-07  0.1000000E-03           1
|0110011000111001101101000> :  0.1072479E-06  0.1000000E-03           1
|0110011001101101000011000> :  0.4811311E-07  0.1000000E-03           1
|0110011010100100010110001> :  0.4563957E-04  0.1000000E-03           1
|1011100001010110111000101> :  0.7028356E-04  0.1000000E-03           1
|0110011010100111111000001> :  0.2221731E-05  0.1000000E-03           1
|0110011010101001000011101> :  0.1038229E-04  0.1000000E-03           1
|1011100011101110011000101> :  0.1208567E-05  0.1000000E-03           1
|0100011111111001011111000> :  0.1219549E-05  0.1000000E-03           1
|1011100100110010110100010> :  0.6396564E-08  0.1000000E-03           1
|1011100101011110101001110> :  0.9104696E-05  0.1000000E-03           1
|1011101000001100111000011> :  0.4516161E-07  0.1000000E-03           1
|0110011010101001010111101> :  0.4160370E-04  0.1000000E-03           1
|0110011010101101000110001> :  0.3512728E-04  0.1000000E-03           1
|1011101000011110101000101> :  0.2131812E-05  0.1000000E-03           1
|0110011011101011000101011> :  0.8866411E-08  0.1000000E-03           1
|0110011100010101000101001> :  0.5615111E-07  0.1000000E-03           1
|1011101110000001010000010> :  0.1230995E-07  0.1000000E-03           1
|0110011101101000110010001> :  0.4729148E-07  0.1000000E-03           1
|0110011110000101000111000> :  0.4603099E-04  0.1000000E-03           1
|0110011110001001000101001> :  0.1280109E-05  0.1000000E-03           1
|0110011110100101011110001> :  0.1500136E-04  0.1000000E-03           1
|1011111111000101101000000> :  0.2310707E-07  0.1000000E-03           1
|1100001100011001110101110> :  0.2306878E-07  0.1000000E-03           1
|0100011111111000100111000> :  0.2944779E-05  0.1000000E-03           1
|0001110111011010001111110> :  0.1565259E-07  0.1000000E-03           1
|0000011110011001110111000> :  0.5742459E-08  0.1000000E-03           1
|0000000111011010111100110> :  0.1863200E-04  0.1000000E-03           1
|0000000101111000101101110> :  0.1215530E-03  0.1000000E-03           1
|1000101001010010111001111> :  0.3358736E-08  0.1000000E-03           1
|1000101000011111110100010> :  0.1979666E-07  0.1000000E-03           1
|0001110001110000101011100> :  0.1520211E-07  0.1000000E-03           1
|1000100101110100010110110> :  0.1086310E-07  0.1000000E-03           1
|0100011111100001000111000> :  0.9118639E-05  0.1000000E-03           1
|0001110001010111011000110> :  0.2070392E-05  0.1000000E-03           1
|0000011110011000111111000> :  0.7636016E-08  0.1000000E-03           1
|0100011110101001000101000> :  0.1689577E-04  0.1000000E-03           1
|1000011110011011101111010> :  0.5283353E-06  0.1000000E-03           1
|0001110000010010111110110> :  0.2027455E-07  0.1000000E-03           1
|0100011110011110000111011> :  0.1905147E-07  0.1000000E-03           1
|1000010111011000101010100> :  0.1027810E-06  0.1000000E-03           1
|1000010100011101100001110> :  0.4117926E-07  0.1000000E-03           1
|0001101100100101110100011> :  0.6421768E-09  0.1000000E-03           1
|0000011100011111100110010> :  0.4462534E-04  0.1000000E-03           1
|0100011101101001000110000> :  0.9282827E-05  0.1000000E-03           1
|0100011100101011100111000> :  0.1622782E-03  0.1000000E-03           1
|0001101001010110110000111> :  0.7220493E-05  0.1000000E-03           1
|1000001100011010101101110> :  0.3278429E-06  0.1000000E-03           1
|1000001000011000100111110> :  0.1262199E-07  0.1000000E-03           1
|0001100101011110111000010> :  0.5148039E-06  0.1000000E-03           1
|0000011100011011101111010> :  0.2927300E-04  0.1000000E-03           1
|0111111101100001000010001> :  0.1418098E-07  0.1000000E-03           1
|0001100101011010101001110> :  0.2659844E-04  0.1000000E-03           1
|0100011011001000111100001> :  0.1414790E-07  0.1000000E-03           1
|0111111010100101010001001> :  0.1034387E-04  0.1000000E-03           1
|0111111010001101001100101> :  0.1514374E-07  0.1000000E-03           1
|0100011010101101101110001> :  0.2200476E-06  0.1000000E-03           1
|0001100011010110110000111> :  0.7398881E-05  0.1000000E-03           1
|0000000101111100101110110> :  0.1061809E-04  0.1000000E-03           1
|0100011001000001011111001> :  0.2231926E-06  0.1000000E-03           1
|0100010111101110011100110> :  0.3710824E-08  0.1000000E-03           1
|0001100001111110111000111> :  0.1030655E-04  0.1000000E-03           1
|0100010111101001000111100> :  0.4771945E-04  0.1000000E-03           1
|0111101111100110011010101> :  0.1039813E-07  0.1000000E-03           1
|0100010111101001000111001> :  0.1863756E-04  0.1000000E-03           1
|0001100001011101111010110> :  0.1267111E-07  0.1000000E-03           1
|0111101000100111100001011> :  0.9292127E-08  0.1000000E-03           1
|0100010111101001000101000> :  0.9187075E-05  0.1000000E-03           1
|0001010110110010011101110> :  0.2524277E-09  0.1000000E-03           1
|0111100011100100011000101> :  0.9781275E-04  0.1000000E-03           1
|0111100000101100011100111> :  0.6056012E-07  0.1000000E-03           1
|0100010111100001000111000> :  0.9823473E-04  0.1000000E-03           1
|0111011111100100000001100> :  0.1699578E-08  0.1000000E-03           1
|1111110001011010111100000> :  0.1654296E-07  0.1000000E-03           1
|0100010111011100001101111> :  0.6243531E-08  0.1000000E-03           1
|0001010110011100110100011> :  0.2507009E-08  0.1000000E-03           1
|0111100101101000001111110> :  0.2336452E-08  0.1000000E-03           1
|0111100110111101000010101> :  0.3277542E-08  0.1000000E-03           1
|1111111010000111010010001> :  0.1215530E-03  0.1000000E-03           1
|0111101110100100100111001> :  0.7231827E-08  0.1000000E-03           1
|1111111010100101010010000> :  0.7004611E-05  0.1000000E-03           1
|0111110001000011111010100> :  0.8140494E-08  0.1000000E-03           1
|0111110001100101110100011> :  0.4708890E-08  0.1000000E-03           1
|0111110010100101010110001> :  0.6165359E-06  0.1000000E-03           1
|0111110011010100100110001> :  0.5543611E-08  0.1000000E-03           1
|0111110011100000011001001> :  0.3304659E-05  0.1000000E-03           1
|0111110100001010010110010> :  0.1855261E-07  0.1000000E-03           1
|0111110101001101011011001> :  0.7220691E-08  0.1000000E-03           1
|0000011100010001100111010> :  0.1993821E-04  0.1000000E-03           1
|0000000101111010101111100> :  0.1445003E-04  0.1000000E-03           1
|0111011110101001000000010> :  0.8386263E-08  0.1000000E-03           1
|0111011110100110011111001> :  0.8438443E-08  0.1000000E-03           1
|0100010110100101000111001> :  0.2828032E-06  0.1000000E-03           1
|1000000011111110000011110> :  0.6448855E-08  0.1000000E-03           1
|0111011100011011100010010> :  0.3804090E-08  0.1000000E-03           1
|1111100011100110011000101> :  0.1482789E-05  0.1000000E-03           1
|0100010011101001001111001> :  0.3625543E-04  0.1000000E-03           1
|1000001010010110010010110> :  0.4472864E-08  0.1000000E-03           1
|0001010010100101011110111> :  0.1206361E-07  0.1000000E-03           1
|1000001101101111101001101> :  0.4879764E-09  0.1000000E-03           1
|1000001101110010111000101> :  0.2264331E-07  0.1000000E-03           1
|1000001110011111110000100> :  0.4798143E-08  0.1000000E-03           1
|1000010010111010110110011> :  0.1280213E-07  0.1000000E-03           1
|1000010011000011101000110> :  0.2261591E-09  0.1000000E-03           1
|1111100011100100011010111> :  0.5335740E-05  0.1000000E-03           1
|0111010110100000000110100> :  0.6229241E-07  0.1000000E-03           1
|1000011001011011100000010> :  0.7016361E-07  0.1000000E-03           1
|1000011001110010110001100> :  0.1084803E-07  0.1000000E-03           1
|0100010011100101011110100> :  0.2577849E-07  0.1000000E-03           1
|1000100001010110111000101> :  0.3892521E-04  0.1000000E-03           1
|1000100001010110111010111> :  0.2680980E-04  0.1000000E-03           1
|1000100001011010100011110> :  0.2595273E-06  0.1000000E-03           1
|1000100001011011011101101> :  0.1555245E-07  0.1000000E-03           1
|0111010100001011100110111> :  0.2341929E-07  0.1000000E-03           1
|0111010011100101001001101> :  0.4334831E-07  0.1000000E-03           1
|0100010010111000001111010> :  0.2617106E-06  0.1000000E-03           1
|0001010001111000100101011> :  0.1643911E-07  0.1000000E-03           1
|1000101000100100101001111> :  0.6360604E-08  0.1000000E-03           1
|0000011001101101110101001> :  0.8853625E-08  0.1000000E-03           1
|1000101011011001100100110> :  0.1356712E-07  0.1000000E-03           1
|1000111011111101011010100> :  0.1013286E-07  0.1000000E-03           1
|1000111110011101100000111> :  0.2820388E-08  0.1000000E-03           1
|1000111111001000000110010> :  0.1547836E-07  0.1000000E-03           1
|0111010001001011101110011> :  0.3458661E-08  0.1000000E-03           1
|1001000010010011001011011> :  0.2341177E-07  0.1000000E-03           1
|1001000011010110111000001> :  0.2885615E-06  0.1000000E-03           1
|1111010111100101010100000> :  0.2470050E-07  0.1000000E-03           1
|1001000100110110010000111> :  0.1591902E-05  0.1000000E-03           1
|1001000101010010101001110> :  0.3974808E-04  0.1000000E-03           1
|0111000111000100011101100> :  0.1237980E-07  0.1000000E-03           1
|1001000101010110111000111> :  0.5536996E-05  0.1000000E-03           1
|0111000001100110110100111> :  0.9303728E-07  0.1000000E-03           1
|0110111111001001000001010> :  0.3401209E-07  0.1000000E-03           1
|1001001000010110111001111> :  0.1070218E-04  0.1000000E-03           1
|1001001001010101010000111> :  0.4065826E-07  0.1000000E-03           1
|1001001010010110110010101> :  0.1204116E-07  0.1000000E-03           1
|1001001100110111110100101> :  0.2687662E-07  0.1000000E-03           1
|1001001101011010101100011> :  0.5529175E-07  0.1000000E-03           1
|1001001101011010111000010> :  0.9394238E-05  0.1000000E-03           1
|1001001101011110111000010> :  0.1144639E-04  0.1000000E-03           1
|1001010100011010100100011> :  0.1982957E-07  0.1000000E-03           1
|1001011000010001100101111> :  0.6811078E-08  0.1000000E-03           1
|1001011000010110010000011> :  0.1429224E-08  0.1000000E-03           1
|1001011101011000100100111> :  0.1109395E-07  0.1000000E-03           1
|0100010001010011111001011> :  0.1007041E-07  0.1000000E-03           1
|1001100000010111000110101> :  0.4521326E-08  0.1000000E-03           1
|1001100000010111011000111> :  0.1335579E-05  0.1000000E-03           1
|1001100000011100111001111> :  0.4671076E-07  0.1000000E-03           1
|1001100000011110101001011> :  0.2482546E-06  0.1000000E-03           1
|1001100001010011101001000> :  0.3652706E-06  0.1000000E-03           1
|0001010000001001001111111> :  0.1246333E-07  0.1000000E-03           1
|1001100001010110010000111> :  0.1614875E-03  0.1000000E-03           1
|0110111110101101000110000> :  0.2412679E-04  0.1000000E-03           1
|1111000011100101111000101> :  0.6299004E-05  0.1000000E-03           1
|0100001111101000111111011> :  0.1718658E-07  0.1000000E-03           1
|1001100001011010100001110> :  0.1500136E-04  0.1000000E-03           1
|1001100001110110010000111> :  0.1443448E-04  0.1000000E-03           1
|0110111100101001100111000> :  0.1344261E-03  0.1000000E-03           1
|1001100010010010111101111> :  0.2145578E-05  0.1000000E-03           1
|1001100010010111001010100> :  0.9750406E-08  0.1000000E-03           1
|1110111100001001110001010> :  0.5341109E-08  0.1000000E-03           1
|1110111011000001111000000> :  0.2381446E-08  0.1000000E-03           1
|0100001110111011000101100> :  0.1911130E-07  0.1000000E-03           1
|1001100100000110011111110> :  0.1086790E-07  0.1000000E-03           1
|1001100100100111111000110> :  0.3288906E-05  0.1000000E-03           1
|0001001110100010101001111> :  0.3086310E-08  0.1000000E-03           1
|0000011000010110111111001> :  0.4302666E-08  0.1000000E-03           1
|1001100101010110101000010> :  0.4160370E-04  0.1000000E-03           1
|0000000101111010101110110> :  0.7332822E-05  0.1000000E-03           1
|0110111100100100100111110> :  0.4175842E-07  0.1000000E-03           1
|0110111100100010110110101> :  0.1051848E-08  0.1000000E-03           1
|1001100101011000000101110> :  0.1194221E-05  0.1000000E-03           1
|0100001101011011100101111> :  0.1507655E-07  0.1000000E-03           1
|1110101010100101111010001> :  0.2391380E-05  0.1000000E-03           1
|1001100101011011101001110> :  0.4563957E-04  0.1000000E-03           1
|1001100101011110111001101> :  0.1656842E-05  0.1000000E-03           1
|1001100101011110111001111> :  0.3835770E-05  0.1000000E-03           1
|1001100101110101111000110> :  0.1173251E-05  0.1000000E-03           1
|1001100111010110101000110> :  0.1741123E-04  0.1000000E-03           1
|0110111010100101010010001> :  0.1826903E-03  0.1000000E-03           1
|0100001101001101100011011> :  0.3693222E-09  0.1000000E-03           1
|1001101001010110111010011> :  0.3030977E-04  0.1000000E-03           1
|1001101001010110111010111> :  0.1715356E-03  0.1000000E-03           1
|1001101001010111110010011> :  0.6848085E-06  0.1000000E-03           1
|0001001101110010101111100> :  0.2863264E-07  0.1000000E-03           1
|1001101001110111010000101> :  0.1281109E-05  0.1000000E-03           1
|1001101100010110011010111> :  0.1308984E-05  0.1000000E-03           1
|1001101101010110111000000> :  0.2599803E-05  0.1000000E-03           1
|1001101101011010101011110> :  0.6493905E-05  0.1000000E-03           1
|1001101111010010000001110> :  0.1384034E-05  0.1000000E-03           1
|1001101111010110011000001> :  0.3566855E-07  0.1000000E-03           1
|1001110001010110111001111> :  0.2745403E-04  0.1000000E-03           1
|1001110001011000011001101> :  0.2446888E-07  0.1000000E-03           1
|1001110011010100111001111> :  0.3262310E-06  0.1000000E-03           1
|1001110011010110101010100> :  0.4734031E-08  0.1000000E-03           1
|1001110011100100011001100> :  0.6798272E-06  0.1000000E-03           1
|1001110100010110111001111> :  0.1572258E-05  0.1000000E-03           1
|1001110101000100101011110> :  0.1402209E-07  0.1000000E-03           1
|1001110101010110011000010> :  0.3033925E-05  0.1000000E-03           1
|1001110101101011000011100> :  0.1088147E-07  0.1000000E-03           1
|1001110101110110011000110> :  0.8331321E-05  0.1000000E-03           1
|1001110111010000001001111> :  0.8211778E-06  0.1000000E-03           1
|1001110111110110011000110> :  0.3958236E-07  0.1000000E-03           1
|1001111110011100101000100> :  0.7179506E-08  0.1000000E-03           1
|1010000100011111100101111> :  0.1256667E-06  0.1000000E-03           1
|1010000111110000000101101> :  0.1200147E-07  0.1000000E-03           1
|1010001001111010101101001> :  0.1069353E-07  0.1000000E-03           1
|1010010000110111000101011> :  0.2356545E-08  0.1000000E-03           1
|0110111010010100010010001> :  0.4136707E-06  0.1000000E-03           1
|1010011010100101011110001> :  0.7700519E-06  0.1000000E-03           1
|1010011101000111001001011> :  0.5052488E-08  0.1000000E-03           1
|1010011110110110010100100> :  0.1121520E-07  0.1000000E-03           1
|1010100100011011110010010> :  0.1909204E-07  0.1000000E-03           1
|1010101000000111111010101> :  0.6129036E-07  0.1000000E-03           1
|1010101000001010100011010> :  0.5605474E-08  0.1000000E-03           1
|1010101000011010111000010> :  0.3224963E-07  0.1000000E-03           1
|0110111001100101110010101> :  0.1598824E-07  0.1000000E-03           1
|1010101000100101010010111> :  0.9286814E-07  0.1000000E-03           1
|0100001010001001100111011> :  0.4792470E-06  0.1000000E-03           1
|1010101100110101100101101> :  0.6174961E-08  0.1000000E-03           1
|0110111001010101111000001> :  0.2227746E-08  0.1000000E-03           1
|1010110100010110000110110> :  0.2669960E-07  0.1000000E-03           1
|0110111000001101111000001> :  0.6405483E-07  0.1000000E-03           1
|1010111010100101010110101> :  0.4425285E-05  0.1000000E-03           1
|1010111100010110111100111> :  0.1572836E-07  0.1000000E-03           1
|1011000001011110011000111> :  0.2892887E-05  0.1000000E-03           1
|1011000010010110011000111> :  0.8871398E-04  0.1000000E-03           1
|1011001000010111111101100> :  0.1744756E-08  0.1000000E-03           1
|0100000111101001010110001> :  0.2304918E-07  0.1000000E-03           1
|0001001101110000101001101> :  0.2035591E-07  0.1000000E-03           1
|1011001101011010101000110> :  0.8936007E-07  0.1000000E-03           1
|0000010111011100111110110> :  0.1627420E-07  0.1000000E-03           1
|1011011010100101011010101> :  0.3559681E-07  0.1000000E-03           1
|1011011011100110111000010> :  0.1257377E-07  0.1000000E-03           1
|0110110110101001000101001> :  0.3286457E-05  0.1000000E-03           1
|0110110110101001000101000> :  0.3105158E-04  0.1000000E-03           1
|0100000101101001110110000> :  0.8324496E-08  0.1000000E-03           1
|1011100000010111001000111> :  0.5642850E-04  0.1000000E-03           1
|0110110110010111010100011> :  0.1308228E-07  0.1000000E-03           1
|1011100001010110011000111> :  0.1078942E-04  0.1000000E-03           1
|0110110101100111001010000> :  0.5424672E-08  0.1000000E-03           1
|1011100001101001001000101> :  0.1205939E-07  0.1000000E-03           1
|1011100001110100000100111> :  0.6840177E-08  0.1000000E-03           1
|1011100010010110011000111> :  0.2917563E-03  0.1000000E-03           1
|1011100011010100011000111> :  0.1622782E-03  0.1000000E-03           1
|0100000000111001011111000> :  0.3497061E-08  0.1000000E-03           1
|0001001101100110110101011> :  0.3497977E-07  0.1000000E-03           1
|1011100011110100011000101> :  0.1753700E-03  0.1000000E-03           1
|0110110011100000011000111> :  0.1137239E-07  0.1000000E-03           1
|0110110010101011000010101> :  0.5750792E-07  0.1000000E-03           1
|0011111100100111100110000> :  0.3086310E-08  0.1000000E-03           1
|0110110010100001010111101> :  0.4826001E-05  0.1000000E-03           1
|0110110010100000110100011> :  0.4928785E-08  0.1000000E-03           1
|1011100111010110100010011> :  0.9000260E-07  0.1000000E-03           1
|0011110010000001011110001> :  0.1305227E-07  0.1000000E-03           1
|1011101000010100101101110> :  0.1977273E-07  0.1000000E-03           1
|1011101000010110111000011> :  0.4771945E-04  0.1000000E-03           1
|0001001101000000111101111> :  0.3187480E-08  0.1000000E-03           1
|1011101000011010101001011> :  0.1423096E-06  0.1000000E-03           1
|1011101000011010111000111> :  0.1541582E-04  0.1000000E-03           1
|0000010101011011100110011> :  0.3497979E-06  0.1000000E-03           1
|1011101000011110101010111> :  0.1684699E-06  0.1000000E-03           1
|1011101001010000101100100> :  0.2669195E-07  0.1000000E-03           1
|1011101100000101101000101> :  0.9799264E-09  0.1000000E-03           1
|1011101100001100111000100> :  0.5955419E-07  0.1000000E-03           1
|1011101100011010101000101> :  0.1182740E-05  0.1000000E-03           1
|0000000101111010101110100> :  0.2051351E-04  0.1000000E-03           1
|0110101110001000100001010> :  0.9536469E-09  0.1000000E-03           1
|1011110000100000111110011> :  0.2169777E-07  0.1000000E-03           1
|1011110001000100011110010> :  0.6592065E-08  0.1000000E-03           1
|1011110010100111010000110> :  0.3217661E-08  0.1000000E-03           1
|1011110010111000011100100> :  0.1807693E-07  0.1000000E-03           1
|1011110101000100011101111> :  0.2668602E-09  0.1000000E-03           1
|1011110101010111011000010> :  0.3595313E-05  0.1000000E-03           1
|1011111000100001010111000> :  0.2083349E-06  0.1000000E-03           1
|1011111010100100010110101> :  0.9067262E-06  0.1000000E-03           1
|0110101100100000111101001> :  0.4047399E-08  0.1000000E-03           1
|1100001010010111101000011> :  0.4333774E-08  0.1000000E-03           1
|0011110000001011111100011> :  0.2934403E-08  0.1000000E-03           1
|1100001100101001010111011> :  0.2540552E-07  0.1000000E-03           1
|0110101000101011101111011> :  0.1443870E-07  0.1000000E-03           1
|0110100100011011100110011> :  0.7226931E-07  0.1000000E-03           1
|0011101001011000111101001> :  0.1815522E-07  0.1000000E-03           1
|0001000110011100111001110> :  0.7828752E-07  0.1000000E-03           1
|0110100000001111001010100> :  0.3371926E-08  0.1000000E-03           1
|0110011111101001010111111> :  0.2290965E-07  0.1000000E-03           1
|0011100101000110101010111> :  0.8171009E-06  0.1000000E-03           1
|1101100001100100001001101> :  0.1446600E-05  0.1000000E-03           1
|1101100001010110111001111> :  0.1347209E-04  0.1000000E-03           1
|0110011111011010100100011> :  0.4587251E-07  0.1000000E-03           1
|0011100001110110110100100> :  0.1739751E-07  0.1000000E-03           1
|0001000101101000111111100> :  0.1146330E-05  0.1000000E-03           1
|1101100001010110111000010> :  0.3759104E-04  0.1000000E-03           1
|1101100001010010101001111> :  0.4184943E-06  0.1000000E-03           1
|0110011111001001101111000> :  0.7029430E-05  0.1000000E-03           1
|1101010011101100111010001> :  0.1680844E-07  0.1000000E-03           1
|1101010001101000111010101> :  0.1266568E-07  0.1000000E-03           1
|1101100001010111011001111> :  0.1547375E-05  0.1000000E-03           1
|0011100001110110011010111> :  0.8863016E-08  0.1000000E-03           1
|1101100011100000011001100> :  0.6656641E-05  0.1000000E-03           1
|1101100100010111101001010> :  0.2509080E-05  0.1000000E-03           1
|1101100101000010101001100> :  0.5492177E-05  0.1000000E-03           1
|1101100101001010101001110> :  0.3535609E-04  0.1000000E-03           1
|1101100101010010001001110> :  0.5041905E-04  0.1000000E-03           1
|1101100101010010101001110> :  0.9382128E-04  0.1000000E-03           1
|1101100101010110000000111> :  0.2672067E-05  0.1000000E-03           1
|1101100101010110101001110> :  0.3145643E-04  0.1000000E-03           1
|1101100101010110110001110> :  0.7734911E-05  0.1000000E-03           1
|1101100101010110111001100> :  0.1390878E-04  0.1000000E-03           1
|1101100101010111001001010> :  0.5137801E-05  0.1000000E-03           1
|1101100101010111101001010> :  0.8184702E-05  0.1000000E-03           1
|1101100101011010001001110> :  0.2385131E-04  0.1000000E-03           1
|1101010001100000011011101> :  0.1885114E-05  0.1000000E-03           1
|1101100111010110100001110> :  0.9573119E-06  0.1000000E-03           1
|1101100111100111010001100> :  0.2226607E-07  0.1000000E-03           1
|1101101010100111100000100> :  0.1744503E-08  0.1000000E-03           1
|1101101100000111010010011> :  0.1927092E-07  0.1000000E-03           1
|1101101110011110110010010> :  0.8449436E-08  0.1000000E-03           1
|1101101111000110011000010> :  0.3305946E-06  0.1000000E-03           1
|1101110001010111100000100> :  0.2808185E-07  0.1000000E-03           1
|1101110010010100011000101> :  0.1322113E-06  0.1000000E-03           1
|1101110110101101000010010> :  0.4231045E-07  0.1000000E-03           1
|1101111010000101111010010> :  0.5547741E-08  0.1000000E-03           1
|1101111011100000110011000> :  0.3503787E-07  0.1000000E-03           1
|1101111011100101001001001> :  0.1170258E-06  0.1000000E-03           1
|1101111101010101000100000> :  0.1408004E-07  0.1000000E-03           1
|1110000110100001000111100> :  0.3741176E-07  0.1000000E-03           1
|1110001000111010010101011> :  0.2085065E-07  0.1000000E-03           1
|1110001011100010110010101> :  0.3834857E-08  0.1000000E-03           1
|1110010111100101000110000> :  0.1403651E-06  0.1000000E-03           1
|1110011000000011010110010> :  0.7726935E-07  0.1000000E-03           1
|1110011001001011000011001> :  0.4989099E-07  0.1000000E-03           1
|1110011001011000110110011> :  0.2543634E-08  0.1000000E-03           1
|1110011011101000111100001> :  0.3570476E-07  0.1000000E-03           1
|1110011110011001000101000> :  0.2485776E-05  0.1000000E-03           1
|1110011110101001001110001> :  0.1378507E-06  0.1000000E-03           1
|1110011111101001010100011> :  0.2167385E-07  0.1000000E-03           1
|1110100111100000100010100> :  0.1669299E-07  0.1000000E-03           1
|1101001001110010010101001> :  0.6879908E-08  0.1000000E-03           1
|1110110110101001001110000> :  0.1164117E-05  0.1000000E-03           1
|1110111010100100000110111> :  0.4714927E-08  0.1000000E-03           1
|1110111010100101010000011> :  0.2097814E-04  0.1000000E-03           1
|1101001000110111110011011> :  0.9312930E-08  0.1000000E-03           1
|1110111010101000001011000> :  0.1826852E-07  0.1000000E-03           1
|1101000101101010000111100> :  0.8703405E-08  0.1000000E-03           1
|0110011110101001100111000> :  0.3030229E-04  0.1000000E-03           1
|1111000001100101010111101> :  0.1937748E-07  0.1000000E-03           1
|0011011110100111001000001> :  0.1244667E-07  0.1000000E-03           1
|1101000101011110101000110> :  0.6250234E-05  0.1000000E-03           1
|1111000011110000011000110> :  0.7571273E-08  0.1000000E-03           1
|1111000111001000011000011> :  0.1148313E-08  0.1000000E-03           1
|1111001000010011110000110> :  0.8276711E-08  0.1000000E-03           1
|1111001010100111010010001> :  0.2815490E-04  0.1000000E-03           1
|1111001111001010110011000> :  0.1012042E-07  0.1000000E-03           1
|1111010000100011101000101> :  0.4958276E-09  0.1000000E-03           1
|1111010100001001001111000> :  0.9122098E-06  0.1000000E-03           1
|0110011110101001011111001> :  0.2825269E-04  0.1000000E-03           1
|1111011010000111010000011> :  0.9236180E-04  0.1000000E-03           1
|1111011111011001000001000> :  0.2921437E-07  0.1000000E-03           1
|1100111010000011110010000> :  0.3511373E-07  0.1000000E-03           1
|1111100001100111110010001> :  0.1429349E-07  0.1000000E-03           1
|1111100011100000011111000> :  0.1969863E-07  0.1000000E-03           1
|1111100011100100010000101> :  0.2927300E-04  0.1000000E-03           1
|1100101100100111110011000> :  0.9746814E-08  0.1000000E-03           1
|1111100011100100011001001> :  0.7261649E-04  0.1000000E-03           1
|0110011110101001001111010> :  0.6910966E-05  0.1000000E-03           1
|0011011100101010101101110> :  0.9345435E-08  0.1000000E-03           1
|1111100011100101111000101> :  0.1623615E-04  0.1000000E-03           1
|1100100101100011110011100> :  0.5184955E-08  0.1000000E-03           1
|1111100011101110011001101> :  0.2847827E-05  0.1000000E-03           1
|1111100100001110100010110> :  0.9938736E-08  0.1000000E-03           1
|1111100100010010100001111> :  0.2481160E-07  0.1000000E-03           1
|1111100110100101010100110> :  0.4323826E-08  0.1000000E-03           1
|1111101001100000011001001> :  0.1467914E-06  0.1000000E-03           1
|1111101101000100110000000> :  0.4668904E-08  0.1000000E-03           1
|1111110001010111011110000> :  0.8087135E-09  0.1000000E-03           1
|1100010111101001000101000> :  0.5729612E-05  0.1000000E-03           1
|1111110010000111010010001> :  0.6423893E-05  0.1000000E-03           1
|0110011110101001000111100> :  0.1219644E-05  0.1000000E-03           1
|1111110110000011100110011> :  0.7996849E-08  0.1000000E-03           1
|1111110110000101001011000> :  0.4172262E-08  0.1000000E-03           1
|1111111000000011010001011> :  0.2899900E-05  0.1000000E-03           1
|1111111000001110001000100> :  0.1920537E-08  0.1000000E-03           1
|1111111000100101111010001> :  0.8714479E-06  0.1000000E-03           1
|1111111001100100001100000> :  0.2585223E-07  0.1000000E-03           1
|1111111010000101010010001> :  0.3123069E-04  0.1000000E-03           1
|1100010011110101010110100> :  0.2740353E-08  0.1000000E-03           1
|1100010011101001000100011> :  0.1268630E-07  0.1000000E-03           1
|0011011010110101011000111> :  0.1680155E-07  0.1000000E-03           1
|1111111010010111010000011> :  0.6619537E-04  0.1000000E-03           1
|1111111010100101000011001> :  0.3995100E-04  0.1000000E-03           1
|0001000100011010101101110> :  0.3054120E-04  0.1000000E-03           1
|0000010101011010101100110> :  0.1747962E-06  0.1000000E-03           1
|0000000101111010101101110> :  0.3123069E-04  0.1000000E-03           1
|0000000101101000101111100> :  0.6619537E-04  0.1000000E-03           1
|0000000100011011101111110> :  0.7993903E-06  0.1000000E-03           1
|1111111010101001010010100> :  0.1949719E-07  0.1000000E-03           1
|1111111011000001100000100> :  0.1463171E-07  0.1000000E-03           1
|1111111111100101011011001> :  0.1247164E-07  0.1000000E-03           1
|0000000011101101010111001> :  0.1544007E-07  0.1000000E-03           1
