# state, exact probability, frequency, count:
#------------------------------------------------------------------
|111110100101011010010001001001> :  0.2559935E+00  0.2541000E+00        2541
|000001011010100101101110110110> :  0.2559935E+00  0.2533000E+00        2533
|111011100101010010110001001001> :  0.1297288E+00  0.1297000E+00        1297
|000100011010101101001110110110> :  0.1297288E+00  0.1291000E+00        1291
|000000011010101101101110110110> :  0.3467087E-01  0.3590000E-01         359
|111111100101010010010001001001> :  0.3467087E-01  0.3430000E-01         343
|010110101000110010011110010101> :  0.1205978E-01  0.1230000E-01         123
|101001010111001101100001101010> :  0.1205978E-01  0.1180000E-01         118
|010110001010101110011110010110> :  0.7654976E-02  0.1070000E-01         107
|101001110101010001000001111001> :  0.7584201E-02  0.9300000E-02          93
|010110001010101110111110000110> :  0.7584201E-02  0.8100000E-02          81
|101001110101010001100001101001> :  0.7654976E-02  0.7300000E-02          73
|000000010010101101101110110110> :  0.4792777E-02  0.5600000E-02          56
|111111101101010010010001001001> :  0.4792777E-02  0.4900000E-02          49
|111110100101011100010001000101> :  0.1926731E-02  0.2300000E-02          23
|110110100001011110110001000101> :  0.2432309E-02  0.2200000E-02          22
|000100011010101100101110110110> :  0.1712288E-02  0.2200000E-02          22
|000001011010100011101110111010> :  0.1926731E-02  0.2100000E-02          21
|111110100101011000010001000101> :  0.1549308E-02  0.1900000E-02          19
|101110100101011010010001001001> :  0.1904649E-02  0.1900000E-02          19
|101001110101010001100001101100> :  0.1778055E-02  0.1800000E-02          18
|111110100101010010010001001001> :  0.1336550E-02  0.1700000E-02          17
|001001011110100001001110111010> :  0.2432309E-02  0.1700000E-02          17
|000001011010101101101110110110> :  0.1336550E-02  0.1700000E-02          17
|010110001010101110011110010011> :  0.1778055E-02  0.1700000E-02          17
|010001011010100101101110110110> :  0.1904649E-02  0.1600000E-02          16
|111011100101010011110001001001> :  0.1743255E-02  0.1600000E-02          16
|111011100101010011010001001001> :  0.1712288E-02  0.1500000E-02          15
|000000011010100101101110110110> :  0.7278687E-03  0.1400000E-02          14
|000100011010101100001110110110> :  0.1743255E-02  0.1400000E-02          14
|000110011010101100101100110110> :  0.1647755E-02  0.1400000E-02          14
|000001011010100111101110111010> :  0.1549308E-02  0.1400000E-02          14
|111011100101010010010011001001> :  0.1181791E-02  0.1300000E-02          13
|000100011010101101101100110110> :  0.1181791E-02  0.1300000E-02          13
|000001011010100101101110111110> :  0.9402877E-03  0.1300000E-02          13
|111011100101010010010001001001> :  0.9150541E-03  0.1300000E-02          13
|111111100101011010010001001001> :  0.7278687E-03  0.1100000E-02          11
|111001100101010011000011001001> :  0.6083765E-03  0.1000000E-02          10
|000001011110100101001110110110> :  0.6936630E-03  0.9000000E-03           9
|000100011010101101101110110110> :  0.9150541E-03  0.8000000E-03           8
|000001011010100111101110110110> :  0.7957406E-03  0.8000000E-03           8
|000000011110100101001110110110> :  0.6603438E-03  0.8000000E-03           8
|111110100101011010010001000001> :  0.9402877E-03  0.7000000E-03           7
|111001100101010011010011001001> :  0.1647755E-02  0.7000000E-03           7
|101110110101010000010001011101> :  0.4521796E-03  0.7000000E-03           7
|000110010010101100101110110110> :  0.6148065E-03  0.7000000E-03           7
|010110100001110010111010010101> :  0.4670090E-03  0.6000000E-03           6
|111110101101011000010001001001> :  0.4221959E-03  0.6000000E-03           6
|111001101101010011010001001001> :  0.6148065E-03  0.6000000E-03           6
|111111100001011010110001001001> :  0.6603438E-03  0.6000000E-03           6
|111011100101011010110001001001> :  0.5558765E-03  0.6000000E-03           6
|101001110101010001010001111001> :  0.3550996E-03  0.6000000E-03           6
|101001011110001101000101101010> :  0.4670090E-03  0.5000000E-03           5
|000110011010101100111100110110> :  0.6083765E-03  0.5000000E-03           5
|000100011010101100101100110110> :  0.2942717E-03  0.5000000E-03           5
|000001010010100111101110110110> :  0.4221959E-03  0.4000000E-03           4
|111011100101011010010001001001> :  0.2180280E-03  0.4000000E-03           4
|010110010010101100101110110110> :  0.2859885E-03  0.4000000E-03           4
|010110001010101110111110000010> :  0.3940240E-03  0.4000000E-03           4
|101001101101010011010001001001> :  0.2859885E-03  0.4000000E-03           4
|111110100101011000010001001001> :  0.7957406E-03  0.4000000E-03           4
|101001101111010001000001111001> :  0.7825378E-04  0.4000000E-03           4
|101001110101010001000001111101> :  0.3940240E-03  0.4000000E-03           4
|101001010010101011101100101010> :  0.9475031E-04  0.4000000E-03           4
|000100011010100101101110110110> :  0.2180280E-03  0.4000000E-03           4
|111011100101010011000011001001> :  0.3671366E-03  0.4000000E-03           4
|010110101101010100010011010101> :  0.9475031E-04  0.4000000E-03           4
|010110001010101110101110000110> :  0.3550996E-03  0.4000000E-03           4
|001001011110100101001110111010> :  0.1739116E-03  0.4000000E-03           4
|010001001010101111101110100010> :  0.4521796E-03  0.3000000E-03           3
|000000011010100111101110110110> :  0.6528880E-04  0.3000000E-03           3
|000001011010101101101110110010> :  0.2237464E-03  0.3000000E-03           3
|101001010110001101100101101010> :  0.3700308E-03  0.3000000E-03           3
|101001110101010001000011111001> :  0.2310764E-03  0.3000000E-03           3
|000001011110100001101110111010> :  0.3457351E-04  0.3000000E-03           3
|101001110101010001100001111001> :  0.1559194E-03  0.3000000E-03           3
|110110100001011010110001000101> :  0.1739116E-03  0.3000000E-03           3
|010110001010101110011110000011> :  0.8897641E-04  0.3000000E-03           3
|010110101001110010011010010101> :  0.3700308E-03  0.3000000E-03           3
|000100011010101100111100110110> :  0.3671366E-03  0.3000000E-03           3
|010010010010101110101110110010> :  0.1659912E-03  0.2000000E-03           2
|111110100001011010110001001001> :  0.6936630E-03  0.2000000E-03           2
|010110001010101010011110010011> :  0.1228376E-03  0.2000000E-03           2
|000001010010100101101110110110> :  0.5286612E-03  0.2000000E-03           2
|010110001010101010011110010101> :  0.1037145E-03  0.2000000E-03           2
|101110100101010010010001001101> :  0.1218724E-03  0.2000000E-03           2
|101001110101010101100001101010> :  0.1037145E-03  0.2000000E-03           2
|000001010010100011101110111010> :  0.1262687E-03  0.2000000E-03           2
|001001011010101101101100101010> :  0.8144688E-04  0.2000000E-03           2
|010110001010101010111110000110> :  0.1545581E-04  0.2000000E-03           2
|111110100101010010010001001101> :  0.2237464E-03  0.2000000E-03           2
|000000011010100101101110111110> :  0.3841012E-04  0.2000000E-03           2
|000001011010100101101110111010> :  0.1881504E-03  0.2000000E-03           2
|010000011010101101101110110110> :  0.1203839E-03  0.2000000E-03           2
|011001011000100010111110001001> :  0.5178333E-04  0.2000000E-03           2
|101001110101010001100001111100> :  0.8897641E-04  0.2000000E-03           2
|110110100101010010010011010101> :  0.8144688E-04  0.2000000E-03           2
|110110100000011110110001000101> :  0.2141855E-03  0.2000000E-03           2
|000100010010101101101110110110> :  0.1329538E-03  0.2000000E-03           2
|010110101000100010011110010101> :  0.6916815E-04  0.2000000E-03           2
|101111100111011010011001001001> :  0.1303551E-04  0.2000000E-03           2
|111011100101010011010011001001> :  0.2942717E-03  0.2000000E-03           2
|000001011110100101101110110110> :  0.1989612E-03  0.2000000E-03           2
|111011100001011010110001001001> :  0.1339592E-03  0.2000000E-03           2
|111110100001011110010001000101> :  0.3457351E-04  0.2000000E-03           2
|111110100001011010010001001001> :  0.1989612E-03  0.2000000E-03           2
|111110101101011010010001001001> :  0.5286612E-03  0.2000000E-03           2
|111110101101011100010001000101> :  0.1262687E-03  0.2000000E-03           2
|000000011110100101101110110110> :  0.2271194E-03  0.2000000E-03           2
|000110011010101101101100110110> :  0.1390455E-03  0.2000000E-03           2
|101011100101010011110001001001> :  0.1096178E-03  0.2000000E-03           2
|000110011010101101001110110110> :  0.7197765E-05  0.1000000E-03           1
|101001110101010101100001101100> :  0.1228376E-03  0.1000000E-03           1
|010010101101010100101000111110> :  0.7801945E-09  0.1000000E-03           1
|010010011011100100101010110010> :  0.2064870E-06  0.1000000E-03           1
|010010001010101110111110010110> :  0.4666552E-05  0.1000000E-03           1
|101001110101010001100001101000> :  0.6308852E-05  0.1000000E-03           1
|010010000011100110001110111001> :  0.7761610E-09  0.1000000E-03           1
|000001011011100101101011110010> :  0.6145904E-05  0.1000000E-03           1
|010001011110110010000110001010> :  0.7479273E-09  0.1000000E-03           1
|010001011110101101101100100011> :  0.2381750E-07  0.1000000E-03           1
|101001110101010101000001111001> :  0.1545581E-04  0.1000000E-03           1
|000101101110010011001010011011> :  0.9950288E-09  0.1000000E-03           1
|010010111000100110010011010111> :  0.8583059E-09  0.1000000E-03           1
|010011100010101010111011110110> :  0.1675233E-08  0.1000000E-03           1
|010011101101100010011000000101> :  0.1420052E-08  0.1000000E-03           1
|010001011010101101101110110010> :  0.1218724E-03  0.1000000E-03           1
|101001100100100001101110111000> :  0.2795305E-09  0.1000000E-03           1
|000101011110101011001010011010> :  0.3771337E-08  0.1000000E-03           1
|000001011011100100011011110110> :  0.1527841E-08  0.1000000E-03           1
|010001011001100010111110011001> :  0.3072652E-04  0.1000000E-03           1
|010001010010100101101110110110> :  0.4055698E-04  0.1000000E-03           1
|000101011000111101000110110110> :  0.3458380E-05  0.1000000E-03           1
|101001010111000101101100001101> :  0.8286678E-09  0.1000000E-03           1
|101000110111111000110001111110> :  0.1677338E-08  0.1000000E-03           1
|010000011110100101001100110111> :  0.1642951E-07  0.1000000E-03           1
|000100111101000100111100110110> :  0.1497835E-08  0.1000000E-03           1
|101000001110011011100100101000> :  0.4473424E-09  0.1000000E-03           1
|010000010010101001101011111110> :  0.2241932E-07  0.1000000E-03           1
|000100110000111000011011110111> :  0.4439809E-09  0.1000000E-03           1
|001111110101010011001001101100> :  0.5429472E-09  0.1000000E-03           1
|100110101111011010101000001001> :  0.8032685E-09  0.1000000E-03           1
|001111110000011010111010000100> :  0.8557055E-10  0.1000000E-03           1
|000100011110100101001110110110> :  0.1339592E-03  0.1000000E-03           1
|001111100000011100110101000110> :  0.4901858E-09  0.1000000E-03           1
|001111001010111111101100000110> :  0.5499432E-09  0.1000000E-03           1
|000100011010111101001110111010> :  0.1654651E-04  0.1000000E-03           1
|001110101111011101011001110101> :  0.1980925E-09  0.1000000E-03           1
|100101010110100111101100111110> :  0.1297430E-08  0.1000000E-03           1
|100101010010100000100111110110> :  0.1391075E-09  0.1000000E-03           1
|001110010110100101010110010110> :  0.5551219E-09  0.1000000E-03           1
|001101011000110101011110110110> :  0.1351510E-09  0.1000000E-03           1
|001101001111111101000001110100> :  0.5181991E-09  0.1000000E-03           1
|000100011010101101101110110010> :  0.8469490E-05  0.1000000E-03           1
|001100111100110011101110010110> :  0.8238688E-09  0.1000000E-03           1
|100010101101011010110001001101> :  0.6496660E-07  0.1000000E-03           1
|100010100111010011000001001011> :  0.1234530E-08  0.1000000E-03           1
|001100011010111001001110111010> :  0.6794919E-06  0.1000000E-03           1
|001100010100001100111101101000> :  0.1275208E-09  0.1000000E-03           1
|100001100001000011101100111001> :  0.2158783E-09  0.1000000E-03           1
|001100001111010110011000011001> :  0.8612121E-09  0.1000000E-03           1
|001011011001010101010001101001> :  0.1505712E-08  0.1000000E-03           1
|111111100001011001000101001101> :  0.6896183E-07  0.1000000E-03           1
|111111010000010110111000000110> :  0.3976885E-09  0.1000000E-03           1
|011111001000011011010001001100> :  0.2416645E-09  0.1000000E-03           1
|001011010111100100101101111110> :  0.1071561E-09  0.1000000E-03           1
|000001011010100111101110110010> :  0.7255685E-05  0.1000000E-03           1
|000000011000100111100110110110> :  0.1035948E-06  0.1000000E-03           1
|001010110110100110101100001110> :  0.3794971E-09  0.1000000E-03           1
|011100101101010011011110010101> :  0.7157999E-09  0.1000000E-03           1
|001010110000001101111101011100> :  0.2070879E-09  0.1000000E-03           1
|001010100011010100000011110111> :  0.2700126E-09  0.1000000E-03           1
|011011101001111111110001000001> :  0.3972319E-09  0.1000000E-03           1
|011011010111100000101001111010> :  0.6144890E-09  0.1000000E-03           1
|001010011010101101011001110010> :  0.1795794E-07  0.1000000E-03           1
|011011010000110010010100110010> :  0.3238835E-09  0.1000000E-03           1
|001010011010100100011111000101> :  0.2789449E-09  0.1000000E-03           1
|011011001100110010011011000111> :  0.2423333E-09  0.1000000E-03           1
|111110100001011010010001000101> :  0.2085190E-04  0.1000000E-03           1
|011011000001110110110010011011> :  0.1270825E-08  0.1000000E-03           1
|001010001000101011111110011110> :  0.8213939E-09  0.1000000E-03           1
|011011010001001010011101101001> :  0.7413078E-09  0.1000000E-03           1
|011010110000110000010111100111> :  0.1208277E-09  0.1000000E-03           1
|011010101110100100011010010111> :  0.1616232E-08  0.1000000E-03           1
|011100001101110000011100010011> :  0.1415097E-09  0.1000000E-03           1
|011100101100110111010011000001> :  0.2617898E-08  0.1000000E-03           1
|111110100101011100000101001101> :  0.4448121E-06  0.1000000E-03           1
|011101010000100010101110101111> :  0.2340928E-08  0.1000000E-03           1
|011101101100101000011010001001> :  0.7810896E-10  0.1000000E-03           1
|011110101111011111000000001010> :  0.5589486E-09  0.1000000E-03           1
|001001110100101111100101001010> :  0.8282394E-09  0.1000000E-03           1
|011111100101100010111110000101> :  0.5336127E-09  0.1000000E-03           1
|100000100110010010010111111001> :  0.1724271E-09  0.1000000E-03           1
|100001011100101011100101111010> :  0.1640903E-08  0.1000000E-03           1
|111111100101010010110001001001> :  0.4608350E-04  0.1000000E-03           1
|100001100101010101100010111010> :  0.1799547E-09  0.1000000E-03           1
|100001110111110011100111111110> :  0.3883882E-10  0.1000000E-03           1
|100010100111000010011010011001> :  0.6989113E-08  0.1000000E-03           1
|011010010001000110111100111100> :  0.1165004E-08  0.1000000E-03           1
|111100010001011111111100000010> :  0.2483391E-10  0.1000000E-03           1
|100100001110100001001101111001> :  0.1486861E-08  0.1000000E-03           1
|100100011010101101000011110010> :  0.1276944E-06  0.1000000E-03           1
|100100011111000001001111001100> :  0.1639827E-08  0.1000000E-03           1
|100100110011100010001111101100> :  0.1453511E-09  0.1000000E-03           1
|100100111011101000101110100010> :  0.8700933E-09  0.1000000E-03           1
|100101001010101010111100110110> :  0.2554835E-09  0.1000000E-03           1
|111100001111101010011001001000> :  0.2532712E-09  0.1000000E-03           1
|011010001101010110011010010010> :  0.8565583E-09  0.1000000E-03           1
|100101100101011010110001101011> :  0.1574258E-08  0.1000000E-03           1
|100101100111010111100110001010> :  0.2052514E-09  0.1000000E-03           1
|100110000110011110010011011001> :  0.3903213E-08  0.1000000E-03           1
|100110011100001110000010000100> :  0.1924017E-11  0.1000000E-03           1
|100110100110101010111001001110> :  0.3630448E-09  0.1000000E-03           1
|100110101111010010110001001001> :  0.3198228E-06  0.1000000E-03           1
|001001011110100101101010110010> :  0.1214239E-07  0.1000000E-03           1
|100110110010011100111100100110> :  0.6804156E-09  0.1000000E-03           1
|100111010001011001110001100111> :  0.6321261E-09  0.1000000E-03           1
|100111010010001100011001100110> :  0.4803200E-09  0.1000000E-03           1
|100111100011001001000011011001> :  0.7536508E-09  0.1000000E-03           1
|100111110001010010101100100010> :  0.8147339E-09  0.1000000E-03           1
|011001011110101111101000100110> :  0.2413334E-08  0.1000000E-03           1
|101000001111100111000100001001> :  0.2976508E-09  0.1000000E-03           1
|111011100101110001000001010100> :  0.5049645E-09  0.1000000E-03           1
|011001011010001101111000111100> :  0.2437738E-09  0.1000000E-03           1
|011001010011100000111100100001> :  0.1622217E-08  0.1000000E-03           1
|001001011110100011001110011010> :  0.2819377E-04  0.1000000E-03           1
|000100011010100101001110110110> :  0.5558765E-03  0.1000000E-03           1
|101001010111010001101101111011> :  0.5207771E-09  0.1000000E-03           1
|101001011010001101101100101010> :  0.1258142E-04  0.1000000E-03           1
|011001001110100001011100101011> :  0.7325355E-09  0.1000000E-03           1
|011001001011100100110100110111> :  0.7247991E-09  0.1000000E-03           1
|101001100101000011000010101001> :  0.1715394E-10  0.1000000E-03           1
|101001101101010001010001111001> :  0.1151884E-03  0.1000000E-03           1
|011001001000011101101110000011> :  0.3299596E-09  0.1000000E-03           1
|111011011011000001100000101110> :  0.6186711E-09  0.1000000E-03           1
|111011010000011001010101100000> :  0.4085686E-09  0.1000000E-03           1
|011001000000100110001110111011> :  0.4287651E-09  0.1000000E-03           1
|001001011011100101001111010010> :  0.6389714E-09  0.1000000E-03           1
|011000001110101101111001001110> :  0.9492646E-09  0.1000000E-03           1
|111010100101010010110101001101> :  0.7337135E-05  0.1000000E-03           1
|010111110100110010110111000111> :  0.1365796E-10  0.1000000E-03           1
|101001110101010001100001101010> :  0.2177925E-03  0.1000000E-03           1
|010111101101000010011100001101> :  0.4440735E-09  0.1000000E-03           1
|010111011001011101001100100101> :  0.5192506E-09  0.1000000E-03           1
|001001010010101101010111101111> :  0.1345422E-09  0.1000000E-03           1
|000100010000100101001110110011> :  0.4720369E-10  0.1000000E-03           1
|010111000000011001111000001110> :  0.3913633E-09  0.1000000E-03           1
|010110110001001101101011010101> :  0.1348163E-08  0.1000000E-03           1
|101001110111011100010001100011> :  0.2944645E-09  0.1000000E-03           1
|101010001111101001000111110010> :  0.1250994E-08  0.1000000E-03           1
|101010010001010101000101110110> :  0.1430663E-09  0.1000000E-03           1
|101010010111011100100000101100> :  0.2562883E-09  0.1000000E-03           1
|101010100111000101101011111010> :  0.4564774E-09  0.1000000E-03           1
|101011100101010011100001101001> :  0.5996559E-04  0.1000000E-03           1
|001001010010100011101110111010> :  0.1705279E-03  0.1000000E-03           1
|111001101101010001010001001001> :  0.1463266E-03  0.1000000E-03           1
|111001101000111001010111000101> :  0.1144507E-09  0.1000000E-03           1
|111001100111010001001001001011> :  0.2237411E-09  0.1000000E-03           1
|001000111010100000101110111011> :  0.2293840E-08  0.1000000E-03           1
|000100001111010101100110110010> :  0.1172629E-08  0.1000000E-03           1
|000001011010100101101010110010> :  0.1484631E-03  0.1000000E-03           1
|000000011010111001001110111010> :  0.6918610E-06  0.1000000E-03           1
|010110101000110010011110010111> :  0.1678480E-05  0.1000000E-03           1
|111001100101010010010011001001> :  0.1390455E-03  0.1000000E-03           1
|001000110101001111111000011100> :  0.3744444E-10  0.1000000E-03           1
|111001001011010001100110110010> :  0.1418155E-08  0.1000000E-03           1
|010110101000100000101110001111> :  0.1825018E-08  0.1000000E-03           1
|001000101110100111000111110111> :  0.1248165E-09  0.1000000E-03           1
|000011110100100110101110100010> :  0.5427685E-09  0.1000000E-03           1
|010110100101110010010011010101> :  0.1258142E-04  0.1000000E-03           1
|110111100001011010110001000101> :  0.1345928E-03  0.1000000E-03           1
|001000100101011001010011111001> :  0.7106863E-09  0.1000000E-03           1
|010110100000011110010011010101> :  0.4002041E-04  0.1000000E-03           1
|010110010010101110101110000110> :  0.1151884E-03  0.1000000E-03           1
|001000011110101101001110110010> :  0.4435597E-04  0.1000000E-03           1
|000011101011100010101010011110> :  0.1587640E-08  0.1000000E-03           1
|000001011010100101001110110110> :  0.2536737E-04  0.1000000E-03           1
|010110010000101110111110000110> :  0.7825378E-04  0.1000000E-03           1
|001000011101100101101110100011> :  0.4391210E-08  0.1000000E-03           1
|010110001111100100010110011100> :  0.3963848E-09  0.1000000E-03           1
|110101110101011110010001100101> :  0.6229830E-09  0.1000000E-03           1
|001000010111100010101111101110> :  0.4884326E-09  0.1000000E-03           1
|000011001111100101101010011010> :  0.2273545E-09  0.1000000E-03           1
|110101010101010101000001111110> :  0.1595500E-09  0.1000000E-03           1
|110100101100111010010111010010> :  0.2292088E-08  0.1000000E-03           1
|010110001010101110111100000110> :  0.2310764E-03  0.1000000E-03           1
|001000010011001110011110011011> :  0.7931717E-09  0.1000000E-03           1
|110100100000011111001010010111> :  0.1612439E-09  0.1000000E-03           1
|110100011111110000100000010110> :  0.3524968E-09  0.1000000E-03           1
|110100010110111111100100100110> :  0.6150668E-09  0.1000000E-03           1
|110011100001010110110010101001> :  0.1064230E-08  0.1000000E-03           1
|110100111001011000010100000111> :  0.1431452E-09  0.1000000E-03           1
|010110001010101110101110000010> :  0.2509096E-04  0.1000000E-03           1
|110101100111011111100011001000> :  0.2837978E-09  0.1000000E-03           1
|001000001100100101111110111010> :  0.1877512E-08  0.1000000E-03           1
|110110001011111010111000001101> :  0.1097930E-08  0.1000000E-03           1
|110110100000011000010101001101> :  0.6449041E-07  0.1000000E-03           1
|000010010010101101101110110110> :  0.3445628E-04  0.1000000E-03           1
|110110100000110011101000101101> :  0.2482000E-08  0.1000000E-03           1
|110010101101011010010000001001> :  0.1135117E-06  0.1000000E-03           1
|110010100101001111101000100110> :  0.1977085E-09  0.1000000E-03           1
|110001111001110101100000110111> :  0.9595724E-09  0.1000000E-03           1
|110110100101100010000001011101> :  0.1396432E-08  0.1000000E-03           1
|110110101101011100010001000101> :  0.1705279E-03  0.1000000E-03           1
|110111001101011010110001100101> :  0.9956214E-09  0.1000000E-03           1
|110111100001001010110100110010> :  0.7075629E-10  0.1000000E-03           1
|110001110111001001000011101001> :  0.6923857E-09  0.1000000E-03           1
|110111100101110110000001100001> :  0.6769134E-09  0.1000000E-03           1
|111000011111101100011000100000> :  0.4806792E-09  0.1000000E-03           1
|111000101000110010101100001101> :  0.1003384E-08  0.1000000E-03           1
|111000101110101111100100001010> :  0.1255364E-08  0.1000000E-03           1
|111001000001110010010010011001> :  0.1475889E-08  0.1000000E-03           1
|000111111000100010111100000111> :  0.3393125E-09  0.1000000E-03           1
|111001010101101101100101100100> :  0.3872827E-09  0.1000000E-03           1
|110001110101010100100010111000> :  0.1722799E-08  0.1000000E-03           1
|110001101000110111100011010101> :  0.8347986E-09  0.1000000E-03           1
|111001100101010011010001001001> :  0.2231489E-04  0.1000000E-03           1
|110001011001100010110001101000> :  0.1574307E-09  0.1000000E-03           1
|110001010111100110001011011000> :  0.1678353E-08  0.1000000E-03           1
|000111011011100101100110111110> :  0.2659339E-08  0.1000000E-03           1
|000010001110100100111101110110> :  0.1976767E-08  0.1000000E-03           1
|110001010100001011100101101010> :  0.1338748E-08  0.1000000E-03           1
|111001101101010110010101001001> :  0.2681514E-06  0.1000000E-03           1
|111001110100000010000111001011> :  0.8887568E-10  0.1000000E-03           1
|111010000000011011010001100110> :  0.8322102E-09  0.1000000E-03           1
|111010000100001111010101101001> :  0.4942023E-09  0.1000000E-03           1
|111010000111011010010011001011> :  0.1337158E-08  0.1000000E-03           1
|111010001111101010001110000010> :  0.7786577E-09  0.1000000E-03           1
|111010100001011111110000010001> :  0.1412827E-09  0.1000000E-03           1
|111010100101000110110001000101> :  0.6846008E-05  0.1000000E-03           1
|110001010001011001100101100001> :  0.4610557E-09  0.1000000E-03           1
|111010101101101110010001001001> :  0.5627232E-07  0.1000000E-03           1
|111011000010001011110100011010> :  0.1618372E-09  0.1000000E-03           1
|111011001101010010011010000001> :  0.1201101E-07  0.1000000E-03           1
|101111101001011001010101001101> :  0.2851502E-05  0.1000000E-03           1
|000110111110100101001101010110> :  0.3629653E-09  0.1000000E-03           1
|101111100111011000011001001001> :  0.1085663E-05  0.1000000E-03           1
|101110110101010100010001110101> :  0.8365176E-04  0.1000000E-03           1
|010101110001110111100100110110> :  0.1686628E-09  0.1000000E-03           1
|101110110001011110101100101001> :  0.9313094E-09  0.1000000E-03           1
|010101110000101011101110110110> :  0.6478024E-08  0.1000000E-03           1
|000110110111000111001010011001> :  0.1488004E-10  0.1000000E-03           1
|000001011010100001101110111010> :  0.6844811E-04  0.1000000E-03           1
|111011100101010011100001001001> :  0.6253133E-04  0.1000000E-03           1
|010101100000101001101110110101> :  0.1845501E-08  0.1000000E-03           1
|101110011110001011000111000011> :  0.9685375E-10  0.1000000E-03           1
|101110011010001000011111011001> :  0.6291916E-09  0.1000000E-03           1
|010101011000101011101010101010> :  0.2411832E-08  0.1000000E-03           1
|111011101101010010010001001001> :  0.1329538E-03  0.1000000E-03           1
|111011110100100001111001100100> :  0.8386348E-09  0.1000000E-03           1
|000110100101001000011011011100> :  0.4583646E-09  0.1000000E-03           1
|101110010011000001101100100110> :  0.1044847E-07  0.1000000E-03           1
|111100100001110101110001100100> :  0.4600695E-09  0.1000000E-03           1
|111100100101011011010000011001> :  0.1702879E-06  0.1000000E-03           1
|111100111001011010010001001000> :  0.1131290E-08  0.1000000E-03           1
|111110000000011100100101101110> :  0.1671458E-08  0.1000000E-03           1
|111110000011001100111100010101> :  0.4531704E-09  0.1000000E-03           1
|111110011010001111000100001011> :  0.4592199E-09  0.1000000E-03           1
|101110010010001100110101011010> :  0.2957500E-09  0.1000000E-03           1
|010101010000001110110100001101> :  0.2467225E-09  0.1000000E-03           1
|111110100001011010110001000101> :  0.1224943E-04  0.1000000E-03           1
|101101110100011001001000001110> :  0.1100441E-09  0.1000000E-03           1
|111110100001011100010001000101> :  0.6603115E-04  0.1000000E-03           1
|101101101101010001010001001101> :  0.1659912E-03  0.1000000E-03           1
|111110100011011011101000000001> :  0.4619155E-09  0.1000000E-03           1
|111110100101010010010001000101> :  0.1651295E-04  0.1000000E-03           1
|010100111010100000011110100101> :  0.1115923E-09  0.1000000E-03           1
|000110100000001110111101000110> :  0.3607433E-09  0.1000000E-03           1
|101101100111000010001111101001> :  0.9297507E-10  0.1000000E-03           1
|101100110101101001101101101100> :  0.1531744E-09  0.1000000E-03           1
|111110100101011000010101001101> :  0.2322658E-04  0.1000000E-03           1
|010100100110100101000111010111> :  0.2381926E-08  0.1000000E-03           1
|111110100101011010010001000101> :  0.1881504E-03  0.1000000E-03           1
|101100100011011111100101100000> :  0.5255255E-09  0.1000000E-03           1
|101100010100000010011100111011> :  0.1031936E-09  0.1000000E-03           1
|010100011110100000111000011110> :  0.4258858E-09  0.1000000E-03           1
|111110100101011110010001000101> :  0.6844811E-04  0.1000000E-03           1
|111110100101111011010001001001> :  0.4489440E-05  0.1000000E-03           1
|000110011011011110010100010001> :  0.7985262E-10  0.1000000E-03           1
|101100001111110110010100000111> :  0.4990182E-09  0.1000000E-03           1
|111110101101011100010001000001> :  0.1401098E-04  0.1000000E-03           1
|101011110101011100111000110100> :  0.1135679E-08  0.1000000E-03           1
|010100010010101101101110111110> :  0.4585682E-05  0.1000000E-03           1
|101011110101000000011001110101> :  0.6752644E-09  0.1000000E-03           1
|111111100001011010010001001001> :  0.2271194E-03  0.1000000E-03           1
|010100000110110010010110010101> :  0.1260881E-09  0.1000000E-03           1
|111111100101000010010001000001> :  0.1159660E-04  0.1000000E-03           1
|111111100101010010000011001001> :  0.1928283E-04  0.1000000E-03           1
|000001011110100100011110100110> :  0.2281175E-07  0.1000000E-03           1
|111111100101010010010011001001> :  0.6811690E-04  0.1000000E-03           1
|000001010010100111101110111010> :  0.8501511E-04  0.1000000E-03           1
|111111100101011000010001001001> :  0.6528880E-04  0.1000000E-03           1
|000000011010101101101100110110> :  0.6811690E-04  0.1000000E-03           1
|000000011000101101001110111110> :  0.4405908E-06  0.1000000E-03           1
|111111111101010000000011101010> :  0.4623183E-09  0.1000000E-03           1
|000000010010101101101111110110> :  0.4299754E-04  0.1000000E-03           1
