# state, exact probability, frequency, count:
#------------------------------------------------------------------
|1000100101000111101101011110100101> :  0.3104663E-01  0.3160000E-01         316
|0111011010111000010010100001011010> :  0.3104663E-01  0.3160000E-01         316
|0101000011011101111100000001101001> :  0.2993010E-01  0.3140000E-01         314
|1010111100100010000011111110010110> :  0.2993010E-01  0.2840000E-01         284
|1000100101000110100101011100110101> :  0.2830268E-01  0.2700000E-01         270
|1100100101000101101101011110100101> :  0.2588580E-01  0.2670000E-01         267
|0111011010111001011010100011001010> :  0.2830268E-01  0.2660000E-01         266
|0111010010011101011110100011001001> :  0.2282411E-01  0.2510000E-01         251
|0011011010111010010010100001011010> :  0.2588580E-01  0.2490000E-01         249
|1000101101100010100001011100110110> :  0.2282411E-01  0.2470000E-01         247
|0101100011010101101101000001101001> :  0.2257758E-01  0.2370000E-01         237
|1010101100100010100001011100110110> :  0.2163021E-01  0.2170000E-01         217
|0100100011010101101101000001101101> :  0.2144809E-01  0.2080000E-01         208
|0101010011011101011110100011001001> :  0.2163021E-01  0.2000000E-01         200
|1010011100101010010010111110010110> :  0.2257758E-01  0.1980000E-01         198
|1011011100101010010010111110010010> :  0.2144809E-01  0.1830000E-01         183
|0101100011011101101100000001101001> :  0.1695625E-01  0.1760000E-01         176
|0101011011111001011010100011001010> :  0.1633447E-01  0.1670000E-01         167
|1010100100000110100101011100110101> :  0.1633447E-01  0.1550000E-01         155
|1010011100100010010011111110010110> :  0.1695625E-01  0.1450000E-01         145
|1010101100100010100011111110010110> :  0.1252289E-01  0.1300000E-01         130
|1011011100101010010010101110011010> :  0.1154410E-01  0.1270000E-01         127
|0101010011011101011100000001101001> :  0.1252289E-01  0.1230000E-01         123
|0100100011010101101101010001100101> :  0.1154410E-01  0.1190000E-01         119
|0000011101111001011011100011001010> :  0.8067095E-02  0.9300000E-02          93
|1100101011100001100001011001110110> :  0.8898176E-02  0.9000000E-02          90
|1111101010101010100000011100110010> :  0.5927267E-02  0.8900000E-02          89
|0011010100011110011110100110001001> :  0.8898176E-02  0.8900000E-02          89
|0000011101110001011011100011001110> :  0.7864195E-02  0.8500000E-02          85
|0011010100001110011110101110001001> :  0.7888447E-02  0.8100000E-02          81
|0000010101011101011111100011001001> :  0.8330581E-02  0.8000000E-02          80
|1111101010100010100000011100110110> :  0.8330581E-02  0.7900000E-02          79
|1111100010000110100100011100110101> :  0.8067095E-02  0.7200000E-02          72
|1100101011110001100001010001110110> :  0.7888447E-02  0.6800000E-02          68
|1111100010001110100100011100110001> :  0.7864195E-02  0.6400000E-02          64
|0011010100011110011110100011001001> :  0.5165363E-02  0.6300000E-02          63
|0000010101010101011111100011001101> :  0.5927267E-02  0.6100000E-02          61
|1100101011100001100001011100110110> :  0.5165363E-02  0.5900000E-02          59
|0111000010011100111100100001111001> :  0.3544687E-02  0.4900000E-02          49
|1000111101100010000011011110010110> :  0.3726458E-02  0.4600000E-02          46
|1000111101100011000011011110000110> :  0.3544687E-02  0.4300000E-02          43
|0111010010011100011100100001111001> :  0.3431773E-02  0.4200000E-02          42
|1110101010100010100001011100110110> :  0.3639666E-02  0.3900000E-02          39
|1000101101100011100011011110000110> :  0.3431773E-02  0.3900000E-02          39
|0001011101111001011010100011001010> :  0.2159299E-02  0.3300000E-02          33
|1000100100000111101101111110000101> :  0.2205819E-02  0.3200000E-02          32
|0011010100011101011110100011001001> :  0.2739298E-02  0.3200000E-02          32
|1100101011100010100001011100110110> :  0.2739298E-02  0.3000000E-02          30
|1000101101100010100011011110010110> :  0.3036418E-02  0.2900000E-02          29
|1000100101000111101101101110000101> :  0.2760711E-02  0.2900000E-02          29
|1100100011000101100101011100110101> :  0.1897826E-02  0.2800000E-02          28
|1011011010101010010010111100010010> :  0.2472403E-02  0.2800000E-02          28
|0111010010011101011100100001101001> :  0.3036418E-02  0.2700000E-02          27
|0001010101011101011110100011001001> :  0.3639666E-02  0.2700000E-02          27
|0111011010111000010010010001111010> :  0.2760711E-02  0.2600000E-02          26
|1100101101100001100001011100110110> :  0.2279605E-02  0.2500000E-02          25
|0111011011111000010010000001111010> :  0.2205819E-02  0.2400000E-02          24
|0100101011110001011011100011001110> :  0.1991979E-02  0.2400000E-02          24
|1110100010000110100101011100110101> :  0.2159299E-02  0.2400000E-02          24
|0111000010011101111100100001101001> :  0.3726458E-02  0.2400000E-02          24
|0100100101010101101101000011101101> :  0.2472403E-02  0.2300000E-02          23
|0111010011011100011100000001111001> :  0.2010261E-02  0.2300000E-02          23
|0101101011111001100000000001111010> :  0.1458810E-02  0.2300000E-02          23
|1011011010111010010010010001110010> :  0.1931863E-02  0.2300000E-02          23
|1100011011110001010011010001110110> :  0.1754147E-02  0.2200000E-02          22
|1000111100100011000011111110000110> :  0.2048366E-02  0.2100000E-02          21
|0100100101000101101101101110001101> :  0.1931863E-02  0.2100000E-02          21
|0100100101000101101101001110101101> :  0.1830086E-02  0.2100000E-02          21
|0011011010111010010010010001111010> :  0.2280460E-02  0.2000000E-02          20
|0011100100001110101100101110001001> :  0.1754147E-02  0.2000000E-02          20
|1100100101000101101101101110000101> :  0.2280460E-02  0.1900000E-02          19
|1010010100000110011111111110000101> :  0.1458810E-02  0.1900000E-02          19
|0111100010001110101100011100111001> :  0.1407301E-02  0.1900000E-02          19
|0000010101000111011111101110001101> :  0.1120722E-02  0.1900000E-02          19
|1011011010101010010010011100110010> :  0.1373578E-02  0.1900000E-02          19
|0111000011011100111100000001111001> :  0.2048366E-02  0.1800000E-02          18
|0011010010011110011110100011001001> :  0.2279605E-02  0.1800000E-02          18
|0111000010011101111100010001101001> :  0.1648345E-02  0.1800000E-02          18
|1000110100000111001111111110000101> :  0.1004709E-02  0.1800000E-02          18
|0101001011111001011010100011001010> :  0.1758430E-02  0.1800000E-02          18
|0111000010011100111100010001111001> :  0.1398857E-02  0.1800000E-02          18
|0011011100111010010010100110011010> :  0.1728017E-02  0.1700000E-02          17
|0101101011110001101001000001101010> :  0.1165344E-02  0.1700000E-02          17
|0011011100111010011010100011001010> :  0.1897826E-02  0.1700000E-02          17
|1011011100101010010010011100110010> :  0.1196288E-02  0.1700000E-02          17
|0111100000001110101100101110001001> :  0.1493774E-02  0.1600000E-02          16
|0101101011110001011011100011001010> :  0.1366834E-02  0.1500000E-02          15
|1000111101100010000011101110010110> :  0.1648345E-02  0.1500000E-02          15
|0111001010111000110000010001111010> :  0.8120635E-03  0.1500000E-02          15
|0111101011111000100000000001111010> :  0.1243087E-02  0.1500000E-02          15
|0100101011110001101011100011001110> :  0.1634551E-02  0.1500000E-02          15
|1010010100001110010100011100110101> :  0.1161985E-02  0.1500000E-02          15
|0111001011111000110000000001111010> :  0.1004709E-02  0.1500000E-02          15
|1011010100001110010100011100110001> :  0.1634551E-02  0.1500000E-02          15
|1010100100000110101101111110000101> :  0.1068313E-02  0.1500000E-02          15
|1000010101000111011111101110000101> :  0.1281197E-02  0.1400000E-02          14
|0011010010011110011100100001111001> :  0.1374654E-02  0.1400000E-02          14
|1000111101100011000011101110000110> :  0.1398857E-02  0.1400000E-02          14
|1000010100000111011111111110000101> :  0.1243087E-02  0.1400000E-02          14
|1000110101000111101101011110100101> :  0.1354666E-02  0.1400000E-02          14
|1100101101100001100011011110000110> :  0.1374654E-02  0.1400000E-02          14
|1000101100100011100011111110000110> :  0.2010261E-02  0.1300000E-02          13
|1011011010111010010010110001010010> :  0.1830086E-02  0.1300000E-02          13
|0100100101010101101101100011001101> :  0.1373578E-02  0.1300000E-02          13
|1000111100100010000011111110010110> :  0.1164219E-02  0.1300000E-02          13
|0111101010111000100000010001111010> :  0.1281197E-02  0.1300000E-02          13
|0111010010011100011110100001011001> :  0.1039177E-02  0.1300000E-02          13
|0100100011010101101101100011001101> :  0.1196288E-02  0.1300000E-02          13
|1100100011000101101101011001100101> :  0.1728017E-02  0.1300000E-02          13
|1000011111110001010011010001110110> :  0.1493774E-02  0.1300000E-02          13
|1000011100110001010011110011000110> :  0.1024828E-02  0.1300000E-02          13
|1010010100001110010110111110010101> :  0.1165344E-02  0.1300000E-02          13
|0000100101000111101101101110001101> :  0.1291879E-02  0.1300000E-02          13
|1000110101000111001111101110000101> :  0.8120635E-03  0.1300000E-02          13
|1100101011110001010011010001110110> :  0.1194429E-02  0.1300000E-02          13
|1000011101110001010011100011000110> :  0.1407301E-02  0.1200000E-02          12
|1111101010101010100010101100011010> :  0.9078685E-03  0.1200000E-02          12
|1111101010101010100010111100010010> :  0.1134741E-02  0.1200000E-02          12
|1010010100001110011110111110000101> :  0.1419231E-02  0.1200000E-02          12
|1010110100000110100101011100110101> :  0.1758430E-02  0.1200000E-02          12
|1000011101100010010011101110010110> :  0.6792642E-03  0.1200000E-02          12
|1000101101100010100011101110010110> :  0.1001455E-02  0.1100000E-02          11
|1100101101100010100001011100110110> :  0.8297265E-03  0.1100000E-02          11
|0111000011011101111100000001101001> :  0.1164219E-02  0.1100000E-02          11
|1100101100100001100011111110000110> :  0.6836614E-03  0.1100000E-02          11
|0000100101000111101101001110101101> :  0.8932975E-03  0.1100000E-02          11
|0100100011010101111101000001101101> :  0.8135861E-03  0.1100000E-02          11
|0101011011111001010010000001111010> :  0.1068313E-02  0.1100000E-02          11
|0100100011010101101101000011101101> :  0.7746255E-03  0.1100000E-02          11
|1100100011000101101101011100100101> :  0.1029635E-02  0.1100000E-02          11
|1100100011000110100101011100110101> :  0.1043890E-02  0.1100000E-02          11
|0111100000001101101100101110001001> :  0.8475456E-03  0.1100000E-02          11
|1111011010111000010010010001110010> :  0.1291879E-02  0.1100000E-02          11
|0111100010001110101100101100111001> :  0.9950338E-03  0.1100000E-02          11
|1000101100100010100011111110010110> :  0.7927159E-03  0.1000000E-02          10
|1110101100100010100001011100110110> :  0.6042978E-03  0.1000000E-02          10
|1111011010111000010010110001010010> :  0.8932975E-03  0.1000000E-02          10
|0100101011110001100001000001111110> :  0.9052723E-03  0.1000000E-02          10
|1000011101100001010011100111000110> :  0.7045793E-03  0.1000000E-02          10
|1100100101000101101101001110100101> :  0.6810341E-03  0.1000000E-02          10
|0000010101010101011101010011100101> :  0.9078685E-03  0.1000000E-02          10
|0101001011111001110000000001111010> :  0.8194691E-03  0.1000000E-02          10
|1010010100001110100100011100110101> :  0.1366834E-02  0.1000000E-02          10
|0111001010111001011010100011001010> :  0.7281602E-03  0.1000000E-02          10
|0011011010111010010010110001011010> :  0.6810341E-03  0.1000000E-02          10
|0111001010111000010010100001011010> :  0.1354666E-02  0.1000000E-02          10
|1111101010111000100000010001110010> :  0.1120722E-02  0.1000000E-02          10
|0011010010011101011110100011001001> :  0.8297265E-03  0.1000000E-02          10
|1000011111110010010011010001110110> :  0.8475456E-03  0.9000000E-03           9
|1010110100000110001111111110000101> :  0.8194691E-03  0.9000000E-03           9
|1011010010001110100100011100110001> :  0.8313578E-03  0.9000000E-03           9
|1000011100100001010011110111000110> :  0.5679855E-03  0.9000000E-03           9
|1010100100000110100101111110010101> :  0.4819661E-03  0.9000000E-03           9
|0101011011111001010010100001011010> :  0.7715228E-03  0.9000000E-03           9
|0000010101010101011101000011101101> :  0.1134741E-02  0.9000000E-03           9
|0000111101100011001011101110001110> :  0.3778982E-03  0.9000000E-03           9
|0101101011110001100001000001111010> :  0.1419231E-02  0.9000000E-03           9
|0011011011111010010010000001111010> :  0.5790698E-03  0.9000000E-03           9
|0000010101010101011111010011000101> :  0.6569250E-03  0.9000000E-03           9
|0111010010011100011100010001111001> :  0.1020796E-02  0.8000000E-03           8
|1000011101110001010011010011000110> :  0.9950338E-03  0.8000000E-03           8
|0101011011111001011011100011001010> :  0.7848695E-03  0.8000000E-03           8
|1111100010010100100100010001110101> :  0.4445627E-03  0.8000000E-03           8
|1100100011000101100101011001110101> :  0.1042706E-02  0.8000000E-03           8
|0011011100111001011010100011001010> :  0.1043890E-02  0.8000000E-03           8
|0111101010111000100000100001111010> :  0.7464487E-03  0.8000000E-03           8
|1111001010111000110000010001110010> :  0.4488068E-03  0.8000000E-03           8
|1111101010101010100000101100111010> :  0.6569250E-03  0.8000000E-03           8
|1011010100001110100100011100110001> :  0.1991979E-02  0.8000000E-03           8
|1000110101000110100101011100110101> :  0.7281602E-03  0.8000000E-03           8
|1011011100101010010010101110001010> :  0.4188213E-03  0.8000000E-03           8
|0101101011110001101011100011001010> :  0.1161985E-02  0.8000000E-03           8
|1000011100100011010011111110000110> :  0.3930727E-03  0.8000000E-03           8
|1100101101100001100001011110100110> :  0.9380921E-03  0.8000000E-03           8
|0111010010011101011100010001101001> :  0.1001455E-02  0.8000000E-03           8
|1011011100101010010010111100010010> :  0.7746255E-03  0.7000000E-03           7
|1111101000101010100010111110010010> :  0.5447216E-03  0.7000000E-03           7
|1010111100100010000010111110010110> :  0.5267688E-03  0.7000000E-03           7
|0100101011110001101001000001101110> :  0.7778938E-03  0.7000000E-03           7
|1000011101100010010011011110010110> :  0.8163409E-03  0.7000000E-03           7
|1010011110110010010011110001010110> :  0.5864362E-03  0.7000000E-03           7
|1011011100101010000010101110011010> :  0.4277612E-03  0.7000000E-03           7
|0111010011011101011100000001101001> :  0.7927159E-03  0.7000000E-03           7
|0101010011011101011100100001101001> :  0.4006925E-03  0.7000000E-03           7
|0011011100101010011010101110001010> :  0.4020416E-03  0.7000000E-03           7
|0111100010011110101100101000111001> :  0.5389191E-03  0.7000000E-03           7
|0111100010011101101100010001101001> :  0.6792642E-03  0.7000000E-03           7
|0111100010011110101100011000111001> :  0.7045793E-03  0.7000000E-03           7
|0101100001001101101100001110101001> :  0.5864362E-03  0.7000000E-03           7
|1110100100000110100101011100110101> :  0.5295358E-03  0.7000000E-03           7
|0011011100111010010010100011011010> :  0.1029635E-02  0.7000000E-03           7
|0100100010010101101101010001100101> :  0.4905136E-03  0.7000000E-03           7
|1010011110110010010011010001110110> :  0.8310900E-03  0.7000000E-03           7
|0000010101001111011111101110001001> :  0.5410302E-03  0.7000000E-03           7
|1011010010011110010100010001110001> :  0.5387147E-03  0.6000000E-03           6
|1011010100001110011110111110000001> :  0.9052723E-03  0.6000000E-03           6
|0111100011011110101100001000111001> :  0.5679855E-03  0.6000000E-03           6
|1011100100001110100100011100110001> :  0.4649291E-03  0.6000000E-03           6
|1010011100101010010010011100110110> :  0.7171829E-03  0.6000000E-03           6
|1010100100000110101101011110100101> :  0.7715228E-03  0.6000000E-03           6
|1100100100000101101101111110000101> :  0.5790698E-03  0.6000000E-03           6
|0101100001001101101100101110001001> :  0.8310900E-03  0.6000000E-03           6
|0101100011001101101100001100101001> :  0.4786812E-03  0.6000000E-03           6
|0011011100111010011010100110001010> :  0.1042706E-02  0.6000000E-03           6
|0101100011010101101101100011001001> :  0.7171829E-03  0.6000000E-03           6
|1000011101100011010011011110000110> :  0.7603331E-03  0.6000000E-03           6
|1111101010100000100000011001110110> :  0.5914235E-03  0.6000000E-03           6
|1011011101101010010010101110011010> :  0.4905136E-03  0.6000000E-03           6
|0001010011011101011110100011001001> :  0.6042978E-03  0.6000000E-03           6
|1000111101100010000011011100110110> :  0.3437977E-03  0.6000000E-03           6
|1011010010001110010100011100110001> :  0.5516719E-03  0.5000000E-03           5
|0011010100001110101100101110001001> :  0.1194429E-02  0.5000000E-03           5
|1000101101100011100011101110000110> :  0.1020796E-02  0.5000000E-03           5
|1000110101000111001111011110000101> :  0.5882356E-03  0.5000000E-03           5
|0100101101100001101011101110001110> :  0.5387147E-03  0.5000000E-03           5
|0000011101111011011011100110001010> :  0.3250967E-03  0.5000000E-03           5
|1100100011010101100101010001110101> :  0.4020416E-03  0.5000000E-03           5
|1000010101000111011111011110000101> :  0.7464487E-03  0.5000000E-03           5
|0101100001000101101101101110001001> :  0.4135484E-03  0.5000000E-03           5
|0111100010011101101100100001101001> :  0.8163409E-03  0.5000000E-03           5
|0111100010011100101100100001111001> :  0.7603331E-03  0.5000000E-03           5
|0101000011011101111101000001101001> :  0.5267688E-03  0.5000000E-03           5
|1010010100000110010111111110010101> :  0.7656080E-03  0.5000000E-03           5
|0000010101011111011111100110001001> :  0.5914235E-03  0.5000000E-03           5
|0100101101110001011011100011001110> :  0.8313578E-03  0.5000000E-03           5
|0111010010011101011110100001001001> :  0.2962771E-03  0.5000000E-03           5
|0101101011111001101010100011001010> :  0.4609677E-03  0.5000000E-03           5
|1011011100101010010010111110000010> :  0.3147863E-03  0.5000000E-03           5
|0000011101110001011011100011000110> :  0.1688890E-03  0.5000000E-03           5
|1111101010110000100000010001110110> :  0.5410302E-03  0.5000000E-03           5
|0011010100001110101100101100111001> :  0.1147817E-03  0.5000000E-03           5
|1101101001101001100010101110001010> :  0.2868452E-03  0.5000000E-03           5
|1000111101100011001011101110000110> :  0.1791672E-03  0.4000000E-03           4
|0001011101101011011010101110001010> :  0.1070761E-03  0.4000000E-03           4
|1010101100100010100011111110000110> :  0.2170016E-03  0.4000000E-03           4
|1000101101100011100001011110100110> :  0.1039177E-02  0.4000000E-03           4
|1011100010001110100100011100110001> :  0.9425929E-04  0.4000000E-03           4
|0111100011011100101100000001111001> :  0.3930727E-03  0.4000000E-03           4
|0100100100010101101101110011000101> :  0.9348296E-04  0.4000000E-03           4
|0100100011010101111101010001100101> :  0.4277612E-03  0.4000000E-03           4
|0101010011011101011101000001101001> :  0.4393583E-03  0.4000000E-03           4
|1100100101000110100101011100110101> :  0.2772219E-03  0.4000000E-03           4
|0000010111010101011101000001101101> :  0.5447216E-03  0.4000000E-03           4
|0101011011110001011011100011001010> :  0.1762869E-03  0.4000000E-03           4
|0011010010011110011110100001011001> :  0.9380921E-03  0.4000000E-03           4
|0101100001000101101101001110101001> :  0.6149969E-03  0.4000000E-03           4
|0011011010111010011010100011001010> :  0.4956207E-03  0.4000000E-03           4
|0101000011011101111100100001101001> :  0.2555040E-03  0.4000000E-03           4
|0111100010011100101100010001110001> :  0.1709063E-03  0.4000000E-03           4
|0101001011111001111000000001101010> :  0.2271737E-03  0.4000000E-03           4
|0111011010111000010010100001111010> :  0.3484194E-03  0.4000000E-03           4
|1010110100000110000111111110010101> :  0.2271737E-03  0.4000000E-03           4
|0101100011010101101101001001101001> :  0.5095608E-03  0.4000000E-03           4
|1000100101000111101101011110000101> :  0.3484194E-03  0.4000000E-03           4
|0100010011010101011101000001101101> :  0.4121016E-03  0.4000000E-03           4
|0000011101110001011011010011000110> :  0.2454753E-03  0.4000000E-03           4
|0101100011011101101100001001101001> :  0.6006546E-03  0.4000000E-03           4
|0000101101100011101011101110001110> :  0.5570268E-03  0.4000000E-03           4
|1010011100101010000010111110010110> :  0.1718928E-03  0.4000000E-03           4
|1000011101100001010011010111000110> :  0.5389191E-03  0.4000000E-03           4
|0000010111010110011101010001110101> :  0.3471775E-03  0.4000000E-03           4
|0000010111010101011101010001100101> :  0.2908194E-03  0.4000000E-03           4
|0010010110010110011101010001110101> :  0.2868452E-03  0.4000000E-03           4
|1011011100101010000010111110010010> :  0.8135861E-03  0.4000000E-03           4
|1111101010101000100000011001110010> :  0.4101639E-03  0.4000000E-03           4
|1010101100100010100000011100110110> :  0.3171271E-03  0.4000000E-03           4
|1100101011110001100011010001110110> :  0.2280462E-03  0.4000000E-03           4
|1111101011101010100000001100111010> :  0.3266867E-03  0.4000000E-03           4
|1011010100001110010110111110010001> :  0.7778938E-03  0.4000000E-03           4
|1000011100100010010011111110010110> :  0.3368381E-03  0.4000000E-03           4
|1010011110111010010010010001110110> :  0.4135484E-03  0.3000000E-03           3
|0000010100010101011111110011000101> :  0.3266867E-03  0.3000000E-03           3
|1111101011101010100000011100110010> :  0.1139238E-03  0.3000000E-03           3
|1101101001100001100011101110001010> :  0.2105436E-03  0.3000000E-03           3
|1011011100101010010010100110011010> :  0.1905425E-03  0.3000000E-03           3
|1111100010011100100100010001110001> :  0.4432494E-03  0.3000000E-03           3
|1111101000101001100010101110001010> :  0.3471775E-03  0.3000000E-03           3
|1100101000100001100011111110000110> :  0.8017194E-04  0.3000000E-03           3
|0101100011010101101101000011101001> :  0.2488934E-03  0.3000000E-03           3
|0011010011011110011100000001111001> :  0.6836614E-03  0.3000000E-03           3
|1010011100101010010010111100010110> :  0.2488934E-03  0.3000000E-03           3
|0111101000101001101010101110001010> :  0.1575033E-03  0.3000000E-03           3
|0101100011010101111101000001101001> :  0.1718928E-03  0.3000000E-03           3
|0111001010111100110000010001111010> :  0.2015717E-04  0.3000000E-03           3
|0111011010111001011010100011001000> :  0.1277688E-03  0.3000000E-03           3
|0101011011111001011010000001101010> :  0.4819661E-03  0.3000000E-03           3
|0111100010011100101100010001111001> :  0.3367622E-03  0.3000000E-03           3
|1000010101000111011101011110100101> :  0.2529686E-03  0.3000000E-03           3
|0000110101000111001111101110001101> :  0.4488068E-03  0.3000000E-03           3
|1010100100000110100100011100110101> :  0.7848695E-03  0.3000000E-03           3
|0011010010011110011100010001111001> :  0.2482589E-03  0.3000000E-03           3
|0111011011111000010010100001011010> :  0.2701936E-03  0.3000000E-03           3
|1100100101000101100101011100110101> :  0.4956207E-03  0.3000000E-03           3
|0111100011001110101100001100111001> :  0.1024828E-02  0.3000000E-03           3
|0101100011010101101101000001111001> :  0.1608687E-03  0.3000000E-03           3
|0111101010111000100010100001011010> :  0.2529686E-03  0.3000000E-03           3
|0111001010111000010010010001111010> :  0.9623966E-04  0.3000000E-03           3
|0111100011011101101100000001101001> :  0.3368381E-03  0.3000000E-03           3
|1010011100100010010011110111010110> :  0.4573438E-04  0.3000000E-03           3
|1010011100100010010011110110010110> :  0.6006546E-03  0.3000000E-03           3
|1010011100101010010010110110010110> :  0.5095608E-03  0.3000000E-03           3
|0010010110011110011100010001110101> :  0.2105436E-03  0.3000000E-03           3
|1111010010011100010100010001110001> :  0.5570268E-03  0.3000000E-03           3
|1100101111110001100001010001110110> :  0.9152498E-04  0.3000000E-03           3
|1000101101100011100001011100110110> :  0.1391961E-03  0.3000000E-03           3
|1100101101100001100011011111000110> :  0.1535820E-03  0.3000000E-03           3
|1111100010001100100100011001110001> :  0.1682955E-03  0.3000000E-03           3
|1010101100100010100011011110010110> :  0.4006925E-03  0.3000000E-03           3
|1100101101100001100011101110000110> :  0.2482589E-03  0.3000000E-03           3
|1011011010111010010010100001011010> :  0.2344693E-03  0.3000000E-03           3
|0000011101101011011011101110001010> :  0.4445627E-03  0.3000000E-03           3
|0100010011010101011101010001100101> :  0.2124966E-03  0.3000000E-03           3
|1111101010101010100010011100110010> :  0.1037847E-03  0.3000000E-03           3
|1110101010100000100001011001110110> :  0.1881569E-03  0.2000000E-03           2
|1010011100110010010011110011010110> :  0.4786812E-03  0.2000000E-03           2
|1111000010011100110100010001110001> :  0.3778982E-03  0.2000000E-03           2
|0011010100001010011110101110001001> :  0.1083561E-03  0.2000000E-03           2
|1111101000101010100010101110011010> :  0.2908194E-03  0.2000000E-03           2
|0100101101110001101011100011001110> :  0.5516719E-03  0.2000000E-03           2
|1100101100110001100011110011000110> :  0.2180181E-04  0.2000000E-03           2
|1111101010100010100010111100010110> :  0.2960646E-03  0.2000000E-03           2
|0000011101100011011011101110001110> :  0.4432494E-03  0.2000000E-03           2
|0111010000011101011110100011001001> :  0.1500965E-03  0.2000000E-03           2
|1010100100000110100101011100110111> :  0.1281552E-03  0.2000000E-03           2
|1011011100111010010010110011010010> :  0.9917587E-04  0.2000000E-03           2
|1010011100111010010010110011010110> :  0.3998166E-03  0.2000000E-03           2
|0111000010011100110100010001111001> :  0.1791672E-03  0.2000000E-03           2
|1010110100000110100101111110010101> :  0.4820432E-04  0.2000000E-03           2
|0111000010011101111100100011001001> :  0.3437977E-03  0.2000000E-03           2
|1000100101000110100101001100110101> :  0.1961993E-03  0.2000000E-03           2
|1100100101000101101101011110000101> :  0.1377877E-03  0.2000000E-03           2
|1100100101000101100101011110100101> :  0.1305147E-03  0.2000000E-03           2
|0111010010011100011100010001110001> :  0.1587444E-03  0.2000000E-03           2
|0101010011011001011110100011001001> :  0.1301452E-03  0.2000000E-03           2
|1000100101100010100001011100110100> :  0.2001477E-04  0.2000000E-03           2
|1010010110011110010100010001110101> :  0.1113535E-03  0.2000000E-03           2
|0011011010011110010110100001011011> :  0.9645719E-05  0.2000000E-03           2
|0101100001010101101101000011101001> :  0.5477278E-05  0.2000000E-03           2
|1110100010000100100101011001110101> :  0.1453954E-03  0.2000000E-03           2
|1100010011010101010101010001110101> :  0.2805634E-04  0.2000000E-03           2
|0111011010111000010010110001011010> :  0.2541728E-03  0.2000000E-03           2
|0011011010111010011010100001011010> :  0.1305147E-03  0.2000000E-03           2
|1100100011010101101101010001100101> :  0.1546373E-03  0.2000000E-03           2
|1010100100000110100101011110110101> :  0.1473945E-03  0.2000000E-03           2
|0010100100000110101101101110001101> :  0.7901526E-04  0.2000000E-03           2
|0101100011000101101101001100101001> :  0.3998166E-03  0.2000000E-03           2
|0001011011111001011010100011001010> :  0.5295358E-03  0.2000000E-03           2
|0111010011011100010100000001111001> :  0.4810215E-04  0.2000000E-03           2
|0101011011111001011010100001001010> :  0.1473945E-03  0.2000000E-03           2
|1000010111010110010101010001110101> :  0.1575033E-03  0.2000000E-03           2
|0100100011010101101101100001101101> :  0.5315922E-04  0.2000000E-03           2
|0100100011010101101101000001111101> :  0.3147863E-03  0.2000000E-03           2
|1000100101000111101101001110100101> :  0.2541728E-03  0.2000000E-03           2
|0100100011000101101101001100101101> :  0.9917587E-04  0.2000000E-03           2
|0000010111011101011101000001101001> :  0.1311661E-03  0.2000000E-03           2
|1000100111000111101101011100010101> :  0.3052375E-05  0.2000000E-03           2
|0101100011010101101100000001101001> :  0.2157409E-04  0.2000000E-03           2
|0000010101010111011111100110001101> :  0.4101639E-03  0.2000000E-03           2
|0000010101010101011111000011001101> :  0.1251662E-03  0.2000000E-03           2
|0111010010011101011110110011001001> :  0.2259332E-03  0.2000000E-03           2
|0111000010011101011110100011001001> :  0.1030081E-03  0.2000000E-03           2
|0101010011011101011100000001111001> :  0.2170016E-03  0.2000000E-03           2
|0011010110011110011100010001111001> :  0.1140958E-03  0.2000000E-03           2
|1010111100100010000011111110010100> :  0.1910069E-04  0.2000000E-03           2
|0000011100110001011011110011000110> :  0.2629513E-03  0.2000000E-03           2
|0010010100010110011111100110001101> :  0.8997062E-05  0.2000000E-03           2
|0000010100010101011111100011001101> :  0.1139238E-03  0.2000000E-03           2
|0111100011011100101100001001111001> :  0.7142199E-04  0.2000000E-03           2
|0101101001101001101010101110001010> :  0.1593207E-03  0.2000000E-03           2
|0101010011011101011110100001001001> :  0.1099042E-03  0.2000000E-03           2
|0111001010111000110000100001111010> :  0.5882356E-03  0.2000000E-03           2
|0001010101011111011110100110001001> :  0.1881569E-03  0.2000000E-03           2
|0111100010011101101100010001100001> :  0.4702467E-04  0.2000000E-03           2
|0000100111010110101101010001110101> :  0.4945426E-04  0.2000000E-03           2
|0000111101110001011011100011001110> :  0.2544556E-04  0.2000000E-03           2
|0101101011111001101000000001101010> :  0.7656080E-03  0.2000000E-03           2
|0101010011011101111100000001101001> :  0.6183540E-04  0.2000000E-03           2
|0100100101010101101101010011100101> :  0.1921116E-03  0.2000000E-03           2
|0101010011011101011111100011001001> :  0.3171271E-03  0.2000000E-03           2
|0000010101011101011101000011101001> :  0.2960646E-03  0.2000000E-03           2
|1010011100101010010010011110010110> :  0.1067548E-03  0.2000000E-03           2
|0100100011010101101101010011100101> :  0.1742810E-03  0.2000000E-03           2
|0100100011010101101101010001110101> :  0.4188213E-03  0.2000000E-03           2
|1111100011001110100100001100111001> :  0.2629513E-03  0.2000000E-03           2
|1111100010001110100100101100111001> :  0.2454753E-03  0.2000000E-03           2
|0011010010001110011100011100111001> :  0.5041580E-04  0.2000000E-03           2
|0110100010010100101101010001110101> :  0.5473011E-04  0.2000000E-03           2
|1101011011111001010010010001110010> :  0.7901526E-04  0.2000000E-03           2
|0011010010001110011100101100111001> :  0.3524936E-04  0.2000000E-03           2
|0101010001011101011110100011001001> :  0.2008724E-03  0.2000000E-03           2
|1011011100101110010000011100110010> :  0.8595734E-05  0.2000000E-03           2
|1111101000100001100010111110000110> :  0.2933333E-04  0.2000000E-03           2
|1011011100101010010010111110010011> :  0.1931031E-04  0.2000000E-03           2
|0011010100001110011100101110001001> :  0.2280462E-03  0.2000000E-03           2
|0111010010011100011110100011001001> :  0.1391961E-03  0.2000000E-03           2
|1000101101100010100011011100110110> :  0.2135446E-03  0.2000000E-03           2
|1010011100101010010010101110011010> :  0.6588690E-04  0.2000000E-03           2
|1011011100101010010010101100011010> :  0.1742810E-03  0.2000000E-03           2
|1100101101100001100011101111000110> :  0.1289602E-03  0.2000000E-03           2
|0101000011011101011110100011001001> :  0.7523222E-04  0.2000000E-03           2
|1100101101100001100001011111100110> :  0.3932883E-04  0.2000000E-03           2
|0010010100011110011110100011001001> :  0.2692249E-04  0.2000000E-03           2
|1110101100100010100011111110010110> :  0.1401837E-03  0.2000000E-03           2
|1010101100100110100001011100110110> :  0.1301452E-03  0.2000000E-03           2
|1010101100100010100010111110010110> :  0.4393583E-03  0.2000000E-03           2
|1000101101100010100001001100110110> :  0.2259332E-03  0.2000000E-03           2
|1000101101100011101011011110000110> :  0.6885126E-04  0.2000000E-03           2
|1100101101110001100011100011000110> :  0.5041580E-04  0.2000000E-03           2
|1011100100001110101100011110100001> :  0.2405749E-04  0.2000000E-03           2
|0011010101001110101100001100111001> :  0.4701284E-04  0.2000000E-03           2
|1010101100100010100001011100110010> :  0.1118144E-04  0.2000000E-03           2
|0011010101001110101100001110101001> :  0.3430426E-04  0.2000000E-03           2
|1100101011100001100011011001110110> :  0.6667478E-04  0.2000000E-03           2
|1011010100001110010110101110011001> :  0.2371178E-03  0.2000000E-03           2
|0111000010011100111100010001110001> :  0.1440335E-03  0.2000000E-03           2
|0111010010011100010100010001111001> :  0.2476256E-03  0.2000000E-03           2
|1010111110100010000011111110010110> :  0.5595244E-05  0.2000000E-03           2
|0011010100001110011100011100111001> :  0.8809640E-04  0.2000000E-03           2
|1011010010011110000100010100110001> :  0.1357487E-06  0.1000000E-03           1
|1110101001100010100001011100110010> :  0.5805819E-07  0.1000000E-03           1
|1111010010011101011110110011000001> :  0.5535525E-05  0.1000000E-03           1
|1111101000101010110010110110000010> :  0.1526317E-07  0.1000000E-03           1
|1111101000100010100010111110000110> :  0.4991693E-05  0.1000000E-03           1
|1111101000101001100010111110000010> :  0.6651749E-04  0.1000000E-03           1
|0111010010011001011110100011001001> :  0.1390492E-03  0.1000000E-03           1
|1000011111101011010010101110010010> :  0.5374264E-09  0.1000000E-03           1
|1011010010001110010100010100110001> :  0.3136984E-05  0.1000000E-03           1
|0011010100001110011100011110101001> :  0.4624419E-04  0.1000000E-03           1
|1011010010001010101100011100110001> :  0.1103319E-07  0.1000000E-03           1
|1010011100101010010010111110010010> :  0.6578138E-04  0.1000000E-03           1
|1010000101001110100101011100110001> :  0.1044707E-05  0.1000000E-03           1
|0011010010001110101100011100111001> :  0.5162305E-04  0.1000000E-03           1
|0101000011010101111101000001101001> :  0.2432931E-05  0.1000000E-03           1
|1000011110110010010011110001010110> :  0.4609155E-05  0.1000000E-03           1
|1111000000001110110000111100010001> :  0.3389008E-09  0.1000000E-03           1
|0011010100001110001110101110001001> :  0.1289406E-03  0.1000000E-03           1
|0001111011110001001010100011001001> :  0.1069208E-08  0.1000000E-03           1
|1011011100101001010010111011010010> :  0.1400606E-05  0.1000000E-03           1
|0111111000111010001110111110001000> :  0.6646683E-10  0.1000000E-03           1
|0011010100001100011110101011001001> :  0.1642939E-05  0.1000000E-03           1
|0001110111010101101101000001101001> :  0.3041983E-05  0.1000000E-03           1
|1000011101100001010011011110000110> :  0.2332404E-04  0.1000000E-03           1
|0000110101010110001100001100111001> :  0.2396560E-09  0.1000000E-03           1
|0111110010011101101110101011001001> :  0.2420724E-05  0.1000000E-03           1
|1010011100110010010011110110010110> :  0.1958796E-04  0.1000000E-03           1
|1111011010111001010010000011100010> :  0.1001548E-06  0.1000000E-03           1
|0101110010010101111101101001101001> :  0.1589612E-08  0.1000000E-03           1
|0101010011111101010111100011001001> :  0.7413228E-07  0.1000000E-03           1
|0101000011001101111100000001101001> :  0.7826066E-05  0.1000000E-03           1
|0111110010010100111100010001111001> :  0.3297682E-06  0.1000000E-03           1
|1011011010101010000010111100010010> :  0.4517067E-04  0.1000000E-03           1
|0101101011011001111100000011001001> :  0.3874547E-08  0.1000000E-03           1
|0101101011001101101110100011001001> :  0.1091450E-08  0.1000000E-03           1
|0001100101011101101100000101101001> :  0.1118698E-05  0.1000000E-03           1
|0001010011011110011100000001111001> :  0.6861238E-05  0.1000000E-03           1
|0011010010001110001100111100101001> :  0.2519800E-08  0.1000000E-03           1
|0001100101001111101100101110001001> :  0.6161944E-05  0.1000000E-03           1
|0000100101000111101101101110001001> :  0.5024499E-04  0.1000000E-03           1
|0011010011011110011100000000111001> :  0.8622246E-04  0.1000000E-03           1
|1010011100100010010010111110010110> :  0.1020511E-03  0.1000000E-03           1
|0011111110111000110000100001111010> :  0.1126382E-06  0.1000000E-03           1
|0100100101000101101101101110001001> :  0.4001956E-04  0.1000000E-03           1
|0001111011110011010010100011001010> :  0.4621907E-08  0.1000000E-03           1
|1101011011110010010010100100010110> :  0.5029796E-10  0.1000000E-03           1
|0101111011110001101001000001101010> :  0.3489806E-06  0.1000000E-03           1
|0100100101000101101101001110101001> :  0.3691601E-04  0.1000000E-03           1
|1111001110101010010010011100110010> :  0.2238271E-06  0.1000000E-03           1
|1011010010011110010100010000100011> :  0.6382135E-08  0.1000000E-03           1
|1011010100001010010010111110010010> :  0.1445347E-04  0.1000000E-03           1
|1011010100001110100100011100110011> :  0.1597509E-04  0.1000000E-03           1
|1011010100011110010110100011000011> :  0.3861975E-06  0.1000000E-03           1
|1011010100101010100110011100010011> :  0.2099320E-09  0.1000000E-03           1
|1011011000101010010010111110010010> :  0.8663566E-04  0.1000000E-03           1
|1011011000111001010010010011100010> :  0.2774777E-07  0.1000000E-03           1
|1010011100101010010010110111010110> :  0.2638022E-04  0.1000000E-03           1
|1010011100101010010010111110010111> :  0.2159775E-04  0.1000000E-03           1
|1010011100101010010110111110010110> :  0.2159775E-04  0.1000000E-03           1
|1010011100101110010000011100110110> :  0.7906211E-05  0.1000000E-03           1
|0111010010001101011110101010001001> :  0.3231513E-05  0.1000000E-03           1
|1100011100111001010011010011100110> :  0.6973422E-08  0.1000000E-03           1
|1011011100111010010010110011010110> :  0.7129604E-06  0.1000000E-03           1
|1000011101010010010011100010010110> :  0.4580649E-08  0.1000000E-03           1
|0101000011001101101100011100101001> :  0.1377063E-06  0.1000000E-03           1
|1011011100001010010010111110010010> :  0.2289030E-04  0.1000000E-03           1
|1011011100001110010100111110000010> :  0.4682961E-08  0.1000000E-03           1
|1011011100011010010110100011010011> :  0.7035772E-09  0.1000000E-03           1
|1000011101100011010011101110000110> :  0.3367622E-03  0.1000000E-03           1
|1001011100101010000010111110010010> :  0.2610720E-06  0.1000000E-03           1
|1010011110011010010010110001010110> :  0.4384216E-06  0.1000000E-03           1
|1010011110100010010001110000110110> :  0.5719333E-08  0.1000000E-03           1
|1011011100101010010010011110010010> :  0.5315922E-04  0.1000000E-03           1
|1011011100101010010010111100000010> :  0.8973552E-06  0.1000000E-03           1
|0011111010110010010011111000011010> :  0.1142678E-08  0.1000000E-03           1
|0011111010110010000010010001111010> :  0.2232478E-06  0.1000000E-03           1
|1010011110111010010010110001010110> :  0.6149969E-03  0.1000000E-03           1
|1110011111110001010011100001110110> :  0.1421008E-08  0.1000000E-03           1
|1010011111110010010011010001110110> :  0.1989391E-05  0.1000000E-03           1
|1111100010000110100100011100110111> :  0.8513353E-04  0.1000000E-03           1
|1100100011000101100101011001110111> :  0.4973612E-04  0.1000000E-03           1
|1011011100111010010010111011010010> :  0.2962242E-05  0.1000000E-03           1
|1000100101000111100101011110100111> :  0.9982706E-05  0.1000000E-03           1
|1111100010001110100100011100110011> :  0.7082076E-04  0.1000000E-03           1
|1111101000100010100010111110010110> :  0.1311661E-03  0.1000000E-03           1
|1111101000101010100010111110000010> :  0.1793800E-04  0.1000000E-03           1
|0011100100001110101110101110001001> :  0.4816049E-05  0.1000000E-03           1
|1100101010100001100001011001110110> :  0.1993766E-05  0.1000000E-03           1
|0011101011111101101000100011001010> :  0.2275465E-08  0.1000000E-03           1
|1111101010101001100010101101010110> :  0.8688923E-08  0.1000000E-03           1
|1111101010101000100010111100010010> :  0.6624312E-05  0.1000000E-03           1
|1011101010101010100000010000110010> :  0.5207130E-07  0.1000000E-03           1
|1111011010111000010010110001010110> :  0.2930602E-04  0.1000000E-03           1
|1011011010110110010000010001110110> :  0.4856382E-07  0.1000000E-03           1
|0111101011111010100000000001111010> :  0.2866300E-05  0.1000000E-03           1
|0101101011111001111000000001101011> :  0.1463280E-07  0.1000000E-03           1
|0101101011111001101010101011001010> :  0.2245605E-04  0.1000000E-03           1
|0011100100001110101100101100111001> :  0.5089485E-04  0.1000000E-03           1
|1100010011010101010001010001110111> :  0.3329751E-07  0.1000000E-03           1
|1000001101100010010001011100110110> :  0.3392237E-05  0.1000000E-03           1
|0101101011111001101000110001011010> :  0.7728726E-08  0.1000000E-03           1
|0011100100001110101100011110101001> :  0.5657958E-04  0.1000000E-03           1
|0101010011011101011110101011001001> :  0.1375648E-04  0.1000000E-03           1
|1010001100101010000011111110010110> :  0.9544100E-05  0.1000000E-03           1
|1010001100100000110011110111010110> :  0.1157455E-06  0.1000000E-03           1
|0011100100001110101100011100111001> :  0.5961813E-04  0.1000000E-03           1
|0101101011111001011010100011001010> :  0.1426338E-03  0.1000000E-03           1
|0111101011111001011010000010001010> :  0.3975753E-08  0.1000000E-03           1
|0101100011110101101101000001101001> :  0.2014294E-04  0.1000000E-03           1
|0101010011011101011110100111001001> :  0.7238495E-05  0.1000000E-03           1
|0111101011111000101000000001111010> :  0.7189203E-06  0.1000000E-03           1
|0101100011110001100001000001111001> :  0.3117564E-06  0.1000000E-03           1
|0101101011110011100010001000101010> :  0.4373407E-09  0.1000000E-03           1
|0100101101100001101011001110001110> :  0.8100585E-05  0.1000000E-03           1
|0101101011110001101101000001101010> :  0.5995197E-06  0.1000000E-03           1
|0111100011101010101100001100111000> :  0.1778992E-06  0.1000000E-03           1
|0111010011011101011110100011001001> :  0.2642366E-04  0.1000000E-03           1
|0100010001001101011101101100101001> :  0.7955788E-08  0.1000000E-03           1
|0111000010111100110100100001111000> :  0.1302477E-06  0.1000000E-03           1
|0111000010011100110100100001111001> :  0.5418088E-04  0.1000000E-03           1
|0110101011111001011010100011001110> :  0.8394414E-06  0.1000000E-03           1
|0100101011110001101011101011001110> :  0.5999387E-05  0.1000000E-03           1
|0100101011010001101001000001101110> :  0.3829855E-06  0.1000000E-03           1
|0111100011011110101100000001111001> :  0.3000325E-04  0.1000000E-03           1
|0101101011110000000011101011011010> :  0.4440301E-08  0.1000000E-03           1
|0100100101100101101001101110001111> :  0.2759565E-06  0.1000000E-03           1
|0101101011101001001010101010001010> :  0.3069550E-06  0.1000000E-03           1
|0111101010111100100000010001111010> :  0.9812787E-05  0.1000000E-03           1
|0000011101110010010011000100111110> :  0.2942524E-06  0.1000000E-03           1
|0111101010111001101010100011001010> :  0.1136587E-03  0.1000000E-03           1
|0001100011011101101100000011111001> :  0.1023406E-06  0.1000000E-03           1
|0011010000011110011110100110001001> :  0.7995870E-04  0.1000000E-03           1
|0100011101110001011011100011001110> :  0.9425929E-04  0.1000000E-03           1
|0000011101110001010011100011001110> :  0.7215785E-04  0.1000000E-03           1
|0010011100101010010010001110011110> :  0.8648157E-06  0.1000000E-03           1
|0110011100100010000011101110011110> :  0.1893296E-07  0.1000000E-03           1
|0010011011110010100001000001111110> :  0.6722501E-08  0.1000000E-03           1
|0011101010110010010010100001011010> :  0.3525253E-05  0.1000000E-03           1
|0101101010100001100001001100111010> :  0.1007714E-06  0.1000000E-03           1
|0000101101100010100001011100110110> :  0.2335212E-04  0.1000000E-03           1
|0101100011011101101100000001101000> :  0.1589930E-04  0.1000000E-03           1
|0101101001101001101000001110101010> :  0.3546427E-05  0.1000000E-03           1
|0101101010110001101001000001100110> :  0.3478964E-07  0.1000000E-03           1
|0110101010110000111011111011000110> :  0.1014994E-08  0.1000000E-03           1
|0111100011011100111100000001111001> :  0.7226463E-06  0.1000000E-03           1
|0111000010111000111110010111111001> :  0.1486245E-10  0.1000000E-03           1
|0111100010001110100100011100101011> :  0.1647840E-06  0.1000000E-03           1
|0010011111111000010010000001110110> :  0.2296965E-07  0.1000000E-03           1
|0011011111111010011010000011111010> :  0.2792580E-07  0.1000000E-03           1
|0000011111111001011011100110001010> :  0.1274740E-05  0.1000000E-03           1
|0000011101110001010011100011000110> :  0.2658700E-05  0.1000000E-03           1
|0000011111111001011011100011001010> :  0.1017535E-04  0.1000000E-03           1
|0011011110111010010010110001011010> :  0.3254446E-05  0.1000000E-03           1
|0011011110111001010010010101111010> :  0.7735336E-08  0.1000000E-03           1
|0101100011011001001110000001001001> :  0.1103907E-05  0.1000000E-03           1
|0111001001101010100010011110000110> :  0.1813155E-10  0.1000000E-03           1
|1000100101100011100111001110001101> :  0.2769161E-07  0.1000000E-03           1
|0001011101111011011010100110001010> :  0.1453954E-03  0.1000000E-03           1
|0101010011011101011100010001101001> :  0.4986753E-04  0.1000000E-03           1
|0011010000001110011110101110001001> :  0.9152498E-04  0.1000000E-03           1
|0001011101111011011010100011001010> :  0.1707441E-04  0.1000000E-03           1
|1000111101000011000011011100010101> :  0.8673762E-09  0.1000000E-03           1
|0001011101111011010010100110011010> :  0.2845894E-07  0.1000000E-03           1
|0011011101111010010010100011011010> :  0.1638973E-04  0.1000000E-03           1
|1000110101000111100101011110100101> :  0.4188727E-05  0.1000000E-03           1
|0000011101111001011011100111001010> :  0.1859334E-04  0.1000000E-03           1
|0101100011010101101101100001101001> :  0.1067548E-03  0.1000000E-03           1
|0000011101111001011011100001111010> :  0.1426561E-05  0.1000000E-03           1
|0001100011010101101101010001101001> :  0.8315523E-07  0.1000000E-03           1
|1000110100000111101101111110000101> :  0.1586960E-03  0.1000000E-03           1
|0000011101111001011011000011001010> :  0.2933919E-04  0.1000000E-03           1
|1010110100000110101101111110000101> :  0.1416725E-03  0.1000000E-03           1
|0101001011111011101110101010001000> :  0.3931613E-09  0.1000000E-03           1
|0111000010011101111100100011101001> :  0.9894544E-05  0.1000000E-03           1
|1010110100000110000101011100110101> :  0.5949747E-04  0.1000000E-03           1
|0001011101101010011000101100111010> :  0.5678131E-08  0.1000000E-03           1
|1100101101000101101101011110100101> :  0.1370776E-04  0.1000000E-03           1
|1000101101000011101101011110100100> :  0.4463197E-05  0.1000000E-03           1
|0011011101101010010000101100111011> :  0.2362951E-09  0.1000000E-03           1
|0111011100111011011010101110001010> :  0.7118781E-08  0.1000000E-03           1
|1010101100100010101011111110010101> :  0.1498622E-05  0.1000000E-03           1
|1000101100100010100101101100110100> :  0.1721393E-07  0.1000000E-03           1
|1100101011100001101101011110100101> :  0.8863003E-07  0.1000000E-03           1
|1100101011000001100001011100110101> :  0.2074330E-05  0.1000000E-03           1
|0101100011010101101101000001101000> :  0.2159775E-04  0.1000000E-03           1
|0101010011011101010110100011001001> :  0.4880195E-05  0.1000000E-03           1
|0101001011011101111100000001101001> :  0.2204185E-04  0.1000000E-03           1
|1100100111000101101101011001100101> :  0.1921398E-04  0.1000000E-03           1
|1010100110000111101100011110100101> :  0.1208001E-06  0.1000000E-03           1
|0010011100111010010010100011011010> :  0.3730988E-04  0.1000000E-03           1
|1100100101100101101001101110000100> :  0.3622630E-06  0.1000000E-03           1
|0011011100111000010010100011011010> :  0.5266638E-05  0.1000000E-03           1
|0101100011010001101111100011001001> :  0.7906211E-05  0.1000000E-03           1
|0111010011011100111100000001111001> :  0.4560176E-05  0.1000000E-03           1
|0001011100101110011010111110001010> :  0.1623527E-08  0.1000000E-03           1
|1011100101001111101100011110100101> :  0.3265328E-05  0.1000000E-03           1
|0101100011010001101001000001101000> :  0.6546351E-06  0.1000000E-03           1
|0011011100101010010010101110011010> :  0.1546373E-03  0.1000000E-03           1
|0011011100101010001010101110001010> :  0.5974314E-04  0.1000000E-03           1
|0101100011010001011111100011001001> :  0.8292892E-05  0.1000000E-03           1
|0111010011011100011100100001111001> :  0.7217309E-05  0.1000000E-03           1
|0101001011011001111000000001101000> :  0.1146174E-04  0.1000000E-03           1
|0011011011111010010010100001011010> :  0.1005176E-04  0.1000000E-03           1
|1000100101000110100101011101110101> :  0.1269824E-04  0.1000000E-03           1
|1110100101000110100101011100110101> :  0.2169976E-05  0.1000000E-03           1
|0101011011111001011110100011001011> :  0.1453968E-04  0.1000000E-03           1
|1100100101000101110101011001100101> :  0.1026369E-07  0.1000000E-03           1
|0101011011111001011010110011101010> :  0.1879271E-05  0.1000000E-03           1
|0101100011001101101100001001101001> :  0.1958796E-04  0.1000000E-03           1
|1100100101000101101101011100010101> :  0.3410608E-05  0.1000000E-03           1
|1100100101000101101011101110000100> :  0.3898196E-06  0.1000000E-03           1
|1100100101000101101001011110100101> :  0.1076402E-04  0.1000000E-03           1
|0101100011001101001110101010001001> :  0.3182883E-06  0.1000000E-03           1
|0111001010111101111000100001101001> :  0.6321473E-06  0.1000000E-03           1
|1000100101000011101101011110100101> :  0.2915546E-04  0.1000000E-03           1
|0001011011111001011010000001101010> :  0.1564702E-04  0.1000000E-03           1
|0001011011111001010010100011001010> :  0.3651731E-05  0.1000000E-03           1
|1010100100100010100101011100110100> :  0.1149877E-04  0.1000000E-03           1
|1010100100100010100001011000110100> :  0.2499985E-08  0.1000000E-03           1
|0101010011011001101100100011001001> :  0.1870607E-05  0.1000000E-03           1
|1010100100001110100100011100110101> :  0.1762869E-03  0.1000000E-03           1
|1000100100000111101101011110100101> :  0.2701936E-03  0.1000000E-03           1
|1000100100000111100101111110000101> :  0.5312388E-05  0.1000000E-03           1
|0011100010011110101100101000111001> :  0.8539216E-06  0.1000000E-03           1
|1010100100000110101101011100110101> :  0.5911516E-04  0.1000000E-03           1
|1011100100000110101100011110100101> :  0.2382295E-05  0.1000000E-03           1
|0110000110010100111101100001111001> :  0.1008052E-06  0.1000000E-03           1
|0111000010011000111100001001111001> :  0.3497198E-08  0.1000000E-03           1
|0011011011110001011011100011001010> :  0.2666133E-06  0.1000000E-03           1
|0101011011011101011000100011001010> :  0.2000801E-05  0.1000000E-03           1
|0111100010011101101100100011001001> :  0.3243809E-04  0.1000000E-03           1
|0101011011011001010010100011011011> :  0.5875772E-07  0.1000000E-03           1
|1010100100000110100101001100010101> :  0.1879271E-05  0.1000000E-03           1
|0111011010111100011010100001011011> :  0.1738400E-05  0.1000000E-03           1
|0101010011010101101100000001101001> :  0.4723760E-05  0.1000000E-03           1
|0001011010111011011011110000001010> :  0.5386120E-08  0.1000000E-03           1
|1010100100000010100110111110010101> :  0.6003826E-06  0.1000000E-03           1
|0111011010111011011010101010001010> :  0.4063178E-05  0.1000000E-03           1
|0101011010111011010010100001011010> :  0.6154111E-05  0.1000000E-03           1
|0101011010111011010010100001001010> :  0.2311051E-05  0.1000000E-03           1
|0011100010011101101100010001101001> :  0.3008316E-06  0.1000000E-03           1
|0101010011001101001110101010001001> :  0.2952977E-05  0.1000000E-03           1
|0100000101011101111100000001101001> :  0.4495397E-05  0.1000000E-03           1
|1100100011010101110101010001110101> :  0.5974314E-04  0.1000000E-03           1
|1000100011000110101101011110110101> :  0.1515480E-06  0.1000000E-03           1
|0111100010011100101100101001111001> :  0.7523246E-04  0.1000000E-03           1
|1101100011000110101101011000010101> :  0.2044862E-07  0.1000000E-03           1
|1101100011000101101101011100100101> :  0.3730988E-04  0.1000000E-03           1
|0011011010111010010010101000011010> :  0.7373334E-05  0.1000000E-03           1
|0111010010111101011110100011001001> :  0.5218301E-05  0.1000000E-03           1
|0010011010111010010010100001011010> :  0.6079608E-05  0.1000000E-03           1
|1100100010010101100101010001110101> :  0.1461777E-04  0.1000000E-03           1
|0011011010111010010000100001111010> :  0.1058951E-04  0.1000000E-03           1
|0111100010011100100100010001111001> :  0.7096531E-04  0.1000000E-03           1
|0111010010111001011100100011001001> :  0.2242010E-05  0.1000000E-03           1
|0111000011111100111100000001111001> :  0.8144125E-06  0.1000000E-03           1
|0101000010011101111100100001101001> :  0.3906574E-05  0.1000000E-03           1
|0011011010111010010000010001111010> :  0.2722577E-04  0.1000000E-03           1
|1111100010000101101100011100100101> :  0.6796136E-05  0.1000000E-03           1
|0011011010111010000010101000011010> :  0.3127914E-05  0.1000000E-03           1
|1110100010000100100111101001110101> :  0.4676613E-08  0.1000000E-03           1
|1111100010000100100100011001110101> :  0.3250967E-03  0.1000000E-03           1
|0011011010111001011010100011001010> :  0.2772219E-03  0.1000000E-03           1
|0011010010011110011110110011001001> :  0.4002271E-04  0.1000000E-03           1
|0011011010111001010010100000011010> :  0.4907686E-05  0.1000000E-03           1
|0111011010111000011010100001011010> :  0.6729193E-04  0.1000000E-03           1
|0101100001010101101111000001111001> :  0.1807028E-06  0.1000000E-03           1
|1000011101000010010011010101110100> :  0.1093750E-08  0.1000000E-03           1
|1010011100111010011010110011010101> :  0.4342013E-07  0.1000000E-03           1
|1010011100101010010010111110010100> :  0.1629478E-04  0.1000000E-03           1
|0111011010111000010010100011111010> :  0.4672757E-06  0.1000000E-03           1
|0101000011011111111100000111101001> :  0.1504494E-07  0.1000000E-03           1
|1011011010011010010010110001010101> :  0.6048261E-08  0.1000000E-03           1
|0111011010111000010010100011011010> :  0.3922477E-04  0.1000000E-03           1
|1010010110010110010101010001110101> :  0.1593207E-03  0.1000000E-03           1
|1010010101000111011110001110000101> :  0.8451672E-07  0.1000000E-03           1
|0110011010111000010010010001111010> :  0.5002990E-06  0.1000000E-03           1
|0111011010111000000010100001011010> :  0.9583187E-05  0.1000000E-03           1
|0101100001001101101100001110101000> :  0.4146939E-06  0.1000000E-03           1
|0010011010110010010011100001011010> :  0.4161706E-05  0.1000000E-03           1
|1010010100001110011111111110000101> :  0.3719853E-05  0.1000000E-03           1
|0111011010101000010010100100011010> :  0.8243741E-05  0.1000000E-03           1
|0101100001001101101100001000101001> :  0.6317775E-06  0.1000000E-03           1
|0011010010011110011110100000011001> :  0.3932883E-04  0.1000000E-03           1
|0001000011011110011110100011001001> :  0.9909243E-06  0.1000000E-03           1
|0101000010010101111101011001101001> :  0.1443070E-07  0.1000000E-03           1
|1011010100001110010110111110010101> :  0.1166216E-05  0.1000000E-03           1
|1010010100001110101100111110000101> :  0.1281498E-04  0.1000000E-03           1
|1010010100010010010111110011010101> :  0.1738830E-06  0.1000000E-03           1
|1010010100010101010101110101100101> :  0.1730992E-09  0.1000000E-03           1
|1000010101000011011111011110000101> :  0.2585660E-05  0.1000000E-03           1
|0011011010011110011110100001111010> :  0.3701158E-07  0.1000000E-03           1
|1010010100001110010100111110010101> :  0.5522291E-05  0.1000000E-03           1
|1010010100000110100101011100110101> :  0.1426338E-03  0.1000000E-03           1
|0111011010011101011110100011001011> :  0.2001477E-04  0.1000000E-03           1
|0111011010011101011010100011001011> :  0.1636732E-04  0.1000000E-03           1
|1010010100000110010101011100110101> :  0.4609677E-03  0.1000000E-03           1
|1010010100000110010101010100110101> :  0.2245605E-04  0.1000000E-03           1
|0111011010011101010110100011001011> :  0.1347974E-05  0.1000000E-03           1
|1010011100001110011110111110010101> :  0.1264541E-05  0.1000000E-03           1
|1010010010000100010101011100110101> :  0.1996059E-06  0.1000000E-03           1
|0111011010011000010010100001011010> :  0.2023546E-04  0.1000000E-03           1
|0111100000001110101100101110011001> :  0.2163515E-05  0.1000000E-03           1
|1000011101110101011001000011100100> :  0.6709442E-08  0.1000000E-03           1
|1000011110100001111111110010000100> :  0.6254441E-12  0.1000000E-03           1
|1000011111110011010011010010000100> :  0.1435905E-08  0.1000000E-03           1
|1111100000000110101100011110100101> :  0.1560989E-04  0.1000000E-03           1
|1110100010000100011101010011100101> :  0.6914905E-09  0.1000000E-03           1
|1100001011110101101001010001100100> :  0.5628281E-08  0.1000000E-03           1
|1010000110010110010101011000110101> :  0.4503787E-08  0.1000000E-03           1
|0011011001110010010010100010011010> :  0.8021937E-08  0.1000000E-03           1
|1100100010000101100101111001010101> :  0.9733634E-06  0.1000000E-03           1
|1000000101000111101101011110100101> :  0.7204908E-05  0.1000000E-03           1
|1100100010000101101101011100100101> :  0.1638973E-04  0.1000000E-03           1
|1100000101000101101101001101100101> :  0.9236946E-08  0.1000000E-03           1
|0111011000111001011010100110001010> :  0.3292401E-05  0.1000000E-03           1
|1111100010000110101100011110010101> :  0.6954954E-07  0.1000000E-03           1
|0011010010011110011100100000111001> :  0.1535820E-03  0.1000000E-03           1
|1110000000001110010100011100110101> :  0.4753224E-06  0.1000000E-03           1
|1100100011000101100101001001110101> :  0.1015481E-04  0.1000000E-03           1
|0100110101010101101101000011101101> :  0.4418631E-06  0.1000000E-03           1
|0111011000111001011010100011001010> :  0.6241222E-04  0.1000000E-03           1
|0000101101100011101011101110001100> :  0.5231814E-05  0.1000000E-03           1
|0001011000101010011010111110001010> :  0.2306640E-07  0.1000000E-03           1
|0100101011110101111101000001101101> :  0.5449493E-06  0.1000000E-03           1
|1100100011000110100101001100110101> :  0.1356943E-04  0.1000000E-03           1
|0100101011010001101001000001101100> :  0.9272955E-05  0.1000000E-03           1
|0011011000101010011010101110001010> :  0.3380508E-04  0.1000000E-03           1
|0100101011010001011011000001101100> :  0.2530598E-06  0.1000000E-03           1
|0100100111010101101101000001101101> :  0.8663566E-04  0.1000000E-03           1
|0011010100111010010010100110011010> :  0.8801152E-06  0.1000000E-03           1
|0000011101111001011111100011001000> :  0.8369594E-06  0.1000000E-03           1
|1000100011010111101101010011100101> :  0.1571230E-05  0.1000000E-03           1
|1111100011011100100100111001110101> :  0.4872158E-08  0.1000000E-03           1
|1100100011110001100001010001110101> :  0.2040219E-05  0.1000000E-03           1
|1010100100000010100011011100110101> :  0.4454327E-06  0.1000000E-03           1
|0000100101010111100101101110101101> :  0.9230391E-07  0.1000000E-03           1
|0011010100101010010010101110001010> :  0.1437316E-07  0.1000000E-03           1
|1100100100000101101111111110000101> :  0.5849190E-05  0.1000000E-03           1
|0000100101010101101101000011101101> :  0.4163311E-04  0.1000000E-03           1
|0011010100011110011110100011001011> :  0.1759028E-05  0.1000000E-03           1
|1011100100000110100101001100110101> :  0.3665576E-06  0.1000000E-03           1
|0000011101111001011011100011001000> :  0.8513353E-04  0.1000000E-03           1
|0010010100001110001110111110001010> :  0.3329945E-09  0.1000000E-03           1
|1010100100000110100101011101110101> :  0.6295155E-05  0.1000000E-03           1
|0000100101000111101101001100101101> :  0.2081216E-04  0.1000000E-03           1
|0000100101000110101101001110101101> :  0.2302705E-04  0.1000000E-03           1
|1110100100000110100101111110010101> :  0.1564702E-04  0.1000000E-03           1
|0101010011011101011100000001101011> :  0.6555486E-05  0.1000000E-03           1
|0011011101111001011010100011011000> :  0.2591510E-07  0.1000000E-03           1
|0111010010011110010100100100111001> :  0.8697861E-08  0.1000000E-03           1
|0111000010011101101100100001101001> :  0.6187220E-05  0.1000000E-03           1
|0001010011011101011010100011001011> :  0.1074535E-07  0.1000000E-03           1
|0000100101000011101111101110001101> :  0.2942552E-05  0.1000000E-03           1
|0101010011011101010110100011001010> :  0.2624895E-05  0.1000000E-03           1
|0100100011010110101101001000111101> :  0.8095875E-05  0.1000000E-03           1
|0110100011010110101101000000101101> :  0.1163374E-05  0.1000000E-03           1
|0011010010011010010010100001011010> :  0.1569019E-04  0.1000000E-03           1
|1000100101000010100101011100110100> :  0.1764814E-04  0.1000000E-03           1
|1000100101000010100101011100110101> :  0.9737340E-05  0.1000000E-03           1
|0100100011010101111101100011001101> :  0.2980718E-04  0.1000000E-03           1
|1000100101000011101111101110000101> :  0.1890754E-04  0.1000000E-03           1
|0100100011010101111101100001101101> :  0.4338310E-05  0.1000000E-03           1
|0101001011111101110000000001111010> :  0.1509416E-04  0.1000000E-03           1
|0111011010111000010110100001011001> :  0.9603932E-05  0.1000000E-03           1
|0011010010011110010100100001111001> :  0.6771425E-04  0.1000000E-03           1
|0001001011111011011011000001101010> :  0.4483352E-08  0.1000000E-03           1
|0101001011111001111110000011101010> :  0.6882732E-08  0.1000000E-03           1
|0011011010011110011100100001111001> :  0.3179117E-06  0.1000000E-03           1
|0100100011010101101001000001101100> :  0.1477914E-04  0.1000000E-03           1
|0100100011010101011101000001101101> :  0.2195718E-04  0.1000000E-03           1
|1100100101000101101111011110000101> :  0.1058951E-04  0.1000000E-03           1
|0000010111011111011101000001101001> :  0.9799412E-05  0.1000000E-03           1
|0011010010011110010100010001111001> :  0.2325959E-03  0.1000000E-03           1
|0101000011011101111100001001101001> :  0.7378283E-05  0.1000000E-03           1
|0101100011010101011100000001111101> :  0.7691783E-08  0.1000000E-03           1
|0101001011111001011011100011001010> :  0.3920575E-04  0.1000000E-03           1
|0100100011000101100101000001101101> :  0.3548028E-06  0.1000000E-03           1
|1000100101000110101101001100110101> :  0.8143368E-05  0.1000000E-03           1
|1000100101000111100101011110100101> :  0.6729193E-04  0.1000000E-03           1
|0100100010010101011111100011001101> :  0.9848341E-06  0.1000000E-03           1
|0100100001000101101101101010001101> :  0.3277888E-07  0.1000000E-03           1
|0100100001000101101101011101101101> :  0.4944979E-08  0.1000000E-03           1
|0101001011111001011000000001101011> :  0.2310587E-06  0.1000000E-03           1
|0000011101110001011011100011001100> :  0.7082076E-04  0.1000000E-03           1
|1000100101010110100101011100110101> :  0.6688370E-05  0.1000000E-03           1
|1100100101100001001111011110100101> :  0.1764611E-05  0.1000000E-03           1
|1100100101100001101101011110100101> :  0.6589082E-06  0.1000000E-03           1
|0111011000100010011011111110011100> :  0.1686536E-09  0.1000000E-03           1
|1000100101100011001111011110100101> :  0.1507071E-05  0.1000000E-03           1
|0101001011111001010010000001111010> :  0.1416725E-03  0.1000000E-03           1
|1010100110000110100101011100110101> :  0.7425733E-04  0.1000000E-03           1
|0001010111011101011100000001101001> :  0.3055318E-05  0.1000000E-03           1
|1100100111000101100101011001110101> :  0.3491393E-04  0.1000000E-03           1
|0111010010011101111100100011001001> :  0.1617477E-05  0.1000000E-03           1
|1100100111000101101101011110100101> :  0.4673178E-05  0.1000000E-03           1
|0000010110010101011111100101001101> :  0.4851109E-07  0.1000000E-03           1
|0000010101010111011101000110101101> :  0.1434170E-04  0.1000000E-03           1
|0111001011111000010010000001111010> :  0.1586960E-03  0.1000000E-03           1
|1010101100100010100101011100110101> :  0.1642203E-04  0.1000000E-03           1
|0011010110011110011110100101001001> :  0.1922029E-05  0.1000000E-03           1
|0110001011110100110001000001111010> :  0.8632607E-08  0.1000000E-03           1
|1100101101000001101001001110100100> :  0.3689535E-06  0.1000000E-03           1
|1100101101000001101001011110100100> :  0.9645719E-05  0.1000000E-03           1
|0000010101010101011101100011001101> :  0.1037847E-03  0.1000000E-03           1
|0111001010111101111000100001101011> :  0.1297047E-05  0.1000000E-03           1
|1000101101000110100001011110010100> :  0.1145885E-06  0.1000000E-03           1
|1100101101100001101101011110100101> :  0.4955739E-05  0.1000000E-03           1
|0011010110011110011100100001111001> :  0.1057577E-03  0.1000000E-03           1
|0101000011011101111100000001111001> :  0.1168201E-03  0.1000000E-03           1
|0011000000011110101110100110001001> :  0.1717028E-06  0.1000000E-03           1
|0101010011011101011100100001100001> :  0.6071408E-07  0.1000000E-03           1
|0000010101010101010111100011001101> :  0.6588736E-05  0.1000000E-03           1
|0000010101010001011111100011001101> :  0.4880353E-04  0.1000000E-03           1
|0000010101000111011111100110001101> :  0.4465761E-05  0.1000000E-03           1
|0101001010111011111010100011001010> :  0.1023339E-08  0.1000000E-03           1
|0000010101000111011101101110001101> :  0.3280282E-05  0.1000000E-03           1
|1000110101000111001101011110100101> :  0.8938424E-04  0.1000000E-03           1
|0011010100010110011111100110001101> :  0.1212181E-05  0.1000000E-03           1
|0011001010111010110000100001011010> :  0.4152199E-05  0.1000000E-03           1
|0011001010111010010010100001011010> :  0.5671086E-05  0.1000000E-03           1
|0011010110001111001110011110001001> :  0.2350061E-08  0.1000000E-03           1
|1000110101100010001111011100010101> :  0.2472314E-07  0.1000000E-03           1
|0111010010011101011110100011011001> :  0.5181423E-05  0.1000000E-03           1
|0010010100000110011111101110001101> :  0.1376661E-05  0.1000000E-03           1
|1100100011000101100101000101101101> :  0.8810806E-06  0.1000000E-03           1
|1100100101000101101101011110101101> :  0.4844293E-05  0.1000000E-03           1
|1000100101010111101101001100101101> :  0.4587616E-07  0.1000000E-03           1
|0000010011010110111111000001111101> :  0.7861706E-08  0.1000000E-03           1
|0101001000110001011011110011000110> :  0.3269700E-07  0.1000000E-03           1
|0111001010111001111000100001101010> :  0.3417550E-05  0.1000000E-03           1
|0010001100110010110001010100110110> :  0.8298140E-07  0.1000000E-03           1
|0010010100001110011100011110000111> :  0.5407459E-08  0.1000000E-03           1
|0111011010111010010010111010010110> :  0.2356100E-07  0.1000000E-03           1
|0000011011110011011011010011100110> :  0.6614071E-08  0.1000000E-03           1
|0010000110010101111101010001101101> :  0.6271145E-08  0.1000000E-03           1
|0010010101011111011111100110011001> :  0.5211122E-07  0.1000000E-03           1
|0100000011010101111111100011001101> :  0.8315683E-08  0.1000000E-03           1
|0100000011010101111101000001101101> :  0.4787698E-04  0.1000000E-03           1
|0000011101110001111011010011000110> :  0.2020128E-06  0.1000000E-03           1
|0111001010111000110010110001011010> :  0.1577631E-06  0.1000000E-03           1
|0000011111111001011010100001000110> :  0.2748129E-07  0.1000000E-03           1
|0010100100100110101001011100110110> :  0.3481095E-06  0.1000000E-03           1
|0100100111010101100101100001010111> :  0.1697368E-07  0.1000000E-03           1
|0000110101010001011101010001100101> :  0.1055310E-07  0.1000000E-03           1
|0000110011011110011101010001110101> :  0.8293625E-08  0.1000000E-03           1
|0100101011110001100001010001110110> :  0.6740007E-04  0.1000000E-03           1
|0100101011110011100001010011000110> :  0.3085686E-08  0.1000000E-03           1
|0100110011010101011100010001100101> :  0.1636309E-06  0.1000000E-03           1
|0000110101010011001111101110000111> :  0.1140646E-08  0.1000000E-03           1
|0000111100110011100011110110000110> :  0.6793856E-08  0.1000000E-03           1
|0100011011110001011011100011001110> :  0.4649291E-03  0.1000000E-03           1
|0000110001000111011111011110000101> :  0.4916000E-08  0.1000000E-03           1
|0010101110110000011011110011000100> :  0.3151727E-09  0.1000000E-03           1
|0000101101100011101111011110000101> :  0.8519721E-07  0.1000000E-03           1
|0011011100111010011011100011001110> :  0.7411356E-07  0.1000000E-03           1
|0111001010111000010010100001111010> :  0.3976103E-04  0.1000000E-03           1
|0000010101011111011111100011001001> :  0.1702339E-04  0.1000000E-03           1
|0000101101100011100011011110000100> :  0.1494903E-06  0.1000000E-03           1
|0000101101000111100101011110100101> :  0.7963492E-07  0.1000000E-03           1
|0000101101000010101111011110010101> :  0.1175789E-06  0.1000000E-03           1
|0000011101110011011011100110001110> :  0.1682955E-03  0.1000000E-03           1
|0000011101111001011011100011001110> :  0.1676937E-04  0.1000000E-03           1
|0000100101100011101001101110001110> :  0.5803234E-07  0.1000000E-03           1
|0100101011110101101101010001100101> :  0.8097587E-05  0.1000000E-03           1
|0100100110010101100101000001111111> :  0.5333351E-08  0.1000000E-03           1
|0111101000101001101010111111001110> :  0.2906137E-08  0.1000000E-03           1
|0110101010110001100000000001111110> :  0.1576826E-06  0.1000000E-03           1
|0100101011010001101111010001000101> :  0.5800480E-06  0.1000000E-03           1
|0111101010100001101000011100100101> :  0.2057383E-07  0.1000000E-03           1
|0111000010111100110000010001111011> :  0.3463896E-07  0.1000000E-03           1
|0100100111010101101101010001110101> :  0.2037932E-04  0.1000000E-03           1
|0111000010011100110100010001111011> :  0.1705456E-04  0.1000000E-03           1
|0000100111010101101101010001100101> :  0.4575726E-04  0.1000000E-03           1
|0001100111010101101100010001100101> :  0.9113462E-06  0.1000000E-03           1
|0100101101100001101001001110101110> :  0.2241306E-04  0.1000000E-03           1
|0111000010001101100100011100101011> :  0.2007875E-08  0.1000000E-03           1
|0010100110010110100101010100110101> :  0.3874891E-06  0.1000000E-03           1
|0000100101010110100101011000110101> :  0.4251290E-05  0.1000000E-03           1
|0100101101100100101001101100111110> :  0.5120481E-09  0.1000000E-03           1
|0101101011111001100010000011000010> :  0.2036908E-08  0.1000000E-03           1
|0000010101011101011111100010001001> :  0.1703580E-05  0.1000000E-03           1
|0010111100110010000010101100111110> :  0.1288027E-08  0.1000000E-03           1
|0010111100110010001011111110011110> :  0.3221660E-05  0.1000000E-03           1
|0101000010011101011110100011001001> :  0.4176343E-06  0.1000000E-03           1
|0000111101100011101000001100101110> :  0.8738244E-08  0.1000000E-03           1
|0100100101010101101101011110100101> :  0.8327005E-05  0.1000000E-03           1
|1111001010111001010010110011000110> :  0.3527036E-07  0.1000000E-03           1
|0011011100101010011010101110010010> :  0.2670353E-05  0.1000000E-03           1
|1010001100100010110001010100110110> :  0.2609791E-05  0.1000000E-03           1
|0000100101000111101101011110100101> :  0.4188294E-04  0.1000000E-03           1
|1010001100101010010001111110000110> :  0.1629020E-08  0.1000000E-03           1
|0000100101000110101101011100110101> :  0.3377786E-04  0.1000000E-03           1
|1000001111111010000011011000110110> :  0.6592877E-08  0.1000000E-03           1
|0111011011111000010010110001010010> :  0.6049219E-05  0.1000000E-03           1
|1010010100000110100101011100110111> :  0.1207023E-05  0.1000000E-03           1
|1000010100000110100111011100110111> :  0.1202286E-08  0.1000000E-03           1
|1011010100011100010110110011010111> :  0.3789796E-08  0.1000000E-03           1
|1000010101000111001111101110000111> :  0.1544702E-07  0.1000000E-03           1
|1100011010110001010011110001010110> :  0.3679838E-04  0.1000000E-03           1
|0010100101000110101100001110000101> :  0.1766142E-07  0.1000000E-03           1
|0100100101000101101101011110100101> :  0.2344693E-03  0.1000000E-03           1
|1110011010111001010011000001110110> :  0.8659447E-08  0.1000000E-03           1
|1011011010111010010010110001010110> :  0.3691601E-04  0.1000000E-03           1
|1001011011101010000001011100110110> :  0.1824039E-07  0.1000000E-03           1
|1001011011101010010011111100010110> :  0.6547759E-07  0.1000000E-03           1
|1001110101001110100101001100111001> :  0.1610474E-07  0.1000000E-03           1
|1100011011110001010011010101110110> :  0.4177867E-06  0.1000000E-03           1
|0010100100000110101101111110000101> :  0.1717500E-04  0.1000000E-03           1
|1100011011111001000001010001110110> :  0.7293898E-06  0.1000000E-03           1
|1010011100000010010011111110010111> :  0.6635506E-06  0.1000000E-03           1
|1010011100000110010111111110010111> :  0.8543775E-05  0.1000000E-03           1
|1001110011001010100100001100111001> :  0.2538775E-08  0.1000000E-03           1
|1000011100100001010011111110000110> :  0.3000325E-04  0.1000000E-03           1
|0000010101011101011101100011001001> :  0.5041991E-04  0.1000000E-03           1
|1010011100100010010011011100110110> :  0.1772861E-03  0.1000000E-03           1
|1010011100100010010011011110010110> :  0.8233033E-04  0.1000000E-03           1
|1000011100100010010011101110010110> :  0.1828198E-05  0.1000000E-03           1
|1010011100100010010011110100010110> :  0.2271546E-05  0.1000000E-03           1
|0111010010011101011110000011001001> :  0.5548545E-05  0.1000000E-03           1
|0100100011010101111101010011100101> :  0.5919382E-05  0.1000000E-03           1
|0100100011010101111101010001110101> :  0.3652137E-04  0.1000000E-03           1
|1000100101000110100101101000111001> :  0.2917748E-07  0.1000000E-03           1
|0100100011010101101101100011000101> :  0.1632293E-04  0.1000000E-03           1
|1000011100100101010011110011000110> :  0.1174423E-07  0.1000000E-03           1
|1010011100100110110001111110010110> :  0.2442410E-05  0.1000000E-03           1
|1110011100101001010010110011010110> :  0.1872090E-06  0.1000000E-03           1
|1000011100101001010011111110000110> :  0.8661302E-07  0.1000000E-03           1
|1001100011010110101101100001111001> :  0.3274852E-08  0.1000000E-03           1
|0111100011010101101101001001100101> :  0.1079733E-07  0.1000000E-03           1
|1101100011000101101101000101101001> :  0.2805732E-05  0.1000000E-03           1
|0001010101011101011100100011001001> :  0.1218189E-04  0.1000000E-03           1
|0111010010011101011100100011001001> :  0.2135446E-03  0.1000000E-03           1
|0101000011011101111000000001101001> :  0.2225219E-04  0.1000000E-03           1
|0100100011000110101101011100110101> :  0.2934476E-05  0.1000000E-03           1
|0100100010010101101101110011000101> :  0.6192623E-04  0.1000000E-03           1
|0100100010010101101101010011100101> :  0.3809689E-05  0.1000000E-03           1
|1010011100101010011010111110000110> :  0.1235385E-04  0.1000000E-03           1
|1101011011011001010111100011001001> :  0.6914264E-08  0.1000000E-03           1
|1010011100101110010010011100010110> :  0.4561013E-07  0.1000000E-03           1
|0001010101011001011110100011001001> :  0.2839995E-04  0.1000000E-03           1
|0111100010010100101100010001110101> :  0.2936127E-03  0.1000000E-03           1
|1111011010111001010010100011011000> :  0.3723126E-05  0.1000000E-03           1
|1111011000101001011010101110001000> :  0.6693337E-08  0.1000000E-03           1
|1011010110011110011100000000111001> :  0.6995010E-09  0.1000000E-03           1
|0000010101011101011101010011100101> :  0.8988120E-06  0.1000000E-03           1
|1010111100100010000011101110011110> :  0.9843553E-05  0.1000000E-03           1
|1011010100001110100100101110011001> :  0.1125919E-04  0.1000000E-03           1
|0001010101001111011110101110001001> :  0.5997881E-04  0.1000000E-03           1
|1000101101100011100011011110001110> :  0.7046843E-06  0.1000000E-03           1
|1000011101100010010011010100110110> :  0.1003076E-04  0.1000000E-03           1
|1000011101100010010011010110010110> :  0.1650906E-04  0.1000000E-03           1
|1100101100100101100101101100111111> :  0.1072101E-10  0.1000000E-03           1
|0010010100011110011110110110000101> :  0.4194212E-04  0.1000000E-03           1
|0010010100011110011110110011000101> :  0.3205327E-04  0.1000000E-03           1
|1000011101100011010011100110000110> :  0.7139821E-04  0.1000000E-03           1
|1001011001101010100001001100111110> :  0.7360227E-09  0.1000000E-03           1
|1010011101101001010010011110010110> :  0.4603489E-07  0.1000000E-03           1
|1010011101101010111010111110000110> :  0.4888152E-09  0.1000000E-03           1
|0010010100010110011111000110000101> :  0.2688815E-07  0.1000000E-03           1
|1101010011011101011100000001101000> :  0.9624405E-07  0.1000000E-03           1
|0001010101001111011100001110101001> :  0.1445020E-04  0.1000000E-03           1
|0101000011011101111000000001101000> :  0.2021790E-04  0.1000000E-03           1
|1010011110100010010011011100110110> :  0.2270517E-04  0.1000000E-03           1
|1010011110101010010010111011010110> :  0.3041723E-05  0.1000000E-03           1
|1010011110101010010010111100010110> :  0.5477278E-05  0.1000000E-03           1
|1010011110101010100010111000110110> :  0.3462237E-08  0.1000000E-03           1
|1000011110110001010011110001010110> :  0.2754488E-04  0.1000000E-03           1
|0111000010011101001110100001101001> :  0.1643279E-05  0.1000000E-03           1
|0111000000011100111100010011011001> :  0.2848300E-06  0.1000000E-03           1
|1000111101110010000011011110010110> :  0.1958043E-05  0.1000000E-03           1
|0111010011011101011110110011000101> :  0.2318845E-05  0.1000000E-03           1
|1101010011011101010100000100111001> :  0.7680174E-08  0.1000000E-03           1
|1000111101100011000111011110000111> :  0.2407177E-05  0.1000000E-03           1
|1000111101100011000011011100110110> :  0.1069489E-04  0.1000000E-03           1
|1000011111110010010001010001110110> :  0.1086781E-04  0.1000000E-03           1
|0010000100011110111100010011000101> :  0.3481280E-08  0.1000000E-03           1
|1011010011001110100100001100111001> :  0.7699800E-05  0.1000000E-03           1
|1011111100101010000010101110011010> :  0.2510960E-04  0.1000000E-03           1
|1111100011000100100100010101110110> :  0.2130973E-08  0.1000000E-03           1
|1011101101101010100000001100111010> :  0.6039936E-05  0.1000000E-03           1
|1000100100000011100101111110000110> :  0.2611042E-06  0.1000000E-03           1
|1101010011001101010100000001101001> :  0.1603023E-05  0.1000000E-03           1
|1000100101000110100101011100110111> :  0.1277688E-03  0.1000000E-03           1
|1010101100101011100010011110001010> :  0.5412749E-07  0.1000000E-03           1
|1100100101100101101101011110100110> :  0.4476552E-05  0.1000000E-03           1
|1010111100100010100001011100110110> :  0.7523222E-04  0.1000000E-03           1
|1111101011101010100010101100111010> :  0.3868022E-07  0.1000000E-03           1
|1011010010011110001110110011001001> :  0.2591071E-08  0.1000000E-03           1
|1010111100100010010011111110010110> :  0.7170384E-04  0.1000000E-03           1
|1110101001100000100011101111010110> :  0.7685439E-08  0.1000000E-03           1
|1100101001100001100011111100100110> :  0.2890663E-07  0.1000000E-03           1
|1111101011101000100000001001111010> :  0.2489395E-04  0.1000000E-03           1
|1101000011011111011110100011001001> :  0.1147811E-07  0.1000000E-03           1
|1111101010101011100000101110101010> :  0.1677135E-06  0.1000000E-03           1
|1010111100100010000011011110010110> :  0.2555040E-03  0.1000000E-03           1
|1101000011001101110100000101101001> :  0.1403212E-05  0.1000000E-03           1
|0011010100111101010110100011001001> :  0.2017298E-06  0.1000000E-03           1
|1010111010100011000011111000010110> :  0.4982972E-07  0.1000000E-03           1
|1111101010101010100000011100111010> :  0.1038178E-03  0.1000000E-03           1
|1111101010110000100000011001110110> :  0.2233744E-05  0.1000000E-03           1
|1011101010110000100000100001010110> :  0.2194271E-08  0.1000000E-03           1
|1100101010110001010011110011000110> :  0.4701284E-04  0.1000000E-03           1
|1100101011100001100001010001110110> :  0.7737822E-05  0.1000000E-03           1
|1000110111000111100101011000100001> :  0.7964178E-09  0.1000000E-03           1
|1101101001101010100001011100111010> :  0.1712277E-06  0.1000000E-03           1
|1000101111100011100011101110100110> :  0.6778903E-07  0.1000000E-03           1
|1011110010001100100100011100110001> :  0.1038887E-05  0.1000000E-03           1
|0011010100101110011110101110001001> :  0.1120710E-05  0.1000000E-03           1
|0101000011011101101100000001101001> :  0.7170384E-04  0.1000000E-03           1
|1010101110110010100001011000110110> :  0.4989754E-05  0.1000000E-03           1
|1010101110100010100001011100110110> :  0.2008724E-03  0.1000000E-03           1
|1001110010000110101101011100110001> :  0.2643239E-08  0.1000000E-03           1
|1000101101110010100011011110100110> :  0.2760235E-07  0.1000000E-03           1
|1101101000100001101001101011001010> :  0.2354371E-08  0.1000000E-03           1
|1111101010111000101010110011000000> :  0.5598534E-08  0.1000000E-03           1
|0011010100011111011110100111001001> :  0.6533179E-07  0.1000000E-03           1
|1000011101101011010011101110001010> :  0.2936127E-03  0.1000000E-03           1
|1000101101100011101011101110000110> :  0.2476256E-03  0.1000000E-03           1
|1001011101101011010010101110001010> :  0.5473011E-04  0.1000000E-03           1
|1011011101101010010110101110011011> :  0.3884507E-06  0.1000000E-03           1
|1000011101101010010011101110011010> :  0.9213684E-04  0.1000000E-03           1
|1011100100001110100101011100110001> :  0.2343146E-05  0.1000000E-03           1
|0011010100011110011110110110001001> :  0.5713979E-04  0.1000000E-03           1
|0011010010011100011100101100111001> :  0.1613019E-06  0.1000000E-03           1
|1000101101100010110001010101110110> :  0.2343409E-05  0.1000000E-03           1
|1011011100101010010011101110011010> :  0.3742172E-05  0.1000000E-03           1
|1000101101100010100011011100010110> :  0.3201106E-05  0.1000000E-03           1
|1000101101100010100001010100110110> :  0.1694233E-04  0.1000000E-03           1
|1011011100101010010010101100111010> :  0.6336283E-05  0.1000000E-03           1
|1111100010001110100110011110010001> :  0.1261430E-05  0.1000000E-03           1
|1100101101100001101011101110000110> :  0.2325959E-03  0.1000000E-03           1
|1100101101100001101011011110000110> :  0.6771425E-04  0.1000000E-03           1
|0011010100011110011110100110001000> :  0.2223443E-05  0.1000000E-03           1
|0111000010011100111100100011001001> :  0.1069489E-04  0.1000000E-03           1
|1011011100101010000010101110001010> :  0.3652137E-04  0.1000000E-03           1
|1010011100100010010010111110011010> :  0.7675226E-05  0.1000000E-03           1
|1100101101000001101101011110100110> :  0.3261251E-05  0.1000000E-03           1
|1010101100110010100001011101110110> :  0.2254991E-05  0.1000000E-03           1
|1100011011111001100001000001111010> :  0.6639448E-07  0.1000000E-03           1
|1110011011111001010011100001011010> :  0.4098713E-08  0.1000000E-03           1
|1101011011111001010010100001011010> :  0.1418074E-04  0.1000000E-03           1
|1111100010001010100000011100110001> :  0.4634178E-05  0.1000000E-03           1
|1011011011101010010010001100111010> :  0.9348296E-04  0.1000000E-03           1
|1010101100100110100000011100110110> :  0.2250484E-05  0.1000000E-03           1
|1000101100100011101011111110000110> :  0.4810215E-04  0.1000000E-03           1
|1111100001001000101100011101110001> :  0.2619029E-09  0.1000000E-03           1
|1010101100100011101011111100000110> :  0.1301847E-05  0.1000000E-03           1
|1101011010111001010010010011101010> :  0.3473889E-07  0.1000000E-03           1
|1010101100100010100101011100110111> :  0.1461341E-04  0.1000000E-03           1
|1111011010111000010010100001011010> :  0.4188294E-04  0.1000000E-03           1
|1111100000001110101100011110100001> :  0.1456801E-04  0.1000000E-03           1
|1101011001101001010010101110001010> :  0.2584130E-04  0.1000000E-03           1
|1011011000101010010010101110011010> :  0.1202411E-04  0.1000000E-03           1
|1001011011111011010010100001010000> :  0.2694998E-08  0.1000000E-03           1
|1010101100100110100001111110010110> :  0.1554098E-04  0.1000000E-03           1
|1010101100100110101101011110100110> :  0.3611057E-06  0.1000000E-03           1
|1000101100100111101001111110010110> :  0.2970977E-08  0.1000000E-03           1
|1010101100101010110010111110010110> :  0.3860931E-05  0.1000000E-03           1
|0000010100011101011111100011001001> :  0.6950579E-04  0.1000000E-03           1
|1011101100100010100010111110010110> :  0.3918131E-04  0.1000000E-03           1
|1111010000001001010010101110001010> :  0.4433248E-07  0.1000000E-03           1
|1100101101100001010001010100110110> :  0.4391466E-06  0.1000000E-03           1
|1010101100100010100001111100110110> :  0.6907351E-04  0.1000000E-03           1
|1010101100100010100001011110100110> :  0.2156615E-05  0.1000000E-03           1
|1111001010111001010010100011001010> :  0.7369235E-06  0.1000000E-03           1
|1011010101000110010100011110110001> :  0.6051697E-08  0.1000000E-03           1
|1100001010110001010011100001011010> :  0.1026237E-07  0.1000000E-03           1
|1010101100100010010011111110110110> :  0.2136859E-07  0.1000000E-03           1
|1101001001101001110000000110111010> :  0.3658673E-08  0.1000000E-03           1
|1011010100011110010110101110000001> :  0.1433589E-05  0.1000000E-03           1
|0111010010011100010110100001011001> :  0.5667561E-05  0.1000000E-03           1
|1100101101100010000011011100110110> :  0.2523398E-06  0.1000000E-03           1
|0111000011011101010110000010001001> :  0.4077091E-09  0.1000000E-03           1
|1010101100100010010001111110000110> :  0.1186766E-06  0.1000000E-03           1
|1100101100100001100011111111000110> :  0.8622246E-04  0.1000000E-03           1
|1101000011011101110100000001101011> :  0.4199691E-05  0.1000000E-03           1
|1010101100100000100011110111010110> :  0.1238211E-05  0.1000000E-03           1
|1010111100101010010011111110010010> :  0.5599941E-05  0.1000000E-03           1
|1011010100001110101100011110100001> :  0.3714228E-04  0.1000000E-03           1
|1000101011110010100001010000100110> :  0.3721830E-07  0.1000000E-03           1
|1100101011110001110001011100110110> :  0.1123104E-05  0.1000000E-03           1
|1011111100101010000010111110010010> :  0.4787698E-04  0.1000000E-03           1
|1100101011110001100111010001110111> :  0.5468751E-06  0.1000000E-03           1
|1000101101100011100001011110110110> :  0.3177512E-05  0.1000000E-03           1
|1100101011110001100011100011000110> :  0.8809640E-04  0.1000000E-03           1
|1001101111111001010010010001110010> :  0.2412545E-07  0.1000000E-03           1
|0000010100011100011111110011001001> :  0.1056427E-07  0.1000000E-03           1
|1100101011110001100011100001010110> :  0.4624419E-04  0.1000000E-03           1
|1100101101100101100001011100110110> :  0.2808838E-04  0.1000000E-03           1
|1100101101110001010011010011000110> :  0.4581103E-04  0.1000000E-03           1
|1100101101110001010011100011000110> :  0.5162305E-04  0.1000000E-03           1
|1101101101110001100001010101110110> :  0.4792285E-06  0.1000000E-03           1
|1100101011110001100011010011000110> :  0.8478064E-04  0.1000000E-03           1
|1001101101100010100010011110010010> :  0.2981325E-06  0.1000000E-03           1
|1010101110100010100000010011110110> :  0.1731322E-08  0.1000000E-03           1
|1100101011110001100001011001110110> :  0.1109082E-04  0.1000000E-03           1
|1010101110100010100001111100110110> :  0.6799416E-06  0.1000000E-03           1
|1000101101100010100001011100110010> :  0.1588696E-04  0.1000000E-03           1
|1000101111100010100001011100110110> :  0.1500965E-03  0.1000000E-03           1
|1110101011110001100001010001110110> :  0.1633064E-05  0.1000000E-03           1
|1011101100101010100000011100110010> :  0.3793359E-04  0.1000000E-03           1
|1000101111110010100001010001110110> :  0.1897119E-04  0.1000000E-03           1
|1010110100000010000011111110010110> :  0.2250089E-04  0.1000000E-03           1
|1001111010100010000010111110010110> :  0.2397193E-06  0.1000000E-03           1
|1010111010100010000011011011000110> :  0.2675902E-08  0.1000000E-03           1
|1100101011110001010011010011000110> :  0.1147817E-03  0.1000000E-03           1
|1010111010111010100001010001110110> :  0.7683034E-08  0.1000000E-03           1
|1010101100100010101001011100110010> :  0.8588587E-07  0.1000000E-03           1
|0111010010011100010100100001111001> :  0.6885126E-04  0.1000000E-03           1
|1010111100100010000011101110010110> :  0.4735801E-04  0.1000000E-03           1
|1010111100100010000011110010010110> :  0.3659486E-05  0.1000000E-03           1
|1010111100100010000011111110000110> :  0.1168201E-03  0.1000000E-03           1
|1110101011100110101001011110100110> :  0.3371564E-08  0.1000000E-03           1
|1101101011100011100000111100110110> :  0.5101817E-06  0.1000000E-03           1
|1100101011100010100011011011000110> :  0.2348203E-06  0.1000000E-03           1
|1101101011100010100001011100110110> :  0.3778815E-04  0.1000000E-03           1
|1100101011100010100001001100110110> :  0.2902967E-04  0.1000000E-03           1
|1000111100101011000001011100110110> :  0.1953065E-08  0.1000000E-03           1
|1010111100110000000011111111010110> :  0.1735437E-06  0.1000000E-03           1
|1010111100110010000011111011010110> :  0.4011575E-05  0.1000000E-03           1
|1111101011100010100000011100110110> :  0.6950579E-04  0.1000000E-03           1
|1111101011100010100000001100110110> :  0.8273118E-06  0.1000000E-03           1
|1011010100001110001110111110000001> :  0.2920042E-05  0.1000000E-03           1
|1100101011100001100011101011000110> :  0.2245200E-04  0.1000000E-03           1
|1100101011100001100011011001010110> :  0.1019537E-04  0.1000000E-03           1
|1100101011100001100001011101100110> :  0.2667543E-06  0.1000000E-03           1
|1111101010101010100000111100110010> :  0.1251662E-03  0.1000000E-03           1
|1011010100001010010110111110010001> :  0.9095161E-05  0.1000000E-03           1
|1000111101101010000011101110010110> :  0.6258708E-06  0.1000000E-03           1
|1101101011100001100001011001110110> :  0.4096591E-04  0.1000000E-03           1
|1000111110100001000011111001000110> :  0.3146298E-07  0.1000000E-03           1
|1100101011100001100001011001100110> :  0.3047500E-04  0.1000000E-03           1
|1011101010101010100000011100110010> :  0.1069817E-04  0.1000000E-03           1
|1000011101100011010011101110001110> :  0.1709063E-03  0.1000000E-03           1
|1010011101111010010010010100111110> :  0.8789324E-08  0.1000000E-03           1
|0011010100001110101100011110101001> :  0.6884529E-04  0.1000000E-03           1
|1100101101100001100011101110001110> :  0.1279503E-03  0.1000000E-03           1
|0111000000001110011100101111001001> :  0.2377919E-07  0.1000000E-03           1
|1000101101100011100011101110001110> :  0.1587444E-03  0.1000000E-03           1
|0101010011011100011110100011000001> :  0.3026649E-07  0.1000000E-03           1
|1000111101100000000011101111001110> :  0.3455413E-07  0.1000000E-03           1
|1000111101100010000011101110011110> :  0.3329051E-04  0.1000000E-03           1
|1000111111100010000011011110011110> :  0.3890168E-07  0.1000000E-03           1
|0111010000001101001110110111000001> :  0.6078037E-09  0.1000000E-03           1
