# state, exact probability, frequency, count:
#------------------------------------------------------------------
|0101110111001011010101000> :  0.3839959E+00  0.3813000E+00        3813
|1010001000110100101010111> :  0.3839959E+00  0.3810000E+00        3810
|1010101000110100101000111> :  0.6464269E-01  0.6600000E-01         660
|0101010111001011010111000> :  0.6464269E-01  0.6520000E-01         652
|0010101000101100101010111> :  0.3547755E-01  0.3940000E-01         394
|1101010111010011010101000> :  0.3547755E-01  0.3640000E-01         364
|0101111111110010010100000> :  0.1000001E-01  0.1010000E-01         101
|1010000000001101101011111> :  0.1000001E-01  0.9800000E-02          98
|0010101000100100101010111> :  0.1427332E-02  0.1800000E-02          18
|1101010111011011010101000> :  0.1427332E-02  0.1500000E-02          15
|1101010111001011010101000> :  0.1331486E-02  0.1000000E-02          10
|0010101000110100101010111> :  0.1331486E-02  0.6000000E-03           6
|0101110111001011010111000> :  0.1271425E-03  0.4000000E-03           4
|0101110111000011010101000> :  0.1957733E-03  0.3000000E-03           3
|1010001000111100101010111> :  0.1957733E-03  0.3000000E-03           3
|1010001000110100101000111> :  0.1271425E-03  0.3000000E-03           3
|1010101000100100101010111> :  0.2624428E-04  0.2000000E-03           2
|1010000100001101101011110> :  0.1015568E-03  0.2000000E-03           2
|0010101100101100101010111> :  0.1013956E-03  0.2000000E-03           2
|0101111011110010010100001> :  0.1015568E-03  0.2000000E-03           2
|0101010011001010101111100> :  0.2203633E-08  0.1000000E-03           1
|0110111011101000011100001> :  0.3333281E-09  0.1000000E-03           1
|0100101010000010111010001> :  0.2009083E-09  0.1000000E-03           1
|1101111111001011011110000> :  0.3513767E-06  0.1000000E-03           1
|1101110111000011010101000> :  0.8447248E-04  0.1000000E-03           1
|0100011011000001110101110> :  0.6401651E-09  0.1000000E-03           1
|1110101000010100111110111> :  0.3380570E-07  0.1000000E-03           1
|0111001000111111000111001> :  0.8490841E-09  0.1000000E-03           1
|0111101100101100011000101> :  0.1362785E-08  0.1000000E-03           1
|1000100101010000111111001> :  0.8009303E-09  0.1000000E-03           1
|0101110111101011011101010> :  0.9604855E-06  0.1000000E-03           1
|1101000101001011011111000> :  0.2251673E-04  0.1000000E-03           1
|0101110111001111010001100> :  0.3592646E-05  0.1000000E-03           1
|0011011100011000110010001> :  0.3786964E-09  0.1000000E-03           1
|0001110110010011001111000> :  0.5565437E-09  0.1000000E-03           1
|1011101000110101101010111> :  0.1216891E-05  0.1000000E-03           1
|1011010101010101100111110> :  0.1528963E-09  0.1000000E-03           1
|0011001010110001100110011> :  0.3862997E-06  0.1000000E-03           1
|1010100000110110001000111> :  0.6161187E-06  0.1000000E-03           1
|1010010110000100001001111> :  0.4710635E-09  0.1000000E-03           1
|0101110001100110111100011> :  0.3769573E-09  0.1000000E-03           1
|0011000101100011110011001> :  0.2895907E-09  0.1000000E-03           1
|0010001000111100101010111> :  0.8447248E-04  0.1000000E-03           1
|1011100010100011100110001> :  0.2190061E-09  0.1000000E-03           1
|0101100111000010010110011> :  0.6863097E-08  0.1000000E-03           1
|1100110101011010001100001> :  0.4693379E-09  0.1000000E-03           1
|0101010111011010010101000> :  0.1893705E-05  0.1000000E-03           1
|1001111000011001111010000> :  0.1157540E-08  0.1000000E-03           1
|1001110011110110110010001> :  0.7322642E-10  0.1000000E-03           1
|1101010111011010010101000> :  0.7854294E-04  0.1000000E-03           1
|1001100100100101111001000> :  0.3362732E-09  0.1000000E-03           1
|0101010111001001011100000> :  0.5788934E-06  0.1000000E-03           1
|0010000010110000101011111> :  0.3400709E-08  0.1000000E-03           1
|1110011001011000011101010> :  0.1695775E-08  0.1000000E-03           1
|0001000110100100101110011> :  0.7489964E-09  0.1000000E-03           1
|1110101110100011101001100> :  0.8297762E-10  0.1000000E-03           1
|1111111010111000010101100> :  0.1325096E-08  0.1000000E-03           1
|0000110101111111011001001> :  0.7440777E-09  0.1000000E-03           1
