# state, exact probability, frequency, count:
#------------------------------------------------------------------
|000010101111101000100101110101> :  0.7693839E-01  0.7720000E-01         772
|111101010000010111011010001010> :  0.7693839E-01  0.7250000E-01         725
|110010110001000110001011101011> :  0.5301785E-01  0.5420000E-01         542
|001101001110111001110100010100> :  0.5301785E-01  0.5360000E-01         536
|011101001110111001110000010100> :  0.3741367E-01  0.3800000E-01         380
|100010110001000110001111101011> :  0.3741367E-01  0.3720000E-01         372
|110010110001001110001011001011> :  0.3332781E-01  0.3350000E-01         335
|001101001110110001110100110100> :  0.3332781E-01  0.3210000E-01         321
|000101001111111001110100010100> :  0.3034824E-01  0.3110000E-01         311
|111010110000000110001011101011> :  0.3034824E-01  0.3070000E-01         307
|000010001101000110101101101001> :  0.2748031E-01  0.2900000E-01         290
|111101010100010111011000001010> :  0.2792900E-01  0.2820000E-01         282
|111101110010111001010010010110> :  0.2748031E-01  0.2740000E-01         274
|000010101011101000100111110101> :  0.2792900E-01  0.2640000E-01         264
|000110001111101000100101110101> :  0.2443460E-01  0.2600000E-01         260
|111001110000010111011010001010> :  0.2443460E-01  0.2340000E-01         234
|011101001110110001110000110100> :  0.2141971E-01  0.2240000E-01         224
|000001101111101000100101110101> :  0.2031394E-01  0.2240000E-01         224
|111101010000110111011010000010> :  0.2104524E-01  0.2200000E-01         220
|111110010000010111011010001010> :  0.2031394E-01  0.2040000E-01         204
|100010110001001110001111001011> :  0.2141971E-01  0.2010000E-01         201
|000010101111001000100101111101> :  0.2104524E-01  0.1900000E-01         190
|111010110000001110001011001011> :  0.1705127E-01  0.1720000E-01         172
|011101011110111001010000010100> :  0.1360208E-01  0.1450000E-01         145
|100010100001000110101111101011> :  0.1360208E-01  0.1420000E-01         142
|000101001111110001110100110100> :  0.1705127E-01  0.1370000E-01         137
|111010110000010111011010001010> :  0.1206735E-01  0.1300000E-01         130
|111101010100110111011000000010> :  0.9781150E-02  0.1200000E-01         120
|000101001111101000100101110101> :  0.1206735E-01  0.1150000E-01         115
|000010101011001000100111111101> :  0.9781150E-02  0.1060000E-01         106
|100010101001000110101111101001> :  0.7042508E-02  0.8900000E-02          89
|011101010110111001010000010110> :  0.7042508E-02  0.7700000E-02          77
|111110010000000110001011101011> :  0.8106319E-02  0.7600000E-02          76
|000001101111111001110100010100> :  0.8106319E-02  0.7400000E-02          74
|000001001101110110111100101000> :  0.4399426E-02  0.5900000E-02          59
|000101001101110110111100100000> :  0.5234179E-02  0.5500000E-02          55
|000001101111110001110100110100> :  0.5096906E-02  0.5400000E-02          54
|111110110010001001000011010111> :  0.4399426E-02  0.5000000E-02          50
|000001001101110110101100101001> :  0.3789197E-02  0.4800000E-02          48
|111010110010001001000011011111> :  0.5234179E-02  0.4400000E-02          44
|111110010000001110001011001011> :  0.5096906E-02  0.4300000E-02          43
|111110110010001001010011010110> :  0.3789197E-02  0.4100000E-02          41
|000101001101110110101100100001> :  0.3331172E-02  0.3900000E-02          39
|000101011101110110111100000000> :  0.2226448E-02  0.2800000E-02          28
|111010110010001001010011011110> :  0.3331172E-02  0.2400000E-02          24
|111010100010001001000011111111> :  0.2226448E-02  0.2000000E-02          20
|110010110011001001000011011111> :  0.2174427E-02  0.2000000E-02          20
|111110100010001001000011110111> :  0.1480940E-02  0.2000000E-02          20
|110010110011001001010011011110> :  0.1335400E-02  0.1900000E-02          19
|001101001100110110111100100000> :  0.2174427E-02  0.1700000E-02          17
|111110110000001100000011010011> :  0.1379055E-02  0.1500000E-02          15
|110010110001010111011010001010> :  0.1119229E-02  0.1500000E-02          15
|001101011100110110111100000000> :  0.1236703E-02  0.1500000E-02          15
|000011001101010110101100101001> :  0.1129093E-02  0.1400000E-02          14
|110010100011001001000011111111> :  0.1236703E-02  0.1300000E-02          13
|111100110010101001010011010110> :  0.1129093E-02  0.1300000E-02          13
|001101001110101000100101110101> :  0.1119229E-02  0.1200000E-02          12
|111100110010101001000011010111> :  0.9867100E-03  0.9000000E-03           9
|000011001101010110111100101000> :  0.9867100E-03  0.9000000E-03           9
|000001001111110011111100101100> :  0.1379055E-02  0.9000000E-03           9
|111010110000001100000011011011> :  0.1135512E-02  0.9000000E-03           9
|000101001111110011111100100100> :  0.1135512E-02  0.9000000E-03           9
|000001001101100110101101101001> :  0.9825102E-03  0.9000000E-03           9
|111100110000101100000011010011> :  0.5197839E-03  0.8000000E-03           8
|111100010000101100001011010011> :  0.5412705E-03  0.8000000E-03           8
|000001011101110110111100001000> :  0.1480940E-02  0.8000000E-03           8
|001101001100110110101100100001> :  0.1335400E-02  0.7000000E-03           7
|001101001110110011111100100100> :  0.6568941E-03  0.7000000E-03           7
|111100100010101001000011110111> :  0.2807477E-03  0.6000000E-03           6
|111101011100110111011000000000> :  0.6842750E-03  0.6000000E-03           6
|111110110010011001010010010110> :  0.9825102E-03  0.6000000E-03           6
|110010110011011001010010011110> :  0.2733668E-03  0.5000000E-03           5
|000011001111010011111100101100> :  0.5197839E-03  0.5000000E-03           5
|011101001110110011111000100100> :  0.3360037E-03  0.5000000E-03           5
|000101001101100110101101100001> :  0.6779191E-03  0.5000000E-03           5
|000001101111110011110100101100> :  0.8325576E-03  0.5000000E-03           5
|111010110010011001010010011110> :  0.6779191E-03  0.4000000E-03           4
|000010100011001000100111111111> :  0.6842750E-03  0.4000000E-03           4
|110011111001010111011000001010> :  0.2715261E-03  0.4000000E-03           4
|100010110001001100000111011011> :  0.3360037E-03  0.4000000E-03           4
|111110010000001100001011010011> :  0.8325576E-03  0.4000000E-03           4
|000101001101101100101101110101> :  0.3178595E-03  0.4000000E-03           4
|111010110000001111011011001010> :  0.6500931E-04  0.4000000E-03           4
|000011101111010001110100111100> :  0.2499135E-03  0.4000000E-03           4
|011101011100110110011100000000> :  0.3406324E-03  0.3000000E-03           3
|111100010000101110001011000011> :  0.2499135E-03  0.3000000E-03           3
|000011001101000110101101101001> :  0.2003312E-03  0.3000000E-03           3
|110011011101010111011000001010> :  0.3854149E-03  0.3000000E-03           3
|000010001101100110101101101001> :  0.1068091E-03  0.3000000E-03           3
|001000100011101000100111110101> :  0.3603459E-03  0.3000000E-03           3
|000011011101010110111100001000> :  0.2807477E-03  0.3000000E-03           3
|100001101011111001110000010100> :  0.2293465E-03  0.3000000E-03           3
|001100000110101000100111110101> :  0.2715261E-03  0.3000000E-03           3
|011101011110110011011000000000> :  0.1539331E-03  0.3000000E-03           3
|000101001111101000101101110101> :  0.9891111E-04  0.3000000E-03           3
|111100100010101001100011110101> :  0.1319305E-03  0.2000000E-03           2
|000001101111110001110100111100> :  0.1399054E-03  0.2000000E-03           2
|000010100001000110101111101011> :  0.3517003E-04  0.2000000E-03           2
|110011110001010111011010001010> :  0.4750857E-04  0.2000000E-03           2
|000010011101000110001101101011> :  0.1017184E-03  0.2000000E-03           2
|001101001100100110101101100001> :  0.2733668E-03  0.2000000E-03           2
|100010101001101100100111110101> :  0.5796268E-04  0.2000000E-03           2
|100010101001001100101111101101> :  0.8529580E-04  0.2000000E-03           2
|100010101001001100100111111101> :  0.1228392E-03  0.2000000E-03           2
|000010101101000110101101101001> :  0.1738163E-04  0.2000000E-03           2
|000010001101001100101101101101> :  0.1263595E-04  0.2000000E-03           2
|110010110001001100000011011011> :  0.6568941E-03  0.2000000E-03           2
|000110001101101100101101110101> :  0.2351951E-03  0.2000000E-03           2
|000011011101010110011100001010> :  0.1319305E-03  0.2000000E-03           2
|111001110000010111011010101010> :  0.1618535E-04  0.2000000E-03           2
|111001110010011001010010011110> :  0.8649249E-04  0.2000000E-03           2
|000010101011101001100111110101> :  0.2699119E-04  0.2000000E-03           2
|111001110001010111011010001010> :  0.1683011E-04  0.2000000E-03           2
|011110010100001110001111001011> :  0.2013345E-03  0.2000000E-03           2
|000010011101001110101101001001> :  0.3670301E-04  0.2000000E-03           2
|111110010000001110001011000011> :  0.1399054E-03  0.2000000E-03           2
|000101001111101000110100010101> :  0.4218880E-04  0.2000000E-03           2
|000010101011000110100111101001> :  0.1241417E-03  0.2000000E-03           2
|111101110010101001010010010110> :  0.8992691E-04  0.2000000E-03           2
|011101010110101100010100010011> :  0.1327141E-04  0.2000000E-03           2
|111101010100111001011000010110> :  0.1241417E-03  0.2000000E-03           2
|111101001100111001111000010100> :  0.8359585E-04  0.2000000E-03           2
|011101001110101001100001110101> :  0.1957121E-03  0.2000000E-03           2
|000010100011000110100111101011> :  0.1359333E-03  0.2000000E-03           2
|011101011110110011010000010000> :  0.1294559E-03  0.2000000E-03           2
|011101010100110111011000000010> :  0.4232392E-04  0.2000000E-03           2
|111010110010010011010010001010> :  0.3178595E-03  0.2000000E-03           2
|000010100011000010100111101111> :  0.8464436E-04  0.2000000E-03           2
|111010110000010011011010001010> :  0.3800333E-04  0.2000000E-03           2
|111010110000001100001011001011> :  0.1372401E-03  0.2000000E-03           2
|000011101111010011110100101100> :  0.5412705E-03  0.2000000E-03           2
|111101010100101110001001000011> :  0.3475816E-04  0.2000000E-03           2
|010110001010010001010110111110> :  0.9681378E-10  0.1000000E-03           1
|010010101110101000000101110101> :  0.2663176E-05  0.1000000E-03           1
|000011100011101000100111111111> :  0.4447201E-07  0.1000000E-03           1
|010010011111001010000101001001> :  0.1176711E-07  0.1000000E-03           1
|111001110000010111111010001010> :  0.8908954E-06  0.1000000E-03           1
|010010001110001000100111111101> :  0.9770059E-07  0.1000000E-03           1
|000011011111010011011100001010> :  0.5838901E-05  0.1000000E-03           1
|010010001100000111101001101001> :  0.3490936E-06  0.1000000E-03           1
|110111011100010111011000001010> :  0.3603459E-03  0.1000000E-03           1
|010000000101000110001011101011> :  0.2610957E-08  0.1000000E-03           1
|001110101110110001110110110100> :  0.2054133E-06  0.1000000E-03           1
|110100110010001001010011010110> :  0.3468909E-08  0.1000000E-03           1
|001101101110110001111100101100> :  0.7046762E-06  0.1000000E-03           1
|000010011111111010101101001001> :  0.3604700E-07  0.1000000E-03           1
|001101101010001000100111110101> :  0.3461951E-06  0.1000000E-03           1
|110010111000010110000010111001> :  0.1159164E-08  0.1000000E-03           1
|001101011110111001110100010100> :  0.1730922E-04  0.1000000E-03           1
|110010110011001001011011001110> :  0.2185834E-07  0.1000000E-03           1
|001101011110101100100101010001> :  0.1297945E-04  0.1000000E-03           1
|110010110010101100000011110011> :  0.1369004E-06  0.1000000E-03           1
|001101011100101110111100000001> :  0.1376498E-04  0.1000000E-03           1
|110010110001001110000011001011> :  0.9909382E-04  0.1000000E-03           1
|001101011100101100111100010001> :  0.2457815E-04  0.1000000E-03           1
|110010110001001100001011001011> :  0.9815086E-04  0.1000000E-03           1
|001101001110111001110110010100> :  0.1609332E-05  0.1000000E-03           1
|110010110001000110011010101010> :  0.3033662E-05  0.1000000E-03           1
|001101001110111001110100011100> :  0.2135916E-05  0.1000000E-03           1
|000010011101001110001101001011> :  0.1351390E-03  0.1000000E-03           1
|110010101011101001000011010101> :  0.6337771E-09  0.1000000E-03           1
|110010101001001100001101101110> :  0.3199635E-09  0.1000000E-03           1
|000010111111101010101101101001> :  0.9953303E-08  0.1000000E-03           1
|001101001110110011110100110100> :  0.9815086E-04  0.1000000E-03           1
|101101011000101100111110010001> :  0.1187046E-08  0.1000000E-03           1
|001101001110110001111100110100> :  0.9909382E-04  0.1000000E-03           1
|000010111111101000110000010101> :  0.5504441E-08  0.1000000E-03           1
|101101010001010111111110001010> :  0.2034839E-05  0.1000000E-03           1
|001101001110101001110100010100> :  0.4172409E-04  0.1000000E-03           1
|000010111111100000100101010101> :  0.2558084E-05  0.1000000E-03           1
|001101001110101000101101110101> :  0.2431991E-04  0.1000000E-03           1
|101001111100110011110000001000> :  0.1054313E-08  0.1000000E-03           1
|000010111011010010000110101010> :  0.2234560E-08  0.1000000E-03           1
|000010010101001110001111001011> :  0.1299133E-03  0.1000000E-03           1
|000001101111110001110000110100> :  0.5730633E-04  0.1000000E-03           1
|100110101001000110100101111001> :  0.1723726E-07  0.1000000E-03           1
|100110000000010110001111101010> :  0.1931372E-08  0.1000000E-03           1
|000010110011000110000111101011> :  0.8359585E-04  0.1000000E-03           1
|100010110011001110001111001010> :  0.2916642E-06  0.1000000E-03           1
|001100001110111001100100010100> :  0.1689793E-06  0.1000000E-03           1
|000010101111101000110100110100> :  0.5924366E-05  0.1000000E-03           1
|000010010101000110001111101011> :  0.9097557E-04  0.1000000E-03           1
|001100001110101000100101110101> :  0.4750857E-04  0.1000000E-03           1
|100010110001011111011110001011> :  0.8933102E-06  0.1000000E-03           1
|100010110001011111001111001010> :  0.1339390E-05  0.1000000E-03           1
|001010110111010110010111011010> :  0.5501749E-08  0.1000000E-03           1
|100010110001010100010110110110> :  0.2204502E-08  0.1000000E-03           1
|001010110011010110011110011010> :  0.1772217E-08  0.1000000E-03           1
|000010101111001111100101101000> :  0.4382727E-07  0.1000000E-03           1
|000001101111110001100100110100> :  0.6163297E-05  0.1000000E-03           1
|000001001111110001110110110110> :  0.5978554E-08  0.1000000E-03           1
|001010100110101000100101110101> :  0.4484791E-05  0.1000000E-03           1
|100010110001010110011110001010> :  0.1957121E-03  0.1000000E-03           1
|100010110001010111011010001010> :  0.1695128E-04  0.1000000E-03           1
|100010101101001000101101111101> :  0.1424935E-05  0.1000000E-03           1
|100010101011110001110010110100> :  0.1027935E-04  0.1000000E-03           1
|100010110001100110001111100001> :  0.1469853E-05  0.1000000E-03           1
|100010110001110110001110100011> :  0.1124652E-07  0.1000000E-03           1
|100010110001110111111000001010> :  0.2877545E-09  0.1000000E-03           1
|100010110011000110000111111010> :  0.4457815E-07  0.1000000E-03           1
|001001110111111001000100010010> :  0.8221329E-09  0.1000000E-03           1
|100010111001000000101111101101> :  0.3763643E-06  0.1000000E-03           1
|100010101011101001100011110100> :  0.1686708E-05  0.1000000E-03           1
|100110011011101101110011010000> :  0.3116699E-08  0.1000000E-03           1
|100010101011010011100011101110> :  0.1546770E-07  0.1000000E-03           1
|101001100001110011111010000110> :  0.1240392E-07  0.1000000E-03           1
|001001101010001000100111111101> :  0.9848898E-06  0.1000000E-03           1
|101010100001000110101111101011> :  0.4908895E-05  0.1000000E-03           1
|101010111000000110001111101011> :  0.1559672E-05  0.1000000E-03           1
|101100101010111001100011010100> :  0.1867781E-07  0.1000000E-03           1
|101101001100110011110000100000> :  0.4517349E-07  0.1000000E-03           1
|101101001100110101110100110100> :  0.1869768E-05  0.1000000E-03           1
|100010101011010001110010111100> :  0.4157184E-04  0.1000000E-03           1
|101101010001110111111110000010> :  0.7152712E-06  0.1000000E-03           1
|100010101011001001110011011100> :  0.8702731E-05  0.1000000E-03           1
|101110010000000111001111101011> :  0.2612814E-06  0.1000000E-03           1
|110001111001101110001011001011> :  0.6394211E-06  0.1000000E-03           1
|110010001101001101101011101101> :  0.7436413E-08  0.1000000E-03           1
|000010101111001000100101101101> :  0.9465009E-05  0.1000000E-03           1
|000010001101010110101101101001> :  0.8992691E-04  0.1000000E-03           1
|100010101001010110111101001001> :  0.2888285E-07  0.1000000E-03           1
|110010110000100110001011110011> :  0.8797425E-06  0.1000000E-03           1
|000110010011010011111010001010> :  0.2411238E-08  0.1000000E-03           1
|100010101001010011111010101100> :  0.1746151E-04  0.1000000E-03           1
|000110010011010010011110001011> :  0.7871435E-08  0.1000000E-03           1
|000010101111000110100101101001> :  0.6053109E-04  0.1000000E-03           1
|100010101001001100100011111101> :  0.4535896E-07  0.1000000E-03           1
|100010100011001100100111111111> :  0.4644158E-06  0.1000000E-03           1
|110010110001010110001011101011> :  0.4172409E-04  0.1000000E-03           1
|000110001110101000100101110101> :  0.1683011E-04  0.1000000E-03           1
|000001101111101101100100010001> :  0.3936029E-08  0.1000000E-03           1
|100010100011001001100011111111> :  0.3406324E-03  0.1000000E-03           1
|100010100011001000100111111111> :  0.6823016E-04  0.1000000E-03           1
|100010100001011100101111001011> :  0.5468146E-06  0.1000000E-03           1
|100010100001001110011111101011> :  0.1261480E-05  0.1000000E-03           1
|000110001101100110101101100001> :  0.8649249E-04  0.1000000E-03           1
|000010101011110001100111110100> :  0.9397450E-05  0.1000000E-03           1
|100010100001001001101011101111> :  0.2635275E-05  0.1000000E-03           1
|000101100111101000100110110111> :  0.8490342E-09  0.1000000E-03           1
|100010001111000111101001101001> :  0.2964937E-06  0.1000000E-03           1
|110110001111101000100001110101> :  0.9518056E-06  0.1000000E-03           1
|110110011100110111001011100010> :  0.1458191E-06  0.1000000E-03           1
|100010001101001110001101001001> :  0.2260893E-08  0.1000000E-03           1
|111001110000010011011010001010> :  0.2944842E-04  0.1000000E-03           1
|000101011111110000100100110000> :  0.1478757E-06  0.1000000E-03           1
|000010001101001010101101100101> :  0.1236891E-06  0.1000000E-03           1
|100010001101001000100001111101> :  0.1107498E-06  0.1000000E-03           1
|111001110000110111111000000010> :  0.1667703E-07  0.1000000E-03           1
|100001101101111111111000000000> :  0.1620666E-06  0.1000000E-03           1
|111001110001110111011110101010> :  0.1541771E-08  0.1000000E-03           1
|111111010000010111011010001010> :  0.3248248E-04  0.1000000E-03           1
|111010100000001001011010101111> :  0.1989494E-08  0.1000000E-03           1
|100001101001101001000001110111> :  0.1782593E-08  0.1000000E-03           1
|111010100010010011010010101110> :  0.7361554E-05  0.1000000E-03           1
|000101001111111001110101010100> :  0.9243762E-06  0.1000000E-03           1
|111110111000000110001001100011> :  0.2975237E-07  0.1000000E-03           1
|011110110010010010010111010110> :  0.1639650E-07  0.1000000E-03           1
|011101111110111011110100010100> :  0.2393209E-08  0.1000000E-03           1
|111110010100101111001010000011> :  0.6452006E-08  0.1000000E-03           1
|111110010100010111011010001010> :  0.1135762E-04  0.1000000E-03           1
|011101101110111001111000000100> :  0.1254327E-05  0.1000000E-03           1
|000010101011010001110110111100> :  0.3475816E-04  0.1000000E-03           1
|011101100010101001000010010110> :  0.7341798E-08  0.1000000E-03           1
|011101100010010011011010101010> :  0.9927250E-09  0.1000000E-03           1
|000101001111110011110100110100> :  0.1372401E-03  0.1000000E-03           1
|111110010000010111001011101010> :  0.1185134E-04  0.1000000E-03           1
|111110010000010010011010001011> :  0.6356605E-06  0.1000000E-03           1
|111110010000001110000011001011> :  0.2079510E-06  0.1000000E-03           1
|111110010000001000001111111111> :  0.5136318E-09  0.1000000E-03           1
|011101011100101100011100010001> :  0.4249470E-04  0.1000000E-03           1
|111101110110010111010000001010> :  0.2125240E-05  0.1000000E-03           1
|011101011100101001101001110100> :  0.4634257E-08  0.1000000E-03           1
|000001101111111001110100011100> :  0.5223104E-04  0.1000000E-03           1
|011101011100010011011000011110> :  0.3463627E-08  0.1000000E-03           1
|111101101010111001110000010100> :  0.9097557E-04  0.1000000E-03           1
|011101010110110011011000000010> :  0.1228392E-03  0.1000000E-03           1
|011101010110110011010000010010> :  0.8529580E-04  0.1000000E-03           1
|000101001111101000100100110101> :  0.2026699E-04  0.1000000E-03           1
|000010101001001101101001101101> :  0.3416102E-07  0.1000000E-03           1
|111101010100110011011000000010> :  0.2157272E-04  0.1000000E-03           1
|000101001111010001010100110110> :  0.5362720E-06  0.1000000E-03           1
|011101010100110110011100000010> :  0.1318911E-03  0.1000000E-03           1
|111101010010011001011010001111> :  0.3118092E-07  0.1000000E-03           1
|111101010000111101011010010010> :  0.5742942E-04  0.1000000E-03           1
|011101010100001110011100001011> :  0.9097194E-05  0.1000000E-03           1
|000010100011101000100111110101> :  0.5350162E-04  0.1000000E-03           1
|000001101101101101100101110001> :  0.6907921E-06  0.1000000E-03           1
|111101010000011111011010111010> :  0.1860521E-07  0.1000000E-03           1
|111101010010111001010010010110> :  0.1738163E-04  0.1000000E-03           1
|011101010010110111011110000010> :  0.1111772E-05  0.1000000E-03           1
|111101010000010100011010101011> :  0.5617767E-07  0.1000000E-03           1
|011101010010010111011110001010> :  0.4172222E-05  0.1000000E-03           1
|111101010000010010011010001110> :  0.2496685E-05  0.1000000E-03           1
|111101001110111001110000010100> :  0.3273601E-04  0.1000000E-03           1
|111101010110110001011010000110> :  0.7895788E-09  0.1000000E-03           1
|111101001110111000110100010100> :  0.1886408E-05  0.1000000E-03           1
|111101011110111001010000010100> :  0.3517003E-04  0.1000000E-03           1
|111101100010110001110010110100> :  0.1351390E-03  0.1000000E-03           1
|111101001100110011111000100100> :  0.1094680E-03  0.1000000E-03           1
|111101001100110001111000110100> :  0.7368898E-04  0.1000000E-03           1
|111101110010110011010010010010> :  0.1263595E-04  0.1000000E-03           1
|111101110010110101010010000000> :  0.3107632E-08  0.1000000E-03           1
|011101001110101000100101110101> :  0.1695128E-04  0.1000000E-03           1
|011101001110100001110001010101> :  0.3845508E-05  0.1000000E-03           1
|111101110110111001010110010110> :  0.4151238E-06  0.1000000E-03           1
|111101111010111001010000010100> :  0.4622291E-04  0.1000000E-03           1
|000100000111110001110110010100> :  0.7873122E-07  0.1000000E-03           1
|000001101111111001110000010100> :  0.7145843E-04  0.1000000E-03           1
|011101000110101000001001001111> :  0.4137016E-08  0.1000000E-03           1
|011100010110101000000111010111> :  0.1554419E-04  0.1000000E-03           1
|000011101111011001110100011100> :  0.8803843E-04  0.1000000E-03           1
|111010110000011111001111001010> :  0.7766062E-06  0.1000000E-03           1
|011100000110101000000111110111> :  0.1195055E-04  0.1000000E-03           1
|111010110000010100001011001111> :  0.3608264E-06  0.1000000E-03           1
|011010110000000011001111101011> :  0.6021495E-06  0.1000000E-03           1
|111110010010010010011010001010> :  0.6710921E-06  0.1000000E-03           1
|111110010100000110001011101011> :  0.3930723E-04  0.1000000E-03           1
|111110010100001110001011001011> :  0.2500919E-04  0.1000000E-03           1
|000011101111010100110100101001> :  0.4319418E-08  0.1000000E-03           1
|011001110111110110010100110011> :  0.1066438E-08  0.1000000E-03           1
|011001110011001110010100001011> :  0.3601466E-08  0.1000000E-03           1
|111010110000001001010011011110> :  0.6941170E-06  0.1000000E-03           1
|010110011110001001000011111110> :  0.1839047E-08  0.1000000E-03           1
|111010110000000110101001101011> :  0.1432520E-06  0.1000000E-03           1
|010110001111110000000101110101> :  0.2196925E-08  0.1000000E-03           1
|000010100011000000100111111111> :  0.1589023E-04  0.1000000E-03           1
|000000101111101000100101110101> :  0.3248248E-04  0.1000000E-03           1
|111111111010001001010001010110> :  0.2399123E-06  0.1000000E-03           1
|000000101011101000100111110101> :  0.8221851E-04  0.1000000E-03           1
