# state, exact probability, frequency, count:
#------------------------------------------------------------------
|00000011101011111010100110101011001> :  0.2060662E+00  0.2021000E+00        2021
|11111100010100000101011001010100110> :  0.2060662E+00  0.2018000E+00        2018
|10000101001100110110001010101110111> :  0.1718339E+00  0.1741000E+00        1741
|01111010110011001001110101010001000> :  0.1718339E+00  0.1738000E+00        1738
|01111100010111001101111000010100100> :  0.4530972E-01  0.4670000E-01         467
|10000011101000110010000111101011011> :  0.4530972E-01  0.4300000E-01         430
|11111100010110000101011000010100110> :  0.1985794E-01  0.2120000E-01         212
|00000011101001111010100111101011001> :  0.1985794E-01  0.1860000E-01         186
|01111100010111001101110000010100100> :  0.7887052E-02  0.9300000E-02          93
|10000010101001111010000111101011011> :  0.8516779E-02  0.8900000E-02          89
|01111101010110000101111000010100100> :  0.8516779E-02  0.8800000E-02          88
|11111100010110000101011000010100100> :  0.6288538E-02  0.8200000E-02          82
|10000011101000110010001111101011011> :  0.7887052E-02  0.8000000E-02          80
|00000011101001111010100111101011011> :  0.6288538E-02  0.7100000E-02          71
|00000011101011111010100111101011001> :  0.6113816E-02  0.6900000E-02          69
|10000011101000111010000111101011011> :  0.5935368E-02  0.6700000E-02          67
|10000010101001110010001111101011011> :  0.4912671E-02  0.5800000E-02          58
|01111101010110001101110000010100100> :  0.4912671E-02  0.5500000E-02          55
|01111101010111001101110000010100100> :  0.4895999E-02  0.5400000E-02          54
|10000010101000110010001111101011011> :  0.4895999E-02  0.5400000E-02          54
|11111100010100000101011000010100110> :  0.6113816E-02  0.4900000E-02          49
|01111100010111000101111000010100100> :  0.5935368E-02  0.4900000E-02          49
|00001011011010111011100110001011000> :  0.3005567E-02  0.3300000E-02          33
|01111010110011001001010101010001000> :  0.2580721E-02  0.2900000E-02          29
|10000101001100110110101010101110111> :  0.2580721E-02  0.2800000E-02          28
|11110100100101000100011001110100111> :  0.3005567E-02  0.1900000E-02          19
|00001011001010110111101110001011001> :  0.1430000E-02  0.1900000E-02          19
|11110100100101000100011001110100110> :  0.1536449E-02  0.1100000E-02          11
|11110100110101001000010001110100110> :  0.1430000E-02  0.8000000E-03           8
|00001011011010111011100110001011001> :  0.1536449E-02  0.6000000E-03           6
|11111100010100000101011000110100110> :  0.1708099E-03  0.4000000E-03           4
|01001011001010100101100110011111000> :  0.1417920E-03  0.3000000E-03           3
|10110100110101011010011001100000111> :  0.1417920E-03  0.3000000E-03           3
|00000011101011111010100111001011001> :  0.1708099E-03  0.3000000E-03           3
|11111100010110000101011001010100100> :  0.1454791E-03  0.2000000E-03           2
|01111010110011001001110101010011000> :  0.1259123E-03  0.2000000E-03           2
|00001011001011111011100110001011000> :  0.2800515E-04  0.2000000E-03           2
|10000101101100110110001010101110111> :  0.2320268E-03  0.2000000E-03           2
|00001011001010110111100110001011001> :  0.3721417E-04  0.2000000E-03           2
|00000011101001111010100110101011011> :  0.1454791E-03  0.2000000E-03           2
|11110100110101000000011001110100111> :  0.1914544E-03  0.2000000E-03           2
|01111010110011001001010101010001010> :  0.1605545E-03  0.2000000E-03           2
|10000101001100110110001010101100111> :  0.1259123E-03  0.2000000E-03           2
|01110000110011001001010101010001110> :  0.5066922E-04  0.2000000E-03           2
|10000101001100110110101010101110101> :  0.1605545E-03  0.2000000E-03           2
|00001011101010111011100110001011001> :  0.4282342E-04  0.1000000E-03           1
|11110100010101000100011001110100110> :  0.4282342E-04  0.1000000E-03           1
|00011010100001010101111110101001001> :  0.3194372E-11  0.1000000E-03           1
|11111100010100001101011001010100110> :  0.5325083E-05  0.1000000E-03           1
|00001011001010111111100110001011000> :  0.1914544E-03  0.1000000E-03           1
|00001011001010110111100110001011000> :  0.1806734E-04  0.1000000E-03           1
|01111010100011001001110101010011000> :  0.1055108E-03  0.1000000E-03           1
|10111001011100011011100010100100110> :  0.7019276E-11  0.1000000E-03           1
|01111001100110001001100001000010010> :  0.1477079E-11  0.1000000E-03           1
|01111010010011001001110101010001000> :  0.2320268E-03  0.1000000E-03           1
|11110000110101001000011001110100110> :  0.2812125E-04  0.1000000E-03           1
|00001011001010110111001110001011001> :  0.6102178E-04  0.1000000E-03           1
|10000101100100110110001010101110111> :  0.8744788E-04  0.1000000E-03           1
|10010111100001110010100011100110101> :  0.2104790E-09  0.1000000E-03           1
|10000110101100100010011010111111111> :  0.4506934E-11  0.1000000E-03           1
|10001111000100110110101010000111101> :  0.7372412E-10  0.1000000E-03           1
|10000101011100110110001010101100111> :  0.1055108E-03  0.1000000E-03           1
|10111111000010111111000000001011100> :  0.5053643E-12  0.1000000E-03           1
|01111001010110001101110000010101100> :  0.1651335E-05  0.1000000E-03           1
|10011111010010110110010111001000101> :  0.3237270E-11  0.1000000E-03           1
|10000101101100110110101010101110011> :  0.4129431E-05  0.1000000E-03           1
|10110100110101001000011001110100111> :  0.1488320E-04  0.1000000E-03           1
|10000101011100110110101010101100101> :  0.1136867E-03  0.1000000E-03           1
|00111101000100011000111101010011010> :  0.9665064E-12  0.1000000E-03           1
|11110000110101001000011001110100111> :  0.3444262E-05  0.1000000E-03           1
|11111000000001100101010011010000101> :  0.3858323E-11  0.1000000E-03           1
|01111100010110001101111000010100100> :  0.4914352E-04  0.1000000E-03           1
|01111000110011001001011101010001010> :  0.7029796E-05  0.1000000E-03           1
|00001111001010110111101110001011001> :  0.8940426E-04  0.1000000E-03           1
|10110101010100011110101010100100110> :  0.2785224E-04  0.1000000E-03           1
|00001111001010110111100110001011001> :  0.2812125E-04  0.1000000E-03           1
|01001111001010110101001110001011001> :  0.9172908E-04  0.1000000E-03           1
|10110101010100011110100010100100110> :  0.8138377E-04  0.1000000E-03           1
|11000110011100110111001000001110100> :  0.1599673E-12  0.1000000E-03           1
|00001011101011111010100110001011001> :  0.1887508E-04  0.1000000E-03           1
|01110100110011001000110001110100110> :  0.5540299E-10  0.1000000E-03           1
|10110101111101001000111001100110100> :  0.1039430E-11  0.1000000E-03           1
|01111100010110000101111000010100100> :  0.8006887E-05  0.1000000E-03           1
|00111100011011100101101100011000011> :  0.2070195E-11  0.1000000E-03           1
|00011101111111011010101000000110001> :  0.6414222E-12  0.1000000E-03           1
|00001110011011011010011101011100001> :  0.6307746E-12  0.1000000E-03           1
