# state, exact probability, frequency, count:
#------------------------------------------------------------------
|0000010011000010010011001> :  0.1303602E+00  0.1292000E+00        1292
|0000010010000010110011001> :  0.1087555E+00  0.1078000E+00        1078
|0010011010000010000011001> :  0.1030310E+00  0.1056000E+00        1056
|0001110011000000001011000> :  0.9653097E-01  0.9520000E-01         952
|0000011010000010100011001> :  0.6257010E-01  0.6550000E-01         655
|0000010011000010010010101> :  0.6634353E-01  0.6500000E-01         650
|0000010010000001111011000> :  0.4923888E-01  0.4780000E-01         478
|0000010010000001110011001> :  0.4495020E-01  0.4720000E-01         472
|0001110011000000000011010> :  0.4183817E-01  0.4400000E-01         440
|0010011010000010000010101> :  0.4106127E-01  0.3910000E-01         391
|0001010010000001101011000> :  0.3244423E-01  0.3080000E-01         308
|0010001010000110000011001> :  0.2229982E-01  0.2120000E-01         212
|1000000001100010010010101> :  0.1046261E-01  0.1160000E-01         116
|0000010011000000011011000> :  0.1195777E-01  0.1020000E-01         102
|0000110011000010000011000> :  0.8112849E-02  0.7500000E-02          75
|0010011010000000001011000> :  0.8051557E-02  0.6800000E-02          68
|0010110010000010000011000> :  0.3795235E-02  0.3500000E-02          35
|0010110010000000001011000> :  0.4580781E-02  0.3500000E-02          35
|0001010010000000101011000> :  0.2891205E-02  0.3400000E-02          34
|0000010010000001011011000> :  0.3233965E-02  0.3400000E-02          34
|0000011010000000101011000> :  0.2813396E-02  0.3400000E-02          34
|0000010010000001010010101> :  0.2554017E-02  0.3300000E-02          33
|0000010011000000011010100> :  0.5090580E-02  0.3200000E-02          32
|0000010011000010000011001> :  0.2730573E-02  0.2900000E-02          29
|0010011010000000001010100> :  0.2936921E-02  0.2900000E-02          29
|0010100010000100001011000> :  0.2714973E-02  0.2800000E-02          28
|0000010011000010010011000> :  0.2777540E-02  0.2700000E-02          27
|0000000010000101011011000> :  0.1741850E-02  0.2700000E-02          27
|0001110001010000001010000> :  0.2452584E-02  0.2600000E-02          26
|0000010010000000100011011> :  0.2693469E-02  0.2400000E-02          24
|0000010010000000111011000> :  0.1881471E-02  0.2400000E-02          24
|1101100001110000000100000> :  0.2452802E-02  0.2400000E-02          24
|0001100001110000001010000> :  0.2404538E-02  0.2300000E-02          23
|0000010011000010010011101> :  0.8735497E-03  0.2100000E-02          21
|0000010011000000010010101> :  0.2026382E-02  0.2100000E-02          21
|0001010010000000100011010> :  0.1678193E-02  0.2000000E-02          20
|0000110011000000001011000> :  0.2133693E-02  0.2000000E-02          20
|0000010011000000000010111> :  0.1529204E-02  0.1900000E-02          19
|0101110011000000001000000> :  0.1791086E-02  0.1900000E-02          19
|0010011010000000000011001> :  0.2466831E-02  0.1800000E-02          18
|0000010011000000000011011> :  0.2227172E-02  0.1800000E-02          18
|0010001000100010000010101> :  0.1899644E-02  0.1700000E-02          17
|0010011010000000000010101> :  0.1666151E-02  0.1600000E-02          16
|0010001000100010000011001> :  0.1711660E-02  0.1600000E-02          16
|0001100001100000001011000> :  0.1450296E-02  0.1600000E-02          16
|0000000010000101010011001> :  0.1103521E-02  0.1600000E-02          16
|0000010010000001010011001> :  0.1112830E-02  0.1600000E-02          16
|0001100010000100001011000> :  0.1563629E-02  0.1500000E-02          15
|0000000010000110010011001> :  0.1273505E-02  0.1500000E-02          15
|0010001010000100001011000> :  0.1321949E-02  0.1300000E-02          13
|0000010011000000010011001> :  0.1416545E-02  0.1300000E-02          13
|1000001000100010000010101> :  0.1343068E-02  0.1300000E-02          13
|0000010010000010110001001> :  0.1357715E-02  0.1300000E-02          13
|0000010011000010010010001> :  0.6127272E-03  0.1300000E-02          13
|0000010010000001011010100> :  0.1968000E-02  0.1200000E-02          12
|0010011000010000001010100> :  0.8185674E-03  0.1200000E-02          12
|0000010011000010010001001> :  0.1040971E-02  0.1200000E-02          12
|0010001010000010000011001> :  0.4217665E-03  0.1200000E-02          12
|0101100001110000001000000> :  0.1233726E-02  0.1100000E-02          11
|0001010011000000001011000> :  0.1702136E-02  0.1100000E-02          11
|0000010011000010110011001> :  0.9407077E-03  0.1100000E-02          11
|0100010011000000011000100> :  0.9245889E-03  0.1100000E-02          11
|0010011010000010000011000> :  0.9703838E-03  0.1100000E-02          11
|0101110001010000001000000> :  0.1476163E-02  0.1100000E-02          11
|0001000010000101001011000> :  0.1014589E-02  0.1100000E-02          11
|0001110011000000001011010> :  0.5024442E-03  0.1000000E-02          10
|0001110010000000001011000> :  0.8481895E-03  0.1000000E-02          10
|0000011010000000100011001> :  0.8849250E-03  0.1000000E-02          10
|0010011000000010000011001> :  0.1181261E-02  0.1000000E-02          10
|0000010010000001111011001> :  0.4355620E-03  0.1000000E-02          10
|0010100010000110000011000> :  0.1383980E-02  0.1000000E-02          10
|0000010010000010110011000> :  0.6963766E-03  0.1000000E-02          10
|0000000001100010010011001> :  0.7804739E-03  0.1000000E-02          10
|0001110011000000001010000> :  0.8006066E-03  0.9000000E-03           9
|0010011010000010100011001> :  0.1017718E-02  0.9000000E-03           9
|0000011010000010110011001> :  0.8796633E-03  0.9000000E-03           9
|0000010011000010010010100> :  0.5554974E-03  0.8000000E-03           8
|0001010010001001111011000> :  0.5392640E-03  0.8000000E-03           8
|0001100010000100000011010> :  0.3731071E-03  0.8000000E-03           8
|0010011000000010000010101> :  0.7961676E-03  0.8000000E-03           8
|0000011000000010100011001> :  0.5635112E-03  0.8000000E-03           8
|1001100001010000000010010> :  0.4729591E-03  0.8000000E-03           8
|0010011010000110000011001> :  0.5441361E-03  0.7000000E-03           7
|0001010011000000000011010> :  0.4589984E-03  0.7000000E-03           7
|0000010010000000110011001> :  0.6442590E-03  0.7000000E-03           7
|1001100001110000000010000> :  0.6440603E-03  0.7000000E-03           7
|0000010010000001110001001> :  0.6003804E-03  0.7000000E-03           7
|0000010010000010010010101> :  0.5683376E-03  0.7000000E-03           7
|0000011010000010100011000> :  0.3854920E-03  0.7000000E-03           7
|0000110011000000000011010> :  0.5744185E-03  0.7000000E-03           7
|0000010010001001111011001> :  0.5127218E-03  0.7000000E-03           7
|0010010010000010000011001> :  0.8971541E-03  0.7000000E-03           7
|0010001010000100000011001> :  0.4795138E-03  0.6000000E-03           6
|0010000010000110000011001> :  0.4486750E-03  0.6000000E-03           6
|0000011010000010000010101> :  0.4370171E-03  0.6000000E-03           6
|0000000001100010010010101> :  0.3417008E-03  0.6000000E-03           6
|0010011010000010000001001> :  0.5081070E-03  0.6000000E-03           6
|0000010000000010110011001> :  0.6158802E-03  0.6000000E-03           6
|0001010010000001001011000> :  0.7603320E-03  0.6000000E-03           6
|0010011010000010000011101> :  0.6639458E-03  0.6000000E-03           6
|0001010010000001101010000> :  0.3021570E-03  0.6000000E-03           6
|0100010010000001011000100> :  0.4963118E-03  0.5000000E-03           5
|0000010010000010010011001> :  0.3932593E-03  0.5000000E-03           5
|0000010010000010100011001> :  0.4590498E-03  0.5000000E-03           5
|0001010010000001101001000> :  0.3945426E-03  0.5000000E-03           5
|1100000001100000010100100> :  0.5376152E-03  0.5000000E-03           5
|0000010011000010000010101> :  0.3717075E-03  0.4000000E-03           4
|0000010010000001110011000> :  0.5071250E-03  0.4000000E-03           4
|0100010010000001010000101> :  0.2576723E-03  0.4000000E-03           4
|1000000001100010000010101> :  0.4406315E-03  0.4000000E-03           4
|1100000001100000010000101> :  0.4758432E-03  0.4000000E-03           4
|1100100001111000000000000> :  0.4276613E-03  0.4000000E-03           4
|0010010010000010000010101> :  0.2016892E-03  0.3000000E-03           3
|0001100011000000001011000> :  0.1529852E-03  0.3000000E-03           3
|0001110010000000000011010> :  0.2087715E-03  0.3000000E-03           3
|0001100011000000000011010> :  0.2941809E-03  0.3000000E-03           3
|0001110011000000000011000> :  0.1244821E-03  0.3000000E-03           3
|0010001010000110000001001> :  0.2238038E-03  0.3000000E-03           3
|0110010010000000001000100> :  0.1160613E-03  0.3000000E-03           3
|0000010010000010110010001> :  0.1954237E-03  0.3000000E-03           3
|0000110011000010000011001> :  0.7743603E-04  0.3000000E-03           3
|0100010011000000011010100> :  0.5009138E-04  0.3000000E-03           3
|0000011010000010100001001> :  0.4512343E-03  0.3000000E-03           3
|0000010010001001011011100> :  0.6190531E-04  0.3000000E-03           3
|0010011010000010000010001> :  0.3148981E-03  0.3000000E-03           3
|0000010111000010000001000> :  0.2064350E-03  0.3000000E-03           3
|1100000001110000000100100> :  0.2445366E-03  0.3000000E-03           3
|1101100001110000000000000> :  0.2253556E-03  0.3000000E-03           3
|0010001010000110000010001> :  0.2293632E-03  0.2000000E-03           2
|0010001010000010000010101> :  0.4472172E-03  0.2000000E-03           2
|0000000010000010110011001> :  0.1948342E-03  0.2000000E-03           2
|0000010001010000001010100> :  0.1858586E-03  0.2000000E-03           2
|0000010011000010000011000> :  0.1118317E-03  0.2000000E-03           2
|0001110011000000000010010> :  0.4876331E-03  0.2000000E-03           2
|0000000010000001111011000> :  0.2758846E-04  0.2000000E-03           2
|0001110011000000001001000> :  0.2706920E-03  0.2000000E-03           2
|0000010011000000011011001> :  0.6445765E-04  0.2000000E-03           2
|0000010011000000011010101> :  0.5892157E-04  0.2000000E-03           2
|0001100001100000001010000> :  0.4283978E-04  0.2000000E-03           2
|0001100001010000001010000> :  0.3645855E-04  0.2000000E-03           2
|0010001000000110000011001> :  0.2488231E-03  0.2000000E-03           2
|0010001000100000001011000> :  0.7872357E-04  0.2000000E-03           2
|0000000001100000011011000> :  0.1474885E-03  0.2000000E-03           2
|0000010011001010011011001> :  0.2405977E-04  0.2000000E-03           2
|0000000011000010010010101> :  0.5760627E-03  0.2000000E-03           2
|0010001000110000001010100> :  0.5933352E-03  0.2000000E-03           2
|0000000010000001110011001> :  0.1093072E-03  0.2000000E-03           2
|1000000001100010010010001> :  0.6038868E-04  0.2000000E-03           2
|1000000001100010010000101> :  0.3588885E-03  0.2000000E-03           2
|0000000011000000011011000> :  0.6152724E-04  0.2000000E-03           2
|0110000000110000001000100> :  0.1762326E-03  0.2000000E-03           2
|0100010001010000001000100> :  0.1604424E-03  0.2000000E-03           2
|0100000000100001010000101> :  0.4420873E-04  0.2000000E-03           2
|0000001010000010100011001> :  0.1009119E-03  0.2000000E-03           2
|0101100001110000000100000> :  0.1594311E-03  0.2000000E-03           2
|0010110011000000001011000> :  0.4020764E-04  0.2000000E-03           2
|0000100001100010000011000> :  0.1178488E-03  0.2000000E-03           2
|0000010010000001111001000> :  0.3172820E-03  0.2000000E-03           2
|0010100010000110000010000> :  0.9462533E-04  0.2000000E-03           2
|1000000001000010010010100> :  0.1042460E-04  0.2000000E-03           2
|0001010000010000101010000> :  0.3909035E-04  0.2000000E-03           2
|0000000010000110000011001> :  0.1511456E-04  0.2000000E-03           2
|0000010010000011110011001> :  0.8051031E-03  0.2000000E-03           2
|1000000001100010010010100> :  0.2038259E-03  0.2000000E-03           2
|1000000001100000010010101> :  0.3078661E-03  0.2000000E-03           2
|0010011010000010001011000> :  0.4335006E-04  0.2000000E-03           2
|0001010010000001111011000> :  0.5094270E-03  0.2000000E-03           2
|0010011010000010000000101> :  0.6939712E-03  0.2000000E-03           2
|0001010011000000011011000> :  0.8454270E-04  0.2000000E-03           2
|1001100001010000000010000> :  0.2849508E-04  0.2000000E-03           2
|0010011000000010000001001> :  0.9609923E-04  0.2000000E-03           2
|0000010110001001111011001> :  0.1526695E-04  0.2000000E-03           2
|0001010001010000001010000> :  0.4936468E-04  0.2000000E-03           2
|0000010011001011010010101> :  0.1322913E-04  0.1000000E-03           1
|0010010000010000001010100> :  0.1278913E-03  0.1000000E-03           1
|0000010010000001010011101> :  0.4478081E-04  0.1000000E-03           1
|0000010011001001010001101> :  0.5617911E-06  0.1000000E-03           1
|0010001010000111000111001> :  0.3398970E-05  0.1000000E-03           1
|0000010011001000011110000> :  0.5175509E-05  0.1000000E-03           1
|0000000101100010000001000> :  0.1248556E-05  0.1000000E-03           1
|0000010011001000010101001> :  0.3506977E-05  0.1000000E-03           1
|0000010011000011010111001> :  0.2822356E-04  0.1000000E-03           1
|0000010011000010110010000> :  0.4665402E-06  0.1000000E-03           1
|0000000100101001000110000> :  0.4559802E-05  0.1000000E-03           1
|0010001000100010000011101> :  0.1673100E-04  0.1000000E-03           1
|0000010011000010010111011> :  0.2491710E-04  0.1000000E-03           1
|0000010011000010010011011> :  0.2644898E-05  0.1000000E-03           1
|0010001000100000000010101> :  0.4032046E-04  0.1000000E-03           1
|0000010010000000110011000> :  0.6169441E-05  0.1000000E-03           1
|0000000011100010010010101> :  0.9491588E-05  0.1000000E-03           1
|0010000010001100001100011> :  0.1069186E-06  0.1000000E-03           1
|0010000000100010000010101> :  0.2747112E-04  0.1000000E-03           1
|0001110011001001001011000> :  0.1450242E-04  0.1000000E-03           1
|0001110011000010000011000> :  0.3277684E-04  0.1000000E-03           1
|0001110011000000011011000> :  0.3008030E-05  0.1000000E-03           1
|0000010010000000100011001> :  0.3479092E-04  0.1000000E-03           1
|0000000011010110010011001> :  0.4554899E-06  0.1000000E-03           1
|0000010011000010010000101> :  0.1558081E-03  0.1000000E-03           1
|0000010010000000100010011> :  0.4774387E-04  0.1000000E-03           1
|0001110011000000000011011> :  0.1185537E-05  0.1000000E-03           1
|0000010010000000010011001> :  0.5283945E-04  0.1000000E-03           1
|0000000011001010000000000> :  0.3971550E-06  0.1000000E-03           1
|0001110011000000000001010> :  0.2660930E-03  0.1000000E-03           1
|0000010011000010000001001> :  0.2749413E-04  0.1000000E-03           1
|0000010001100010010011001> :  0.9475467E-05  0.1000000E-03           1
|0001110001010000000010010> :  0.4185625E-03  0.1000000E-03           1
|0000010011000001111011000> :  0.1702831E-05  0.1000000E-03           1
|0001110001000000001011000> :  0.1816378E-03  0.1000000E-03           1
|0001110001000000001001000> :  0.9084277E-04  0.1000000E-03           1
|0000010011000001010010101> :  0.2895761E-04  0.1000000E-03           1
|0001110001110000001010000> :  0.8085352E-04  0.1000000E-03           1
|0000010001011000001011110> :  0.8158129E-08  0.1000000E-03           1
|0000000011000010010111011> :  0.2371616E-06  0.1000000E-03           1
|0001110000000000001011000> :  0.2331545E-04  0.1000000E-03           1
|0001100100100100101000000> :  0.5689382E-08  0.1000000E-03           1
|0000010011000000011011100> :  0.6086540E-04  0.1000000E-03           1
|0001100010000101001011000> :  0.1097841E-04  0.1000000E-03           1
|0001100010000000000011010> :  0.5066634E-05  0.1000000E-03           1
|0000010001010000001010000> :  0.2647272E-05  0.1000000E-03           1
|0000000011000010010011001> :  0.1250909E-03  0.1000000E-03           1
|0000010001000010010011101> :  0.1405800E-04  0.1000000E-03           1
|0001100001010000000010010> :  0.1045939E-04  0.1000000E-03           1
|0001100000100000001011000> :  0.2227182E-04  0.1000000E-03           1
|0000010011000000010010111> :  0.6440324E-05  0.1000000E-03           1
|0001011010000000101011000> :  0.4183714E-04  0.1000000E-03           1
|0001110110000000110001001> :  0.2927631E-06  0.1000000E-03           1
|1100100001110000000100000> :  0.3099652E-03  0.1000000E-03           1
|0001010111001000011000000> :  0.1404211E-05  0.1000000E-03           1
|0000010001000010010011001> :  0.6345815E-03  0.1000000E-03           1
|0000000011000010010011000> :  0.4691624E-04  0.1000000E-03           1
|0000000010000001111010000> :  0.1723049E-04  0.1000000E-03           1
|0010001000100000001010100> :  0.3048093E-04  0.1000000E-03           1
|0000000000100001011011000> :  0.9214586E-04  0.1000000E-03           1
|0010001000100010000000101> :  0.9720969E-04  0.1000000E-03           1
|0001010111001000001011000> :  0.1527406E-04  0.1000000E-03           1
|1100000001110000000100000> :  0.5501672E-05  0.1000000E-03           1
|0001010011001010010010100> :  0.2127216E-05  0.1000000E-03           1
|0001010011001000010011001> :  0.1314534E-04  0.1000000E-03           1
|1100000000110000000100100> :  0.1397112E-04  0.1000000E-03           1
|1010100000100001010011001> :  0.7717038E-09  0.1000000E-03           1
|0000010001000010010010101> :  0.4295257E-03  0.1000000E-03           1
|1010000100100101000000000> :  0.1890350E-06  0.1000000E-03           1
|0001010011000000001001000> :  0.3636026E-04  0.1000000E-03           1
|0000010011000000000010110> :  0.5158597E-04  0.1000000E-03           1
|0010001010000110000011000> :  0.5502160E-04  0.1000000E-03           1
|1001000001110000000010000> :  0.1050863E-04  0.1000000E-03           1
|0001010011000000000010010> :  0.3562068E-05  0.1000000E-03           1
|0010001010100010000010101> :  0.1553484E-04  0.1000000E-03           1
|0010001010100010000011001> :  0.2128077E-04  0.1000000E-03           1
|0010010000000010000010101> :  0.2013937E-04  0.1000000E-03           1
|0000010001000000011011000> :  0.4752979E-04  0.1000000E-03           1
|0010010010000000001010100> :  0.9158544E-04  0.1000000E-03           1
|0010010010000010000010001> :  0.1009362E-04  0.1000000E-03           1
|1001000001010000000010010> :  0.2082696E-04  0.1000000E-03           1
|0001010010001000111010001> :  0.4106816E-06  0.1000000E-03           1
|0000010010001001110011001> :  0.1882334E-04  0.1000000E-03           1
|1000010100000001000010010> :  0.6803494E-07  0.1000000E-03           1
|1000001000100010000010001> :  0.4418587E-04  0.1000000E-03           1
|1000001000100000000010101> :  0.3510250E-04  0.1000000E-03           1
|0000010001000000010010101> :  0.1568524E-04  0.1000000E-03           1
|1000001000000010100010000> :  0.8240915E-05  0.1000000E-03           1
|1000000001110000000010100> :  0.7994987E-04  0.1000000E-03           1
|0000010010001001011011001> :  0.3057641E-04  0.1000000E-03           1
|0001010010000001001001000> :  0.2723574E-05  0.1000000E-03           1
|0000010010001001011010101> :  0.5507725E-04  0.1000000E-03           1
|1000000001100010000000101> :  0.5011130E-05  0.1000000E-03           1
|1000000001010000000010110> :  0.4583556E-04  0.1000000E-03           1
|0000010010001001010011101> :  0.6257224E-04  0.1000000E-03           1
|1000000001000010010010101> :  0.8058761E-04  0.1000000E-03           1
|1000000000100010010010101> :  0.1151681E-03  0.1000000E-03           1
|0000010010000101011011000> :  0.1894057E-04  0.1000000E-03           1
|0000010000000010110010001> :  0.2729860E-04  0.1000000E-03           1
|0001001111000100101011000> :  0.1374461E-08  0.1000000E-03           1
|0110010110000011001000101> :  0.6251858E-08  0.1000000E-03           1
|0001000011001000010010101> :  0.6491005E-05  0.1000000E-03           1
|0001000010010101010011001> :  0.1053415E-06  0.1000000E-03           1
|0001000010001001100011100> :  0.1068989E-06  0.1000000E-03           1
|0000010010000010110011101> :  0.3122621E-05  0.1000000E-03           1
|0000010000000001110011001> :  0.1773668E-03  0.1000000E-03           1
|0000000010001001110111000> :  0.1805263E-05  0.1000000E-03           1
|0001000010001001011010100> :  0.1328601E-05  0.1000000E-03           1
|0101110011010000001000000> :  0.1336276E-04  0.1000000E-03           1
|0001000010000001101011000> :  0.1474370E-03  0.1000000E-03           1
|0101110001000000001000000> :  0.3654360E-04  0.1000000E-03           1
|0001000010000001100011000> :  0.1131057E-06  0.1000000E-03           1
|0000010000000001110001001> :  0.2759555E-04  0.1000000E-03           1
|0001000010000000100011010> :  0.1407688E-04  0.1000000E-03           1
|0101100001010000001000000> :  0.1064400E-04  0.1000000E-03           1
|0000111110000010010010101> :  0.5251214E-06  0.1000000E-03           1
|0000110100110001010000000> :  0.2333401E-07  0.1000000E-03           1
|0100010011001000001100001> :  0.1788175E-06  0.1000000E-03           1
|0000110011000010010011000> :  0.7714217E-04  0.1000000E-03           1
|0000001110001001010001000> :  0.8611860E-08  0.1000000E-03           1
|0000000010000111010011001> :  0.1245837E-04  0.1000000E-03           1
|0000000010000000111011000> :  0.2100838E-04  0.1000000E-03           1
|0000000001000010010011001> :  0.3302507E-04  0.1000000E-03           1
|0000110011000010010010000> :  0.1092791E-05  0.1000000E-03           1
|0100010011000000000000101> :  0.7867475E-05  0.1000000E-03           1
|0000110011000010000010000> :  0.1003598E-03  0.1000000E-03           1
|0000010010000010010011101> :  0.7975903E-05  0.1000000E-03           1
|0000001100100110100010100> :  0.1412841E-06  0.1000000E-03           1
|0100000010100001011000100> :  0.6616221E-06  0.1000000E-03           1
|0100000010000101010000001> :  0.1521202E-04  0.1000000E-03           1
|0100000001100000010000101> :  0.5086087E-04  0.1000000E-03           1
|0011010001011000000110000> :  0.1547194E-08  0.1000000E-03           1
|0000110010000000000011010> :  0.9434988E-05  0.1000000E-03           1
|0011001010001110000011001> :  0.3083894E-05  0.1000000E-03           1
|0011000010001110000010011> :  0.6228398E-09  0.1000000E-03           1
|0000110001011000001110010> :  0.1843782E-05  0.1000000E-03           1
|0100000011000000010010101> :  0.4172699E-06  0.1000000E-03           1
|0100010000000001010000101> :  0.3504464E-04  0.1000000E-03           1
|0100010000000001011000100> :  0.1661004E-04  0.1000000E-03           1
|0010111010000010000011000> :  0.5797935E-04  0.1000000E-03           1
|0010110011000010000011000> :  0.5095152E-04  0.1000000E-03           1
|0000110001000010000011000> :  0.1963963E-04  0.1000000E-03           1
|0000110001000010000001000> :  0.5030297E-05  0.1000000E-03           1
|0100010011000000010000101> :  0.2378506E-03  0.1000000E-03           1
|0010110010000010000010000> :  0.7123502E-04  0.1000000E-03           1
|0010110010000000001010000> :  0.4022239E-04  0.1000000E-03           1
|0010110000000010000011000> :  0.4265759E-04  0.1000000E-03           1
|0100011010000010011000110> :  0.1213587E-05  0.1000000E-03           1
|0101010001010000001000000> :  0.1749604E-04  0.1000000E-03           1
|0000100001100010000001000> :  0.7792271E-05  0.1000000E-03           1
|0000000111001010010011001> :  0.1213897E-04  0.1000000E-03           1
|0010110000000000001011000> :  0.5092129E-04  0.1000000E-03           1
|0101100010000100001000000> :  0.3947470E-04  0.1000000E-03           1
|0000100001100000001011000> :  0.6101996E-04  0.1000000E-03           1
|0010100010000010000011000> :  0.6561008E-04  0.1000000E-03           1
|0101110001010000001000100> :  0.1623422E-07  0.1000000E-03           1
|0010100000100010000011000> :  0.5928768E-04  0.1000000E-03           1
|0010100000100000001011000> :  0.9876517E-04  0.1000000E-03           1
|0010100000010000001010000> :  0.1250959E-05  0.1000000E-03           1
|0110000010000000000100100> :  0.4078365E-05  0.1000000E-03           1
|0110010000000000001000100> :  0.3218497E-05  0.1000000E-03           1
|0110010000010000001000100> :  0.2447143E-03  0.1000000E-03           1
|0110010000110000001000100> :  0.1116791E-05  0.1000000E-03           1
|0110010010000000000000101> :  0.5216241E-04  0.1000000E-03           1
|0000000111000010010110110> :  0.6931596E-06  0.1000000E-03           1
|0000000001110000001010100> :  0.1250572E-03  0.1000000E-03           1
|0110011000010000001000100> :  0.7222498E-06  0.1000000E-03           1
|0110100000110000001000000> :  0.6795960E-04  0.1000000E-03           1
|0110110000010000001000000> :  0.8661959E-04  0.1000000E-03           1
|0010011110000010000111001> :  0.2463103E-04  0.1000000E-03           1
|0010011110000010000001000> :  0.1167670E-03  0.1000000E-03           1
|0000011010000010100010001> :  0.2165182E-03  0.1000000E-03           1
|1000000001010000000010100> :  0.1116661E-05  0.1000000E-03           1
|0010011011000010000011001> :  0.2606584E-05  0.1000000E-03           1
|0010011010010000001010100> :  0.7716751E-05  0.1000000E-03           1
|0010011010001010010011101> :  0.5770709E-06  0.1000000E-03           1
|1000000001100010000010100> :  0.2649435E-04  0.1000000E-03           1
|0010011010001000000111001> :  0.3835746E-04  0.1000000E-03           1
|0000000110000100111011001> :  0.2191747E-05  0.1000000E-03           1
|0010011010000010001111001> :  0.1825765E-04  0.1000000E-03           1
|0000011010000000000011001> :  0.1173743E-04  0.1000000E-03           1
|0000010010000001101011000> :  0.1517454E-03  0.1000000E-03           1
|0000011000010000101010000> :  0.6243852E-04  0.1000000E-03           1
|0000010010000001100011001> :  0.1108271E-03  0.1000000E-03           1
|1000001000000010100010001> :  0.9037957E-04  0.1000000E-03           1
|0000000110000011000100110> :  0.8952508E-05  0.1000000E-03           1
|0000000010000101110011001> :  0.6346631E-05  0.1000000E-03           1
|0010011010000000101011000> :  0.4881160E-04  0.1000000E-03           1
|0000011000000010100001001> :  0.5209076E-04  0.1000000E-03           1
|1000100001101010000000000> :  0.4875273E-04  0.1000000E-03           1
|1000100001110000000010000> :  0.7432150E-04  0.1000000E-03           1
|0000010111001010010010001> :  0.2691892E-04  0.1000000E-03           1
|1001000001101000000110101> :  0.1051585E-05  0.1000000E-03           1
|0000010010000001011011001> :  0.3156573E-04  0.1000000E-03           1
|0000010111000010000111001> :  0.1507781E-04  0.1000000E-03           1
|0010011000010000001010000> :  0.5025530E-04  0.1000000E-03           1
|0000000110000001011110100> :  0.1289568E-05  0.1000000E-03           1
|1001100001110000000100000> :  0.8232544E-04  0.1000000E-03           1
|1001110001010000000010010> :  0.6930029E-05  0.1000000E-03           1
|0000010111000000011111000> :  0.4895205E-05  0.1000000E-03           1
|1010010010000001011010000> :  0.1717131E-06  0.1000000E-03           1
|0010011000000010000000101> :  0.5224820E-04  0.1000000E-03           1
|0000010010000001011010101> :  0.4821010E-04  0.1000000E-03           1
|1100000001100000000100100> :  0.3270113E-04  0.1000000E-03           1
|0010011000000000001010100> :  0.4780734E-04  0.1000000E-03           1
|0010010110000000011110100> :  0.1548334E-07  0.1000000E-03           1
|0000010110000111100000100> :  0.1464671E-08  0.1000000E-03           1
|0010010010000010110001000> :  0.6100154E-09  0.1000000E-03           1
|1100100001110000000000100> :  0.5873277E-06  0.1000000E-03           1
|0000010011010110010010101> :  0.4799740E-05  0.1000000E-03           1
|0000000110000000010111001> :  0.5410816E-06  0.1000000E-03           1
|1101000000110000000100000> :  0.1002203E-05  0.1000000E-03           1
|1101000001110000000100000> :  0.4821171E-04  0.1000000E-03           1
|1101100001010000000100000> :  0.3993636E-05  0.1000000E-03           1
|0000000000100010010011001> :  0.8468995E-05  0.1000000E-03           1
|0000000000100001010011001> :  0.4216538E-04  0.1000000E-03           1
|1110100001111001000000000> :  0.3046288E-06  0.1000000E-03           1
|0000000000100001010010101> :  0.6641146E-04  0.1000000E-03           1
