# state, exact probability, frequency, count:
#------------------------------------------------------------------
|0000010011000010010011001> :  0.1220331E+00  0.1237000E+00        1237
|0000010010000010110011001> :  0.1109045E+00  0.1096000E+00        1096
|0010011010000010000011001> :  0.1043156E+00  0.1074000E+00        1074
|0001110011000000001011000> :  0.8877530E-01  0.8740000E-01         874
|0000010011000010010010101> :  0.6446142E-01  0.6410000E-01         641
|0000011010000010100011001> :  0.5503743E-01  0.5720000E-01         572
|0001110011000000000011010> :  0.5000363E-01  0.5180000E-01         518
|0000010010000001110011001> :  0.4592936E-01  0.4660000E-01         466
|0000010010000001111011000> :  0.4606249E-01  0.4440000E-01         444
|0010011010000010000010101> :  0.3432372E-01  0.3230000E-01         323
|0001010010000001101011000> :  0.2627841E-01  0.2490000E-01         249
|0010001010000110000011001> :  0.1979758E-01  0.1960000E-01         196
|0000010011000000011011000> :  0.1210879E-01  0.1360000E-01         136
|1000000001100010010010101> :  0.1009459E-01  0.1110000E-01         111
|0010011010000000001011000> :  0.7842430E-02  0.6700000E-02          67
|0000010011000000011010100> :  0.7047608E-02  0.6500000E-02          65
|0000010010000001011011000> :  0.4687143E-02  0.6100000E-02          61
|0000010011000010010011000> :  0.5850010E-02  0.6100000E-02          61
|0010110010000000001011000> :  0.5993821E-02  0.5700000E-02          57
|0000011010000000101011000> :  0.3771187E-02  0.4400000E-02          44
|0000110011000010000011000> :  0.4387758E-02  0.4100000E-02          41
|1101100001110000000100000> :  0.3726737E-02  0.3600000E-02          36
|0001110001010000001010000> :  0.2423367E-02  0.3300000E-02          33
|0000010010000001010011001> :  0.2125727E-02  0.3100000E-02          31
|0010001010000100001011000> :  0.2928825E-02  0.2900000E-02          29
|0000010010000010110011000> :  0.2749118E-02  0.2800000E-02          28
|0000010010000001011010100> :  0.2536294E-02  0.2500000E-02          25
|0010011010000000001010100> :  0.3181470E-02  0.2400000E-02          24
|0000010010000000111011000> :  0.2044771E-02  0.2400000E-02          24
|0010010010000010000011001> :  0.1326972E-02  0.2200000E-02          22
|0000010011000000000011011> :  0.2928594E-02  0.2200000E-02          22
|0000011010000010100011000> :  0.2412340E-02  0.2200000E-02          22
|0000010001000010010011001> :  0.1666785E-02  0.2200000E-02          22
|0000010010000000100011011> :  0.1781841E-02  0.2100000E-02          21
|0010100010000100001011000> :  0.2268494E-02  0.2100000E-02          21
|0001010010000000101011000> :  0.1571905E-02  0.1900000E-02          19
|0000000001100010010011001> :  0.1377671E-02  0.1900000E-02          19
|0010110010000010000011000> :  0.2817881E-02  0.1900000E-02          19
|0010011010000000000011001> :  0.1957169E-02  0.1900000E-02          19
|0001100010000100001011000> :  0.1998576E-02  0.1900000E-02          19
|0010001000110000001010100> :  0.1656039E-02  0.1900000E-02          19
|0010001000100010000010101> :  0.1477376E-02  0.1900000E-02          19
|0010011010000010000000101> :  0.1964741E-02  0.1900000E-02          19
|0000010011000000010010101> :  0.1906207E-02  0.1800000E-02          18
|0101110001010000001000000> :  0.1791864E-02  0.1800000E-02          18
|0000010010000010010011001> :  0.2101174E-02  0.1800000E-02          18
|0000010011000000000010111> :  0.1458731E-02  0.1700000E-02          17
|0001110011000000001010000> :  0.1614235E-02  0.1600000E-02          16
|0010011010000010000010100> :  0.1769678E-02  0.1600000E-02          16
|1001100001110000000010000> :  0.1872495E-02  0.1600000E-02          16
|0000000011000010010010101> :  0.1177691E-02  0.1400000E-02          14
|0001010010000001001011000> :  0.1208939E-02  0.1400000E-02          14
|0010100010000110000011000> :  0.1465492E-02  0.1400000E-02          14
|0000000011000010010011001> :  0.1578164E-02  0.1400000E-02          14
|0001010010000001100011000> :  0.8897698E-03  0.1300000E-02          13
|0001110010000000001011000> :  0.1448120E-02  0.1300000E-02          13
|0001010010000000100011010> :  0.1064663E-02  0.1300000E-02          13
|0010011000000010000011001> :  0.1613042E-02  0.1300000E-02          13
|1100000001100000010000101> :  0.8755936E-03  0.1300000E-02          13
|0010001000100010000011001> :  0.1250263E-02  0.1300000E-02          13
|0000010010000000110011001> :  0.7382785E-03  0.1200000E-02          12
|0001000010000101001011000> :  0.1466116E-02  0.1200000E-02          12
|0000011010000000100011001> :  0.1533042E-02  0.1200000E-02          12
|0000000010000101010011001> :  0.5129427E-03  0.1100000E-02          11
|0001110011000000000010010> :  0.1006296E-02  0.1100000E-02          11
|0000010011000000010011001> :  0.1460593E-02  0.1100000E-02          11
|0100010011000000010000101> :  0.9575512E-03  0.1100000E-02          11
|0010011010000010000001001> :  0.1540002E-02  0.1100000E-02          11
|0001100011000000001011000> :  0.1031091E-02  0.1100000E-02          11
|0000010011000010010010100> :  0.1018483E-02  0.1000000E-02          10
|0010011010000000000010101> :  0.1083720E-02  0.1000000E-02          10
|0001010010000001101010000> :  0.5369120E-03  0.1000000E-02          10
|0010011000010000001010100> :  0.7664780E-03  0.1000000E-02          10
|0000000010000101011011000> :  0.7068209E-03  0.1000000E-02          10
|1000000001100010010000101> :  0.7019826E-03  0.1000000E-02          10
|0000010011000010010001001> :  0.8931674E-03  0.1000000E-02          10
|0001110011000000001001000> :  0.7967833E-03  0.9000000E-03           9
|0000010010000010010010101> :  0.1286462E-02  0.9000000E-03           9
|0000010010000001010010101> :  0.2119146E-02  0.9000000E-03           9
|0010011010000010000011000> :  0.7330737E-03  0.9000000E-03           9
|0000010010000001110001001> :  0.6204852E-03  0.8000000E-03           8
|0000010010000001110010001> :  0.2588901E-03  0.8000000E-03           8
|0000011010000010110011001> :  0.6283720E-03  0.8000000E-03           8
|0101110011000000001000000> :  0.8115920E-03  0.8000000E-03           8
|0000010010000001111010000> :  0.7564795E-03  0.8000000E-03           8
|0000010010000010110001001> :  0.8752756E-03  0.8000000E-03           8
|0000010000000010110011001> :  0.5613999E-03  0.8000000E-03           8
|0001100010000100000011010> :  0.6115523E-03  0.8000000E-03           8
|0010001010000010000010101> :  0.6865160E-03  0.7000000E-03           7
|0000010011000010010010001> :  0.7747494E-03  0.7000000E-03           7
|0001110011000000000011000> :  0.2774346E-03  0.7000000E-03           7
|0000000010000110010011001> :  0.5038844E-03  0.7000000E-03           7
|0000011010000010100001001> :  0.3565300E-03  0.7000000E-03           7
|0101100001110000001000000> :  0.9789215E-03  0.7000000E-03           7
|1100100001111000000000000> :  0.7361785E-03  0.7000000E-03           7
|0010001010000100000011001> :  0.7975853E-03  0.6000000E-03           6
|0000000001100010010010101> :  0.3695771E-03  0.6000000E-03           6
|0001110001010000000010010> :  0.8455449E-03  0.6000000E-03           6
|1000000001100010000010101> :  0.5844663E-03  0.6000000E-03           6
|0000000001110000001010100> :  0.4345721E-03  0.6000000E-03           6
|0000110011000000000011010> :  0.6807784E-03  0.6000000E-03           6
|0001100001100000001011000> :  0.4095716E-03  0.6000000E-03           6
|0000010000000001110011001> :  0.5093749E-03  0.6000000E-03           6
|0000000011000000011011000> :  0.3554811E-03  0.6000000E-03           6
|0001110001000000000011010> :  0.1012826E-02  0.6000000E-03           6
|0000010011000010110011001> :  0.5458702E-03  0.5000000E-03           5
|0001110001000000001001000> :  0.1940201E-03  0.5000000E-03           5
|1000001000100010000010101> :  0.4127945E-03  0.5000000E-03           5
|0010011000000010000010101> :  0.5168455E-03  0.5000000E-03           5
|0100010010000001010000101> :  0.5712368E-03  0.5000000E-03           5
|0100010001010000001000100> :  0.3317062E-03  0.5000000E-03           5
|0010011010000010000011101> :  0.4068536E-03  0.5000000E-03           5
|0001010000000001101011000> :  0.3362916E-03  0.5000000E-03           5
|0010011010000000001001000> :  0.3052514E-03  0.5000000E-03           5
|0001010011000000001011000> :  0.7817553E-03  0.5000000E-03           5
|0010010010000010000010101> :  0.1210776E-02  0.5000000E-03           5
|1001100001010000000010010> :  0.4449468E-03  0.5000000E-03           5
|1100000001110000000100100> :  0.4182905E-03  0.5000000E-03           5
|0000010111000010000001000> :  0.3897406E-03  0.4000000E-03           4
|0010000010000110000011001> :  0.2734818E-03  0.4000000E-03           4
|0001110001010000000000010> :  0.9686113E-04  0.4000000E-03           4
|1101100001110000000000000> :  0.2859244E-03  0.4000000E-03           4
|0000000011000000011010100> :  0.2362774E-03  0.4000000E-03           4
|0001100001110000001010000> :  0.6777020E-03  0.4000000E-03           4
|0000010001010000001010100> :  0.4831747E-03  0.4000000E-03           4
|0001010010000001111011000> :  0.3070964E-03  0.4000000E-03           4
|0010011010000110000011001> :  0.2922596E-03  0.4000000E-03           4
|0010101010000100001011000> :  0.4892928E-04  0.4000000E-03           4
|0010110000000000001011000> :  0.4056437E-03  0.4000000E-03           4
|0100010011000000011000100> :  0.5346269E-03  0.4000000E-03           4
|0000110011000000001011000> :  0.8820512E-03  0.4000000E-03           4
|0000010001000010010010101> :  0.7179001E-03  0.4000000E-03           4
|0101100010000100001000000> :  0.1046306E-03  0.4000000E-03           4
|0001010011000000000011010> :  0.3860142E-03  0.4000000E-03           4
|0001100011000000000011010> :  0.4230305E-03  0.4000000E-03           4
|0000010010000001100011001> :  0.4154901E-03  0.4000000E-03           4
|0010001000100010000001001> :  0.1021425E-03  0.3000000E-03           3
|0010001000000110000011001> :  0.3965706E-03  0.3000000E-03           3
|0000010011000010010011101> :  0.2455477E-03  0.3000000E-03           3
|0000000010000001111011000> :  0.3758186E-03  0.3000000E-03           3
|0000010011000010010000101> :  0.4159692E-03  0.3000000E-03           3
|0000010011000010000011001> :  0.5775019E-03  0.3000000E-03           3
|0010001010000010000011001> :  0.2509184E-03  0.3000000E-03           3
|0001110001000000001011000> :  0.5558398E-03  0.3000000E-03           3
|0000011010000000100001001> :  0.3752359E-04  0.3000000E-03           3
|0000010010000001111001000> :  0.1256539E-03  0.3000000E-03           3
|0110010010000000001000100> :  0.1912603E-03  0.3000000E-03           3
|0001010010000001101001000> :  0.3661745E-03  0.3000000E-03           3
|0000000010000001011010100> :  0.1934950E-03  0.3000000E-03           3
|0010110000010000001010000> :  0.2369980E-03  0.3000000E-03           3
|0000010010000010100011001> :  0.4162964E-03  0.3000000E-03           3
|0100000000100001011000100> :  0.5054233E-04  0.3000000E-03           3
|0010011110000000000000100> :  0.9802078E-04  0.3000000E-03           3
|0000110011000000001001000> :  0.8614860E-04  0.3000000E-03           3
|0010011010000010100011001> :  0.2826372E-03  0.3000000E-03           3
|0000010010000001111011001> :  0.2025126E-03  0.3000000E-03           3
|0000010011000000001010100> :  0.1869846E-03  0.3000000E-03           3
|0000110001000010000011000> :  0.1513865E-03  0.3000000E-03           3
|1000000001000010010010101> :  0.2114545E-03  0.3000000E-03           3
|1000000001100000010010101> :  0.1965208E-03  0.3000000E-03           3
|0000000010000001011011000> :  0.8418296E-04  0.3000000E-03           3
|0000010010000001110011000> :  0.5477580E-03  0.3000000E-03           3
|1000000001110000000010100> :  0.1776405E-03  0.3000000E-03           3
|0000010010000000000010111> :  0.1399309E-03  0.3000000E-03           3
|0000011010000010100010001> :  0.1618830E-03  0.3000000E-03           3
|0110110000010000001000000> :  0.2450162E-03  0.3000000E-03           3
|1100000001100000000100100> :  0.5801038E-04  0.3000000E-03           3
|1100000001100000010100100> :  0.1023047E-03  0.3000000E-03           3
|0001110001000000000001010> :  0.6500666E-04  0.3000000E-03           3
|0010001010000110000011000> :  0.4879494E-03  0.2000000E-03           2
|0010001010000000001010100> :  0.1345076E-03  0.2000000E-03           2
|0000000010000010110011000> :  0.7126863E-04  0.2000000E-03           2
|0010001000110000001010000> :  0.5706422E-04  0.2000000E-03           2
|0001110001110000001010000> :  0.8458863E-04  0.2000000E-03           2
|0000011010000000000010101> :  0.6284817E-04  0.2000000E-03           2
|1101100001010000000100000> :  0.1034776E-03  0.2000000E-03           2
|0000010011000001011011000> :  0.7176697E-04  0.2000000E-03           2
|0000010011000001010011001> :  0.2833921E-04  0.2000000E-03           2
|1000100001111000000000000> :  0.5957954E-04  0.2000000E-03           2
|0000000001100000011011000> :  0.6596048E-04  0.2000000E-03           2
|0110000000110000001000100> :  0.2833474E-03  0.2000000E-03           2
|0001010010001001111011000> :  0.1625946E-03  0.2000000E-03           2
|0101010011000000001000000> :  0.9476218E-04  0.2000000E-03           2
|0000010001000010010000101> :  0.1220354E-03  0.2000000E-03           2
|0000010011000000000010101> :  0.1121936E-03  0.2000000E-03           2
|0100010001000000010000101> :  0.1123358E-03  0.2000000E-03           2
|0000000010000101011010000> :  0.4961076E-04  0.2000000E-03           2
|0100010010000001011010100> :  0.2368020E-04  0.2000000E-03           2
|0010110000000010000011000> :  0.2512272E-03  0.2000000E-03           2
|0000010001000000000011011> :  0.8509996E-04  0.2000000E-03           2
|0000110011000010000010000> :  0.1291813E-03  0.2000000E-03           2
|0000010001000010000011001> :  0.1474910E-03  0.2000000E-03           2
|0100000001100000010000101> :  0.1515149E-03  0.2000000E-03           2
|0010011110000000000001000> :  0.1062682E-03  0.2000000E-03           2
|0101100001010000001000000> :  0.4189569E-04  0.2000000E-03           2
|0110010000010000001000100> :  0.3988552E-03  0.2000000E-03           2
|0110000000100000000100100> :  0.8373593E-05  0.2000000E-03           2
|0000010010000010110010001> :  0.2335930E-03  0.2000000E-03           2
|1000000000000010110010001> :  0.1243427E-03  0.2000000E-03           2
|0001100000000100001011000> :  0.8301101E-04  0.2000000E-03           2
|0001010011000000001001000> :  0.1110723E-03  0.2000000E-03           2
|0010011000000010000000101> :  0.8970157E-04  0.2000000E-03           2
|1000100001100010000010000> :  0.8974952E-04  0.2000000E-03           2
|0001100011100000001011000> :  0.5886385E-04  0.2000000E-03           2
|0010010000010000001010100> :  0.3266241E-03  0.2000000E-03           2
|0000010010000000010010101> :  0.6504107E-04  0.2000000E-03           2
|0000000010000010110011001> :  0.2288968E-03  0.2000000E-03           2
|0010001010001110000000000> :  0.5465580E-04  0.1000000E-03           1
|0000011010000000001001000> :  0.9602351E-06  0.1000000E-03           1
|0010001010000110000001001> :  0.5812070E-03  0.1000000E-03           1
|0000011000000010100011001> :  0.9010587E-04  0.1000000E-03           1
|0000010010000001011010000> :  0.2347472E-04  0.1000000E-03           1
|0000000011100010010011001> :  0.6706698E-05  0.1000000E-03           1
|0000011000000000001011000> :  0.2559231E-05  0.1000000E-03           1
|0000010111000110100010100> :  0.1511920E-06  0.1000000E-03           1
|0000010010000001011000100> :  0.8520464E-04  0.1000000E-03           1
|0010001010000000001011000> :  0.5858683E-04  0.1000000E-03           1
|0000010111000000000000100> :  0.1185303E-04  0.1000000E-03           1
|0000010110001001010010000> :  0.1892977E-05  0.1000000E-03           1
|0010001000100010000011100> :  0.6463421E-06  0.1000000E-03           1
|0000010110000100111011001> :  0.6477401E-06  0.1000000E-03           1
|0010001000100000001011000> :  0.2714031E-04  0.1000000E-03           1
|0000010010000001001010100> :  0.3735950E-04  0.1000000E-03           1
|0000000011000010010011000> :  0.1725510E-03  0.1000000E-03           1
|0010001000000100000100000> :  0.7944933E-06  0.1000000E-03           1
|0010001000000010000011001> :  0.1082072E-04  0.1000000E-03           1
|0010001000000000000001001> :  0.3090234E-06  0.1000000E-03           1
|0000010010000001000010101> :  0.5988559E-04  0.1000000E-03           1
|0010000010000100001011000> :  0.5950486E-04  0.1000000E-03           1
|0010000000110000001010100> :  0.7249941E-04  0.1000000E-03           1
|0010000000110000000100100> :  0.4877458E-05  0.1000000E-03           1
|0010000000100010000011001> :  0.1169066E-03  0.1000000E-03           1
|0010000000000110000011001> :  0.8884229E-04  0.1000000E-03           1
|0001110011010000001010000> :  0.1968670E-04  0.1000000E-03           1
|0000010011000010010001000> :  0.5493656E-04  0.1000000E-03           1
|0000000011000010010010100> :  0.1441025E-03  0.1000000E-03           1
|0010001000110000001000100> :  0.1716589E-04  0.1000000E-03           1
|0000010011000010000011000> :  0.1655014E-03  0.1000000E-03           1
|0000010010000000100001011> :  0.3922960E-04  0.1000000E-03           1
|0001110001000000001011010> :  0.9416297E-05  0.1000000E-03           1
|0000010011000010000010101> :  0.4548504E-03  0.1000000E-03           1
|1110000110000001000100100> :  0.1371563E-08  0.1000000E-03           1
|0000010011000010000001001> :  0.7500241E-04  0.1000000E-03           1
|0010001010000100000001001> :  0.4589221E-04  0.1000000E-03           1
|0000010010000000010011001> :  0.6169751E-04  0.1000000E-03           1
|0010001010000100001001000> :  0.1357768E-03  0.1000000E-03           1
|0000000010000001101011000> :  0.8735447E-06  0.1000000E-03           1
|0010001010000110000000001> :  0.2450167E-04  0.1000000E-03           1
|0001110000010000001010000> :  0.9242117E-04  0.1000000E-03           1
|0010001010000110000010000> :  0.1062747E-03  0.1000000E-03           1
|1100010001000000010000101> :  0.1049389E-05  0.1000000E-03           1
|0001110000000000001011000> :  0.1112015E-03  0.1000000E-03           1
|0000010011000001011010100> :  0.3976071E-04  0.1000000E-03           1
|0010001010100010000011001> :  0.2477911E-04  0.1000000E-03           1
|0001100111000000001111010> :  0.1186558E-06  0.1000000E-03           1
|1010001000100010000000101> :  0.5573282E-06  0.1000000E-03           1
|1001100001110000000100000> :  0.7603777E-04  0.1000000E-03           1
|0000010010000000000011011> :  0.3652174E-04  0.1000000E-03           1
|1000100001101010000000000> :  0.9589581E-04  0.1000000E-03           1
|1000001000111000000000000> :  0.5072053E-05  0.1000000E-03           1
|0001100010000100001001000> :  0.8892047E-04  0.1000000E-03           1
|1000001000110000000010100> :  0.4212034E-04  0.1000000E-03           1
|1000001000100010000000101> :  0.4241962E-04  0.1000000E-03           1
|0001100010000100000011000> :  0.4857293E-05  0.1000000E-03           1
|0000010011000000011001000> :  0.1498956E-03  0.1000000E-03           1
|1000001000011000100100000> :  0.2102428E-06  0.1000000E-03           1
|1000001000000010100010000> :  0.1257693E-04  0.1000000E-03           1
|0000010011000000011000100> :  0.1496194E-03  0.1000000E-03           1
|1000000100001100010100001> :  0.1578880E-08  0.1000000E-03           1
|0001100001100000001001000> :  0.1099830E-03  0.1000000E-03           1
|0001100001010000000010010> :  0.1734759E-04  0.1000000E-03           1
|0000010011000000010011101> :  0.1933829E-04  0.1000000E-03           1
|0000000010100001011010100> :  0.9833701E-06  0.1000000E-03           1
|0000000000100001011011000> :  0.4547886E-04  0.1000000E-03           1
|1000000001100010000010100> :  0.8220151E-04  0.1000000E-03           1
|1000000001100000010000101> :  0.1384999E-04  0.1000000E-03           1
|0001010111000000000001000> :  0.1486336E-03  0.1000000E-03           1
|0001010011001000001011001> :  0.1965239E-05  0.1000000E-03           1
|1000000001000000000010111> :  0.3716213E-04  0.1000000E-03           1
|0000010011000000010011000> :  0.7216902E-04  0.1000000E-03           1
|0000010001010000000000110> :  0.4680681E-05  0.1000000E-03           1
|0110110010000000000000000> :  0.1584790E-04  0.1000000E-03           1
|0110100010001000000000000> :  0.1102670E-04  0.1000000E-03           1
|0001010011000000000011011> :  0.4358078E-04  0.1000000E-03           1
|0110011010000000000000101> :  0.3420829E-05  0.1000000E-03           1
|0000010011000000010000101> :  0.8710211E-04  0.1000000E-03           1
|0110000000100000010000101> :  0.4570558E-06  0.1000000E-03           1
|0101110011000000000000000> :  0.5357074E-04  0.1000000E-03           1
|0001010010000001111010000> :  0.7745320E-05  0.1000000E-03           1
|0101110010000000001000000> :  0.3453739E-04  0.1000000E-03           1
|0101110001010000001010000> :  0.3467373E-04  0.1000000E-03           1
|0101110001000000001000000> :  0.5503436E-04  0.1000000E-03           1
|0000010011000000000011001> :  0.6779332E-04  0.1000000E-03           1
|0101010000010001001000000> :  0.1690594E-06  0.1000000E-03           1
|0101000010000101001000000> :  0.2618275E-04  0.1000000E-03           1
|0100110001010000001000000> :  0.4151998E-04  0.1000000E-03           1
|0100100011001000000000000> :  0.8288457E-05  0.1000000E-03           1
|0100010011000000011010100> :  0.3125409E-04  0.1000000E-03           1
|0001010001010000001010000> :  0.8871396E-05  0.1000000E-03           1
|0001010001010000000010010> :  0.4842503E-04  0.1000000E-03           1
|0100010010000001011000100> :  0.2164317E-03  0.1000000E-03           1
|0001010001000000000011010> :  0.1791400E-04  0.1000000E-03           1
|0000010010000011110011001> :  0.5474321E-03  0.1000000E-03           1
|0001010000010000101000000> :  0.2189067E-05  0.1000000E-03           1
|0100010000000001010000101> :  0.1222182E-03  0.1000000E-03           1
|0001010000000001100011000> :  0.8294349E-05  0.1000000E-03           1
|0100000001110000001000100> :  0.2381788E-03  0.1000000E-03           1
|0001010000000000100001010> :  0.2394536E-05  0.1000000E-03           1
|0000010001000010000010101> :  0.7696318E-04  0.1000000E-03           1
|0001000101100000000001000> :  0.3780805E-05  0.1000000E-03           1
|0010111010000000001011000> :  0.1066033E-03  0.1000000E-03           1
|0001000011000000011011000> :  0.1230514E-05  0.1000000E-03           1
|0001000010100001001011000> :  0.4029041E-05  0.1000000E-03           1
|0010110010000010000011001> :  0.6749722E-04  0.1000000E-03           1
|0000010010000010110010000> :  0.1343454E-03  0.1000000E-03           1
|0000010001000000011011000> :  0.5797403E-05  0.1000000E-03           1
|0001000010000100000011010> :  0.7691108E-05  0.1000000E-03           1
|0010110010000000001010000> :  0.1913643E-03  0.1000000E-03           1
|0010110010000000001001000> :  0.3233168E-03  0.1000000E-03           1
|0001000010000001101011000> :  0.3085255E-03  0.1000000E-03           1
|0001000001100000001011000> :  0.2165241E-04  0.1000000E-03           1
|0000110011001000000000010> :  0.4702708E-06  0.1000000E-03           1
|0000000010000101011001000> :  0.2913551E-04  0.1000000E-03           1
|0000000010000000111011000> :  0.7024898E-04  0.1000000E-03           1
|0000000001000010010010101> :  0.6965310E-04  0.1000000E-03           1
|0010110010000010000010000> :  0.8270794E-04  0.1000000E-03           1
|0010100010000110001011000> :  0.3174367E-04  0.1000000E-03           1
|0000110011000010000011001> :  0.8112566E-04  0.1000000E-03           1
|0010110010000110000011000> :  0.1388542E-04  0.1000000E-03           1
|0010110011000010000011000> :  0.2154383E-04  0.1000000E-03           1
|0010100010000000001011000> :  0.5071142E-04  0.1000000E-03           1
|0011001010001010000011001> :  0.8205561E-06  0.1000000E-03           1
|0100000000100001010000101> :  0.7985270E-04  0.1000000E-03           1
|0000010010000010010011101> :  0.1461617E-04  0.1000000E-03           1
|0010100000100010000011000> :  0.6466629E-04  0.1000000E-03           1
|0010100000100000001010000> :  0.4089345E-05  0.1000000E-03           1
|0100000010000101011000000> :  0.2482956E-04  0.1000000E-03           1
|0100000010001101000000000> :  0.2678285E-04  0.1000000E-03           1
|0010100000000110000011000> :  0.1126851E-03  0.1000000E-03           1
|0010100000000100001011000> :  0.1111893E-03  0.1000000E-03           1
|0100010001000000011000100> :  0.6482238E-04  0.1000000E-03           1
|0000110011000010000001010> :  0.8278730E-06  0.1000000E-03           1
|0000010000010000101010000> :  0.2615103E-05  0.1000000E-03           1
|0010011110000010000001000> :  0.7783449E-04  0.1000000E-03           1
|0010011110000010000000100> :  0.2184446E-03  0.1000000E-03           1
|0100010011000000010000001> :  0.1771838E-04  0.1000000E-03           1
|0000110011000000010011010> :  0.1662996E-05  0.1000000E-03           1
|0010011110000000000001001> :  0.9196447E-05  0.1000000E-03           1
|0010011100010000001000100> :  0.8334325E-05  0.1000000E-03           1
|0100010110000000100011010> :  0.2031790E-06  0.1000000E-03           1
|0000110011000000001010000> :  0.7637182E-04  0.1000000E-03           1
|0010011100000010000001000> :  0.5486656E-04  0.1000000E-03           1
|0010011011001001000000001> :  0.1370554E-08  0.1000000E-03           1
|0000010010000010000011001> :  0.1112362E-03  0.1000000E-03           1
|0000110011000000000011000> :  0.4161727E-04  0.1000000E-03           1
|0000110010000000001011000> :  0.5944390E-04  0.1000000E-03           1
|0010011010000010000010001> :  0.1078224E-03  0.1000000E-03           1
|0000110001010000001010000> :  0.7733382E-04  0.1000000E-03           1
|0000010000000010100011001> :  0.3741777E-04  0.1000000E-03           1
|0010011010000010000010000> :  0.6017398E-04  0.1000000E-03           1
|0010011010000000101011000> :  0.4463675E-04  0.1000000E-03           1
|0000100011000010000011000> :  0.1414249E-03  0.1000000E-03           1
|0000010010000001111010100> :  0.2502194E-05  0.1000000E-03           1
|0000100010000100001011000> :  0.2674172E-04  0.1000000E-03           1
|0010011010000000001000100> :  0.6361730E-04  0.1000000E-03           1
|0000100001100010000011000> :  0.5453240E-04  0.1000000E-03           1
|0000010000000010010011001> :  0.3991635E-04  0.1000000E-03           1
|0000000010000101010001001> :  0.2733861E-05  0.1000000E-03           1
|0000011110000010100111001> :  0.2896083E-05  0.1000000E-03           1
|0010011010000000000001001> :  0.1669323E-03  0.1000000E-03           1
|0010011010000000000000101> :  0.1332896E-03  0.1000000E-03           1
|0000011110000010000011000> :  0.4016570E-06  0.1000000E-03           1
|0010011000010000001010000> :  0.9219718E-04  0.1000000E-03           1
|0111100010000000000100000> :  0.8968373E-07  0.1000000E-03           1
|0000011110000010000001000> :  0.2603862E-04  0.1000000E-03           1
|0010011000010000000010100> :  0.2449364E-04  0.1000000E-03           1
|1000000001000000010010001> :  0.5333387E-06  0.1000000E-03           1
|0000011011000000011010100> :  0.3956444E-06  0.1000000E-03           1
|0000010000000001111011000> :  0.2560170E-03  0.1000000E-03           1
|0010011000000010000011000> :  0.8051721E-04  0.1000000E-03           1
|0010011000000010000001001> :  0.1199619E-03  0.1000000E-03           1
|0010011000000000000000101> :  0.8627257E-05  0.1000000E-03           1
|0010010100000010000001000> :  0.1936326E-05  0.1000000E-03           1
|0010010011001000000111001> :  0.1476894E-06  0.1000000E-03           1
|0000010000000001111001000> :  0.3693285E-04  0.1000000E-03           1
|0000000010000100011011000> :  0.5517360E-04  0.1000000E-03           1
|0010010010000010000011000> :  0.1608892E-03  0.1000000E-03           1
|1000001000000010100010001> :  0.1281651E-03  0.1000000E-03           1
|0000011010000010100010000> :  0.1152728E-03  0.1000000E-03           1
|1000001000100000000010101> :  0.4951418E-04  0.1000000E-03           1
|0010010010000010000010100> :  0.3865888E-04  0.1000000E-03           1
|1000001000100010000010001> :  0.7349875E-04  0.1000000E-03           1
|0010010010000000001011000> :  0.1249388E-03  0.1000000E-03           1
|0000010010000001110010000> :  0.2768780E-04  0.1000000E-03           1
|0010010010000000001010100> :  0.1532666E-03  0.1000000E-03           1
|1000010110000010110011001> :  0.3425252E-05  0.1000000E-03           1
|0010010010000000000001001> :  0.2511147E-05  0.1000000E-03           1
|0000011010000010100001000> :  0.2775579E-05  0.1000000E-03           1
|0010010000010000000010100> :  0.2506302E-05  0.1000000E-03           1
|0000011010000010000011000> :  0.4426559E-05  0.1000000E-03           1
|0010010000000010000011001> :  0.2547127E-03  0.1000000E-03           1
|0010010000000010000010101> :  0.6763447E-04  0.1000000E-03           1
|0000011010000010000010101> :  0.6726161E-04  0.1000000E-03           1
|0010010000000010000010100> :  0.7336133E-06  0.1000000E-03           1
|0010001110001010000000000> :  0.1964383E-04  0.1000000E-03           1
|0010001110000010000011000> :  0.4573873E-05  0.1000000E-03           1
|0010001110000010000000100> :  0.4265197E-04  0.1000000E-03           1
|0000011010000000101010000> :  0.1820020E-04  0.1000000E-03           1
|1100100001101000000000000> :  0.9379244E-05  0.1000000E-03           1
|1100100001110000000100000> :  0.5303855E-04  0.1000000E-03           1
|0010001100110000000000100> :  0.8218491E-04  0.1000000E-03           1
|0010001100100010000000100> :  0.6472760E-04  0.1000000E-03           1
|0000001010000010100011000> :  0.4672466E-04  0.1000000E-03           1
|0000000000100010010011001> :  0.3340474E-04  0.1000000E-03           1
|0000000000000110010011001> :  0.4489788E-04  0.1000000E-03           1
|0000000000000101011011000> :  0.2359419E-04  0.1000000E-03           1
