# state, exact probability, frequency, count:
#------------------------------------------------------------------
|1101111001001000111100001111001010> :  0.4678442E+00  0.4673000E+00        4673
|0010000110110111000011110000110101> :  0.4678442E+00  0.4650000E+00        4650
|1001111000101000111100001111001010> :  0.1016186E-01  0.1120000E-01         112
|0110000111010111000011110000110101> :  0.1016186E-01  0.1110000E-01         111
|0010000110111111000011110000110101> :  0.6615168E-02  0.6300000E-02          63
|1101111001000000111100001111001010> :  0.6615168E-02  0.5700000E-02          57
|1101011001001000111100001111001001> :  0.3160502E-02  0.4600000E-02          46
|0010100110110111000011110000110110> :  0.3160502E-02  0.3300000E-02          33
|0010000111110111000011110000110101> :  0.1819446E-02  0.1800000E-02          18
|1101111000001000111100001111001010> :  0.1819446E-02  0.1600000E-02          16
|1101011001001000111100001011001001> :  0.9876191E-03  0.1400000E-02          14
|1101011001011010011100001111001001> :  0.8135455E-03  0.1300000E-02          13
|0010100110110111000011110100110110> :  0.9876191E-03  0.1300000E-02          13
|1101111001001000101100001111001010> :  0.1009399E-02  0.1300000E-02          13
|1101111101001000101100001111001010> :  0.1247903E-02  0.1200000E-02          12
|0010100110100101100011110000110110> :  0.8135455E-03  0.1200000E-02          12
|0010000010110111010011110000110101> :  0.1247903E-02  0.1100000E-02          11
|0010000110110111010011110000110101> :  0.1009399E-02  0.9000000E-03           9
|1101111001001000111100001111001000> :  0.1029397E-02  0.9000000E-03           9
|0010000111110111000011100000110101> :  0.5757701E-03  0.8000000E-03           8
|1001111000101000111100011111001010> :  0.5472309E-03  0.7000000E-03           7
|0010100110110111000011110000110101> :  0.4905678E-03  0.6000000E-03           6
|0010000100111111000011110000110101> :  0.3109071E-03  0.6000000E-03           6
|0110000111010111000011100000110101> :  0.5472309E-03  0.5000000E-03           5
|0010000110110111000011110000110111> :  0.1029397E-02  0.5000000E-03           5
|0110100110100101100111110000011010> :  0.1637679E-03  0.4000000E-03           4
|0110000110110111000011110000110101> :  0.1920665E-03  0.3000000E-03           3
|0110000111010111010011110000110101> :  0.1763598E-03  0.3000000E-03           3
|1101110101001000101101001011001010> :  0.6310569E-04  0.3000000E-03           3
|1101111011000000111100001111001010> :  0.3109071E-03  0.3000000E-03           3
|1001111001001000111100001111001010> :  0.1920665E-03  0.3000000E-03           3
|0110000111010111000011110000110111> :  0.1340253E-03  0.3000000E-03           3
|1001011001011010011100001111101001> :  0.3094026E-03  0.3000000E-03           3
|1101111000001000111100011111001010> :  0.5757701E-03  0.2000000E-03           2
|0010000110111111000001110000110101> :  0.1487735E-04  0.2000000E-03           2
|1001011001011010011000001111100101> :  0.1637679E-03  0.2000000E-03           2
|0010001010110111010010110100110101> :  0.6310569E-04  0.2000000E-03           2
|1001011001001000111100001111001001> :  0.1171362E-03  0.2000000E-03           2
|0110100111000101101011100000010110> :  0.1618436E-05  0.2000000E-03           2
|0110100110110111000011110000110110> :  0.1171362E-03  0.2000000E-03           2
|0010100110100111000011110000110110> :  0.3015477E-03  0.2000000E-03           2
|1001111000101001110100010111001010> :  0.6281501E-05  0.1000000E-03           1
|0010100110110101010011110000110101> :  0.1009747E-07  0.1000000E-03           1
|1111111000101000111100011110001010> :  0.2303175E-08  0.1000000E-03           1
|0010000111110111010011110000110101> :  0.2303462E-04  0.1000000E-03           1
|1001011001011010011000001111101001> :  0.3014902E-04  0.1000000E-03           1
|1001011001011010011100001111100001> :  0.2102616E-04  0.1000000E-03           1
|1101011001011000111100001111001001> :  0.3015477E-03  0.1000000E-03           1
|1101110110000001100101010011001010> :  0.2860482E-05  0.1000000E-03           1
|0110000110110111010011110000110101> :  0.5072221E-04  0.1000000E-03           1
|1101011001001010111100001111001001> :  0.3401423E-04  0.1000000E-03           1
|0100001011010111010110110100110001> :  0.1524413E-09  0.1000000E-03           1
|1001111000111001110100010111001000> :  0.2985712E-05  0.1000000E-03           1
|1101110010000010111101011111001010> :  0.2756492E-09  0.1000000E-03           1
|0100100110100101100111110001011010> :  0.5536156E-04  0.1000000E-03           1
|0010101010110111010010110100110100> :  0.4323595E-04  0.1000000E-03           1
|0000010111101110001111001001101011> :  0.1818761E-09  0.1000000E-03           1
|0010100110110101000011110000110101> :  0.7095266E-04  0.1000000E-03           1
|0001100100110011000111110000111010> :  0.8790181E-10  0.1000000E-03           1
|1001011001001000101000001110001111> :  0.2075640E-09  0.1000000E-03           1
|1110000111000010001011010110110110> :  0.3247299E-10  0.1000000E-03           1
|0110100110100101100011110000010110> :  0.3094026E-03  0.1000000E-03           1
|1101111001101000111100101100001010> :  0.8645819E-07  0.1000000E-03           1
|1101011001001010111100001111001010> :  0.7095266E-04  0.1000000E-03           1
|1001111001001000111100001111101010> :  0.1151843E-03  0.1000000E-03           1
|0010100110111111000011110000110110> :  0.5887062E-04  0.1000000E-03           1
|1101011001001000111100001111001010> :  0.4905678E-03  0.1000000E-03           1
|1010100110110111010011110000110110> :  0.4607387E-07  0.1000000E-03           1
|1101111001001000111100001101001010> :  0.2614247E-06  0.1000000E-03           1
|1101011001000000111100001111001010> :  0.1363009E-04  0.1000000E-03           1
|0010100110110111000010110100110110> :  0.1783099E-05  0.1000000E-03           1
|0110100110100101100011110100010110> :  0.1138019E-05  0.1000000E-03           1
|0010000110100111000011110000110111> :  0.6754085E-04  0.1000000E-03           1
|0110000110110110011011010001011001> :  0.1080796E-09  0.1000000E-03           1
|0110000110110111000011110000110111> :  0.9519664E-04  0.1000000E-03           1
|1001111001001000111100001111001000> :  0.9519664E-04  0.1000000E-03           1
|1001111000101000111100001111001000> :  0.1340253E-03  0.1000000E-03           1
|0110101010110100011110001101011000> :  0.2830592E-10  0.1000000E-03           1
