# state, exact probability, frequency, count:
#------------------------------------------------------------------
|0001001010110010011110011> :  0.3375258E+00  0.3343000E+00        3343
|1110110101001101100001100> :  0.3375258E+00  0.3325000E+00        3325
|0001001010110010011110111> :  0.1083162E+00  0.1092000E+00        1092
|1110110101001101100001000> :  0.1083162E+00  0.1077000E+00        1077
|0111001011111110111000000> :  0.1435305E-01  0.1520000E-01         152
|1000110100000001000111111> :  0.1435305E-01  0.1490000E-01         149
|1111001101011101110001000> :  0.1067614E-01  0.1220000E-01         122
|0000110010100010001110111> :  0.1067614E-01  0.1190000E-01         119
|1110100101001101110001000> :  0.9102231E-02  0.1070000E-01         107
|0001011010110010001110111> :  0.9102231E-02  0.1030000E-01         103
|1110110101001101110001000> :  0.8293115E-02  0.9000000E-02          90
|0001001010110010001110111> :  0.8293115E-02  0.8100000E-02          81
|0001000010110010011110011> :  0.2309428E-02  0.2500000E-02          25
|0001010010110010011110011> :  0.1730484E-02  0.2200000E-02          22
|1110101101001101100001100> :  0.1730484E-02  0.1900000E-02          19
|1111001101011101010001000> :  0.1298586E-02  0.1900000E-02          19
|1110111101001101100001100> :  0.2309428E-02  0.1800000E-02          18
|0111001001111101110001000> :  0.1503278E-02  0.1600000E-02          16
|1111000101011101110001000> :  0.1136985E-02  0.1300000E-02          13
|0000110010100010101110111> :  0.1298586E-02  0.1300000E-02          13
|0000111010100010001110111> :  0.1136985E-02  0.1200000E-02          12
|0000011010110010001110111> :  0.1256982E-02  0.1200000E-02          12
|1000110110000010001110111> :  0.1503278E-02  0.1100000E-02          11
|1111100101001101110001000> :  0.1256982E-02  0.9000000E-03           9
|1110100101001101100001100> :  0.4894763E-03  0.8000000E-03           8
|1110100101001101110001100> :  0.1603236E-03  0.4000000E-03           4
|0001011010110010011110011> :  0.4894763E-03  0.4000000E-03           4
|0001010010110010001110111> :  0.1606710E-03  0.3000000E-03           3
|1000110010000010001110111> :  0.3507700E-03  0.2000000E-03           2
|0111001101111101110001000> :  0.3507700E-03  0.2000000E-03           2
|0111001011110110111000000> :  0.4119479E-04  0.2000000E-03           2
|1110101101001101110001000> :  0.1606710E-03  0.2000000E-03           2
|0111010101001101010011100> :  0.1482502E-08  0.1000000E-03           1
|0001010101100001100101101> :  0.1107933E-09  0.1000000E-03           1
|1111111101001101100011100> :  0.1348392E-05  0.1000000E-03           1
|0111000110110110011110011> :  0.2082052E-09  0.1000000E-03           1
|0101111010010110110000000> :  0.4987065E-09  0.1000000E-03           1
|0001010001110111001110010> :  0.4098931E-09  0.1000000E-03           1
|0100101101110111011100011> :  0.2031303E-10  0.1000000E-03           1
|1110100101001101110010000> :  0.1556120E-08  0.1000000E-03           1
|0011011000100110111000101> :  0.2949690E-10  0.1000000E-03           1
|0011001010110011011110111> :  0.8171302E-05  0.1000000E-03           1
|1110010111111111000011000> :  0.5495104E-09  0.1000000E-03           1
|1110001111010110000000101> :  0.2494083E-10  0.1000000E-03           1
|0001100101100101101000100> :  0.2740483E-09  0.1000000E-03           1
|0000110111010111000000111> :  0.5178699E-09  0.1000000E-03           1
|1101000010100111011100000> :  0.1150736E-09  0.1000000E-03           1
|1011111100010100010001100> :  0.1954825E-09  0.1000000E-03           1
|0001100000110011011101111> :  0.7893668E-09  0.1000000E-03           1
|1010100000100101011101001> :  0.3950733E-09  0.1000000E-03           1
|1010011110010011111000100> :  0.2880333E-09  0.1000000E-03           1
|1001000011110011011111001> :  0.1029511E-07  0.1000000E-03           1
|1000110100001001010111011> :  0.4850840E-04  0.1000000E-03           1
|0001011010110010001110011> :  0.1603236E-03  0.1000000E-03           1
|0001000010110010011110111> :  0.2469796E-04  0.1000000E-03           1
|0000010101010111011100011> :  0.3019464E-09  0.1000000E-03           1
