# state, exact probability, frequency, count:
#------------------------------------------------------------------
|010110110010001101001110111001> :  0.1123726E+00  0.1134000E+00        1134
|101001001101110010110001000110> :  0.1123726E+00  0.1132000E+00        1132
|101100111100110000101100010011> :  0.2781171E-01  0.2840000E-01         284
|010011000001001111110011101100> :  0.2694104E-01  0.2770000E-01         277
|010011000011001111010011101100> :  0.2781171E-01  0.2720000E-01         272
|001001001101010011110011100110> :  0.2714771E-01  0.2660000E-01         266
|110110110010101100001100011001> :  0.2714771E-01  0.2480000E-01         248
|101100111110110000001100010011> :  0.2694104E-01  0.2440000E-01         244
|101100111100110000101100110010> :  0.2438309E-01  0.2440000E-01         244
|101101001100110010111000000111> :  0.2380232E-01  0.2410000E-01         241
|010011000001001111110011001101> :  0.2384639E-01  0.2250000E-01         225
|010010110011001101000111111000> :  0.2380232E-01  0.2220000E-01         222
|010011000011001111010011001101> :  0.2438309E-01  0.2200000E-01         220
|101100111110110000001100110010> :  0.2384639E-01  0.2160000E-01         216
|010100111010001001001110111010> :  0.1291375E-01  0.1390000E-01         139
|101011000101110110110001000101> :  0.1291375E-01  0.1170000E-01         117
|101101001100110010101000010111> :  0.9888825E-02  0.1110000E-01         111
|111110110010101100001100010001> :  0.9828197E-02  0.1100000E-01         110
|101001001101010010110011100110> :  0.1161028E-01  0.1080000E-01         108
|001000101101010001110111100010> :  0.9777231E-02  0.1060000E-01         106
|010010110011001101010111101000> :  0.9888825E-02  0.1030000E-01         103
|010110110010101101001100011001> :  0.1161028E-01  0.1010000E-01         101
|010100110010001101001110111010> :  0.8991436E-02  0.9700000E-02          97
|110111010010101110001000011101> :  0.9777231E-02  0.9700000E-02          97
|010110110011001101000110111000> :  0.8753528E-02  0.9600000E-02          96
|000001001101010011110011101110> :  0.9828197E-02  0.9200000E-02          92
|101111000000101110101000010101> :  0.8488408E-02  0.8900000E-02          89
|010111010010101111001000011101> :  0.8187884E-02  0.8700000E-02          87
|101001001100110010111001000111> :  0.8753528E-02  0.8300000E-02          83
|101001000101010011110011100110> :  0.6915306E-02  0.8200000E-02          82
|101011001101110010110001000101> :  0.8991436E-02  0.8100000E-02          81
|101000101101010000110111100010> :  0.8187884E-02  0.8000000E-02          80
|010110111010101100001100011001> :  0.6915306E-02  0.7700000E-02          77
|010000111111010001010111101010> :  0.8488408E-02  0.7600000E-02          76
|101111000000101110100001010101> :  0.6772696E-02  0.6900000E-02          69
|010000111111010001011110101010> :  0.6772696E-02  0.6800000E-02          68
|010000111110010001011110111010> :  0.4445059E-02  0.4800000E-02          48
|101101000000111110101000010101> :  0.3770475E-02  0.4400000E-02          44
|101111000001101110100001000101> :  0.4445059E-02  0.4200000E-02          42
|010010111111000001010111101010> :  0.3770475E-02  0.4200000E-02          42
|000000101101010001110111101010> :  0.3235554E-02  0.4100000E-02          41
|001100111110010001001100110010> :  0.3621058E-02  0.4100000E-02          41
|101011000001101110110001000101> :  0.3594316E-02  0.4000000E-02          40
|010010110010001101000111111001> :  0.4417186E-02  0.3900000E-02          39
|101101001101110010111000000110> :  0.4417186E-02  0.3800000E-02          38
|010111010010001111001010011101> :  0.3383540E-02  0.3700000E-02          37
|010011000010001111000011111001> :  0.3191799E-02  0.3500000E-02          35
|110011000001101110110011001101> :  0.3621058E-02  0.3300000E-02          33
|010111011010101110001000011101> :  0.2677470E-02  0.3300000E-02          33
|010010111011001001010111101010> :  0.2760631E-02  0.3300000E-02          33
|010011001111000011010011101110> :  0.2709931E-02  0.3200000E-02          32
|111111010010101110001000010101> :  0.3235554E-02  0.3100000E-02          31
|101000100101010001110111100010> :  0.2677470E-02  0.3100000E-02          31
|101100111101110000111100100010> :  0.2620801E-02  0.3000000E-02          30
|101000101101110000110101100010> :  0.3383540E-02  0.2900000E-02          29
|101100110010111100001100010001> :  0.2775180E-02  0.2800000E-02          28
|101001001111110010110001000110> :  0.2574396E-02  0.2600000E-02          26
|101100110000111100101100010001> :  0.2709931E-02  0.2600000E-02          26
|010011001101000011110011101110> :  0.2775180E-02  0.2500000E-02          25
|010110110000001101001110111001> :  0.2574396E-02  0.2500000E-02          25
|000011000001010111110011101100> :  0.1628734E-02  0.2500000E-02          25
|101100111101110000111100000110> :  0.3191799E-02  0.2400000E-02          24
|010100111110010001001110111010> :  0.3594316E-02  0.2300000E-02          23
|101001001101110010110001000111> :  0.2003909E-02  0.2300000E-02          23
|010011000010001111000011011101> :  0.2620801E-02  0.2300000E-02          23
|010011001001101110110011001101> :  0.1996362E-02  0.2200000E-02          22
|101101000100110110101000010101> :  0.2760631E-02  0.2200000E-02          22
|110011000011101110010011001101> :  0.1686430E-02  0.2100000E-02          21
|101100110110010001001100110010> :  0.1996362E-02  0.2100000E-02          21
|010010110011001101010111001101> :  0.1271652E-02  0.1800000E-02          18
|010011000000001111100011011101> :  0.1125920E-02  0.1700000E-02          17
|111100111110101000001100010011> :  0.1628734E-02  0.1600000E-02          16
|010110110010001101001110111000> :  0.2003909E-02  0.1600000E-02          16
|010110010010001101001110111001> :  0.1606785E-02  0.1600000E-02          16
|010011000011001111000011111000> :  0.1339304E-02  0.1500000E-02          15
|001100111100010001101100110010> :  0.1686430E-02  0.1500000E-02          15
|101001101101110010110001000110> :  0.1606785E-02  0.1400000E-02          14
|101100110100110100101100010001> :  0.1218034E-02  0.1400000E-02          14
|101101011110110010011000000111> :  0.1042024E-02  0.1400000E-02          14
|101000101101110000110101000110> :  0.1092148E-02  0.1300000E-02          13
|010010000010001111000111111001> :  0.1079377E-02  0.1300000E-02          13
|001001001101010011111011100110> :  0.9708368E-03  0.1300000E-02          13
|101100110100010001101100110010> :  0.1275881E-02  0.1200000E-02          12
|010011001011101110010011001101> :  0.1275881E-02  0.1200000E-02          12
|101100111110111000001100010011> :  0.6327244E-03  0.1200000E-02          12
|010010000011001111000111111000> :  0.1079750E-02  0.1200000E-02          12
|101101111101110000111000000110> :  0.1079377E-02  0.1200000E-02          12
|101101111100110000111000000111> :  0.1079750E-02  0.1200000E-02          12
|010011001011001011010011101110> :  0.1218034E-02  0.1100000E-02          11
|101011000101010111110011000101> :  0.1030383E-02  0.1100000E-02          11
|101100111100110000111100000111> :  0.1339304E-02  0.1100000E-02          11
|101101001100110010101000110010> :  0.1271652E-02  0.1100000E-02          11
|010111010010001111001010111001> :  0.1092148E-02  0.1000000E-02          10
|110110110010101100000100011001> :  0.9708368E-03  0.1000000E-02          10
|010100111010101000001100111010> :  0.1030383E-02  0.1000000E-02          10
|010010000011001111010111101000> :  0.6317792E-03  0.1000000E-02          10
|010110110010001101000110111001> :  0.9670050E-03  0.1000000E-02          10
|010011000011101111010011001101> :  0.7333204E-03  0.9000000E-03           9
|010011000001101111110011001101> :  0.9550424E-03  0.9000000E-03           9
|001101001100110010101000010111> :  0.4213916E-03  0.9000000E-03           9
|010010100001001101110111101000> :  0.6563327E-03  0.9000000E-03           9
|101101111100110000101000010111> :  0.6317792E-03  0.9000000E-03           9
|000011000001010111110011001101> :  0.8716002E-03  0.9000000E-03           9
|101100111111110000011100100010> :  0.1125920E-02  0.9000000E-03           9
|101001001101010010110011100010> :  0.5075980E-03  0.8000000E-03           8
|101001001101110010111001000110> :  0.9670050E-03  0.8000000E-03           8
|010001011111010011011010101110> :  0.5186711E-03  0.8000000E-03           8
|010010100001001101100111111000> :  0.1042024E-02  0.8000000E-03           8
|001001001101010011110011100010> :  0.5522246E-03  0.7000000E-03           7
|101100111110010000001100110010> :  0.9550424E-03  0.7000000E-03           7
|110110110010101100001100011101> :  0.5522246E-03  0.7000000E-03           7
|101011101101110010110001000101> :  0.3087367E-03  0.7000000E-03           7
|001000111111010001011110100010> :  0.3958846E-03  0.7000000E-03           7
|010110110010001101001100111001> :  0.3398815E-03  0.7000000E-03           7
|101011100101110110110001000101> :  0.3820062E-03  0.7000000E-03           7
|110110110010001101001110111001> :  0.5847213E-03  0.7000000E-03           7
|101100111100010000101100110010> :  0.7333204E-03  0.7000000E-03           7
|101100111111110000011100000110> :  0.9546253E-03  0.7000000E-03           7
|010011010011001111010011001101> :  0.2943285E-03  0.6000000E-03           6
|101000111101010000111110100010> :  0.3541858E-03  0.6000000E-03           6
|010011000000001111100011111001> :  0.9546253E-03  0.6000000E-03           6
|101100101100110000101100110010> :  0.2943285E-03  0.6000000E-03           6
|010111001000101110101000011101> :  0.1429721E-03  0.6000000E-03           6
|101110110000101100101100010001> :  0.8155506E-03  0.6000000E-03           6
|010010110011000101010111101000> :  0.3337431E-03  0.6000000E-03           6
|101101000100110110111000000101> :  0.8796315E-03  0.6000000E-03           6
|010001001111010011010011101110> :  0.8155506E-03  0.6000000E-03           6
|101110110010101100001100010001> :  0.4073444E-03  0.6000000E-03           6
|110010110011001101010111101000> :  0.4213916E-03  0.6000000E-03           6
|101100111110110000011100000111> :  0.3260641E-03  0.6000000E-03           6
|010011000001000111110011101100> :  0.6327244E-03  0.6000000E-03           6
|111100111110101000001100110010> :  0.8716002E-03  0.6000000E-03           6
|010011001001001011110011101110> :  0.1012755E-02  0.6000000E-03           6
|101101011100110010101000010111> :  0.3088137E-03  0.6000000E-03           6
|110111000010101110000001011101> :  0.2839485E-03  0.5000000E-03           5
|101010101101110000110101000101> :  0.2991914E-03  0.5000000E-03           5
|010011000011001111000011001101> :  0.3363474E-03  0.5000000E-03           5
|000001001111010011110011101110> :  0.3135135E-03  0.5000000E-03           5
|000011001101010011110011101110> :  0.3541063E-03  0.5000000E-03           5
|101000111110010000011110110010> :  0.1824449E-03  0.5000000E-03           5
|000001001101110010110011001110> :  0.4003975E-03  0.5000000E-03           5
|101010100101110100110101000101> :  0.3331504E-03  0.5000000E-03           5
|101011001101100010110001000101> :  0.3126791E-03  0.5000000E-03           5
|111101011110101010001000010111> :  0.2579554E-03  0.5000000E-03           5
|010111000010101111000001011101> :  0.3541858E-03  0.5000000E-03           5
|010110111010001101001110111001> :  0.2758946E-03  0.5000000E-03           5
|110011001111100010010011000110> :  0.2287331E-03  0.5000000E-03           5
|010101011010101010001000011111> :  0.4622410E-03  0.5000000E-03           5
|001001001101110010110001000110> :  0.5847213E-03  0.5000000E-03           5
|101111000101110110110001000101> :  0.1476262E-03  0.5000000E-03           5
|010010100000001101100111111001> :  0.4070444E-03  0.5000000E-03           5
|000001001100010011111011111010> :  0.1072321E-03  0.5000000E-03           5
|010010100011001101010111101000> :  0.3088137E-03  0.5000000E-03           5
|010010110001001101000111111000> :  0.3041139E-03  0.5000000E-03           5
|101110100000101100100101010001> :  0.5186711E-03  0.5000000E-03           5
|101001001101110010110011000110> :  0.3398815E-03  0.4000000E-03           4
|101001000101010011110011100010> :  0.1354755E-03  0.4000000E-03           4
|101000111111010000011110100010> :  0.3489785E-03  0.4000000E-03           4
|001101001101110010111000000110> :  0.1013919E-03  0.4000000E-03           4
|001101001100110010111000000111> :  0.5231469E-03  0.4000000E-03           4
|010010110011001101010111101001> :  0.2664853E-03  0.4000000E-03           4
|101011001101100010110001000110> :  0.1719309E-03  0.4000000E-03           4
|111100110010101100001100010001> :  0.3541063E-03  0.4000000E-03           4
|111110110010001101001100110001> :  0.4003975E-03  0.4000000E-03           4
|001000111101010001111110100010> :  0.2839485E-03  0.4000000E-03           4
|110110110000101100001100011001> :  0.2857088E-03  0.4000000E-03           4
|101101011110110010001000010111> :  0.6563327E-03  0.4000000E-03           4
|101101011111110010011000000110> :  0.4070444E-03  0.4000000E-03           4
|010101010010001111001010111010> :  0.2991914E-03  0.4000000E-03           4
|010110110010101101000100011001> :  0.5743291E-03  0.4000000E-03           4
|010110110010101101001100011101> :  0.5075980E-03  0.4000000E-03           4
|110011000001001111110011001101> :  0.2468589E-03  0.4000000E-03           4
|000001001101010011111011101110> :  0.3943392E-03  0.4000000E-03           4
|010111001001101110100001001101> :  0.1371132E-03  0.4000000E-03           4
|101011000001110110110001000101> :  0.1791628E-03  0.4000000E-03           4
|101100110110110100001100010001> :  0.1012755E-02  0.3000000E-03           3
|010111000001101111100001001101> :  0.1824449E-03  0.3000000E-03           3
|101001001101010010111011100110> :  0.5743291E-03  0.3000000E-03           3
|001101001000111110101000011101> :  0.2102796E-03  0.3000000E-03           3
|000100111000011001101110111010> :  0.5842192E-04  0.3000000E-03           3
|101000101101010000111111100010> :  0.6579282E-04  0.3000000E-03           3
|001100111000011001101100111010> :  0.8123958E-04  0.3000000E-03           3
|101000101100010000111111110010> :  0.6667337E-04  0.3000000E-03           3
|010010111011001001000111111010> :  0.8796315E-03  0.3000000E-03           3
|101001000100110110111001000101> :  0.1669397E-03  0.3000000E-03           3
|000001000000010111111011001101> :  0.3012623E-03  0.3000000E-03           3
|101001001101110010110001100010> :  0.1113341E-03  0.3000000E-03           3
|101001001101110010111001100110> :  0.1552225E-03  0.3000000E-03           3
|101001001101110010111011000110> :  0.3816232E-04  0.3000000E-03           3
|101010100101010101110111100000> :  0.4622410E-03  0.3000000E-03           3
|000010100001010101110111101000> :  0.2579554E-03  0.3000000E-03           3
|010011001011001111010011101100> :  0.2164765E-03  0.3000000E-03           3
|010011001101100010110011001101> :  0.1066520E-03  0.3000000E-03           3
|010111000011101111000001001101> :  0.2051790E-03  0.3000000E-03           3
|001001001100010011111011110010> :  0.3039354E-03  0.3000000E-03           3
|010111000000101111100001011101> :  0.3489785E-03  0.3000000E-03           3
|101100110110110000001100110010> :  0.1967550E-03  0.3000000E-03           3
|010110111010101100001100011101> :  0.1354755E-03  0.3000000E-03           3
|101100111100110000101100010111> :  0.2523555E-03  0.3000000E-03           3
|110000110111010001010111100010> :  0.2311732E-03  0.3000000E-03           3
|001001001111010011110011100110> :  0.2857088E-03  0.3000000E-03           3
|010100111010101000001100011011> :  0.6491940E-03  0.3000000E-03           3
|101101001100110010101000010110> :  0.2664853E-03  0.3000000E-03           3
|101101001110110010111000000111> :  0.3041139E-03  0.3000000E-03           3
|101101001100110010101001010111> :  0.1483784E-03  0.3000000E-03           3
|101101000101010011111000100110> :  0.5851815E-04  0.3000000E-03           3
|101111100000101110100001010101> :  0.6126077E-04  0.3000000E-03           3
|010110110011001101000110111010> :  0.6413033E-04  0.3000000E-03           3
|110010110011101100010111001101> :  0.2908637E-03  0.3000000E-03           3
|110010110111000001010111100010> :  0.2102796E-03  0.3000000E-03           3
|010100011010001001001110111010> :  0.3820062E-03  0.3000000E-03           3
|010100111010011001001110111010> :  0.3966389E-03  0.3000000E-03           3
|010110111010101100000100011001> :  0.2735573E-03  0.3000000E-03           3
|101110100000101100101100010001> :  0.1652140E-03  0.3000000E-03           3
|101101001100111010101000010111> :  0.3337431E-03  0.3000000E-03           3
|110011000001001111110011101100> :  0.8768804E-04  0.3000000E-03           3
|010010110000001101000111111001> :  0.2193752E-03  0.3000000E-03           3
|101100110100110000101100010011> :  0.2164765E-03  0.3000000E-03           3
|010101011010001011001010111010> :  0.3331504E-03  0.3000000E-03           3
|101101001101110010111000100110> :  0.1352837E-03  0.3000000E-03           3
|101101000100010011101000110010> :  0.2787236E-03  0.3000000E-03           3
|010111001010101110000001011101> :  0.1728733E-03  0.3000000E-03           3
|010011001011001111010011001101> :  0.1597286E-03  0.3000000E-03           3
|111101011111110010011000000110> :  0.9124529E-04  0.3000000E-03           3
|001100110000011101101100111010> :  0.1598836E-03  0.3000000E-03           3
|111110110010101100001100010101> :  0.1386430E-03  0.3000000E-03           3
|111110111111100000010100000101> :  0.7621875E-04  0.3000000E-03           3
|111111011110101010001000010101> :  0.2102067E-03  0.3000000E-03           3
|010010110011001101010111101100> :  0.3475673E-03  0.3000000E-03           3
|010110110010001101001110011001> :  0.1284275E-03  0.3000000E-03           3
|001000111100010001111110110010> :  0.2409238E-03  0.2000000E-03           2
|010011000010001111010011001101> :  0.1698602E-03  0.2000000E-03           2
|101001001101110010110001100110> :  0.1284275E-03  0.2000000E-03           2
|101001001101110010110001010110> :  0.4212813E-04  0.2000000E-03           2
|101001000101010011110001100110> :  0.2106131E-04  0.2000000E-03           2
|001100111110110000001100110010> :  0.2468589E-03  0.2000000E-03           2
|000001000101010011110011101110> :  0.9650138E-04  0.2000000E-03           2
|001100111100110000101100010011> :  0.8715192E-04  0.2000000E-03           2
|101000110111010001011110100010> :  0.2528399E-03  0.2000000E-03           2
|101001000100010011111011110010> :  0.9923859E-04  0.2000000E-03           2
|001100110010011101001100111010> :  0.1725805E-03  0.2000000E-03           2
|101001000101010011111011100110> :  0.2735573E-03  0.2000000E-03           2
|101001000111010011110011100110> :  0.9766521E-04  0.2000000E-03           2
|101001000101110010110001000110> :  0.2758946E-03  0.2000000E-03           2
|010011000001001111100011111000> :  0.3260641E-03  0.2000000E-03           2
|010011000001001111100011101100> :  0.2493147E-04  0.2000000E-03           2
|101000101101110000111101100010> :  0.4211580E-04  0.2000000E-03           2
|111100111111110000011100100010> :  0.4505834E-04  0.2000000E-03           2
|101001001111110010010001000110> :  0.3719322E-03  0.2000000E-03           2
|111100111110110000001100010111> :  0.1567435E-04  0.2000000E-03           2
|101010100101010001110111100010> :  0.1874339E-03  0.2000000E-03           2
|001000111111010001010111100010> :  0.1984846E-03  0.2000000E-03           2
|101011000000001111100011110001> :  0.1696088E-04  0.2000000E-03           2
|101000101101110000111101000110> :  0.2145525E-04  0.2000000E-03           2
|110110110011101100000100001101> :  0.3039354E-03  0.2000000E-03           2
|010111000000101111101000011101> :  0.1697009E-03  0.2000000E-03           2
|101011001111110010110001000101> :  0.1812686E-03  0.2000000E-03           2
|001011001101110010110001000101> :  0.1105927E-03  0.2000000E-03           2
|010010110010001101001110111001> :  0.1139440E-03  0.2000000E-03           2
|010011001111100010010011001110> :  0.1256475E-03  0.2000000E-03           2
|110011000011001111010011001101> :  0.1527174E-03  0.2000000E-03           2
|101100110010011101001100110001> :  0.1198987E-03  0.2000000E-03           2
|101111000001101110100001000100> :  0.4826373E-04  0.2000000E-03           2
|101101000100110010111000000111> :  0.4627841E-04  0.2000000E-03           2
|010001001101010011110011101110> :  0.4073444E-03  0.2000000E-03           2
|001001001101110010111001000110> :  0.8395921E-04  0.2000000E-03           2
|010101011010101110001000011101> :  0.1874339E-03  0.2000000E-03           2
|000001000001010111110011101110> :  0.2219601E-03  0.2000000E-03           2
|001101011110110010011000000111> :  0.3315935E-04  0.2000000E-03           2
|010000111111010001011110101110> :  0.7434440E-04  0.2000000E-03           2
|001001001101110010110001000111> :  0.6001223E-04  0.2000000E-03           2
|101101011100110010111000000111> :  0.4148456E-03  0.2000000E-03           2
|101101001101110010110001000110> :  0.1139440E-03  0.2000000E-03           2
|010000111111010001010111101110> :  0.1000382E-03  0.2000000E-03           2
|101101001111110010111000000110> :  0.2193752E-03  0.2000000E-03           2
|101101001101110010100001000110> :  0.1530102E-03  0.2000000E-03           2
|010100111110001001001110111010> :  0.1791628E-03  0.2000000E-03           2
|101101001100110010101000010011> :  0.3475673E-03  0.2000000E-03           2
|000001001100010011111011001111> :  0.6657184E-04  0.2000000E-03           2
|010000111110110000011110001111> :  0.3527619E-04  0.2000000E-03           2
|101110110000101100100100010001> :  0.1158902E-03  0.2000000E-03           2
|010100111010001001001100111010> :  0.1653779E-03  0.2000000E-03           2
|010100111000001001001110111010> :  0.1237414E-03  0.2000000E-03           2
|101111000000101110101000011101> :  0.5583999E-04  0.2000000E-03           2
|010100110010011101001110111010> :  0.3126791E-03  0.2000000E-03           2
|101111001100110010100001010101> :  0.2744004E-04  0.2000000E-03           2
|101100111110110000001100010111> :  0.8223879E-04  0.2000000E-03           2
|110000110110010001011110110010> :  0.5536660E-04  0.2000000E-03           2
|101111001101110010110001000101> :  0.1140193E-03  0.2000000E-03           2
|010110110011101101000100001101> :  0.1744017E-03  0.2000000E-03           2
|000001000001010111110011001101> :  0.8360759E-04  0.2000000E-03           2
|101100111100111000101100010011> :  0.9553790E-04  0.2000000E-03           2
|110010111111000000010111100010> :  0.8332761E-04  0.2000000E-03           2
|101100111100110000111100110010> :  0.3363474E-03  0.2000000E-03           2
|000011000000001111100011011101> :  0.4505834E-04  0.2000000E-03           2
|000001001101010011110011101010> :  0.1386430E-03  0.2000000E-03           2
|110011000011001111010011101100> :  0.8715192E-04  0.2000000E-03           2
|010100010010001101001110111010> :  0.3087367E-03  0.2000000E-03           2
|010000110010001101001110111010> :  0.1140193E-03  0.2000000E-03           2
|110110010010101100001100011001> :  0.1551798E-03  0.2000000E-03           2
|101101000100110010101000010111> :  0.2752264E-03  0.2000000E-03           2
|010010100011001101000111111000> :  0.4148456E-03  0.2000000E-03           2
|010010100010001101000111111001> :  0.1368246E-03  0.2000000E-03           2
|010011100001001111110011101100> :  0.2932995E-03  0.2000000E-03           2
|101100110110110000001100010011> :  0.1730724E-03  0.2000000E-03           2
|101101001100110010101000010101> :  0.9823708E-04  0.2000000E-03           2
|001001001100110010111001000111> :  0.2378434E-03  0.2000000E-03           2
|101100110101010001111100100010> :  0.8519296E-05  0.2000000E-03           2
|101100110100110000101100110010> :  0.1597286E-03  0.2000000E-03           2
|010011010011001111010011101100> :  0.1530157E-03  0.2000000E-03           2
|110110110010001101001100111001> :  0.5899048E-04  0.2000000E-03           2
|110110110011101100000100111000> :  0.7925540E-04  0.2000000E-03           2
|110111000000101110100001011101> :  0.3958846E-03  0.2000000E-03           2
|101101001110110010101000010111> :  0.1868789E-03  0.2000000E-03           2
|110110110011101100000100011001> :  0.9582407E-04  0.2000000E-03           2
|110111000001101110100001001101> :  0.2653070E-03  0.2000000E-03           2
|001111001001101110100001001101> :  0.5536660E-04  0.2000000E-03           2
|110111000000101110101000011101> :  0.1984846E-03  0.2000000E-03           2
|110110110010001101000110111001> :  0.8395921E-04  0.2000000E-03           2
|010111001011101110000001001101> :  0.9895397E-04  0.2000000E-03           2
|001111001000101110101000011101> :  0.2311732E-03  0.2000000E-03           2
|111001001101110010110001000110> :  0.2522505E-04  0.2000000E-03           2
|111100110010001101001100110001> :  0.2668968E-04  0.2000000E-03           2
|101100011110110000001100010011> :  0.2932995E-03  0.2000000E-03           2
|001100110000011101101100111001> :  0.2287331E-03  0.2000000E-03           2
|101011101101110000110001000101> :  0.3348680E-04  0.2000000E-03           2
|010011001011001111000011111000> :  0.2360259E-04  0.2000000E-03           2
|111110110010101100000100010001> :  0.3943392E-03  0.2000000E-03           2
|101011001101110010110001000110> :  0.9049749E-04  0.2000000E-03           2
|001100110010011101001100111001> :  0.1792742E-03  0.2000000E-03           2
|111110110011101100000100000101> :  0.1072321E-03  0.2000000E-03           2
|111110111111101000000100110010> :  0.3012623E-03  0.2000000E-03           2
|010010110011001101010111101010> :  0.9823708E-04  0.2000000E-03           2
|101011000111110110110001000101> :  0.1237414E-03  0.2000000E-03           2
|111111000011101110000001000101> :  0.3250864E-04  0.2000000E-03           2
|000000100001010101110111101010> :  0.2102067E-03  0.2000000E-03           2
|101011000101010111110011100000> :  0.3101012E-04  0.1000000E-03           1
|101011000100010011110011100011> :  0.9776599E-08  0.1000000E-03           1
|010011000011101111010001001101> :  0.1578667E-04  0.1000000E-03           1
|010011000011101111000011001101> :  0.4724159E-05  0.1000000E-03           1
|101011000001001111110011000101> :  0.5443356E-05  0.1000000E-03           1
|010011000011001111110011101100> :  0.1078515E-04  0.1000000E-03           1
|001101011010101110001000011101> :  0.9899908E-08  0.1000000E-03           1
|010011000011001111010011101110> :  0.6828390E-04  0.1000000E-03           1
|010011000011001111010011101101> :  0.2257908E-04  0.1000000E-03           1
|001101001101110011111000000110> :  0.1037354E-04  0.1000000E-03           1
|101010101101010000110111100010> :  0.8799398E-04  0.1000000E-03           1
|101010100101010101110101100000> :  0.1240723E-05  0.1000000E-03           1
|010011000011001111010011101000> :  0.2523555E-03  0.1000000E-03           1
|001000111110010001011110110010> :  0.2653070E-03  0.1000000E-03           1
|000010100000001101100111111001> :  0.9124529E-04  0.1000000E-03           1
|101010100010001101100111110001> :  0.1740830E-07  0.1000000E-03           1
|010011000011001111000111111000> :  0.1992202E-05  0.1000000E-03           1
|001101001101110010100001000110> :  0.3587034E-05  0.1000000E-03           1
|101001101111110010110001100010> :  0.1060798E-07  0.1000000E-03           1
|101001101101110010110011000110> :  0.1819206E-04  0.1000000E-03           1
|010011000011001111000011101100> :  0.1480041E-03  0.1000000E-03           1
|001101001101010011111000100110> :  0.7031920E-04  0.1000000E-03           1
|101001101101110010110001000111> :  0.5650553E-04  0.1000000E-03           1
|010011000011001101010111011001> :  0.5283252E-06  0.1000000E-03           1
|001101001100110010111000001111> :  0.3504918E-04  0.1000000E-03           1
|010011000010101111010011101100> :  0.4765147E-06  0.1000000E-03           1
|101001001111110010110001000111> :  0.1065060E-04  0.1000000E-03           1
|010011000010001111011011001101> :  0.2606603E-04  0.1000000E-03           1
|000001101101010011110011101110> :  0.5571595E-04  0.1000000E-03           1
|000001001001011011100011111010> :  0.1521677E-04  0.1000000E-03           1
|101001001101111010110001000110> :  0.5758494E-04  0.1000000E-03           1
|010011000010001111010011101111> :  0.2308919E-05  0.1000000E-03           1
|101001001101110010110011100110> :  0.1096962E-04  0.1000000E-03           1
|001101001100010011101000110010> :  0.2908637E-03  0.1000000E-03           1
|001000110010110101011100001011> :  0.5453270E-08  0.1000000E-03           1
|010011000001001111110011111100> :  0.4771369E-05  0.1000000E-03           1
|001101001001101110111000101110> :  0.4573531E-08  0.1000000E-03           1
|010011000001001111110011101110> :  0.5476345E-04  0.1000000E-03           1
|000001101100010011111011101110> :  0.2552047E-06  0.1000000E-03           1
|101001001100110010111001010111> :  0.2162577E-04  0.1000000E-03           1
|010011000001001111110011001100> :  0.2084714E-04  0.1000000E-03           1
|001101001000111010101000011111> :  0.1093426E-03  0.1000000E-03           1
|101001001100010010110011110010> :  0.3178799E-06  0.1000000E-03           1
|101001001001111010100001000110> :  0.7343164E-05  0.1000000E-03           1
|001101000000111111101000011101> :  0.8332761E-04  0.1000000E-03           1
|001000101101010001110011110110> :  0.7708250E-06  0.1000000E-03           1
|101001000101110010110011000110> :  0.1437029E-05  0.1000000E-03           1
|010011000001000111110011001101> :  0.2547916E-03  0.1000000E-03           1
|001101000000011111101000111001> :  0.5400913E-04  0.1000000E-03           1
|010011000000101111100011011101> :  0.2178170E-04  0.1000000E-03           1
|101001000101010011110011000111> :  0.7350212E-05  0.1000000E-03           1
|010011000000001111111011001101> :  0.2252374E-04  0.1000000E-03           1
|001100111111110000011100001110> :  0.6613400E-06  0.1000000E-03           1
|001000100101010001110111100010> :  0.1060542E-04  0.1000000E-03           1
|000001001000011011101011111010> :  0.5032063E-04  0.1000000E-03           1
|010011000000001111110011011000> :  0.4352044E-05  0.1000000E-03           1
|101001000100110110111011000101> :  0.6469645E-05  0.1000000E-03           1
|101001000100010111111011010101> :  0.2610323E-05  0.1000000E-03           1
|101001000100010011111111110010> :  0.3640419E-06  0.1000000E-03           1
|010010111111011001000111101010> :  0.6271401E-06  0.1000000E-03           1
|000110110011001101000110111000> :  0.3515323E-05  0.1000000E-03           1
|101001000001011011110011101110> :  0.8392857E-06  0.1000000E-03           1
|101000111111110000010101000110> :  0.6530671E-04  0.1000000E-03           1
|010010111011101100010111001101> :  0.2787236E-03  0.1000000E-03           1
|101000111100010000111110110010> :  0.2051790E-03  0.1000000E-03           1
|001100111100010001101100110011> :  0.3249775E-06  0.1000000E-03           1
|000101001101110011100001101110> :  0.4571730E-06  0.1000000E-03           1
|000001001101110010111010001110> :  0.5518467E-06  0.1000000E-03           1
|010010111011001000010111101010> :  0.3011703E-04  0.1000000E-03           1
|101000110100010101111110110001> :  0.2357342E-04  0.1000000E-03           1
|010010111010101100001110110001> :  0.1941076E-06  0.1000000E-03           1
|010010111010101100000111011001> :  0.5851815E-04  0.1000000E-03           1
|010010110111000001010111101010> :  0.5288388E-04  0.1000000E-03           1
|001100111010111000001100111010> :  0.6178221E-04  0.1000000E-03           1
|000101001000011011101010111010> :  0.5662347E-04  0.1000000E-03           1
|010010110011101101010111001101> :  0.1145004E-03  0.1000000E-03           1
|010010110011011101010111101000> :  0.2385288E-05  0.1000000E-03           1
|001100111000111100101100011001> :  0.5237016E-04  0.1000000E-03           1
|101000101101010000110011010110> :  0.2793866E-06  0.1000000E-03           1
|010010110011010101000111101010> :  0.2576246E-07  0.1000000E-03           1
|101000100101010101110111100010> :  0.8267149E-04  0.1000000E-03           1
|010010110011001111000011111100> :  0.2138285E-05  0.1000000E-03           1
|000101000000111111101000011101> :  0.6434979E-06  0.1000000E-03           1
|101000100100010101111111110001> :  0.3758324E-04  0.1000000E-03           1
|010010110011001101010111111000> :  0.1377870E-04  0.1000000E-03           1
|101000001111110000110101010010> :  0.3603856E-06  0.1000000E-03           1
|111111011110100010011000000101> :  0.8476078E-05  0.1000000E-03           1
|101000101110110000000101010011> :  0.1642551E-05  0.1000000E-03           1
|101000101111010010011011100010> :  0.5001261E-08  0.1000000E-03           1
|101000101111110000110101100010> :  0.1280730E-04  0.1000000E-03           1
|100101001101110010100011010110> :  0.1661546E-06  0.1000000E-03           1
|101000110101010001111110100010> :  0.1728733E-03  0.1000000E-03           1
|101000110110010001011110110010> :  0.1371132E-03  0.1000000E-03           1
|001100110010111101001100001101> :  0.2850461E-07  0.1000000E-03           1
|100101001101010010110000100110> :  0.6316480E-06  0.1000000E-03           1
|111111010010101110001000000101> :  0.1161748E-04  0.1000000E-03           1
|100101001100111010111000000111> :  0.3275165E-06  0.1000000E-03           1
|100100111000110000101100011011> :  0.2068439E-05  0.1000000E-03           1
|111110111110101000001100010001> :  0.2219601E-03  0.1000000E-03           1
|101000111111110000011100100010> :  0.2115006E-04  0.1000000E-03           1
|100011000001110110110011001101> :  0.1884309E-04  0.1000000E-03           1
|101001000100010011111011000111> :  0.5114671E-04  0.1000000E-03           1
|000100111110110001001100110011> :  0.8820045E-08  0.1000000E-03           1
|100011000001001111111011101100> :  0.2246621E-08  0.1000000E-03           1
|111110110111100100010100000101> :  0.5032063E-04  0.1000000E-03           1
|101001000100110011111001000111> :  0.2207613E-04  0.1000000E-03           1
|100001101101010010110011100110> :  0.1389238E-05  0.1000000E-03           1
|100001000111010001111111100010> :  0.1007232E-08  0.1000000E-03           1
|101001000101010011100011110010> :  0.1533858E-05  0.1000000E-03           1
|101001000101010011110001100010> :  0.1386592E-05  0.1000000E-03           1
|111110110011101100000100110000> :  0.6657184E-04  0.1000000E-03           1
|111110110011101100000100010001> :  0.4753474E-04  0.1000000E-03           1
|011110111111001101000101110001> :  0.2941573E-08  0.1000000E-03           1
|011110110010101101001100011001> :  0.5233061E-04  0.1000000E-03           1
|011110110010001101001100111001> :  0.1242871E-03  0.1000000E-03           1
|010010110011001101010110101000> :  0.1483784E-03  0.1000000E-03           1
|011011000001001111110001100100> :  0.1909009E-05  0.1000000E-03           1
|101001000101110011111001000110> :  0.4895747E-05  0.1000000E-03           1
|111110110010001101001100110000> :  0.1084780E-04  0.1000000E-03           1
|011010110010001101001100110001> :  0.1919453E-05  0.1000000E-03           1
|010010110011001101000111111001> :  0.7013814E-04  0.1000000E-03           1
|101001001100010010111011110010> :  0.1744017E-03  0.1000000E-03           1
|101001001100110010111001000101> :  0.6413033E-04  0.1000000E-03           1
|001100110000111101101100011001> :  0.1032623E-03  0.1000000E-03           1
|000100111010011001001110111010> :  0.1268490E-04  0.1000000E-03           1
|101001001100110010111011000111> :  0.8202217E-04  0.1000000E-03           1
|011000111111010001010111101010> :  0.1502600E-05  0.1000000E-03           1
|111110000010001111000101110001> :  0.2893351E-06  0.1000000E-03           1
|011000111111010001010111100010> :  0.1493178E-06  0.1000000E-03           1
|010111110010001101001110111001> :  0.2462659E-04  0.1000000E-03           1
|010111011110101110001000011101> :  0.3276176E-06  0.1000000E-03           1
|101001001101110010110001001110> :  0.2045454E-04  0.1000000E-03           1
|010010110011001101000111101000> :  0.1615341E-04  0.1000000E-03           1
|001100110000101101101100111010> :  0.3685528E-07  0.1000000E-03           1
|010111010011001111000010111000> :  0.2413108E-04  0.1000000E-03           1
|010010110011001101000110111000> :  0.5698670E-04  0.1000000E-03           1
|111100111110110000011100000111> :  0.6251984E-04  0.1000000E-03           1
|111100111110110000001100110010> :  0.1101841E-03  0.1000000E-03           1
|010111010010101111001000011001> :  0.1358207E-04  0.1000000E-03           1
|010111010010101111000000011101> :  0.6579282E-04  0.1000000E-03           1
|010111010010101110001000011101> :  0.1220622E-04  0.1000000E-03           1
|010010110010001101011110111001> :  0.1530102E-03  0.1000000E-03           1
|111100110010001101001100110010> :  0.6320258E-04  0.1000000E-03           1
|111011010111100110010001000101> :  0.3750373E-05  0.1000000E-03           1
|101001001111110010110011000110> :  0.2113519E-04  0.1000000E-03           1
|101001011111010010011010100110> :  0.1237568E-04  0.1000000E-03           1
|101001100101010001110011100110> :  0.3704112E-05  0.1000000E-03           1
|101001100101010011110011100110> :  0.4045548E-04  0.1000000E-03           1
|111010111111100000010101000101> :  0.6685868E-04  0.1000000E-03           1
|010010110010001101011101111001> :  0.4795684E-05  0.1000000E-03           1
|010111010010001111000010011101> :  0.4211580E-04  0.1000000E-03           1
|101001101111110000110001000110> :  0.9447634E-05  0.1000000E-03           1
|111001000111101011011001000110> :  0.7108252E-09  0.1000000E-03           1
|101001111111110000010101000110> :  0.6832786E-06  0.1000000E-03           1
|101010011101110000110101100000> :  0.3074895E-07  0.1000000E-03           1
|101010100001001101100111110000> :  0.4074244E-04  0.1000000E-03           1
|010111010010001101001110111001> :  0.1472057E-03  0.1000000E-03           1
|111000101101000000010111100010> :  0.9044259E-06  0.1000000E-03           1
|110111110000101100001000011101> :  0.3643732E-04  0.1000000E-03           1
|110111010011101110000000001101> :  0.6978644E-04  0.1000000E-03           1
|001100101100010001101100110010> :  0.1314213E-04  0.1000000E-03           1
|000100110000011101101110111001> :  0.3732094E-04  0.1000000E-03           1
|000001001101010011111010101110> :  0.1083974E-04  0.1000000E-03           1
|101010101101110000110101100010> :  0.3782965E-04  0.1000000E-03           1
|101010101101110010110001000101> :  0.6585772E-04  0.1000000E-03           1
|000001000001011111100011111010> :  0.1591933E-04  0.1000000E-03           1
|000000111101010001111110101010> :  0.3171337E-04  0.1000000E-03           1
|101011000001010111110011100100> :  0.8481676E-05  0.1000000E-03           1
|000000100100010001111111111010> :  0.1932042E-05  0.1000000E-03           1
|110111001001101110101010001101> :  0.9216093E-09  0.1000000E-03           1
|110111000011101110000001001101> :  0.2409238E-03  0.1000000E-03           1
|010010110010000101011110001101> :  0.4953704E-05  0.1000000E-03           1
|010111001000101110100001011101> :  0.2528399E-03  0.1000000E-03           1
|101011000101010111110011100100> :  0.6491940E-03  0.1000000E-03           1
|110110111010001001001110110001> :  0.3657032E-05  0.1000000E-03           1
|010010110001001101010111101000> :  0.1868789E-03  0.1000000E-03           1
|001100100000011101101100111010> :  0.3163596E-05  0.1000000E-03           1
|010111000011001111010000101100> :  0.2125196E-05  0.1000000E-03           1
|010111000011000111000011001101> :  0.1601257E-05  0.1000000E-03           1
|110110110011001101000110111000> :  0.2378434E-03  0.1000000E-03           1
|110110110011001101000110110000> :  0.3539402E-04  0.1000000E-03           1
|010111000010001111000011111001> :  0.1487117E-04  0.1000000E-03           1
|001011011110110011011000010101> :  0.4583919E-09  0.1000000E-03           1
|000011100001010111110011001101> :  0.6992019E-05  0.1000000E-03           1
|010111000001001111110000101100> :  0.1655325E-05  0.1000000E-03           1
|010010100011001111001110111000> :  0.3682695E-06  0.1000000E-03           1
|110110110010001100001110111001> :  0.1437721E-04  0.1000000E-03           1
|110110110010000101001110100001> :  0.2998305E-09  0.1000000E-03           1
|001011001101110010110001001101> :  0.5211938E-05  0.1000000E-03           1
|010110111011101100000100001101> :  0.9923859E-04  0.1000000E-03           1
|110110100010101110001001011001> :  0.6390671E-06  0.1000000E-03           1
|010110111011101000000100111010> :  0.4410264E-04  0.1000000E-03           1
|110110010000101100001100011001> :  0.7810042E-06  0.1000000E-03           1
|110101001101110010110011000110> :  0.2274524E-05  0.1000000E-03           1
|110100110110001001001110110010> :  0.1499529E-04  0.1000000E-03           1
|110100110010101100001100011001> :  0.6268628E-04  0.1000000E-03           1
|000011001101110010110011001110> :  0.2668968E-04  0.1000000E-03           1
|010110111010101100001100001001> :  0.1321433E-05  0.1000000E-03           1
|110011001111100010010011000101> :  0.1598836E-03  0.1000000E-03           1
|010010100001001111110011101100> :  0.1685089E-05  0.1000000E-03           1
|010110111010100100011100001001> :  0.5042163E-06  0.1000000E-03           1
|110011000111000111010011000101> :  0.2770374E-04  0.1000000E-03           1
|110011000101100110110011000101> :  0.9574665E-04  0.1000000E-03           1
|001011001100010111111011110000> :  0.5121520E-07  0.1000000E-03           1
|010110111010001101000111111001> :  0.1841320E-06  0.1000000E-03           1
|010110111000101100001100011001> :  0.9766521E-04  0.1000000E-03           1
|010110110110101100001100010001> :  0.2885330E-05  0.1000000E-03           1
|110011000000101110100011011101> :  0.4331785E-04  0.1000000E-03           1
|010110110110010101011110111001> :  0.5995780E-05  0.1000000E-03           1
|010010100001001101000111111000> :  0.4680126E-05  0.1000000E-03           1
|001011001001101110110001001101> :  0.3436586E-04  0.1000000E-03           1
|010110110110010101001110110001> :  0.1346873E-05  0.1000000E-03           1
|110010110111100100010111000101> :  0.4091115E-04  0.1000000E-03           1
|010110110110001101001110110001> :  0.2232547E-05  0.1000000E-03           1
|010110110110001001001110111011> :  0.1015656E-04  0.1000000E-03           1
|010110110110000001001110111001> :  0.7320801E-05  0.1000000E-03           1
|010010010010001101000111111001> :  0.5082739E-04  0.1000000E-03           1
|001011000101110110110001001101> :  0.2957688E-06  0.1000000E-03           1
|010110110011101101000100111000> :  0.1692483E-04  0.1000000E-03           1
|110010110010001101000111111001> :  0.1013919E-03  0.1000000E-03           1
|010010010001001101110111101000> :  0.6553042E-06  0.1000000E-03           1
|010110110011001101001110111000> :  0.8823851E-05  0.1000000E-03           1
|110001001101110010110011000110> :  0.2477271E-04  0.1000000E-03           1
|110001000001000111110011000111> :  0.4479069E-08  0.1000000E-03           1
|010010010000001101000011111001> :  0.3052980E-06  0.1000000E-03           1
|001011000011001111010011000101> :  0.2068098E-05  0.1000000E-03           1
|000011001001101111110011001101> :  0.4448532E-07  0.1000000E-03           1
|000001000001010111111011101110> :  0.2059286E-04  0.1000000E-03           1
|010110110011001101000110111001> :  0.4938371E-05  0.1000000E-03           1
|110000110111010001011110100010> :  0.1617065E-03  0.1000000E-03           1
|010010001011001011000111111010> :  0.3392837E-04  0.1000000E-03           1
|010110110011001101000110101100> :  0.2150531E-05  0.1000000E-03           1
|101111110000111000100100110010> :  0.9909729E-10  0.1000000E-03           1
|010110110011001101000100111000> :  0.8202217E-04  0.1000000E-03           1
|001011000001101111110001001101> :  0.2819013E-04  0.1000000E-03           1
|010110110011001001000110111000> :  0.1505401E-05  0.1000000E-03           1
|101111010111110110010000000101> :  0.6292299E-05  0.1000000E-03           1
|101111010110110010001000010101> :  0.2774081E-07  0.1000000E-03           1
|101111010011110110100000000101> :  0.2300555E-08  0.1000000E-03           1
|101111001101110010100010000101> :  0.5479994E-06  0.1000000E-03           1
|101111001101101010100001000110> :  0.4734948E-04  0.1000000E-03           1
|001010111011011001010111101000> :  0.1680669E-07  0.1000000E-03           1
|000011000101010111110011001101> :  0.2235512E-05  0.1000000E-03           1
|010110110010011101001110111001> :  0.1783030E-04  0.1000000E-03           1
|010110110010001101011110111001> :  0.2285883E-04  0.1000000E-03           1
|010001111111010011011010101010> :  0.6072546E-06  0.1000000E-03           1
|010110110010001101001111011001> :  0.4898374E-07  0.1000000E-03           1
|101111001000101010101000100010> :  0.1094749E-07  0.1000000E-03           1
|010001111111010001010111101010> :  0.1540129E-05  0.1000000E-03           1
|001010101101010011110011110101> :  0.7498024E-08  0.1000000E-03           1
|101111000101110110110000000101> :  0.7269553E-05  0.1000000E-03           1
|010110110010001101001110110001> :  0.2045454E-04  0.1000000E-03           1
|010001101101010011100011001110> :  0.1832055E-09  0.1000000E-03           1
|010110110010001101001110011101> :  0.1113341E-03  0.1000000E-03           1
|101111000001001111100001110000> :  0.3527619E-04  0.1000000E-03           1
|001001111101010001111110100010> :  0.2655964E-05  0.1000000E-03           1
|000011000011001111010011101100> :  0.3942309E-05  0.1000000E-03           1
|000001001101010011110011100110> :  0.5045883E-04  0.1000000E-03           1
|010110110010001101001110001101> :  0.5957358E-05  0.1000000E-03           1
|010001010110010011011010101111> :  0.2936668E-08  0.1000000E-03           1
|101111000000001111101000110001> :  0.2631976E-04  0.1000000E-03           1
|101110111101101000101110110001> :  0.1664258E-10  0.1000000E-03           1
|010110110010001101000110011001> :  0.1552225E-03  0.1000000E-03           1
|001001101101010011110011100110> :  0.1551798E-03  0.1000000E-03           1
|010110110010001001001110111001> :  0.1886582E-04  0.1000000E-03           1
|010110110010000101001110111001> :  0.5758494E-04  0.1000000E-03           1
|010001001101110010110011001110> :  0.5841956E-05  0.1000000E-03           1
|010110110010000101001110101001> :  0.5450578E-06  0.1000000E-03           1
|101110110100110100101100010001> :  0.1507248E-04  0.1000000E-03           1
|101110110100101100101100010001> :  0.4786034E-05  0.1000000E-03           1
|010110110000101101001100011001> :  0.2417477E-03  0.1000000E-03           1
|010110110000001101101110111001> :  0.3719322E-03  0.1000000E-03           1
|101110100001001101100101110000> :  0.5129569E-04  0.1000000E-03           1
|010001001101000011110011101110> :  0.2943066E-05  0.1000000E-03           1
|010110100010001111001010111001> :  0.7411196E-05  0.1000000E-03           1
|010110100010001101001110111001> :  0.5261181E-04  0.1000000E-03           1
|010001000010011111000011111001> :  0.5195999E-07  0.1000000E-03           1
|010110011010101100001100011001> :  0.4045548E-04  0.1000000E-03           1
|101101011111110010011000100110> :  0.1215362E-04  0.1000000E-03           1
|010001000001001011110011001111> :  0.2061459E-05  0.1000000E-03           1
|010110010010001101001110111000> :  0.5650553E-04  0.1000000E-03           1
|101101011110110010001000010110> :  0.4289842E-05  0.1000000E-03           1
|010001000000001111101011111010> :  0.4516510E-04  0.1000000E-03           1
|001001001101110010110011000110> :  0.5899048E-04  0.1000000E-03           1
|101101011101110010111000000110> :  0.1368246E-03  0.1000000E-03           1
|101101011100110010101000010101> :  0.6345229E-05  0.1000000E-03           1
|010101011010001001001110111010> :  0.7003288E-04  0.1000000E-03           1
|101101011100110000101100010011> :  0.4799767E-05  0.1000000E-03           1
|010101010010101111001000011101> :  0.8799398E-04  0.1000000E-03           1
|101101001110110010011000000111> :  0.3059681E-05  0.1000000E-03           1
|101101001101111010100001000110> :  0.2194840E-04  0.1000000E-03           1
|010101010010001111001010111001> :  0.5745299E-04  0.1000000E-03           1
|010000111111010001011010101010> :  0.1235316E-05  0.1000000E-03           1
|010101010010001111001010011101> :  0.3782965E-04  0.1000000E-03           1
|101101001101110010110000010010> :  0.5676030E-07  0.1000000E-03           1
|010101010010001101001110111010> :  0.6585772E-04  0.1000000E-03           1
|101101011100110000111001000111> :  0.2001721E-05  0.1000000E-03           1
|101101011100110010010001000111> :  0.3416742E-06  0.1000000E-03           1
|000011000001001111110011101100> :  0.9958761E-04  0.1000000E-03           1
|101101001101110010100010000110> :  0.4795684E-05  0.1000000E-03           1
|010101000001001111111010001101> :  0.6352357E-06  0.1000000E-03           1
|101101001100110110110000000111> :  0.7413312E-07  0.1000000E-03           1
|010100111110010001001110111011> :  0.3688720E-04  0.1000000E-03           1
|010000111111010001010111100010> :  0.5583999E-04  0.1000000E-03           1
|001001001101010111110011100110> :  0.4410563E-05  0.1000000E-03           1
|101101001100100010101000010111> :  0.2385288E-05  0.1000000E-03           1
|010000111111000001010111101010> :  0.1072325E-04  0.1000000E-03           1
|101101001100010011111000100111> :  0.2356405E-05  0.1000000E-03           1
|101101111100110000101100110010> :  0.7633952E-04  0.1000000E-03           1
|101101111100110000111000000101> :  0.1418700E-04  0.1000000E-03           1
|101101001000111110101000010101> :  0.5288388E-04  0.1000000E-03           1
|101101000101110010111000000110> :  0.1299898E-04  0.1000000E-03           1
|000011000000010111110011001101> :  0.8490593E-04  0.1000000E-03           1
|010100111010001001001110101010> :  0.1808970E-05  0.1000000E-03           1
|010000111110010001011111111010> :  0.7168794E-05  0.1000000E-03           1
|101101000100101110111000010101> :  0.5197272E-06  0.1000000E-03           1
|010100111010001000001110111010> :  0.3758273E-04  0.1000000E-03           1
|101101000010111110101000010101> :  0.3585199E-05  0.1000000E-03           1
|101101000000111111101000010101> :  0.6180051E-04  0.1000000E-03           1
|010000111110010001011110111011> :  0.4826373E-04  0.1000000E-03           1
|101110110101110000110100100010> :  0.5585602E-07  0.1000000E-03           1
|101110110110110100001100010001> :  0.1187879E-04  0.1000000E-03           1
|101110110111110100010100000101> :  0.3359802E-04  0.1000000E-03           1
|101110111000111000101100110010> :  0.3643105E-08  0.1000000E-03           1
|101110111100110000100100100001> :  0.7699063E-07  0.1000000E-03           1
|101110111100110000101100010001> :  0.1810291E-04  0.1000000E-03           1
|001001001101010011110011110010> :  0.3117785E-04  0.1000000E-03           1
|101110111110010101001100010001> :  0.8996525E-08  0.1000000E-03           1
|101101000000111110101000100001> :  0.2829439E-06  0.1000000E-03           1
|101111000000101110100001010001> :  0.7434440E-04  0.1000000E-03           1
|101101000000111110101000011101> :  0.3575751E-04  0.1000000E-03           1
|010100110011001101000110101001> :  0.3296027E-05  0.1000000E-03           1
|101100111110111000001100110010> :  0.2547916E-03  0.1000000E-03           1
|101111000001001010100001101100> :  0.1717133E-09  0.1000000E-03           1
|010100110010010101001110111010> :  0.1165641E-04  0.1000000E-03           1
|101100111110110000111100000111> :  0.5775059E-05  0.1000000E-03           1
|010000111110010001011110110010> :  0.3143269E-04  0.1000000E-03           1
|101111000001101110100001010101> :  0.2241058E-05  0.1000000E-03           1
|101111000010101110101000010101> :  0.5947984E-05  0.1000000E-03           1
|101111000100110110110001000101> :  0.2152413E-05  0.1000000E-03           1
|000011000000001111100011111001> :  0.8542809E-04  0.1000000E-03           1
|101100111110110000101100110010> :  0.9487176E-05  0.1000000E-03           1
|101100111110110000011100110010> :  0.1781713E-03  0.1000000E-03           1
|101111001000101110101000010101> :  0.3366145E-04  0.1000000E-03           1
|101111001100100010110000000111> :  0.2247604E-05  0.1000000E-03           1
|101111001100101010100001010101> :  0.2943997E-04  0.1000000E-03           1
|101111001100101010101000110001> :  0.7973920E-07  0.1000000E-03           1
|101111001100101010111000000111> :  0.1832441E-05  0.1000000E-03           1
|010100110010001101001110111000> :  0.1774992E-04  0.1000000E-03           1
|101111001101101010100001000101> :  0.7376261E-04  0.1000000E-03           1
|010100110010001101001010111010> :  0.1974108E-05  0.1000000E-03           1
|010000110111010001011110101010> :  0.1590531E-04  0.1000000E-03           1
|010100110010001101000111111001> :  0.7759431E-05  0.1000000E-03           1
|101100111110110000001100010001> :  0.5476345E-04  0.1000000E-03           1
|101100111110010000001110110010> :  0.1775296E-04  0.1000000E-03           1
|010100110010001001001110111010> :  0.3221714E-04  0.1000000E-03           1
|101111011111001010000010110010> :  0.9703809E-09  0.1000000E-03           1
|010000110110010001011110111010> :  0.1196016E-04  0.1000000E-03           1
|101100111101111000101100110010> :  0.5883330E-05  0.1000000E-03           1
|101111110101110100110000000101> :  0.4162831E-05  0.1000000E-03           1
|010100110000001101001110111010> :  0.1812686E-03  0.1000000E-03           1
|010100110000001101001110111001> :  0.2392537E-04  0.1000000E-03           1
|010000110011001101011111101011> :  0.1316472E-06  0.1000000E-03           1
|110000111110010000011110110010> :  0.3871465E-04  0.1000000E-03           1
|110000111111010000011110100010> :  0.7209970E-04  0.1000000E-03           1
|110000111111110000011110100010> :  0.5099706E-05  0.1000000E-03           1
|101100111101110000101100110010> :  0.1698602E-03  0.1000000E-03           1
|010100101111010001010110101010> :  0.7683312E-06  0.1000000E-03           1
|110001001101110010110011001110> :  0.6746696E-07  0.1000000E-03           1
|110001001111110010010011000110> :  0.6455715E-04  0.1000000E-03           1
|010100011110010001001110111010> :  0.4760699E-04  0.1000000E-03           1
|110010110011001101000111110000> :  0.3504918E-04  0.1000000E-03           1
|110010110011001101000111111000> :  0.5231469E-03  0.1000000E-03           1
|010000110010010101011110111010> :  0.7376261E-04  0.1000000E-03           1
|001001001100110110111001000100> :  0.5018803E-08  0.1000000E-03           1
|000001001100010011100011111110> :  0.7875612E-06  0.1000000E-03           1
|110010110111000101010111000101> :  0.1165736E-04  0.1000000E-03           1
|110010110111000101010111100000> :  0.1093426E-03  0.1000000E-03           1
|101100111100110000101101010011> :  0.4653868E-05  0.1000000E-03           1
|010100011010001011001110111010> :  0.4033240E-04  0.1000000E-03           1
|110010111111100000010111000101> :  0.4577799E-04  0.1000000E-03           1
|110010111111100000010111000110> :  0.5400913E-04  0.1000000E-03           1
|101100111100110000101100010101> :  0.9410619E-05  0.1000000E-03           1
|010000110010001101011110111010> :  0.2356841E-04  0.1000000E-03           1
|101100111100110000101100010001> :  0.6828390E-04  0.1000000E-03           1
|010100010010001111001110111010> :  0.3348680E-04  0.1000000E-03           1
|101100111100110000100100010011> :  0.1034342E-04  0.1000000E-03           1
|001001001100110010111001001111> :  0.3539402E-04  0.1000000E-03           1
|101100111100010000101100010110> :  0.1869013E-05  0.1000000E-03           1
|110011000101001010110011100100> :  0.3727009E-07  0.1000000E-03           1
|101100111010111000001100110010> :  0.7427348E-05  0.1000000E-03           1
|010011110011001101110011001101> :  0.3851232E-05  0.1000000E-03           1
|110011001101000010110011100110> :  0.6811922E-04  0.1000000E-03           1
|110011001101000010110011110110> :  0.5086877E-07  0.1000000E-03           1
|101100110111010101000100010010> :  0.5562220E-08  0.1000000E-03           1
|101100110111010001011100100010> :  0.1995016E-04  0.1000000E-03           1
|110011010011001111010011101100> :  0.2163890E-05  0.1000000E-03           1
|110011100001101110110011001101> :  0.4358315E-04  0.1000000E-03           1
|010011101001001101100111111000> :  0.6475420E-07  0.1000000E-03           1
|010000110010001101001110011001> :  0.5498409E-06  0.1000000E-03           1
|010011010011001111110111101000> :  0.3889101E-07  0.1000000E-03           1
|010000011111010001010111101010> :  0.2286320E-04  0.1000000E-03           1
|000010111001001101100111111000> :  0.1103930E-07  0.1000000E-03           1
|101100110101110000111100100010> :  0.5537564E-05  0.1000000E-03           1
|110110100100001101101111111001> :  0.5478084E-09  0.1000000E-03           1
|010011010011001111011110001100> :  0.5629661E-08  0.1000000E-03           1
|101100110100110100111100000101> :  0.7985575E-04  0.1000000E-03           1
|101100110100110100101100010101> :  0.3392096E-04  0.1000000E-03           1
|010011010011001111011010101100> :  0.1419120E-05  0.1000000E-03           1
|010000011110010001011110111010> :  0.5840237E-04  0.1000000E-03           1
|110110110010001101001110111000> :  0.6001223E-04  0.1000000E-03           1
|010000001111010011010111101010> :  0.4645610E-04  0.1000000E-03           1
|101100110010111101001100010001> :  0.1021774E-04  0.1000000E-03           1
|010011010011001101110111101000> :  0.9706498E-08  0.1000000E-03           1
|101100110010011101001100110010> :  0.1066520E-03  0.1000000E-03           1
|010000001010001011001111111010> :  0.4162831E-05  0.1000000E-03           1
|101100110000111101101100010001> :  0.1427360E-04  0.1000000E-03           1
|110110110011001101000111111010> :  0.1118973E-06  0.1000000E-03           1
|010011001111100010010011001101> :  0.6059357E-04  0.1000000E-03           1
|101100110000011101101100110010> :  0.6059357E-04  0.1000000E-03           1
|101100110000001001101110111010> :  0.9631445E-09  0.1000000E-03           1
|110110110110101100001100111010> :  0.5288063E-07  0.1000000E-03           1
|001001001100010011110011110110> :  0.5090786E-06  0.1000000E-03           1
|000010101100000001110111101000> :  0.1092795E-07  0.1000000E-03           1
|000001001010010111011011011111> :  0.2063583E-08  0.1000000E-03           1
|101100101100110000101100010011> :  0.1530157E-03  0.1000000E-03           1
|010011001111000011010011001101> :  0.1022280E-04  0.1000000E-03           1
|101100100101010001100110100010> :  0.2313186E-06  0.1000000E-03           1
|101100100100110100101100010001> :  0.1998422E-04  0.1000000E-03           1
|010011001101100010110011001110> :  0.1198987E-03  0.1000000E-03           1
|101100011110111000001100010011> :  0.8263097E-05  0.1000000E-03           1
|101100011110110000001100110010> :  0.1309399E-03  0.1000000E-03           1
|101100011100110010001100010011> :  0.2177714E-05  0.1000000E-03           1
|111001000101010011110011100110> :  0.9980410E-06  0.1000000E-03           1
|001111001000101110100001011101> :  0.1617065E-03  0.1000000E-03           1
|111001001101100010110001010110> :  0.3032970E-07  0.1000000E-03           1
|001001001001010011111011101111> :  0.5185551E-08  0.1000000E-03           1
|111010110010101100001110011001> :  0.2017375E-05  0.1000000E-03           1
|101100010010111100001100010001> :  0.9135506E-05  0.1000000E-03           1
|010011001011101110010111111000> :  0.1104951E-07  0.1000000E-03           1
|001111000001101111100001001101> :  0.3871465E-04  0.1000000E-03           1
|101011100101110100110001000101> :  0.4033240E-04  0.1000000E-03           1
|101011100101010111110011100100> :  0.2652783E-04  0.1000000E-03           1
|111100110110001001001100110010> :  0.2830326E-04  0.1000000E-03           1
|111100110110110100011100000101> :  0.3335469E-06  0.1000000E-03           1
|101011100100010101110111110001> :  0.4151135E-07  0.1000000E-03           1
|101011010101110100010001000101> :  0.8552473E-06  0.1000000E-03           1
|001111000000101111101000011101> :  0.1373543E-03  0.1000000E-03           1
|001001000101110110110011100110> :  0.7226332E-06  0.1000000E-03           1
|101011001101111010010001000110> :  0.9609136E-07  0.1000000E-03           1
|111100111111101000001100110010> :  0.8490593E-04  0.1000000E-03           1
|111100111111110000011100000110> :  0.8542809E-04  0.1000000E-03           1
|101011001101110010110001100110> :  0.8287783E-05  0.1000000E-03           1
|101011001101110010110001000111> :  0.1774992E-04  0.1000000E-03           1
|111101011110110010001000010111> :  0.5423872E-04  0.1000000E-03           1
|111101011110110010011000000111> :  0.9540299E-04  0.1000000E-03           1
|001110111010001100001110110001> :  0.1229742E-06  0.1000000E-03           1
|111101111100100000001000010111> :  0.1778101E-07  0.1000000E-03           1
|010011001011001011010011101010> :  0.3392096E-04  0.1000000E-03           1
|111110010010101100001100010001> :  0.5571595E-04  0.1000000E-03           1
|111110011111101000000100110010> :  0.3398644E-05  0.1000000E-03           1
|111110110000101100001100010001> :  0.3135135E-03  0.1000000E-03           1
|010011001001101110110011001111> :  0.3843561E-06  0.1000000E-03           1
|001110110100010101101110110001> :  0.3730243E-06  0.1000000E-03           1
|001001000101010010110001100110> :  0.1199455E-06  0.1000000E-03           1
|111110110010101100001100000101> :  0.2111466E-04  0.1000000E-03           1
|101011001100110010111001000110> :  0.7483673E-05  0.1000000E-03           1
|101011001100110010111000000110> :  0.6883885E-05  0.1000000E-03           1
|111110110010101101001100010001> :  0.6120304E-04  0.1000000E-03           1
|101011001100110010110001000101> :  0.1185273E-04  0.1000000E-03           1
|010011001001001111110011101100> :  0.1730724E-03  0.1000000E-03           1
|001110110000101101101100011001> :  0.7047933E-04  0.1000000E-03           1
|111110110110001101001100110001> :  0.9859567E-05  0.1000000E-03           1
|111110110110101100001100010101> :  0.5060990E-05  0.1000000E-03           1
|101011000101110110110011000101> :  0.1653779E-03  0.1000000E-03           1
|111110111110100000011100000101> :  0.1591933E-04  0.1000000E-03           1
|111110111110100100001100011001> :  0.1245158E-06  0.1000000E-03           1
|111110111110101000000100010001> :  0.2059286E-04  0.1000000E-03           1
|010011001001001111110011001101> :  0.1967550E-03  0.1000000E-03           1
|101011000101110110110001000001> :  0.5190420E-05  0.1000000E-03           1
|101011000101100110110001000101> :  0.3966389E-03  0.1000000E-03           1
|111111000010101110000001010101> :  0.3171337E-04  0.1000000E-03           1
|001101111100110000111000000111> :  0.1414635E-04  0.1000000E-03           1
|000010100001010101110111001101> :  0.4103293E-05  0.1000000E-03           1
|000001001001011111111001101110> :  0.3407455E-08  0.1000000E-03           1
|111111010011101110000000000101> :  0.2204404E-04  0.1000000E-03           1
|000001000000010111111011111010> :  0.2727747E-04  0.1000000E-03           1
|000000101100010001111111101010> :  0.4363903E-06  0.1000000E-03           1
|111111111100101000001000010101> :  0.3057123E-06  0.1000000E-03           1
|000000100000011101101111111001> :  0.1074904E-04  0.1000000E-03           1
