# state, exact probability, frequency, count:
#------------------------------------------------------------------
|000001101000010000111010100100> :  0.7607665E+00  0.7607000E+00        7607
|000011101000000001110010010100> :  0.4958979E-01  0.5290000E-01         529
|000001101010010000101010100100> :  0.5346185E-01  0.5160000E-01         516
|000011101000010001110010000100> :  0.1590697E-01  0.1580000E-01         158
|000001101000010001110010100100> :  0.1265586E-01  0.1140000E-01         114
|000001101010000000111010100100> :  0.6586707E-02  0.6000000E-02          60
|001001101010010000101010100100> :  0.5437559E-02  0.5200000E-02          52
|001001101010000000101010100100> :  0.4973519E-02  0.5100000E-02          51
|000000101010000001111010010100> :  0.2405954E-02  0.3300000E-02          33
|000001101000010001110010000100> :  0.1832006E-02  0.2600000E-02          26
|000001101010000000101010100100> :  0.3354724E-02  0.2500000E-02          25
|001000101010000010001100100100> :  0.1820471E-02  0.2100000E-02          21
|001001101000010000101010100100> :  0.1651842E-02  0.1200000E-02          12
|000001101000010000101010100100> :  0.1020453E-02  0.1100000E-02          11
|000001101010010000111010100100> :  0.1099766E-02  0.1100000E-02          11
|000001101000000001110010010100> :  0.9171592E-03  0.1100000E-02          11
|001001101010010000001010100100> :  0.1200519E-02  0.9000000E-03           9
|000001111000010000110010000101> :  0.7260579E-03  0.8000000E-03           8
|001001101010000000001100100100> :  0.1246461E-02  0.8000000E-03           8
|000011101000010011110010000100> :  0.5584903E-03  0.6000000E-03           6
|000001101000010000110010100100> :  0.6998379E-03  0.6000000E-03           6
|000001101000010000110010100101> :  0.2152423E-03  0.6000000E-03           6
|000011101000000001110010000100> :  0.3085985E-03  0.4000000E-03           4
|000011101000010011010010100100> :  0.2530400E-03  0.3000000E-03           3
|000001111000010001110010000100> :  0.6578215E-04  0.3000000E-03           3
|000011101000010010111000100100> :  0.1592389E-03  0.3000000E-03           3
|000001101000100001110010000100> :  0.4537360E-04  0.3000000E-03           3
|000000101010000001111010000100> :  0.6401861E-04  0.3000000E-03           3
|001001001000010001110010100100> :  0.1289457E-03  0.3000000E-03           3
|000001111000000000110010000101> :  0.6179478E-04  0.2000000E-03           2
|001000101010000000111010100100> :  0.5800776E-04  0.2000000E-03           2
|000011101000010010111010100100> :  0.1422803E-03  0.2000000E-03           2
|000001101010010100001010100100> :  0.8225464E-04  0.2000000E-03           2
|000011101000010001000010100100> :  0.3020877E-04  0.2000000E-03           2
|000001101000010000110010101100> :  0.1513754E-04  0.2000000E-03           2
|000000101010010100111010000100> :  0.2308361E-04  0.2000000E-03           2
|001001001010000000101110100100> :  0.2783989E-04  0.2000000E-03           2
|001001101010000000001101100000> :  0.6669044E-05  0.2000000E-03           2
|001001101000010001101010100100> :  0.8284323E-04  0.2000000E-03           2
|000001101010010000110010100100> :  0.1265930E-03  0.2000000E-03           2
|000001101010010010111010100000> :  0.1168592E-04  0.2000000E-03           2
|001001101000010000111010100100> :  0.3074574E-03  0.2000000E-03           2
|000000101010000000111010010100> :  0.1174669E-03  0.2000000E-03           2
|000001100000010011011010100100> :  0.1349433E-03  0.2000000E-03           2
|000001011000010010111010100100> :  0.4347935E-04  0.2000000E-03           2
|001001101010000000111010000100> :  0.1933580E-04  0.2000000E-03           2
|000011101000010001100010100100> :  0.1478446E-03  0.2000000E-03           2
|000001101000010000111000100100> :  0.1589623E-03  0.2000000E-03           2
|001001001010010000101010100100> :  0.9331921E-04  0.2000000E-03           2
|001001101010100000001100100100> :  0.1472326E-03  0.2000000E-03           2
|001000101110000000001100101100> :  0.3023860E-04  0.2000000E-03           2
|000001101110010000001000101100> :  0.2252801E-04  0.2000000E-03           2
|100001101000010000110010100100> :  0.4510638E-04  0.2000000E-03           2
|001000101010000000001100110101> :  0.5544049E-04  0.2000000E-03           2
|001011101000010000101010100100> :  0.7532322E-05  0.2000000E-03           2
|000001101000000000111010100100> :  0.6628088E-04  0.2000000E-03           2
|000001101000000001100010110100> :  0.3049220E-04  0.2000000E-03           2
|101001101010010100001000100100> :  0.9356127E-04  0.2000000E-03           2
|000101101100010000101010100100> :  0.7643644E-05  0.2000000E-03           2
|010011101000000001110010010100> :  0.9153884E-05  0.2000000E-03           2
|000001101010000000101011100100> :  0.3872574E-04  0.2000000E-03           2
|000001101000010011110010100100> :  0.9938718E-04  0.2000000E-03           2
|001000001010000001001100111100> :  0.7003970E-05  0.2000000E-03           2
|000011101000000011110010010100> :  0.1640064E-03  0.2000000E-03           2
|000001101000010010110010101100> :  0.7930544E-04  0.2000000E-03           2
|000011101000000001110010100100> :  0.9056949E-04  0.2000000E-03           2
|001001101010010000100010100100> :  0.3110315E-04  0.2000000E-03           2
|000000101010000001111010011100> :  0.1914683E-04  0.1000000E-03           1
|000011100000110011100000000101> :  0.7063184E-08  0.1000000E-03           1
|000000100011000110000111100001> :  0.1828807E-07  0.1000000E-03           1
|000001100100000010011010010010> :  0.1032125E-07  0.1000000E-03           1
|000000101010000001110010110100> :  0.5258051E-05  0.1000000E-03           1
|000000100010010110011010000110> :  0.5176044E-06  0.1000000E-03           1
|000000100000001010001101101000> :  0.1223496E-08  0.1000000E-03           1
|000000101010000001101010000100> :  0.2083429E-06  0.1000000E-03           1
|000000101010000000111010101100> :  0.3602361E-05  0.1000000E-03           1
|000000100010010110011010000101> :  0.1782283E-07  0.1000000E-03           1
|000000101010000000111010100100> :  0.3668251E-05  0.1000000E-03           1
|000001100000010001110010100100> :  0.6827684E-04  0.1000000E-03           1
|000000100010010010111010000101> :  0.2426615E-07  0.1000000E-03           1
|000000100000000110111010111100> :  0.1482421E-06  0.1000000E-03           1
|000000001101000000101000001101> :  0.1133546E-07  0.1000000E-03           1
|000000101010000000111000111100> :  0.1987529E-04  0.1000000E-03           1
|000000101010000000101110010100> :  0.2004097E-05  0.1000000E-03           1
|000000100010010010100010111100> :  0.9822492E-07  0.1000000E-03           1
|000000101001010110111010000100> :  0.3022074E-05  0.1000000E-03           1
|000000101001010000110010100110> :  0.2010077E-07  0.1000000E-03           1
|000000100010001000001100111100> :  0.4717069E-06  0.1000000E-03           1
|000000011010100001100010100000> :  0.1847912E-08  0.1000000E-03           1
|000000101000100111011010010100> :  0.1437906E-08  0.1000000E-03           1
|000000101000011110100010000100> :  0.2025966E-05  0.1000000E-03           1
|000000100010000001111010010110> :  0.1268145E-04  0.1000000E-03           1
|000001011000011001101010000100> :  0.7410084E-06  0.1000000E-03           1
|000000101000010100110011100101> :  0.4648388E-06  0.1000000E-03           1
|000001101010010100101000101100> :  0.7006714E-06  0.1000000E-03           1
|000001011000010000110010000101> :  0.1561206E-04  0.1000000E-03           1
|000000101000010011101001100101> :  0.2429788E-06  0.1000000E-03           1
|000001011000100001110010000100> :  0.2591722E-04  0.1000000E-03           1
|000001011010100010010010100100> :  0.6648390E-06  0.1000000E-03           1
|000001100000000000110110110101> :  0.7123618E-05  0.1000000E-03           1
|000001100000000001000111110101> :  0.8127828E-05  0.1000000E-03           1
|000001100000000010010010110101> :  0.9242077E-07  0.1000000E-03           1
|000001100000000011101010000110> :  0.3374506E-07  0.1000000E-03           1
|000001100000000011110011001010> :  0.4834072E-09  0.1000000E-03           1
|000001100000000110111000010101> :  0.7006245E-08  0.1000000E-03           1
|000001100000001000110010110100> :  0.3482166E-05  0.1000000E-03           1
|000001100000001010100010010001> :  0.2887163E-06  0.1000000E-03           1
|000001100000010000111010101100> :  0.1735237E-05  0.1000000E-03           1
|000001100000010001100010100101> :  0.1071626E-04  0.1000000E-03           1
|000001100000010001110010010100> :  0.4024675E-04  0.1000000E-03           1
|000001111000110000100000100101> :  0.2881970E-05  0.1000000E-03           1
|000001100000010001110010100101> :  0.9834427E-05  0.1000000E-03           1
|000001100000010011010011100100> :  0.1978516E-05  0.1000000E-03           1
|000010101000010010111010010100> :  0.5063577E-05  0.1000000E-03           1
|000001100000010011110000100101> :  0.4083139E-05  0.1000000E-03           1
|000001100000010100111010100100> :  0.1619975E-05  0.1000000E-03           1
|000001100000010110001010100110> :  0.2265278E-05  0.1000000E-03           1
|000001100001010110011010100100> :  0.6335455E-06  0.1000000E-03           1
|000001100001100110001010100101> :  0.3671660E-07  0.1000000E-03           1
|000001100011000100011001110001> :  0.5163464E-09  0.1000000E-03           1
|000011100000000111010010000101> :  0.1107467E-06  0.1000000E-03           1
|000001101000000000110010100101> :  0.6616872E-05  0.1000000E-03           1
|001011101010010010001000100110> :  0.1390127E-05  0.1000000E-03           1
|000001101000000001010011110100> :  0.5904302E-06  0.1000000E-03           1
|000011101000000001100010010100> :  0.7039342E-04  0.1000000E-03           1
|000011101000000001100011100100> :  0.6694305E-05  0.1000000E-03           1
|000000100010000000111100110101> :  0.4281977E-05  0.1000000E-03           1
|000000011010011001011010100100> :  0.2443879E-06  0.1000000E-03           1
|000000001100010011110010010100> :  0.4468166E-06  0.1000000E-03           1
|000000000111010001110010100100> :  0.1063389E-07  0.1000000E-03           1
|000001011000000000111010100100> :  0.1210324E-06  0.1000000E-03           1
|000001001110100010000100001001> :  0.9190194E-08  0.1000000E-03           1
|000000101000010010111000110100> :  0.6921550E-06  0.1000000E-03           1
|000001001010000000111010101100> :  0.1317155E-04  0.1000000E-03           1
|000001001000001011110010010000> :  0.3479276E-05  0.1000000E-03           1
|000000101000010000110010010101> :  0.8767835E-05  0.1000000E-03           1
|000000100010000000011110111100> :  0.3862886E-04  0.1000000E-03           1
|000001000110000010101000110100> :  0.3638885E-08  0.1000000E-03           1
|000000111100010011110100000110> :  0.1854878E-10  0.1000000E-03           1
|000000101000001011110010010001> :  0.6405108E-06  0.1000000E-03           1
|000000111010001110001000100101> :  0.4133144E-07  0.1000000E-03           1
|000000111010001011111000011100> :  0.1637799E-08  0.1000000E-03           1
|000000101000001010111010110100> :  0.3140990E-05  0.1000000E-03           1
|000000100001110000001110101100> :  0.1442567E-08  0.1000000E-03           1
|000000011000010010111010001100> :  0.2523583E-07  0.1000000E-03           1
|000000111001000010011000100101> :  0.8119462E-06  0.1000000E-03           1
|000000111001000010010100000101> :  0.3975457E-07  0.1000000E-03           1
|000000101000001010101101110101> :  0.2049845E-08  0.1000000E-03           1
|000000111000110110010010000100> :  0.2002237E-06  0.1000000E-03           1
|000000111000010010001010100101> :  0.2933312E-06  0.1000000E-03           1
|000000101000000011111010011000> :  0.5238314E-06  0.1000000E-03           1
|000000100001001110100010011101> :  0.6753919E-08  0.1000000E-03           1
|000000110001000010000110000101> :  0.1788777E-08  0.1000000E-03           1
|000000110000001011110010010101> :  0.8233584E-07  0.1000000E-03           1
|000000101000000011110010110101> :  0.2134667E-04  0.1000000E-03           1
|000001101000010100101010100100> :  0.3750541E-04  0.1000000E-03           1
|000000101110010110010000101100> :  0.1116010E-07  0.1000000E-03           1
|000001101000010100100010100101> :  0.1845851E-04  0.1000000E-03           1
|000001101000010100100010000101> :  0.2666839E-04  0.1000000E-03           1
|000000101110010100001010100100> :  0.1340956E-04  0.1000000E-03           1
|000000101000000010111010111100> :  0.1153116E-04  0.1000000E-03           1
|000001101000011010110010000100> :  0.3971803E-04  0.1000000E-03           1
|001000000110000000011100111100> :  0.2794876E-04  0.1000000E-03           1
|000001101000110000110010000100> :  0.7113838E-05  0.1000000E-03           1
|000001101000110001110010000100> :  0.2594389E-04  0.1000000E-03           1
|000001101000110010010010100100> :  0.2169420E-04  0.1000000E-03           1
|000001101000110010110010100100> :  0.4157003E-04  0.1000000E-03           1
|000001101000110100000011100101> :  0.9951643E-05  0.1000000E-03           1
|000001101000110100001000100101> :  0.4930468E-05  0.1000000E-03           1
|000001101001010000111010100110> :  0.2599514E-04  0.1000000E-03           1
|000001101001010010001010100100> :  0.2413945E-05  0.1000000E-03           1
|000001101010000000011011100100> :  0.9682806E-05  0.1000000E-03           1
|000001101010000000101000101100> :  0.4807351E-05  0.1000000E-03           1
|000001101010000000101010010100> :  0.9030186E-05  0.1000000E-03           1
|001000100010000000001100111100> :  0.2282849E-04  0.1000000E-03           1
|001000100010000110100010111100> :  0.1092727E-07  0.1000000E-03           1
|001000100010100011100010110010> :  0.1249594E-07  0.1000000E-03           1
|000001101010000000111010100110> :  0.1035920E-04  0.1000000E-03           1
|000001101010000001001010100100> :  0.2524971E-05  0.1000000E-03           1
|000001101010000001110010000100> :  0.5191308E-05  0.1000000E-03           1
|000001101010000100111010000100> :  0.1888714E-04  0.1000000E-03           1
|000001101010000100111010100100> :  0.1405185E-04  0.1000000E-03           1
|000001101010010000100010100100> :  0.8748256E-04  0.1000000E-03           1
|000001101010010000100010100101> :  0.3100143E-04  0.1000000E-03           1
|000001101010010000101000100100> :  0.1875212E-04  0.1000000E-03           1
|001000101010010000001000101100> :  0.2163485E-05  0.1000000E-03           1
|001000101010010000111010100100> :  0.4548250E-04  0.1000000E-03           1
|001000101011000001001010010100> :  0.8337103E-05  0.1000000E-03           1
|000001101010010010101010100110> :  0.3914576E-04  0.1000000E-03           1
|001000110000000100100010011101> :  0.8291479E-10  0.1000000E-03           1
|000001101010010011101010100100> :  0.8151291E-05  0.1000000E-03           1
|001001000001000101100001000001> :  0.2201650E-08  0.1000000E-03           1
|001001000010110010000101110001> :  0.3630399E-08  0.1000000E-03           1
|000001101010010100101010100100> :  0.6024932E-04  0.1000000E-03           1
|000001101010010110101010000110> :  0.5933093E-05  0.1000000E-03           1
|000001101010011000111011100100> :  0.5577629E-06  0.1000000E-03           1
|000001101110000000001010100100> :  0.6491017E-05  0.1000000E-03           1
|000001101110001000111000100100> :  0.8976194E-06  0.1000000E-03           1
|001001001010000000011100100100> :  0.5989698E-04  0.1000000E-03           1
|000001110000000000110010000101> :  0.2227223E-06  0.1000000E-03           1
|000001110000000000110111010001> :  0.1288790E-07  0.1000000E-03           1
|000001110000010011010010100100> :  0.2772906E-05  0.1000000E-03           1
|000001110000010011011000100100> :  0.1196385E-07  0.1000000E-03           1
|000001110000011001111010010100> :  0.3616076E-06  0.1000000E-03           1
|000001110001010010100110111100> :  0.2768419E-09  0.1000000E-03           1
|000001110010000001101110011000> :  0.5306516E-09  0.1000000E-03           1
|000001110110000100001101000001> :  0.1277323E-08  0.1000000E-03           1
|000001110110100010100000010001> :  0.1067763E-07  0.1000000E-03           1
|001001011000110000100010000101> :  0.3330712E-05  0.1000000E-03           1
|000001111000000000110010010100> :  0.3849283E-04  0.1000000E-03           1
|000001111000000000110011000101> :  0.1764628E-04  0.1000000E-03           1
|000001111000000001110010000100> :  0.3351376E-04  0.1000000E-03           1
|000001111000000001110010000101> :  0.6021703E-05  0.1000000E-03           1
|000001111000010000100010000101> :  0.5706659E-05  0.1000000E-03           1
|000001111000010000100010010101> :  0.3912053E-05  0.1000000E-03           1
|000000100000100010000101011101> :  0.4979265E-10  0.1000000E-03           1
|000001111000010000110010010100> :  0.4962462E-04  0.1000000E-03           1
|001001101000010011110010100100> :  0.1963362E-04  0.1000000E-03           1
|000001111000010100000011100101> :  0.1576223E-04  0.1000000E-03           1
|000001111000011001001011000100> :  0.6732991E-07  0.1000000E-03           1
|000001111000011010100100111001> :  0.1232112E-09  0.1000000E-03           1
|000001111000101010000010000100> :  0.7934146E-06  0.1000000E-03           1
|000000011000001010110010010001> :  0.5299591E-07  0.1000000E-03           1
|000001111000110001100010000101> :  0.4387192E-06  0.1000000E-03           1
|000001111000110010101010100100> :  0.1262383E-07  0.1000000E-03           1
|000010010010000000101110100101> :  0.5460873E-09  0.1000000E-03           1
|000010100010000010101000011011> :  0.6170861E-07  0.1000000E-03           1
|000010100010010110001100111100> :  0.3985304E-08  0.1000000E-03           1
|000000001010000001101010111100> :  0.5600698E-05  0.1000000E-03           1
|000010101000010011110010000101> :  0.1732367E-04  0.1000000E-03           1
|000010101000010011110010010100> :  0.5572333E-04  0.1000000E-03           1
|000010101010000001101010010100> :  0.9946657E-05  0.1000000E-03           1
|000010101010000001101010011100> :  0.1540504E-05  0.1000000E-03           1
|000010101010000001110010010100> :  0.1237898E-04  0.1000000E-03           1
|000010101110100011010010000100> :  0.2902832E-07  0.1000000E-03           1
|000011000001000000011010100101> :  0.3682581E-08  0.1000000E-03           1
|000011001000010011100010010100> :  0.1206756E-04  0.1000000E-03           1
|000011001010001011110010010100> :  0.1851168E-07  0.1000000E-03           1
|000011011000000001110010000100> :  0.6772976E-05  0.1000000E-03           1
|000011011000010010110010000101> :  0.2741934E-06  0.1000000E-03           1
|000011100000000001110010010101> :  0.1625174E-04  0.1000000E-03           1
|000011100000000011110011100100> :  0.2869285E-06  0.1000000E-03           1
|001011001000010110100000001000> :  0.8227659E-09  0.1000000E-03           1
|000011100000001001110010010100> :  0.3892060E-04  0.1000000E-03           1
|000011100000010000110010100101> :  0.4193815E-05  0.1000000E-03           1
|000011100000010010110010100101> :  0.3749168E-05  0.1000000E-03           1
|001011111000000011000110100000> :  0.1015756E-08  0.1000000E-03           1
|000011100001001010000010000100> :  0.9515344E-09  0.1000000E-03           1
|000011100101000100100010000111> :  0.5736389E-10  0.1000000E-03           1
|000011101000000000100010010101> :  0.1353169E-05  0.1000000E-03           1
|001100011000000000110110000000> :  0.3931697E-09  0.1000000E-03           1
|000011101000000001100010110100> :  0.2789512E-04  0.1000000E-03           1
|001100100110011000000010110100> :  0.8805788E-08  0.1000000E-03           1
|001100101000001000101010100100> :  0.3522408E-06  0.1000000E-03           1
|000001101000010100011010100100> :  0.2350988E-04  0.1000000E-03           1
|000001101000010011111010100100> :  0.5150073E-04  0.1000000E-03           1
|000000101110000100001000101100> :  0.6897766E-05  0.1000000E-03           1
|100001111000000000111000100100> :  0.1026193E-05  0.1000000E-03           1
|000001101000010010111011000100> :  0.1515708E-04  0.1000000E-03           1
|000000101110000000111000111100> :  0.1867217E-06  0.1000000E-03           1
|000000101000000001111010110100> :  0.2949468E-04  0.1000000E-03           1
|000001101000010010111010100100> :  0.6408450E-04  0.1000000E-03           1
|000001101000010010111010000000> :  0.1786894E-04  0.1000000E-03           1
|000000101100001010101010010100> :  0.8424302E-07  0.1000000E-03           1
|000001101000010010111001100100> :  0.4849286E-04  0.1000000E-03           1
|000001101000010010110010110100> :  0.4621839E-04  0.1000000E-03           1
|000000101011100010011000100100> :  0.3105971E-06  0.1000000E-03           1
|000000100111000010011000110101> :  0.6216641E-07  0.1000000E-03           1
|000000100000011011100010110001> :  0.5157584E-06  0.1000000E-03           1
|000100101110000000101010110101> :  0.5139822E-06  0.1000000E-03           1
|000001101000010010101110100100> :  0.3028254E-05  0.1000000E-03           1
|000000101010110100001010100101> :  0.9462537E-06  0.1000000E-03           1
|000001101000010001111010000100> :  0.1309480E-04  0.1000000E-03           1
|000100100000000000101110100101> :  0.2398189E-06  0.1000000E-03           1
|000000101010110011010010010100> :  0.2123837E-06  0.1000000E-03           1
|000000100110110000000010110000> :  0.3124180E-08  0.1000000E-03           1
|000100010000000001010001101101> :  0.4822227E-09  0.1000000E-03           1
|000001101000010001101010100100> :  0.6486225E-05  0.1000000E-03           1
|000000101010110010011010000100> :  0.4302331E-05  0.1000000E-03           1
|000100000010001000011010100110> :  0.4338648E-07  0.1000000E-03           1
|000100000001010111010010111100> :  0.4056625E-09  0.1000000E-03           1
|000001101000010000111010010100> :  0.2355180E-04  0.1000000E-03           1
|000000101010100110011011010100> :  0.6387135E-07  0.1000000E-03           1
|000000100110101000100010100110> :  0.1200863E-07  0.1000000E-03           1
|000000100000010110001010100111> :  0.9171122E-06  0.1000000E-03           1
|000000010110000010110100011101> :  0.1257010E-07  0.1000000E-03           1
|000100000000000000010110011111> :  0.6060679E-09  0.1000000E-03           1
|000100000010000010111000010100> :  0.1079569E-07  0.1000000E-03           1
|010101100100000001010000110000> :  0.4309194E-08  0.1000000E-03           1
|000100001000001000101010110001> :  0.1411015E-07  0.1000000E-03           1
|000100001000001001110010110001> :  0.7020191E-08  0.1000000E-03           1
|000100001100000001010010100100> :  0.1513389E-07  0.1000000E-03           1
|011000001110010100100000001000> :  0.3351467E-08  0.1000000E-03           1
|000100010010100001110100010001> :  0.8624790E-09  0.1000000E-03           1
|011001000010001100001101100000> :  0.4799199E-09  0.1000000E-03           1
|000100100010001000010110001100> :  0.4025780E-08  0.1000000E-03           1
|000100100110001010000010010000> :  0.2707214E-07  0.1000000E-03           1
|000100101000010000011010000110> :  0.1152715E-08  0.1000000E-03           1
|000100101010001001111010010100> :  0.1026027E-05  0.1000000E-03           1
|000100101010001011000010110100> :  0.1493017E-06  0.1000000E-03           1
|011011111010000000100000010100> :  0.3463776E-08  0.1000000E-03           1
|000100111010000011100110000100> :  0.7876477E-11  0.1000000E-03           1
|000101001000000011110011000100> :  0.2789534E-07  0.1000000E-03           1
|000101001100001000100011000000> :  0.8591275E-08  0.1000000E-03           1
|000101011000010001010010101001> :  0.2344980E-09  0.1000000E-03           1
|000101100100000000111010010000> :  0.2121676E-06  0.1000000E-03           1
|000101101000000001100010010100> :  0.4024098E-05  0.1000000E-03           1
|000101101000010000111010100101> :  0.1921382E-04  0.1000000E-03           1
|000101101000010000111110100100> :  0.2549738E-04  0.1000000E-03           1
|000101101000011000001010000100> :  0.1454706E-05  0.1000000E-03           1
|000101101010010100001010100100> :  0.5007063E-05  0.1000000E-03           1
|000101101010110100000010100100> :  0.4849676E-04  0.1000000E-03           1
|100001111000010000110000100101> :  0.2958095E-04  0.1000000E-03           1
|000101101100010001110010000100> :  0.1518110E-05  0.1000000E-03           1
|000101101110000101000010011100> :  0.3330127E-08  0.1000000E-03           1
|000101111000011000000011010001> :  0.1720936E-08  0.1000000E-03           1
|000101111000110100000010000100> :  0.1375907E-04  0.1000000E-03           1
|000101111010000100000101010101> :  0.2025982E-08  0.1000000E-03           1
|000110001100010001000010111000> :  0.1029470E-08  0.1000000E-03           1
|000110101110000001010010010100> :  0.9258988E-08  0.1000000E-03           1
|000111100100000001110010100100> :  0.1666063E-05  0.1000000E-03           1
|000111101000010000101110100100> :  0.7094933E-06  0.1000000E-03           1
|000111101010010001101000100100> :  0.8521206E-07  0.1000000E-03           1
|000111110001011000000010000100> :  0.4839160E-09  0.1000000E-03           1
|001000000000010010101101110001> :  0.3801034E-08  0.1000000E-03           1
|001000000100110101001000100101> :  0.4365700E-08  0.1000000E-03           1
|101001011000110000110010000100> :  0.1292468E-05  0.1000000E-03           1
|001000001000010001110010110100> :  0.3733477E-05  0.1000000E-03           1
|001000001001010110001010000100> :  0.1814197E-07  0.1000000E-03           1
|001000001010000000011100111100> :  0.2037744E-04  0.1000000E-03           1
|001000001010000000011110100100> :  0.8118722E-05  0.1000000E-03           1
|001000001010000000101000111100> :  0.1434652E-04  0.1000000E-03           1
|001000001010000000111010010100> :  0.4093155E-04  0.1000000E-03           1
|001000001010000000111010110100> :  0.4656675E-04  0.1000000E-03           1
|001000001010000000111100111100> :  0.3345067E-04  0.1000000E-03           1
|101001111000001010010000100000> :  0.1242225E-08  0.1000000E-03           1
|001000001010000001001110110100> :  0.7590594E-05  0.1000000E-03           1
|001000001010000001101010010000> :  0.8396394E-07  0.1000000E-03           1
|001000001010000001101010010100> :  0.3123342E-04  0.1000000E-03           1
|001000001010000001101110110100> :  0.4263920E-05  0.1000000E-03           1
|001000001010000001111010011100> :  0.1927696E-04  0.1000000E-03           1
|001000001010010000001100111100> :  0.2473688E-05  0.1000000E-03           1
|001000001010010011100010011100> :  0.5487063E-07  0.1000000E-03           1
|001000001010100011100000000011> :  0.7608347E-08  0.1000000E-03           1
|001000001011000011001010010010> :  0.1285511E-06  0.1000000E-03           1
|001000001110000000001100111000> :  0.4479629E-06  0.1000000E-03           1
|001000001110010000001100101100> :  0.3617698E-04  0.1000000E-03           1
|001000011011000000101011100101> :  0.1539782E-08  0.1000000E-03           1
|001000011100000010011010000100> :  0.1718488E-07  0.1000000E-03           1
|001000011111000000100000100101> :  0.2422933E-08  0.1000000E-03           1
|010011101100010000111010100100> :  0.2324469E-06  0.1000000E-03           1
|001000100010000001111010110100> :  0.1261613E-04  0.1000000E-03           1
|000011111000000010110011000101> :  0.1684205E-06  0.1000000E-03           1
|001000100010010010101010100001> :  0.7785757E-08  0.1000000E-03           1
|000011111000000001110010000100> :  0.3906555E-04  0.1000000E-03           1
|001000100010100111100000100001> :  0.2074438E-08  0.1000000E-03           1
|001000100011000100001111101010> :  0.1174268E-09  0.1000000E-03           1
|001000100100001000100010100101> :  0.1177676E-07  0.1000000E-03           1
|001000100110000000001100111000> :  0.3698694E-05  0.1000000E-03           1
|001000101000000011010110100100> :  0.6442131E-07  0.1000000E-03           1
|001000101000010001110010100100> :  0.6978608E-05  0.1000000E-03           1
|001000101001000001110010010100> :  0.4440994E-07  0.1000000E-03           1
|001000101010000000001100101100> :  0.3191502E-04  0.1000000E-03           1
|010011101000010001110010000100> :  0.7101752E-04  0.1000000E-03           1
|001000101010000000001100111100> :  0.3504946E-04  0.1000000E-03           1
|001000101010000000001101100101> :  0.2502743E-04  0.1000000E-03           1
|001000101010000000001110110100> :  0.1248336E-04  0.1000000E-03           1
|000011101010100110010010000100> :  0.1060925E-04  0.1000000E-03           1
|001000101010000001000110010100> :  0.1964996E-06  0.1000000E-03           1
|001000101010000001001000111100> :  0.1096731E-04  0.1000000E-03           1
|000000101010011110100010000001> :  0.3358037E-06  0.1000000E-03           1
|001000101010000100001101100101> :  0.1668445E-05  0.1000000E-03           1
|000011101010010010011000100100> :  0.7671711E-05  0.1000000E-03           1
|001000101010010000001100100101> :  0.1704005E-04  0.1000000E-03           1
|010011100000111001001010000100> :  0.1721032E-07  0.1000000E-03           1
|001000101010100001001010010110> :  0.1479825E-05  0.1000000E-03           1
|000011101010010010001010101100> :  0.6238396E-06  0.1000000E-03           1
|001000101110000000001100100100> :  0.5432604E-04  0.1000000E-03           1
|000011101010001110100010010000> :  0.2163662E-07  0.1000000E-03           1
|001000101110100000111011100100> :  0.1310008E-08  0.1000000E-03           1
|010011000000111011101010010100> :  0.1146261E-10  0.1000000E-03           1
|001000111000011000011010010100> :  0.4225039E-07  0.1000000E-03           1
|001000111011100110001000000011> :  0.3842187E-08  0.1000000E-03           1
|001001000000011010011110110101> :  0.5923569E-08  0.1000000E-03           1
|000011101001000001100010010100> :  0.2249738E-04  0.1000000E-03           1
|001001000010010010111001100000> :  0.2912751E-08  0.1000000E-03           1
|000000101010011010100010100100> :  0.1618069E-07  0.1000000E-03           1
|001001000110000010011100000010> :  0.7486870E-09  0.1000000E-03           1
|001001000110100010000111100000> :  0.4951042E-08  0.1000000E-03           1
|001001001000000000111100100100> :  0.2170697E-05  0.1000000E-03           1
|001001001000000001110010010100> :  0.1140585E-04  0.1000000E-03           1
|001001001000000001111010010100> :  0.7169213E-05  0.1000000E-03           1
|001001001000000011001100101010> :  0.3354734E-08  0.1000000E-03           1
|001001001000010001110010000100> :  0.4850301E-04  0.1000000E-03           1
|000000100110100000001110101000> :  0.4534686E-09  0.1000000E-03           1
|001001001000010001111010100100> :  0.2070194E-04  0.1000000E-03           1
|001001001000100001101110101110> :  0.2961229E-09  0.1000000E-03           1
|001001001000110000100010100100> :  0.1840955E-04  0.1000000E-03           1
|000011101000110110010010000100> :  0.5766727E-05  0.1000000E-03           1
|001001001010000000101000111000> :  0.3833625E-05  0.1000000E-03           1
|001001001010000000101010110100> :  0.4265414E-04  0.1000000E-03           1
|001001001010000000101100100100> :  0.1677743E-04  0.1000000E-03           1
|000011101000011011111010100100> :  0.8988218E-06  0.1000000E-03           1
|001001001010000000111000101100> :  0.4567167E-05  0.1000000E-03           1
|001001001010000000111010010000> :  0.1391656E-04  0.1000000E-03           1
|001001001010010000011100100100> :  0.1483110E-04  0.1000000E-03           1
|000001101000010000110010010101> :  0.3484866E-04  0.1000000E-03           1
|001001001010010001110010100100> :  0.1205782E-04  0.1000000E-03           1
|001001001010011101001010100100> :  0.1539985E-05  0.1000000E-03           1
|001001001010100001100010010100> :  0.1026563E-04  0.1000000E-03           1
|001001001010110010000001110001> :  0.2464260E-07  0.1000000E-03           1
|001001001011011000101000100100> :  0.2426523E-06  0.1000000E-03           1
|001001001110010000100011010101> :  0.3034056E-08  0.1000000E-03           1
|001001010000000010100010100001> :  0.2156668E-07  0.1000000E-03           1
|001001010000110011000101101101> :  0.5826561E-11  0.1000000E-03           1
|001001010111000000011100100001> :  0.2137253E-08  0.1000000E-03           1
|001001011000010000110010000100> :  0.1639849E-04  0.1000000E-03           1
|001001011000010011100000100100> :  0.1219295E-05  0.1000000E-03           1
|000011101000011010110010000100> :  0.2009524E-04  0.1000000E-03           1
|001001011010100000000100100101> :  0.4936804E-05  0.1000000E-03           1
|001001011010100000001100100100> :  0.1362982E-04  0.1000000E-03           1
|001001011110001000001010010000> :  0.4166609E-08  0.1000000E-03           1
|001001100000010010100000110101> :  0.1579477E-07  0.1000000E-03           1
|001001100001000011000010100100> :  0.3209642E-06  0.1000000E-03           1
|001001100010011000011010100110> :  0.4091942E-08  0.1000000E-03           1
|001001100010100010000110101001> :  0.1281931E-07  0.1000000E-03           1
|001001100010101011100010010000> :  0.4727614E-07  0.1000000E-03           1
|001001101000000000101010110100> :  0.2401927E-04  0.1000000E-03           1
|001001101000000001000101100100> :  0.1947395E-06  0.1000000E-03           1
|001001101000010000100010100001> :  0.1282555E-04  0.1000000E-03           1
|001001101000010000100010100100> :  0.4798800E-04  0.1000000E-03           1
|001001101000010000100011100001> :  0.1980137E-04  0.1000000E-03           1
|000011101000010110010010100100> :  0.4836919E-05  0.1000000E-03           1
|000001101000010000110010000101> :  0.3613332E-04  0.1000000E-03           1
|000000101010010100111010100100> :  0.2257408E-04  0.1000000E-03           1
|001001101000010001110010100100> :  0.3466075E-04  0.1000000E-03           1
|000011101000010101100010000100> :  0.1905779E-04  0.1000000E-03           1
|001001101000010100000011100101> :  0.2729418E-04  0.1000000E-03           1
|001001101000010100101010100100> :  0.4032291E-05  0.1000000E-03           1
|001001101000110000001010010111> :  0.6976297E-10  0.1000000E-03           1
|001001101000110110010010100100> :  0.1916558E-05  0.1000000E-03           1
|001001101001000001100010010000> :  0.4657668E-07  0.1000000E-03           1
|001001101001000010111010110010> :  0.1204837E-08  0.1000000E-03           1
|001001101001010010101000000100> :  0.6890268E-07  0.1000000E-03           1
|001001101010000000000110100100> :  0.3109814E-05  0.1000000E-03           1
|001001101010000000000111100100> :  0.1478135E-04  0.1000000E-03           1
|010001101011010000101000000101> :  0.2679656E-08  0.1000000E-03           1
|010001101010010010101010000100> :  0.5263617E-05  0.1000000E-03           1
|001001101010000000001111100100> :  0.3490063E-04  0.1000000E-03           1
|001001101010000000010110100100> :  0.3060253E-05  0.1000000E-03           1
|001001101010000000101010100000> :  0.3623210E-04  0.1000000E-03           1
|000011101000010011110010000000> :  0.1810301E-04  0.1000000E-03           1
|010001101000010000101010100100> :  0.4809001E-05  0.1000000E-03           1
|001001101010000000111010010100> :  0.2614495E-05  0.1000000E-03           1
|001001101010000000111010110100> :  0.4570157E-05  0.1000000E-03           1
|001001101010000010001100100100> :  0.1466765E-03  0.1000000E-03           1
|001001101010010000001000100100> :  0.9956532E-05  0.1000000E-03           1
|010001101000010000100010100100> :  0.6321952E-05  0.1000000E-03           1
|000001101000010000100011100101> :  0.4360444E-04  0.1000000E-03           1
|000000100110000000100101100000> :  0.5138725E-09  0.1000000E-03           1
|001001101010010000110010100100> :  0.1251134E-04  0.1000000E-03           1
|001001101010010000111010000100> :  0.2657467E-05  0.1000000E-03           1
|001001101010010001000010100100> :  0.1583736E-04  0.1000000E-03           1
|001001101010010010101010101100> :  0.1057533E-04  0.1000000E-03           1
|001001101010010010111010100000> :  0.3306044E-05  0.1000000E-03           1
|001001101010010100001100100100> :  0.5336810E-06  0.1000000E-03           1
|001001101010010100101000100001> :  0.4677832E-08  0.1000000E-03           1
|000000100000010011111010110100> :  0.1096352E-04  0.1000000E-03           1
|001001101010100000101000100100> :  0.1633046E-04  0.1000000E-03           1
|001001101010100001001100100100> :  0.5633770E-06  0.1000000E-03           1
|001001101010100100001100100100> :  0.3175202E-05  0.1000000E-03           1
|001001101010110000001010100100> :  0.7904010E-04  0.1000000E-03           1
|001001101010110001001000100100> :  0.1980708E-05  0.1000000E-03           1
|001001101110000000001100100100> :  0.7610556E-05  0.1000000E-03           1
|001001101111000000101010110000> :  0.2045975E-07  0.1000000E-03           1
|001001101111000001010010000100> :  0.1092272E-06  0.1000000E-03           1
|001001110000001010110100111100> :  0.3818847E-08  0.1000000E-03           1
|001001111000000000000101100101> :  0.3995859E-04  0.1000000E-03           1
|001001111000100010100000001001> :  0.2273125E-07  0.1000000E-03           1
|001001111000110100000011000101> :  0.9511276E-08  0.1000000E-03           1
|001001111001000011000010000100> :  0.1960330E-07  0.1000000E-03           1
|001001111010000000001100100100> :  0.2093818E-04  0.1000000E-03           1
|001010011001010001001000000101> :  0.7130085E-09  0.1000000E-03           1
|001010101000000110001000100111> :  0.6739386E-07  0.1000000E-03           1
|001010111010001000001100100101> :  0.3936193E-08  0.1000000E-03           1
|001011001000000011000000000100> :  0.1227129E-08  0.1000000E-03           1
|000011101000010011010010000100> :  0.9802831E-04  0.1000000E-03           1
|001011001010000010110000000101> :  0.8203393E-08  0.1000000E-03           1
|001011101000000001100010010100> :  0.1203195E-04  0.1000000E-03           1
|001011101000000001100010100100> :  0.2704088E-04  0.1000000E-03           1
|010001100010000011000011100100> :  0.6169832E-07  0.1000000E-03           1
|001011101000010001000010100100> :  0.1886124E-04  0.1000000E-03           1
|001011101000010100001010100100> :  0.9300475E-05  0.1000000E-03           1
|001011101010000000001100100100> :  0.2911234E-04  0.1000000E-03           1
|000001101000000110100010101000> :  0.2241260E-06  0.1000000E-03           1
|010001100000010000010111100101> :  0.3859214E-05  0.1000000E-03           1
|001011111000010001111000100100> :  0.1220740E-06  0.1000000E-03           1
|001100001001110000110010000100> :  0.3014369E-07  0.1000000E-03           1
|001100001010110100001001011000> :  0.6649720E-09  0.1000000E-03           1
|001100001011100011000000000001> :  0.2112769E-08  0.1000000E-03           1
|001100001110000000001010001010> :  0.5414496E-08  0.1000000E-03           1
|001100001110000000110100010001> :  0.6613649E-08  0.1000000E-03           1
|000011101000010010110010010100> :  0.1805699E-03  0.1000000E-03           1
|001100011010100110000100001100> :  0.5958945E-08  0.1000000E-03           1
|001100100011001000001011010000> :  0.3656399E-08  0.1000000E-03           1
|001100100110010000101000111100> :  0.5530003E-07  0.1000000E-03           1
|000001101000000011110000000101> :  0.2188758E-05  0.1000000E-03           1
|001100101000000000111010110101> :  0.1540492E-07  0.1000000E-03           1
|000000101010010100101000101100> :  0.8420377E-05  0.1000000E-03           1
|001100101010001001111000101100> :  0.1619541E-08  0.1000000E-03           1
|000011101000010001110010010100> :  0.3983908E-04  0.1000000E-03           1
|000011101000010001110010000101> :  0.1489435E-04  0.1000000E-03           1
|000001101000000010111010001100> :  0.1850948E-04  0.1000000E-03           1
|010000110100000001110100000101> :  0.3313106E-07  0.1000000E-03           1
|010000101001100110011000000100> :  0.5367846E-09  0.1000000E-03           1
|000001101000000010100010000110> :  0.1182848E-05  0.1000000E-03           1
|000000101010010100001010100101> :  0.1755353E-04  0.1000000E-03           1
|000000100110000000001100111001> :  0.1077685E-04  0.1000000E-03           1
|010000101000000110001010101100> :  0.6647188E-06  0.1000000E-03           1
|010000100101101000000010010000> :  0.2310372E-09  0.1000000E-03           1
|010000100001100101000010010001> :  0.6378907E-09  0.1000000E-03           1
|010000001110001100001010010000> :  0.3937116E-08  0.1000000E-03           1
|000011101000010000110010000101> :  0.4745146E-04  0.1000000E-03           1
|000001101000000001110011010100> :  0.8091091E-04  0.1000000E-03           1
|010000001010000010011011100100> :  0.1616880E-06  0.1000000E-03           1
|001111101000000100001010011010> :  0.9352297E-11  0.1000000E-03           1
|000011101000001001011010010101> :  0.5792546E-06  0.1000000E-03           1
|010000101101010000101000000001> :  0.4246165E-08  0.1000000E-03           1
|001111001100011011000100100011> :  0.1638689E-12  0.1000000E-03           1
|010001001000010001110010000100> :  0.1093388E-04  0.1000000E-03           1
|010001001000010001110010100100> :  0.1570562E-04  0.1000000E-03           1
|010001001000010010101010100100> :  0.1921274E-05  0.1000000E-03           1
|010001001000010010110010000000> :  0.1157222E-05  0.1000000E-03           1
|010001001000010010111010010000> :  0.4373348E-08  0.1000000E-03           1
|010001001000011001000101100000> :  0.1600785E-08  0.1000000E-03           1
|010001010110000001010110000100> :  0.1537665E-08  0.1000000E-03           1
|001101101110000000101000101100> :  0.5105889E-06  0.1000000E-03           1
|010001100000010010110010100100> :  0.7770297E-05  0.1000000E-03           1
|000001101000000001110011000100> :  0.2151326E-04  0.1000000E-03           1
|010001100011000110001000000001> :  0.8199110E-09  0.1000000E-03           1
|010001100101000001100010110000> :  0.7667081E-08  0.1000000E-03           1
|010001100110000000110100010101> :  0.8310971E-09  0.1000000E-03           1
|000000101010010100001000101101> :  0.8385069E-04  0.1000000E-03           1
|001101101001000001101011010000> :  0.3920195E-08  0.1000000E-03           1
|010001101000010000110010000100> :  0.3378965E-04  0.1000000E-03           1
|010001101010010001101010001000> :  0.1163970E-06  0.1000000E-03           1
|001101101000010001111010000100> :  0.3045497E-05  0.1000000E-03           1
|000011101000000010101000111001> :  0.3960336E-07  0.1000000E-03           1
|010001101011101000000010100110> :  0.2036568E-09  0.1000000E-03           1
|010001101100000010001000000100> :  0.1003154E-06  0.1000000E-03           1
|010001110010001010000100100001> :  0.6403059E-07  0.1000000E-03           1
|010001111010010001001000100100> :  0.1498223E-07  0.1000000E-03           1
|010001111110000000000110000000> :  0.3635822E-08  0.1000000E-03           1
|010010001000010011110010010100> :  0.1781737E-06  0.1000000E-03           1
|010010010000000011110111100001> :  0.3175449E-10  0.1000000E-03           1
|010010011000001000100000011101> :  0.2305346E-08  0.1000000E-03           1
|010010100110000100000010010100> :  0.1822728E-08  0.1000000E-03           1
|010010101010000010101010010110> :  0.1662998E-07  0.1000000E-03           1
|001101100000001001001010010100> :  0.1011298E-06  0.1000000E-03           1
|010011001000010001110010000100> :  0.3675167E-04  0.1000000E-03           1
|010011001000010011110010000100> :  0.1934475E-04  0.1000000E-03           1
|010011001010000010101011100100> :  0.2615168E-09  0.1000000E-03           1
|001101001010110000100010100100> :  0.8323368E-05  0.1000000E-03           1
|000011101000000001111010010100> :  0.2339752E-04  0.1000000E-03           1
|010011101000010000010010100100> :  0.4007010E-04  0.1000000E-03           1
|010011101000010000110010100100> :  0.2657504E-04  0.1000000E-03           1
|000001101000000001110010110100> :  0.2000511E-04  0.1000000E-03           1
|010011101000010010110010000100> :  0.4646390E-04  0.1000000E-03           1
|010011101000010011100010100100> :  0.8621753E-05  0.1000000E-03           1
|010011101000010011101000100100> :  0.8762275E-08  0.1000000E-03           1
|001101001010100001100010010000> :  0.1383723E-04  0.1000000E-03           1
|010100000000010110001000101001> :  0.3453186E-08  0.1000000E-03           1
|010100000110110000010010010100> :  0.2866887E-08  0.1000000E-03           1
|010100011100110100001000000100> :  0.4586027E-08  0.1000000E-03           1
|010100100010000001011001100101> :  0.5460027E-08  0.1000000E-03           1
|010100101001000011001010010100> :  0.2486150E-08  0.1000000E-03           1
|010100110000000001100001011100> :  0.2713207E-10  0.1000000E-03           1
|010101001000010110000010111000> :  0.7551404E-11  0.1000000E-03           1
|001101001010100001100010000100> :  0.2413103E-05  0.1000000E-03           1
|010101101000000011000011000000> :  0.2720186E-07  0.1000000E-03           1
|010110001010100101000100000100> :  0.2268404E-08  0.1000000E-03           1
|010111001010000010000000100000> :  0.1718485E-08  0.1000000E-03           1
|011000000000100000111100000111> :  0.2759966E-09  0.1000000E-03           1
|011000000100000001100101100001> :  0.2467958E-08  0.1000000E-03           1
|011000001000010101011010000010> :  0.2488002E-09  0.1000000E-03           1
|011000001110001000011000011100> :  0.1815874E-08  0.1000000E-03           1
|001101001000110001000010100100> :  0.1539543E-04  0.1000000E-03           1
|011000011000000001111000011001> :  0.4247425E-09  0.1000000E-03           1
|011000100110000001010000010001> :  0.1502033E-08  0.1000000E-03           1
|011000100110000011000001110000> :  0.3225115E-07  0.1000000E-03           1
|001100101100010000101010010100> :  0.2843053E-06  0.1000000E-03           1
|011001001000000011100010000000> :  0.2204592E-06  0.1000000E-03           1
|011001001000110010001000101000> :  0.1128995E-06  0.1000000E-03           1
|011001001110000010001100100001> :  0.1580265E-07  0.1000000E-03           1
|011001010000000000101100000001> :  0.4098563E-08  0.1000000E-03           1
|011001100000100011000101010000> :  0.1086643E-08  0.1000000E-03           1
|011001101000010000010011100100> :  0.2014484E-04  0.1000000E-03           1
|011001101100000000101010000000> :  0.5936064E-07  0.1000000E-03           1
|011001101110100011101110100100> :  0.2260848E-08  0.1000000E-03           1
|011010100010010010001100100110> :  0.2627085E-08  0.1000000E-03           1
|011011001000010001010010100100> :  0.1924327E-05  0.1000000E-03           1
|011011101000000010100010000000> :  0.7946272E-06  0.1000000E-03           1
|000001101000000001110010011100> :  0.9487244E-05  0.1000000E-03           1
|011100001010011000100011100100> :  0.7075773E-10  0.1000000E-03           1
|011100001011000000000110100100> :  0.5061454E-08  0.1000000E-03           1
|011100011000100000011000100101> :  0.1282667E-08  0.1000000E-03           1
|011101000010000010100100100001> :  0.5810351E-07  0.1000000E-03           1
|011101001010001000000110010100> :  0.9937102E-08  0.1000000E-03           1
|011101011100100000100010000100> :  0.7718215E-09  0.1000000E-03           1
|100000100010000110111101100001> :  0.2582836E-09  0.1000000E-03           1
|100000110100000010010001010001> :  0.2381354E-07  0.1000000E-03           1
|100001001100000100001011101100> :  0.4361793E-09  0.1000000E-03           1
|100001011000001010110000000000> :  0.2116292E-06  0.1000000E-03           1
|100001100001000000010010000100> :  0.2695978E-08  0.1000000E-03           1
|100001100001011010011110010100> :  0.9697021E-11  0.1000000E-03           1
|100001100010000011010011000000> :  0.9282650E-08  0.1000000E-03           1
|100001101000000011100100010000> :  0.3909826E-08  0.1000000E-03           1
|100001101000000011110000000000> :  0.1027740E-06  0.1000000E-03           1
|100001101000010000110010000100> :  0.1640937E-04  0.1000000E-03           1
|000000101010010001001010001100> :  0.7171519E-09  0.1000000E-03           1
|100001101000010000111010100100> :  0.4432554E-04  0.1000000E-03           1
|100001101000010011000010100001> :  0.4726309E-08  0.1000000E-03           1
|100001101000010100001000100101> :  0.4421406E-05  0.1000000E-03           1
|100001101000101001000001100110> :  0.8949963E-10  0.1000000E-03           1
|100001101001000010111000000100> :  0.5293566E-07  0.1000000E-03           1
|100001110100000010000100101000> :  0.4732596E-08  0.1000000E-03           1
|000000100011001010000010010010> :  0.1211350E-08  0.1000000E-03           1
|000000100000001010111010100101> :  0.1703565E-06  0.1000000E-03           1
|100001111000010100110010000100> :  0.1435633E-04  0.1000000E-03           1
|100001111000010110000010001001> :  0.7742299E-07  0.1000000E-03           1
|100001111000110100000010000100> :  0.3208890E-06  0.1000000E-03           1
|100011001110010000100010100001> :  0.2045937E-08  0.1000000E-03           1
|100011101010100100100000000111> :  0.1907018E-09  0.1000000E-03           1
|100100000010100000011100101100> :  0.1359937E-08  0.1000000E-03           1
|100100010000000000100101111001> :  0.3188809E-09  0.1000000E-03           1
|100100100000100100011010100100> :  0.4943882E-09  0.1000000E-03           1
|100100101010000111100000000101> :  0.2407946E-08  0.1000000E-03           1
|100100110101010001000000000101> :  0.3663297E-08  0.1000000E-03           1
|100101000100100000000000100101> :  0.4031902E-08  0.1000000E-03           1
|100101101000000010100000110000> :  0.1263348E-07  0.1000000E-03           1
|100101101000010000000001101011> :  0.3956853E-09  0.1000000E-03           1
|100101101000010011010001100000> :  0.8936595E-09  0.1000000E-03           1
|100101110100001000010000100001> :  0.1719434E-08  0.1000000E-03           1
|101000010011000000001000110001> :  0.4459342E-09  0.1000000E-03           1
|101000011000100110101000000101> :  0.4494017E-08  0.1000000E-03           1
|101000011011010010001010100100> :  0.3672769E-09  0.1000000E-03           1
|101000101010000000011100100100> :  0.8374331E-05  0.1000000E-03           1
|101000101010000110001000100100> :  0.1499965E-03  0.1000000E-03           1
|101000101010010000101000100100> :  0.1062638E-04  0.1000000E-03           1
|101000101010010010111000000010> :  0.9648944E-07  0.1000000E-03           1
|101000101010010110000010000010> :  0.3920155E-07  0.1000000E-03           1
|101000101110000000100110000001> :  0.4250070E-08  0.1000000E-03           1
|101001000100100000000100111101> :  0.1785745E-09  0.1000000E-03           1
|101001001000010010110000000101> :  0.2418110E-07  0.1000000E-03           1
|000000010011011000000110011101> :  0.8236974E-09  0.1000000E-03           1
|101001100000011001001010100000> :  0.2928041E-07  0.1000000E-03           1
|101001100010000000011100100100> :  0.1285681E-05  0.1000000E-03           1
|101001101000000000111000100100> :  0.1679393E-04  0.1000000E-03           1
|101001101000010000100000100001> :  0.8964177E-05  0.1000000E-03           1
|101001101000010000101010100100> :  0.8657394E-05  0.1000000E-03           1
|101001101000010001000010100100> :  0.2419068E-05  0.1000000E-03           1
|101001101000010100001010100100> :  0.2158863E-04  0.1000000E-03           1
|101001101000010110001000100110> :  0.9392578E-06  0.1000000E-03           1
|101001101010000000001010100100> :  0.2336343E-04  0.1000000E-03           1
|101001101010000000101000100100> :  0.1435273E-04  0.1000000E-03           1
|101001101010000000101000110000> :  0.2484397E-04  0.1000000E-03           1
|101001101010000010101000100000> :  0.6596021E-04  0.1000000E-03           1
|101001101010001010000100000001> :  0.3399892E-07  0.1000000E-03           1
|000000001000011001101010011001> :  0.5830078E-08  0.1000000E-03           1
|101001101010110000001010100100> :  0.1585415E-05  0.1000000E-03           1
|101001101010110010011000000100> :  0.6009140E-07  0.1000000E-03           1
|101001101011000000110010100100> :  0.1274033E-07  0.1000000E-03           1
|000000000011100100001110111100> :  0.3369399E-09  0.1000000E-03           1
|101001111000010100000010100100> :  0.4245434E-05  0.1000000E-03           1
|101001111010000010000010001000> :  0.5831081E-08  0.1000000E-03           1
|101001111110000000010000100000> :  0.2476201E-08  0.1000000E-03           1
|101001111110000110011010000000> :  0.1062794E-10  0.1000000E-03           1
|101100000010000010011000110010> :  0.2903936E-08  0.1000000E-03           1
|101100110010100000100100010001> :  0.5080079E-09  0.1000000E-03           1
|101101100010000000111100110000> :  0.5779083E-08  0.1000000E-03           1
|110000101010010000100011100000> :  0.1333471E-08  0.1000000E-03           1
|110001011100000010010000100000> :  0.3238426E-08  0.1000000E-03           1
|110101001000000100010111000000> :  0.1414595E-09  0.1000000E-03           1
|111000011110001000000000010000> :  0.1095577E-08  0.1000000E-03           1
|111001001000010100111010110000> :  0.6611411E-10  0.1000000E-03           1
|111001010000000010000101100000> :  0.7553472E-08  0.1000000E-03           1
|111001100001010001001001100001> :  0.1622884E-08  0.1000000E-03           1
|111111001000000001010001010000> :  0.8074110E-09  0.1000000E-03           1
|000000000010010011110010011100> :  0.5516860E-07  0.1000000E-03           1
