# state, exact probability, frequency, count:
#------------------------------------------------------------------
|011010000111000010000010001100> :  0.9289432E+00  0.9240000E+00        9240
|001010000111000110000010001100> :  0.3908680E-02  0.4700000E-02          47
|001010000111000110000010001000> :  0.1170625E-02  0.1100000E-02          11
|001000010111000010000010001101> :  0.3281450E-03  0.8000000E-03           8
|011010000111000110010000001100> :  0.2935657E-03  0.6000000E-03           6
|001000000111000010000010001100> :  0.1979866E-03  0.6000000E-03           6
|011010000011000010000011001100> :  0.2251659E-03  0.6000000E-03           6
|001010000101000010100010001110> :  0.3298172E-03  0.5000000E-03           5
|001000000111000010001010001101> :  0.1283803E-03  0.5000000E-03           5
|011010000111000010000110101100> :  0.7898881E-04  0.5000000E-03           5
|011010000110000011000010001100> :  0.9942309E-04  0.4000000E-03           4
|001010000111000010100010001100> :  0.2859644E-03  0.4000000E-03           4
|010010000010010001010000001101> :  0.8731955E-04  0.4000000E-03           4
|001010000111000110000110001000> :  0.1014605E-03  0.4000000E-03           4
|011010000111000110000110001110> :  0.6466752E-04  0.3000000E-03           3
|010010000110000010000110001100> :  0.1319463E-03  0.3000000E-03           3
|011010000111000110010010001100> :  0.1757755E-03  0.3000000E-03           3
|011000000110000110000010001101> :  0.4309162E-04  0.3000000E-03           3
|001010000111000110000010011100> :  0.5429056E-03  0.3000000E-03           3
|001100000110000000000110001101> :  0.5077811E-04  0.3000000E-03           3
|011000000111000110000010001100> :  0.1309240E-03  0.3000000E-03           3
|001110000111000110000010001101> :  0.1396322E-03  0.3000000E-03           3
|001010000111000010000010101100> :  0.8191225E-04  0.3000000E-03           3
|011100000110000010000010001101> :  0.1126322E-03  0.3000000E-03           3
|011010000110000010100010001100> :  0.1163574E-03  0.3000000E-03           3
|011010000111000110000010001100> :  0.3870868E-03  0.3000000E-03           3
|011100000110000010000110001101> :  0.6267049E-04  0.3000000E-03           3
|011010000110000010000011001101> :  0.3189298E-04  0.3000000E-03           3
|011010000111000110000010000100> :  0.1230554E-03  0.3000000E-03           3
|011110000100001010000110001100> :  0.2367119E-03  0.3000000E-03           3
|001101000110000000001010001101> :  0.6586175E-04  0.3000000E-03           3
|011000100111000010000010001100> :  0.1256635E-03  0.3000000E-03           3
|001100000010000110001010001101> :  0.1962386E-03  0.3000000E-03           3
|010000000110010010000010001101> :  0.9404434E-04  0.3000000E-03           3
|001110000111000010001010001100> :  0.3120390E-04  0.3000000E-03           3
|010000000110010010000110001101> :  0.1178673E-03  0.2000000E-03           2
|011010000100000010100110001100> :  0.5360026E-04  0.2000000E-03           2
|011110000110000010000110001100> :  0.8788582E-04  0.2000000E-03           2
|011010000111010010000010001100> :  0.2932433E-04  0.2000000E-03           2
|001110000010000000001110001101> :  0.2343272E-04  0.2000000E-03           2
|011000000111000000000010001101> :  0.2095969E-04  0.2000000E-03           2
|011010000110001010000010001100> :  0.7863967E-04  0.2000000E-03           2
|001000000111000010000010001111> :  0.1145767E-04  0.2000000E-03           2
|011010000110000110000010001100> :  0.5268548E-04  0.2000000E-03           2
|001110000110000110000110001100> :  0.1079164E-03  0.2000000E-03           2
|001110000110000010001110001100> :  0.8146954E-04  0.2000000E-03           2
|001010000111010110000010001100> :  0.1852549E-04  0.2000000E-03           2
|011010000110000010000110000101> :  0.2522570E-04  0.2000000E-03           2
|001101000111000010000010001100> :  0.4706070E-04  0.2000000E-03           2
|011011000111000010000010001110> :  0.1148345E-03  0.2000000E-03           2
|101000000111000010000010001101> :  0.1515181E-03  0.2000000E-03           2
|001010000111000110000110000100> :  0.3673266E-04  0.2000000E-03           2
|001010000111000110001010001100> :  0.8268869E-04  0.2000000E-03           2
|011110000100000010000110001100> :  0.8751404E-04  0.2000000E-03           2
|001010000110000110000010001100> :  0.5435991E-04  0.2000000E-03           2
|011010000110010010000110001100> :  0.1627785E-03  0.2000000E-03           2
|011010000110000010000010011100> :  0.9056014E-04  0.2000000E-03           2
|010010000111000110000010001100> :  0.3497747E-03  0.2000000E-03           2
|001000010111000010000010101100> :  0.2509586E-04  0.2000000E-03           2
|011000000111010010000010001100> :  0.5550263E-04  0.2000000E-03           2
|010010010111000010000110001100> :  0.5231209E-04  0.2000000E-03           2
|011010000100000010000010001101> :  0.1158265E-03  0.2000000E-03           2
|001010000111000000000011001101> :  0.5811496E-04  0.2000000E-03           2
|011010000111100110000010001100> :  0.9086143E-04  0.2000000E-03           2
|001110000011000110000110001100> :  0.5438375E-04  0.2000000E-03           2
|011010010111000010000010001000> :  0.2185378E-04  0.2000000E-03           2
|111000000111000010000010001101> :  0.2337321E-03  0.2000000E-03           2
|001110000110000000001010001101> :  0.1332799E-03  0.2000000E-03           2
|011010000111000000000110001100> :  0.4824586E-04  0.2000000E-03           2
|011010000100000010000110011100> :  0.7705826E-04  0.2000000E-03           2
|001100000011000110000010001101> :  0.3857481E-04  0.2000000E-03           2
|011000000010010001000010101101> :  0.1930771E-03  0.2000000E-03           2
|001010000111000110100010001100> :  0.1270198E-03  0.2000000E-03           2
|010010000111000010000011001100> :  0.7668743E-04  0.2000000E-03           2
|001010000111000110000010001101> :  0.1854744E-03  0.2000000E-03           2
|011010000110010000000010001101> :  0.1257435E-03  0.2000000E-03           2
|001010000111000110010010001100> :  0.1133023E-03  0.2000000E-03           2
|001110000111000000000010001101> :  0.1019681E-04  0.2000000E-03           2
|010010000101000010000111001100> :  0.5245361E-04  0.2000000E-03           2
|001000000111000010000110001101> :  0.1360867E-03  0.2000000E-03           2
|011101000100000010000110001100> :  0.3662270E-04  0.2000000E-03           2
|011010001111000010000010001100> :  0.4500550E-04  0.2000000E-03           2
|001100000110000010001110000101> :  0.8306814E-04  0.2000000E-03           2
|001010000111000010100010001110> :  0.1066455E-05  0.1000000E-03           1
|001000000111000010000010001101> :  0.3583905E-04  0.1000000E-03           1
|000100000010010011001010011111> :  0.2477578E-09  0.1000000E-03           1
|001010000111000010000011001101> :  0.3093660E-04  0.1000000E-03           1
|001000000111000000001010101101> :  0.9585844E-05  0.1000000E-03           1
|000011000111000000000011011100> :  0.3243175E-07  0.1000000E-03           1
|000010000011011010001011001100> :  0.1798203E-07  0.1000000E-03           1
|001000000110100101100001000111> :  0.1490757E-09  0.1000000E-03           1
|001000000110100011100000001100> :  0.1112834E-07  0.1000000E-03           1
|000011000111000000000011001101> :  0.2290917E-07  0.1000000E-03           1
|001000000110001110010010010111> :  0.1763998E-08  0.1000000E-03           1
|001000000110000110100111001100> :  0.1134753E-05  0.1000000E-03           1
|000011000110000010000001011100> :  0.2214778E-08  0.1000000E-03           1
|000010000011010000000010011111> :  0.3501083E-07  0.1000000E-03           1
|000000100110010001110000001010> :  0.3049285E-08  0.1000000E-03           1
|001000000110000011000010001101> :  0.1187620E-04  0.1000000E-03           1
|001000000110000010011010001101> :  0.3658281E-05  0.1000000E-03           1
|000011000101000010001010011100> :  0.2643145E-08  0.1000000E-03           1
|001001000111000010000010000101> :  0.5292919E-06  0.1000000E-03           1
|001001000110000110100000001110> :  0.1742003E-06  0.1000000E-03           1
|001000000110000010000010001101> :  0.1914425E-04  0.1000000E-03           1
|001001000110000101011010100000> :  0.5007267E-11  0.1000000E-03           1
|001001000100101110010110010100> :  0.3354020E-05  0.1000000E-03           1
|001001001101000110100011011110> :  0.2676198E-09  0.1000000E-03           1
|001001010100001010100010001010> :  0.9775949E-08  0.1000000E-03           1
|001010000001100110001010010101> :  0.1170627E-08  0.1000000E-03           1
|001010000100000010100010001110> :  0.1027084E-03  0.1000000E-03           1
|011010000111000110000011001100> :  0.7321794E-05  0.1000000E-03           1
|001010000101000010101011001101> :  0.2706140E-07  0.1000000E-03           1
|001010000110000010000011001101> :  0.3249735E-04  0.1000000E-03           1
|001110000111000000001010001100> :  0.8185838E-05  0.1000000E-03           1
|001010000111000000000010001100> :  0.5172390E-05  0.1000000E-03           1
|001110000111000110000010001000> :  0.9262703E-04  0.1000000E-03           1
|001010000111000000001010000101> :  0.3775837E-05  0.1000000E-03           1
|001010000111000000001010001100> :  0.1083667E-04  0.1000000E-03           1
|001010000111000010000010000101> :  0.1141548E-05  0.1000000E-03           1
|001110000111001110000010001100> :  0.9588285E-04  0.1000000E-03           1
|001110001111100010000010001110> :  0.1302427E-08  0.1000000E-03           1
|001010000111000010000110001100> :  0.6517241E-04  0.1000000E-03           1
|001010000111000010010110001100> :  0.1017003E-05  0.1000000E-03           1
|010000000010010011010010001101> :  0.2717379E-04  0.1000000E-03           1
|010000000110010011000010001101> :  0.2985922E-04  0.1000000E-03           1
|010000000110100010100010101110> :  0.1160523E-06  0.1000000E-03           1
|001000000101100011100010010101> :  0.5211853E-08  0.1000000E-03           1
|000010110011000011000011001110> :  0.1486240E-09  0.1000000E-03           1
|000001011011000000000011101110> :  0.2030452E-07  0.1000000E-03           1
|001001000100101110010100001100> :  0.8998811E-07  0.1000000E-03           1
|001001000100101000100110001101> :  0.1101472E-07  0.1000000E-03           1
|001000000100100010100010101100> :  0.9597145E-07  0.1000000E-03           1
|001001000100000010010100111110> :  0.2737334E-07  0.1000000E-03           1
|001001000000000011111110000110> :  0.2895436E-09  0.1000000E-03           1
|001000000100001111110000000101> :  0.5986870E-08  0.1000000E-03           1
|000010100010000010100010001110> :  0.3259872E-07  0.1000000E-03           1
|001000110100010010101110001100> :  0.1063371E-08  0.1000000E-03           1
|001000101000000010101011001110> :  0.1400524E-08  0.1000000E-03           1
|001000000011100010000010011110> :  0.7538777E-06  0.1000000E-03           1
|001000100111000110000010101100> :  0.3931991E-04  0.1000000E-03           1
|001000100101000110110011000100> :  0.6172020E-07  0.1000000E-03           1
|001000000011000110000010101101> :  0.2073305E-04  0.1000000E-03           1
|000010010110101000000010011101> :  0.5362636E-08  0.1000000E-03           1
|000001011001000000100011101100> :  0.1474511E-08  0.1000000E-03           1
|000000100101000001100010000101> :  0.8687172E-09  0.1000000E-03           1
|000000000111000010010011011110> :  0.1467751E-06  0.1000000E-03           1
|001000100100010001000010110001> :  0.1573046E-08  0.1000000E-03           1
|001000100000100010101110100000> :  0.1961543E-08  0.1000000E-03           1
|001000000010010110000101111101> :  0.1966466E-09  0.1000000E-03           1
|001000011110100000001010010110> :  0.4871923E-10  0.1000000E-03           1
|001000010111000010100011001100> :  0.1776905E-05  0.1000000E-03           1
|001000000000110011100000101100> :  0.6540706E-08  0.1000000E-03           1
|000010010011000010101011001100> :  0.1105133E-06  0.1000000E-03           1
|001100000110000010000110001100> :  0.2104792E-04  0.1000000E-03           1
|001100000110000000001010001101> :  0.2114421E-04  0.1000000E-03           1
|001000000000010000100100101111> :  0.3740906E-09  0.1000000E-03           1
|001000010110110010100010001100> :  0.6713909E-07  0.1000000E-03           1
|001000010101000000100010000110> :  0.1788892E-07  0.1000000E-03           1
|001000000000000011111100000111> :  0.1674396E-07  0.1000000E-03           1
|000010010000100010100010001100> :  0.3203904E-09  0.1000000E-03           1
|000001001010110110010010001100> :  0.1616192E-07  0.1000000E-03           1
|001000001111000010000010101100> :  0.5917906E-04  0.1000000E-03           1
|001000001110000010110010001110> :  0.2283574E-07  0.1000000E-03           1
|001000000000000001101011000110> :  0.1277975E-07  0.1000000E-03           1
|001100000010100110010010000110> :  0.1145329E-07  0.1000000E-03           1
|001100000010100100000010111110> :  0.3699415E-08  0.1000000E-03           1
|001000001110000010001010001101> :  0.4378000E-05  0.1000000E-03           1
|001100000010010001000010001101> :  0.1825229E-04  0.1000000E-03           1
|011000000110010010000010001101> :  0.5311876E-04  0.1000000E-03           1
|001000001011000010001011010100> :  0.1470123E-08  0.1000000E-03           1
|001100000011000100001010001101> :  0.2769521E-05  0.1000000E-03           1
|011000000111010010000010001101> :  0.1377913E-03  0.1000000E-03           1
|001100000011000110000010101101> :  0.7328921E-04  0.1000000E-03           1
|001100000100000110100000101110> :  0.5766384E-07  0.1000000E-03           1
|001100000100000110100010000110> :  0.7592154E-07  0.1000000E-03           1
|001100000101000010000111100110> :  0.5815517E-09  0.1000000E-03           1
|001100000101000010101010001110> :  0.3456619E-06  0.1000000E-03           1
|011000010001110010100010101100> :  0.5936436E-07  0.1000000E-03           1
|011000010111000010100011001100> :  0.1300750E-05  0.1000000E-03           1
|001100000110000010000010001101> :  0.1917461E-04  0.1000000E-03           1
|011000100010010010010011001010> :  0.1752322E-08  0.1000000E-03           1
|001100000110000010000110001110> :  0.7325172E-06  0.1000000E-03           1
|001100000110000010000110101101> :  0.6350582E-05  0.1000000E-03           1
|011001000000000010101010001110> :  0.1244713E-06  0.1000000E-03           1
|001100000110000100001010101101> :  0.8939725E-06  0.1000000E-03           1
|001100000110000110000010001101> :  0.1419728E-04  0.1000000E-03           1
|001100000110000110001000001101> :  0.1515867E-06  0.1000000E-03           1
|001100000110000110010010001100> :  0.3209224E-04  0.1000000E-03           1
|001100000110010010000010001101> :  0.1651787E-04  0.1000000E-03           1
|001100000111000000000010001101> :  0.3963896E-04  0.1000000E-03           1
|001100000111000000001011001111> :  0.2306035E-07  0.1000000E-03           1
|001100000111000010000110001101> :  0.3270617E-04  0.1000000E-03           1
|001100000111000100001110000100> :  0.1990631E-07  0.1000000E-03           1
|001100000111000110000010001101> :  0.3852125E-04  0.1000000E-03           1
|001100000111000110000010101101> :  0.7792062E-05  0.1000000E-03           1
|001100000111010110000010001100> :  0.3451060E-04  0.1000000E-03           1
|001100001010000000001010001101> :  0.6859027E-05  0.1000000E-03           1
|001100001010110001000100000100> :  0.4546489E-08  0.1000000E-03           1
|001100010111000110000010001100> :  0.2199047E-04  0.1000000E-03           1
|001100010111000111100001001100> :  0.8274036E-08  0.1000000E-03           1
|001100011100000001001000000001> :  0.4759479E-09  0.1000000E-03           1
|001100100001001110001011101100> :  0.1288971E-08  0.1000000E-03           1
|001100110010110010000010000110> :  0.6812708E-09  0.1000000E-03           1
|001101000010000000001010001101> :  0.8649768E-05  0.1000000E-03           1
|001101000010000000001110001101> :  0.1709062E-04  0.1000000E-03           1
|001101000011100110000010011100> :  0.3770847E-06  0.1000000E-03           1
|001101000110000000000010001101> :  0.2282636E-04  0.1000000E-03           1
|000111000010010000001011000101> :  0.2445009E-08  0.1000000E-03           1
|001101000110000000001110000101> :  0.1539683E-04  0.1000000E-03           1
|001101000110000010001110001100> :  0.7929376E-04  0.1000000E-03           1
|000010001100100010100001001010> :  0.6959113E-09  0.1000000E-03           1
|001101010110000010000010001100> :  0.9635850E-06  0.1000000E-03           1
|001101100001010010001010000101> :  0.5740022E-08  0.1000000E-03           1
|001101100010000000001010001101> :  0.1888034E-04  0.1000000E-03           1
|001110000010000000001010000111> :  0.1525609E-07  0.1000000E-03           1
|011010000111000010000000001100> :  0.1953071E-03  0.1000000E-03           1
|001110000010000000101010000111> :  0.3398317E-06  0.1000000E-03           1
|011010000111000010000010001101> :  0.1645868E-03  0.1000000E-03           1
|001110000011000110001010001100> :  0.3629922E-04  0.1000000E-03           1
|001110000011100100100100101100> :  0.2702931E-08  0.1000000E-03           1
|011010000111000011100010001111> :  0.3185582E-07  0.1000000E-03           1
|001110000110000000001110001101> :  0.5625590E-04  0.1000000E-03           1
|001100000010000110000010001101> :  0.8520071E-04  0.1000000E-03           1
|001110000110000110000010001100> :  0.2151080E-04  0.1000000E-03           1
|001100000000001101100010001111> :  0.3709467E-08  0.1000000E-03           1
|001110000110001010000110001100> :  0.1403829E-04  0.1000000E-03           1
|001110000110100100000010001111> :  0.4840704E-07  0.1000000E-03           1
|011010000111010010000110001100> :  0.6236760E-04  0.1000000E-03           1
|011010000111100000000010001100> :  0.5386371E-04  0.1000000E-03           1
|001110000111000010000010001100> :  0.5373802E-04  0.1000000E-03           1
|011010001001000110000010001110> :  0.9707196E-05  0.1000000E-03           1
|001110000111000010010010011100> :  0.3984601E-05  0.1000000E-03           1
|011010001110000010000011011100> :  0.6768779E-06  0.1000000E-03           1
|011010001111100010000100001100> :  0.4920426E-06  0.1000000E-03           1
|001110000111000110000010101100> :  0.1502179E-04  0.1000000E-03           1
|001110000111000110000011001100> :  0.2256142E-04  0.1000000E-03           1
|001110000111000110000110001100> :  0.7875016E-04  0.1000000E-03           1
|001110000111000110001010001100> :  0.2079311E-04  0.1000000E-03           1
|001110000111001100000010001100> :  0.1298790E-04  0.1000000E-03           1
|001110000111001100000110001100> :  0.2328324E-05  0.1000000E-03           1
|011010100111000000000010001100> :  0.3126422E-04  0.1000000E-03           1
|001110001001000110000010011110> :  0.1846851E-07  0.1000000E-03           1
|011011000011000010000010001110> :  0.3344791E-04  0.1000000E-03           1
|001110010100000110100010001100> :  0.2621095E-06  0.1000000E-03           1
|001111000010001000011000001101> :  0.1823309E-07  0.1000000E-03           1
|001111000100000000101110001101> :  0.1288115E-06  0.1000000E-03           1
|001111000110000100000010001111> :  0.5363736E-06  0.1000000E-03           1
|001111001100111100011110110110> :  0.3808620E-12  0.1000000E-03           1
|011100000010000010000010001101> :  0.5596985E-04  0.1000000E-03           1
|011100000100000110001000001110> :  0.2727354E-07  0.1000000E-03           1
|001000001010000010100011001101> :  0.1864946E-06  0.1000000E-03           1
|011100000110000010000110011100> :  0.1271354E-06  0.1000000E-03           1
|011100000110000110000010001100> :  0.1710675E-04  0.1000000E-03           1
|010000000111000010010111001110> :  0.7174261E-07  0.1000000E-03           1
|001011010111000000000010001100> :  0.9698504E-06  0.1000000E-03           1
|001011000111000000100100101100> :  0.5474141E-08  0.1000000E-03           1
|001000001001100010000010001110> :  0.5073608E-07  0.1000000E-03           1
|000110110011000100000111001100> :  0.1451496E-08  0.1000000E-03           1
|001011000101000011000011001100> :  0.5579451E-07  0.1000000E-03           1
|001011000100010110000010001101> :  0.3590693E-07  0.1000000E-03           1
|001000001000100000000010001100> :  0.6650440E-09  0.1000000E-03           1
|001011000001000001000100001100> :  0.5253488E-08  0.1000000E-03           1
|001010100011000110010001001100> :  0.1234003E-07  0.1000000E-03           1
|001000000111110011001010000100> :  0.2470376E-07  0.1000000E-03           1
|000110010011010011001010001100> :  0.8736509E-10  0.1000000E-03           1
|000010000111000010100010001110> :  0.2075934E-04  0.1000000E-03           1
|000001001010010101100000101101> :  0.1968616E-09  0.1000000E-03           1
|000000001101110100010111011000> :  0.3892631E-11  0.1000000E-03           1
|001010100010010000000010100001> :  0.5812280E-09  0.1000000E-03           1
|001010010111010010000010001100> :  0.7552778E-04  0.1000000E-03           1
|001000000111100110010010101110> :  0.2042240E-06  0.1000000E-03           1
|001010010111000110000010001100> :  0.4612049E-03  0.1000000E-03           1
|001010010111000010000110001100> :  0.7667470E-04  0.1000000E-03           1
|001000000111100110000010101100> :  0.2727893E-04  0.1000000E-03           1
|000110000110000110010101001100> :  0.2905642E-07  0.1000000E-03           1
|001010010111000010000010001100> :  0.9301779E-05  0.1000000E-03           1
|001010010101000010100011001100> :  0.1202956E-04  0.1000000E-03           1
|001000000111100010100000000101> :  0.2588796E-06  0.1000000E-03           1
|001010001111001110000010011100> :  0.1517582E-05  0.1000000E-03           1
|001010001101100110000010011100> :  0.9996188E-06  0.1000000E-03           1
|001000000111010010000010001101> :  0.9493342E-05  0.1000000E-03           1
|000101010111000010100010001000> :  0.2772376E-08  0.1000000E-03           1
|000010000111000010000011001100> :  0.2241115E-04  0.1000000E-03           1
|001010001011011110000000101100> :  0.6769797E-09  0.1000000E-03           1
|001010001010100000000010001111> :  0.1438246E-05  0.1000000E-03           1
|001000000111001110100011000100> :  0.1686185E-06  0.1000000E-03           1
|001010000111100110000010001100> :  0.1298997E-04  0.1000000E-03           1
|001010000111100010000010011110> :  0.4959215E-05  0.1000000E-03           1
|001000000111001110000010000101> :  0.9948268E-07  0.1000000E-03           1
|000101001101100010110001000111> :  0.4888344E-10  0.1000000E-03           1
|010010000111010010000010001111> :  0.4050596E-05  0.1000000E-03           1
|010010000111010000000010001101> :  0.3616685E-04  0.1000000E-03           1
|001010000111010110000110000100> :  0.2498703E-07  0.1000000E-03           1
|010010000111000010100010001100> :  0.2257746E-04  0.1000000E-03           1
|010010001110000110000010011100> :  0.1763543E-05  0.1000000E-03           1
|010010010011100010100011001100> :  0.4503294E-06  0.1000000E-03           1
|010010010011110010100000001100> :  0.2568280E-06  0.1000000E-03           1
|001000000111001100011110100100> :  0.2816638E-08  0.1000000E-03           1
|010010010111010010000010001100> :  0.8142390E-04  0.1000000E-03           1
|010010100010011000001110011000> :  0.3728775E-09  0.1000000E-03           1
|010010100010110001000000001101> :  0.6661051E-04  0.1000000E-03           1
|010010101111000110010010001100> :  0.1848567E-07  0.1000000E-03           1
|010010110110110000010000001100> :  0.7374528E-08  0.1000000E-03           1
|010011000010010010000011001110> :  0.3678521E-07  0.1000000E-03           1
|010011000110000010000110001100> :  0.4236868E-04  0.1000000E-03           1
|010011010010101000100101001110> :  0.2238870E-09  0.1000000E-03           1
|010011010110000010010010001110> :  0.6518112E-07  0.1000000E-03           1
|010100000011011001000110000101> :  0.1145372E-08  0.1000000E-03           1
|010100011000000010000011000101> :  0.7586125E-08  0.1000000E-03           1
|010100101000010001000011000100> :  0.4051212E-08  0.1000000E-03           1
|010110000001010011000101001100> :  0.1849968E-07  0.1000000E-03           1
|010110000011010000001010001110> :  0.1276019E-07  0.1000000E-03           1
|010110000100000001001010001110> :  0.1050061E-08  0.1000000E-03           1
|010110000111000011010000001100> :  0.5086894E-07  0.1000000E-03           1
|010110011011110000100011101010> :  0.1059777E-10  0.1000000E-03           1
|010111001101110000001010010110> :  0.1936437E-12  0.1000000E-03           1
|011000000000000000010010010101> :  0.1994555E-08  0.1000000E-03           1
|011000000001010010110010100010> :  0.5612938E-09  0.1000000E-03           1
|010010000110100110100011001100> :  0.1875473E-06  0.1000000E-03           1
|011000000100000010000110001101> :  0.3317237E-04  0.1000000E-03           1
|011000000100000010001110001101> :  0.1489973E-04  0.1000000E-03           1
|011000000101000010000011001101> :  0.2933693E-05  0.1000000E-03           1
|011000000101000110000010101100> :  0.4457894E-04  0.1000000E-03           1
|011000000110000010000010001101> :  0.2745516E-04  0.1000000E-03           1
|011000000110000010000010001111> :  0.1890229E-04  0.1000000E-03           1
|011000000110000010000110001101> :  0.4715654E-04  0.1000000E-03           1
|011000000110000010010010000101> :  0.3756978E-05  0.1000000E-03           1
|011000000110000010010010001100> :  0.5987179E-04  0.1000000E-03           1
|011000000110000010010010001101> :  0.2378316E-03  0.1000000E-03           1
|011000000110000010100010001100> :  0.5524635E-05  0.1000000E-03           1
|011000000110000011000010001111> :  0.6732894E-06  0.1000000E-03           1
|011000000110000011000110001101> :  0.1786709E-04  0.1000000E-03           1
|001010000111010010000010001100> :  0.1262480E-03  0.1000000E-03           1
|011000000110000110100010001111> :  0.3958903E-05  0.1000000E-03           1
|010010000110010010010110001000> :  0.1476251E-04  0.1000000E-03           1
|011000000110010010000110101100> :  0.6623567E-04  0.1000000E-03           1
|011000000110010010010011001110> :  0.1250583E-07  0.1000000E-03           1
|011000000110010011010000001100> :  0.3001937E-07  0.1000000E-03           1
|010010000110010010010010001100> :  0.3993314E-05  0.1000000E-03           1
|011000000111000010000010001101> :  0.7563499E-04  0.1000000E-03           1
|011000000111000010100110001110> :  0.1573168E-04  0.1000000E-03           1
|001010000111010001110010001100> :  0.1126333E-08  0.1000000E-03           1
|011000000111000110000110001100> :  0.5612425E-05  0.1000000E-03           1
|011000000111000110100011000100> :  0.1085586E-05  0.1000000E-03           1
|001000000111000110010011001100> :  0.1463970E-06  0.1000000E-03           1
|000101001010110010001010001101> :  0.1837969E-08  0.1000000E-03           1
|011000001000000011000010101101> :  0.3563933E-04  0.1000000E-03           1
|011000001000010001000010101101> :  0.4173325E-05  0.1000000E-03           1
|011000001000100001001010011101> :  0.9013291E-08  0.1000000E-03           1
|011000001000110001000100010100> :  0.2470666E-08  0.1000000E-03           1
|011000001100000001000010001101> :  0.6139607E-05  0.1000000E-03           1
|011000001100000010100100001110> :  0.6478129E-07  0.1000000E-03           1
|011000001101001110100010110110> :  0.5515421E-09  0.1000000E-03           1
|011000001111000010000010001101> :  0.2012606E-04  0.1000000E-03           1
|011000001111010011010100001110> :  0.1031927E-09  0.1000000E-03           1
|011000001111100010000010001110> :  0.7724507E-06  0.1000000E-03           1
|000010000110100010100010001110> :  0.1361425E-05  0.1000000E-03           1
|011000010101100110000010010100> :  0.1949092E-07  0.1000000E-03           1
|000001000111000010010110011100> :  0.6593111E-06  0.1000000E-03           1
|011000100000010001000001110111> :  0.6276688E-08  0.1000000E-03           1
|011000100000110001100000000110> :  0.1064443E-06  0.1000000E-03           1
|011000100010010010000010101101> :  0.2666737E-06  0.1000000E-03           1
|010010000110010010000110011100> :  0.7405629E-05  0.1000000E-03           1
|011000100100000010100011100110> :  0.2663249E-07  0.1000000E-03           1
|011000100100100001100000100000> :  0.1803653E-09  0.1000000E-03           1
|010010000110010010000010001100> :  0.3042032E-04  0.1000000E-03           1
|011000101000000001111010101001> :  0.2075951E-09  0.1000000E-03           1
|011000110001100110100010100100> :  0.2695247E-07  0.1000000E-03           1
|001010000111001110000110001100> :  0.5060829E-04  0.1000000E-03           1
|011001000000100011010010001100> :  0.2863390E-06  0.1000000E-03           1
|011001000011100001000010101101> :  0.4558244E-07  0.1000000E-03           1
|011001000100000110000011001110> :  0.1263353E-05  0.1000000E-03           1
|011001000110000010000010001100> :  0.3177450E-05  0.1000000E-03           1
|011001000110000010000110001100> :  0.5217199E-04  0.1000000E-03           1
|011001000110000010100110001110> :  0.6314488E-06  0.1000000E-03           1
|011001000111000010000010001100> :  0.6628422E-05  0.1000000E-03           1
|011001001001100010100010000111> :  0.1115915E-08  0.1000000E-03           1
|011001100000010100001110100100> :  0.1373504E-08  0.1000000E-03           1
|011001100111010010000000000101> :  0.9010210E-09  0.1000000E-03           1
|011010000000001110010011001100> :  0.1311533E-06  0.1000000E-03           1
|011010000001001010000011001110> :  0.2384551E-06  0.1000000E-03           1
|011010000010000110000011001111> :  0.6559960E-06  0.1000000E-03           1
|011010000010000110100010001111> :  0.2612656E-06  0.1000000E-03           1
|011010000011000010000010101101> :  0.6456617E-05  0.1000000E-03           1
|010010000110000010000111001100> :  0.2108872E-04  0.1000000E-03           1
|011010000011000110010010101110> :  0.2907740E-06  0.1000000E-03           1
|011010000011100000000010001111> :  0.7157559E-06  0.1000000E-03           1
|111011000010110011000100000100> :  0.9095613E-11  0.1000000E-03           1
|011010000100000010000110001100> :  0.8111092E-04  0.1000000E-03           1
|001010000111001011000010011100> :  0.3070164E-06  0.1000000E-03           1
|011010000100000010010110001100> :  0.9845542E-04  0.1000000E-03           1
|001000000111000110000011001100> :  0.3787209E-04  0.1000000E-03           1
|011010000100000110011101000100> :  0.4368359E-07  0.1000000E-03           1
|011010000100001010001110001100> :  0.4802586E-06  0.1000000E-03           1
|011010000100100010000110001100> :  0.3506407E-04  0.1000000E-03           1
|011010000101000010100010001110> :  0.1846022E-03  0.1000000E-03           1
|011010000101000110000010001100> :  0.2010390E-04  0.1000000E-03           1
|011010000101000110000010101100> :  0.9015727E-04  0.1000000E-03           1
|011010000101000110000110001110> :  0.9415136E-05  0.1000000E-03           1
|011010000101000110010110001100> :  0.3483233E-07  0.1000000E-03           1
|011010000101001010000010001100> :  0.3446678E-04  0.1000000E-03           1
|011010000101001010000010001101> :  0.1810517E-06  0.1000000E-03           1
|011010000101001110000110001100> :  0.7147851E-06  0.1000000E-03           1
|011010000101010010010100011000> :  0.3393514E-08  0.1000000E-03           1
|011010000101100010000010011100> :  0.6275527E-06  0.1000000E-03           1
|011010000101111000100000001100> :  0.1333484E-07  0.1000000E-03           1
|011010000110000000000010001101> :  0.7399433E-04  0.1000000E-03           1
|011010000110000001000010001101> :  0.1223949E-03  0.1000000E-03           1
|011010000110000010000010001100> :  0.7672909E-04  0.1000000E-03           1
|111010001000100000001100001101> :  0.3362716E-09  0.1000000E-03           1
|010010000011000010100111001110> :  0.1233497E-07  0.1000000E-03           1
|011010000110000010000110000100> :  0.3379774E-04  0.1000000E-03           1
|001010000111001010000110001100> :  0.4000910E-04  0.1000000E-03           1
|011010000110000010001010001101> :  0.2469347E-04  0.1000000E-03           1
|011010000110000010010100001100> :  0.3093752E-04  0.1000000E-03           1
|010010000010010011010000001101> :  0.1694577E-04  0.1000000E-03           1
|110100101100000010000000001101> :  0.2122036E-09  0.1000000E-03           1
|010010000010010001110010001010> :  0.1951224E-07  0.1000000E-03           1
|011010000110000110000110001100> :  0.9501566E-04  0.1000000E-03           1
|011010000110000110010110001100> :  0.9651562E-05  0.1000000E-03           1
|001000000111000110000010101100> :  0.4370788E-04  0.1000000E-03           1
|011010000110010000000010001100> :  0.3730243E-05  0.1000000E-03           1
|000101001000000011011010001100> :  0.9989585E-09  0.1000000E-03           1
|010010000010010001010010001101> :  0.3616728E-04  0.1000000E-03           1
|011010000110010100100110001101> :  0.1189459E-08  0.1000000E-03           1
|011010000110100000000010001101> :  0.2581808E-04  0.1000000E-03           1
|011010000110100010000010001100> :  0.7940282E-04  0.1000000E-03           1
|011010000111000000000010000101> :  0.3525078E-04  0.1000000E-03           1
|011010000111000000000010001101> :  0.5627045E-04  0.1000000E-03           1
|011010000111000000000010101101> :  0.2374722E-04  0.1000000E-03           1
|011010000111000000000011001100> :  0.3571333E-04  0.1000000E-03           1
|110001100000000001000011000111> :  0.9631302E-09  0.1000000E-03           1
|110001000010110000000001001101> :  0.6814428E-08  0.1000000E-03           1
|011010000111000010000010000100> :  0.3067538E-05  0.1000000E-03           1
|011010000111000010000010000101> :  0.3064229E-04  0.1000000E-03           1
|010010000010010001000010001101> :  0.3780401E-04  0.1000000E-03           1
|010010000001101010000001101110> :  0.5721091E-10  0.1000000E-03           1
|011010000111000010000010011110> :  0.2663528E-04  0.1000000E-03           1
|011010000111000010000010101101> :  0.5858325E-04  0.1000000E-03           1
|001010000111000110010010000100> :  0.3335474E-04  0.1000000E-03           1
|011010000111000010001010001110> :  0.1775384E-04  0.1000000E-03           1
|011010000111000010100011001101> :  0.3453567E-05  0.1000000E-03           1
|001000000111000110000010011100> :  0.8000966E-04  0.1000000E-03           1
|011010000111000100000010001100> :  0.7853432E-04  0.1000000E-03           1
|011010000111000110000000001100> :  0.3201761E-04  0.1000000E-03           1
|010010000000001110010011101100> :  0.6880674E-08  0.1000000E-03           1
|010001100000000010100010101100> :  0.9016248E-08  0.1000000E-03           1
|001010000111000110010000001100> :  0.6128665E-05  0.1000000E-03           1
|011010000111000110000011001110> :  0.1353371E-04  0.1000000E-03           1
|010001001100000010010101011111> :  0.2348758E-10  0.1000000E-03           1
|101000100111000110100000000010> :  0.4005257E-08  0.1000000E-03           1
|010001001010100000001010101100> :  0.9881879E-08  0.1000000E-03           1
|011010000111001000000010001100> :  0.2490900E-04  0.1000000E-03           1
|011010000111001110000010001100> :  0.1347318E-04  0.1000000E-03           1
|011010000111010000000010001100> :  0.4877729E-04  0.1000000E-03           1
|011010000111010010000000001101> :  0.3913745E-04  0.1000000E-03           1
|001000000111000011000010001101> :  0.1199771E-03  0.1000000E-03           1
|000100101010010101010010001101> :  0.1061336E-08  0.1000000E-03           1
|000010000110100000000011001110> :  0.2373613E-06  0.1000000E-03           1
|011010000111100010010010001101> :  0.8099523E-06  0.1000000E-03           1
|010001000110011011000010001100> :  0.5970397E-09  0.1000000E-03           1
|011010000111100110000010001110> :  0.3249043E-04  0.1000000E-03           1
|101000000111000110000010001101> :  0.2237307E-04  0.1000000E-03           1
|011010001011000000000010101110> :  0.7462423E-07  0.1000000E-03           1
|011010001100000010100010001110> :  0.4425124E-05  0.1000000E-03           1
|011010001101000010000110001110> :  0.1702070E-04  0.1000000E-03           1
|010001000011010001001110000101> :  0.2654477E-08  0.1000000E-03           1
|010000110100010011010100001100> :  0.1968556E-07  0.1000000E-03           1
|101000000100100110100110010100> :  0.4167082E-07  0.1000000E-03           1
|011010010011000010000010001100> :  0.4357670E-04  0.1000000E-03           1
|011010010011000010010011001100> :  0.2947581E-05  0.1000000E-03           1
|011010010100010010100110001100> :  0.1471153E-07  0.1000000E-03           1
|011010010101000010000010001100> :  0.6211857E-04  0.1000000E-03           1
|011010010101100010100100101100> :  0.1357226E-07  0.1000000E-03           1
|011010010110000010000110001100> :  0.4737759E-04  0.1000000E-03           1
|011010010110000011100010001100> :  0.6457773E-06  0.1000000E-03           1
|100000010110000010010010111110> :  0.3215607E-08  0.1000000E-03           1
|011010010111000010000010001100> :  0.2187458E-03  0.1000000E-03           1
|011010010111000010000010011000> :  0.3311528E-06  0.1000000E-03           1
|011010010111000010000010101100> :  0.3803295E-04  0.1000000E-03           1
|011010100011000110000010001100> :  0.2272282E-04  0.1000000E-03           1
|011010100101000010000010001100> :  0.6426880E-04  0.1000000E-03           1
|010000110000110111000000101000> :  0.5362765E-09  0.1000000E-03           1
|011010110011000110000011000100> :  0.1874277E-06  0.1000000E-03           1
|011010110101000010100010001100> :  0.5089780E-06  0.1000000E-03           1
|011011000001100100000010101100> :  0.4051782E-07  0.1000000E-03           1
|010000100011010010000011010101> :  0.2011987E-08  0.1000000E-03           1
|011011000100000110100110001100> :  0.7642166E-06  0.1000000E-03           1
|011011000100100110000110101100> :  0.5553837E-08  0.1000000E-03           1
|011011000110000010010011001100> :  0.5763996E-06  0.1000000E-03           1
|011011000111000000100010001100> :  0.7665373E-06  0.1000000E-03           1
|010000100010110001000010001101> :  0.3739142E-04  0.1000000E-03           1
|011011000111000010100110001100> :  0.1674946E-05  0.1000000E-03           1
|011011000111000011000010001100> :  0.2526077E-04  0.1000000E-03           1
|011011000111000011000010001101> :  0.8987713E-05  0.1000000E-03           1
|011011000111000110100010001110> :  0.9339362E-05  0.1000000E-03           1
|011011000111100010000010001101> :  0.1253013E-04  0.1000000E-03           1
|011011001000000000010010101100> :  0.3942436E-07  0.1000000E-03           1
|001010000111000110000011001100> :  0.2167354E-04  0.1000000E-03           1
|011100000100000010000110001101> :  0.1971066E-03  0.1000000E-03           1
|010000100010110001000000101101> :  0.3407450E-05  0.1000000E-03           1
|011100000100010010000110001100> :  0.8842316E-05  0.1000000E-03           1
|011110000110000010000110001101> :  0.6849813E-05  0.1000000E-03           1
|010000100010010001000010101101> :  0.1874188E-03  0.1000000E-03           1
|001010000111000110000010101101> :  0.7756551E-04  0.1000000E-03           1
|011100000110000010001010001101> :  0.1837257E-04  0.1000000E-03           1
|000100011010010100010110001000> :  0.5349455E-09  0.1000000E-03           1
|011100000110010010000110001100> :  0.1473106E-04  0.1000000E-03           1
|011100000111000000000010001100> :  0.2915120E-07  0.1000000E-03           1
|011100000111000110010010000110> :  0.1602658E-07  0.1000000E-03           1
|010000100000000010110010101100> :  0.4328088E-08  0.1000000E-03           1
|010000011110000000010010101100> :  0.1021434E-08  0.1000000E-03           1
|001010000111000110000010101100> :  0.1946367E-04  0.1000000E-03           1
|011110000011100110000000001100> :  0.6886885E-07  0.1000000E-03           1
|010000010110000010100111001101> :  0.2969657E-06  0.1000000E-03           1
|011110000011000110000010001100> :  0.4101269E-04  0.1000000E-03           1
|011110000011000000000010011100> :  0.5034586E-06  0.1000000E-03           1
|010000001110000000011011001100> :  0.4666887E-08  0.1000000E-03           1
|001000000111000010000011001101> :  0.1537369E-03  0.1000000E-03           1
|011110000010000010000101000100> :  0.4343221E-08  0.1000000E-03           1
|011110000000000100010010101100> :  0.6754367E-08  0.1000000E-03           1
|010000001011110000010010001100> :  0.1518450E-07  0.1000000E-03           1
|011110000100001010000010001110> :  0.3578787E-08  0.1000000E-03           1
|011101000100000110000010001111> :  0.2542562E-06  0.1000000E-03           1
|011110000100010010000100001100> :  0.3250962E-06  0.1000000E-03           1
|010000001010100110100100001100> :  0.9505910E-09  0.1000000E-03           1
|011100111000000010000010110100> :  0.3704448E-09  0.1000000E-03           1
|011110000111000010000110001100> :  0.1630990E-04  0.1000000E-03           1
|011110000111000110000010001100> :  0.1047487E-03  0.1000000E-03           1
|011110001111000011100100001100> :  0.7102240E-09  0.1000000E-03           1
|011110010001000010000001001100> :  0.3890611E-07  0.1000000E-03           1
|011110010100100010000111001000> :  0.1046202E-08  0.1000000E-03           1
|011110110010000010000010101110> :  0.3848624E-09  0.1000000E-03           1
|100000000110000010001001001111> :  0.5705369E-08  0.1000000E-03           1
|011100100100001110000000010000> :  0.4025521E-09  0.1000000E-03           1
|010000000111100010000110001110> :  0.4827210E-05  0.1000000E-03           1
|101000000111000001100010000011> :  0.1005468E-07  0.1000000E-03           1
|011100100000000100101010000110> :  0.6661622E-08  0.1000000E-03           1
|011100000111010000100010001100> :  0.8669480E-08  0.1000000E-03           1
|101000001010110000001010000111> :  0.1665742E-08  0.1000000E-03           1
|101000010101000110100001000101> :  0.7119345E-09  0.1000000E-03           1
|101000100010100101000010010110> :  0.6596638E-09  0.1000000E-03           1
|010000000111000010100010001110> :  0.2431978E-04  0.1000000E-03           1
|101001000111000010100010001110> :  0.8913354E-06  0.1000000E-03           1
|101010000111000110100010101100> :  0.2048917E-06  0.1000000E-03           1
|101010001111000001000010001100> :  0.1550744E-07  0.1000000E-03           1
|101100000011010110110000001100> :  0.1412307E-08  0.1000000E-03           1
|101100000110000110000010001101> :  0.2974782E-04  0.1000000E-03           1
|101110000100001010000000000100> :  0.4418914E-09  0.1000000E-03           1
|110000000010000001100011000111> :  0.3460853E-08  0.1000000E-03           1
|110000000110100010100100001101> :  0.2937026E-07  0.1000000E-03           1
|110000000110110010011100000001> :  0.1370182E-10  0.1000000E-03           1
|110000001100000110100001000101> :  0.3037867E-09  0.1000000E-03           1
|110000101001011001100010001110> :  0.1929235E-11  0.1000000E-03           1
|001000000111000010000011001100> :  0.1397275E-04  0.1000000E-03           1
|000100000011000010010100000101> :  0.4150431E-09  0.1000000E-03           1
|110010000011010100000100011000> :  0.6327406E-09  0.1000000E-03           1
|110010000011100010010001001100> :  0.6899881E-08  0.1000000E-03           1
|000010000011110000010100011100> :  0.1617157E-07  0.1000000E-03           1
|111000000110000010000010001101> :  0.1703431E-03  0.1000000E-03           1
|111000000110000010010010001101> :  0.5173345E-05  0.1000000E-03           1
|000001000110010100001011001101> :  0.8929302E-08  0.1000000E-03           1
|111001001000000011110000000011> :  0.5416045E-10  0.1000000E-03           1
|111010000110000010000011001100> :  0.2634352E-07  0.1000000E-03           1
|000000000111110001001010000101> :  0.1059909E-07  0.1000000E-03           1
|111010010111000010000010000010> :  0.4489878E-08  0.1000000E-03           1
|000000000100100011001110010101> :  0.9423888E-09  0.1000000E-03           1
|111111000111000010000010001100> :  0.7462893E-06  0.1000000E-03           1
|000000000011010010000110001111> :  0.4571720E-06  0.1000000E-03           1
