# state, exact probability, frequency, count:
#------------------------------------------------------------------
|111011011100011010000111011000> :  0.9323235E-01  0.9020000E-01         902
|000100100011100101111000100111> :  0.9323235E-01  0.8990000E-01         899
|110011110100011010010001111000> :  0.2987437E-01  0.3200000E-01         320
|001100001011100101101110000111> :  0.2987437E-01  0.2910000E-01         291
|000011100011001100111100101011> :  0.2536904E-01  0.2680000E-01         268
|111100011100110011000011010100> :  0.2536904E-01  0.2390000E-01         239
|111100011010110011000011010100> :  0.1949886E-01  0.2140000E-01         214
|001011001101001000101111001011> :  0.2095609E-01  0.2110000E-01         211
|110100110010110111010000110100> :  0.2095609E-01  0.2080000E-01         208
|001011001101100000101111001011> :  0.1869593E-01  0.2030000E-01         203
|000011100101001100111100101011> :  0.1949886E-01  0.1910000E-01         191
|110100110010011111010000110100> :  0.1869593E-01  0.1910000E-01         191
|101011001101001000001111001011> :  0.1471047E-01  0.1700000E-01         170
|110011110000011011010001111000> :  0.1654970E-01  0.1650000E-01         165
|001100001111100100101110000111> :  0.1654970E-01  0.1610000E-01         161
|010100110010110111110000110100> :  0.1471047E-01  0.1590000E-01         159
|010100110010011111110000110100> :  0.1365993E-01  0.1580000E-01         158
|101011001101100000001111001011> :  0.1365993E-01  0.1380000E-01         138
|010011110000011011110001111000> :  0.1204398E-01  0.1320000E-01         132
|000011100011001101111000101011> :  0.1167073E-01  0.1240000E-01         124
|101100001111100100001110000111> :  0.1204398E-01  0.1120000E-01         112
|101100001011100101001110000111> :  0.9102007E-02  0.1070000E-01         107
|111011001100001000001111011001> :  0.9261268E-02  0.1060000E-01         106
|111100011100110010000111010100> :  0.1167073E-01  0.1060000E-01         106
|110100011010110111010000110100> :  0.1056322E-01  0.1040000E-01         104
|001011100101001000101111001011> :  0.1056322E-01  0.1000000E-01         100
|000011100101001000111101101011> :  0.8084951E-02  0.9600000E-02          96
|000011100101001000111111001011> :  0.9089536E-02  0.9600000E-02          96
|000001100011101101111000101011> :  0.7017096E-02  0.9300000E-02          93
|111100011010110111000000110100> :  0.9089536E-02  0.9100000E-02          91
|001100100011100101101110000111> :  0.8329862E-02  0.8800000E-02          88
|000100110011110111110000100110> :  0.9261268E-02  0.8600000E-02          86
|110011011100011010010001111000> :  0.8329862E-02  0.8600000E-02          86
|111100011010110111000010010100> :  0.8084951E-02  0.8400000E-02          84
|010011110100011010110001111000> :  0.9102007E-02  0.8300000E-02          83
|111100111000110011000011010100> :  0.7189105E-02  0.7900000E-02          79
|111110011100010010000111010100> :  0.7017096E-02  0.7400000E-02          74
|001011001111001000101110001011> :  0.6767459E-02  0.7300000E-02          73
|001100100011100101111100000111> :  0.5709778E-02  0.7000000E-02          70
|110100110000110111010001110100> :  0.6767459E-02  0.6900000E-02          69
|111011001100001000001111001011> :  0.7088217E-02  0.6800000E-02          68
|000100110011011111110000110100> :  0.6026998E-02  0.6600000E-02          66
|000011000111001100111100101011> :  0.7189105E-02  0.6400000E-02          64
|000100110011011111110000100110> :  0.5531155E-02  0.5600000E-02          56
|110100110000011111010001110100> :  0.6499320E-02  0.5500000E-02          55
|110011011100011010000011111000> :  0.5709778E-02  0.5200000E-02          52
|111011001100100000001111011001> :  0.5531155E-02  0.5100000E-02          51
|000100110011110111110000110100> :  0.7088217E-02  0.5000000E-02          50
|001011001111100000101110001011> :  0.6499320E-02  0.5000000E-02          50
|101011001111001000001110001011> :  0.5094541E-02  0.4600000E-02          46
|111010011100010010000111011100> :  0.4241870E-02  0.4600000E-02          46
|111011001100100000001111001011> :  0.6026998E-02  0.4500000E-02          45
|010100110000110111110001110100> :  0.5094541E-02  0.4300000E-02          43
|000100110011110101110000100111> :  0.4129776E-02  0.4300000E-02          43
|101011001111100000001110001011> :  0.4219621E-02  0.4000000E-02          40
|111011001100001010001111011000> :  0.4129776E-02  0.3900000E-02          39
|010100110000011111110001110100> :  0.4219621E-02  0.3800000E-02          38
|000101100011101101111000100011> :  0.4241870E-02  0.3800000E-02          38
|000100110011011101110000100111> :  0.3000070E-02  0.3600000E-02          36
|000100100011110111111000100110> :  0.3373164E-02  0.3500000E-02          35
|111011011100001000000111011001> :  0.3373164E-02  0.3100000E-02          31
|111011001100100010001111011000> :  0.3000070E-02  0.3000000E-02          30
|000100110011001101111000100111> :  0.2029914E-02  0.2600000E-02          26
|000011110100011000110111011011> :  0.1693334E-02  0.2400000E-02          24
|110100011010011111010000110100> :  0.2595643E-02  0.2300000E-02          23
|011011011100011000000111011001> :  0.1432255E-02  0.2000000E-02          20
|001011100101100000101111001011> :  0.2595643E-02  0.2000000E-02          20
|001110011111000100101110000111> :  0.1907628E-02  0.1900000E-02          19
|111011001100110010000111011000> :  0.2029914E-02  0.1900000E-02          19
|111001001010110011000011011000> :  0.1330866E-02  0.1900000E-02          19
|111100001100100000001111010101> :  0.1446398E-02  0.1900000E-02          19
|110011100000001011011001111000> :  0.1727129E-02  0.1800000E-02          18
|111001001100110011000011011000> :  0.1957092E-02  0.1800000E-02          18
|000110110011011100110100100111> :  0.1604559E-02  0.1800000E-02          18
|001100011111110100100110000111> :  0.1727129E-02  0.1800000E-02          18
|111100011100100000000111010101> :  0.1507633E-02  0.1700000E-02          17
|110100100010100111011000110100> :  0.1057673E-02  0.1600000E-02          16
|111100001011100111001000100100> :  0.1693334E-02  0.1600000E-02          16
|000110110011001100111100100111> :  0.1957092E-02  0.1600000E-02          16
|100100100011100111111000100110> :  0.1432255E-02  0.1600000E-02          16
|000100100001100101111000100111> :  0.1301408E-02  0.1500000E-02          15
|110011100000011011010001111000> :  0.9984952E-03  0.1500000E-02          15
|111011011110011010000111011000> :  0.1301408E-02  0.1500000E-02          15
|111001101000110011000011011000> :  0.1180612E-02  0.1500000E-02          15
|010011110100011000110111011001> :  0.1328487E-02  0.1500000E-02          15
|111100001010100111001010010100> :  0.9400954E-03  0.1500000E-02          15
|110001100000111011010001111000> :  0.1907628E-02  0.1500000E-02          15
|001100001101100000101111000111> :  0.1060317E-02  0.1400000E-02          14
|001001100011100001101110001011> :  0.6228938E-03  0.1400000E-02          14
|000011110101011000110111001011> :  0.1080261E-02  0.1300000E-02          13
|000011100011011111111000101010> :  0.1507633E-02  0.1300000E-02          13
|000001100011111111111000101010> :  0.7323048E-03  0.1300000E-02          13
|101100001101100000001111000111> :  0.1149713E-02  0.1300000E-02          13
|111011011100010010000111011000> :  0.1311604E-02  0.1300000E-02          13
|000011110011011111110000101010> :  0.1446398E-02  0.1200000E-02          12
|000100100011101101111000100111> :  0.1311604E-02  0.1200000E-02          12
|101100001011100111001000100110> :  0.1328487E-02  0.1200000E-02          12
|001100011011110101100110000111> :  0.1093139E-02  0.1200000E-02          12
|010011110010011111110000111000> :  0.1149713E-02  0.1200000E-02          12
|011100110000110011100011010100> :  0.9739335E-03  0.1200000E-02          12
|000110110101001100111100100111> :  0.1330866E-02  0.1100000E-02          11
|001100100101100100101110000111> :  0.8803911E-03  0.1100000E-02          11
|000110010111001100111100100111> :  0.1180612E-02  0.1100000E-02          11
|111100001100100010001111010100> :  0.8358541E-03  0.1100000E-02          11
|000110010111011100110100100111> :  0.9743252E-03  0.1000000E-02          10
|110100001011100111011000100100> :  0.1264923E-02  0.1000000E-02          10
|110011110010011111010000111000> :  0.1060317E-02  0.1000000E-02          10
|100011001111001100011100101011> :  0.9739335E-03  0.1000000E-02          10
|001100011111100100101110000111> :  0.9984952E-03  0.1000000E-02          10
|111100001010100011001011010100> :  0.7598124E-03  0.1000000E-02          10
|000100000011100101111000100111> :  0.7697842E-03  0.1000000E-02          10
|001011110101011000100111001011> :  0.8763264E-03  0.1000000E-02          10
|001011011101011000100111001011> :  0.1057673E-02  0.9000000E-03           9
|110001100000101011011001111000> :  0.1155822E-02  0.9000000E-03           9
|111011111100011010000111011000> :  0.7697842E-03  0.9000000E-03           9
|111001001010100011001011011000> :  0.7086730E-03  0.9000000E-03           9
|000011110101011000110101101011> :  0.9400954E-03  0.9000000E-03           9
|001011110100011000100111011011> :  0.1264923E-02  0.8000000E-03           8
|001100100101100000101111000111> :  0.7466981E-03  0.8000000E-03           8
|110011100100011010010001111000> :  0.4655947E-03  0.8000000E-03           8
|110011001100001000001111011001> :  0.8373796E-04  0.8000000E-03           8
|001011011100011000100111011011> :  0.8471221E-03  0.8000000E-03           8
|110011011010011011010001111000> :  0.8803911E-03  0.8000000E-03           8
|110110011100011110010001110100> :  0.6228938E-03  0.8000000E-03           8
|000110110101011100110100100111> :  0.7086730E-03  0.8000000E-03           8
|111100001100100000001111000111> :  0.8723693E-03  0.8000000E-03           8
|000011110011011101110000101011> :  0.8358541E-03  0.8000000E-03           8
|111001001100100011001011011000> :  0.1604559E-02  0.8000000E-03           8
|111001101000100011001011011000> :  0.9743252E-03  0.8000000E-03           8
|001001001011100001101110001011> :  0.7177143E-03  0.8000000E-03           8
|000011110011011111110000111000> :  0.8723693E-03  0.7000000E-03           7
|001100100101100100111100000111> :  0.5232969E-03  0.7000000E-03           7
|101100001011100111001010000110> :  0.5079260E-03  0.7000000E-03           7
|100100001011100111011000100110> :  0.7758130E-03  0.7000000E-03           7
|100001100011101111111000101010> :  0.5531262E-03  0.7000000E-03           7
|110100001010100111011000110100> :  0.8763264E-03  0.7000000E-03           7
|110100100011100111011000100100> :  0.8471221E-03  0.7000000E-03           7
|110110110100011110010001110100> :  0.7177143E-03  0.7000000E-03           7
|111110011100000000000111010101> :  0.7323048E-03  0.7000000E-03           7
|111100001011100111001010000100> :  0.7130785E-03  0.7000000E-03           7
|010001100000111011110001111000> :  0.2350754E-03  0.6000000E-03           6
|011100111000110011000011010100> :  0.4612056E-03  0.6000000E-03           6
|110100011100011111010001110100> :  0.7064459E-03  0.6000000E-03           6
|001110011111010100100110000111> :  0.1155822E-02  0.6000000E-03           6
|000011110011011100110100101011> :  0.7760285E-03  0.6000000E-03           6
|110011110100001010010001111000> :  0.2187654E-03  0.6000000E-03           6
|001100011011100101101110000111> :  0.4655947E-03  0.6000000E-03           6
|110011011010011111010000111000> :  0.7466981E-03  0.6000000E-03           6
|001011100011100000101110001011> :  0.7064459E-03  0.6000000E-03           6
|100011100011001111111000101010> :  0.6054693E-03  0.6000000E-03           6
|110011100100001010011001111000> :  0.1093139E-02  0.6000000E-03           6
|111100011110110110000110010100> :  0.5113194E-03  0.6000000E-03           6
|111100001100100011001011010100> :  0.7760285E-03  0.6000000E-03           6
|001011001011100000101110001011> :  0.3010632E-03  0.6000000E-03           6
|111011011110011010000110011000> :  0.2506669E-03  0.6000000E-03           6
|000011110101011100110100101011> :  0.7598124E-03  0.6000000E-03           6
|001110001111100100101110000111> :  0.4103086E-03  0.5000000E-03           5
|001100110101110000100111000111> :  0.1738736E-03  0.5000000E-03           5
|000100100011110101111000100111> :  0.4773220E-03  0.5000000E-03           5
|111100110000110011000011010100> :  0.1567392E-03  0.5000000E-03           5
|100011000111001100111100101011> :  0.4612056E-03  0.5000000E-03           5
|010011110100011000110101111001> :  0.5079260E-03  0.5000000E-03           5
|001011011101001000101111001011> :  0.3007579E-03  0.5000000E-03           5
|111100001010100111001000110100> :  0.1080261E-02  0.5000000E-03           5
|000011010111011100110100101011> :  0.1965331E-03  0.5000000E-03           5
|001001001111100000101110001011> :  0.2202871E-03  0.5000000E-03           5
|011011110100011000100111011001> :  0.7758130E-03  0.5000000E-03           5
|110100110100011111010001110100> :  0.3010632E-03  0.5000000E-03           5
|110100110010100111010000110100> :  0.2107094E-03  0.5000000E-03           5
|001011100101011000101111001011> :  0.8518439E-04  0.4000000E-03           4
|110011011010011011000011111000> :  0.5232969E-03  0.4000000E-03           4
|110011001100001010011001111000> :  0.5109178E-03  0.4000000E-03           4
|110001110000011011010001111000> :  0.4103086E-03  0.4000000E-03           4
|000100100101100100111100100111> :  0.3451572E-03  0.4000000E-03           4
|000100110011100101111000100111> :  0.3098069E-03  0.4000000E-03           4
|100011100011001101111000101011> :  0.1880264E-03  0.4000000E-03           4
|110011011110011110010000111000> :  0.2290546E-03  0.4000000E-03           4
|110011110000011111010001111000> :  0.2682957E-03  0.4000000E-03           4
|011100011100110000000111010101> :  0.6054693E-03  0.4000000E-03           4
|111100011100110000000111010100> :  0.3051077E-03  0.4000000E-03           4
|011010011100010000000111011101> :  0.3090915E-03  0.4000000E-03           4
|010100110010110111110000110101> :  0.9950525E-04  0.4000000E-03           4
|111011011100011010000011011000> :  0.2615742E-03  0.4000000E-03           4
|011011110100011010100111011000> :  0.1493063E-03  0.4000000E-03           4
|010011110100011010110111011000> :  0.5778049E-03  0.4000000E-03           4
|011100011100110011000011010100> :  0.2810769E-03  0.4000000E-03           4
|110110011010011111010000110100> :  0.8820140E-04  0.4000000E-03           4
|111110011100010000000111010100> :  0.2230851E-03  0.4000000E-03           4
|010011110010011011110001111000> :  0.1546082E-03  0.4000000E-03           4
|011110011100010000000111010101> :  0.5531262E-03  0.4000000E-03           4
|110011001100011010010001111000> :  0.1238715E-03  0.3000000E-03           3
|001011110101001000101111001011> :  0.9980237E-04  0.3000000E-03           3
|100101100011101111111000100010> :  0.3090915E-03  0.3000000E-03           3
|100100100011100101111000100111> :  0.4687038E-03  0.3000000E-03           3
|101001001011100001001110001011> :  0.2138156E-03  0.3000000E-03           3
|001100001011110101101110000111> :  0.2187654E-03  0.3000000E-03           3
|000011100001001101111000101011> :  0.2118858E-03  0.3000000E-03           3
|000001100001101001111001101011> :  0.2699584E-03  0.3000000E-03           3
|101100001011100101001000100111> :  0.5778049E-03  0.3000000E-03           3
|110001100010101111011000111000> :  0.1889714E-03  0.3000000E-03           3
|001100000111100100111100000111> :  0.2810820E-03  0.3000000E-03           3
|001100110011110101100110000111> :  0.5109178E-03  0.3000000E-03           3
|001100110011110101110100000111> :  0.4141553E-03  0.3000000E-03           3
|000100110011001101111100100111> :  0.1913316E-03  0.3000000E-03           3
|100011100101001100111100101011> :  0.2832222E-03  0.3000000E-03           3
|000100100011100111111000100111> :  0.3336856E-03  0.3000000E-03           3
|000100100011100101111100100111> :  0.2615742E-03  0.3000000E-03           3
|001110011101010000100111000111> :  0.1889714E-03  0.3000000E-03           3
|110100011011110111010000110100> :  0.1247102E-03  0.3000000E-03           3
|110100011110011111010000110100> :  0.1013023E-03  0.3000000E-03           3
|110011111000011011000011111000> :  0.2810820E-03  0.3000000E-03           3
|111100011010100111000010010100> :  0.9337088E-04  0.3000000E-03           3
|111011001100100000001111001010> :  0.6949683E-04  0.3000000E-03           3
|000100000111100100111100100111> :  0.3060227E-03  0.3000000E-03           3
|001011001101011000101111001011> :  0.2107094E-03  0.3000000E-03           3
|111011111000011011000011011000> :  0.3060227E-03  0.3000000E-03           3
|111100001010110111000010010100> :  0.1537713E-03  0.3000000E-03           3
|011100011010110011000011010100> :  0.2832222E-03  0.3000000E-03           3
|110110011110011110010000110100> :  0.2140909E-03  0.3000000E-03           3
|110101100011101111011000100000> :  0.1038970E-03  0.3000000E-03           3
|000011110101001100111100101011> :  0.1691779E-03  0.3000000E-03           3
|000110110011011101110000100111> :  0.1962483E-03  0.3000000E-03           3
|001011001100001000101111001011> :  0.8025591E-04  0.3000000E-03           3
|000011100011001111111000101011> :  0.3051077E-03  0.2000000E-03           2
|000101100011100101111100100111> :  0.9345425E-05  0.2000000E-03           2
|110011011100011011000011111000> :  0.1070093E-03  0.2000000E-03           2
|110011011100011010000111011000> :  0.1446657E-03  0.2000000E-03           2
|001100110100110000100111010111> :  0.1928974E-03  0.2000000E-03           2
|001100110011110111110000110100> :  0.6355303E-04  0.2000000E-03           2
|110011001100011010000011111000> :  0.7955777E-04  0.2000000E-03           2
|001100110011110101110000100111> :  0.1146715E-03  0.2000000E-03           2
|110011001010001111011000111000> :  0.1738736E-03  0.2000000E-03           2
|001100001101100100101110000111> :  0.2859957E-03  0.2000000E-03           2
|001100001111110100101110000111> :  0.1981138E-03  0.2000000E-03           2
|001100100001100001101111000111> :  0.2290546E-03  0.2000000E-03           2
|101011001111100100001110000111> :  0.1117100E-03  0.2000000E-03           2
|001100011101110000100111000111> :  0.1070168E-03  0.2000000E-03           2
|101011001101100000001111001111> :  0.1415218E-03  0.2000000E-03           2
|101100001111100000001110000111> :  0.2646746E-03  0.2000000E-03           2
|101011001101001000001111001010> :  0.9950525E-04  0.2000000E-03           2
|101100001101100100001110000111> :  0.1546082E-03  0.2000000E-03           2
|001100001111100000101110000111> :  0.2682957E-03  0.2000000E-03           2
|000011100001001100111100101011> :  0.8390281E-04  0.2000000E-03           2
|001100100011100100111100000111> :  0.1070093E-03  0.2000000E-03           2
|110001001010101111011000111000> :  0.1562842E-03  0.2000000E-03           2
|000011100011001100111000101011> :  0.5899720E-04  0.2000000E-03           2
|000011100101101000111111001011> :  0.2684123E-04  0.2000000E-03           2
|100110010111001100111100100111> :  0.5087510E-04  0.2000000E-03           2
|101110011111000100001110000111> :  0.2350754E-03  0.2000000E-03           2
|001100001011100101101000100111> :  0.7341236E-04  0.2000000E-03           2
|110011001011001111011000101000> :  0.1928974E-03  0.2000000E-03           2
|100100100011100111011000100110> :  0.1283616E-03  0.2000000E-03           2
|000011100001001001111001101011> :  0.5113194E-03  0.2000000E-03           2
|101110001111100100001110000111> :  0.1162224E-03  0.2000000E-03           2
|001100000111100100101110000111> :  0.1519814E-03  0.2000000E-03           2
|100100000011100111111000100110> :  0.7657741E-04  0.2000000E-03           2
|110011011100001010000011111000> :  0.1064028E-03  0.2000000E-03           2
|100011100011001100111100101011> :  0.2810769E-03  0.2000000E-03           2
|001100110011100101101110000111> :  0.1238715E-03  0.2000000E-03           2
|000101100011100101111000100111> :  0.6258644E-04  0.2000000E-03           2
|100011001011001111011000101010> :  0.1768897E-03  0.2000000E-03           2
|100011000111001110111000101010> :  0.6341601E-04  0.2000000E-03           2
|001110011100010000100111010111> :  0.1405970E-03  0.2000000E-03           2
|111110011110010110000110010100> :  0.2699584E-03  0.2000000E-03           2
|001110110100010000100111010111> :  0.1381673E-03  0.2000000E-03           2
|001110110101010000100111000111> :  0.1562842E-03  0.2000000E-03           2
|111110011100000010000111010100> :  0.9431014E-04  0.2000000E-03           2
|110100010010110111010000110100> :  0.4329320E-04  0.2000000E-03           2
|000011100011011100111100101011> :  0.1104908E-03  0.2000000E-03           2
|111100011110110010000111010100> :  0.2118858E-03  0.2000000E-03           2
|000100100001110111111000100110> :  0.4212877E-04  0.2000000E-03           2
|111100001010100001001111000111> :  0.3122549E-04  0.2000000E-03           2
|111100011010100001000111010101> :  0.6471485E-04  0.2000000E-03           2
|111011011100001010000111011000> :  0.4773220E-03  0.2000000E-03           2
|010110110010011111110000110100> :  0.8846748E-04  0.2000000E-03           2
|111011001100011010000111011000> :  0.3098069E-03  0.2000000E-03           2
|111011011000011010000111011000> :  0.1584877E-04  0.2000000E-03           2
|111011011110001000000111011001> :  0.4212877E-04  0.2000000E-03           2
|111010111100010010000111011100> :  0.5930319E-04  0.2000000E-03           2
|111010011100011010000111011000> :  0.6258644E-04  0.2000000E-03           2
|111010011100000000000111011101> :  0.2469705E-03  0.2000000E-03           2
|111100011010100011000011010100> :  0.7513088E-04  0.2000000E-03           2
|011011011100011010000111011000> :  0.4687038E-03  0.2000000E-03           2
|000011100101001100111000101011> :  0.1100938E-03  0.2000000E-03           2
|111100011010100111000000110100> :  0.1023610E-03  0.2000000E-03           2
|010100110010111111110000110100> :  0.1615543E-04  0.2000000E-03           2
|111011001101100000001111001011> :  0.3881717E-05  0.2000000E-03           2
|111100011100100010000111010100> :  0.2823766E-03  0.2000000E-03           2
|111100011100010011000011010100> :  0.1285501E-03  0.2000000E-03           2
|111100101000100011001011010100> :  0.1965331E-03  0.2000000E-03           2
|001011011111011000100110001011> :  0.1679149E-03  0.2000000E-03           2
|111100111000010011000011010100> :  0.4081802E-04  0.2000000E-03           2
|011100111000110001000111010101> :  0.6341601E-04  0.2000000E-03           2
|011100110100110000100111010101> :  0.1768897E-03  0.2000000E-03           2
|111100111000110011000011011100> :  0.5058603E-04  0.2000000E-03           2
|011110011100010010000111010100> :  0.1218692E-03  0.2000000E-03           2
|110100110000011011010001111000> :  0.2619855E-03  0.2000000E-03           2
|000011100011011101111000101011> :  0.2823766E-03  0.2000000E-03           2
|111110111100010010000111010100> :  0.8404579E-04  0.2000000E-03           2
|010011100100011010110001111000> :  0.1198466E-04  0.1000000E-03           1
|010011100000011011110001111000> :  0.6784912E-04  0.1000000E-03           1
|000110100101101100111100110101> :  0.9492525E-09  0.1000000E-03           1
|010011100000001011111001111001> :  0.3175581E-04  0.1000000E-03           1
|010011011100011010000011111000> :  0.2712901E-04  0.1000000E-03           1
|000110100011100111111000000111> :  0.2994897E-06  0.1000000E-03           1
|000011110101001000111001101011> :  0.2857670E-06  0.1000000E-03           1
|010011010100011010110111011000> :  0.2971291E-06  0.1000000E-03           1
|010011001101001000011111011011> :  0.7696699E-08  0.1000000E-03           1
|000110011101011110110000101000> :  0.4482484E-09  0.1000000E-03           1
|010010110100011010110111011000> :  0.6798338E-05  0.1000000E-03           1
|110100011010111011010011010100> :  0.1367898E-05  0.1000000E-03           1
|110100011010110111010001110100> :  0.4520197E-04  0.1000000E-03           1
|010001110000011011110001111000> :  0.1162224E-03  0.1000000E-03           1
|000011110100011010110001111000> :  0.8206256E-04  0.1000000E-03           1
|110100011010001111010000110101> :  0.1646780E-05  0.1000000E-03           1
|001111100101001000101111001011> :  0.1527275E-05  0.1000000E-03           1
|001111100011001101111000100111> :  0.1139637E-06  0.1000000E-03           1
|110011111000011011010001111000> :  0.1519814E-03  0.1000000E-03           1
|001111100011000001101110001111> :  0.3901015E-07  0.1000000E-03           1
|000110001111011100110100000111> :  0.4218313E-09  0.1000000E-03           1
|001110110101010100100110000111> :  0.7029094E-04  0.1000000E-03           1
|110011110100011011010001111000> :  0.1383736E-04  0.1000000E-03           1
|000101100011110111110000100110> :  0.2494603E-06  0.1000000E-03           1
|001110110101000000101111000111> :  0.6855694E-04  0.1000000E-03           1
|110011110010011011010001111000> :  0.2859957E-03  0.1000000E-03           1
|000101100011101101111000100111> :  0.1272832E-04  0.1000000E-03           1
|000011110100011000110101111011> :  0.7130785E-03  0.1000000E-03           1
|000011000111011100111100101011> :  0.3347996E-04  0.1000000E-03           1
|001110100011100100111100000111> :  0.3877828E-05  0.1000000E-03           1
|110011110000001011010001111000> :  0.1981138E-03  0.1000000E-03           1
|110011100100001000011101101011> :  0.1804806E-04  0.1000000E-03           1
|110011100011001111011000101000> :  0.1097686E-03  0.1000000E-03           1
|000011110011011111110000111001> :  0.6443036E-05  0.1000000E-03           1
|110011100000011001010001101010> :  0.2105557E-06  0.1000000E-03           1
|110011011110011110010100111000> :  0.1388732E-04  0.1000000E-03           1
|001110010111000100111100000111> :  0.1482314E-04  0.1000000E-03           1
|110011011110011010000011111000> :  0.3979824E-04  0.1000000E-03           1
|110011011100011110000010110100> :  0.1637364E-06  0.1000000E-03           1
|001101011011100101100110000011> :  0.6099916E-06  0.1000000E-03           1
|000100110011110111110000110101> :  0.9581888E-04  0.1000000E-03           1
|001101001011100101101110000111> :  0.8164220E-04  0.1000000E-03           1
|001100111000110011100111000110> :  0.1673259E-07  0.1000000E-03           1
|110011011100011010000001111000> :  0.6847934E-05  0.1000000E-03           1
|110011011100001010010001111000> :  0.1373170E-03  0.1000000E-03           1
|110011011100001000000111011001> :  0.5424488E-04  0.1000000E-03           1
|110011011010011011000111111000> :  0.8806792E-07  0.1000000E-03           1
|001100110011110111100010000110> :  0.2036862E-04  0.1000000E-03           1
|110011001110001010001011111001> :  0.7253067E-07  0.1000000E-03           1
|110011001100001011001011101000> :  0.6952737E-07  0.1000000E-03           1
|000100110011110011110000100110> :  0.5770874E-06  0.1000000E-03           1
|110011001100001010011001101000> :  0.1819500E-04  0.1000000E-03           1
|110011001100001010001111011000> :  0.1146715E-03  0.1000000E-03           1
|110011001100001010001011111000> :  0.4141553E-03  0.1000000E-03           1
|110011001100001000001111001011> :  0.6355303E-04  0.1000000E-03           1
|001100110011011111110110010100> :  0.8921970E-06  0.1000000E-03           1
|001100110011011111100000000110> :  0.6199293E-06  0.1000000E-03           1
|001100110000110011100011010100> :  0.1501083E-04  0.1000000E-03           1
|110001101000111011000011111000> :  0.1482314E-04  0.1000000E-03           1
|001100101101100100101110000111> :  0.1575668E-05  0.1000000E-03           1
|110001011100011010000111011100> :  0.3632277E-06  0.1000000E-03           1
|110001011100011010000011111100> :  0.1793994E-06  0.1000000E-03           1
|000100110011011111110000100010> :  0.6957266E-04  0.1000000E-03           1
|000011110011011100110000101011> :  0.2892118E-05  0.1000000E-03           1
|110001001011101111011000101000> :  0.1381673E-03  0.1000000E-03           1
|001100100011110111111000100110> :  0.5424488E-04  0.1000000E-03           1
|000100110011011101110000110111> :  0.2886794E-04  0.1000000E-03           1
|001100100011110101111100000111> :  0.1064028E-03  0.1000000E-03           1
|101110011111010100000110000110> :  0.1465126E-04  0.1000000E-03           1
|001100100011110101101110000111> :  0.1373170E-03  0.1000000E-03           1
|000011110011001100111100101011> :  0.1194712E-03  0.1000000E-03           1
|001100100011101101101000000111> :  0.3766106E-05  0.1000000E-03           1
|101101100011101111111000110000> :  0.6928492E-09  0.1000000E-03           1
|101100110001110111100001100100> :  0.4591411E-08  0.1000000E-03           1
|001100100011100101111000100111> :  0.1446657E-03  0.1000000E-03           1
|101100100011100101111000100111> :  0.1022338E-04  0.1000000E-03           1
|101100011111110100000110000110> :  0.3175581E-04  0.1000000E-03           1
|000011110011001100110100101011> :  0.1141247E-05  0.1000000E-03           1
|000011100011001001111000101011> :  0.9195449E-04  0.1000000E-03           1
|000011000011001101111000101011> :  0.1236367E-03  0.1000000E-03           1
|101100011100110010000111010100> :  0.2330599E-05  0.1000000E-03           1
|001100100011100001101010000111> :  0.4770020E-05  0.1000000E-03           1
|000100110001110111110000100110> :  0.5695969E-04  0.1000000E-03           1
|001100100001100101101110000111> :  0.1010057E-03  0.1000000E-03           1
|000100110001110101110000100111> :  0.5523300E-04  0.1000000E-03           1
|000011110000011001110001111011> :  0.3632830E-05  0.1000000E-03           1
|101100001100100001011111000110> :  0.2323538E-09  0.1000000E-03           1
|000100110001011111110000110100> :  0.4739044E-04  0.1000000E-03           1
|101100001011100101101110000111> :  0.2344791E-05  0.1000000E-03           1
|101011101101100000001111001011> :  0.3718537E-04  0.1000000E-03           1
|001100011100110000100111010111> :  0.1097686E-03  0.1000000E-03           1
|000100110001001101111000100111> :  0.2818878E-04  0.1000000E-03           1
|000011101101001100001100101011> :  0.1689896E-05  0.1000000E-03           1
|101011100101001000101111001011> :  0.4167713E-04  0.1000000E-03           1
|101011011100011000000111011010> :  0.4094947E-05  0.1000000E-03           1
|001100011011110111100000100110> :  0.2892515E-04  0.1000000E-03           1
|101011001111100100001100100111> :  0.1697970E-06  0.1000000E-03           1
|000100110000011111110001110100> :  0.1561395E-04  0.1000000E-03           1
|101011001111100000001111001011> :  0.1360257E-04  0.1000000E-03           1
|001100011011100100101110000111> :  0.9963309E-06  0.1000000E-03           1
|000100101011101101111100100101> :  0.4914483E-09  0.1000000E-03           1
|000011101000001100111101101011> :  0.1559622E-06  0.1000000E-03           1
|101011001101100000001111001010> :  0.8652147E-04  0.1000000E-03           1
|001100001111100100111100000111> :  0.2005728E-05  0.1000000E-03           1
|000100100111100101111000100111> :  0.1584877E-04  0.1000000E-03           1
|101011001100001000001111001011> :  0.3304447E-04  0.1000000E-03           1
|101011001011100011001011101011> :  0.3949995E-07  0.1000000E-03           1
|101011001011100000001111001011> :  0.8936455E-06  0.1000000E-03           1
|101010011101000000001111001111> :  0.1361958E-04  0.1000000E-03           1
|000011100101101100111100101011> :  0.8575944E-04  0.1000000E-03           1
|101100001111110100001110000110> :  0.3419871E-05  0.1000000E-03           1
|101100011011101101001110000011> :  0.4632103E-08  0.1000000E-03           1
|101100011100110001000011010110> :  0.1636572E-05  0.1000000E-03           1
|000011000011001100111100101011> :  0.2910467E-04  0.1000000E-03           1
|101100011101101000001111000011> :  0.3532451E-06  0.1000000E-03           1
|000001100011111101111000111011> :  0.2121576E-07  0.1000000E-03           1
|101010011100010010000111011100> :  0.7990183E-06  0.1000000E-03           1
|101100100011100111111000100110> :  0.1757307E-04  0.1000000E-03           1
|101100100101100100101111000111> :  0.2108606E-07  0.1000000E-03           1
|101010001101000000000111001111> :  0.9497700E-08  0.1000000E-03           1
|101001001111001001001010001011> :  0.5094507E-06  0.1000000E-03           1
|101001001101110011100011011000> :  0.8872738E-07  0.1000000E-03           1
|101110011101100000001111001011> :  0.1453370E-05  0.1000000E-03           1
|000100100011111111111000100110> :  0.4531502E-04  0.1000000E-03           1
|101001001011101001001110001011> :  0.6174063E-05  0.1000000E-03           1
|110000110000101011011001111001> :  0.3603221E-07  0.1000000E-03           1
|100110011111001100011100100111> :  0.1032461E-03  0.1000000E-03           1
|110001001010111011000011111000> :  0.2280393E-04  0.1000000E-03           1
|110001001010111111010000111000> :  0.6855694E-04  0.1000000E-03           1
|100101001011101111011000100010> :  0.7042282E-04  0.1000000E-03           1
|110001011010011111010000111000> :  0.3908660E-05  0.1000000E-03           1
|100100110011110111110000110100> :  0.7908445E-05  0.1000000E-03           1
|100100101111100100001110000111> :  0.1650486E-06  0.1000000E-03           1
|001100001011100001101100001011> :  0.5524581E-06  0.1000000E-03           1
|000100100011110111110000110100> :  0.2235818E-04  0.1000000E-03           1
|001100001001100101101110000111> :  0.4778703E-05  0.1000000E-03           1
|100100100011100011101010000110> :  0.9013397E-07  0.1000000E-03           1
|000100100011110101111100100111> :  0.1355605E-04  0.1000000E-03           1
|110010011100011010010001111000> :  0.8134839E-04  0.1000000E-03           1
|000011100101101000111101101011> :  0.3795907E-04  0.1000000E-03           1
|100100011010110111010100110100> :  0.4671792E-07  0.1000000E-03           1
|100100011010011101010000100110> :  0.2989789E-06  0.1000000E-03           1
|100100010011100111111000100110> :  0.1180101E-05  0.1000000E-03           1
|100100001111001000101110000111> :  0.3561789E-09  0.1000000E-03           1
|001100000011100101101110000111> :  0.1466251E-04  0.1000000E-03           1
|100100001011100101011000100111> :  0.1493063E-03  0.1000000E-03           1
|100100000111100101111000100111> :  0.5294306E-05  0.1000000E-03           1
|100100000111100100111100100111> :  0.1439432E-04  0.1000000E-03           1
|001011110101010000111110000111> :  0.1117327E-09  0.1000000E-03           1
|000011100101011110111000101010> :  0.6471485E-04  0.1000000E-03           1
|100011111000011011110001111000> :  0.1275379E-05  0.1000000E-03           1
|100011110000011011011001111000> :  0.5981867E-06  0.1000000E-03           1
|000100100011101001111010101011> :  0.1260493E-06  0.1000000E-03           1
|100011100011001111111000101000> :  0.9457534E-05  0.1000000E-03           1
|001011110100010000100111011011> :  0.1724213E-04  0.1000000E-03           1
|001011110000011000100111011011> :  0.4809300E-05  0.1000000E-03           1
|000011100101011100111100101011> :  0.7513088E-04  0.1000000E-03           1
|000011100001001000111110001011> :  0.3546558E-06  0.1000000E-03           1
|000010110100011000110111011011> :  0.9861635E-05  0.1000000E-03           1
|100011100001001101111000101011> :  0.1005695E-05  0.1000000E-03           1
|100011011111011110010000101000> :  0.4877300E-08  0.1000000E-03           1
|001011101101001000101111001011> :  0.4329320E-04  0.1000000E-03           1
|110011011100011010010101111000> :  0.1256704E-04  0.1000000E-03           1
|100011001111001110011000101010> :  0.7970464E-04  0.1000000E-03           1
|100011001111001000001110001011> :  0.4036151E-04  0.1000000E-03           1
|100011001101001000001111001011> :  0.6450522E-04  0.1000000E-03           1
|001011100101001010101111011001> :  0.6506722E-06  0.1000000E-03           1
|000100100011100101111001000111> :  0.4962165E-06  0.1000000E-03           1
|110011100000001011011001101000> :  0.2031772E-04  0.1000000E-03           1
|000011100101011000111111001011> :  0.1023610E-03  0.1000000E-03           1
|100011000100001000111001111011> :  0.2600173E-08  0.1000000E-03           1
|100001001011101111011000101010> :  0.1014596E-03  0.1000000E-03           1
|001011100101001000101110001011> :  0.4520197E-04  0.1000000E-03           1
|011110110100010010100111010100> :  0.3481107E-04  0.1000000E-03           1
|111110110100010010000101110100> :  0.6224208E-07  0.1000000E-03           1
|111110011100011010000111010100> :  0.5762815E-05  0.1000000E-03           1
|011101100100110010000011011001> :  0.5547865E-09  0.1000000E-03           1
|001011100011001100111100101011> :  0.3854651E-05  0.1000000E-03           1
|000100100011100100111100100111> :  0.1340490E-03  0.1000000E-03           1
|000011100101011000111001101011> :  0.2469086E-05  0.1000000E-03           1
|000011100000001001111001101011> :  0.1099546E-04  0.1000000E-03           1
|110011110100000000010101111001> :  0.1886441E-07  0.1000000E-03           1
|111110001100010010000111011000> :  0.9372048E-06  0.1000000E-03           1
|001011100011001000101110001011> :  0.1077146E-03  0.1000000E-03           1
|111101001010100111001000110100> :  0.7915961E-05  0.1000000E-03           1
|110011110100011110010001111000> :  0.8538164E-04  0.1000000E-03           1
|110011110101001000111001101010> :  0.5128802E-08  0.1000000E-03           1
|011100110000110111110001110100> :  0.4036151E-04  0.1000000E-03           1
|001011100001100000101111001011> :  0.1013023E-03  0.1000000E-03           1
|000100100011100001101010000111> :  0.6457797E-05  0.1000000E-03           1
|111100111000110011000001010100> :  0.1149589E-05  0.1000000E-03           1
|111100111000010011010001010100> :  0.2129759E-08  0.1000000E-03           1
|011100110000110001100111010101> :  0.7970464E-04  0.1000000E-03           1
|011100101010100101001110000101> :  0.1488803E-07  0.1000000E-03           1
|011100100000100011101011010101> :  0.1849545E-05  0.1000000E-03           1
|001011011111001000101110001011> :  0.1102212E-03  0.1000000E-03           1
|000100100011000101111000100111> :  0.1192698E-04  0.1000000E-03           1
|000011100101001110111100101011> :  0.3061936E-05  0.1000000E-03           1
|110100011100010011000011010000> :  0.1011775E-06  0.1000000E-03           1
|110100011100011111000001110100> :  0.2869992E-05  0.1000000E-03           1
|011100011110110100000110010101> :  0.3860152E-04  0.1000000E-03           1
|110100011100110111010001110100> :  0.1077146E-03  0.1000000E-03           1
|110100011100111011010011010100> :  0.1848682E-05  0.1000000E-03           1
|111100011110110111000010010100> :  0.1050558E-03  0.1000000E-03           1
|110100100000100111011000110100> :  0.1482767E-05  0.1000000E-03           1
|110100100000110111010001110100> :  0.1102212E-03  0.1000000E-03           1
|011100011100110111000001110100> :  0.1317003E-05  0.1000000E-03           1
|110100100010110111010000110100> :  0.3007579E-03  0.1000000E-03           1
|111100011100110111000001110100> :  0.2209058E-04  0.1000000E-03           1
|110100100011100111011000101100> :  0.2424205E-06  0.1000000E-03           1
|110100101011100111010000100110> :  0.7902728E-08  0.1000000E-03           1
|011100011100110010000111010100> :  0.1880264E-03  0.1000000E-03           1
|000100100010100001111011101111> :  0.4366868E-06  0.1000000E-03           1
|111100011100110011000011011100> :  0.6816227E-04  0.1000000E-03           1
|011100011100110000000101010101> :  0.1107570E-06  0.1000000E-03           1
|111100011100100011000011010100> :  0.1104908E-03  0.1000000E-03           1
|011100011010110111000000110100> :  0.1571906E-03  0.1000000E-03           1
|111100011100100001000111010101> :  0.7770609E-05  0.1000000E-03           1
|001011001111100100101110000111> :  0.2619855E-03  0.1000000E-03           1
|000011010111011110110000101010> :  0.1490375E-04  0.1000000E-03           1
|000010110011101100111100101011> :  0.1743083E-05  0.1000000E-03           1
|000001100011101111111000101011> :  0.2230851E-03  0.1000000E-03           1
|011100001111100110101110000101> :  0.1092499E-05  0.1000000E-03           1
|011011111100011000000111011001> :  0.7657741E-04  0.1000000E-03           1
|001011001111100000101110001111> :  0.1839885E-03  0.1000000E-03           1
|111100011010110011000011010000> :  0.4131377E-05  0.1000000E-03           1
|111100011010110001000111010100> :  0.1159887E-04  0.1000000E-03           1
|000100100001100101111001100111> :  0.2506669E-03  0.1000000E-03           1
|011011011110011000000110011001> :  0.2136389E-05  0.1000000E-03           1
|011011011100011010000111011001> :  0.1974659E-05  0.1000000E-03           1
|001011001111100000001110001011> :  0.9976914E-05  0.1000000E-03           1
|111100011010010011000011010100> :  0.8575944E-04  0.1000000E-03           1
|111100001100110011000011010100> :  0.1194712E-03  0.1000000E-03           1
|111100001100100100001101110101> :  0.3563788E-07  0.1000000E-03           1
|011011011100011000100111011001> :  0.1283616E-03  0.1000000E-03           1
|001011001111011000101110001011> :  0.6082059E-04  0.1000000E-03           1
|011011011100011000000111011011> :  0.4506105E-04  0.1000000E-03           1
|011011011100010000000111011001> :  0.3068054E-04  0.1000000E-03           1
|011011001101001000101111001011> :  0.3003824E-05  0.1000000E-03           1
|001011001111000000101110001011> :  0.3718393E-05  0.1000000E-03           1
|000100010101111100110100000111> :  0.1497958E-08  0.1000000E-03           1
|011011001100110000000111011011> :  0.6449683E-06  0.1000000E-03           1
|011011001100011000001111001011> :  0.4887422E-06  0.1000000E-03           1
|011010011100100000000111011101> :  0.5615506E-07  0.1000000E-03           1
|111011101100001010001111011000> :  0.2909234E-04  0.1000000E-03           1
|111011101000100000001111001011> :  0.8202978E-05  0.1000000E-03           1
|011010011100010010100111011100> :  0.5254904E-05  0.1000000E-03           1
|000100010011110111110000110100> :  0.5663180E-04  0.1000000E-03           1
|000011100101001001111101101011> :  0.1374796E-05  0.1000000E-03           1
|011010011100010010000111011100> :  0.4488291E-04  0.1000000E-03           1
|011010011100010000100111111101> :  0.5058640E-08  0.1000000E-03           1
|001011001101011000101111001010> :  0.9211118E-05  0.1000000E-03           1
|111011011110001000000110011001> :  0.2897656E-05  0.1000000E-03           1
|011001101000110011000011011000> :  0.5087510E-04  0.1000000E-03           1
|001011001101001100101111001011> :  0.3441488E-05  0.1000000E-03           1
|000100000111100101111000100111> :  0.2131520E-04  0.1000000E-03           1
|011001100000110011100011011000> :  0.1032461E-03  0.1000000E-03           1
|010110110100011110110001110100> :  0.2138156E-03  0.1000000E-03           1
|001011001101001010101011101011> :  0.1264061E-05  0.1000000E-03           1
|010110110100011101110101010100> :  0.9486521E-08  0.1000000E-03           1
|111011011100001010001111011000> :  0.5681671E-05  0.1000000E-03           1
|010110110100011100110101110101> :  0.1691279E-03  0.1000000E-03           1
|001011001101001001101001101011> :  0.7567620E-06  0.1000000E-03           1
|111011001110001010001111011000> :  0.5523300E-04  0.1000000E-03           1
|010110110000011111110001110100> :  0.1919407E-03  0.1000000E-03           1
|010110011110011100010100110101> :  0.8939274E-05  0.1000000E-03           1
|111011001100110010010111111100> :  0.9959379E-08  0.1000000E-03           1
|010110010100010010010111010100> :  0.2388716E-07  0.1000000E-03           1
|000100000011101101111000100111> :  0.1621690E-04  0.1000000E-03           1
|010101110100110010110001111000> :  0.1702854E-06  0.1000000E-03           1
|111011001100100010001011011000> :  0.1820019E-03  0.1000000E-03           1
|010101100010111111110000110000> :  0.1361958E-04  0.1000000E-03           1
|111011001100100001001011111001> :  0.4714263E-06  0.1000000E-03           1
|111011001100100000001111011011> :  0.1184251E-04  0.1000000E-03           1
|010101100000110111110001110100> :  0.9376462E-06  0.1000000E-03           1
|111011001100100000001111001111> :  0.5663560E-04  0.1000000E-03           1
|010100110011011111010000110110> :  0.1334165E-05  0.1000000E-03           1
|001011000111100000101110001011> :  0.7129371E-04  0.1000000E-03           1
|000011010101011000110111001011> :  0.9701990E-06  0.1000000E-03           1
|000010100011000001111000101111> :  0.2720949E-06  0.1000000E-03           1
|010100110010110111110000110110> :  0.2266216E-05  0.1000000E-03           1
|111011001100100011001111011000> :  0.5850415E-06  0.1000000E-03           1
|111011001100110010000111010000> :  0.4129584E-06  0.1000000E-03           1
|001011000101001000101111001011> :  0.1645821E-04  0.1000000E-03           1
|111011001100001010001111001010> :  0.2582075E-05  0.1000000E-03           1
|111011001100001000001111001010> :  0.9581888E-04  0.1000000E-03           1
|111011001110001000001111001011> :  0.3052444E-04  0.1000000E-03           1
|001010011111010000101110001111> :  0.2272025E-06  0.1000000E-03           1
|111011001110100010001111011000> :  0.8835892E-04  0.1000000E-03           1
|000011111011011100110110101011> :  0.6355674E-08  0.1000000E-03           1
|111011000101001000101111001011> :  0.2565317E-05  0.1000000E-03           1
|111010111100011010000011011000> :  0.3403723E-07  0.1000000E-03           1
|010100110010110111110000010100> :  0.1333607E-05  0.1000000E-03           1
|111011011100010000000111011000> :  0.1441636E-04  0.1000000E-03           1
|010100110010011111110000110101> :  0.8652147E-04  0.1000000E-03           1
|111011011100011000000111011000> :  0.3336856E-03  0.1000000E-03           1
|001010011101010000100111001111> :  0.1254106E-03  0.1000000E-03           1
|111011011100011010000101111000> :  0.1756246E-05  0.1000000E-03           1
|111011011100011010000111010000> :  0.1655324E-04  0.1000000E-03           1
|111010011100010000000111011110> :  0.4244502E-06  0.1000000E-03           1
|111011011100011110000111110000> :  0.5344431E-07  0.1000000E-03           1
|111010011100010000000111011100> :  0.9139623E-04  0.1000000E-03           1
|111010011100000010000111011100> :  0.1866556E-04  0.1000000E-03           1
|111011011110011010000011011000> :  0.2463780E-04  0.1000000E-03           1
|010100110010011111110000110000> :  0.1415218E-03  0.1000000E-03           1
|001010001111100000101110001111> :  0.1531149E-05  0.1000000E-03           1
|111011011110110010010001011000> :  0.4751118E-08  0.1000000E-03           1
|000011110101011110110000101010> :  0.4906139E-04  0.1000000E-03           1
|000011100100001000111101101011> :  0.4371088E-04  0.1000000E-03           1
|010100110000110111110001110101> :  0.8236024E-04  0.1000000E-03           1
|111001101000100011000011010100> :  0.2480860E-08  0.1000000E-03           1
|001001100101100000101111001011> :  0.8820140E-04  0.1000000E-03           1
|111001101000100001001111001011> :  0.2901342E-04  0.1000000E-03           1
|111001100000110011000011011000> :  0.4103992E-04  0.1000000E-03           1
|010100110000110101110001110101> :  0.6881495E-05  0.1000000E-03           1
|111100001010110111000000110100> :  0.1147139E-03  0.1000000E-03           1
|111001011100001001000011011001> :  0.4101464E-06  0.1000000E-03           1
|010100110000110011110001110100> :  0.8112433E-05  0.1000000E-03           1
|111001001100110010000111011000> :  0.2308436E-03  0.1000000E-03           1
|111001001100100011001011011010> :  0.2597590E-06  0.1000000E-03           1
|010100110000011111110001110101> :  0.8684299E-04  0.1000000E-03           1
|111001001100100010001111011000> :  0.1962483E-03  0.1000000E-03           1
|111001001011100011001010001000> :  0.1998427E-03  0.1000000E-03           1
|010100110000011111110001110000> :  0.1013466E-03  0.1000000E-03           1
|111001001010100011001011011100> :  0.7605420E-06  0.1000000E-03           1
|010100100011100111111000100101> :  0.4094947E-05  0.1000000E-03           1
|000011110101011010010001111010> :  0.3610627E-06  0.1000000E-03           1
|111100011010100001000111101111> :  0.5339151E-10  0.1000000E-03           1
|000011100011101100111100101011> :  0.1285501E-03  0.1000000E-03           1
|111100011010100101000110010101> :  0.4777144E-04  0.1000000E-03           1
|000011001111001100111100101011> :  0.1567392E-03  0.1000000E-03           1
|111001001010100011001011001000> :  0.4452915E-04  0.1000000E-03           1
|111000110000110011000011011100> :  0.1671047E-06  0.1000000E-03           1
|010100100010011111110000110100> :  0.1651654E-05  0.1000000E-03           1
|111000011100111010000111011100> :  0.2383390E-06  0.1000000E-03           1
|110110110110110110010000110100> :  0.2225988E-05  0.1000000E-03           1
|111100011010110111000000110101> :  0.8713793E-06  0.1000000E-03           1
|010100011010110111010000110100> :  0.4167713E-04  0.1000000E-03           1
|000110110101011100110100110111> :  0.4452915E-04  0.1000000E-03           1
|110110110000011111010001110100> :  0.2202871E-03  0.1000000E-03           1
|010100010010011111110000110100> :  0.3718537E-04  0.1000000E-03           1
|110110100100011010010001111100> :  0.1629199E-05  0.1000000E-03           1
|110110011110001110010000110100> :  0.1059788E-04  0.1000000E-03           1
|110110011100011110010101110100> :  0.3642853E-04  0.1000000E-03           1
|010011110100011010110101111000> :  0.1365538E-03  0.1000000E-03           1
|110110011100011011010011010000> :  0.9521186E-07  0.1000000E-03           1
|010011110100011010110011111000> :  0.9220327E-05  0.1000000E-03           1
|110110010010011111010000110100> :  0.7715045E-06  0.1000000E-03           1
|111100011110100000001110000011> :  0.1696460E-09  0.1000000E-03           1
|010011110100011010110001111001> :  0.8370723E-04  0.1000000E-03           1
|110101100010101111011000110000> :  0.1254106E-03  0.1000000E-03           1
|000110110011111111110000110010> :  0.5113595E-08  0.1000000E-03           1
|111100011111110110000110010100> :  0.1099546E-04  0.1000000E-03           1
|110101001011101111011000100000> :  0.9213177E-04  0.1000000E-03           1
|111100101000110011000011010100> :  0.4794700E-04  0.1000000E-03           1
|111100110000011111000101010100> :  0.2016336E-06  0.1000000E-03           1
|110101001010101111011000110000> :  0.7923406E-04  0.1000000E-03           1
|111100110110110011000010010100> :  0.8184417E-06  0.1000000E-03           1
|010011110100011010100001111000> :  0.1601236E-05  0.1000000E-03           1
|110100110100110110010001110100> :  0.2629936E-05  0.1000000E-03           1
|111100111000100001000111010101> :  0.2261443E-04  0.1000000E-03           1
|000110110011101101111000101011> :  0.5961407E-06  0.1000000E-03           1
|110100110011110111010000110100> :  0.8025591E-04  0.1000000E-03           1
|110100110010110111010000111100> :  0.3165764E-05  0.1000000E-03           1
|111100111100110011000011010100> :  0.2910467E-04  0.1000000E-03           1
|110100110010110110010100010100> :  0.1237062E-05  0.1000000E-03           1
|111101011010110110000100010100> :  0.1593282E-07  0.1000000E-03           1
|110100110010001111010000110100> :  0.2911675E-04  0.1000000E-03           1
|111110001100011010000111011100> :  0.5136812E-05  0.1000000E-03           1
|010011110000011111110001111000> :  0.2646746E-03  0.1000000E-03           1
|110100110000011111010001110110> :  0.2144622E-05  0.1000000E-03           1
|111110011100000110000011010110> :  0.3130195E-08  0.1000000E-03           1
|110100110000011111010001110000> :  0.1839885E-03  0.1000000E-03           1
|010011110000011011110001101000> :  0.2325899E-05  0.1000000E-03           1
|000011110101001000111111001011> :  0.1147139E-03  0.1000000E-03           1
|000011000111101100111100101011> :  0.4081802E-04  0.1000000E-03           1
|000010000111100100111100100111> :  0.6767530E-07  0.1000000E-03           1
|000001000011101101111000101011> :  0.8404579E-04  0.1000000E-03           1
|111111110100110010110001111100> :  0.1110223E-12  0.1000000E-03           1
|000000110011011111110000100110> :  0.1047191E-05  0.1000000E-03           1
