# state, exact probability, frequency, count:
#------------------------------------------------------------------
|1001111011100010001010110> :  0.2076486E+00  0.2048000E+00        2048
|0110000100011101110101001> :  0.2076486E+00  0.2027000E+00        2027
|1110100010100011001000111> :  0.1199279E+00  0.1223000E+00        1223
|0001011101011100110111000> :  0.1199279E+00  0.1199000E+00        1199
|1001010001111110010110010> :  0.3019951E-01  0.3060000E-01         306
|0001011101011100010111000> :  0.2940386E-01  0.3040000E-01         304
|1110100010100011101000111> :  0.2940386E-01  0.2960000E-01         296
|0110101110000001101001101> :  0.3019951E-01  0.2780000E-01         278
|0110111110000001101001101> :  0.1159736E-01  0.1330000E-01         133
|1001111010100010001010110> :  0.1171551E-01  0.1240000E-01         124
|0110000101011101110101001> :  0.1171551E-01  0.1190000E-01         119
|1001000001111110010110010> :  0.1159736E-01  0.1170000E-01         117
|0110101110000101101001101> :  0.8396845E-02  0.1080000E-01         108
|0110100110000011101001101> :  0.8770761E-02  0.9400000E-02          94
|1001011001111100010110010> :  0.8770761E-02  0.8900000E-02          89
|1001010001111010010110010> :  0.8396845E-02  0.8100000E-02          81
|0110000100011101111101001> :  0.5820445E-02  0.6500000E-02          65
|1001001001111100010110010> :  0.4438394E-02  0.6000000E-02          60
|1001111011100010000010110> :  0.5820445E-02  0.5700000E-02          57
|0110110110000011101001101> :  0.4438394E-02  0.4500000E-02          45
|0110111110000101101001101> :  0.3501459E-02  0.3600000E-02          36
|1001011011100010010110110> :  0.3049375E-02  0.3500000E-02          35
|1001000001111010010110010> :  0.3501459E-02  0.3500000E-02          35
|0110100100011101101001001> :  0.3049375E-02  0.3300000E-02          33
|0110100110000101101001101> :  0.3162267E-02  0.3100000E-02          31
|1001001001111010010110010> :  0.2020566E-02  0.2700000E-02          27
|1001010001111100010110010> :  0.2313360E-02  0.2600000E-02          26
|0110101110000011101001101> :  0.2313360E-02  0.2300000E-02          23
|1001011001111010010110010> :  0.3162267E-02  0.2300000E-02          23
|0100110110000111100011101> :  0.2116768E-02  0.2000000E-02          20
|1110101010100001101000111> :  0.1125722E-02  0.1900000E-02          19
|0110110110000101101001101> :  0.2020566E-02  0.1900000E-02          19
|0001011101011100110110000> :  0.1993899E-02  0.1900000E-02          19
|0001010101011100110111000> :  0.9213653E-03  0.1800000E-02          18
|0100110110000111101001101> :  0.1617916E-02  0.1700000E-02          17
|1110100010100011001001111> :  0.1993899E-02  0.1700000E-02          17
|1011001001111000010110010> :  0.1617916E-02  0.1600000E-02          16
|0001010101011110010111000> :  0.1125722E-02  0.1500000E-02          15
|1011001001111000011100010> :  0.2116768E-02  0.1500000E-02          15
|1110101010100011001000111> :  0.9213653E-03  0.1200000E-02          12
|0110110100011101101001001> :  0.7760078E-03  0.1200000E-02          12
|1001001011100010010110110> :  0.7760078E-03  0.1100000E-02          11
|1001000001111100010110010> :  0.8320484E-03  0.8000000E-03           8
|0110000100011101111001001> :  0.3680730E-03  0.7000000E-03           7
|0110100100011101110101001> :  0.3747550E-03  0.6000000E-03           6
|0001011111000111000111100> :  0.2040953E-03  0.6000000E-03           6
|1001111010100010001011110> :  0.1362589E-03  0.6000000E-03           6
|0110100100011100010101011> :  0.5071109E-03  0.5000000E-03           5
|0110100100011101111001001> :  0.6671585E-03  0.5000000E-03           5
|1011001001111000111100010> :  0.2491482E-03  0.5000000E-03           5
|0001011101010100110111000> :  0.1712395E-03  0.5000000E-03           5
|1110100000111000011100011> :  0.7043151E-04  0.5000000E-03           5
|0110111110000011101001101> :  0.8320484E-03  0.5000000E-03           5
|0110100100011001111001001> :  0.4625553E-03  0.4000000E-03           4
|0110100110011001101001001> :  0.5259494E-03  0.4000000E-03           4
|0110100100011001111001011> :  0.1686418E-03  0.4000000E-03           4
|0110100100011101010101001> :  0.1680565E-03  0.4000000E-03           4
|1011001001111000011110010> :  0.2174441E-03  0.4000000E-03           4
|1001011011100011101010100> :  0.5071109E-03  0.4000000E-03           4
|1111000000111000111000011> :  0.2849139E-03  0.4000000E-03           4
|0001011101011100010110000> :  0.4485872E-03  0.4000000E-03           4
|1001011001100110010110110> :  0.5259494E-03  0.4000000E-03           4
|1011001001111000011100011> :  0.1912883E-03  0.3000000E-03           3
|1001111011100010000110110> :  0.3680730E-03  0.3000000E-03           3
|1011101000111000011100010> :  0.2051664E-03  0.3000000E-03           3
|1001011011100010001010110> :  0.3747550E-03  0.3000000E-03           3
|1001011011100011000010110> :  0.2114703E-03  0.3000000E-03           3
|1110100010100011101001111> :  0.4485872E-03  0.3000000E-03           3
|0110100100011101111101001> :  0.2404807E-03  0.3000000E-03           3
|0110100110011101101001001> :  0.2416035E-03  0.3000000E-03           3
|0110000100011100110101001> :  0.1801591E-03  0.3000000E-03           3
|1001011011100110000110110> :  0.4625553E-03  0.3000000E-03           3
|1001011011100010000110110> :  0.6671585E-03  0.3000000E-03           3
|0100010110000111100011101> :  0.2367854E-03  0.3000000E-03           3
|0100110110000111000011101> :  0.2491482E-03  0.3000000E-03           3
|0101010101011100110111000> :  0.2581341E-03  0.3000000E-03           3
|1001011001100010010110110> :  0.2416035E-03  0.3000000E-03           3
|0010100110000001101011101> :  0.4008835E-04  0.3000000E-03           3
|0110100110011001111001001> :  0.1184443E-03  0.3000000E-03           3
|1010101010100011001000111> :  0.2581341E-03  0.3000000E-03           3
|1110100010111000001000111> :  0.1382115E-03  0.2000000E-03           2
|0110100110011101110001001> :  0.1067365E-03  0.2000000E-03           2
|0001010101011111010111000> :  0.8818687E-04  0.2000000E-03           2
|0001011101010101110111000> :  0.2030118E-03  0.2000000E-03           2
|0001010101011100010111000> :  0.1898789E-03  0.2000000E-03           2
|1110101010100011101000111> :  0.1898789E-03  0.2000000E-03           2
|0110001100011101110101001> :  0.1479176E-03  0.2000000E-03           2
|1001111011100010001000110> :  0.6368549E-04  0.2000000E-03           2
|1110100010101001001000111> :  0.3936509E-04  0.2000000E-03           2
|0110100100011100111101001> :  0.2114703E-03  0.2000000E-03           2
|0110000100011100110101011> :  0.2215307E-03  0.2000000E-03           2
|0000010101011111010111001> :  0.3467035E-03  0.2000000E-03           2
|0001011111000111100111100> :  0.3126019E-03  0.2000000E-03           2
|1000111011100010001010110> :  0.9884562E-04  0.2000000E-03           2
|0100110110000111100001101> :  0.2174441E-03  0.2000000E-03           2
|1001011011100010000010110> :  0.2404807E-03  0.2000000E-03           2
|1001011011100010101010110> :  0.1680565E-03  0.2000000E-03           2
|0110000100011101110100001> :  0.9404982E-04  0.2000000E-03           2
|0000011101011000110111000> :  0.3056150E-04  0.2000000E-03           2
|1001111011100010001010100> :  0.2126893E-04  0.2000000E-03           2
|0010000100001101110101001> :  0.5906355E-04  0.2000000E-03           2
|1001011001100010001110110> :  0.1067365E-03  0.2000000E-03           2
|0000111111000111000011101> :  0.8226810E-04  0.2000000E-03           2
|0110010101011001100001001> :  0.2453009E-04  0.2000000E-03           2
|0110100100011100011101011> :  0.1241676E-03  0.2000000E-03           2
|1001111011100011001010110> :  0.1801591E-03  0.2000000E-03           2
|1110100000111000011000011> :  0.3126019E-03  0.2000000E-03           2
|0001011101001100110101000> :  0.2040026E-04  0.2000000E-03           2
|1110100010101011001000111> :  0.1712395E-03  0.2000000E-03           2
|0110100100010101110101001> :  0.8998295E-04  0.2000000E-03           2
|0110110110001101100001101> :  0.6156162E-04  0.2000000E-03           2
|1111101010100000101000110> :  0.3467035E-03  0.2000000E-03           2
|0001001101011100100111000> :  0.2473180E-04  0.2000000E-03           2
|0001011101000111110111000> :  0.1382115E-03  0.2000000E-03           2
|0001011100011101110111000> :  0.3113740E-06  0.1000000E-03           1
|0001011011100111100010100> :  0.3267220E-04  0.1000000E-03           1
|0000111111010010011011011> :  0.2219488E-07  0.1000000E-03           1
|0010110110001100110101000> :  0.3555658E-07  0.1000000E-03           1
|0010110101110101110010001> :  0.1147823E-07  0.1000000E-03           1
|0001011001111100001111111> :  0.6449337E-08  0.1000000E-03           1
|0010110001110100011001111> :  0.1926063E-08  0.1000000E-03           1
|0010110000010100110100011> :  0.4859441E-08  0.1000000E-03           1
|0010110110011100011001100> :  0.9262132E-08  0.1000000E-03           1
|0010111000010100010111100> :  0.5977329E-07  0.1000000E-03           1
|0010111000111100000001110> :  0.4058828E-08  0.1000000E-03           1
|0010111001010110011111001> :  0.1680437E-07  0.1000000E-03           1
|0001011001010111110111000> :  0.2926865E-04  0.1000000E-03           1
|0000111111000111000111100> :  0.2849139E-03  0.1000000E-03           1
|0000101011111100000010100> :  0.1697063E-07  0.1000000E-03           1
|0010101111011001101100101> :  0.2678238E-08  0.1000000E-03           1
|0010101111000011101100101> :  0.9549920E-08  0.1000000E-03           1
|0001011001010110110111000> :  0.5723203E-05  0.1000000E-03           1
|0010101100000011101001101> :  0.2926146E-06  0.1000000E-03           1
|0110001000011000110101001> :  0.2334768E-07  0.1000000E-03           1
|0010101011110110001110110> :  0.1265071E-07  0.1000000E-03           1
|0001010111101111000010100> :  0.1520700E-04  0.1000000E-03           1
|0010101001111011111100001> :  0.1230166E-07  0.1000000E-03           1
|0010100111101011011011001> :  0.9137548E-08  0.1000000E-03           1
|0001010111011011101111000> :  0.2972580E-07  0.1000000E-03           1
|0010100111010110000111011> :  0.1960069E-07  0.1000000E-03           1
|0110000101011101110100001> :  0.1362589E-03  0.1000000E-03           1
|0001010111010011101101000> :  0.1131572E-07  0.1000000E-03           1
|0000111100111100110111000> :  0.1187597E-07  0.1000000E-03           1
|0000100101010111100111000> :  0.2112055E-07  0.1000000E-03           1
|0000011011111011101100001> :  0.1088735E-07  0.1000000E-03           1
|0010100100110100111100110> :  0.1711294E-07  0.1000000E-03           1
|0010100011011111001101101> :  0.3792294E-08  0.1000000E-03           1
|0001010101111110010110000> :  0.1288891E-04  0.1000000E-03           1
|0010010111111011011010001> :  0.4409895E-08  0.1000000E-03           1
|0010010101111101110101001> :  0.1559810E-05  0.1000000E-03           1
|0001010101110101111000100> :  0.1458643E-07  0.1000000E-03           1
|0000111100111100101110101> :  0.4255947E-08  0.1000000E-03           1
|0010001111111001000101101> :  0.2093440E-08  0.1000000E-03           1
|0010001011100011111111011> :  0.3964054E-08  0.1000000E-03           1
|0001010101011111110111000> :  0.2694074E-05  0.1000000E-03           1
|0010001000011101111001111> :  0.5512839E-08  0.1000000E-03           1
|0110000001011101110101001> :  0.1137239E-03  0.1000000E-03           1
|0010000111001100011111011> :  0.1931328E-09  0.1000000E-03           1
|0000111100001110001111100> :  0.7851477E-08  0.1000000E-03           1
|0000100100010100111011001> :  0.9809135E-08  0.1000000E-03           1
|0010000111001100010111010> :  0.4045900E-08  0.1000000E-03           1
|0101111100111100100011110> :  0.7796722E-09  0.1000000E-03           1
|0010000100010101111100111> :  0.5588879E-08  0.1000000E-03           1
|0101111011101100000101110> :  0.7485641E-08  0.1000000E-03           1
|0001111101111100010000010> :  0.5642787E-07  0.1000000E-03           1
|0001010101011101010111000> :  0.5393296E-04  0.1000000E-03           1
|0000111011111100101000000> :  0.2524365E-08  0.1000000E-03           1
|0001111100011100001111000> :  0.1007317E-06  0.1000000E-03           1
|0101100100010111110101001> :  0.1491077E-05  0.1000000E-03           1
|0001111100011000010111000> :  0.9902307E-06  0.1000000E-03           1
|0001111011101010101010110> :  0.4221037E-05  0.1000000E-03           1
|1001011001111010100000110> :  0.2487026E-06  0.1000000E-03           1
|0101011110101100101010000> :  0.4267043E-08  0.1000000E-03           1
|0001111010100100001110110> :  0.2108754E-06  0.1000000E-03           1
|0000111011011010010100100> :  0.1533863E-08  0.1000000E-03           1
|0000100011110010100111011> :  0.1399309E-07  0.1000000E-03           1
|0000010001101111011010011> :  0.4499200E-08  0.1000000E-03           1
|0001111001111100011000010> :  0.8557155E-08  0.1000000E-03           1
|0001111001100101001010110> :  0.6939215E-07  0.1000000E-03           1
|0001010101011000010111000> :  0.9526406E-04  0.1000000E-03           1
|1001010111010111100101100> :  0.1938191E-07  0.1000000E-03           1
|0101010101011100110110000> :  0.7505103E-05  0.1000000E-03           1
|0001110111110100010111100> :  0.8957075E-07  0.1000000E-03           1
|0101010011101000110010100> :  0.5211725E-08  0.1000000E-03           1
|0101010010111010101000011> :  0.2367282E-08  0.1000000E-03           1
|0001110111100010000111101> :  0.3290674E-08  0.1000000E-03           1
|0101010101011100110111001> :  0.6311045E-05  0.1000000E-03           1
|0101010110011011101100000> :  0.2188417E-08  0.1000000E-03           1
|0101011001111101110111000> :  0.1656250E-06  0.1000000E-03           1
|0101011001111110110110000> :  0.2252982E-06  0.1000000E-03           1
|0001010101010110110111001> :  0.7722356E-05  0.1000000E-03           1
|0101011111110100000110100> :  0.1219444E-07  0.1000000E-03           1
|0101100011010101010110000> :  0.5297524E-08  0.1000000E-03           1
|0101100100010010110101111> :  0.2079982E-07  0.1000000E-03           1
|1001011011100010010110010> :  0.7806870E-04  0.1000000E-03           1
|0101100110010101000101100> :  0.2240453E-07  0.1000000E-03           1
|0101101011001001010011011> :  0.1814565E-07  0.1000000E-03           1
|0101101011111001001100010> :  0.9511568E-08  0.1000000E-03           1
|0101101100001100000111110> :  0.1354450E-07  0.1000000E-03           1
|0101110010101100100001111> :  0.5987881E-08  0.1000000E-03           1
|1001011101100110000110110> :  0.1173742E-04  0.1000000E-03           1
|0101111100010101101101011> :  0.6933139E-08  0.1000000E-03           1
|1001011110110001111100100> :  0.1378238E-07  0.1000000E-03           1
|0101111101001100001111000> :  0.6471426E-08  0.1000000E-03           1
|0101111101101001001011010> :  0.1144594E-07  0.1000000E-03           1
|0110000000011111100101011> :  0.9883692E-05  0.1000000E-03           1
|1001101111100010011100110> :  0.1314963E-05  0.1000000E-03           1
|0110000100001101111101001> :  0.2511198E-05  0.1000000E-03           1
|0110000100010100011111010> :  0.1329500E-07  0.1000000E-03           1
|0110000100011001010101011> :  0.1141934E-04  0.1000000E-03           1
|1001111001100000010011011> :  0.2677484E-08  0.1000000E-03           1
|1001111010000000000110110> :  0.1631344E-08  0.1000000E-03           1
|0110000100011100111101001> :  0.4382856E-04  0.1000000E-03           1
|1001111010100011101010110> :  0.5119245E-04  0.1000000E-03           1
|1001111011100000001010110> :  0.1719020E-03  0.1000000E-03           1
|0110000100011101110111001> :  0.6368549E-04  0.1000000E-03           1
|0000111001011111110111000> :  0.1295681E-05  0.1000000E-03           1
|1001111011100011001010100> :  0.2215307E-03  0.1000000E-03           1
|0110000100011111110101001> :  0.1719020E-03  0.1000000E-03           1
|0110000100111101110101000> :  0.3695692E-05  0.1000000E-03           1
|0110000100111101110101101> :  0.8547337E-06  0.1000000E-03           1
|0110000101011100110101001> :  0.1816676E-04  0.1000000E-03           1
|1010001111000101110111100> :  0.2128411E-07  0.1000000E-03           1
|1010011010100011101100111> :  0.1117748E-06  0.1000000E-03           1
|0110000110010101010101001> :  0.2313996E-04  0.1000000E-03           1
|0110000110011001011101001> :  0.3916116E-05  0.1000000E-03           1
|0110000110011101110101011> :  0.4013791E-04  0.1000000E-03           1
|0110000110100111110101001> :  0.8295499E-07  0.1000000E-03           1
|0110000110111111000111000> :  0.1868353E-07  0.1000000E-03           1
|0110000111010101110001011> :  0.9943328E-07  0.1000000E-03           1
|1010101111111001101001001> :  0.4234162E-07  0.1000000E-03           1
|0110001001011111110110101> :  0.2921002E-10  0.1000000E-03           1
|0110001001111101110101001> :  0.1458832E-05  0.1000000E-03           1
|0110001011000111100011111> :  0.5199765E-08  0.1000000E-03           1
|0110001011111111110000001> :  0.2040261E-06  0.1000000E-03           1
|0110001100011101100011101> :  0.3560584E-07  0.1000000E-03           1
|0101010000011111100001100> :  0.9348845E-08  0.1000000E-03           1
|0110001101011001011001011> :  0.2082214E-05  0.1000000E-03           1
|0110001110000010110001101> :  0.4294322E-07  0.1000000E-03           1
|0110001111011011010011001> :  0.3372552E-08  0.1000000E-03           1
|0110010010000101100001111> :  0.1027848E-07  0.1000000E-03           1
|0110010100011001100001001> :  0.1401118E-05  0.1000000E-03           1
|0110010100111101100101001> :  0.1563694E-04  0.1000000E-03           1
|1011101000111100000111000> :  0.4120010E-08  0.1000000E-03           1
|0110010101011001110101000> :  0.8119724E-07  0.1000000E-03           1
|0110011101000111110100001> :  0.7898418E-08  0.1000000E-03           1
|0110011101101100001100010> :  0.9544848E-10  0.1000000E-03           1
|0110100000010010011010011> :  0.1879507E-07  0.1000000E-03           1
|0110100000011101111001001> :  0.1053581E-04  0.1000000E-03           1
|0110100001110101001010010> :  0.9861373E-09  0.1000000E-03           1
|0110100010000011101010110> :  0.4452198E-07  0.1000000E-03           1
|0110100010100100110101110> :  0.2500624E-08  0.1000000E-03           1
|0110100010101011101101101> :  0.3945695E-06  0.1000000E-03           1
|0110100011000011001000111> :  0.1169041E-07  0.1000000E-03           1
|0101001101100010101110011> :  0.1262562E-08  0.1000000E-03           1
|0001101111111001010100010> :  0.3458397E-07  0.1000000E-03           1
|0101001101011100110011000> :  0.3676549E-04  0.1000000E-03           1
|0101001100101001101101100> :  0.3492182E-08  0.1000000E-03           1
|0001101101010100101111000> :  0.9306766E-08  0.1000000E-03           1
|0001010011100111100010100> :  0.3912407E-05  0.1000000E-03           1
|0100110111000111000011101> :  0.6212887E-04  0.1000000E-03           1
|0100110110101010000101111> :  0.1252756E-07  0.1000000E-03           1
|0001101001110010100111010> :  0.3937626E-08  0.1000000E-03           1
|0100110110011100001001011> :  0.2233276E-09  0.1000000E-03           1
|1000111010101111001010100> :  0.2895781E-07  0.1000000E-03           1
|0001100011110010111100010> :  0.7397658E-08  0.1000000E-03           1
|0001010001111110010110000> :  0.1920074E-04  0.1000000E-03           1
|0000110111000011111010001> :  0.3643741E-08  0.1000000E-03           1
|0000011101100011101010111> :  0.3873108E-07  0.1000000E-03           1
|1000111001101000001110010> :  0.3865743E-06  0.1000000E-03           1
|1000110010100110100010100> :  0.2102974E-05  0.1000000E-03           1
|0001011111011100110111010> :  0.5522556E-04  0.1000000E-03           1
|1000101100000100011111011> :  0.8784228E-09  0.1000000E-03           1
|0100110100111101011011001> :  0.3513271E-08  0.1000000E-03           1
|0001011111011100101001001> :  0.1988769E-07  0.1000000E-03           1
|0001010001010111110100001> :  0.1014374E-08  0.1000000E-03           1
|0100110100111000001000011> :  0.8251342E-09  0.1000000E-03           1
|0100110001101110001011101> :  0.2886323E-07  0.1000000E-03           1
|0001011111011100100111001> :  0.1642159E-05  0.1000000E-03           1
|0100101110001010001101011> :  0.1685201E-07  0.1000000E-03           1
|0100101001111000101000101> :  0.1071880E-08  0.1000000E-03           1
|0001011111011100001110000> :  0.4527841E-05  0.1000000E-03           1
|0001001101011110000111010> :  0.3142346E-06  0.1000000E-03           1
|0000110101101100001111011> :  0.2058945E-08  0.1000000E-03           1
|0100100110011110001101100> :  0.2045135E-07  0.1000000E-03           1
|0100100110010010110111100> :  0.5350568E-07  0.1000000E-03           1
|0001011111010100011110000> :  0.2530696E-05  0.1000000E-03           1
|0100100011011101100001011> :  0.5516498E-08  0.1000000E-03           1
|0111001100011000010101011> :  0.5305877E-05  0.1000000E-03           1
|0100011110101100001000100> :  0.1566927E-08  0.1000000E-03           1
|0001001101011100110011000> :  0.3289529E-04  0.1000000E-03           1
|0100010111011100001010001> :  0.2310849E-07  0.1000000E-03           1
|0100010111000111100011101> :  0.2051664E-03  0.1000000E-03           1
|0001011111000111100011100> :  0.7043151E-04  0.1000000E-03           1
|0111000101010110010101011> :  0.4371815E-08  0.1000000E-03           1
|1111110100100101001000100> :  0.1606564E-07  0.1000000E-03           1
|0111000100001000110111001> :  0.5018923E-07  0.1000000E-03           1
|0100010011110110000111110> :  0.4166850E-07  0.1000000E-03           1
|0000110100110111101100100> :  0.2367113E-07  0.1000000E-03           1
|0000011101011110001110100> :  0.4364533E-07  0.1000000E-03           1
|0000010101011110010111001> :  0.1121800E-03  0.1000000E-03           1
|0100001111011100010101101> :  0.1556902E-07  0.1000000E-03           1
|0100001111001101010000101> :  0.7074785E-09  0.1000000E-03           1
|0001011101100100100110000> :  0.9996598E-07  0.1000000E-03           1
|0100001010111001111001001> :  0.7205568E-08  0.1000000E-03           1
|0110111100011100010001100> :  0.5554855E-08  0.1000000E-03           1
|0110111100010111101001100> :  0.4047856E-06  0.1000000E-03           1
|0100000101011111000011000> :  0.2743310E-08  0.1000000E-03           1
|0001011101011110111111000> :  0.5384399E-05  0.1000000E-03           1
|0001001100011101110011101> :  0.2652798E-07  0.1000000E-03           1
|0110110111000101010111100> :  0.8334567E-08  0.1000000E-03           1
|1111001000101111001000110> :  0.2673878E-07  0.1000000E-03           1
|0110111100100001101011110> :  0.1791106E-07  0.1000000E-03           1
|1111011000000011100001111> :  0.1556204E-06  0.1000000E-03           1
|1111100000010100111011110> :  0.7135685E-08  0.1000000E-03           1
|1111100100101001100000011> :  0.1917514E-06  0.1000000E-03           1
|0110111110010001101001101> :  0.2656263E-04  0.1000000E-03           1
|0110111110100001101101101> :  0.1172482E-04  0.1000000E-03           1
|1111111111000001011111110> :  0.1651490E-09  0.1000000E-03           1
|0111000100011001010101011> :  0.4729215E-05  0.1000000E-03           1
|0100000011011110110001011> :  0.3448581E-08  0.1000000E-03           1
|0111000101011101110100001> :  0.4944245E-06  0.1000000E-03           1
|0111000110001001111101000> :  0.2213086E-07  0.1000000E-03           1
|0111001000011100010101111> :  0.1373990E-07  0.1000000E-03           1
|0111001010101011001000111> :  0.2450370E-06  0.1000000E-03           1
|0111001010111000111010011> :  0.7624102E-08  0.1000000E-03           1
|0110110110000111101001101> :  0.9502536E-04  0.1000000E-03           1
|0111010001100111001010011> :  0.9307866E-08  0.1000000E-03           1
|0111010101001100010011100> :  0.1593160E-08  0.1000000E-03           1
|0111011010111001110101000> :  0.3204746E-07  0.1000000E-03           1
|0111011011000011100000101> :  0.2921142E-08  0.1000000E-03           1
|0111011110001000100101100> :  0.3841870E-08  0.1000000E-03           1
|0111100010011001000001011> :  0.6733631E-08  0.1000000E-03           1
|0111101110000111100001101> :  0.1228465E-04  0.1000000E-03           1
|0111110010010101100001100> :  0.2608940E-08  0.1000000E-03           1
|0111111011111111000110000> :  0.1216754E-08  0.1000000E-03           1
|1000001001100000111110010> :  0.2471664E-07  0.1000000E-03           1
|1000010101111010010110000> :  0.5275565E-06  0.1000000E-03           1
|1000011000010010111000111> :  0.2552044E-07  0.1000000E-03           1
|1000011001010010011110100> :  0.4158614E-07  0.1000000E-03           1
|1000011011110000001010110> :  0.9146210E-07  0.1000000E-03           1
|1000100000010011111001011> :  0.5720462E-08  0.1000000E-03           1
|1000100000100011010110011> :  0.4104376E-08  0.1000000E-03           1
|1000100001011010011111001> :  0.3270776E-08  0.1000000E-03           1
|1111000010000001101000111> :  0.5344906E-07  0.1000000E-03           1
|1000110000100110011011110> :  0.1534221E-07  0.1000000E-03           1
|0011111101110101010010001> :  0.1999294E-07  0.1000000E-03           1
|1000110111101000001010110> :  0.9795113E-08  0.1000000E-03           1
|0001011101011101110111000> :  0.2783404E-04  0.1000000E-03           1
|1000111010100010001010110> :  0.2261427E-04  0.1000000E-03           1
|1111000000111011101100110> :  0.1022493E-07  0.1000000E-03           1
|1000111011000110001010110> :  0.7659828E-05  0.1000000E-03           1
|0110110101101101001101000> :  0.6427205E-09  0.1000000E-03           1
|1000111110101100000010110> :  0.7723323E-08  0.1000000E-03           1
|1001000001001110010010110> :  0.1966229E-06  0.1000000E-03           1
|1001000001111000100111011> :  0.5757867E-08  0.1000000E-03           1
|0011111100011011110111000> :  0.5693044E-07  0.1000000E-03           1
|0110110100101110101010111> :  0.1850989E-07  0.1000000E-03           1
|1110110010001011011000011> :  0.1489746E-06  0.1000000E-03           1
|1001000011111110011100010> :  0.1130766E-05  0.1000000E-03           1
|1001000111101100010100110> :  0.4512201E-07  0.1000000E-03           1
|1001001001110010011110010> :  0.6156162E-04  0.1000000E-03           1
|0011111000000001101011110> :  0.2227147E-07  0.1000000E-03           1
|0001011101011101010111000> :  0.1704863E-03  0.1000000E-03           1
|0001001011111100110110001> :  0.1540293E-07  0.1000000E-03           1
|1001010000111111100101000> :  0.4822672E-08  0.1000000E-03           1
|1001010001101110000110110> :  0.3178964E-04  0.1000000E-03           1
|0000110011100110101010110> :  0.1358409E-04  0.1000000E-03           1
|0110110010111010001101011> :  0.9461942E-08  0.1000000E-03           1
|0110110000011111100001101> :  0.1642797E-07  0.1000000E-03           1
|1001010010010010111010100> :  0.2353727E-07  0.1000000E-03           1
|1001010101111010100110110> :  0.1612958E-07  0.1000000E-03           1
|0011110111111010000110100> :  0.8860086E-08  0.1000000E-03           1
|1001011000011100001110100> :  0.4664691E-08  0.1000000E-03           1
|0110101110011001001011101> :  0.1627837E-06  0.1000000E-03           1
|1001011001100010010110010> :  0.9672961E-05  0.1000000E-03           1
|0110101110000101101111001> :  0.2419176E-07  0.1000000E-03           1
|1001011001100110000110110> :  0.1184443E-03  0.1000000E-03           1
|1001011001100110001000110> :  0.3448235E-06  0.1000000E-03           1
|0011110010100111100010100> :  0.4571843E-07  0.1000000E-03           1
|1001011001110110010000010> :  0.3044645E-06  0.1000000E-03           1
|1001011001111000010110010> :  0.1104812E-03  0.1000000E-03           1
|1110101010100000111000111> :  0.7447001E-04  0.1000000E-03           1
|1110101000000110110001111> :  0.2788650E-07  0.1000000E-03           1
|1001011001111100010110000> :  0.6052337E-04  0.1000000E-03           1
|0011110010100111000010100> :  0.6328173E-07  0.1000000E-03           1
|0110101110000001101001111> :  0.5233763E-04  0.1000000E-03           1
|1001011011100010000110100> :  0.5798293E-04  0.1000000E-03           1
|1110100100011100011101011> :  0.5700505E-04  0.1000000E-03           1
|1110100100011100010101011> :  0.6865717E-04  0.1000000E-03           1
|0011101111001001010011001> :  0.6743382E-08  0.1000000E-03           1
|0001001011000010111111100> :  0.1151154E-07  0.1000000E-03           1
|1001011011100010101010100> :  0.7891012E-04  0.1000000E-03           1
|0110101101010001010101001> :  0.1080354E-07  0.1000000E-03           1
|0110101100100011001011111> :  0.6087991E-07  0.1000000E-03           1
|1001011011100011000110100> :  0.3530469E-04  0.1000000E-03           1
|1001011011100011100010100> :  0.1241676E-03  0.1000000E-03           1
|0011101110111001100001110> :  0.6395833E-08  0.1000000E-03           1
|1001011011100110000110100> :  0.1686418E-03  0.1000000E-03           1
|0110101100011101010101001> :  0.1715928E-05  0.1000000E-03           1
|1001011011101010001010110> :  0.8998295E-04  0.1000000E-03           1
|1001011101000110010110010> :  0.1829836E-05  0.1000000E-03           1
|1110100010101010001001111> :  0.2048267E-05  0.1000000E-03           1
|1001011101101010100010111> :  0.8443058E-08  0.1000000E-03           1
|1001011110000001100011100> :  0.1389331E-07  0.1000000E-03           1
|1001011110101010111000100> :  0.6126178E-08  0.1000000E-03           1
|0110101011100101101000011> :  0.7780868E-07  0.1000000E-03           1
|1001100011011000010110011> :  0.1908211E-08  0.1000000E-03           1
|1001100100111100010100110> :  0.1623683E-07  0.1000000E-03           1
|1001101001111000010110010> :  0.3671665E-05  0.1000000E-03           1
|1001101010100110011110110> :  0.2453009E-04  0.1000000E-03           1
|1001101011101010011010010> :  0.3771741E-04  0.1000000E-03           1
|1001101110100100010111110> :  0.6759548E-08  0.1000000E-03           1
|1001101111100000011010110> :  0.9282552E-05  0.1000000E-03           1
|0011101011100101101010101> :  0.9577949E-08  0.1000000E-03           1
|1001110000100011011011110> :  0.2625791E-08  0.1000000E-03           1
|1001110000110110001010100> :  0.1562620E-05  0.1000000E-03           1
|1001110010110110000010110> :  0.4007146E-06  0.1000000E-03           1
|1001110011000010001010110> :  0.2936786E-04  0.1000000E-03           1
|1001110011000010001011110> :  0.1764017E-05  0.1000000E-03           1
|1001110011100010001010110> :  0.1479176E-03  0.1000000E-03           1
|1001111000101001000010111> :  0.1603653E-07  0.1000000E-03           1
|0110101010101111101000111> :  0.1227763E-07  0.1000000E-03           1
|1001111001100010001110110> :  0.5370723E-04  0.1000000E-03           1
|0110101010101101010101001> :  0.1367087E-08  0.1000000E-03           1
|0011100111111010000110001> :  0.9556605E-08  0.1000000E-03           1
|0110100110101011010000101> :  0.1668957E-07  0.1000000E-03           1
|1001111010100010001110110> :  0.4172066E-04  0.1000000E-03           1
|1110100010100010101001111> :  0.9793095E-05  0.1000000E-03           1
|1001111011000010011010110> :  0.3123711E-04  0.1000000E-03           1
|1110100010100010101000111> :  0.1704863E-03  0.1000000E-03           1
|0011011001011100110001010> :  0.1150872E-06  0.1000000E-03           1
|1001111011100010000110100> :  0.2293822E-04  0.1000000E-03           1
|0001000111101111000111110> :  0.2542887E-08  0.1000000E-03           1
|0000101110110100001110110> :  0.9432295E-08  0.1000000E-03           1
|0110100110011101101001101> :  0.9672961E-05  0.1000000E-03           1
|1110100000100011001000101> :  0.5522556E-04  0.1000000E-03           1
|0011010101011101110010101> :  0.7100273E-08  0.1000000E-03           1
|0110100110011101010101001> :  0.1578242E-04  0.1000000E-03           1
|1001111100100010001110110> :  0.8191798E-06  0.1000000E-03           1
|1001111110100010001010110> :  0.1137239E-03  0.1000000E-03           1
|1001111111100010011010110> :  0.2372224E-04  0.1000000E-03           1
|1001111111110010001010110> :  0.3131859E-04  0.1000000E-03           1
|1010000100101100010111011> :  0.8941105E-08  0.1000000E-03           1
|1010000110100011101010110> :  0.2425700E-07  0.1000000E-03           1
|1010001100101100001110011> :  0.1780429E-07  0.1000000E-03           1
|1110001011101000001010000> :  0.6133022E-09  0.1000000E-03           1
|1010010110001011111001001> :  0.1563006E-07  0.1000000E-03           1
|0011010101011000010111000> :  0.1175070E-04  0.1000000E-03           1
|1010011010110011101101110> :  0.1925120E-07  0.1000000E-03           1
|1010100000111110001010101> :  0.6834755E-07  0.1000000E-03           1
|1010100010000011011000111> :  0.2616493E-04  0.1000000E-03           1
|1010100010000011101000111> :  0.7541889E-05  0.1000000E-03           1
|1010100100001000111001111> :  0.2903952E-07  0.1000000E-03           1
|1010100100100111001110101> :  0.8023804E-08  0.1000000E-03           1
|1010100111100110000010101> :  0.2064434E-07  0.1000000E-03           1
|0001011101011011101101101> :  0.1458815E-07  0.1000000E-03           1
|1010101100010011011101111> :  0.2103300E-07  0.1000000E-03           1
|1010101101000010111010011> :  0.4065865E-08  0.1000000E-03           1
|1010101110000010010100100> :  0.8870362E-09  0.1000000E-03           1
|1010101110000100010111011> :  0.1724440E-07  0.1000000E-03           1
|1010101110110100101001100> :  0.4915660E-08  0.1000000E-03           1
|1110001001011101011111000> :  0.2417517E-08  0.1000000E-03           1
|1010110010100110101011100> :  0.3060077E-07  0.1000000E-03           1
|1010110110010000101001111> :  0.3392422E-06  0.1000000E-03           1
|1010110110110010101001000> :  0.4616646E-08  0.1000000E-03           1
|1010111100100101101100110> :  0.4047258E-08  0.1000000E-03           1
|1011000000000011011111010> :  0.5932985E-08  0.1000000E-03           1
|1011000000010111010111000> :  0.2306237E-07  0.1000000E-03           1
|1011001001011000001100110> :  0.7156163E-07  0.1000000E-03           1
|1011001001111000010100011> :  0.1793300E-05  0.1000000E-03           1
|0110100110010101001111011> :  0.1441272E-07  0.1000000E-03           1
|0011010100001101110101000> :  0.1292760E-06  0.1000000E-03           1
|0110100110010010100011001> :  0.2243837E-07  0.1000000E-03           1
|0110100110001101101001001> :  0.3780828E-05  0.1000000E-03           1
|0011010011110011110100101> :  0.6354609E-09  0.1000000E-03           1
|1011001011101001110011000> :  0.7828642E-09  0.1000000E-03           1
|1011001011110011000100011> :  0.7280842E-08  0.1000000E-03           1
|1011001100001010011100110> :  0.1431409E-07  0.1000000E-03           1
|1011001100101101001010010> :  0.9441234E-08  0.1000000E-03           1
|1011010001111110010110110> :  0.4460361E-05  0.1000000E-03           1
|1011010101100010010110000> :  0.4014955E-07  0.1000000E-03           1
|1011011011100011011000101> :  0.3813342E-07  0.1000000E-03           1
|1011011101001001011100010> :  0.1266696E-07  0.1000000E-03           1
|1011011101001010010100001> :  0.1200752E-07  0.1000000E-03           1
|1011011101010001011100010> :  0.7933522E-08  0.1000000E-03           1
|1011011110100110000101110> :  0.1818911E-07  0.1000000E-03           1
|1011100100110110000111110> :  0.2653123E-08  0.1000000E-03           1
|0001011101010111010111000> :  0.2534983E-05  0.1000000E-03           1
|0001000001111110010110010> :  0.9337401E-05  0.1000000E-03           1
|1011101001111000011100011> :  0.1204730E-04  0.1000000E-03           1
|1011110000110100100110100> :  0.4233113E-08  0.1000000E-03           1
|1011110001101000011010110> :  0.4407659E-07  0.1000000E-03           1
|1011110011100110001010110> :  0.7576025E-04  0.1000000E-03           1
|1011111011100110000010110> :  0.9275061E-05  0.1000000E-03           1
|1100000000001100101011111> :  0.6134126E-07  0.1000000E-03           1
|1100000011101101010101001> :  0.7231385E-08  0.1000000E-03           1
|1100000101111100010000101> :  0.1785629E-07  0.1000000E-03           1
|1100000110101111001110000> :  0.1723889E-08  0.1000000E-03           1
|1100001000100111010110011> :  0.1741515E-07  0.1000000E-03           1
|1100001000100111101010100> :  0.1847031E-07  0.1000000E-03           1
|1100001100000001011011111> :  0.4683947E-08  0.1000000E-03           1
|1100001110000101101110100> :  0.1584350E-07  0.1000000E-03           1
|1100010001100010011110110> :  0.1368037E-06  0.1000000E-03           1
|1100100000010111011001011> :  0.8743669E-08  0.1000000E-03           1
|1100100010100010001001011> :  0.7967835E-08  0.1000000E-03           1
|1100100010100010001010111> :  0.3701309E-05  0.1000000E-03           1
|1100100010100011001000111> :  0.1692601E-05  0.1000000E-03           1
|1100100010100011101000111> :  0.3176693E-04  0.1000000E-03           1
|1100100111101001000000001> :  0.8767219E-08  0.1000000E-03           1
|0110100110000111101001101> :  0.1104812E-03  0.1000000E-03           1
|1101111111001010001000101> :  0.3637618E-08  0.1000000E-03           1
|0011001100011000010111010> :  0.7553019E-07  0.1000000E-03           1
|1101111101010000101111100> :  0.1094460E-07  0.1000000E-03           1
|1101111011100110001010110> :  0.1991017E-04  0.1000000E-03           1
|0110100101010101110001101> :  0.7112959E-06  0.1000000E-03           1
|0011001011111011110100000> :  0.9991679E-08  0.1000000E-03           1
|0110100100111110001011101> :  0.2580563E-07  0.1000000E-03           1
|1101110111010100000110100> :  0.2397061E-07  0.1000000E-03           1
|0011001011111001110100000> :  0.2032106E-04  0.1000000E-03           1
|0110100100011101111001011> :  0.5798293E-04  0.1000000E-03           1
|1101110011000010010101010> :  0.7033578E-08  0.1000000E-03           1
|1101110010101010101010100> :  0.2764596E-06  0.1000000E-03           1
|0011001010011010110101010> :  0.1305930E-07  0.1000000E-03           1
|0001000001110111000110101> :  0.5325099E-08  0.1000000E-03           1
|0000101110000101111101001> :  0.4370916E-07  0.1000000E-03           1
|1101101101100100001010010> :  0.3311315E-08  0.1000000E-03           1
|0110100100011101110001001> :  0.6564431E-04  0.1000000E-03           1
|0011000101111101100101001> :  0.7932610E-07  0.1000000E-03           1
|1101101011000010101000101> :  0.2302431E-07  0.1000000E-03           1
|1101011111000101000001101> :  0.3540004E-07  0.1000000E-03           1
|1101011100011101110001001> :  0.1627464E-07  0.1000000E-03           1
|0110100100011101100011000> :  0.4506683E-06  0.1000000E-03           1
|0011000101011111010001011> :  0.1773133E-07  0.1000000E-03           1
|0001011101010001110000001> :  0.1539102E-07  0.1000000E-03           1
|1101011011100101000100110> :  0.2157757E-07  0.1000000E-03           1
|1101011010100001100000101> :  0.3460194E-07  0.1000000E-03           1
|1101101011000010101010110> :  0.1029839E-05  0.1000000E-03           1
|1101101100001010101110110> :  0.6607953E-08  0.1000000E-03           1
|1101101100101100001111011> :  0.9457160E-08  0.1000000E-03           1
|1101011001111110010100010> :  0.4008835E-04  0.1000000E-03           1
|1101110010100010001010110> :  0.5690637E-04  0.1000000E-03           1
|1101011001111010010010010> :  0.1319787E-05  0.1000000E-03           1
|0010111111010110000001101> :  0.4627588E-08  0.1000000E-03           1
|1101110011011100000100100> :  0.2040254E-07  0.1000000E-03           1
|1101110101011100101000100> :  0.1259825E-07  0.1000000E-03           1
|1101010101100110100111000> :  0.1794318E-07  0.1000000E-03           1
|1101111010100010101000110> :  0.2626508E-04  0.1000000E-03           1
|1101111011000011001000110> :  0.6153323E-06  0.1000000E-03           1
|1101111011001000010100100> :  0.1750149E-07  0.1000000E-03           1
|1101010011111000000101010> :  0.4555661E-08  0.1000000E-03           1
|1101111011110010001010110> :  0.5906355E-04  0.1000000E-03           1
|0110100100011100111001001> :  0.6512389E-04  0.1000000E-03           1
|1101111110101000000010111> :  0.4260406E-07  0.1000000E-03           1
|1101010011001100010011010> :  0.1621524E-07  0.1000000E-03           1
|1110000000001101111101001> :  0.3581238E-05  0.1000000E-03           1
|1110000000101100010110000> :  0.6627461E-08  0.1000000E-03           1
|1110000001100010010110111> :  0.1363000E-07  0.1000000E-03           1
|1110000010100100111010010> :  0.1612419E-08  0.1000000E-03           1
|1110000011000010110101100> :  0.1304429E-07  0.1000000E-03           1
|1110000011000110110101100> :  0.1533424E-07  0.1000000E-03           1
|1110000011011100110101001> :  0.1766524E-06  0.1000000E-03           1
|1110000100011101110111001> :  0.2285345E-04  0.1000000E-03           1
|1110000111101111001100010> :  0.4397394E-08  0.1000000E-03           1
|1101010001000111001110000> :  0.2102002E-07  0.1000000E-03           1
|1110001011100100101010111> :  0.1867073E-08  0.1000000E-03           1
|0110100100011100110001000> :  0.1103604E-05  0.1000000E-03           1
|1110001101001010010101011> :  0.2253438E-06  0.1000000E-03           1
|1110010110000111001101110> :  0.2592643E-07  0.1000000E-03           1
|1110010110011001110101001> :  0.2506687E-08  0.1000000E-03           1
|0010111110100111001110000> :  0.8607859E-08  0.1000000E-03           1
|0001000001101110110011010> :  0.8921136E-09  0.1000000E-03           1
|1101010001000100000110011> :  0.1119037E-08  0.1000000E-03           1
|1110100000111000111000011> :  0.2040953E-03  0.1000000E-03           1
|1101010000101100101100011> :  0.1206415E-08  0.1000000E-03           1
|1101010000101100101000011> :  0.1771394E-07  0.1000000E-03           1
|1101001011000001010010111> :  0.1341260E-07  0.1000000E-03           1
|0010111101111100010000000> :  0.9577577E-07  0.1000000E-03           1
|1101001010100111101000110> :  0.5059204E-07  0.1000000E-03           1
|1101000100100000101000101> :  0.6308481E-08  0.1000000E-03           1
|1101000001100010111011001> :  0.5725868E-08  0.1000000E-03           1
|1110100010101010001000111> :  0.2030118E-03  0.1000000E-03           1
|1101000001001110101011111> :  0.1082319E-07  0.1000000E-03           1
|0010111101100101000001111> :  0.3476209E-08  0.1000000E-03           1
|1110100010110011001010111> :  0.2040026E-04  0.1000000E-03           1
|0001011101001100010101000> :  0.4555575E-05  0.1000000E-03           1
|1110100011100011001100111> :  0.9382213E-06  0.1000000E-03           1
|1110100100001111011001111> :  0.1631109E-07  0.1000000E-03           1
|1110100100010011011001001> :  0.1200850E-06  0.1000000E-03           1
|1110100100011000011101011> :  0.3267220E-04  0.1000000E-03           1
|1100110110100010101000010> :  0.1651982E-07  0.1000000E-03           1
|1100110110000011010010100> :  0.2298228E-07  0.1000000E-03           1
|1110100100100000001100011> :  0.2099000E-07  0.1000000E-03           1
|1110100110100010001000111> :  0.4670289E-04  0.1000000E-03           1
|1100110100011100101001111> :  0.5391431E-08  0.1000000E-03           1
|1110101010100000101000111> :  0.8818687E-04  0.1000000E-03           1
|1100110010101011101000001> :  0.7281856E-08  0.1000000E-03           1
|0110100100000011100111101> :  0.8201827E-07  0.1000000E-03           1
|0010111011000001001011101> :  0.9678841E-08  0.1000000E-03           1
|1100110010011000101000101> :  0.1916461E-07  0.1000000E-03           1
|1110101010100111101000111> :  0.9526406E-04  0.1000000E-03           1
|1110101011101000010100100> :  0.1458670E-07  0.1000000E-03           1
|1110101101001001011100011> :  0.2625753E-06  0.1000000E-03           1
|1110101110101001001000101> :  0.5270495E-07  0.1000000E-03           1
|1110101110111100001001001> :  0.3047559E-08  0.1000000E-03           1
|1110101111011001111001001> :  0.6140112E-07  0.1000000E-03           1
|1100110010000011101100101> :  0.5464574E-05  0.1000000E-03           1
|1110110100000100001110010> :  0.6943256E-08  0.1000000E-03           1
|1110110110000011101001101> :  0.3802805E-05  0.1000000E-03           1
|1111000000101010111010101> :  0.1300794E-07  0.1000000E-03           1
|0110100100000011001111110> :  0.6216416E-08  0.1000000E-03           1
|1111000000111000111100010> :  0.8226810E-04  0.1000000E-03           1
|1100101100001100110001011> :  0.5200820E-08  0.1000000E-03           1
|1111000001110110001110010> :  0.3292348E-07  0.1000000E-03           1
|1100101000110010101101110> :  0.7356574E-08  0.1000000E-03           1
|1111000011100010001110101> :  0.7639220E-09  0.1000000E-03           1
|1111000100110100011000111> :  0.1248091E-07  0.1000000E-03           1
|1111000101011010010100001> :  0.2454852E-07  0.1000000E-03           1
|0110100011101010001011001> :  0.1697301E-07  0.1000000E-03           1
|1111001001111000011100010> :  0.4237187E-04  0.1000000E-03           1
|1111001100011000010101000> :  0.1205719E-05  0.1000000E-03           1
|1111001100011100011100001> :  0.7798527E-06  0.1000000E-03           1
|1111001111100010101000110> :  0.1700453E-07  0.1000000E-03           1
|1111010000000001111001011> :  0.8889117E-08  0.1000000E-03           1
|1111010000101010101010101> :  0.3259447E-07  0.1000000E-03           1
|1111010100000111000110000> :  0.5244322E-08  0.1000000E-03           1
|1111010100100100000111100> :  0.8995067E-09  0.1000000E-03           1
|1111010110000011000110110> :  0.2806629E-09  0.1000000E-03           1
|0010111001011001101000101> :  0.5057165E-08  0.1000000E-03           1
|1111011000000100110011111> :  0.1179060E-07  0.1000000E-03           1
|0001000001011101000110011> :  0.1688435E-07  0.1000000E-03           1
|1111100010100110101000111> :  0.1509877E-04  0.1000000E-03           1
|0000101100010000011111110> :  0.2791809E-08  0.1000000E-03           1
|0000011101001110101110101> :  0.9873656E-09  0.1000000E-03           1
|1111101010100001101000110> :  0.1121800E-03  0.1000000E-03           1
|1111101100010010101100010> :  0.2725963E-07  0.1000000E-03           1
|1111110000110000001010111> :  0.1929201E-07  0.1000000E-03           1
|1111110010101010000010010> :  0.2354147E-07  0.1000000E-03           1
|0000010011110110100011111> :  0.3219087E-06  0.1000000E-03           1
|0000001001011011010111001> :  0.3995511E-07  0.1000000E-03           1
|0000000101011111010111001> :  0.1435303E-04  0.1000000E-03           1
