# state, exact probability, frequency, count:
#------------------------------------------------------------------
|1001111011100100100100011100001110> :  0.3765832E+00  0.3733000E+00        3733
|0110000100011011011011100011110001> :  0.3765832E+00  0.3712000E+00        3712
|1000111111000101100100001101001010> :  0.1490759E-01  0.1710000E-01         171
|0111000000111010011011110010110101> :  0.1490759E-01  0.1650000E-01         165
|1000111111000101100000001101011010> :  0.1477504E-01  0.1550000E-01         155
|1000111111000101100100011100001010> :  0.1295383E-01  0.1550000E-01         155
|0111000000111010011111110010100101> :  0.1477504E-01  0.1370000E-01         137
|0111000000111010011011100011110101> :  0.1295383E-01  0.1290000E-01         129
|0111000000111010011111100011100101> :  0.1298978E-01  0.1250000E-01         125
|1000111111000101100000011100011010> :  0.1298978E-01  0.1110000E-01         111
|0111000100111010011011110010110001> :  0.7357558E-02  0.8700000E-02          87
|0111000000110010011111110010100111> :  0.6576865E-02  0.7400000E-02          74
|1000111111001101100100001101001000> :  0.5846852E-02  0.7000000E-02          70
|0111000000111010011111101011000101> :  0.5321609E-02  0.6700000E-02          67
|1000111011000101100100001101001110> :  0.7357558E-02  0.6600000E-02          66
|0111000000111010011111111010000101> :  0.6432142E-02  0.6500000E-02          65
|1000111111000101100000000101111010> :  0.6432142E-02  0.6500000E-02          65
|0111000100111010011011100011110001> :  0.5234979E-02  0.6400000E-02          64
|0111000000110010011011110010110111> :  0.5846852E-02  0.6400000E-02          64
|1000111111000101100000010100111010> :  0.5321609E-02  0.5600000E-02          56
|1000111111001101100000001101011000> :  0.6576865E-02  0.5500000E-02          55
|1000111111001101100000000101111000> :  0.4778419E-02  0.5500000E-02          55
|1000111011000101100100011100001110> :  0.5234979E-02  0.5400000E-02          54
|0111000000110010011111111010000111> :  0.4778419E-02  0.4900000E-02          49
|1111000000111010011101100011100101> :  0.4417726E-02  0.4600000E-02          46
|0000111111000101100010011100011010> :  0.4417726E-02  0.4000000E-02          40
|1111000000111010011001100011110101> :  0.3820805E-02  0.3600000E-02          36
|0000111111000101100110011100001010> :  0.3820805E-02  0.3300000E-02          33
|0111000100110010011011110010110011> :  0.2405643E-02  0.2700000E-02          27
|1000111011001101100100001101001100> :  0.2405643E-02  0.2500000E-02          25
|0000111111000101100010010100111010> :  0.2009571E-02  0.1900000E-02          19
|1000111110001111100000000101111000> :  0.1468375E-02  0.1900000E-02          19
|1111000000111010011101101011000101> :  0.2009571E-02  0.1700000E-02          17
|0110000100111011011011110010110001> :  0.1400811E-02  0.1400000E-02          14
|0111000001110000011111111010000111> :  0.1468375E-02  0.1200000E-02          12
|0111100000110010011111011010000111> :  0.9644009E-03  0.1200000E-02          12
|1000011111001101100000100101111000> :  0.9644009E-03  0.1200000E-02          12
|0000111110001111100010010001111000> :  0.3359936E-03  0.1100000E-02          11
|1001111111100100100000010100111110> :  0.8570842E-03  0.1100000E-02          11
|1001111011000100100100001101001110> :  0.1400811E-02  0.9000000E-03           9
|1000011110001111100010100001111000> :  0.6395379E-03  0.9000000E-03           9
|1001111011000100100100011100001110> :  0.5343243E-03  0.9000000E-03           9
|1000111110001111100010000001111000> :  0.7274154E-03  0.9000000E-03           9
|0110000100011011010111101011000001> :  0.8091182E-03  0.8000000E-03           8
|0110000100011011011011101011000001> :  0.7843182E-03  0.8000000E-03           8
|0111000001110000011101111110000111> :  0.7274154E-03  0.8000000E-03           8
|0111100001110000011111011010000111> :  0.9435155E-03  0.7000000E-03           7
|1000011110001111100000100101111000> :  0.9435155E-03  0.7000000E-03           7
|1011000000111010011001100111110101> :  0.3844577E-03  0.6000000E-03           6
|1111100001110000011101001110000111> :  0.2485858E-03  0.6000000E-03           6
|1111000001110000011101101110000111> :  0.3359936E-03  0.6000000E-03           6
|1001111011100100100100010100111110> :  0.7843182E-03  0.6000000E-03           6
|0110000100111011011011100011110001> :  0.5343243E-03  0.5000000E-03           5
|0111100001110000011101011110000111> :  0.6395379E-03  0.5000000E-03           5
|1001111111100100100000011100011110> :  0.4505526E-03  0.5000000E-03           5
|1001111011100100101000011100011110> :  0.4120000E-03  0.5000000E-03           5
|1001111011100100101000010100111110> :  0.8091182E-03  0.5000000E-03           5
|1001111010100110100100010100111110> :  0.4183825E-03  0.4000000E-03           4
|0000011110001111100010110001111000> :  0.2485858E-03  0.4000000E-03           4
|0110000101011001011011101011000001> :  0.4183825E-03  0.4000000E-03           4
|0110000101011001010111101011000001> :  0.4095229E-03  0.4000000E-03           4
|0110000000011011011111101011000001> :  0.8570842E-03  0.4000000E-03           4
|1001111011100100100100001100001110> :  0.6138099E-04  0.3000000E-03           3
|0000111110001111100010010000111010> :  0.1743467E-03  0.3000000E-03           3
|0110000001011001011111101011000001> :  0.4309070E-03  0.3000000E-03           3
|1111000001110000011101101111000101> :  0.1743467E-03  0.3000000E-03           3
|0110000000011011011111100011100001> :  0.4505526E-03  0.3000000E-03           3
|0111000100011011011011100011110001> :  0.2058958E-03  0.3000000E-03           3
|1001111110100110100000010100111110> :  0.4309070E-03  0.3000000E-03           3
|0110000100011011011011100011100001> :  0.1598055E-03  0.3000000E-03           3
|0110000100011011010111100011100001> :  0.4120000E-03  0.2000000E-03           2
|1111000000111000011101101111000101> :  0.2102186E-03  0.2000000E-03           2
|0100111111000101100110011000001010> :  0.3844577E-03  0.2000000E-03           2
|1001111011100000101000010110111110> :  0.3896070E-09  0.1000000E-03           1
|1001111010100110101000010100111110> :  0.4095229E-03  0.1000000E-03           1
|1110010001011001001101101111000101> :  0.2785571E-05  0.1000000E-03           1
|1001011111000111100000011000111010> :  0.2279116E-10  0.1000000E-03           1
|0111000100111010011011111010000001> :  0.4714329E-06  0.1000000E-03           1
|1000111011001101101000001101011100> :  0.6637561E-06  0.1000000E-03           1
|1001111011100100100100011100001111> :  0.4260724E-05  0.1000000E-03           1
|0000111111000111100010010000111010> :  0.2102186E-03  0.1000000E-03           1
|1001111011100100100100011100011110> :  0.1598055E-03  0.1000000E-03           1
