# state, exact probability, frequency, count:
#------------------------------------------------------------------
|001001100010010001111001000001> :  0.7542043E+00  0.7506000E+00        7506
|000101100010010001111001000001> :  0.1652278E+00  0.1611000E+00        1611
|000101100001010001101001000001> :  0.1511174E-01  0.1680000E-01         168
|000101100100010001111001000001> :  0.7614545E-03  0.1400000E-02          14
|001001100000010001111101000001> :  0.8867616E-03  0.1300000E-02          13
|000101100010010001101001000001> :  0.2674428E-03  0.9000000E-03           9
|001001100010010000111001000001> :  0.1756355E-03  0.5000000E-03           5
|001001100110010011111001000001> :  0.5095154E-03  0.5000000E-03           5
|000001000001010001111001101001> :  0.4679284E-03  0.4000000E-03           4
|000001000001010001111001001001> :  0.1010085E-03  0.4000000E-03           4
|000001100001010001101001110000> :  0.1772310E-03  0.4000000E-03           4
|010001100001010001101001000001> :  0.4175048E-04  0.4000000E-03           4
|000101100000010001111001000001> :  0.5876895E-03  0.4000000E-03           4
|000101100100000001111010000001> :  0.8990764E-04  0.3000000E-03           3
|001001100000010001111001000001> :  0.2779487E-03  0.3000000E-03           3
|001101100010001001101001000000> :  0.8460167E-04  0.3000000E-03           3
|001101100010010001111001010001> :  0.2419736E-03  0.3000000E-03           3
|000101100001010001100001001001> :  0.6251901E-04  0.3000000E-03           3
|001101100010110001101001000000> :  0.1161532E-03  0.3000000E-03           3
|011001100010010000111001010001> :  0.1015377E-03  0.3000000E-03           3
|000001100001010001111001100000> :  0.1227224E-03  0.3000000E-03           3
|000101100100010000111001000001> :  0.2072169E-03  0.3000000E-03           3
|000001100011010001101001000001> :  0.9767461E-04  0.3000000E-03           3
|100101000001010001101010001001> :  0.6975472E-04  0.3000000E-03           3
|000101000011010001101001000001> :  0.6748468E-04  0.3000000E-03           3
|000001100011010001111001100000> :  0.6997139E-04  0.3000000E-03           3
|001001110010010001101001000000> :  0.2240763E-04  0.3000000E-03           3
|000101100011010001101001000001> :  0.8967654E-04  0.2000000E-03           2
|001001100010010011011101000001> :  0.9011383E-04  0.2000000E-03           2
|000101101010000101111001000001> :  0.2062782E-04  0.2000000E-03           2
|010101100001010000101000000001> :  0.2407072E-04  0.2000000E-03           2
|010101100110010001111001000001> :  0.3239386E-04  0.2000000E-03           2
|011001100110010001111001000001> :  0.3384435E-04  0.2000000E-03           2
|000101100001010001111001100000> :  0.9587878E-04  0.2000000E-03           2
|010101100010011000101001000001> :  0.4693763E-04  0.2000000E-03           2
|000001000001010001111001101011> :  0.4911063E-04  0.2000000E-03           2
|000001100000010011111101000001> :  0.2442544E-04  0.2000000E-03           2
|000101000001010001101011101000> :  0.5855648E-04  0.2000000E-03           2
|000001001001010001101001101000> :  0.3308113E-04  0.2000000E-03           2
|001001000000010001111101000001> :  0.7659373E-04  0.2000000E-03           2
|000001000001010001111001101010> :  0.4261483E-04  0.2000000E-03           2
|000101000001010000111001001001> :  0.1963450E-04  0.2000000E-03           2
|000001100001010001111101000001> :  0.1418755E-03  0.2000000E-03           2
|001101100000010000111001000001> :  0.2618863E-04  0.2000000E-03           2
|010101100001010000101001000001> :  0.5104805E-04  0.2000000E-03           2
|000101000100010001111010000001> :  0.9874446E-04  0.2000000E-03           2
|001000100000010011111101000001> :  0.1616864E-03  0.2000000E-03           2
|000101000001010001110100001001> :  0.1598992E-04  0.2000000E-03           2
|001101100010010000111001000101> :  0.6109951E-05  0.2000000E-03           2
|001001100110010001111000000101> :  0.4094554E-04  0.2000000E-03           2
|001001100110010000111001001001> :  0.5593935E-04  0.2000000E-03           2
|000101100001010001101001100001> :  0.5622074E-04  0.2000000E-03           2
|001001100010010011001101000001> :  0.5586573E-04  0.2000000E-03           2
|000001101001010001100100001000> :  0.9191397E-05  0.2000000E-03           2
|000101100001010101101001000001> :  0.7027860E-04  0.2000000E-03           2
|011001100000010001111001000001> :  0.3939995E-04  0.2000000E-03           2
|000101000000010001111101000001> :  0.2415605E-04  0.2000000E-03           2
|000001100001010001111001000001> :  0.5023594E-04  0.2000000E-03           2
|101101100000000001111011000001> :  0.2280295E-04  0.2000000E-03           2
|000001000001010011111001101000> :  0.4393097E-04  0.2000000E-03           2
|001001101010010001111101000000> :  0.2778763E-04  0.2000000E-03           2
|000101100010001001101001000001> :  0.2239045E-04  0.2000000E-03           2
|001001000001010001111101000000> :  0.1947848E-04  0.2000000E-03           2
|000001100000010001111001100011> :  0.6363225E-04  0.1000000E-03           1
|000001100000010001111001001001> :  0.2195684E-04  0.1000000E-03           1
|000001000001010001111011101001> :  0.1089171E-04  0.1000000E-03           1
|000001100000000001111001100001> :  0.1026499E-04  0.1000000E-03           1
|000100100100010100111001000000> :  0.3266188E-06  0.1000000E-03           1
|000001011001110001110001111000> :  0.8113383E-08  0.1000000E-03           1
|000000111000001011101001100101> :  0.3435011E-08  0.1000000E-03           1
|000001010011010001111000001011> :  0.9557561E-08  0.1000000E-03           1
|000100000101011001101100100010> :  0.2514880E-07  0.1000000E-03           1
|000001010010011001110101110000> :  0.2565883E-09  0.1000000E-03           1
|000001010001010001111001101001> :  0.1031500E-04  0.1000000E-03           1
|000011100111010001101101101001> :  0.3781523E-09  0.1000000E-03           1
|000001010001010001101001101000> :  0.6034669E-04  0.1000000E-03           1
|000000110110010000011101000011> :  0.2282037E-08  0.1000000E-03           1
|000000100101000101101000100001> :  0.1846947E-07  0.1000000E-03           1
|000001010001010001100110000010> :  0.3525280E-08  0.1000000E-03           1
|000011001101000001100011110010> :  0.1953981E-08  0.1000000E-03           1
|000001001101010011001001101010> :  0.5985509E-08  0.1000000E-03           1
|000001001101010001100100000100> :  0.1026222E-07  0.1000000E-03           1
|000001001101000001011001000011> :  0.5259068E-08  0.1000000E-03           1
|000001000001010001111000101001> :  0.5684673E-04  0.1000000E-03           1
|000000101101000101101101000000> :  0.1425435E-06  0.1000000E-03           1
|000001001011100001010011101001> :  0.3148377E-09  0.1000000E-03           1
|000001001001010011100101100010> :  0.6409158E-07  0.1000000E-03           1
|000001000001010001110001101010> :  0.1430642E-04  0.1000000E-03           1
|000001100111000100001001000001> :  0.6531479E-06  0.1000000E-03           1
|000001001001010001100101111000> :  0.8807074E-04  0.1000000E-03           1
|000001000001010001110001101001> :  0.1217550E-03  0.1000000E-03           1
|000000101101000011100101010010> :  0.1653370E-07  0.1000000E-03           1
|000000100101000000111101100011> :  0.7215025E-07  0.1000000E-03           1
|000000000110000001111000100011> :  0.1141601E-06  0.1000000E-03           1
|000001100110010001011001000011> :  0.4728057E-05  0.1000000E-03           1
|000001100110010001111000000101> :  0.4920038E-04  0.1000000E-03           1
|000101100011000001101010111000> :  0.2998855E-08  0.1000000E-03           1
|000001101000000101111001100001> :  0.5821748E-06  0.1000000E-03           1
|000001101000010001011011101101> :  0.1621655E-08  0.1000000E-03           1
|000001101000010001101101000000> :  0.1254644E-07  0.1000000E-03           1
|000101100100010011001000001001> :  0.2795033E-07  0.1000000E-03           1
|000001101001010001101001001001> :  0.1008251E-03  0.1000000E-03           1
|000001101011010001101001000001> :  0.2190914E-05  0.1000000E-03           1
|000001101110010010000101010011> :  0.1162845E-08  0.1000000E-03           1
|000001110100010000111101110000> :  0.1097318E-08  0.1000000E-03           1
|000011001001010001100100001010> :  0.2059623E-04  0.1000000E-03           1
|000101100110011001111000001001> :  0.2112875E-06  0.1000000E-03           1
|000011100000010001111101000001> :  0.1844574E-04  0.1000000E-03           1
|000011100100010001110001110000> :  0.2993007E-08  0.1000000E-03           1
|000011100100011001001001001001> :  0.4416913E-08  0.1000000E-03           1
|000101101100001101101001000011> :  0.2978884E-08  0.1000000E-03           1
|000011101001010001100101000000> :  0.1967230E-04  0.1000000E-03           1
|000100000001010000100110101110> :  0.7932769E-09  0.1000000E-03           1
|000100000101010001111110101001> :  0.6167962E-08  0.1000000E-03           1
|000111100000010001101001000001> :  0.1043927E-04  0.1000000E-03           1
|000100100010010001111101010000> :  0.5005393E-06  0.1000000E-03           1
|000100100100001001101000100011> :  0.1944393E-07  0.1000000E-03           1
|000100100100010000010101001001> :  0.1790008E-08  0.1000000E-03           1
|001000000110010011011001000001> :  0.2765275E-05  0.1000000E-03           1
|000100100100011000100010001001> :  0.3865839E-08  0.1000000E-03           1
|000100100101010101101001110000> :  0.1996379E-07  0.1000000E-03           1
|000100101011000001011101000010> :  0.5126083E-08  0.1000000E-03           1
|000100101100010001001001000001> :  0.2407927E-07  0.1000000E-03           1
|000100101110000011011001000000> :  0.1272691E-07  0.1000000E-03           1
|000100110100100001001010001001> :  0.1183378E-09  0.1000000E-03           1
|000101000000000101101001101010> :  0.5451111E-08  0.1000000E-03           1
|000001100110000001111001000101> :  0.3411333E-04  0.1000000E-03           1
|000001100110000001111001000010> :  0.1166502E-05  0.1000000E-03           1
|000001001001010001100101100010> :  0.2742917E-06  0.1000000E-03           1
|000001100101010011100000001001> :  0.1786901E-07  0.1000000E-03           1
|000001100101010001011100000010> :  0.8858339E-08  0.1000000E-03           1
|000001001001010001100101001000> :  0.3203711E-04  0.1000000E-03           1
|000001000001010001101011101000> :  0.3423134E-04  0.1000000E-03           1
|000001100100010001111101000011> :  0.2423176E-06  0.1000000E-03           1
|000001100100010000111001110000> :  0.5416862E-06  0.1000000E-03           1
|000001001001010001100100001010> :  0.6585773E-05  0.1000000E-03           1
|000001100011010001111001100001> :  0.4614891E-04  0.1000000E-03           1
|000101100001010001101000001001> :  0.2439205E-04  0.1000000E-03           1
|000001001001010001100001101010> :  0.1019906E-04  0.1000000E-03           1
|000001000001010001101001111001> :  0.4638309E-05  0.1000000E-03           1
|000000101001010001111101000001> :  0.2868135E-05  0.1000000E-03           1
|000001100011010001111001000001> :  0.4713347E-04  0.1000000E-03           1
|000001100011010001111001000000> :  0.1210661E-04  0.1000000E-03           1
|000001001001010001100001101000> :  0.9551958E-04  0.1000000E-03           1
|000001100011010001101001100000> :  0.4302019E-04  0.1000000E-03           1
|000101100000011001101101000001> :  0.1127242E-04  0.1000000E-03           1
|000001000110110001011001000001> :  0.3301737E-05  0.1000000E-03           1
|000001000001010001101001101001> :  0.8776854E-05  0.1000000E-03           1
|000001100011010000111001000001> :  0.1127597E-04  0.1000000E-03           1
|000001100010110011100001000100> :  0.1058107E-07  0.1000000E-03           1
|000001000110010001111001100100> :  0.5301119E-05  0.1000000E-03           1
|000001100010010001111001010101> :  0.6900928E-06  0.1000000E-03           1
|000001100001010011111001100001> :  0.1871853E-04  0.1000000E-03           1
|000001000101010001101001101011> :  0.3621323E-06  0.1000000E-03           1
|000001000001010001100001101001> :  0.2190437E-04  0.1000000E-03           1
|000000101001010001101101000001> :  0.1083950E-04  0.1000000E-03           1
|000000010101010001111000100000> :  0.1602617E-08  0.1000000E-03           1
|000101100000010000111001100001> :  0.1643369E-05  0.1000000E-03           1
|000101100000010001101001000001> :  0.3741347E-04  0.1000000E-03           1
|000101100000010001101011001001> :  0.1567489E-04  0.1000000E-03           1
|000101100000010001110010001001> :  0.5518786E-05  0.1000000E-03           1
|001001100110010100101001000001> :  0.2518099E-05  0.1000000E-03           1
|000101100000010001111001100001> :  0.1643544E-04  0.1000000E-03           1
|000101100000010001111100000001> :  0.5014525E-04  0.1000000E-03           1
|000101100000010001111100001001> :  0.1438284E-04  0.1000000E-03           1
|000101100000011001101001100000> :  0.1044777E-05  0.1000000E-03           1
|001001101010010000011001000101> :  0.8896621E-05  0.1000000E-03           1
|000101100000011001111001000001> :  0.3697376E-04  0.1000000E-03           1
|000101100001001001101001100001> :  0.9415311E-05  0.1000000E-03           1
|000101100001010000101001001001> :  0.3673207E-04  0.1000000E-03           1
|000101100001010000101001100001> :  0.3815951E-04  0.1000000E-03           1
|001001110010011001101001000000> :  0.7795779E-05  0.1000000E-03           1
|000101100001010001100010000101> :  0.1419814E-07  0.1000000E-03           1
|000101100001010001101000000001> :  0.8209135E-05  0.1000000E-03           1
|001011100001010011110001001001> :  0.6176177E-08  0.1000000E-03           1
|000101100001010001101001000000> :  0.1401079E-04  0.1000000E-03           1
|001011100110010011000100000100> :  0.7090321E-08  0.1000000E-03           1
|001011101100000001110100000011> :  0.2154514E-08  0.1000000E-03           1
|000101100001010001101100000001> :  0.2095193E-04  0.1000000E-03           1
|000101100001010001111001000001> :  0.3143907E-04  0.1000000E-03           1
|001100100100000100101010000101> :  0.3271283E-06  0.1000000E-03           1
|001100100110001001111001000100> :  0.1260052E-06  0.1000000E-03           1
|000101100001110001110100000100> :  0.3196047E-07  0.1000000E-03           1
|000101100010000001111001000001> :  0.2957279E-04  0.1000000E-03           1
|001101000010010000111001000101> :  0.7971606E-06  0.1000000E-03           1
|000101100010010000011001000001> :  0.2570740E-04  0.1000000E-03           1
|000101100010010001001001000001> :  0.3060874E-04  0.1000000E-03           1
|001101011000010010100010001000> :  0.2206610E-09  0.1000000E-03           1
|000101100010010001110001000001> :  0.2069046E-04  0.1000000E-03           1
|001101100000010001101001000001> :  0.3321333E-04  0.1000000E-03           1
|000101100010010001111001010011> :  0.7063376E-05  0.1000000E-03           1
|000101100010010001111011000001> :  0.3762486E-04  0.1000000E-03           1
|000101100010011001111001000001> :  0.3743502E-04  0.1000000E-03           1
|000101100011000001100001010100> :  0.7901133E-07  0.1000000E-03           1
|001101100010010001111000010001> :  0.2158222E-04  0.1000000E-03           1
|000101100011000001110000011001> :  0.1841742E-07  0.1000000E-03           1
|001101100010011101101001000000> :  0.6954436E-04  0.1000000E-03           1
|001101100010111001001001000000> :  0.2331530E-04  0.1000000E-03           1
|000101100100001001101010100010> :  0.2163800E-06  0.1000000E-03           1
|001101100100010100100010001001> :  0.1985270E-08  0.1000000E-03           1
|001101101010011001100001000000> :  0.3236878E-04  0.1000000E-03           1
|000101100100010001111010000001> :  0.2758275E-03  0.1000000E-03           1
|001111100010010001111001001001> :  0.4464637E-05  0.1000000E-03           1
|000101100101010000101001000001> :  0.6469263E-04  0.1000000E-03           1
|000101100101110001101001000001> :  0.1455736E-05  0.1000000E-03           1
|000101100110000000111001000011> :  0.5236447E-05  0.1000000E-03           1
|000101100110000001011000000010> :  0.4941042E-05  0.1000000E-03           1
|000101100110000001100011000100> :  0.8802534E-08  0.1000000E-03           1
|000101100110000001101001000101> :  0.1025716E-04  0.1000000E-03           1
|000101100110000001101001010000> :  0.7342975E-06  0.1000000E-03           1
|000101100110000100000001000010> :  0.5454544E-08  0.1000000E-03           1
|000101100110010000101001001001> :  0.1463432E-04  0.1000000E-03           1
|000101100110010000111001000001> :  0.1292389E-05  0.1000000E-03           1
|000101100110010010100001000001> :  0.4232512E-07  0.1000000E-03           1
|010001100101010010111000100010> :  0.2551501E-07  0.1000000E-03           1
|000101100110110000111001000001> :  0.1096064E-05  0.1000000E-03           1
|000101101000110001001001100001> :  0.1698654E-07  0.1000000E-03           1
|000101101001010001101000000001> :  0.1212359E-05  0.1000000E-03           1
|000101101001010001101001000001> :  0.4478643E-04  0.1000000E-03           1
|000101101001010001101101000000> :  0.9747125E-04  0.1000000E-03           1
|010101000100010000101000110000> :  0.2575190E-07  0.1000000E-03           1
|000101101011010001100001000000> :  0.1325263E-04  0.1000000E-03           1
|010101100001000001111001010001> :  0.2402993E-05  0.1000000E-03           1
|000101101100010000101001001000> :  0.2448427E-07  0.1000000E-03           1
|000101110010000101111001000001> :  0.1572886E-05  0.1000000E-03           1
|000101110011010001111101000000> :  0.2734455E-06  0.1000000E-03           1
|000111000001000101100011000100> :  0.1225637E-08  0.1000000E-03           1
|000111000001010001101001000001> :  0.3245026E-04  0.1000000E-03           1
|000111000001010001101001100000> :  0.3755141E-04  0.1000000E-03           1
|000111000101010000100110101000> :  0.3099652E-08  0.1000000E-03           1
|010111100011010001111001000001> :  0.5874804E-06  0.1000000E-03           1
|000111100001010100011001000001> :  0.6823748E-07  0.1000000E-03           1
|000111100010000001111000010001> :  0.4675785E-05  0.1000000E-03           1
|000111101000010001110100011000> :  0.9406483E-08  0.1000000E-03           1
|000111101001010001100101000000> :  0.4387652E-05  0.1000000E-03           1
|000111110000010001001100000011> :  0.1085793E-08  0.1000000E-03           1
|001000000011110011100110100000> :  0.7706094E-09  0.1000000E-03           1
|001000000110010001111100001001> :  0.1742516E-06  0.1000000E-03           1
|011001100010000001111001010001> :  0.1291460E-03  0.1000000E-03           1
|001000001000010000101100100011> :  0.4569631E-08  0.1000000E-03           1
|001000001000010001110100110010> :  0.5377672E-09  0.1000000E-03           1
|011001100110000000101001000001> :  0.1655281E-05  0.1000000E-03           1
|001000100010000001111101000001> :  0.2381984E-04  0.1000000E-03           1
|001000100010010001111101000000> :  0.1030895E-04  0.1000000E-03           1
|001000100010010011111001000001> :  0.3085509E-05  0.1000000E-03           1
|001000100100001000011100000001> :  0.2620852E-07  0.1000000E-03           1
|001000100110000000111000000101> :  0.1387310E-04  0.1000000E-03           1
|001000100110001001000100010001> :  0.2505018E-08  0.1000000E-03           1
|001000100110010001111001000100> :  0.1877529E-04  0.1000000E-03           1
|001000100110010011111001000000> :  0.1684152E-04  0.1000000E-03           1
|001000100111010001001100000100> :  0.1330482E-06  0.1000000E-03           1
|001000101001010001101101000000> :  0.2725086E-04  0.1000000E-03           1
|001000101001010001111100000001> :  0.3171360E-07  0.1000000E-03           1
|001000101011011100001001110000> :  0.2869465E-08  0.1000000E-03           1
|001001100100000000011001100010> :  0.1174599E-06  0.1000000E-03           1
|000101100000010000111001000001> :  0.2509574E-04  0.1000000E-03           1
|000101100000000001111011000001> :  0.3437688E-04  0.1000000E-03           1
|000101011010000001101100000000> :  0.1098926E-08  0.1000000E-03           1
|000001100001010001111001100011> :  0.3420661E-04  0.1000000E-03           1
|000001000100010001111101101010> :  0.9759829E-07  0.1000000E-03           1
|000101001001010001100001001001> :  0.7443094E-05  0.1000000E-03           1
|000101000111010000001001001001> :  0.8721259E-07  0.1000000E-03           1
|000001100001010001111001100010> :  0.2308649E-04  0.1000000E-03           1
|000101000110010001111001110000> :  0.2287111E-06  0.1000000E-03           1
|001001100010010001111101010001> :  0.2866355E-04  0.1000000E-03           1
|000101000110010000111010001000> :  0.6582972E-06  0.1000000E-03           1
|000001000011010001110001010001> :  0.1547045E-07  0.1000000E-03           1
|000001000001010001000111011100> :  0.1463719E-08  0.1000000E-03           1
|000101000101010010110010001000> :  0.3228138E-07  0.1000000E-03           1
|000101000100110001001110010000> :  0.2935027E-08  0.1000000E-03           1
|000001100001010001111001001001> :  0.1607668E-04  0.1000000E-03           1
|000101000100011001100000001011> :  0.1919751E-07  0.1000000E-03           1
|110100100101001000001001100100> :  0.1844266E-08  0.1000000E-03           1
|001001100010010001101101000001> :  0.4728954E-04  0.1000000E-03           1
|000001000001011001101001110000> :  0.4363055E-07  0.1000000E-03           1
|000101000100010001100100000101> :  0.1093515E-07  0.1000000E-03           1
|001001100010010001001001000101> :  0.6454047E-05  0.1000000E-03           1
|000101000100000000111011101011> :  0.9195720E-08  0.1000000E-03           1
|101100100010010100101000000000> :  0.4631313E-08  0.1000000E-03           1
|001001100010010000011001000101> :  0.3124954E-04  0.1000000E-03           1
|000101000010010001111001100000> :  0.2917087E-05  0.1000000E-03           1
|000001100001010001101001100001> :  0.6617594E-04  0.1000000E-03           1
|000001000001000001111001101001> :  0.2607279E-04  0.1000000E-03           1
|000000101000000001010100011100> :  0.9632715E-09  0.1000000E-03           1
|001001100010000100111001000011> :  0.2965754E-05  0.1000000E-03           1
|001001100010000001111001100001> :  0.1188403E-04  0.1000000E-03           1
|101001101010100010000001000110> :  0.1112796E-08  0.1000000E-03           1
|001001100010010000101001000101> :  0.7115027E-05  0.1000000E-03           1
|101100101010001011001001110100> :  0.2406608E-10  0.1000000E-03           1
|001001100010010000111101000001> :  0.4535946E-04  0.1000000E-03           1
|101101000101000000000011110000> :  0.2302541E-09  0.1000000E-03           1
|001001100010010001101001000000> :  0.2574101E-04  0.1000000E-03           1
|001001100010010001101001010101> :  0.2170359E-05  0.1000000E-03           1
|001001100010010001101001100001> :  0.1264907E-04  0.1000000E-03           1
|110101100100001101001001000000> :  0.3818927E-07  0.1000000E-03           1
|001001100010010001101110000001> :  0.9148829E-08  0.1000000E-03           1
|001001100010010001111000000001> :  0.1932792E-05  0.1000000E-03           1
|001001100010010001111001000000> :  0.5610170E-04  0.1000000E-03           1
|000101000010010001110100010001> :  0.1844657E-06  0.1000000E-03           1
|001001100010010001111001000011> :  0.1258070E-04  0.1000000E-03           1
|001001100010010001111001010001> :  0.1186551E-04  0.1000000E-03           1
|001001100010010001111011000001> :  0.6572391E-04  0.1000000E-03           1
|001001100010000001011101000001> :  0.9403199E-05  0.1000000E-03           1
|001001100010010010011001000001> :  0.2329925E-04  0.1000000E-03           1
|001001100001010001101101100000> :  0.2464046E-04  0.1000000E-03           1
|000101000001010001111010001001> :  0.8523654E-05  0.1000000E-03           1
|001001100010010101111001000011> :  0.3240941E-04  0.1000000E-03           1
|001001100010010101111001100001> :  0.9150848E-05  0.1000000E-03           1
|001001100010011001101001000001> :  0.1119592E-04  0.1000000E-03           1
|001001100010011010001001000001> :  0.2640033E-04  0.1000000E-03           1
|001001100010011011111001000001> :  0.1194263E-05  0.1000000E-03           1
|001001100011000000101001110100> :  0.5392780E-08  0.1000000E-03           1
|001001100011000001111001010001> :  0.5611672E-04  0.1000000E-03           1
|001001100011010000011000000110> :  0.7373717E-08  0.1000000E-03           1
|000001100001010001101001100000> :  0.9369244E-04  0.1000000E-03           1
|001001100100011001001110001001> :  0.8091655E-08  0.1000000E-03           1
|001001100101000000101001001000> :  0.4105029E-08  0.1000000E-03           1
|001001100101010000101001000011> :  0.2798101E-06  0.1000000E-03           1
|001001100101010100111001000000> :  0.1040525E-05  0.1000000E-03           1
|001001100110010000011001000010> :  0.9045064E-05  0.1000000E-03           1
|001001100110010000111001000011> :  0.1423892E-04  0.1000000E-03           1
|001001100001010001101101000001> :  0.3418997E-04  0.1000000E-03           1
|001001100110010001011001000010> :  0.1645312E-05  0.1000000E-03           1
|001001100001010001101001001001> :  0.4398902E-05  0.1000000E-03           1
|000101000001010001111010000001> :  0.4635724E-05  0.1000000E-03           1
|001001100000011001111001000001> :  0.1726682E-04  0.1000000E-03           1
|001001100110011001111001000001> :  0.1374958E-03  0.1000000E-03           1
|001001100110011011101001000000> :  0.1457764E-05  0.1000000E-03           1
|001001100110110000111001000001> :  0.9643428E-05  0.1000000E-03           1
|001001101000010001101101000000> :  0.9990843E-04  0.1000000E-03           1
|001001101001010001111001000000> :  0.2997408E-04  0.1000000E-03           1
|001001101001010011000101000000> :  0.6935795E-05  0.1000000E-03           1
|001001101010000001001001000101> :  0.2006872E-05  0.1000000E-03           1
|001001101010000101111001000001> :  0.1151875E-05  0.1000000E-03           1
|001001100000010011111101000001> :  0.3021429E-04  0.1000000E-03           1
|000101000001010001111001001000> :  0.4146285E-04  0.1000000E-03           1
|001001101010010101111001000001> :  0.2627753E-04  0.1000000E-03           1
|001001101010011001111001000000> :  0.1038460E-05  0.1000000E-03           1
|001001101011000001100101000000> :  0.1500823E-05  0.1000000E-03           1
|001001101100000001011001100010> :  0.1197577E-06  0.1000000E-03           1
|001001101110010001111001000001> :  0.2735799E-04  0.1000000E-03           1
|001001110001010100111001000001> :  0.7934373E-06  0.1000000E-03           1
|000001100001010001101001000001> :  0.6834076E-04  0.1000000E-03           1
|001001110010010101111001000001> :  0.4988070E-04  0.1000000E-03           1
|000001000001010011111001100001> :  0.4712017E-04  0.1000000E-03           1
|001010001011010001010001000110> :  0.8263010E-09  0.1000000E-03           1
|001010100110010001111001000001> :  0.1336898E-05  0.1000000E-03           1
|001011100000010001101101000000> :  0.1798587E-05  0.1000000E-03           1
|001011100000100000010100000010> :  0.2597507E-09  0.1000000E-03           1
|001011100000100001110001000001> :  0.1916709E-06  0.1000000E-03           1
|100101100101000000001011010001> :  0.6276699E-08  0.1000000E-03           1
|001011100010010001111001010001> :  0.1253390E-04  0.1000000E-03           1
|001011100110000001111001000001> :  0.4954805E-05  0.1000000E-03           1
|001011100110010001111000000001> :  0.9389037E-06  0.1000000E-03           1
|100101100010010001111001000000> :  0.6889353E-05  0.1000000E-03           1
|001011101001010001101101000000> :  0.6977798E-04  0.1000000E-03           1
|001001100000010001111100000101> :  0.5278546E-05  0.1000000E-03           1
|001100000000010011101011110000> :  0.2294287E-07  0.1000000E-03           1
|001100000010010001111101010000> :  0.9664205E-06  0.1000000E-03           1
|001100010010000001101101100001> :  0.8509813E-08  0.1000000E-03           1
|001100100000010001011000000100> :  0.2503467E-08  0.1000000E-03           1
|001100100010010011111000001001> :  0.5027433E-08  0.1000000E-03           1
|001001100000010001111011000001> :  0.9192479E-04  0.1000000E-03           1
|001100100100010101001101000100> :  0.3103858E-08  0.1000000E-03           1
|100101010000111001111001001000> :  0.1221088E-08  0.1000000E-03           1
|001100101010010111010101000000> :  0.1206612E-07  0.1000000E-03           1
|001100101101001001101011000000> :  0.5392240E-08  0.1000000E-03           1
|001101000000000001110001001111> :  0.4209109E-08  0.1000000E-03           1
|001101000000010001101011000001> :  0.4953620E-05  0.1000000E-03           1
|001101000000010001111011000001> :  0.4309746E-04  0.1000000E-03           1
|000101000001010001110010001001> :  0.3995145E-04  0.1000000E-03           1
|001101000010010011101001110000> :  0.1285047E-07  0.1000000E-03           1
|001101000011010001111001010000> :  0.6280474E-06  0.1000000E-03           1
|001101000100010001101101000010> :  0.5566833E-07  0.1000000E-03           1
|001101000101010011101001000000> :  0.4286513E-06  0.1000000E-03           1
|001101000110010001111010001001> :  0.6314049E-06  0.1000000E-03           1
|000001100001010001001101000001> :  0.7144159E-05  0.1000000E-03           1
|001101100000000001111101000001> :  0.1658304E-05  0.1000000E-03           1
|001001100000010001111000010100> :  0.8581182E-07  0.1000000E-03           1
|001101100000010001101000000001> :  0.2348629E-05  0.1000000E-03           1
|001001100000000111000110000011> :  0.5897311E-08  0.1000000E-03           1
|001101100000010001101001000111> :  0.2163634E-06  0.1000000E-03           1
|001101100000010001111001000000> :  0.4920614E-04  0.1000000E-03           1
|001101100000011001101001000001> :  0.3298528E-04  0.1000000E-03           1
|001101100010000001111001000101> :  0.2632973E-06  0.1000000E-03           1
|000101000001010001101100001001> :  0.1273280E-04  0.1000000E-03           1
|001101100010001001101011000000> :  0.5708731E-05  0.1000000E-03           1
|001101100010001001111001000001> :  0.2871455E-04  0.1000000E-03           1
|001001100000000001011101000001> :  0.8474567E-06  0.1000000E-03           1
|001101100010010001101011000001> :  0.9388660E-05  0.1000000E-03           1
|100101000001010001111001001001> :  0.4199853E-04  0.1000000E-03           1
|001001100000000001001001110101> :  0.4698995E-07  0.1000000E-03           1
|001101100010011000101001000000> :  0.3212424E-04  0.1000000E-03           1
|001101100010011001101001000000> :  0.2713678E-04  0.1000000E-03           1
|000001100001000001111001100001> :  0.4976661E-04  0.1000000E-03           1
|000001000001010011111001100000> :  0.2690802E-04  0.1000000E-03           1
|000001000001000001111001100011> :  0.1582936E-05  0.1000000E-03           1
|001101100100000001001000110000> :  0.6976206E-08  0.1000000E-03           1
|001101100100010001011000000011> :  0.1576735E-05  0.1000000E-03           1
|001101100100010001111000000100> :  0.2665221E-06  0.1000000E-03           1
|001001001001010001100101100000> :  0.1419481E-05  0.1000000E-03           1
|001101101010000001101001000000> :  0.1598441E-04  0.1000000E-03           1
|001001000111010001111001000001> :  0.6777975E-05  0.1000000E-03           1
|001110000100000101101010000000> :  0.1125546E-07  0.1000000E-03           1
|001110101100000111000100000000> :  0.1967352E-07  0.1000000E-03           1
|001111100000010001101001000001> :  0.3577661E-05  0.1000000E-03           1
|000101000001010001101001000001> :  0.3939836E-04  0.1000000E-03           1
|010000100000010011010111100000> :  0.1282738E-08  0.1000000E-03           1
|010000100001010010001111100010> :  0.7451506E-10  0.1000000E-03           1
|010000100100011010011100000011> :  0.2118167E-06  0.1000000E-03           1
|010000100100011010111101100000> :  0.2083185E-07  0.1000000E-03           1
|010000100101011000101001001000> :  0.1921920E-07  0.1000000E-03           1
|010000110001010011001000100000> :  0.6864083E-09  0.1000000E-03           1
|010001000000110001111010111100> :  0.3600925E-09  0.1000000E-03           1
|010001000001010001111100001001> :  0.5757553E-06  0.1000000E-03           1
|010001000011110011001001100010> :  0.4404563E-09  0.1000000E-03           1
|010001000100000001101011100011> :  0.1370169E-07  0.1000000E-03           1
|010001001100010001101011001001> :  0.1411541E-08  0.1000000E-03           1
|010001011000110001110100000000> :  0.2363061E-08  0.1000000E-03           1
|010001100000000001110001111001> :  0.8901166E-09  0.1000000E-03           1
|010001100000010000001100001111> :  0.3230952E-08  0.1000000E-03           1
|010001100000010000101010011101> :  0.1285228E-07  0.1000000E-03           1
|010001100000010001111001001001> :  0.4736688E-04  0.1000000E-03           1
|010001100000010001111001100001> :  0.1334160E-04  0.1000000E-03           1
|010001100001010000111001000001> :  0.4139624E-04  0.1000000E-03           1
|001001000110010001111001000100> :  0.4014296E-06  0.1000000E-03           1
|010001100001010001111001100000> :  0.1599136E-04  0.1000000E-03           1
|010001100010000001011001110001> :  0.3744409E-07  0.1000000E-03           1
|010001100100010010111000000001> :  0.3580100E-06  0.1000000E-03           1
|010001100101010001111000101000> :  0.4430258E-07  0.1000000E-03           1
|001001000010010001111001100001> :  0.1162311E-04  0.1000000E-03           1
|010001100110000000011000000001> :  0.3976212E-05  0.1000000E-03           1
|010001100111010010101001000000> :  0.2103372E-06  0.1000000E-03           1
|010001101111000001000001000000> :  0.1139791E-07  0.1000000E-03           1
|010001110000010001111000100101> :  0.9490701E-08  0.1000000E-03           1
|010010000101110011100101100110> :  0.5111878E-10  0.1000000E-03           1
|010011100010010001110100000101> :  0.3843265E-08  0.1000000E-03           1
|010011101001011000001001001000> :  0.6600626E-09  0.1000000E-03           1
|010100100100000001101000101001> :  0.1666935E-08  0.1000000E-03           1
|010100101000010000011001100100> :  0.3288814E-10  0.1000000E-03           1
|010101000000111000101100100010> :  0.3719731E-09  0.1000000E-03           1
|010101000010010001111001010001> :  0.2903693E-04  0.1000000E-03           1
|000101000001010001100110001001> :  0.9515156E-04  0.1000000E-03           1
|010101000111010000111001000000> :  0.4174390E-07  0.1000000E-03           1
|010101100000010000101010001001> :  0.2311896E-06  0.1000000E-03           1
|010101100000010000111001000001> :  0.3028235E-04  0.1000000E-03           1
|000001100000011101101101000010> :  0.3700902E-08  0.1000000E-03           1
|001001000010010001111001010101> :  0.1256903E-04  0.1000000E-03           1
|100100001101001001000001100000> :  0.1899642E-08  0.1000000E-03           1
|010101100001010001101001000000> :  0.3228391E-04  0.1000000E-03           1
|010101100010010000111000000001> :  0.5877912E-05  0.1000000E-03           1
|001001000010010001111001010010> :  0.1069858E-05  0.1000000E-03           1
|010101100100000000110001000101> :  0.1962660E-07  0.1000000E-03           1
|010101100100001000001101000001> :  0.2368693E-07  0.1000000E-03           1
|010101100100010000111000000101> :  0.4541752E-08  0.1000000E-03           1
|010101100100010001011001001001> :  0.7633109E-06  0.1000000E-03           1
|001001000010010001101010010001> :  0.5324698E-07  0.1000000E-03           1
|010101100110011000000001000001> :  0.1479775E-07  0.1000000E-03           1
|010111000101110100000000010011> :  0.1189049E-11  0.1000000E-03           1
|010111001100010010100100000011> :  0.3997841E-09  0.1000000E-03           1
|010111100010001001101001000011> :  0.7129174E-08  0.1000000E-03           1
|010111100010011001001001001001> :  0.4697306E-08  0.1000000E-03           1
|100100000101000001100010011011> :  0.8191661E-09  0.1000000E-03           1
|011000000100010001111100000101> :  0.6193154E-07  0.1000000E-03           1
|011000100010001001110100010000> :  0.3361400E-08  0.1000000E-03           1
|011000100011010000101001000011> :  0.3671729E-07  0.1000000E-03           1
|011000100100010001011101100001> :  0.3562655E-07  0.1000000E-03           1
|011000100101010001111000000001> :  0.5850534E-07  0.1000000E-03           1
|011000100110000000011000100101> :  0.3595254E-08  0.1000000E-03           1
|011000100111010001101001000000> :  0.1549122E-07  0.1000000E-03           1
|011000110010000001000111000001> :  0.2573345E-08  0.1000000E-03           1
|011001000000011010101001011001> :  0.4146367E-09  0.1000000E-03           1
|011001000010110001100101010000> :  0.1610880E-07  0.1000000E-03           1
|011001000101010011010010101001> :  0.3193035E-10  0.1000000E-03           1
|011001000110010001111001010001> :  0.6306408E-05  0.1000000E-03           1
|011001100000010000111001000001> :  0.6776628E-05  0.1000000E-03           1
|001001000001110001101101000001> :  0.3506919E-07  0.1000000E-03           1
|011001100001010000101001000001> :  0.1572249E-05  0.1000000E-03           1
|000001100000011001100010100100> :  0.3106431E-08  0.1000000E-03           1
|011001100010010000111001000001> :  0.6309771E-04  0.1000000E-03           1
|000001000001010011111001001001> :  0.7823217E-05  0.1000000E-03           1
|011001100010010001111001010001> :  0.6415437E-04  0.1000000E-03           1
|011001100010011001101001000011> :  0.3412276E-06  0.1000000E-03           1
|011001100100000000111001100000> :  0.2917174E-06  0.1000000E-03           1
|100100000000000101011001100110> :  0.1033416E-07  0.1000000E-03           1
|011001100110000001111000000001> :  0.5150425E-04  0.1000000E-03           1
|011001100110000001111001000001> :  0.3342049E-04  0.1000000E-03           1
|011001100110010001011000000000> :  0.1298384E-04  0.1000000E-03           1
|011001100110010001111000000001> :  0.1646088E-03  0.1000000E-03           1
|001001000001010001111001000001> :  0.2200848E-04  0.1000000E-03           1
|011001101000010000110110000101> :  0.4322402E-08  0.1000000E-03           1
|011001101110010001101000000000> :  0.2828528E-06  0.1000000E-03           1
|011001110011110001100001000011> :  0.3833710E-09  0.1000000E-03           1
|011010100000000001101100010110> :  0.2016309E-10  0.1000000E-03           1
|011011000000110001101001100000> :  0.5737849E-09  0.1000000E-03           1
|011100001000000101101100000010> :  0.4891187E-10  0.1000000E-03           1
|011100010000010101011101110000> :  0.2671641E-11  0.1000000E-03           1
|011100100011001100101000000001> :  0.3862749E-08  0.1000000E-03           1
|011101000010010001111001000011> :  0.3566241E-05  0.1000000E-03           1
|011101000010010001111001010011> :  0.5239170E-06  0.1000000E-03           1
|011101100011011000011001100000> :  0.1564715E-07  0.1000000E-03           1
|011101100101010001101000000000> :  0.1646855E-07  0.1000000E-03           1
|011101101100000001000101000000> :  0.1460503E-07  0.1000000E-03           1
|011111101000001001110011000000> :  0.6002777E-09  0.1000000E-03           1
|100000000000001011110110101010> :  0.4827919E-09  0.1000000E-03           1
|100000000101010001111110001010> :  0.1319560E-07  0.1000000E-03           1
|100000010101000000001001100100> :  0.1347572E-08  0.1000000E-03           1
|100000100101001001111001100010> :  0.2379216E-06  0.1000000E-03           1
|100000100110000111011001000000> :  0.1771841E-07  0.1000000E-03           1
|100000110011101001001001000001> :  0.8583110E-09  0.1000000E-03           1
|000101000000010001111011000001> :  0.1229152E-05  0.1000000E-03           1
|001001000001010001110101101000> :  0.8810928E-08  0.1000000E-03           1
|100001100001010001111001100000> :  0.2620571E-04  0.1000000E-03           1
|100001001001010001000111001001> :  0.4769629E-11  0.1000000E-03           1
|000101000000010001111010001011> :  0.2839473E-04  0.1000000E-03           1
|100001000110110001011011101000> :  0.6204978E-08  0.1000000E-03           1
|100001000101010110110000101011> :  0.2478759E-09  0.1000000E-03           1
|001001000000010001111010001001> :  0.6231170E-06  0.1000000E-03           1
|100001000100000011111010000001> :  0.2856799E-08  0.1000000E-03           1
|100001000010110011100010100010> :  0.1290206E-08  0.1000000E-03           1
|100001100111011000001101000000> :  0.1145628E-07  0.1000000E-03           1
|100001110101000000101011101001> :  0.9147618E-09  0.1000000E-03           1
|100010000100000001011000100101> :  0.1066657E-09  0.1000000E-03           1
|100011110001010000111101100000> :  0.9650191E-09  0.1000000E-03           1
|001000110000001110001001001001> :  0.1996587E-08  0.1000000E-03           1
|100100000000010111111100000001> :  0.1212226E-08  0.1000000E-03           1
|000101000000010001111010001001> :  0.8128734E-04  0.1000000E-03           1
|100100000101000001101000100110> :  0.1155522E-06  0.1000000E-03           1
|100100000110011000111001001000> :  0.6663687E-08  0.1000000E-03           1
|100100001001000001111111001101> :  0.1130651E-10  0.1000000E-03           1
|100001000010010001011100101011> :  0.5482126E-08  0.1000000E-03           1
|100100100000011000111000000111> :  0.3859060E-08  0.1000000E-03           1
|100100100100000101111100000010> :  0.6549709E-07  0.1000000E-03           1
|100100100100010000011010000011> :  0.5710956E-07  0.1000000E-03           1
|100100100110010100011001000000> :  0.2403392E-06  0.1000000E-03           1
|100100101000000001001011000110> :  0.2380853E-08  0.1000000E-03           1
|100101000000010001111011001000> :  0.1774671E-04  0.1000000E-03           1
|100101000001000001100010001001> :  0.2453507E-05  0.1000000E-03           1
|100101000001010001100011001000> :  0.3895988E-05  0.1000000E-03           1
|100001000001010001111001100000> :  0.1496824E-04  0.1000000E-03           1
|100101000001010001101011001000> :  0.1708590E-03  0.1000000E-03           1
|100101000001010001111001001000> :  0.4950844E-04  0.1000000E-03           1
|001000101101011010101001000000> :  0.1180701E-06  0.1000000E-03           1
|100101000001010001111010001001> :  0.5594099E-05  0.1000000E-03           1
|100101000001110001100011001000> :  0.3770500E-04  0.1000000E-03           1
|100101000100000000111011001011> :  0.2505197E-06  0.1000000E-03           1
|100101000100010001111011001100> :  0.4620910E-06  0.1000000E-03           1
|100101000101000001111001000001> :  0.2188547E-08  0.1000000E-03           1
|100101010000000111100001011001> :  0.3347878E-11  0.1000000E-03           1
|100101010000100101111011000000> :  0.2220193E-07  0.1000000E-03           1
|100001000001010001101001001001> :  0.1143042E-05  0.1000000E-03           1
|100101100000000001110011001110> :  0.4115179E-08  0.1000000E-03           1
|100101100001011001101001000000> :  0.7792957E-05  0.1000000E-03           1
|100101100010000001011100100011> :  0.1809186E-08  0.1000000E-03           1
|100000111101000001100000010010> :  0.5915991E-09  0.1000000E-03           1
|100101100100000101001001001001> :  0.1269408E-06  0.1000000E-03           1
|001000101100001001001101000011> :  0.1266922E-07  0.1000000E-03           1
|100101101001010000001100100001> :  0.1029344E-08  0.1000000E-03           1
|100101101011010001101101100001> :  0.1681544E-10  0.1000000E-03           1
|100101101101000001011000001010> :  0.3226926E-08  0.1000000E-03           1
|100101111000011001101011011000> :  0.1550794E-09  0.1000000E-03           1
|100111110000000101101001000000> :  0.1306265E-08  0.1000000E-03           1
|101000000100010001111010000101> :  0.2410982E-07  0.1000000E-03           1
|101000101101000100001001000010> :  0.2683723E-07  0.1000000E-03           1
|101001000000010001111001000001> :  0.7336955E-06  0.1000000E-03           1
|101001000001010001101011001000> :  0.9619827E-08  0.1000000E-03           1
|101001000101010000101110100000> :  0.3300032E-08  0.1000000E-03           1
|101001010000010000000010101100> :  0.1128202E-09  0.1000000E-03           1
|101001100000001101001010000000> :  0.9887993E-09  0.1000000E-03           1
|101001100000010001111001000001> :  0.6823667E-04  0.1000000E-03           1
|101001100000111010001110001000> :  0.1263003E-09  0.1000000E-03           1
|101001100001011011001100101000> :  0.5796650E-09  0.1000000E-03           1
|101001100100000000111010100100> :  0.2260129E-07  0.1000000E-03           1
|101001101000011011111001101000> :  0.1725263E-09  0.1000000E-03           1
|000101000000010001111001000011> :  0.5471734E-05  0.1000000E-03           1
|101010001011001000010001000100> :  0.2010030E-09  0.1000000E-03           1
|101011000110000001011001100000> :  0.1303109E-08  0.1000000E-03           1
|101100000111010000011001000001> :  0.3010138E-08  0.1000000E-03           1
|000001100000010001111101001001> :  0.7449120E-05  0.1000000E-03           1
|000001000001010001111101101001> :  0.3491900E-04  0.1000000E-03           1
|101100101100000001011000100001> :  0.2028693E-08  0.1000000E-03           1
|101100110100000100101010000100> :  0.6485262E-08  0.1000000E-03           1
|000000111010001111010001101000> :  0.1150756E-08  0.1000000E-03           1
|101101001000000000010100001011> :  0.4567302E-10  0.1000000E-03           1
|101101010001100000001001000100> :  0.3324152E-09  0.1000000E-03           1
|000000100111000001111000100000> :  0.2505339E-07  0.1000000E-03           1
|101101100110000001111010000010> :  0.7129435E-08  0.1000000E-03           1
|110000100001010101101101101000> :  0.1818525E-08  0.1000000E-03           1
|110001010000100001100010001010> :  0.2134205E-07  0.1000000E-03           1
|110011000010011000110100001000> :  0.1781952E-10  0.1000000E-03           1
|000000001001010011010001010010> :  0.8692923E-09  0.1000000E-03           1
|000000000010110011110011110000> :  0.4330587E-08  0.1000000E-03           1
|111000000100100000111110001000> :  0.1426903E-10  0.1000000E-03           1
|111001001001001001000010001000> :  0.3674409E-09  0.1000000E-03           1
|111001100010010001111001100001> :  0.1272276E-05  0.1000000E-03           1
|111001101000000001101001010001> :  0.4716066E-07  0.1000000E-03           1
|111111100000000001011000000101> :  0.3110282E-08  0.1000000E-03           1
|000000000001010001111101100001> :  0.4905991E-05  0.1000000E-03           1
