# state, exact probability, frequency, count:
#------------------------------------------------------------------
|001100101100000000010110001001> :  0.9511575E+00  0.9466000E+00        9466
|001100101100010000010110001001> :  0.9117851E-03  0.1000000E-02          10
|001100011100000000010110001011> :  0.3419887E-03  0.7000000E-03           7
|001100101000100000010110000001> :  0.2547141E-03  0.6000000E-03           6
|001100100100010001010110001001> :  0.5174539E-03  0.6000000E-03           6
|001100101100010000010100011001> :  0.3081879E-03  0.5000000E-03           5
|000000110100010100000100001011> :  0.6619377E-04  0.4000000E-03           4
|000100101100000000010111001001> :  0.1308344E-03  0.4000000E-03           4
|001100101100010100010100001001> :  0.1120494E-03  0.4000000E-03           4
|000100011100000000010110001011> :  0.1275208E-03  0.3000000E-03           3
|000100100100001000010011001001> :  0.1895268E-03  0.3000000E-03           3
|001100101100100000010100001001> :  0.9353873E-04  0.3000000E-03           3
|001100101100100000010110001001> :  0.1883774E-03  0.3000000E-03           3
|001100101000100000010110001001> :  0.3465571E-04  0.3000000E-03           3
|000000111100011000010110001001> :  0.1043491E-03  0.3000000E-03           3
|000000011100010000010110001001> :  0.7320072E-04  0.3000000E-03           3
|000100010100001100010001001001> :  0.4693279E-04  0.3000000E-03           3
|001100101100110000010100001001> :  0.1720135E-03  0.3000000E-03           3
|001100101000000000010110001001> :  0.1349409E-03  0.3000000E-03           3
|001100110100001000010010001001> :  0.1184209E-03  0.2000000E-03           2
|000100000101010100000001011001> :  0.3043001E-04  0.2000000E-03           2
|001100111000001000010010001001> :  0.1765425E-03  0.2000000E-03           2
|001100111000000000010110001001> :  0.2272863E-03  0.2000000E-03           2
|000000011100000100010111001001> :  0.7981953E-04  0.2000000E-03           2
|000100011100001000010110001011> :  0.6278058E-04  0.2000000E-03           2
|000100101100010000010101011001> :  0.3414652E-04  0.2000000E-03           2
|000100001100001000010111001001> :  0.1341730E-03  0.2000000E-03           2
|000100101111000000010110000001> :  0.2746253E-04  0.2000000E-03           2
|001100111100001000010100001001> :  0.1042795E-03  0.2000000E-03           2
|000000011100010100000110001011> :  0.1677236E-04  0.2000000E-03           2
|000100011100010000010110001001> :  0.8988591E-04  0.2000000E-03           2
|000101101100010000010100001001> :  0.6242135E-04  0.2000000E-03           2
|000100110100011000010001001001> :  0.1131464E-03  0.2000000E-03           2
|001110100100000000010110001001> :  0.1449113E-03  0.2000000E-03           2
|000100101100110000010110001001> :  0.2385237E-03  0.2000000E-03           2
|000100100100001000010001011001> :  0.8651199E-04  0.2000000E-03           2
|000100001100010000010110001001> :  0.6002597E-04  0.2000000E-03           2
|001100011100001000010010001001> :  0.4383164E-04  0.2000000E-03           2
|000100101100010000000110001001> :  0.8408174E-04  0.2000000E-03           2
|000100011100000100010101001001> :  0.1673885E-03  0.2000000E-03           2
|001100100101000000100110001001> :  0.1463530E-05  0.2000000E-03           2
|000100110100001000010110001001> :  0.2045178E-03  0.2000000E-03           2
|000100001100010000010101011001> :  0.2790148E-04  0.2000000E-03           2
|001100100100011000010100001001> :  0.1485910E-03  0.2000000E-03           2
|000101100101000000000000001001> :  0.4748472E-07  0.2000000E-03           2
|001000100100010000010110001001> :  0.1737286E-03  0.2000000E-03           2
|001100101000010000010100011001> :  0.8079974E-04  0.2000000E-03           2
|001100111100001000010110001001> :  0.5215271E-04  0.2000000E-03           2
|000100110100001100010101001001> :  0.7831892E-04  0.2000000E-03           2
|001100011100100000010010001001> :  0.4932628E-04  0.2000000E-03           2
|000100111100000010010110001001> :  0.5259736E-04  0.2000000E-03           2
|001100101100100000010110000001> :  0.9897122E-04  0.2000000E-03           2
|000100011100001000010011001001> :  0.1395204E-03  0.2000000E-03           2
|001100110100000000010110001001> :  0.4453189E-04  0.2000000E-03           2
|001000101100010001110110001001> :  0.1753910E-04  0.2000000E-03           2
|000100001100000000010111001001> :  0.6006359E-04  0.2000000E-03           2
|001100100100010100010100001001> :  0.3782086E-04  0.2000000E-03           2
|000100101110000000010110001001> :  0.9189747E-04  0.2000000E-03           2
|001110100100010000010110001001> :  0.6079521E-04  0.2000000E-03           2
|001100101111000000010110000001> :  0.1265641E-03  0.2000000E-03           2
|000000111100010000010100001001> :  0.9149081E-04  0.2000000E-03           2
|000100011100000000010110011001> :  0.9002342E-04  0.2000000E-03           2
|000100100100010000010110001001> :  0.3119543E-03  0.2000000E-03           2
|001100100100010100000110001001> :  0.2006878E-03  0.1000000E-03           1
|000100101100010100010100011001> :  0.2356116E-04  0.1000000E-03           1
|000000111100011000010100001001> :  0.1347389E-03  0.1000000E-03           1
|000100001100001100010111001001> :  0.1520217E-04  0.1000000E-03           1
|000100101100001000110111001001> :  0.3432013E-05  0.1000000E-03           1
|000000111100010000010110001001> :  0.5785796E-05  0.1000000E-03           1
|000000100100010100010100001001> :  0.4590765E-05  0.1000000E-03           1
|000100101100001000010100001001> :  0.8828428E-04  0.1000000E-03           1
|000100001100000000010011011001> :  0.9639776E-05  0.1000000E-03           1
|000000111100010000010100011001> :  0.1691418E-04  0.1000000E-03           1
|000100001011100100010100010001> :  0.4376519E-08  0.1000000E-03           1
|000100101100000000010110011001> :  0.2118539E-04  0.1000000E-03           1
|000100001010011000101010011011> :  0.8325105E-10  0.1000000E-03           1
|000000100100010000010101011001> :  0.6957134E-05  0.1000000E-03           1
|000000011100010000010100011001> :  0.1092843E-04  0.1000000E-03           1
|000100001001010001010110001001> :  0.1450949E-05  0.1000000E-03           1
|000100001001000110010001010100> :  0.2254264E-09  0.1000000E-03           1
|000000111100001000010110001001> :  0.1504919E-04  0.1000000E-03           1
|000100001000100001110010011000> :  0.8023797E-06  0.1000000E-03           1
|000100001000011110000100001001> :  0.3847027E-08  0.1000000E-03           1
|000000111100000100010100001001> :  0.7600826E-05  0.1000000E-03           1
|000000100100010000010101001001> :  0.6279778E-05  0.1000000E-03           1
|000100001000010001110110001001> :  0.1039074E-05  0.1000000E-03           1
|000100001000000110000100001100> :  0.2218747E-09  0.1000000E-03           1
|000000110100011000010100001011> :  0.1234781E-04  0.1000000E-03           1
|000100000101011100000000001101> :  0.4870090E-07  0.1000000E-03           1
|001000100100010000000110001011> :  0.2297006E-04  0.1000000E-03           1
|000100100001010100000000001101> :  0.9048228E-07  0.1000000E-03           1
|000000110100011000010001001011> :  0.1125141E-06  0.1000000E-03           1
|000000011100011000010110001001> :  0.4142314E-04  0.1000000E-03           1
|000000001100100000100111011000> :  0.8285458E-09  0.1000000E-03           1
|011000010000110111000000000011> :  0.1800274E-09  0.1000000E-03           1
|000100100100001000010001001001> :  0.1521997E-04  0.1000000E-03           1
|001000100101010000110110001001> :  0.5902870E-05  0.1000000E-03           1
|001000101100000000110111011001> :  0.2750379E-08  0.1000000E-03           1
|001000101100011001000000101000> :  0.1814449E-08  0.1000000E-03           1
|000100100100010100000111001001> :  0.7236442E-05  0.1000000E-03           1
|000100100100011000010111001001> :  0.7751594E-04  0.1000000E-03           1
|000100100100011100010101001001> :  0.1229198E-03  0.1000000E-03           1
|000100100100110000010110001001> :  0.1561879E-04  0.1000000E-03           1
|000100100101010100000001011001> :  0.5389652E-05  0.1000000E-03           1
|000100100101010100000100001001> :  0.3075984E-05  0.1000000E-03           1
|000100100101011000000001011001> :  0.5182237E-05  0.1000000E-03           1
|000100100101111000110010001101> :  0.1547520E-09  0.1000000E-03           1
|000100101000010000010101011001> :  0.3195642E-04  0.1000000E-03           1
|000100101001000000010010001100> :  0.6702802E-06  0.1000000E-03           1
|000100101001000000100010011001> :  0.6349175E-05  0.1000000E-03           1
|000100011100100000010010001001> :  0.3268061E-05  0.1000000E-03           1
|001100011100001000010011001001> :  0.3940838E-04  0.1000000E-03           1
|000100101100000001010110011001> :  0.3207951E-04  0.1000000E-03           1
|000100101100001000010001011001> :  0.2482677E-04  0.1000000E-03           1
|000100101100001000010010001001> :  0.2387735E-05  0.1000000E-03           1
|000100101100001000010011001001> :  0.4021317E-04  0.1000000E-03           1
|001100011111001000010000001001> :  0.2013919E-07  0.1000000E-03           1
|000100101100001000010101001001> :  0.6499630E-04  0.1000000E-03           1
|001100100001100000010010010101> :  0.4828507E-08  0.1000000E-03           1
|000100101100010000000100001101> :  0.1614754E-07  0.1000000E-03           1
|001100100100001000010010001001> :  0.1125940E-04  0.1000000E-03           1
|001100100100010000010001101001> :  0.4197792E-04  0.1000000E-03           1
|001100100100010000010100101001> :  0.1143588E-03  0.1000000E-03           1
|000100101100010100010110001001> :  0.1055949E-04  0.1000000E-03           1
|000100011100011000010100011001> :  0.7670752E-05  0.1000000E-03           1
|000100101101100000010100001011> :  0.1339356E-06  0.1000000E-03           1
|000100000100100001010011011101> :  0.3047775E-08  0.1000000E-03           1
|000100011100010100010110001001> :  0.4647348E-04  0.1000000E-03           1
|001000010101110000100000011001> :  0.2865225E-08  0.1000000E-03           1
|000100011100010100010100001001> :  0.2543074E-04  0.1000000E-03           1
|000100000100010101100111011001> :  0.1214245E-06  0.1000000E-03           1
|001000010100010100010110001011> :  0.1164714E-05  0.1000000E-03           1
|000100011100001100010100001001> :  0.1336836E-04  0.1000000E-03           1
|000100000100010100010111001001> :  0.8332789E-04  0.1000000E-03           1
|000100011100001100010001011001> :  0.2815500E-04  0.1000000E-03           1
|000100011100001000010111011000> :  0.1505252E-04  0.1000000E-03           1
|000100000100010100010101011001> :  0.8043928E-04  0.1000000E-03           1
|000000110100001000010110001001> :  0.3231759E-04  0.1000000E-03           1
|000000011100010100010111001001> :  0.1262073E-04  0.1000000E-03           1
|000100011100001000010111001001> :  0.1832169E-04  0.1000000E-03           1
|000100011100001000010111001000> :  0.2334609E-04  0.1000000E-03           1
|000100000001010000111000001001> :  0.4466706E-06  0.1000000E-03           1
|000100011100001000010110011001> :  0.3202477E-04  0.1000000E-03           1
|000101101000000000110110011001> :  0.3418419E-05  0.1000000E-03           1
|000011100110010000010100001001> :  0.9454679E-09  0.1000000E-03           1
|000000101101100000010111010001> :  0.7039977E-09  0.1000000E-03           1
|000100011100001000010011011001> :  0.1599012E-04  0.1000000E-03           1
|000100011100001000010011011000> :  0.6212669E-06  0.1000000E-03           1
|000010110100010000010110001001> :  0.6029597E-04  0.1000000E-03           1
|000100011100001000010011001011> :  0.2852718E-04  0.1000000E-03           1
|000100111100001100010001001001> :  0.3862390E-04  0.1000000E-03           1
|000010110000001100000001000001> :  0.1015190E-08  0.1000000E-03           1
|000000101100010000010110011001> :  0.9262993E-05  0.1000000E-03           1
|000000011100010100010110001011> :  0.1300189E-03  0.1000000E-03           1
|000000010100010100010110001011> :  0.3831716E-04  0.1000000E-03           1
|000100111100001001010110001001> :  0.1740971E-05  0.1000000E-03           1
|000100111100001001010001011001> :  0.1594138E-04  0.1000000E-03           1
|000100011100001000010011001000> :  0.9482470E-04  0.1000000E-03           1
|001100101101000000010110000100> :  0.3765564E-05  0.1000000E-03           1
|000100111100001100010100001001> :  0.2379350E-04  0.1000000E-03           1
|000100111100001101010001001001> :  0.1474663E-04  0.1000000E-03           1
|000100111100011000010110001001> :  0.6757966E-04  0.1000000E-03           1
|000100111101011000010100001100> :  0.3896726E-08  0.1000000E-03           1
|000100111110010000100110001001> :  0.1982317E-06  0.1000000E-03           1
|000101100100010000010100001001> :  0.5416882E-05  0.1000000E-03           1
|001100110100010000010100001001> :  0.6918408E-04  0.1000000E-03           1
|001100110100011000110100001001> :  0.1217288E-04  0.1000000E-03           1
|000101101000100001010000001000> :  0.7414785E-08  0.1000000E-03           1
|000101101011010000000110011001> :  0.1919264E-07  0.1000000E-03           1
|001100111100000000010000001001> :  0.2471142E-04  0.1000000E-03           1
|000101111100000000010100001001> :  0.6169858E-05  0.1000000E-03           1
|000110000101011101100010000001> :  0.3669506E-08  0.1000000E-03           1
|000110010100010000000111010011> :  0.4618419E-09  0.1000000E-03           1
|000110100110001001010110000001> :  0.1004322E-07  0.1000000E-03           1
|000110110000011001000000010001> :  0.1017732E-08  0.1000000E-03           1
|000111110000100010000000011001> :  0.1079326E-09  0.1000000E-03           1
|001000001100000001100110001011> :  0.1131689E-05  0.1000000E-03           1
|001000001100011000011110001101> :  0.1221675E-07  0.1000000E-03           1
|001000001101000110010100001001> :  0.1284927E-06  0.1000000E-03           1
|001000010100000001101110000011> :  0.3177912E-07  0.1000000E-03           1
|001110101000000000010110001001> :  0.4091012E-04  0.1000000E-03           1
|001000010100110001110110001001> :  0.3617883E-06  0.1000000E-03           1
|001110101101001000011000000001> :  0.2101103E-09  0.1000000E-03           1
|001000011000000101001110001001> :  0.2072997E-08  0.1000000E-03           1
|001000011100000000010110001001> :  0.4101674E-04  0.1000000E-03           1
|001000011100000001010010101011> :  0.6931979E-08  0.1000000E-03           1
|001000011100010000010110001001> :  0.1967175E-04  0.1000000E-03           1
|001000011100100000010110001001> :  0.3873389E-05  0.1000000E-03           1
|001000011101001000110010001000> :  0.1549132E-07  0.1000000E-03           1
|001000100000010001100110011001> :  0.6770954E-06  0.1000000E-03           1
|011000010100000001010010100001> :  0.3861408E-08  0.1000000E-03           1
|011000010100000100000110010010> :  0.2910212E-09  0.1000000E-03           1
|001000100100010000010111001001> :  0.2520550E-04  0.1000000E-03           1
|001000100100010000011110001001> :  0.2320046E-04  0.1000000E-03           1
|011100000100000001000110000011> :  0.3153827E-06  0.1000000E-03           1
|001000101000010011100110001000> :  0.4956964E-06  0.1000000E-03           1
|011100001100000001010110001001> :  0.6984450E-05  0.1000000E-03           1
|011100100000000001000110001001> :  0.4160586E-05  0.1000000E-03           1
|011100101000000001010110001001> :  0.1090518E-04  0.1000000E-03           1
|001000101100110001100010001001> :  0.1150741E-04  0.1000000E-03           1
|001000101101100000010100001011> :  0.7695288E-07  0.1000000E-03           1
|001000110101010000100110001011> :  0.2347262E-07  0.1000000E-03           1
|001000111001010000010111011000> :  0.1340146E-08  0.1000000E-03           1
|001000111100001000110110001001> :  0.8424305E-05  0.1000000E-03           1
|001001011100001010100010001000> :  0.4061526E-08  0.1000000E-03           1
|001010010000000001101010001011> :  0.2021838E-07  0.1000000E-03           1
|001010100100010000010110001001> :  0.1234241E-03  0.1000000E-03           1
|001010110100000010011100001001> :  0.4029031E-08  0.1000000E-03           1
|001100000000110001110110001001> :  0.5200710E-05  0.1000000E-03           1
|001100000101010000010010000101> :  0.3102895E-05  0.1000000E-03           1
|001100001000010101000111000001> :  0.4625612E-08  0.1000000E-03           1
|001100001000100001010110100001> :  0.6668693E-05  0.1000000E-03           1
|001100001100000000010100101011> :  0.4799745E-07  0.1000000E-03           1
|001100001100000000010110001011> :  0.4438239E-04  0.1000000E-03           1
|001100001100000000011110001011> :  0.4760910E-05  0.1000000E-03           1
|001100001100010000010110001001> :  0.5843651E-04  0.1000000E-03           1
|001100001100100001110110001001> :  0.1430616E-05  0.1000000E-03           1
|001100001100110000010110001001> :  0.8504002E-04  0.1000000E-03           1
|001100010100001001001010001011> :  0.4498463E-08  0.1000000E-03           1
|001100010110000101010100001011> :  0.1981182E-08  0.1000000E-03           1
|001100011000010001110010010001> :  0.4398918E-08  0.1000000E-03           1
|001100011100000000010010001001> :  0.9159572E-04  0.1000000E-03           1
|000100111100001000010110001001> :  0.7258930E-04  0.1000000E-03           1
|000100111100001000010100011000> :  0.1258110E-04  0.1000000E-03           1
|000100011100001000010010001001> :  0.2201389E-03  0.1000000E-03           1
|001100011100001000010011011000> :  0.1473899E-04  0.1000000E-03           1
|001100011100010000010110001001> :  0.1918993E-04  0.1000000E-03           1
|001100011100011001000010011001> :  0.1491247E-07  0.1000000E-03           1
|000010011000010001010110010100> :  0.1246605E-09  0.1000000E-03           1
|001100011100100000010110001001> :  0.6647224E-04  0.1000000E-03           1
|001100011100101000010010000001> :  0.4573633E-05  0.1000000E-03           1
|001100011100110000010110001001> :  0.1535911E-04  0.1000000E-03           1
|001100011101000000110110101000> :  0.2869048E-10  0.1000000E-03           1
|001100011110000000010110000000> :  0.1984111E-07  0.1000000E-03           1
|000100111100001000010001011000> :  0.5267806E-04  0.1000000E-03           1
|001100100000010000010110001001> :  0.8244288E-04  0.1000000E-03           1
|001100100000010000011110001001> :  0.3397733E-04  0.1000000E-03           1
|001100100001000100010001001101> :  0.3130423E-06  0.1000000E-03           1
|000100111100001000010000011001> :  0.5731092E-04  0.1000000E-03           1
|001100100100000000010101001001> :  0.5024403E-04  0.1000000E-03           1
|001100100100000001010110001001> :  0.9260740E-05  0.1000000E-03           1
|001100100100000100010101001001> :  0.1073410E-04  0.1000000E-03           1
|000100011100000100010111001001> :  0.5017912E-04  0.1000000E-03           1
|001100100100001000010110001001> :  0.1623439E-04  0.1000000E-03           1
|000100111100000100010101001001> :  0.1493897E-04  0.1000000E-03           1
|001100100100010000010011001001> :  0.4487567E-04  0.1000000E-03           1
|001100101100010000010101001001> :  0.5010969E-04  0.1000000E-03           1
|001100100100010000010110000001> :  0.5148902E-04  0.1000000E-03           1
|001100100100010000010110001011> :  0.9141641E-04  0.1000000E-03           1
|001100100100010001010100001001> :  0.8990820E-05  0.1000000E-03           1
|000010001010010101100110000011> :  0.1632659E-09  0.1000000E-03           1
|000000101100010000010100011001> :  0.2882369E-04  0.1000000E-03           1
|001100100100010100001100001001> :  0.1536667E-04  0.1000000E-03           1
|000100111100000000010111001001> :  0.1673118E-04  0.1000000E-03           1
|001100101100001000010010001001> :  0.3979806E-04  0.1000000E-03           1
|000100111100000000010101001001> :  0.3244312E-04  0.1000000E-03           1
|000100111100000000010100011001> :  0.3390539E-04  0.1000000E-03           1
|001100101100000000110111001001> :  0.1789759E-03  0.1000000E-03           1
|000100111100000000010011001001> :  0.3960016E-04  0.1000000E-03           1
|000001111100010000010100001001> :  0.8056815E-04  0.1000000E-03           1
|000100111100000000010001011001> :  0.8443854E-04  0.1000000E-03           1
|000100111000001000010110001001> :  0.4741367E-04  0.1000000E-03           1
|000100011100000000010110001001> :  0.2722620E-04  0.1000000E-03           1
|000100111000001000010011001001> :  0.5897583E-05  0.1000000E-03           1
|001100101011000000000110001001> :  0.3185286E-04  0.1000000E-03           1
|000100111000001000010001011000> :  0.6247020E-04  0.1000000E-03           1
|000100011100000000010011011001> :  0.1238292E-04  0.1000000E-03           1
|000001011110000000110010001011> :  0.7177425E-09  0.1000000E-03           1
|000000101100000001010000001001> :  0.9676264E-07  0.1000000E-03           1
|000100111000000000010110001001> :  0.1669877E-04  0.1000000E-03           1
|000100110100011100010100001001> :  0.6252449E-04  0.1000000E-03           1
|000100011100000000010010001011> :  0.4235207E-06  0.1000000E-03           1
|000100110100011000010100001001> :  0.4009871E-04  0.1000000E-03           1
|001100101001000000010010100001> :  0.1206170E-05  0.1000000E-03           1
|001100101000110000010110001001> :  0.4945855E-04  0.1000000E-03           1
|000100110100011000010010001001> :  0.1206007E-04  0.1000000E-03           1
|000100010100001100010011001001> :  0.7128699E-04  0.1000000E-03           1
|000001010100000101000101001011> :  0.2939978E-08  0.1000000E-03           1
|001100101000110000010100011001> :  0.4962673E-04  0.1000000E-03           1
|001100101000110000010010001001> :  0.1060226E-04  0.1000000E-03           1
|001100101001000000010101000101> :  0.2266655E-06  0.1000000E-03           1
|001100101001000000010110100001> :  0.8266917E-05  0.1000000E-03           1
|001100101001000000101100001001> :  0.1488045E-05  0.1000000E-03           1
|001100101001010000000010101001> :  0.1493834E-05  0.1000000E-03           1
|001100101001100000010100000011> :  0.7355122E-06  0.1000000E-03           1
|001100101001100001010110000001> :  0.3019834E-06  0.1000000E-03           1
|000100110100011000010000011001> :  0.2517295E-04  0.1000000E-03           1
|001100101100000000010100100011> :  0.1650428E-05  0.1000000E-03           1
|001100101000100000010100001001> :  0.1250719E-04  0.1000000E-03           1
|001100101100000000010110001011> :  0.1383837E-03  0.1000000E-03           1
|001100101100000000010110001101> :  0.5842082E-04  0.1000000E-03           1
|001100101100000000010110011001> :  0.1216651E-03  0.1000000E-03           1
|001100101100000000011110101001> :  0.5127607E-05  0.1000000E-03           1
|001100101100000000110101001001> :  0.2502450E-04  0.1000000E-03           1
|001100101000100000010010001001> :  0.7465458E-04  0.1000000E-03           1
|001100101100000001010110000101> :  0.1521046E-04  0.1000000E-03           1
|001100101100000001110111001001> :  0.1917379E-04  0.1000000E-03           1
|001100101100000010010110101001> :  0.5644277E-05  0.1000000E-03           1
|000100110100010100010101001001> :  0.4195047E-04  0.1000000E-03           1
|001100101100001000010110001001> :  0.1628716E-04  0.1000000E-03           1
|001100101100010000001110001001> :  0.8942957E-04  0.1000000E-03           1
|001100101100010000010100000001> :  0.1372611E-04  0.1000000E-03           1
|001100101000011001011000101011> :  0.7549014E-10  0.1000000E-03           1
|001100101000010000110110000001> :  0.8085276E-08  0.1000000E-03           1
|000100110100001101010001011001> :  0.1903009E-05  0.1000000E-03           1
|001100101100010010010100001001> :  0.3944827E-05  0.1000000E-03           1
|000100010100001000010011001001> :  0.1008190E-03  0.1000000E-03           1
|001100101100011000100110001001> :  0.7040431E-06  0.1000000E-03           1
|000001001010010000011110001001> :  0.9157657E-08  0.1000000E-03           1
|000000101000000000110110001100> :  0.2659243E-07  0.1000000E-03           1
|001100101000000100100110001001> :  0.2788656E-05  0.1000000E-03           1
|001100101100100001010000101001> :  0.2537820E-04  0.1000000E-03           1
|001100101100101000010010001001> :  0.2328179E-04  0.1000000E-03           1
|001100101100101000010110001001> :  0.4379120E-04  0.1000000E-03           1
|001100101000000001000110011001> :  0.3457034E-05  0.1000000E-03           1
|001100101100110000010110000001> :  0.1428801E-04  0.1000000E-03           1
|001100101100110000010110001001> :  0.2213593E-03  0.1000000E-03           1
|001100101101000000010000000101> :  0.8804753E-05  0.1000000E-03           1
|001100101000000000011110001001> :  0.1857929E-04  0.1000000E-03           1
|001100101101000000100000011001> :  0.2690351E-05  0.1000000E-03           1
|001100101101000000100110000101> :  0.2350261E-06  0.1000000E-03           1
|001100101101010000010110001011> :  0.2403486E-05  0.1000000E-03           1
|001100101101010001010010001001> :  0.6065843E-06  0.1000000E-03           1
|001100101110000000010110001001> :  0.3353141E-04  0.1000000E-03           1
|001100101110010000000110001001> :  0.4621163E-04  0.1000000E-03           1
|001100101110010000100101001001> :  0.2290620E-07  0.1000000E-03           1
|000100010000000010010101001101> :  0.6918114E-10  0.1000000E-03           1
|001100101111000000110110000001> :  0.1391203E-04  0.1000000E-03           1
|001100101000000000010110001101> :  0.1858463E-03  0.1000000E-03           1
|001100110100001000010000001001> :  0.7647819E-04  0.1000000E-03           1
|000100110100001000010011000001> :  0.3549663E-05  0.1000000E-03           1
|001100110100001000010110001001> :  0.3427152E-04  0.1000000E-03           1
|001100100101000000110100001001> :  0.1436312E-05  0.1000000E-03           1
|001100110100011000011000001101> :  0.1292918E-07  0.1000000E-03           1
|000100110100001000010001011001> :  0.4985927E-04  0.1000000E-03           1
|001100110101110100000100001001> :  0.1624638E-06  0.1000000E-03           1
|000100001101011000110110010000> :  0.5967060E-08  0.1000000E-03           1
|000001000100011100100111011000> :  0.1723696E-07  0.1000000E-03           1
|001100111000001000010110011000> :  0.8786960E-07  0.1000000E-03           1
|001100111100000000000110001001> :  0.1698101E-04  0.1000000E-03           1
|001100100101000000010010001101> :  0.4824187E-05  0.1000000E-03           1
|001100111100000000010100011001> :  0.1335176E-04  0.1000000E-03           1
|001100111100000000010110000001> :  0.1892916E-03  0.1000000E-03           1
|001100111100000000011100001100> :  0.1685929E-05  0.1000000E-03           1
|001100111100000000111100001001> :  0.3042787E-06  0.1000000E-03           1
|001100111100001000010010000001> :  0.3112673E-04  0.1000000E-03           1
|001100111100001000010010001001> :  0.7413834E-04  0.1000000E-03           1
|001100100100100000010110000001> :  0.7226061E-05  0.1000000E-03           1
|000100110100000000110010000101> :  0.1487837E-08  0.1000000E-03           1
|001100111100001000110100001001> :  0.2910135E-04  0.1000000E-03           1
|001100111100010001010001001001> :  0.1077385E-06  0.1000000E-03           1
|001100111100100000110100001001> :  0.3874154E-05  0.1000000E-03           1
|001100111101000010110110001001> :  0.5749170E-07  0.1000000E-03           1
|001101100100000000010100001101> :  0.4317468E-05  0.1000000E-03           1
|001101101101000000010110001001> :  0.7588884E-04  0.1000000E-03           1
|001110001000010001010000001011> :  0.5647200E-08  0.1000000E-03           1
|001110010000110000110010000011> :  0.6625093E-08  0.1000000E-03           1
|001110100000010001110010001001> :  0.3130645E-06  0.1000000E-03           1
|001110100000111001110010000000> :  0.1744689E-07  0.1000000E-03           1
|001110100001100000000000011001> :  0.8656486E-09  0.1000000E-03           1
|001100100100100000010011001001> :  0.3276057E-04  0.1000000E-03           1
|001110100100010000010100001001> :  0.1586851E-04  0.1000000E-03           1
|001100100100011001110010001001> :  0.1509311E-05  0.1000000E-03           1
|000100001100111001010010010001> :  0.2407322E-07  0.1000000E-03           1
|001110101100000000010110001001> :  0.2691646E-04  0.1000000E-03           1
|001110101100000000010110001101> :  0.5735289E-05  0.1000000E-03           1
|001100100100011000000110001001> :  0.1854313E-04  0.1000000E-03           1
|001110110000011100010000110001> :  0.4249076E-09  0.1000000E-03           1
|010000011100010001010110001001> :  0.1884144E-05  0.1000000E-03           1
|010000101100000000110100001001> :  0.1439034E-05  0.1000000E-03           1
|010000111100010011000110000001> :  0.2263982E-08  0.1000000E-03           1
|010010101000010000000100011001> :  0.2446543E-05  0.1000000E-03           1
|010010101000010000000110001001> :  0.5737853E-05  0.1000000E-03           1
|010010111000010001010100000001> :  0.3423100E-08  0.1000000E-03           1
|010100011001000000100011011001> :  0.6977586E-08  0.1000000E-03           1
|010100100101001000010010001001> :  0.3751596E-07  0.1000000E-03           1
|010100101011100000011010101001> :  0.1223111E-10  0.1000000E-03           1
|010100101100110100010001001001> :  0.6276242E-09  0.1000000E-03           1
|010100110101000101110101101000> :  0.3753270E-09  0.1000000E-03           1
|010101100001010100010000011001> :  0.6510492E-10  0.1000000E-03           1
|010110011010000100000100000100> :  0.4100686E-10  0.1000000E-03           1
|011000000000010101100010001001> :  0.5150957E-08  0.1000000E-03           1
|000100101110010000010110001001> :  0.2951879E-04  0.1000000E-03           1
|001100100100010100010101001001> :  0.2007267E-04  0.1000000E-03           1
|001100100100010100010100101001> :  0.3137074E-04  0.1000000E-03           1
|011000011100000001000110001001> :  0.1194716E-04  0.1000000E-03           1
|011000101100000001010100001001> :  0.1026722E-04  0.1000000E-03           1
|011000101100000100010110001001> :  0.1584036E-05  0.1000000E-03           1
|011000101100010001010100000001> :  0.1996501E-05  0.1000000E-03           1
|011010101100000000000100001001> :  0.2027414E-06  0.1000000E-03           1
|000100001100010100010101011001> :  0.5627910E-04  0.1000000E-03           1
|011100001000100001010000000001> :  0.5272794E-06  0.1000000E-03           1
|011100001000110000011110011001> :  0.6663806E-08  0.1000000E-03           1
|011100001001011000010110000000> :  0.7184537E-09  0.1000000E-03           1
|000000100100010100010101001001> :  0.2017580E-04  0.1000000E-03           1
|011100011010000000010110001100> :  0.5900872E-09  0.1000000E-03           1
|000000001110111000000110000011> :  0.3892615E-10  0.1000000E-03           1
|011100100100110000010110101001> :  0.4248563E-06  0.1000000E-03           1
|000000000101111000110010001001> :  0.2524471E-08  0.1000000E-03           1
|011100101000010000001010101001> :  0.3195329E-07  0.1000000E-03           1
|011100101000101000010000100001> :  0.5855916E-07  0.1000000E-03           1
|011100101100000000010010100001> :  0.2970074E-04  0.1000000E-03           1
|011100101100000000010100001001> :  0.2290533E-04  0.1000000E-03           1
|011100101100000000010110000101> :  0.7290675E-04  0.1000000E-03           1
|011100101100000000010110001101> :  0.9601873E-05  0.1000000E-03           1
|011100101100000000010110100001> :  0.1612527E-04  0.1000000E-03           1
|011100101100000000100100001001> :  0.4850842E-05  0.1000000E-03           1
|011100101100000100010110001001> :  0.1604940E-04  0.1000000E-03           1
|011100101100010000010100001001> :  0.1413907E-03  0.1000000E-03           1
|011100101100010000010110001101> :  0.2552286E-06  0.1000000E-03           1
|011100101100010100010110001001> :  0.9614963E-05  0.1000000E-03           1
|011100101110000000010110000001> :  0.4620706E-04  0.1000000E-03           1
|011100101110010000010110001001> :  0.2160184E-05  0.1000000E-03           1
|011100111000000000010001100001> :  0.3149095E-06  0.1000000E-03           1
|011100111000000000010010100001> :  0.4383976E-05  0.1000000E-03           1
|011100111000110001010000000001> :  0.3136516E-07  0.1000000E-03           1
|011110000010010000000110001001> :  0.2164701E-07  0.1000000E-03           1
|011110001100001000010110000001> :  0.1625134E-07  0.1000000E-03           1
|011110100000001000011000101001> :  0.3224730E-08  0.1000000E-03           1
|011110100110000000010100000001> :  0.3220961E-07  0.1000000E-03           1
|011110101000000000000111000001> :  0.9735389E-08  0.1000000E-03           1
|100000011001100010010101011000> :  0.7669265E-10  0.1000000E-03           1
|100100011100001000010011001000> :  0.1942441E-05  0.1000000E-03           1
|100101101100000000010110001001> :  0.1809184E-06  0.1000000E-03           1
|101100000100010001000110001101> :  0.7218815E-08  0.1000000E-03           1
|101100010000100001110010000001> :  0.1472948E-07  0.1000000E-03           1
|101100100100010001100010001000> :  0.3820389E-07  0.1000000E-03           1
|101100101100000000010111000011> :  0.1715817E-07  0.1000000E-03           1
|101100111100000000010110001001> :  0.3442799E-04  0.1000000E-03           1
|101101101100010000010110001001> :  0.3159414E-06  0.1000000E-03           1
|101110111001100000010100000001> :  0.1264604E-09  0.1000000E-03           1
|111110010001010001000010000001> :  0.7499160E-09  0.1000000E-03           1
|000000000101000100000010001111> :  0.6350099E-09  0.1000000E-03           1
