# state, exact probability, frequency, count:
#------------------------------------------------------------------
|01110110110011011000110010100011000> :  0.1827458E+00  0.1802000E+00        1802
|10001001001100100111001101011100111> :  0.1827458E+00  0.1791000E+00        1791
|10001001101100100111001101011100111> :  0.3624416E-01  0.3910000E-01         391
|01110110010011011000110010100011000> :  0.3624416E-01  0.3500000E-01         350
|01101011101010110111100100001100000> :  0.3148422E-01  0.3370000E-01         337
|01101011101010100111100101001100000> :  0.3292931E-01  0.3360000E-01         336
|10010100010101001000011011110011111> :  0.3148422E-01  0.3280000E-01         328
|10010100010101011000011010110011111> :  0.3292931E-01  0.3090000E-01         309
|00001011101100100111001101001100110> :  0.1866118E-01  0.1840000E-01         184
|11110100010011011000110010110011001> :  0.1866118E-01  0.1680000E-01         168
|00001011101100100110001101001100111> :  0.1182810E-01  0.1460000E-01         146
|00010100011100010100111011010011111> :  0.1099574E-01  0.1230000E-01         123
|11101011100011101011000100101100000> :  0.1099574E-01  0.1230000E-01         123
|11110100010011011001110010110011000> :  0.1182810E-01  0.1150000E-01         115
|00000100101110010100111011010111101> :  0.7430162E-02  0.7400000E-02          74
|11110110010011001000110010100011000> :  0.7096624E-02  0.7200000E-02          72
|10001001101100100111000101011100111> :  0.6072265E-02  0.6800000E-02          68
|10001001101100100111001001011100111> :  0.6396886E-02  0.6600000E-02          66
|01110110010011011000111010100011000> :  0.6072265E-02  0.6500000E-02          65
|01110110010011011000110110100011000> :  0.6396886E-02  0.6400000E-02          64
|00001001101100110111001101011100111> :  0.7096624E-02  0.6300000E-02          63
|11111011010001101011000100101000010> :  0.7430162E-02  0.6300000E-02          63
|10010100010101011000011011110011111> :  0.5701484E-02  0.5900000E-02          59
|01101011101010100111100100001100000> :  0.5701484E-02  0.5800000E-02          58
|11110110010011001000110010110011000> :  0.4576658E-02  0.5300000E-02          53
|00010100001110010100111011010111101> :  0.4170124E-02  0.5200000E-02          52
|11010100010101011000011010110011011> :  0.5092148E-02  0.5100000E-02          51
|01110100110011011000110010100011000> :  0.5570457E-02  0.5100000E-02          51
|00101011101010100111100101001100100> :  0.5092148E-02  0.4700000E-02          47
|10001011001100100111001101011100111> :  0.5570457E-02  0.4600000E-02          46
|00001001101100110111001101001100111> :  0.4576658E-02  0.4400000E-02          44
|00000100001110010100111011010111101> :  0.4582978E-02  0.4400000E-02          44
|10001011001100100111001101011100110> :  0.4201192E-02  0.4300000E-02          43
|11101011110001101011000100101000010> :  0.4170124E-02  0.4200000E-02          42
|01110100110011011000110010100011001> :  0.4201192E-02  0.3800000E-02          38
|10001001101100100111001001001110111> :  0.3399320E-02  0.3700000E-02          37
|11111011110001101011000100101000010> :  0.4582978E-02  0.3700000E-02          37
|11101011110011101011000100101000000> :  0.3619655E-02  0.3600000E-02          36
|00001001101100100110101001000111111> :  0.3229551E-02  0.3300000E-02          33
|11110110010001011000011010110011010> :  0.2268190E-02  0.3100000E-02          31
|01110110010011011000110110110001000> :  0.3399320E-02  0.3100000E-02          31
|11110100010011011000110010110011000> :  0.2800809E-02  0.3000000E-02          30
|11100110110011101010110110100000000> :  0.3039207E-02  0.3000000E-02          30
|00001011101100100111001101001100111> :  0.2800809E-02  0.2900000E-02          29
|00001001101110100111100101001100101> :  0.2268190E-02  0.2900000E-02          29
|00010100001100010100111011010111111> :  0.3619655E-02  0.2800000E-02          28
|10001001101100100111001001011110111> :  0.2227531E-02  0.2700000E-02          27
|00011001001100010101001001011111111> :  0.3039207E-02  0.2600000E-02          26
|11110110010011011001010110111000000> :  0.3229551E-02  0.2500000E-02          25
|10001001001100100111001001011100111> :  0.2601460E-02  0.2500000E-02          25
|01110110010011011000110110100001000> :  0.2227531E-02  0.2200000E-02          22
|11010100010011011000110010110011001> :  0.2370740E-02  0.2200000E-02          22
|10011000000101010111001011011010111> :  0.1287733E-02  0.2100000E-02          21
|01110110010011011000111010110011000> :  0.2013352E-02  0.2100000E-02          21
|10010000000101011011001011111010111> :  0.1696981E-02  0.2000000E-02          20
|10001001101100100111000101001100111> :  0.2013352E-02  0.2000000E-02          20
|01100111111011001000110100100101000> :  0.1023967E-02  0.2000000E-02          20
|01110110110011011000110110100011000> :  0.2601460E-02  0.1900000E-02          19
|01110110110011011000110010100011001> :  0.1817389E-02  0.1900000E-02          19
|00101011101100100111001101001100110> :  0.2370740E-02  0.1800000E-02          18
|00101001101110100111100101001100101> :  0.1203777E-02  0.1800000E-02          18
|11100110010011001011110110111000000> :  0.1637210E-02  0.1800000E-02          18
|10001001001100100111001101011100110> :  0.1817389E-02  0.1700000E-02          17
|10010100010101001000011010110011111> :  0.1456412E-02  0.1500000E-02          15
|00001001101100100111001101011100111> :  0.1298493E-02  0.1500000E-02          15
|11110110010001011000011010110011000> :  0.1483584E-02  0.1500000E-02          15
|11100110110011001010110110101000000> :  0.1196732E-02  0.1500000E-02          15
|00011001101100110100001001000111111> :  0.1637210E-02  0.1500000E-02          15
|11110100010011001000110010110011001> :  0.9188146E-03  0.1500000E-02          15
|01101011101010100111100101000100000> :  0.9692733E-03  0.1400000E-02          14
|01101011101010110111100100001000000> :  0.9779351E-03  0.1300000E-02          13
|11010110010001011000011010110011010> :  0.1203777E-02  0.1300000E-02          13
|01100111111010100100110100100101000> :  0.8739868E-03  0.1300000E-02          13
|01110110010011011000110010110001000> :  0.1268108E-02  0.1200000E-02          12
|01101111111010100100110100000101000> :  0.1696981E-02  0.1200000E-02          12
|10010100010101001000011011110111111> :  0.9779351E-03  0.1200000E-02          12
|10001001101100110111001001011100111> :  0.7662810E-03  0.1100000E-02          11
|01101011101010110111100101001100000> :  0.1456412E-02  0.1100000E-02          11
|00011001001100110101001001010111111> :  0.1196732E-02  0.1100000E-02          11
|11110110010011011000110010100011000> :  0.1298493E-02  0.1000000E-02          10
|10001001101100100111001101001110111> :  0.1268108E-02  0.1000000E-02          10
|10001001101100110111001001001110111> :  0.8448664E-03  0.1000000E-02          10
|01100111111010101000110100100101000> :  0.1287733E-02  0.1000000E-02          10
|10010100010101011000011010111011111> :  0.9692733E-03  0.1000000E-02          10
|11110100110011011000110010100011001> :  0.4595405E-03  0.9000000E-03           9
|10011000000100110111001001011110111> :  0.6345313E-03  0.9000000E-03           9
|10011000000101011011001011011010111> :  0.8739868E-03  0.9000000E-03           9
|11110110010011001000010110110001000> :  0.6605430E-03  0.9000000E-03           9
|01110110110011011000110110100001000> :  0.7279766E-03  0.9000000E-03           9
|00010100001100010101111001010111111> :  0.5690064E-03  0.9000000E-03           9
|00110000101110010100111011000111101> :  0.7150278E-03  0.9000000E-03           9
|10010100010101011100011010110011111> :  0.3702782E-03  0.9000000E-03           9
|00001011001100100111001101011100111> :  0.5152923E-03  0.8000000E-03           8
|10001001101100100111001101001100110> :  0.4704019E-03  0.8000000E-03           8
|11000110010011101010010110110100000> :  0.5272836E-03  0.8000000E-03           8
|01110110010011001000110110110001000> :  0.8448664E-03  0.8000000E-03           8
|01101011101011110111100000001000010> :  0.6853657E-03  0.8000000E-03           8
|00001011001100100111001101011100110> :  0.4595405E-03  0.8000000E-03           8
|00001001101100110111101001001110111> :  0.6605430E-03  0.8000000E-03           8
|00001001101110100111100101001100111> :  0.1483584E-02  0.7000000E-03           7
|00001011101100100110001101000100111> :  0.7399405E-03  0.7000000E-03           7
|00111001001100010101101001011011111> :  0.5236755E-03  0.7000000E-03           7
|00001011101100110111001101001100110> :  0.9188146E-03  0.7000000E-03           7
|11110110010011011000110010110011000> :  0.9792818E-03  0.7000000E-03           7
|10001001001100100111001001011110111> :  0.7279766E-03  0.7000000E-03           7
|00001001101100100111001101001100111> :  0.9792818E-03  0.7000000E-03           7
|11110100110011011000110010100011000> :  0.5152923E-03  0.6000000E-03           6
|11110110010011001000110010111001000> :  0.2648045E-03  0.6000000E-03           6
|00011001001100010101101001011011111> :  0.4399163E-03  0.6000000E-03           6
|11100100010011011000110010111011001> :  0.3079482E-03  0.6000000E-03           6
|01110110010011011000110010100011001> :  0.2959075E-03  0.6000000E-03           6
|11001111010001101011000100111000010> :  0.7150278E-03  0.6000000E-03           6
|00001001101100110111000101001100111> :  0.3058500E-03  0.6000000E-03           6
|01110110010011011000011010110011000> :  0.4367510E-03  0.6000000E-03           6
|01100110110011011000110010100011000> :  0.7283401E-03  0.6000000E-03           6
|10010100010101001000011011110011110> :  0.6657305E-03  0.6000000E-03           6
|01110110010011001000110110100011000> :  0.7662810E-03  0.6000000E-03           6
|10001001101100110111001101001100111> :  0.3378377E-03  0.5000000E-03           5
|10011001001100100111001101011100111> :  0.7283401E-03  0.5000000E-03           5
|00011001101100110110001001000111111> :  0.2795193E-03  0.5000000E-03           5
|01101011101010110111100100001100001> :  0.6657305E-03  0.5000000E-03           5
|00001011101100100110001101001100110> :  0.5345201E-03  0.5000000E-03           5
|10011000000100110111001101011110111> :  0.3763263E-03  0.5000000E-03           5
|00000100001110010101111001010111111> :  0.8238636E-04  0.5000000E-03           5
|01110100010011011001110010110011000> :  0.1477779E-03  0.5000000E-03           5
|11000110110011101010010110100100000> :  0.5236755E-03  0.5000000E-03           5
|11110100010011011001110010111011000> :  0.7399405E-03  0.5000000E-03           5
|10010100010100001000011111110111101> :  0.6853657E-03  0.5000000E-03           5
|01110110010011001000110010110011000> :  0.3378377E-03  0.5000000E-03           5
|01100000101110010100111001000111101> :  0.5812505E-03  0.5000000E-03           5
|11110110110011011000110010100011000> :  0.3285230E-03  0.5000000E-03           5
|01110110111011001000110010100011000> :  0.3318480E-03  0.5000000E-03           5
|01110110010011011000110010110011001> :  0.4704019E-03  0.5000000E-03           5
|11110100010011011001110010110011001> :  0.5345201E-03  0.5000000E-03           5
|10001011101100100111001101001100110> :  0.4345331E-03  0.5000000E-03           5
|01100111111011001000110010100001000> :  0.3763263E-03  0.5000000E-03           5
|00011011001100100111001101000100110> :  0.1856778E-03  0.4000000E-03           4
|11100110110011101010010110100100000> :  0.4399163E-03  0.4000000E-03           4
|11100110110011101010010111100100000> :  0.1745787E-03  0.4000000E-03           4
|10001001101100110111001101011100111> :  0.3820458E-03  0.4000000E-03           4
|00001001001100100111001101011100111> :  0.3285230E-03  0.4000000E-03           4
|00111001001100010101101000011011111> :  0.1593692E-03  0.4000000E-03           4
|01100111111011001000110110100001000> :  0.6345313E-03  0.4000000E-03           4
|11110100010011001001110010110011000> :  0.2291061E-03  0.4000000E-03           4
|01101011101010100110111101000100000> :  0.1592736E-03  0.4000000E-03           4
|00111001101100010101101001001011111> :  0.5272836E-03  0.4000000E-03           4
|11110110010011001000111010100011000> :  0.1192042E-03  0.4000000E-03           4
|11110110010011001000111010110011000> :  0.3058500E-03  0.4000000E-03           4
|01110110010011001000111010110011000> :  0.3405928E-03  0.4000000E-03           4
|11010110010011001000110010110011000> :  0.2222970E-03  0.4000000E-03           4
|10011111010001101011000110111000010> :  0.5812505E-03  0.4000000E-03           4
|01101011101011110111100100001000000> :  0.3977393E-03  0.4000000E-03           4
|10001001101100110111000101011100111> :  0.2817615E-03  0.4000000E-03           4
|10001001101110100111000101001100111> :  0.3117065E-03  0.4000000E-03           4
|11100110010011001001110110111000000> :  0.2795193E-03  0.4000000E-03           4
|11000110110011101010010111100100000> :  0.1593692E-03  0.4000000E-03           4
|10011000000100110111001011011010111> :  0.1023967E-02  0.4000000E-03           4
|00001011101100100111001101000100110> :  0.2894384E-03  0.4000000E-03           4
|00001001101100110111001101000110111> :  0.2648045E-03  0.4000000E-03           4
|10001001101100100111001101011100101> :  0.3576393E-04  0.4000000E-03           4
|01110110010011011000110110111001000> :  0.1602424E-03  0.4000000E-03           4
|10011001001100100111001001010110111> :  0.1598241E-03  0.3000000E-03           3
|01110110010011001000111010100011000> :  0.2817615E-03  0.3000000E-03           3
|11110110010011001001110110111000000> :  0.3510208E-03  0.3000000E-03           3
|11110110110011001000110010100011000> :  0.1902583E-03  0.3000000E-03           3
|00001001101100110100001001010111111> :  0.1005416E-03  0.3000000E-03           3
|10001001101100100111100101001100111> :  0.4367510E-03  0.3000000E-03           3
|11011111010001101011000110110000010> :  0.1351563E-03  0.3000000E-03           3
|01110100010011011000110010110011001> :  0.4345331E-03  0.3000000E-03           3
|01101011101010100011100101001100000> :  0.3702782E-03  0.3000000E-03           3
|11110110010011001000110110110001000> :  0.2604493E-03  0.3000000E-03           3
|01101011101010110111100101001000000> :  0.5792051E-04  0.3000000E-03           3
|10001001101110100111100101001100101> :  0.3149908E-03  0.3000000E-03           3
|01110110010011011000110110101001000> :  0.8192362E-04  0.3000000E-03           3
|01110110010011011000110010111001000> :  0.4150346E-03  0.3000000E-03           3
|01100111111010001000110100100101000> :  0.4069626E-03  0.3000000E-03           3
|00001001101100110111001001001110111> :  0.2604493E-03  0.3000000E-03           3
|11100110010011001010110110111000000> :  0.2161854E-03  0.3000000E-03           3
|11101011110011101010000110101000000> :  0.5690064E-03  0.3000000E-03           3
|00100000101110010100111011000111101> :  0.2096205E-03  0.3000000E-03           3
|00111001101100110111101001001010110> :  0.1262900E-03  0.3000000E-03           3
|11001111000001101011000100111100010> :  0.3172953E-03  0.3000000E-03           3
|11010100010111011000110010110011001> :  0.1570724E-03  0.3000000E-03           3
|11100100110011011000110010111011001> :  0.1856778E-03  0.3000000E-03           3
|00011011001100100111001101010100110> :  0.2398614E-03  0.3000000E-03           3
|00011011101100100111001101000100110> :  0.3079482E-03  0.3000000E-03           3
|11101011110010101011100100101000000> :  0.2335758E-03  0.3000000E-03           3
|10010100010101011001000010111011111> :  0.1592736E-03  0.3000000E-03           3
|00010100001101010100011011010111111> :  0.2335758E-03  0.3000000E-03           3
|01110110010001011000111010110011000> :  0.3117065E-03  0.3000000E-03           3
|00011001101100100110001001000111111> :  0.1064650E-03  0.2000000E-03           2
|11010100010101011000011010110011110> :  0.8771731E-04  0.2000000E-03           2
|00001001101100110100011001000111111> :  0.1123710E-03  0.2000000E-03           2
|01110110011011001000110010100011000> :  0.7045678E-04  0.2000000E-03           2
|00100000101110010100111011001111101> :  0.3868020E-04  0.2000000E-03           2
|11110110010011001001010110111000000> :  0.8386762E-04  0.2000000E-03           2
|01110110010001011000011010110011010> :  0.3149908E-03  0.2000000E-03           2
|11010110010011001000110010110011001> :  0.8025236E-04  0.2000000E-03           2
|00011001101100110111001001000111111> :  0.4839389E-04  0.2000000E-03           2
|01101011100011101011000100101100000> :  0.5648386E-04  0.2000000E-03           2
|00001001101110110111100101001100101> :  0.1567297E-03  0.2000000E-03           2
|00001001101100100111101001001110111> :  0.1524910E-03  0.2000000E-03           2
|00010100010101011100011010110011111> :  0.2231461E-04  0.2000000E-03           2
|11000110010011001011010110110100000> :  0.7970951E-04  0.2000000E-03           2
|11100110010011001000110110111001000> :  0.1067238E-03  0.2000000E-03           2
|01101011101010110111000101001100000> :  0.7162119E-04  0.2000000E-03           2
|11111011010001101011000110101000000> :  0.8698771E-04  0.2000000E-03           2
|01110110010011011000111010110001000> :  0.6080005E-04  0.2000000E-03           2
|01110110110011011000110110101001000> :  0.2390634E-04  0.2000000E-03           2
|11110100010011001000110010110011000> :  0.5606108E-04  0.2000000E-03           2
|00110110110011011000110010100011000> :  0.9217811E-04  0.2000000E-03           2
|01110100010111011000110010110011001> :  0.8451660E-04  0.2000000E-03           2
|01101011101010100111101101000100000> :  0.7909210E-04  0.2000000E-03           2
|11010100010011001000110010110011001> :  0.2555448E-03  0.2000000E-03           2
|11011111010001101011000100111000010> :  0.2096205E-03  0.2000000E-03           2
|10011001000100110111001101011100111> :  0.6383354E-04  0.2000000E-03           2
|10001001100100110111001101011100111> :  0.7045678E-04  0.2000000E-03           2
|10001001101100100111001001001100111> :  0.4848885E-04  0.2000000E-03           2
|11110110010001001000011010110011010> :  0.1567297E-03  0.2000000E-03           2
|01101011101010110110001101000100000> :  0.1664414E-04  0.2000000E-03           2
|01101011111010110101100000001001011> :  0.7298702E-05  0.2000000E-03           2
|10001001101100110111000101001100111> :  0.3405928E-03  0.2000000E-03           2
|00001001101110100111100001001100111> :  0.5332493E-04  0.2000000E-03           2
|00101001101100110111001101001100111> :  0.2222970E-03  0.2000000E-03           2
|01110110110011001000110010100011000> :  0.3664877E-03  0.2000000E-03           2
|00100000101110010100111011010111101> :  0.1450119E-03  0.2000000E-03           2
|10001011101100100110001101001100111> :  0.1477779E-03  0.2000000E-03           2
|11000100010110001000110011110011101> :  0.6754097E-04  0.2000000E-03           2
|01110110010011011000110110110011000> :  0.4848885E-04  0.2000000E-03           2
|00100100101110010100111011000111101> :  0.1083542E-03  0.2000000E-03           2
|01110110010011011000110010110011000> :  0.2685369E-03  0.2000000E-03           2
|01101011100011111011000100001100000> :  0.3639992E-04  0.2000000E-03           2
|00101011101100100111001101000100110> :  0.8773730E-04  0.2000000E-03           2
|00001011101100110110001101001100111> :  0.2291061E-03  0.2000000E-03           2
|01101011101001110111100100001000010> :  0.4991806E-04  0.2000000E-03           2
|11110110010011001000110110110011000> :  0.7960974E-04  0.2000000E-03           2
|10011000000101110111001011011010111> :  0.4069626E-03  0.2000000E-03           2
|11010100010001001000111010110011110> :  0.8337443E-04  0.2000000E-03           2
|01110110010011001000110010100011000> :  0.3820458E-03  0.2000000E-03           2
|10001001101100100111001001000110111> :  0.1602424E-03  0.2000000E-03           2
|10011000001100100111001001010110111> :  0.2484210E-04  0.2000000E-03           2
|10001001101100100111001001010110111> :  0.8192362E-04  0.2000000E-03           2
|10001001101100100111001101000110111> :  0.4150346E-03  0.2000000E-03           2
|00001001101100100110001001000111111> :  0.2478928E-04  0.2000000E-03           2
|00001001101100110100101001000111111> :  0.3824467E-04  0.2000000E-03           2
|00001001101100110100001001011111111> :  0.6438192E-04  0.2000000E-03           2
|01101011101010100111100100101100000> :  0.2122744E-03  0.2000000E-03           2
|10011001101100100111001001000110111> :  0.4792182E-04  0.2000000E-03           2
|00001001101100110111001101001110111> :  0.7262022E-04  0.2000000E-03           2
|10001001101100110111101001001010111> :  0.1235353E-03  0.2000000E-03           2
|00001001101100110110001001000111111> :  0.3510208E-03  0.2000000E-03           2
|00010100001100010100011011010111111> :  0.4918643E-04  0.2000000E-03           2
|10010100010100001000011011110111111> :  0.3977393E-03  0.2000000E-03           2
|00011001101100110101001001000111111> :  0.2161854E-03  0.2000000E-03           2
|11110110010011101011000110101000000> :  0.2546382E-04  0.2000000E-03           2
|01100111111011011000110010101001000> :  0.3022802E-04  0.2000000E-03           2
|11111011010001101011000110101000010> :  0.2894544E-03  0.2000000E-03           2
|10001001101110100111000101001100101> :  0.1810302E-03  0.2000000E-03           2
|01100111111011001000110100101001000> :  0.5766459E-04  0.2000000E-03           2
|01100111111011001000110010101001000> :  0.2103047E-03  0.2000000E-03           2
|00101001101110110111100001001100101> :  0.1899465E-04  0.2000000E-03           2
|11110110010011001011110110101000000> :  0.1005416E-03  0.2000000E-03           2
|10010100010101001000111010110011111> :  0.7162119E-04  0.2000000E-03           2
|10011000000100110111001101010110111> :  0.2103047E-03  0.2000000E-03           2
|00001001001100110111001101011100111> :  0.1902583E-03  0.2000000E-03           2
|00010100001100010100111011010011111> :  0.2106578E-03  0.2000000E-03           2
|10001001101100100111001101011100110> :  0.2959075E-03  0.2000000E-03           2
|00001011101100100110001001000111111> :  0.1911582E-03  0.2000000E-03           2
|11001010111010101110110001000010101> :  0.1212344E-09  0.1000000E-03           1
|00100001110110110101111001010010101> :  0.2014086E-09  0.1000000E-03           1
|11011011010001101011000100101000010> :  0.4255491E-04  0.1000000E-03           1
|10011001101110001111000100001110101> :  0.2492447E-09  0.1000000E-03           1
|11111111010001001000010100101101000> :  0.1715976E-09  0.1000000E-03           1
|00001001101100111110101000001110101> :  0.3797709E-08  0.1000000E-03           1
|11101011010001101001001100101000010> :  0.9266176E-07  0.1000000E-03           1
|10000001000100110111011100011110101> :  0.1116108E-08  0.1000000E-03           1
|00000000111110111101011001010110101> :  0.3165040E-09  0.1000000E-03           1
|00111011001001110111001100001100010> :  0.9560599E-05  0.1000000E-03           1
|00001000101110010101011101011110101> :  0.1103192E-04  0.1000000E-03           1
|11000110110010011100110010110001000> :  0.4915994E-09  0.1000000E-03           1
|10011000101000110100101001000110101> :  0.6643804E-09  0.1000000E-03           1
|00110011000001101011101101001100010> :  0.3116643E-09  0.1000000E-03           1
|11111011110001101010000110101000000> :  0.8238636E-04  0.1000000E-03           1
|11110000010110011001100000101010101> :  0.2899085E-09  0.1000000E-03           1
|10010000010101110111011010010010101> :  0.4987007E-10  0.1000000E-03           1
|11101010100010101011010111001100010> :  0.1295312E-09  0.1000000E-03           1
|01110110110011011001110010111000101> :  0.3412878E-08  0.1000000E-03           1
|00101011101100110011001111001000101> :  0.2515766E-09  0.1000000E-03           1
|10100010000011011011011010111000010> :  0.3075795E-09  0.1000000E-03           1
|11100110010011011000110110111000000> :  0.1558159E-04  0.1000000E-03           1
|10001011101100100011001111011100101> :  0.5214325E-06  0.1000000E-03           1
|00001010101001111110011101001100101> :  0.7401037E-09  0.1000000E-03           1
|10101001101110100011001001101100010> :  0.1286703E-08  0.1000000E-03           1
|00001010001100000111111101010100101> :  0.4969234E-09  0.1000000E-03           1
|11100110010011010001111110100001000> :  0.1305591E-08  0.1000000E-03           1
|11110110010011010000011110010001000> :  0.2818241E-08  0.1000000E-03           1
|00101001111110110100000111101000101> :  0.2095949E-09  0.1000000E-03           1
|11101001100000101011101101001100010> :  0.2300855E-08  0.1000000E-03           1
|01100011101010100111000100001100000> :  0.2245973E-05  0.1000000E-03           1
|00101001101110110111100101001100101> :  0.1733025E-03  0.1000000E-03           1
|01110110010011001000110110111001000> :  0.9082466E-04  0.1000000E-03           1
|11101001001001110111001100001000010> :  0.3616512E-08  0.1000000E-03           1
|11000110010001111000001011110011111> :  0.1899007E-09  0.1000000E-03           1
|11110110010011001000010110110101000> :  0.1203771E-03  0.1000000E-03           1
|00101001101110110101011101001100101> :  0.8938699E-06  0.1000000E-03           1
|01110110010110011000110111100010001> :  0.8679711E-10  0.1000000E-03           1
|10010100011100001000111011110011111> :  0.3615388E-04  0.1000000E-03           1
|01110101000011010101100100111001000> :  0.7165184E-10  0.1000000E-03           1
|10010110000101011000111111110010001> :  0.4607886E-09  0.1000000E-03           1
|01111100110111110001010110100001000> :  0.1115108E-09  0.1000000E-03           1
|10010100010101001000111011110011111> :  0.1745650E-04  0.1000000E-03           1
|11111011110011000010000110101001000> :  0.1056950E-08  0.1000000E-03           1
|10000100000111010101011101011010001> :  0.5703164E-10  0.1000000E-03           1
|11110110010011001011110110100000000> :  0.6438192E-04  0.1000000E-03           1
|01111011101011010001010100001001000> :  0.3145158E-09  0.1000000E-03           1
|10001001101100100111000101011100101> :  0.1571521E-04  0.1000000E-03           1
|11010011011010000111111011110010001> :  0.2424000E-13  0.1000000E-03           1
|10001001001100100101001111110100101> :  0.1389780E-09  0.1000000E-03           1
|10010000001110010111101100001100101> :  0.9045602E-09  0.1000000E-03           1
|00011001100110010101001101011110001> :  0.6506853E-09  0.1000000E-03           1
|11110110010011001011010110111000000> :  0.3824467E-04  0.1000000E-03           1
|10001000000110100101011101111100101> :  0.2764385E-09  0.1000000E-03           1
|11001101110110001000010111101110100> :  0.1884759E-09  0.1000000E-03           1
|10001000110110011100011111110010001> :  0.6303956E-09  0.1000000E-03           1
|10010100000101001011011111110110100> :  0.1071859E-03  0.1000000E-03           1
|00010001111100010110011001011011111> :  0.9163896E-10  0.1000000E-03           1
|10001001110100110100001100011011111> :  0.3140286E-09  0.1000000E-03           1
|00001001101100110111101001000110111> :  0.2804803E-04  0.1000000E-03           1
|00001001101100110111001001000111111> :  0.2039873E-04  0.1000000E-03           1
|11000100000100011001110111111110100> :  0.2528699E-09  0.1000000E-03           1
|10110000000110111000011101011110001> :  0.8135439E-10  0.1000000E-03           1
|00000100000011001001010111111110100> :  0.1353497E-09  0.1000000E-03           1
|00011011101101010110001100001110100> :  0.1763091E-09  0.1000000E-03           1
|11100111011011101001010010111000001> :  0.2357437E-09  0.1000000E-03           1
|10010011100000100101001111010010100> :  0.5198075E-12  0.1000000E-03           1
|01110010111010011000100100101010100> :  0.4585989E-10  0.1000000E-03           1
|11101110000111111010000100001100001> :  0.1557437E-09  0.1000000E-03           1
|11110110010011001011000110111000000> :  0.1156609E-03  0.1000000E-03           1
|00111000001111010101011110000110100> :  0.9275304E-10  0.1000000E-03           1
|00011001001100110100000001000111111> :  0.2411888E-06  0.1000000E-03           1
|10001111100001110111011100000100100> :  0.3341545E-09  0.1000000E-03           1
|10001110010011001011111110111000100> :  0.7647795E-10  0.1000000E-03           1
|00001000011110100100101001000111111> :  0.6862757E-09  0.1000000E-03           1
|11010101110011011000100010111000100> :  0.1600484E-09  0.1000000E-03           1
|00101011101010110111100100001100001> :  0.5221953E-04  0.1000000E-03           1
|01101011101010110111100100101000000> :  0.1004579E-03  0.1000000E-03           1
|00001101101110010101110101111100100> :  0.5736999E-06  0.1000000E-03           1
|10000101001100010001011101011100100> :  0.1222503E-09  0.1000000E-03           1
|00101011101010100111100101001100001> :  0.8771731E-04  0.1000000E-03           1
|00101101001000100111100101001100100> :  0.2902987E-09  0.1000000E-03           1
|00001100110011011101110100111000100> :  0.1372878E-09  0.1000000E-03           1
|01101011101010100111100100001100001> :  0.7107503E-04  0.1000000E-03           1
|11110110010011001010110110110000000> :  0.3302865E-05  0.1000000E-03           1
|10010100010111101000010111110000100> :  0.1592939E-09  0.1000000E-03           1
|00111100010110011101011110110000100> :  0.1149291E-09  0.1000000E-03           1
|11101011100111111011000100111100001> :  0.3305038E-09  0.1000000E-03           1
|00011011111010110100100000001100100> :  0.1371006E-10  0.1000000E-03           1
|01001000001100110101001101011110111> :  0.2375983E-08  0.1000000E-03           1
|00101011111010101111101001000100100> :  0.3079169E-08  0.1000000E-03           1
|11101011100110100010110101100100001> :  0.1783509E-09  0.1000000E-03           1
|11110110010011001010110110100000000> :  0.5276378E-04  0.1000000E-03           1
|01101011101010100110101101000100000> :  0.1648030E-03  0.1000000E-03           1
|01011011101010110110100001001000100> :  0.1511691E-08  0.1000000E-03           1
|11010110011110001000011010110001110> :  0.9797605E-09  0.1000000E-03           1
|11101011100010101010000101001100001> :  0.5664270E-08  0.1000000E-03           1
|00101011101010100111001101001100100> :  0.2692462E-05  0.1000000E-03           1
|10101011101010100110100011011000100> :  0.7807339E-10  0.1000000E-03           1
|00101011001100110111001101111100001> :  0.1029307E-07  0.1000000E-03           1
|11000110010011001010010110110100000> :  0.7118097E-04  0.1000000E-03           1
|01101011100110101110000100001100100> :  0.4467149E-08  0.1000000E-03           1
|11111011000000100011001100101100100> :  0.6087235E-09  0.1000000E-03           1
|11101011000010110110001101001100001> :  0.6721841E-09  0.1000000E-03           1
|10001001101110010101111101101100100> :  0.1725140E-08  0.1000000E-03           1
|11010100010110001000110011110011101> :  0.8111841E-04  0.1000000E-03           1
|10001101101110110100101001010000111> :  0.6938505E-11  0.1000000E-03           1
|00001001001110000100011101111100100> :  0.3183792E-09  0.1000000E-03           1
|01011010110001101010010110100000001> :  0.1642527E-09  0.1000000E-03           1
|11010000000111010011111110111000100> :  0.4322412E-09  0.1000000E-03           1
|01110110011010001110000100010110011> :  0.9955795E-13  0.1000000E-03           1
|10100010010011111100011010011000001> :  0.7554717E-09  0.1000000E-03           1
|00000100000111010101110101111110011> :  0.9942925E-10  0.1000000E-03           1
|00011100000101011000111010110111101> :  0.2868053E-08  0.1000000E-03           1
|00001011101100000110001101001110011> :  0.2533543E-07  0.1000000E-03           1
|11000001000011010111110000111100001> :  0.3651107E-10  0.1000000E-03           1
|10010100000100001000011111110111101> :  0.1080378E-04  0.1000000E-03           1
|11100010001000001010111011000111101> :  0.4142407E-10  0.1000000E-03           1
|10111001010000100111101001010010011> :  0.1385289E-09  0.1000000E-03           1
|00001001101110110100111100001111101> :  0.1004944E-09  0.1000000E-03           1
|10001011101001100110101010011000111> :  0.7543101E-09  0.1000000E-03           1
|10111000101110010101011001011110011> :  0.1175218E-09  0.1000000E-03           1
|00011100000101011001011010010011101> :  0.6892699E-09  0.1000000E-03           1
|10001011101100100111001101001100111> :  0.3061518E-04  0.1000000E-03           1
|10000100001101010101110010011011101> :  0.3042704E-09  0.1000000E-03           1
|00001011101110110111000000111100111> :  0.1722307E-08  0.1000000E-03           1
|00000100111111001010100010000100111> :  0.1673106E-12  0.1000000E-03           1
|10000101001010100111101100001100111> :  0.4161602E-09  0.1000000E-03           1
|10000101001101110001011001011100111> :  0.5607534E-09  0.1000000E-03           1
|10100101101110100011100101001000111> :  0.7138123E-09  0.1000000E-03           1
|10010100010110001000111011110011101> :  0.2330275E-04  0.1000000E-03           1
|00001101110111010101000011111000111> :  0.2406116E-09  0.1000000E-03           1
|10101110110011111011010100011000111> :  0.1127431E-12  0.1000000E-03           1
|00000100101100010100111001111011101> :  0.1966825E-10  0.1000000E-03           1
|01000100101110010100111001000111101> :  0.1054529E-03  0.1000000E-03           1
|10011000000100110111001011011110111> :  0.2356862E-04  0.1000000E-03           1
|10010101000101010010100010111011101> :  0.1242216E-10  0.1000000E-03           1
|00011101101100010101110001101111101> :  0.1192725E-09  0.1000000E-03           1
|10011000000101010011001011011110111> :  0.1391790E-04  0.1000000E-03           1
|01001010011111110000000000000101110> :  0.3772404E-12  0.1000000E-03           1
|10110100010011011001000110111001110> :  0.2760152E-09  0.1000000E-03           1
|10011000000101011011001011011110111> :  0.4344352E-05  0.1000000E-03           1
|01011000001100010101001111011111110> :  0.2140955E-08  0.1000000E-03           1
|01011000010101011000011010111011110> :  0.1204158E-08  0.1000000E-03           1
|10010010010101011011001011110011110> :  0.8159638E-08  0.1000000E-03           1
|10011000001100100111001001011110111> :  0.6264268E-04  0.1000000E-03           1
|10010100010001001101011101110011110> :  0.5840370E-08  0.1000000E-03           1
|10001000010100101010011101011010111> :  0.9129118E-10  0.1000000E-03           1
|10010000011100100011001101010010111> :  0.3211902E-09  0.1000000E-03           1
|10100000100011011100011001111010111> :  0.3853910E-11  0.1000000E-03           1
|01001000100100110110001101011110111> :  0.3499457E-08  0.1000000E-03           1
|10011000101000010101101000011110111> :  0.1086138E-09  0.1000000E-03           1
|10011000101100110111001001000110111> :  0.3573132E-05  0.1000000E-03           1
|10011001000100100111001101010110111> :  0.1583019E-03  0.1000000E-03           1
|10001001000100110111001101010110111> :  0.4587592E-05  0.1000000E-03           1
|10110100001100010001011011011101111> :  0.2285284E-09  0.1000000E-03           1
|10010100010100001000011011010101111> :  0.1034477E-05  0.1000000E-03           1
|10001001001100110111001001011010111> :  0.1034577E-04  0.1000000E-03           1
|00111001001110110100101011000110111> :  0.3689144E-09  0.1000000E-03           1
|00011001011100110100101111000010111> :  0.1315002E-09  0.1000000E-03           1
|10010001100100110111000001001110111> :  0.1656667E-07  0.1000000E-03           1
|01110001101010110100101001000110111> :  0.5450307E-09  0.1000000E-03           1
|10001000101100111011001001010111111> :  0.7243794E-09  0.1000000E-03           1
|00001000111110110111100000001011111> :  0.2940958E-09  0.1000000E-03           1
|10100000010011101111110011111000001> :  0.1833386E-09  0.1000000E-03           1
|00110001001100010101101001011011111> :  0.5917730E-04  0.1000000E-03           1
|10001011101001100011000011001100111> :  0.2297928E-08  0.1000000E-03           1
|00011001001100110101001001011111111> :  0.1980762E-04  0.1000000E-03           1
|10010001010011011101101010110011111> :  0.1334493E-09  0.1000000E-03           1
|10001001101100100111100001001110111> :  0.7880854E-04  0.1000000E-03           1
|00010011100100100111001101001100111> :  0.3652829E-06  0.1000000E-03           1
|10001001101100100111101001001110111> :  0.1181047E-03  0.1000000E-03           1
|00011001101100110111001001000110111> :  0.1067238E-03  0.1000000E-03           1
|10001001101100110111001001000110111> :  0.9082466E-04  0.1000000E-03           1
|00011001101100110100101001000111111> :  0.4581133E-04  0.1000000E-03           1
|00101001101100110100101001001011111> :  0.1722178E-04  0.1000000E-03           1
|00001001101100110100111001000111111> :  0.1156609E-03  0.1000000E-03           1
|10001001101100110111001101000110111> :  0.3117997E-04  0.1000000E-03           1
|10101111001101110010001001011000011> :  0.3167153E-10  0.1000000E-03           1
|00110000101110010100111001000111101> :  0.4460191E-04  0.1000000E-03           1
|00001001101100110111101001001010111> :  0.1203771E-03  0.1000000E-03           1
|10010010011100010100111011010011111> :  0.9637010E-09  0.1000000E-03           1
|00001011101100100110101001000111111> :  0.4278084E-04  0.1000000E-03           1
|00111001110011010101100011001010111> :  0.3299142E-09  0.1000000E-03           1
|11001010001100101011001101001110111> :  0.5849934E-08  0.1000000E-03           1
|10000010001100110100001101010110111> :  0.7241729E-09  0.1000000E-03           1
|10011010110000111110001101000010111> :  0.2248653E-09  0.1000000E-03           1
|00011011100101110111000000000110111> :  0.4417214E-09  0.1000000E-03           1
|00000100010111110101111010110010111> :  0.1877786E-09  0.1000000E-03           1
|10010100110101011000011111001010111> :  0.1050549E-09  0.1000000E-03           1
|00011110000101100011000101001110111> :  0.3480161E-11  0.1000000E-03           1
|01111010011111010000110010100001000> :  0.3487326E-09  0.1000000E-03           1
|10010100010101001000011011010111111> :  0.1004579E-03  0.1000000E-03           1
|11101011110001100011100010101101000> :  0.4115143E-09  0.1000000E-03           1
|10010100010101001001110010111011111> :  0.1664414E-04  0.1000000E-03           1
|11110100010011011000110100101001000> :  0.3569791E-07  0.1000000E-03           1
|10010100010101011000011011010011111> :  0.2122744E-03  0.1000000E-03           1
|11110100111011001000110000111001000> :  0.2795099E-07  0.1000000E-03           1
|10010000100101010100111111000111101> :  0.4864269E-10  0.1000000E-03           1
|11110110010011000000010110110001000> :  0.1538668E-05  0.1000000E-03           1
|10010000011001001000110010101011101> :  0.1972636E-09  0.1000000E-03           1
|11010110010011001000010110110101000> :  0.1033395E-03  0.1000000E-03           1
|01000100111011011100110100100011111> :  0.1000996E-08  0.1000000E-03           1
|11110110010011001000011110110001000> :  0.5385388E-06  0.1000000E-03           1
|11010110010101011000001001110011111> :  0.9887098E-07  0.1000000E-03           1
|00001111111100100010000101010111111> :  0.4603431E-09  0.1000000E-03           1
|10001110101101100011100100001100011> :  0.2143526E-08  0.1000000E-03           1
|01110111111010010100110001100010000> :  0.1889854E-09  0.1000000E-03           1
|01111010000010010111111101100000000> :  0.1254528E-09  0.1000000E-03           1
|11110110010011001000110110111001000> :  0.1029057E-03  0.1000000E-03           1
|10001011001000100111001101011100111> :  0.2737916E-04  0.1000000E-03           1
|00000001111100110111001101001100111> :  0.2348811E-06  0.1000000E-03           1
|01110110010011011000010110110001000> :  0.1181047E-03  0.1000000E-03           1
|11110110010011011000010110110001000> :  0.1524910E-03  0.1000000E-03           1
|11000110010110001000110010111000011> :  0.1829721E-09  0.1000000E-03           1
|10001001110110100101001101001100111> :  0.1762847E-06  0.1000000E-03           1
|11000001110100110111100100001000111> :  0.6388939E-09  0.1000000E-03           1
|10000011101101100111000100011000011> :  0.1950824E-08  0.1000000E-03           1
|01101111010010010100110110110010000> :  0.3429178E-09  0.1000000E-03           1
|01100110010011011000110110111001000> :  0.4792182E-04  0.1000000E-03           1
|00101001101110110111100001001000111> :  0.1091689E-04  0.1000000E-03           1
|11001001101110110010000001001100111> :  0.7095727E-09  0.1000000E-03           1
|11110110010110011000010011110001000> :  0.1613954E-07  0.1000000E-03           1
|11110110011011100000010111100001000> :  0.3137144E-08  0.1000000E-03           1
|01111110101011101010000010101001000> :  0.5191849E-09  0.1000000E-03           1
|01111110110001111000010010110001000> :  0.2363838E-08  0.1000000E-03           1
|00101011101010101010100011101000011> :  0.1899226E-08  0.1000000E-03           1
|00110110110011011000110010100001000> :  0.1347974E-04  0.1000000E-03           1
|01100110110011011000110110100001000> :  0.5635423E-04  0.1000000E-03           1
|10011000100101010101011111110011100> :  0.5711210E-10  0.1000000E-03           1
|00110100111111011000100010101001100> :  0.4499160E-09  0.1000000E-03           1
|01100110111011001000110010101001000> :  0.8802263E-05  0.1000000E-03           1
|01110110111011011000110010100001000> :  0.3041462E-04  0.1000000E-03           1
|01100110111011011000110010101001000> :  0.1583019E-03  0.1000000E-03           1
|11000010110101101010011110100000011> :  0.5291326E-10  0.1000000E-03           1
|01110111010001101101110100111001000> :  0.4671602E-10  0.1000000E-03           1
|01111111011111101000100100100001000> :  0.1172448E-09  0.1000000E-03           1
|00110111110010001000110110111101000> :  0.9907453E-08  0.1000000E-03           1
|01100111110011001010110110100001000> :  0.2762925E-04  0.1000000E-03           1
|01100111110011011000110110100001000> :  0.6264268E-04  0.1000000E-03           1
|11110110110011101101000010100110000> :  0.1016587E-10  0.1000000E-03           1
|01101111111010100100001010100101000> :  0.9223434E-10  0.1000000E-03           1
|01101101101010110110110001001000000> :  0.2702982E-09  0.1000000E-03           1
|01111111011001000101100000000011011> :  0.6732379E-10  0.1000000E-03           1
|00011001101101110101000001111100111> :  0.2209486E-08  0.1000000E-03           1
|00101001101110110001100100001100011> :  0.1647884E-09  0.1000000E-03           1
|00001001101100110111101001001100111> :  0.1575863E-03  0.1000000E-03           1
|00101001101100110111101001001000111> :  0.1915317E-04  0.1000000E-03           1
|11001001100000100011001101001100011> :  0.1303797E-07  0.1000000E-03           1
|11100110110011101100011001100110000> :  0.2957115E-10  0.1000000E-03           1
|10010100000101101000011111010011011> :  0.1152809E-08  0.1000000E-03           1
|10000001101111110100011001000111011> :  0.1481609E-08  0.1000000E-03           1
|11111001010001101011000100001000011> :  0.1146560E-06  0.1000000E-03           1
|00111001100001010111100110001011011> :  0.1679474E-09  0.1000000E-03           1
|11010000010001011001011010000011011> :  0.6784287E-09  0.1000000E-03           1
|11010111011001001000011100110010010> :  0.4966604E-09  0.1000000E-03           1
|11010110010000101000011011100010000> :  0.6398244E-10  0.1000000E-03           1
|01110100100111010101111100100100000> :  0.1449380E-09  0.1000000E-03           1
|00101011101010110111000101001100000> :  0.1523244E-06  0.1000000E-03           1
|11011111101001101010100000001001011> :  0.2138039E-10  0.1000000E-03           1
|00001001101100110111001101000100111> :  0.4013449E-04  0.1000000E-03           1
|11001111000001101001000100111110010> :  0.3127608E-07  0.1000000E-03           1
|00001101011100100100101100011101011> :  0.6488027E-12  0.1000000E-03           1
|00001001101100110111001001011100111> :  0.5943105E-04  0.1000000E-03           1
|01100110100100110010111101000110010> :  0.1525891E-09  0.1000000E-03           1
|11000100100010010111110100100110000> :  0.3867059E-10  0.1000000E-03           1
|10001001101100110111001001001100111> :  0.1835829E-03  0.1000000E-03           1
|00001111111100100100001001100111010> :  0.3199301E-09  0.1000000E-03           1
|10010110010101011011001100110010010> :  0.6794977E-09  0.1000000E-03           1
|00001001101100110111000101011100111> :  0.1192042E-03  0.1000000E-03           1
|11010110110100101011010100100011010> :  0.9933712E-11  0.1000000E-03           1
|11110100011000001000110011100010010> :  0.8340076E-10  0.1000000E-03           1
|01101011101011100111100100001110000> :  0.1548092E-05  0.1000000E-03           1
|01101011111010110111100100001000000> :  0.9190956E-04  0.1000000E-03           1
|11110110110001000010111011110011010> :  0.2278268E-09  0.1000000E-03           1
|10001001101100100111101101001100111> :  0.2342781E-04  0.1000000E-03           1
|11111011110000101011100100011010010> :  0.2344088E-09  0.1000000E-03           1
|11110110010011001000110010100011010> :  0.1344252E-05  0.1000000E-03           1
|00001001101100100111100101001100111> :  0.1776101E-03  0.1000000E-03           1
|11011011100001111010000100101110010> :  0.3094889E-09  0.1000000E-03           1
|01101011101011010111010100001110000> :  0.4615820E-08  0.1000000E-03           1
|10001001101100100111100001001100111> :  0.8585258E-05  0.1000000E-03           1
|00010001101100100111001101101100111> :  0.7045397E-06  0.1000000E-03           1
|11001011000010100011001101100110010> :  0.5693106E-09  0.1000000E-03           1
|11001001101100100111001101011100111> :  0.1849648E-04  0.1000000E-03           1
|11110100010011010101110011101011010> :  0.1279502E-09  0.1000000E-03           1
|01111100010011010001111010000011010> :  0.3579653E-09  0.1000000E-03           1
|11111010000011101011100010111010010> :  0.4490618E-09  0.1000000E-03           1
|01101011101010110101010000000110000> :  0.6837785E-09  0.1000000E-03           1
|01101011111010110101100100001000000> :  0.1408972E-05  0.1000000E-03           1
|00101011101000110110100001001100000> :  0.5744026E-09  0.1000000E-03           1
|00101011101100010100101001001111010> :  0.6817209E-09  0.1000000E-03           1
|10001001101100100111001101001100111> :  0.2685369E-03  0.1000000E-03           1
|00111001101100100111001101011010010> :  0.7519433E-09  0.1000000E-03           1
|11010111010001101010000110110001010> :  0.1098660E-03  0.1000000E-03           1
|00110111000101100011011100100101010> :  0.2395724E-10  0.1000000E-03           1
|11100111110011111010100010000000010> :  0.1385308E-08  0.1000000E-03           1
|01101011101000110111100100101110000> :  0.9855719E-06  0.1000000E-03           1
|01100110110011011000010010001001010> :  0.1626612E-08  0.1000000E-03           1
|10000110000011011101010100111001010> :  0.6011683E-10  0.1000000E-03           1
|01110111110011100001100010101000010> :  0.2086160E-09  0.1000000E-03           1
|10001011111001100011001100000101010> :  0.5121548E-10  0.1000000E-03           1
|10001001101100100110001101001100111> :  0.1241195E-03  0.1000000E-03           1
|01101111100011101010100011100100010> :  0.9991186E-10  0.1000000E-03           1
|10010011000011101010001111110110000> :  0.1872324E-09  0.1000000E-03           1
|01101011111010100111100100101000000> :  0.4154360E-04  0.1000000E-03           1
|10001001101000100111001101011100111> :  0.1119628E-04  0.1000000E-03           1
|11001001101000100111001100011100111> :  0.1595940E-06  0.1000000E-03           1
|11110111011100000011100000111000010> :  0.1010747E-09  0.1000000E-03           1
|00110110110011011000110010100011001> :  0.8189415E-06  0.1000000E-03           1
|10001001100100100111000101011100111> :  0.3791777E-05  0.1000000E-03           1
|11110111011001100001001101000100010> :  0.1716921E-09  0.1000000E-03           1
|11101010000011111011000011111010000> :  0.1658374E-09  0.1000000E-03           1
|10001001011100100111001101011100111> :  0.1932659E-05  0.1000000E-03           1
|10001001001100110111001101011100111> :  0.3664877E-03  0.1000000E-03           1
|11110110010011001000110010110011001> :  0.6225813E-04  0.1000000E-03           1
|01011110010001001000110110110011001> :  0.3833998E-06  0.1000000E-03           1
|10001001001100110111001101011000111> :  0.9734568E-04  0.1000000E-03           1
|11100000110010011001111110100010000> :  0.6237723E-09  0.1000000E-03           1
|10101011110011111010001110001000000> :  0.4973245E-08  0.1000000E-03           1
|01101011101010110101100110101100000> :  0.1448311E-06  0.1000000E-03           1
|11001001001100110110001101011000111> :  0.3003252E-06  0.1000000E-03           1
|10001001001100110101001101011100111> :  0.4458761E-04  0.1000000E-03           1
|11001111010001101011000110110000010> :  0.1459977E-04  0.1000000E-03           1
|10101001001100100111001101111100111> :  0.6792460E-05  0.1000000E-03           1
|11110100110011001000110010110011001> :  0.2425970E-06  0.1000000E-03           1
|11011111010001101011000110100000010> :  0.1528882E-03  0.1000000E-03           1
|00011000100101010101011101110110000> :  0.3196588E-09  0.1000000E-03           1
|10010100011011001100110010101011001> :  0.5169463E-09  0.1000000E-03           1
|10010100011010001100110011110111001> :  0.6133545E-09  0.1000000E-03           1
|11010100010111101000010110010111001> :  0.2492530E-09  0.1000000E-03           1
|10011001001100100111001101001100111> :  0.3847546E-04  0.1000000E-03           1
|10001001001100100111001101001100111> :  0.1339204E-03  0.1000000E-03           1
|11001111110011101010110000101000000> :  0.1741043E-09  0.1000000E-03           1
|01101011110011101011101100101000000> :  0.4371107E-06  0.1000000E-03           1
|10011001001100100111001001011100111> :  0.1310497E-03  0.1000000E-03           1
|11011111010001101011000100110000010> :  0.3868020E-04  0.1000000E-03           1
|11011001001100100110001101011100111> :  0.3397221E-06  0.1000000E-03           1
|11001001001100100010001111010100111> :  0.4110195E-06  0.1000000E-03           1
|11011111010001101011000100100000010> :  0.4990855E-04  0.1000000E-03           1
|01100111110011001011110100101100000> :  0.3182875E-06  0.1000000E-03           1
|11001001001100000111001101011100111> :  0.2393513E-04  0.1000000E-03           1
|11111100000011011001110010110011001> :  0.3422533E-06  0.1000000E-03           1
|01011111001001110011100100011100010> :  0.9773743E-10  0.1000000E-03           1
|10001001000100110111001101011100111> :  0.3318480E-03  0.1000000E-03           1
|01100001101010110101011101001111001> :  0.6823796E-09  0.1000000E-03           1
|10011001000100100111001101011100111> :  0.5282115E-04  0.1000000E-03           1
|10011111000001101011000110111000010> :  0.1946702E-04  0.1000000E-03           1
|01101111101010110101110100000100000> :  0.6347789E-05  0.1000000E-03           1
|11101011110011101011100100101000000> :  0.4918643E-04  0.1000000E-03           1
|10101011100110100011100111000100000> :  0.1018334E-09  0.1000000E-03           1
|11111010101000110011110100101000000> :  0.1973225E-09  0.1000000E-03           1
|11011001000100100010001011011100111> :  0.6303172E-06  0.1000000E-03           1
|00100111111010111100010100101101001> :  0.4906744E-09  0.1000000E-03           1
|10001001000100001011001011111100111> :  0.4202460E-09  0.1000000E-03           1
|10011000010101100111001010000000111> :  0.1102144E-10  0.1000000E-03           1
|11010110010010001001011010110101001> :  0.2230796E-08  0.1000000E-03           1
|11100101111011001000110010010001001> :  0.3290464E-08  0.1000000E-03           1
|00001000001101100111001101011000111> :  0.6793062E-07  0.1000000E-03           1
|10001111000001101011000100111100010> :  0.6135106E-04  0.1000000E-03           1
|01101111101010100111100100001100000> :  0.3285314E-04  0.1000000E-03           1
|10000101000101100000011111110101001> :  0.3285134E-09  0.1000000E-03           1
|00000100011110011100011010110101001> :  0.4681621E-09  0.1000000E-03           1
|10001000001100110111001101101000111> :  0.1925470E-07  0.1000000E-03           1
|10110111010011101010100011110001001> :  0.4094650E-09  0.1000000E-03           1
|01001111110001101100000010110101001> :  0.2783881E-09  0.1000000E-03           1
|01101100011010011100110010101001001> :  0.1190617E-09  0.1000000E-03           1
|00100000100101001110011101101011001> :  0.5034634E-13  0.1000000E-03           1
|10000000101100010111110101111011001> :  0.6398202E-10  0.1000000E-03           1
|10100000111110011100110000100011001> :  0.3843737E-08  0.1000000E-03           1
|01101011111010110100110000000101001> :  0.1906513E-04  0.1000000E-03           1
|11101001110000101110100110101011001> :  0.1319927E-09  0.1000000E-03           1
|01110010000011011010001110110111001> :  0.1336989E-09  0.1000000E-03           1
|11100010000110010100111011110011001> :  0.1563500E-09  0.1000000E-03           1
|10000110110010001001110011101010110> :  0.1317237E-10  0.1000000E-03           1
|11110100010001111000110110101011001> :  0.3125187E-08  0.1000000E-03           1
|11001110110110101000010110100000010> :  0.1467659E-09  0.1000000E-03           1
|00001011101110110100001011010101001> :  0.2696790E-09  0.1000000E-03           1
|10110100010011011000110000111011001> :  0.2464238E-05  0.1000000E-03           1
|10001011001000100111001001010101001> :  0.1661295E-09  0.1000000E-03           1
|00010110000101011011011101110010110> :  0.1088972E-08  0.1000000E-03           1
|11100100010011011000110010110011001> :  0.1238285E-03  0.1000000E-03           1
|11001001101110010111100101101001001> :  0.3360192E-10  0.1000000E-03           1
|10001001101100100111001101110101001> :  0.8994631E-07  0.1000000E-03           1
|11110100010011011000110010111011001> :  0.2894384E-03  0.1000000E-03           1
|11010100010011011001110010110011001> :  0.2240856E-04  0.1000000E-03           1
|11111100110011001000110010101010110> :  0.3001937E-09  0.1000000E-03           1
|01111101101110110111000100001100010> :  0.3119233E-10  0.1000000E-03           1
|01101111101010100111100100000100000> :  0.3021174E-04  0.1000000E-03           1
|11010100010111011001110010110011001> :  0.1630473E-05  0.1000000E-03           1
|11101011110011101011000110101000000> :  0.2490500E-05  0.1000000E-03           1
|00000001001010011101110100111101001> :  0.9220810E-10  0.1000000E-03           1
|10001001000001101111010110011101001> :  0.8132117E-10  0.1000000E-03           1
|01111100110001011000111010110011001> :  0.9559856E-07  0.1000000E-03           1
|00101000101110011101011001011101001> :  0.1669035E-09  0.1000000E-03           1
|00100111111011001001110100100111000> :  0.3194589E-07  0.1000000E-03           1
|00010001011110010111100001011010110> :  0.1192629E-09  0.1000000E-03           1
|11100100110011011000110010110011001> :  0.1772563E-03  0.1000000E-03           1
|11100100010011011001010110110100010> :  0.1736680E-08  0.1000000E-03           1
|01110100110011011100110010100011001> :  0.4985750E-05  0.1000000E-03           1
|00110100110110100000111011100111001> :  0.9448301E-10  0.1000000E-03           1
|00110100111011010000110010101011001> :  0.3827798E-07  0.1000000E-03           1
|01101111101110010111100100001011000> :  0.1141558E-08  0.1000000E-03           1
|11110110010001011000011010110011001> :  0.9019121E-05  0.1000000E-03           1
|01101111101001010101111100100011000> :  0.8954820E-10  0.1000000E-03           1
|10110001010100110110001011110010110> :  0.1400218E-09  0.1000000E-03           1
|01001111001011010100110101000111000> :  0.8927192E-11  0.1000000E-03           1
|01101110111111010000110010001011000> :  0.2268441E-09  0.1000000E-03           1
|00100110010011011001110010101011001> :  0.8799541E-07  0.1000000E-03           1
|00000110010111011100011000110011001> :  0.1294643E-07  0.1000000E-03           1
|01100110101111010000111010000011001> :  0.6533627E-09  0.1000000E-03           1
|01010110110011011000100010100011001> :  0.7504839E-06  0.1000000E-03           1
|11011001001100100010101011000110110> :  0.1337777E-07  0.1000000E-03           1
|01101011111010110111100100001000010> :  0.6232328E-04  0.1000000E-03           1
|01110110111100011000111000110011001> :  0.1012376E-08  0.1000000E-03           1
|01010111010010001000111011110011001> :  0.5635567E-09  0.1000000E-03           1
|01100111010010001001111010100111001> :  0.9076512E-09  0.1000000E-03           1
|10111010000001101011011110001101010> :  0.3188934E-09  0.1000000E-03           1
|01101011101000100110001101000101010> :  0.5610163E-04  0.1000000E-03           1
|00011011101110100110000101001101010> :  0.1893271E-08  0.1000000E-03           1
|11101111101010100011010101000000000> :  0.2177972E-09  0.1000000E-03           1
|11111100110001100010100011101001010> :  0.3626059E-09  0.1000000E-03           1
|01100110111011011000110010100011000> :  0.5282115E-04  0.1000000E-03           1
|01100110011011011001100010110001010> :  0.4649199E-08  0.1000000E-03           1
|11110000010010010001110011100010110> :  0.1687462E-09  0.1000000E-03           1
|00001111000001011011010100110101010> :  0.3402549E-09  0.1000000E-03           1
|01110110110111010000011011100011000> :  0.3554148E-06  0.1000000E-03           1
|01111111010001101010000110100001010> :  0.4675595E-06  0.1000000E-03           1
|00110110110011111100110010100011000> :  0.1648476E-05  0.1000000E-03           1
|11110111010001101010000110110001010> :  0.4306780E-04  0.1000000E-03           1
|00001111111010100100101001100001010> :  0.8568862E-12  0.1000000E-03           1
|10100000110011001010010011111011010> :  0.1588026E-09  0.1000000E-03           1
|10000000000111011110111011110010110> :  0.4019432E-10  0.1000000E-03           1
|11101100010001101010000011100011010> :  0.8099756E-09  0.1000000E-03           1
|01101011110100101011001100001100010> :  0.2622219E-09  0.1000000E-03           1
|00110110110011011101110000100111000> :  0.6758381E-07  0.1000000E-03           1
|01100101111010000111110010100011010> :  0.7519783E-09  0.1000000E-03           1
|00010110000010011001011111110111010> :  0.2022585E-11  0.1000000E-03           1
|01111110000101011101011100000011010> :  0.3479775E-10  0.1000000E-03           1
|00110110001101010100011010110111010> :  0.8913831E-09  0.1000000E-03           1
|11010110010001001000011010110011010> :  0.1733025E-03  0.1000000E-03           1
|01110110110011011000111010100011000> :  0.1532029E-04  0.1000000E-03           1
|01101111011011001000110010001000110> :  0.2192323E-08  0.1000000E-03           1
|01100110110011011000110110100011000> :  0.1310497E-03  0.1000000E-03           1
|01001111000011100111000101110100110> :  0.5195750E-09  0.1000000E-03           1
|10010111010010001011010110110000000> :  0.1756962E-09  0.1000000E-03           1
|01110110010011011000110010100011010> :  0.3576393E-04  0.1000000E-03           1
|01110110010011011000110010101011010> :  0.2401352E-06  0.1000000E-03           1
|11101011110011101011000100101100000> :  0.2106578E-03  0.1000000E-03           1
|11010110110011011000110010000011010> :  0.1425573E-06  0.1000000E-03           1
|00110110110011011000110011101011000> :  0.7950663E-06  0.1000000E-03           1
|11110111010001011000110110111011010> :  0.2701971E-09  0.1000000E-03           1
|10010111010101011000011110011011010> :  0.2835189E-10  0.1000000E-03           1
|01010111111000010100111000100111010> :  0.2860094E-09  0.1000000E-03           1
|01110110110011011000110011100011000> :  0.1617554E-04  0.1000000E-03           1
|10111001011001111011001010001001011> :  0.8860719E-10  0.1000000E-03           1
|00001001101111110111011100010101011> :  0.1725206E-09  0.1000000E-03           1
|01101011111010110100100000001001011> :  0.1071859E-03  0.1000000E-03           1
|10011101101100010011000111001100110> :  0.8890140E-10  0.1000000E-03           1
|01101101001100010111100100011001011> :  0.1062173E-09  0.1000000E-03           1
|01100110110011011000110010110011000> :  0.3847546E-04  0.1000000E-03           1
|01101101111011101010100000100001011> :  0.6798979E-09  0.1000000E-03           1
|01000101111111100011011000101001011> :  0.5261319E-13  0.1000000E-03           1
|01001111001110110101111000000101011> :  0.5300038E-10  0.1000000E-03           1
|11010101010001001011101010110000110> :  0.1692264E-09  0.1000000E-03           1
|01111111111010110101100010000001011> :  0.5274871E-09  0.1000000E-03           1
|00010101000111100111001101011100110> :  0.1291167E-08  0.1000000E-03           1
|10010001011101010101100100111011011> :  0.5595128E-09  0.1000000E-03           1
|01110110110011010001100110100011000> :  0.6516932E-08  0.1000000E-03           1
|00011001101100000111001101010111011> :  0.1831018E-08  0.1000000E-03           1
|00001100110110110100011011010100110> :  0.1285194E-09  0.1000000E-03           1
|00110010110111000000011001011011011> :  0.1406557E-13  0.1000000E-03           1
|01001011101111100110111001000100010> :  0.6090821E-09  0.1000000E-03           1
|10010100001101011000010110110011011> :  0.2449342E-08  0.1000000E-03           1
|11010100010001011000011010110011011> :  0.3325776E-04  0.1000000E-03           1
|11111111010001101011000110100000000> :  0.6390680E-05  0.1000000E-03           1
|11110100011100001100110000100011011> :  0.3919618E-09  0.1000000E-03           1
|01100100110100011010111010110011011> :  0.1079009E-10  0.1000000E-03           1
|11010101010000001000011011110111011> :  0.4692191E-08  0.1000000E-03           1
|11110101010011011001100010100011011> :  0.1750075E-07  0.1000000E-03           1
|01110110110011010000011010100011000> :  0.1748472E-05  0.1000000E-03           1
|11000100010011101010100010111001100> :  0.1320756E-09  0.1000000E-03           1
|01110110110011001010110010100011000> :  0.4458761E-04  0.1000000E-03           1
|11100111010001001010000110110101100> :  0.4286004E-09  0.1000000E-03           1
|11010100010100100101111011110000110> :  0.1791879E-10  0.1000000E-03           1
|01110001110011011000011010110011100> :  0.2138942E-09  0.1000000E-03           1
|11110010001000001000011111110011100> :  0.2804087E-09  0.1000000E-03           1
|01100010001110011000111011000011100> :  0.3343035E-10  0.1000000E-03           1
|11011100010100011000111110000011100> :  0.1304169E-08  0.1000000E-03           1
|01111100011000011000111110000011100> :  0.2365001E-08  0.1000000E-03           1
|01100100110010101000110110100011100> :  0.1570106E-08  0.1000000E-03           1
|10010100111000000100111011110111100> :  0.1835023E-09  0.1000000E-03           1
|00011101000100110101001101000111100> :  0.2368994E-09  0.1000000E-03           1
|00110110010111011100011000010111100> :  0.9169446E-09  0.1000000E-03           1
|00110110111110011100110010100011100> :  0.2974777E-06  0.1000000E-03           1
|00111000101100010100011101001101101> :  0.1548707E-09  0.1000000E-03           1
|11001010101010101010100101001101101> :  0.3929234E-09  0.1000000E-03           1
|10000101111011001101010010111001101> :  0.8054444E-09  0.1000000E-03           1
|01110011110011001010100010100000110> :  0.7861593E-10  0.1000000E-03           1
|01101011101011110111100100001000010> :  0.7574651E-04  0.1000000E-03           1
|01100110110010101000110010101011000> :  0.1459918E-08  0.1000000E-03           1
|11010110110010001000111000110111000> :  0.6227562E-10  0.1000000E-03           1
|00100000101110010100111001001111101> :  0.1351563E-03  0.1000000E-03           1
|00000000101110010100111001011111101> :  0.4785626E-04  0.1000000E-03           1
|00011011110000100110001111011100110> :  0.1205247E-08  0.1000000E-03           1
|00110110011111010101111010100011000> :  0.4560241E-07  0.1000000E-03           1
|01110110011011011000110010100011000> :  0.5627990E-04  0.1000000E-03           1
|00011011101110110100111001001100110> :  0.9764987E-10  0.1000000E-03           1
|11111011110011101011000100101000000> :  0.1438619E-05  0.1000000E-03           1
|01000001111110000100100001001111101> :  0.3336283E-09  0.1000000E-03           1
|01110110011010011101110001100011000> :  0.2145686E-08  0.1000000E-03           1
|00110010001110011100101010011111101> :  0.1971501E-10  0.1000000E-03           1
|00100011101101100111001100011100110> :  0.3516388E-07  0.1000000E-03           1
|10010100000100011001011110111011101> :  0.4112924E-10  0.1000000E-03           1
|01110110010011011001110010110011000> :  0.1241195E-03  0.1000000E-03           1
|00101011101100110111001101001100110> :  0.2555448E-03  0.1000000E-03           1
|01000100001010000000111011010111101> :  0.5562807E-09  0.1000000E-03           1
|00010100001100010100111011010111101> :  0.7789676E-04  0.1000000E-03           1
|01101011101011110111000100001000010> :  0.1704812E-04  0.1000000E-03           1
|11110110010011011000111010100011000> :  0.8482642E-05  0.1000000E-03           1
|10100110010011011000110110100011000> :  0.1770400E-06  0.1000000E-03           1
|00001100010011001101010010010111101> :  0.1931873E-10  0.1000000E-03           1
|10001011101100100111001101011100110> :  0.1489029E-05  0.1000000E-03           1
|00010100010100011000011011100111101> :  0.4938840E-10  0.1000000E-03           1
|10010100010101001000011010110111101> :  0.2838329E-04  0.1000000E-03           1
|10010100010101001000011111110111101> :  0.2057152E-04  0.1000000E-03           1
|11000100010101111000010010111011101> :  0.1488516E-07  0.1000000E-03           1
|10000100010110001000011011110111101> :  0.4428393E-04  0.1000000E-03           1
|10010100010110001000011011110111101> :  0.4991806E-04  0.1000000E-03           1
|01101011101011100111100110001100010> :  0.2024103E-06  0.1000000E-03           1
|11100110010011011000110010110011000> :  0.1412284E-04  0.1000000E-03           1
|01000011101011100111000101101100010> :  0.1236292E-08  0.1000000E-03           1
|11010100010110001000111011110011101> :  0.2185018E-04  0.1000000E-03           1
|10000100010111001000010011111111101> :  0.6620259E-07  0.1000000E-03           1
|10010100010111011000011011110011101> :  0.5977473E-06  0.1000000E-03           1
|10010100101000100111101001000111101> :  0.8600337E-10  0.1000000E-03           1
|00110110010011011000110010100011000> :  0.1849648E-04  0.1000000E-03           1
|00000100101101011100101011011111101> :  0.1312444E-10  0.1000000E-03           1
|01111011101001110111100100001000010> :  0.4428393E-04  0.1000000E-03           1
|00000100101110010100111001010111101> :  0.2894544E-03  0.1000000E-03           1
|01110110010011011000010110110011000> :  0.2497441E-04  0.1000000E-03           1
|11110110010011001000110110100011000> :  0.5943105E-04  0.1000000E-03           1
|00011011101001110111001100001100110> :  0.3126631E-04  0.1000000E-03           1
|10110101010011001001100010110011101> :  0.3322720E-08  0.1000000E-03           1
|00111011101001110111001100001100010> :  0.6754097E-04  0.1000000E-03           1
|00000110001110000010111111010111101> :  0.7452937E-09  0.1000000E-03           1
|01111001100100010111100000011001110> :  0.7606778E-09  0.1000000E-03           1
|00011001101100110000101011001001110> :  0.2484795E-09  0.1000000E-03           1
|11110110010011001000110010111011000> :  0.4013449E-04  0.1000000E-03           1
|00101011101000110111011101001101110> :  0.3380873E-10  0.1000000E-03           1
|00001011101000111111101101001100110> :  0.2313408E-06  0.1000000E-03           1
|01001101101010000111100001011001110> :  0.2013952E-09  0.1000000E-03           1
|01101101101110010110100100001101110> :  0.8110176E-10  0.1000000E-03           1
|11010110010101011001001110011001110> :  0.2288275E-09  0.1000000E-03           1
|00101011101000100111001101001100110> :  0.1570724E-03  0.1000000E-03           1
|00101011101001110111001100001100010> :  0.8111841E-04  0.1000000E-03           1
|00110011011100000011001101001100110> :  0.7738191E-10  0.1000000E-03           1
|01101001101010111001000010000111110> :  0.2191627E-12  0.1000000E-03           1
|11110110010011001000011010110011000> :  0.6439120E-05  0.1000000E-03           1
|01111010100100110011001011000111110> :  0.1128070E-08  0.1000000E-03           1
|11110110010001011000111010110011000> :  0.7976094E-04  0.1000000E-03           1
|10010100010001001011010101111011110> :  0.3015973E-08  0.1000000E-03           1
|00011011001100110111001101000100110> :  0.1522320E-05  0.1000000E-03           1
|11010100010100001000111011110011110> :  0.1252586E-04  0.1000000E-03           1
|00111011101001110111001100001000010> :  0.1659515E-04  0.1000000E-03           1
|11010100010101001000011011110011110> :  0.5221953E-04  0.1000000E-03           1
|11001110110011101010010110100100000> :  0.5917730E-04  0.1000000E-03           1
|01001101110100101110010101000111110> :  0.1204158E-09  0.1000000E-03           1
|00011111011100010100001010110011110> :  0.1113136E-08  0.1000000E-03           1
|00010000111111010101011001010101111> :  0.6016868E-09  0.1000000E-03           1
|00001001000001111110001110011101111> :  0.4193479E-09  0.1000000E-03           1
|00101001001100100011001011011101111> :  0.2914040E-08  0.1000000E-03           1
|10001001001100111111100000011001111> :  0.3506927E-08  0.1000000E-03           1
|10110001011001101010000010101001111> :  0.2402968E-09  0.1000000E-03           1
|10001001100111100111000101011101111> :  0.8035529E-08  0.1000000E-03           1
|10001001101100100111001101111101111> :  0.4480408E-06  0.1000000E-03           1
|01111001101101110101100000000001111> :  0.1747259E-09  0.1000000E-03           1
|00001001111100100101100010101001111> :  0.2423642E-09  0.1000000E-03           1
|00101001111110110101100000001001111> :  0.2434734E-06  0.1000000E-03           1
|10001011001101001111001100001101111> :  0.1088687E-10  0.1000000E-03           1
|01110110010001011000111010100011000> :  0.1114638E-04  0.1000000E-03           1
|10000100001100011000011011111101111> :  0.8482896E-08  0.1000000E-03           1
|11111110010001011000100110110011000> :  0.6062280E-08  0.1000000E-03           1
|10010101011100100110100000010101111> :  0.2268428E-09  0.1000000E-03           1
|01000110111100100110011101000101111> :  0.1269707E-09  0.1000000E-03           1
|10011000001100010101001011011011111> :  0.7725949E-04  0.1000000E-03           1
|00011000001100010101011001010111111> :  0.5892417E-05  0.1000000E-03           1
|00111000001100010101101001011011111> :  0.1032770E-06  0.1000000E-03           1
|10111000001100011000101001011111111> :  0.1414321E-08  0.1000000E-03           1
|10011000001100100110001011010111111> :  0.3067102E-05  0.1000000E-03           1
|00010000001101101111001101010111111> :  0.3716002E-09  0.1000000E-03           1
|11100000010110001000110011101011111> :  0.4388339E-09  0.1000000E-03           1
|00010000011100010100111011010011111> :  0.1204165E-04  0.1000000E-03           1
|00010000011100010110111001110111111> :  0.1540194E-07  0.1000000E-03           1
|01101011101001110111000100001100010> :  0.2330275E-04  0.1000000E-03           1
|11110110010001001000111010110011000> :  0.1086970E-03  0.1000000E-03           1
|01110101110011011000110100101011000> :  0.1551106E-07  0.1000000E-03           1
|01110100110111011000110010101011000> :  0.3066369E-05  0.1000000E-03           1
|01110100110111011000110010100011000> :  0.2737916E-04  0.1000000E-03           1
|00101011101001110111000100001100010> :  0.2185018E-04  0.1000000E-03           1
|01100100110011011000110010110011000> :  0.4447751E-07  0.1000000E-03           1
|11011011001100100011001111001100110> :  0.2426803E-06  0.1000000E-03           1
|11110100110011001000110011100011000> :  0.7837835E-05  0.1000000E-03           1
|10011011000101100011001101011100110> :  0.7127997E-05  0.1000000E-03           1
|01111011101001110011100100001000010> :  0.1019769E-04  0.1000000E-03           1
|00001001001110100111001101011111111> :  0.1526496E-06  0.1000000E-03           1
|11110100110010001000110011100011000> :  0.7977431E-05  0.1000000E-03           1
|00111001010101100111100011010011111> :  0.2643824E-10  0.1000000E-03           1
|00111001101100010101101000001011111> :  0.4816415E-04  0.1000000E-03           1
|01100100100011011101110011001011000> :  0.2063496E-09  0.1000000E-03           1
|10001011000001100111001101011100110> :  0.7621646E-05  0.1000000E-03           1
|11110100010111011001110010110011000> :  0.5912188E-05  0.1000000E-03           1
|11110100010110001000110011110011000> :  0.8187862E-05  0.1000000E-03           1
|00001001101100110100001001000111111> :  0.4954532E-04  0.1000000E-03           1
|10000001111110000111100100011000110> :  0.7162003E-09  0.1000000E-03           1
|01101011101000110111001101000100010> :  0.1390866E-04  0.1000000E-03           1
|11100110110011101010010110100000000> :  0.3843395E-05  0.1000000E-03           1
|01110011110011100111100100000100000> :  0.1319001E-08  0.1000000E-03           1
|10010100010100010001111011110011000> :  0.9597527E-09  0.1000000E-03           1
|01001001101100110111011101011100110> :  0.1136788E-06  0.1000000E-03           1
|01110100010011011001110010111011000> :  0.3802794E-04  0.1000000E-03           1
|00111001101100110100101001001011111> :  0.7970951E-04  0.1000000E-03           1
|00101001101100110111001101001100110> :  0.8025236E-04  0.1000000E-03           1
|00101011100110100111001111000100010> :  0.1080770E-08  0.1000000E-03           1
|10001001101100100111101101001100110> :  0.9880448E-06  0.1000000E-03           1
|01110100010011001101111010010011000> :  0.1266334E-07  0.1000000E-03           1
|10011011011000101110100001101000010> :  0.4152442E-12  0.1000000E-03           1
|11110100010001101000111010101011000> :  0.8165398E-09  0.1000000E-03           1
|11110100001001001001110011110011000> :  0.1262292E-08  0.1000000E-03           1
|11110100000100111000101011110011000> :  0.6004568E-10  0.1000000E-03           1
|00011001111100110100001001000111111> :  0.9016233E-05  0.1000000E-03           1
|01010001111100110110000001011011111> :  0.9041635E-11  0.1000000E-03           1
|10001001101100000111001111001100110> :  0.5503593E-07  0.1000000E-03           1
|11101011010011101101000010111000010> :  0.7724900E-09  0.1000000E-03           1
|11110100000100001010110110111011000> :  0.4710032E-08  0.1000000E-03           1
|11100011111010100110100000000011111> :  0.6508760E-09  0.1000000E-03           1
|10010100000101001000011011110111111> :  0.9190956E-04  0.1000000E-03           1
|01110100000101011001110011111011111> :  0.2590424E-09  0.1000000E-03           1
|01101011100000101110001101001111000> :  0.7756442E-09  0.1000000E-03           1
|10011001100100010111001101101100110> :  0.4252506E-08  0.1000000E-03           1
|00110011100000100111111101000111000> :  0.4199204E-09  0.1000000E-03           1
|01101011011010011001110010101011000> :  0.2053661E-10  0.1000000E-03           1
|10001001001100110111011100001000110> :  0.5558408E-09  0.1000000E-03           1
|00010100001110010100111011010111111> :  0.8378298E-05  0.1000000E-03           1
|10000100001110010101111000111111111> :  0.4487675E-09  0.1000000E-03           1
|11111011010011101011000100101000010> :  0.1360060E-06  0.1000000E-03           1
|10010100010001011001011001110011111> :  0.4720736E-06  0.1000000E-03           1
|10100100010010001000010011110111111> :  0.3244827E-10  0.1000000E-03           1
|11100110110011001010110110100000000> :  0.1980762E-04  0.1000000E-03           1
|10010100010100001000111011110011111> :  0.8754113E-04  0.1000000E-03           1
|10010100010100001100011011110011111> :  0.2226498E-04  0.1000000E-03           1
|00110100010100001100011111110111111> :  0.1034407E-06  0.1000000E-03           1
|10010100010100101010001011010111111> :  0.2310616E-05  0.1000000E-03           1
|00110010111101011100111010100011000> :  0.2661103E-09  0.1000000E-03           1
|01101010110011101110100011100011000> :  0.1051988E-08  0.1000000E-03           1
|00110010010111010100111011100011000> :  0.1250645E-07  0.1000000E-03           1
|01111010000001110000111011100011000> :  0.6657803E-10  0.1000000E-03           1
|00011001001100100111001101011100110> :  0.2159107E-05  0.1000000E-03           1
|10011011010001101011000110111000010> :  0.1003796E-03  0.1000000E-03           1
|01100111111011101100110000100001000> :  0.6123752E-05  0.1000000E-03           1
|10010100010101001011100010111011111> :  0.6823857E-04  0.1000000E-03           1
|01100111111011101000110100100101000> :  0.1516288E-03  0.1000000E-03           1
|01000110111110011101011101110010101> :  0.9591893E-13  0.1000000E-03           1
|01100101111010011000110010000010101> :  0.5337995E-09  0.1000000E-03           1
|00111101001100010101001110010110101> :  0.3398803E-09  0.1000000E-03           1
|01100111111011001000110100100001000> :  0.2356862E-04  0.1000000E-03           1
|10000100011111010100111001100010101> :  0.1382131E-10  0.1000000E-03           1
|11011011010001101011000100111000010> :  0.1083542E-03  0.1000000E-03           1
|00011100010110101100111010010011111> :  0.2111827E-10  0.1000000E-03           1
|10010100011100000100111011010011111> :  0.2074260E-04  0.1000000E-03           1
|10001100010010001100010111100110101> :  0.1653833E-09  0.1000000E-03           1
|10001011101010100110001001100110101> :  0.2078317E-08  0.1000000E-03           1
|00010100011101010100111010010011111> :  0.1761050E-04  0.1000000E-03           1
|00000100101110010100111001010111111> :  0.8698771E-04  0.1000000E-03           1
|11110110010011101010110110100000000> :  0.2337800E-04  0.1000000E-03           1
|10010101010111001000001011111011111> :  0.3094874E-06  0.1000000E-03           1
|00010101101101100110101010000011111> :  0.2261970E-09  0.1000000E-03           1
|00111110001100100100001100001111111> :  0.2426521E-10  0.1000000E-03           1
|11101011110010101010100110101000000> :  0.4595354E-04  0.1000000E-03           1
|11111010010011011000111010110000000> :  0.7084431E-07  0.1000000E-03           1
|01101001101010000111100101100100000> :  0.3894772E-08  0.1000000E-03           1
|01111001100001100111000101101100000> :  0.3270318E-08  0.1000000E-03           1
