# state, exact probability, frequency, count:
#------------------------------------------------------------------
|1010011011010111011100011000000111> :  0.2516166E+00  0.2494000E+00        2494
|0101100100101000100011100111111000> :  0.2516166E+00  0.2491000E+00        2491
|1010111001010111011100011000000111> :  0.1704080E+00  0.1724000E+00        1724
|0101000110101000100011100111111000> :  0.1704080E+00  0.1719000E+00        1719
|0110010011010001011000000110010111> :  0.5934216E-02  0.7800000E-02          78
|0101010111101000100001100111111000> :  0.8730762E-02  0.7600000E-02          76
|1010101000010111011110011000000111> :  0.8730762E-02  0.7500000E-02          75
|1001101100101110100111111001101000> :  0.5934216E-02  0.6300000E-02          63
|0101010111101001100001100111011000> :  0.3850032E-02  0.4900000E-02          49
|1101101100101010100011110001101000> :  0.3257412E-02  0.3900000E-02          39
|1101101100101000100011100111101000> :  0.1996137E-02  0.3800000E-02          38
|1101101100101010100011100101101000> :  0.2747873E-02  0.3800000E-02          38
|1010101000010110011110011000100111> :  0.3850032E-02  0.3600000E-02          36
|1010101001010111011100011000000111> :  0.3204439E-02  0.3400000E-02          34
|0010010011010101011100001110010111> :  0.3257412E-02  0.3300000E-02          33
|0101000111101000100011100111111000> :  0.2656355E-02  0.3100000E-02          31
|1010111000010111011100011000000111> :  0.2656355E-02  0.3000000E-02          30
|0010010011010101011100011010010111> :  0.2747873E-02  0.3000000E-02          30
|0101010110101000100011100111111000> :  0.3204439E-02  0.2700000E-02          27
|1010111001010111011000001100000111> :  0.2514772E-02  0.2400000E-02          24
|1010011011010101011100001100000111> :  0.2406867E-02  0.2400000E-02          24
|0010011011010101011100001110000111> :  0.1821099E-02  0.2300000E-02          23
|0101000110101010100011110011111000> :  0.2275867E-02  0.2100000E-02          21
|0101000110101000100011100110111000> :  0.1599538E-02  0.2100000E-02          21
|0101000110101000100111110011111000> :  0.2514772E-02  0.2000000E-02          20
|0010011011010101011100011010000111> :  0.1957849E-02  0.2000000E-02          20
|0010010011010111011100011000010111> :  0.1996137E-02  0.2000000E-02          20
|1101100100101010100011110001111000> :  0.1821099E-02  0.2000000E-02          20
|0101100100101010100011110011111000> :  0.2406867E-02  0.1800000E-02          18
|1010111000010110011101001000100011> :  0.1506129E-02  0.1800000E-02          18
|0101110100101000100011100111111000> :  0.1611762E-02  0.1700000E-02          17
|1010111000010110011001001100100011> :  0.1274400E-02  0.1600000E-02          16
|0111000011101001100010110111011100> :  0.1394084E-02  0.1600000E-02          16
|1101100100101010100011100101111000> :  0.1957849E-02  0.1400000E-02          14
|1000111100010110011001001100100011> :  0.1035320E-02  0.1400000E-02          14
|1010111001010111011100011001000111> :  0.1599538E-02  0.1400000E-02          14
|0101100100101000100111110011111000> :  0.1586674E-02  0.1400000E-02          14
|0101000111101001100010110111011100> :  0.1506129E-02  0.1300000E-02          13
|1010011011010111011000001100000111> :  0.1586674E-02  0.1300000E-02          13
|0101000111101001100110110011011100> :  0.1274400E-02  0.1300000E-02          13
|1000111100010110011101001000100011> :  0.1394084E-02  0.1300000E-02          13
|0111000011101001100110110011011100> :  0.1035320E-02  0.1200000E-02          12
|0101000111101011100010110011011100> :  0.1377622E-02  0.1200000E-02          12
|1010111001010101011100001100000111> :  0.2275867E-02  0.1200000E-02          12
|1010111000010100011101001100100011> :  0.1377622E-02  0.1200000E-02          12
|1010001011010111011100011000000111> :  0.1611762E-02  0.1200000E-02          12
|0101000110101000100011110111111000> :  0.1343888E-02  0.1100000E-02          11
|0111000011101011100010110011011100> :  0.1189381E-02  0.1000000E-02          10
|1000111100010110010101001001100011> :  0.9299655E-03  0.1000000E-02          10
|1010111000010100011100001100100111> :  0.8226604E-03  0.1000000E-02          10
|0010011011010111011100011000000111> :  0.9170136E-03  0.1000000E-02          10
|1010111001010111011100001000000111> :  0.1343888E-02  0.1000000E-02          10
|1000111100010100011101001100100011> :  0.1189381E-02  0.1000000E-02          10
|0101100110101000100011100111111000> :  0.7226805E-03  0.9000000E-03           9
|0111010011010001011001000110010011> :  0.3886750E-03  0.9000000E-03           9
|1010011011010111011100001000000111> :  0.1184978E-02  0.9000000E-03           9
|1101100100101000100011100111111000> :  0.9170136E-03  0.9000000E-03           9
|0101100100101000100011110111111000> :  0.1184978E-02  0.9000000E-03           9
|0101000100101000100011100111111000> :  0.5891487E-03  0.9000000E-03           9
|0101000111101001100011100111011000> :  0.6842350E-03  0.8000000E-03           8
|0111000011101011101010110010011100> :  0.8169436E-03  0.8000000E-03           8
|0111000011101001101110110010011100> :  0.7928679E-03  0.8000000E-03           8
|0111000011101001101010110110011100> :  0.9299655E-03  0.8000000E-03           8
|0101000111101011100011110011011000> :  0.8226604E-03  0.8000000E-03           8
|0101100100101010100011100111111000> :  0.7917648E-03  0.7000000E-03           7
|0101000110101000100111100111111000> :  0.5432147E-03  0.7000000E-03           7
|0111010011010001011001100110010001> :  0.4686634E-03  0.7000000E-03           7
|1000101100101110100110111001101100> :  0.3886750E-03  0.6000000E-03           6
|1010111000010110011000001100100111> :  0.8861824E-03  0.6000000E-03           6
|1010011011010111011000011000000111> :  0.3882488E-03  0.6000000E-03           6
|1001111100010110010101001001100001> :  0.4287003E-03  0.6000000E-03           6
|1010111000010110011100011000100111> :  0.6842350E-03  0.6000000E-03           6
|0110000011101001101010110110011110> :  0.4287003E-03  0.6000000E-03           6
|1000111100010110010001001101100011> :  0.7928679E-03  0.6000000E-03           6
|1010111101010110010100011001000111> :  0.2405856E-03  0.6000000E-03           6
|0101000111101001100111110011011000> :  0.8861824E-03  0.6000000E-03           6
|1010011001010111011100011000000111> :  0.7226805E-03  0.5000000E-03           5
|0110000011101011101010110010011110> :  0.3968004E-03  0.5000000E-03           5
|1010111011010111011100011000000111> :  0.5891487E-03  0.5000000E-03           5
|1000111100010100010101001101100011> :  0.8169436E-03  0.5000000E-03           5
|0111010011010001011000100110010101> :  0.2370987E-03  0.4000000E-03           4
|0101000010101001101011100110111000> :  0.2405856E-03  0.4000000E-03           4
|1010111001010111011000011000000111> :  0.5432147E-03  0.4000000E-03           4
|0101000110101010100011100111111000> :  0.2831902E-03  0.4000000E-03           4
|1010011011010101011100011000000111> :  0.7917648E-03  0.4000000E-03           4
|1001111100010110010001001101100001> :  0.4136029E-03  0.4000000E-03           4
|1010111000010110011100001000100111> :  0.4551299E-03  0.4000000E-03           4
|1000101100101110100110011001101110> :  0.4686634E-03  0.4000000E-03           4
|1010111001010101011100011000000111> :  0.2831902E-03  0.3000000E-03           3
|0101000110101001100111110011111000> :  0.7246204E-04  0.3000000E-03           3
|1010111001010110011100011000000111> :  0.2166107E-03  0.3000000E-03           3
|0110000011101001101110110010011110> :  0.4136029E-03  0.3000000E-03           3
|0101000111101001100011110111011000> :  0.4551299E-03  0.3000000E-03           3
|0101101100101000100011100111111000> :  0.2714323E-03  0.2000000E-03           2
|1101100100101010100011100001111000> :  0.4406946E-05  0.2000000E-03           2
|0101100100101000100111100111111000> :  0.3882488E-03  0.2000000E-03           2
|1010110001010111011100011000000111> :  0.1694538E-03  0.2000000E-03           2
|1001111100010100010101001101100001> :  0.3968004E-03  0.2000000E-03           2
|0101000110101001100011100111111000> :  0.2166107E-03  0.2000000E-03           2
|1001101100101110010111111001100000> :  0.1062969E-03  0.2000000E-03           2
|0101100100101001100011100111111000> :  0.1479228E-03  0.2000000E-03           2
|1010011101010110010100011001001111> :  0.1915750E-03  0.2000000E-03           2
|1010011011010111011100011000001111> :  0.3148378E-03  0.2000000E-03           2
|0101100010101001101011100110110000> :  0.1915750E-03  0.2000000E-03           2
|1011110001010111011100011001000101> :  0.4178785E-04  0.2000000E-03           2
|1010011111010110010100011000001111> :  0.8287746E-04  0.2000000E-03           2
|0101010111101000100001100111011100> :  0.4123201E-07  0.1000000E-03           1
|1101101100101010100010110001101000> :  0.1828665E-04  0.1000000E-03           1
|1011010011010001011100111100011100> :  0.3370468E-09  0.1000000E-03           1
|0101000111101001100001100111011000> :  0.4591914E-05  0.1000000E-03           1
|0100000110101000100110110010111100> :  0.1890710E-08  0.1000000E-03           1
|1001100100111000000110111101111000> :  0.1295525E-10  0.1000000E-03           1
|0101100100101011100011100111111000> :  0.8313560E-06  0.1000000E-03           1
|0011000011101001100110110011011100> :  0.7830125E-07  0.1000000E-03           1
|0101000111101000100001100111111000> :  0.6800752E-05  0.1000000E-03           1
|1001111101101010100101101001100000> :  0.2265589E-08  0.1000000E-03           1
|1101101100101010010001111011100000> :  0.1703437E-08  0.1000000E-03           1
|0101000111001010100000110011011100> :  0.3509601E-07  0.1000000E-03           1
|0100111110101010100010010010111111> :  0.1219523E-08  0.1000000E-03           1
|1000011111011111100001001100001111> :  0.3328822E-08  0.1000000E-03           1
|1100100100101010110110110001110100> :  0.2044443E-08  0.1000000E-03           1
|1011100000010111011110011000001011> :  0.8388391E-08  0.1000000E-03           1
|0110010011010001101000000110011111> :  0.1062969E-03  0.1000000E-03           1
|1111011001101011100000100111001100> :  0.5997758E-09  0.1000000E-03           1
|0010001110010100010100011010101011> :  0.2402161E-09  0.1000000E-03           1
|0101000110101011100011110011111000> :  0.6160778E-04  0.1000000E-03           1
|1100111100110000010001001101100011> :  0.1413832E-08  0.1000000E-03           1
|1000111101010100011100110010000111> :  0.1547380E-08  0.1000000E-03           1
|1000111101010011010100011000000111> :  0.1558087E-08  0.1000000E-03           1
|1010111100010110010100011001100111> :  0.1265422E-03  0.1000000E-03           1
|1010111100010110010100001001100111> :  0.1201428E-06  0.1000000E-03           1
|0010111011010101011100011010000111> :  0.1211032E-04  0.1000000E-03           1
|1000111100101100011101101110100000> :  0.1943374E-09  0.1000000E-03           1
|1010111010010111011100011000110111> :  0.1905129E-08  0.1000000E-03           1
|1010111001010111011101001000000111> :  0.1011152E-04  0.1000000E-03           1
|1110111001010111011000001100000111> :  0.2205034E-05  0.1000000E-03           1
|1010111001010101011100011010000111> :  0.4115806E-05  0.1000000E-03           1
|0101110001101001011001000110010011> :  0.3329043E-08  0.1000000E-03           1
|1010111000010111011100001000000111> :  0.4408662E-04  0.1000000E-03           1
|1001101110101110100111001000100011> :  0.1471091E-08  0.1000000E-03           1
|0100111100101010010001100111100000> :  0.2901433E-08  0.1000000E-03           1
|0101100100101000101011100111110000> :  0.2295968E-04  0.1000000E-03           1
|0111100000110001011111010011110000> :  0.2241932E-09  0.1000000E-03           1
|1100101101100100110101010011100011> :  0.1290770E-09  0.1000000E-03           1
|1010111000010100011100011000100111> :  0.2425532E-04  0.1000000E-03           1
|1010101000010101011101001100100011> :  0.1733491E-08  0.1000000E-03           1
|1010110001010111011100011001000111> :  0.4599098E-05  0.1000000E-03           1
|1011100000100111101111111000100011> :  0.2483733E-09  0.1000000E-03           1
|1010101001110111011100011000000111> :  0.3198007E-04  0.1000000E-03           1
|1000101100101110100111011001101010> :  0.2370987E-03  0.1000000E-03           1
|1000101100101100100111001101101010> :  0.4554456E-06  0.1000000E-03           1
|1111100000101101100010010111111000> :  0.1876774E-08  0.1000000E-03           1
|0100100000101001101011100111111010> :  0.4258358E-07  0.1000000E-03           1
|0100011111010010011100010010010111> :  0.1493763E-08  0.1000000E-03           1
|0110011111010000001010001110010111> :  0.1630740E-09  0.1000000E-03           1
|0101001111101001100101110010011010> :  0.3075496E-09  0.1000000E-03           1
|0100101101101010101011100101110000> :  0.1221229E-09  0.1000000E-03           1
|0001001110110100100111100110101010> :  0.1783345E-09  0.1000000E-03           1
|1110011011010111011000011000000111> :  0.4935026E-06  0.1000000E-03           1
|1000001000101111001111011001101010> :  0.1687834E-09  0.1000000E-03           1
|0101000110101000100011100110111010> :  0.7661938E-05  0.1000000E-03           1
|1010011011010110011100011000000111> :  0.1479228E-03  0.1000000E-03           1
|0010011011010101011100011110000111> :  0.4406946E-05  0.1000000E-03           1
|0001010011101101111101000110010010> :  0.7225561E-08  0.1000000E-03           1
|0111110010000001100011100111111001> :  0.1842595E-08  0.1000000E-03           1
|0101100100010000101011100111111001> :  0.4622205E-07  0.1000000E-03           1
|0101010110001000100011100111111000> :  0.3198007E-04  0.1000000E-03           1
|0010011011010101011100000110000111> :  0.1156893E-04  0.1000000E-03           1
|1001011101010101010101000101001001> :  0.1960509E-08  0.1000000E-03           1
|1010010011010111011100011000000111> :  0.2714323E-03  0.1000000E-03           1
|0101010111010000100001100111111001> :  0.3701108E-05  0.1000000E-03           1
|0101010011101001101001100110011000> :  0.6638348E-04  0.1000000E-03           1
|1100101100111010011001111001100000> :  0.1378324E-08  0.1000000E-03           1
|0101100100101000100011100111110000> :  0.3148378E-03  0.1000000E-03           1
|0011010011010101011100011010010111> :  0.1164123E-04  0.1000000E-03           1
|0110010011010101011000001111000111> :  0.7169213E-08  0.1000000E-03           1
|0110011111010010111000010010010111> :  0.4320412E-09  0.1000000E-03           1
|0110100010101001111110010010010111> :  0.8276190E-09  0.1000000E-03           1
|0101001110101000100110110011111000> :  0.1387677E-06  0.1000000E-03           1
|0110010011010101011000000110010111> :  0.2223520E-04  0.1000000E-03           1
|1000101000010111101110111000000111> :  0.2740287E-09  0.1000000E-03           1
|0010010011010011011100011000010111> :  0.4165466E-05  0.1000000E-03           1
|0110010011010001111000000110010111> :  0.1250753E-04  0.1000000E-03           1
|0010010011010001011001001010010111> :  0.2737440E-08  0.1000000E-03           1
|1111101000100110101011110000100001> :  0.1860143E-09  0.1000000E-03           1
|1010110101010111010000011101010111> :  0.7763559E-09  0.1000000E-03           1
|0101001110101000100011100111111000> :  0.1694538E-03  0.1000000E-03           1
|0110010011010001011000100110010111> :  0.2179302E-04  0.1000000E-03           1
|0111010011010001011000000110010111> :  0.7710561E-04  0.1000000E-03           1
|1011011110010110010011001101100001> :  0.8174654E-08  0.1000000E-03           1
|0111010011010011011001101100010001> :  0.7176241E-06  0.1000000E-03           1
|1111001100101010100111110001111000> :  0.2964409E-08  0.1000000E-03           1
|0010000011110101111111010010010111> :  0.1088106E-09  0.1000000E-03           1
|0110111001010011011100010000010111> :  0.2685603E-07  0.1000000E-03           1
|0000001111101110100011011001011110> :  0.5246740E-08  0.1000000E-03           1
|0110001111101000100110100110011110> :  0.5398640E-09  0.1000000E-03           1
|0101111110001000100011000111111000> :  0.2976366E-08  0.1000000E-03           1
|1101001100101010100011100101101000> :  0.1288442E-04  0.1000000E-03           1
|1011111100101110100110111001101000> :  0.2035384E-08  0.1000000E-03           1
|0110111010101101111001000110000110> :  0.6825746E-08  0.1000000E-03           1
|0110101010110011101010110110010110> :  0.8587820E-08  0.1000000E-03           1
|0100100100101001101010010110010110> :  0.3255457E-07  0.1000000E-03           1
|0011101110101000000110111011111000> :  0.1010421E-08  0.1000000E-03           1
|1110100011010011011000011000010110> :  0.9249172E-09  0.1000000E-03           1
|1110100000110011011010011000000110> :  0.2057734E-07  0.1000000E-03           1
|0101000111101010100011110011111000> :  0.9021019E-04  0.1000000E-03           1
|0000010011101001111100111010010110> :  0.1955174E-08  0.1000000E-03           1
|0010101111010100000110011011001101> :  0.2767817E-09  0.1000000E-03           1
|1000101100101110100111111001101000> :  0.7710561E-04  0.1000000E-03           1
|0010001001010101100110010111011101> :  0.8341422E-10  0.1000000E-03           1
|1010000111010111010100011001001101> :  0.6205779E-08  0.1000000E-03           1
|1001101100101110100110111001101000> :  0.2450394E-04  0.1000000E-03           1
|1000111101110110010001101101000101> :  0.1709122E-08  0.1000000E-03           1
|1000001010110101001110011100001111> :  0.7005868E-09  0.1000000E-03           1
|1010111101000100010000001101000101> :  0.2275260E-08  0.1000000E-03           1
|1110011001010011011000001110001111> :  0.1173951E-08  0.1000000E-03           1
|1001101100101100100111101101101000> :  0.3666393E-04  0.1000000E-03           1
|1101110000010001011001100111110101> :  0.1543112E-08  0.1000000E-03           1
|0101000011101001101011100110011000> :  0.1265422E-03  0.1000000E-03           1
|1001101100101110010011101101100000> :  0.6921236E-05  0.1000000E-03           1
|0101010111101000101000100110110000> :  0.5025734E-08  0.1000000E-03           1
|0101010011101001111001100110010000> :  0.3531171E-04  0.1000000E-03           1
