# state, exact probability, frequency, count:
#------------------------------------------------------------------
|101001100000111111011000> :  0.2220680E+00  0.2168000E+00        2168
|010110011111000000100111> :  0.2220680E+00  0.2161000E+00        2161
|010110011111001000100011> :  0.1650604E+00  0.1683000E+00        1683
|101001100000110111011100> :  0.1650604E+00  0.1669000E+00        1669
|010110011111000000001111> :  0.8091989E-01  0.8340000E-01         834
|101001100000111111110000> :  0.8091989E-01  0.8120000E-01         812
|101011010000111010110010> :  0.2162150E-01  0.2310000E-01         231
|010100101111000101001101> :  0.2162150E-01  0.2220000E-01         222
|101001100000111011011000> :  0.5180560E-03  0.8000000E-03           8
|010100011111001000100011> :  0.2849619E-03  0.8000000E-03           8
|101011100000111111011000> :  0.5573578E-03  0.7000000E-03           7
|010100011111000000100111> :  0.5573578E-03  0.6000000E-03           6
|010110011111000100100111> :  0.5180560E-03  0.5000000E-03           5
|010010011111000000001111> :  0.1859764E-03  0.5000000E-03           5
|101001100000111111011100> :  0.5918229E-04  0.5000000E-03           5
|101011100000110111011100> :  0.2849619E-03  0.4000000E-03           4
|010110011111001100100011> :  0.1561574E-03  0.4000000E-03           4
|010100101111000001001101> :  0.2289496E-03  0.3000000E-03           3
|010100011111000000001111> :  0.2238799E-03  0.3000000E-03           3
|101011010000111010110000> :  0.1574128E-03  0.3000000E-03           3
|101001100000110011011100> :  0.1561574E-03  0.3000000E-03           3
|101011010000111110110010> :  0.2289496E-03  0.2000000E-03           2
|010110011111000000100011> :  0.5918229E-04  0.2000000E-03           2
|101001010000111011110000> :  0.2016605E-03  0.2000000E-03           2
|010100101111001101100011> :  0.1418028E-03  0.2000000E-03           2
|010110011111000100001111> :  0.4518030E-03  0.2000000E-03           2
|010110111111001000100011> :  0.4513216E-04  0.2000000E-03           2
|001011010000111010110010> :  0.8981263E-04  0.2000000E-03           2
|010111011111000000001111> :  0.4424736E-04  0.2000000E-03           2
|010000011111001001100001> :  0.3655825E-05  0.1000000E-03           1
|010000011111000010001110> :  0.6884787E-06  0.1000000E-03           1
|001001100000110111011101> :  0.6367583E-06  0.1000000E-03           1
|001110111010001000010011> :  0.1237412E-06  0.1000000E-03           1
|001110111010000110011010> :  0.2553795E-07  0.1000000E-03           1
|001001100000110011010110> :  0.1759703E-06  0.1000000E-03           1
|000101011110101001001101> :  0.7399330E-07  0.1000000E-03           1
|001110011110101010100010> :  0.7492009E-06  0.1000000E-03           1
|001110011100101010110010> :  0.9351431E-07  0.1000000E-03           1
|000111011111001110100011> :  0.2177979E-05  0.1000000E-03           1
|001101100010101111010000> :  0.2071632E-07  0.1000000E-03           1
|001100101010001110110000> :  0.1014011E-07  0.1000000E-03           1
|000111011111001100100011> :  0.4757797E-05  0.1000000E-03           1
|000101010111010110100110> :  0.8642691E-06  0.1000000E-03           1
|000001110111110010001110> :  0.1345899E-06  0.1000000E-03           1
|100100101111001111100000> :  0.1385241E-06  0.1000000E-03           1
|010100011111001000000101> :  0.1599803E-05  0.1000000E-03           1
|010100100100111101001000> :  0.4588846E-06  0.1000000E-03           1
|010100100111101100100010> :  0.1308524E-06  0.1000000E-03           1
|010100101010001101001001> :  0.2065008E-07  0.1000000E-03           1
|101001000000111110011000> :  0.1497675E-06  0.1000000E-03           1
|101001010000110011011100> :  0.5286784E-04  0.1000000E-03           1
|010100101111000101001111> :  0.1574128E-03  0.1000000E-03           1
|101001100000110111110110> :  0.6986472E-05  0.1000000E-03           1
|010101000111100101001100> :  0.9392813E-07  0.1000000E-03           1
|010101010001111000100011> :  0.4159145E-07  0.1000000E-03           1
|010101100111010001010011> :  0.9124943E-08  0.1000000E-03           1
|010110010101100000100111> :  0.6295563E-05  0.1000000E-03           1
|010110010111001000100011> :  0.1398675E-05  0.1000000E-03           1
|001011100100111111001000> :  0.2050417E-06  0.1000000E-03           1
|101011011000101011011101> :  0.8776473E-07  0.1000000E-03           1
|101011100000101111011000> :  0.3048197E-05  0.1000000E-03           1
|101011100000111111110000> :  0.2238799E-03  0.1000000E-03           1
|100010011111000010101101> :  0.1138938E-05  0.1000000E-03           1
|100001110001110011010100> :  0.4191500E-07  0.1000000E-03           1
|001011010110011000100110> :  0.3522668E-07  0.1000000E-03           1
|000111010111000110100110> :  0.5207186E-05  0.1000000E-03           1
|010100010100110000001111> :  0.8024601E-06  0.1000000E-03           1
|011110011011000000110111> :  0.5436200E-05  0.1000000E-03           1
|010011100111000110001010> :  0.3618181E-07  0.1000000E-03           1
|010011010111000110001111> :  0.3005152E-07  0.1000000E-03           1
|010011010001110000001111> :  0.7096006E-06  0.1000000E-03           1
|001001110000110111011100> :  0.2257359E-05  0.1000000E-03           1
|000111010111000010101001> :  0.2190071E-07  0.1000000E-03           1
|000011010110111010100011> :  0.6771503E-05  0.1000000E-03           1
|011001100110011111001000> :  0.6648347E-06  0.1000000E-03           1
|011000011110010000000111> :  0.2228367E-08  0.1000000E-03           1
|010010111111000100101111> :  0.5129786E-06  0.1000000E-03           1
|010111011111000000100111> :  0.5955218E-04  0.1000000E-03           1
|011010011111010110001111> :  0.2415165E-06  0.1000000E-03           1
|011010011111100010000110> :  0.8407967E-08  0.1000000E-03           1
|011010111110001000000010> :  0.4024133E-07  0.1000000E-03           1
|011100001101000111001100> :  0.3767748E-07  0.1000000E-03           1
|111110011011000000110111> :  0.8854303E-05  0.1000000E-03           1
|011110011110001000100101> :  0.8556176E-06  0.1000000E-03           1
|011110111111000000001000> :  0.4679070E-07  0.1000000E-03           1
|100001010111110011110101> :  0.5819552E-09  0.1000000E-03           1
|110101100111111000100011> :  0.3032155E-08  0.1000000E-03           1
|100010011001010110111010> :  0.1470842E-07  0.1000000E-03           1
|010010110111000000001001> :  0.3674108E-07  0.1000000E-03           1
|100011011111000010110111> :  0.7919741E-06  0.1000000E-03           1
|100100101001000111111100> :  0.1590816E-07  0.1000000E-03           1
|100100101001011101011000> :  0.4888818E-07  0.1000000E-03           1
|001001101010011111000010> :  0.1844663E-08  0.1000000E-03           1
|100111010111001000100011> :  0.9417555E-06  0.1000000E-03           1
|101000010000111001110001> :  0.2206369E-06  0.1000000E-03           1
|101000100000111001011001> :  0.4978107E-05  0.1000000E-03           1
|101000101000011011110000> :  0.8959857E-06  0.1000000E-03           1
|101000101111010111001000> :  0.1507369E-05  0.1000000E-03           1
|101001000000110110110100> :  0.7420920E-05  0.1000000E-03           1
|101001000000110111011100> :  0.4513216E-04  0.1000000E-03           1
|010111010111100100100111> :  0.3938350E-05  0.1000000E-03           1
|101001010000110011010000> :  0.6951251E-05  0.1000000E-03           1
|010111001111000100100111> :  0.6162817E-05  0.1000000E-03           1
|010010100111001011100011> :  0.4893763E-08  0.1000000E-03           1
|101001100000011011111001> :  0.1390358E-07  0.1000000E-03           1
|110010101101100111001001> :  0.5850237E-08  0.1000000E-03           1
|010110101111001100100011> :  0.5286784E-04  0.1000000E-03           1
|010010011111100110100100> :  0.8145116E-08  0.1000000E-03           1
|001001100110110111011100> :  0.5576459E-05  0.1000000E-03           1
|101001100000111011110000> :  0.4518030E-03  0.1000000E-03           1
|000111000100111000110011> :  0.5545610E-07  0.1000000E-03           1
|010110101111000101001101> :  0.5372665E-04  0.1000000E-03           1
|010110101111000100001111> :  0.2016605E-03  0.1000000E-03           1
|101001100001110111110110> :  0.4573648E-05  0.1000000E-03           1
|101001100110110111001100> :  0.5682037E-05  0.1000000E-03           1
|101001101000111001011001> :  0.4269581E-06  0.1000000E-03           1
|101001101001110111111000> :  0.3132824E-06  0.1000000E-03           1
|101010101000101110110010> :  0.1910389E-05  0.1000000E-03           1
|010010011111001000100011> :  0.6898921E-04  0.1000000E-03           1
|010110101100001100000111> :  0.3475027E-07  0.1000000E-03           1
|101101101011001111011000> :  0.6626509E-06  0.1000000E-03           1
|010010011111000000100111> :  0.1925327E-03  0.1000000E-03           1
|001001100110110111000110> :  0.1526378E-05  0.1000000E-03           1
|010110011111001001101001> :  0.6403021E-05  0.1000000E-03           1
|101100101000101111110000> :  0.2039386E-04  0.1000000E-03           1
|010110011111001000100111> :  0.4164232E-04  0.1000000E-03           1
|101100101000000101110000> :  0.1017261E-07  0.1000000E-03           1
|101100100000110011011101> :  0.3124833E-06  0.1000000E-03           1
|101100011000111110110000> :  0.8473319E-07  0.1000000E-03           1
|101011100011000111010100> :  0.1934798E-07  0.1000000E-03           1
|010010010111011110000010> :  0.9864332E-07  0.1000000E-03           1
|101101100000100111011100> :  0.2320238E-05  0.1000000E-03           1
|101101100000110111011100> :  0.6898921E-04  0.1000000E-03           1
|101101100000111111110000> :  0.1859764E-03  0.1000000E-03           1
|001001100000111110011010> :  0.8167125E-05  0.1000000E-03           1
|101101110001111000110001> :  0.2702667E-07  0.1000000E-03           1
|101110101010000100011100> :  0.4339811E-07  0.1000000E-03           1
|101111011001001000110001> :  0.2514696E-06  0.1000000E-03           1
|101111100000110110011100> :  0.5701405E-05  0.1000000E-03           1
|101111101000000111011000> :  0.2219863E-06  0.1000000E-03           1
|110000000001010101001101> :  0.6539695E-07  0.1000000E-03           1
|110000011101110111001100> :  0.6490012E-07  0.1000000E-03           1
|110001100000111011011001> :  0.1231854E-05  0.1000000E-03           1
|110010100010110010011111> :  0.1085054E-10  0.1000000E-03           1
|000110011111001010110011> :  0.5659401E-05  0.1000000E-03           1
|110100010101110001100101> :  0.5250485E-07  0.1000000E-03           1
|110100011111001001001001> :  0.3952368E-05  0.1000000E-03           1
|110100101111000101001101> :  0.8981263E-04  0.1000000E-03           1
|110100111111000001100011> :  0.1877081E-06  0.1000000E-03           1
|110101100111010011001100> :  0.5247882E-07  0.1000000E-03           1
|000010011111010000101101> :  0.6854223E-07  0.1000000E-03           1
|110110001011000101101001> :  0.1793279E-06  0.1000000E-03           1
|110110011001001100110000> :  0.1387984E-06  0.1000000E-03           1
|110110011011000000100101> :  0.6797768E-05  0.1000000E-03           1
|110110011100001100100101> :  0.8010353E-08  0.1000000E-03           1
|110110011101001000101001> :  0.7690177E-06  0.1000000E-03           1
|110110011101001000110001> :  0.7060909E-06  0.1000000E-03           1
|110110111111000000100001> :  0.2125692E-06  0.1000000E-03           1
|111000100100111101010000> :  0.3471049E-07  0.1000000E-03           1
|111001100000111111011010> :  0.9831388E-06  0.1000000E-03           1
|111010101000110111011101> :  0.1125860E-06  0.1000000E-03           1
|111011100001010010011100> :  0.1381147E-07  0.1000000E-03           1
|111100101000101101110000> :  0.7372939E-05  0.1000000E-03           1
|111101100001111111111000> :  0.7047395E-09  0.1000000E-03           1
|111110011000100000100111> :  0.5716683E-05  0.1000000E-03           1
|111110011001100000111101> :  0.4328841E-06  0.1000000E-03           1
|000001100100110111011100> :  0.4744153E-05  0.1000000E-03           1
|111111110010101000100000> :  0.6705225E-07  0.1000000E-03           1
|000001010110111011110001> :  0.2050256E-06  0.1000000E-03           1
