# state, exact probability, frequency, count:
#------------------------------------------------------------------
|110010101010101100011110> :  0.1495664E+00  0.1493000E+00        1493
|001101010101010011100001> :  0.1495664E+00  0.1471000E+00        1471
|011101100010001001111001> :  0.2575077E-01  0.2780000E-01         278
|100010011101110110000110> :  0.2575077E-01  0.2550000E-01         255
|011101101010001100111000> :  0.2067794E-01  0.2310000E-01         231
|100010010101110011000111> :  0.2067794E-01  0.2290000E-01         229
|100010010101110111000110> :  0.2164784E-01  0.2250000E-01         225
|011101101010001000111001> :  0.2164784E-01  0.2000000E-01         200
|011101100000011001111001> :  0.1864077E-01  0.1890000E-01         189
|100010011111100110000110> :  0.1864077E-01  0.1870000E-01         187
|011101110000011001110001> :  0.1590046E-01  0.1740000E-01         174
|010101101010001100111100> :  0.1638987E-01  0.1670000E-01         167
|100010001111100110001110> :  0.1590046E-01  0.1560000E-01         156
|111100101010001100111000> :  0.1281763E-01  0.1460000E-01         146
|110010001011100110001110> :  0.1404277E-01  0.1450000E-01         145
|101010010101110011000011> :  0.1638987E-01  0.1430000E-01         143
|010010001111100110001110> :  0.1328811E-01  0.1410000E-01         141
|000011010101110011000111> :  0.1281763E-01  0.1370000E-01         137
|001011010101110011000011> :  0.1426348E-01  0.1360000E-01         136
|101101110000011001110001> :  0.1328811E-01  0.1360000E-01         136
|110100101010001100111100> :  0.1426348E-01  0.1240000E-01         124
|101101100000011001111001> :  0.1147012E-01  0.1240000E-01         124
|001101100100011001111001> :  0.1134703E-01  0.1170000E-01         117
|010010011111100110000110> :  0.1147012E-01  0.1160000E-01         116
|001101010101011001110001> :  0.1010653E-01  0.1120000E-01         112
|001101110100011001110001> :  0.1404277E-01  0.1100000E-01         110
|101010010101110111000010> :  0.1064567E-01  0.1090000E-01         109
|110010011001110110000110> :  0.9339822E-02  0.1080000E-01         108
|101101100010001001111001> :  0.1049338E-01  0.1060000E-01         106
|010101100010001001111101> :  0.9495234E-02  0.1010000E-01         101
|010010011101110110000110> :  0.1049338E-01  0.1000000E-01         100
|110010101010100110001110> :  0.1010653E-01  0.1000000E-01         100
|100010101110100110001110> :  0.8263163E-02  0.9800000E-02          98
|010010101110100110001110> :  0.8477145E-02  0.9500000E-02          95
|110010011011100110000110> :  0.1134703E-01  0.9300000E-02          93
|001101100110001001111001> :  0.9339822E-02  0.8800000E-02          88
|001011010101110011100001> :  0.8305103E-02  0.8700000E-02          87
|011101010001011001110001> :  0.8263163E-02  0.8600000E-02          86
|101101010001011001110001> :  0.8477145E-02  0.8500000E-02          85
|110100101010001100011110> :  0.8305103E-02  0.8400000E-02          84
|101010011101110110000010> :  0.9495234E-02  0.8400000E-02          84
|010101101010001000111101> :  0.1064567E-01  0.8100000E-02          81
|011101101000011000111001> :  0.6342657E-02  0.7100000E-02          71
|101010010101110011100001> :  0.6169332E-02  0.6700000E-02          67
|010101101010001100011110> :  0.6169332E-02  0.5900000E-02          59
|100010010111100111000110> :  0.6342657E-02  0.5500000E-02          55
|101010001110100110001110> :  0.3947985E-02  0.4700000E-02          47
|000101110101011001110001> :  0.3656108E-02  0.4100000E-02          41
|100101100010001001111101> :  0.3156429E-02  0.3800000E-02          38
|100101110001011001110001> :  0.3642077E-02  0.3700000E-02          37
|010101110001011001110001> :  0.3947985E-02  0.3700000E-02          37
|111010001010100110001110> :  0.3656108E-02  0.3600000E-02          36
|000011010101110011100101> :  0.2859210E-02  0.3500000E-02          35
|100010010101110011100101> :  0.3755806E-02  0.3300000E-02          33
|011101101000011100111000> :  0.2553331E-02  0.3100000E-02          31
|011010011101110110000010> :  0.3156429E-02  0.3100000E-02          31
|011010001110100110001110> :  0.3642077E-02  0.3000000E-02          30
|111100101010001100011010> :  0.2859210E-02  0.3000000E-02          30
|011101101010001100011010> :  0.3755806E-02  0.2900000E-02          29
|000101100110001001111101> :  0.2206240E-02  0.2600000E-02          26
|100010010111100011000111> :  0.2553331E-02  0.2300000E-02          23
|111010011001110110000010> :  0.2206240E-02  0.2000000E-02          20
|001111010101010011000011> :  0.2084168E-02  0.1900000E-02          19
|110000101010101100111100> :  0.2084168E-02  0.1800000E-02          18
|000011100100100001111101> :  0.1105464E-02  0.1800000E-02          18
|011101011011011110000010> :  0.1150663E-02  0.1600000E-02          16
|111100011001011110100010> :  0.1057209E-02  0.1400000E-02          14
|000011100100001001111101> :  0.1216242E-02  0.1400000E-02          14
|100011100000001001111101> :  0.1005441E-02  0.1400000E-02          14
|000001100110100001111101> :  0.9400117E-03  0.1300000E-02          13
|001101010101010011110001> :  0.1196337E-02  0.1200000E-02          12
|100000100110100001111101> :  0.1071501E-02  0.1200000E-02          12
|001101010111010011000011> :  0.1404891E-02  0.1100000E-02          11
|100010100100100001111101> :  0.1150663E-02  0.1100000E-02          11
|011100011111110110000010> :  0.1005441E-02  0.1100000E-02          11
|111100011011011110000010> :  0.1105464E-02  0.1100000E-02          11
|011111011001011110000010> :  0.1071501E-02  0.1100000E-02          11
|011101011001011110100010> :  0.1270825E-02  0.1000000E-02          10
|000011100110001001011101> :  0.8352674E-03  0.1000000E-02          10
|110000101010101100011110> :  0.1244834E-02  0.1000000E-02          10
|010010101110100100011110> :  0.8040633E-03  0.1000000E-02          10
|001111010101010011100001> :  0.1244834E-02  0.1000000E-02          10
|110010101010101100001110> :  0.1196337E-02  0.9000000E-03           9
|001101010101011011100001> :  0.4909250E-03  0.9000000E-03           9
|100010100000101001111101> :  0.8893621E-03  0.9000000E-03           9
|100011100010001001011101> :  0.7300289E-03  0.9000000E-03           9
|000011100110100001011101> :  0.1057209E-02  0.9000000E-03           9
|111100001010100110001010> :  0.7980390E-03  0.9000000E-03           9
|111100011011110110000010> :  0.1216242E-02  0.9000000E-03           9
|111110011001011110000010> :  0.9400117E-03  0.9000000E-03           9
|011101011111010110000010> :  0.8893621E-03  0.8000000E-03           8
|010011100010001001011101> :  0.4231437E-03  0.8000000E-03           8
|110010101000101100111100> :  0.1404891E-02  0.8000000E-03           8
|100010101110100100011110> :  0.4489063E-03  0.8000000E-03           8
|111100011001110110100010> :  0.8352674E-03  0.8000000E-03           8
|101100011101110110100010> :  0.4231437E-03  0.7000000E-03           7
|001101010111010011100001> :  0.5165750E-03  0.7000000E-03           7
|110010101000101100011110> :  0.5165750E-03  0.7000000E-03           7
|001101010101010011100011> :  0.7761647E-03  0.7000000E-03           7
|011101011101010110100010> :  0.8796940E-03  0.7000000E-03           7
|001101010100010011100001> :  0.5298871E-03  0.7000000E-03           7
|100000100010101001111101> :  0.8084250E-03  0.7000000E-03           7
|111100101000011100111000> :  0.7343871E-03  0.7000000E-03           7
|111100001001011100110000> :  0.4656969E-03  0.7000000E-03           7
|011111011101010110000010> :  0.8084250E-03  0.6000000E-03           6
|100010100110100001011101> :  0.1270825E-02  0.6000000E-03           6
|100010110001111001110101> :  0.2947909E-03  0.6000000E-03           6
|100001100010001001111101> :  0.4819071E-03  0.6000000E-03           6
|010001100010001001111101> :  0.2926706E-03  0.6000000E-03           6
|111100001010001110001010> :  0.6689666E-03  0.6000000E-03           6
|011110011101110110000010> :  0.4819071E-03  0.6000000E-03           6
|000101110111001001110101> :  0.1980112E-03  0.6000000E-03           6
|110010101010101100011100> :  0.7761647E-03  0.5000000E-03           5
|110010101010001100011110> :  0.2531404E-03  0.5000000E-03           5
|101101010001011011100001> :  0.8040633E-03  0.5000000E-03           5
|101100011111110110000010> :  0.6134307E-03  0.5000000E-03           5
|100010110110100011001111> :  0.5900058E-03  0.5000000E-03           5
|100010100010101001011101> :  0.8796940E-03  0.5000000E-03           5
|010011100000001001111101> :  0.6134307E-03  0.5000000E-03           5
|000011010111100011000111> :  0.7343871E-03  0.5000000E-03           5
|011010011111110110000010> :  0.9501930E-04  0.4000000E-03           4
|101100001110100110001010> :  0.2722216E-03  0.4000000E-03           4
|011100001110100110001010> :  0.5448875E-03  0.4000000E-03           4
|011101001001011100110000> :  0.5900058E-03  0.4000000E-03           4
|100010110101110001110101> :  0.5578417E-03  0.4000000E-03           4
|000101110101011001110101> :  0.2354379E-03  0.4000000E-03           4
|010011101010001100011110> :  0.2800112E-03  0.4000000E-03           4
|110010101011101100011110> :  0.5298871E-03  0.4000000E-03           4
|001011010110100011001111> :  0.2769024E-03  0.4000000E-03           4
|000011110101110001110101> :  0.6689666E-03  0.4000000E-03           4
|111110101000011100011010> :  0.2751388E-03  0.4000000E-03           4
|111010001000110110001010> :  0.1980112E-03  0.4000000E-03           4
|111000001010100110001110> :  0.1121366E-03  0.3000000E-03           3
|011101101000011100110000> :  0.1401167E-03  0.3000000E-03           3
|110010101010100100011110> :  0.4909250E-03  0.3000000E-03           3
|011101001010001110001010> :  0.5578417E-03  0.3000000E-03           3
|000101100100001001111101> :  0.9905693E-04  0.3000000E-03           3
|000001100110001001111101> :  0.5369718E-03  0.3000000E-03           3
|010101110001011001110101> :  0.1218815E-03  0.3000000E-03           3
|011101001110000110001010> :  0.2947909E-03  0.3000000E-03           3
|010101101001011100110000> :  0.3160349E-03  0.3000000E-03           3
|010011110001011001110101> :  0.2722216E-03  0.3000000E-03           3
|000101010111000011100101> :  0.2387933E-03  0.3000000E-03           3
|000011010111100011001111> :  0.1221694E-03  0.3000000E-03           3
|001101000110000011111001> :  0.2268363E-03  0.3000000E-03           3
|010010101100100100111100> :  0.9669667E-04  0.3000000E-03           3
|100000101110100100111100> :  0.1791865E-03  0.3000000E-03           3
|111110011001110110000010> :  0.5369718E-03  0.3000000E-03           3
|010001101010001100111100> :  0.2841366E-04  0.3000000E-03           3
|011111010001011011000011> :  0.1791865E-03  0.3000000E-03           3
|000111110101011001110001> :  0.1121366E-03  0.3000000E-03           3
|000001010111100011100101> :  0.2751388E-03  0.3000000E-03           3
|111010001010100110001010> :  0.2354379E-03  0.3000000E-03           3
|000011110101011001110101> :  0.7980390E-03  0.3000000E-03           3
|001101100110000001111001> :  0.2813661E-04  0.2000000E-03           2
|011101010011011011000011> :  0.1548775E-03  0.2000000E-03           2
|011010011111100110000110> :  0.2027661E-04  0.2000000E-03           2
|101100010101110011100001> :  0.2800112E-03  0.2000000E-03           2
|001101010110000011101001> :  0.3847968E-03  0.2000000E-03           2
|101010010110100011001111> :  0.3160349E-03  0.2000000E-03           2
|001101010111011011000011> :  0.3470076E-04  0.2000000E-03           2
|001101010101110011100001> :  0.2531404E-03  0.2000000E-03           2
|101010001110100110001010> :  0.1218815E-03  0.2000000E-03           2
|110010101001111100110100> :  0.1574103E-03  0.2000000E-03           2
|100011110001011001110101> :  0.5448875E-03  0.2000000E-03           2
|010011101110100100011110> :  0.1612167E-04  0.2000000E-03           2
|010011101010001000011101> :  0.7734102E-04  0.2000000E-03           2
|010010101010101100011110> :  0.1898412E-03  0.2000000E-03           2
|000011110110100011001111> :  0.4656969E-03  0.2000000E-03           2
|111100101000011100110000> :  0.1221694E-03  0.2000000E-03           2
|110100101001011100110000> :  0.2769024E-03  0.1000000E-03           1
|110010111001111100000110> :  0.2268363E-03  0.1000000E-03           1
|110010101011101100001110> :  0.3101577E-05  0.1000000E-03           1
|001101110100011001100011> :  0.8868391E-06  0.1000000E-03           1
|000101110110001001001111> :  0.1268325E-04  0.1000000E-03           1
|110010101010100100001110> :  0.7382908E-05  0.1000000E-03           1
|110010101010001100001110> :  0.2197375E-05  0.1000000E-03           1
|110010101001111100010110> :  0.3847968E-03  0.1000000E-03           1
|110010101000111100011110> :  0.1311390E-03  0.1000000E-03           1
|011101010001011011110001> :  0.8629988E-05  0.1000000E-03           1
|110010011111100110000110> :  0.4045526E-04  0.1000000E-03           1
|011101010001011011100001> :  0.4489063E-03  0.1000000E-03           1
|001101100100001001111001> :  0.2090380E-04  0.1000000E-03           1
|110010001111100110001110> :  0.4671257E-04  0.1000000E-03           1
|110010001001110110000110> :  0.9921917E-05  0.1000000E-03           1
|001101100010001001111001> :  0.3830012E-04  0.1000000E-03           1
|011101001101010110100010> :  0.1108458E-05  0.1000000E-03           1
|110000101010100110001110> :  0.2407674E-04  0.1000000E-03           1
|110000001011100110001110> :  0.1582809E-04  0.1000000E-03           1
|001101010111011011100001> :  0.4011098E-05  0.1000000E-03           1
|000101110101010011100001> :  0.8662132E-05  0.1000000E-03           1
|101111010001011011100001> :  0.1393804E-04  0.1000000E-03           1
|101110011101110110000010> :  0.2926706E-03  0.1000000E-03           1
|011101001001011000110001> :  0.2292675E-03  0.1000000E-03           1
|101101101000011001111001> :  0.2915079E-05  0.1000000E-03           1
|101101010101010011100011> :  0.9773331E-05  0.1000000E-03           1
|011100011101110110100010> :  0.7300289E-03  0.1000000E-03           1
|000101101010001001111101> :  0.6683322E-07  0.1000000E-03           1
|101101010001011011100011> :  0.4719824E-04  0.1000000E-03           1
|011011101010001000011101> :  0.1548475E-06  0.1000000E-03           1
|011011011101110110000010> :  0.1931992E-04  0.1000000E-03           1
|101100101110100100111000> :  0.4722560E-05  0.1000000E-03           1
|101100101100110100111000> :  0.5468974E-05  0.1000000E-03           1
|001101010111000011100001> :  0.1311390E-03  0.1000000E-03           1
|000011100100101001111101> :  0.5868399E-06  0.1000000E-03           1
|001101010110001011001011> :  0.7484679E-06  0.1000000E-03           1
|101010100100110001111001> :  0.4328419E-05  0.1000000E-03           1
|101010011101110110000110> :  0.1301981E-04  0.1000000E-03           1
|101100110000011001110001> :  0.3489870E-04  0.1000000E-03           1
|101100110010011101000010> :  0.1424221E-06  0.1000000E-03           1
|011010001110100110011110> :  0.8525258E-05  0.1000000E-03           1
|101010010111100111000110> :  0.1362118E-04  0.1000000E-03           1
|000101100110000001111101> :  0.3511209E-04  0.1000000E-03           1
|101101010101010011100001> :  0.1898412E-03  0.1000000E-03           1
|011010001110100110001010> :  0.1640429E-03  0.1000000E-03           1
|101010010101110011100011> :  0.1567785E-04  0.1000000E-03           1
|011010001101110110000010> :  0.1416571E-04  0.1000000E-03           1
|101010010101110011000010> :  0.8791764E-05  0.1000000E-03           1
|011010001100110110111000> :  0.1613775E-04  0.1000000E-03           1
|101010010001110111000010> :  0.4487703E-05  0.1000000E-03           1
|010101111011011100000010> :  0.6125462E-05  0.1000000E-03           1
|101111110000011001110001> :  0.1156579E-04  0.1000000E-03           1
|101010001101110110000010> :  0.1383940E-04  0.1000000E-03           1
|101010001100110110111000> :  0.1295704E-04  0.1000000E-03           1
|101010001100110110001010> :  0.9590271E-04  0.1000000E-03           1
|101000001110100110001110> :  0.4806418E-04  0.1000000E-03           1
|100101110011011001000011> :  0.8946723E-05  0.1000000E-03           1
|010101101110001100111100> :  0.1911813E-04  0.1000000E-03           1
|100101110011001001110101> :  0.1211213E-03  0.1000000E-03           1
|100101110011001001000111> :  0.1613775E-04  0.1000000E-03           1
|010101101011001100011110> :  0.2372405E-04  0.1000000E-03           1
|000101100010001001111101> :  0.1023935E-04  0.1000000E-03           1
|110010101000100100111100> :  0.3470076E-04  0.1000000E-03           1
|100101110001011001110101> :  0.1640429E-03  0.1000000E-03           1
|100101100000001001111101> :  0.9501930E-04  0.1000000E-03           1
|010101101010001100011100> :  0.1567785E-04  0.1000000E-03           1
|100010110111100111000110> :  0.2780086E-04  0.1000000E-03           1
|000101010111011011000011> :  0.1306777E-05  0.1000000E-03           1
|100010110110100111001110> :  0.2292675E-03  0.1000000E-03           1
|100010110101110011100101> :  0.8010465E-04  0.1000000E-03           1
|100010110101110011000111> :  0.2617660E-04  0.1000000E-03           1
|010101101001011000110001> :  0.1278934E-03  0.1000000E-03           1
|001101010100011001110001> :  0.4457609E-05  0.1000000E-03           1
|100010110010101001001111> :  0.3064314E-05  0.1000000E-03           1
|100010101100100100111100> :  0.1548775E-03  0.1000000E-03           1
|100010101010101100011110> :  0.3884661E-04  0.1000000E-03           1
|100010101010100110001110> :  0.4482901E-05  0.1000000E-03           1
|001101010001011001110001> :  0.3510583E-04  0.1000000E-03           1
|001101000110001001111001> :  0.4175238E-04  0.1000000E-03           1
|110010111011101100000110> :  0.1080032E-03  0.1000000E-03           1
|000101010111000011000111> :  0.8987127E-04  0.1000000E-03           1
|000011010101110011000101> :  0.3819239E-05  0.1000000E-03           1
|100010010111110011000111> :  0.1328793E-04  0.1000000E-03           1
|100010010111100111001110> :  0.6364973E-04  0.1000000E-03           1
|010011010101110011000111> :  0.1702698E-04  0.1000000E-03           1
|100010010111100011010101> :  0.7254394E-06  0.1000000E-03           1
|001011010111100011000111> :  0.1938449E-04  0.1000000E-03           1
|000101010101011011100001> :  0.1744920E-05  0.1000000E-03           1
|100010010101110011110101> :  0.4415191E-04  0.1000000E-03           1
|100010010011100011000111> :  0.1509037E-04  0.1000000E-03           1
|010010101010101100011100> :  0.9773331E-05  0.1000000E-03           1
|100000101110100110001110> :  0.1880679E-04  0.1000000E-03           1
|100000010111100011100101> :  0.1033817E-03  0.1000000E-03           1
|011111101000011100011010> :  0.1033817E-03  0.1000000E-03           1
|010010011001110110000110> :  0.6755407E-05  0.1000000E-03           1
|111110001000011110001010> :  0.4321925E-05  0.1000000E-03           1
|111100101010101100111000> :  0.4787182E-05  0.1000000E-03           1
|111100101010001100001010> :  0.6022702E-04  0.1000000E-03           1
|011111010101010011100001> :  0.2544772E-05  0.1000000E-03           1
|011111010001011011100001> :  0.2006227E-04  0.1000000E-03           1
|001010010101110011100001> :  0.1365701E-04  0.1000000E-03           1
|011111010001011001110001> :  0.1880679E-04  0.1000000E-03           1
|111100001010001100111000> :  0.2874739E-04  0.1000000E-03           1
|111010101010101100011110> :  0.4386366E-04  0.1000000E-03           1
|111010011011110110000010> :  0.9905693E-04  0.1000000E-03           1
|011101101100010100111000> :  0.9580814E-06  0.1000000E-03           1
|111010001110100110001110> :  0.1512909E-04  0.1000000E-03           1
|111110001001011100010010> :  0.5895332E-05  0.1000000E-03           1
|111010001010101100011110> :  0.8662132E-05  0.1000000E-03           1
|001101110101011001110001> :  0.1718390E-04  0.1000000E-03           1
|000011010111000011000111> :  0.5147109E-05  0.1000000E-03           1
|111110111000011100000010> :  0.2840036E-05  0.1000000E-03           1
|000001010111100011000111> :  0.6494359E-04  0.1000000E-03           1
