# state, exact probability, frequency, count:
#------------------------------------------------------------------
|001101010101010011100001> :  0.1663749E+00  0.1651000E+00        1651
|110010101010101100011110> :  0.1663749E+00  0.1638000E+00        1638
|011101100010001001111001> :  0.2480944E-01  0.2830000E-01         283
|100010011101110110000110> :  0.2480944E-01  0.2430000E-01         243
|100010010101110111000110> :  0.2355999E-01  0.2390000E-01         239
|100010011111100110000110> :  0.2283637E-01  0.2330000E-01         233
|011101100000011001111001> :  0.2283637E-01  0.2200000E-01         220
|011101101010001000111001> :  0.2355999E-01  0.2120000E-01         212
|011101101010001100111000> :  0.1604783E-01  0.1990000E-01         199
|010101101010001100111100> :  0.1863407E-01  0.1880000E-01         188
|100010010101110011000111> :  0.1604783E-01  0.1810000E-01         181
|101010010101110011000011> :  0.1863407E-01  0.1730000E-01         173
|010010011111100110000110> :  0.1480309E-01  0.1580000E-01         158
|011101110000011001110001> :  0.1465626E-01  0.1550000E-01         155
|010010001111100110001110> :  0.1429094E-01  0.1530000E-01         153
|101101100000011001111001> :  0.1480309E-01  0.1530000E-01         153
|101101110000011001110001> :  0.1429094E-01  0.1480000E-01         148
|001011010101110011000011> :  0.1261684E-01  0.1470000E-01         147
|100010001111100110001110> :  0.1465626E-01  0.1460000E-01         146
|001101100100011001111001> :  0.1479528E-01  0.1450000E-01         145
|110010001011100110001110> :  0.1447490E-01  0.1420000E-01         142
|110010011011100110000110> :  0.1479528E-01  0.1300000E-01         130
|110100101010001100111100> :  0.1261684E-01  0.1190000E-01         119
|101010010101110111000010> :  0.1230941E-01  0.1170000E-01         117
|001101110100011001110001> :  0.1447490E-01  0.1160000E-01         116
|110010011001110110000110> :  0.1005073E-01  0.1070000E-01         107
|001101100110001001111001> :  0.1005073E-01  0.9800000E-02          98
|010101101010001000111101> :  0.1230941E-01  0.9400000E-02          94
|010010011101110110000110> :  0.9062424E-02  0.8900000E-02          89
|101101100010001001111001> :  0.9062424E-02  0.8800000E-02          88
|000011010101110011000111> :  0.5982114E-02  0.8300000E-02          83
|011101101000011000111001> :  0.7586462E-02  0.8000000E-02          80
|100010101110100110001110> :  0.6777792E-02  0.7900000E-02          79
|001101010101011001110001> :  0.7314497E-02  0.7700000E-02          77
|110010101010100110001110> :  0.7314497E-02  0.7500000E-02          75
|011101010001011001110001> :  0.6777792E-02  0.7500000E-02          75
|111100101010001100111000> :  0.5982114E-02  0.6900000E-02          69
|101010010101110011100001> :  0.6424580E-02  0.6900000E-02          69
|100010010111100111000110> :  0.7586462E-02  0.6300000E-02          63
|010101101010001100011110> :  0.6424580E-02  0.6200000E-02          62
|101101010001011001110001> :  0.5957584E-02  0.6200000E-02          62
|100010010101110011100101> :  0.5820848E-02  0.5900000E-02          59
|010010101110100110001110> :  0.5957584E-02  0.5900000E-02          59
|001011010101110011100001> :  0.7216624E-02  0.5800000E-02          58
|110100101010001100011110> :  0.7216624E-02  0.5600000E-02          56
|011101101010001100011010> :  0.5820848E-02  0.5200000E-02          52
|000101110101011001110001> :  0.4332289E-02  0.5200000E-02          52
|011010001110100110001110> :  0.4653386E-02  0.5000000E-02          50
|101010001110100110001110> :  0.4269611E-02  0.4700000E-02          47
|010101100010001001111101> :  0.3744804E-02  0.4600000E-02          46
|111100101010001100011010> :  0.4264894E-02  0.4600000E-02          46
|100101110001011001110001> :  0.4653386E-02  0.4500000E-02          45
|111010001010100110001110> :  0.4332289E-02  0.4300000E-02          43
|010101110001011001110001> :  0.4269611E-02  0.3800000E-02          38
|101010011101110110000010> :  0.3744804E-02  0.3300000E-02          33
|000011010101110011100101> :  0.4264894E-02  0.3200000E-02          32
|100010101110100100011110> :  0.1640478E-02  0.2200000E-02          22
|100010010111100011000111> :  0.2031431E-02  0.2100000E-02          21
|011101101000011100111000> :  0.2031431E-02  0.2000000E-02          20
|111100011011110110000010> :  0.1015199E-02  0.1600000E-02          16
|110000101010101100011110> :  0.1239702E-02  0.1500000E-02          15
|110000101010101100111100> :  0.1030729E-02  0.1500000E-02          15
|001101010111010011000011> :  0.7358782E-03  0.1300000E-02          13
|001111010101010011100001> :  0.1239702E-02  0.1200000E-02          12
|011111011001011110000010> :  0.8328242E-03  0.1200000E-02          12
|000011100100001001111101> :  0.1015199E-02  0.1100000E-02          11
|000011110101011001110101> :  0.6700943E-03  0.1100000E-02          11
|001101010101010011110001> :  0.9190287E-03  0.1100000E-02          11
|011101011101010110100010> :  0.6821228E-03  0.1000000E-02          10
|100011100010001001011101> :  0.7377491E-03  0.1000000E-02          10
|100011100000001001111101> :  0.9645030E-03  0.1000000E-02          10
|110010101011101100011110> :  0.8633797E-03  0.9000000E-03           9
|000011100110100001011101> :  0.7940563E-03  0.9000000E-03           9
|011101011011011110000010> :  0.8563933E-03  0.9000000E-03           9
|110010101000101100111100> :  0.7358782E-03  0.9000000E-03           9
|000011100100100001111101> :  0.8984170E-03  0.9000000E-03           9
|111100011011011110000010> :  0.8984170E-03  0.9000000E-03           9
|011100011101110110100010> :  0.7377491E-03  0.8000000E-03           8
|101100010101110011100001> :  0.6300141E-03  0.8000000E-03           8
|011101011111010110000010> :  0.7442767E-03  0.8000000E-03           8
|011101010001011011100001> :  0.1640478E-02  0.8000000E-03           8
|000001100110100001111101> :  0.7622320E-03  0.8000000E-03           8
|011100011111110110000010> :  0.9645030E-03  0.8000000E-03           8
|111100101000011100111000> :  0.5525205E-03  0.8000000E-03           8
|100000100110100001111101> :  0.8328242E-03  0.8000000E-03           8
|010011100000001001111101> :  0.6932302E-03  0.8000000E-03           8
|111100001010001110001010> :  0.5178006E-03  0.7000000E-03           7
|001111010101010011000011> :  0.1030729E-02  0.7000000E-03           7
|110010101010101100001110> :  0.9190287E-03  0.7000000E-03           7
|000101100110001001111101> :  0.7924376E-03  0.7000000E-03           7
|111100001010100110001010> :  0.6700943E-03  0.7000000E-03           7
|100010110101110001110101> :  0.3188797E-03  0.7000000E-03           7
|100010100010101001011101> :  0.6821228E-03  0.7000000E-03           7
|100000100010101001111101> :  0.6629645E-03  0.7000000E-03           7
|110010101010101100011100> :  0.3363502E-03  0.6000000E-03           6
|101100011111110110000010> :  0.6932302E-03  0.6000000E-03           6
|111100001001011100110000> :  0.2828563E-03  0.6000000E-03           6
|100010100110100001011101> :  0.7744342E-03  0.6000000E-03           6
|010011110001011001110101> :  0.3314127E-03  0.6000000E-03           6
|100010100000101001111101> :  0.7442767E-03  0.6000000E-03           6
|111100011001110110100010> :  0.7610233E-03  0.6000000E-03           6
|000011010111100011000111> :  0.5525205E-03  0.6000000E-03           6
|111110011001011110000010> :  0.7622320E-03  0.5000000E-03           5
|011101011001011110100010> :  0.7744342E-03  0.5000000E-03           5
|000011110101110001110101> :  0.5178006E-03  0.5000000E-03           5
|111010011001110110000010> :  0.7924376E-03  0.5000000E-03           5
|101010001110100110001010> :  0.1323111E-03  0.5000000E-03           5
|111100011001011110100010> :  0.7940563E-03  0.5000000E-03           5
|001101010101011011100001> :  0.4487997E-03  0.5000000E-03           5
|011110011101110110000010> :  0.3962978E-03  0.5000000E-03           5
|001101010100010011100001> :  0.8633797E-03  0.4000000E-03           4
|000011110110100011001111> :  0.2828563E-03  0.4000000E-03           4
|001011010110100011001111> :  0.1642881E-03  0.4000000E-03           4
|010101101001011100110000> :  0.2522422E-03  0.4000000E-03           4
|011101001010001110001010> :  0.3188797E-03  0.4000000E-03           4
|110010101010001100011110> :  0.4927164E-03  0.4000000E-03           4
|101100010111110111000010> :  0.1189057E-03  0.4000000E-03           4
|011010011101110110000010> :  0.7221413E-03  0.4000000E-03           4
|000011100110001001011101> :  0.7610233E-03  0.4000000E-03           4
|110010111001111100000110> :  0.1547545E-03  0.4000000E-03           4
|100101100010001001111101> :  0.7221413E-03  0.4000000E-03           4
|100010110110100011001111> :  0.4106485E-03  0.4000000E-03           4
|010010101110100100011110> :  0.4758716E-03  0.4000000E-03           4
|010011101010001100011110> :  0.6300141E-03  0.4000000E-03           4
|001101010101010011100011> :  0.3363502E-03  0.4000000E-03           4
|100001100010001001111101> :  0.3962978E-03  0.3000000E-03           3
|011111011101010110000010> :  0.6629645E-03  0.3000000E-03           3
|111010001010100110001010> :  0.1967619E-03  0.3000000E-03           3
|010001100010001001111101> :  0.2193750E-03  0.3000000E-03           3
|110010101001111100010110> :  0.2681119E-03  0.3000000E-03           3
|011101010101010011100001> :  0.2123868E-03  0.3000000E-03           3
|101101010001011011100001> :  0.4758716E-03  0.3000000E-03           3
|110100101001011100110000> :  0.1642881E-03  0.3000000E-03           3
|100101110001011001110101> :  0.1392385E-03  0.3000000E-03           3
|001101010111000011100001> :  0.9279565E-04  0.3000000E-03           3
|100101100000001001111101> :  0.8738016E-04  0.3000000E-03           3
|010101101001011000110001> :  0.1143992E-03  0.3000000E-03           3
|001101010101110011100001> :  0.4927164E-03  0.3000000E-03           3
|100010101100100100111100> :  0.1055220E-03  0.3000000E-03           3
|000001100110001001111101> :  0.4253261E-03  0.3000000E-03           3
|111110101000011100011010> :  0.2019889E-03  0.3000000E-03           3
|111110011001110110000010> :  0.4253261E-03  0.2000000E-03           2
|100000101110100100111100> :  0.1300574E-03  0.2000000E-03           2
|111100101000011100110000> :  0.6678799E-04  0.2000000E-03           2
|111010101000111100011010> :  0.2129644E-03  0.2000000E-03           2
|111010011001110110100010> :  0.8707033E-05  0.2000000E-03           2
|001101000110000011111001> :  0.1547545E-03  0.2000000E-03           2
|011101101000011100110000> :  0.1216421E-03  0.2000000E-03           2
|110010101010100100011110> :  0.4487997E-03  0.2000000E-03           2
|110010101000101100011110> :  0.2309545E-03  0.2000000E-03           2
|011101001110000110001010> :  0.1299232E-03  0.2000000E-03           2
|101111010001011011000011> :  0.7498658E-04  0.2000000E-03           2
|000101110111001001110101> :  0.1159983E-03  0.2000000E-03           2
|101100011101110110100010> :  0.4265850E-03  0.2000000E-03           2
|101010011111110110000010> :  0.9528658E-04  0.2000000E-03           2
|101010010110100111001110> :  0.1143992E-03  0.2000000E-03           2
|101010010110100011001111> :  0.2522422E-03  0.2000000E-03           2
|100111110001011001110001> :  0.6176151E-04  0.2000000E-03           2
|001101010110000011101001> :  0.2681119E-03  0.2000000E-03           2
|100011110001011001110101> :  0.3910159E-03  0.2000000E-03           2
|000101010111000011100101> :  0.2129644E-03  0.2000000E-03           2
|100010110110100111001110> :  0.2019541E-03  0.2000000E-03           2
|000101010111000011000111> :  0.6354827E-04  0.2000000E-03           2
|111010101000111100111000> :  0.6354827E-04  0.2000000E-03           2
|010101100000001001111101> :  0.9528658E-04  0.2000000E-03           2
|100010100100100001111101> :  0.8563933E-03  0.2000000E-03           2
|000001010111100011100101> :  0.2019889E-03  0.2000000E-03           2
|010011100010001001011101> :  0.4265850E-03  0.2000000E-03           2
|111110101010001100011010> :  0.3560803E-04  0.1000000E-03           1
|001101010100011001110001> :  0.6214674E-05  0.1000000E-03           1
|100000100011101001111101> :  0.3827953E-06  0.1000000E-03           1
|010010101110100100011101> :  0.1076209E-05  0.1000000E-03           1
|011111101000011100011010> :  0.5334560E-04  0.1000000E-03           1
|010010101101110100010110> :  0.1033911E-05  0.1000000E-03           1
|011111010001011011000011> :  0.1300574E-03  0.1000000E-03           1
|010010101100100100011110> :  0.9846689E-05  0.1000000E-03           1
|011101110000011001111001> :  0.4013619E-05  0.1000000E-03           1
|010010101011101100011110> :  0.1362718E-05  0.1000000E-03           1
|001101000110001001111001> :  0.3193006E-04  0.1000000E-03           1
|111010011000110110000010> :  0.1629665E-04  0.1000000E-03           1
|111010001000110110001010> :  0.1159983E-03  0.1000000E-03           1
|111010001000100110001110> :  0.1421711E-04  0.1000000E-03           1
|111000001010100110001110> :  0.6715819E-04  0.1000000E-03           1
|000011010111100011000101> :  0.1863247E-04  0.1000000E-03           1
|110100101011011100010010> :  0.2171531E-05  0.1000000E-03           1
|110010111011100110000110> :  0.2514962E-04  0.1000000E-03           1
|110010111010100110001110> :  0.3012226E-05  0.1000000E-03           1
|010001101010001000111101> :  0.3140595E-04  0.1000000E-03           1
|001101000100010011111001> :  0.7470942E-04  0.1000000E-03           1
|110010101110100110001110> :  0.6424108E-05  0.1000000E-03           1
|110010101010100110011110> :  0.4346405E-05  0.1000000E-03           1
|001111010101011011000011> :  0.3512037E-04  0.1000000E-03           1
|110010011001110110100110> :  0.1869428E-05  0.1000000E-03           1
|011101010011011011000011> :  0.1055220E-03  0.1000000E-03           1
|110000101010100100111100> :  0.3512037E-04  0.1000000E-03           1
|001101110110011001110001> :  0.8938953E-05  0.1000000E-03           1
|101110011101110110000010> :  0.2193750E-03  0.1000000E-03           1
|101110010101110111000010> :  0.3140595E-04  0.1000000E-03           1
|011101001101010010110001> :  0.1481110E-06  0.1000000E-03           1
|101101110000011001111001> :  0.3082579E-05  0.1000000E-03           1
|001101110110001001111001> :  0.2696251E-05  0.1000000E-03           1
|011101001010001100111000> :  0.3291231E-04  0.1000000E-03           1
|101101010101010011100001> :  0.6145082E-04  0.1000000E-03           1
|011101001010001000011001> :  0.3966225E-06  0.1000000E-03           1
|101101010001011001100011> :  0.2308876E-06  0.1000000E-03           1
|011101001001011100110000> :  0.4106485E-03  0.1000000E-03           1
|101101000000011001111001> :  0.1304446E-04  0.1000000E-03           1
|101100101010001100111010> :  0.1553178E-06  0.1000000E-03           1
|101100101010001100011010> :  0.2358500E-05  0.1000000E-03           1
|011100001110100110001010> :  0.3910159E-03  0.1000000E-03           1
|101100001110100110001010> :  0.3314127E-03  0.1000000E-03           1
|101010011111100110000110> :  0.2141198E-04  0.1000000E-03           1
|001101010111110011100001> :  0.3363456E-06  0.1000000E-03           1
|000101110101011001110101> :  0.1967619E-03  0.1000000E-03           1
|101010011110100110001110> :  0.2052551E-04  0.1000000E-03           1
|011010001101110110010110> :  0.4006931E-08  0.1000000E-03           1
|011010001100110110001010> :  0.8828506E-04  0.1000000E-03           1
|110010111011101100000110> :  0.7470942E-04  0.1000000E-03           1
|001101010111011011000011> :  0.2167389E-04  0.1000000E-03           1
|101010010101110011100010> :  0.3376455E-07  0.1000000E-03           1
|010111110001011001110001> :  0.4717605E-04  0.1000000E-03           1
|010111011101010110000010> :  0.4144179E-06  0.1000000E-03           1
|001101010111010011100001> :  0.2309545E-03  0.1000000E-03           1
|101010010001110011100001> :  0.1359079E-04  0.1000000E-03           1
|010101110001011001110101> :  0.1323111E-03  0.1000000E-03           1
|101000001110100110001110> :  0.4717605E-04  0.1000000E-03           1
|100101110011001001110101> :  0.8828506E-04  0.1000000E-03           1
|010101101110001100111100> :  0.2193593E-04  0.1000000E-03           1
|010101101011001100111100> :  0.1718849E-04  0.1000000E-03           1
|100101101010001001111101> :  0.3872219E-05  0.1000000E-03           1
|111010011010100110001110> :  0.8084115E-05  0.1000000E-03           1
|111010011011110110000010> :  0.1125749E-03  0.1000000E-03           1
|100101010011001011000111> :  0.2705184E-05  0.1000000E-03           1
|100011110011001001000111> :  0.6052938E-05  0.1000000E-03           1
|010101101010001000011101> :  0.3115371E-05  0.1000000E-03           1
|111100001010001100011010> :  0.7802397E-04  0.1000000E-03           1
|001101010110000011001011> :  0.8633857E-04  0.1000000E-03           1
|100010110001111001110101> :  0.1299232E-03  0.1000000E-03           1
|100010101100100110111100> :  0.1252910E-05  0.1000000E-03           1
|010101100001011001110001> :  0.2052551E-04  0.1000000E-03           1
|100010101010101100011110> :  0.2123868E-03  0.1000000E-03           1
|100010101000101100111100> :  0.2097665E-04  0.1000000E-03           1
|010011101110100110001110> :  0.2313292E-04  0.1000000E-03           1
|010011101110001100011110> :  0.7145157E-05  0.1000000E-03           1
|111100101000011100111010> :  0.1863247E-04  0.1000000E-03           1
|000101010101010011100101> :  0.3193807E-04  0.1000000E-03           1
|100010011101100110000110> :  0.6955735E-05  0.1000000E-03           1
|100010010111100011001111> :  0.1216421E-03  0.1000000E-03           1
|010011101000001000111101> :  0.1189057E-03  0.1000000E-03           1
|100010010001110011000111> :  0.2699743E-04  0.1000000E-03           1
|000011110111100011000111> :  0.3312969E-04  0.1000000E-03           1
|000011010101110011000011> :  0.1815609E-05  0.1000000E-03           1
