# state, exact probability, frequency, count:
#------------------------------------------------------------------
|1111110111110001000001011000101001011000> :  0.1038164E+00  0.1012000E+00        1012
|0000001000001110111110100111010110100111> :  0.1038164E+00  0.1012000E+00        1012
|1111110111110001000001010000101001011001> :  0.9963192E-01  0.9990000E-01         999
|0000001000001110111110101111010110100110> :  0.9963192E-01  0.9930000E-01         993
|0000001000001110111110111111010010100110> :  0.4247546E-01  0.4520000E-01         452
|1111110111110001000001000000101101011001> :  0.4247546E-01  0.4120000E-01         412
|0101110011111001000111011111001001000000> :  0.3062845E-01  0.3240000E-01         324
|1010001100000110111000100000110110111111> :  0.3062845E-01  0.2940000E-01         294
|1111100111110001000001000000101101011001> :  0.2840646E-01  0.2880000E-01         288
|0000011000001110111110111111010010100110> :  0.2840646E-01  0.2610000E-01         261
|1010000100000110111011100001010101110110> :  0.1502100E-01  0.1580000E-01         158
|0101111011111001000100011110101010001001> :  0.1502100E-01  0.1450000E-01         145
|1010001110101100001001010000111110111011> :  0.1260435E-01  0.1400000E-01         140
|0101111011110001000100011110101010001001> :  0.1223854E-01  0.1270000E-01         127
|0101110001010011110110101111000001000100> :  0.1260435E-01  0.1200000E-01         120
|1010000100001110111011100001010101110110> :  0.1223854E-01  0.1130000E-01         113
|1101110111110001000001011000101001011001> :  0.1126887E-01  0.1090000E-01         109
|1010000100001110111111100001010101110010> :  0.9991688E-02  0.1050000E-01         105
|0010001000001110111110100111010110100110> :  0.1126887E-01  0.1010000E-01         101
|0101111011110001000000011110101010001101> :  0.9991688E-02  0.9700000E-02          97
|1010001110101100001001010000111100111011> :  0.6930084E-02  0.8900000E-02          89
|0101111001110001000100011110101000011101> :  0.6982959E-02  0.8400000E-02          84
|0101110001010011110110101111000011000100> :  0.6930084E-02  0.7200000E-02          72
|1010000110001110111011100001010111100010> :  0.6982959E-02  0.7000000E-02          70
|1010001100000110111001100000110110111111> :  0.7148717E-02  0.6800000E-02          68
|0000011000001110111110101111010010100110> :  0.5602641E-02  0.6700000E-02          67
|0101110011111001000110011111001001000000> :  0.7148717E-02  0.6500000E-02          65
|1111100111110001000001010000101101011001> :  0.5602641E-02  0.5800000E-02          58
|1010000100001110111011100001010101110010> :  0.4246100E-02  0.5000000E-02          50
|1010000010001110111111100001010111100010> :  0.4420010E-02  0.4800000E-02          48
|0101111011110001000100011110101010001101> :  0.4246100E-02  0.4400000E-02          44
|1111110111110001000001001000101101011000> :  0.3681940E-02  0.3500000E-02          35
|0101111101110001000000011110101000011101> :  0.4420010E-02  0.3400000E-02          34
|0101111011111001000010011110101000001001> :  0.2450307E-02  0.3100000E-02          31
|1010000000001110111110100011010111100110> :  0.2776096E-02  0.3100000E-02          31
|0000001000001110111110110111010010100111> :  0.3681940E-02  0.2900000E-02          29
|0101110111110001000101011111001001001000> :  0.2606204E-02  0.2900000E-02          29
|0101111111110001000001011100101000011001> :  0.2776096E-02  0.2900000E-02          29
|1010000100000110111101100001010111110110> :  0.2450307E-02  0.2700000E-02          27
|1010000100001110111101100001010111110010> :  0.1968390E-02  0.2700000E-02          27
|1010000000001110111110101011010110100110> :  0.2859423E-02  0.2600000E-02          26
|1010001000001110111010100000110110110111> :  0.2606204E-02  0.2500000E-02          25
|1101111111100001000000011000101011011101> :  0.1828364E-02  0.2400000E-02          24
|0000001000000111111110101111010100110110> :  0.1840566E-02  0.2300000E-02          23
|0101110101010011110110101111000001000100> :  0.1588145E-02  0.2200000E-02          22
|1101111111100001000000011000101010011101> :  0.1979036E-02  0.2100000E-02          21
|1111110111111000000001010000101011001001> :  0.1840566E-02  0.2000000E-02          20
|0101111111110001000001010100101001011001> :  0.2859423E-02  0.2000000E-02          20
|1101111001110001000000011110101000011101> :  0.1140076E-02  0.1900000E-02          19
|0101111111110001000001011110101000001001> :  0.1427381E-02  0.1800000E-02          18
|0010000000011110111111100111010101100010> :  0.1979036E-02  0.1700000E-02          17
|0010000000011110111111100111010100100010> :  0.1828364E-02  0.1600000E-02          16
|1111011111110000000001010000101101011001> :  0.1712075E-02  0.1600000E-02          16
|0101111011110001000010011110101000001101> :  0.1968390E-02  0.1600000E-02          16
|1010000000001110111110100001010111110110> :  0.1427381E-02  0.1500000E-02          15
|0000100000001111111110101111010010100110> :  0.1712075E-02  0.1400000E-02          14
|0010000001011110111111100011010101100010> :  0.1508609E-02  0.1400000E-02          14
|0101110111110001000101011110101000001001> :  0.6688081E-03  0.1200000E-02          12
|1010001010101100001001010000111110111011> :  0.1588145E-02  0.1100000E-02          11
|1010001110101100000001010000111110111011> :  0.8787105E-03  0.1000000E-02          10
|1101111110100001000000011100101010011101> :  0.1508609E-02  0.1000000E-02          10
|1010001100001110111101100001010111110010> :  0.5799427E-03  0.9000000E-03           9
|0101110001010011111110101111000001000100> :  0.8787105E-03  0.9000000E-03           9
|1010001100000110111101100001010111110010> :  0.8382412E-03  0.9000000E-03           9
|1111110111100001000001011000101011011001> :  0.3301583E-03  0.9000000E-03           9
|1010001000001110111010100001010111110110> :  0.6688081E-03  0.9000000E-03           9
|1001001100000110000000111000111110011111> :  0.5883429E-03  0.8000000E-03           8
|0110110011111001111111000111000001100000> :  0.5883429E-03  0.8000000E-03           8
|0101111111110001000101011100101000001001> :  0.2837015E-03  0.8000000E-03           8
|0101110011111001000010011110101000001101> :  0.8382412E-03  0.8000000E-03           8
|1010001100100100111001100001011101111010> :  0.5182183E-03  0.8000000E-03           8
|0010000110001110111111100001010111100010> :  0.1140076E-02  0.7000000E-03           7
|1010001100001100111001000000110110111111> :  0.9589673E-03  0.7000000E-03           7
|1111001110101100000001000000110111111001> :  0.4721352E-03  0.7000000E-03           7
|0101110011110011000110111111001001000000> :  0.9589673E-03  0.7000000E-03           7
|1010000110100100111011100001001101111010> :  0.5983299E-03  0.7000000E-03           7
|0010000000001110111110101111010110100110> :  0.8748964E-03  0.7000000E-03           7
|1111110111110000000001010000101001011001> :  0.5206242E-03  0.7000000E-03           7
|0110110011111001101111000011101001000000> :  0.4750189E-03  0.7000000E-03           7
|0000110001010011111110111111001000000110> :  0.4721352E-03  0.7000000E-03           7
|1101111110100001000001011100101100011001> :  0.4674888E-03  0.7000000E-03           7
|1000001000000110111100111100010110110111> :  0.2020196E-03  0.6000000E-03           6
|0010000000011110111111100011010101100110> :  0.8259102E-03  0.6000000E-03           6
|1001001100000110010000111100010110111111> :  0.4750189E-03  0.6000000E-03           6
|0101111001011011000100011110110010000101> :  0.5983299E-03  0.6000000E-03           6
|1111111111100000000001000000100111011101> :  0.3873977E-03  0.6000000E-03           6
|1101111111110001000001010000101001011001> :  0.8748964E-03  0.6000000E-03           6
|1110000111011000111101000001110011100110> :  0.7914387E-03  0.6000000E-03           6
|0101111011111001000101010110101000001001> :  0.8003936E-03  0.6000000E-03           6
|1101110111100001000000011000101011011101> :  0.5093047E-03  0.6000000E-03           6
|1010000100000110111010101001010111110110> :  0.8003936E-03  0.6000000E-03           6
|1101111111100001000000011100101010011001> :  0.8259102E-03  0.5000000E-03           5
|0101110011011011000110011110100010000101> :  0.5182183E-03  0.5000000E-03           5
|0000001000011110111110100111010100100110> :  0.3301583E-03  0.5000000E-03           5
|1010000000001110111111100001010101110110> :  0.9856777E-04  0.5000000E-03           5
|0010001000011110111111100111010100100010> :  0.5093047E-03  0.5000000E-03           5
|1010000000001110111010100011010111110110> :  0.2837015E-03  0.4000000E-03           4
|1010001100000100111000100000110110111111> :  0.6396399E-04  0.4000000E-03           4
|0010000000011110111111100111010100100110> :  0.3666516E-03  0.4000000E-03           4
|1101111110110001000001011100101000011001> :  0.9929462E-04  0.4000000E-03           4
|1111110111111000000001000000100011001101> :  0.2412145E-03  0.4000000E-03           4
|0010000000011110111111100011010101100010> :  0.3900512E-03  0.4000000E-03           4
|1101111111100001000000011100101010011101> :  0.3900512E-03  0.4000000E-03           4
|0101110011111011000110011110101000000001> :  0.1756827E-03  0.4000000E-03           4
|0000000000011111111110111111011000100010> :  0.3873977E-03  0.4000000E-03           4
|1010000100001110111011100001010111100110> :  0.2783838E-03  0.4000000E-03           4
|1111110011111000100101000000110011001101> :  0.6120550E-04  0.3000000E-03           3
|1010000000011110111111100001010101110010> :  0.7977184E-04  0.3000000E-03           3
|0101110011111011010110011111001000000000> :  0.3971548E-03  0.3000000E-03           3
|0001111000100111000010111110001100011001> :  0.7914387E-03  0.3000000E-03           3
|0010000100001110111111100001010111100110> :  0.1096287E-03  0.3000000E-03           3
|1101111111100001000000011000101011011001> :  0.3666516E-03  0.3000000E-03           3
|1010000010111100111111000001010101110010> :  0.1094658E-03  0.3000000E-03           3
|0101110011111001000110011110101000001001> :  0.2623824E-03  0.3000000E-03           3
|1111110111111000000001010000101001011001> :  0.1194200E-03  0.3000000E-03           3
|1111110111110001000001011000101011001000> :  0.1405503E-03  0.3000000E-03           3
|0000001000001111111110101111010110100110> :  0.5206242E-03  0.3000000E-03           3
|0000001000001110111110100111010110100110> :  0.2604234E-03  0.3000000E-03           3
|0101111111110001000000011110101000011001> :  0.2901016E-03  0.3000000E-03           3
|0010000001011110111110100011010011100110> :  0.4674888E-03  0.3000000E-03           3
|0000001100000110111110101101010110100111> :  0.1468587E-03  0.3000000E-03           3
|0010001100000110111101100001010111110110> :  0.2042747E-03  0.2000000E-03           2
|1010001001001110111101000000110110110111> :  0.5762808E-04  0.2000000E-03           2
|0000000000011110111110111111011000100110> :  0.2282419E-03  0.2000000E-03           2
|1111011111100001000001010000101101011001> :  0.1255625E-03  0.2000000E-03           2
|1101110111110001000001011100101000011001> :  0.3382200E-04  0.2000000E-03           2
|0000001000000111111010111111011100110010> :  0.1449095E-03  0.2000000E-03           2
|1111110111111000000101000000100011001101> :  0.1449095E-03  0.2000000E-03           2
|1010001100000110111101100001010111110110> :  0.1831031E-03  0.2000000E-03           2
|1010000100000110111011100001010111110110> :  0.1641314E-03  0.2000000E-03           2
|1111011111110000000001010000101011011001> :  0.1659512E-03  0.2000000E-03           2
|1101111110100001000001011100101010011001> :  0.1735140E-03  0.2000000E-03           2
|0111110111110001000011001011101001001000> :  0.3072717E-04  0.2000000E-03           2
|0000001000001110111110100111010100100111> :  0.1425072E-03  0.2000000E-03           2
|0101111011111001000100011110101000001001> :  0.1641314E-03  0.2000000E-03           2
|0111110011111001000011000011101001001000> :  0.1455876E-03  0.2000000E-03           2
|0000001000001110111110111111011010100110> :  0.1769976E-04  0.2000000E-03           2
|0101111011110001000100011110101000011001> :  0.2783838E-03  0.2000000E-03           2
|0000100000011110111110101111010010100110> :  0.1255625E-03  0.2000000E-03           2
|0010000010011110111111100011010101100010> :  0.9382694E-04  0.2000000E-03           2
|1111110111110001000001000000101001011001> :  0.7453576E-04  0.2000000E-03           2
|1101110111110001000001010000101001011001> :  0.1111030E-03  0.2000000E-03           2
|0010001000011110111110100111010010100110> :  0.9767583E-04  0.2000000E-03           2
|0000100000001111111110101111010100100110> :  0.1659512E-03  0.2000000E-03           2
|0000100000011111111110101111011000100110> :  0.1039538E-03  0.2000000E-03           2
|0101111011111001000101011110101000001001> :  0.4204582E-04  0.2000000E-03           2
|1010000100000110111010100001010111110110> :  0.4204582E-04  0.2000000E-03           2
|1111110111111000000101010000100011001001> :  0.3215798E-04  0.2000000E-03           2
|1101110111110000000101011000101011001001> :  0.3774638E-04  0.2000000E-03           2
|0000001000001110111110101111010110100111> :  0.1587232E-03  0.2000000E-03           2
|1010001100000100111001100000110110111111> :  0.2357047E-04  0.2000000E-03           2
|1010001100000100101001100000110111111111> :  0.3971548E-03  0.2000000E-03           2
|0000001000000110111110101111010110100111> :  0.1387085E-03  0.2000000E-03           2
|1111011111100000000001010000100111011001> :  0.1039538E-03  0.2000000E-03           2
|1010001100000110111001100001010111110110> :  0.2623824E-03  0.2000000E-03           2
|1101110011111001000010011110101000001001> :  0.2042747E-03  0.2000000E-03           2
|1111001110000100000001000000110111111111> :  0.3566224E-03  0.2000000E-03           2
|0000110001111011111110111111001000000000> :  0.3566224E-03  0.2000000E-03           2
|1101111011110001000000011110101000011001> :  0.1096287E-03  0.2000000E-03           2
|1010001100001100101001000000110111111111> :  0.8830928E-04  0.2000000E-03           2
|1010001110101100000001010000111111111011> :  0.7586533E-05  0.2000000E-03           2
|0000100000111101111101010110001000110011> :  0.1547487E-10  0.1000000E-03           1
|0001010010110100110111100101001001110110> :  0.1291977E-11  0.1000000E-03           1
|1110110001110001101100011101110000110010> :  0.1561986E-11  0.1000000E-03           1
|0011010001111000110110010111111000110001> :  0.1471154E-11  0.1000000E-03           1
|0101010001010111100110101111001001110100> :  0.2976688E-10  0.1000000E-03           1
|0001001011100101100010011110111000110001> :  0.3809659E-12  0.1000000E-03           1
|1111110111110000000001110000001000011001> :  0.1440199E-07  0.1000000E-03           1
|1010001011011100110110000010111000110001> :  0.2706889E-10  0.1000000E-03           1
|0111001000101100011010100111010000101111> :  0.7947822E-11  0.1000000E-03           1
|1001111111100101000010110011001000011001> :  0.2022242E-10  0.1000000E-03           1
|1000100100101010011100010111110000101111> :  0.3400401E-11  0.1000000E-03           1
|0010001110011110010001010110111000101010> :  0.3322007E-10  0.1000000E-03           1
|1111110111110000000101101000110000011001> :  0.8454336E-11  0.1000000E-03           1
|1101110111110001000101011100101000001001> :  0.6804728E-05  0.1000000E-03           1
|0101111111100001110110100111011000000101> :  0.1946935E-11  0.1000000E-03           1
|0111101111101000100001010100101000101001> :  0.4932202E-10  0.1000000E-03           1
|0111110110011101000010001110101000101001> :  0.4848352E-11  0.1000000E-03           1
|1001011111100001011100011110100000011001> :  0.1963294E-10  0.1000000E-03           1
|0110011110111000001001010111000000101001> :  0.6444584E-11  0.1000000E-03           1
|1011100110011010111111000000110001100101> :  0.4959204E-11  0.1000000E-03           1
|0111000110001010011101111100010000101001> :  0.2713385E-10  0.1000000E-03           1
|1111010101110001100101011011101000011000> :  0.9518002E-10  0.1000000E-03           1
|1111100010101011011010010111011000101000> :  0.1067507E-10  0.1000000E-03           1
|0000110011100101011110111111001000101000> :  0.2950029E-10  0.1000000E-03           1
|1110011110101000011101010011010000011000> :  0.1774987E-11  0.1000000E-03           1
|0110111010011101010010011010111000101000> :  0.1177351E-10  0.1000000E-03           1
|0111100011110111000001011100100110011000> :  0.2359764E-10  0.1000000E-03           1
|1111110011111001000001010010101011001000> :  0.2128670E-04  0.1000000E-03           1
|1001010110110010010001100011010000101000> :  0.3794103E-13  0.1000000E-03           1
|1101111100100001000111111101010000011000> :  0.1191789E-11  0.1000000E-03           1
|0101110001110011100110111111001000000100> :  0.4836706E-05  0.1000000E-03           1
|1110100010011100001010001100111000100111> :  0.2896194E-10  0.1000000E-03           1
|0000110101000010111110101010011000100111> :  0.1181597E-10  0.1000000E-03           1
|0010000000100110101110101111011000010111> :  0.2687875E-10  0.1000000E-03           1
|0010001000110110101110011111011000100110> :  0.5652718E-10  0.1000000E-03           1
|1101110111110001010001010000101001011011> :  0.3871322E-07  0.1000000E-03           1
|1000111000011000011100111011110000010111> :  0.1268500E-10  0.1000000E-03           1
|0101111111110001000000011110101000001001> :  0.7265187E-04  0.1000000E-03           1
|1111100111111001000001010000101001011001> :  0.8101094E-05  0.1000000E-03           1
|0000001000011110111110110111011000100110> :  0.2576606E-04  0.1000000E-03           1
|1101110001000001010100111100110000010111> :  0.4877302E-10  0.1000000E-03           1
|0000100000011110111110101111011000100110> :  0.4539510E-04  0.1000000E-03           1
|0010001000111100011011100111010010111110> :  0.1218363E-10  0.1000000E-03           1
|0011011011001011010010011110110010111101> :  0.1161713E-11  0.1000000E-03           1
|0000001100001110111110001111010000100110> :  0.1079115E-06  0.1000000E-03           1
|1101011001100011100100100011111000010110> :  0.2040943E-15  0.1000000E-03           1
|0101011011111001000010011110100000001001> :  0.1438843E-07  0.1000000E-03           1
|0101111111110001000001011100101001011001> :  0.5061704E-04  0.1000000E-03           1
|1111010111110001100000100000101001011001> :  0.1915333E-08  0.1000000E-03           1
|1110010111110101110001000000101001011001> :  0.1275712E-07  0.1000000E-03           1
|0111110101100100100101100000111011000001> :  0.3832600E-11  0.1000000E-03           1
|0100011110001010000101111011111011000010> :  0.2828660E-10  0.1000000E-03           1
|1110001100011100011101010011110001011010> :  0.3262310E-11  0.1000000E-03           1
|0101001111000011010100011100011011000101> :  0.1743456E-10  0.1000000E-03           1
|1110110110110001101011010000001001011100> :  0.6889946E-10  0.1000000E-03           1
|0111100110111000000101110000111001011100> :  0.6256283E-10  0.1000000E-03           1
|1111100101111000010001010000011001011100> :  0.3588542E-10  0.1000000E-03           1
|1101010101110001001011001011000001011101> :  0.1995696E-10  0.1000000E-03           1
|0000111101000000100110111101011001011101> :  0.2279356E-12  0.1000000E-03           1
|1111010111010000101001011000100001011111> :  0.1639204E-10  0.1000000E-03           1
|0110010011111001111111000111000001100000> :  0.5548615E-04  0.1000000E-03           1
|1111110011101001000101101000101110011000> :  0.4390882E-10  0.1000000E-03           1
|0011010011100001110110101111001001100000> :  0.1300237E-11  0.1000000E-03           1
|0000001100111010111101110111011001100000> :  0.6062758E-06  0.1000000E-03           1
|0011000000010110111101101101010001100010> :  0.3080574E-10  0.1000000E-03           1
|1101000001111010111111100101010001100010> :  0.3232793E-11  0.1000000E-03           1
|0010000010111100111111000111011001100010> :  0.6319975E-04  0.1000000E-03           1
|1101110111111010100101010010100001100100> :  0.7748412E-11  0.1000000E-03           1
|0101101010110011101110001101001001100100> :  0.8945821E-11  0.1000000E-03           1
|1011011010011100111100010101010011001010> :  0.7125283E-12  0.1000000E-03           1
|1101111011111000011001010100000001100101> :  0.2409675E-11  0.1000000E-03           1
|0000101111010011100101000111101001100101> :  0.2057041E-10  0.1000000E-03           1
|0010000100100101101111101111000001100110> :  0.2576123E-10  0.1000000E-03           1
|0111000110110010011101010001010001101001> :  0.7486480E-11  0.1000000E-03           1
|1111111111100001000001000110100001101101> :  0.1142247E-10  0.1000000E-03           1
|0110100101101000111010100001110001101101> :  0.5969201E-11  0.1000000E-03           1
|1011011101011100011101100011000001110000> :  0.2279798E-11  0.1000000E-03           1
|0110100010011101011011001101001001110000> :  0.9511013E-11  0.1000000E-03           1
|0110100010110011101101011110001001110000> :  0.1347492E-10  0.1000000E-03           1
|0101101001001100000001111010010001110001> :  0.6855645E-13  0.1000000E-03           1
|1011011001100101010100111110000001110001> :  0.3251858E-12  0.1000000E-03           1
|0010011010011110111111010001010001110010> :  0.1389307E-10  0.1000000E-03           1
|1010100010011011011001010011011001110010> :  0.2226499E-10  0.1000000E-03           1
|0000001111011000101101010100011001110011> :  0.3429923E-10  0.1000000E-03           1
|1010110001010111111110101010000001110100> :  0.3155400E-10  0.1000000E-03           1
|0111101111011001001001100000101011011001> :  0.7552280E-10  0.1000000E-03           1
|1100100001100011111101000100110001110101> :  0.4369053E-10  0.1000000E-03           1
|1000101000011111011010000111001001110110> :  0.4640247E-10  0.1000000E-03           1
|0010100000011111101010010110001001110110> :  0.2012792E-10  0.1000000E-03           1
|1000000100000110101101110000011011011011> :  0.1501774E-10  0.1000000E-03           1
|1111110110111000000001001001101001111000> :  0.2403773E-08  0.1000000E-03           1
|1111110111110001000001010001101001111001> :  0.3676910E-05  0.1000000E-03           1
|1110100010110001001001011000101001111001> :  0.2402602E-10  0.1000000E-03           1
|0110110010011011111111010101001000000100> :  0.1456812E-10  0.1000000E-03           1
|0010111010001011111011010001101010111011> :  0.1168538E-12  0.1000000E-03           1
|0010010010111101010111001111000010111010> :  0.1206946E-10  0.1000000E-03           1
|1010011001111010111001000011001000100101> :  0.3597735E-12  0.1000000E-03           1
|1110010111000010000001100011100010111010> :  0.5285477E-13  0.1000000E-03           1
|1000001110001110011110010110111010110111> :  0.6402278E-11  0.1000000E-03           1
|0110100101101100110111000110011000100101> :  0.4835746E-11  0.1000000E-03           1
|0001111000011100011110011111000000010100> :  0.7820557E-12  0.1000000E-03           1
|0010001001000110101110010000111010110111> :  0.3154153E-11  0.1000000E-03           1
|1101111111110000000001010000101001011001> :  0.1615424E-03  0.1000000E-03           1
|0101101001011110110110100100010000100101> :  0.8592904E-11  0.1000000E-03           1
|0101110111100001000001011100101001011001> :  0.2589368E-08  0.1000000E-03           1
|1111110111100001000001011000101001011001> :  0.3345851E-04  0.1000000E-03           1
|0010000110101000111101100101111000100011> :  0.2552795E-10  0.1000000E-03           1
|1010100001100011010001101001111000010011> :  0.8020517E-13  0.1000000E-03           1
|1001110001100101011010001010100000001001> :  0.1304528E-12  0.1000000E-03           1
|0101100110010011010101011000101001011001> :  0.4307859E-10  0.1000000E-03           1
|1111110011111001000001010010101001011000> :  0.1468587E-03  0.1000000E-03           1
|0000110110011010110110011111001000100011> :  0.1539888E-10  0.1000000E-03           1
|1110111100111000100011010011101001011000> :  0.1256585E-10  0.1000000E-03           1
|0011110111110001000001111000101001011000> :  0.2193641E-05  0.1000000E-03           1
|0000100000011111111110111111011000100010> :  0.9262052E-05  0.1000000E-03           1
|0000110000110111100010011111111000001111> :  0.1347771E-10  0.1000000E-03           1
|1011110111110001000001101000101001011000> :  0.2080887E-06  0.1000000E-03           1
|1111101001001000101001100100110010101111> :  0.3015282E-10  0.1000000E-03           1
|1111110011110001000001011010101001011000> :  0.9828653E-04  0.1000000E-03           1
|0101111001100101000010101011001010101101> :  0.3979269E-11  0.1000000E-03           1
|0101101010100010000101010100011010101101> :  0.1070640E-10  0.1000000E-03           1
|1100110101011001001110001011001001011000> :  0.2668723E-10  0.1000000E-03           1
|1000011010010111011110111101000000100010> :  0.2919778E-10  0.1000000E-03           1
|0000110100100110001010111101111000001111> :  0.5573092E-12  0.1000000E-03           1
|0101010000011010110111111111010000001001> :  0.9822813E-11  0.1000000E-03           1
|0100111011111011001100001011100000000100> :  0.3890042E-11  0.1000000E-03           1
|1101110111110001110010101111101000000001> :  0.5115415E-11  0.1000000E-03           1
|1011110111010100000011011000101001011000> :  0.2013341E-09  0.1000000E-03           1
|1100100011111001101011000100101001010111> :  0.6406281E-11  0.1000000E-03           1
|1010010011001101111111000110010000100010> :  0.4491394E-11  0.1000000E-03           1
|0000000011110011110011000111001001010111> :  0.6269200E-11  0.1000000E-03           1
|1000101100100110001000110100101010101011> :  0.1371108E-11  0.1000000E-03           1
|1010100010001110101110011010011001010110> :  0.1708492E-10  0.1000000E-03           1
|0101111011100011000100101111001000100001> :  0.8179856E-11  0.1000000E-03           1
|0101000101111000100111100111011001010101> :  0.3220332E-10  0.1000000E-03           1
|0111100110111001001010011001101001010100> :  0.1357979E-10  0.1000000E-03           1
|0001111001111110111101010100110000100001> :  0.1149508E-10  0.1000000E-03           1
|0100111010111010001101000011100001010100> :  0.9645062E-11  0.1000000E-03           1
|0011001110110100101011100001011001010010> :  0.1525110E-10  0.1000000E-03           1
|0001001100011100110111110111010000100001> :  0.6211595E-11  0.1000000E-03           1
|1100110101111000000100111100111000001101> :  0.5054892E-11  0.1000000E-03           1
|0110100101111111100011100011011000001000> :  0.1735723E-11  0.1000000E-03           1
|1010110010011100101010011011100001010010> :  0.1941407E-10  0.1000000E-03           1
|0000110101111010001101011111101001010000> :  0.2099998E-10  0.1000000E-03           1
|0010000111101101111111100001011000100000> :  0.9006005E-11  0.1000000E-03           1
|1010010001010101111101001111001001010000> :  0.1991293E-10  0.1000000E-03           1
|1111011011111010011001110001100001010000> :  0.1073206E-10  0.1000000E-03           1
|0001011010011011011010011111110000100000> :  0.1583128E-10  0.1000000E-03           1
|0000110011110001011110000111001000001101> :  0.3201101E-10  0.1000000E-03           1
|1100110001111000100101000101101001001101> :  0.4272019E-11  0.1000000E-03           1
|0001111111110001000010001001101001001101> :  0.6029943E-10  0.1000000E-03           1
|0101100100110011000001010101101000011111> :  0.5666701E-10  0.1000000E-03           1
|1110010110110000000011110011101001001101> :  0.3449890E-10  0.1000000E-03           1
|1101110011110010000111001001110001001101> :  0.1417301E-10  0.1000000E-03           1
|1110100011101000001001010000111000011111> :  0.1594199E-09  0.1000000E-03           1
|1101110011110001000010011110101000001101> :  0.4670260E-05  0.1000000E-03           1
|0101011010110001011011101111001000001000> :  0.1497292E-10  0.1000000E-03           1
|0101110001110011110110101111000000000100> :  0.6117615E-06  0.1000000E-03           1
|0101110111110001100010101011001001001100> :  0.1384495E-03  0.1000000E-03           1
|1100001010110011011000010111111010100110> :  0.9709844E-15  0.1000000E-03           1
|0101100101010101100111011011001001001100> :  0.1373632E-10  0.1000000E-03           1
|0101110100011101000010111111010001001100> :  0.1614352E-10  0.1000000E-03           1
|0000001000001110111110110111011100110010> :  0.7674496E-06  0.1000000E-03           1
|0110101011111000001101000000110010100110> :  0.2788601E-10  0.1000000E-03           1
|1110100001111001011100010111101001001010> :  0.3351451E-10  0.1000000E-03           1
|0011100110111001101011100101101001001001> :  0.8062980E-11  0.1000000E-03           1
|1000010111011011110110001011000010100110> :  0.4321245E-10  0.1000000E-03           1
|0101111111110001000000011110101001001001> :  0.4702830E-06  0.1000000E-03           1
|0001001110101110010001110010111001001001> :  0.8802111E-11  0.1000000E-03           1
|1110001100101100111001001000010100101011> :  0.5521181E-11  0.1000000E-03           1
|1101100100111100010001010100111100101001> :  0.2279465E-10  0.1000000E-03           1
|1101111100110010000101111100010001001001> :  0.8929831E-11  0.1000000E-03           1
|0101111011110001000000011110101000011101> :  0.2374240E-04  0.1000000E-03           1
|0101110011110001000010011110101000001101> :  0.5799427E-03  0.1000000E-03           1
|0101010110111001011110101111010000001000> :  0.1259040E-10  0.1000000E-03           1
|0100001100110100001101010101011100101011> :  0.2950804E-10  0.1000000E-03           1
|1100000110010010111101100001110010100110> :  0.1181211E-10  0.1000000E-03           1
|1000100001100111110110000000111100101111> :  0.1339055E-10  0.1000000E-03           1
|0101001001010111111101010100010100110001> :  0.5241245E-11  0.1000000E-03           1
|0000011000011110111110101111010010100110> :  0.8370555E-04  0.1000000E-03           1
|0000001100000111011010111111001100110010> :  0.6120550E-04  0.1000000E-03           1
|0100100001111011110111000010010100101001> :  0.7457086E-11  0.1000000E-03           1
|0100111000111010111111100111000010100110> :  0.1385549E-10  0.1000000E-03           1
|1010001001100011110010010111110100110011> :  0.1228446E-10  0.1000000E-03           1
|1000100010101111110110001111011010100110> :  0.1093179E-11  0.1000000E-03           1
|1011010001100010100110111110010100110110> :  0.1357822E-10  0.1000000E-03           1
|1100001100000010110110101111010010100111> :  0.2969896E-08  0.1000000E-03           1
|1011101100000010111010001101010010100111> :  0.8790114E-10  0.1000000E-03           1
|1000011001000110110010100001110010100111> :  0.3005250E-10  0.1000000E-03           1
|0000001000000110110110111110011100110111> :  0.3985463E-05  0.1000000E-03           1
|0011100001010011001111001101000010100111> :  0.3995351E-10  0.1000000E-03           1
|1101110001010011011101011101000010100111> :  0.2906447E-10  0.1000000E-03           1
|0001011100010111111101100100010010100111> :  0.8509070E-12  0.1000000E-03           1
|1100101010011000110010100110110010100111> :  0.1224529E-10  0.1000000E-03           1
|1001000111011010001101011101010010100111> :  0.9880918E-11  0.1000000E-03           1
|0110100001111110110101000001010010100111> :  0.2035594E-12  0.1000000E-03           1
|0000101000000110110110111110011010100111> :  0.4210260E-06  0.1000000E-03           1
|0101111100001010101010011100011010100111> :  0.4407429E-11  0.1000000E-03           1
|0100000110001110110110001001011010100111> :  0.7230954E-10  0.1000000E-03           1
|0010001110100000111101100111010010101001> :  0.5258047E-11  0.1000000E-03           1
|0011010001011110110111010110011010101001> :  0.1735368E-11  0.1000000E-03           1
|0111111100110001000000111100011010101001> :  0.2903235E-10  0.1000000E-03           1
|1110100001111011010101010100101010101001> :  0.3219333E-11  0.1000000E-03           1
|0111110000100001100000000110000010101010> :  0.5102770E-14  0.1000000E-03           1
|1110011000111101001101011000000010101010> :  0.3640789E-10  0.1000000E-03           1
|1110100010011011011101000101011010101010> :  0.1167196E-10  0.1000000E-03           1
|0010110010101100001111100101001010101010> :  0.1130422E-10  0.1000000E-03           1
|1011011100000000010000111100110010101011> :  0.1044297E-10  0.1000000E-03           1
|0001100111010011000110011000000010101011> :  0.6144967E-13  0.1000000E-03           1
|1011001000011110001001100000110010101011> :  0.1145078E-11  0.1000000E-03           1
|1011101100001110100000111100011010101011> :  0.1987050E-12  0.1000000E-03           1
|1010001110011110010101010000111010101011> :  0.1830753E-10  0.1000000E-03           1
|1010001000100001101011000000111010101011> :  0.1579941E-13  0.1000000E-03           1
|0000011101101100110000110010111101010001> :  0.5883381E-11  0.1000000E-03           1
|1010111010111100010000110010111010101100> :  0.7196078E-11  0.1000000E-03           1
|1011111000000011110110100110010010101101> :  0.1531320E-11  0.1000000E-03           1
|1101111011000110000010001001110010101101> :  0.1354923E-11  0.1000000E-03           1
|0100001000001110111110100111010010101101> :  0.2666079E-08  0.1000000E-03           1
|1100111110100100110010000000110010101101> :  0.7120946E-11  0.1000000E-03           1
|0101011101101010000101101110110010101101> :  0.3779515E-11  0.1000000E-03           1
|0001001010011110000011111110111010101101> :  0.2063777E-10  0.1000000E-03           1
|0110110110110010111101000001001101011000> :  0.2703085E-10  0.1000000E-03           1
|0100111001100011000011101110101010101101> :  0.2903404E-10  0.1000000E-03           1
|1110100111000001001001011100100101011001> :  0.1334454E-10  0.1000000E-03           1
|1001111001110100001011110101100010101110> :  0.3518121E-13  0.1000000E-03           1
|1111110111100001000001000000101101011001> :  0.1966201E-04  0.1000000E-03           1
|0010100010001100100010101110110010101111> :  0.2850281E-11  0.1000000E-03           1
|0010011100000100100111110010111010101111> :  0.1072767E-10  0.1000000E-03           1
|1101110010100001000110111110001010101111> :  0.4928689E-11  0.1000000E-03           1
|0011001001110111101100010100010010110001> :  0.1727690E-10  0.1000000E-03           1
|1010011110100101000101010111101010110001> :  0.1435281E-10  0.1000000E-03           1
|1101001001011001011100010100110010110011> :  0.2114012E-10  0.1000000E-03           1
|1001011001001110110101000111010010110101> :  0.1623402E-10  0.1000000E-03           1
|0001101000001111001110101111000010110101> :  0.7843595E-10  0.1000000E-03           1
|1001111011100001010100111111000010110101> :  0.4612611E-11  0.1000000E-03           1
|1010111010101001110111111010000010110101> :  0.8626407E-13  0.1000000E-03           1
|1100100110000011111010101101100010110110> :  0.3215605E-10  0.1000000E-03           1
|0000111101010000010000100011110010110110> :  0.6501692E-13  0.1000000E-03           1
|1010001101011101111000000010111010110110> :  0.1110497E-11  0.1000000E-03           1
|0100111000001010111111000101010010110111> :  0.2270257E-10  0.1000000E-03           1
|0011110001010001001110001011100010110111> :  0.1826354E-11  0.1000000E-03           1
|1110101110100001101001000001100010110111> :  0.4903974E-11  0.1000000E-03           1
|0101011000100110011101010100010010110111> :  0.1359980E-10  0.1000000E-03           1
|1110001110100100100011100100011101100011> :  0.9103012E-11  0.1000000E-03           1
|0000100010001001111110011100001010110111> :  0.1607855E-10  0.1000000E-03           1
|0111000111110100110010100001110101100110> :  0.3500769E-10  0.1000000E-03           1
|1110111110101001001000110100100010111000> :  0.3669212E-11  0.1000000E-03           1
|0011000110101000001011111111011101101000> :  0.4863977E-12  0.1000000E-03           1
|1110000001111100101101100001100010111010> :  0.1352320E-11  0.1000000E-03           1
|0010001111100100101001000111001101101011> :  0.2470535E-10  0.1000000E-03           1
|1001011111000101000101111000000010111011> :  0.1278937E-10  0.1000000E-03           1
|1110100101101001001101000000110101101111> :  0.2870608E-10  0.1000000E-03           1
|1010001110101100001001010000111010111011> :  0.1120911E-04  0.1000000E-03           1
|0001000001110011110101011110000101110000> :  0.1210730E-11  0.1000000E-03           1
|1111111100100000101000100000011010111101> :  0.7811129E-11  0.1000000E-03           1
|0001011001100101000111011100001101110001> :  0.9962760E-11  0.1000000E-03           1
|1010000001000110011000110001010010111111> :  0.8086364E-11  0.1000000E-03           1
|1010000000010101001110011000001010111111> :  0.2856973E-12  0.1000000E-03           1
|1110000111011011101001001011110011000000> :  0.4220885E-10  0.1000000E-03           1
|0101110110111000010101011001100011000000> :  0.2790906E-10  0.1000000E-03           1
|0000011000011100101111111111011011000000> :  0.1041358E-10  0.1000000E-03           1
|0001111010001011011100101111000011000001> :  0.1666284E-10  0.1000000E-03           1
|0110011001111101001100010011110011000001> :  0.1694149E-10  0.1000000E-03           1
|0000101011001100100111111001110101110110> :  0.7594272E-13  0.1000000E-03           1
|0010101010011011011101010101100011000010> :  0.2178969E-10  0.1000000E-03           1
|0010100000100110111011100010100101110110> :  0.6888448E-12  0.1000000E-03           1
|1110100011111001101011000010011011000010> :  0.2681055E-10  0.1000000E-03           1
|0001101001110000101100110111011011000011> :  0.1104610E-13  0.1000000E-03           1
|1110100011110001101010000001101101111100> :  0.6965523E-10  0.1000000E-03           1
|0101010111110011000101001010001101111100> :  0.7750980E-11  0.1000000E-03           1
|0101110111011000110010000001111011000101> :  0.3016155E-10  0.1000000E-03           1
|0011101010000100101010100111110011000110> :  0.7297968E-11  0.1000000E-03           1
|0110010101011110100101101001010011000110> :  0.1169588E-10  0.1000000E-03           1
|0100111010111000000111100101100011000110> :  0.7849223E-11  0.1000000E-03           1
|0011001101000010111010101111000011000111> :  0.1264321E-10  0.1000000E-03           1
|0101111111001011010011100000110011001000> :  0.4565304E-11  0.1000000E-03           1
|1101100100011000001011111001110011001000> :  0.1363422E-11  0.1000000E-03           1
|1111100111011001101000000100110011001000> :  0.5123580E-10  0.1000000E-03           1
|0111111100110111100011011111010011001000> :  0.2281163E-13  0.1000000E-03           1
|1111110011111001000101011010100011001000> :  0.4020636E-04  0.1000000E-03           1
|1111110011111001001101000000100011001000> :  0.3890864E-04  0.1000000E-03           1
|1111110011111001001101000001100011001000> :  0.5777752E-04  0.1000000E-03           1
|1111110011111001101101000000100011001000> :  0.2048359E-04  0.1000000E-03           1
|0101011111110000000100011010111011001000> :  0.8201346E-10  0.1000000E-03           1
|1100011001101000010010100011110110010111> :  0.1777221E-11  0.1000000E-03           1
|0000001000001110111110011011010010100110> :  0.6083979E-06  0.1000000E-03           1
|1111110111111001000001011000101011001000> :  0.3541588E-05  0.1000000E-03           1
|0010100010111011101101010011001011001000> :  0.1269678E-10  0.1000000E-03           1
|1010001111100100001000110001111110011011> :  0.8401494E-09  0.1000000E-03           1
|1111110011111000000101010000110011001001> :  0.3707769E-04  0.1000000E-03           1
|1111110111111000000101010000110011001001> :  0.1092025E-04  0.1000000E-03           1
|0101111110111001010001100001110011001001> :  0.6331049E-11  0.1000000E-03           1
|0110101111001101000001000110101011001001> :  0.1210608E-11  0.1000000E-03           1
|1111110111110000000001011000101011001001> :  0.1010742E-04  0.1000000E-03           1
|0111110010111101010010000111100110100000> :  0.8352371E-11  0.1000000E-03           1
|1111110111110001000001001000101011001001> :  0.2022765E-04  0.1000000E-03           1
|1111110111110001000001011000101011001001> :  0.1311687E-03  0.1000000E-03           1
|0111110011110001010100111010001011001001> :  0.3116845E-10  0.1000000E-03           1
|0101011111110011000000101111001011001001> :  0.9969469E-11  0.1000000E-03           1
|0000001000000111111110101111010110100110> :  0.1194200E-03  0.1000000E-03           1
|1111110111111000000101010000101011001001> :  0.1138737E-04  0.1000000E-03           1
|0010001000001110111010100111010110100110> :  0.3268730E-04  0.1000000E-03           1
|0101111010101001000110100111000011001010> :  0.1127802E-10  0.1000000E-03           1
|1010100111010101100010001011111011001010> :  0.4471021E-11  0.1000000E-03           1
|0101110111000110110110111100000011001100> :  0.2721233E-10  0.1000000E-03           1
|0101111101010000100000000111111011001100> :  0.3462569E-10  0.1000000E-03           1
|0101111001010011101100100011011011001100> :  0.6446084E-11  0.1000000E-03           1
|0110110010101101111110001100010110100110> :  0.2095467E-10  0.1000000E-03           1
|0111010111111001001110101111001001001000> :  0.3494216E-10  0.1000000E-03           1
|1111110011111000000101000000110011001101> :  0.5456502E-04  0.1000000E-03           1
|1000111001100000100100100010101110100111> :  0.1548148E-11  0.1000000E-03           1
|0101011111001000001100110001101011001101> :  0.2741302E-12  0.1000000E-03           1
|0100011100011010011100010001111011001101> :  0.1238992E-10  0.1000000E-03           1
|1111100010100100000110111001010011001110> :  0.1227755E-10  0.1000000E-03           1
|0101110101010011100000011011100011001111> :  0.1499969E-10  0.1000000E-03           1
|0000011011101011010110110011001011010000> :  0.9194348E-11  0.1000000E-03           1
|1111011111001000001101001001100011010001> :  0.1150175E-10  0.1000000E-03           1
|1011000111110010001101110001100011010001> :  0.7480336E-11  0.1000000E-03           1
|0100110110010101101100011100101011010010> :  0.3471623E-10  0.1000000E-03           1
|0101100111011010011101000101001011010100> :  0.1380506E-10  0.1000000E-03           1
|1001110011000110000010111000110011010101> :  0.3745752E-10  0.1000000E-03           1
|1110100111001000111010010001100011010110> :  0.3469633E-10  0.1000000E-03           1
|1111000110011000011111101101000011010110> :  0.2142357E-10  0.1000000E-03           1
|0100110000011010111110011110100011010110> :  0.2145822E-10  0.1000000E-03           1
|0100100100000011111000111100001011010110> :  0.9585205E-11  0.1000000E-03           1
|0101111011000011100110011110000011011000> :  0.1369284E-10  0.1000000E-03           1
|1011010111101001000001011110100011011000> :  0.4306034E-10  0.1000000E-03           1
|1111110011111001001101000000100011011000> :  0.3641028E-04  0.1000000E-03           1
|1001100101010011000101111011001011011000> :  0.1079014E-10  0.1000000E-03           1
|1111110111110001000001011000101011011000> :  0.1425072E-03  0.1000000E-03           1
|0001000100000110101101111101010011011001> :  0.5614818E-11  0.1000000E-03           1
|1101111101100000000001110000000011011001> :  0.2619407E-10  0.1000000E-03           1
|1100000001010110101010110111101011011001> :  0.3184252E-13  0.1000000E-03           1
|0000101100101110110110100000011110111001> :  0.1949689E-10  0.1000000E-03           1
|1010001110001100011001010000110110111011> :  0.7463601E-04  0.1000000E-03           1
|1110110001101001001011001000100110111011> :  0.1302962E-10  0.1000000E-03           1
|0101111001111100101110000110100010100101> :  0.2300000E-11  0.1000000E-03           1
|1101110001110001001100110001001011011001> :  0.1546283E-10  0.1000000E-03           1
|1110100110110001100100011100111011011001> :  0.1918422E-12  0.1000000E-03           1
|1100111100000001001101111000100011011010> :  0.1581794E-10  0.1000000E-03           1
|0111011010111001000100010101110011011010> :  0.1230628E-10  0.1000000E-03           1
|1111001000000111010000100010110110111110> :  0.1631992E-09  0.1000000E-03           1
|0011001110100110000010110000011011011011> :  0.1419944E-11  0.1000000E-03           1
|1111101101001001000000010000111011011100> :  0.3547793E-10  0.1000000E-03           1
|1011110011000111000010101100100011011101> :  0.4724320E-11  0.1000000E-03           1
|1101111111000001000000011000101011011101> :  0.1568788E-03  0.1000000E-03           1
|1010001100000110111000110000110110111111> :  0.8126316E-05  0.1000000E-03           1
|1010001100001100111000100000110110111111> :  0.1953570E-04  0.1000000E-03           1
|1000101100100100000101011100111011011101> :  0.2315882E-10  0.1000000E-03           1
|0001011000101110101100111111010010100101> :  0.1422614E-07  0.1000000E-03           1
|0101110011111001000101011111001001001000> :  0.1668448E-04  0.1000000E-03           1
|0101111101100001000000111110101000011101> :  0.4589044E-05  0.1000000E-03           1
|1000101000100010100100111110110010100101> :  0.2242144E-10  0.1000000E-03           1
|0010000010111110110110011111011010100100> :  0.1818610E-09  0.1000000E-03           1
|0111110111111001000011000011101001001000> :  0.2020196E-03  0.1000000E-03           1
|0000111010100011110110110111100010100100> :  0.1111353E-10  0.1000000E-03           1
|0010000011100111110100101011010100100110> :  0.5399595E-10  0.1000000E-03           1
|0100011010001110110111101111000010100100> :  0.3681219E-10  0.1000000E-03           1
|0001101110001111000000011110101000011101> :  0.4705074E-10  0.1000000E-03           1
|1101100100001010100010111101011000001101> :  0.3009217E-10  0.1000000E-03           1
|1000001001001100111110111111010010100100> :  0.6585433E-06  0.1000000E-03           1
|0000001000001110111110101111010100100110> :  0.1213618E-04  0.1000000E-03           1
|1000100010011010111101000001111010100011> :  0.2631508E-10  0.1000000E-03           1
|0111011110101001011111000101010010100011> :  0.7618298E-12  0.1000000E-03           1
|1110100010101111010010101110001100100010> :  0.2443793E-10  0.1000000E-03           1
|0010010010011100010111101101010010100011> :  0.6614059E-11  0.1000000E-03           1
|0000111101000100100101111010101000011101> :  0.5361246E-11  0.1000000E-03           1
|1010111010011000000110110111110010100011> :  0.5048966E-10  0.1000000E-03           1
|0011001100000110111110010101010010100011> :  0.7790456E-11  0.1000000E-03           1
|0101110111110001000010111111001001001000> :  0.1161820E-03  0.1000000E-03           1
|1010110010000111011010101010101010100010> :  0.3414755E-10  0.1000000E-03           1
|1010001011001110111011000011000100100010> :  0.5083033E-10  0.1000000E-03           1
|0001000010010110110110111101010010100010> :  0.2252596E-10  0.1000000E-03           1
|0101110110110001000010111111001001001000> :  0.5762808E-04  0.1000000E-03           1
|1011111001111000000100011100100000011101> :  0.3454874E-10  0.1000000E-03           1
|1111110110011000101010011000101000001100> :  0.2058628E-10  0.1000000E-03           1
|1010110110100011110101101100011000000011> :  0.4030823E-14  0.1000000E-03           1
|0100111111011001010101000011101000000001> :  0.3029226E-11  0.1000000E-03           1
|0110001011111001011110000110110010100001> :  0.1335161E-10  0.1000000E-03           1
|1011011011101010011101010100110010100001> :  0.2397300E-10  0.1000000E-03           1
|0101110101011010101101001011111001001000> :  0.5627812E-11  0.1000000E-03           1
|1001001101000111001101111101000010100001> :  0.2781816E-11  0.1000000E-03           1
|1001111100000100100010011100101010011111> :  0.4442530E-10  0.1000000E-03           1
|0101101110001110101011100001011001001000> :  0.2692370E-10  0.1000000E-03           1
|1101110110101000010010101011100000011101> :  0.3303349E-10  0.1000000E-03           1
|0100111100000110101011001100100010011111> :  0.2823141E-11  0.1000000E-03           1
|1010101110101001001000110001101010011101> :  0.5037586E-11  0.1000000E-03           1
|0101111100100001001010101011001001000101> :  0.1504262E-10  0.1000000E-03           1
|0010110010100111010010111110101100011011> :  0.4233991E-11  0.1000000E-03           1
|0100101100111100010001111000111100011010> :  0.4354364E-11  0.1000000E-03           1
|0011111010100101000011101001011100011010> :  0.5400545E-11  0.1000000E-03           1
|0011110111010000100110111011100001000101> :  0.9322685E-11  0.1000000E-03           1
|0101111010001011011010101111000000011101> :  0.4261588E-10  0.1000000E-03           1
|1101111101100001000000011100101010011101> :  0.9382694E-04  0.1000000E-03           1
|0001111000110110001000010111101100011001> :  0.1455442E-10  0.1000000E-03           1
|0001011011110101100010100010011100011001> :  0.3706334E-11  0.1000000E-03           1
|1011011111010100000100010000110010011101> :  0.2467871E-10  0.1000000E-03           1
|0001111100100111000010111110001100011001> :  0.2030697E-03  0.1000000E-03           1
|1000110011011110100110011010111010011100> :  0.2698789E-10  0.1000000E-03           1
|1101110110100011010101011001001000011100> :  0.1208090E-10  0.1000000E-03           1
|1111110001000111100010111000101010011100> :  0.1399893E-11  0.1000000E-03           1
|1111110001100001101010001000000010011100> :  0.6104565E-11  0.1000000E-03           1
|0101110011010011110110101111000001000100> :  0.4247185E-04  0.1000000E-03           1
|0101010000000111001100100001011010011011> :  0.9536557E-13  0.1000000E-03           1
|0111100101100011000001101011101100011000> :  0.3120640E-10  0.1000000E-03           1
|1101110101100001010100011100101100011000> :  0.1321314E-10  0.1000000E-03           1
|0001011110001000010100110011110010011011> :  0.3836559E-11  0.1000000E-03           1
|0101111100001110000010111110010000011100> :  0.2490753E-10  0.1000000E-03           1
|0001110001010011110110111111001000000110> :  0.2094723E-04  0.1000000E-03           1
|1101010111001011010101011000110010011010> :  0.2068272E-10  0.1000000E-03           1
|1010000111111010011101000011100100010101> :  0.1668825E-10  0.1000000E-03           1
|0101110001010011101110101111000001000100> :  0.2114144E-05  0.1000000E-03           1
|0110100001011101111111000011000100010100> :  0.1730095E-10  0.1000000E-03           1
|1101101110111100011110101101000010011001> :  0.9918050E-13  0.1000000E-03           1
|0101100111110011100110000011111001000010> :  0.1433764E-10  0.1000000E-03           1
|0000010100101000111111110111011000011011> :  0.1685074E-11  0.1000000E-03           1
|1111011101111001001111010000100010011001> :  0.1053974E-09  0.1000000E-03           1
|0101011100000111010110111100011010011000> :  0.1347055E-12  0.1000000E-03           1
|1101010101111010110111100001011001000001> :  0.1303458E-10  0.1000000E-03           1
|1000111001000101101110000111101010010111> :  0.1148715E-10  0.1000000E-03           1
|0010111001010101100010111010111100001101> :  0.2649991E-11  0.1000000E-03           1
|0110111011010101101010001100101010010011> :  0.2424213E-11  0.1000000E-03           1
|0001111111111100111010011001010001000001> :  0.5488800E-13  0.1000000E-03           1
|1010110011000101110110101011011000011010> :  0.2093288E-11  0.1000000E-03           1
|0101110010001110010011001000111100001101> :  0.1390962E-10  0.1000000E-03           1
|1110100111100101100010101000111100001100> :  0.3509722E-10  0.1000000E-03           1
|1110001010001011010100001100011010010010> :  0.3941984E-13  0.1000000E-03           1
|1101100111000101100010011000111100001100> :  0.3735317E-11  0.1000000E-03           1
|0111110111000101101010001011000100001100> :  0.9707696E-11  0.1000000E-03           1
|1001110010001111011010011100101010010001> :  0.1134557E-10  0.1000000E-03           1
|0010010000111101110100101101010100001111> :  0.6255052E-13  0.1000000E-03           1
|1010011110000110001111010000001100010000> :  0.3634798E-13  0.1000000E-03           1
|1111011101111011000001000000100100010001> :  0.1120542E-10  0.1000000E-03           1
|1001010011011101010111011110000100010010> :  0.2947977E-10  0.1000000E-03           1
|0010000001011110111101010101110100010010> :  0.3320198E-10  0.1000000E-03           1
|0010001110111011111111100001100100010010> :  0.8813512E-11  0.1000000E-03           1
|0010101100110111101010110110001100010010> :  0.1695168E-10  0.1000000E-03           1
|1101011110111000000000110111101100010010> :  0.3228428E-11  0.1000000E-03           1
|0011001100111010010100110011110100010011> :  0.8879675E-13  0.1000000E-03           1
|0101101110111010001000111111100001000001> :  0.8605597E-11  0.1000000E-03           1
|1001111100101001011000010101100100010101> :  0.5446116E-11  0.1000000E-03           1
|0101000110001111000011011110111100001011> :  0.1334549E-10  0.1000000E-03           1
|0001001100000110010010111111011100010111> :  0.3579249E-04  0.1000000E-03           1
|0111010101110011001100111101010100011000> :  0.7814330E-11  0.1000000E-03           1
|0101111100010011011010110100101100011000> :  0.2069544E-11  0.1000000E-03           1
|1101100011101001100110010000001100001010> :  0.1278357E-13  0.1000000E-03           1
|0000111111100001010100111010101010001111> :  0.5429874E-11  0.1000000E-03           1
|1000011100111110010010110000110100011001> :  0.4035912E-11  0.1000000E-03           1
|0001011101001001010010110010011100011001> :  0.1003396E-10  0.1000000E-03           1
|0011001000001111011001111000011100011001> :  0.8010538E-11  0.1000000E-03           1
|0101111101110100000000011101111100001001> :  0.3334263E-10  0.1000000E-03           1
|0100111110100011001010111010001100011001> :  0.2000399E-10  0.1000000E-03           1
|1111110011100101101010001000111100001001> :  0.1251169E-10  0.1000000E-03           1
|1000100010001111010110111110010010001111> :  0.1954765E-10  0.1000000E-03           1
|1101110000101001000110011110111100011001> :  0.2137169E-10  0.1000000E-03           1
|0000011000101111001000111100001100011001> :  0.2831058E-10  0.1000000E-03           1
|1111100111110001000101110000101100011001> :  0.9385394E-07  0.1000000E-03           1
|0011100111100100101010000100110001000001> :  0.3956405E-13  0.1000000E-03           1
|1111110111110101000001011001101000011001> :  0.3452998E-07  0.1000000E-03           1
|0101111111110001000101100100100100011010> :  0.6099408E-11  0.1000000E-03           1
|0010110100010100001010111111001100011010> :  0.7106598E-11  0.1000000E-03           1
|0101111000100011000011111111100100001001> :  0.4265036E-10  0.1000000E-03           1
|0001000110011110010010110111101100000111> :  0.3390203E-12  0.1000000E-03           1
|0110100010011111001110011100100010001110> :  0.1805361E-10  0.1000000E-03           1
|1111100101110000001101011100101100011011> :  0.6641056E-12  0.1000000E-03           1
|0001111000100111010110111000001100011100> :  0.8193949E-11  0.1000000E-03           1
|1111001110010100010001100000111100011101> :  0.2956242E-10  0.1000000E-03           1
|1101111101100001000000111000101100011101> :  0.3078275E-04  0.1000000E-03           1
|1100100100100011010100111100011100011101> :  0.2472941E-11  0.1000000E-03           1
|1001011010100101000010111110001100011101> :  0.1281484E-10  0.1000000E-03           1
|0111101100100111000010001111001100011101> :  0.1516010E-10  0.1000000E-03           1
|0111011100000100001001101011011100011110> :  0.8149838E-10  0.1000000E-03           1
|0110000100010101011010000111001100011110> :  0.9811992E-11  0.1000000E-03           1
|1101111101100000010000111001110100011111> :  0.3131363E-10  0.1000000E-03           1
|0101110001011011111101001000010100100000> :  0.1517464E-10  0.1000000E-03           1
|1101100010101011011101010111000100100001> :  0.1543262E-10  0.1000000E-03           1
|0010001000101111001010111111010100100001> :  0.3554021E-10  0.1000000E-03           1
|1010000100001110010010111110111100000111> :  0.1155934E-10  0.1000000E-03           1
|0000001000001111111110111111010100100010> :  0.7595357E-05  0.1000000E-03           1
|0010011001011100110110101010010100100010> :  0.1155975E-10  0.1000000E-03           1
|0101110100000111110110111110001100000111> :  0.7143405E-11  0.1000000E-03           1
|1101011011100011000011011000010100000110> :  0.6952462E-13  0.1000000E-03           1
|0010001000011111111110100111010100100010> :  0.2035118E-05  0.1000000E-03           1
|0010000000111110111111100111010100100010> :  0.1568788E-03  0.1000000E-03           1
|1010001000101110110011010101111100100010> :  0.6977528E-11  0.1000000E-03           1
|1010001101010010110100110111110100000101> :  0.7052237E-10  0.1000000E-03           1
|0001100100001010111110100111010100100100> :  0.3083064E-09  0.1000000E-03           1
|0111011111000010010011100110110100100101> :  0.8797644E-11  0.1000000E-03           1
|1111101101000011011001001101100100100101> :  0.1793695E-10  0.1000000E-03           1
|0101110001111010010111100011111100000100> :  0.2742033E-11  0.1000000E-03           1
|1101110010111010010111100001110100000100> :  0.1154682E-10  0.1000000E-03           1
|0000011101101001100110011110111010001101> :  0.6131814E-11  0.1000000E-03           1
|0000001000011110111110101111010100100110> :  0.1295046E-04  0.1000000E-03           1
|0101110011111001100111001111001001000000> :  0.1710454E-04  0.1000000E-03           1
|0101111111110001000101011100101000011001> :  0.1402229E-04  0.1000000E-03           1
|0011101000000101101011101100011100100110> :  0.9579932E-11  0.1000000E-03           1
|0000101110000111010011101101101100100110> :  0.1798280E-10  0.1000000E-03           1
|0001100010000111011110101011000100100111> :  0.5370697E-10  0.1000000E-03           1
|1000101100001010011010111010110100100111> :  0.1568468E-10  0.1000000E-03           1
|0101110001010011111110101111000000000110> :  0.5042375E-04  0.1000000E-03           1
|0000000101001111110111101010000100100111> :  0.1851556E-10  0.1000000E-03           1
|0000001100000110110010111111011100100111> :  0.3641028E-04  0.1000000E-03           1
|1001000100010100110010110111011100100111> :  0.9263638E-11  0.1000000E-03           1
|0101110001100011100110001011001100100111> :  0.7268549E-11  0.1000000E-03           1
|0001001101100110010001110100011100100111> :  0.1693296E-10  0.1000000E-03           1
|1100000000110111001101101110100100101000> :  0.1036781E-12  0.1000000E-03           1
|0001101100000101111010101111010100101001> :  0.2093005E-10  0.1000000E-03           1
|1111010011111000011101110001110000000011> :  0.1250705E-10  0.1000000E-03           1
|1011001010110110010101100100011100101001> :  0.5070238E-11  0.1000000E-03           1
|0101101001111011100100110110010100000001> :  0.1080466E-10  0.1000000E-03           1
|1010000010000110011010111001111100101010> :  0.8200309E-11  0.1000000E-03           1
|0111110100001110100100011001000011111111> :  0.5806045E-14  0.1000000E-03           1
|0100101100100111101010100110011100101011> :  0.3295271E-11  0.1000000E-03           1
|0101111001100111010010011110101010001101> :  0.3032135E-09  0.1000000E-03           1
|1110110101110100100010001010100100101100> :  0.2619930E-10  0.1000000E-03           1
|0101110101100011101100000100100100101101> :  0.3619849E-10  0.1000000E-03           1
|0000101100100100100001110001011100101111> :  0.1834509E-11  0.1000000E-03           1
|0101110011100001001010011000001011111101> :  0.1822359E-10  0.1000000E-03           1
|0111110010101111001001011100001100110000> :  0.3417269E-10  0.1000000E-03           1
|1001011110001100001010100001010011111101> :  0.1187014E-10  0.1000000E-03           1
|1000011100111100010110110011110100110001> :  0.2098111E-10  0.1000000E-03           1
|1010000110010010111101010111100100110010> :  0.4867700E-10  0.1000000E-03           1
|0110011100011101101011000100100100110010> :  0.2111789E-10  0.1000000E-03           1
|0111110011100000100011101100001010001101> :  0.2885232E-11  0.1000000E-03           1
|0000001100000111111010111111001100110010> :  0.5456502E-04  0.1000000E-03           1
|0110110011111001100111000011101001000000> :  0.9289743E-04  0.1000000E-03           1
|1111101111100000000001111000000011111001> :  0.2778920E-10  0.1000000E-03           1
|1010000110100110010111101111011100110010> :  0.2000887E-10  0.1000000E-03           1
|0000001000111111011100110111011100110010> :  0.1073433E-05  0.1000000E-03           1
|1011110011100001001101000001100011111000> :  0.8156038E-11  0.1000000E-03           1
|0101001011000100101101101111110100110101> :  0.9101767E-14  0.1000000E-03           1
|0101110100010011000101111111101010001101> :  0.1863235E-10  0.1000000E-03           1
|0000001000001110111110100111010100110110> :  0.1311687E-03  0.1000000E-03           1
|0000001000000100111100010100111011110111> :  0.1566030E-10  0.1000000E-03           1
|0000001000000111111010111111011100110110> :  0.5566645E-04  0.1000000E-03           1
|0100001100101110111111100101011100110110> :  0.1017823E-10  0.1000000E-03           1
|1011001000000111101010000101000100110111> :  0.8333386E-12  0.1000000E-03           1
|0000101100011010100001000010100100110111> :  0.8748872E-13  0.1000000E-03           1
|0000100000100011111111001100000100110111> :  0.2853228E-10  0.1000000E-03           1
|0000001100000110010010111111011100110111> :  0.2048359E-04  0.1000000E-03           1
|0000001100000110110010111110011100110111> :  0.5777752E-04  0.1000000E-03           1
|1111001110001100000001000000110111111111> :  0.1647099E-04  0.1000000E-03           1
|0000001100000110111010100101011100110111> :  0.4020636E-04  0.1000000E-03           1
|1111001100100011001011100101000100111000> :  0.1242554E-10  0.1000000E-03           1
|1111110000100011000000111100101100111000> :  0.1784586E-12  0.1000000E-03           1
|1111001011101101001011000100101100111000> :  0.6498659E-11  0.1000000E-03           1
|1010100110101111010011100000111100111000> :  0.1761499E-10  0.1000000E-03           1
|1110101010110101001010010110101100111000> :  0.6386086E-11  0.1000000E-03           1
|1001111010111000001000010100111100111001> :  0.2752861E-10  0.1000000E-03           1
|0010010000001110111111100001000100111010> :  0.5385509E-09  0.1000000E-03           1
|0010100100100110111101000100110100111010> :  0.6914676E-11  0.1000000E-03           1
|0010000100000110101011110111011100111010> :  0.3836747E-10  0.1000000E-03           1
|1011001000010110010101010000110100111011> :  0.7978661E-11  0.1000000E-03           1
|1010001100100100011001110000011100111011> :  0.2279164E-05  0.1000000E-03           1
|1010001110101100001001010000101100111011> :  0.8117340E-05  0.1000000E-03           1
|0001011100000100101110111000001011110111> :  0.1104329E-10  0.1000000E-03           1
|1010001100101100011001110000011100111011> :  0.7046494E-05  0.1000000E-03           1
|1101000101110101001001000000101100111011> :  0.2503484E-10  0.1000000E-03           1
|1111100010101100001001000010111100111100> :  0.1157856E-11  0.1000000E-03           1
|1110100010101101000011000010110100111101> :  0.8678025E-11  0.1000000E-03           1
|0011001100000111001001110101101100111101> :  0.3355065E-10  0.1000000E-03           1
|1100111111110011000001000000101100111101> :  0.5830577E-11  0.1000000E-03           1
|1001101100001110011001110000010100111110> :  0.2715474E-10  0.1000000E-03           1
|1000100001110111100010101111000100111110> :  0.1511248E-11  0.1000000E-03           1
|1001110010000000110110111100010100111111> :  0.1199131E-11  0.1000000E-03           1
|0000001010001110011110100111000100111111> :  0.8191951E-10  0.1000000E-03           1
|0011111000100111000011000110100100111111> :  0.4260846E-11  0.1000000E-03           1
|1001100100010010010010101001011100111111> :  0.1821069E-10  0.1000000E-03           1
|0110110011111000010111011111001101000000> :  0.6871267E-11  0.1000000E-03           1
|0001010001111011110010111010011101000000> :  0.5731474E-11  0.1000000E-03           1
|0101000011100011110010101011010101000100> :  0.3012190E-10  0.1000000E-03           1
|0001110001000111110110001111000101000101> :  0.8337684E-10  0.1000000E-03           1
|1100110100001010110010100011110101000110> :  0.1423561E-10  0.1000000E-03           1
|0101100111100011110101100011010101000110> :  0.3513803E-10  0.1000000E-03           1
|0100010101010000100111101011100101000111> :  0.1626354E-10  0.1000000E-03           1
|0111010110011100010001101010110101001000> :  0.5347914E-12  0.1000000E-03           1
|1111010111101001101001001000101101001000> :  0.1247434E-08  0.1000000E-03           1
|0101010100110011111010100011001101001000> :  0.1000169E-10  0.1000000E-03           1
|0111101110100101100001100011101101001001> :  0.2370018E-10  0.1000000E-03           1
|1111001110000110001010111001001101001010> :  0.4378756E-11  0.1000000E-03           1
|0100011110111001010110111100010101001011> :  0.8527806E-13  0.1000000E-03           1
|0001100100110001001110110010101101001100> :  0.8216235E-13  0.1000000E-03           1
|0001110100000010110010100111011101001111> :  0.3270910E-10  0.1000000E-03           1
|0111011010011000011111100111000101010000> :  0.4819494E-11  0.1000000E-03           1
|0101110101111010110111001001000101010000> :  0.2178129E-10  0.1000000E-03           1
|0101001110001100011010000010011101010000> :  0.1667621E-12  0.1000000E-03           1
|0100110101011011110010011111011101010000> :  0.6122854E-12  0.1000000E-03           1
|1011001111110111001001110000001101010000> :  0.3327604E-12  0.1000000E-03           1
|1111100111011011001000010000101101010001> :  0.6227563E-10  0.1000000E-03           1
|0111011110000101000000101000111010001101> :  0.8023410E-11  0.1000000E-03           1
|0101100111110011100110000001111101010001> :  0.2912814E-11  0.1000000E-03           1
|1110100100110001111001101011000101010010> :  0.1649005E-10  0.1000000E-03           1
|0101000010111011010110101011010101010010> :  0.7745593E-11  0.1000000E-03           1
|0010100100110101001111100001001101010010> :  0.1787621E-10  0.1000000E-03           1
|1001000111000110011001101101001101010011> :  0.9379851E-11  0.1000000E-03           1
|1001000111100100010011101011001101010011> :  0.3334057E-10  0.1000000E-03           1
|0001001111101100111100101101011101010101> :  0.3610599E-13  0.1000000E-03           1
|0001011100100100110010110111000101010110> :  0.6741596E-11  0.1000000E-03           1
|1111000111110001001001001000110101010110> :  0.1761042E-10  0.1000000E-03           1
|1111110111110001001001001000100101011000> :  0.3190016E-05  0.1000000E-03           1
|0110010101100011111101110010001101011000> :  0.1468907E-11  0.1000000E-03           1
|1111000111110000100000000001111101011000> :  0.5678851E-10  0.1000000E-03           1
|1111100111110001000000100010001101011000> :  0.4323926E-08  0.1000000E-03           1
|1111110111110001000001000000101101011000> :  0.6363363E-04  0.1000000E-03           1
|1101001000000111001000101101010011110111> :  0.7808656E-11  0.1000000E-03           1
|1011001110000001001001110101001011110110> :  0.7287475E-11  0.1000000E-03           1
|0111100101110101010001010000101101011000> :  0.7326549E-08  0.1000000E-03           1
|1111100111111001000001000000101101011000> :  0.8946726E-06  0.1000000E-03           1
|1011101110111101001000110001001101011000> :  0.9583016E-11  0.1000000E-03           1
|0101111101000011000000111110101010001101> :  0.1094658E-03  0.1000000E-03           1
|1011011101010110011000100001000101011001> :  0.1565391E-10  0.1000000E-03           1
|0111001101101001001001111011000101011001> :  0.1458849E-11  0.1000000E-03           1
|1111110110110001000001010001110101011001> :  0.1388380E-07  0.1000000E-03           1
|1101100100000011011101101001100011110110> :  0.1117644E-11  0.1000000E-03           1
|1111110111100001000001001000101101011001> :  0.1884316E-04  0.1000000E-03           1
|1010001110100100000001010000111111111011> :  0.3985480E-04  0.1000000E-03           1
|1111100111100001000001010000101101011001> :  0.8370555E-04  0.1000000E-03           1
|1101110111100001000001011000101101011001> :  0.9767583E-04  0.1000000E-03           1
|0101100110001011011011000100011011110101> :  0.5457681E-11  0.1000000E-03           1
|1100001100011100001001111000111010001011> :  0.1117609E-10  0.1000000E-03           1
|0001010001000111100110101011011011110101> :  0.1304492E-10  0.1000000E-03           1
|1111010111110001000001010000101101011001> :  0.1398663E-04  0.1000000E-03           1
|1111001010011100101000000000110011110101> :  0.1116909E-10  0.1000000E-03           1
|1101110111110001000001011000101101011001> :  0.2676479E-05  0.1000000E-03           1
|1111100111110001001001000000101101011001> :  0.8391599E-04  0.1000000E-03           1
|0101011110000110001001101101101101011010> :  0.1986732E-10  0.1000000E-03           1
|0100000100000111101110011001011101011010> :  0.3379784E-10  0.1000000E-03           1
|0101111000110100000001110011111101011010> :  0.1026515E-11  0.1000000E-03           1
|1110000110111100001001000001101101011010> :  0.3241044E-04  0.1000000E-03           1
|1111100011010001000011000000101101011011> :  0.1708133E-06  0.1000000E-03           1
|1010000101011101011011100001001101011011> :  0.1729616E-10  0.1000000E-03           1
|0101101100110101000001000001001101011011> :  0.1254647E-12  0.1000000E-03           1
|0111011001010011001000101111100101011100> :  0.4205568E-11  0.1000000E-03           1
|1110100110100000110010101001100101011100> :  0.1503667E-10  0.1000000E-03           1
|0111011110111000000001010110001101011100> :  0.2476206E-10  0.1000000E-03           1
|0111100011111001000101100000101101011100> :  0.6353807E-11  0.1000000E-03           1
|1101111010110000000010011001100101011101> :  0.7308501E-10  0.1000000E-03           1
|0010010001101110110011100110010101100000> :  0.1583292E-10  0.1000000E-03           1
|0111001110110000010001010111110101100000> :  0.5685375E-11  0.1000000E-03           1
|0110011110111010001001100011110101100000> :  0.1143198E-10  0.1000000E-03           1
|0100011000001110111111000111011101100000> :  0.6874162E-10  0.1000000E-03           1
|0000011010010111110110110110011101100000> :  0.4689700E-10  0.1000000E-03           1
|1011101010111001011011000111000101100001> :  0.1121809E-10  0.1000000E-03           1
|1010011011111010010001100010110101100001> :  0.1685906E-10  0.1000000E-03           1
|0110000101111010101101000001110101100001> :  0.6851773E-10  0.1000000E-03           1
|1110100111011100100011000000110010001011> :  0.4908329E-10  0.1000000E-03           1
|1101101110100001001101011001000011110100> :  0.9392944E-12  0.1000000E-03           1
|1110001110101100000001010000111111111001> :  0.1412515E-04  0.1000000E-03           1
|1010001100100101010001100010111111111001> :  0.1744858E-10  0.1000000E-03           1
|1010001111101000010101010001001011110011> :  0.2295255E-10  0.1000000E-03           1
|0101110101110000100101111011001101100100> :  0.2294977E-10  0.1000000E-03           1
|0101110011110011000111011111001001000000> :  0.1953570E-04  0.1000000E-03           1
|0010000001011110111111100011010101100110> :  0.2602644E-04  0.1000000E-03           1
|1101111111110001000001011100101000011001> :  0.1835006E-03  0.1000000E-03           1
|1111001111110100010001001000100101101000> :  0.3447687E-11  0.1000000E-03           1
|1000101111111110011111001000000101101000> :  0.3471493E-14  0.1000000E-03           1
|0111010100000000001000000001111101101000> :  0.1499598E-13  0.1000000E-03           1
|0001001010001111001001111100011011110011> :  0.9134712E-11  0.1000000E-03           1
|0001001110100100011101101101010101101001> :  0.2571365E-10  0.1000000E-03           1
|1000000110101100010111000011111101101001> :  0.7797526E-11  0.1000000E-03           1
|0010001110101101011100100111010101101010> :  0.1815117E-10  0.1000000E-03           1
|1010010011010101111110000100010011110010> :  0.2616973E-11  0.1000000E-03           1
|0111010001011100010111100011000101101100> :  0.4454334E-10  0.1000000E-03           1
|0100101001111010111101000101000101101101> :  0.4063436E-11  0.1000000E-03           1
|1111001100000100001011100101010101101111> :  0.1743379E-10  0.1000000E-03           1
|0111010111110011100011000001101010001001> :  0.3705798E-11  0.1000000E-03           1
|0001111000010111011001111111000101110000> :  0.2608388E-11  0.1000000E-03           1
|0001111010101110110101000110010101110000> :  0.1467611E-10  0.1000000E-03           1
|1110000101110011110100010001010101110000> :  0.4070319E-11  0.1000000E-03           1
|1111100000001110100111000000010111110111> :  0.3657899E-12  0.1000000E-03           1
|1001000110010110110101111001011101110000> :  0.1101305E-10  0.1000000E-03           1
|1010001011111100100000110010101101110000> :  0.1439292E-10  0.1000000E-03           1
|0101001100100011111101001100000101110001> :  0.2790680E-10  0.1000000E-03           1
|0001011111000011101001111101000011110010> :  0.7329861E-11  0.1000000E-03           1
|1011100001001110111010100011010101110010> :  0.6231876E-10  0.1000000E-03           1
|1101101010100000000001100101110011101111> :  0.1072395E-10  0.1000000E-03           1
|0010001100001110111110001001010101110010> :  0.2157148E-09  0.1000000E-03           1
|1011110111000000110000010000110011101111> :  0.1930607E-10  0.1000000E-03           1
|0110011110011000011001110001110011101110> :  0.1015827E-10  0.1000000E-03           1
|1010000010111100111111000001000101110010> :  0.5483735E-04  0.1000000E-03           1
|1111111011110001000000011110101010001001> :  0.5004839E-07  0.1000000E-03           1
|1000000001111110111101011000100101110010> :  0.1782530E-10  0.1000000E-03           1
|0000100000100111001010111110111101110010> :  0.3502365E-10  0.1000000E-03           1
|1000001110001110110110010100000101110011> :  0.2510588E-11  0.1000000E-03           1
|0010000010101100111010100001000101110011> :  0.2043007E-11  0.1000000E-03           1
|1010011001100101010100010010001101110011> :  0.3974635E-11  0.1000000E-03           1
|0000011110001100111111100011010101110100> :  0.2583195E-10  0.1000000E-03           1
|0001110101100011100110000110010101110101> :  0.1494578E-10  0.1000000E-03           1
|0010000101001110111101101100010011101110> :  0.4892282E-10  0.1000000E-03           1
|0001100110000010101010111101100011101110> :  0.1483212E-10  0.1000000E-03           1
|1011001111101011000001011110111010001001> :  0.5000847E-11  0.1000000E-03           1
|0000001000001110111110100111010101110110> :  0.4092805E-04  0.1000000E-03           1
|0101010010001110000111111111011001000000> :  0.4401833E-11  0.1000000E-03           1
|0101110111010000000000101110101011101101> :  0.1422722E-10  0.1000000E-03           1
|1011110110100000100001110000101101111000> :  0.5953981E-11  0.1000000E-03           1
|0101001100111111001001111000001101111000> :  0.1777205E-10  0.1000000E-03           1
|0100001100010110110011100101011101111001> :  0.3682404E-10  0.1000000E-03           1
|0011001111100101100100000001001101111001> :  0.1455427E-12  0.1000000E-03           1
|1111011100111100001000010000110011101101> :  0.1211612E-10  0.1000000E-03           1
|1100010111011100000001011010101010001001> :  0.3442589E-10  0.1000000E-03           1
|1001110111100010110111001000000011101101> :  0.5078027E-11  0.1000000E-03           1
|1011011011011010000001110010100011101101> :  0.1288048E-10  0.1000000E-03           1
|0011001101100100001001000000010101111101> :  0.1429354E-10  0.1000000E-03           1
|0111001001101100101000000000110101111110> :  0.3233379E-10  0.1000000E-03           1
|0010101010101001010101110011111101111110> :  0.1360669E-12  0.1000000E-03           1
|1011100011110100100011000010001101111110> :  0.8731895E-11  0.1000000E-03           1
|1111100110111011000001010100110110000000> :  0.2160523E-11  0.1000000E-03           1
|1110001001011010010100111111110110000010> :  0.7047907E-11  0.1000000E-03           1
|0001101010010111000010111100011110000011> :  0.1573582E-11  0.1000000E-03           1
|1111010001011000000010110001101110000100> :  0.3611968E-14  0.1000000E-03           1
|0001111101000011010010101101010110000101> :  0.3602655E-10  0.1000000E-03           1
|1010101010000111111010101000011110000110> :  0.2356872E-10  0.1000000E-03           1
|0111011011000010010000111100110110000111> :  0.3211777E-10  0.1000000E-03           1
|0100011101000110110011100000110110000111> :  0.4206138E-10  0.1000000E-03           1
|1011111001110011010100101110100110001000> :  0.3100878E-11  0.1000000E-03           1
|1100100111111100110001000000111110001001> :  0.1366348E-10  0.1000000E-03           1
|1011001110001111011000011000110110001010> :  0.4825375E-10  0.1000000E-03           1
|0110111010000101111011001000101110001010> :  0.2603757E-11  0.1000000E-03           1
|0101110100101101100010101110011110001100> :  0.3841109E-11  0.1000000E-03           1
|1111110111000010001001100001100110001101> :  0.4831296E-11  0.1000000E-03           1
|1011111100000011101011001000100110001111> :  0.7430889E-12  0.1000000E-03           1
|1111100100000000101010111000011110001111> :  0.4157375E-11  0.1000000E-03           1
|0110100010101110000000110010111110001111> :  0.3149844E-11  0.1000000E-03           1
|0110111011111001100101010100100110010001> :  0.2069411E-11  0.1000000E-03           1
|1001000111100010010100111101000110010011> :  0.1530981E-10  0.1000000E-03           1
|0110001100001110110100101010110110010110> :  0.6630289E-11  0.1000000E-03           1
|1010010100001111110110101000100110010110> :  0.1103780E-10  0.1000000E-03           1
|1110010011011011110110011000100110010110> :  0.2095275E-10  0.1000000E-03           1
|1000011010001110110010010110101110010110> :  0.7048392E-11  0.1000000E-03           1
|0010001001000110111100100110110110010111> :  0.9419752E-09  0.1000000E-03           1
|1100001111010010110100010000110110010111> :  0.3826304E-10  0.1000000E-03           1
|0111011110001000010011111101101010001001> :  0.2212000E-11  0.1000000E-03           1
|1001001100011110111000010000111110010111> :  0.6957079E-11  0.1000000E-03           1
|1110100101110000101100000001111000111111> :  0.1857171E-10  0.1000000E-03           1
|1011000111110100100101100000001011101011> :  0.2450293E-10  0.1000000E-03           1
|1110100101011001110000011011010110011001> :  0.1598512E-13  0.1000000E-03           1
|0111000100000110001100000110111110011001> :  0.1222423E-13  0.1000000E-03           1
|1111001100101101000100110100111110011001> :  0.7724139E-12  0.1000000E-03           1
|0111011010111001010000110010100110011010> :  0.2699046E-11  0.1000000E-03           1
|0110000011110100100111101011001011101010> :  0.5750738E-11  0.1000000E-03           1
|1111110001101001010100001010100110011100> :  0.9422071E-12  0.1000000E-03           1
|1101011001010010001001011110100110011101> :  0.1099247E-10  0.1000000E-03           1
|0101110111100011110001001000101110011101> :  0.2004284E-10  0.1000000E-03           1
|1010110100001100101011101001000110011110> :  0.3650458E-10  0.1000000E-03           1
|0110010100001101111011001000010110011110> :  0.2077058E-11  0.1000000E-03           1
|1010011000001110101011110000110110011110> :  0.2347738E-10  0.1000000E-03           1
|0000001111000110100010100010111110011110> :  0.5060254E-12  0.1000000E-03           1
|1001000010111110010110111011011010001000> :  0.2512333E-10  0.1000000E-03           1
|1100001110010011010000011000111110011111> :  0.1219606E-10  0.1000000E-03           1
|1010100001010101011010001100101110011111> :  0.1688282E-10  0.1000000E-03           1
|0010010001011111010110110111000110100000> :  0.5515867E-10  0.1000000E-03           1
|1101101001110011100110010110010011101010> :  0.9498098E-13  0.1000000E-03           1
|0111011011101011000111000110001110100001> :  0.1099886E-10  0.1000000E-03           1
|0000011000001110101110100111010110100010> :  0.8878512E-07  0.1000000E-03           1
|0000001000001110111110111111010110100010> :  0.1749183E-05  0.1000000E-03           1
|0100011011001111010011101110100110100010> :  0.8523678E-11  0.1000000E-03           1
|0010001000001111111110100111010110100010> :  0.1862911E-04  0.1000000E-03           1
|0110110001110101111101000010100110100010> :  0.2643043E-10  0.1000000E-03           1
|1001110101100011100111101000100110100101> :  0.4694275E-11  0.1000000E-03           1
|0000011000010111110110011010011110100101> :  0.1444607E-10  0.1000000E-03           1
|1010000011000100101010101111100110100110> :  0.1030105E-10  0.1000000E-03           1
|0101011011100011110101001110010111110000> :  0.1982289E-10  0.1000000E-03           1
|0010000000000111111110101111010110100110> :  0.6388315E-04  0.1000000E-03           1
|0000011010000111111110110100010110100110> :  0.1870239E-09  0.1000000E-03           1
|0000001000001110110110111111010110100110> :  0.1460497E-04  0.1000000E-03           1
|1101101011110100000101001100100011101001> :  0.5283212E-10  0.1000000E-03           1
|0010001000001110111110100011010110100110> :  0.1420817E-03  0.1000000E-03           1
|0101110000101010001110111101010010000111> :  0.4438278E-11  0.1000000E-03           1
|0000100001111011110111000010111000111101> :  0.4147211E-11  0.1000000E-03           1
|1010000000001110111110100111010110100110> :  0.3599980E-06  0.1000000E-03           1
|1101111101110001000001011100101000011001> :  0.5724910E-05  0.1000000E-03           1
|0101110011111001000110011110101000000101> :  0.3005167E-04  0.1000000E-03           1
|1001100111111000111101001001000011101000> :  0.8198951E-11  0.1000000E-03           1
|0010001000001110111110101111010110100110> :  0.1111030E-03  0.1000000E-03           1
|1100101010001110101101010100010011101000> :  0.8925602E-12  0.1000000E-03           1
|1000110001011010110110010110000110100110> :  0.1274660E-10  0.1000000E-03           1
|1110110010011100000011011000100110100110> :  0.8448520E-11  0.1000000E-03           1
|0000001100001110011110101111011010000110> :  0.2364181E-08  0.1000000E-03           1
|0010011000101110101011101111010110100110> :  0.3185834E-10  0.1000000E-03           1
|1010010001010000110110100001011011100111> :  0.1554439E-10  0.1000000E-03           1
|1100000100000110111010101011001011100111> :  0.2711141E-11  0.1000000E-03           1
|0000001100001110111110100101010110100111> :  0.9828653E-04  0.1000000E-03           1
|1110110001001011000110001011100010000110> :  0.1174813E-10  0.1000000E-03           1
|1111001101111010000001110000110000111101> :  0.2919381E-11  0.1000000E-03           1
|0001100011101010000100011100110011100111> :  0.5402220E-11  0.1000000E-03           1
|1010010001000111111101011110000110101001> :  0.5397423E-11  0.1000000E-03           1
|0111111101100001001001100001010110101001> :  0.4606357E-11  0.1000000E-03           1
|0111101111100011101000001100110110101001> :  0.2329158E-10  0.1000000E-03           1
|0000011101010110100000111010011110101001> :  0.8453326E-11  0.1000000E-03           1
|0100101000100111111100110100010110101010> :  0.1871428E-11  0.1000000E-03           1
|0110100001001111101100000100110110101011> :  0.2660845E-10  0.1000000E-03           1
|1010001001000101111001010000111110101011> :  0.4550569E-11  0.1000000E-03           1
|0001011000100110110111100111010110101100> :  0.4836527E-10  0.1000000E-03           1
|1000011011111000011001100011100110101100> :  0.2380114E-13  0.1000000E-03           1
|0001111000100101000101110110010110101101> :  0.7994409E-11  0.1000000E-03           1
|1111000110101000010011101101000110101101> :  0.3344763E-11  0.1000000E-03           1
|0000110100000010110110111100010110101110> :  0.2154979E-10  0.1000000E-03           1
|1011010101000100100100101000010110101110> :  0.1652876E-10  0.1000000E-03           1
|0001111000000111011010101000110110101110> :  0.1391659E-10  0.1000000E-03           1
|0011011010001110110000100110010110101110> :  0.5541484E-10  0.1000000E-03           1
|0111100110010101101001100000000110101110> :  0.1529006E-12  0.1000000E-03           1
|1110100011101000011000100010110110101110> :  0.8899612E-11  0.1000000E-03           1
|1110001111011111001101101011011110101110> :  0.5219796E-14  0.1000000E-03           1
|1101111000000000001010001100110110101111> :  0.7386726E-11  0.1000000E-03           1
|0001001100001010010011111101110110101111> :  0.2295068E-10  0.1000000E-03           1
|1000000001001110110110111101010110101111> :  0.7782499E-09  0.1000000E-03           1
|1001000111011000111000110100010110110001> :  0.1510209E-14  0.1000000E-03           1
|0100111000001111001110011100110110110010> :  0.9877316E-11  0.1000000E-03           1
|0010010100001111111101100001011110110010> :  0.2514209E-10  0.1000000E-03           1
|1000101001001011110100110100110110110011> :  0.2879926E-10  0.1000000E-03           1
|0000001001100111010100010101110110110011> :  0.1230078E-11  0.1000000E-03           1
|0011001001001110111000001100010110110101> :  0.1541881E-10  0.1000000E-03           1
|1010100100000011111010110101100110110110> :  0.3653048E-10  0.1000000E-03           1
|1110000001001000111010101001110110110110> :  0.5571984E-10  0.1000000E-03           1
|0100101100001111011101010000110110110110> :  0.1546826E-10  0.1000000E-03           1
|1101101011000100000001000000110110110111> :  0.2581360E-11  0.1000000E-03           1
|1000111001100010111101101100000011100111> :  0.1713982E-11  0.1000000E-03           1
|1000001100000110111100111100010110110111> :  0.1455876E-03  0.1000000E-03           1
|0100001000001110011110101011010110110111> :  0.3739895E-07  0.1000000E-03           1
|0100011111110001000111011010101010000101> :  0.1160243E-10  0.1000000E-03           1
|1000001000001110111100110100010110110111> :  0.3072717E-04  0.1000000E-03           1
|1010001000001110111101000000110110110111> :  0.1161820E-03  0.1000000E-03           1
|0110001001001010101111100000010011100111> :  0.5550444E-11  0.1000000E-03           1
|1000001000011110110010101110111110110111> :  0.1560964E-10  0.1000000E-03           1
|1110011111010100010001000000100110111000> :  0.2624777E-11  0.1000000E-03           1
|1010100101011011011101010100100110111000> :  0.7864073E-13  0.1000000E-03           1
|0010000010011011101100100011010110111001> :  0.8809378E-13  0.1000000E-03           1
|1110011110110100000011000100100110111001> :  0.3465081E-10  0.1000000E-03           1
|0000100100010011001011111010011110111001> :  0.4255131E-13  0.1000000E-03           1
|0010000000001110111110100011010111100110> :  0.1835006E-03  0.1000000E-03           1
|1111000111101001000001010000110110111010> :  0.4169813E-10  0.1000000E-03           1
|0011000110000000011011100101000011100111> :  0.2067303E-10  0.1000000E-03           1
|1010001100001100011001010100110110111011> :  0.4189033E-07  0.1000000E-03           1
|0100011100001100010010111111011010000101> :  0.2436248E-10  0.1000000E-03           1
|1010001110001100011001010000111110111011> :  0.9622478E-05  0.1000000E-03           1
|0001001010101100010111110101001000111001> :  0.1375948E-10  0.1000000E-03           1
|0010011011111110111110000111111011100110> :  0.1386791E-13  0.1000000E-03           1
|1010001100101100001001010000111110111011> :  0.4247185E-04  0.1000000E-03           1
|0110100011001100001010101010110111100110> :  0.3654325E-10  0.1000000E-03           1
|1010001100101100011001010000111110111011> :  0.2010932E-06  0.1000000E-03           1
|1010001000101100111010001000001110111011> :  0.1456842E-10  0.1000000E-03           1
|0111001101001101100011100000110110111100> :  0.3248135E-11  0.1000000E-03           1
|1110111000001101101000010000110110111100> :  0.1275307E-11  0.1000000E-03           1
|1010011101000101110010011000100110111101> :  0.1937455E-11  0.1000000E-03           1
|0001001100001110101010100100111110111101> :  0.2069750E-10  0.1000000E-03           1
|0101000010000011110010101011000111100110> :  0.1148086E-10  0.1000000E-03           1
|1000001111010111001010001011110110111110> :  0.1265170E-13  0.1000000E-03           1
|1101000011101111101101110111100110111110> :  0.7675897E-13  0.1000000E-03           1
|0100110010011011110110011000110011100110> :  0.5846816E-11  0.1000000E-03           1
|0000100000011111111111001100001111100010> :  0.1946118E-10  0.1000000E-03           1
|0011101000000100111011000000110110111111> :  0.2747779E-10  0.1000000E-03           1
|0011000111011110101011000001000111100010> :  0.6282225E-11  0.1000000E-03           1
|1001001100000110011000111100010110111111> :  0.9289743E-04  0.1000000E-03           1
|1010001100000110101000111000110110111111> :  0.8495571E-07  0.1000000E-03           1
|0110000100011010111011100001110000110111> :  0.2778753E-10  0.1000000E-03           1
|1110000011011000111101000001110011100110> :  0.2030697E-03  0.1000000E-03           1
|0010000010001110111110100111010011100110> :  0.2067660E-05  0.1000000E-03           1
|1001110110000011010111011110000010000101> :  0.6227602E-11  0.1000000E-03           1
|0010001111000100100101110011010011100110> :  0.2183010E-10  0.1000000E-03           1
|0111000111011010110010101000110111000001> :  0.1354881E-10  0.1000000E-03           1
|0110111011111000001001010110101111000001> :  0.2722525E-11  0.1000000E-03           1
|0111001110000010010101110110010111100000> :  0.2585670E-10  0.1000000E-03           1
|1001111011110001000100001110001011100101> :  0.1418186E-10  0.1000000E-03           1
|0010011001111111111010100011101010000100> :  0.2559892E-11  0.1000000E-03           1
|1010000001010100111101100011110000110111> :  0.2238889E-10  0.1000000E-03           1
|0101110011111001000010011110101000001001> :  0.1831031E-03  0.1000000E-03           1
|0101000001011010000100111111111011100101> :  0.1260439E-11  0.1000000E-03           1
|0010100011001100101011001100011011100101> :  0.2780974E-12  0.1000000E-03           1
|0000110011010110100111111110011010000011> :  0.1064547E-11  0.1000000E-03           1
|0111011011011100001010001011010011100100> :  0.1241749E-10  0.1000000E-03           1
|0101011011111001000101000101101011100011> :  0.5131899E-11  0.1000000E-03           1
|0000000100010111101010111111001010000010> :  0.2428541E-10  0.1000000E-03           1
|1010101101100100100000010010111000110101> :  0.6273829E-11  0.1000000E-03           1
|0010111010111100100010100111101011100010> :  0.1049498E-10  0.1000000E-03           1
|0111011101000011010001001100000111011001> :  0.2437570E-10  0.1000000E-03           1
|1011011111111001000000010000101111011000> :  0.1644153E-09  0.1000000E-03           1
|0110101010101100101100110011011011100010> :  0.4611151E-12  0.1000000E-03           1
|1111010001011111011100010100110010000001> :  0.7311561E-11  0.1000000E-03           1
|1111000111110100011001010000001111011000> :  0.1452003E-09  0.1000000E-03           1
|1101011110001100000001010100100111011000> :  0.4856853E-10  0.1000000E-03           1
|0000111010101001111110100011001011100010> :  0.2039128E-10  0.1000000E-03           1
|1000011100001100110110111010011111010110> :  0.1005323E-10  0.1000000E-03           1
|1010000011001110011010100001000111010110> :  0.3859718E-10  0.1000000E-03           1
|1101001101010101001111010100110111011001> :  0.2167959E-12  0.1000000E-03           1
|0101100110011000011101110101011011100001> :  0.1994432E-10  0.1000000E-03           1
|0100111110101010011001000100100111011001> :  0.1200332E-10  0.1000000E-03           1
|1110010110001100010001010001010111011010> :  0.2350022E-10  0.1000000E-03           1
|1110010011011010011000001000100111011010> :  0.8848069E-11  0.1000000E-03           1
|1011000011100011001100011100000111011011> :  0.2084603E-10  0.1000000E-03           1
|1101111101000000000000111000110111011101> :  0.4214567E-04  0.1000000E-03           1
|0001011000000010011010110111000111011101> :  0.4130695E-10  0.1000000E-03           1
|0111100011110011101101000111101010000000> :  0.2479261E-10  0.1000000E-03           1
|1111011010100000000001000111110111011110> :  0.6113377E-12  0.1000000E-03           1
|0000111001011101001100010110110000110101> :  0.1598864E-10  0.1000000E-03           1
|1110000110011000011010100101010111100000> :  0.8449078E-12  0.1000000E-03           1
|0101111000101010001100110101010111100001> :  0.4058604E-10  0.1000000E-03           1
|0110011011111100010000000100110111100001> :  0.1790028E-11  0.1000000E-03           1
|1111110111110001000001010000101000011001> :  0.1922663E-05  0.1000000E-03           1
|1010001101000011011001110010100111010110> :  0.5763319E-11  0.1000000E-03           1
|1111110001010101001010001101000111010100> :  0.3698418E-11  0.1000000E-03           1
|1111000111010000110010101001000111100010> :  0.1034997E-10  0.1000000E-03           1
|1011111011111000010100110111000011100001> :  0.2161108E-10  0.1000000E-03           1
|0111001000100111100101110000011111010010> :  0.4534169E-13  0.1000000E-03           1
|0101100111111001000101000100100111100011> :  0.3910458E-11  0.1000000E-03           1
|1110100111011000110001000000110111100100> :  0.2047896E-10  0.1000000E-03           1
|0011011000000110001000111110011111010010> :  0.6525339E-11  0.1000000E-03           1
|1110110011111000111101000001100011100000> :  0.2491270E-05  0.1000000E-03           1
|1111010010001100010111001011010111100110> :  0.4260723E-10  0.1000000E-03           1
|1110000000001110111010010011010111100110> :  0.2966704E-08  0.1000000E-03           1
|0001001100011100001101010001111001111111> :  0.4963329E-11  0.1000000E-03           1
|0010001101000110101101110000010111001111> :  0.4426412E-11  0.1000000E-03           1
|0101110111000011100110011010101111001110> :  0.3135363E-11  0.1000000E-03           1
|1100001111011000000001011010111011011111> :  0.1017257E-10  0.1000000E-03           1
|1010000000001110111111100001010111100110> :  0.2901016E-03  0.1000000E-03           1
|1010000100001110111111100001010111100110> :  0.4695854E-05  0.1000000E-03           1
|1111100010010011001000101001110111100110> :  0.3136996E-10  0.1000000E-03           1
|0010000000011110111110100011010111100110> :  0.1247531E-03  0.1000000E-03           1
|0011000101001111100010001010110111100111> :  0.5758851E-11  0.1000000E-03           1
|0000100100100110100010101111110111100111> :  0.8291015E-11  0.1000000E-03           1
|0111111101001000100100000010110111101001> :  0.8808912E-11  0.1000000E-03           1
|1101001100001110010001110001111111101001> :  0.2785620E-10  0.1000000E-03           1
|0000100001010110000010010101011111101011> :  0.1555384E-13  0.1000000E-03           1
|0111101100001011101001000001010111101101> :  0.1781311E-11  0.1000000E-03           1
|0111001100111010010101100000110111101101> :  0.9877657E-11  0.1000000E-03           1
|1110000101001100101000011000011111101110> :  0.3478529E-10  0.1000000E-03           1
|0111110010111101001011001000000111001100> :  0.1449684E-11  0.1000000E-03           1
|1011011001011001001101000000110111110001> :  0.1895567E-11  0.1000000E-03           1
|0010000101000110101011101000110111001011> :  0.8118142E-11  0.1000000E-03           1
|0100001110001011011001110010110111110010> :  0.1538131E-10  0.1000000E-03           1
|0010001100001110111101100001010111110010> :  0.4670260E-05  0.1000000E-03           1
|1010010010111101001101000011101011011110> :  0.2434391E-10  0.1000000E-03           1
|1010001000001110111101100001010111110010> :  0.7226966E-04  0.1000000E-03           1
|0110101100110011101001000001101001111101> :  0.1991902E-10  0.1000000E-03           1
|1010000000001110111111100001010111110010> :  0.1416718E-04  0.1000000E-03           1
|0010001110000111001010011011001111110010> :  0.2114956E-10  0.1000000E-03           1
|1000001110001100011000000010111111110011> :  0.1263070E-10  0.1000000E-03           1
|1010100000100111101110010000011111110011> :  0.4077328E-10  0.1000000E-03           1
|1011010001000100101111001100000111110101> :  0.1348958E-10  0.1000000E-03           1
|1111100101110001110101000000100111110101> :  0.1532698E-10  0.1000000E-03           1
|1011001110000110000001111110010111110110> :  0.4298381E-10  0.1000000E-03           1
|0010101000001011101111010110010000110101> :  0.2967727E-11  0.1000000E-03           1
|1111100010011001000100011001110111001010> :  0.7297976E-11  0.1000000E-03           1
|1111001111011000010000000000110111001010> :  0.2088514E-11  0.1000000E-03           1
|1111110001110000000110100000110011011110> :  0.2617454E-10  0.1000000E-03           1
|1011111111111001000101010000100111001001> :  0.3169713E-09  0.1000000E-03           1
|0010111001001110110100101010110111000110> :  0.3689166E-11  0.1000000E-03           1
|1000010110010100110111001001010011011110> :  0.2785395E-11  0.1000000E-03           1
|1010000100001110111010100001010111110110> :  0.6489297E-04  0.1000000E-03           1
|0001111110000100100010111111000001111100> :  0.1907622E-11  0.1000000E-03           1
|1111000111101010100000100000110111000101> :  0.2041893E-10  0.1000000E-03           1
|0101101011111100100101000010111111000100> :  0.1024196E-10  0.1000000E-03           1
|0101011111110001100000101000001011011101> :  0.2756102E-11  0.1000000E-03           1
|0110011111000010100010000000010111111000> :  0.8492442E-13  0.1000000E-03           1
|1110011010011100010101010010100111111000> :  0.6198685E-11  0.1000000E-03           1
|1111010011110100000011101000001111111000> :  0.9557930E-11  0.1000000E-03           1
|1010001001101010101001100100010111111001> :  0.9897450E-10  0.1000000E-03           1
|0101011101100011100101100011010111000010> :  0.3784643E-12  0.1000000E-03           1
|1111100010100011000010111101010111000010> :  0.3046991E-11  0.1000000E-03           1
|1000010111101111111110100101111011011101> :  0.3036547E-13  0.1000000E-03           1
|1010001011011010111100000000110111111010> :  0.1529934E-10  0.1000000E-03           1
|0001110111101111011111010011100111111010> :  0.2189313E-13  0.1000000E-03           1
|1010000110000111001001011001100111111011> :  0.3450066E-11  0.1000000E-03           1
|1010001100001010110100100000110111111011> :  0.2008966E-09  0.1000000E-03           1
|1110001110001100001001000000110111111011> :  0.2987359E-04  0.1000000E-03           1
|0101010100100001101111101000101111111011> :  0.4030688E-13  0.1000000E-03           1
|0000101000001110101101011100011001111011> :  0.3201813E-10  0.1000000E-03           1
|1010001110100100100001010000111111111011> :  0.1312729E-06  0.1000000E-03           1
|0001111101000010101110111001010000110101> :  0.1271409E-10  0.1000000E-03           1
|0111011101100110000000011000110111111101> :  0.5434051E-10  0.1000000E-03           1
|1010001100000100111001100001010111111110> :  0.1756827E-03  0.1000000E-03           1
|1001001010000011011010101101000111111111> :  0.2141314E-10  0.1000000E-03           1
|0101111011110001000101011110101000001001> :  0.6489297E-04  0.1000000E-03           1
|0001110001110011100110111111001000000101> :  0.4763590E-05  0.1000000E-03           1
|0111100110111101101101000001111000000010> :  0.5127791E-10  0.1000000E-03           1
|0101110011110011010110111111001000000000> :  0.8830928E-04  0.1000000E-03           1
|0001110011110011010110111111001000000000> :  0.3560893E-04  0.1000000E-03           1
