# state, exact probability, frequency, count:
#------------------------------------------------------------------
|0101111000011010000100111> :  0.3825368E+00  0.3793000E+00        3793
|1010000111100101111011000> :  0.3825368E+00  0.3790000E+00        3790
|0100111010011010000110111> :  0.4337769E-01  0.4540000E-01         454
|1011000101100101111001000> :  0.4337769E-01  0.4420000E-01         442
|0100111000011010000110111> :  0.3178272E-01  0.3500000E-01         350
|1011000111100101111001000> :  0.3178272E-01  0.3310000E-01         331
|1010000111100111111001000> :  0.1741788E-01  0.1790000E-01         179
|0101111000011000000110111> :  0.1741788E-01  0.1600000E-01         160
|0100111000011000000110111> :  0.3660566E-02  0.4400000E-02          44
|1010000111100101111001000> :  0.3781363E-02  0.4400000E-02          44
|0101111000011010000110111> :  0.3781363E-02  0.4300000E-02          43
|1011000111100111111001000> :  0.3660566E-02  0.3700000E-02          37
|1000110101101000111011000> :  0.3004044E-02  0.2900000E-02          29
|1000110101001100111011000> :  0.2133221E-02  0.2500000E-02          25
|0111001010010111000100111> :  0.3004044E-02  0.2500000E-02          25
|0111001010110011000100111> :  0.2133221E-02  0.2400000E-02          24
|0101111010011010000100111> :  0.1529965E-02  0.2000000E-02          20
|1010000101100101111011000> :  0.1529965E-02  0.1700000E-02          17
|1011000101100111111001000> :  0.1803325E-02  0.1400000E-02          14
|0100111010011000000110111> :  0.1803325E-02  0.1200000E-02          12
|0100111001011000000110111> :  0.9081875E-03  0.1100000E-02          11
|1010000111110101111001000> :  0.8060464E-03  0.1000000E-02          10
|1010000011110101111001000> :  0.9162249E-03  0.9000000E-03           9
|0101111000001010000110111> :  0.8060464E-03  0.9000000E-03           9
|0101011010011010000100111> :  0.7120333E-03  0.9000000E-03           9
|0100111010011010000100111> :  0.7935407E-03  0.7000000E-03           7
|1011000110100111111001000> :  0.9081875E-03  0.7000000E-03           7
|1011000001110101111001000> :  0.3033184E-03  0.6000000E-03           6
|0101111100001010000110111> :  0.9162249E-03  0.5000000E-03           5
|1011000110100111111101000> :  0.4558590E-03  0.5000000E-03           5
|1010100101100101111011000> :  0.7120333E-03  0.5000000E-03           5
|1011000101100101111011000> :  0.7935407E-03  0.5000000E-03           5
|1001000101110101111001000> :  0.4303465E-03  0.4000000E-03           4
|0100111110001010000110111> :  0.3033184E-03  0.3000000E-03           3
|0101111010001010000110111> :  0.2606690E-03  0.3000000E-03           3
|0100111000011010000100111> :  0.3178333E-03  0.3000000E-03           3
|1010000011110101111101000> :  0.7987971E-04  0.2000000E-03           2
|0101111000011000000010111> :  0.1391122E-03  0.2000000E-03           2
|0111101010001010000110111> :  0.2640193E-03  0.2000000E-03           2
|1011000111100101111011000> :  0.3178333E-03  0.2000000E-03           2
|0101111110001010000110111> :  0.2055370E-03  0.2000000E-03           2
|0101111110001010000010111> :  0.5135173E-04  0.2000000E-03           2
|0100111001011000000010111> :  0.4558590E-03  0.2000000E-03           2
|0101111000111010000100111> :  0.4449876E-04  0.2000000E-03           2
|1010000111100111111011000> :  0.9278378E-04  0.2000000E-03           2
|0110111010001010000110111> :  0.4303465E-03  0.2000000E-03           2
|0101111000001000000110111> :  0.1283065E-03  0.2000000E-03           2
|1010000101110111111001000> :  0.1450809E-04  0.1000000E-03           1
|1010000101110101111001000> :  0.2606690E-03  0.1000000E-03           1
|0101111000011010000100110> :  0.4374416E-05  0.1000000E-03           1
|1010000001110101111001000> :  0.2055370E-03  0.1000000E-03           1
|1010000001110100011110100> :  0.4773498E-09  0.1000000E-03           1
|0101111000011010000010111> :  0.6621290E-04  0.1000000E-03           1
|1001010101110101111001000> :  0.1466503E-04  0.1000000E-03           1
|0101111000011000000100111> :  0.9278378E-04  0.1000000E-03           1
|0100111010001010000110111> :  0.3601360E-03  0.1000000E-03           1
|1000010101110101111001000> :  0.2640193E-03  0.1000000E-03           1
|0111011000011100000100111> :  0.6345874E-08  0.1000000E-03           1
|0100111001011100000110110> :  0.7762726E-05  0.1000000E-03           1
|0100111000011010000110110> :  0.3530564E-04  0.1000000E-03           1
|0100110111001010000110111> :  0.5456558E-05  0.1000000E-03           1
|0111001010010011000100111> :  0.5237695E-04  0.1000000E-03           1
|0101111000001010000100111> :  0.5655716E-05  0.1000000E-03           1
|0110111010011010000110111> :  0.5079371E-05  0.1000000E-03           1
|1011001100011101010011000> :  0.1282885E-10  0.1000000E-03           1
|1011001001110101111001000> :  0.3967213E-04  0.1000000E-03           1
|0100111001011100000010110> :  0.3816064E-05  0.1000000E-03           1
|0110110010001010000110111> :  0.4690808E-05  0.1000000E-03           1
|0101101010001010000110111> :  0.9052215E-04  0.1000000E-03           1
|1011000101110101111001000> :  0.3601360E-03  0.1000000E-03           1
|0101111100001000000110111> :  0.1812701E-04  0.1000000E-03           1
|1011000010100100111110011> :  0.3231282E-10  0.1000000E-03           1
|0101111010011010000110111> :  0.2512339E-04  0.1000000E-03           1
|1010100111100101111011000> :  0.7926271E-04  0.1000000E-03           1
|1010010101110101111001000> :  0.9052215E-04  0.1000000E-03           1
|1010001011110101111001000> :  0.2962479E-04  0.1000000E-03           1
|0100111011001000000110111> :  0.1464913E-05  0.1000000E-03           1
|1011000101100101111001001> :  0.5981671E-04  0.1000000E-03           1
|1010000111110111111001000> :  0.1283065E-03  0.1000000E-03           1
|1010000111100111111101000> :  0.1391122E-03  0.1000000E-03           1
|0101111000011011000100111> :  0.1158528E-04  0.1000000E-03           1
|1010000111100111111001001> :  0.2673725E-04  0.1000000E-03           1
|0101111000011010100111111> :  0.8286408E-06  0.1000000E-03           1
|1010000111100101111001001> :  0.1073438E-04  0.1000000E-03           1
|0101111000011010010100111> :  0.5513923E-04  0.1000000E-03           1
|0100111010011010000110110> :  0.5981671E-04  0.1000000E-03           1
|0100111001011000000010110> :  0.1819923E-04  0.1000000E-03           1
|0011011000010110111110110> :  0.5589289E-10  0.1000000E-03           1
|1011101100100101111001000> :  0.7046094E-08  0.1000000E-03           1
|1111101111000110000100111> :  0.1359344E-09  0.1000000E-03           1
|0011001010110111010101001> :  0.6148484E-04  0.1000000E-03           1
