# state, exact probability, frequency, count:
#------------------------------------------------------------------
|1010000111100101111011000> :  0.4286764E+00  0.4285000E+00        4285
|0101111000011010000100111> :  0.4286764E+00  0.4273000E+00        4273
|0100111010011010000110111> :  0.3798285E-01  0.3970000E-01         397
|1011000101100101111001000> :  0.3798285E-01  0.3530000E-01         353
|1011000111100101111001000> :  0.1102171E-01  0.1260000E-01         126
|0100111000011010000110111> :  0.1102171E-01  0.1100000E-01         110
|0101111000011000000110111> :  0.4131165E-02  0.4500000E-02          45
|1010000111100111111001000> :  0.4131165E-02  0.3900000E-02          39
|1000110101101000111011000> :  0.2561890E-02  0.3000000E-02          30
|0111001010010111000100111> :  0.2561890E-02  0.2600000E-02          26
|0100111000011000000110111> :  0.9966844E-03  0.1500000E-02          15
|0111001010110011000100111> :  0.9552965E-03  0.1300000E-02          13
|1011000101100111111001000> :  0.6389799E-03  0.1300000E-02          13
|1010000011110101111001000> :  0.9448388E-03  0.1200000E-02          12
|1010000111110101111001000> :  0.1458349E-02  0.1200000E-02          12
|0101111000011010000110111> :  0.5828827E-03  0.1100000E-02          11
|1000110101001100111011000> :  0.9552965E-03  0.1000000E-02          10
|0100111001011000000110111> :  0.7217291E-03  0.9000000E-03           9
|0101111000001010000110111> :  0.1458349E-02  0.9000000E-03           9
|1010000101100101111011000> :  0.6651286E-03  0.8000000E-03           8
|1011000110100111111001000> :  0.7217291E-03  0.8000000E-03           8
|1011000111100111111001000> :  0.9966844E-03  0.8000000E-03           8
|0100111010011000000110111> :  0.6389799E-03  0.7000000E-03           7
|0101111100001010000110111> :  0.9448388E-03  0.7000000E-03           7
|0100111001011000000010111> :  0.4308146E-03  0.7000000E-03           7
|1010000111100101111001000> :  0.5828827E-03  0.6000000E-03           6
|0100111010011010000100111> :  0.4319278E-03  0.6000000E-03           6
|1011000101100101111011000> :  0.4319278E-03  0.5000000E-03           5
|0101111010011010000100111> :  0.6651286E-03  0.4000000E-03           4
|1010100101100101111011000> :  0.2256467E-03  0.3000000E-03           3
|0100111010001010000110111> :  0.1946260E-03  0.2000000E-03           2
|1010010101110101111001000> :  0.4339565E-04  0.2000000E-03           2
|0100111110001010000110111> :  0.7719829E-04  0.2000000E-03           2
|0110111010001010000110111> :  0.2395686E-03  0.2000000E-03           2
|0101111000011000000100111> :  0.2889210E-04  0.2000000E-03           2
|1011000110100111111101000> :  0.4308146E-03  0.2000000E-03           2
|0101011000011010000100111> :  0.2054069E-03  0.2000000E-03           2
|0100101000011010100111011> :  0.1161912E-04  0.1000000E-03           1
|0100011010010001001110001> :  0.2075286E-09  0.1000000E-03           1
|0010101100010101011111100> :  0.4363929E-08  0.1000000E-03           1
|0100011010001111000010111> :  0.2665088E-07  0.1000000E-03           1
|0100011000011001100110111> :  0.1184466E-07  0.1000000E-03           1
|0010101010111000011010010> :  0.1357575E-08  0.1000000E-03           1
|0001101100011011010000111> :  0.1062250E-07  0.1000000E-03           1
|0100010111101010001001111> :  0.4046615E-08  0.1000000E-03           1
|0100001011001000001110101> :  0.1151057E-07  0.1000000E-03           1
|0010010101100100111110100> :  0.6199703E-09  0.1000000E-03           1
|0101000100101110110001100> :  0.1237137E-09  0.1000000E-03           1
|0101000010111001010100111> :  0.2147923E-08  0.1000000E-03           1
|0011111000110010000110111> :  0.9457286E-08  0.1000000E-03           1
|0101001110000000000111011> :  0.1994839E-08  0.1000000E-03           1
|0101010010011001000110010> :  0.1316112E-08  0.1000000E-03           1
|1010000111110101111011000> :  0.1247288E-04  0.1000000E-03           1
|0101011000101010111010111> :  0.7563386E-09  0.1000000E-03           1
|0101011010011010000100111> :  0.2256467E-03  0.1000000E-03           1
|0101011100001011101110110> :  0.2772315E-08  0.1000000E-03           1
|0101100000001110100101110> :  0.1581098E-05  0.1000000E-03           1
|0101101000011001000111111> :  0.2674045E-05  0.1000000E-03           1
|0101101010001010000110111> :  0.4339565E-04  0.1000000E-03           1
|0101111000001000000110111> :  0.7407603E-04  0.1000000E-03           1
|0101111000001010000100111> :  0.1247288E-04  0.1000000E-03           1
|1011000101110100111000000> :  0.6368227E-06  0.1000000E-03           1
|1010000100100101101001000> :  0.9072457E-06  0.1000000E-03           1
|0100111010111110000000110> :  0.2327510E-05  0.1000000E-03           1
|0011101100110111010011000> :  0.1552119E-08  0.1000000E-03           1
|0010010100111010000110011> :  0.3907974E-08  0.1000000E-03           1
|0001101010001111000100111> :  0.9402397E-07  0.1000000E-03           1
|0000110101110101101110001> :  0.7978269E-09  0.1000000E-03           1
|1001000010111010010111011> :  0.4249409E-08  0.1000000E-03           1
|1000110101011010101100100> :  0.2488500E-08  0.1000000E-03           1
|0011100010101000111011010> :  0.8988849E-08  0.1000000E-03           1
|1000100110001000101101010> :  0.3826734E-09  0.1000000E-03           1
|1000011110110011111001000> :  0.3956749E-07  0.1000000E-03           1
|0011011100100011010101111> :  0.3874208E-08  0.1000000E-03           1
|0010001011000101111010101> :  0.4415407E-08  0.1000000E-03           1
|0100111001011010000110111> :  0.2013848E-04  0.1000000E-03           1
|0100111001011000100111011> :  0.7188082E-06  0.1000000E-03           1
|0011010110100011011001000> :  0.5384323E-08  0.1000000E-03           1
|1111111100100000000110111> :  0.2575885E-07  0.1000000E-03           1
|1111011010110111010000110> :  0.1571296E-09  0.1000000E-03           1
|1111010101011001000100001> :  0.4304475E-09  0.1000000E-03           1
|0111001000111001111101000> :  0.2294343E-08  0.1000000E-03           1
|0111101010001010000110111> :  0.7749572E-04  0.1000000E-03           1
|0111110001001101111010100> :  0.4202557E-08  0.1000000E-03           1
|0111111000011010000100111> :  0.1457616E-03  0.1000000E-03           1
|1000000111100101111011000> :  0.1457616E-03  0.1000000E-03           1
|1110100101100101111011000> :  0.1284111E-04  0.1000000E-03           1
|1000100101000110110101010> :  0.1023125E-08  0.1000000E-03           1
|0110111010101110000100111> :  0.9475484E-06  0.1000000E-03           1
|0011000111100111111011010> :  0.2271590E-05  0.1000000E-03           1
|0010001010100110000110111> :  0.1028061E-07  0.1000000E-03           1
|0001001110100010110110111> :  0.5603427E-08  0.1000000E-03           1
|1110000011100101111011010> :  0.4683272E-08  0.1000000E-03           1
|1001101000110101100100011> :  0.2789276E-08  0.1000000E-03           1
|1001110101101100001001110> :  0.3114174E-09  0.1000000E-03           1
|1001110111000111101001101> :  0.4360690E-10  0.1000000E-03           1
|0110101000010011010000111> :  0.1194318E-06  0.1000000E-03           1
|0100111001001010100001111> :  0.2623422E-06  0.1000000E-03           1
|0110001010100110000110110> :  0.2492437E-07  0.1000000E-03           1
|1010000111000111011001101> :  0.1566273E-05  0.1000000E-03           1
|0101111110111010000000101> :  0.4636943E-05  0.1000000E-03           1
|0100111000011010110100101> :  0.1270079E-06  0.1000000E-03           1
|0011000110011110100101101> :  0.4330261E-09  0.1000000E-03           1
|1010000111100111111011000> :  0.2889210E-04  0.1000000E-03           1
|1010000111110100101001000> :  0.3258328E-05  0.1000000E-03           1
|0101111110001010000110111> :  0.4264851E-05  0.1000000E-03           1
|1100110101101010010000010> :  0.2689272E-08  0.1000000E-03           1
|1010001111010100000111001> :  0.2974536E-08  0.1000000E-03           1
|1010001111100101111011000> :  0.2415997E-04  0.1000000E-03           1
|1010001111110101011110000> :  0.1667371E-06  0.1000000E-03           1
|1010010000110111110001110> :  0.1823470E-08  0.1000000E-03           1
|1100110101011111100100010> :  0.2212599E-08  0.1000000E-03           1
|1010100100000111010111001> :  0.6899702E-09  0.1000000E-03           1
|0101111100001010000010111> :  0.9165292E-04  0.1000000E-03           1
|1010100111100101111011000> :  0.2054069E-03  0.1000000E-03           1
|1010100111101010101111010> :  0.4031359E-08  0.1000000E-03           1
|1010101110000100100111001> :  0.4991918E-08  0.1000000E-03           1
|1010110101001001001111101> :  0.2944741E-08  0.1000000E-03           1
|1010110101010101100011011> :  0.1271396E-08  0.1000000E-03           1
|1011000001110101111001000> :  0.7719829E-04  0.1000000E-03           1
|1011000101000111011011100> :  0.8103125E-08  0.1000000E-03           1
|0101111010011010000101101> :  0.2488384E-05  0.1000000E-03           1
|0100111000011010000110110> :  0.1424949E-04  0.1000000E-03           1
|0011000000110110010111101> :  0.2917522E-08  0.1000000E-03           1
|0010000111100101111011000> :  0.8004645E-06  0.1000000E-03           1
|1011110110100010101101000> :  0.5155583E-08  0.1000000E-03           1
|0101111010011000000110111> :  0.1090142E-04  0.1000000E-03           1
|0100111000011010000100111> :  0.1806531E-03  0.1000000E-03           1
|0101111000100010000100111> :  0.9411384E-06  0.1000000E-03           1
|1011010110110101011000100> :  0.3216808E-06  0.1000000E-03           1
|1011010101000001111011000> :  0.2136545E-05  0.1000000E-03           1
|0010111111001100101010100> :  0.1950241E-09  0.1000000E-03           1
|1011001111100101011010001> :  0.6154722E-05  0.1000000E-03           1
|1011001011100001001100100> :  0.1011537E-07  0.1000000E-03           1
|1011001010100010011001111> :  0.5037721E-08  0.1000000E-03           1
|0100110110011010100011111> :  0.5892046E-06  0.1000000E-03           1
|1011010111100110101101000> :  0.7623682E-06  0.1000000E-03           1
|1011011110100001110100001> :  0.3567592E-08  0.1000000E-03           1
|1011100001000011111011000> :  0.1504728E-07  0.1000000E-03           1
|1011100110110001011100000> :  0.9594806E-07  0.1000000E-03           1
|1011000111100101111011000> :  0.1806531E-03  0.1000000E-03           1
|1011111101100000101010000> :  0.5371090E-09  0.1000000E-03           1
|1100001111000101111111001> :  0.7954476E-09  0.1000000E-03           1
|1100010111000000011110101> :  0.3031503E-08  0.1000000E-03           1
|1100100111110011101101000> :  0.7183205E-09  0.1000000E-03           1
|1100110000001010100100101> :  0.5316326E-07  0.1000000E-03           1
|1011000111000100111100001> :  0.1339421E-07  0.1000000E-03           1
|0101111000010110010100010> :  0.2182612E-09  0.1000000E-03           1
|1100110111110000011111000> :  0.3563558E-08  0.1000000E-03           1
|1101000001001111110110010> :  0.1624656E-08  0.1000000E-03           1
|1101000100011101010011000> :  0.3136470E-09  0.1000000E-03           1
|1101000111010001010011001> :  0.5125077E-08  0.1000000E-03           1
|1101001010010100001011010> :  0.7745377E-09  0.1000000E-03           1
|1101001010011000100110011> :  0.3274307E-09  0.1000000E-03           1
|1101011010010101101100000> :  0.2462467E-08  0.1000000E-03           1
|1101110001110010010000001> :  0.5252626E-09  0.1000000E-03           1
|0100101000111111000100110> :  0.3665793E-07  0.1000000E-03           1
|1110010110100010001011110> :  0.4173709E-08  0.1000000E-03           1
|0010101110100101111111001> :  0.2419821E-08  0.1000000E-03           1
|1110110000011000100100011> :  0.1817236E-07  0.1000000E-03           1
|1111000100101011100001000> :  0.1459281E-08  0.1000000E-03           1
|1111010000010111001101100> :  0.1647547E-08  0.1000000E-03           1
|0010000100110001111011000> :  0.3636911E-07  0.1000000E-03           1
|0000111100101110111000000> :  0.7321815E-09  0.1000000E-03           1
|0000011110001010000111111> :  0.7363826E-07  0.1000000E-03           1
|0000011010010110010110111> :  0.1333904E-06  0.1000000E-03           1
